2025-11-13 13:39:18 - 8_0.05_1 - INFO - 日志文件已创建: logs/caltech-101/fedpgp/8_0.05_1_20251113_133918.log
2025-11-13 13:39:18 - 8_0.05_1 - INFO - Loading trainer: DP_FPL
2025-11-13 13:39:18 - 8_0.05_1 - INFO - Loading dataset: Caltech101
2025-11-13 13:39:18 - 8_0.05_1 - INFO - Reading split from /home/liuxin25/dataset/caltech-101/split_zhou_Caltech101.json
2025-11-13 13:39:18 - 8_0.05_1 - INFO - Creating a baseline federated dataset
2025-11-13 13:39:18 - 8_0.05_1 - INFO - class_num 100
2025-11-13 13:39:18 - 8_0.05_1 - INFO - user class dict total [20, 79, 93, 54, 52, 65, 0, 1, 48, 74]
2025-11-13 13:39:18 - 8_0.05_1 - INFO - idx: 0, output_dict_len: 673
2025-11-13 13:39:18 - 8_0.05_1 - INFO - user class dict total [44, 82, 35, 69, 91, 42, 33, 14, 5, 62]
2025-11-13 13:39:18 - 8_0.05_1 - INFO - idx: 1, output_dict_len: 296
2025-11-13 13:39:18 - 8_0.05_1 - INFO - user class dict total [32, 55, 96, 10, 21, 31, 90, 27, 28, 76]
2025-11-13 13:39:18 - 8_0.05_1 - INFO - idx: 2, output_dict_len: 251
2025-11-13 13:39:18 - 8_0.05_1 - INFO - user class dict total [80, 71, 66, 58, 23, 70, 60, 72, 17, 18]
2025-11-13 13:39:18 - 8_0.05_1 - INFO - idx: 3, output_dict_len: 275
2025-11-13 13:39:18 - 8_0.05_1 - INFO - user class dict total [45, 34, 11, 56, 84, 13, 41, 30, 24, 85]
2025-11-13 13:39:18 - 8_0.05_1 - INFO - idx: 4, output_dict_len: 369
2025-11-13 13:39:18 - 8_0.05_1 - INFO - user class dict total [51, 75, 37, 6, 53, 94, 95, 39, 47, 98]
2025-11-13 13:39:18 - 8_0.05_1 - INFO - idx: 5, output_dict_len: 265
2025-11-13 13:39:18 - 8_0.05_1 - INFO - user class dict total [36, 7, 50, 3, 63, 59, 9, 77, 64, 92]
2025-11-13 13:39:18 - 8_0.05_1 - INFO - idx: 6, output_dict_len: 286
2025-11-13 13:39:18 - 8_0.05_1 - INFO - user class dict total [86, 97, 61, 19, 25, 4, 16, 8, 46, 26]
2025-11-13 13:39:18 - 8_0.05_1 - INFO - idx: 7, output_dict_len: 675
2025-11-13 13:39:18 - 8_0.05_1 - INFO - user class dict total [2, 88, 29, 22, 87, 67, 68, 38, 83, 15]
2025-11-13 13:39:18 - 8_0.05_1 - INFO - idx: 8, output_dict_len: 695
2025-11-13 13:39:18 - 8_0.05_1 - INFO - user class dict total [12, 81, 43, 73, 78, 40, 99, 57, 89, 49]
2025-11-13 13:39:18 - 8_0.05_1 - INFO - idx: 9, output_dict_len: 343
2025-11-13 13:39:18 - 8_0.05_1 - INFO - Creating a baseline federated dataset
2025-11-13 13:39:18 - 8_0.05_1 - INFO - class_num 100
2025-11-13 13:39:18 - 8_0.05_1 - INFO - user class dict total [20, 79, 93, 54, 52, 65, 0, 1, 48, 74]
2025-11-13 13:39:18 - 8_0.05_1 - INFO - idx: 0, output_dict_len: 399
2025-11-13 13:39:18 - 8_0.05_1 - INFO - user class dict total [44, 82, 35, 69, 91, 42, 33, 14, 5, 62]
2025-11-13 13:39:18 - 8_0.05_1 - INFO - idx: 1, output_dict_len: 176
2025-11-13 13:39:18 - 8_0.05_1 - INFO - user class dict total [32, 55, 96, 10, 21, 31, 90, 27, 28, 76]
2025-11-13 13:39:18 - 8_0.05_1 - INFO - idx: 2, output_dict_len: 154
2025-11-13 13:39:18 - 8_0.05_1 - INFO - user class dict total [80, 71, 66, 58, 23, 70, 60, 72, 17, 18]
2025-11-13 13:39:18 - 8_0.05_1 - INFO - idx: 3, output_dict_len: 162
2025-11-13 13:39:18 - 8_0.05_1 - INFO - user class dict total [45, 34, 11, 56, 84, 13, 41, 30, 24, 85]
2025-11-13 13:39:18 - 8_0.05_1 - INFO - idx: 4, output_dict_len: 221
2025-11-13 13:39:18 - 8_0.05_1 - INFO - user class dict total [51, 75, 37, 6, 53, 94, 95, 39, 47, 98]
2025-11-13 13:39:18 - 8_0.05_1 - INFO - idx: 5, output_dict_len: 157
2025-11-13 13:39:18 - 8_0.05_1 - INFO - user class dict total [36, 7, 50, 3, 63, 59, 9, 77, 64, 92]
2025-11-13 13:39:18 - 8_0.05_1 - INFO - idx: 6, output_dict_len: 171
2025-11-13 13:39:18 - 8_0.05_1 - INFO - user class dict total [86, 97, 61, 19, 25, 4, 16, 8, 46, 26]
2025-11-13 13:39:18 - 8_0.05_1 - INFO - idx: 7, output_dict_len: 404
2025-11-13 13:39:18 - 8_0.05_1 - INFO - user class dict total [2, 88, 29, 22, 87, 67, 68, 38, 83, 15]
2025-11-13 13:39:18 - 8_0.05_1 - INFO - idx: 8, output_dict_len: 415
2025-11-13 13:39:18 - 8_0.05_1 - INFO - user class dict total [12, 81, 43, 73, 78, 40, 99, 57, 89, 49]
2025-11-13 13:39:18 - 8_0.05_1 - INFO - idx: 9, output_dict_len: 206
2025-11-13 13:39:18 - 8_0.05_1 - INFO - Loading CLIP (backbone: ViT-B/16)
2025-11-13 13:39:20 - 8_0.05_1 - INFO - Building custom CLIP
2025-11-13 13:39:20 - 8_0.05_1 - INFO - Turning off gradients in both the image and the text encoder
2025-11-13 13:39:37 - 8_0.05_1 - INFO - [Epoch 1/30] 训练耗时: 17.13s | 平均训练准确率: 53.48
2025-11-13 13:39:53 - 8_0.05_1 - INFO - [Epoch 2/30] 训练耗时: 16.08s | 平均训练准确率: 63.35
2025-11-13 13:40:09 - 8_0.05_1 - INFO - [Epoch 3/30] 训练耗时: 16.16s | 平均训练准确率: 73.21
2025-11-13 13:40:25 - 8_0.05_1 - INFO - [Epoch 4/30] 训练耗时: 16.02s | 平均训练准确率: 76.25
2025-11-13 13:40:41 - 8_0.05_1 - INFO - [Epoch 5/30] 训练耗时: 15.98s | 平均训练准确率: 77.14
2025-11-13 13:40:57 - 8_0.05_1 - INFO - [Epoch 6/30] 训练耗时: 15.95s | 平均训练准确率: 78.79
2025-11-13 13:41:13 - 8_0.05_1 - INFO - [Epoch 7/30] 训练耗时: 15.95s | 平均训练准确率: 79.51
2025-11-13 13:41:29 - 8_0.05_1 - INFO - [Epoch 8/30] 训练耗时: 15.98s | 平均训练准确率: 79.60
2025-11-13 13:41:45 - 8_0.05_1 - INFO - [Epoch 9/30] 训练耗时: 16.00s | 平均训练准确率: 79.33
2025-11-13 13:42:01 - 8_0.05_1 - INFO - [Epoch 10/30] 训练耗时: 16.00s | 平均训练准确率: 81.61
2025-11-13 13:42:17 - 8_0.05_1 - INFO - [Epoch 11/30] 训练耗时: 16.01s | 平均训练准确率: 80.76
2025-11-13 13:42:33 - 8_0.05_1 - INFO - [Epoch 12/30] 训练耗时: 16.08s | 平均训练准确率: 80.36
2025-11-13 13:42:49 - 8_0.05_1 - INFO - [Epoch 13/30] 训练耗时: 15.99s | 平均训练准确率: 81.29
2025-11-13 13:43:05 - 8_0.05_1 - INFO - [Epoch 14/30] 训练耗时: 15.85s | 平均训练准确率: 80.80
2025-11-13 13:43:21 - 8_0.05_1 - INFO - [Epoch 15/30] 训练耗时: 16.07s | 平均训练准确率: 80.85
2025-11-13 13:43:37 - 8_0.05_1 - INFO - [Epoch 16/30] 训练耗时: 15.97s | 平均训练准确率: 80.94
2025-11-13 13:43:52 - 8_0.05_1 - INFO - [Epoch 17/30] 训练耗时: 15.23s | 平均训练准确率: 83.17
2025-11-13 13:44:08 - 8_0.05_1 - INFO - [Epoch 18/30] 训练耗时: 15.46s | 平均训练准确率: 83.26
2025-11-13 13:44:24 - 8_0.05_1 - INFO - [Epoch 19/30] 训练耗时: 15.77s | 平均训练准确率: 79.29
2025-11-13 13:44:38 - 8_0.05_1 - INFO - [Epoch 20/30] 训练耗时: 14.10s | 平均训练准确率: 82.14
2025-11-13 13:44:52 - 8_0.05_1 - INFO - [Epoch 21/30] 训练耗时: 13.99s | 平均训练准确率: 84.82
2025-11-13 13:45:06 - 8_0.05_1 - INFO - [Epoch 22/30] 训练耗时: 14.41s | 平均训练准确率: 82.32
2025-11-13 13:45:22 - 8_0.05_1 - INFO - [Epoch 23/30] 训练耗时: 15.92s | 平均训练准确率: 83.79
2025-11-13 13:45:38 - 8_0.05_1 - INFO - [Epoch 24/30] 训练耗时: 15.46s | 平均训练准确率: 83.88
2025-11-13 13:45:53 - 8_0.05_1 - INFO - [Epoch 25/30] 训练耗时: 15.08s | 平均训练准确率: 82.59
2025-11-13 13:46:08 - 8_0.05_1 - INFO - [Epoch 26/30] 训练耗时: 15.03s | 平均训练准确率: 82.14
2025-11-13 13:46:23 - 8_0.05_1 - INFO - [Epoch 27/30] 训练耗时: 15.04s | 平均训练准确率: 82.32
2025-11-13 13:46:38 - 8_0.05_1 - INFO - [Epoch 28/30] 训练耗时: 14.94s | 平均训练准确率: 79.91
2025-11-13 13:46:38 - 8_0.05_1 - INFO - ------------local test start-------------
2025-11-13 13:46:38 - 8_0.05_1 - INFO - Evaluate on the client0 local set
2025-11-13 13:46:40 - 8_0.05_1 - INFO - => result | total 399 | correct 304 | acc 76.19% | err 23.81% | macro_f1 85.33%
2025-11-13 13:46:40 - 8_0.05_1 - INFO - Evaluate on the client0 neighbor set
2025-11-13 13:46:50 - 8_0.05_1 - INFO - => result | total 2,066 | correct 1,935 | acc 93.66% | err 6.34% | macro_f1 90.51%
2025-11-13 13:46:50 - 8_0.05_1 - INFO - Evaluate on the client1 local set
2025-11-13 13:46:51 - 8_0.05_1 - INFO - => result | total 176 | correct 167 | acc 94.89% | err 5.11% | macro_f1 96.30%
2025-11-13 13:46:51 - 8_0.05_1 - INFO - Evaluate on the client1 neighbor set
2025-11-13 13:47:02 - 8_0.05_1 - INFO - => result | total 2,289 | correct 2,070 | acc 90.43% | err 9.57% | macro_f1 88.18%
2025-11-13 13:47:02 - 8_0.05_1 - INFO - Evaluate on the client2 local set
2025-11-13 13:47:03 - 8_0.05_1 - INFO - => result | total 154 | correct 115 | acc 74.68% | err 25.32% | macro_f1 80.17%
2025-11-13 13:47:03 - 8_0.05_1 - INFO - Evaluate on the client2 neighbor set
2025-11-13 13:47:14 - 8_0.05_1 - INFO - => result | total 2,311 | correct 2,122 | acc 91.82% | err 8.18% | macro_f1 89.74%
2025-11-13 13:47:14 - 8_0.05_1 - INFO - Evaluate on the client3 local set
2025-11-13 13:47:15 - 8_0.05_1 - INFO - => result | total 162 | correct 149 | acc 91.98% | err 8.02% | macro_f1 93.75%
2025-11-13 13:47:15 - 8_0.05_1 - INFO - Evaluate on the client3 neighbor set
2025-11-13 13:47:26 - 8_0.05_1 - INFO - => result | total 2,303 | correct 2,085 | acc 90.53% | err 9.47% | macro_f1 88.24%
2025-11-13 13:47:26 - 8_0.05_1 - INFO - Evaluate on the client4 local set
2025-11-13 13:47:28 - 8_0.05_1 - INFO - => result | total 221 | correct 199 | acc 90.05% | err 9.95% | macro_f1 89.14%
2025-11-13 13:47:28 - 8_0.05_1 - INFO - Evaluate on the client4 neighbor set
2025-11-13 13:47:39 - 8_0.05_1 - INFO - => result | total 2,244 | correct 2,032 | acc 90.55% | err 9.45% | macro_f1 88.48%
2025-11-13 13:47:39 - 8_0.05_1 - INFO - Evaluate on the client5 local set
2025-11-13 13:47:39 - 8_0.05_1 - INFO - => result | total 157 | correct 149 | acc 94.90% | err 5.10% | macro_f1 97.09%
2025-11-13 13:47:39 - 8_0.05_1 - INFO - Evaluate on the client5 neighbor set
2025-11-13 13:47:51 - 8_0.05_1 - INFO - => result | total 2,308 | correct 2,083 | acc 90.25% | err 9.75% | macro_f1 87.76%
2025-11-13 13:47:51 - 8_0.05_1 - INFO - Evaluate on the client6 local set
2025-11-13 13:47:52 - 8_0.05_1 - INFO - => result | total 171 | correct 156 | acc 91.23% | err 8.77% | macro_f1 95.01%
2025-11-13 13:47:52 - 8_0.05_1 - INFO - Evaluate on the client6 neighbor set
2025-11-13 13:48:03 - 8_0.05_1 - INFO - => result | total 2,294 | correct 2,076 | acc 90.50% | err 9.50% | macro_f1 88.21%
2025-11-13 13:48:03 - 8_0.05_1 - INFO - Evaluate on the client7 local set
2025-11-13 13:48:05 - 8_0.05_1 - INFO - => result | total 404 | correct 389 | acc 96.29% | err 3.71% | macro_f1 94.58%
2025-11-13 13:48:05 - 8_0.05_1 - INFO - Evaluate on the client7 neighbor set
2025-11-13 13:48:15 - 8_0.05_1 - INFO - => result | total 2,061 | correct 1,842 | acc 89.37% | err 10.63% | macro_f1 88.23%
2025-11-13 13:48:15 - 8_0.05_1 - INFO - Evaluate on the client8 local set
2025-11-13 13:48:17 - 8_0.05_1 - INFO - => result | total 415 | correct 407 | acc 98.07% | err 1.93% | macro_f1 96.81%
2025-11-13 13:48:17 - 8_0.05_1 - INFO - Evaluate on the client8 neighbor set
2025-11-13 13:48:27 - 8_0.05_1 - INFO - => result | total 2,050 | correct 1,821 | acc 88.83% | err 11.17% | macro_f1 86.97%
2025-11-13 13:48:27 - 8_0.05_1 - INFO - Evaluate on the client9 local set
2025-11-13 13:48:28 - 8_0.05_1 - INFO - => result | total 206 | correct 197 | acc 95.63% | err 4.37% | macro_f1 96.94%
2025-11-13 13:48:28 - 8_0.05_1 - INFO - Evaluate on the client9 neighbor set
2025-11-13 13:48:39 - 8_0.05_1 - INFO - => result | total 2,259 | correct 2,031 | acc 89.91% | err 10.09% | macro_f1 88.12%
2025-11-13 13:48:39 - 8_0.05_1 - INFO - Global test local acc: 90.39
2025-11-13 13:48:39 - 8_0.05_1 - INFO - Global test neighbor acc: 90.59
2025-11-13 13:48:39 - 8_0.05_1 - INFO - ------------local test finish-------------
2025-11-13 13:48:39 - 8_0.05_1 - INFO - [Epoch 28/30] 测试耗时: 121.00s
2025-11-13 13:48:54 - 8_0.05_1 - INFO - [Epoch 29/30] 训练耗时: 14.94s | 平均训练准确率: 81.21
2025-11-13 13:48:54 - 8_0.05_1 - INFO - ------------local test start-------------
2025-11-13 13:48:54 - 8_0.05_1 - INFO - Evaluate on the client0 local set
2025-11-13 13:48:56 - 8_0.05_1 - INFO - => result | total 399 | correct 298 | acc 74.69% | err 25.31% | macro_f1 85.25%
2025-11-13 13:48:56 - 8_0.05_1 - INFO - Evaluate on the client0 neighbor set
2025-11-13 13:49:05 - 8_0.05_1 - INFO - => result | total 2,066 | correct 1,937 | acc 93.76% | err 6.24% | macro_f1 90.97%
2025-11-13 13:49:05 - 8_0.05_1 - INFO - Evaluate on the client1 local set
2025-11-13 13:49:06 - 8_0.05_1 - INFO - => result | total 176 | correct 166 | acc 94.32% | err 5.68% | macro_f1 96.24%
2025-11-13 13:49:06 - 8_0.05_1 - INFO - Evaluate on the client1 neighbor set
2025-11-13 13:49:17 - 8_0.05_1 - INFO - => result | total 2,289 | correct 2,068 | acc 90.35% | err 9.65% | macro_f1 88.56%
2025-11-13 13:49:17 - 8_0.05_1 - INFO - Evaluate on the client2 local set
2025-11-13 13:49:18 - 8_0.05_1 - INFO - => result | total 154 | correct 121 | acc 78.57% | err 21.43% | macro_f1 84.20%
2025-11-13 13:49:18 - 8_0.05_1 - INFO - Evaluate on the client2 neighbor set
2025-11-13 13:49:29 - 8_0.05_1 - INFO - => result | total 2,311 | correct 2,112 | acc 91.39% | err 8.61% | macro_f1 89.23%
2025-11-13 13:49:29 - 8_0.05_1 - INFO - Evaluate on the client3 local set
2025-11-13 13:49:30 - 8_0.05_1 - INFO - => result | total 162 | correct 151 | acc 93.21% | err 6.79% | macro_f1 94.54%
2025-11-13 13:49:30 - 8_0.05_1 - INFO - Evaluate on the client3 neighbor set
2025-11-13 13:49:41 - 8_0.05_1 - INFO - => result | total 2,303 | correct 2,081 | acc 90.36% | err 9.64% | macro_f1 88.48%
2025-11-13 13:49:41 - 8_0.05_1 - INFO - Evaluate on the client4 local set
2025-11-13 13:49:42 - 8_0.05_1 - INFO - => result | total 221 | correct 201 | acc 90.95% | err 9.05% | macro_f1 90.42%
2025-11-13 13:49:42 - 8_0.05_1 - INFO - Evaluate on the client4 neighbor set
2025-11-13 13:49:53 - 8_0.05_1 - INFO - => result | total 2,244 | correct 2,032 | acc 90.55% | err 9.45% | macro_f1 88.74%
2025-11-13 13:49:53 - 8_0.05_1 - INFO - Evaluate on the client5 local set
2025-11-13 13:49:53 - 8_0.05_1 - INFO - => result | total 157 | correct 150 | acc 95.54% | err 4.46% | macro_f1 96.89%
2025-11-13 13:49:53 - 8_0.05_1 - INFO - Evaluate on the client5 neighbor set
2025-11-13 13:50:05 - 8_0.05_1 - INFO - => result | total 2,308 | correct 2,083 | acc 90.25% | err 9.75% | macro_f1 87.99%
2025-11-13 13:50:05 - 8_0.05_1 - INFO - Evaluate on the client6 local set
2025-11-13 13:50:05 - 8_0.05_1 - INFO - => result | total 171 | correct 157 | acc 91.81% | err 8.19% | macro_f1 95.41%
2025-11-13 13:50:05 - 8_0.05_1 - INFO - Evaluate on the client6 neighbor set
2025-11-13 13:50:16 - 8_0.05_1 - INFO - => result | total 2,294 | correct 2,075 | acc 90.45% | err 9.55% | macro_f1 88.56%
2025-11-13 13:50:16 - 8_0.05_1 - INFO - Evaluate on the client7 local set
2025-11-13 13:50:18 - 8_0.05_1 - INFO - => result | total 404 | correct 387 | acc 95.79% | err 4.21% | macro_f1 93.61%
2025-11-13 13:50:18 - 8_0.05_1 - INFO - Evaluate on the client7 neighbor set
2025-11-13 13:50:28 - 8_0.05_1 - INFO - => result | total 2,061 | correct 1,844 | acc 89.47% | err 10.53% | macro_f1 88.81%
2025-11-13 13:50:28 - 8_0.05_1 - INFO - Evaluate on the client8 local set
2025-11-13 13:50:30 - 8_0.05_1 - INFO - => result | total 415 | correct 407 | acc 98.07% | err 1.93% | macro_f1 97.15%
2025-11-13 13:50:30 - 8_0.05_1 - INFO - Evaluate on the client8 neighbor set
2025-11-13 13:50:40 - 8_0.05_1 - INFO - => result | total 2,050 | correct 1,824 | acc 88.98% | err 11.02% | macro_f1 87.33%
2025-11-13 13:50:40 - 8_0.05_1 - INFO - Evaluate on the client9 local set
2025-11-13 13:50:41 - 8_0.05_1 - INFO - => result | total 206 | correct 195 | acc 94.66% | err 5.34% | macro_f1 96.33%
2025-11-13 13:50:41 - 8_0.05_1 - INFO - Evaluate on the client9 neighbor set
2025-11-13 13:50:52 - 8_0.05_1 - INFO - => result | total 2,259 | correct 2,035 | acc 90.08% | err 9.92% | macro_f1 88.49%
2025-11-13 13:50:52 - 8_0.05_1 - INFO - Global test local acc: 90.76
2025-11-13 13:50:52 - 8_0.05_1 - INFO - Global test neighbor acc: 90.56
2025-11-13 13:50:52 - 8_0.05_1 - INFO - ------------local test finish-------------
2025-11-13 13:50:52 - 8_0.05_1 - INFO - [Epoch 29/30] 测试耗时: 117.87s
2025-11-13 13:51:06 - 8_0.05_1 - INFO - [Epoch 30/30] 训练耗时: 14.18s | 平均训练准确率: 81.56
2025-11-13 13:51:06 - 8_0.05_1 - INFO - ------------local test start-------------
2025-11-13 13:51:06 - 8_0.05_1 - INFO - Evaluate on the client0 local set
2025-11-13 13:51:08 - 8_0.05_1 - INFO - => result | total 399 | correct 324 | acc 81.20% | err 18.80% | macro_f1 87.25%
2025-11-13 13:51:08 - 8_0.05_1 - INFO - Evaluate on the client0 neighbor set
2025-11-13 13:51:17 - 8_0.05_1 - INFO - => result | total 2,066 | correct 1,935 | acc 93.66% | err 6.34% | macro_f1 90.53%
2025-11-13 13:51:17 - 8_0.05_1 - INFO - Evaluate on the client1 local set
2025-11-13 13:51:18 - 8_0.05_1 - INFO - => result | total 176 | correct 167 | acc 94.89% | err 5.11% | macro_f1 96.56%
2025-11-13 13:51:18 - 8_0.05_1 - INFO - Evaluate on the client1 neighbor set
2025-11-13 13:51:29 - 8_0.05_1 - INFO - => result | total 2,289 | correct 2,094 | acc 91.48% | err 8.52% | macro_f1 88.73%
2025-11-13 13:51:29 - 8_0.05_1 - INFO - Evaluate on the client2 local set
2025-11-13 13:51:30 - 8_0.05_1 - INFO - => result | total 154 | correct 121 | acc 78.57% | err 21.43% | macro_f1 83.67%
2025-11-13 13:51:30 - 8_0.05_1 - INFO - Evaluate on the client2 neighbor set
2025-11-13 13:51:41 - 8_0.05_1 - INFO - => result | total 2,311 | correct 2,141 | acc 92.64% | err 7.36% | macro_f1 90.18%
2025-11-13 13:51:41 - 8_0.05_1 - INFO - Evaluate on the client3 local set
2025-11-13 13:51:42 - 8_0.05_1 - INFO - => result | total 162 | correct 148 | acc 91.36% | err 8.64% | macro_f1 92.70%
2025-11-13 13:51:42 - 8_0.05_1 - INFO - Evaluate on the client3 neighbor set
2025-11-13 13:51:53 - 8_0.05_1 - INFO - => result | total 2,303 | correct 2,115 | acc 91.84% | err 8.16% | macro_f1 89.32%
2025-11-13 13:51:53 - 8_0.05_1 - INFO - Evaluate on the client4 local set
2025-11-13 13:51:54 - 8_0.05_1 - INFO - => result | total 221 | correct 196 | acc 88.69% | err 11.31% | macro_f1 87.42%
2025-11-13 13:51:54 - 8_0.05_1 - INFO - Evaluate on the client4 neighbor set
2025-11-13 13:52:05 - 8_0.05_1 - INFO - => result | total 2,244 | correct 2,067 | acc 92.11% | err 7.89% | macro_f1 89.88%
2025-11-13 13:52:05 - 8_0.05_1 - INFO - Evaluate on the client5 local set
2025-11-13 13:52:06 - 8_0.05_1 - INFO - => result | total 157 | correct 153 | acc 97.45% | err 2.55% | macro_f1 98.80%
2025-11-13 13:52:06 - 8_0.05_1 - INFO - Evaluate on the client5 neighbor set
2025-11-13 13:52:17 - 8_0.05_1 - INFO - => result | total 2,308 | correct 2,113 | acc 91.55% | err 8.45% | macro_f1 88.41%
2025-11-13 13:52:17 - 8_0.05_1 - INFO - Evaluate on the client6 local set
2025-11-13 13:52:17 - 8_0.05_1 - INFO - => result | total 171 | correct 154 | acc 90.06% | err 9.94% | macro_f1 94.19%
2025-11-13 13:52:17 - 8_0.05_1 - INFO - Evaluate on the client6 neighbor set
2025-11-13 13:52:28 - 8_0.05_1 - INFO - => result | total 2,294 | correct 2,113 | acc 92.11% | err 7.89% | macro_f1 89.15%
2025-11-13 13:52:28 - 8_0.05_1 - INFO - Evaluate on the client7 local set
2025-11-13 13:52:30 - 8_0.05_1 - INFO - => result | total 404 | correct 390 | acc 96.53% | err 3.47% | macro_f1 94.34%
2025-11-13 13:52:30 - 8_0.05_1 - INFO - Evaluate on the client7 neighbor set
2025-11-13 13:52:40 - 8_0.05_1 - INFO - => result | total 2,061 | correct 1,876 | acc 91.02% | err 8.98% | macro_f1 89.12%
2025-11-13 13:52:40 - 8_0.05_1 - INFO - Evaluate on the client8 local set
2025-11-13 13:52:42 - 8_0.05_1 - INFO - => result | total 415 | correct 407 | acc 98.07% | err 1.93% | macro_f1 97.22%
2025-11-13 13:52:42 - 8_0.05_1 - INFO - Evaluate on the client8 neighbor set
2025-11-13 13:52:52 - 8_0.05_1 - INFO - => result | total 2,050 | correct 1,860 | acc 90.73% | err 9.27% | macro_f1 88.24%
2025-11-13 13:52:52 - 8_0.05_1 - INFO - Evaluate on the client9 local set
2025-11-13 13:52:53 - 8_0.05_1 - INFO - => result | total 206 | correct 196 | acc 95.15% | err 4.85% | macro_f1 96.73%
2025-11-13 13:52:53 - 8_0.05_1 - INFO - Evaluate on the client9 neighbor set
2025-11-13 13:53:04 - 8_0.05_1 - INFO - => result | total 2,259 | correct 2,071 | acc 91.68% | err 8.32% | macro_f1 89.18%
2025-11-13 13:53:04 - 8_0.05_1 - INFO - Global test local acc: 91.20
2025-11-13 13:53:04 - 8_0.05_1 - INFO - Global test neighbor acc: 91.88
2025-11-13 13:53:04 - 8_0.05_1 - INFO - ------------local test finish-------------
2025-11-13 13:53:04 - 8_0.05_1 - INFO - [Epoch 30/30] 测试耗时: 118.25s
2025-11-13 13:53:04 - 8_0.05_1 - INFO - maximum test local acc: 91.197
2025-11-13 13:53:04 - 8_0.05_1 - INFO - mean of local acc: 90.783
2025-11-13 13:53:04 - 8_0.05_1 - INFO - maximum test neighbor acc: 91.883
2025-11-13 13:53:04 - 8_0.05_1 - INFO - mean of neighbor acc: 91.011
