2025-11-12 18:11:24 - 8_0.4_1 - INFO - 日志文件已创建: logs/caltech-101/fedpgp/8_0.4_1_20251112_181124.log
2025-11-12 18:11:24 - 8_0.4_1 - INFO - Loading trainer: DP_FPL
2025-11-12 18:11:24 - 8_0.4_1 - INFO - Loading dataset: Caltech101
2025-11-12 18:11:24 - 8_0.4_1 - INFO - Reading split from /home/liuxin25/dataset/caltech-101/split_zhou_Caltech101.json
2025-11-12 18:11:24 - 8_0.4_1 - INFO - Creating a baseline federated dataset
2025-11-12 18:11:24 - 8_0.4_1 - INFO - class_num 100
2025-11-12 18:11:24 - 8_0.4_1 - INFO - user class dict total [20, 79, 93, 54, 52, 65, 0, 1, 48, 74]
2025-11-12 18:11:24 - 8_0.4_1 - INFO - idx: 0, output_dict_len: 673
2025-11-12 18:11:24 - 8_0.4_1 - INFO - user class dict total [44, 82, 35, 69, 91, 42, 33, 14, 5, 62]
2025-11-12 18:11:24 - 8_0.4_1 - INFO - idx: 1, output_dict_len: 296
2025-11-12 18:11:24 - 8_0.4_1 - INFO - user class dict total [32, 55, 96, 10, 21, 31, 90, 27, 28, 76]
2025-11-12 18:11:24 - 8_0.4_1 - INFO - idx: 2, output_dict_len: 251
2025-11-12 18:11:24 - 8_0.4_1 - INFO - user class dict total [80, 71, 66, 58, 23, 70, 60, 72, 17, 18]
2025-11-12 18:11:24 - 8_0.4_1 - INFO - idx: 3, output_dict_len: 275
2025-11-12 18:11:24 - 8_0.4_1 - INFO - user class dict total [45, 34, 11, 56, 84, 13, 41, 30, 24, 85]
2025-11-12 18:11:24 - 8_0.4_1 - INFO - idx: 4, output_dict_len: 369
2025-11-12 18:11:24 - 8_0.4_1 - INFO - user class dict total [51, 75, 37, 6, 53, 94, 95, 39, 47, 98]
2025-11-12 18:11:24 - 8_0.4_1 - INFO - idx: 5, output_dict_len: 265
2025-11-12 18:11:24 - 8_0.4_1 - INFO - user class dict total [36, 7, 50, 3, 63, 59, 9, 77, 64, 92]
2025-11-12 18:11:24 - 8_0.4_1 - INFO - idx: 6, output_dict_len: 286
2025-11-12 18:11:24 - 8_0.4_1 - INFO - user class dict total [86, 97, 61, 19, 25, 4, 16, 8, 46, 26]
2025-11-12 18:11:24 - 8_0.4_1 - INFO - idx: 7, output_dict_len: 675
2025-11-12 18:11:24 - 8_0.4_1 - INFO - user class dict total [2, 88, 29, 22, 87, 67, 68, 38, 83, 15]
2025-11-12 18:11:24 - 8_0.4_1 - INFO - idx: 8, output_dict_len: 695
2025-11-12 18:11:24 - 8_0.4_1 - INFO - user class dict total [12, 81, 43, 73, 78, 40, 99, 57, 89, 49]
2025-11-12 18:11:24 - 8_0.4_1 - INFO - idx: 9, output_dict_len: 343
2025-11-12 18:11:24 - 8_0.4_1 - INFO - Creating a baseline federated dataset
2025-11-12 18:11:24 - 8_0.4_1 - INFO - class_num 100
2025-11-12 18:11:24 - 8_0.4_1 - INFO - user class dict total [20, 79, 93, 54, 52, 65, 0, 1, 48, 74]
2025-11-12 18:11:24 - 8_0.4_1 - INFO - idx: 0, output_dict_len: 399
2025-11-12 18:11:24 - 8_0.4_1 - INFO - user class dict total [44, 82, 35, 69, 91, 42, 33, 14, 5, 62]
2025-11-12 18:11:24 - 8_0.4_1 - INFO - idx: 1, output_dict_len: 176
2025-11-12 18:11:24 - 8_0.4_1 - INFO - user class dict total [32, 55, 96, 10, 21, 31, 90, 27, 28, 76]
2025-11-12 18:11:24 - 8_0.4_1 - INFO - idx: 2, output_dict_len: 154
2025-11-12 18:11:24 - 8_0.4_1 - INFO - user class dict total [80, 71, 66, 58, 23, 70, 60, 72, 17, 18]
2025-11-12 18:11:24 - 8_0.4_1 - INFO - idx: 3, output_dict_len: 162
2025-11-12 18:11:24 - 8_0.4_1 - INFO - user class dict total [45, 34, 11, 56, 84, 13, 41, 30, 24, 85]
2025-11-12 18:11:24 - 8_0.4_1 - INFO - idx: 4, output_dict_len: 221
2025-11-12 18:11:24 - 8_0.4_1 - INFO - user class dict total [51, 75, 37, 6, 53, 94, 95, 39, 47, 98]
2025-11-12 18:11:24 - 8_0.4_1 - INFO - idx: 5, output_dict_len: 157
2025-11-12 18:11:24 - 8_0.4_1 - INFO - user class dict total [36, 7, 50, 3, 63, 59, 9, 77, 64, 92]
2025-11-12 18:11:24 - 8_0.4_1 - INFO - idx: 6, output_dict_len: 171
2025-11-12 18:11:24 - 8_0.4_1 - INFO - user class dict total [86, 97, 61, 19, 25, 4, 16, 8, 46, 26]
2025-11-12 18:11:24 - 8_0.4_1 - INFO - idx: 7, output_dict_len: 404
2025-11-12 18:11:24 - 8_0.4_1 - INFO - user class dict total [2, 88, 29, 22, 87, 67, 68, 38, 83, 15]
2025-11-12 18:11:24 - 8_0.4_1 - INFO - idx: 8, output_dict_len: 415
2025-11-12 18:11:24 - 8_0.4_1 - INFO - user class dict total [12, 81, 43, 73, 78, 40, 99, 57, 89, 49]
2025-11-12 18:11:24 - 8_0.4_1 - INFO - idx: 9, output_dict_len: 206
2025-11-12 18:11:24 - 8_0.4_1 - INFO - Loading CLIP (backbone: ViT-B/16)
2025-11-12 18:11:27 - 8_0.4_1 - INFO - Building custom CLIP
2025-11-12 18:11:27 - 8_0.4_1 - INFO - Turning off gradients in both the image and the text encoder
2025-11-12 18:11:45 - 8_0.4_1 - INFO - [Epoch 1/30] 训练耗时: 17.55s | 平均训练准确率: 53.48
2025-11-12 18:12:01 - 8_0.4_1 - INFO - [Epoch 2/30] 训练耗时: 15.49s | 平均训练准确率: 63.57
2025-11-12 18:12:17 - 8_0.4_1 - INFO - [Epoch 3/30] 训练耗时: 15.70s | 平均训练准确率: 74.11
2025-11-12 18:12:32 - 8_0.4_1 - INFO - [Epoch 4/30] 训练耗时: 15.39s | 平均训练准确率: 78.39
2025-11-12 18:12:47 - 8_0.4_1 - INFO - [Epoch 5/30] 训练耗时: 15.31s | 平均训练准确率: 79.42
2025-11-12 18:13:03 - 8_0.4_1 - INFO - [Epoch 6/30] 训练耗时: 16.09s | 平均训练准确率: 80.04
2025-11-12 18:13:19 - 8_0.4_1 - INFO - [Epoch 7/30] 训练耗时: 15.57s | 平均训练准确率: 80.76
2025-11-12 18:13:35 - 8_0.4_1 - INFO - [Epoch 8/30] 训练耗时: 15.75s | 平均训练准确率: 82.54
2025-11-12 18:13:51 - 8_0.4_1 - INFO - [Epoch 9/30] 训练耗时: 15.78s | 平均训练准确率: 82.32
2025-11-12 18:14:06 - 8_0.4_1 - INFO - [Epoch 10/30] 训练耗时: 15.21s | 平均训练准确率: 82.37
2025-11-12 18:14:21 - 8_0.4_1 - INFO - [Epoch 11/30] 训练耗时: 15.71s | 平均训练准确率: 83.17
2025-11-12 18:14:37 - 8_0.4_1 - INFO - [Epoch 12/30] 训练耗时: 15.51s | 平均训练准确率: 83.84
2025-11-12 18:14:52 - 8_0.4_1 - INFO - [Epoch 13/30] 训练耗时: 15.49s | 平均训练准确率: 82.95
2025-11-12 18:15:08 - 8_0.4_1 - INFO - [Epoch 14/30] 训练耗时: 16.04s | 平均训练准确率: 83.35
2025-11-12 18:15:24 - 8_0.4_1 - INFO - [Epoch 15/30] 训练耗时: 15.59s | 平均训练准确率: 85.31
2025-11-12 18:15:40 - 8_0.4_1 - INFO - [Epoch 16/30] 训练耗时: 16.02s | 平均训练准确率: 85.18
2025-11-12 18:15:56 - 8_0.4_1 - INFO - [Epoch 17/30] 训练耗时: 15.73s | 平均训练准确率: 86.03
2025-11-12 18:16:12 - 8_0.4_1 - INFO - [Epoch 18/30] 训练耗时: 15.87s | 平均训练准确率: 85.85
2025-11-12 18:16:27 - 8_0.4_1 - INFO - [Epoch 19/30] 训练耗时: 15.22s | 平均训练准确率: 84.87
2025-11-12 18:16:43 - 8_0.4_1 - INFO - [Epoch 20/30] 训练耗时: 16.39s | 平均训练准确率: 85.67
2025-11-12 18:16:59 - 8_0.4_1 - INFO - [Epoch 21/30] 训练耗时: 15.99s | 平均训练准确率: 86.38
2025-11-12 18:17:15 - 8_0.4_1 - INFO - [Epoch 22/30] 训练耗时: 15.97s | 平均训练准确率: 85.31
2025-11-12 18:17:31 - 8_0.4_1 - INFO - [Epoch 23/30] 训练耗时: 15.54s | 平均训练准确率: 85.49
2025-11-12 18:17:46 - 8_0.4_1 - INFO - [Epoch 24/30] 训练耗时: 15.69s | 平均训练准确率: 86.12
2025-11-12 18:18:02 - 8_0.4_1 - INFO - [Epoch 25/30] 训练耗时: 15.89s | 平均训练准确率: 85.09
2025-11-12 18:18:18 - 8_0.4_1 - INFO - [Epoch 26/30] 训练耗时: 15.62s | 平均训练准确率: 84.73
2025-11-12 18:18:34 - 8_0.4_1 - INFO - [Epoch 27/30] 训练耗时: 15.71s | 平均训练准确率: 85.85
2025-11-12 18:18:53 - 8_0.4_1 - INFO - [Epoch 28/30] 训练耗时: 19.24s | 平均训练准确率: 85.36
2025-11-12 18:18:53 - 8_0.4_1 - INFO - ------------local test start-------------
2025-11-12 18:18:53 - 8_0.4_1 - INFO - Evaluate on the client0 local set
2025-11-12 18:18:56 - 8_0.4_1 - INFO - => result | total 399 | correct 359 | acc 89.97% | err 10.03% | macro_f1 88.66%
2025-11-12 18:18:56 - 8_0.4_1 - INFO - Evaluate on the client0 neighbor set
2025-11-12 18:19:11 - 8_0.4_1 - INFO - => result | total 2,066 | correct 1,942 | acc 94.00% | err 6.00% | macro_f1 91.19%
2025-11-12 18:19:11 - 8_0.4_1 - INFO - Evaluate on the client1 local set
2025-11-12 18:19:12 - 8_0.4_1 - INFO - => result | total 176 | correct 169 | acc 96.02% | err 3.98% | macro_f1 97.22%
2025-11-12 18:19:12 - 8_0.4_1 - INFO - Evaluate on the client1 neighbor set
2025-11-12 18:19:28 - 8_0.4_1 - INFO - => result | total 2,289 | correct 2,131 | acc 93.10% | err 6.90% | macro_f1 89.85%
2025-11-12 18:19:28 - 8_0.4_1 - INFO - Evaluate on the client2 local set
2025-11-12 18:19:29 - 8_0.4_1 - INFO - => result | total 154 | correct 124 | acc 80.52% | err 19.48% | macro_f1 85.15%
2025-11-12 18:19:29 - 8_0.4_1 - INFO - Evaluate on the client2 neighbor set
2025-11-12 18:19:46 - 8_0.4_1 - INFO - => result | total 2,311 | correct 2,177 | acc 94.20% | err 5.80% | macro_f1 91.35%
2025-11-12 18:19:46 - 8_0.4_1 - INFO - Evaluate on the client3 local set
2025-11-12 18:19:47 - 8_0.4_1 - INFO - => result | total 162 | correct 153 | acc 94.44% | err 5.56% | macro_f1 95.25%
2025-11-12 18:19:47 - 8_0.4_1 - INFO - Evaluate on the client3 neighbor set
2025-11-12 18:20:06 - 8_0.4_1 - INFO - => result | total 2,303 | correct 2,146 | acc 93.18% | err 6.82% | macro_f1 90.65%
2025-11-12 18:20:06 - 8_0.4_1 - INFO - Evaluate on the client4 local set
2025-11-12 18:20:08 - 8_0.4_1 - INFO - => result | total 221 | correct 201 | acc 90.95% | err 9.05% | macro_f1 88.93%
2025-11-12 18:20:08 - 8_0.4_1 - INFO - Evaluate on the client4 neighbor set
2025-11-12 18:20:25 - 8_0.4_1 - INFO - => result | total 2,244 | correct 2,098 | acc 93.49% | err 6.51% | macro_f1 90.84%
2025-11-12 18:20:25 - 8_0.4_1 - INFO - Evaluate on the client5 local set
2025-11-12 18:20:27 - 8_0.4_1 - INFO - => result | total 157 | correct 147 | acc 93.63% | err 6.37% | macro_f1 95.98%
2025-11-12 18:20:27 - 8_0.4_1 - INFO - Evaluate on the client5 neighbor set
2025-11-12 18:20:45 - 8_0.4_1 - INFO - => result | total 2,308 | correct 2,152 | acc 93.24% | err 6.76% | macro_f1 90.26%
2025-11-12 18:20:45 - 8_0.4_1 - INFO - Evaluate on the client6 local set
2025-11-12 18:20:46 - 8_0.4_1 - INFO - => result | total 171 | correct 156 | acc 91.23% | err 8.77% | macro_f1 95.32%
2025-11-12 18:20:46 - 8_0.4_1 - INFO - Evaluate on the client6 neighbor set
2025-11-12 18:21:03 - 8_0.4_1 - INFO - => result | total 2,294 | correct 2,141 | acc 93.33% | err 6.67% | macro_f1 90.12%
2025-11-12 18:21:03 - 8_0.4_1 - INFO - Evaluate on the client7 local set
2025-11-12 18:21:05 - 8_0.4_1 - INFO - => result | total 404 | correct 385 | acc 95.30% | err 4.70% | macro_f1 92.54%
2025-11-12 18:21:05 - 8_0.4_1 - INFO - Evaluate on the client7 neighbor set
2025-11-12 18:21:20 - 8_0.4_1 - INFO - => result | total 2,061 | correct 1,912 | acc 92.77% | err 7.23% | macro_f1 90.57%
2025-11-12 18:21:20 - 8_0.4_1 - INFO - Evaluate on the client8 local set
2025-11-12 18:21:22 - 8_0.4_1 - INFO - => result | total 415 | correct 402 | acc 96.87% | err 3.13% | macro_f1 95.45%
2025-11-12 18:21:22 - 8_0.4_1 - INFO - Evaluate on the client8 neighbor set
2025-11-12 18:21:38 - 8_0.4_1 - INFO - => result | total 2,050 | correct 1,895 | acc 92.44% | err 7.56% | macro_f1 89.72%
2025-11-12 18:21:38 - 8_0.4_1 - INFO - Evaluate on the client9 local set
2025-11-12 18:21:40 - 8_0.4_1 - INFO - => result | total 206 | correct 201 | acc 97.57% | err 2.43% | macro_f1 98.21%
2025-11-12 18:21:40 - 8_0.4_1 - INFO - Evaluate on the client9 neighbor set
2025-11-12 18:21:54 - 8_0.4_1 - INFO - => result | total 2,259 | correct 2,096 | acc 92.78% | err 7.22% | macro_f1 90.26%
2025-11-12 18:21:54 - 8_0.4_1 - INFO - Global test local acc: 92.65
2025-11-12 18:21:54 - 8_0.4_1 - INFO - Global test neighbor acc: 93.25
2025-11-12 18:21:54 - 8_0.4_1 - INFO - ------------local test finish-------------
2025-11-12 18:21:54 - 8_0.4_1 - INFO - [Epoch 28/30] 测试耗时: 180.98s
2025-11-12 18:22:16 - 8_0.4_1 - INFO - [Epoch 29/30] 训练耗时: 22.54s | 平均训练准确率: 85.09
2025-11-12 18:22:16 - 8_0.4_1 - INFO - ------------local test start-------------
2025-11-12 18:22:16 - 8_0.4_1 - INFO - Evaluate on the client0 local set
2025-11-12 18:22:20 - 8_0.4_1 - INFO - => result | total 399 | correct 358 | acc 89.72% | err 10.28% | macro_f1 88.45%
2025-11-12 18:22:20 - 8_0.4_1 - INFO - Evaluate on the client0 neighbor set
2025-11-12 18:22:36 - 8_0.4_1 - INFO - => result | total 2,066 | correct 1,939 | acc 93.85% | err 6.15% | macro_f1 91.06%
2025-11-12 18:22:36 - 8_0.4_1 - INFO - Evaluate on the client1 local set
2025-11-12 18:22:37 - 8_0.4_1 - INFO - => result | total 176 | correct 170 | acc 96.59% | err 3.41% | macro_f1 97.97%
2025-11-12 18:22:37 - 8_0.4_1 - INFO - Evaluate on the client1 neighbor set
2025-11-12 18:22:54 - 8_0.4_1 - INFO - => result | total 2,289 | correct 2,128 | acc 92.97% | err 7.03% | macro_f1 89.77%
2025-11-12 18:22:54 - 8_0.4_1 - INFO - Evaluate on the client2 local set
2025-11-12 18:22:56 - 8_0.4_1 - INFO - => result | total 154 | correct 126 | acc 81.82% | err 18.18% | macro_f1 86.05%
2025-11-12 18:22:56 - 8_0.4_1 - INFO - Evaluate on the client2 neighbor set
2025-11-12 18:23:14 - 8_0.4_1 - INFO - => result | total 2,311 | correct 2,174 | acc 94.07% | err 5.93% | macro_f1 91.21%
2025-11-12 18:23:14 - 8_0.4_1 - INFO - Evaluate on the client3 local set
2025-11-12 18:23:15 - 8_0.4_1 - INFO - => result | total 162 | correct 153 | acc 94.44% | err 5.56% | macro_f1 95.25%
2025-11-12 18:23:15 - 8_0.4_1 - INFO - Evaluate on the client3 neighbor set
2025-11-12 18:23:34 - 8_0.4_1 - INFO - => result | total 2,303 | correct 2,147 | acc 93.23% | err 6.77% | macro_f1 90.74%
2025-11-12 18:23:34 - 8_0.4_1 - INFO - Evaluate on the client4 local set
2025-11-12 18:23:36 - 8_0.4_1 - INFO - => result | total 221 | correct 199 | acc 90.05% | err 9.95% | macro_f1 88.22%
2025-11-12 18:23:36 - 8_0.4_1 - INFO - Evaluate on the client4 neighbor set
2025-11-12 18:23:51 - 8_0.4_1 - INFO - => result | total 2,244 | correct 2,100 | acc 93.58% | err 6.42% | macro_f1 91.01%
2025-11-12 18:23:51 - 8_0.4_1 - INFO - Evaluate on the client5 local set
2025-11-12 18:23:53 - 8_0.4_1 - INFO - => result | total 157 | correct 148 | acc 94.27% | err 5.73% | macro_f1 96.49%
2025-11-12 18:23:53 - 8_0.4_1 - INFO - Evaluate on the client5 neighbor set
2025-11-12 18:24:09 - 8_0.4_1 - INFO - => result | total 2,308 | correct 2,150 | acc 93.15% | err 6.85% | macro_f1 90.24%
2025-11-12 18:24:09 - 8_0.4_1 - INFO - Evaluate on the client6 local set
2025-11-12 18:24:10 - 8_0.4_1 - INFO - => result | total 171 | correct 158 | acc 92.40% | err 7.60% | macro_f1 96.13%
2025-11-12 18:24:10 - 8_0.4_1 - INFO - Evaluate on the client6 neighbor set
2025-11-12 18:24:28 - 8_0.4_1 - INFO - => result | total 2,294 | correct 2,139 | acc 93.24% | err 6.76% | macro_f1 89.93%
2025-11-12 18:24:28 - 8_0.4_1 - INFO - Evaluate on the client7 local set
2025-11-12 18:24:33 - 8_0.4_1 - INFO - => result | total 404 | correct 384 | acc 95.05% | err 4.95% | macro_f1 92.01%
2025-11-12 18:24:33 - 8_0.4_1 - INFO - Evaluate on the client7 neighbor set
2025-11-12 18:24:48 - 8_0.4_1 - INFO - => result | total 2,061 | correct 1,913 | acc 92.82% | err 7.18% | macro_f1 90.61%
2025-11-12 18:24:48 - 8_0.4_1 - INFO - Evaluate on the client8 local set
2025-11-12 18:24:51 - 8_0.4_1 - INFO - => result | total 415 | correct 401 | acc 96.63% | err 3.37% | macro_f1 94.99%
2025-11-12 18:24:51 - 8_0.4_1 - INFO - Evaluate on the client8 neighbor set
2025-11-12 18:25:03 - 8_0.4_1 - INFO - => result | total 2,050 | correct 1,897 | acc 92.54% | err 7.46% | macro_f1 89.83%
2025-11-12 18:25:03 - 8_0.4_1 - INFO - Evaluate on the client9 local set
2025-11-12 18:25:05 - 8_0.4_1 - INFO - => result | total 206 | correct 202 | acc 98.06% | err 1.94% | macro_f1 98.41%
2025-11-12 18:25:05 - 8_0.4_1 - INFO - Evaluate on the client9 neighbor set
2025-11-12 18:25:19 - 8_0.4_1 - INFO - => result | total 2,259 | correct 2,096 | acc 92.78% | err 7.22% | macro_f1 90.30%
2025-11-12 18:25:19 - 8_0.4_1 - INFO - Global test local acc: 92.90
2025-11-12 18:25:19 - 8_0.4_1 - INFO - Global test neighbor acc: 93.22
2025-11-12 18:25:19 - 8_0.4_1 - INFO - ------------local test finish-------------
2025-11-12 18:25:19 - 8_0.4_1 - INFO - [Epoch 29/30] 测试耗时: 182.78s
2025-11-12 18:25:46 - 8_0.4_1 - INFO - [Epoch 30/30] 训练耗时: 27.17s | 平均训练准确率: 85.49
2025-11-12 18:25:46 - 8_0.4_1 - INFO - ------------local test start-------------
2025-11-12 18:25:46 - 8_0.4_1 - INFO - Evaluate on the client0 local set
2025-11-12 18:25:50 - 8_0.4_1 - INFO - => result | total 399 | correct 358 | acc 89.72% | err 10.28% | macro_f1 88.33%
2025-11-12 18:25:50 - 8_0.4_1 - INFO - Evaluate on the client0 neighbor set
2025-11-12 18:26:07 - 8_0.4_1 - INFO - => result | total 2,066 | correct 1,940 | acc 93.90% | err 6.10% | macro_f1 90.94%
2025-11-12 18:26:07 - 8_0.4_1 - INFO - Evaluate on the client1 local set
2025-11-12 18:26:09 - 8_0.4_1 - INFO - => result | total 176 | correct 170 | acc 96.59% | err 3.41% | macro_f1 97.73%
2025-11-12 18:26:09 - 8_0.4_1 - INFO - Evaluate on the client1 neighbor set
2025-11-12 18:26:28 - 8_0.4_1 - INFO - => result | total 2,289 | correct 2,128 | acc 92.97% | err 7.03% | macro_f1 89.62%
2025-11-12 18:26:28 - 8_0.4_1 - INFO - Evaluate on the client2 local set
2025-11-12 18:26:29 - 8_0.4_1 - INFO - => result | total 154 | correct 126 | acc 81.82% | err 18.18% | macro_f1 86.24%
2025-11-12 18:26:29 - 8_0.4_1 - INFO - Evaluate on the client2 neighbor set
2025-11-12 18:26:47 - 8_0.4_1 - INFO - => result | total 2,311 | correct 2,172 | acc 93.99% | err 6.01% | macro_f1 91.08%
2025-11-12 18:26:47 - 8_0.4_1 - INFO - Evaluate on the client3 local set
2025-11-12 18:26:48 - 8_0.4_1 - INFO - => result | total 162 | correct 152 | acc 93.83% | err 6.17% | macro_f1 94.78%
2025-11-12 18:26:48 - 8_0.4_1 - INFO - Evaluate on the client3 neighbor set
2025-11-12 18:27:06 - 8_0.4_1 - INFO - => result | total 2,303 | correct 2,146 | acc 93.18% | err 6.82% | macro_f1 90.62%
2025-11-12 18:27:06 - 8_0.4_1 - INFO - Evaluate on the client4 local set
2025-11-12 18:27:08 - 8_0.4_1 - INFO - => result | total 221 | correct 199 | acc 90.05% | err 9.95% | macro_f1 88.41%
2025-11-12 18:27:08 - 8_0.4_1 - INFO - Evaluate on the client4 neighbor set
2025-11-12 18:27:27 - 8_0.4_1 - INFO - => result | total 2,244 | correct 2,099 | acc 93.54% | err 6.46% | macro_f1 90.87%
2025-11-12 18:27:27 - 8_0.4_1 - INFO - Evaluate on the client5 local set
2025-11-12 18:27:28 - 8_0.4_1 - INFO - => result | total 157 | correct 147 | acc 93.63% | err 6.37% | macro_f1 95.69%
2025-11-12 18:27:28 - 8_0.4_1 - INFO - Evaluate on the client5 neighbor set
2025-11-12 18:27:45 - 8_0.4_1 - INFO - => result | total 2,308 | correct 2,151 | acc 93.20% | err 6.80% | macro_f1 90.16%
2025-11-12 18:27:45 - 8_0.4_1 - INFO - Evaluate on the client6 local set
2025-11-12 18:27:46 - 8_0.4_1 - INFO - => result | total 171 | correct 155 | acc 90.64% | err 9.36% | macro_f1 94.79%
2025-11-12 18:27:46 - 8_0.4_1 - INFO - Evaluate on the client6 neighbor set
2025-11-12 18:28:02 - 8_0.4_1 - INFO - => result | total 2,294 | correct 2,143 | acc 93.42% | err 6.58% | macro_f1 90.16%
2025-11-12 18:28:02 - 8_0.4_1 - INFO - Evaluate on the client7 local set
2025-11-12 18:28:06 - 8_0.4_1 - INFO - => result | total 404 | correct 386 | acc 95.54% | err 4.46% | macro_f1 93.04%
2025-11-12 18:28:06 - 8_0.4_1 - INFO - Evaluate on the client7 neighbor set
2025-11-12 18:28:16 - 8_0.4_1 - INFO - => result | total 2,061 | correct 1,912 | acc 92.77% | err 7.23% | macro_f1 90.48%
2025-11-12 18:28:16 - 8_0.4_1 - INFO - Evaluate on the client8 local set
2025-11-12 18:28:18 - 8_0.4_1 - INFO - => result | total 415 | correct 404 | acc 97.35% | err 2.65% | macro_f1 95.98%
2025-11-12 18:28:18 - 8_0.4_1 - INFO - Evaluate on the client8 neighbor set
2025-11-12 18:28:28 - 8_0.4_1 - INFO - => result | total 2,050 | correct 1,896 | acc 92.49% | err 7.51% | macro_f1 89.75%
2025-11-12 18:28:28 - 8_0.4_1 - INFO - Evaluate on the client9 local set
2025-11-12 18:28:29 - 8_0.4_1 - INFO - => result | total 206 | correct 201 | acc 97.57% | err 2.43% | macro_f1 98.21%
2025-11-12 18:28:29 - 8_0.4_1 - INFO - Evaluate on the client9 neighbor set
2025-11-12 18:28:39 - 8_0.4_1 - INFO - => result | total 2,259 | correct 2,099 | acc 92.92% | err 7.08% | macro_f1 90.44%
2025-11-12 18:28:39 - 8_0.4_1 - INFO - Global test local acc: 92.67
2025-11-12 18:28:39 - 8_0.4_1 - INFO - Global test neighbor acc: 93.24
2025-11-12 18:28:39 - 8_0.4_1 - INFO - ------------local test finish-------------
2025-11-12 18:28:39 - 8_0.4_1 - INFO - [Epoch 30/30] 测试耗时: 172.48s
2025-11-12 18:28:39 - 8_0.4_1 - INFO - maximum test local acc: 92.902
2025-11-12 18:28:39 - 8_0.4_1 - INFO - mean of local acc: 92.743
2025-11-12 18:28:39 - 8_0.4_1 - INFO - maximum test neighbor acc: 93.254
2025-11-12 18:28:39 - 8_0.4_1 - INFO - mean of neighbor acc: 93.238
