2025-11-12 21:12:40 - 8_0.01_1 - INFO - 日志文件已创建: logs/caltech-101/fedpgp/8_0.01_1_20251112_211240.log
2025-11-12 21:12:40 - 8_0.01_1 - INFO - Loading trainer: DP_FPL
2025-11-12 21:12:40 - 8_0.01_1 - INFO - Loading dataset: Caltech101
2025-11-12 21:12:40 - 8_0.01_1 - INFO - Reading split from /home/liuxin25/dataset/caltech-101/split_zhou_Caltech101.json
2025-11-12 21:12:40 - 8_0.01_1 - INFO - Creating a baseline federated dataset
2025-11-12 21:12:40 - 8_0.01_1 - INFO - class_num 100
2025-11-12 21:12:40 - 8_0.01_1 - INFO - user class dict total [20, 79, 93, 54, 52, 65, 0, 1, 48, 74]
2025-11-12 21:12:40 - 8_0.01_1 - INFO - idx: 0, output_dict_len: 673
2025-11-12 21:12:40 - 8_0.01_1 - INFO - user class dict total [44, 82, 35, 69, 91, 42, 33, 14, 5, 62]
2025-11-12 21:12:40 - 8_0.01_1 - INFO - idx: 1, output_dict_len: 296
2025-11-12 21:12:40 - 8_0.01_1 - INFO - user class dict total [32, 55, 96, 10, 21, 31, 90, 27, 28, 76]
2025-11-12 21:12:40 - 8_0.01_1 - INFO - idx: 2, output_dict_len: 251
2025-11-12 21:12:40 - 8_0.01_1 - INFO - user class dict total [80, 71, 66, 58, 23, 70, 60, 72, 17, 18]
2025-11-12 21:12:40 - 8_0.01_1 - INFO - idx: 3, output_dict_len: 275
2025-11-12 21:12:40 - 8_0.01_1 - INFO - user class dict total [45, 34, 11, 56, 84, 13, 41, 30, 24, 85]
2025-11-12 21:12:40 - 8_0.01_1 - INFO - idx: 4, output_dict_len: 369
2025-11-12 21:12:40 - 8_0.01_1 - INFO - user class dict total [51, 75, 37, 6, 53, 94, 95, 39, 47, 98]
2025-11-12 21:12:40 - 8_0.01_1 - INFO - idx: 5, output_dict_len: 265
2025-11-12 21:12:40 - 8_0.01_1 - INFO - user class dict total [36, 7, 50, 3, 63, 59, 9, 77, 64, 92]
2025-11-12 21:12:40 - 8_0.01_1 - INFO - idx: 6, output_dict_len: 286
2025-11-12 21:12:40 - 8_0.01_1 - INFO - user class dict total [86, 97, 61, 19, 25, 4, 16, 8, 46, 26]
2025-11-12 21:12:40 - 8_0.01_1 - INFO - idx: 7, output_dict_len: 675
2025-11-12 21:12:40 - 8_0.01_1 - INFO - user class dict total [2, 88, 29, 22, 87, 67, 68, 38, 83, 15]
2025-11-12 21:12:40 - 8_0.01_1 - INFO - idx: 8, output_dict_len: 695
2025-11-12 21:12:40 - 8_0.01_1 - INFO - user class dict total [12, 81, 43, 73, 78, 40, 99, 57, 89, 49]
2025-11-12 21:12:40 - 8_0.01_1 - INFO - idx: 9, output_dict_len: 343
2025-11-12 21:12:40 - 8_0.01_1 - INFO - Creating a baseline federated dataset
2025-11-12 21:12:40 - 8_0.01_1 - INFO - class_num 100
2025-11-12 21:12:40 - 8_0.01_1 - INFO - user class dict total [20, 79, 93, 54, 52, 65, 0, 1, 48, 74]
2025-11-12 21:12:40 - 8_0.01_1 - INFO - idx: 0, output_dict_len: 399
2025-11-12 21:12:40 - 8_0.01_1 - INFO - user class dict total [44, 82, 35, 69, 91, 42, 33, 14, 5, 62]
2025-11-12 21:12:40 - 8_0.01_1 - INFO - idx: 1, output_dict_len: 176
2025-11-12 21:12:40 - 8_0.01_1 - INFO - user class dict total [32, 55, 96, 10, 21, 31, 90, 27, 28, 76]
2025-11-12 21:12:40 - 8_0.01_1 - INFO - idx: 2, output_dict_len: 154
2025-11-12 21:12:40 - 8_0.01_1 - INFO - user class dict total [80, 71, 66, 58, 23, 70, 60, 72, 17, 18]
2025-11-12 21:12:40 - 8_0.01_1 - INFO - idx: 3, output_dict_len: 162
2025-11-12 21:12:40 - 8_0.01_1 - INFO - user class dict total [45, 34, 11, 56, 84, 13, 41, 30, 24, 85]
2025-11-12 21:12:40 - 8_0.01_1 - INFO - idx: 4, output_dict_len: 221
2025-11-12 21:12:40 - 8_0.01_1 - INFO - user class dict total [51, 75, 37, 6, 53, 94, 95, 39, 47, 98]
2025-11-12 21:12:40 - 8_0.01_1 - INFO - idx: 5, output_dict_len: 157
2025-11-12 21:12:40 - 8_0.01_1 - INFO - user class dict total [36, 7, 50, 3, 63, 59, 9, 77, 64, 92]
2025-11-12 21:12:40 - 8_0.01_1 - INFO - idx: 6, output_dict_len: 171
2025-11-12 21:12:40 - 8_0.01_1 - INFO - user class dict total [86, 97, 61, 19, 25, 4, 16, 8, 46, 26]
2025-11-12 21:12:40 - 8_0.01_1 - INFO - idx: 7, output_dict_len: 404
2025-11-12 21:12:40 - 8_0.01_1 - INFO - user class dict total [2, 88, 29, 22, 87, 67, 68, 38, 83, 15]
2025-11-12 21:12:40 - 8_0.01_1 - INFO - idx: 8, output_dict_len: 415
2025-11-12 21:12:40 - 8_0.01_1 - INFO - user class dict total [12, 81, 43, 73, 78, 40, 99, 57, 89, 49]
2025-11-12 21:12:40 - 8_0.01_1 - INFO - idx: 9, output_dict_len: 206
2025-11-12 21:12:40 - 8_0.01_1 - INFO - Loading CLIP (backbone: ViT-B/16)
2025-11-12 21:12:44 - 8_0.01_1 - INFO - Building custom CLIP
2025-11-12 21:12:44 - 8_0.01_1 - INFO - Turning off gradients in both the image and the text encoder
2025-11-12 21:13:24 - 8_0.01_1 - INFO - [Epoch 1/30] 训练耗时: 39.67s | 平均训练准确率: 53.48
2025-11-12 21:13:41 - 8_0.01_1 - INFO - [Epoch 2/30] 训练耗时: 17.23s | 平均训练准确率: 62.72
2025-11-12 21:14:05 - 8_0.01_1 - INFO - [Epoch 3/30] 训练耗时: 23.59s | 平均训练准确率: 70.36
2025-11-12 21:14:44 - 8_0.01_1 - INFO - [Epoch 4/30] 训练耗时: 39.85s | 平均训练准确率: 70.31
2025-11-12 21:15:23 - 8_0.01_1 - INFO - [Epoch 5/30] 训练耗时: 38.63s | 平均训练准确率: 71.92
2025-11-12 21:15:51 - 8_0.01_1 - INFO - [Epoch 6/30] 训练耗时: 28.01s | 平均训练准确率: 72.86
2025-11-12 21:16:29 - 8_0.01_1 - INFO - [Epoch 7/30] 训练耗时: 38.33s | 平均训练准确率: 73.97
2025-11-12 21:17:07 - 8_0.01_1 - INFO - [Epoch 8/30] 训练耗时: 38.09s | 平均训练准确率: 71.43
2025-11-12 21:17:47 - 8_0.01_1 - INFO - [Epoch 9/30] 训练耗时: 39.93s | 平均训练准确率: 71.38
2025-11-12 21:18:19 - 8_0.01_1 - INFO - [Epoch 10/30] 训练耗时: 31.59s | 平均训练准确率: 70.40
2025-11-12 21:18:46 - 8_0.01_1 - INFO - [Epoch 11/30] 训练耗时: 27.49s | 平均训练准确率: 69.64
2025-11-12 21:19:14 - 8_0.01_1 - INFO - [Epoch 12/30] 训练耗时: 27.82s | 平均训练准确率: 71.38
2025-11-12 21:19:42 - 8_0.01_1 - INFO - [Epoch 13/30] 训练耗时: 27.89s | 平均训练准确率: 72.63
2025-11-12 21:20:10 - 8_0.01_1 - INFO - [Epoch 14/30] 训练耗时: 27.84s | 平均训练准确率: 73.53
2025-11-12 21:20:36 - 8_0.01_1 - INFO - [Epoch 15/30] 训练耗时: 25.75s | 平均训练准确率: 74.29
2025-11-12 21:21:03 - 8_0.01_1 - INFO - [Epoch 16/30] 训练耗时: 27.45s | 平均训练准确率: 72.14
2025-11-12 21:21:31 - 8_0.01_1 - INFO - [Epoch 17/30] 训练耗时: 27.70s | 平均训练准确率: 75.31
2025-11-12 21:22:10 - 8_0.01_1 - INFO - [Epoch 18/30] 训练耗时: 39.27s | 平均训练准确率: 75.04
2025-11-12 21:22:47 - 8_0.01_1 - INFO - [Epoch 19/30] 训练耗时: 37.19s | 平均训练准确率: 74.46
2025-11-12 21:23:25 - 8_0.01_1 - INFO - [Epoch 20/30] 训练耗时: 37.41s | 平均训练准确率: 76.70
2025-11-12 21:24:02 - 8_0.01_1 - INFO - [Epoch 21/30] 训练耗时: 37.42s | 平均训练准确率: 76.74
2025-11-12 21:24:41 - 8_0.01_1 - INFO - [Epoch 22/30] 训练耗时: 38.57s | 平均训练准确率: 75.09
2025-11-12 21:25:25 - 8_0.01_1 - INFO - [Epoch 23/30] 训练耗时: 44.10s | 平均训练准确率: 74.33
2025-11-12 21:26:02 - 8_0.01_1 - INFO - [Epoch 24/30] 训练耗时: 37.44s | 平均训练准确率: 75.85
2025-11-12 21:26:38 - 8_0.01_1 - INFO - [Epoch 25/30] 训练耗时: 35.74s | 平均训练准确率: 76.25
2025-11-12 21:27:16 - 8_0.01_1 - INFO - [Epoch 26/30] 训练耗时: 37.98s | 平均训练准确率: 75.09
2025-11-12 21:27:54 - 8_0.01_1 - INFO - [Epoch 27/30] 训练耗时: 38.30s | 平均训练准确率: 76.83
2025-11-12 21:28:33 - 8_0.01_1 - INFO - [Epoch 28/30] 训练耗时: 38.75s | 平均训练准确率: 71.12
2025-11-12 21:28:33 - 8_0.01_1 - INFO - ------------local test start-------------
2025-11-12 21:28:33 - 8_0.01_1 - INFO - Evaluate on the client0 local set
2025-11-12 21:28:37 - 8_0.01_1 - INFO - => result | total 399 | correct 247 | acc 61.90% | err 38.10% | macro_f1 75.52%
2025-11-12 21:28:37 - 8_0.01_1 - INFO - Evaluate on the client0 neighbor set
2025-11-12 21:29:00 - 8_0.01_1 - INFO - => result | total 2,066 | correct 1,800 | acc 87.12% | err 12.88% | macro_f1 79.91%
2025-11-12 21:29:00 - 8_0.01_1 - INFO - Evaluate on the client1 local set
2025-11-12 21:29:02 - 8_0.01_1 - INFO - => result | total 176 | correct 165 | acc 93.75% | err 6.25% | macro_f1 94.89%
2025-11-12 21:29:02 - 8_0.01_1 - INFO - Evaluate on the client1 neighbor set
2025-11-12 21:29:29 - 8_0.01_1 - INFO - => result | total 2,289 | correct 1,880 | acc 82.13% | err 17.87% | macro_f1 76.60%
2025-11-12 21:29:29 - 8_0.01_1 - INFO - Evaluate on the client2 local set
2025-11-12 21:29:30 - 8_0.01_1 - INFO - => result | total 154 | correct 103 | acc 66.88% | err 33.12% | macro_f1 69.93%
2025-11-12 21:29:30 - 8_0.01_1 - INFO - Evaluate on the client2 neighbor set
2025-11-12 21:29:54 - 8_0.01_1 - INFO - => result | total 2,311 | correct 1,942 | acc 84.03% | err 15.97% | macro_f1 78.84%
2025-11-12 21:29:54 - 8_0.01_1 - INFO - Evaluate on the client3 local set
2025-11-12 21:29:56 - 8_0.01_1 - INFO - => result | total 162 | correct 127 | acc 78.40% | err 21.60% | macro_f1 79.74%
2025-11-12 21:29:56 - 8_0.01_1 - INFO - Evaluate on the client3 neighbor set
2025-11-12 21:30:21 - 8_0.01_1 - INFO - => result | total 2,303 | correct 1,914 | acc 83.11% | err 16.89% | macro_f1 77.45%
2025-11-12 21:30:21 - 8_0.01_1 - INFO - Evaluate on the client4 local set
2025-11-12 21:30:24 - 8_0.01_1 - INFO - => result | total 221 | correct 204 | acc 92.31% | err 7.69% | macro_f1 92.05%
2025-11-12 21:30:24 - 8_0.01_1 - INFO - Evaluate on the client4 neighbor set
2025-11-12 21:30:46 - 8_0.01_1 - INFO - => result | total 2,244 | correct 1,836 | acc 81.82% | err 18.18% | macro_f1 76.45%
2025-11-12 21:30:46 - 8_0.01_1 - INFO - Evaluate on the client5 local set
2025-11-12 21:30:47 - 8_0.01_1 - INFO - => result | total 157 | correct 133 | acc 84.71% | err 15.29% | macro_f1 85.68%
2025-11-12 21:30:47 - 8_0.01_1 - INFO - Evaluate on the client5 neighbor set
2025-11-12 21:31:14 - 8_0.01_1 - INFO - => result | total 2,308 | correct 1,904 | acc 82.50% | err 17.50% | macro_f1 77.56%
2025-11-12 21:31:14 - 8_0.01_1 - INFO - Evaluate on the client6 local set
2025-11-12 21:31:16 - 8_0.01_1 - INFO - => result | total 171 | correct 129 | acc 75.44% | err 24.56% | macro_f1 84.86%
2025-11-12 21:31:16 - 8_0.01_1 - INFO - Evaluate on the client6 neighbor set
2025-11-12 21:31:39 - 8_0.01_1 - INFO - => result | total 2,294 | correct 1,903 | acc 82.96% | err 17.04% | macro_f1 76.51%
2025-11-12 21:31:39 - 8_0.01_1 - INFO - Evaluate on the client7 local set
2025-11-12 21:31:43 - 8_0.01_1 - INFO - => result | total 404 | correct 377 | acc 93.32% | err 6.68% | macro_f1 86.04%
2025-11-12 21:31:43 - 8_0.01_1 - INFO - Evaluate on the client7 neighbor set
2025-11-12 21:32:07 - 8_0.01_1 - INFO - => result | total 2,061 | correct 1,655 | acc 80.30% | err 19.70% | macro_f1 76.60%
2025-11-12 21:32:07 - 8_0.01_1 - INFO - Evaluate on the client8 local set
2025-11-12 21:32:11 - 8_0.01_1 - INFO - => result | total 415 | correct 386 | acc 93.01% | err 6.99% | macro_f1 86.75%
2025-11-12 21:32:11 - 8_0.01_1 - INFO - Evaluate on the client8 neighbor set
2025-11-12 21:32:35 - 8_0.01_1 - INFO - => result | total 2,050 | correct 1,645 | acc 80.24% | err 19.76% | macro_f1 76.13%
2025-11-12 21:32:35 - 8_0.01_1 - INFO - Evaluate on the client9 local set
2025-11-12 21:32:39 - 8_0.01_1 - INFO - => result | total 206 | correct 167 | acc 81.07% | err 18.93% | macro_f1 82.51%
2025-11-12 21:32:39 - 8_0.01_1 - INFO - Evaluate on the client9 neighbor set
2025-11-12 21:33:04 - 8_0.01_1 - INFO - => result | total 2,259 | correct 1,866 | acc 82.60% | err 17.40% | macro_f1 76.55%
2025-11-12 21:33:04 - 8_0.01_1 - INFO - Global test local acc: 82.08
2025-11-12 21:33:04 - 8_0.01_1 - INFO - Global test neighbor acc: 82.68
2025-11-12 21:33:04 - 8_0.01_1 - INFO - ------------local test finish-------------
2025-11-12 21:33:04 - 8_0.01_1 - INFO - [Epoch 28/30] 测试耗时: 270.70s
2025-11-12 21:33:39 - 8_0.01_1 - INFO - [Epoch 29/30] 训练耗时: 35.37s | 平均训练准确率: 72.81
2025-11-12 21:33:39 - 8_0.01_1 - INFO - ------------local test start-------------
2025-11-12 21:33:39 - 8_0.01_1 - INFO - Evaluate on the client0 local set
2025-11-12 21:33:43 - 8_0.01_1 - INFO - => result | total 399 | correct 253 | acc 63.41% | err 36.59% | macro_f1 76.57%
2025-11-12 21:33:43 - 8_0.01_1 - INFO - Evaluate on the client0 neighbor set
2025-11-12 21:34:04 - 8_0.01_1 - INFO - => result | total 2,066 | correct 1,799 | acc 87.08% | err 12.92% | macro_f1 80.54%
2025-11-12 21:34:04 - 8_0.01_1 - INFO - Evaluate on the client1 local set
2025-11-12 21:34:06 - 8_0.01_1 - INFO - => result | total 176 | correct 152 | acc 86.36% | err 13.64% | macro_f1 91.08%
2025-11-12 21:34:06 - 8_0.01_1 - INFO - Evaluate on the client1 neighbor set
2025-11-12 21:34:28 - 8_0.01_1 - INFO - => result | total 2,289 | correct 1,899 | acc 82.96% | err 17.04% | macro_f1 77.78%
2025-11-12 21:34:28 - 8_0.01_1 - INFO - Evaluate on the client2 local set
2025-11-12 21:34:30 - 8_0.01_1 - INFO - => result | total 154 | correct 101 | acc 65.58% | err 34.42% | macro_f1 69.02%
2025-11-12 21:34:30 - 8_0.01_1 - INFO - Evaluate on the client2 neighbor set
2025-11-12 21:34:56 - 8_0.01_1 - INFO - => result | total 2,311 | correct 1,950 | acc 84.38% | err 15.62% | macro_f1 79.35%
2025-11-12 21:34:56 - 8_0.01_1 - INFO - Evaluate on the client3 local set
2025-11-12 21:34:57 - 8_0.01_1 - INFO - => result | total 162 | correct 133 | acc 82.10% | err 17.90% | macro_f1 84.44%
2025-11-12 21:34:57 - 8_0.01_1 - INFO - Evaluate on the client3 neighbor set
2025-11-12 21:35:22 - 8_0.01_1 - INFO - => result | total 2,303 | correct 1,916 | acc 83.20% | err 16.80% | macro_f1 77.55%
2025-11-12 21:35:22 - 8_0.01_1 - INFO - Evaluate on the client4 local set
2025-11-12 21:35:24 - 8_0.01_1 - INFO - => result | total 221 | correct 200 | acc 90.50% | err 9.50% | macro_f1 89.72%
2025-11-12 21:35:24 - 8_0.01_1 - INFO - Evaluate on the client4 neighbor set
2025-11-12 21:35:47 - 8_0.01_1 - INFO - => result | total 2,244 | correct 1,848 | acc 82.35% | err 17.65% | macro_f1 77.31%
2025-11-12 21:35:47 - 8_0.01_1 - INFO - Evaluate on the client5 local set
2025-11-12 21:35:48 - 8_0.01_1 - INFO - => result | total 157 | correct 138 | acc 87.90% | err 12.10% | macro_f1 87.72%
2025-11-12 21:35:48 - 8_0.01_1 - INFO - Evaluate on the client5 neighbor set
2025-11-12 21:36:13 - 8_0.01_1 - INFO - => result | total 2,308 | correct 1,910 | acc 82.76% | err 17.24% | macro_f1 78.14%
2025-11-12 21:36:13 - 8_0.01_1 - INFO - Evaluate on the client6 local set
2025-11-12 21:36:15 - 8_0.01_1 - INFO - => result | total 171 | correct 132 | acc 77.19% | err 22.81% | macro_f1 86.77%
2025-11-12 21:36:15 - 8_0.01_1 - INFO - Evaluate on the client6 neighbor set
2025-11-12 21:36:40 - 8_0.01_1 - INFO - => result | total 2,294 | correct 1,915 | acc 83.48% | err 16.52% | macro_f1 77.47%
2025-11-12 21:36:40 - 8_0.01_1 - INFO - Evaluate on the client7 local set
2025-11-12 21:36:45 - 8_0.01_1 - INFO - => result | total 404 | correct 383 | acc 94.80% | err 5.20% | macro_f1 90.51%
2025-11-12 21:36:45 - 8_0.01_1 - INFO - Evaluate on the client7 neighbor set
2025-11-12 21:37:09 - 8_0.01_1 - INFO - => result | total 2,061 | correct 1,662 | acc 80.64% | err 19.36% | macro_f1 77.12%
2025-11-12 21:37:09 - 8_0.01_1 - INFO - Evaluate on the client8 local set
2025-11-12 21:37:14 - 8_0.01_1 - INFO - => result | total 415 | correct 385 | acc 92.77% | err 7.23% | macro_f1 84.88%
2025-11-12 21:37:14 - 8_0.01_1 - INFO - Evaluate on the client8 neighbor set
2025-11-12 21:37:35 - 8_0.01_1 - INFO - => result | total 2,050 | correct 1,661 | acc 81.02% | err 18.98% | macro_f1 77.11%
2025-11-12 21:37:35 - 8_0.01_1 - INFO - Evaluate on the client9 local set
2025-11-12 21:37:38 - 8_0.01_1 - INFO - => result | total 206 | correct 174 | acc 84.47% | err 15.53% | macro_f1 85.07%
2025-11-12 21:37:38 - 8_0.01_1 - INFO - Evaluate on the client9 neighbor set
2025-11-12 21:38:02 - 8_0.01_1 - INFO - => result | total 2,259 | correct 1,873 | acc 82.91% | err 17.09% | macro_f1 77.28%
2025-11-12 21:38:02 - 8_0.01_1 - INFO - Global test local acc: 82.51
2025-11-12 21:38:02 - 8_0.01_1 - INFO - Global test neighbor acc: 83.08
2025-11-12 21:38:02 - 8_0.01_1 - INFO - ------------local test finish-------------
2025-11-12 21:38:02 - 8_0.01_1 - INFO - [Epoch 29/30] 测试耗时: 262.37s
2025-11-12 21:38:38 - 8_0.01_1 - INFO - [Epoch 30/30] 训练耗时: 36.00s | 平均训练准确率: 72.54
2025-11-12 21:38:38 - 8_0.01_1 - INFO - ------------local test start-------------
2025-11-12 21:38:38 - 8_0.01_1 - INFO - Evaluate on the client0 local set
2025-11-12 21:38:42 - 8_0.01_1 - INFO - => result | total 399 | correct 264 | acc 66.17% | err 33.83% | macro_f1 80.06%
2025-11-12 21:38:42 - 8_0.01_1 - INFO - Evaluate on the client0 neighbor set
2025-11-12 21:39:04 - 8_0.01_1 - INFO - => result | total 2,066 | correct 1,832 | acc 88.67% | err 11.33% | macro_f1 82.37%
2025-11-12 21:39:04 - 8_0.01_1 - INFO - Evaluate on the client1 local set
2025-11-12 21:39:06 - 8_0.01_1 - INFO - => result | total 176 | correct 160 | acc 90.91% | err 9.09% | macro_f1 93.86%
2025-11-12 21:39:06 - 8_0.01_1 - INFO - Evaluate on the client1 neighbor set
2025-11-12 21:39:33 - 8_0.01_1 - INFO - => result | total 2,289 | correct 1,937 | acc 84.62% | err 15.38% | macro_f1 79.74%
2025-11-12 21:39:33 - 8_0.01_1 - INFO - Evaluate on the client2 local set
2025-11-12 21:39:35 - 8_0.01_1 - INFO - => result | total 154 | correct 97 | acc 62.99% | err 37.01% | macro_f1 63.95%
2025-11-12 21:39:35 - 8_0.01_1 - INFO - Evaluate on the client2 neighbor set
2025-11-12 21:40:01 - 8_0.01_1 - INFO - => result | total 2,311 | correct 2,001 | acc 86.59% | err 13.41% | macro_f1 82.63%
2025-11-12 21:40:01 - 8_0.01_1 - INFO - Evaluate on the client3 local set
2025-11-12 21:40:02 - 8_0.01_1 - INFO - => result | total 162 | correct 138 | acc 85.19% | err 14.81% | macro_f1 87.52%
2025-11-12 21:40:02 - 8_0.01_1 - INFO - Evaluate on the client3 neighbor set
2025-11-12 21:40:28 - 8_0.01_1 - INFO - => result | total 2,303 | correct 1,958 | acc 85.02% | err 14.98% | macro_f1 79.76%
2025-11-12 21:40:28 - 8_0.01_1 - INFO - Evaluate on the client4 local set
2025-11-12 21:40:30 - 8_0.01_1 - INFO - => result | total 221 | correct 199 | acc 90.05% | err 9.95% | macro_f1 89.17%
2025-11-12 21:40:30 - 8_0.01_1 - INFO - Evaluate on the client4 neighbor set
2025-11-12 21:40:55 - 8_0.01_1 - INFO - => result | total 2,244 | correct 1,898 | acc 84.58% | err 15.42% | macro_f1 80.28%
2025-11-12 21:40:55 - 8_0.01_1 - INFO - Evaluate on the client5 local set
2025-11-12 21:40:57 - 8_0.01_1 - INFO - => result | total 157 | correct 138 | acc 87.90% | err 12.10% | macro_f1 87.85%
2025-11-12 21:40:57 - 8_0.01_1 - INFO - Evaluate on the client5 neighbor set
2025-11-12 21:41:21 - 8_0.01_1 - INFO - => result | total 2,308 | correct 1,960 | acc 84.92% | err 15.08% | macro_f1 80.24%
2025-11-12 21:41:21 - 8_0.01_1 - INFO - Evaluate on the client6 local set
2025-11-12 21:41:23 - 8_0.01_1 - INFO - => result | total 171 | correct 135 | acc 78.95% | err 21.05% | macro_f1 85.75%
2025-11-12 21:41:23 - 8_0.01_1 - INFO - Evaluate on the client6 neighbor set
2025-11-12 21:41:48 - 8_0.01_1 - INFO - => result | total 2,294 | correct 1,962 | acc 85.53% | err 14.47% | macro_f1 80.61%
2025-11-12 21:41:48 - 8_0.01_1 - INFO - Evaluate on the client7 local set
2025-11-12 21:41:53 - 8_0.01_1 - INFO - => result | total 404 | correct 388 | acc 96.04% | err 3.96% | macro_f1 91.71%
2025-11-12 21:41:53 - 8_0.01_1 - INFO - Evaluate on the client7 neighbor set
2025-11-12 21:42:15 - 8_0.01_1 - INFO - => result | total 2,061 | correct 1,709 | acc 82.92% | err 17.08% | macro_f1 79.80%
2025-11-12 21:42:15 - 8_0.01_1 - INFO - Evaluate on the client8 local set
2025-11-12 21:42:20 - 8_0.01_1 - INFO - => result | total 415 | correct 386 | acc 93.01% | err 6.99% | macro_f1 85.07%
2025-11-12 21:42:20 - 8_0.01_1 - INFO - Evaluate on the client8 neighbor set
2025-11-12 21:42:41 - 8_0.01_1 - INFO - => result | total 2,050 | correct 1,709 | acc 83.37% | err 16.63% | macro_f1 79.77%
2025-11-12 21:42:41 - 8_0.01_1 - INFO - Evaluate on the client9 local set
2025-11-12 21:42:43 - 8_0.01_1 - INFO - => result | total 206 | correct 195 | acc 94.66% | err 5.34% | macro_f1 96.33%
2025-11-12 21:42:43 - 8_0.01_1 - INFO - Evaluate on the client9 neighbor set
2025-11-12 21:43:07 - 8_0.01_1 - INFO - => result | total 2,259 | correct 1,896 | acc 83.93% | err 16.07% | macro_f1 78.97%
2025-11-12 21:43:07 - 8_0.01_1 - INFO - Global test local acc: 84.58
2025-11-12 21:43:07 - 8_0.01_1 - INFO - Global test neighbor acc: 85.01
2025-11-12 21:43:07 - 8_0.01_1 - INFO - ------------local test finish-------------
2025-11-12 21:43:07 - 8_0.01_1 - INFO - [Epoch 30/30] 测试耗时: 269.38s
2025-11-12 21:43:07 - 8_0.01_1 - INFO - maximum test local acc: 84.585
2025-11-12 21:43:07 - 8_0.01_1 - INFO - mean of local acc: 83.057
2025-11-12 21:43:07 - 8_0.01_1 - INFO - maximum test neighbor acc: 85.015
2025-11-12 21:43:07 - 8_0.01_1 - INFO - mean of neighbor acc: 83.591
