2025-11-12 21:43:13 - 8_0.0_1 - INFO - 日志文件已创建: logs/oxford_pets/promptfl/8_0.0_1_20251112_214313.log
2025-11-12 21:43:13 - 8_0.0_1 - INFO - Loading trainer: DP_FPL
2025-11-12 21:43:13 - 8_0.0_1 - INFO - Loading dataset: OxfordPets
2025-11-12 21:43:13 - 8_0.0_1 - INFO - Reading split from /home/liuxin25/dataset/oxford_pets/split_zhou_OxfordPets.json
2025-11-12 21:43:13 - 8_0.0_1 - INFO - Creating a baseline federated dataset
2025-11-12 21:43:13 - 8_0.0_1 - INFO - class_num 37
2025-11-12 21:43:13 - 8_0.0_1 - INFO - user class dict total [18, 14, 23, 10]
2025-11-12 21:43:13 - 8_0.0_1 - INFO - idx: 0, output_dict_len: 320
2025-11-12 21:43:13 - 8_0.0_1 - INFO - user class dict total [8, 4, 13, 19]
2025-11-12 21:43:13 - 8_0.0_1 - INFO - idx: 1, output_dict_len: 320
2025-11-12 21:43:13 - 8_0.0_1 - INFO - user class dict total [12, 29, 34, 15]
2025-11-12 21:43:13 - 8_0.0_1 - INFO - idx: 2, output_dict_len: 317
2025-11-12 21:43:13 - 8_0.0_1 - INFO - user class dict total [2, 32, 1, 11]
2025-11-12 21:43:13 - 8_0.0_1 - INFO - idx: 3, output_dict_len: 313
2025-11-12 21:43:13 - 8_0.0_1 - INFO - user class dict total [31, 0, 35, 7]
2025-11-12 21:43:13 - 8_0.0_1 - INFO - idx: 4, output_dict_len: 317
2025-11-12 21:43:13 - 8_0.0_1 - INFO - user class dict total [5, 27, 16, 30]
2025-11-12 21:43:13 - 8_0.0_1 - INFO - idx: 5, output_dict_len: 320
2025-11-12 21:43:13 - 8_0.0_1 - INFO - user class dict total [17, 22, 26, 9]
2025-11-12 21:43:13 - 8_0.0_1 - INFO - idx: 6, output_dict_len: 317
2025-11-12 21:43:13 - 8_0.0_1 - INFO - user class dict total [33, 3, 25, 6]
2025-11-12 21:43:13 - 8_0.0_1 - INFO - idx: 7, output_dict_len: 320
2025-11-12 21:43:13 - 8_0.0_1 - INFO - user class dict total [21, 20, 36, 28]
2025-11-12 21:43:13 - 8_0.0_1 - INFO - idx: 8, output_dict_len: 320
2025-11-12 21:43:13 - 8_0.0_1 - INFO - user class dict total [24]
2025-11-12 21:43:13 - 8_0.0_1 - INFO - idx: 9, output_dict_len: 80
2025-11-12 21:43:13 - 8_0.0_1 - INFO - Creating a baseline federated dataset
2025-11-12 21:43:13 - 8_0.0_1 - INFO - class_num 37
2025-11-12 21:43:13 - 8_0.0_1 - INFO - user class dict total [18, 14, 23, 10]
2025-11-12 21:43:13 - 8_0.0_1 - INFO - idx: 0, output_dict_len: 399
2025-11-12 21:43:13 - 8_0.0_1 - INFO - user class dict total [8, 4, 13, 19]
2025-11-12 21:43:13 - 8_0.0_1 - INFO - idx: 1, output_dict_len: 399
2025-11-12 21:43:13 - 8_0.0_1 - INFO - user class dict total [12, 29, 34, 15]
2025-11-12 21:43:13 - 8_0.0_1 - INFO - idx: 2, output_dict_len: 389
2025-11-12 21:43:13 - 8_0.0_1 - INFO - user class dict total [2, 32, 1, 11]
2025-11-12 21:43:13 - 8_0.0_1 - INFO - idx: 3, output_dict_len: 397
2025-11-12 21:43:13 - 8_0.0_1 - INFO - user class dict total [31, 0, 35, 7]
2025-11-12 21:43:13 - 8_0.0_1 - INFO - idx: 4, output_dict_len: 386
2025-11-12 21:43:13 - 8_0.0_1 - INFO - user class dict total [5, 27, 16, 30]
2025-11-12 21:43:13 - 8_0.0_1 - INFO - idx: 5, output_dict_len: 399
2025-11-12 21:43:13 - 8_0.0_1 - INFO - user class dict total [17, 22, 26, 9]
2025-11-12 21:43:13 - 8_0.0_1 - INFO - idx: 6, output_dict_len: 400
2025-11-12 21:43:13 - 8_0.0_1 - INFO - user class dict total [33, 3, 25, 6]
2025-11-12 21:43:13 - 8_0.0_1 - INFO - idx: 7, output_dict_len: 400
2025-11-12 21:43:13 - 8_0.0_1 - INFO - user class dict total [21, 20, 36, 28]
2025-11-12 21:43:13 - 8_0.0_1 - INFO - idx: 8, output_dict_len: 400
2025-11-12 21:43:13 - 8_0.0_1 - INFO - user class dict total [24]
2025-11-12 21:43:13 - 8_0.0_1 - INFO - idx: 9, output_dict_len: 100
2025-11-12 21:43:13 - 8_0.0_1 - INFO - Loading CLIP (backbone: ViT-B/16)
2025-11-12 21:43:16 - 8_0.0_1 - INFO - Building custom CLIP
2025-11-12 21:43:16 - 8_0.0_1 - INFO - Turning off gradients in both the image and the text encoder
2025-11-12 21:43:28 - 8_0.0_1 - INFO - [Epoch 1/30] 训练耗时: 11.69s | 平均训练准确率: 54.22
2025-11-12 21:43:37 - 8_0.0_1 - INFO - [Epoch 2/30] 训练耗时: 9.11s | 平均训练准确率: 73.75
2025-11-12 21:43:46 - 8_0.0_1 - INFO - [Epoch 3/30] 训练耗时: 9.15s | 平均训练准确率: 78.75
2025-11-12 21:43:52 - 8_0.0_1 - INFO - [Epoch 4/30] 训练耗时: 5.99s | 平均训练准确率: 79.53
2025-11-12 21:43:59 - 8_0.0_1 - INFO - [Epoch 5/30] 训练耗时: 7.18s | 平均训练准确率: 81.25
2025-11-12 21:44:07 - 8_0.0_1 - INFO - [Epoch 6/30] 训练耗时: 7.21s | 平均训练准确率: 82.50
2025-11-12 21:44:14 - 8_0.0_1 - INFO - [Epoch 7/30] 训练耗时: 7.68s | 平均训练准确率: 83.75
2025-11-12 21:44:22 - 8_0.0_1 - INFO - [Epoch 8/30] 训练耗时: 7.99s | 平均训练准确率: 84.22
2025-11-12 21:44:29 - 8_0.0_1 - INFO - [Epoch 9/30] 训练耗时: 7.14s | 平均训练准确率: 84.84
2025-11-12 21:44:37 - 8_0.0_1 - INFO - [Epoch 10/30] 训练耗时: 7.15s | 平均训练准确率: 80.94
2025-11-12 21:44:45 - 8_0.0_1 - INFO - [Epoch 11/30] 训练耗时: 8.12s | 平均训练准确率: 86.41
2025-11-12 21:44:51 - 8_0.0_1 - INFO - [Epoch 12/30] 训练耗时: 6.66s | 平均训练准确率: 86.25
2025-11-12 21:44:58 - 8_0.0_1 - INFO - [Epoch 13/30] 训练耗时: 6.82s | 平均训练准确率: 84.53
2025-11-12 21:45:06 - 8_0.0_1 - INFO - [Epoch 14/30] 训练耗时: 7.82s | 平均训练准确率: 88.12
2025-11-12 21:45:13 - 8_0.0_1 - INFO - [Epoch 15/30] 训练耗时: 7.28s | 平均训练准确率: 86.56
2025-11-12 21:45:21 - 8_0.0_1 - INFO - [Epoch 16/30] 训练耗时: 7.54s | 平均训练准确率: 85.78
2025-11-12 21:45:28 - 8_0.0_1 - INFO - [Epoch 17/30] 训练耗时: 7.30s | 平均训练准确率: 87.97
2025-11-12 21:45:36 - 8_0.0_1 - INFO - [Epoch 18/30] 训练耗时: 8.03s | 平均训练准确率: 85.94
2025-11-12 21:45:44 - 8_0.0_1 - INFO - [Epoch 19/30] 训练耗时: 7.72s | 平均训练准确率: 88.91
2025-11-12 21:45:51 - 8_0.0_1 - INFO - [Epoch 20/30] 训练耗时: 7.21s | 平均训练准确率: 87.66
2025-11-12 21:45:59 - 8_0.0_1 - INFO - [Epoch 21/30] 训练耗时: 7.68s | 平均训练准确率: 85.78
2025-11-12 21:46:06 - 8_0.0_1 - INFO - [Epoch 22/30] 训练耗时: 6.88s | 平均训练准确率: 88.59
2025-11-12 21:46:13 - 8_0.0_1 - INFO - [Epoch 23/30] 训练耗时: 7.15s | 平均训练准确率: 87.66
2025-11-12 21:46:20 - 8_0.0_1 - INFO - [Epoch 24/30] 训练耗时: 7.20s | 平均训练准确率: 86.72
2025-11-12 21:46:27 - 8_0.0_1 - INFO - [Epoch 25/30] 训练耗时: 6.97s | 平均训练准确率: 87.81
2025-11-12 21:46:34 - 8_0.0_1 - INFO - [Epoch 26/30] 训练耗时: 7.02s | 平均训练准确率: 88.44
2025-11-12 21:46:41 - 8_0.0_1 - INFO - [Epoch 27/30] 训练耗时: 7.20s | 平均训练准确率: 86.09
2025-11-12 21:46:49 - 8_0.0_1 - INFO - [Epoch 28/30] 训练耗时: 7.49s | 平均训练准确率: 87.66
2025-11-12 21:46:49 - 8_0.0_1 - INFO - ------------local test start-------------
2025-11-12 21:46:49 - 8_0.0_1 - INFO - Evaluate on the client0 local set
2025-11-12 21:46:53 - 8_0.0_1 - INFO - => result | total 399 | correct 314 | acc 78.70% | err 21.30% | macro_f1 86.80%
2025-11-12 21:46:53 - 8_0.0_1 - INFO - Evaluate on the client0 neighbor set
2025-11-12 21:47:38 - 8_0.0_1 - INFO - => result | total 3,270 | correct 2,512 | acc 76.82% | err 23.18% | macro_f1 73.50%
2025-11-12 21:47:38 - 8_0.0_1 - INFO - Evaluate on the client1 local set
2025-11-12 21:47:44 - 8_0.0_1 - INFO - => result | total 399 | correct 279 | acc 69.92% | err 30.08% | macro_f1 79.45%
2025-11-12 21:47:44 - 8_0.0_1 - INFO - Evaluate on the client1 neighbor set
2025-11-12 21:48:30 - 8_0.0_1 - INFO - => result | total 3,270 | correct 2,519 | acc 77.03% | err 22.97% | macro_f1 73.08%
2025-11-12 21:48:30 - 8_0.0_1 - INFO - Evaluate on the client2 local set
2025-11-12 21:48:37 - 8_0.0_1 - INFO - => result | total 389 | correct 359 | acc 92.29% | err 7.71% | macro_f1 95.30%
2025-11-12 21:48:37 - 8_0.0_1 - INFO - Evaluate on the client2 neighbor set
2025-11-12 21:49:25 - 8_0.0_1 - INFO - => result | total 3,280 | correct 2,405 | acc 73.32% | err 26.68% | macro_f1 70.55%
2025-11-12 21:49:25 - 8_0.0_1 - INFO - Evaluate on the client3 local set
2025-11-12 21:49:31 - 8_0.0_1 - INFO - => result | total 397 | correct 282 | acc 71.03% | err 28.97% | macro_f1 79.35%
2025-11-12 21:49:31 - 8_0.0_1 - INFO - Evaluate on the client3 neighbor set
2025-11-12 21:50:19 - 8_0.0_1 - INFO - => result | total 3,272 | correct 2,463 | acc 75.28% | err 24.72% | macro_f1 71.82%
2025-11-12 21:50:19 - 8_0.0_1 - INFO - Evaluate on the client4 local set
2025-11-12 21:50:25 - 8_0.0_1 - INFO - => result | total 386 | correct 286 | acc 74.09% | err 25.91% | macro_f1 69.23%
2025-11-12 21:50:25 - 8_0.0_1 - INFO - Evaluate on the client4 neighbor set
2025-11-12 21:51:10 - 8_0.0_1 - INFO - => result | total 3,283 | correct 2,457 | acc 74.84% | err 25.16% | macro_f1 71.51%
2025-11-12 21:51:10 - 8_0.0_1 - INFO - Evaluate on the client5 local set
2025-11-12 21:51:16 - 8_0.0_1 - INFO - => result | total 399 | correct 292 | acc 73.18% | err 26.82% | macro_f1 74.11%
2025-11-12 21:51:16 - 8_0.0_1 - INFO - Evaluate on the client5 neighbor set
2025-11-12 21:52:08 - 8_0.0_1 - INFO - => result | total 3,270 | correct 2,453 | acc 75.02% | err 24.98% | macro_f1 71.53%
2025-11-12 21:52:08 - 8_0.0_1 - INFO - Evaluate on the client6 local set
2025-11-12 21:52:13 - 8_0.0_1 - INFO - => result | total 400 | correct 261 | acc 65.25% | err 34.75% | macro_f1 69.29%
2025-11-12 21:52:13 - 8_0.0_1 - INFO - Evaluate on the client6 neighbor set
2025-11-12 21:53:02 - 8_0.0_1 - INFO - => result | total 3,269 | correct 2,487 | acc 76.08% | err 23.92% | macro_f1 73.76%
2025-11-12 21:53:02 - 8_0.0_1 - INFO - Evaluate on the client7 local set
2025-11-12 21:53:08 - 8_0.0_1 - INFO - => result | total 400 | correct 288 | acc 72.00% | err 28.00% | macro_f1 73.45%
2025-11-12 21:53:08 - 8_0.0_1 - INFO - Evaluate on the client7 neighbor set
2025-11-12 21:53:52 - 8_0.0_1 - INFO - => result | total 3,269 | correct 2,456 | acc 75.13% | err 24.87% | macro_f1 70.85%
2025-11-12 21:53:52 - 8_0.0_1 - INFO - Evaluate on the client8 local set
2025-11-12 21:53:58 - 8_0.0_1 - INFO - => result | total 400 | correct 364 | acc 91.00% | err 9.00% | macro_f1 95.16%
2025-11-12 21:53:58 - 8_0.0_1 - INFO - Evaluate on the client8 neighbor set
2025-11-12 21:54:46 - 8_0.0_1 - INFO - => result | total 3,269 | correct 2,380 | acc 72.81% | err 27.19% | macro_f1 68.32%
2025-11-12 21:54:46 - 8_0.0_1 - INFO - Evaluate on the client9 local set
2025-11-12 21:54:47 - 8_0.0_1 - INFO - => result | total 100 | correct 100 | acc 100.00% | err 0.00% | macro_f1 100.00%
2025-11-12 21:54:47 - 8_0.0_1 - INFO - Evaluate on the client9 neighbor set
2025-11-12 21:55:43 - 8_0.0_1 - INFO - => result | total 3,569 | correct 2,642 | acc 74.03% | err 25.97% | macro_f1 69.89%
2025-11-12 21:55:43 - 8_0.0_1 - INFO - Global test local acc: 78.75
2025-11-12 21:55:43 - 8_0.0_1 - INFO - Global test neighbor acc: 75.03
2025-11-12 21:55:43 - 8_0.0_1 - INFO - ------------local test finish-------------
2025-11-12 21:55:43 - 8_0.0_1 - INFO - [Epoch 28/30] 测试耗时: 534.61s
2025-11-12 21:55:53 - 8_0.0_1 - INFO - [Epoch 29/30] 训练耗时: 9.24s | 平均训练准确率: 88.44
2025-11-12 21:55:53 - 8_0.0_1 - INFO - ------------local test start-------------
2025-11-12 21:55:53 - 8_0.0_1 - INFO - Evaluate on the client0 local set
2025-11-12 21:55:58 - 8_0.0_1 - INFO - => result | total 399 | correct 323 | acc 80.95% | err 19.05% | macro_f1 88.52%
2025-11-12 21:55:58 - 8_0.0_1 - INFO - Evaluate on the client0 neighbor set
2025-11-12 21:56:43 - 8_0.0_1 - INFO - => result | total 3,270 | correct 2,499 | acc 76.42% | err 23.58% | macro_f1 73.21%
2025-11-12 21:56:43 - 8_0.0_1 - INFO - Evaluate on the client1 local set
2025-11-12 21:56:49 - 8_0.0_1 - INFO - => result | total 399 | correct 281 | acc 70.43% | err 29.57% | macro_f1 79.96%
2025-11-12 21:56:49 - 8_0.0_1 - INFO - Evaluate on the client1 neighbor set
2025-11-12 21:57:37 - 8_0.0_1 - INFO - => result | total 3,270 | correct 2,514 | acc 76.88% | err 23.12% | macro_f1 72.96%
2025-11-12 21:57:37 - 8_0.0_1 - INFO - Evaluate on the client2 local set
2025-11-12 21:57:43 - 8_0.0_1 - INFO - => result | total 389 | correct 362 | acc 93.06% | err 6.94% | macro_f1 95.77%
2025-11-12 21:57:43 - 8_0.0_1 - INFO - Evaluate on the client2 neighbor set
2025-11-12 21:58:27 - 8_0.0_1 - INFO - => result | total 3,280 | correct 2,408 | acc 73.41% | err 26.59% | macro_f1 70.73%
2025-11-12 21:58:27 - 8_0.0_1 - INFO - Evaluate on the client3 local set
2025-11-12 21:58:35 - 8_0.0_1 - INFO - => result | total 397 | correct 273 | acc 68.77% | err 31.23% | macro_f1 76.90%
2025-11-12 21:58:35 - 8_0.0_1 - INFO - Evaluate on the client3 neighbor set
2025-11-12 21:59:25 - 8_0.0_1 - INFO - => result | total 3,272 | correct 2,469 | acc 75.46% | err 24.54% | macro_f1 71.98%
2025-11-12 21:59:25 - 8_0.0_1 - INFO - Evaluate on the client4 local set
2025-11-12 21:59:32 - 8_0.0_1 - INFO - => result | total 386 | correct 285 | acc 73.83% | err 26.17% | macro_f1 68.92%
2025-11-12 21:59:32 - 8_0.0_1 - INFO - Evaluate on the client4 neighbor set
2025-11-12 22:00:18 - 8_0.0_1 - INFO - => result | total 3,283 | correct 2,445 | acc 74.47% | err 25.53% | macro_f1 71.12%
2025-11-12 22:00:18 - 8_0.0_1 - INFO - Evaluate on the client5 local set
2025-11-12 22:00:25 - 8_0.0_1 - INFO - => result | total 399 | correct 292 | acc 73.18% | err 26.82% | macro_f1 74.11%
2025-11-12 22:00:25 - 8_0.0_1 - INFO - Evaluate on the client5 neighbor set
2025-11-12 22:01:12 - 8_0.0_1 - INFO - => result | total 3,270 | correct 2,439 | acc 74.59% | err 25.41% | macro_f1 71.15%
2025-11-12 22:01:12 - 8_0.0_1 - INFO - Evaluate on the client6 local set
2025-11-12 22:01:17 - 8_0.0_1 - INFO - => result | total 400 | correct 258 | acc 64.50% | err 35.50% | macro_f1 68.84%
2025-11-12 22:01:17 - 8_0.0_1 - INFO - Evaluate on the client6 neighbor set
2025-11-12 22:02:05 - 8_0.0_1 - INFO - => result | total 3,269 | correct 2,475 | acc 75.71% | err 24.29% | macro_f1 73.33%
2025-11-12 22:02:05 - 8_0.0_1 - INFO - Evaluate on the client7 local set
2025-11-12 22:02:12 - 8_0.0_1 - INFO - => result | total 400 | correct 286 | acc 71.50% | err 28.50% | macro_f1 73.19%
2025-11-12 22:02:12 - 8_0.0_1 - INFO - Evaluate on the client7 neighbor set
2025-11-12 22:02:59 - 8_0.0_1 - INFO - => result | total 3,269 | correct 2,450 | acc 74.95% | err 25.05% | macro_f1 70.68%
2025-11-12 22:02:59 - 8_0.0_1 - INFO - Evaluate on the client8 local set
2025-11-12 22:03:04 - 8_0.0_1 - INFO - => result | total 400 | correct 362 | acc 90.50% | err 9.50% | macro_f1 94.85%
2025-11-12 22:03:04 - 8_0.0_1 - INFO - Evaluate on the client8 neighbor set
2025-11-12 22:03:56 - 8_0.0_1 - INFO - => result | total 3,269 | correct 2,370 | acc 72.50% | err 27.50% | macro_f1 68.00%
2025-11-12 22:03:56 - 8_0.0_1 - INFO - Evaluate on the client9 local set
2025-11-12 22:03:58 - 8_0.0_1 - INFO - => result | total 100 | correct 100 | acc 100.00% | err 0.00% | macro_f1 100.00%
2025-11-12 22:03:58 - 8_0.0_1 - INFO - Evaluate on the client9 neighbor set
2025-11-12 22:04:52 - 8_0.0_1 - INFO - => result | total 3,569 | correct 2,634 | acc 73.80% | err 26.20% | macro_f1 69.69%
2025-11-12 22:04:52 - 8_0.0_1 - INFO - Global test local acc: 78.67
2025-11-12 22:04:52 - 8_0.0_1 - INFO - Global test neighbor acc: 74.82
2025-11-12 22:04:52 - 8_0.0_1 - INFO - ------------local test finish-------------
2025-11-12 22:04:52 - 8_0.0_1 - INFO - [Epoch 29/30] 测试耗时: 539.43s
2025-11-12 22:05:04 - 8_0.0_1 - INFO - [Epoch 30/30] 训练耗时: 11.88s | 平均训练准确率: 89.69
2025-11-12 22:05:04 - 8_0.0_1 - INFO - ------------local test start-------------
2025-11-12 22:05:04 - 8_0.0_1 - INFO - Evaluate on the client0 local set
2025-11-12 22:05:09 - 8_0.0_1 - INFO - => result | total 399 | correct 316 | acc 79.20% | err 20.80% | macro_f1 87.13%
2025-11-12 22:05:09 - 8_0.0_1 - INFO - Evaluate on the client0 neighbor set
2025-11-12 22:06:00 - 8_0.0_1 - INFO - => result | total 3,270 | correct 2,495 | acc 76.30% | err 23.70% | macro_f1 73.04%
2025-11-12 22:06:00 - 8_0.0_1 - INFO - Evaluate on the client1 local set
2025-11-12 22:06:06 - 8_0.0_1 - INFO - => result | total 399 | correct 275 | acc 68.92% | err 31.08% | macro_f1 78.45%
2025-11-12 22:06:06 - 8_0.0_1 - INFO - Evaluate on the client1 neighbor set
2025-11-12 22:06:54 - 8_0.0_1 - INFO - => result | total 3,270 | correct 2,502 | acc 76.51% | err 23.49% | macro_f1 72.46%
2025-11-12 22:06:54 - 8_0.0_1 - INFO - Evaluate on the client2 local set
2025-11-12 22:06:59 - 8_0.0_1 - INFO - => result | total 389 | correct 361 | acc 92.80% | err 7.20% | macro_f1 95.63%
2025-11-12 22:06:59 - 8_0.0_1 - INFO - Evaluate on the client2 neighbor set
2025-11-12 22:07:48 - 8_0.0_1 - INFO - => result | total 3,280 | correct 2,382 | acc 72.62% | err 27.38% | macro_f1 69.64%
2025-11-12 22:07:48 - 8_0.0_1 - INFO - Evaluate on the client3 local set
2025-11-12 22:07:53 - 8_0.0_1 - INFO - => result | total 397 | correct 271 | acc 68.26% | err 31.74% | macro_f1 76.43%
2025-11-12 22:07:53 - 8_0.0_1 - INFO - Evaluate on the client3 neighbor set
2025-11-12 22:08:42 - 8_0.0_1 - INFO - => result | total 3,272 | correct 2,454 | acc 75.00% | err 25.00% | macro_f1 71.43%
2025-11-12 22:08:42 - 8_0.0_1 - INFO - Evaluate on the client4 local set
2025-11-12 22:08:48 - 8_0.0_1 - INFO - => result | total 386 | correct 285 | acc 73.83% | err 26.17% | macro_f1 69.01%
2025-11-12 22:08:48 - 8_0.0_1 - INFO - Evaluate on the client4 neighbor set
2025-11-12 22:09:34 - 8_0.0_1 - INFO - => result | total 3,283 | correct 2,438 | acc 74.26% | err 25.74% | macro_f1 70.78%
2025-11-12 22:09:34 - 8_0.0_1 - INFO - Evaluate on the client5 local set
2025-11-12 22:09:41 - 8_0.0_1 - INFO - => result | total 399 | correct 292 | acc 73.18% | err 26.82% | macro_f1 74.11%
2025-11-12 22:09:41 - 8_0.0_1 - INFO - Evaluate on the client5 neighbor set
2025-11-12 22:10:40 - 8_0.0_1 - INFO - => result | total 3,270 | correct 2,435 | acc 74.46% | err 25.54% | macro_f1 70.92%
2025-11-12 22:10:40 - 8_0.0_1 - INFO - Evaluate on the client6 local set
2025-11-12 22:10:46 - 8_0.0_1 - INFO - => result | total 400 | correct 258 | acc 64.50% | err 35.50% | macro_f1 68.84%
2025-11-12 22:10:46 - 8_0.0_1 - INFO - Evaluate on the client6 neighbor set
2025-11-12 22:11:32 - 8_0.0_1 - INFO - => result | total 3,269 | correct 2,469 | acc 75.53% | err 24.47% | macro_f1 73.08%
2025-11-12 22:11:32 - 8_0.0_1 - INFO - Evaluate on the client7 local set
2025-11-12 22:11:36 - 8_0.0_1 - INFO - => result | total 400 | correct 288 | acc 72.00% | err 28.00% | macro_f1 73.45%
2025-11-12 22:11:36 - 8_0.0_1 - INFO - Evaluate on the client7 neighbor set
2025-11-12 22:12:25 - 8_0.0_1 - INFO - => result | total 3,269 | correct 2,436 | acc 74.52% | err 25.48% | macro_f1 70.17%
2025-11-12 22:12:25 - 8_0.0_1 - INFO - Evaluate on the client8 local set
2025-11-12 22:12:33 - 8_0.0_1 - INFO - => result | total 400 | correct 364 | acc 91.00% | err 9.00% | macro_f1 95.16%
2025-11-12 22:12:33 - 8_0.0_1 - INFO - Evaluate on the client8 neighbor set
2025-11-12 22:13:22 - 8_0.0_1 - INFO - => result | total 3,269 | correct 2,360 | acc 72.19% | err 27.81% | macro_f1 67.63%
2025-11-12 22:13:22 - 8_0.0_1 - INFO - Evaluate on the client9 local set
2025-11-12 22:13:23 - 8_0.0_1 - INFO - => result | total 100 | correct 100 | acc 100.00% | err 0.00% | macro_f1 100.00%
2025-11-12 22:13:23 - 8_0.0_1 - INFO - Evaluate on the client9 neighbor set
2025-11-12 22:14:16 - 8_0.0_1 - INFO - => result | total 3,569 | correct 2,631 | acc 73.72% | err 26.28% | macro_f1 69.61%
2025-11-12 22:14:16 - 8_0.0_1 - INFO - Global test local acc: 78.37
2025-11-12 22:14:16 - 8_0.0_1 - INFO - Global test neighbor acc: 74.51
2025-11-12 22:14:16 - 8_0.0_1 - INFO - ------------local test finish-------------
2025-11-12 22:14:16 - 8_0.0_1 - INFO - [Epoch 30/30] 测试耗时: 552.57s
2025-11-12 22:14:16 - 8_0.0_1 - INFO - maximum test local acc: 78.747
2025-11-12 22:14:16 - 8_0.0_1 - INFO - mean of local acc: 78.596
2025-11-12 22:14:16 - 8_0.0_1 - INFO - maximum test neighbor acc: 75.035
2025-11-12 22:14:16 - 8_0.0_1 - INFO - mean of neighbor acc: 74.789
