2025-11-13 01:33:04 - 8_0.05_1 - INFO - 日志文件已创建: logs/oxford_pets/promptfl/8_0.05_1_20251113_013304.log
2025-11-13 01:33:04 - 8_0.05_1 - INFO - Loading trainer: DP_FPL
2025-11-13 01:33:04 - 8_0.05_1 - INFO - Loading dataset: OxfordPets
2025-11-13 01:33:04 - 8_0.05_1 - INFO - Reading split from /home/liuxin25/dataset/oxford_pets/split_zhou_OxfordPets.json
2025-11-13 01:33:04 - 8_0.05_1 - INFO - Creating a baseline federated dataset
2025-11-13 01:33:04 - 8_0.05_1 - INFO - class_num 37
2025-11-13 01:33:04 - 8_0.05_1 - INFO - user class dict total [18, 14, 23, 10]
2025-11-13 01:33:04 - 8_0.05_1 - INFO - idx: 0, output_dict_len: 320
2025-11-13 01:33:04 - 8_0.05_1 - INFO - user class dict total [8, 4, 13, 19]
2025-11-13 01:33:04 - 8_0.05_1 - INFO - idx: 1, output_dict_len: 320
2025-11-13 01:33:04 - 8_0.05_1 - INFO - user class dict total [12, 29, 34, 15]
2025-11-13 01:33:04 - 8_0.05_1 - INFO - idx: 2, output_dict_len: 317
2025-11-13 01:33:04 - 8_0.05_1 - INFO - user class dict total [2, 32, 1, 11]
2025-11-13 01:33:04 - 8_0.05_1 - INFO - idx: 3, output_dict_len: 313
2025-11-13 01:33:04 - 8_0.05_1 - INFO - user class dict total [31, 0, 35, 7]
2025-11-13 01:33:04 - 8_0.05_1 - INFO - idx: 4, output_dict_len: 317
2025-11-13 01:33:04 - 8_0.05_1 - INFO - user class dict total [5, 27, 16, 30]
2025-11-13 01:33:04 - 8_0.05_1 - INFO - idx: 5, output_dict_len: 320
2025-11-13 01:33:04 - 8_0.05_1 - INFO - user class dict total [17, 22, 26, 9]
2025-11-13 01:33:04 - 8_0.05_1 - INFO - idx: 6, output_dict_len: 317
2025-11-13 01:33:04 - 8_0.05_1 - INFO - user class dict total [33, 3, 25, 6]
2025-11-13 01:33:04 - 8_0.05_1 - INFO - idx: 7, output_dict_len: 320
2025-11-13 01:33:04 - 8_0.05_1 - INFO - user class dict total [21, 20, 36, 28]
2025-11-13 01:33:04 - 8_0.05_1 - INFO - idx: 8, output_dict_len: 320
2025-11-13 01:33:04 - 8_0.05_1 - INFO - user class dict total [24]
2025-11-13 01:33:04 - 8_0.05_1 - INFO - idx: 9, output_dict_len: 80
2025-11-13 01:33:04 - 8_0.05_1 - INFO - Creating a baseline federated dataset
2025-11-13 01:33:04 - 8_0.05_1 - INFO - class_num 37
2025-11-13 01:33:04 - 8_0.05_1 - INFO - user class dict total [18, 14, 23, 10]
2025-11-13 01:33:04 - 8_0.05_1 - INFO - idx: 0, output_dict_len: 399
2025-11-13 01:33:04 - 8_0.05_1 - INFO - user class dict total [8, 4, 13, 19]
2025-11-13 01:33:04 - 8_0.05_1 - INFO - idx: 1, output_dict_len: 399
2025-11-13 01:33:04 - 8_0.05_1 - INFO - user class dict total [12, 29, 34, 15]
2025-11-13 01:33:04 - 8_0.05_1 - INFO - idx: 2, output_dict_len: 389
2025-11-13 01:33:04 - 8_0.05_1 - INFO - user class dict total [2, 32, 1, 11]
2025-11-13 01:33:04 - 8_0.05_1 - INFO - idx: 3, output_dict_len: 397
2025-11-13 01:33:04 - 8_0.05_1 - INFO - user class dict total [31, 0, 35, 7]
2025-11-13 01:33:04 - 8_0.05_1 - INFO - idx: 4, output_dict_len: 386
2025-11-13 01:33:04 - 8_0.05_1 - INFO - user class dict total [5, 27, 16, 30]
2025-11-13 01:33:04 - 8_0.05_1 - INFO - idx: 5, output_dict_len: 399
2025-11-13 01:33:04 - 8_0.05_1 - INFO - user class dict total [17, 22, 26, 9]
2025-11-13 01:33:04 - 8_0.05_1 - INFO - idx: 6, output_dict_len: 400
2025-11-13 01:33:04 - 8_0.05_1 - INFO - user class dict total [33, 3, 25, 6]
2025-11-13 01:33:04 - 8_0.05_1 - INFO - idx: 7, output_dict_len: 400
2025-11-13 01:33:04 - 8_0.05_1 - INFO - user class dict total [21, 20, 36, 28]
2025-11-13 01:33:04 - 8_0.05_1 - INFO - idx: 8, output_dict_len: 400
2025-11-13 01:33:04 - 8_0.05_1 - INFO - user class dict total [24]
2025-11-13 01:33:04 - 8_0.05_1 - INFO - idx: 9, output_dict_len: 100
2025-11-13 01:33:04 - 8_0.05_1 - INFO - Loading CLIP (backbone: ViT-B/16)
2025-11-13 01:33:08 - 8_0.05_1 - INFO - Building custom CLIP
2025-11-13 01:33:08 - 8_0.05_1 - INFO - Turning off gradients in both the image and the text encoder
2025-11-13 01:33:19 - 8_0.05_1 - INFO - [Epoch 1/30] 训练耗时: 11.10s | 平均训练准确率: 54.06
2025-11-13 01:33:31 - 8_0.05_1 - INFO - [Epoch 2/30] 训练耗时: 11.43s | 平均训练准确率: 62.03
2025-11-13 01:33:41 - 8_0.05_1 - INFO - [Epoch 3/30] 训练耗时: 10.64s | 平均训练准确率: 69.06
2025-11-13 01:33:52 - 8_0.05_1 - INFO - [Epoch 4/30] 训练耗时: 11.00s | 平均训练准确率: 68.44
2025-11-13 01:34:04 - 8_0.05_1 - INFO - [Epoch 5/30] 训练耗时: 11.45s | 平均训练准确率: 72.34
2025-11-13 01:34:15 - 8_0.05_1 - INFO - [Epoch 6/30] 训练耗时: 10.65s | 平均训练准确率: 72.19
2025-11-13 01:34:26 - 8_0.05_1 - INFO - [Epoch 7/30] 训练耗时: 11.49s | 平均训练准确率: 72.81
2025-11-13 01:34:36 - 8_0.05_1 - INFO - [Epoch 8/30] 训练耗时: 9.82s | 平均训练准确率: 69.69
2025-11-13 01:34:46 - 8_0.05_1 - INFO - [Epoch 9/30] 训练耗时: 10.01s | 平均训练准确率: 67.03
2025-11-13 01:34:56 - 8_0.05_1 - INFO - [Epoch 10/30] 训练耗时: 10.61s | 平均训练准确率: 68.91
2025-11-13 01:35:05 - 8_0.05_1 - INFO - [Epoch 11/30] 训练耗时: 8.60s | 平均训练准确率: 72.97
2025-11-13 01:35:11 - 8_0.05_1 - INFO - [Epoch 12/30] 训练耗时: 5.85s | 平均训练准确率: 72.97
2025-11-13 01:35:18 - 8_0.05_1 - INFO - [Epoch 13/30] 训练耗时: 7.32s | 平均训练准确率: 72.81
2025-11-13 01:35:27 - 8_0.05_1 - INFO - [Epoch 14/30] 训练耗时: 8.31s | 平均训练准确率: 69.84
2025-11-13 01:35:34 - 8_0.05_1 - INFO - [Epoch 15/30] 训练耗时: 7.68s | 平均训练准确率: 69.69
2025-11-13 01:35:42 - 8_0.05_1 - INFO - [Epoch 16/30] 训练耗时: 8.24s | 平均训练准确率: 70.47
2025-11-13 01:35:51 - 8_0.05_1 - INFO - [Epoch 17/30] 训练耗时: 8.03s | 平均训练准确率: 70.78
2025-11-13 01:35:59 - 8_0.05_1 - INFO - [Epoch 18/30] 训练耗时: 8.31s | 平均训练准确率: 72.19
2025-11-13 01:36:06 - 8_0.05_1 - INFO - [Epoch 19/30] 训练耗时: 7.13s | 平均训练准确率: 74.84
2025-11-13 01:36:14 - 8_0.05_1 - INFO - [Epoch 20/30] 训练耗时: 7.70s | 平均训练准确率: 75.94
2025-11-13 01:36:21 - 8_0.05_1 - INFO - [Epoch 21/30] 训练耗时: 7.49s | 平均训练准确率: 72.34
2025-11-13 01:36:29 - 8_0.05_1 - INFO - [Epoch 22/30] 训练耗时: 7.82s | 平均训练准确率: 73.91
2025-11-13 01:36:37 - 8_0.05_1 - INFO - [Epoch 23/30] 训练耗时: 7.75s | 平均训练准确率: 75.78
2025-11-13 01:36:45 - 8_0.05_1 - INFO - [Epoch 24/30] 训练耗时: 7.96s | 平均训练准确率: 75.94
2025-11-13 01:36:52 - 8_0.05_1 - INFO - [Epoch 25/30] 训练耗时: 7.68s | 平均训练准确率: 75.78
2025-11-13 01:37:00 - 8_0.05_1 - INFO - [Epoch 26/30] 训练耗时: 7.55s | 平均训练准确率: 78.12
2025-11-13 01:37:08 - 8_0.05_1 - INFO - [Epoch 27/30] 训练耗时: 7.71s | 平均训练准确率: 76.56
2025-11-13 01:37:15 - 8_0.05_1 - INFO - [Epoch 28/30] 训练耗时: 7.84s | 平均训练准确率: 76.72
2025-11-13 01:37:15 - 8_0.05_1 - INFO - ------------local test start-------------
2025-11-13 01:37:15 - 8_0.05_1 - INFO - Evaluate on the client0 local set
2025-11-13 01:37:21 - 8_0.05_1 - INFO - => result | total 399 | correct 250 | acc 62.66% | err 37.34% | macro_f1 67.76%
2025-11-13 01:37:21 - 8_0.05_1 - INFO - Evaluate on the client0 neighbor set
2025-11-13 01:38:01 - 8_0.05_1 - INFO - => result | total 3,270 | correct 2,449 | acc 74.89% | err 25.11% | macro_f1 69.89%
2025-11-13 01:38:01 - 8_0.05_1 - INFO - Evaluate on the client1 local set
2025-11-13 01:38:06 - 8_0.05_1 - INFO - => result | total 399 | correct 269 | acc 67.42% | err 32.58% | macro_f1 71.07%
2025-11-13 01:38:06 - 8_0.05_1 - INFO - Evaluate on the client1 neighbor set
2025-11-13 01:38:46 - 8_0.05_1 - INFO - => result | total 3,270 | correct 2,436 | acc 74.50% | err 25.50% | macro_f1 70.16%
2025-11-13 01:38:46 - 8_0.05_1 - INFO - Evaluate on the client2 local set
2025-11-13 01:38:50 - 8_0.05_1 - INFO - => result | total 389 | correct 371 | acc 95.37% | err 4.63% | macro_f1 97.34%
2025-11-13 01:38:50 - 8_0.05_1 - INFO - Evaluate on the client2 neighbor set
2025-11-13 01:39:31 - 8_0.05_1 - INFO - => result | total 3,280 | correct 2,341 | acc 71.37% | err 28.63% | macro_f1 66.77%
2025-11-13 01:39:31 - 8_0.05_1 - INFO - Evaluate on the client3 local set
2025-11-13 01:39:36 - 8_0.05_1 - INFO - => result | total 397 | correct 292 | acc 73.55% | err 26.45% | macro_f1 81.68%
2025-11-13 01:39:36 - 8_0.05_1 - INFO - Evaluate on the client3 neighbor set
2025-11-13 01:40:15 - 8_0.05_1 - INFO - => result | total 3,272 | correct 2,424 | acc 74.08% | err 25.92% | macro_f1 69.91%
2025-11-13 01:40:15 - 8_0.05_1 - INFO - Evaluate on the client4 local set
2025-11-13 01:40:20 - 8_0.05_1 - INFO - => result | total 386 | correct 280 | acc 72.54% | err 27.46% | macro_f1 70.22%
2025-11-13 01:40:20 - 8_0.05_1 - INFO - Evaluate on the client4 neighbor set
2025-11-13 01:41:01 - 8_0.05_1 - INFO - => result | total 3,283 | correct 2,448 | acc 74.57% | err 25.43% | macro_f1 70.52%
2025-11-13 01:41:01 - 8_0.05_1 - INFO - Evaluate on the client5 local set
2025-11-13 01:41:06 - 8_0.05_1 - INFO - => result | total 399 | correct 261 | acc 65.41% | err 34.59% | macro_f1 69.26%
2025-11-13 01:41:06 - 8_0.05_1 - INFO - Evaluate on the client5 neighbor set
2025-11-13 01:41:45 - 8_0.05_1 - INFO - => result | total 3,270 | correct 2,473 | acc 75.63% | err 24.37% | macro_f1 71.24%
2025-11-13 01:41:45 - 8_0.05_1 - INFO - Evaluate on the client6 local set
2025-11-13 01:41:50 - 8_0.05_1 - INFO - => result | total 400 | correct 231 | acc 57.75% | err 42.25% | macro_f1 59.12%
2025-11-13 01:41:50 - 8_0.05_1 - INFO - Evaluate on the client6 neighbor set
2025-11-13 01:42:30 - 8_0.05_1 - INFO - => result | total 3,269 | correct 2,510 | acc 76.78% | err 23.22% | macro_f1 73.75%
2025-11-13 01:42:30 - 8_0.05_1 - INFO - Evaluate on the client7 local set
2025-11-13 01:42:35 - 8_0.05_1 - INFO - => result | total 400 | correct 296 | acc 74.00% | err 26.00% | macro_f1 74.50%
2025-11-13 01:42:35 - 8_0.05_1 - INFO - Evaluate on the client7 neighbor set
2025-11-13 01:43:15 - 8_0.05_1 - INFO - => result | total 3,269 | correct 2,448 | acc 74.89% | err 25.11% | macro_f1 70.14%
2025-11-13 01:43:15 - 8_0.05_1 - INFO - Evaluate on the client8 local set
2025-11-13 01:43:20 - 8_0.05_1 - INFO - => result | total 400 | correct 369 | acc 92.25% | err 7.75% | macro_f1 95.91%
2025-11-13 01:43:20 - 8_0.05_1 - INFO - Evaluate on the client8 neighbor set
2025-11-13 01:44:00 - 8_0.05_1 - INFO - => result | total 3,269 | correct 2,378 | acc 72.74% | err 27.26% | macro_f1 67.51%
2025-11-13 01:44:00 - 8_0.05_1 - INFO - Evaluate on the client9 local set
2025-11-13 01:44:01 - 8_0.05_1 - INFO - => result | total 100 | correct 99 | acc 99.00% | err 1.00% | macro_f1 99.50%
2025-11-13 01:44:01 - 8_0.05_1 - INFO - Evaluate on the client9 neighbor set
2025-11-13 01:44:43 - 8_0.05_1 - INFO - => result | total 3,569 | correct 2,648 | acc 74.19% | err 25.81% | macro_f1 68.91%
2025-11-13 01:44:43 - 8_0.05_1 - INFO - Global test local acc: 76.00
2025-11-13 01:44:43 - 8_0.05_1 - INFO - Global test neighbor acc: 74.36
2025-11-13 01:44:43 - 8_0.05_1 - INFO - ------------local test finish-------------
2025-11-13 01:44:43 - 8_0.05_1 - INFO - [Epoch 28/30] 测试耗时: 447.41s
2025-11-13 01:44:51 - 8_0.05_1 - INFO - [Epoch 29/30] 训练耗时: 8.05s | 平均训练准确率: 73.44
2025-11-13 01:44:51 - 8_0.05_1 - INFO - ------------local test start-------------
2025-11-13 01:44:51 - 8_0.05_1 - INFO - Evaluate on the client0 local set
2025-11-13 01:44:56 - 8_0.05_1 - INFO - => result | total 399 | correct 262 | acc 65.66% | err 34.34% | macro_f1 69.87%
2025-11-13 01:44:56 - 8_0.05_1 - INFO - Evaluate on the client0 neighbor set
2025-11-13 01:45:35 - 8_0.05_1 - INFO - => result | total 3,270 | correct 2,469 | acc 75.50% | err 24.50% | macro_f1 70.16%
2025-11-13 01:45:35 - 8_0.05_1 - INFO - Evaluate on the client1 local set
2025-11-13 01:45:40 - 8_0.05_1 - INFO - => result | total 399 | correct 265 | acc 66.42% | err 33.58% | macro_f1 70.07%
2025-11-13 01:45:40 - 8_0.05_1 - INFO - Evaluate on the client1 neighbor set
2025-11-13 01:46:19 - 8_0.05_1 - INFO - => result | total 3,270 | correct 2,483 | acc 75.93% | err 24.07% | macro_f1 71.29%
2025-11-13 01:46:19 - 8_0.05_1 - INFO - Evaluate on the client2 local set
2025-11-13 01:46:23 - 8_0.05_1 - INFO - => result | total 389 | correct 370 | acc 95.12% | err 4.88% | macro_f1 97.19%
2025-11-13 01:46:23 - 8_0.05_1 - INFO - Evaluate on the client2 neighbor set
2025-11-13 01:47:02 - 8_0.05_1 - INFO - => result | total 3,280 | correct 2,386 | acc 72.74% | err 27.26% | macro_f1 67.72%
2025-11-13 01:47:02 - 8_0.05_1 - INFO - Evaluate on the client3 local set
2025-11-13 01:47:06 - 8_0.05_1 - INFO - => result | total 397 | correct 299 | acc 75.31% | err 24.69% | macro_f1 82.48%
2025-11-13 01:47:06 - 8_0.05_1 - INFO - Evaluate on the client3 neighbor set
2025-11-13 01:47:45 - 8_0.05_1 - INFO - => result | total 3,272 | correct 2,466 | acc 75.37% | err 24.63% | macro_f1 71.05%
2025-11-13 01:47:45 - 8_0.05_1 - INFO - Evaluate on the client4 local set
2025-11-13 01:47:50 - 8_0.05_1 - INFO - => result | total 386 | correct 281 | acc 72.80% | err 27.20% | macro_f1 71.32%
2025-11-13 01:47:50 - 8_0.05_1 - INFO - Evaluate on the client4 neighbor set
2025-11-13 01:48:30 - 8_0.05_1 - INFO - => result | total 3,283 | correct 2,486 | acc 75.72% | err 24.28% | macro_f1 71.40%
2025-11-13 01:48:30 - 8_0.05_1 - INFO - Evaluate on the client5 local set
2025-11-13 01:48:34 - 8_0.05_1 - INFO - => result | total 399 | correct 289 | acc 72.43% | err 27.57% | macro_f1 73.71%
2025-11-13 01:48:34 - 8_0.05_1 - INFO - Evaluate on the client5 neighbor set
2025-11-13 01:49:13 - 8_0.05_1 - INFO - => result | total 3,270 | correct 2,486 | acc 76.02% | err 23.98% | macro_f1 71.87%
2025-11-13 01:49:13 - 8_0.05_1 - INFO - Evaluate on the client6 local set
2025-11-13 01:49:17 - 8_0.05_1 - INFO - => result | total 400 | correct 231 | acc 57.75% | err 42.25% | macro_f1 61.12%
2025-11-13 01:49:17 - 8_0.05_1 - INFO - Evaluate on the client6 neighbor set
2025-11-13 01:49:56 - 8_0.05_1 - INFO - => result | total 3,269 | correct 2,546 | acc 77.88% | err 22.12% | macro_f1 74.49%
2025-11-13 01:49:56 - 8_0.05_1 - INFO - Evaluate on the client7 local set
2025-11-13 01:50:01 - 8_0.05_1 - INFO - => result | total 400 | correct 297 | acc 74.25% | err 25.75% | macro_f1 74.62%
2025-11-13 01:50:01 - 8_0.05_1 - INFO - Evaluate on the client7 neighbor set
2025-11-13 01:50:42 - 8_0.05_1 - INFO - => result | total 3,269 | correct 2,483 | acc 75.96% | err 24.04% | macro_f1 71.06%
2025-11-13 01:50:42 - 8_0.05_1 - INFO - Evaluate on the client8 local set
2025-11-13 01:50:46 - 8_0.05_1 - INFO - => result | total 400 | correct 370 | acc 92.50% | err 7.50% | macro_f1 96.03%
2025-11-13 01:50:46 - 8_0.05_1 - INFO - Evaluate on the client8 neighbor set
2025-11-13 01:51:25 - 8_0.05_1 - INFO - => result | total 3,269 | correct 2,416 | acc 73.91% | err 26.09% | macro_f1 68.49%
2025-11-13 01:51:25 - 8_0.05_1 - INFO - Evaluate on the client9 local set
2025-11-13 01:51:26 - 8_0.05_1 - INFO - => result | total 100 | correct 99 | acc 99.00% | err 1.00% | macro_f1 99.50%
2025-11-13 01:51:26 - 8_0.05_1 - INFO - Evaluate on the client9 neighbor set
2025-11-13 01:52:09 - 8_0.05_1 - INFO - => result | total 3,569 | correct 2,687 | acc 75.29% | err 24.71% | macro_f1 69.88%
2025-11-13 01:52:09 - 8_0.05_1 - INFO - Global test local acc: 77.12
2025-11-13 01:52:09 - 8_0.05_1 - INFO - Global test neighbor acc: 75.43
2025-11-13 01:52:09 - 8_0.05_1 - INFO - ------------local test finish-------------
2025-11-13 01:52:09 - 8_0.05_1 - INFO - [Epoch 29/30] 测试耗时: 438.48s
2025-11-13 01:52:17 - 8_0.05_1 - INFO - [Epoch 30/30] 训练耗时: 7.57s | 平均训练准确率: 74.06
2025-11-13 01:52:17 - 8_0.05_1 - INFO - ------------local test start-------------
2025-11-13 01:52:17 - 8_0.05_1 - INFO - Evaluate on the client0 local set
2025-11-13 01:52:22 - 8_0.05_1 - INFO - => result | total 399 | correct 266 | acc 66.67% | err 33.33% | macro_f1 70.34%
2025-11-13 01:52:22 - 8_0.05_1 - INFO - Evaluate on the client0 neighbor set
2025-11-13 01:53:01 - 8_0.05_1 - INFO - => result | total 3,270 | correct 2,357 | acc 72.08% | err 27.92% | macro_f1 66.45%
2025-11-13 01:53:01 - 8_0.05_1 - INFO - Evaluate on the client1 local set
2025-11-13 01:53:06 - 8_0.05_1 - INFO - => result | total 399 | correct 228 | acc 57.14% | err 42.86% | macro_f1 61.67%
2025-11-13 01:53:06 - 8_0.05_1 - INFO - Evaluate on the client1 neighbor set
2025-11-13 01:53:45 - 8_0.05_1 - INFO - => result | total 3,270 | correct 2,406 | acc 73.58% | err 26.42% | macro_f1 68.79%
2025-11-13 01:53:45 - 8_0.05_1 - INFO - Evaluate on the client2 local set
2025-11-13 01:53:49 - 8_0.05_1 - INFO - => result | total 389 | correct 358 | acc 92.03% | err 7.97% | macro_f1 95.18%
2025-11-13 01:53:49 - 8_0.05_1 - INFO - Evaluate on the client2 neighbor set
2025-11-13 01:54:29 - 8_0.05_1 - INFO - => result | total 3,280 | correct 2,282 | acc 69.57% | err 30.43% | macro_f1 64.05%
2025-11-13 01:54:29 - 8_0.05_1 - INFO - Evaluate on the client3 local set
2025-11-13 01:54:33 - 8_0.05_1 - INFO - => result | total 397 | correct 304 | acc 76.57% | err 23.43% | macro_f1 84.08%
2025-11-13 01:54:33 - 8_0.05_1 - INFO - Evaluate on the client3 neighbor set
2025-11-13 01:55:13 - 8_0.05_1 - INFO - => result | total 3,272 | correct 2,340 | acc 71.52% | err 28.48% | macro_f1 67.37%
2025-11-13 01:55:13 - 8_0.05_1 - INFO - Evaluate on the client4 local set
2025-11-13 01:55:18 - 8_0.05_1 - INFO - => result | total 386 | correct 286 | acc 74.09% | err 25.91% | macro_f1 71.67%
2025-11-13 01:55:18 - 8_0.05_1 - INFO - Evaluate on the client4 neighbor set
2025-11-13 01:55:58 - 8_0.05_1 - INFO - => result | total 3,283 | correct 2,361 | acc 71.92% | err 28.08% | macro_f1 67.42%
2025-11-13 01:55:58 - 8_0.05_1 - INFO - Evaluate on the client5 local set
2025-11-13 01:56:03 - 8_0.05_1 - INFO - => result | total 399 | correct 258 | acc 64.66% | err 35.34% | macro_f1 68.76%
2025-11-13 01:56:03 - 8_0.05_1 - INFO - Evaluate on the client5 neighbor set
2025-11-13 01:56:41 - 8_0.05_1 - INFO - => result | total 3,270 | correct 2,393 | acc 73.18% | err 26.82% | macro_f1 68.11%
2025-11-13 01:56:41 - 8_0.05_1 - INFO - Evaluate on the client6 local set
2025-11-13 01:56:46 - 8_0.05_1 - INFO - => result | total 400 | correct 192 | acc 48.00% | err 52.00% | macro_f1 47.35%
2025-11-13 01:56:46 - 8_0.05_1 - INFO - Evaluate on the client6 neighbor set
2025-11-13 01:57:25 - 8_0.05_1 - INFO - => result | total 3,269 | correct 2,469 | acc 75.53% | err 24.47% | macro_f1 71.70%
2025-11-13 01:57:25 - 8_0.05_1 - INFO - Evaluate on the client7 local set
2025-11-13 01:57:31 - 8_0.05_1 - INFO - => result | total 400 | correct 298 | acc 74.50% | err 25.50% | macro_f1 74.75%
2025-11-13 01:57:31 - 8_0.05_1 - INFO - Evaluate on the client7 neighbor set
2025-11-13 01:58:10 - 8_0.05_1 - INFO - => result | total 3,269 | correct 2,367 | acc 72.41% | err 27.59% | macro_f1 67.23%
2025-11-13 01:58:10 - 8_0.05_1 - INFO - Evaluate on the client8 local set
2025-11-13 01:58:14 - 8_0.05_1 - INFO - => result | total 400 | correct 353 | acc 88.25% | err 11.75% | macro_f1 93.47%
2025-11-13 01:58:14 - 8_0.05_1 - INFO - Evaluate on the client8 neighbor set
2025-11-13 01:58:55 - 8_0.05_1 - INFO - => result | total 3,269 | correct 2,314 | acc 70.79% | err 29.21% | macro_f1 65.56%
2025-11-13 01:58:55 - 8_0.05_1 - INFO - Evaluate on the client9 local set
2025-11-13 01:58:57 - 8_0.05_1 - INFO - => result | total 100 | correct 99 | acc 99.00% | err 1.00% | macro_f1 99.50%
2025-11-13 01:58:57 - 8_0.05_1 - INFO - Evaluate on the client9 neighbor set
2025-11-13 01:59:39 - 8_0.05_1 - INFO - => result | total 3,569 | correct 2,567 | acc 71.92% | err 28.08% | macro_f1 66.23%
2025-11-13 01:59:39 - 8_0.05_1 - INFO - Global test local acc: 74.09
2025-11-13 01:59:39 - 8_0.05_1 - INFO - Global test neighbor acc: 72.25
2025-11-13 01:59:39 - 8_0.05_1 - INFO - ------------local test finish-------------
2025-11-13 01:59:39 - 8_0.05_1 - INFO - [Epoch 30/30] 测试耗时: 442.00s
2025-11-13 01:59:39 - 8_0.05_1 - INFO - maximum test local acc: 77.124
2025-11-13 01:59:39 - 8_0.05_1 - INFO - mean of local acc: 75.737
2025-11-13 01:59:39 - 8_0.05_1 - INFO - maximum test neighbor acc: 75.433
2025-11-13 01:59:39 - 8_0.05_1 - INFO - mean of neighbor acc: 74.015
