2025-11-13 16:10:04 - 8_0.1_1 - INFO - 日志文件已创建: logs/oxford_pets/fedotp/8_0.1_1_20251113_161004.log
2025-11-13 16:10:04 - 8_0.1_1 - INFO - Loading trainer: DP_FPL
2025-11-13 16:10:04 - 8_0.1_1 - INFO - Loading dataset: OxfordPets
2025-11-13 16:10:04 - 8_0.1_1 - INFO - Reading split from /home/liuxin25/dataset/oxford_pets/split_zhou_OxfordPets.json
2025-11-13 16:10:04 - 8_0.1_1 - INFO - Creating a baseline federated dataset
2025-11-13 16:10:04 - 8_0.1_1 - INFO - class_num 37
2025-11-13 16:10:04 - 8_0.1_1 - INFO - user class dict total [18, 14, 23, 10]
2025-11-13 16:10:04 - 8_0.1_1 - INFO - idx: 0, output_dict_len: 320
2025-11-13 16:10:04 - 8_0.1_1 - INFO - user class dict total [8, 4, 13, 19]
2025-11-13 16:10:04 - 8_0.1_1 - INFO - idx: 1, output_dict_len: 320
2025-11-13 16:10:04 - 8_0.1_1 - INFO - user class dict total [12, 29, 34, 15]
2025-11-13 16:10:04 - 8_0.1_1 - INFO - idx: 2, output_dict_len: 317
2025-11-13 16:10:04 - 8_0.1_1 - INFO - user class dict total [2, 32, 1, 11]
2025-11-13 16:10:04 - 8_0.1_1 - INFO - idx: 3, output_dict_len: 313
2025-11-13 16:10:04 - 8_0.1_1 - INFO - user class dict total [31, 0, 35, 7]
2025-11-13 16:10:04 - 8_0.1_1 - INFO - idx: 4, output_dict_len: 317
2025-11-13 16:10:04 - 8_0.1_1 - INFO - user class dict total [5, 27, 16, 30]
2025-11-13 16:10:04 - 8_0.1_1 - INFO - idx: 5, output_dict_len: 320
2025-11-13 16:10:04 - 8_0.1_1 - INFO - user class dict total [17, 22, 26, 9]
2025-11-13 16:10:04 - 8_0.1_1 - INFO - idx: 6, output_dict_len: 317
2025-11-13 16:10:04 - 8_0.1_1 - INFO - user class dict total [33, 3, 25, 6]
2025-11-13 16:10:04 - 8_0.1_1 - INFO - idx: 7, output_dict_len: 320
2025-11-13 16:10:04 - 8_0.1_1 - INFO - user class dict total [21, 20, 36, 28]
2025-11-13 16:10:04 - 8_0.1_1 - INFO - idx: 8, output_dict_len: 320
2025-11-13 16:10:04 - 8_0.1_1 - INFO - user class dict total [24]
2025-11-13 16:10:04 - 8_0.1_1 - INFO - idx: 9, output_dict_len: 80
2025-11-13 16:10:04 - 8_0.1_1 - INFO - Creating a baseline federated dataset
2025-11-13 16:10:04 - 8_0.1_1 - INFO - class_num 37
2025-11-13 16:10:04 - 8_0.1_1 - INFO - user class dict total [18, 14, 23, 10]
2025-11-13 16:10:04 - 8_0.1_1 - INFO - idx: 0, output_dict_len: 399
2025-11-13 16:10:04 - 8_0.1_1 - INFO - user class dict total [8, 4, 13, 19]
2025-11-13 16:10:04 - 8_0.1_1 - INFO - idx: 1, output_dict_len: 399
2025-11-13 16:10:04 - 8_0.1_1 - INFO - user class dict total [12, 29, 34, 15]
2025-11-13 16:10:04 - 8_0.1_1 - INFO - idx: 2, output_dict_len: 389
2025-11-13 16:10:04 - 8_0.1_1 - INFO - user class dict total [2, 32, 1, 11]
2025-11-13 16:10:04 - 8_0.1_1 - INFO - idx: 3, output_dict_len: 397
2025-11-13 16:10:04 - 8_0.1_1 - INFO - user class dict total [31, 0, 35, 7]
2025-11-13 16:10:04 - 8_0.1_1 - INFO - idx: 4, output_dict_len: 386
2025-11-13 16:10:04 - 8_0.1_1 - INFO - user class dict total [5, 27, 16, 30]
2025-11-13 16:10:04 - 8_0.1_1 - INFO - idx: 5, output_dict_len: 399
2025-11-13 16:10:04 - 8_0.1_1 - INFO - user class dict total [17, 22, 26, 9]
2025-11-13 16:10:04 - 8_0.1_1 - INFO - idx: 6, output_dict_len: 400
2025-11-13 16:10:04 - 8_0.1_1 - INFO - user class dict total [33, 3, 25, 6]
2025-11-13 16:10:04 - 8_0.1_1 - INFO - idx: 7, output_dict_len: 400
2025-11-13 16:10:04 - 8_0.1_1 - INFO - user class dict total [21, 20, 36, 28]
2025-11-13 16:10:04 - 8_0.1_1 - INFO - idx: 8, output_dict_len: 400
2025-11-13 16:10:04 - 8_0.1_1 - INFO - user class dict total [24]
2025-11-13 16:10:04 - 8_0.1_1 - INFO - idx: 9, output_dict_len: 100
2025-11-13 16:10:04 - 8_0.1_1 - INFO - Loading CLIP (backbone: ViT-B/16)
2025-11-13 16:10:06 - 8_0.1_1 - INFO - Building custom CLIP
2025-11-13 16:10:06 - 8_0.1_1 - INFO - Turning off gradients in both the image and the text encoder
2025-11-13 16:10:11 - 8_0.1_1 - INFO - [Epoch 1/30] 训练耗时: 5.10s | 平均训练准确率: 51.09
2025-11-13 16:10:16 - 8_0.1_1 - INFO - [Epoch 2/30] 训练耗时: 4.60s | 平均训练准确率: 62.34
2025-11-13 16:10:21 - 8_0.1_1 - INFO - [Epoch 3/30] 训练耗时: 4.60s | 平均训练准确率: 70.62
2025-11-13 16:10:25 - 8_0.1_1 - INFO - [Epoch 4/30] 训练耗时: 4.56s | 平均训练准确率: 69.38
2025-11-13 16:10:30 - 8_0.1_1 - INFO - [Epoch 5/30] 训练耗时: 4.61s | 平均训练准确率: 70.16
2025-11-13 16:10:34 - 8_0.1_1 - INFO - [Epoch 6/30] 训练耗时: 4.55s | 平均训练准确率: 73.28
2025-11-13 16:10:39 - 8_0.1_1 - INFO - [Epoch 7/30] 训练耗时: 4.59s | 平均训练准确率: 75.94
2025-11-13 16:10:43 - 8_0.1_1 - INFO - [Epoch 8/30] 训练耗时: 4.59s | 平均训练准确率: 72.81
2025-11-13 16:10:48 - 8_0.1_1 - INFO - [Epoch 9/30] 训练耗时: 4.70s | 平均训练准确率: 77.66
2025-11-13 16:10:53 - 8_0.1_1 - INFO - [Epoch 10/30] 训练耗时: 4.78s | 平均训练准确率: 72.19
2025-11-13 16:10:58 - 8_0.1_1 - INFO - [Epoch 11/30] 训练耗时: 4.83s | 平均训练准确率: 73.12
2025-11-13 16:11:03 - 8_0.1_1 - INFO - [Epoch 12/30] 训练耗时: 4.78s | 平均训练准确率: 75.31
2025-11-13 16:11:07 - 8_0.1_1 - INFO - [Epoch 13/30] 训练耗时: 4.79s | 平均训练准确率: 77.66
2025-11-13 16:11:12 - 8_0.1_1 - INFO - [Epoch 14/30] 训练耗时: 4.81s | 平均训练准确率: 76.25
2025-11-13 16:11:17 - 8_0.1_1 - INFO - [Epoch 15/30] 训练耗时: 4.84s | 平均训练准确率: 75.94
2025-11-13 16:11:22 - 8_0.1_1 - INFO - [Epoch 16/30] 训练耗时: 4.80s | 平均训练准确率: 77.50
2025-11-13 16:11:27 - 8_0.1_1 - INFO - [Epoch 17/30] 训练耗时: 4.81s | 平均训练准确率: 77.81
2025-11-13 16:11:31 - 8_0.1_1 - INFO - [Epoch 18/30] 训练耗时: 4.81s | 平均训练准确率: 75.47
2025-11-13 16:11:36 - 8_0.1_1 - INFO - [Epoch 19/30] 训练耗时: 4.86s | 平均训练准确率: 73.91
2025-11-13 16:11:41 - 8_0.1_1 - INFO - [Epoch 20/30] 训练耗时: 4.81s | 平均训练准确率: 79.06
2025-11-13 16:11:46 - 8_0.1_1 - INFO - [Epoch 21/30] 训练耗时: 4.74s | 平均训练准确率: 78.75
2025-11-13 16:11:50 - 8_0.1_1 - INFO - [Epoch 22/30] 训练耗时: 4.62s | 平均训练准确率: 77.03
2025-11-13 16:11:55 - 8_0.1_1 - INFO - [Epoch 23/30] 训练耗时: 4.56s | 平均训练准确率: 79.53
2025-11-13 16:12:00 - 8_0.1_1 - INFO - [Epoch 24/30] 训练耗时: 4.60s | 平均训练准确率: 79.06
2025-11-13 16:12:04 - 8_0.1_1 - INFO - [Epoch 25/30] 训练耗时: 4.63s | 平均训练准确率: 78.91
2025-11-13 16:12:09 - 8_0.1_1 - INFO - [Epoch 26/30] 训练耗时: 4.64s | 平均训练准确率: 77.03
2025-11-13 16:12:14 - 8_0.1_1 - INFO - [Epoch 27/30] 训练耗时: 4.85s | 平均训练准确率: 75.78
2025-11-13 16:12:18 - 8_0.1_1 - INFO - [Epoch 28/30] 训练耗时: 4.75s | 平均训练准确率: 73.75
2025-11-13 16:12:18 - 8_0.1_1 - INFO - ------------local test start-------------
2025-11-13 16:12:18 - 8_0.1_1 - INFO - Evaluate on the client0 local set
2025-11-13 16:12:22 - 8_0.1_1 - INFO - => result | total 399 | correct 281 | acc 70.43% | err 29.57% | macro_f1 72.66%
2025-11-13 16:12:22 - 8_0.1_1 - INFO - Evaluate on the client0 neighbor set
2025-11-13 16:12:45 - 8_0.1_1 - INFO - => result | total 3,270 | correct 2,628 | acc 80.37% | err 19.63% | macro_f1 77.73%
2025-11-13 16:12:45 - 8_0.1_1 - INFO - Evaluate on the client1 local set
2025-11-13 16:12:48 - 8_0.1_1 - INFO - => result | total 399 | correct 336 | acc 84.21% | err 15.79% | macro_f1 90.54%
2025-11-13 16:12:48 - 8_0.1_1 - INFO - Evaluate on the client1 neighbor set
2025-11-13 16:13:12 - 8_0.1_1 - INFO - => result | total 3,270 | correct 2,581 | acc 78.93% | err 21.07% | macro_f1 76.38%
2025-11-13 16:13:12 - 8_0.1_1 - INFO - Evaluate on the client2 local set
2025-11-13 16:13:15 - 8_0.1_1 - INFO - => result | total 389 | correct 361 | acc 92.80% | err 7.20% | macro_f1 95.95%
2025-11-13 16:13:15 - 8_0.1_1 - INFO - Evaluate on the client2 neighbor set
2025-11-13 16:13:38 - 8_0.1_1 - INFO - => result | total 3,280 | correct 2,573 | acc 78.45% | err 21.55% | macro_f1 75.84%
2025-11-13 16:13:38 - 8_0.1_1 - INFO - Evaluate on the client3 local set
2025-11-13 16:13:41 - 8_0.1_1 - INFO - => result | total 397 | correct 315 | acc 79.35% | err 20.65% | macro_f1 86.28%
2025-11-13 16:13:41 - 8_0.1_1 - INFO - Evaluate on the client3 neighbor set
2025-11-13 16:14:05 - 8_0.1_1 - INFO - => result | total 3,272 | correct 2,637 | acc 80.59% | err 19.41% | macro_f1 78.44%
2025-11-13 16:14:05 - 8_0.1_1 - INFO - Evaluate on the client4 local set
2025-11-13 16:14:08 - 8_0.1_1 - INFO - => result | total 386 | correct 275 | acc 71.24% | err 28.76% | macro_f1 68.54%
2025-11-13 16:14:08 - 8_0.1_1 - INFO - Evaluate on the client4 neighbor set
2025-11-13 16:14:31 - 8_0.1_1 - INFO - => result | total 3,283 | correct 2,686 | acc 81.82% | err 18.18% | macro_f1 80.23%
2025-11-13 16:14:31 - 8_0.1_1 - INFO - Evaluate on the client5 local set
2025-11-13 16:14:34 - 8_0.1_1 - INFO - => result | total 399 | correct 308 | acc 77.19% | err 22.81% | macro_f1 83.18%
2025-11-13 16:14:34 - 8_0.1_1 - INFO - Evaluate on the client5 neighbor set
2025-11-13 16:14:57 - 8_0.1_1 - INFO - => result | total 3,270 | correct 2,666 | acc 81.53% | err 18.47% | macro_f1 79.17%
2025-11-13 16:14:57 - 8_0.1_1 - INFO - Evaluate on the client6 local set
2025-11-13 16:15:00 - 8_0.1_1 - INFO - => result | total 400 | correct 277 | acc 69.25% | err 30.75% | macro_f1 78.06%
2025-11-13 16:15:00 - 8_0.1_1 - INFO - Evaluate on the client6 neighbor set
2025-11-13 16:15:23 - 8_0.1_1 - INFO - => result | total 3,269 | correct 2,701 | acc 82.62% | err 17.38% | macro_f1 81.83%
2025-11-13 16:15:23 - 8_0.1_1 - INFO - Evaluate on the client7 local set
2025-11-13 16:15:26 - 8_0.1_1 - INFO - => result | total 400 | correct 330 | acc 82.50% | err 17.50% | macro_f1 87.33%
2025-11-13 16:15:26 - 8_0.1_1 - INFO - Evaluate on the client7 neighbor set
2025-11-13 16:15:49 - 8_0.1_1 - INFO - => result | total 3,269 | correct 2,656 | acc 81.25% | err 18.75% | macro_f1 78.90%
2025-11-13 16:15:49 - 8_0.1_1 - INFO - Evaluate on the client8 local set
2025-11-13 16:15:51 - 8_0.1_1 - INFO - => result | total 400 | correct 368 | acc 92.00% | err 8.00% | macro_f1 95.74%
2025-11-13 16:15:51 - 8_0.1_1 - INFO - Evaluate on the client8 neighbor set
2025-11-13 16:16:14 - 8_0.1_1 - INFO - => result | total 3,269 | correct 2,623 | acc 80.24% | err 19.76% | macro_f1 78.08%
2025-11-13 16:16:14 - 8_0.1_1 - INFO - Evaluate on the client9 local set
2025-11-13 16:16:15 - 8_0.1_1 - INFO - => result | total 100 | correct 100 | acc 100.00% | err 0.00% | macro_f1 100.00%
2025-11-13 16:16:15 - 8_0.1_1 - INFO - Evaluate on the client9 neighbor set
2025-11-13 16:16:40 - 8_0.1_1 - INFO - => result | total 3,569 | correct 2,896 | acc 81.14% | err 18.86% | macro_f1 78.98%
2025-11-13 16:16:40 - 8_0.1_1 - INFO - Global test local acc: 81.90
2025-11-13 16:16:40 - 8_0.1_1 - INFO - Global test neighbor acc: 80.69
2025-11-13 16:16:40 - 8_0.1_1 - INFO - ------------local test finish-------------
2025-11-13 16:16:40 - 8_0.1_1 - INFO - [Epoch 28/30] 测试耗时: 261.49s
2025-11-13 16:16:44 - 8_0.1_1 - INFO - [Epoch 29/30] 训练耗时: 4.53s | 平均训练准确率: 78.91
2025-11-13 16:16:44 - 8_0.1_1 - INFO - ------------local test start-------------
2025-11-13 16:16:44 - 8_0.1_1 - INFO - Evaluate on the client0 local set
2025-11-13 16:16:47 - 8_0.1_1 - INFO - => result | total 399 | correct 279 | acc 69.92% | err 30.08% | macro_f1 72.38%
2025-11-13 16:16:47 - 8_0.1_1 - INFO - Evaluate on the client0 neighbor set
2025-11-13 16:17:10 - 8_0.1_1 - INFO - => result | total 3,270 | correct 2,679 | acc 81.93% | err 18.07% | macro_f1 80.16%
2025-11-13 16:17:10 - 8_0.1_1 - INFO - Evaluate on the client1 local set
2025-11-13 16:17:13 - 8_0.1_1 - INFO - => result | total 399 | correct 364 | acc 91.23% | err 8.77% | macro_f1 95.31%
2025-11-13 16:17:13 - 8_0.1_1 - INFO - Evaluate on the client1 neighbor set
2025-11-13 16:17:36 - 8_0.1_1 - INFO - => result | total 3,270 | correct 2,617 | acc 80.03% | err 19.97% | macro_f1 78.11%
2025-11-13 16:17:36 - 8_0.1_1 - INFO - Evaluate on the client2 local set
2025-11-13 16:17:39 - 8_0.1_1 - INFO - => result | total 389 | correct 359 | acc 92.29% | err 7.71% | macro_f1 95.64%
2025-11-13 16:17:39 - 8_0.1_1 - INFO - Evaluate on the client2 neighbor set
2025-11-13 16:18:02 - 8_0.1_1 - INFO - => result | total 3,280 | correct 2,637 | acc 80.40% | err 19.60% | macro_f1 78.43%
2025-11-13 16:18:02 - 8_0.1_1 - INFO - Evaluate on the client3 local set
2025-11-13 16:18:04 - 8_0.1_1 - INFO - => result | total 397 | correct 315 | acc 79.35% | err 20.65% | macro_f1 86.28%
2025-11-13 16:18:04 - 8_0.1_1 - INFO - Evaluate on the client3 neighbor set
2025-11-13 16:18:27 - 8_0.1_1 - INFO - => result | total 3,272 | correct 2,687 | acc 82.12% | err 17.88% | macro_f1 80.66%
2025-11-13 16:18:27 - 8_0.1_1 - INFO - Evaluate on the client4 local set
2025-11-13 16:18:30 - 8_0.1_1 - INFO - => result | total 386 | correct 275 | acc 71.24% | err 28.76% | macro_f1 68.63%
2025-11-13 16:18:30 - 8_0.1_1 - INFO - Evaluate on the client4 neighbor set
2025-11-13 16:18:53 - 8_0.1_1 - INFO - => result | total 3,283 | correct 2,740 | acc 83.46% | err 16.54% | macro_f1 82.53%
2025-11-13 16:18:53 - 8_0.1_1 - INFO - Evaluate on the client5 local set
2025-11-13 16:18:56 - 8_0.1_1 - INFO - => result | total 399 | correct 338 | acc 84.71% | err 15.29% | macro_f1 90.48%
2025-11-13 16:18:56 - 8_0.1_1 - INFO - Evaluate on the client5 neighbor set
2025-11-13 16:19:18 - 8_0.1_1 - INFO - => result | total 3,270 | correct 2,696 | acc 82.45% | err 17.55% | macro_f1 80.42%
2025-11-13 16:19:18 - 8_0.1_1 - INFO - Evaluate on the client6 local set
2025-11-13 16:19:21 - 8_0.1_1 - INFO - => result | total 400 | correct 297 | acc 74.25% | err 25.75% | macro_f1 83.21%
2025-11-13 16:19:21 - 8_0.1_1 - INFO - Evaluate on the client6 neighbor set
2025-11-13 16:19:44 - 8_0.1_1 - INFO - => result | total 3,269 | correct 2,741 | acc 83.85% | err 16.15% | macro_f1 83.18%
2025-11-13 16:19:44 - 8_0.1_1 - INFO - Evaluate on the client7 local set
2025-11-13 16:19:47 - 8_0.1_1 - INFO - => result | total 400 | correct 330 | acc 82.50% | err 17.50% | macro_f1 87.18%
2025-11-13 16:19:47 - 8_0.1_1 - INFO - Evaluate on the client7 neighbor set
2025-11-13 16:20:10 - 8_0.1_1 - INFO - => result | total 3,269 | correct 2,711 | acc 82.93% | err 17.07% | macro_f1 80.99%
2025-11-13 16:20:10 - 8_0.1_1 - INFO - Evaluate on the client8 local set
2025-11-13 16:20:13 - 8_0.1_1 - INFO - => result | total 400 | correct 367 | acc 91.75% | err 8.25% | macro_f1 95.62%
2025-11-13 16:20:13 - 8_0.1_1 - INFO - Evaluate on the client8 neighbor set
2025-11-13 16:20:36 - 8_0.1_1 - INFO - => result | total 3,269 | correct 2,682 | acc 82.04% | err 17.96% | macro_f1 80.12%
2025-11-13 16:20:36 - 8_0.1_1 - INFO - Evaluate on the client9 local set
2025-11-13 16:20:37 - 8_0.1_1 - INFO - => result | total 100 | correct 100 | acc 100.00% | err 0.00% | macro_f1 100.00%
2025-11-13 16:20:37 - 8_0.1_1 - INFO - Evaluate on the client9 neighbor set
2025-11-13 16:21:02 - 8_0.1_1 - INFO - => result | total 3,569 | correct 2,952 | acc 82.71% | err 17.29% | macro_f1 80.78%
2025-11-13 16:21:02 - 8_0.1_1 - INFO - Global test local acc: 83.72
2025-11-13 16:21:02 - 8_0.1_1 - INFO - Global test neighbor acc: 82.19
2025-11-13 16:21:02 - 8_0.1_1 - INFO - ------------local test finish-------------
2025-11-13 16:21:02 - 8_0.1_1 - INFO - [Epoch 29/30] 测试耗时: 257.05s
2025-11-13 16:21:06 - 8_0.1_1 - INFO - [Epoch 30/30] 训练耗时: 4.31s | 平均训练准确率: 79.38
2025-11-13 16:21:06 - 8_0.1_1 - INFO - ------------local test start-------------
2025-11-13 16:21:06 - 8_0.1_1 - INFO - Evaluate on the client0 local set
2025-11-13 16:21:09 - 8_0.1_1 - INFO - => result | total 399 | correct 274 | acc 68.67% | err 31.33% | macro_f1 71.66%
2025-11-13 16:21:09 - 8_0.1_1 - INFO - Evaluate on the client0 neighbor set
2025-11-13 16:21:32 - 8_0.1_1 - INFO - => result | total 3,270 | correct 2,804 | acc 85.75% | err 14.25% | macro_f1 84.50%
2025-11-13 16:21:32 - 8_0.1_1 - INFO - Evaluate on the client1 local set
2025-11-13 16:21:34 - 8_0.1_1 - INFO - => result | total 399 | correct 377 | acc 94.49% | err 5.51% | macro_f1 97.16%
2025-11-13 16:21:34 - 8_0.1_1 - INFO - Evaluate on the client1 neighbor set
2025-11-13 16:21:57 - 8_0.1_1 - INFO - => result | total 3,270 | correct 2,704 | acc 82.69% | err 17.31% | macro_f1 80.97%
2025-11-13 16:21:57 - 8_0.1_1 - INFO - Evaluate on the client2 local set
2025-11-13 16:22:00 - 8_0.1_1 - INFO - => result | total 389 | correct 355 | acc 91.26% | err 8.74% | macro_f1 95.09%
2025-11-13 16:22:00 - 8_0.1_1 - INFO - Evaluate on the client2 neighbor set
2025-11-13 16:22:23 - 8_0.1_1 - INFO - => result | total 3,280 | correct 2,728 | acc 83.17% | err 16.83% | macro_f1 81.14%
2025-11-13 16:22:23 - 8_0.1_1 - INFO - Evaluate on the client3 local set
2025-11-13 16:22:25 - 8_0.1_1 - INFO - => result | total 397 | correct 327 | acc 82.37% | err 17.63% | macro_f1 88.59%
2025-11-13 16:22:25 - 8_0.1_1 - INFO - Evaluate on the client3 neighbor set
2025-11-13 16:22:48 - 8_0.1_1 - INFO - => result | total 3,272 | correct 2,758 | acc 84.29% | err 15.71% | macro_f1 83.14%
2025-11-13 16:22:48 - 8_0.1_1 - INFO - Evaluate on the client4 local set
2025-11-13 16:22:51 - 8_0.1_1 - INFO - => result | total 386 | correct 276 | acc 71.50% | err 28.50% | macro_f1 69.26%
2025-11-13 16:22:51 - 8_0.1_1 - INFO - Evaluate on the client4 neighbor set
2025-11-13 16:23:14 - 8_0.1_1 - INFO - => result | total 3,283 | correct 2,810 | acc 85.59% | err 14.41% | macro_f1 84.69%
2025-11-13 16:23:14 - 8_0.1_1 - INFO - Evaluate on the client5 local set
2025-11-13 16:23:17 - 8_0.1_1 - INFO - => result | total 399 | correct 359 | acc 89.97% | err 10.03% | macro_f1 94.32%
2025-11-13 16:23:17 - 8_0.1_1 - INFO - Evaluate on the client5 neighbor set
2025-11-13 16:23:40 - 8_0.1_1 - INFO - => result | total 3,270 | correct 2,727 | acc 83.39% | err 16.61% | macro_f1 81.68%
2025-11-13 16:23:40 - 8_0.1_1 - INFO - Evaluate on the client6 local set
2025-11-13 16:23:43 - 8_0.1_1 - INFO - => result | total 400 | correct 332 | acc 83.00% | err 17.00% | macro_f1 90.02%
2025-11-13 16:23:43 - 8_0.1_1 - INFO - Evaluate on the client6 neighbor set
2025-11-13 16:24:05 - 8_0.1_1 - INFO - => result | total 3,269 | correct 2,760 | acc 84.43% | err 15.57% | macro_f1 83.64%
2025-11-13 16:24:05 - 8_0.1_1 - INFO - Evaluate on the client7 local set
2025-11-13 16:24:08 - 8_0.1_1 - INFO - => result | total 400 | correct 329 | acc 82.25% | err 17.75% | macro_f1 86.74%
2025-11-13 16:24:08 - 8_0.1_1 - INFO - Evaluate on the client7 neighbor set
2025-11-13 16:24:31 - 8_0.1_1 - INFO - => result | total 3,269 | correct 2,764 | acc 84.55% | err 15.45% | macro_f1 82.62%
2025-11-13 16:24:31 - 8_0.1_1 - INFO - Evaluate on the client8 local set
2025-11-13 16:24:34 - 8_0.1_1 - INFO - => result | total 400 | correct 361 | acc 90.25% | err 9.75% | macro_f1 94.73%
2025-11-13 16:24:34 - 8_0.1_1 - INFO - Evaluate on the client8 neighbor set
2025-11-13 16:24:57 - 8_0.1_1 - INFO - => result | total 3,269 | correct 2,733 | acc 83.60% | err 16.40% | macro_f1 81.75%
2025-11-13 16:24:57 - 8_0.1_1 - INFO - Evaluate on the client9 local set
2025-11-13 16:24:58 - 8_0.1_1 - INFO - => result | total 100 | correct 100 | acc 100.00% | err 0.00% | macro_f1 100.00%
2025-11-13 16:24:58 - 8_0.1_1 - INFO - Evaluate on the client9 neighbor set
2025-11-13 16:25:24 - 8_0.1_1 - INFO - => result | total 3,569 | correct 2,995 | acc 83.92% | err 16.08% | macro_f1 82.18%
2025-11-13 16:25:24 - 8_0.1_1 - INFO - Global test local acc: 85.38
2025-11-13 16:25:24 - 8_0.1_1 - INFO - Global test neighbor acc: 84.14
2025-11-13 16:25:24 - 8_0.1_1 - INFO - ------------local test finish-------------
2025-11-13 16:25:24 - 8_0.1_1 - INFO - [Epoch 30/30] 测试耗时: 257.90s
2025-11-13 16:25:24 - 8_0.1_1 - INFO - maximum test local acc: 85.376
2025-11-13 16:25:24 - 8_0.1_1 - INFO - mean of local acc: 83.666
2025-11-13 16:25:24 - 8_0.1_1 - INFO - maximum test neighbor acc: 84.139
2025-11-13 16:25:24 - 8_0.1_1 - INFO - mean of neighbor acc: 82.341
