2025-11-16 20:44:51 - 8_0.4_1 - INFO - 日志文件已创建: logs/food-101/promptfl/8_0.4_1_20251116_204451.log
2025-11-16 20:44:51 - 8_0.4_1 - INFO - Loading trainer: DP_FPL
2025-11-16 20:44:51 - 8_0.4_1 - INFO - Loading dataset: Food101
2025-11-16 20:44:51 - 8_0.4_1 - INFO - Reading split from /home/liuxin25/dataset/food-101/split_zhou_Food101.json
2025-11-16 20:44:52 - 8_0.4_1 - INFO - Creating a baseline federated dataset
2025-11-16 20:44:52 - 8_0.4_1 - INFO - class_num 101
2025-11-16 20:44:52 - 8_0.4_1 - INFO - user class dict total [20, 79, 94, 54, 52, 65, 0, 1, 48, 74]
2025-11-16 20:44:52 - 8_0.4_1 - INFO - idx: 0, output_dict_len: 500
2025-11-16 20:44:52 - 8_0.4_1 - INFO - user class dict total [44, 99, 35, 69, 82, 42, 33, 14, 5, 62]
2025-11-16 20:44:52 - 8_0.4_1 - INFO - idx: 1, output_dict_len: 500
2025-11-16 20:44:52 - 8_0.4_1 - INFO - user class dict total [32, 55, 97, 10, 21, 31, 91, 27, 28, 76]
2025-11-16 20:44:52 - 8_0.4_1 - INFO - idx: 2, output_dict_len: 500
2025-11-16 20:44:52 - 8_0.4_1 - INFO - user class dict total [80, 71, 66, 58, 23, 70, 60, 72, 17, 18]
2025-11-16 20:44:52 - 8_0.4_1 - INFO - idx: 3, output_dict_len: 500
2025-11-16 20:44:52 - 8_0.4_1 - INFO - user class dict total [45, 34, 11, 56, 85, 13, 41, 30, 24, 86]
2025-11-16 20:44:52 - 8_0.4_1 - INFO - idx: 4, output_dict_len: 500
2025-11-16 20:44:52 - 8_0.4_1 - INFO - user class dict total [51, 75, 37, 6, 53, 95, 96, 39, 47, 90]
2025-11-16 20:44:52 - 8_0.4_1 - INFO - idx: 5, output_dict_len: 500
2025-11-16 20:44:52 - 8_0.4_1 - INFO - user class dict total [36, 7, 50, 3, 63, 59, 9, 77, 64, 93]
2025-11-16 20:44:52 - 8_0.4_1 - INFO - idx: 6, output_dict_len: 500
2025-11-16 20:44:52 - 8_0.4_1 - INFO - user class dict total [87, 98, 61, 19, 25, 4, 16, 8, 46, 26]
2025-11-16 20:44:52 - 8_0.4_1 - INFO - idx: 7, output_dict_len: 500
2025-11-16 20:44:52 - 8_0.4_1 - INFO - user class dict total [2, 92, 84, 29, 22, 88, 67, 68, 38, 83]
2025-11-16 20:44:52 - 8_0.4_1 - INFO - idx: 8, output_dict_len: 500
2025-11-16 20:44:52 - 8_0.4_1 - INFO - user class dict total [15, 12, 81, 43, 73, 78, 40, 100, 57, 89, 49]
2025-11-16 20:44:52 - 8_0.4_1 - INFO - idx: 9, output_dict_len: 550
2025-11-16 20:44:52 - 8_0.4_1 - INFO - Creating a baseline federated dataset
2025-11-16 20:44:52 - 8_0.4_1 - INFO - class_num 101
2025-11-16 20:44:52 - 8_0.4_1 - INFO - user class dict total [20, 79, 94, 54, 52, 65, 0, 1, 48, 74]
2025-11-16 20:44:52 - 8_0.4_1 - INFO - idx: 0, output_dict_len: 300
2025-11-16 20:44:52 - 8_0.4_1 - INFO - user class dict total [44, 99, 35, 69, 82, 42, 33, 14, 5, 62]
2025-11-16 20:44:52 - 8_0.4_1 - INFO - idx: 1, output_dict_len: 300
2025-11-16 20:44:52 - 8_0.4_1 - INFO - user class dict total [32, 55, 97, 10, 21, 31, 91, 27, 28, 76]
2025-11-16 20:44:52 - 8_0.4_1 - INFO - idx: 2, output_dict_len: 300
2025-11-16 20:44:52 - 8_0.4_1 - INFO - user class dict total [80, 71, 66, 58, 23, 70, 60, 72, 17, 18]
2025-11-16 20:44:52 - 8_0.4_1 - INFO - idx: 3, output_dict_len: 300
2025-11-16 20:44:52 - 8_0.4_1 - INFO - user class dict total [45, 34, 11, 56, 85, 13, 41, 30, 24, 86]
2025-11-16 20:44:52 - 8_0.4_1 - INFO - idx: 4, output_dict_len: 300
2025-11-16 20:44:52 - 8_0.4_1 - INFO - user class dict total [51, 75, 37, 6, 53, 95, 96, 39, 47, 90]
2025-11-16 20:44:52 - 8_0.4_1 - INFO - idx: 5, output_dict_len: 300
2025-11-16 20:44:52 - 8_0.4_1 - INFO - user class dict total [36, 7, 50, 3, 63, 59, 9, 77, 64, 93]
2025-11-16 20:44:52 - 8_0.4_1 - INFO - idx: 6, output_dict_len: 300
2025-11-16 20:44:52 - 8_0.4_1 - INFO - user class dict total [87, 98, 61, 19, 25, 4, 16, 8, 46, 26]
2025-11-16 20:44:52 - 8_0.4_1 - INFO - idx: 7, output_dict_len: 300
2025-11-16 20:44:52 - 8_0.4_1 - INFO - user class dict total [2, 92, 84, 29, 22, 88, 67, 68, 38, 83]
2025-11-16 20:44:52 - 8_0.4_1 - INFO - idx: 8, output_dict_len: 300
2025-11-16 20:44:52 - 8_0.4_1 - INFO - user class dict total [15, 12, 81, 43, 73, 78, 40, 100, 57, 89, 49]
2025-11-16 20:44:52 - 8_0.4_1 - INFO - idx: 9, output_dict_len: 330
2025-11-16 20:44:52 - 8_0.4_1 - INFO - Loading CLIP (backbone: ViT-B/16)
2025-11-16 20:44:54 - 8_0.4_1 - INFO - Building custom CLIP
2025-11-16 20:44:54 - 8_0.4_1 - INFO - Turning off gradients in both the image and the text encoder
2025-11-16 20:45:38 - 8_0.4_1 - INFO - [Epoch 1/30] 训练耗时: 44.39s | 平均训练准确率: 30.56
2025-11-16 20:46:22 - 8_0.4_1 - INFO - [Epoch 2/30] 训练耗时: 43.36s | 平均训练准确率: 71.77
2025-11-16 20:47:04 - 8_0.4_1 - INFO - [Epoch 3/30] 训练耗时: 42.38s | 平均训练准确率: 76.23
2025-11-16 20:47:47 - 8_0.4_1 - INFO - [Epoch 4/30] 训练耗时: 43.30s | 平均训练准确率: 75.33
2025-11-16 20:48:30 - 8_0.4_1 - INFO - [Epoch 5/30] 训练耗时: 43.24s | 平均训练准确率: 75.98
2025-11-16 20:49:14 - 8_0.4_1 - INFO - [Epoch 6/30] 训练耗时: 43.31s | 平均训练准确率: 75.56
2025-11-16 20:49:55 - 8_0.4_1 - INFO - [Epoch 7/30] 训练耗时: 41.00s | 平均训练准确率: 75.29
2025-11-16 20:50:34 - 8_0.4_1 - INFO - [Epoch 8/30] 训练耗时: 39.44s | 平均训练准确率: 75.69
2025-11-16 20:51:14 - 8_0.4_1 - INFO - [Epoch 9/30] 训练耗时: 39.33s | 平均训练准确率: 75.83
2025-11-16 20:51:53 - 8_0.4_1 - INFO - [Epoch 10/30] 训练耗时: 39.32s | 平均训练准确率: 76.52
2025-11-16 20:52:32 - 8_0.4_1 - INFO - [Epoch 11/30] 训练耗时: 39.35s | 平均训练准确率: 76.52
2025-11-16 20:53:10 - 8_0.4_1 - INFO - [Epoch 12/30] 训练耗时: 37.97s | 平均训练准确率: 74.50
2025-11-16 20:53:53 - 8_0.4_1 - INFO - [Epoch 13/30] 训练耗时: 42.63s | 平均训练准确率: 75.33
2025-11-16 20:54:36 - 8_0.4_1 - INFO - [Epoch 14/30] 训练耗时: 43.05s | 平均训练准确率: 75.77
2025-11-16 20:55:19 - 8_0.4_1 - INFO - [Epoch 15/30] 训练耗时: 43.19s | 平均训练准确率: 76.15
2025-11-16 20:56:02 - 8_0.4_1 - INFO - [Epoch 16/30] 训练耗时: 43.05s | 平均训练准确率: 75.02
2025-11-16 20:56:45 - 8_0.4_1 - INFO - [Epoch 17/30] 训练耗时: 43.21s | 平均训练准确率: 75.94
2025-11-16 20:57:28 - 8_0.4_1 - INFO - [Epoch 18/30] 训练耗时: 43.18s | 平均训练准确率: 74.42
2025-11-16 20:58:12 - 8_0.4_1 - INFO - [Epoch 19/30] 训练耗时: 43.22s | 平均训练准确率: 75.00
2025-11-16 20:58:55 - 8_0.4_1 - INFO - [Epoch 20/30] 训练耗时: 42.84s | 平均训练准确率: 76.50
2025-11-16 20:59:37 - 8_0.4_1 - INFO - [Epoch 21/30] 训练耗时: 42.67s | 平均训练准确率: 74.08
2025-11-16 21:00:20 - 8_0.4_1 - INFO - [Epoch 22/30] 训练耗时: 43.15s | 平均训练准确率: 74.65
2025-11-16 21:01:04 - 8_0.4_1 - INFO - [Epoch 23/30] 训练耗时: 43.17s | 平均训练准确率: 74.77
2025-11-16 21:01:47 - 8_0.4_1 - INFO - [Epoch 24/30] 训练耗时: 43.35s | 平均训练准确率: 75.35
2025-11-16 21:02:30 - 8_0.4_1 - INFO - [Epoch 25/30] 训练耗时: 43.15s | 平均训练准确率: 75.38
2025-11-16 21:03:13 - 8_0.4_1 - INFO - [Epoch 26/30] 训练耗时: 42.84s | 平均训练准确率: 75.50
2025-11-16 21:03:56 - 8_0.4_1 - INFO - [Epoch 27/30] 训练耗时: 43.25s | 平均训练准确率: 76.15
2025-11-16 21:04:39 - 8_0.4_1 - INFO - [Epoch 28/30] 训练耗时: 43.24s | 平均训练准确率: 75.92
2025-11-16 21:04:39 - 8_0.4_1 - INFO - ------------local test start-------------
2025-11-16 21:04:39 - 8_0.4_1 - INFO - Evaluate on the client0 local set
2025-11-16 21:04:42 - 8_0.4_1 - INFO - => result | total 300 | correct 248 | acc 82.67% | err 17.33% | macro_f1 89.73%
2025-11-16 21:04:42 - 8_0.4_1 - INFO - Evaluate on the client0 neighbor set
2025-11-16 21:05:01 - 8_0.4_1 - INFO - => result | total 2,730 | correct 2,315 | acc 84.80% | err 15.20% | macro_f1 85.28%
2025-11-16 21:05:01 - 8_0.4_1 - INFO - Evaluate on the client1 local set
2025-11-16 21:05:03 - 8_0.4_1 - INFO - => result | total 300 | correct 238 | acc 79.33% | err 20.67% | macro_f1 87.46%
2025-11-16 21:05:03 - 8_0.4_1 - INFO - Evaluate on the client1 neighbor set
2025-11-16 21:05:22 - 8_0.4_1 - INFO - => result | total 2,730 | correct 2,324 | acc 85.13% | err 14.87% | macro_f1 85.43%
2025-11-16 21:05:22 - 8_0.4_1 - INFO - Evaluate on the client2 local set
2025-11-16 21:05:24 - 8_0.4_1 - INFO - => result | total 300 | correct 269 | acc 89.67% | err 10.33% | macro_f1 94.08%
2025-11-16 21:05:24 - 8_0.4_1 - INFO - Evaluate on the client2 neighbor set
2025-11-16 21:05:43 - 8_0.4_1 - INFO - => result | total 2,730 | correct 2,295 | acc 84.07% | err 15.93% | macro_f1 84.50%
2025-11-16 21:05:43 - 8_0.4_1 - INFO - Evaluate on the client3 local set
2025-11-16 21:05:45 - 8_0.4_1 - INFO - => result | total 300 | correct 244 | acc 81.33% | err 18.67% | macro_f1 88.56%
2025-11-16 21:05:45 - 8_0.4_1 - INFO - Evaluate on the client3 neighbor set
2025-11-16 21:06:04 - 8_0.4_1 - INFO - => result | total 2,730 | correct 2,317 | acc 84.87% | err 15.13% | macro_f1 85.40%
2025-11-16 21:06:04 - 8_0.4_1 - INFO - Evaluate on the client4 local set
2025-11-16 21:06:06 - 8_0.4_1 - INFO - => result | total 300 | correct 272 | acc 90.67% | err 9.33% | macro_f1 94.79%
2025-11-16 21:06:06 - 8_0.4_1 - INFO - Evaluate on the client4 neighbor set
2025-11-16 21:06:25 - 8_0.4_1 - INFO - => result | total 2,730 | correct 2,291 | acc 83.92% | err 16.08% | macro_f1 84.83%
2025-11-16 21:06:25 - 8_0.4_1 - INFO - Evaluate on the client5 local set
2025-11-16 21:06:27 - 8_0.4_1 - INFO - => result | total 300 | correct 251 | acc 83.67% | err 16.33% | macro_f1 89.77%
2025-11-16 21:06:27 - 8_0.4_1 - INFO - Evaluate on the client5 neighbor set
2025-11-16 21:06:47 - 8_0.4_1 - INFO - => result | total 2,730 | correct 2,311 | acc 84.65% | err 15.35% | macro_f1 85.10%
2025-11-16 21:06:47 - 8_0.4_1 - INFO - Evaluate on the client6 local set
2025-11-16 21:06:49 - 8_0.4_1 - INFO - => result | total 300 | correct 249 | acc 83.00% | err 17.00% | macro_f1 88.09%
2025-11-16 21:06:49 - 8_0.4_1 - INFO - Evaluate on the client6 neighbor set
2025-11-16 21:07:08 - 8_0.4_1 - INFO - => result | total 2,730 | correct 2,313 | acc 84.73% | err 15.27% | macro_f1 85.33%
2025-11-16 21:07:08 - 8_0.4_1 - INFO - Evaluate on the client7 local set
2025-11-16 21:07:10 - 8_0.4_1 - INFO - => result | total 300 | correct 261 | acc 87.00% | err 13.00% | macro_f1 91.63%
2025-11-16 21:07:10 - 8_0.4_1 - INFO - Evaluate on the client7 neighbor set
2025-11-16 21:07:29 - 8_0.4_1 - INFO - => result | total 2,730 | correct 2,304 | acc 84.40% | err 15.60% | macro_f1 85.26%
2025-11-16 21:07:29 - 8_0.4_1 - INFO - Evaluate on the client8 local set
2025-11-16 21:07:31 - 8_0.4_1 - INFO - => result | total 300 | correct 258 | acc 86.00% | err 14.00% | macro_f1 91.07%
2025-11-16 21:07:31 - 8_0.4_1 - INFO - Evaluate on the client8 neighbor set
2025-11-16 21:07:49 - 8_0.4_1 - INFO - => result | total 2,730 | correct 2,306 | acc 84.47% | err 15.53% | macro_f1 84.99%
2025-11-16 21:07:49 - 8_0.4_1 - INFO - Evaluate on the client9 local set
2025-11-16 21:07:52 - 8_0.4_1 - INFO - => result | total 330 | correct 268 | acc 81.21% | err 18.79% | macro_f1 88.32%
2025-11-16 21:07:52 - 8_0.4_1 - INFO - Evaluate on the client9 neighbor set
2025-11-16 21:08:11 - 8_0.4_1 - INFO - => result | total 2,700 | correct 2,296 | acc 85.04% | err 14.96% | macro_f1 85.31%
2025-11-16 21:08:11 - 8_0.4_1 - INFO - Global test local acc: 84.45
2025-11-16 21:08:11 - 8_0.4_1 - INFO - Global test neighbor acc: 84.61
2025-11-16 21:08:11 - 8_0.4_1 - INFO - ------------local test finish-------------
2025-11-16 21:08:11 - 8_0.4_1 - INFO - [Epoch 28/30] 测试耗时: 211.16s
2025-11-16 21:08:50 - 8_0.4_1 - INFO - [Epoch 29/30] 训练耗时: 39.96s | 平均训练准确率: 74.85
2025-11-16 21:08:50 - 8_0.4_1 - INFO - ------------local test start-------------
2025-11-16 21:08:50 - 8_0.4_1 - INFO - Evaluate on the client0 local set
2025-11-16 21:08:53 - 8_0.4_1 - INFO - => result | total 300 | correct 245 | acc 81.67% | err 18.33% | macro_f1 89.09%
2025-11-16 21:08:53 - 8_0.4_1 - INFO - Evaluate on the client0 neighbor set
2025-11-16 21:09:12 - 8_0.4_1 - INFO - => result | total 2,730 | correct 2,312 | acc 84.69% | err 15.31% | macro_f1 85.02%
2025-11-16 21:09:12 - 8_0.4_1 - INFO - Evaluate on the client1 local set
2025-11-16 21:09:14 - 8_0.4_1 - INFO - => result | total 300 | correct 238 | acc 79.33% | err 20.67% | macro_f1 87.49%
2025-11-16 21:09:14 - 8_0.4_1 - INFO - Evaluate on the client1 neighbor set
2025-11-16 21:09:33 - 8_0.4_1 - INFO - => result | total 2,730 | correct 2,322 | acc 85.05% | err 14.95% | macro_f1 85.47%
2025-11-16 21:09:33 - 8_0.4_1 - INFO - Evaluate on the client2 local set
2025-11-16 21:09:35 - 8_0.4_1 - INFO - => result | total 300 | correct 269 | acc 89.67% | err 10.33% | macro_f1 94.08%
2025-11-16 21:09:35 - 8_0.4_1 - INFO - Evaluate on the client2 neighbor set
2025-11-16 21:09:54 - 8_0.4_1 - INFO - => result | total 2,730 | correct 2,292 | acc 83.96% | err 16.04% | macro_f1 84.41%
2025-11-16 21:09:54 - 8_0.4_1 - INFO - Evaluate on the client3 local set
2025-11-16 21:09:56 - 8_0.4_1 - INFO - => result | total 300 | correct 247 | acc 82.33% | err 17.67% | macro_f1 89.22%
2025-11-16 21:09:56 - 8_0.4_1 - INFO - Evaluate on the client3 neighbor set
2025-11-16 21:10:15 - 8_0.4_1 - INFO - => result | total 2,730 | correct 2,313 | acc 84.73% | err 15.27% | macro_f1 85.30%
2025-11-16 21:10:15 - 8_0.4_1 - INFO - Evaluate on the client4 local set
2025-11-16 21:10:17 - 8_0.4_1 - INFO - => result | total 300 | correct 273 | acc 91.00% | err 9.00% | macro_f1 94.84%
2025-11-16 21:10:17 - 8_0.4_1 - INFO - Evaluate on the client4 neighbor set
2025-11-16 21:10:36 - 8_0.4_1 - INFO - => result | total 2,730 | correct 2,290 | acc 83.88% | err 16.12% | macro_f1 84.76%
2025-11-16 21:10:36 - 8_0.4_1 - INFO - Evaluate on the client5 local set
2025-11-16 21:10:38 - 8_0.4_1 - INFO - => result | total 300 | correct 251 | acc 83.67% | err 16.33% | macro_f1 90.04%
2025-11-16 21:10:38 - 8_0.4_1 - INFO - Evaluate on the client5 neighbor set
2025-11-16 21:10:57 - 8_0.4_1 - INFO - => result | total 2,730 | correct 2,312 | acc 84.69% | err 15.31% | macro_f1 85.09%
2025-11-16 21:10:57 - 8_0.4_1 - INFO - Evaluate on the client6 local set
2025-11-16 21:10:59 - 8_0.4_1 - INFO - => result | total 300 | correct 252 | acc 84.00% | err 16.00% | macro_f1 88.85%
2025-11-16 21:10:59 - 8_0.4_1 - INFO - Evaluate on the client6 neighbor set
2025-11-16 21:11:18 - 8_0.4_1 - INFO - => result | total 2,730 | correct 2,311 | acc 84.65% | err 15.35% | macro_f1 85.24%
2025-11-16 21:11:18 - 8_0.4_1 - INFO - Evaluate on the client7 local set
2025-11-16 21:11:20 - 8_0.4_1 - INFO - => result | total 300 | correct 257 | acc 85.67% | err 14.33% | macro_f1 91.12%
2025-11-16 21:11:20 - 8_0.4_1 - INFO - Evaluate on the client7 neighbor set
2025-11-16 21:11:39 - 8_0.4_1 - INFO - => result | total 2,730 | correct 2,303 | acc 84.36% | err 15.64% | macro_f1 85.12%
2025-11-16 21:11:39 - 8_0.4_1 - INFO - Evaluate on the client8 local set
2025-11-16 21:11:41 - 8_0.4_1 - INFO - => result | total 300 | correct 262 | acc 87.33% | err 12.67% | macro_f1 91.65%
2025-11-16 21:11:41 - 8_0.4_1 - INFO - Evaluate on the client8 neighbor set
2025-11-16 21:12:00 - 8_0.4_1 - INFO - => result | total 2,730 | correct 2,294 | acc 84.03% | err 15.97% | macro_f1 84.58%
2025-11-16 21:12:00 - 8_0.4_1 - INFO - Evaluate on the client9 local set
2025-11-16 21:12:02 - 8_0.4_1 - INFO - => result | total 330 | correct 267 | acc 80.91% | err 19.09% | macro_f1 87.70%
2025-11-16 21:12:02 - 8_0.4_1 - INFO - Evaluate on the client9 neighbor set
2025-11-16 21:12:21 - 8_0.4_1 - INFO - => result | total 2,700 | correct 2,288 | acc 84.74% | err 15.26% | macro_f1 85.05%
2025-11-16 21:12:21 - 8_0.4_1 - INFO - Global test local acc: 84.56
2025-11-16 21:12:21 - 8_0.4_1 - INFO - Global test neighbor acc: 84.48
2025-11-16 21:12:21 - 8_0.4_1 - INFO - ------------local test finish-------------
2025-11-16 21:12:21 - 8_0.4_1 - INFO - [Epoch 29/30] 测试耗时: 210.12s
2025-11-16 21:13:03 - 8_0.4_1 - INFO - [Epoch 30/30] 训练耗时: 41.91s | 平均训练准确率: 75.50
2025-11-16 21:13:03 - 8_0.4_1 - INFO - ------------local test start-------------
2025-11-16 21:13:03 - 8_0.4_1 - INFO - Evaluate on the client0 local set
2025-11-16 21:13:05 - 8_0.4_1 - INFO - => result | total 300 | correct 244 | acc 81.33% | err 18.67% | macro_f1 89.01%
2025-11-16 21:13:05 - 8_0.4_1 - INFO - Evaluate on the client0 neighbor set
2025-11-16 21:13:24 - 8_0.4_1 - INFO - => result | total 2,730 | correct 2,328 | acc 85.27% | err 14.73% | macro_f1 85.68%
2025-11-16 21:13:24 - 8_0.4_1 - INFO - Evaluate on the client1 local set
2025-11-16 21:13:26 - 8_0.4_1 - INFO - => result | total 300 | correct 239 | acc 79.67% | err 20.33% | macro_f1 87.51%
2025-11-16 21:13:26 - 8_0.4_1 - INFO - Evaluate on the client1 neighbor set
2025-11-16 21:13:46 - 8_0.4_1 - INFO - => result | total 2,730 | correct 2,334 | acc 85.49% | err 14.51% | macro_f1 85.95%
2025-11-16 21:13:46 - 8_0.4_1 - INFO - Evaluate on the client2 local set
2025-11-16 21:13:48 - 8_0.4_1 - INFO - => result | total 300 | correct 270 | acc 90.00% | err 10.00% | macro_f1 94.39%
2025-11-16 21:13:48 - 8_0.4_1 - INFO - Evaluate on the client2 neighbor set
2025-11-16 21:14:08 - 8_0.4_1 - INFO - => result | total 2,730 | correct 2,305 | acc 84.43% | err 15.57% | macro_f1 84.88%
2025-11-16 21:14:08 - 8_0.4_1 - INFO - Evaluate on the client3 local set
2025-11-16 21:14:10 - 8_0.4_1 - INFO - => result | total 300 | correct 248 | acc 82.67% | err 17.33% | macro_f1 89.57%
2025-11-16 21:14:10 - 8_0.4_1 - INFO - Evaluate on the client3 neighbor set
2025-11-16 21:14:29 - 8_0.4_1 - INFO - => result | total 2,730 | correct 2,326 | acc 85.20% | err 14.80% | macro_f1 85.78%
2025-11-16 21:14:29 - 8_0.4_1 - INFO - Evaluate on the client4 local set
2025-11-16 21:14:31 - 8_0.4_1 - INFO - => result | total 300 | correct 271 | acc 90.33% | err 9.67% | macro_f1 94.44%
2025-11-16 21:14:31 - 8_0.4_1 - INFO - Evaluate on the client4 neighbor set
2025-11-16 21:14:51 - 8_0.4_1 - INFO - => result | total 2,730 | correct 2,303 | acc 84.36% | err 15.64% | macro_f1 85.17%
2025-11-16 21:14:51 - 8_0.4_1 - INFO - Evaluate on the client5 local set
2025-11-16 21:14:53 - 8_0.4_1 - INFO - => result | total 300 | correct 252 | acc 84.00% | err 16.00% | macro_f1 90.21%
2025-11-16 21:14:53 - 8_0.4_1 - INFO - Evaluate on the client5 neighbor set
2025-11-16 21:15:13 - 8_0.4_1 - INFO - => result | total 2,730 | correct 2,322 | acc 85.05% | err 14.95% | macro_f1 85.52%
2025-11-16 21:15:13 - 8_0.4_1 - INFO - Evaluate on the client6 local set
2025-11-16 21:15:15 - 8_0.4_1 - INFO - => result | total 300 | correct 252 | acc 84.00% | err 16.00% | macro_f1 89.04%
2025-11-16 21:15:15 - 8_0.4_1 - INFO - Evaluate on the client6 neighbor set
2025-11-16 21:15:34 - 8_0.4_1 - INFO - => result | total 2,730 | correct 2,323 | acc 85.09% | err 14.91% | macro_f1 85.76%
2025-11-16 21:15:34 - 8_0.4_1 - INFO - Evaluate on the client7 local set
2025-11-16 21:15:36 - 8_0.4_1 - INFO - => result | total 300 | correct 260 | acc 86.67% | err 13.33% | macro_f1 91.79%
2025-11-16 21:15:36 - 8_0.4_1 - INFO - Evaluate on the client7 neighbor set
2025-11-16 21:15:56 - 8_0.4_1 - INFO - => result | total 2,730 | correct 2,318 | acc 84.91% | err 15.09% | macro_f1 85.68%
2025-11-16 21:15:56 - 8_0.4_1 - INFO - Evaluate on the client8 local set
2025-11-16 21:15:58 - 8_0.4_1 - INFO - => result | total 300 | correct 264 | acc 88.00% | err 12.00% | macro_f1 91.89%
2025-11-16 21:15:58 - 8_0.4_1 - INFO - Evaluate on the client8 neighbor set
2025-11-16 21:16:18 - 8_0.4_1 - INFO - => result | total 2,730 | correct 2,313 | acc 84.73% | err 15.27% | macro_f1 85.35%
2025-11-16 21:16:18 - 8_0.4_1 - INFO - Evaluate on the client9 local set
2025-11-16 21:16:20 - 8_0.4_1 - INFO - => result | total 330 | correct 273 | acc 82.73% | err 17.27% | macro_f1 89.30%
2025-11-16 21:16:20 - 8_0.4_1 - INFO - Evaluate on the client9 neighbor set
2025-11-16 21:16:39 - 8_0.4_1 - INFO - => result | total 2,700 | correct 2,305 | acc 85.37% | err 14.63% | macro_f1 85.72%
2025-11-16 21:16:39 - 8_0.4_1 - INFO - Global test local acc: 84.94
2025-11-16 21:16:39 - 8_0.4_1 - INFO - Global test neighbor acc: 84.99
2025-11-16 21:16:39 - 8_0.4_1 - INFO - ------------local test finish-------------
2025-11-16 21:16:39 - 8_0.4_1 - INFO - [Epoch 30/30] 测试耗时: 216.86s
2025-11-16 21:16:39 - 8_0.4_1 - INFO - maximum test local acc: 84.939
2025-11-16 21:16:39 - 8_0.4_1 - INFO - mean of local acc: 84.651
2025-11-16 21:16:39 - 8_0.4_1 - INFO - maximum test neighbor acc: 84.991
2025-11-16 21:16:39 - 8_0.4_1 - INFO - mean of neighbor acc: 84.692
