2025-11-16 10:06:52 - 8_0.0_1 - INFO - 日志文件已创建: logs/food-101/promptfl/8_0.0_1_20251116_100652.log
2025-11-16 10:06:52 - 8_0.0_1 - INFO - Loading trainer: DP_FPL
2025-11-16 10:06:52 - 8_0.0_1 - INFO - Loading dataset: Food101
2025-11-16 10:06:52 - 8_0.0_1 - INFO - Reading split from /home/liuxin25/dataset/food-101/split_zhou_Food101.json
2025-11-16 10:06:53 - 8_0.0_1 - INFO - Creating a baseline federated dataset
2025-11-16 10:06:53 - 8_0.0_1 - INFO - class_num 101
2025-11-16 10:06:53 - 8_0.0_1 - INFO - user class dict total [20, 79, 94, 54, 52, 65, 0, 1, 48, 74]
2025-11-16 10:06:53 - 8_0.0_1 - INFO - idx: 0, output_dict_len: 5000
2025-11-16 10:06:53 - 8_0.0_1 - INFO - user class dict total [44, 99, 35, 69, 82, 42, 33, 14, 5, 62]
2025-11-16 10:06:53 - 8_0.0_1 - INFO - idx: 1, output_dict_len: 5000
2025-11-16 10:06:53 - 8_0.0_1 - INFO - user class dict total [32, 55, 97, 10, 21, 31, 91, 27, 28, 76]
2025-11-16 10:06:53 - 8_0.0_1 - INFO - idx: 2, output_dict_len: 5000
2025-11-16 10:06:53 - 8_0.0_1 - INFO - user class dict total [80, 71, 66, 58, 23, 70, 60, 72, 17, 18]
2025-11-16 10:06:53 - 8_0.0_1 - INFO - idx: 3, output_dict_len: 5000
2025-11-16 10:06:53 - 8_0.0_1 - INFO - user class dict total [45, 34, 11, 56, 85, 13, 41, 30, 24, 86]
2025-11-16 10:06:53 - 8_0.0_1 - INFO - idx: 4, output_dict_len: 5000
2025-11-16 10:06:53 - 8_0.0_1 - INFO - user class dict total [51, 75, 37, 6, 53, 95, 96, 39, 47, 90]
2025-11-16 10:06:53 - 8_0.0_1 - INFO - idx: 5, output_dict_len: 5000
2025-11-16 10:06:53 - 8_0.0_1 - INFO - user class dict total [36, 7, 50, 3, 63, 59, 9, 77, 64, 93]
2025-11-16 10:06:53 - 8_0.0_1 - INFO - idx: 6, output_dict_len: 5000
2025-11-16 10:06:53 - 8_0.0_1 - INFO - user class dict total [87, 98, 61, 19, 25, 4, 16, 8, 46, 26]
2025-11-16 10:06:53 - 8_0.0_1 - INFO - idx: 7, output_dict_len: 5000
2025-11-16 10:06:53 - 8_0.0_1 - INFO - user class dict total [2, 92, 84, 29, 22, 88, 67, 68, 38, 83]
2025-11-16 10:06:53 - 8_0.0_1 - INFO - idx: 8, output_dict_len: 5000
2025-11-16 10:06:53 - 8_0.0_1 - INFO - user class dict total [15, 12, 81, 43, 73, 78, 40, 100, 57, 89, 49]
2025-11-16 10:06:53 - 8_0.0_1 - INFO - idx: 9, output_dict_len: 5500
2025-11-16 10:06:53 - 8_0.0_1 - INFO - Creating a baseline federated dataset
2025-11-16 10:06:53 - 8_0.0_1 - INFO - class_num 101
2025-11-16 10:06:53 - 8_0.0_1 - INFO - user class dict total [20, 79, 94, 54, 52, 65, 0, 1, 48, 74]
2025-11-16 10:06:53 - 8_0.0_1 - INFO - idx: 0, output_dict_len: 3000
2025-11-16 10:06:53 - 8_0.0_1 - INFO - user class dict total [44, 99, 35, 69, 82, 42, 33, 14, 5, 62]
2025-11-16 10:06:53 - 8_0.0_1 - INFO - idx: 1, output_dict_len: 3000
2025-11-16 10:06:53 - 8_0.0_1 - INFO - user class dict total [32, 55, 97, 10, 21, 31, 91, 27, 28, 76]
2025-11-16 10:06:53 - 8_0.0_1 - INFO - idx: 2, output_dict_len: 3000
2025-11-16 10:06:53 - 8_0.0_1 - INFO - user class dict total [80, 71, 66, 58, 23, 70, 60, 72, 17, 18]
2025-11-16 10:06:53 - 8_0.0_1 - INFO - idx: 3, output_dict_len: 3000
2025-11-16 10:06:53 - 8_0.0_1 - INFO - user class dict total [45, 34, 11, 56, 85, 13, 41, 30, 24, 86]
2025-11-16 10:06:53 - 8_0.0_1 - INFO - idx: 4, output_dict_len: 3000
2025-11-16 10:06:53 - 8_0.0_1 - INFO - user class dict total [51, 75, 37, 6, 53, 95, 96, 39, 47, 90]
2025-11-16 10:06:53 - 8_0.0_1 - INFO - idx: 5, output_dict_len: 3000
2025-11-16 10:06:53 - 8_0.0_1 - INFO - user class dict total [36, 7, 50, 3, 63, 59, 9, 77, 64, 93]
2025-11-16 10:06:53 - 8_0.0_1 - INFO - idx: 6, output_dict_len: 3000
2025-11-16 10:06:53 - 8_0.0_1 - INFO - user class dict total [87, 98, 61, 19, 25, 4, 16, 8, 46, 26]
2025-11-16 10:06:53 - 8_0.0_1 - INFO - idx: 7, output_dict_len: 3000
2025-11-16 10:06:53 - 8_0.0_1 - INFO - user class dict total [2, 92, 84, 29, 22, 88, 67, 68, 38, 83]
2025-11-16 10:06:53 - 8_0.0_1 - INFO - idx: 8, output_dict_len: 3000
2025-11-16 10:06:53 - 8_0.0_1 - INFO - user class dict total [15, 12, 81, 43, 73, 78, 40, 100, 57, 89, 49]
2025-11-16 10:06:53 - 8_0.0_1 - INFO - idx: 9, output_dict_len: 3300
2025-11-16 10:06:53 - 8_0.0_1 - INFO - Loading CLIP (backbone: ViT-B/16)
2025-11-16 10:06:54 - 8_0.0_1 - INFO - Building custom CLIP
2025-11-16 10:06:54 - 8_0.0_1 - INFO - Turning off gradients in both the image and the text encoder
2025-11-16 10:14:17 - 8_0.0_1 - INFO - [Epoch 1/30] 训练耗时: 442.21s | 平均训练准确率: 29.56
2025-11-16 10:21:17 - 8_0.0_1 - INFO - [Epoch 2/30] 训练耗时: 420.59s | 平均训练准确率: 78.91
2025-11-16 10:28:20 - 8_0.0_1 - INFO - [Epoch 3/30] 训练耗时: 422.46s | 平均训练准确率: 81.47
2025-11-16 10:35:12 - 8_0.0_1 - INFO - [Epoch 4/30] 训练耗时: 412.26s | 平均训练准确率: 82.14
2025-11-16 10:42:17 - 8_0.0_1 - INFO - [Epoch 5/30] 训练耗时: 424.96s | 平均训练准确率: 83.56
2025-11-16 10:49:37 - 8_0.0_1 - INFO - [Epoch 6/30] 训练耗时: 440.01s | 平均训练准确率: 83.86
2025-11-16 10:57:07 - 8_0.0_1 - INFO - [Epoch 7/30] 训练耗时: 449.74s | 平均训练准确率: 84.82
2025-11-16 11:04:20 - 8_0.0_1 - INFO - [Epoch 8/30] 训练耗时: 433.50s | 平均训练准确率: 85.07
2025-11-16 11:11:34 - 8_0.0_1 - INFO - [Epoch 9/30] 训练耗时: 433.47s | 平均训练准确率: 85.31
2025-11-16 11:18:57 - 8_0.0_1 - INFO - [Epoch 10/30] 训练耗时: 443.31s | 平均训练准确率: 86.20
2025-11-16 11:26:26 - 8_0.0_1 - INFO - [Epoch 11/30] 训练耗时: 448.84s | 平均训练准确率: 86.15
2025-11-16 11:33:55 - 8_0.0_1 - INFO - [Epoch 12/30] 训练耗时: 449.18s | 平均训练准确率: 86.41
2025-11-16 11:41:22 - 8_0.0_1 - INFO - [Epoch 13/30] 训练耗时: 447.04s | 平均训练准确率: 86.61
2025-11-16 11:48:51 - 8_0.0_1 - INFO - [Epoch 14/30] 训练耗时: 448.52s | 平均训练准确率: 86.49
2025-11-16 11:56:18 - 8_0.0_1 - INFO - [Epoch 15/30] 训练耗时: 447.75s | 平均训练准确率: 87.02
2025-11-16 12:03:46 - 8_0.0_1 - INFO - [Epoch 16/30] 训练耗时: 447.62s | 平均训练准确率: 87.69
2025-11-16 12:11:03 - 8_0.0_1 - INFO - [Epoch 17/30] 训练耗时: 436.69s | 平均训练准确率: 87.55
2025-11-16 12:17:56 - 8_0.0_1 - INFO - [Epoch 18/30] 训练耗时: 413.09s | 平均训练准确率: 87.24
2025-11-16 12:25:22 - 8_0.0_1 - INFO - [Epoch 19/30] 训练耗时: 446.42s | 平均训练准确率: 87.52
2025-11-16 12:32:50 - 8_0.0_1 - INFO - [Epoch 20/30] 训练耗时: 448.10s | 平均训练准确率: 86.10
2025-11-16 12:40:18 - 8_0.0_1 - INFO - [Epoch 21/30] 训练耗时: 447.25s | 平均训练准确率: 86.77
2025-11-16 12:47:43 - 8_0.0_1 - INFO - [Epoch 22/30] 训练耗时: 445.75s | 平均训练准确率: 86.84
2025-11-16 12:54:57 - 8_0.0_1 - INFO - [Epoch 23/30] 训练耗时: 433.22s | 平均训练准确率: 87.52
2025-11-16 13:01:55 - 8_0.0_1 - INFO - [Epoch 24/30] 训练耗时: 418.52s | 平均训练准确率: 87.70
2025-11-16 13:09:00 - 8_0.0_1 - INFO - [Epoch 25/30] 训练耗时: 425.21s | 平均训练准确率: 88.37
2025-11-16 13:15:44 - 8_0.0_1 - INFO - [Epoch 26/30] 训练耗时: 404.06s | 平均训练准确率: 88.27
2025-11-16 13:22:49 - 8_0.0_1 - INFO - [Epoch 27/30] 训练耗时: 424.77s | 平均训练准确率: 87.46
2025-11-16 13:30:15 - 8_0.0_1 - INFO - [Epoch 28/30] 训练耗时: 446.11s | 平均训练准确率: 88.17
2025-11-16 13:30:15 - 8_0.0_1 - INFO - ------------local test start-------------
2025-11-16 13:30:15 - 8_0.0_1 - INFO - Evaluate on the client0 local set
2025-11-16 13:30:39 - 8_0.0_1 - INFO - => result | total 3,000 | correct 2,922 | acc 97.40% | err 2.60% | macro_f1 97.82%
2025-11-16 13:30:39 - 8_0.0_1 - INFO - Evaluate on the client0 neighbor set
2025-11-16 13:34:02 - 8_0.0_1 - INFO - => result | total 27,300 | correct 9,897 | acc 36.25% | err 63.75% | macro_f1 38.52%
2025-11-16 13:34:02 - 8_0.0_1 - INFO - Evaluate on the client1 local set
2025-11-16 13:34:23 - 8_0.0_1 - INFO - => result | total 3,000 | correct 2,862 | acc 95.40% | err 4.60% | macro_f1 96.35%
2025-11-16 13:34:23 - 8_0.0_1 - INFO - Evaluate on the client1 neighbor set
2025-11-16 13:37:35 - 8_0.0_1 - INFO - => result | total 27,300 | correct 11,239 | acc 41.17% | err 58.83% | macro_f1 41.82%
2025-11-16 13:37:35 - 8_0.0_1 - INFO - Evaluate on the client2 local set
2025-11-16 13:37:56 - 8_0.0_1 - INFO - => result | total 3,000 | correct 2,873 | acc 95.77% | err 4.23% | macro_f1 96.95%
2025-11-16 13:37:56 - 8_0.0_1 - INFO - Evaluate on the client2 neighbor set
2025-11-16 13:41:04 - 8_0.0_1 - INFO - => result | total 27,300 | correct 13,058 | acc 47.83% | err 52.17% | macro_f1 47.92%
2025-11-16 13:41:04 - 8_0.0_1 - INFO - Evaluate on the client3 local set
2025-11-16 13:41:24 - 8_0.0_1 - INFO - => result | total 3,000 | correct 2,880 | acc 96.00% | err 4.00% | macro_f1 96.90%
2025-11-16 13:41:24 - 8_0.0_1 - INFO - Evaluate on the client3 neighbor set
2025-11-16 13:44:32 - 8_0.0_1 - INFO - => result | total 27,300 | correct 15,560 | acc 57.00% | err 43.00% | macro_f1 59.66%
2025-11-16 13:44:32 - 8_0.0_1 - INFO - Evaluate on the client4 local set
2025-11-16 13:44:52 - 8_0.0_1 - INFO - => result | total 3,000 | correct 2,866 | acc 95.53% | err 4.47% | macro_f1 97.07%
2025-11-16 13:44:52 - 8_0.0_1 - INFO - Evaluate on the client4 neighbor set
2025-11-16 13:48:00 - 8_0.0_1 - INFO - => result | total 27,300 | correct 17,249 | acc 63.18% | err 36.82% | macro_f1 64.51%
2025-11-16 13:48:00 - 8_0.0_1 - INFO - Evaluate on the client5 local set
2025-11-16 13:48:21 - 8_0.0_1 - INFO - => result | total 3,000 | correct 2,735 | acc 91.17% | err 8.83% | macro_f1 94.62%
2025-11-16 13:48:21 - 8_0.0_1 - INFO - Evaluate on the client5 neighbor set
2025-11-16 13:51:29 - 8_0.0_1 - INFO - => result | total 27,300 | correct 19,155 | acc 70.16% | err 29.84% | macro_f1 71.50%
2025-11-16 13:51:29 - 8_0.0_1 - INFO - Evaluate on the client6 local set
2025-11-16 13:51:50 - 8_0.0_1 - INFO - => result | total 3,000 | correct 2,539 | acc 84.63% | err 15.37% | macro_f1 89.10%
2025-11-16 13:51:50 - 8_0.0_1 - INFO - Evaluate on the client6 neighbor set
2025-11-16 13:54:57 - 8_0.0_1 - INFO - => result | total 27,300 | correct 20,902 | acc 76.56% | err 23.44% | macro_f1 77.17%
2025-11-16 13:54:57 - 8_0.0_1 - INFO - Evaluate on the client7 local set
2025-11-16 13:55:18 - 8_0.0_1 - INFO - => result | total 3,000 | correct 2,696 | acc 89.87% | err 10.13% | macro_f1 93.85%
2025-11-16 13:55:18 - 8_0.0_1 - INFO - Evaluate on the client7 neighbor set
2025-11-16 13:58:24 - 8_0.0_1 - INFO - => result | total 27,300 | correct 21,619 | acc 79.19% | err 20.81% | macro_f1 79.75%
2025-11-16 13:58:24 - 8_0.0_1 - INFO - Evaluate on the client8 local set
2025-11-16 13:58:44 - 8_0.0_1 - INFO - => result | total 3,000 | correct 2,733 | acc 91.10% | err 8.90% | macro_f1 94.52%
2025-11-16 13:58:44 - 8_0.0_1 - INFO - Evaluate on the client8 neighbor set
2025-11-16 14:01:50 - 8_0.0_1 - INFO - => result | total 27,300 | correct 21,783 | acc 79.79% | err 20.21% | macro_f1 80.32%
2025-11-16 14:01:50 - 8_0.0_1 - INFO - Evaluate on the client9 local set
2025-11-16 14:02:12 - 8_0.0_1 - INFO - => result | total 3,300 | correct 2,931 | acc 88.82% | err 11.18% | macro_f1 93.34%
2025-11-16 14:02:12 - 8_0.0_1 - INFO - Evaluate on the client9 neighbor set
2025-11-16 14:05:19 - 8_0.0_1 - INFO - => result | total 27,000 | correct 21,569 | acc 79.89% | err 20.11% | macro_f1 80.29%
2025-11-16 14:05:19 - 8_0.0_1 - INFO - Global test local acc: 92.57
2025-11-16 14:05:19 - 8_0.0_1 - INFO - Global test neighbor acc: 63.10
2025-11-16 14:05:19 - 8_0.0_1 - INFO - ------------local test finish-------------
2025-11-16 14:05:19 - 8_0.0_1 - INFO - [Epoch 28/30] 测试耗时: 2103.48s
2025-11-16 14:12:43 - 8_0.0_1 - INFO - [Epoch 29/30] 训练耗时: 444.19s | 平均训练准确率: 88.58
2025-11-16 14:12:43 - 8_0.0_1 - INFO - ------------local test start-------------
2025-11-16 14:12:43 - 8_0.0_1 - INFO - Evaluate on the client0 local set
2025-11-16 14:13:04 - 8_0.0_1 - INFO - => result | total 3,000 | correct 2,904 | acc 96.80% | err 3.20% | macro_f1 97.68%
2025-11-16 14:13:04 - 8_0.0_1 - INFO - Evaluate on the client0 neighbor set
2025-11-16 14:16:16 - 8_0.0_1 - INFO - => result | total 27,300 | correct 11,268 | acc 41.27% | err 58.73% | macro_f1 40.89%
2025-11-16 14:16:16 - 8_0.0_1 - INFO - Evaluate on the client1 local set
2025-11-16 14:16:37 - 8_0.0_1 - INFO - => result | total 3,000 | correct 2,823 | acc 94.10% | err 5.90% | macro_f1 95.84%
2025-11-16 14:16:37 - 8_0.0_1 - INFO - Evaluate on the client1 neighbor set
2025-11-16 14:19:49 - 8_0.0_1 - INFO - => result | total 27,300 | correct 13,528 | acc 49.55% | err 50.45% | macro_f1 49.11%
2025-11-16 14:19:49 - 8_0.0_1 - INFO - Evaluate on the client2 local set
2025-11-16 14:20:10 - 8_0.0_1 - INFO - => result | total 3,000 | correct 2,838 | acc 94.60% | err 5.40% | macro_f1 96.45%
2025-11-16 14:20:10 - 8_0.0_1 - INFO - Evaluate on the client2 neighbor set
2025-11-16 14:23:23 - 8_0.0_1 - INFO - => result | total 27,300 | correct 16,894 | acc 61.88% | err 38.12% | macro_f1 62.93%
2025-11-16 14:23:23 - 8_0.0_1 - INFO - Evaluate on the client3 local set
2025-11-16 14:23:44 - 8_0.0_1 - INFO - => result | total 3,000 | correct 2,739 | acc 91.30% | err 8.70% | macro_f1 94.70%
2025-11-16 14:23:44 - 8_0.0_1 - INFO - Evaluate on the client3 neighbor set
2025-11-16 14:26:57 - 8_0.0_1 - INFO - => result | total 27,300 | correct 16,692 | acc 61.14% | err 38.86% | macro_f1 61.45%
2025-11-16 14:26:57 - 8_0.0_1 - INFO - Evaluate on the client4 local set
2025-11-16 14:27:18 - 8_0.0_1 - INFO - => result | total 3,000 | correct 2,809 | acc 93.63% | err 6.37% | macro_f1 96.15%
2025-11-16 14:27:18 - 8_0.0_1 - INFO - Evaluate on the client4 neighbor set
2025-11-16 14:30:32 - 8_0.0_1 - INFO - => result | total 27,300 | correct 16,346 | acc 59.88% | err 40.12% | macro_f1 59.10%
2025-11-16 14:30:32 - 8_0.0_1 - INFO - Evaluate on the client5 local set
2025-11-16 14:30:53 - 8_0.0_1 - INFO - => result | total 3,000 | correct 2,615 | acc 87.17% | err 12.83% | macro_f1 92.24%
2025-11-16 14:30:53 - 8_0.0_1 - INFO - Evaluate on the client5 neighbor set
2025-11-16 14:34:04 - 8_0.0_1 - INFO - => result | total 27,300 | correct 17,960 | acc 65.79% | err 34.21% | macro_f1 64.36%
2025-11-16 14:34:04 - 8_0.0_1 - INFO - Evaluate on the client6 local set
2025-11-16 14:34:25 - 8_0.0_1 - INFO - => result | total 3,000 | correct 2,713 | acc 90.43% | err 9.57% | macro_f1 93.24%
2025-11-16 14:34:25 - 8_0.0_1 - INFO - Evaluate on the client6 neighbor set
2025-11-16 14:37:36 - 8_0.0_1 - INFO - => result | total 27,300 | correct 16,773 | acc 61.44% | err 38.56% | macro_f1 60.18%
2025-11-16 14:37:36 - 8_0.0_1 - INFO - Evaluate on the client7 local set
2025-11-16 14:37:57 - 8_0.0_1 - INFO - => result | total 3,000 | correct 2,792 | acc 93.07% | err 6.93% | macro_f1 95.50%
2025-11-16 14:37:57 - 8_0.0_1 - INFO - Evaluate on the client7 neighbor set
2025-11-16 14:41:12 - 8_0.0_1 - INFO - => result | total 27,300 | correct 15,439 | acc 56.55% | err 43.45% | macro_f1 54.99%
2025-11-16 14:41:12 - 8_0.0_1 - INFO - Evaluate on the client8 local set
2025-11-16 14:41:33 - 8_0.0_1 - INFO - => result | total 3,000 | correct 2,831 | acc 94.37% | err 5.63% | macro_f1 96.33%
2025-11-16 14:41:33 - 8_0.0_1 - INFO - Evaluate on the client8 neighbor set
2025-11-16 14:44:47 - 8_0.0_1 - INFO - => result | total 27,300 | correct 14,124 | acc 51.74% | err 48.26% | macro_f1 51.09%
2025-11-16 14:44:47 - 8_0.0_1 - INFO - Evaluate on the client9 local set
2025-11-16 14:45:10 - 8_0.0_1 - INFO - => result | total 3,300 | correct 2,880 | acc 87.27% | err 12.73% | macro_f1 86.63%
2025-11-16 14:45:10 - 8_0.0_1 - INFO - Evaluate on the client9 neighbor set
2025-11-16 14:48:21 - 8_0.0_1 - INFO - => result | total 27,000 | correct 13,069 | acc 48.40% | err 51.60% | macro_f1 49.58%
2025-11-16 14:48:21 - 8_0.0_1 - INFO - Global test local acc: 92.27
2025-11-16 14:48:21 - 8_0.0_1 - INFO - Global test neighbor acc: 55.76
2025-11-16 14:48:21 - 8_0.0_1 - INFO - ------------local test finish-------------
2025-11-16 14:48:21 - 8_0.0_1 - INFO - [Epoch 29/30] 测试耗时: 2137.92s
2025-11-16 14:55:06 - 8_0.0_1 - INFO - [Epoch 30/30] 训练耗时: 405.39s | 平均训练准确率: 89.06
2025-11-16 14:55:06 - 8_0.0_1 - INFO - ------------local test start-------------
2025-11-16 14:55:06 - 8_0.0_1 - INFO - Evaluate on the client0 local set
2025-11-16 14:55:27 - 8_0.0_1 - INFO - => result | total 3,000 | correct 2,919 | acc 97.30% | err 2.70% | macro_f1 97.55%
2025-11-16 14:55:27 - 8_0.0_1 - INFO - Evaluate on the client0 neighbor set
2025-11-16 14:58:32 - 8_0.0_1 - INFO - => result | total 27,300 | correct 7,193 | acc 26.35% | err 73.65% | macro_f1 26.90%
2025-11-16 14:58:32 - 8_0.0_1 - INFO - Evaluate on the client1 local set
2025-11-16 14:58:52 - 8_0.0_1 - INFO - => result | total 3,000 | correct 2,883 | acc 96.10% | err 3.90% | macro_f1 96.60%
2025-11-16 14:58:52 - 8_0.0_1 - INFO - Evaluate on the client1 neighbor set
2025-11-16 15:01:58 - 8_0.0_1 - INFO - => result | total 27,300 | correct 8,398 | acc 30.76% | err 69.24% | macro_f1 29.54%
2025-11-16 15:01:58 - 8_0.0_1 - INFO - Evaluate on the client2 local set
2025-11-16 15:02:18 - 8_0.0_1 - INFO - => result | total 3,000 | correct 2,916 | acc 97.20% | err 2.80% | macro_f1 97.78%
2025-11-16 15:02:18 - 8_0.0_1 - INFO - Evaluate on the client2 neighbor set
2025-11-16 15:05:24 - 8_0.0_1 - INFO - => result | total 27,300 | correct 9,538 | acc 34.94% | err 65.06% | macro_f1 34.15%
2025-11-16 15:05:24 - 8_0.0_1 - INFO - Evaluate on the client3 local set
2025-11-16 15:05:44 - 8_0.0_1 - INFO - => result | total 3,000 | correct 2,900 | acc 96.67% | err 3.33% | macro_f1 97.16%
2025-11-16 15:05:44 - 8_0.0_1 - INFO - Evaluate on the client3 neighbor set
2025-11-16 15:08:49 - 8_0.0_1 - INFO - => result | total 27,300 | correct 11,821 | acc 43.30% | err 56.70% | macro_f1 45.09%
2025-11-16 15:08:49 - 8_0.0_1 - INFO - Evaluate on the client4 local set
2025-11-16 15:09:10 - 8_0.0_1 - INFO - => result | total 3,000 | correct 2,917 | acc 97.23% | err 2.77% | macro_f1 97.89%
2025-11-16 15:09:10 - 8_0.0_1 - INFO - Evaluate on the client4 neighbor set
2025-11-16 15:12:15 - 8_0.0_1 - INFO - => result | total 27,300 | correct 12,895 | acc 47.23% | err 52.77% | macro_f1 48.01%
2025-11-16 15:12:15 - 8_0.0_1 - INFO - Evaluate on the client5 local set
2025-11-16 15:12:36 - 8_0.0_1 - INFO - => result | total 3,000 | correct 2,861 | acc 95.37% | err 4.63% | macro_f1 96.75%
2025-11-16 15:12:36 - 8_0.0_1 - INFO - Evaluate on the client5 neighbor set
2025-11-16 15:15:43 - 8_0.0_1 - INFO - => result | total 27,300 | correct 12,807 | acc 46.91% | err 53.09% | macro_f1 47.24%
2025-11-16 15:15:43 - 8_0.0_1 - INFO - Evaluate on the client6 local set
2025-11-16 15:16:03 - 8_0.0_1 - INFO - => result | total 3,000 | correct 2,735 | acc 91.17% | err 8.83% | macro_f1 93.53%
2025-11-16 15:16:03 - 8_0.0_1 - INFO - Evaluate on the client6 neighbor set
2025-11-16 15:19:11 - 8_0.0_1 - INFO - => result | total 27,300 | correct 14,857 | acc 54.42% | err 45.58% | macro_f1 54.10%
2025-11-16 15:19:11 - 8_0.0_1 - INFO - Evaluate on the client7 local set
2025-11-16 15:19:31 - 8_0.0_1 - INFO - => result | total 3,000 | correct 2,801 | acc 93.37% | err 6.63% | macro_f1 95.56%
2025-11-16 15:19:31 - 8_0.0_1 - INFO - Evaluate on the client7 neighbor set
2025-11-16 15:22:37 - 8_0.0_1 - INFO - => result | total 27,300 | correct 14,836 | acc 54.34% | err 45.66% | macro_f1 53.46%
2025-11-16 15:22:37 - 8_0.0_1 - INFO - Evaluate on the client8 local set
2025-11-16 15:22:57 - 8_0.0_1 - INFO - => result | total 3,000 | correct 2,808 | acc 93.60% | err 6.40% | macro_f1 95.85%
2025-11-16 15:22:57 - 8_0.0_1 - INFO - Evaluate on the client8 neighbor set
2025-11-16 15:26:04 - 8_0.0_1 - INFO - => result | total 27,300 | correct 13,541 | acc 49.60% | err 50.40% | macro_f1 46.42%
2025-11-16 15:26:04 - 8_0.0_1 - INFO - Evaluate on the client9 local set
2025-11-16 15:26:26 - 8_0.0_1 - INFO - => result | total 3,300 | correct 2,821 | acc 85.48% | err 14.52% | macro_f1 86.88%
2025-11-16 15:26:26 - 8_0.0_1 - INFO - Evaluate on the client9 neighbor set
2025-11-16 15:29:31 - 8_0.0_1 - INFO - => result | total 27,000 | correct 11,932 | acc 44.19% | err 55.81% | macro_f1 41.24%
2025-11-16 15:29:31 - 8_0.0_1 - INFO - Global test local acc: 94.35
2025-11-16 15:29:31 - 8_0.0_1 - INFO - Global test neighbor acc: 43.21
2025-11-16 15:29:31 - 8_0.0_1 - INFO - ------------local test finish-------------
2025-11-16 15:29:31 - 8_0.0_1 - INFO - [Epoch 30/30] 测试耗时: 2064.50s
2025-11-16 15:29:31 - 8_0.0_1 - INFO - maximum test local acc: 94.348
2025-11-16 15:29:31 - 8_0.0_1 - INFO - mean of local acc: 93.064
2025-11-16 15:29:31 - 8_0.0_1 - INFO - maximum test neighbor acc: 63.103
2025-11-16 15:29:31 - 8_0.0_1 - INFO - mean of neighbor acc: 54.024
