2025-11-16 18:36:50 - 8_0.0_1 - INFO - 日志文件已创建: logs/food-101/promptfl/8_0.0_1_20251116_183650.log
2025-11-16 18:36:50 - 8_0.0_1 - INFO - Loading trainer: DP_FPL
2025-11-16 18:36:50 - 8_0.0_1 - INFO - Loading dataset: Food101
2025-11-16 18:36:50 - 8_0.0_1 - INFO - Reading split from /home/liuxin25/dataset/food-101/split_zhou_Food101.json
2025-11-16 18:36:51 - 8_0.0_1 - INFO - Creating a baseline federated dataset
2025-11-16 18:36:51 - 8_0.0_1 - INFO - class_num 101
2025-11-16 18:36:51 - 8_0.0_1 - INFO - user class dict total [20, 79, 94, 54, 52, 65, 0, 1, 48, 74]
2025-11-16 18:36:51 - 8_0.0_1 - INFO - idx: 0, output_dict_len: 500
2025-11-16 18:36:51 - 8_0.0_1 - INFO - user class dict total [44, 99, 35, 69, 82, 42, 33, 14, 5, 62]
2025-11-16 18:36:51 - 8_0.0_1 - INFO - idx: 1, output_dict_len: 500
2025-11-16 18:36:51 - 8_0.0_1 - INFO - user class dict total [32, 55, 97, 10, 21, 31, 91, 27, 28, 76]
2025-11-16 18:36:51 - 8_0.0_1 - INFO - idx: 2, output_dict_len: 500
2025-11-16 18:36:51 - 8_0.0_1 - INFO - user class dict total [80, 71, 66, 58, 23, 70, 60, 72, 17, 18]
2025-11-16 18:36:51 - 8_0.0_1 - INFO - idx: 3, output_dict_len: 500
2025-11-16 18:36:51 - 8_0.0_1 - INFO - user class dict total [45, 34, 11, 56, 85, 13, 41, 30, 24, 86]
2025-11-16 18:36:51 - 8_0.0_1 - INFO - idx: 4, output_dict_len: 500
2025-11-16 18:36:51 - 8_0.0_1 - INFO - user class dict total [51, 75, 37, 6, 53, 95, 96, 39, 47, 90]
2025-11-16 18:36:51 - 8_0.0_1 - INFO - idx: 5, output_dict_len: 500
2025-11-16 18:36:51 - 8_0.0_1 - INFO - user class dict total [36, 7, 50, 3, 63, 59, 9, 77, 64, 93]
2025-11-16 18:36:51 - 8_0.0_1 - INFO - idx: 6, output_dict_len: 500
2025-11-16 18:36:51 - 8_0.0_1 - INFO - user class dict total [87, 98, 61, 19, 25, 4, 16, 8, 46, 26]
2025-11-16 18:36:51 - 8_0.0_1 - INFO - idx: 7, output_dict_len: 500
2025-11-16 18:36:51 - 8_0.0_1 - INFO - user class dict total [2, 92, 84, 29, 22, 88, 67, 68, 38, 83]
2025-11-16 18:36:51 - 8_0.0_1 - INFO - idx: 8, output_dict_len: 500
2025-11-16 18:36:51 - 8_0.0_1 - INFO - user class dict total [15, 12, 81, 43, 73, 78, 40, 100, 57, 89, 49]
2025-11-16 18:36:51 - 8_0.0_1 - INFO - idx: 9, output_dict_len: 550
2025-11-16 18:36:51 - 8_0.0_1 - INFO - Creating a baseline federated dataset
2025-11-16 18:36:51 - 8_0.0_1 - INFO - class_num 101
2025-11-16 18:36:51 - 8_0.0_1 - INFO - user class dict total [20, 79, 94, 54, 52, 65, 0, 1, 48, 74]
2025-11-16 18:36:51 - 8_0.0_1 - INFO - idx: 0, output_dict_len: 300
2025-11-16 18:36:51 - 8_0.0_1 - INFO - user class dict total [44, 99, 35, 69, 82, 42, 33, 14, 5, 62]
2025-11-16 18:36:51 - 8_0.0_1 - INFO - idx: 1, output_dict_len: 300
2025-11-16 18:36:51 - 8_0.0_1 - INFO - user class dict total [32, 55, 97, 10, 21, 31, 91, 27, 28, 76]
2025-11-16 18:36:51 - 8_0.0_1 - INFO - idx: 2, output_dict_len: 300
2025-11-16 18:36:51 - 8_0.0_1 - INFO - user class dict total [80, 71, 66, 58, 23, 70, 60, 72, 17, 18]
2025-11-16 18:36:51 - 8_0.0_1 - INFO - idx: 3, output_dict_len: 300
2025-11-16 18:36:51 - 8_0.0_1 - INFO - user class dict total [45, 34, 11, 56, 85, 13, 41, 30, 24, 86]
2025-11-16 18:36:51 - 8_0.0_1 - INFO - idx: 4, output_dict_len: 300
2025-11-16 18:36:51 - 8_0.0_1 - INFO - user class dict total [51, 75, 37, 6, 53, 95, 96, 39, 47, 90]
2025-11-16 18:36:51 - 8_0.0_1 - INFO - idx: 5, output_dict_len: 300
2025-11-16 18:36:51 - 8_0.0_1 - INFO - user class dict total [36, 7, 50, 3, 63, 59, 9, 77, 64, 93]
2025-11-16 18:36:51 - 8_0.0_1 - INFO - idx: 6, output_dict_len: 300
2025-11-16 18:36:51 - 8_0.0_1 - INFO - user class dict total [87, 98, 61, 19, 25, 4, 16, 8, 46, 26]
2025-11-16 18:36:51 - 8_0.0_1 - INFO - idx: 7, output_dict_len: 300
2025-11-16 18:36:51 - 8_0.0_1 - INFO - user class dict total [2, 92, 84, 29, 22, 88, 67, 68, 38, 83]
2025-11-16 18:36:51 - 8_0.0_1 - INFO - idx: 8, output_dict_len: 300
2025-11-16 18:36:51 - 8_0.0_1 - INFO - user class dict total [15, 12, 81, 43, 73, 78, 40, 100, 57, 89, 49]
2025-11-16 18:36:51 - 8_0.0_1 - INFO - idx: 9, output_dict_len: 330
2025-11-16 18:36:51 - 8_0.0_1 - INFO - Loading CLIP (backbone: ViT-B/16)
2025-11-16 18:36:53 - 8_0.0_1 - INFO - Building custom CLIP
2025-11-16 18:36:53 - 8_0.0_1 - INFO - Turning off gradients in both the image and the text encoder
2025-11-16 18:37:38 - 8_0.0_1 - INFO - [Epoch 1/30] 训练耗时: 44.68s | 平均训练准确率: 30.56
2025-11-16 18:38:20 - 8_0.0_1 - INFO - [Epoch 2/30] 训练耗时: 42.53s | 平均训练准确率: 74.50
2025-11-16 18:39:00 - 8_0.0_1 - INFO - [Epoch 3/30] 训练耗时: 40.09s | 平均训练准确率: 77.46
2025-11-16 18:39:40 - 8_0.0_1 - INFO - [Epoch 4/30] 训练耗时: 39.89s | 平均训练准确率: 77.35
2025-11-16 18:40:20 - 8_0.0_1 - INFO - [Epoch 5/30] 训练耗时: 39.90s | 平均训练准确率: 79.69
2025-11-16 18:40:59 - 8_0.0_1 - INFO - [Epoch 6/30] 训练耗时: 39.29s | 平均训练准确率: 78.81
2025-11-16 18:41:39 - 8_0.0_1 - INFO - [Epoch 7/30] 训练耗时: 39.66s | 平均训练准确率: 79.00
2025-11-16 18:42:20 - 8_0.0_1 - INFO - [Epoch 8/30] 训练耗时: 40.66s | 平均训练准确率: 79.60
2025-11-16 18:43:03 - 8_0.0_1 - INFO - [Epoch 9/30] 训练耗时: 43.21s | 平均训练准确率: 79.44
2025-11-16 18:43:46 - 8_0.0_1 - INFO - [Epoch 10/30] 训练耗时: 43.50s | 平均训练准确率: 80.50
2025-11-16 18:44:30 - 8_0.0_1 - INFO - [Epoch 11/30] 训练耗时: 43.86s | 平均训练准确率: 80.94
2025-11-16 18:45:14 - 8_0.0_1 - INFO - [Epoch 12/30] 训练耗时: 43.74s | 平均训练准确率: 80.38
2025-11-16 18:45:57 - 8_0.0_1 - INFO - [Epoch 13/30] 训练耗时: 43.21s | 平均训练准确率: 80.58
2025-11-16 18:46:40 - 8_0.0_1 - INFO - [Epoch 14/30] 训练耗时: 43.24s | 平均训练准确率: 81.25
2025-11-16 18:47:24 - 8_0.0_1 - INFO - [Epoch 15/30] 训练耗时: 43.26s | 平均训练准确率: 80.58
2025-11-16 18:48:07 - 8_0.0_1 - INFO - [Epoch 16/30] 训练耗时: 43.33s | 平均训练准确率: 81.12
2025-11-16 18:48:49 - 8_0.0_1 - INFO - [Epoch 17/30] 训练耗时: 42.36s | 平均训练准确率: 81.27
2025-11-16 18:49:33 - 8_0.0_1 - INFO - [Epoch 18/30] 训练耗时: 43.19s | 平均训练准确率: 81.10
2025-11-16 18:50:16 - 8_0.0_1 - INFO - [Epoch 19/30] 训练耗时: 43.39s | 平均训练准确率: 81.44
2025-11-16 18:50:59 - 8_0.0_1 - INFO - [Epoch 20/30] 训练耗时: 43.43s | 平均训练准确率: 82.42
2025-11-16 18:51:43 - 8_0.0_1 - INFO - [Epoch 21/30] 训练耗时: 43.52s | 平均训练准确率: 82.04
2025-11-16 18:52:26 - 8_0.0_1 - INFO - [Epoch 22/30] 训练耗时: 43.56s | 平均训练准确率: 82.35
2025-11-16 18:53:10 - 8_0.0_1 - INFO - [Epoch 23/30] 训练耗时: 43.45s | 平均训练准确率: 82.33
2025-11-16 18:53:54 - 8_0.0_1 - INFO - [Epoch 24/30] 训练耗时: 43.68s | 平均训练准确率: 83.25
2025-11-16 18:54:37 - 8_0.0_1 - INFO - [Epoch 25/30] 训练耗时: 43.57s | 平均训练准确率: 82.79
2025-11-16 18:55:20 - 8_0.0_1 - INFO - [Epoch 26/30] 训练耗时: 42.69s | 平均训练准确率: 82.27
2025-11-16 18:56:03 - 8_0.0_1 - INFO - [Epoch 27/30] 训练耗时: 42.95s | 平均训练准确率: 84.23
2025-11-16 18:56:46 - 8_0.0_1 - INFO - [Epoch 28/30] 训练耗时: 43.69s | 平均训练准确率: 83.35
2025-11-16 18:56:46 - 8_0.0_1 - INFO - ------------local test start-------------
2025-11-16 18:56:46 - 8_0.0_1 - INFO - Evaluate on the client0 local set
2025-11-16 18:56:49 - 8_0.0_1 - INFO - => result | total 300 | correct 245 | acc 81.67% | err 18.33% | macro_f1 88.45%
2025-11-16 18:56:49 - 8_0.0_1 - INFO - Evaluate on the client0 neighbor set
2025-11-16 18:57:09 - 8_0.0_1 - INFO - => result | total 2,730 | correct 2,348 | acc 86.01% | err 13.99% | macro_f1 86.26%
2025-11-16 18:57:09 - 8_0.0_1 - INFO - Evaluate on the client1 local set
2025-11-16 18:57:11 - 8_0.0_1 - INFO - => result | total 300 | correct 237 | acc 79.00% | err 21.00% | macro_f1 87.38%
2025-11-16 18:57:11 - 8_0.0_1 - INFO - Evaluate on the client1 neighbor set
2025-11-16 18:57:30 - 8_0.0_1 - INFO - => result | total 2,730 | correct 2,366 | acc 86.67% | err 13.33% | macro_f1 86.80%
2025-11-16 18:57:30 - 8_0.0_1 - INFO - Evaluate on the client2 local set
2025-11-16 18:57:32 - 8_0.0_1 - INFO - => result | total 300 | correct 272 | acc 90.67% | err 9.33% | macro_f1 94.62%
2025-11-16 18:57:32 - 8_0.0_1 - INFO - Evaluate on the client2 neighbor set
2025-11-16 18:57:51 - 8_0.0_1 - INFO - => result | total 2,730 | correct 2,327 | acc 85.24% | err 14.76% | macro_f1 85.64%
2025-11-16 18:57:51 - 8_0.0_1 - INFO - Evaluate on the client3 local set
2025-11-16 18:57:53 - 8_0.0_1 - INFO - => result | total 300 | correct 258 | acc 86.00% | err 14.00% | macro_f1 91.83%
2025-11-16 18:57:53 - 8_0.0_1 - INFO - Evaluate on the client3 neighbor set
2025-11-16 18:58:12 - 8_0.0_1 - INFO - => result | total 2,730 | correct 2,336 | acc 85.57% | err 14.43% | macro_f1 86.18%
2025-11-16 18:58:12 - 8_0.0_1 - INFO - Evaluate on the client4 local set
2025-11-16 18:58:14 - 8_0.0_1 - INFO - => result | total 300 | correct 278 | acc 92.67% | err 7.33% | macro_f1 95.67%
2025-11-16 18:58:14 - 8_0.0_1 - INFO - Evaluate on the client4 neighbor set
2025-11-16 18:58:33 - 8_0.0_1 - INFO - => result | total 2,730 | correct 2,310 | acc 84.62% | err 15.38% | macro_f1 85.28%
2025-11-16 18:58:33 - 8_0.0_1 - INFO - Evaluate on the client5 local set
2025-11-16 18:58:35 - 8_0.0_1 - INFO - => result | total 300 | correct 265 | acc 88.33% | err 11.67% | macro_f1 93.16%
2025-11-16 18:58:35 - 8_0.0_1 - INFO - Evaluate on the client5 neighbor set
2025-11-16 18:58:54 - 8_0.0_1 - INFO - => result | total 2,730 | correct 2,320 | acc 84.98% | err 15.02% | macro_f1 85.58%
2025-11-16 18:58:54 - 8_0.0_1 - INFO - Evaluate on the client6 local set
2025-11-16 18:58:56 - 8_0.0_1 - INFO - => result | total 300 | correct 264 | acc 88.00% | err 12.00% | macro_f1 91.56%
2025-11-16 18:58:56 - 8_0.0_1 - INFO - Evaluate on the client6 neighbor set
2025-11-16 18:59:15 - 8_0.0_1 - INFO - => result | total 2,730 | correct 2,314 | acc 84.76% | err 15.24% | macro_f1 85.65%
2025-11-16 18:59:15 - 8_0.0_1 - INFO - Evaluate on the client7 local set
2025-11-16 18:59:18 - 8_0.0_1 - INFO - => result | total 300 | correct 274 | acc 91.33% | err 8.67% | macro_f1 94.27%
2025-11-16 18:59:18 - 8_0.0_1 - INFO - Evaluate on the client7 neighbor set
2025-11-16 18:59:37 - 8_0.0_1 - INFO - => result | total 2,730 | correct 2,294 | acc 84.03% | err 15.97% | macro_f1 85.14%
2025-11-16 18:59:37 - 8_0.0_1 - INFO - Evaluate on the client8 local set
2025-11-16 18:59:39 - 8_0.0_1 - INFO - => result | total 300 | correct 270 | acc 90.00% | err 10.00% | macro_f1 93.96%
2025-11-16 18:59:39 - 8_0.0_1 - INFO - Evaluate on the client8 neighbor set
2025-11-16 18:59:58 - 8_0.0_1 - INFO - => result | total 2,730 | correct 2,290 | acc 83.88% | err 16.12% | macro_f1 84.51%
2025-11-16 18:59:58 - 8_0.0_1 - INFO - Evaluate on the client9 local set
2025-11-16 19:00:00 - 8_0.0_1 - INFO - => result | total 330 | correct 288 | acc 87.27% | err 12.73% | macro_f1 92.23%
2025-11-16 19:00:00 - 8_0.0_1 - INFO - Evaluate on the client9 neighbor set
2025-11-16 19:00:19 - 8_0.0_1 - INFO - => result | total 2,700 | correct 2,259 | acc 83.67% | err 16.33% | macro_f1 84.37%
2025-11-16 19:00:19 - 8_0.0_1 - INFO - Global test local acc: 87.49
2025-11-16 19:00:19 - 8_0.0_1 - INFO - Global test neighbor acc: 84.94
2025-11-16 19:00:19 - 8_0.0_1 - INFO - ------------local test finish-------------
2025-11-16 19:00:19 - 8_0.0_1 - INFO - [Epoch 28/30] 测试耗时: 212.35s
2025-11-16 19:00:58 - 8_0.0_1 - INFO - [Epoch 29/30] 训练耗时: 39.41s | 平均训练准确率: 82.35
2025-11-16 19:00:58 - 8_0.0_1 - INFO - ------------local test start-------------
2025-11-16 19:00:58 - 8_0.0_1 - INFO - Evaluate on the client0 local set
2025-11-16 19:01:00 - 8_0.0_1 - INFO - => result | total 300 | correct 288 | acc 96.00% | err 4.00% | macro_f1 96.66%
2025-11-16 19:01:00 - 8_0.0_1 - INFO - Evaluate on the client0 neighbor set
2025-11-16 19:01:19 - 8_0.0_1 - INFO - => result | total 2,730 | correct 2,084 | acc 76.34% | err 23.66% | macro_f1 78.70%
2025-11-16 19:01:19 - 8_0.0_1 - INFO - Evaluate on the client1 local set
2025-11-16 19:01:21 - 8_0.0_1 - INFO - => result | total 300 | correct 274 | acc 91.33% | err 8.67% | macro_f1 94.44%
2025-11-16 19:01:21 - 8_0.0_1 - INFO - Evaluate on the client1 neighbor set
2025-11-16 19:01:40 - 8_0.0_1 - INFO - => result | total 2,730 | correct 2,072 | acc 75.90% | err 24.10% | macro_f1 77.77%
2025-11-16 19:01:40 - 8_0.0_1 - INFO - Evaluate on the client2 local set
2025-11-16 19:01:42 - 8_0.0_1 - INFO - => result | total 300 | correct 281 | acc 93.67% | err 6.33% | macro_f1 96.53%
2025-11-16 19:01:42 - 8_0.0_1 - INFO - Evaluate on the client2 neighbor set
2025-11-16 19:02:00 - 8_0.0_1 - INFO - => result | total 2,730 | correct 2,116 | acc 77.51% | err 22.49% | macro_f1 78.44%
2025-11-16 19:02:00 - 8_0.0_1 - INFO - Evaluate on the client3 local set
2025-11-16 19:02:02 - 8_0.0_1 - INFO - => result | total 300 | correct 263 | acc 87.67% | err 12.33% | macro_f1 92.27%
2025-11-16 19:02:02 - 8_0.0_1 - INFO - Evaluate on the client3 neighbor set
2025-11-16 19:02:21 - 8_0.0_1 - INFO - => result | total 2,730 | correct 2,268 | acc 83.08% | err 16.92% | macro_f1 83.69%
2025-11-16 19:02:21 - 8_0.0_1 - INFO - Evaluate on the client4 local set
2025-11-16 19:02:23 - 8_0.0_1 - INFO - => result | total 300 | correct 278 | acc 92.67% | err 7.33% | macro_f1 95.68%
2025-11-16 19:02:23 - 8_0.0_1 - INFO - Evaluate on the client4 neighbor set
2025-11-16 19:02:42 - 8_0.0_1 - INFO - => result | total 2,730 | correct 2,340 | acc 85.71% | err 14.29% | macro_f1 86.35%
2025-11-16 19:02:42 - 8_0.0_1 - INFO - Evaluate on the client5 local set
2025-11-16 19:02:44 - 8_0.0_1 - INFO - => result | total 300 | correct 265 | acc 88.33% | err 11.67% | macro_f1 93.16%
2025-11-16 19:02:44 - 8_0.0_1 - INFO - Evaluate on the client5 neighbor set
2025-11-16 19:03:03 - 8_0.0_1 - INFO - => result | total 2,730 | correct 2,340 | acc 85.71% | err 14.29% | macro_f1 86.43%
2025-11-16 19:03:03 - 8_0.0_1 - INFO - Evaluate on the client6 local set
2025-11-16 19:03:05 - 8_0.0_1 - INFO - => result | total 300 | correct 261 | acc 87.00% | err 13.00% | macro_f1 90.84%
2025-11-16 19:03:05 - 8_0.0_1 - INFO - Evaluate on the client6 neighbor set
2025-11-16 19:03:24 - 8_0.0_1 - INFO - => result | total 2,730 | correct 2,319 | acc 84.95% | err 15.05% | macro_f1 85.76%
2025-11-16 19:03:24 - 8_0.0_1 - INFO - Evaluate on the client7 local set
2025-11-16 19:03:26 - 8_0.0_1 - INFO - => result | total 300 | correct 272 | acc 90.67% | err 9.33% | macro_f1 93.85%
2025-11-16 19:03:26 - 8_0.0_1 - INFO - Evaluate on the client7 neighbor set
2025-11-16 19:03:44 - 8_0.0_1 - INFO - => result | total 2,730 | correct 2,281 | acc 83.55% | err 16.45% | macro_f1 84.45%
2025-11-16 19:03:44 - 8_0.0_1 - INFO - Evaluate on the client8 local set
2025-11-16 19:03:46 - 8_0.0_1 - INFO - => result | total 300 | correct 272 | acc 90.67% | err 9.33% | macro_f1 94.50%
2025-11-16 19:03:46 - 8_0.0_1 - INFO - Evaluate on the client8 neighbor set
2025-11-16 19:04:05 - 8_0.0_1 - INFO - => result | total 2,730 | correct 2,241 | acc 82.09% | err 17.91% | macro_f1 82.71%
2025-11-16 19:04:05 - 8_0.0_1 - INFO - Evaluate on the client9 local set
2025-11-16 19:04:07 - 8_0.0_1 - INFO - => result | total 330 | correct 297 | acc 90.00% | err 10.00% | macro_f1 93.74%
2025-11-16 19:04:07 - 8_0.0_1 - INFO - Evaluate on the client9 neighbor set
2025-11-16 19:04:26 - 8_0.0_1 - INFO - => result | total 2,700 | correct 2,175 | acc 80.56% | err 19.44% | macro_f1 81.80%
2025-11-16 19:04:26 - 8_0.0_1 - INFO - Global test local acc: 90.80
2025-11-16 19:04:26 - 8_0.0_1 - INFO - Global test neighbor acc: 81.54
2025-11-16 19:04:26 - 8_0.0_1 - INFO - ------------local test finish-------------
2025-11-16 19:04:26 - 8_0.0_1 - INFO - [Epoch 29/30] 测试耗时: 207.89s
2025-11-16 19:05:05 - 8_0.0_1 - INFO - [Epoch 30/30] 训练耗时: 39.19s | 平均训练准确率: 83.31
2025-11-16 19:05:05 - 8_0.0_1 - INFO - ------------local test start-------------
2025-11-16 19:05:05 - 8_0.0_1 - INFO - Evaluate on the client0 local set
2025-11-16 19:05:07 - 8_0.0_1 - INFO - => result | total 300 | correct 284 | acc 94.67% | err 5.33% | macro_f1 96.24%
2025-11-16 19:05:07 - 8_0.0_1 - INFO - Evaluate on the client0 neighbor set
2025-11-16 19:05:27 - 8_0.0_1 - INFO - => result | total 2,730 | correct 2,047 | acc 74.98% | err 25.02% | macro_f1 76.95%
2025-11-16 19:05:27 - 8_0.0_1 - INFO - Evaluate on the client1 local set
2025-11-16 19:05:29 - 8_0.0_1 - INFO - => result | total 300 | correct 267 | acc 89.00% | err 11.00% | macro_f1 93.21%
2025-11-16 19:05:29 - 8_0.0_1 - INFO - Evaluate on the client1 neighbor set
2025-11-16 19:05:48 - 8_0.0_1 - INFO - => result | total 2,730 | correct 2,116 | acc 77.51% | err 22.49% | macro_f1 78.13%
2025-11-16 19:05:48 - 8_0.0_1 - INFO - Evaluate on the client2 local set
2025-11-16 19:05:50 - 8_0.0_1 - INFO - => result | total 300 | correct 284 | acc 94.67% | err 5.33% | macro_f1 96.74%
2025-11-16 19:05:50 - 8_0.0_1 - INFO - Evaluate on the client2 neighbor set
2025-11-16 19:06:10 - 8_0.0_1 - INFO - => result | total 2,730 | correct 2,198 | acc 80.51% | err 19.49% | macro_f1 81.55%
2025-11-16 19:06:10 - 8_0.0_1 - INFO - Evaluate on the client3 local set
2025-11-16 19:06:12 - 8_0.0_1 - INFO - => result | total 300 | correct 265 | acc 88.33% | err 11.67% | macro_f1 92.85%
2025-11-16 19:06:12 - 8_0.0_1 - INFO - Evaluate on the client3 neighbor set
2025-11-16 19:06:31 - 8_0.0_1 - INFO - => result | total 2,730 | correct 2,322 | acc 85.05% | err 14.95% | macro_f1 86.10%
2025-11-16 19:06:31 - 8_0.0_1 - INFO - Evaluate on the client4 local set
2025-11-16 19:06:33 - 8_0.0_1 - INFO - => result | total 300 | correct 281 | acc 93.67% | err 6.33% | macro_f1 96.23%
2025-11-16 19:06:33 - 8_0.0_1 - INFO - Evaluate on the client4 neighbor set
2025-11-16 19:06:52 - 8_0.0_1 - INFO - => result | total 2,730 | correct 2,319 | acc 84.95% | err 15.05% | macro_f1 85.75%
2025-11-16 19:06:52 - 8_0.0_1 - INFO - Evaluate on the client5 local set
2025-11-16 19:06:54 - 8_0.0_1 - INFO - => result | total 300 | correct 264 | acc 88.00% | err 12.00% | macro_f1 92.93%
2025-11-16 19:06:54 - 8_0.0_1 - INFO - Evaluate on the client5 neighbor set
2025-11-16 19:07:13 - 8_0.0_1 - INFO - => result | total 2,730 | correct 2,296 | acc 84.10% | err 15.90% | macro_f1 84.75%
2025-11-16 19:07:13 - 8_0.0_1 - INFO - Evaluate on the client6 local set
2025-11-16 19:07:15 - 8_0.0_1 - INFO - => result | total 300 | correct 263 | acc 87.67% | err 12.33% | macro_f1 91.30%
2025-11-16 19:07:15 - 8_0.0_1 - INFO - Evaluate on the client6 neighbor set
2025-11-16 19:07:34 - 8_0.0_1 - INFO - => result | total 2,730 | correct 2,270 | acc 83.15% | err 16.85% | macro_f1 84.11%
2025-11-16 19:07:34 - 8_0.0_1 - INFO - Evaluate on the client7 local set
2025-11-16 19:07:36 - 8_0.0_1 - INFO - => result | total 300 | correct 271 | acc 90.33% | err 9.67% | macro_f1 93.70%
2025-11-16 19:07:36 - 8_0.0_1 - INFO - Evaluate on the client7 neighbor set
2025-11-16 19:07:56 - 8_0.0_1 - INFO - => result | total 2,730 | correct 2,233 | acc 81.79% | err 18.21% | macro_f1 82.88%
2025-11-16 19:07:56 - 8_0.0_1 - INFO - Evaluate on the client8 local set
2025-11-16 19:07:58 - 8_0.0_1 - INFO - => result | total 300 | correct 275 | acc 91.67% | err 8.33% | macro_f1 94.91%
2025-11-16 19:07:58 - 8_0.0_1 - INFO - Evaluate on the client8 neighbor set
2025-11-16 19:08:16 - 8_0.0_1 - INFO - => result | total 2,730 | correct 2,203 | acc 80.70% | err 19.30% | macro_f1 81.31%
2025-11-16 19:08:16 - 8_0.0_1 - INFO - Evaluate on the client9 local set
2025-11-16 19:08:19 - 8_0.0_1 - INFO - => result | total 330 | correct 293 | acc 88.79% | err 11.21% | macro_f1 93.06%
2025-11-16 19:08:19 - 8_0.0_1 - INFO - Evaluate on the client9 neighbor set
2025-11-16 19:08:37 - 8_0.0_1 - INFO - => result | total 2,700 | correct 2,160 | acc 80.00% | err 20.00% | macro_f1 80.93%
2025-11-16 19:08:37 - 8_0.0_1 - INFO - Global test local acc: 90.68
2025-11-16 19:08:37 - 8_0.0_1 - INFO - Global test neighbor acc: 81.27
2025-11-16 19:08:37 - 8_0.0_1 - INFO - ------------local test finish-------------
2025-11-16 19:08:37 - 8_0.0_1 - INFO - [Epoch 30/30] 测试耗时: 212.05s
2025-11-16 19:08:37 - 8_0.0_1 - INFO - maximum test local acc: 90.800
2025-11-16 19:08:37 - 8_0.0_1 - INFO - mean of local acc: 89.658
2025-11-16 19:08:37 - 8_0.0_1 - INFO - maximum test neighbor acc: 84.942
2025-11-16 19:08:37 - 8_0.0_1 - INFO - mean of neighbor acc: 82.585
