2025-11-16 18:32:09 - 8_0.0_1 - INFO - 日志文件已创建: logs/food-101/promptfl/8_0.0_1_20251116_183209.log
2025-11-16 18:32:09 - 8_0.0_1 - INFO - Loading trainer: DP_FPL
2025-11-16 18:32:09 - 8_0.0_1 - INFO - Loading dataset: Food101
2025-11-16 18:32:09 - 8_0.0_1 - INFO - Reading split from /home/liuxin25/dataset/food-101/split_zhou_Food101.json
2025-11-16 18:32:10 - 8_0.0_1 - INFO - Creating a baseline federated dataset
2025-11-16 18:32:10 - 8_0.0_1 - INFO - class_num 101
2025-11-16 18:32:10 - 8_0.0_1 - INFO - user class dict total [20, 79, 94, 54, 52, 65, 0, 1, 48, 74]
2025-11-16 18:32:10 - 8_0.0_1 - INFO - idx: 0, output_dict_len: 1000
2025-11-16 18:32:10 - 8_0.0_1 - INFO - user class dict total [44, 99, 35, 69, 82, 42, 33, 14, 5, 62]
2025-11-16 18:32:10 - 8_0.0_1 - INFO - idx: 1, output_dict_len: 1000
2025-11-16 18:32:10 - 8_0.0_1 - INFO - user class dict total [32, 55, 97, 10, 21, 31, 91, 27, 28, 76]
2025-11-16 18:32:10 - 8_0.0_1 - INFO - idx: 2, output_dict_len: 1000
2025-11-16 18:32:10 - 8_0.0_1 - INFO - user class dict total [80, 71, 66, 58, 23, 70, 60, 72, 17, 18]
2025-11-16 18:32:10 - 8_0.0_1 - INFO - idx: 3, output_dict_len: 1000
2025-11-16 18:32:10 - 8_0.0_1 - INFO - user class dict total [45, 34, 11, 56, 85, 13, 41, 30, 24, 86]
2025-11-16 18:32:10 - 8_0.0_1 - INFO - idx: 4, output_dict_len: 1000
2025-11-16 18:32:10 - 8_0.0_1 - INFO - user class dict total [51, 75, 37, 6, 53, 95, 96, 39, 47, 90]
2025-11-16 18:32:10 - 8_0.0_1 - INFO - idx: 5, output_dict_len: 1000
2025-11-16 18:32:10 - 8_0.0_1 - INFO - user class dict total [36, 7, 50, 3, 63, 59, 9, 77, 64, 93]
2025-11-16 18:32:10 - 8_0.0_1 - INFO - idx: 6, output_dict_len: 1000
2025-11-16 18:32:10 - 8_0.0_1 - INFO - user class dict total [87, 98, 61, 19, 25, 4, 16, 8, 46, 26]
2025-11-16 18:32:10 - 8_0.0_1 - INFO - idx: 7, output_dict_len: 1000
2025-11-16 18:32:10 - 8_0.0_1 - INFO - user class dict total [2, 92, 84, 29, 22, 88, 67, 68, 38, 83]
2025-11-16 18:32:10 - 8_0.0_1 - INFO - idx: 8, output_dict_len: 1000
2025-11-16 18:32:10 - 8_0.0_1 - INFO - user class dict total [15, 12, 81, 43, 73, 78, 40, 100, 57, 89, 49]
2025-11-16 18:32:10 - 8_0.0_1 - INFO - idx: 9, output_dict_len: 1100
2025-11-16 18:32:10 - 8_0.0_1 - INFO - Creating a baseline federated dataset
2025-11-16 18:32:10 - 8_0.0_1 - INFO - class_num 101
2025-11-16 18:32:10 - 8_0.0_1 - INFO - user class dict total [20, 79, 94, 54, 52, 65, 0, 1, 48, 74]
2025-11-16 18:32:10 - 8_0.0_1 - INFO - idx: 0, output_dict_len: 600
2025-11-16 18:32:10 - 8_0.0_1 - INFO - user class dict total [44, 99, 35, 69, 82, 42, 33, 14, 5, 62]
2025-11-16 18:32:10 - 8_0.0_1 - INFO - idx: 1, output_dict_len: 600
2025-11-16 18:32:10 - 8_0.0_1 - INFO - user class dict total [32, 55, 97, 10, 21, 31, 91, 27, 28, 76]
2025-11-16 18:32:10 - 8_0.0_1 - INFO - idx: 2, output_dict_len: 600
2025-11-16 18:32:10 - 8_0.0_1 - INFO - user class dict total [80, 71, 66, 58, 23, 70, 60, 72, 17, 18]
2025-11-16 18:32:10 - 8_0.0_1 - INFO - idx: 3, output_dict_len: 600
2025-11-16 18:32:10 - 8_0.0_1 - INFO - user class dict total [45, 34, 11, 56, 85, 13, 41, 30, 24, 86]
2025-11-16 18:32:10 - 8_0.0_1 - INFO - idx: 4, output_dict_len: 600
2025-11-16 18:32:10 - 8_0.0_1 - INFO - user class dict total [51, 75, 37, 6, 53, 95, 96, 39, 47, 90]
2025-11-16 18:32:10 - 8_0.0_1 - INFO - idx: 5, output_dict_len: 600
2025-11-16 18:32:10 - 8_0.0_1 - INFO - user class dict total [36, 7, 50, 3, 63, 59, 9, 77, 64, 93]
2025-11-16 18:32:10 - 8_0.0_1 - INFO - idx: 6, output_dict_len: 600
2025-11-16 18:32:10 - 8_0.0_1 - INFO - user class dict total [87, 98, 61, 19, 25, 4, 16, 8, 46, 26]
2025-11-16 18:32:10 - 8_0.0_1 - INFO - idx: 7, output_dict_len: 600
2025-11-16 18:32:10 - 8_0.0_1 - INFO - user class dict total [2, 92, 84, 29, 22, 88, 67, 68, 38, 83]
2025-11-16 18:32:10 - 8_0.0_1 - INFO - idx: 8, output_dict_len: 600
2025-11-16 18:32:10 - 8_0.0_1 - INFO - user class dict total [15, 12, 81, 43, 73, 78, 40, 100, 57, 89, 49]
2025-11-16 18:32:10 - 8_0.0_1 - INFO - idx: 9, output_dict_len: 660
2025-11-16 18:32:10 - 8_0.0_1 - INFO - Loading CLIP (backbone: ViT-B/16)
2025-11-16 18:32:11 - 8_0.0_1 - INFO - Building custom CLIP
2025-11-16 18:32:11 - 8_0.0_1 - INFO - Turning off gradients in both the image and the text encoder
2025-11-16 18:33:43 - 8_0.0_1 - INFO - [Epoch 1/30] 训练耗时: 91.47s | 平均训练准确率: 29.49
