2025-11-17 03:04:44 - 8_0.05_1 - INFO - 日志文件已创建: logs/food-101/promptfl/8_0.05_1_20251117_030444.log
2025-11-17 03:04:44 - 8_0.05_1 - INFO - Loading trainer: DP_FPL
2025-11-17 03:04:44 - 8_0.05_1 - INFO - Loading dataset: Food101
2025-11-17 03:04:44 - 8_0.05_1 - INFO - Reading split from /home/liuxin25/dataset/food-101/split_zhou_Food101.json
2025-11-17 03:04:45 - 8_0.05_1 - INFO - Creating a baseline federated dataset
2025-11-17 03:04:45 - 8_0.05_1 - INFO - class_num 101
2025-11-17 03:04:45 - 8_0.05_1 - INFO - user class dict total [20, 79, 94, 54, 52, 65, 0, 1, 48, 74]
2025-11-17 03:04:45 - 8_0.05_1 - INFO - idx: 0, output_dict_len: 500
2025-11-17 03:04:45 - 8_0.05_1 - INFO - user class dict total [44, 99, 35, 69, 82, 42, 33, 14, 5, 62]
2025-11-17 03:04:45 - 8_0.05_1 - INFO - idx: 1, output_dict_len: 500
2025-11-17 03:04:45 - 8_0.05_1 - INFO - user class dict total [32, 55, 97, 10, 21, 31, 91, 27, 28, 76]
2025-11-17 03:04:45 - 8_0.05_1 - INFO - idx: 2, output_dict_len: 500
2025-11-17 03:04:45 - 8_0.05_1 - INFO - user class dict total [80, 71, 66, 58, 23, 70, 60, 72, 17, 18]
2025-11-17 03:04:45 - 8_0.05_1 - INFO - idx: 3, output_dict_len: 500
2025-11-17 03:04:45 - 8_0.05_1 - INFO - user class dict total [45, 34, 11, 56, 85, 13, 41, 30, 24, 86]
2025-11-17 03:04:45 - 8_0.05_1 - INFO - idx: 4, output_dict_len: 500
2025-11-17 03:04:45 - 8_0.05_1 - INFO - user class dict total [51, 75, 37, 6, 53, 95, 96, 39, 47, 90]
2025-11-17 03:04:45 - 8_0.05_1 - INFO - idx: 5, output_dict_len: 500
2025-11-17 03:04:45 - 8_0.05_1 - INFO - user class dict total [36, 7, 50, 3, 63, 59, 9, 77, 64, 93]
2025-11-17 03:04:45 - 8_0.05_1 - INFO - idx: 6, output_dict_len: 500
2025-11-17 03:04:45 - 8_0.05_1 - INFO - user class dict total [87, 98, 61, 19, 25, 4, 16, 8, 46, 26]
2025-11-17 03:04:45 - 8_0.05_1 - INFO - idx: 7, output_dict_len: 500
2025-11-17 03:04:45 - 8_0.05_1 - INFO - user class dict total [2, 92, 84, 29, 22, 88, 67, 68, 38, 83]
2025-11-17 03:04:45 - 8_0.05_1 - INFO - idx: 8, output_dict_len: 500
2025-11-17 03:04:45 - 8_0.05_1 - INFO - user class dict total [15, 12, 81, 43, 73, 78, 40, 100, 57, 89, 49]
2025-11-17 03:04:45 - 8_0.05_1 - INFO - idx: 9, output_dict_len: 550
2025-11-17 03:04:45 - 8_0.05_1 - INFO - Creating a baseline federated dataset
2025-11-17 03:04:45 - 8_0.05_1 - INFO - class_num 101
2025-11-17 03:04:45 - 8_0.05_1 - INFO - user class dict total [20, 79, 94, 54, 52, 65, 0, 1, 48, 74]
2025-11-17 03:04:45 - 8_0.05_1 - INFO - idx: 0, output_dict_len: 300
2025-11-17 03:04:45 - 8_0.05_1 - INFO - user class dict total [44, 99, 35, 69, 82, 42, 33, 14, 5, 62]
2025-11-17 03:04:45 - 8_0.05_1 - INFO - idx: 1, output_dict_len: 300
2025-11-17 03:04:45 - 8_0.05_1 - INFO - user class dict total [32, 55, 97, 10, 21, 31, 91, 27, 28, 76]
2025-11-17 03:04:45 - 8_0.05_1 - INFO - idx: 2, output_dict_len: 300
2025-11-17 03:04:45 - 8_0.05_1 - INFO - user class dict total [80, 71, 66, 58, 23, 70, 60, 72, 17, 18]
2025-11-17 03:04:45 - 8_0.05_1 - INFO - idx: 3, output_dict_len: 300
2025-11-17 03:04:45 - 8_0.05_1 - INFO - user class dict total [45, 34, 11, 56, 85, 13, 41, 30, 24, 86]
2025-11-17 03:04:45 - 8_0.05_1 - INFO - idx: 4, output_dict_len: 300
2025-11-17 03:04:45 - 8_0.05_1 - INFO - user class dict total [51, 75, 37, 6, 53, 95, 96, 39, 47, 90]
2025-11-17 03:04:45 - 8_0.05_1 - INFO - idx: 5, output_dict_len: 300
2025-11-17 03:04:45 - 8_0.05_1 - INFO - user class dict total [36, 7, 50, 3, 63, 59, 9, 77, 64, 93]
2025-11-17 03:04:45 - 8_0.05_1 - INFO - idx: 6, output_dict_len: 300
2025-11-17 03:04:45 - 8_0.05_1 - INFO - user class dict total [87, 98, 61, 19, 25, 4, 16, 8, 46, 26]
2025-11-17 03:04:45 - 8_0.05_1 - INFO - idx: 7, output_dict_len: 300
2025-11-17 03:04:45 - 8_0.05_1 - INFO - user class dict total [2, 92, 84, 29, 22, 88, 67, 68, 38, 83]
2025-11-17 03:04:45 - 8_0.05_1 - INFO - idx: 8, output_dict_len: 300
2025-11-17 03:04:45 - 8_0.05_1 - INFO - user class dict total [15, 12, 81, 43, 73, 78, 40, 100, 57, 89, 49]
2025-11-17 03:04:45 - 8_0.05_1 - INFO - idx: 9, output_dict_len: 330
2025-11-17 03:04:45 - 8_0.05_1 - INFO - Loading CLIP (backbone: ViT-B/16)
2025-11-17 03:04:47 - 8_0.05_1 - INFO - Building custom CLIP
2025-11-17 03:04:47 - 8_0.05_1 - INFO - Turning off gradients in both the image and the text encoder
2025-11-17 03:05:31 - 8_0.05_1 - INFO - [Epoch 1/30] 训练耗时: 44.29s | 平均训练准确率: 30.56
2025-11-17 03:06:15 - 8_0.05_1 - INFO - [Epoch 2/30] 训练耗时: 43.38s | 平均训练准确率: 63.69
2025-11-17 03:06:58 - 8_0.05_1 - INFO - [Epoch 3/30] 训练耗时: 43.45s | 平均训练准确率: 72.17
2025-11-17 03:07:41 - 8_0.05_1 - INFO - [Epoch 4/30] 训练耗时: 43.26s | 平均训练准确率: 72.67
2025-11-17 03:08:24 - 8_0.05_1 - INFO - [Epoch 5/30] 训练耗时: 42.88s | 平均训练准确率: 72.38
2025-11-17 03:09:07 - 8_0.05_1 - INFO - [Epoch 6/30] 训练耗时: 42.89s | 平均训练准确率: 72.48
2025-11-17 03:09:50 - 8_0.05_1 - INFO - [Epoch 7/30] 训练耗时: 43.21s | 平均训练准确率: 72.48
2025-11-17 03:10:34 - 8_0.05_1 - INFO - [Epoch 8/30] 训练耗时: 43.27s | 平均训练准确率: 70.69
2025-11-17 03:11:17 - 8_0.05_1 - INFO - [Epoch 9/30] 训练耗时: 43.15s | 平均训练准确率: 70.46
2025-11-17 03:12:00 - 8_0.05_1 - INFO - [Epoch 10/30] 训练耗时: 43.36s | 平均训练准确率: 68.48
2025-11-17 03:12:44 - 8_0.05_1 - INFO - [Epoch 11/30] 训练耗时: 43.32s | 平均训练准确率: 70.94
2025-11-17 03:13:27 - 8_0.05_1 - INFO - [Epoch 12/30] 训练耗时: 43.32s | 平均训练准确率: 69.27
2025-11-17 03:14:10 - 8_0.05_1 - INFO - [Epoch 13/30] 训练耗时: 43.37s | 平均训练准确率: 70.48
2025-11-17 03:14:53 - 8_0.05_1 - INFO - [Epoch 14/30] 训练耗时: 42.38s | 平均训练准确率: 70.38
2025-11-17 03:15:36 - 8_0.05_1 - INFO - [Epoch 15/30] 训练耗时: 43.29s | 平均训练准确率: 70.88
2025-11-17 03:16:19 - 8_0.05_1 - INFO - [Epoch 16/30] 训练耗时: 43.39s | 平均训练准确率: 70.69
2025-11-17 03:17:03 - 8_0.05_1 - INFO - [Epoch 17/30] 训练耗时: 43.29s | 平均训练准确率: 70.23
2025-11-17 03:17:46 - 8_0.05_1 - INFO - [Epoch 18/30] 训练耗时: 43.35s | 平均训练准确率: 69.15
2025-11-17 03:18:29 - 8_0.05_1 - INFO - [Epoch 19/30] 训练耗时: 43.39s | 平均训练准确率: 70.00
2025-11-17 03:19:13 - 8_0.05_1 - INFO - [Epoch 20/30] 训练耗时: 43.76s | 平均训练准确率: 71.54
2025-11-17 03:19:57 - 8_0.05_1 - INFO - [Epoch 21/30] 训练耗时: 43.95s | 平均训练准确率: 68.58
2025-11-17 03:20:40 - 8_0.05_1 - INFO - [Epoch 22/30] 训练耗时: 42.98s | 平均训练准确率: 69.85
2025-11-17 03:21:24 - 8_0.05_1 - INFO - [Epoch 23/30] 训练耗时: 43.80s | 平均训练准确率: 70.38
2025-11-17 03:22:08 - 8_0.05_1 - INFO - [Epoch 24/30] 训练耗时: 44.04s | 平均训练准确率: 71.75
2025-11-17 03:22:51 - 8_0.05_1 - INFO - [Epoch 25/30] 训练耗时: 43.60s | 平均训练准确率: 70.52
2025-11-17 03:23:35 - 8_0.05_1 - INFO - [Epoch 26/30] 训练耗时: 43.35s | 平均训练准确率: 71.21
2025-11-17 03:24:18 - 8_0.05_1 - INFO - [Epoch 27/30] 训练耗时: 43.39s | 平均训练准确率: 71.69
2025-11-17 03:25:02 - 8_0.05_1 - INFO - [Epoch 28/30] 训练耗时: 43.54s | 平均训练准确率: 72.71
2025-11-17 03:25:02 - 8_0.05_1 - INFO - ------------local test start-------------
2025-11-17 03:25:02 - 8_0.05_1 - INFO - Evaluate on the client0 local set
2025-11-17 03:25:04 - 8_0.05_1 - INFO - => result | total 300 | correct 230 | acc 76.67% | err 23.33% | macro_f1 85.10%
2025-11-17 03:25:04 - 8_0.05_1 - INFO - Evaluate on the client0 neighbor set
2025-11-17 03:25:23 - 8_0.05_1 - INFO - => result | total 2,730 | correct 2,243 | acc 82.16% | err 17.84% | macro_f1 82.53%
2025-11-17 03:25:23 - 8_0.05_1 - INFO - Evaluate on the client1 local set
2025-11-17 03:25:25 - 8_0.05_1 - INFO - => result | total 300 | correct 224 | acc 74.67% | err 25.33% | macro_f1 83.77%
2025-11-17 03:25:25 - 8_0.05_1 - INFO - Evaluate on the client1 neighbor set
2025-11-17 03:25:44 - 8_0.05_1 - INFO - => result | total 2,730 | correct 2,252 | acc 82.49% | err 17.51% | macro_f1 82.80%
2025-11-17 03:25:44 - 8_0.05_1 - INFO - Evaluate on the client2 local set
2025-11-17 03:25:46 - 8_0.05_1 - INFO - => result | total 300 | correct 258 | acc 86.00% | err 14.00% | macro_f1 92.13%
2025-11-17 03:25:46 - 8_0.05_1 - INFO - Evaluate on the client2 neighbor set
2025-11-17 03:26:05 - 8_0.05_1 - INFO - => result | total 2,730 | correct 2,222 | acc 81.39% | err 18.61% | macro_f1 81.71%
2025-11-17 03:26:05 - 8_0.05_1 - INFO - Evaluate on the client3 local set
2025-11-17 03:26:07 - 8_0.05_1 - INFO - => result | total 300 | correct 237 | acc 79.00% | err 21.00% | macro_f1 86.43%
2025-11-17 03:26:07 - 8_0.05_1 - INFO - Evaluate on the client3 neighbor set
2025-11-17 03:26:26 - 8_0.05_1 - INFO - => result | total 2,730 | correct 2,246 | acc 82.27% | err 17.73% | macro_f1 82.78%
2025-11-17 03:26:26 - 8_0.05_1 - INFO - Evaluate on the client4 local set
2025-11-17 03:26:28 - 8_0.05_1 - INFO - => result | total 300 | correct 269 | acc 89.67% | err 10.33% | macro_f1 93.92%
2025-11-17 03:26:28 - 8_0.05_1 - INFO - Evaluate on the client4 neighbor set
2025-11-17 03:26:47 - 8_0.05_1 - INFO - => result | total 2,730 | correct 2,211 | acc 80.99% | err 19.01% | macro_f1 81.98%
2025-11-17 03:26:47 - 8_0.05_1 - INFO - Evaluate on the client5 local set
2025-11-17 03:26:49 - 8_0.05_1 - INFO - => result | total 300 | correct 246 | acc 82.00% | err 18.00% | macro_f1 88.76%
2025-11-17 03:26:49 - 8_0.05_1 - INFO - Evaluate on the client5 neighbor set
2025-11-17 03:27:07 - 8_0.05_1 - INFO - => result | total 2,730 | correct 2,237 | acc 81.94% | err 18.06% | macro_f1 82.33%
2025-11-17 03:27:07 - 8_0.05_1 - INFO - Evaluate on the client6 local set
2025-11-17 03:27:09 - 8_0.05_1 - INFO - => result | total 300 | correct 242 | acc 80.67% | err 19.33% | macro_f1 86.54%
2025-11-17 03:27:09 - 8_0.05_1 - INFO - Evaluate on the client6 neighbor set
2025-11-17 03:27:28 - 8_0.05_1 - INFO - => result | total 2,730 | correct 2,242 | acc 82.12% | err 17.88% | macro_f1 82.81%
2025-11-17 03:27:28 - 8_0.05_1 - INFO - Evaluate on the client7 local set
2025-11-17 03:27:30 - 8_0.05_1 - INFO - => result | total 300 | correct 253 | acc 84.33% | err 15.67% | macro_f1 89.33%
2025-11-17 03:27:30 - 8_0.05_1 - INFO - Evaluate on the client7 neighbor set
2025-11-17 03:27:49 - 8_0.05_1 - INFO - => result | total 2,730 | correct 2,232 | acc 81.76% | err 18.24% | macro_f1 82.61%
2025-11-17 03:27:49 - 8_0.05_1 - INFO - Evaluate on the client8 local set
2025-11-17 03:27:51 - 8_0.05_1 - INFO - => result | total 300 | correct 258 | acc 86.00% | err 14.00% | macro_f1 90.77%
2025-11-17 03:27:51 - 8_0.05_1 - INFO - Evaluate on the client8 neighbor set
2025-11-17 03:28:10 - 8_0.05_1 - INFO - => result | total 2,730 | correct 2,226 | acc 81.54% | err 18.46% | macro_f1 81.96%
2025-11-17 03:28:10 - 8_0.05_1 - INFO - Evaluate on the client9 local set
2025-11-17 03:28:12 - 8_0.05_1 - INFO - => result | total 330 | correct 263 | acc 79.70% | err 20.30% | macro_f1 86.14%
2025-11-17 03:28:12 - 8_0.05_1 - INFO - Evaluate on the client9 neighbor set
2025-11-17 03:28:31 - 8_0.05_1 - INFO - => result | total 2,700 | correct 2,220 | acc 82.22% | err 17.78% | macro_f1 82.76%
2025-11-17 03:28:31 - 8_0.05_1 - INFO - Global test local acc: 81.87
2025-11-17 03:28:31 - 8_0.05_1 - INFO - Global test neighbor acc: 81.89
2025-11-17 03:28:31 - 8_0.05_1 - INFO - ------------local test finish-------------
2025-11-17 03:28:31 - 8_0.05_1 - INFO - [Epoch 28/30] 测试耗时: 209.24s
2025-11-17 03:29:10 - 8_0.05_1 - INFO - [Epoch 29/30] 训练耗时: 39.11s | 平均训练准确率: 71.94
2025-11-17 03:29:10 - 8_0.05_1 - INFO - ------------local test start-------------
2025-11-17 03:29:10 - 8_0.05_1 - INFO - Evaluate on the client0 local set
2025-11-17 03:29:12 - 8_0.05_1 - INFO - => result | total 300 | correct 230 | acc 76.67% | err 23.33% | macro_f1 85.24%
2025-11-17 03:29:12 - 8_0.05_1 - INFO - Evaluate on the client0 neighbor set
2025-11-17 03:29:31 - 8_0.05_1 - INFO - => result | total 2,730 | correct 2,244 | acc 82.20% | err 17.80% | macro_f1 82.52%
2025-11-17 03:29:31 - 8_0.05_1 - INFO - Evaluate on the client1 local set
2025-11-17 03:29:33 - 8_0.05_1 - INFO - => result | total 300 | correct 226 | acc 75.33% | err 24.67% | macro_f1 84.00%
2025-11-17 03:29:33 - 8_0.05_1 - INFO - Evaluate on the client1 neighbor set
2025-11-17 03:29:52 - 8_0.05_1 - INFO - => result | total 2,730 | correct 2,252 | acc 82.49% | err 17.51% | macro_f1 83.00%
2025-11-17 03:29:52 - 8_0.05_1 - INFO - Evaluate on the client2 local set
2025-11-17 03:29:54 - 8_0.05_1 - INFO - => result | total 300 | correct 261 | acc 87.00% | err 13.00% | macro_f1 92.59%
2025-11-17 03:29:54 - 8_0.05_1 - INFO - Evaluate on the client2 neighbor set
2025-11-17 03:30:12 - 8_0.05_1 - INFO - => result | total 2,730 | correct 2,217 | acc 81.21% | err 18.79% | macro_f1 81.52%
2025-11-17 03:30:12 - 8_0.05_1 - INFO - Evaluate on the client3 local set
2025-11-17 03:30:14 - 8_0.05_1 - INFO - => result | total 300 | correct 235 | acc 78.33% | err 21.67% | macro_f1 86.30%
2025-11-17 03:30:14 - 8_0.05_1 - INFO - Evaluate on the client3 neighbor set
2025-11-17 03:30:33 - 8_0.05_1 - INFO - => result | total 2,730 | correct 2,245 | acc 82.23% | err 17.77% | macro_f1 82.59%
2025-11-17 03:30:33 - 8_0.05_1 - INFO - Evaluate on the client4 local set
2025-11-17 03:30:35 - 8_0.05_1 - INFO - => result | total 300 | correct 264 | acc 88.00% | err 12.00% | macro_f1 92.76%
2025-11-17 03:30:35 - 8_0.05_1 - INFO - Evaluate on the client4 neighbor set
2025-11-17 03:30:54 - 8_0.05_1 - INFO - => result | total 2,730 | correct 2,219 | acc 81.28% | err 18.72% | macro_f1 82.35%
2025-11-17 03:30:54 - 8_0.05_1 - INFO - Evaluate on the client5 local set
2025-11-17 03:30:56 - 8_0.05_1 - INFO - => result | total 300 | correct 255 | acc 85.00% | err 15.00% | macro_f1 90.75%
2025-11-17 03:30:56 - 8_0.05_1 - INFO - Evaluate on the client5 neighbor set
2025-11-17 03:31:15 - 8_0.05_1 - INFO - => result | total 2,730 | correct 2,229 | acc 81.65% | err 18.35% | macro_f1 82.07%
2025-11-17 03:31:15 - 8_0.05_1 - INFO - Evaluate on the client6 local set
2025-11-17 03:31:17 - 8_0.05_1 - INFO - => result | total 300 | correct 239 | acc 79.67% | err 20.33% | macro_f1 86.08%
2025-11-17 03:31:17 - 8_0.05_1 - INFO - Evaluate on the client6 neighbor set
2025-11-17 03:31:35 - 8_0.05_1 - INFO - => result | total 2,730 | correct 2,245 | acc 82.23% | err 17.77% | macro_f1 82.96%
2025-11-17 03:31:35 - 8_0.05_1 - INFO - Evaluate on the client7 local set
2025-11-17 03:31:37 - 8_0.05_1 - INFO - => result | total 300 | correct 250 | acc 83.33% | err 16.67% | macro_f1 89.09%
2025-11-17 03:31:37 - 8_0.05_1 - INFO - Evaluate on the client7 neighbor set
2025-11-17 03:31:56 - 8_0.05_1 - INFO - => result | total 2,730 | correct 2,234 | acc 81.83% | err 18.17% | macro_f1 82.51%
2025-11-17 03:31:56 - 8_0.05_1 - INFO - Evaluate on the client8 local set
2025-11-17 03:31:58 - 8_0.05_1 - INFO - => result | total 300 | correct 256 | acc 85.33% | err 14.67% | macro_f1 90.49%
2025-11-17 03:31:58 - 8_0.05_1 - INFO - Evaluate on the client8 neighbor set
2025-11-17 03:32:17 - 8_0.05_1 - INFO - => result | total 2,730 | correct 2,227 | acc 81.58% | err 18.42% | macro_f1 82.07%
2025-11-17 03:32:17 - 8_0.05_1 - INFO - Evaluate on the client9 local set
2025-11-17 03:32:19 - 8_0.05_1 - INFO - => result | total 330 | correct 263 | acc 79.70% | err 20.30% | macro_f1 86.04%
2025-11-17 03:32:19 - 8_0.05_1 - INFO - Evaluate on the client9 neighbor set
2025-11-17 03:32:37 - 8_0.05_1 - INFO - => result | total 2,700 | correct 2,220 | acc 82.22% | err 17.78% | macro_f1 82.63%
2025-11-17 03:32:37 - 8_0.05_1 - INFO - Global test local acc: 81.84
2025-11-17 03:32:37 - 8_0.05_1 - INFO - Global test neighbor acc: 81.89
2025-11-17 03:32:37 - 8_0.05_1 - INFO - ------------local test finish-------------
2025-11-17 03:32:37 - 8_0.05_1 - INFO - [Epoch 29/30] 测试耗时: 207.02s
2025-11-17 03:33:15 - 8_0.05_1 - INFO - [Epoch 30/30] 训练耗时: 38.23s | 平均训练准确率: 73.21
2025-11-17 03:33:15 - 8_0.05_1 - INFO - ------------local test start-------------
2025-11-17 03:33:15 - 8_0.05_1 - INFO - Evaluate on the client0 local set
2025-11-17 03:33:17 - 8_0.05_1 - INFO - => result | total 300 | correct 237 | acc 79.00% | err 21.00% | macro_f1 87.10%
2025-11-17 03:33:17 - 8_0.05_1 - INFO - Evaluate on the client0 neighbor set
2025-11-17 03:33:36 - 8_0.05_1 - INFO - => result | total 2,730 | correct 2,270 | acc 83.15% | err 16.85% | macro_f1 83.58%
2025-11-17 03:33:36 - 8_0.05_1 - INFO - Evaluate on the client1 local set
2025-11-17 03:33:38 - 8_0.05_1 - INFO - => result | total 300 | correct 230 | acc 76.67% | err 23.33% | macro_f1 85.38%
2025-11-17 03:33:38 - 8_0.05_1 - INFO - Evaluate on the client1 neighbor set
2025-11-17 03:33:57 - 8_0.05_1 - INFO - => result | total 2,730 | correct 2,276 | acc 83.37% | err 16.63% | macro_f1 83.79%
2025-11-17 03:33:57 - 8_0.05_1 - INFO - Evaluate on the client2 local set
2025-11-17 03:33:59 - 8_0.05_1 - INFO - => result | total 300 | correct 259 | acc 86.33% | err 13.67% | macro_f1 92.01%
2025-11-17 03:33:59 - 8_0.05_1 - INFO - Evaluate on the client2 neighbor set
2025-11-17 03:34:18 - 8_0.05_1 - INFO - => result | total 2,730 | correct 2,248 | acc 82.34% | err 17.66% | macro_f1 82.72%
2025-11-17 03:34:18 - 8_0.05_1 - INFO - Evaluate on the client3 local set
2025-11-17 03:34:20 - 8_0.05_1 - INFO - => result | total 300 | correct 239 | acc 79.67% | err 20.33% | macro_f1 87.33%
2025-11-17 03:34:20 - 8_0.05_1 - INFO - Evaluate on the client3 neighbor set
2025-11-17 03:34:39 - 8_0.05_1 - INFO - => result | total 2,730 | correct 2,271 | acc 83.19% | err 16.81% | macro_f1 83.64%
2025-11-17 03:34:39 - 8_0.05_1 - INFO - Evaluate on the client4 local set
2025-11-17 03:34:41 - 8_0.05_1 - INFO - => result | total 300 | correct 268 | acc 89.33% | err 10.67% | macro_f1 93.57%
2025-11-17 03:34:41 - 8_0.05_1 - INFO - Evaluate on the client4 neighbor set
2025-11-17 03:35:00 - 8_0.05_1 - INFO - => result | total 2,730 | correct 2,243 | acc 82.16% | err 17.84% | macro_f1 83.29%
2025-11-17 03:35:00 - 8_0.05_1 - INFO - Evaluate on the client5 local set
2025-11-17 03:35:02 - 8_0.05_1 - INFO - => result | total 300 | correct 252 | acc 84.00% | err 16.00% | macro_f1 89.77%
2025-11-17 03:35:02 - 8_0.05_1 - INFO - Evaluate on the client5 neighbor set
2025-11-17 03:35:20 - 8_0.05_1 - INFO - => result | total 2,730 | correct 2,259 | acc 82.75% | err 17.25% | macro_f1 83.11%
2025-11-17 03:35:20 - 8_0.05_1 - INFO - Evaluate on the client6 local set
2025-11-17 03:35:23 - 8_0.05_1 - INFO - => result | total 300 | correct 252 | acc 84.00% | err 16.00% | macro_f1 89.01%
2025-11-17 03:35:23 - 8_0.05_1 - INFO - Evaluate on the client6 neighbor set
2025-11-17 03:35:41 - 8_0.05_1 - INFO - => result | total 2,730 | correct 2,260 | acc 82.78% | err 17.22% | macro_f1 83.49%
2025-11-17 03:35:41 - 8_0.05_1 - INFO - Evaluate on the client7 local set
2025-11-17 03:35:44 - 8_0.05_1 - INFO - => result | total 300 | correct 252 | acc 84.00% | err 16.00% | macro_f1 89.30%
2025-11-17 03:35:44 - 8_0.05_1 - INFO - Evaluate on the client7 neighbor set
2025-11-17 03:36:03 - 8_0.05_1 - INFO - => result | total 2,730 | correct 2,261 | acc 82.82% | err 17.18% | macro_f1 83.67%
2025-11-17 03:36:03 - 8_0.05_1 - INFO - Evaluate on the client8 local set
2025-11-17 03:36:05 - 8_0.05_1 - INFO - => result | total 300 | correct 259 | acc 86.33% | err 13.67% | macro_f1 91.14%
2025-11-17 03:36:05 - 8_0.05_1 - INFO - Evaluate on the client8 neighbor set
2025-11-17 03:36:24 - 8_0.05_1 - INFO - => result | total 2,730 | correct 2,255 | acc 82.60% | err 17.40% | macro_f1 83.18%
2025-11-17 03:36:24 - 8_0.05_1 - INFO - Evaluate on the client9 local set
2025-11-17 03:36:26 - 8_0.05_1 - INFO - => result | total 330 | correct 261 | acc 79.09% | err 20.91% | macro_f1 85.85%
2025-11-17 03:36:26 - 8_0.05_1 - INFO - Evaluate on the client9 neighbor set
2025-11-17 03:36:45 - 8_0.05_1 - INFO - => result | total 2,700 | correct 2,252 | acc 83.41% | err 16.59% | macro_f1 83.86%
2025-11-17 03:36:45 - 8_0.05_1 - INFO - Global test local acc: 82.84
2025-11-17 03:36:45 - 8_0.05_1 - INFO - Global test neighbor acc: 82.86
2025-11-17 03:36:45 - 8_0.05_1 - INFO - ------------local test finish-------------
2025-11-17 03:36:45 - 8_0.05_1 - INFO - [Epoch 30/30] 测试耗时: 209.73s
2025-11-17 03:36:45 - 8_0.05_1 - INFO - maximum test local acc: 82.842
2025-11-17 03:36:45 - 8_0.05_1 - INFO - mean of local acc: 82.183
2025-11-17 03:36:45 - 8_0.05_1 - INFO - maximum test neighbor acc: 82.857
2025-11-17 03:36:45 - 8_0.05_1 - INFO - mean of neighbor acc: 82.213
