2025-11-17 00:57:22 - 8_0.1_1 - INFO - 日志文件已创建: logs/food-101/promptfl/8_0.1_1_20251117_005722.log
2025-11-17 00:57:22 - 8_0.1_1 - INFO - Loading trainer: DP_FPL
2025-11-17 00:57:22 - 8_0.1_1 - INFO - Loading dataset: Food101
2025-11-17 00:57:22 - 8_0.1_1 - INFO - Reading split from /home/liuxin25/dataset/food-101/split_zhou_Food101.json
2025-11-17 00:57:23 - 8_0.1_1 - INFO - Creating a baseline federated dataset
2025-11-17 00:57:23 - 8_0.1_1 - INFO - class_num 101
2025-11-17 00:57:23 - 8_0.1_1 - INFO - user class dict total [20, 79, 94, 54, 52, 65, 0, 1, 48, 74]
2025-11-17 00:57:23 - 8_0.1_1 - INFO - idx: 0, output_dict_len: 500
2025-11-17 00:57:23 - 8_0.1_1 - INFO - user class dict total [44, 99, 35, 69, 82, 42, 33, 14, 5, 62]
2025-11-17 00:57:23 - 8_0.1_1 - INFO - idx: 1, output_dict_len: 500
2025-11-17 00:57:23 - 8_0.1_1 - INFO - user class dict total [32, 55, 97, 10, 21, 31, 91, 27, 28, 76]
2025-11-17 00:57:23 - 8_0.1_1 - INFO - idx: 2, output_dict_len: 500
2025-11-17 00:57:23 - 8_0.1_1 - INFO - user class dict total [80, 71, 66, 58, 23, 70, 60, 72, 17, 18]
2025-11-17 00:57:23 - 8_0.1_1 - INFO - idx: 3, output_dict_len: 500
2025-11-17 00:57:23 - 8_0.1_1 - INFO - user class dict total [45, 34, 11, 56, 85, 13, 41, 30, 24, 86]
2025-11-17 00:57:23 - 8_0.1_1 - INFO - idx: 4, output_dict_len: 500
2025-11-17 00:57:23 - 8_0.1_1 - INFO - user class dict total [51, 75, 37, 6, 53, 95, 96, 39, 47, 90]
2025-11-17 00:57:23 - 8_0.1_1 - INFO - idx: 5, output_dict_len: 500
2025-11-17 00:57:23 - 8_0.1_1 - INFO - user class dict total [36, 7, 50, 3, 63, 59, 9, 77, 64, 93]
2025-11-17 00:57:23 - 8_0.1_1 - INFO - idx: 6, output_dict_len: 500
2025-11-17 00:57:23 - 8_0.1_1 - INFO - user class dict total [87, 98, 61, 19, 25, 4, 16, 8, 46, 26]
2025-11-17 00:57:23 - 8_0.1_1 - INFO - idx: 7, output_dict_len: 500
2025-11-17 00:57:23 - 8_0.1_1 - INFO - user class dict total [2, 92, 84, 29, 22, 88, 67, 68, 38, 83]
2025-11-17 00:57:23 - 8_0.1_1 - INFO - idx: 8, output_dict_len: 500
2025-11-17 00:57:23 - 8_0.1_1 - INFO - user class dict total [15, 12, 81, 43, 73, 78, 40, 100, 57, 89, 49]
2025-11-17 00:57:23 - 8_0.1_1 - INFO - idx: 9, output_dict_len: 550
2025-11-17 00:57:23 - 8_0.1_1 - INFO - Creating a baseline federated dataset
2025-11-17 00:57:23 - 8_0.1_1 - INFO - class_num 101
2025-11-17 00:57:23 - 8_0.1_1 - INFO - user class dict total [20, 79, 94, 54, 52, 65, 0, 1, 48, 74]
2025-11-17 00:57:23 - 8_0.1_1 - INFO - idx: 0, output_dict_len: 300
2025-11-17 00:57:23 - 8_0.1_1 - INFO - user class dict total [44, 99, 35, 69, 82, 42, 33, 14, 5, 62]
2025-11-17 00:57:23 - 8_0.1_1 - INFO - idx: 1, output_dict_len: 300
2025-11-17 00:57:23 - 8_0.1_1 - INFO - user class dict total [32, 55, 97, 10, 21, 31, 91, 27, 28, 76]
2025-11-17 00:57:23 - 8_0.1_1 - INFO - idx: 2, output_dict_len: 300
2025-11-17 00:57:23 - 8_0.1_1 - INFO - user class dict total [80, 71, 66, 58, 23, 70, 60, 72, 17, 18]
2025-11-17 00:57:23 - 8_0.1_1 - INFO - idx: 3, output_dict_len: 300
2025-11-17 00:57:23 - 8_0.1_1 - INFO - user class dict total [45, 34, 11, 56, 85, 13, 41, 30, 24, 86]
2025-11-17 00:57:23 - 8_0.1_1 - INFO - idx: 4, output_dict_len: 300
2025-11-17 00:57:23 - 8_0.1_1 - INFO - user class dict total [51, 75, 37, 6, 53, 95, 96, 39, 47, 90]
2025-11-17 00:57:23 - 8_0.1_1 - INFO - idx: 5, output_dict_len: 300
2025-11-17 00:57:23 - 8_0.1_1 - INFO - user class dict total [36, 7, 50, 3, 63, 59, 9, 77, 64, 93]
2025-11-17 00:57:23 - 8_0.1_1 - INFO - idx: 6, output_dict_len: 300
2025-11-17 00:57:23 - 8_0.1_1 - INFO - user class dict total [87, 98, 61, 19, 25, 4, 16, 8, 46, 26]
2025-11-17 00:57:23 - 8_0.1_1 - INFO - idx: 7, output_dict_len: 300
2025-11-17 00:57:23 - 8_0.1_1 - INFO - user class dict total [2, 92, 84, 29, 22, 88, 67, 68, 38, 83]
2025-11-17 00:57:23 - 8_0.1_1 - INFO - idx: 8, output_dict_len: 300
2025-11-17 00:57:23 - 8_0.1_1 - INFO - user class dict total [15, 12, 81, 43, 73, 78, 40, 100, 57, 89, 49]
2025-11-17 00:57:23 - 8_0.1_1 - INFO - idx: 9, output_dict_len: 330
2025-11-17 00:57:23 - 8_0.1_1 - INFO - Loading CLIP (backbone: ViT-B/16)
2025-11-17 00:57:25 - 8_0.1_1 - INFO - Building custom CLIP
2025-11-17 00:57:25 - 8_0.1_1 - INFO - Turning off gradients in both the image and the text encoder
2025-11-17 00:58:09 - 8_0.1_1 - INFO - [Epoch 1/30] 训练耗时: 44.30s | 平均训练准确率: 30.56
2025-11-17 00:58:52 - 8_0.1_1 - INFO - [Epoch 2/30] 训练耗时: 43.45s | 平均训练准确率: 67.88
2025-11-17 00:59:36 - 8_0.1_1 - INFO - [Epoch 3/30] 训练耗时: 43.35s | 平均训练准确率: 73.48
2025-11-17 01:00:17 - 8_0.1_1 - INFO - [Epoch 4/30] 训练耗时: 41.18s | 平均训练准确率: 73.38
2025-11-17 01:01:00 - 8_0.1_1 - INFO - [Epoch 5/30] 训练耗时: 43.29s | 平均训练准确率: 73.83
2025-11-17 01:01:44 - 8_0.1_1 - INFO - [Epoch 6/30] 训练耗时: 43.61s | 平均训练准确率: 74.71
2025-11-17 01:02:27 - 8_0.1_1 - INFO - [Epoch 7/30] 训练耗时: 43.31s | 平均训练准确率: 74.21
2025-11-17 01:03:10 - 8_0.1_1 - INFO - [Epoch 8/30] 训练耗时: 43.20s | 平均训练准确率: 72.79
2025-11-17 01:03:54 - 8_0.1_1 - INFO - [Epoch 9/30] 训练耗时: 43.27s | 平均训练准确率: 72.65
2025-11-17 01:04:37 - 8_0.1_1 - INFO - [Epoch 10/30] 训练耗时: 43.25s | 平均训练准确率: 72.04
2025-11-17 01:05:20 - 8_0.1_1 - INFO - [Epoch 11/30] 训练耗时: 43.42s | 平均训练准确率: 73.04
2025-11-17 01:06:03 - 8_0.1_1 - INFO - [Epoch 12/30] 训练耗时: 43.04s | 平均训练准确率: 71.17
2025-11-17 01:06:46 - 8_0.1_1 - INFO - [Epoch 13/30] 训练耗时: 43.02s | 平均训练准确率: 72.58
2025-11-17 01:07:30 - 8_0.1_1 - INFO - [Epoch 14/30] 训练耗时: 43.40s | 平均训练准确率: 73.19
2025-11-17 01:08:13 - 8_0.1_1 - INFO - [Epoch 15/30] 训练耗时: 43.50s | 平均训练准确率: 73.54
2025-11-17 01:08:57 - 8_0.1_1 - INFO - [Epoch 16/30] 训练耗时: 43.34s | 平均训练准确率: 72.44
2025-11-17 01:09:40 - 8_0.1_1 - INFO - [Epoch 17/30] 训练耗时: 43.44s | 平均训练准确率: 72.27
2025-11-17 01:10:24 - 8_0.1_1 - INFO - [Epoch 18/30] 训练耗时: 43.42s | 平均训练准确率: 71.71
2025-11-17 01:11:05 - 8_0.1_1 - INFO - [Epoch 19/30] 训练耗时: 40.97s | 平均训练准确率: 71.79
2025-11-17 01:11:44 - 8_0.1_1 - INFO - [Epoch 20/30] 训练耗时: 39.55s | 平均训练准确率: 73.83
2025-11-17 01:12:22 - 8_0.1_1 - INFO - [Epoch 21/30] 训练耗时: 38.22s | 平均训练准确率: 70.77
2025-11-17 01:13:02 - 8_0.1_1 - INFO - [Epoch 22/30] 训练耗时: 39.32s | 平均训练准确率: 71.79
2025-11-17 01:13:41 - 8_0.1_1 - INFO - [Epoch 23/30] 训练耗时: 39.52s | 平均训练准确率: 72.35
2025-11-17 01:14:21 - 8_0.1_1 - INFO - [Epoch 24/30] 训练耗时: 39.66s | 平均训练准确率: 73.19
2025-11-17 01:15:00 - 8_0.1_1 - INFO - [Epoch 25/30] 训练耗时: 39.50s | 平均训练准确率: 72.71
2025-11-17 01:15:40 - 8_0.1_1 - INFO - [Epoch 26/30] 训练耗时: 39.42s | 平均训练准确率: 73.33
2025-11-17 01:16:19 - 8_0.1_1 - INFO - [Epoch 27/30] 训练耗时: 39.60s | 平均训练准确率: 74.00
2025-11-17 01:16:59 - 8_0.1_1 - INFO - [Epoch 28/30] 训练耗时: 39.54s | 平均训练准确率: 74.48
2025-11-17 01:16:59 - 8_0.1_1 - INFO - ------------local test start-------------
2025-11-17 01:16:59 - 8_0.1_1 - INFO - Evaluate on the client0 local set
2025-11-17 01:17:01 - 8_0.1_1 - INFO - => result | total 300 | correct 237 | acc 79.00% | err 21.00% | macro_f1 87.19%
2025-11-17 01:17:01 - 8_0.1_1 - INFO - Evaluate on the client0 neighbor set
2025-11-17 01:17:20 - 8_0.1_1 - INFO - => result | total 2,730 | correct 2,270 | acc 83.15% | err 16.85% | macro_f1 83.58%
2025-11-17 01:17:20 - 8_0.1_1 - INFO - Evaluate on the client1 local set
2025-11-17 01:17:22 - 8_0.1_1 - INFO - => result | total 300 | correct 227 | acc 75.67% | err 24.33% | macro_f1 84.46%
2025-11-17 01:17:22 - 8_0.1_1 - INFO - Evaluate on the client1 neighbor set
2025-11-17 01:17:41 - 8_0.1_1 - INFO - => result | total 2,730 | correct 2,280 | acc 83.52% | err 16.48% | macro_f1 83.82%
2025-11-17 01:17:41 - 8_0.1_1 - INFO - Evaluate on the client2 local set
2025-11-17 01:17:43 - 8_0.1_1 - INFO - => result | total 300 | correct 263 | acc 87.67% | err 12.33% | macro_f1 93.11%
2025-11-17 01:17:43 - 8_0.1_1 - INFO - Evaluate on the client2 neighbor set
2025-11-17 01:18:02 - 8_0.1_1 - INFO - => result | total 2,730 | correct 2,246 | acc 82.27% | err 17.73% | macro_f1 82.61%
2025-11-17 01:18:02 - 8_0.1_1 - INFO - Evaluate on the client3 local set
2025-11-17 01:18:04 - 8_0.1_1 - INFO - => result | total 300 | correct 235 | acc 78.33% | err 21.67% | macro_f1 86.14%
2025-11-17 01:18:04 - 8_0.1_1 - INFO - Evaluate on the client3 neighbor set
2025-11-17 01:18:23 - 8_0.1_1 - INFO - => result | total 2,730 | correct 2,275 | acc 83.33% | err 16.67% | macro_f1 83.83%
2025-11-17 01:18:23 - 8_0.1_1 - INFO - Evaluate on the client4 local set
2025-11-17 01:18:25 - 8_0.1_1 - INFO - => result | total 300 | correct 274 | acc 91.33% | err 8.67% | macro_f1 95.04%
2025-11-17 01:18:25 - 8_0.1_1 - INFO - Evaluate on the client4 neighbor set
2025-11-17 01:18:43 - 8_0.1_1 - INFO - => result | total 2,730 | correct 2,236 | acc 81.90% | err 18.10% | macro_f1 82.95%
2025-11-17 01:18:43 - 8_0.1_1 - INFO - Evaluate on the client5 local set
2025-11-17 01:18:46 - 8_0.1_1 - INFO - => result | total 300 | correct 249 | acc 83.00% | err 17.00% | macro_f1 89.53%
2025-11-17 01:18:46 - 8_0.1_1 - INFO - Evaluate on the client5 neighbor set
2025-11-17 01:19:04 - 8_0.1_1 - INFO - => result | total 2,730 | correct 2,261 | acc 82.82% | err 17.18% | macro_f1 83.21%
2025-11-17 01:19:04 - 8_0.1_1 - INFO - Evaluate on the client6 local set
2025-11-17 01:19:07 - 8_0.1_1 - INFO - => result | total 300 | correct 245 | acc 81.67% | err 18.33% | macro_f1 87.29%
2025-11-17 01:19:07 - 8_0.1_1 - INFO - Evaluate on the client6 neighbor set
2025-11-17 01:19:25 - 8_0.1_1 - INFO - => result | total 2,730 | correct 2,264 | acc 82.93% | err 17.07% | macro_f1 83.59%
2025-11-17 01:19:25 - 8_0.1_1 - INFO - Evaluate on the client7 local set
2025-11-17 01:19:28 - 8_0.1_1 - INFO - => result | total 300 | correct 257 | acc 85.67% | err 14.33% | macro_f1 90.25%
2025-11-17 01:19:28 - 8_0.1_1 - INFO - Evaluate on the client7 neighbor set
2025-11-17 01:19:47 - 8_0.1_1 - INFO - => result | total 2,730 | correct 2,252 | acc 82.49% | err 17.51% | macro_f1 83.42%
2025-11-17 01:19:47 - 8_0.1_1 - INFO - Evaluate on the client8 local set
2025-11-17 01:19:49 - 8_0.1_1 - INFO - => result | total 300 | correct 260 | acc 86.67% | err 13.33% | macro_f1 91.16%
2025-11-17 01:19:49 - 8_0.1_1 - INFO - Evaluate on the client8 neighbor set
2025-11-17 01:20:08 - 8_0.1_1 - INFO - => result | total 2,730 | correct 2,250 | acc 82.42% | err 17.58% | macro_f1 82.92%
2025-11-17 01:20:08 - 8_0.1_1 - INFO - Evaluate on the client9 local set
2025-11-17 01:20:11 - 8_0.1_1 - INFO - => result | total 330 | correct 262 | acc 79.39% | err 20.61% | macro_f1 86.08%
2025-11-17 01:20:11 - 8_0.1_1 - INFO - Evaluate on the client9 neighbor set
2025-11-17 01:20:30 - 8_0.1_1 - INFO - => result | total 2,700 | correct 2,249 | acc 83.30% | err 16.70% | macro_f1 83.67%
2025-11-17 01:20:30 - 8_0.1_1 - INFO - Global test local acc: 82.84
2025-11-17 01:20:30 - 8_0.1_1 - INFO - Global test neighbor acc: 82.81
2025-11-17 01:20:30 - 8_0.1_1 - INFO - ------------local test finish-------------
2025-11-17 01:20:30 - 8_0.1_1 - INFO - [Epoch 28/30] 测试耗时: 210.84s
2025-11-17 01:21:09 - 8_0.1_1 - INFO - [Epoch 29/30] 训练耗时: 39.24s | 平均训练准确率: 73.06
2025-11-17 01:21:09 - 8_0.1_1 - INFO - ------------local test start-------------
2025-11-17 01:21:09 - 8_0.1_1 - INFO - Evaluate on the client0 local set
2025-11-17 01:21:11 - 8_0.1_1 - INFO - => result | total 300 | correct 241 | acc 80.33% | err 19.67% | macro_f1 88.17%
2025-11-17 01:21:11 - 8_0.1_1 - INFO - Evaluate on the client0 neighbor set
2025-11-17 01:21:30 - 8_0.1_1 - INFO - => result | total 2,730 | correct 2,278 | acc 83.44% | err 16.56% | macro_f1 83.86%
2025-11-17 01:21:30 - 8_0.1_1 - INFO - Evaluate on the client1 local set
2025-11-17 01:21:32 - 8_0.1_1 - INFO - => result | total 300 | correct 232 | acc 77.33% | err 22.67% | macro_f1 85.59%
2025-11-17 01:21:32 - 8_0.1_1 - INFO - Evaluate on the client1 neighbor set
2025-11-17 01:21:51 - 8_0.1_1 - INFO - => result | total 2,730 | correct 2,286 | acc 83.74% | err 16.26% | macro_f1 84.21%
2025-11-17 01:21:51 - 8_0.1_1 - INFO - Evaluate on the client2 local set
2025-11-17 01:21:53 - 8_0.1_1 - INFO - => result | total 300 | correct 266 | acc 88.67% | err 11.33% | macro_f1 93.66%
2025-11-17 01:21:53 - 8_0.1_1 - INFO - Evaluate on the client2 neighbor set
2025-11-17 01:22:12 - 8_0.1_1 - INFO - => result | total 2,730 | correct 2,249 | acc 82.38% | err 17.62% | macro_f1 82.74%
2025-11-17 01:22:12 - 8_0.1_1 - INFO - Evaluate on the client3 local set
2025-11-17 01:22:14 - 8_0.1_1 - INFO - => result | total 300 | correct 235 | acc 78.33% | err 21.67% | macro_f1 86.32%
2025-11-17 01:22:14 - 8_0.1_1 - INFO - Evaluate on the client3 neighbor set
2025-11-17 01:22:32 - 8_0.1_1 - INFO - => result | total 2,730 | correct 2,281 | acc 83.55% | err 16.45% | macro_f1 83.98%
2025-11-17 01:22:32 - 8_0.1_1 - INFO - Evaluate on the client4 local set
2025-11-17 01:22:35 - 8_0.1_1 - INFO - => result | total 300 | correct 269 | acc 89.67% | err 10.33% | macro_f1 93.91%
2025-11-17 01:22:35 - 8_0.1_1 - INFO - Evaluate on the client4 neighbor set
2025-11-17 01:22:53 - 8_0.1_1 - INFO - => result | total 2,730 | correct 2,249 | acc 82.38% | err 17.62% | macro_f1 83.46%
2025-11-17 01:22:53 - 8_0.1_1 - INFO - Evaluate on the client5 local set
2025-11-17 01:22:55 - 8_0.1_1 - INFO - => result | total 300 | correct 251 | acc 83.67% | err 16.33% | macro_f1 89.96%
2025-11-17 01:22:55 - 8_0.1_1 - INFO - Evaluate on the client5 neighbor set
2025-11-17 01:23:14 - 8_0.1_1 - INFO - => result | total 2,730 | correct 2,267 | acc 83.04% | err 16.96% | macro_f1 83.49%
2025-11-17 01:23:14 - 8_0.1_1 - INFO - Evaluate on the client6 local set
2025-11-17 01:23:16 - 8_0.1_1 - INFO - => result | total 300 | correct 240 | acc 80.00% | err 20.00% | macro_f1 86.05%
2025-11-17 01:23:16 - 8_0.1_1 - INFO - Evaluate on the client6 neighbor set
2025-11-17 01:23:35 - 8_0.1_1 - INFO - => result | total 2,730 | correct 2,274 | acc 83.30% | err 16.70% | macro_f1 83.94%
2025-11-17 01:23:35 - 8_0.1_1 - INFO - Evaluate on the client7 local set
2025-11-17 01:23:37 - 8_0.1_1 - INFO - => result | total 300 | correct 255 | acc 85.00% | err 15.00% | macro_f1 90.37%
2025-11-17 01:23:37 - 8_0.1_1 - INFO - Evaluate on the client7 neighbor set
2025-11-17 01:23:56 - 8_0.1_1 - INFO - => result | total 2,730 | correct 2,259 | acc 82.75% | err 17.25% | macro_f1 83.51%
2025-11-17 01:23:56 - 8_0.1_1 - INFO - Evaluate on the client8 local set
2025-11-17 01:23:58 - 8_0.1_1 - INFO - => result | total 300 | correct 261 | acc 87.00% | err 13.00% | macro_f1 91.49%
2025-11-17 01:23:58 - 8_0.1_1 - INFO - Evaluate on the client8 neighbor set
2025-11-17 01:24:17 - 8_0.1_1 - INFO - => result | total 2,730 | correct 2,253 | acc 82.53% | err 17.47% | macro_f1 83.06%
2025-11-17 01:24:17 - 8_0.1_1 - INFO - Evaluate on the client9 local set
2025-11-17 01:24:19 - 8_0.1_1 - INFO - => result | total 330 | correct 264 | acc 80.00% | err 20.00% | macro_f1 86.63%
2025-11-17 01:24:19 - 8_0.1_1 - INFO - Evaluate on the client9 neighbor set
2025-11-17 01:24:37 - 8_0.1_1 - INFO - => result | total 2,700 | correct 2,252 | acc 83.41% | err 16.59% | macro_f1 83.74%
2025-11-17 01:24:37 - 8_0.1_1 - INFO - Global test local acc: 83.00
2025-11-17 01:24:37 - 8_0.1_1 - INFO - Global test neighbor acc: 83.05
2025-11-17 01:24:37 - 8_0.1_1 - INFO - ------------local test finish-------------
2025-11-17 01:24:37 - 8_0.1_1 - INFO - [Epoch 29/30] 测试耗时: 208.15s
2025-11-17 01:25:16 - 8_0.1_1 - INFO - [Epoch 30/30] 训练耗时: 39.12s | 平均训练准确率: 74.19
2025-11-17 01:25:16 - 8_0.1_1 - INFO - ------------local test start-------------
2025-11-17 01:25:16 - 8_0.1_1 - INFO - Evaluate on the client0 local set
2025-11-17 01:25:18 - 8_0.1_1 - INFO - => result | total 300 | correct 243 | acc 81.00% | err 19.00% | macro_f1 88.80%
2025-11-17 01:25:18 - 8_0.1_1 - INFO - Evaluate on the client0 neighbor set
2025-11-17 01:25:38 - 8_0.1_1 - INFO - => result | total 2,730 | correct 2,293 | acc 83.99% | err 16.01% | macro_f1 84.44%
2025-11-17 01:25:38 - 8_0.1_1 - INFO - Evaluate on the client1 local set
2025-11-17 01:25:40 - 8_0.1_1 - INFO - => result | total 300 | correct 239 | acc 79.67% | err 20.33% | macro_f1 87.79%
2025-11-17 01:25:40 - 8_0.1_1 - INFO - Evaluate on the client1 neighbor set
2025-11-17 01:25:59 - 8_0.1_1 - INFO - => result | total 2,730 | correct 2,297 | acc 84.14% | err 15.86% | macro_f1 84.61%
2025-11-17 01:25:59 - 8_0.1_1 - INFO - Evaluate on the client2 local set
2025-11-17 01:26:01 - 8_0.1_1 - INFO - => result | total 300 | correct 267 | acc 89.00% | err 11.00% | macro_f1 93.70%
2025-11-17 01:26:01 - 8_0.1_1 - INFO - Evaluate on the client2 neighbor set
2025-11-17 01:26:20 - 8_0.1_1 - INFO - => result | total 2,730 | correct 2,270 | acc 83.15% | err 16.85% | macro_f1 83.56%
2025-11-17 01:26:20 - 8_0.1_1 - INFO - Evaluate on the client3 local set
2025-11-17 01:26:22 - 8_0.1_1 - INFO - => result | total 300 | correct 238 | acc 79.33% | err 20.67% | macro_f1 87.21%
2025-11-17 01:26:22 - 8_0.1_1 - INFO - Evaluate on the client3 neighbor set
2025-11-17 01:26:41 - 8_0.1_1 - INFO - => result | total 2,730 | correct 2,301 | acc 84.29% | err 15.71% | macro_f1 84.77%
2025-11-17 01:26:41 - 8_0.1_1 - INFO - Evaluate on the client4 local set
2025-11-17 01:26:43 - 8_0.1_1 - INFO - => result | total 300 | correct 271 | acc 90.33% | err 9.67% | macro_f1 94.30%
2025-11-17 01:26:43 - 8_0.1_1 - INFO - Evaluate on the client4 neighbor set
2025-11-17 01:27:03 - 8_0.1_1 - INFO - => result | total 2,730 | correct 2,266 | acc 83.00% | err 17.00% | macro_f1 84.05%
2025-11-17 01:27:03 - 8_0.1_1 - INFO - Evaluate on the client5 local set
2025-11-17 01:27:05 - 8_0.1_1 - INFO - => result | total 300 | correct 249 | acc 83.00% | err 17.00% | macro_f1 89.26%
2025-11-17 01:27:05 - 8_0.1_1 - INFO - Evaluate on the client5 neighbor set
2025-11-17 01:27:24 - 8_0.1_1 - INFO - => result | total 2,730 | correct 2,288 | acc 83.81% | err 16.19% | macro_f1 84.23%
2025-11-17 01:27:24 - 8_0.1_1 - INFO - Evaluate on the client6 local set
2025-11-17 01:27:26 - 8_0.1_1 - INFO - => result | total 300 | correct 248 | acc 82.67% | err 17.33% | macro_f1 88.05%
2025-11-17 01:27:26 - 8_0.1_1 - INFO - Evaluate on the client6 neighbor set
2025-11-17 01:27:45 - 8_0.1_1 - INFO - => result | total 2,730 | correct 2,290 | acc 83.88% | err 16.12% | macro_f1 84.58%
2025-11-17 01:27:45 - 8_0.1_1 - INFO - Evaluate on the client7 local set
2025-11-17 01:27:47 - 8_0.1_1 - INFO - => result | total 300 | correct 255 | acc 85.00% | err 15.00% | macro_f1 90.33%
2025-11-17 01:27:47 - 8_0.1_1 - INFO - Evaluate on the client7 neighbor set
2025-11-17 01:28:06 - 8_0.1_1 - INFO - => result | total 2,730 | correct 2,283 | acc 83.63% | err 16.37% | macro_f1 84.47%
2025-11-17 01:28:06 - 8_0.1_1 - INFO - Evaluate on the client8 local set
2025-11-17 01:28:08 - 8_0.1_1 - INFO - => result | total 300 | correct 262 | acc 87.33% | err 12.67% | macro_f1 91.73%
2025-11-17 01:28:08 - 8_0.1_1 - INFO - Evaluate on the client8 neighbor set
2025-11-17 01:28:27 - 8_0.1_1 - INFO - => result | total 2,730 | correct 2,275 | acc 83.33% | err 16.67% | macro_f1 83.93%
2025-11-17 01:28:27 - 8_0.1_1 - INFO - Evaluate on the client9 local set
2025-11-17 01:28:29 - 8_0.1_1 - INFO - => result | total 330 | correct 265 | acc 80.30% | err 19.70% | macro_f1 87.06%
2025-11-17 01:28:29 - 8_0.1_1 - INFO - Evaluate on the client9 neighbor set
2025-11-17 01:28:48 - 8_0.1_1 - INFO - => result | total 2,700 | correct 2,272 | acc 84.15% | err 15.85% | macro_f1 84.56%
2025-11-17 01:28:48 - 8_0.1_1 - INFO - Global test local acc: 83.76
2025-11-17 01:28:48 - 8_0.1_1 - INFO - Global test neighbor acc: 83.74
2025-11-17 01:28:48 - 8_0.1_1 - INFO - ------------local test finish-------------
2025-11-17 01:28:48 - 8_0.1_1 - INFO - [Epoch 30/30] 测试耗时: 211.84s
2025-11-17 01:28:48 - 8_0.1_1 - INFO - maximum test local acc: 83.764
2025-11-17 01:28:48 - 8_0.1_1 - INFO - mean of local acc: 83.201
2025-11-17 01:28:48 - 8_0.1_1 - INFO - maximum test neighbor acc: 83.737
2025-11-17 01:28:48 - 8_0.1_1 - INFO - mean of neighbor acc: 83.201
