2025-11-16 22:50:37 - 8_0.2_1 - INFO - 日志文件已创建: logs/food-101/promptfl/8_0.2_1_20251116_225037.log
2025-11-16 22:50:37 - 8_0.2_1 - INFO - Loading trainer: DP_FPL
2025-11-16 22:50:37 - 8_0.2_1 - INFO - Loading dataset: Food101
2025-11-16 22:50:37 - 8_0.2_1 - INFO - Reading split from /home/liuxin25/dataset/food-101/split_zhou_Food101.json
2025-11-16 22:50:38 - 8_0.2_1 - INFO - Creating a baseline federated dataset
2025-11-16 22:50:38 - 8_0.2_1 - INFO - class_num 101
2025-11-16 22:50:38 - 8_0.2_1 - INFO - user class dict total [20, 79, 94, 54, 52, 65, 0, 1, 48, 74]
2025-11-16 22:50:38 - 8_0.2_1 - INFO - idx: 0, output_dict_len: 500
2025-11-16 22:50:38 - 8_0.2_1 - INFO - user class dict total [44, 99, 35, 69, 82, 42, 33, 14, 5, 62]
2025-11-16 22:50:38 - 8_0.2_1 - INFO - idx: 1, output_dict_len: 500
2025-11-16 22:50:38 - 8_0.2_1 - INFO - user class dict total [32, 55, 97, 10, 21, 31, 91, 27, 28, 76]
2025-11-16 22:50:38 - 8_0.2_1 - INFO - idx: 2, output_dict_len: 500
2025-11-16 22:50:38 - 8_0.2_1 - INFO - user class dict total [80, 71, 66, 58, 23, 70, 60, 72, 17, 18]
2025-11-16 22:50:38 - 8_0.2_1 - INFO - idx: 3, output_dict_len: 500
2025-11-16 22:50:38 - 8_0.2_1 - INFO - user class dict total [45, 34, 11, 56, 85, 13, 41, 30, 24, 86]
2025-11-16 22:50:38 - 8_0.2_1 - INFO - idx: 4, output_dict_len: 500
2025-11-16 22:50:38 - 8_0.2_1 - INFO - user class dict total [51, 75, 37, 6, 53, 95, 96, 39, 47, 90]
2025-11-16 22:50:38 - 8_0.2_1 - INFO - idx: 5, output_dict_len: 500
2025-11-16 22:50:38 - 8_0.2_1 - INFO - user class dict total [36, 7, 50, 3, 63, 59, 9, 77, 64, 93]
2025-11-16 22:50:38 - 8_0.2_1 - INFO - idx: 6, output_dict_len: 500
2025-11-16 22:50:38 - 8_0.2_1 - INFO - user class dict total [87, 98, 61, 19, 25, 4, 16, 8, 46, 26]
2025-11-16 22:50:38 - 8_0.2_1 - INFO - idx: 7, output_dict_len: 500
2025-11-16 22:50:38 - 8_0.2_1 - INFO - user class dict total [2, 92, 84, 29, 22, 88, 67, 68, 38, 83]
2025-11-16 22:50:38 - 8_0.2_1 - INFO - idx: 8, output_dict_len: 500
2025-11-16 22:50:38 - 8_0.2_1 - INFO - user class dict total [15, 12, 81, 43, 73, 78, 40, 100, 57, 89, 49]
2025-11-16 22:50:38 - 8_0.2_1 - INFO - idx: 9, output_dict_len: 550
2025-11-16 22:50:38 - 8_0.2_1 - INFO - Creating a baseline federated dataset
2025-11-16 22:50:38 - 8_0.2_1 - INFO - class_num 101
2025-11-16 22:50:38 - 8_0.2_1 - INFO - user class dict total [20, 79, 94, 54, 52, 65, 0, 1, 48, 74]
2025-11-16 22:50:38 - 8_0.2_1 - INFO - idx: 0, output_dict_len: 300
2025-11-16 22:50:38 - 8_0.2_1 - INFO - user class dict total [44, 99, 35, 69, 82, 42, 33, 14, 5, 62]
2025-11-16 22:50:38 - 8_0.2_1 - INFO - idx: 1, output_dict_len: 300
2025-11-16 22:50:38 - 8_0.2_1 - INFO - user class dict total [32, 55, 97, 10, 21, 31, 91, 27, 28, 76]
2025-11-16 22:50:38 - 8_0.2_1 - INFO - idx: 2, output_dict_len: 300
2025-11-16 22:50:38 - 8_0.2_1 - INFO - user class dict total [80, 71, 66, 58, 23, 70, 60, 72, 17, 18]
2025-11-16 22:50:38 - 8_0.2_1 - INFO - idx: 3, output_dict_len: 300
2025-11-16 22:50:38 - 8_0.2_1 - INFO - user class dict total [45, 34, 11, 56, 85, 13, 41, 30, 24, 86]
2025-11-16 22:50:38 - 8_0.2_1 - INFO - idx: 4, output_dict_len: 300
2025-11-16 22:50:38 - 8_0.2_1 - INFO - user class dict total [51, 75, 37, 6, 53, 95, 96, 39, 47, 90]
2025-11-16 22:50:38 - 8_0.2_1 - INFO - idx: 5, output_dict_len: 300
2025-11-16 22:50:38 - 8_0.2_1 - INFO - user class dict total [36, 7, 50, 3, 63, 59, 9, 77, 64, 93]
2025-11-16 22:50:38 - 8_0.2_1 - INFO - idx: 6, output_dict_len: 300
2025-11-16 22:50:38 - 8_0.2_1 - INFO - user class dict total [87, 98, 61, 19, 25, 4, 16, 8, 46, 26]
2025-11-16 22:50:38 - 8_0.2_1 - INFO - idx: 7, output_dict_len: 300
2025-11-16 22:50:38 - 8_0.2_1 - INFO - user class dict total [2, 92, 84, 29, 22, 88, 67, 68, 38, 83]
2025-11-16 22:50:38 - 8_0.2_1 - INFO - idx: 8, output_dict_len: 300
2025-11-16 22:50:38 - 8_0.2_1 - INFO - user class dict total [15, 12, 81, 43, 73, 78, 40, 100, 57, 89, 49]
2025-11-16 22:50:38 - 8_0.2_1 - INFO - idx: 9, output_dict_len: 330
2025-11-16 22:50:38 - 8_0.2_1 - INFO - Loading CLIP (backbone: ViT-B/16)
2025-11-16 22:50:40 - 8_0.2_1 - INFO - Building custom CLIP
2025-11-16 22:50:40 - 8_0.2_1 - INFO - Turning off gradients in both the image and the text encoder
2025-11-16 22:51:24 - 8_0.2_1 - INFO - [Epoch 1/30] 训练耗时: 44.39s | 平均训练准确率: 30.58
2025-11-16 22:52:08 - 8_0.2_1 - INFO - [Epoch 2/30] 训练耗时: 43.53s | 平均训练准确率: 70.23
2025-11-16 22:52:51 - 8_0.2_1 - INFO - [Epoch 3/30] 训练耗时: 43.55s | 平均训练准确率: 75.02
2025-11-16 22:53:35 - 8_0.2_1 - INFO - [Epoch 4/30] 训练耗时: 43.55s | 平均训练准确率: 73.98
2025-11-16 22:54:19 - 8_0.2_1 - INFO - [Epoch 5/30] 训练耗时: 43.47s | 平均训练准确率: 74.83
2025-11-16 22:55:02 - 8_0.2_1 - INFO - [Epoch 6/30] 训练耗时: 43.58s | 平均训练准确率: 74.96
2025-11-16 22:55:46 - 8_0.2_1 - INFO - [Epoch 7/30] 训练耗时: 43.58s | 平均训练准确率: 74.83
2025-11-16 22:56:29 - 8_0.2_1 - INFO - [Epoch 8/30] 训练耗时: 42.84s | 平均训练准确率: 74.31
2025-11-16 22:57:12 - 8_0.2_1 - INFO - [Epoch 9/30] 训练耗时: 43.16s | 平均训练准确率: 74.58
2025-11-16 22:57:55 - 8_0.2_1 - INFO - [Epoch 10/30] 训练耗时: 43.51s | 平均训练准确率: 74.77
2025-11-16 22:58:39 - 8_0.2_1 - INFO - [Epoch 11/30] 训练耗时: 43.57s | 平均训练准确率: 74.75
2025-11-16 22:59:22 - 8_0.2_1 - INFO - [Epoch 12/30] 训练耗时: 43.50s | 平均训练准确率: 72.92
2025-11-16 23:00:06 - 8_0.2_1 - INFO - [Epoch 13/30] 训练耗时: 43.70s | 平均训练准确率: 73.85
2025-11-16 23:00:50 - 8_0.2_1 - INFO - [Epoch 14/30] 训练耗时: 43.59s | 平均训练准确率: 74.31
2025-11-16 23:01:33 - 8_0.2_1 - INFO - [Epoch 15/30] 训练耗时: 43.63s | 平均训练准确率: 74.85
2025-11-16 23:02:17 - 8_0.2_1 - INFO - [Epoch 16/30] 训练耗时: 43.49s | 平均训练准确率: 73.96
2025-11-16 23:02:59 - 8_0.2_1 - INFO - [Epoch 17/30] 训练耗时: 42.39s | 平均训练准确率: 74.00
2025-11-16 23:03:43 - 8_0.2_1 - INFO - [Epoch 18/30] 训练耗时: 43.48s | 平均训练准确率: 73.10
2025-11-16 23:04:26 - 8_0.2_1 - INFO - [Epoch 19/30] 训练耗时: 43.51s | 平均训练准确率: 73.46
2025-11-16 23:05:06 - 8_0.2_1 - INFO - [Epoch 20/30] 训练耗时: 40.06s | 平均训练准确率: 74.94
2025-11-16 23:05:46 - 8_0.2_1 - INFO - [Epoch 21/30] 训练耗时: 39.75s | 平均训练准确率: 72.96
2025-11-16 23:06:26 - 8_0.2_1 - INFO - [Epoch 22/30] 训练耗时: 39.83s | 平均训练准确率: 73.48
2025-11-16 23:07:05 - 8_0.2_1 - INFO - [Epoch 23/30] 训练耗时: 39.77s | 平均训练准确率: 73.54
2025-11-16 23:07:45 - 8_0.2_1 - INFO - [Epoch 24/30] 训练耗时: 39.97s | 平均训练准确率: 74.35
2025-11-16 23:08:25 - 8_0.2_1 - INFO - [Epoch 25/30] 训练耗时: 39.53s | 平均训练准确率: 74.25
2025-11-16 23:09:07 - 8_0.2_1 - INFO - [Epoch 26/30] 训练耗时: 42.03s | 平均训练准确率: 74.56
2025-11-16 23:09:51 - 8_0.2_1 - INFO - [Epoch 27/30] 训练耗时: 43.66s | 平均训练准确率: 75.17
2025-11-16 23:10:34 - 8_0.2_1 - INFO - [Epoch 28/30] 训练耗时: 43.70s | 平均训练准确率: 75.08
2025-11-16 23:10:34 - 8_0.2_1 - INFO - ------------local test start-------------
2025-11-16 23:10:34 - 8_0.2_1 - INFO - Evaluate on the client0 local set
2025-11-16 23:10:37 - 8_0.2_1 - INFO - => result | total 300 | correct 244 | acc 81.33% | err 18.67% | macro_f1 88.91%
2025-11-16 23:10:37 - 8_0.2_1 - INFO - Evaluate on the client0 neighbor set
2025-11-16 23:10:56 - 8_0.2_1 - INFO - => result | total 2,730 | correct 2,291 | acc 83.92% | err 16.08% | macro_f1 84.31%
2025-11-16 23:10:56 - 8_0.2_1 - INFO - Evaluate on the client1 local set
2025-11-16 23:10:58 - 8_0.2_1 - INFO - => result | total 300 | correct 232 | acc 77.33% | err 22.67% | macro_f1 86.00%
2025-11-16 23:10:58 - 8_0.2_1 - INFO - Evaluate on the client1 neighbor set
2025-11-16 23:11:17 - 8_0.2_1 - INFO - => result | total 2,730 | correct 2,304 | acc 84.40% | err 15.60% | macro_f1 84.67%
2025-11-16 23:11:17 - 8_0.2_1 - INFO - Evaluate on the client2 local set
2025-11-16 23:11:19 - 8_0.2_1 - INFO - => result | total 300 | correct 266 | acc 88.67% | err 11.33% | macro_f1 93.26%
2025-11-16 23:11:19 - 8_0.2_1 - INFO - Evaluate on the client2 neighbor set
2025-11-16 23:11:38 - 8_0.2_1 - INFO - => result | total 2,730 | correct 2,269 | acc 83.11% | err 16.89% | macro_f1 83.51%
2025-11-16 23:11:38 - 8_0.2_1 - INFO - Evaluate on the client3 local set
2025-11-16 23:11:40 - 8_0.2_1 - INFO - => result | total 300 | correct 238 | acc 79.33% | err 20.67% | macro_f1 87.36%
2025-11-16 23:11:40 - 8_0.2_1 - INFO - Evaluate on the client3 neighbor set
2025-11-16 23:11:59 - 8_0.2_1 - INFO - => result | total 2,730 | correct 2,297 | acc 84.14% | err 15.86% | macro_f1 84.61%
2025-11-16 23:11:59 - 8_0.2_1 - INFO - Evaluate on the client4 local set
2025-11-16 23:12:01 - 8_0.2_1 - INFO - => result | total 300 | correct 271 | acc 90.33% | err 9.67% | macro_f1 94.62%
2025-11-16 23:12:01 - 8_0.2_1 - INFO - Evaluate on the client4 neighbor set
2025-11-16 23:12:20 - 8_0.2_1 - INFO - => result | total 2,730 | correct 2,263 | acc 82.89% | err 17.11% | macro_f1 83.85%
2025-11-16 23:12:20 - 8_0.2_1 - INFO - Evaluate on the client5 local set
2025-11-16 23:12:22 - 8_0.2_1 - INFO - => result | total 300 | correct 252 | acc 84.00% | err 16.00% | macro_f1 90.03%
2025-11-16 23:12:22 - 8_0.2_1 - INFO - Evaluate on the client5 neighbor set
2025-11-16 23:12:41 - 8_0.2_1 - INFO - => result | total 2,730 | correct 2,283 | acc 83.63% | err 16.37% | macro_f1 83.98%
2025-11-16 23:12:41 - 8_0.2_1 - INFO - Evaluate on the client6 local set
2025-11-16 23:12:43 - 8_0.2_1 - INFO - => result | total 300 | correct 245 | acc 81.67% | err 18.33% | macro_f1 87.25%
2025-11-16 23:12:43 - 8_0.2_1 - INFO - Evaluate on the client6 neighbor set
2025-11-16 23:13:02 - 8_0.2_1 - INFO - => result | total 2,730 | correct 2,289 | acc 83.85% | err 16.15% | macro_f1 84.44%
2025-11-16 23:13:02 - 8_0.2_1 - INFO - Evaluate on the client7 local set
2025-11-16 23:13:04 - 8_0.2_1 - INFO - => result | total 300 | correct 259 | acc 86.33% | err 13.67% | macro_f1 91.02%
2025-11-16 23:13:04 - 8_0.2_1 - INFO - Evaluate on the client7 neighbor set
2025-11-16 23:13:23 - 8_0.2_1 - INFO - => result | total 2,730 | correct 2,275 | acc 83.33% | err 16.67% | macro_f1 84.20%
2025-11-16 23:13:23 - 8_0.2_1 - INFO - Evaluate on the client8 local set
2025-11-16 23:13:25 - 8_0.2_1 - INFO - => result | total 300 | correct 260 | acc 86.67% | err 13.33% | macro_f1 91.29%
2025-11-16 23:13:25 - 8_0.2_1 - INFO - Evaluate on the client8 neighbor set
2025-11-16 23:13:44 - 8_0.2_1 - INFO - => result | total 2,730 | correct 2,272 | acc 83.22% | err 16.78% | macro_f1 83.72%
2025-11-16 23:13:44 - 8_0.2_1 - INFO - Evaluate on the client9 local set
2025-11-16 23:13:46 - 8_0.2_1 - INFO - => result | total 330 | correct 262 | acc 79.39% | err 20.61% | macro_f1 86.57%
2025-11-16 23:13:46 - 8_0.2_1 - INFO - Evaluate on the client9 neighbor set
2025-11-16 23:14:05 - 8_0.2_1 - INFO - => result | total 2,700 | correct 2,269 | acc 84.04% | err 15.96% | macro_f1 84.40%
2025-11-16 23:14:05 - 8_0.2_1 - INFO - Global test local acc: 83.51
2025-11-16 23:14:05 - 8_0.2_1 - INFO - Global test neighbor acc: 83.65
2025-11-16 23:14:05 - 8_0.2_1 - INFO - ------------local test finish-------------
2025-11-16 23:14:05 - 8_0.2_1 - INFO - [Epoch 28/30] 测试耗时: 210.64s
2025-11-16 23:14:44 - 8_0.2_1 - INFO - [Epoch 29/30] 训练耗时: 38.65s | 平均训练准确率: 73.83
2025-11-16 23:14:44 - 8_0.2_1 - INFO - ------------local test start-------------
2025-11-16 23:14:44 - 8_0.2_1 - INFO - Evaluate on the client0 local set
2025-11-16 23:14:46 - 8_0.2_1 - INFO - => result | total 300 | correct 243 | acc 81.00% | err 19.00% | macro_f1 88.42%
2025-11-16 23:14:46 - 8_0.2_1 - INFO - Evaluate on the client0 neighbor set
2025-11-16 23:15:04 - 8_0.2_1 - INFO - => result | total 2,730 | correct 2,289 | acc 83.85% | err 16.15% | macro_f1 84.20%
2025-11-16 23:15:04 - 8_0.2_1 - INFO - Evaluate on the client1 local set
2025-11-16 23:15:06 - 8_0.2_1 - INFO - => result | total 300 | correct 235 | acc 78.33% | err 21.67% | macro_f1 86.58%
2025-11-16 23:15:06 - 8_0.2_1 - INFO - Evaluate on the client1 neighbor set
2025-11-16 23:15:25 - 8_0.2_1 - INFO - => result | total 2,730 | correct 2,298 | acc 84.18% | err 15.82% | macro_f1 84.58%
2025-11-16 23:15:25 - 8_0.2_1 - INFO - Evaluate on the client2 local set
2025-11-16 23:15:27 - 8_0.2_1 - INFO - => result | total 300 | correct 267 | acc 89.00% | err 11.00% | macro_f1 93.83%
2025-11-16 23:15:27 - 8_0.2_1 - INFO - Evaluate on the client2 neighbor set
2025-11-16 23:15:46 - 8_0.2_1 - INFO - => result | total 2,730 | correct 2,266 | acc 83.00% | err 17.00% | macro_f1 83.39%
2025-11-16 23:15:46 - 8_0.2_1 - INFO - Evaluate on the client3 local set
2025-11-16 23:15:48 - 8_0.2_1 - INFO - => result | total 300 | correct 239 | acc 79.67% | err 20.33% | macro_f1 87.30%
2025-11-16 23:15:48 - 8_0.2_1 - INFO - Evaluate on the client3 neighbor set
2025-11-16 23:16:09 - 8_0.2_1 - INFO - => result | total 2,730 | correct 2,293 | acc 83.99% | err 16.01% | macro_f1 84.46%
2025-11-16 23:16:09 - 8_0.2_1 - INFO - Evaluate on the client4 local set
2025-11-16 23:16:11 - 8_0.2_1 - INFO - => result | total 300 | correct 273 | acc 91.00% | err 9.00% | macro_f1 94.69%
2025-11-16 23:16:11 - 8_0.2_1 - INFO - Evaluate on the client4 neighbor set
2025-11-16 23:16:30 - 8_0.2_1 - INFO - => result | total 2,730 | correct 2,258 | acc 82.71% | err 17.29% | macro_f1 83.75%
2025-11-16 23:16:30 - 8_0.2_1 - INFO - Evaluate on the client5 local set
2025-11-16 23:16:32 - 8_0.2_1 - INFO - => result | total 300 | correct 253 | acc 84.33% | err 15.67% | macro_f1 90.31%
2025-11-16 23:16:32 - 8_0.2_1 - INFO - Evaluate on the client5 neighbor set
2025-11-16 23:16:51 - 8_0.2_1 - INFO - => result | total 2,730 | correct 2,278 | acc 83.44% | err 16.56% | macro_f1 83.96%
2025-11-16 23:16:51 - 8_0.2_1 - INFO - Evaluate on the client6 local set
2025-11-16 23:16:53 - 8_0.2_1 - INFO - => result | total 300 | correct 243 | acc 81.00% | err 19.00% | macro_f1 86.82%
2025-11-16 23:16:53 - 8_0.2_1 - INFO - Evaluate on the client6 neighbor set
2025-11-16 23:17:12 - 8_0.2_1 - INFO - => result | total 2,730 | correct 2,286 | acc 83.74% | err 16.26% | macro_f1 84.29%
2025-11-16 23:17:12 - 8_0.2_1 - INFO - Evaluate on the client7 local set
2025-11-16 23:17:15 - 8_0.2_1 - INFO - => result | total 300 | correct 255 | acc 85.00% | err 15.00% | macro_f1 90.32%
2025-11-16 23:17:15 - 8_0.2_1 - INFO - Evaluate on the client7 neighbor set
2025-11-16 23:17:34 - 8_0.2_1 - INFO - => result | total 2,730 | correct 2,273 | acc 83.26% | err 16.74% | macro_f1 84.06%
2025-11-16 23:17:34 - 8_0.2_1 - INFO - Evaluate on the client8 local set
2025-11-16 23:17:36 - 8_0.2_1 - INFO - => result | total 300 | correct 260 | acc 86.67% | err 13.33% | macro_f1 91.43%
2025-11-16 23:17:36 - 8_0.2_1 - INFO - Evaluate on the client8 neighbor set
2025-11-16 23:17:54 - 8_0.2_1 - INFO - => result | total 2,730 | correct 2,269 | acc 83.11% | err 16.89% | macro_f1 83.70%
2025-11-16 23:17:54 - 8_0.2_1 - INFO - Evaluate on the client9 local set
2025-11-16 23:17:57 - 8_0.2_1 - INFO - => result | total 330 | correct 261 | acc 79.09% | err 20.91% | macro_f1 86.21%
2025-11-16 23:17:57 - 8_0.2_1 - INFO - Evaluate on the client9 neighbor set
2025-11-16 23:18:16 - 8_0.2_1 - INFO - => result | total 2,700 | correct 2,269 | acc 84.04% | err 15.96% | macro_f1 84.39%
2025-11-16 23:18:16 - 8_0.2_1 - INFO - Global test local acc: 83.51
2025-11-16 23:18:16 - 8_0.2_1 - INFO - Global test neighbor acc: 83.53
2025-11-16 23:18:16 - 8_0.2_1 - INFO - ------------local test finish-------------
2025-11-16 23:18:16 - 8_0.2_1 - INFO - [Epoch 29/30] 测试耗时: 211.91s
2025-11-16 23:18:55 - 8_0.2_1 - INFO - [Epoch 30/30] 训练耗时: 39.62s | 平均训练准确率: 74.77
2025-11-16 23:18:55 - 8_0.2_1 - INFO - ------------local test start-------------
2025-11-16 23:18:55 - 8_0.2_1 - INFO - Evaluate on the client0 local set
2025-11-16 23:18:57 - 8_0.2_1 - INFO - => result | total 300 | correct 244 | acc 81.33% | err 18.67% | macro_f1 88.99%
2025-11-16 23:18:57 - 8_0.2_1 - INFO - Evaluate on the client0 neighbor set
2025-11-16 23:19:17 - 8_0.2_1 - INFO - => result | total 2,730 | correct 2,307 | acc 84.51% | err 15.49% | macro_f1 84.92%
2025-11-16 23:19:17 - 8_0.2_1 - INFO - Evaluate on the client1 local set
2025-11-16 23:19:19 - 8_0.2_1 - INFO - => result | total 300 | correct 242 | acc 80.67% | err 19.33% | macro_f1 88.34%
2025-11-16 23:19:19 - 8_0.2_1 - INFO - Evaluate on the client1 neighbor set
2025-11-16 23:19:38 - 8_0.2_1 - INFO - => result | total 2,730 | correct 2,310 | acc 84.62% | err 15.38% | macro_f1 85.02%
2025-11-16 23:19:38 - 8_0.2_1 - INFO - Evaluate on the client2 local set
2025-11-16 23:19:40 - 8_0.2_1 - INFO - => result | total 300 | correct 269 | acc 89.67% | err 10.33% | macro_f1 94.08%
2025-11-16 23:19:40 - 8_0.2_1 - INFO - Evaluate on the client2 neighbor set
2025-11-16 23:19:59 - 8_0.2_1 - INFO - => result | total 2,730 | correct 2,284 | acc 83.66% | err 16.34% | macro_f1 84.10%
2025-11-16 23:19:59 - 8_0.2_1 - INFO - Evaluate on the client3 local set
2025-11-16 23:20:01 - 8_0.2_1 - INFO - => result | total 300 | correct 241 | acc 80.33% | err 19.67% | macro_f1 87.94%
2025-11-16 23:20:01 - 8_0.2_1 - INFO - Evaluate on the client3 neighbor set
2025-11-16 23:20:20 - 8_0.2_1 - INFO - => result | total 2,730 | correct 2,312 | acc 84.69% | err 15.31% | macro_f1 85.21%
2025-11-16 23:20:20 - 8_0.2_1 - INFO - Evaluate on the client4 local set
2025-11-16 23:20:22 - 8_0.2_1 - INFO - => result | total 300 | correct 273 | acc 91.00% | err 9.00% | macro_f1 94.86%
2025-11-16 23:20:22 - 8_0.2_1 - INFO - Evaluate on the client4 neighbor set
2025-11-16 23:20:41 - 8_0.2_1 - INFO - => result | total 2,730 | correct 2,279 | acc 83.48% | err 16.52% | macro_f1 84.54%
2025-11-16 23:20:41 - 8_0.2_1 - INFO - Evaluate on the client5 local set
2025-11-16 23:20:44 - 8_0.2_1 - INFO - => result | total 300 | correct 250 | acc 83.33% | err 16.67% | macro_f1 89.34%
2025-11-16 23:20:44 - 8_0.2_1 - INFO - Evaluate on the client5 neighbor set
2025-11-16 23:21:03 - 8_0.2_1 - INFO - => result | total 2,730 | correct 2,302 | acc 84.32% | err 15.68% | macro_f1 84.75%
2025-11-16 23:21:03 - 8_0.2_1 - INFO - Evaluate on the client6 local set
2025-11-16 23:21:05 - 8_0.2_1 - INFO - => result | total 300 | correct 250 | acc 83.33% | err 16.67% | macro_f1 88.30%
2025-11-16 23:21:05 - 8_0.2_1 - INFO - Evaluate on the client6 neighbor set
2025-11-16 23:21:24 - 8_0.2_1 - INFO - => result | total 2,730 | correct 2,302 | acc 84.32% | err 15.68% | macro_f1 85.02%
2025-11-16 23:21:24 - 8_0.2_1 - INFO - Evaluate on the client7 local set
2025-11-16 23:21:26 - 8_0.2_1 - INFO - => result | total 300 | correct 254 | acc 84.67% | err 15.33% | macro_f1 90.28%
2025-11-16 23:21:26 - 8_0.2_1 - INFO - Evaluate on the client7 neighbor set
2025-11-16 23:21:45 - 8_0.2_1 - INFO - => result | total 2,730 | correct 2,300 | acc 84.25% | err 15.75% | macro_f1 85.07%
2025-11-16 23:21:45 - 8_0.2_1 - INFO - Evaluate on the client8 local set
2025-11-16 23:21:47 - 8_0.2_1 - INFO - => result | total 300 | correct 265 | acc 88.33% | err 11.67% | macro_f1 92.27%
2025-11-16 23:21:47 - 8_0.2_1 - INFO - Evaluate on the client8 neighbor set
2025-11-16 23:22:06 - 8_0.2_1 - INFO - => result | total 2,730 | correct 2,289 | acc 83.85% | err 16.15% | macro_f1 84.49%
2025-11-16 23:22:06 - 8_0.2_1 - INFO - Evaluate on the client9 local set
2025-11-16 23:22:08 - 8_0.2_1 - INFO - => result | total 330 | correct 266 | acc 80.61% | err 19.39% | macro_f1 87.52%
2025-11-16 23:22:08 - 8_0.2_1 - INFO - Evaluate on the client9 neighbor set
2025-11-16 23:22:27 - 8_0.2_1 - INFO - => result | total 2,700 | correct 2,288 | acc 84.74% | err 15.26% | macro_f1 85.07%
2025-11-16 23:22:27 - 8_0.2_1 - INFO - Global test local acc: 84.33
2025-11-16 23:22:27 - 8_0.2_1 - INFO - Global test neighbor acc: 84.24
2025-11-16 23:22:27 - 8_0.2_1 - INFO - ------------local test finish-------------
2025-11-16 23:22:27 - 8_0.2_1 - INFO - [Epoch 30/30] 测试耗时: 212.31s
2025-11-16 23:22:27 - 8_0.2_1 - INFO - maximum test local acc: 84.327
2025-11-16 23:22:27 - 8_0.2_1 - INFO - mean of local acc: 83.781
2025-11-16 23:22:27 - 8_0.2_1 - INFO - maximum test neighbor acc: 84.243
2025-11-16 23:22:27 - 8_0.2_1 - INFO - mean of neighbor acc: 83.809
