2025-11-14 00:37:08 - 8_0.01_1 - INFO - 日志文件已创建: logs/oxford_flowers/promptfl/8_0.01_1_20251114_003708.log
2025-11-14 00:37:08 - 8_0.01_1 - INFO - Loading trainer: DP_FPL
2025-11-14 00:37:08 - 8_0.01_1 - INFO - Loading dataset: OxfordFlowers
2025-11-14 00:37:08 - 8_0.01_1 - INFO - Reading split from /home/liuxin25/dataset/oxford_flowers/split_zhou_OxfordFlowers.json
2025-11-14 00:37:08 - 8_0.01_1 - INFO - Creating a baseline federated dataset
2025-11-14 00:37:08 - 8_0.01_1 - INFO - class_num 102
2025-11-14 00:37:08 - 8_0.01_1 - INFO - user class dict total [90, 54, 31, 35, 55, 72, 92, 42, 95, 84]
2025-11-14 00:37:08 - 8_0.01_1 - INFO - idx: 0, output_dict_len: 451
2025-11-14 00:37:08 - 8_0.01_1 - INFO - user class dict total [74, 0, 1, 80, 27, 20, 77, 50, 66, 45]
2025-11-14 00:37:08 - 8_0.01_1 - INFO - idx: 1, output_dict_len: 562
2025-11-14 00:37:08 - 8_0.01_1 - INFO - user class dict total [44, 82, 14, 32, 52, 70, 28, 51, 10, 21]
2025-11-14 00:37:08 - 8_0.01_1 - INFO - idx: 2, output_dict_len: 373
2025-11-14 00:37:08 - 8_0.01_1 - INFO - user class dict total [33, 75, 5, 48, 87, 98, 23, 69, 62, 7]
2025-11-14 00:37:08 - 8_0.01_1 - INFO - idx: 3, output_dict_len: 350
2025-11-14 00:37:08 - 8_0.01_1 - INFO - user class dict total [17, 18, 60, 34, 11, 58, 86, 13, 41, 30]
2025-11-14 00:37:08 - 8_0.01_1 - INFO - idx: 4, output_dict_len: 302
2025-11-14 00:37:08 - 8_0.01_1 - INFO - user class dict total [24, 71, 56, 76, 37, 6, 53, 79, 97, 39]
2025-11-14 00:37:08 - 8_0.01_1 - INFO - idx: 5, output_dict_len: 433
2025-11-14 00:37:08 - 8_0.01_1 - INFO - user class dict total [47, 65, 36, 91, 3, 63, 59, 9, 96, 64]
2025-11-14 00:37:08 - 8_0.01_1 - INFO - idx: 6, output_dict_len: 367
2025-11-14 00:37:08 - 8_0.01_1 - INFO - user class dict total [94, 88, 99, 61, 19, 25, 4, 16, 8, 46]
2025-11-14 00:37:08 - 8_0.01_1 - INFO - idx: 7, output_dict_len: 387
2025-11-14 00:37:08 - 8_0.01_1 - INFO - user class dict total [26, 2, 93, 85, 29, 22, 100, 67, 68, 38]
2025-11-14 00:37:08 - 8_0.01_1 - INFO - idx: 8, output_dict_len: 341
2025-11-14 00:37:08 - 8_0.01_1 - INFO - user class dict total [83, 15, 12, 81, 43, 73, 78, 40, 101, 57, 89, 49]
2025-11-14 00:37:08 - 8_0.01_1 - INFO - idx: 9, output_dict_len: 527
2025-11-14 00:37:08 - 8_0.01_1 - INFO - Creating a baseline federated dataset
2025-11-14 00:37:08 - 8_0.01_1 - INFO - class_num 102
2025-11-14 00:37:08 - 8_0.01_1 - INFO - user class dict total [90, 54, 31, 35, 55, 72, 92, 42, 95, 84]
2025-11-14 00:37:08 - 8_0.01_1 - INFO - idx: 0, output_dict_len: 269
2025-11-14 00:37:08 - 8_0.01_1 - INFO - user class dict total [74, 0, 1, 80, 27, 20, 77, 50, 66, 45]
2025-11-14 00:37:08 - 8_0.01_1 - INFO - idx: 1, output_dict_len: 339
2025-11-14 00:37:08 - 8_0.01_1 - INFO - user class dict total [44, 82, 14, 32, 52, 70, 28, 51, 10, 21]
2025-11-14 00:37:08 - 8_0.01_1 - INFO - idx: 2, output_dict_len: 223
2025-11-14 00:37:08 - 8_0.01_1 - INFO - user class dict total [33, 75, 5, 48, 87, 98, 23, 69, 62, 7]
2025-11-14 00:37:08 - 8_0.01_1 - INFO - idx: 3, output_dict_len: 211
2025-11-14 00:37:08 - 8_0.01_1 - INFO - user class dict total [17, 18, 60, 34, 11, 58, 86, 13, 41, 30]
2025-11-14 00:37:08 - 8_0.01_1 - INFO - idx: 4, output_dict_len: 178
2025-11-14 00:37:08 - 8_0.01_1 - INFO - user class dict total [24, 71, 56, 76, 37, 6, 53, 79, 97, 39]
2025-11-14 00:37:08 - 8_0.01_1 - INFO - idx: 5, output_dict_len: 262
2025-11-14 00:37:08 - 8_0.01_1 - INFO - user class dict total [47, 65, 36, 91, 3, 63, 59, 9, 96, 64]
2025-11-14 00:37:08 - 8_0.01_1 - INFO - idx: 6, output_dict_len: 223
2025-11-14 00:37:08 - 8_0.01_1 - INFO - user class dict total [94, 88, 99, 61, 19, 25, 4, 16, 8, 46]
2025-11-14 00:37:08 - 8_0.01_1 - INFO - idx: 7, output_dict_len: 234
2025-11-14 00:37:08 - 8_0.01_1 - INFO - user class dict total [26, 2, 93, 85, 29, 22, 100, 67, 68, 38]
2025-11-14 00:37:08 - 8_0.01_1 - INFO - idx: 8, output_dict_len: 205
2025-11-14 00:37:08 - 8_0.01_1 - INFO - user class dict total [83, 15, 12, 81, 43, 73, 78, 40, 101, 57, 89, 49]
2025-11-14 00:37:08 - 8_0.01_1 - INFO - idx: 9, output_dict_len: 319
2025-11-14 00:37:08 - 8_0.01_1 - INFO - Loading CLIP (backbone: ViT-B/16)
2025-11-14 00:37:10 - 8_0.01_1 - INFO - Building custom CLIP
2025-11-14 00:37:10 - 8_0.01_1 - INFO - Turning off gradients in both the image and the text encoder
2025-11-14 00:37:39 - 8_0.01_1 - INFO - [Epoch 1/30] 训练耗时: 29.02s | 平均训练准确率: 0.83
2025-11-14 00:38:07 - 8_0.01_1 - INFO - [Epoch 2/30] 训练耗时: 27.99s | 平均训练准确率: 0.87
2025-11-14 00:38:34 - 8_0.01_1 - INFO - [Epoch 3/30] 训练耗时: 26.69s | 平均训练准确率: 1.15
2025-11-14 00:38:59 - 8_0.01_1 - INFO - [Epoch 4/30] 训练耗时: 24.60s | 平均训练准确率: 1.18
2025-11-14 00:39:24 - 8_0.01_1 - INFO - [Epoch 5/30] 训练耗时: 25.44s | 平均训练准确率: 2.19
2025-11-14 00:39:50 - 8_0.01_1 - INFO - [Epoch 6/30] 训练耗时: 25.54s | 平均训练准确率: 1.39
2025-11-14 00:40:15 - 8_0.01_1 - INFO - [Epoch 7/30] 训练耗时: 25.61s | 平均训练准确率: 1.39
2025-11-14 00:40:41 - 8_0.01_1 - INFO - [Epoch 8/30] 训练耗时: 25.47s | 平均训练准确率: 1.25
2025-11-14 00:41:06 - 8_0.01_1 - INFO - [Epoch 9/30] 训练耗时: 25.59s | 平均训练准确率: 2.26
2025-11-14 00:41:32 - 8_0.01_1 - INFO - [Epoch 10/30] 训练耗时: 25.40s | 平均训练准确率: 0.24
2025-11-14 00:41:57 - 8_0.01_1 - INFO - [Epoch 11/30] 训练耗时: 25.38s | 平均训练准确率: 0.10
2025-11-14 00:42:23 - 8_0.01_1 - INFO - [Epoch 12/30] 训练耗时: 25.52s | 平均训练准确率: 0.38
2025-11-14 00:42:48 - 8_0.01_1 - INFO - [Epoch 13/30] 训练耗时: 25.42s | 平均训练准确率: 0.90
2025-11-14 00:43:13 - 8_0.01_1 - INFO - [Epoch 14/30] 训练耗时: 25.31s | 平均训练准确率: 0.62
2025-11-14 00:43:39 - 8_0.01_1 - INFO - [Epoch 15/30] 训练耗时: 25.34s | 平均训练准确率: 0.52
2025-11-14 00:44:04 - 8_0.01_1 - INFO - [Epoch 16/30] 训练耗时: 25.52s | 平均训练准确率: 0.21
2025-11-14 00:44:29 - 8_0.01_1 - INFO - [Epoch 17/30] 训练耗时: 25.29s | 平均训练准确率: 0.56
2025-11-14 00:44:55 - 8_0.01_1 - INFO - [Epoch 18/30] 训练耗时: 25.46s | 平均训练准确率: 0.00
2025-11-14 00:45:20 - 8_0.01_1 - INFO - [Epoch 19/30] 训练耗时: 24.73s | 平均训练准确率: 0.03
2025-11-14 00:45:44 - 8_0.01_1 - INFO - [Epoch 20/30] 训练耗时: 24.70s | 平均训练准确率: 0.17
2025-11-14 00:46:10 - 8_0.01_1 - INFO - [Epoch 21/30] 训练耗时: 25.23s | 平均训练准确率: 0.14
2025-11-14 00:46:35 - 8_0.01_1 - INFO - [Epoch 22/30] 训练耗时: 25.18s | 平均训练准确率: 0.00
2025-11-14 00:47:00 - 8_0.01_1 - INFO - [Epoch 23/30] 训练耗时: 25.47s | 平均训练准确率: 0.00
2025-11-14 00:47:25 - 8_0.01_1 - INFO - [Epoch 24/30] 训练耗时: 25.21s | 平均训练准确率: 0.14
2025-11-14 00:47:51 - 8_0.01_1 - INFO - [Epoch 25/30] 训练耗时: 25.46s | 平均训练准确率: 0.31
2025-11-14 00:48:16 - 8_0.01_1 - INFO - [Epoch 26/30] 训练耗时: 25.42s | 平均训练准确率: 0.35
2025-11-14 00:48:42 - 8_0.01_1 - INFO - [Epoch 27/30] 训练耗时: 25.39s | 平均训练准确率: 1.28
2025-11-14 00:49:07 - 8_0.01_1 - INFO - [Epoch 28/30] 训练耗时: 25.54s | 平均训练准确率: 1.46
2025-11-14 00:49:07 - 8_0.01_1 - INFO - ------------local test start-------------
2025-11-14 00:49:07 - 8_0.01_1 - INFO - Evaluate on the client0 local set
2025-11-14 00:49:10 - 8_0.01_1 - INFO - => result | total 269 | correct 2 | acc 0.74% | err 99.26% | macro_f1 1.29%
2025-11-14 00:49:10 - 8_0.01_1 - INFO - Evaluate on the client0 neighbor set
2025-11-14 00:49:28 - 8_0.01_1 - INFO - => result | total 2,194 | correct 24 | acc 1.09% | err 98.91% | macro_f1 0.41%
2025-11-14 00:49:28 - 8_0.01_1 - INFO - Evaluate on the client1 local set
2025-11-14 00:49:31 - 8_0.01_1 - INFO - => result | total 339 | correct 2 | acc 0.59% | err 99.41% | macro_f1 1.05%
2025-11-14 00:49:31 - 8_0.01_1 - INFO - Evaluate on the client1 neighbor set
2025-11-14 00:49:48 - 8_0.01_1 - INFO - => result | total 2,124 | correct 24 | acc 1.13% | err 98.87% | macro_f1 0.34%
2025-11-14 00:49:48 - 8_0.01_1 - INFO - Evaluate on the client2 local set
2025-11-14 00:49:50 - 8_0.01_1 - INFO - => result | total 223 | correct 0 | acc 0.00% | err 100.00% | macro_f1 0.00%
2025-11-14 00:49:50 - 8_0.01_1 - INFO - Evaluate on the client2 neighbor set
2025-11-14 00:50:08 - 8_0.01_1 - INFO - => result | total 2,240 | correct 24 | acc 1.07% | err 98.93% | macro_f1 0.42%
2025-11-14 00:50:08 - 8_0.01_1 - INFO - Evaluate on the client3 local set
2025-11-14 00:50:10 - 8_0.01_1 - INFO - => result | total 211 | correct 1 | acc 0.47% | err 99.53% | macro_f1 0.43%
2025-11-14 00:50:10 - 8_0.01_1 - INFO - Evaluate on the client3 neighbor set
2025-11-14 00:50:28 - 8_0.01_1 - INFO - => result | total 2,252 | correct 24 | acc 1.07% | err 98.93% | macro_f1 0.39%
2025-11-14 00:50:28 - 8_0.01_1 - INFO - Evaluate on the client4 local set
2025-11-14 00:50:30 - 8_0.01_1 - INFO - => result | total 178 | correct 1 | acc 0.56% | err 99.44% | macro_f1 0.74%
2025-11-14 00:50:30 - 8_0.01_1 - INFO - Evaluate on the client4 neighbor set
2025-11-14 00:50:48 - 8_0.01_1 - INFO - => result | total 2,285 | correct 23 | acc 1.01% | err 98.99% | macro_f1 0.35%
2025-11-14 00:50:48 - 8_0.01_1 - INFO - Evaluate on the client5 local set
2025-11-14 00:50:51 - 8_0.01_1 - INFO - => result | total 262 | correct 11 | acc 4.20% | err 95.80% | macro_f1 2.32%
2025-11-14 00:50:51 - 8_0.01_1 - INFO - Evaluate on the client5 neighbor set
2025-11-14 00:51:08 - 8_0.01_1 - INFO - => result | total 2,201 | correct 12 | acc 0.55% | err 99.45% | macro_f1 0.29%
2025-11-14 00:51:08 - 8_0.01_1 - INFO - Evaluate on the client6 local set
2025-11-14 00:51:10 - 8_0.01_1 - INFO - => result | total 223 | correct 0 | acc 0.00% | err 100.00% | macro_f1 0.00%
2025-11-14 00:51:10 - 8_0.01_1 - INFO - Evaluate on the client6 neighbor set
2025-11-14 00:51:29 - 8_0.01_1 - INFO - => result | total 2,240 | correct 23 | acc 1.03% | err 98.97% | macro_f1 0.42%
2025-11-14 00:51:29 - 8_0.01_1 - INFO - Evaluate on the client7 local set
2025-11-14 00:51:31 - 8_0.01_1 - INFO - => result | total 234 | correct 0 | acc 0.00% | err 100.00% | macro_f1 0.00%
2025-11-14 00:51:31 - 8_0.01_1 - INFO - Evaluate on the client7 neighbor set
2025-11-14 00:51:49 - 8_0.01_1 - INFO - => result | total 2,229 | correct 26 | acc 1.17% | err 98.83% | macro_f1 0.57%
2025-11-14 00:51:49 - 8_0.01_1 - INFO - Evaluate on the client8 local set
2025-11-14 00:51:51 - 8_0.01_1 - INFO - => result | total 205 | correct 5 | acc 2.44% | err 97.56% | macro_f1 2.44%
2025-11-14 00:51:51 - 8_0.01_1 - INFO - Evaluate on the client8 neighbor set
2025-11-14 00:52:09 - 8_0.01_1 - INFO - => result | total 2,258 | correct 21 | acc 0.93% | err 99.07% | macro_f1 0.55%
2025-11-14 00:52:09 - 8_0.01_1 - INFO - Evaluate on the client9 local set
2025-11-14 00:52:12 - 8_0.01_1 - INFO - => result | total 319 | correct 1 | acc 0.31% | err 99.69% | macro_f1 0.38%
2025-11-14 00:52:12 - 8_0.01_1 - INFO - Evaluate on the client9 neighbor set
2025-11-14 00:52:29 - 8_0.01_1 - INFO - => result | total 2,144 | correct 24 | acc 1.12% | err 98.88% | macro_f1 0.45%
2025-11-14 00:52:29 - 8_0.01_1 - INFO - Global test local acc: 0.93
2025-11-14 00:52:29 - 8_0.01_1 - INFO - Global test neighbor acc: 1.02
2025-11-14 00:52:29 - 8_0.01_1 - INFO - ------------local test finish-------------
2025-11-14 00:52:29 - 8_0.01_1 - INFO - [Epoch 28/30] 测试耗时: 201.79s
2025-11-14 00:52:54 - 8_0.01_1 - INFO - [Epoch 29/30] 训练耗时: 25.41s | 平均训练准确率: 1.18
2025-11-14 00:52:54 - 8_0.01_1 - INFO - ------------local test start-------------
2025-11-14 00:52:54 - 8_0.01_1 - INFO - Evaluate on the client0 local set
2025-11-14 00:52:57 - 8_0.01_1 - INFO - => result | total 269 | correct 7 | acc 2.60% | err 97.40% | macro_f1 2.22%
2025-11-14 00:52:57 - 8_0.01_1 - INFO - Evaluate on the client0 neighbor set
2025-11-14 00:53:15 - 8_0.01_1 - INFO - => result | total 2,194 | correct 26 | acc 1.19% | err 98.81% | macro_f1 0.35%
2025-11-14 00:53:15 - 8_0.01_1 - INFO - Evaluate on the client1 local set
2025-11-14 00:53:18 - 8_0.01_1 - INFO - => result | total 339 | correct 0 | acc 0.00% | err 100.00% | macro_f1 0.00%
2025-11-14 00:53:18 - 8_0.01_1 - INFO - Evaluate on the client1 neighbor set
2025-11-14 00:53:35 - 8_0.01_1 - INFO - => result | total 2,124 | correct 33 | acc 1.55% | err 98.45% | macro_f1 0.43%
2025-11-14 00:53:35 - 8_0.01_1 - INFO - Evaluate on the client2 local set
2025-11-14 00:53:37 - 8_0.01_1 - INFO - => result | total 223 | correct 0 | acc 0.00% | err 100.00% | macro_f1 0.00%
2025-11-14 00:53:37 - 8_0.01_1 - INFO - Evaluate on the client2 neighbor set
2025-11-14 00:53:55 - 8_0.01_1 - INFO - => result | total 2,240 | correct 34 | acc 1.52% | err 98.48% | macro_f1 0.43%
2025-11-14 00:53:55 - 8_0.01_1 - INFO - Evaluate on the client3 local set
2025-11-14 00:53:57 - 8_0.01_1 - INFO - => result | total 211 | correct 1 | acc 0.47% | err 99.53% | macro_f1 0.43%
2025-11-14 00:53:57 - 8_0.01_1 - INFO - Evaluate on the client3 neighbor set
2025-11-14 00:54:15 - 8_0.01_1 - INFO - => result | total 2,252 | correct 31 | acc 1.38% | err 98.62% | macro_f1 0.36%
2025-11-14 00:54:15 - 8_0.01_1 - INFO - Evaluate on the client4 local set
2025-11-14 00:54:17 - 8_0.01_1 - INFO - => result | total 178 | correct 1 | acc 0.56% | err 99.44% | macro_f1 0.74%
2025-11-14 00:54:17 - 8_0.01_1 - INFO - Evaluate on the client4 neighbor set
2025-11-14 00:54:36 - 8_0.01_1 - INFO - => result | total 2,285 | correct 31 | acc 1.36% | err 98.64% | macro_f1 0.33%
2025-11-14 00:54:36 - 8_0.01_1 - INFO - Evaluate on the client5 local set
2025-11-14 00:54:38 - 8_0.01_1 - INFO - => result | total 262 | correct 17 | acc 6.49% | err 93.51% | macro_f1 3.43%
2025-11-14 00:54:38 - 8_0.01_1 - INFO - Evaluate on the client5 neighbor set
2025-11-14 00:54:56 - 8_0.01_1 - INFO - => result | total 2,201 | correct 14 | acc 0.64% | err 99.36% | macro_f1 0.23%
2025-11-14 00:54:56 - 8_0.01_1 - INFO - Evaluate on the client6 local set
2025-11-14 00:54:58 - 8_0.01_1 - INFO - => result | total 223 | correct 0 | acc 0.00% | err 100.00% | macro_f1 0.00%
2025-11-14 00:54:58 - 8_0.01_1 - INFO - Evaluate on the client6 neighbor set
2025-11-14 00:55:16 - 8_0.01_1 - INFO - => result | total 2,240 | correct 30 | acc 1.34% | err 98.66% | macro_f1 0.40%
2025-11-14 00:55:16 - 8_0.01_1 - INFO - Evaluate on the client7 local set
2025-11-14 00:55:18 - 8_0.01_1 - INFO - => result | total 234 | correct 0 | acc 0.00% | err 100.00% | macro_f1 0.00%
2025-11-14 00:55:18 - 8_0.01_1 - INFO - Evaluate on the client7 neighbor set
2025-11-14 00:55:37 - 8_0.01_1 - INFO - => result | total 2,229 | correct 29 | acc 1.30% | err 98.70% | macro_f1 0.39%
2025-11-14 00:55:37 - 8_0.01_1 - INFO - Evaluate on the client8 local set
2025-11-14 00:55:38 - 8_0.01_1 - INFO - => result | total 205 | correct 2 | acc 0.98% | err 99.02% | macro_f1 1.67%
2025-11-14 00:55:38 - 8_0.01_1 - INFO - Evaluate on the client8 neighbor set
2025-11-14 00:55:57 - 8_0.01_1 - INFO - => result | total 2,258 | correct 27 | acc 1.20% | err 98.80% | macro_f1 0.38%
2025-11-14 00:55:57 - 8_0.01_1 - INFO - Evaluate on the client9 local set
2025-11-14 00:56:00 - 8_0.01_1 - INFO - => result | total 319 | correct 2 | acc 0.63% | err 99.37% | macro_f1 0.67%
2025-11-14 00:56:00 - 8_0.01_1 - INFO - Evaluate on the client9 neighbor set
2025-11-14 00:56:17 - 8_0.01_1 - INFO - => result | total 2,144 | correct 28 | acc 1.31% | err 98.69% | macro_f1 0.37%
2025-11-14 00:56:17 - 8_0.01_1 - INFO - Global test local acc: 1.17
2025-11-14 00:56:17 - 8_0.01_1 - INFO - Global test neighbor acc: 1.28
2025-11-14 00:56:17 - 8_0.01_1 - INFO - ------------local test finish-------------
2025-11-14 00:56:17 - 8_0.01_1 - INFO - [Epoch 29/30] 测试耗时: 202.61s
2025-11-14 00:56:42 - 8_0.01_1 - INFO - [Epoch 30/30] 训练耗时: 25.38s | 平均训练准确率: 1.18
2025-11-14 00:56:42 - 8_0.01_1 - INFO - ------------local test start-------------
2025-11-14 00:56:42 - 8_0.01_1 - INFO - Evaluate on the client0 local set
2025-11-14 00:56:45 - 8_0.01_1 - INFO - => result | total 269 | correct 4 | acc 1.49% | err 98.51% | macro_f1 2.20%
2025-11-14 00:56:45 - 8_0.01_1 - INFO - Evaluate on the client0 neighbor set
2025-11-14 00:57:02 - 8_0.01_1 - INFO - => result | total 2,194 | correct 22 | acc 1.00% | err 99.00% | macro_f1 0.29%
2025-11-14 00:57:02 - 8_0.01_1 - INFO - Evaluate on the client1 local set
2025-11-14 00:57:05 - 8_0.01_1 - INFO - => result | total 339 | correct 5 | acc 1.47% | err 98.53% | macro_f1 1.27%
2025-11-14 00:57:05 - 8_0.01_1 - INFO - Evaluate on the client1 neighbor set
2025-11-14 00:57:22 - 8_0.01_1 - INFO - => result | total 2,124 | correct 24 | acc 1.13% | err 98.87% | macro_f1 0.33%
2025-11-14 00:57:22 - 8_0.01_1 - INFO - Evaluate on the client2 local set
2025-11-14 00:57:24 - 8_0.01_1 - INFO - => result | total 223 | correct 0 | acc 0.00% | err 100.00% | macro_f1 0.00%
2025-11-14 00:57:24 - 8_0.01_1 - INFO - Evaluate on the client2 neighbor set
2025-11-14 00:57:43 - 8_0.01_1 - INFO - => result | total 2,240 | correct 31 | acc 1.38% | err 98.62% | macro_f1 0.42%
2025-11-14 00:57:43 - 8_0.01_1 - INFO - Evaluate on the client3 local set
2025-11-14 00:57:45 - 8_0.01_1 - INFO - => result | total 211 | correct 0 | acc 0.00% | err 100.00% | macro_f1 0.00%
2025-11-14 00:57:45 - 8_0.01_1 - INFO - Evaluate on the client3 neighbor set
2025-11-14 00:58:03 - 8_0.01_1 - INFO - => result | total 2,252 | correct 32 | acc 1.42% | err 98.58% | macro_f1 0.42%
2025-11-14 00:58:03 - 8_0.01_1 - INFO - Evaluate on the client4 local set
2025-11-14 00:58:05 - 8_0.01_1 - INFO - => result | total 178 | correct 1 | acc 0.56% | err 99.44% | macro_f1 0.87%
2025-11-14 00:58:05 - 8_0.01_1 - INFO - Evaluate on the client4 neighbor set
2025-11-14 00:58:24 - 8_0.01_1 - INFO - => result | total 2,285 | correct 30 | acc 1.31% | err 98.69% | macro_f1 0.38%
2025-11-14 00:58:24 - 8_0.01_1 - INFO - Evaluate on the client5 local set
2025-11-14 00:58:26 - 8_0.01_1 - INFO - => result | total 262 | correct 6 | acc 2.29% | err 97.71% | macro_f1 1.45%
2025-11-14 00:58:26 - 8_0.01_1 - INFO - Evaluate on the client5 neighbor set
2025-11-14 00:58:44 - 8_0.01_1 - INFO - => result | total 2,201 | correct 25 | acc 1.14% | err 98.86% | macro_f1 0.30%
2025-11-14 00:58:44 - 8_0.01_1 - INFO - Evaluate on the client6 local set
2025-11-14 00:58:46 - 8_0.01_1 - INFO - => result | total 223 | correct 0 | acc 0.00% | err 100.00% | macro_f1 0.00%
2025-11-14 00:58:46 - 8_0.01_1 - INFO - Evaluate on the client6 neighbor set
2025-11-14 00:59:04 - 8_0.01_1 - INFO - => result | total 2,240 | correct 27 | acc 1.21% | err 98.79% | macro_f1 0.34%
2025-11-14 00:59:04 - 8_0.01_1 - INFO - Evaluate on the client7 local set
2025-11-14 00:59:06 - 8_0.01_1 - INFO - => result | total 234 | correct 0 | acc 0.00% | err 100.00% | macro_f1 0.00%
2025-11-14 00:59:06 - 8_0.01_1 - INFO - Evaluate on the client7 neighbor set
2025-11-14 00:59:25 - 8_0.01_1 - INFO - => result | total 2,229 | correct 28 | acc 1.26% | err 98.74% | macro_f1 0.36%
2025-11-14 00:59:25 - 8_0.01_1 - INFO - Evaluate on the client8 local set
2025-11-14 00:59:26 - 8_0.01_1 - INFO - => result | total 205 | correct 3 | acc 1.46% | err 98.54% | macro_f1 1.62%
2025-11-14 00:59:26 - 8_0.01_1 - INFO - Evaluate on the client8 neighbor set
2025-11-14 00:59:45 - 8_0.01_1 - INFO - => result | total 2,258 | correct 25 | acc 1.11% | err 98.89% | macro_f1 0.34%
2025-11-14 00:59:45 - 8_0.01_1 - INFO - Evaluate on the client9 local set
2025-11-14 00:59:48 - 8_0.01_1 - INFO - => result | total 319 | correct 4 | acc 1.25% | err 98.75% | macro_f1 0.90%
2025-11-14 00:59:48 - 8_0.01_1 - INFO - Evaluate on the client9 neighbor set
2025-11-14 01:00:05 - 8_0.01_1 - INFO - => result | total 2,144 | correct 24 | acc 1.12% | err 98.88% | macro_f1 0.31%
2025-11-14 01:00:05 - 8_0.01_1 - INFO - Global test local acc: 0.85
2025-11-14 01:00:05 - 8_0.01_1 - INFO - Global test neighbor acc: 1.21
2025-11-14 01:00:05 - 8_0.01_1 - INFO - ------------local test finish-------------
2025-11-14 01:00:05 - 8_0.01_1 - INFO - [Epoch 30/30] 测试耗时: 203.01s
2025-11-14 01:00:05 - 8_0.01_1 - INFO - maximum test local acc: 1.173
2025-11-14 01:00:05 - 8_0.01_1 - INFO - mean of local acc: 0.986
2025-11-14 01:00:05 - 8_0.01_1 - INFO - maximum test neighbor acc: 1.277
2025-11-14 01:00:05 - 8_0.01_1 - INFO - mean of neighbor acc: 1.167
