2025-11-16 00:38:59 - 8_0.0_1 - INFO - 日志文件已创建: logs/oxford_flowers/promptfl/8_0.0_1_20251116_003859.log
2025-11-16 00:38:59 - 8_0.0_1 - INFO - Loading trainer: DP_FPL
2025-11-16 00:38:59 - 8_0.0_1 - INFO - Loading dataset: OxfordFlowers
2025-11-16 00:38:59 - 8_0.0_1 - INFO - Reading split from /home/liuxin25/dataset/oxford_flowers/split_zhou_OxfordFlowers.json
2025-11-16 00:38:59 - 8_0.0_1 - INFO - Creating a baseline federated dataset
2025-11-16 00:38:59 - 8_0.0_1 - INFO - class_num 102
2025-11-16 00:38:59 - 8_0.0_1 - INFO - user class dict total [90, 54, 31, 35, 55, 72, 92, 42, 95, 84]
2025-11-16 00:38:59 - 8_0.0_1 - INFO - idx: 0, output_dict_len: 451
2025-11-16 00:38:59 - 8_0.0_1 - INFO - user class dict total [74, 0, 1, 80, 27, 20, 77, 50, 66, 45]
2025-11-16 00:38:59 - 8_0.0_1 - INFO - idx: 1, output_dict_len: 562
2025-11-16 00:38:59 - 8_0.0_1 - INFO - user class dict total [44, 82, 14, 32, 52, 70, 28, 51, 10, 21]
2025-11-16 00:38:59 - 8_0.0_1 - INFO - idx: 2, output_dict_len: 373
2025-11-16 00:38:59 - 8_0.0_1 - INFO - user class dict total [33, 75, 5, 48, 87, 98, 23, 69, 62, 7]
2025-11-16 00:38:59 - 8_0.0_1 - INFO - idx: 3, output_dict_len: 350
2025-11-16 00:38:59 - 8_0.0_1 - INFO - user class dict total [17, 18, 60, 34, 11, 58, 86, 13, 41, 30]
2025-11-16 00:38:59 - 8_0.0_1 - INFO - idx: 4, output_dict_len: 302
2025-11-16 00:38:59 - 8_0.0_1 - INFO - user class dict total [24, 71, 56, 76, 37, 6, 53, 79, 97, 39]
2025-11-16 00:38:59 - 8_0.0_1 - INFO - idx: 5, output_dict_len: 433
2025-11-16 00:38:59 - 8_0.0_1 - INFO - user class dict total [47, 65, 36, 91, 3, 63, 59, 9, 96, 64]
2025-11-16 00:38:59 - 8_0.0_1 - INFO - idx: 6, output_dict_len: 367
2025-11-16 00:38:59 - 8_0.0_1 - INFO - user class dict total [94, 88, 99, 61, 19, 25, 4, 16, 8, 46]
2025-11-16 00:38:59 - 8_0.0_1 - INFO - idx: 7, output_dict_len: 387
2025-11-16 00:38:59 - 8_0.0_1 - INFO - user class dict total [26, 2, 93, 85, 29, 22, 100, 67, 68, 38]
2025-11-16 00:38:59 - 8_0.0_1 - INFO - idx: 8, output_dict_len: 341
2025-11-16 00:38:59 - 8_0.0_1 - INFO - user class dict total [83, 15, 12, 81, 43, 73, 78, 40, 101, 57, 89, 49]
2025-11-16 00:38:59 - 8_0.0_1 - INFO - idx: 9, output_dict_len: 527
2025-11-16 00:38:59 - 8_0.0_1 - INFO - Creating a baseline federated dataset
2025-11-16 00:38:59 - 8_0.0_1 - INFO - class_num 102
2025-11-16 00:38:59 - 8_0.0_1 - INFO - user class dict total [90, 54, 31, 35, 55, 72, 92, 42, 95, 84]
2025-11-16 00:38:59 - 8_0.0_1 - INFO - idx: 0, output_dict_len: 269
2025-11-16 00:38:59 - 8_0.0_1 - INFO - user class dict total [74, 0, 1, 80, 27, 20, 77, 50, 66, 45]
2025-11-16 00:38:59 - 8_0.0_1 - INFO - idx: 1, output_dict_len: 339
2025-11-16 00:38:59 - 8_0.0_1 - INFO - user class dict total [44, 82, 14, 32, 52, 70, 28, 51, 10, 21]
2025-11-16 00:38:59 - 8_0.0_1 - INFO - idx: 2, output_dict_len: 223
2025-11-16 00:38:59 - 8_0.0_1 - INFO - user class dict total [33, 75, 5, 48, 87, 98, 23, 69, 62, 7]
2025-11-16 00:38:59 - 8_0.0_1 - INFO - idx: 3, output_dict_len: 211
2025-11-16 00:38:59 - 8_0.0_1 - INFO - user class dict total [17, 18, 60, 34, 11, 58, 86, 13, 41, 30]
2025-11-16 00:38:59 - 8_0.0_1 - INFO - idx: 4, output_dict_len: 178
2025-11-16 00:38:59 - 8_0.0_1 - INFO - user class dict total [24, 71, 56, 76, 37, 6, 53, 79, 97, 39]
2025-11-16 00:38:59 - 8_0.0_1 - INFO - idx: 5, output_dict_len: 262
2025-11-16 00:38:59 - 8_0.0_1 - INFO - user class dict total [47, 65, 36, 91, 3, 63, 59, 9, 96, 64]
2025-11-16 00:38:59 - 8_0.0_1 - INFO - idx: 6, output_dict_len: 223
2025-11-16 00:38:59 - 8_0.0_1 - INFO - user class dict total [94, 88, 99, 61, 19, 25, 4, 16, 8, 46]
2025-11-16 00:38:59 - 8_0.0_1 - INFO - idx: 7, output_dict_len: 234
2025-11-16 00:38:59 - 8_0.0_1 - INFO - user class dict total [26, 2, 93, 85, 29, 22, 100, 67, 68, 38]
2025-11-16 00:38:59 - 8_0.0_1 - INFO - idx: 8, output_dict_len: 205
2025-11-16 00:38:59 - 8_0.0_1 - INFO - user class dict total [83, 15, 12, 81, 43, 73, 78, 40, 101, 57, 89, 49]
2025-11-16 00:38:59 - 8_0.0_1 - INFO - idx: 9, output_dict_len: 319
2025-11-16 00:38:59 - 8_0.0_1 - INFO - Loading CLIP (backbone: ViT-B/16)
2025-11-16 00:39:01 - 8_0.0_1 - INFO - Building custom CLIP
2025-11-16 00:39:01 - 8_0.0_1 - INFO - Turning off gradients in both the image and the text encoder
2025-11-16 00:39:29 - 8_0.0_1 - INFO - [Epoch 1/30] 训练耗时: 27.71s | 平均训练准确率: 10.14
2025-11-16 00:39:54 - 8_0.0_1 - INFO - [Epoch 2/30] 训练耗时: 25.21s | 平均训练准确率: 60.62
2025-11-16 00:40:20 - 8_0.0_1 - INFO - [Epoch 3/30] 训练耗时: 25.49s | 平均训练准确率: 69.65
2025-11-16 00:40:45 - 8_0.0_1 - INFO - [Epoch 4/30] 训练耗时: 25.53s | 平均训练准确率: 76.88
2025-11-16 00:41:11 - 8_0.0_1 - INFO - [Epoch 5/30] 训练耗时: 25.43s | 平均训练准确率: 79.65
2025-11-16 00:41:36 - 8_0.0_1 - INFO - [Epoch 6/30] 训练耗时: 25.46s | 平均训练准确率: 83.23
2025-11-16 00:42:02 - 8_0.0_1 - INFO - [Epoch 7/30] 训练耗时: 25.59s | 平均训练准确率: 85.35
2025-11-16 00:42:27 - 8_0.0_1 - INFO - [Epoch 8/30] 训练耗时: 25.46s | 平均训练准确率: 86.74
2025-11-16 00:42:53 - 8_0.0_1 - INFO - [Epoch 9/30] 训练耗时: 25.34s | 平均训练准确率: 88.33
2025-11-16 00:43:17 - 8_0.0_1 - INFO - [Epoch 10/30] 训练耗时: 24.72s | 平均训练准确率: 88.72
2025-11-16 00:43:43 - 8_0.0_1 - INFO - [Epoch 11/30] 训练耗时: 25.49s | 平均训练准确率: 90.14
2025-11-16 00:44:08 - 8_0.0_1 - INFO - [Epoch 12/30] 训练耗时: 25.54s | 平均训练准确率: 90.28
2025-11-16 00:44:34 - 8_0.0_1 - INFO - [Epoch 13/30] 训练耗时: 25.60s | 平均训练准确率: 90.97
2025-11-16 00:44:59 - 8_0.0_1 - INFO - [Epoch 14/30] 训练耗时: 25.49s | 平均训练准确率: 91.39
2025-11-16 00:45:25 - 8_0.0_1 - INFO - [Epoch 15/30] 训练耗时: 25.83s | 平均训练准确率: 92.40
2025-11-16 00:45:52 - 8_0.0_1 - INFO - [Epoch 16/30] 训练耗时: 26.45s | 平均训练准确率: 91.88
2025-11-16 00:46:17 - 8_0.0_1 - INFO - [Epoch 17/30] 训练耗时: 25.58s | 平均训练准确率: 91.56
2025-11-16 00:46:43 - 8_0.0_1 - INFO - [Epoch 18/30] 训练耗时: 25.57s | 平均训练准确率: 92.53
2025-11-16 00:47:08 - 8_0.0_1 - INFO - [Epoch 19/30] 训练耗时: 25.55s | 平均训练准确率: 92.81
2025-11-16 00:47:34 - 8_0.0_1 - INFO - [Epoch 20/30] 训练耗时: 25.48s | 平均训练准确率: 93.82
2025-11-16 00:47:59 - 8_0.0_1 - INFO - [Epoch 21/30] 训练耗时: 25.53s | 平均训练准确率: 93.85
2025-11-16 00:48:25 - 8_0.0_1 - INFO - [Epoch 22/30] 训练耗时: 25.47s | 平均训练准确率: 93.23
2025-11-16 00:48:51 - 8_0.0_1 - INFO - [Epoch 23/30] 训练耗时: 25.69s | 平均训练准确率: 91.08
2025-11-16 00:49:16 - 8_0.0_1 - INFO - [Epoch 24/30] 训练耗时: 25.60s | 平均训练准确率: 93.61
2025-11-16 00:49:41 - 8_0.0_1 - INFO - [Epoch 25/30] 训练耗时: 24.69s | 平均训练准确率: 93.61
2025-11-16 00:50:07 - 8_0.0_1 - INFO - [Epoch 26/30] 训练耗时: 25.62s | 平均训练准确率: 93.96
2025-11-16 00:50:32 - 8_0.0_1 - INFO - [Epoch 27/30] 训练耗时: 25.63s | 平均训练准确率: 93.85
2025-11-16 00:50:58 - 8_0.0_1 - INFO - [Epoch 28/30] 训练耗时: 25.49s | 平均训练准确率: 93.26
2025-11-16 00:50:58 - 8_0.0_1 - INFO - ------------local test start-------------
2025-11-16 00:50:58 - 8_0.0_1 - INFO - Evaluate on the client0 local set
2025-11-16 00:51:00 - 8_0.0_1 - INFO - => result | total 269 | correct 194 | acc 72.12% | err 27.88% | macro_f1 55.70%
2025-11-16 00:51:00 - 8_0.0_1 - INFO - Evaluate on the client0 neighbor set
2025-11-16 00:51:18 - 8_0.0_1 - INFO - => result | total 2,194 | correct 1,019 | acc 46.44% | err 53.56% | macro_f1 40.13%
2025-11-16 00:51:18 - 8_0.0_1 - INFO - Evaluate on the client1 local set
2025-11-16 00:51:21 - 8_0.0_1 - INFO - => result | total 339 | correct 199 | acc 58.70% | err 41.30% | macro_f1 37.60%
2025-11-16 00:51:21 - 8_0.0_1 - INFO - Evaluate on the client1 neighbor set
2025-11-16 00:51:39 - 8_0.0_1 - INFO - => result | total 2,124 | correct 1,143 | acc 53.81% | err 46.19% | macro_f1 46.58%
2025-11-16 00:51:39 - 8_0.0_1 - INFO - Evaluate on the client2 local set
2025-11-16 00:51:40 - 8_0.0_1 - INFO - => result | total 223 | correct 180 | acc 80.72% | err 19.28% | macro_f1 69.18%
2025-11-16 00:51:40 - 8_0.0_1 - INFO - Evaluate on the client2 neighbor set
2025-11-16 00:51:59 - 8_0.0_1 - INFO - => result | total 2,240 | correct 1,367 | acc 61.03% | err 38.97% | macro_f1 52.29%
2025-11-16 00:51:59 - 8_0.0_1 - INFO - Evaluate on the client3 local set
2025-11-16 00:52:01 - 8_0.0_1 - INFO - => result | total 211 | correct 190 | acc 90.05% | err 9.95% | macro_f1 85.01%
2025-11-16 00:52:01 - 8_0.0_1 - INFO - Evaluate on the client3 neighbor set
2025-11-16 00:52:19 - 8_0.0_1 - INFO - => result | total 2,252 | correct 1,566 | acc 69.54% | err 30.46% | macro_f1 60.46%
2025-11-16 00:52:19 - 8_0.0_1 - INFO - Evaluate on the client4 local set
2025-11-16 00:52:21 - 8_0.0_1 - INFO - => result | total 178 | correct 174 | acc 97.75% | err 2.25% | macro_f1 98.87%
2025-11-16 00:52:21 - 8_0.0_1 - INFO - Evaluate on the client4 neighbor set
2025-11-16 00:52:39 - 8_0.0_1 - INFO - => result | total 2,285 | correct 1,725 | acc 75.49% | err 24.51% | macro_f1 66.65%
2025-11-16 00:52:39 - 8_0.0_1 - INFO - Evaluate on the client5 local set
2025-11-16 00:52:42 - 8_0.0_1 - INFO - => result | total 262 | correct 206 | acc 78.63% | err 21.37% | macro_f1 74.79%
2025-11-16 00:52:42 - 8_0.0_1 - INFO - Evaluate on the client5 neighbor set
2025-11-16 00:53:00 - 8_0.0_1 - INFO - => result | total 2,201 | correct 1,695 | acc 77.01% | err 22.99% | macro_f1 69.59%
2025-11-16 00:53:00 - 8_0.0_1 - INFO - Evaluate on the client6 local set
2025-11-16 00:53:01 - 8_0.0_1 - INFO - => result | total 223 | correct 189 | acc 84.75% | err 15.25% | macro_f1 81.88%
2025-11-16 00:53:01 - 8_0.0_1 - INFO - Evaluate on the client6 neighbor set
2025-11-16 00:53:20 - 8_0.0_1 - INFO - => result | total 2,240 | correct 1,680 | acc 75.00% | err 25.00% | macro_f1 68.83%
2025-11-16 00:53:20 - 8_0.0_1 - INFO - Evaluate on the client7 local set
2025-11-16 00:53:22 - 8_0.0_1 - INFO - => result | total 234 | correct 209 | acc 89.32% | err 10.68% | macro_f1 92.18%
2025-11-16 00:53:22 - 8_0.0_1 - INFO - Evaluate on the client7 neighbor set
2025-11-16 00:53:40 - 8_0.0_1 - INFO - => result | total 2,229 | correct 1,618 | acc 72.59% | err 27.41% | macro_f1 65.77%
2025-11-16 00:53:40 - 8_0.0_1 - INFO - Evaluate on the client8 local set
2025-11-16 00:53:42 - 8_0.0_1 - INFO - => result | total 205 | correct 185 | acc 90.24% | err 9.76% | macro_f1 90.86%
2025-11-16 00:53:42 - 8_0.0_1 - INFO - Evaluate on the client8 neighbor set
2025-11-16 00:54:01 - 8_0.0_1 - INFO - => result | total 2,258 | correct 1,575 | acc 69.75% | err 30.25% | macro_f1 64.55%
2025-11-16 00:54:01 - 8_0.0_1 - INFO - Evaluate on the client9 local set
2025-11-16 00:54:03 - 8_0.0_1 - INFO - => result | total 319 | correct 255 | acc 79.94% | err 20.06% | macro_f1 72.61%
2025-11-16 00:54:03 - 8_0.0_1 - INFO - Evaluate on the client9 neighbor set
2025-11-16 00:54:21 - 8_0.0_1 - INFO - => result | total 2,144 | correct 1,454 | acc 67.82% | err 32.18% | macro_f1 62.68%
2025-11-16 00:54:21 - 8_0.0_1 - INFO - Global test local acc: 82.22
2025-11-16 00:54:21 - 8_0.0_1 - INFO - Global test neighbor acc: 66.85
2025-11-16 00:54:21 - 8_0.0_1 - INFO - ------------local test finish-------------
2025-11-16 00:54:21 - 8_0.0_1 - INFO - [Epoch 28/30] 测试耗时: 203.60s
2025-11-16 00:54:47 - 8_0.0_1 - INFO - [Epoch 29/30] 训练耗时: 25.88s | 平均训练准确率: 94.97
2025-11-16 00:54:47 - 8_0.0_1 - INFO - ------------local test start-------------
2025-11-16 00:54:47 - 8_0.0_1 - INFO - Evaluate on the client0 local set
2025-11-16 00:54:49 - 8_0.0_1 - INFO - => result | total 269 | correct 203 | acc 75.46% | err 24.54% | macro_f1 62.84%
2025-11-16 00:54:49 - 8_0.0_1 - INFO - Evaluate on the client0 neighbor set
2025-11-16 00:55:07 - 8_0.0_1 - INFO - => result | total 2,194 | correct 1,210 | acc 55.15% | err 44.85% | macro_f1 46.88%
2025-11-16 00:55:07 - 8_0.0_1 - INFO - Evaluate on the client1 local set
2025-11-16 00:55:10 - 8_0.0_1 - INFO - => result | total 339 | correct 200 | acc 59.00% | err 41.00% | macro_f1 38.76%
2025-11-16 00:55:10 - 8_0.0_1 - INFO - Evaluate on the client1 neighbor set
2025-11-16 00:55:28 - 8_0.0_1 - INFO - => result | total 2,124 | correct 1,349 | acc 63.51% | err 36.49% | macro_f1 55.38%
2025-11-16 00:55:28 - 8_0.0_1 - INFO - Evaluate on the client2 local set
2025-11-16 00:55:29 - 8_0.0_1 - INFO - => result | total 223 | correct 190 | acc 85.20% | err 14.80% | macro_f1 74.25%
2025-11-16 00:55:29 - 8_0.0_1 - INFO - Evaluate on the client2 neighbor set
2025-11-16 00:55:48 - 8_0.0_1 - INFO - => result | total 2,240 | correct 1,496 | acc 66.79% | err 33.21% | macro_f1 58.70%
2025-11-16 00:55:48 - 8_0.0_1 - INFO - Evaluate on the client3 local set
2025-11-16 00:55:50 - 8_0.0_1 - INFO - => result | total 211 | correct 191 | acc 90.52% | err 9.48% | macro_f1 85.23%
2025-11-16 00:55:50 - 8_0.0_1 - INFO - Evaluate on the client3 neighbor set
2025-11-16 00:56:08 - 8_0.0_1 - INFO - => result | total 2,252 | correct 1,607 | acc 71.36% | err 28.64% | macro_f1 62.95%
2025-11-16 00:56:08 - 8_0.0_1 - INFO - Evaluate on the client4 local set
2025-11-16 00:56:09 - 8_0.0_1 - INFO - => result | total 178 | correct 172 | acc 96.63% | err 3.37% | macro_f1 98.28%
2025-11-16 00:56:09 - 8_0.0_1 - INFO - Evaluate on the client4 neighbor set
2025-11-16 00:56:28 - 8_0.0_1 - INFO - => result | total 2,285 | correct 1,698 | acc 74.31% | err 25.69% | macro_f1 65.73%
2025-11-16 00:56:28 - 8_0.0_1 - INFO - Evaluate on the client5 local set
2025-11-16 00:56:30 - 8_0.0_1 - INFO - => result | total 262 | correct 201 | acc 76.72% | err 23.28% | macro_f1 70.61%
2025-11-16 00:56:30 - 8_0.0_1 - INFO - Evaluate on the client5 neighbor set
2025-11-16 00:56:48 - 8_0.0_1 - INFO - => result | total 2,201 | correct 1,705 | acc 77.46% | err 22.54% | macro_f1 69.69%
2025-11-16 00:56:48 - 8_0.0_1 - INFO - Evaluate on the client6 local set
2025-11-16 00:56:50 - 8_0.0_1 - INFO - => result | total 223 | correct 188 | acc 84.30% | err 15.70% | macro_f1 80.71%
2025-11-16 00:56:50 - 8_0.0_1 - INFO - Evaluate on the client6 neighbor set
2025-11-16 00:57:08 - 8_0.0_1 - INFO - => result | total 2,240 | correct 1,737 | acc 77.54% | err 22.46% | macro_f1 69.97%
2025-11-16 00:57:08 - 8_0.0_1 - INFO - Evaluate on the client7 local set
2025-11-16 00:57:10 - 8_0.0_1 - INFO - => result | total 234 | correct 219 | acc 93.59% | err 6.41% | macro_f1 95.00%
2025-11-16 00:57:10 - 8_0.0_1 - INFO - Evaluate on the client7 neighbor set
2025-11-16 00:57:28 - 8_0.0_1 - INFO - => result | total 2,229 | correct 1,641 | acc 73.62% | err 26.38% | macro_f1 65.54%
2025-11-16 00:57:28 - 8_0.0_1 - INFO - Evaluate on the client8 local set
2025-11-16 00:57:30 - 8_0.0_1 - INFO - => result | total 205 | correct 181 | acc 88.29% | err 11.71% | macro_f1 88.27%
2025-11-16 00:57:30 - 8_0.0_1 - INFO - Evaluate on the client8 neighbor set
2025-11-16 00:57:49 - 8_0.0_1 - INFO - => result | total 2,258 | correct 1,606 | acc 71.12% | err 28.88% | macro_f1 65.36%
2025-11-16 00:57:49 - 8_0.0_1 - INFO - Evaluate on the client9 local set
2025-11-16 00:57:51 - 8_0.0_1 - INFO - => result | total 319 | correct 254 | acc 79.62% | err 20.38% | macro_f1 72.46%
2025-11-16 00:57:51 - 8_0.0_1 - INFO - Evaluate on the client9 neighbor set
2025-11-16 00:58:09 - 8_0.0_1 - INFO - => result | total 2,144 | correct 1,457 | acc 67.96% | err 32.04% | macro_f1 62.80%
2025-11-16 00:58:09 - 8_0.0_1 - INFO - Global test local acc: 82.93
2025-11-16 00:58:09 - 8_0.0_1 - INFO - Global test neighbor acc: 69.88
2025-11-16 00:58:09 - 8_0.0_1 - INFO - ------------local test finish-------------
2025-11-16 00:58:09 - 8_0.0_1 - INFO - [Epoch 29/30] 测试耗时: 201.93s
2025-11-16 00:58:35 - 8_0.0_1 - INFO - [Epoch 30/30] 训练耗时: 25.70s | 平均训练准确率: 95.56
2025-11-16 00:58:35 - 8_0.0_1 - INFO - ------------local test start-------------
2025-11-16 00:58:35 - 8_0.0_1 - INFO - Evaluate on the client0 local set
2025-11-16 00:58:37 - 8_0.0_1 - INFO - => result | total 269 | correct 196 | acc 72.86% | err 27.14% | macro_f1 57.51%
2025-11-16 00:58:37 - 8_0.0_1 - INFO - Evaluate on the client0 neighbor set
2025-11-16 00:58:55 - 8_0.0_1 - INFO - => result | total 2,194 | correct 1,125 | acc 51.28% | err 48.72% | macro_f1 45.23%
2025-11-16 00:58:55 - 8_0.0_1 - INFO - Evaluate on the client1 local set
2025-11-16 00:58:58 - 8_0.0_1 - INFO - => result | total 339 | correct 200 | acc 59.00% | err 41.00% | macro_f1 38.29%
2025-11-16 00:58:58 - 8_0.0_1 - INFO - Evaluate on the client1 neighbor set
2025-11-16 00:59:16 - 8_0.0_1 - INFO - => result | total 2,124 | correct 1,265 | acc 59.56% | err 40.44% | macro_f1 51.53%
2025-11-16 00:59:16 - 8_0.0_1 - INFO - Evaluate on the client2 local set
2025-11-16 00:59:18 - 8_0.0_1 - INFO - => result | total 223 | correct 187 | acc 83.86% | err 16.14% | macro_f1 73.18%
2025-11-16 00:59:18 - 8_0.0_1 - INFO - Evaluate on the client2 neighbor set
2025-11-16 00:59:37 - 8_0.0_1 - INFO - => result | total 2,240 | correct 1,451 | acc 64.78% | err 35.22% | macro_f1 55.71%
2025-11-16 00:59:37 - 8_0.0_1 - INFO - Evaluate on the client3 local set
2025-11-16 00:59:39 - 8_0.0_1 - INFO - => result | total 211 | correct 191 | acc 90.52% | err 9.48% | macro_f1 85.28%
2025-11-16 00:59:39 - 8_0.0_1 - INFO - Evaluate on the client3 neighbor set
2025-11-16 00:59:58 - 8_0.0_1 - INFO - => result | total 2,252 | correct 1,621 | acc 71.98% | err 28.02% | macro_f1 63.04%
2025-11-16 00:59:58 - 8_0.0_1 - INFO - Evaluate on the client4 local set
2025-11-16 00:59:59 - 8_0.0_1 - INFO - => result | total 178 | correct 174 | acc 97.75% | err 2.25% | macro_f1 98.87%
2025-11-16 00:59:59 - 8_0.0_1 - INFO - Evaluate on the client4 neighbor set
2025-11-16 01:00:18 - 8_0.0_1 - INFO - => result | total 2,285 | correct 1,706 | acc 74.66% | err 25.34% | macro_f1 65.96%
2025-11-16 01:00:18 - 8_0.0_1 - INFO - Evaluate on the client5 local set
2025-11-16 01:00:20 - 8_0.0_1 - INFO - => result | total 262 | correct 208 | acc 79.39% | err 20.61% | macro_f1 75.06%
2025-11-16 01:00:20 - 8_0.0_1 - INFO - Evaluate on the client5 neighbor set
2025-11-16 01:00:39 - 8_0.0_1 - INFO - => result | total 2,201 | correct 1,667 | acc 75.74% | err 24.26% | macro_f1 68.81%
2025-11-16 01:00:39 - 8_0.0_1 - INFO - Evaluate on the client6 local set
2025-11-16 01:00:41 - 8_0.0_1 - INFO - => result | total 223 | correct 189 | acc 84.75% | err 15.25% | macro_f1 81.88%
2025-11-16 01:00:41 - 8_0.0_1 - INFO - Evaluate on the client6 neighbor set
2025-11-16 01:00:59 - 8_0.0_1 - INFO - => result | total 2,240 | correct 1,648 | acc 73.57% | err 26.43% | macro_f1 68.40%
2025-11-16 01:00:59 - 8_0.0_1 - INFO - Evaluate on the client7 local set
2025-11-16 01:01:01 - 8_0.0_1 - INFO - => result | total 234 | correct 209 | acc 89.32% | err 10.68% | macro_f1 91.52%
2025-11-16 01:01:01 - 8_0.0_1 - INFO - Evaluate on the client7 neighbor set
2025-11-16 01:01:19 - 8_0.0_1 - INFO - => result | total 2,229 | correct 1,597 | acc 71.65% | err 28.35% | macro_f1 65.45%
2025-11-16 01:01:19 - 8_0.0_1 - INFO - Evaluate on the client8 local set
2025-11-16 01:01:21 - 8_0.0_1 - INFO - => result | total 205 | correct 189 | acc 92.20% | err 7.80% | macro_f1 92.79%
2025-11-16 01:01:21 - 8_0.0_1 - INFO - Evaluate on the client8 neighbor set
2025-11-16 01:01:39 - 8_0.0_1 - INFO - => result | total 2,258 | correct 1,581 | acc 70.02% | err 29.98% | macro_f1 66.36%
2025-11-16 01:01:39 - 8_0.0_1 - INFO - Evaluate on the client9 local set
2025-11-16 01:01:42 - 8_0.0_1 - INFO - => result | total 319 | correct 249 | acc 78.06% | err 21.94% | macro_f1 70.84%
2025-11-16 01:01:42 - 8_0.0_1 - INFO - Evaluate on the client9 neighbor set
2025-11-16 01:02:00 - 8_0.0_1 - INFO - => result | total 2,144 | correct 1,433 | acc 66.84% | err 33.16% | macro_f1 62.83%
2025-11-16 01:02:00 - 8_0.0_1 - INFO - Global test local acc: 82.77
2025-11-16 01:02:00 - 8_0.0_1 - INFO - Global test neighbor acc: 68.01
2025-11-16 01:02:00 - 8_0.0_1 - INFO - ------------local test finish-------------
2025-11-16 01:02:00 - 8_0.0_1 - INFO - [Epoch 30/30] 测试耗时: 204.80s
2025-11-16 01:02:00 - 8_0.0_1 - INFO - maximum test local acc: 82.934
2025-11-16 01:02:00 - 8_0.0_1 - INFO - mean of local acc: 82.642
2025-11-16 01:02:00 - 8_0.0_1 - INFO - maximum test neighbor acc: 69.883
2025-11-16 01:02:00 - 8_0.0_1 - INFO - mean of neighbor acc: 68.246
