2025-11-13 21:30:11 - 8_0.1_1 - INFO - 日志文件已创建: logs/oxford_flowers/promptfl/8_0.1_1_20251113_213011.log
2025-11-13 21:30:11 - 8_0.1_1 - INFO - Loading trainer: DP_FPL
2025-11-13 21:30:11 - 8_0.1_1 - INFO - Loading dataset: OxfordFlowers
2025-11-13 21:30:11 - 8_0.1_1 - INFO - Reading split from /home/liuxin25/dataset/oxford_flowers/split_zhou_OxfordFlowers.json
2025-11-13 21:30:11 - 8_0.1_1 - INFO - Creating a baseline federated dataset
2025-11-13 21:30:11 - 8_0.1_1 - INFO - class_num 102
2025-11-13 21:30:11 - 8_0.1_1 - INFO - user class dict total [90, 54, 31, 35, 55, 72, 92, 42, 95, 84]
2025-11-13 21:30:11 - 8_0.1_1 - INFO - idx: 0, output_dict_len: 451
2025-11-13 21:30:11 - 8_0.1_1 - INFO - user class dict total [74, 0, 1, 80, 27, 20, 77, 50, 66, 45]
2025-11-13 21:30:11 - 8_0.1_1 - INFO - idx: 1, output_dict_len: 562
2025-11-13 21:30:11 - 8_0.1_1 - INFO - user class dict total [44, 82, 14, 32, 52, 70, 28, 51, 10, 21]
2025-11-13 21:30:11 - 8_0.1_1 - INFO - idx: 2, output_dict_len: 373
2025-11-13 21:30:11 - 8_0.1_1 - INFO - user class dict total [33, 75, 5, 48, 87, 98, 23, 69, 62, 7]
2025-11-13 21:30:11 - 8_0.1_1 - INFO - idx: 3, output_dict_len: 350
2025-11-13 21:30:11 - 8_0.1_1 - INFO - user class dict total [17, 18, 60, 34, 11, 58, 86, 13, 41, 30]
2025-11-13 21:30:11 - 8_0.1_1 - INFO - idx: 4, output_dict_len: 302
2025-11-13 21:30:11 - 8_0.1_1 - INFO - user class dict total [24, 71, 56, 76, 37, 6, 53, 79, 97, 39]
2025-11-13 21:30:11 - 8_0.1_1 - INFO - idx: 5, output_dict_len: 433
2025-11-13 21:30:11 - 8_0.1_1 - INFO - user class dict total [47, 65, 36, 91, 3, 63, 59, 9, 96, 64]
2025-11-13 21:30:11 - 8_0.1_1 - INFO - idx: 6, output_dict_len: 367
2025-11-13 21:30:11 - 8_0.1_1 - INFO - user class dict total [94, 88, 99, 61, 19, 25, 4, 16, 8, 46]
2025-11-13 21:30:11 - 8_0.1_1 - INFO - idx: 7, output_dict_len: 387
2025-11-13 21:30:11 - 8_0.1_1 - INFO - user class dict total [26, 2, 93, 85, 29, 22, 100, 67, 68, 38]
2025-11-13 21:30:11 - 8_0.1_1 - INFO - idx: 8, output_dict_len: 341
2025-11-13 21:30:11 - 8_0.1_1 - INFO - user class dict total [83, 15, 12, 81, 43, 73, 78, 40, 101, 57, 89, 49]
2025-11-13 21:30:11 - 8_0.1_1 - INFO - idx: 9, output_dict_len: 527
2025-11-13 21:30:11 - 8_0.1_1 - INFO - Creating a baseline federated dataset
2025-11-13 21:30:11 - 8_0.1_1 - INFO - class_num 102
2025-11-13 21:30:11 - 8_0.1_1 - INFO - user class dict total [90, 54, 31, 35, 55, 72, 92, 42, 95, 84]
2025-11-13 21:30:11 - 8_0.1_1 - INFO - idx: 0, output_dict_len: 269
2025-11-13 21:30:11 - 8_0.1_1 - INFO - user class dict total [74, 0, 1, 80, 27, 20, 77, 50, 66, 45]
2025-11-13 21:30:11 - 8_0.1_1 - INFO - idx: 1, output_dict_len: 339
2025-11-13 21:30:11 - 8_0.1_1 - INFO - user class dict total [44, 82, 14, 32, 52, 70, 28, 51, 10, 21]
2025-11-13 21:30:11 - 8_0.1_1 - INFO - idx: 2, output_dict_len: 223
2025-11-13 21:30:11 - 8_0.1_1 - INFO - user class dict total [33, 75, 5, 48, 87, 98, 23, 69, 62, 7]
2025-11-13 21:30:11 - 8_0.1_1 - INFO - idx: 3, output_dict_len: 211
2025-11-13 21:30:11 - 8_0.1_1 - INFO - user class dict total [17, 18, 60, 34, 11, 58, 86, 13, 41, 30]
2025-11-13 21:30:11 - 8_0.1_1 - INFO - idx: 4, output_dict_len: 178
2025-11-13 21:30:11 - 8_0.1_1 - INFO - user class dict total [24, 71, 56, 76, 37, 6, 53, 79, 97, 39]
2025-11-13 21:30:11 - 8_0.1_1 - INFO - idx: 5, output_dict_len: 262
2025-11-13 21:30:11 - 8_0.1_1 - INFO - user class dict total [47, 65, 36, 91, 3, 63, 59, 9, 96, 64]
2025-11-13 21:30:11 - 8_0.1_1 - INFO - idx: 6, output_dict_len: 223
2025-11-13 21:30:11 - 8_0.1_1 - INFO - user class dict total [94, 88, 99, 61, 19, 25, 4, 16, 8, 46]
2025-11-13 21:30:11 - 8_0.1_1 - INFO - idx: 7, output_dict_len: 234
2025-11-13 21:30:11 - 8_0.1_1 - INFO - user class dict total [26, 2, 93, 85, 29, 22, 100, 67, 68, 38]
2025-11-13 21:30:11 - 8_0.1_1 - INFO - idx: 8, output_dict_len: 205
2025-11-13 21:30:11 - 8_0.1_1 - INFO - user class dict total [83, 15, 12, 81, 43, 73, 78, 40, 101, 57, 89, 49]
2025-11-13 21:30:11 - 8_0.1_1 - INFO - idx: 9, output_dict_len: 319
2025-11-13 21:30:11 - 8_0.1_1 - INFO - Loading CLIP (backbone: ViT-B/16)
2025-11-13 21:30:13 - 8_0.1_1 - INFO - Building custom CLIP
2025-11-13 21:30:13 - 8_0.1_1 - INFO - Turning off gradients in both the image and the text encoder
2025-11-13 21:30:42 - 8_0.1_1 - INFO - [Epoch 1/30] 训练耗时: 29.24s | 平均训练准确率: 0.83
2025-11-13 21:31:10 - 8_0.1_1 - INFO - [Epoch 2/30] 训练耗时: 28.14s | 平均训练准确率: 0.62
2025-11-13 21:31:38 - 8_0.1_1 - INFO - [Epoch 3/30] 训练耗时: 28.19s | 平均训练准确率: 0.52
2025-11-13 21:32:07 - 8_0.1_1 - INFO - [Epoch 4/30] 训练耗时: 28.25s | 平均训练准确率: 1.35
2025-11-13 21:32:35 - 8_0.1_1 - INFO - [Epoch 5/30] 训练耗时: 28.06s | 平均训练准确率: 0.87
2025-11-13 21:33:03 - 8_0.1_1 - INFO - [Epoch 6/30] 训练耗时: 27.93s | 平均训练准确率: 0.90
2025-11-13 21:33:30 - 8_0.1_1 - INFO - [Epoch 7/30] 训练耗时: 27.12s | 平均训练准确率: 2.08
2025-11-13 21:33:58 - 8_0.1_1 - INFO - [Epoch 8/30] 训练耗时: 27.99s | 平均训练准确率: 0.94
2025-11-13 21:34:26 - 8_0.1_1 - INFO - [Epoch 9/30] 训练耗时: 28.13s | 平均训练准确率: 1.70
2025-11-13 21:34:54 - 8_0.1_1 - INFO - [Epoch 10/30] 训练耗时: 28.19s | 平均训练准确率: 0.66
2025-11-13 21:35:22 - 8_0.1_1 - INFO - [Epoch 11/30] 训练耗时: 27.99s | 平均训练准确率: 1.67
2025-11-13 21:35:50 - 8_0.1_1 - INFO - [Epoch 12/30] 训练耗时: 28.24s | 平均训练准确率: 1.18
2025-11-13 21:36:18 - 8_0.1_1 - INFO - [Epoch 13/30] 训练耗时: 28.16s | 平均训练准确率: 1.35
2025-11-13 21:36:47 - 8_0.1_1 - INFO - [Epoch 14/30] 训练耗时: 28.19s | 平均训练准确率: 1.98
2025-11-13 21:37:15 - 8_0.1_1 - INFO - [Epoch 15/30] 训练耗时: 28.21s | 平均训练准确率: 2.12
2025-11-13 21:37:43 - 8_0.1_1 - INFO - [Epoch 16/30] 训练耗时: 28.11s | 平均训练准确率: 0.24
2025-11-13 21:38:11 - 8_0.1_1 - INFO - [Epoch 17/30] 训练耗时: 28.17s | 平均训练准确率: 0.35
2025-11-13 21:38:39 - 8_0.1_1 - INFO - [Epoch 18/30] 训练耗时: 28.12s | 平均训练准确率: 0.03
2025-11-13 21:39:07 - 8_0.1_1 - INFO - [Epoch 19/30] 训练耗时: 27.89s | 平均训练准确率: 0.87
2025-11-13 21:39:34 - 8_0.1_1 - INFO - [Epoch 20/30] 训练耗时: 27.03s | 平均训练准确率: 2.15
2025-11-13 21:40:02 - 8_0.1_1 - INFO - [Epoch 21/30] 训练耗时: 27.95s | 平均训练准确率: 2.43
2025-11-13 21:40:30 - 8_0.1_1 - INFO - [Epoch 22/30] 训练耗时: 28.08s | 平均训练准确率: 0.90
2025-11-13 21:40:58 - 8_0.1_1 - INFO - [Epoch 23/30] 训练耗时: 28.09s | 平均训练准确率: 2.43
2025-11-13 21:41:26 - 8_0.1_1 - INFO - [Epoch 24/30] 训练耗时: 28.07s | 平均训练准确率: 2.81
2025-11-13 21:41:54 - 8_0.1_1 - INFO - [Epoch 25/30] 训练耗时: 28.09s | 平均训练准确率: 2.64
2025-11-13 21:42:22 - 8_0.1_1 - INFO - [Epoch 26/30] 训练耗时: 27.99s | 平均训练准确率: 1.32
2025-11-13 21:42:51 - 8_0.1_1 - INFO - [Epoch 27/30] 训练耗时: 28.12s | 平均训练准确率: 2.33
2025-11-13 21:43:18 - 8_0.1_1 - INFO - [Epoch 28/30] 训练耗时: 27.93s | 平均训练准确率: 1.81
2025-11-13 21:43:18 - 8_0.1_1 - INFO - ------------local test start-------------
2025-11-13 21:43:18 - 8_0.1_1 - INFO - Evaluate on the client0 local set
2025-11-13 21:43:21 - 8_0.1_1 - INFO - => result | total 269 | correct 2 | acc 0.74% | err 99.26% | macro_f1 0.82%
2025-11-13 21:43:21 - 8_0.1_1 - INFO - Evaluate on the client0 neighbor set
2025-11-13 21:43:39 - 8_0.1_1 - INFO - => result | total 2,194 | correct 28 | acc 1.28% | err 98.72% | macro_f1 0.29%
2025-11-13 21:43:39 - 8_0.1_1 - INFO - Evaluate on the client1 local set
2025-11-13 21:43:42 - 8_0.1_1 - INFO - => result | total 339 | correct 1 | acc 0.29% | err 99.71% | macro_f1 1.25%
2025-11-13 21:43:42 - 8_0.1_1 - INFO - Evaluate on the client1 neighbor set
2025-11-13 21:43:59 - 8_0.1_1 - INFO - => result | total 2,124 | correct 31 | acc 1.46% | err 98.54% | macro_f1 0.23%
2025-11-13 21:43:59 - 8_0.1_1 - INFO - Evaluate on the client2 local set
2025-11-13 21:44:01 - 8_0.1_1 - INFO - => result | total 223 | correct 0 | acc 0.00% | err 100.00% | macro_f1 0.00%
2025-11-13 21:44:01 - 8_0.1_1 - INFO - Evaluate on the client2 neighbor set
2025-11-13 21:44:19 - 8_0.1_1 - INFO - => result | total 2,240 | correct 32 | acc 1.43% | err 98.57% | macro_f1 0.32%
2025-11-13 21:44:19 - 8_0.1_1 - INFO - Evaluate on the client3 local set
2025-11-13 21:44:21 - 8_0.1_1 - INFO - => result | total 211 | correct 0 | acc 0.00% | err 100.00% | macro_f1 0.00%
2025-11-13 21:44:21 - 8_0.1_1 - INFO - Evaluate on the client3 neighbor set
2025-11-13 21:44:39 - 8_0.1_1 - INFO - => result | total 2,252 | correct 31 | acc 1.38% | err 98.62% | macro_f1 0.33%
2025-11-13 21:44:39 - 8_0.1_1 - INFO - Evaluate on the client4 local set
2025-11-13 21:44:41 - 8_0.1_1 - INFO - => result | total 178 | correct 20 | acc 11.24% | err 88.76% | macro_f1 3.70%
2025-11-13 21:44:41 - 8_0.1_1 - INFO - Evaluate on the client4 neighbor set
2025-11-13 21:44:59 - 8_0.1_1 - INFO - => result | total 2,285 | correct 14 | acc 0.61% | err 99.39% | macro_f1 0.31%
2025-11-13 21:44:59 - 8_0.1_1 - INFO - Evaluate on the client5 local set
2025-11-13 21:45:01 - 8_0.1_1 - INFO - => result | total 262 | correct 5 | acc 1.91% | err 98.09% | macro_f1 0.99%
2025-11-13 21:45:01 - 8_0.1_1 - INFO - Evaluate on the client5 neighbor set
2025-11-13 21:45:19 - 8_0.1_1 - INFO - => result | total 2,201 | correct 29 | acc 1.32% | err 98.68% | macro_f1 0.31%
2025-11-13 21:45:19 - 8_0.1_1 - INFO - Evaluate on the client6 local set
2025-11-13 21:45:21 - 8_0.1_1 - INFO - => result | total 223 | correct 1 | acc 0.45% | err 99.55% | macro_f1 0.43%
2025-11-13 21:45:21 - 8_0.1_1 - INFO - Evaluate on the client6 neighbor set
2025-11-13 21:45:39 - 8_0.1_1 - INFO - => result | total 2,240 | correct 33 | acc 1.47% | err 98.53% | macro_f1 0.35%
2025-11-13 21:45:39 - 8_0.1_1 - INFO - Evaluate on the client7 local set
2025-11-13 21:45:41 - 8_0.1_1 - INFO - => result | total 234 | correct 0 | acc 0.00% | err 100.00% | macro_f1 0.00%
2025-11-13 21:45:41 - 8_0.1_1 - INFO - Evaluate on the client7 neighbor set
2025-11-13 21:45:59 - 8_0.1_1 - INFO - => result | total 2,229 | correct 35 | acc 1.57% | err 98.43% | macro_f1 0.37%
2025-11-13 21:45:59 - 8_0.1_1 - INFO - Evaluate on the client8 local set
2025-11-13 21:46:01 - 8_0.1_1 - INFO - => result | total 205 | correct 2 | acc 0.98% | err 99.02% | macro_f1 1.18%
2025-11-13 21:46:01 - 8_0.1_1 - INFO - Evaluate on the client8 neighbor set
2025-11-13 21:46:20 - 8_0.1_1 - INFO - => result | total 2,258 | correct 35 | acc 1.55% | err 98.45% | macro_f1 0.32%
2025-11-13 21:46:20 - 8_0.1_1 - INFO - Evaluate on the client9 local set
2025-11-13 21:46:22 - 8_0.1_1 - INFO - => result | total 319 | correct 1 | acc 0.31% | err 99.69% | macro_f1 0.32%
2025-11-13 21:46:22 - 8_0.1_1 - INFO - Evaluate on the client9 neighbor set
2025-11-13 21:46:40 - 8_0.1_1 - INFO - => result | total 2,144 | correct 35 | acc 1.63% | err 98.37% | macro_f1 0.37%
2025-11-13 21:46:40 - 8_0.1_1 - INFO - Global test local acc: 1.59
2025-11-13 21:46:40 - 8_0.1_1 - INFO - Global test neighbor acc: 1.37
2025-11-13 21:46:40 - 8_0.1_1 - INFO - ------------local test finish-------------
2025-11-13 21:46:40 - 8_0.1_1 - INFO - [Epoch 28/30] 测试耗时: 201.28s
2025-11-13 21:47:05 - 8_0.1_1 - INFO - [Epoch 29/30] 训练耗时: 25.16s | 平均训练准确率: 1.49
2025-11-13 21:47:05 - 8_0.1_1 - INFO - ------------local test start-------------
2025-11-13 21:47:05 - 8_0.1_1 - INFO - Evaluate on the client0 local set
2025-11-13 21:47:07 - 8_0.1_1 - INFO - => result | total 269 | correct 8 | acc 2.97% | err 97.03% | macro_f1 2.13%
2025-11-13 21:47:07 - 8_0.1_1 - INFO - Evaluate on the client0 neighbor set
2025-11-13 21:47:25 - 8_0.1_1 - INFO - => result | total 2,194 | correct 26 | acc 1.19% | err 98.81% | macro_f1 0.32%
2025-11-13 21:47:25 - 8_0.1_1 - INFO - Evaluate on the client1 local set
2025-11-13 21:47:28 - 8_0.1_1 - INFO - => result | total 339 | correct 0 | acc 0.00% | err 100.00% | macro_f1 0.00%
2025-11-13 21:47:28 - 8_0.1_1 - INFO - Evaluate on the client1 neighbor set
2025-11-13 21:47:45 - 8_0.1_1 - INFO - => result | total 2,124 | correct 36 | acc 1.69% | err 98.31% | macro_f1 0.38%
2025-11-13 21:47:45 - 8_0.1_1 - INFO - Evaluate on the client2 local set
2025-11-13 21:47:47 - 8_0.1_1 - INFO - => result | total 223 | correct 0 | acc 0.00% | err 100.00% | macro_f1 0.00%
2025-11-13 21:47:47 - 8_0.1_1 - INFO - Evaluate on the client2 neighbor set
2025-11-13 21:48:05 - 8_0.1_1 - INFO - => result | total 2,240 | correct 35 | acc 1.56% | err 98.44% | macro_f1 0.37%
2025-11-13 21:48:05 - 8_0.1_1 - INFO - Evaluate on the client3 local set
2025-11-13 21:48:07 - 8_0.1_1 - INFO - => result | total 211 | correct 0 | acc 0.00% | err 100.00% | macro_f1 0.00%
2025-11-13 21:48:07 - 8_0.1_1 - INFO - Evaluate on the client3 neighbor set
2025-11-13 21:48:25 - 8_0.1_1 - INFO - => result | total 2,252 | correct 35 | acc 1.55% | err 98.45% | macro_f1 0.37%
2025-11-13 21:48:25 - 8_0.1_1 - INFO - Evaluate on the client4 local set
2025-11-13 21:48:27 - 8_0.1_1 - INFO - => result | total 178 | correct 16 | acc 8.99% | err 91.01% | macro_f1 4.85%
2025-11-13 21:48:27 - 8_0.1_1 - INFO - Evaluate on the client4 neighbor set
2025-11-13 21:48:45 - 8_0.1_1 - INFO - => result | total 2,285 | correct 20 | acc 0.88% | err 99.12% | macro_f1 0.26%
2025-11-13 21:48:45 - 8_0.1_1 - INFO - Evaluate on the client5 local set
2025-11-13 21:48:47 - 8_0.1_1 - INFO - => result | total 262 | correct 2 | acc 0.76% | err 99.24% | macro_f1 0.43%
2025-11-13 21:48:47 - 8_0.1_1 - INFO - Evaluate on the client5 neighbor set
2025-11-13 21:49:05 - 8_0.1_1 - INFO - => result | total 2,201 | correct 35 | acc 1.59% | err 98.41% | macro_f1 0.37%
2025-11-13 21:49:05 - 8_0.1_1 - INFO - Evaluate on the client6 local set
2025-11-13 21:49:07 - 8_0.1_1 - INFO - => result | total 223 | correct 1 | acc 0.45% | err 99.55% | macro_f1 0.80%
2025-11-13 21:49:07 - 8_0.1_1 - INFO - Evaluate on the client6 neighbor set
2025-11-13 21:49:25 - 8_0.1_1 - INFO - => result | total 2,240 | correct 36 | acc 1.61% | err 98.39% | macro_f1 0.37%
2025-11-13 21:49:25 - 8_0.1_1 - INFO - Evaluate on the client7 local set
2025-11-13 21:49:27 - 8_0.1_1 - INFO - => result | total 234 | correct 0 | acc 0.00% | err 100.00% | macro_f1 0.00%
2025-11-13 21:49:27 - 8_0.1_1 - INFO - Evaluate on the client7 neighbor set
2025-11-13 21:49:45 - 8_0.1_1 - INFO - => result | total 2,229 | correct 37 | acc 1.66% | err 98.34% | macro_f1 0.39%
2025-11-13 21:49:45 - 8_0.1_1 - INFO - Evaluate on the client8 local set
2025-11-13 21:49:46 - 8_0.1_1 - INFO - => result | total 205 | correct 0 | acc 0.00% | err 100.00% | macro_f1 0.00%
2025-11-13 21:49:46 - 8_0.1_1 - INFO - Evaluate on the client8 neighbor set
2025-11-13 21:50:04 - 8_0.1_1 - INFO - => result | total 2,258 | correct 37 | acc 1.64% | err 98.36% | macro_f1 0.39%
2025-11-13 21:50:04 - 8_0.1_1 - INFO - Evaluate on the client9 local set
2025-11-13 21:50:07 - 8_0.1_1 - INFO - => result | total 319 | correct 7 | acc 2.19% | err 97.81% | macro_f1 2.01%
2025-11-13 21:50:07 - 8_0.1_1 - INFO - Evaluate on the client9 neighbor set
2025-11-13 21:50:25 - 8_0.1_1 - INFO - => result | total 2,144 | correct 30 | acc 1.40% | err 98.60% | macro_f1 0.22%
2025-11-13 21:50:25 - 8_0.1_1 - INFO - Global test local acc: 1.54
2025-11-13 21:50:25 - 8_0.1_1 - INFO - Global test neighbor acc: 1.48
2025-11-13 21:50:25 - 8_0.1_1 - INFO - ------------local test finish-------------
2025-11-13 21:50:25 - 8_0.1_1 - INFO - [Epoch 29/30] 测试耗时: 199.79s
2025-11-13 21:50:50 - 8_0.1_1 - INFO - [Epoch 30/30] 训练耗时: 25.25s | 平均训练准确率: 1.32
2025-11-13 21:50:50 - 8_0.1_1 - INFO - ------------local test start-------------
2025-11-13 21:50:50 - 8_0.1_1 - INFO - Evaluate on the client0 local set
2025-11-13 21:50:52 - 8_0.1_1 - INFO - => result | total 269 | correct 2 | acc 0.74% | err 99.26% | macro_f1 1.43%
2025-11-13 21:50:52 - 8_0.1_1 - INFO - Evaluate on the client0 neighbor set
2025-11-13 21:51:10 - 8_0.1_1 - INFO - => result | total 2,194 | correct 38 | acc 1.73% | err 98.27% | macro_f1 0.19%
2025-11-13 21:51:10 - 8_0.1_1 - INFO - Evaluate on the client1 local set
2025-11-13 21:51:13 - 8_0.1_1 - INFO - => result | total 339 | correct 0 | acc 0.00% | err 100.00% | macro_f1 0.00%
2025-11-13 21:51:13 - 8_0.1_1 - INFO - Evaluate on the client1 neighbor set
2025-11-13 21:51:31 - 8_0.1_1 - INFO - => result | total 2,124 | correct 40 | acc 1.88% | err 98.12% | macro_f1 0.25%
2025-11-13 21:51:31 - 8_0.1_1 - INFO - Evaluate on the client2 local set
2025-11-13 21:51:33 - 8_0.1_1 - INFO - => result | total 223 | correct 0 | acc 0.00% | err 100.00% | macro_f1 0.00%
2025-11-13 21:51:33 - 8_0.1_1 - INFO - Evaluate on the client2 neighbor set
2025-11-13 21:51:52 - 8_0.1_1 - INFO - => result | total 2,240 | correct 39 | acc 1.74% | err 98.26% | macro_f1 0.29%
2025-11-13 21:51:52 - 8_0.1_1 - INFO - Evaluate on the client3 local set
2025-11-13 21:51:53 - 8_0.1_1 - INFO - => result | total 211 | correct 0 | acc 0.00% | err 100.00% | macro_f1 0.00%
2025-11-13 21:51:53 - 8_0.1_1 - INFO - Evaluate on the client3 neighbor set
2025-11-13 21:52:11 - 8_0.1_1 - INFO - => result | total 2,252 | correct 38 | acc 1.69% | err 98.31% | macro_f1 0.27%
2025-11-13 21:52:11 - 8_0.1_1 - INFO - Evaluate on the client4 local set
2025-11-13 21:52:13 - 8_0.1_1 - INFO - => result | total 178 | correct 20 | acc 11.24% | err 88.76% | macro_f1 3.31%
2025-11-13 21:52:13 - 8_0.1_1 - INFO - Evaluate on the client4 neighbor set
2025-11-13 21:52:31 - 8_0.1_1 - INFO - => result | total 2,285 | correct 18 | acc 0.79% | err 99.21% | macro_f1 0.24%
2025-11-13 21:52:31 - 8_0.1_1 - INFO - Evaluate on the client5 local set
2025-11-13 21:52:33 - 8_0.1_1 - INFO - => result | total 262 | correct 12 | acc 4.58% | err 95.42% | macro_f1 2.26%
2025-11-13 21:52:33 - 8_0.1_1 - INFO - Evaluate on the client5 neighbor set
2025-11-13 21:52:51 - 8_0.1_1 - INFO - => result | total 2,201 | correct 26 | acc 1.18% | err 98.82% | macro_f1 0.14%
2025-11-13 21:52:51 - 8_0.1_1 - INFO - Evaluate on the client6 local set
2025-11-13 21:52:53 - 8_0.1_1 - INFO - => result | total 223 | correct 1 | acc 0.45% | err 99.55% | macro_f1 0.50%
2025-11-13 21:52:53 - 8_0.1_1 - INFO - Evaluate on the client6 neighbor set
2025-11-13 21:53:11 - 8_0.1_1 - INFO - => result | total 2,240 | correct 35 | acc 1.56% | err 98.44% | macro_f1 0.22%
2025-11-13 21:53:11 - 8_0.1_1 - INFO - Evaluate on the client7 local set
2025-11-13 21:53:13 - 8_0.1_1 - INFO - => result | total 234 | correct 0 | acc 0.00% | err 100.00% | macro_f1 0.00%
2025-11-13 21:53:13 - 8_0.1_1 - INFO - Evaluate on the client7 neighbor set
2025-11-13 21:53:31 - 8_0.1_1 - INFO - => result | total 2,229 | correct 36 | acc 1.62% | err 98.38% | macro_f1 0.23%
2025-11-13 21:53:31 - 8_0.1_1 - INFO - Evaluate on the client8 local set
2025-11-13 21:53:33 - 8_0.1_1 - INFO - => result | total 205 | correct 0 | acc 0.00% | err 100.00% | macro_f1 0.00%
2025-11-13 21:53:33 - 8_0.1_1 - INFO - Evaluate on the client8 neighbor set
2025-11-13 21:53:51 - 8_0.1_1 - INFO - => result | total 2,258 | correct 36 | acc 1.59% | err 98.41% | macro_f1 0.22%
2025-11-13 21:53:51 - 8_0.1_1 - INFO - Evaluate on the client9 local set
2025-11-13 21:53:54 - 8_0.1_1 - INFO - => result | total 319 | correct 0 | acc 0.00% | err 100.00% | macro_f1 0.00%
2025-11-13 21:53:54 - 8_0.1_1 - INFO - Evaluate on the client9 neighbor set
2025-11-13 21:54:11 - 8_0.1_1 - INFO - => result | total 2,144 | correct 36 | acc 1.68% | err 98.32% | macro_f1 0.22%
2025-11-13 21:54:11 - 8_0.1_1 - INFO - Global test local acc: 1.70
2025-11-13 21:54:11 - 8_0.1_1 - INFO - Global test neighbor acc: 1.55
2025-11-13 21:54:11 - 8_0.1_1 - INFO - ------------local test finish-------------
2025-11-13 21:54:11 - 8_0.1_1 - INFO - [Epoch 30/30] 测试耗时: 200.92s
2025-11-13 21:54:11 - 8_0.1_1 - INFO - maximum test local acc: 1.701
2025-11-13 21:54:11 - 8_0.1_1 - INFO - mean of local acc: 1.610
2025-11-13 21:54:11 - 8_0.1_1 - INFO - maximum test neighbor acc: 1.546
2025-11-13 21:54:11 - 8_0.1_1 - INFO - mean of neighbor acc: 1.464
