2025-11-16 02:13:05 - 8_0.4_1 - INFO - 日志文件已创建: logs/oxford_flowers/promptfl/8_0.4_1_20251116_021305.log
2025-11-16 02:13:05 - 8_0.4_1 - INFO - Loading trainer: DP_FPL
2025-11-16 02:13:05 - 8_0.4_1 - INFO - Loading dataset: OxfordFlowers
2025-11-16 02:13:05 - 8_0.4_1 - INFO - Reading split from /home/liuxin25/dataset/oxford_flowers/split_zhou_OxfordFlowers.json
2025-11-16 02:13:05 - 8_0.4_1 - INFO - Creating a baseline federated dataset
2025-11-16 02:13:05 - 8_0.4_1 - INFO - class_num 102
2025-11-16 02:13:05 - 8_0.4_1 - INFO - user class dict total [90, 54, 31, 35, 55, 72, 92, 42, 95, 84]
2025-11-16 02:13:05 - 8_0.4_1 - INFO - idx: 0, output_dict_len: 451
2025-11-16 02:13:05 - 8_0.4_1 - INFO - user class dict total [74, 0, 1, 80, 27, 20, 77, 50, 66, 45]
2025-11-16 02:13:05 - 8_0.4_1 - INFO - idx: 1, output_dict_len: 562
2025-11-16 02:13:05 - 8_0.4_1 - INFO - user class dict total [44, 82, 14, 32, 52, 70, 28, 51, 10, 21]
2025-11-16 02:13:05 - 8_0.4_1 - INFO - idx: 2, output_dict_len: 373
2025-11-16 02:13:05 - 8_0.4_1 - INFO - user class dict total [33, 75, 5, 48, 87, 98, 23, 69, 62, 7]
2025-11-16 02:13:05 - 8_0.4_1 - INFO - idx: 3, output_dict_len: 350
2025-11-16 02:13:05 - 8_0.4_1 - INFO - user class dict total [17, 18, 60, 34, 11, 58, 86, 13, 41, 30]
2025-11-16 02:13:05 - 8_0.4_1 - INFO - idx: 4, output_dict_len: 302
2025-11-16 02:13:05 - 8_0.4_1 - INFO - user class dict total [24, 71, 56, 76, 37, 6, 53, 79, 97, 39]
2025-11-16 02:13:05 - 8_0.4_1 - INFO - idx: 5, output_dict_len: 433
2025-11-16 02:13:05 - 8_0.4_1 - INFO - user class dict total [47, 65, 36, 91, 3, 63, 59, 9, 96, 64]
2025-11-16 02:13:05 - 8_0.4_1 - INFO - idx: 6, output_dict_len: 367
2025-11-16 02:13:05 - 8_0.4_1 - INFO - user class dict total [94, 88, 99, 61, 19, 25, 4, 16, 8, 46]
2025-11-16 02:13:05 - 8_0.4_1 - INFO - idx: 7, output_dict_len: 387
2025-11-16 02:13:05 - 8_0.4_1 - INFO - user class dict total [26, 2, 93, 85, 29, 22, 100, 67, 68, 38]
2025-11-16 02:13:05 - 8_0.4_1 - INFO - idx: 8, output_dict_len: 341
2025-11-16 02:13:05 - 8_0.4_1 - INFO - user class dict total [83, 15, 12, 81, 43, 73, 78, 40, 101, 57, 89, 49]
2025-11-16 02:13:05 - 8_0.4_1 - INFO - idx: 9, output_dict_len: 527
2025-11-16 02:13:05 - 8_0.4_1 - INFO - Creating a baseline federated dataset
2025-11-16 02:13:05 - 8_0.4_1 - INFO - class_num 102
2025-11-16 02:13:05 - 8_0.4_1 - INFO - user class dict total [90, 54, 31, 35, 55, 72, 92, 42, 95, 84]
2025-11-16 02:13:05 - 8_0.4_1 - INFO - idx: 0, output_dict_len: 269
2025-11-16 02:13:05 - 8_0.4_1 - INFO - user class dict total [74, 0, 1, 80, 27, 20, 77, 50, 66, 45]
2025-11-16 02:13:05 - 8_0.4_1 - INFO - idx: 1, output_dict_len: 339
2025-11-16 02:13:05 - 8_0.4_1 - INFO - user class dict total [44, 82, 14, 32, 52, 70, 28, 51, 10, 21]
2025-11-16 02:13:05 - 8_0.4_1 - INFO - idx: 2, output_dict_len: 223
2025-11-16 02:13:05 - 8_0.4_1 - INFO - user class dict total [33, 75, 5, 48, 87, 98, 23, 69, 62, 7]
2025-11-16 02:13:05 - 8_0.4_1 - INFO - idx: 3, output_dict_len: 211
2025-11-16 02:13:05 - 8_0.4_1 - INFO - user class dict total [17, 18, 60, 34, 11, 58, 86, 13, 41, 30]
2025-11-16 02:13:05 - 8_0.4_1 - INFO - idx: 4, output_dict_len: 178
2025-11-16 02:13:05 - 8_0.4_1 - INFO - user class dict total [24, 71, 56, 76, 37, 6, 53, 79, 97, 39]
2025-11-16 02:13:05 - 8_0.4_1 - INFO - idx: 5, output_dict_len: 262
2025-11-16 02:13:05 - 8_0.4_1 - INFO - user class dict total [47, 65, 36, 91, 3, 63, 59, 9, 96, 64]
2025-11-16 02:13:05 - 8_0.4_1 - INFO - idx: 6, output_dict_len: 223
2025-11-16 02:13:05 - 8_0.4_1 - INFO - user class dict total [94, 88, 99, 61, 19, 25, 4, 16, 8, 46]
2025-11-16 02:13:05 - 8_0.4_1 - INFO - idx: 7, output_dict_len: 234
2025-11-16 02:13:05 - 8_0.4_1 - INFO - user class dict total [26, 2, 93, 85, 29, 22, 100, 67, 68, 38]
2025-11-16 02:13:05 - 8_0.4_1 - INFO - idx: 8, output_dict_len: 205
2025-11-16 02:13:05 - 8_0.4_1 - INFO - user class dict total [83, 15, 12, 81, 43, 73, 78, 40, 101, 57, 89, 49]
2025-11-16 02:13:05 - 8_0.4_1 - INFO - idx: 9, output_dict_len: 319
2025-11-16 02:13:05 - 8_0.4_1 - INFO - Loading CLIP (backbone: ViT-B/16)
2025-11-16 02:13:07 - 8_0.4_1 - INFO - Building custom CLIP
2025-11-16 02:13:07 - 8_0.4_1 - INFO - Turning off gradients in both the image and the text encoder
2025-11-16 02:13:37 - 8_0.4_1 - INFO - [Epoch 1/30] 训练耗时: 29.17s | 平均训练准确率: 10.14
2025-11-16 02:14:05 - 8_0.4_1 - INFO - [Epoch 2/30] 训练耗时: 28.38s | 平均训练准确率: 54.76
2025-11-16 02:14:33 - 8_0.4_1 - INFO - [Epoch 3/30] 训练耗时: 28.35s | 平均训练准确率: 63.51
2025-11-16 02:15:02 - 8_0.4_1 - INFO - [Epoch 4/30] 训练耗时: 28.39s | 平均训练准确率: 63.16
2025-11-16 02:15:30 - 8_0.4_1 - INFO - [Epoch 5/30] 训练耗时: 28.39s | 平均训练准确率: 65.62
2025-11-16 02:15:58 - 8_0.4_1 - INFO - [Epoch 6/30] 训练耗时: 28.31s | 平均训练准确率: 63.99
2025-11-16 02:16:27 - 8_0.4_1 - INFO - [Epoch 7/30] 训练耗时: 28.36s | 平均训练准确率: 65.42
2025-11-16 02:16:55 - 8_0.4_1 - INFO - [Epoch 8/30] 训练耗时: 28.24s | 平均训练准确率: 65.35
2025-11-16 02:17:22 - 8_0.4_1 - INFO - [Epoch 9/30] 训练耗时: 26.73s | 平均训练准确率: 65.76
2025-11-16 02:17:50 - 8_0.4_1 - INFO - [Epoch 10/30] 训练耗时: 28.23s | 平均训练准确率: 66.39
2025-11-16 02:18:18 - 8_0.4_1 - INFO - [Epoch 11/30] 训练耗时: 28.14s | 平均训练准确率: 66.46
2025-11-16 02:18:45 - 8_0.4_1 - INFO - [Epoch 12/30] 训练耗时: 27.11s | 平均训练准确率: 65.03
2025-11-16 02:19:13 - 8_0.4_1 - INFO - [Epoch 13/30] 训练耗时: 28.12s | 平均训练准确率: 65.03
2025-11-16 02:19:41 - 8_0.4_1 - INFO - [Epoch 14/30] 训练耗时: 27.66s | 平均训练准确率: 65.76
2025-11-16 02:20:06 - 8_0.4_1 - INFO - [Epoch 15/30] 训练耗时: 25.23s | 平均训练准确率: 65.76
2025-11-16 02:20:32 - 8_0.4_1 - INFO - [Epoch 16/30] 训练耗时: 25.20s | 平均训练准确率: 67.12
2025-11-16 02:20:57 - 8_0.4_1 - INFO - [Epoch 17/30] 训练耗时: 25.19s | 平均训练准确率: 65.14
2025-11-16 02:21:22 - 8_0.4_1 - INFO - [Epoch 18/30] 训练耗时: 25.39s | 平均训练准确率: 66.70
2025-11-16 02:21:47 - 8_0.4_1 - INFO - [Epoch 19/30] 训练耗时: 25.25s | 平均训练准确率: 66.32
2025-11-16 02:22:13 - 8_0.4_1 - INFO - [Epoch 20/30] 训练耗时: 25.28s | 平均训练准确率: 67.85
2025-11-16 02:22:38 - 8_0.4_1 - INFO - [Epoch 21/30] 训练耗时: 25.33s | 平均训练准确率: 68.06
2025-11-16 02:23:03 - 8_0.4_1 - INFO - [Epoch 22/30] 训练耗时: 25.35s | 平均训练准确率: 66.98
2025-11-16 02:23:29 - 8_0.4_1 - INFO - [Epoch 23/30] 训练耗时: 25.23s | 平均训练准确率: 67.67
2025-11-16 02:23:54 - 8_0.4_1 - INFO - [Epoch 24/30] 训练耗时: 25.31s | 平均训练准确率: 67.74
2025-11-16 02:24:21 - 8_0.4_1 - INFO - [Epoch 25/30] 训练耗时: 27.34s | 平均训练准确率: 67.50
2025-11-16 02:24:49 - 8_0.4_1 - INFO - [Epoch 26/30] 训练耗时: 27.52s | 平均训练准确率: 68.23
2025-11-16 02:25:17 - 8_0.4_1 - INFO - [Epoch 27/30] 训练耗时: 28.00s | 平均训练准确率: 68.85
2025-11-16 02:25:45 - 8_0.4_1 - INFO - [Epoch 28/30] 训练耗时: 28.30s | 平均训练准确率: 68.40
2025-11-16 02:25:45 - 8_0.4_1 - INFO - ------------local test start-------------
2025-11-16 02:25:45 - 8_0.4_1 - INFO - Evaluate on the client0 local set
2025-11-16 02:25:48 - 8_0.4_1 - INFO - => result | total 269 | correct 136 | acc 50.56% | err 49.44% | macro_f1 48.89%
2025-11-16 02:25:48 - 8_0.4_1 - INFO - Evaluate on the client0 neighbor set
2025-11-16 02:26:06 - 8_0.4_1 - INFO - => result | total 2,194 | correct 1,639 | acc 74.70% | err 25.30% | macro_f1 68.26%
2025-11-16 02:26:06 - 8_0.4_1 - INFO - Evaluate on the client1 local set
2025-11-16 02:26:09 - 8_0.4_1 - INFO - => result | total 339 | correct 225 | acc 66.37% | err 33.63% | macro_f1 63.13%
2025-11-16 02:26:09 - 8_0.4_1 - INFO - Evaluate on the client1 neighbor set
2025-11-16 02:26:26 - 8_0.4_1 - INFO - => result | total 2,124 | correct 1,547 | acc 72.83% | err 27.17% | macro_f1 67.10%
2025-11-16 02:26:26 - 8_0.4_1 - INFO - Evaluate on the client2 local set
2025-11-16 02:26:28 - 8_0.4_1 - INFO - => result | total 223 | correct 166 | acc 74.44% | err 25.56% | macro_f1 71.75%
2025-11-16 02:26:28 - 8_0.4_1 - INFO - Evaluate on the client2 neighbor set
2025-11-16 02:26:47 - 8_0.4_1 - INFO - => result | total 2,240 | correct 1,603 | acc 71.56% | err 28.44% | macro_f1 65.14%
2025-11-16 02:26:47 - 8_0.4_1 - INFO - Evaluate on the client3 local set
2025-11-16 02:26:49 - 8_0.4_1 - INFO - => result | total 211 | correct 171 | acc 81.04% | err 18.96% | macro_f1 80.09%
2025-11-16 02:26:49 - 8_0.4_1 - INFO - Evaluate on the client3 neighbor set
2025-11-16 02:27:07 - 8_0.4_1 - INFO - => result | total 2,252 | correct 1,594 | acc 70.78% | err 29.22% | macro_f1 64.44%
2025-11-16 02:27:07 - 8_0.4_1 - INFO - Evaluate on the client4 local set
2025-11-16 02:27:09 - 8_0.4_1 - INFO - => result | total 178 | correct 131 | acc 73.60% | err 26.40% | macro_f1 82.81%
2025-11-16 02:27:09 - 8_0.4_1 - INFO - Evaluate on the client4 neighbor set
2025-11-16 02:27:28 - 8_0.4_1 - INFO - => result | total 2,285 | correct 1,632 | acc 71.42% | err 28.58% | macro_f1 64.32%
2025-11-16 02:27:28 - 8_0.4_1 - INFO - Evaluate on the client5 local set
2025-11-16 02:27:30 - 8_0.4_1 - INFO - => result | total 262 | correct 214 | acc 81.68% | err 18.32% | macro_f1 78.62%
2025-11-16 02:27:30 - 8_0.4_1 - INFO - Evaluate on the client5 neighbor set
2025-11-16 02:27:48 - 8_0.4_1 - INFO - => result | total 2,201 | correct 1,548 | acc 70.33% | err 29.67% | macro_f1 64.21%
2025-11-16 02:27:48 - 8_0.4_1 - INFO - Evaluate on the client6 local set
2025-11-16 02:27:50 - 8_0.4_1 - INFO - => result | total 223 | correct 136 | acc 60.99% | err 39.01% | macro_f1 71.29%
2025-11-16 02:27:50 - 8_0.4_1 - INFO - Evaluate on the client6 neighbor set
2025-11-16 02:28:09 - 8_0.4_1 - INFO - => result | total 2,240 | correct 1,628 | acc 72.68% | err 27.32% | macro_f1 65.61%
2025-11-16 02:28:09 - 8_0.4_1 - INFO - Evaluate on the client7 local set
2025-11-16 02:28:11 - 8_0.4_1 - INFO - => result | total 234 | correct 168 | acc 71.79% | err 28.21% | macro_f1 77.65%
2025-11-16 02:28:11 - 8_0.4_1 - INFO - Evaluate on the client7 neighbor set
2025-11-16 02:28:29 - 8_0.4_1 - INFO - => result | total 2,229 | correct 1,596 | acc 71.60% | err 28.40% | macro_f1 64.39%
2025-11-16 02:28:29 - 8_0.4_1 - INFO - Evaluate on the client8 local set
2025-11-16 02:28:31 - 8_0.4_1 - INFO - => result | total 205 | correct 138 | acc 67.32% | err 32.68% | macro_f1 65.45%
2025-11-16 02:28:31 - 8_0.4_1 - INFO - Evaluate on the client8 neighbor set
2025-11-16 02:28:49 - 8_0.4_1 - INFO - => result | total 2,258 | correct 1,625 | acc 71.97% | err 28.03% | macro_f1 65.92%
2025-11-16 02:28:49 - 8_0.4_1 - INFO - Evaluate on the client9 local set
2025-11-16 02:28:52 - 8_0.4_1 - INFO - => result | total 319 | correct 279 | acc 87.46% | err 12.54% | macro_f1 82.39%
2025-11-16 02:28:52 - 8_0.4_1 - INFO - Evaluate on the client9 neighbor set
2025-11-16 02:29:09 - 8_0.4_1 - INFO - => result | total 2,144 | correct 1,484 | acc 69.22% | err 30.78% | macro_f1 63.81%
2025-11-16 02:29:09 - 8_0.4_1 - INFO - Global test local acc: 71.52
2025-11-16 02:29:09 - 8_0.4_1 - INFO - Global test neighbor acc: 71.71
2025-11-16 02:29:09 - 8_0.4_1 - INFO - ------------local test finish-------------
2025-11-16 02:29:09 - 8_0.4_1 - INFO - [Epoch 28/30] 测试耗时: 204.47s
2025-11-16 02:29:35 - 8_0.4_1 - INFO - [Epoch 29/30] 训练耗时: 25.20s | 平均训练准确率: 68.58
2025-11-16 02:29:35 - 8_0.4_1 - INFO - ------------local test start-------------
2025-11-16 02:29:35 - 8_0.4_1 - INFO - Evaluate on the client0 local set
2025-11-16 02:29:37 - 8_0.4_1 - INFO - => result | total 269 | correct 138 | acc 51.30% | err 48.70% | macro_f1 49.52%
2025-11-16 02:29:37 - 8_0.4_1 - INFO - Evaluate on the client0 neighbor set
2025-11-16 02:29:55 - 8_0.4_1 - INFO - => result | total 2,194 | correct 1,631 | acc 74.34% | err 25.66% | macro_f1 67.65%
2025-11-16 02:29:55 - 8_0.4_1 - INFO - Evaluate on the client1 local set
2025-11-16 02:29:58 - 8_0.4_1 - INFO - => result | total 339 | correct 217 | acc 64.01% | err 35.99% | macro_f1 60.97%
2025-11-16 02:29:58 - 8_0.4_1 - INFO - Evaluate on the client1 neighbor set
2025-11-16 02:30:15 - 8_0.4_1 - INFO - => result | total 2,124 | correct 1,552 | acc 73.07% | err 26.93% | macro_f1 67.08%
2025-11-16 02:30:15 - 8_0.4_1 - INFO - Evaluate on the client2 local set
2025-11-16 02:30:17 - 8_0.4_1 - INFO - => result | total 223 | correct 166 | acc 74.44% | err 25.56% | macro_f1 71.50%
2025-11-16 02:30:17 - 8_0.4_1 - INFO - Evaluate on the client2 neighbor set
2025-11-16 02:30:35 - 8_0.4_1 - INFO - => result | total 2,240 | correct 1,604 | acc 71.61% | err 28.39% | macro_f1 64.88%
2025-11-16 02:30:35 - 8_0.4_1 - INFO - Evaluate on the client3 local set
2025-11-16 02:30:37 - 8_0.4_1 - INFO - => result | total 211 | correct 169 | acc 80.09% | err 19.91% | macro_f1 77.45%
2025-11-16 02:30:37 - 8_0.4_1 - INFO - Evaluate on the client3 neighbor set
2025-11-16 02:30:55 - 8_0.4_1 - INFO - => result | total 2,252 | correct 1,597 | acc 70.91% | err 29.09% | macro_f1 64.27%
2025-11-16 02:30:55 - 8_0.4_1 - INFO - Evaluate on the client4 local set
2025-11-16 02:30:57 - 8_0.4_1 - INFO - => result | total 178 | correct 130 | acc 73.03% | err 26.97% | macro_f1 83.04%
2025-11-16 02:30:57 - 8_0.4_1 - INFO - Evaluate on the client4 neighbor set
2025-11-16 02:31:15 - 8_0.4_1 - INFO - => result | total 2,285 | correct 1,632 | acc 71.42% | err 28.58% | macro_f1 63.74%
2025-11-16 02:31:15 - 8_0.4_1 - INFO - Evaluate on the client5 local set
2025-11-16 02:31:17 - 8_0.4_1 - INFO - => result | total 262 | correct 219 | acc 83.59% | err 16.41% | macro_f1 81.30%
2025-11-16 02:31:17 - 8_0.4_1 - INFO - Evaluate on the client5 neighbor set
2025-11-16 02:31:35 - 8_0.4_1 - INFO - => result | total 2,201 | correct 1,542 | acc 70.06% | err 29.94% | macro_f1 63.58%
2025-11-16 02:31:35 - 8_0.4_1 - INFO - Evaluate on the client6 local set
2025-11-16 02:31:37 - 8_0.4_1 - INFO - => result | total 223 | correct 134 | acc 60.09% | err 39.91% | macro_f1 69.57%
2025-11-16 02:31:37 - 8_0.4_1 - INFO - Evaluate on the client6 neighbor set
2025-11-16 02:31:55 - 8_0.4_1 - INFO - => result | total 2,240 | correct 1,626 | acc 72.59% | err 27.41% | macro_f1 65.06%
2025-11-16 02:31:55 - 8_0.4_1 - INFO - Evaluate on the client7 local set
2025-11-16 02:31:57 - 8_0.4_1 - INFO - => result | total 234 | correct 165 | acc 70.51% | err 29.49% | macro_f1 74.53%
2025-11-16 02:31:57 - 8_0.4_1 - INFO - Evaluate on the client7 neighbor set
2025-11-16 02:32:15 - 8_0.4_1 - INFO - => result | total 2,229 | correct 1,595 | acc 71.56% | err 28.44% | macro_f1 64.03%
2025-11-16 02:32:15 - 8_0.4_1 - INFO - Evaluate on the client8 local set
2025-11-16 02:32:17 - 8_0.4_1 - INFO - => result | total 205 | correct 142 | acc 69.27% | err 30.73% | macro_f1 67.44%
2025-11-16 02:32:17 - 8_0.4_1 - INFO - Evaluate on the client8 neighbor set
2025-11-16 02:32:35 - 8_0.4_1 - INFO - => result | total 2,258 | correct 1,617 | acc 71.61% | err 28.39% | macro_f1 64.90%
2025-11-16 02:32:35 - 8_0.4_1 - INFO - Evaluate on the client9 local set
2025-11-16 02:32:38 - 8_0.4_1 - INFO - => result | total 319 | correct 279 | acc 87.46% | err 12.54% | macro_f1 82.39%
2025-11-16 02:32:38 - 8_0.4_1 - INFO - Evaluate on the client9 neighbor set
2025-11-16 02:32:55 - 8_0.4_1 - INFO - => result | total 2,144 | correct 1,482 | acc 69.12% | err 30.88% | macro_f1 63.14%
2025-11-16 02:32:55 - 8_0.4_1 - INFO - Global test local acc: 71.38
2025-11-16 02:32:55 - 8_0.4_1 - INFO - Global test neighbor acc: 71.63
2025-11-16 02:32:55 - 8_0.4_1 - INFO - ------------local test finish-------------
2025-11-16 02:32:55 - 8_0.4_1 - INFO - [Epoch 29/30] 测试耗时: 200.76s
2025-11-16 02:33:21 - 8_0.4_1 - INFO - [Epoch 30/30] 训练耗时: 25.20s | 平均训练准确率: 67.60
2025-11-16 02:33:21 - 8_0.4_1 - INFO - ------------local test start-------------
2025-11-16 02:33:21 - 8_0.4_1 - INFO - Evaluate on the client0 local set
2025-11-16 02:33:23 - 8_0.4_1 - INFO - => result | total 269 | correct 142 | acc 52.79% | err 47.21% | macro_f1 51.78%
2025-11-16 02:33:23 - 8_0.4_1 - INFO - Evaluate on the client0 neighbor set
2025-11-16 02:33:41 - 8_0.4_1 - INFO - => result | total 2,194 | correct 1,605 | acc 73.15% | err 26.85% | macro_f1 66.13%
2025-11-16 02:33:41 - 8_0.4_1 - INFO - Evaluate on the client1 local set
2025-11-16 02:33:43 - 8_0.4_1 - INFO - => result | total 339 | correct 213 | acc 62.83% | err 37.17% | macro_f1 59.43%
2025-11-16 02:33:43 - 8_0.4_1 - INFO - Evaluate on the client1 neighbor set
2025-11-16 02:34:01 - 8_0.4_1 - INFO - => result | total 2,124 | correct 1,535 | acc 72.27% | err 27.73% | macro_f1 66.11%
2025-11-16 02:34:01 - 8_0.4_1 - INFO - Evaluate on the client2 local set
2025-11-16 02:34:03 - 8_0.4_1 - INFO - => result | total 223 | correct 167 | acc 74.89% | err 25.11% | macro_f1 70.83%
2025-11-16 02:34:03 - 8_0.4_1 - INFO - Evaluate on the client2 neighbor set
2025-11-16 02:34:22 - 8_0.4_1 - INFO - => result | total 2,240 | correct 1,582 | acc 70.62% | err 29.38% | macro_f1 64.09%
2025-11-16 02:34:22 - 8_0.4_1 - INFO - Evaluate on the client3 local set
2025-11-16 02:34:24 - 8_0.4_1 - INFO - => result | total 211 | correct 168 | acc 79.62% | err 20.38% | macro_f1 75.90%
2025-11-16 02:34:24 - 8_0.4_1 - INFO - Evaluate on the client3 neighbor set
2025-11-16 02:34:43 - 8_0.4_1 - INFO - => result | total 2,252 | correct 1,579 | acc 70.12% | err 29.88% | macro_f1 63.57%
2025-11-16 02:34:43 - 8_0.4_1 - INFO - Evaluate on the client4 local set
2025-11-16 02:34:44 - 8_0.4_1 - INFO - => result | total 178 | correct 131 | acc 73.60% | err 26.40% | macro_f1 83.64%
2025-11-16 02:34:44 - 8_0.4_1 - INFO - Evaluate on the client4 neighbor set
2025-11-16 02:35:03 - 8_0.4_1 - INFO - => result | total 2,285 | correct 1,617 | acc 70.77% | err 29.23% | macro_f1 63.37%
2025-11-16 02:35:03 - 8_0.4_1 - INFO - Evaluate on the client5 local set
2025-11-16 02:35:05 - 8_0.4_1 - INFO - => result | total 262 | correct 217 | acc 82.82% | err 17.18% | macro_f1 80.72%
2025-11-16 02:35:05 - 8_0.4_1 - INFO - Evaluate on the client5 neighbor set
2025-11-16 02:35:23 - 8_0.4_1 - INFO - => result | total 2,201 | correct 1,531 | acc 69.56% | err 30.44% | macro_f1 63.33%
2025-11-16 02:35:23 - 8_0.4_1 - INFO - Evaluate on the client6 local set
2025-11-16 02:35:25 - 8_0.4_1 - INFO - => result | total 223 | correct 121 | acc 54.26% | err 45.74% | macro_f1 63.78%
2025-11-16 02:35:25 - 8_0.4_1 - INFO - Evaluate on the client6 neighbor set
2025-11-16 02:35:43 - 8_0.4_1 - INFO - => result | total 2,240 | correct 1,627 | acc 72.63% | err 27.37% | macro_f1 65.42%
2025-11-16 02:35:43 - 8_0.4_1 - INFO - Evaluate on the client7 local set
2025-11-16 02:35:45 - 8_0.4_1 - INFO - => result | total 234 | correct 167 | acc 71.37% | err 28.63% | macro_f1 75.45%
2025-11-16 02:35:45 - 8_0.4_1 - INFO - Evaluate on the client7 neighbor set
2025-11-16 02:36:03 - 8_0.4_1 - INFO - => result | total 2,229 | correct 1,580 | acc 70.88% | err 29.12% | macro_f1 63.77%
2025-11-16 02:36:03 - 8_0.4_1 - INFO - Evaluate on the client8 local set
2025-11-16 02:36:05 - 8_0.4_1 - INFO - => result | total 205 | correct 146 | acc 71.22% | err 28.78% | macro_f1 68.47%
2025-11-16 02:36:05 - 8_0.4_1 - INFO - Evaluate on the client8 neighbor set
2025-11-16 02:36:23 - 8_0.4_1 - INFO - => result | total 2,258 | correct 1,601 | acc 70.90% | err 29.10% | macro_f1 64.51%
2025-11-16 02:36:23 - 8_0.4_1 - INFO - Evaluate on the client9 local set
2025-11-16 02:36:26 - 8_0.4_1 - INFO - => result | total 319 | correct 273 | acc 85.58% | err 14.42% | macro_f1 81.53%
2025-11-16 02:36:26 - 8_0.4_1 - INFO - Evaluate on the client9 neighbor set
2025-11-16 02:36:43 - 8_0.4_1 - INFO - => result | total 2,144 | correct 1,474 | acc 68.75% | err 31.25% | macro_f1 63.11%
2025-11-16 02:36:43 - 8_0.4_1 - INFO - Global test local acc: 70.90
2025-11-16 02:36:43 - 8_0.4_1 - INFO - Global test neighbor acc: 70.97
2025-11-16 02:36:43 - 8_0.4_1 - INFO - ------------local test finish-------------
2025-11-16 02:36:43 - 8_0.4_1 - INFO - [Epoch 30/30] 测试耗时: 202.84s
2025-11-16 02:36:43 - 8_0.4_1 - INFO - maximum test local acc: 71.525
2025-11-16 02:36:43 - 8_0.4_1 - INFO - mean of local acc: 71.267
2025-11-16 02:36:43 - 8_0.4_1 - INFO - maximum test neighbor acc: 71.710
2025-11-16 02:36:43 - 8_0.4_1 - INFO - mean of neighbor acc: 71.435
