2025-11-13 08:52:25 - 8_0.05_1 - INFO - 日志文件已创建: logs/oxford_flowers/promptfl/8_0.05_1_20251113_085225.log
2025-11-13 08:52:25 - 8_0.05_1 - INFO - Loading trainer: DP_FPL
2025-11-13 08:52:25 - 8_0.05_1 - INFO - Loading dataset: OxfordFlowers
2025-11-13 08:52:25 - 8_0.05_1 - INFO - Reading split from /home/liuxin25/dataset/oxford_flowers/split_zhou_OxfordFlowers.json
2025-11-13 08:52:25 - 8_0.05_1 - INFO - Creating a baseline federated dataset
2025-11-13 08:52:25 - 8_0.05_1 - INFO - class_num 102
2025-11-13 08:52:25 - 8_0.05_1 - INFO - user class dict total [90, 54, 31, 35, 55, 72, 92, 42, 95, 84]
2025-11-13 08:52:25 - 8_0.05_1 - INFO - idx: 0, output_dict_len: 451
2025-11-13 08:52:25 - 8_0.05_1 - INFO - user class dict total [74, 0, 1, 80, 27, 20, 77, 50, 66, 45]
2025-11-13 08:52:25 - 8_0.05_1 - INFO - idx: 1, output_dict_len: 562
2025-11-13 08:52:25 - 8_0.05_1 - INFO - user class dict total [44, 82, 14, 32, 52, 70, 28, 51, 10, 21]
2025-11-13 08:52:25 - 8_0.05_1 - INFO - idx: 2, output_dict_len: 373
2025-11-13 08:52:25 - 8_0.05_1 - INFO - user class dict total [33, 75, 5, 48, 87, 98, 23, 69, 62, 7]
2025-11-13 08:52:25 - 8_0.05_1 - INFO - idx: 3, output_dict_len: 350
2025-11-13 08:52:25 - 8_0.05_1 - INFO - user class dict total [17, 18, 60, 34, 11, 58, 86, 13, 41, 30]
2025-11-13 08:52:25 - 8_0.05_1 - INFO - idx: 4, output_dict_len: 302
2025-11-13 08:52:25 - 8_0.05_1 - INFO - user class dict total [24, 71, 56, 76, 37, 6, 53, 79, 97, 39]
2025-11-13 08:52:25 - 8_0.05_1 - INFO - idx: 5, output_dict_len: 433
2025-11-13 08:52:25 - 8_0.05_1 - INFO - user class dict total [47, 65, 36, 91, 3, 63, 59, 9, 96, 64]
2025-11-13 08:52:25 - 8_0.05_1 - INFO - idx: 6, output_dict_len: 367
2025-11-13 08:52:25 - 8_0.05_1 - INFO - user class dict total [94, 88, 99, 61, 19, 25, 4, 16, 8, 46]
2025-11-13 08:52:25 - 8_0.05_1 - INFO - idx: 7, output_dict_len: 387
2025-11-13 08:52:25 - 8_0.05_1 - INFO - user class dict total [26, 2, 93, 85, 29, 22, 100, 67, 68, 38]
2025-11-13 08:52:25 - 8_0.05_1 - INFO - idx: 8, output_dict_len: 341
2025-11-13 08:52:25 - 8_0.05_1 - INFO - user class dict total [83, 15, 12, 81, 43, 73, 78, 40, 101, 57, 89, 49]
2025-11-13 08:52:25 - 8_0.05_1 - INFO - idx: 9, output_dict_len: 527
2025-11-13 08:52:25 - 8_0.05_1 - INFO - Creating a baseline federated dataset
2025-11-13 08:52:25 - 8_0.05_1 - INFO - class_num 102
2025-11-13 08:52:25 - 8_0.05_1 - INFO - user class dict total [90, 54, 31, 35, 55, 72, 92, 42, 95, 84]
2025-11-13 08:52:25 - 8_0.05_1 - INFO - idx: 0, output_dict_len: 269
2025-11-13 08:52:25 - 8_0.05_1 - INFO - user class dict total [74, 0, 1, 80, 27, 20, 77, 50, 66, 45]
2025-11-13 08:52:25 - 8_0.05_1 - INFO - idx: 1, output_dict_len: 339
2025-11-13 08:52:25 - 8_0.05_1 - INFO - user class dict total [44, 82, 14, 32, 52, 70, 28, 51, 10, 21]
2025-11-13 08:52:25 - 8_0.05_1 - INFO - idx: 2, output_dict_len: 223
2025-11-13 08:52:25 - 8_0.05_1 - INFO - user class dict total [33, 75, 5, 48, 87, 98, 23, 69, 62, 7]
2025-11-13 08:52:25 - 8_0.05_1 - INFO - idx: 3, output_dict_len: 211
2025-11-13 08:52:25 - 8_0.05_1 - INFO - user class dict total [17, 18, 60, 34, 11, 58, 86, 13, 41, 30]
2025-11-13 08:52:25 - 8_0.05_1 - INFO - idx: 4, output_dict_len: 178
2025-11-13 08:52:25 - 8_0.05_1 - INFO - user class dict total [24, 71, 56, 76, 37, 6, 53, 79, 97, 39]
2025-11-13 08:52:25 - 8_0.05_1 - INFO - idx: 5, output_dict_len: 262
2025-11-13 08:52:25 - 8_0.05_1 - INFO - user class dict total [47, 65, 36, 91, 3, 63, 59, 9, 96, 64]
2025-11-13 08:52:25 - 8_0.05_1 - INFO - idx: 6, output_dict_len: 223
2025-11-13 08:52:25 - 8_0.05_1 - INFO - user class dict total [94, 88, 99, 61, 19, 25, 4, 16, 8, 46]
2025-11-13 08:52:25 - 8_0.05_1 - INFO - idx: 7, output_dict_len: 234
2025-11-13 08:52:25 - 8_0.05_1 - INFO - user class dict total [26, 2, 93, 85, 29, 22, 100, 67, 68, 38]
2025-11-13 08:52:25 - 8_0.05_1 - INFO - idx: 8, output_dict_len: 205
2025-11-13 08:52:25 - 8_0.05_1 - INFO - user class dict total [83, 15, 12, 81, 43, 73, 78, 40, 101, 57, 89, 49]
2025-11-13 08:52:25 - 8_0.05_1 - INFO - idx: 9, output_dict_len: 319
2025-11-13 08:52:25 - 8_0.05_1 - INFO - Loading CLIP (backbone: ViT-B/16)
2025-11-13 08:52:28 - 8_0.05_1 - INFO - Building custom CLIP
2025-11-13 08:52:28 - 8_0.05_1 - INFO - Turning off gradients in both the image and the text encoder
2025-11-13 08:53:08 - 8_0.05_1 - INFO - [Epoch 1/30] 训练耗时: 39.90s | 平均训练准确率: 0.83
2025-11-13 08:53:47 - 8_0.05_1 - INFO - [Epoch 2/30] 训练耗时: 39.17s | 平均训练准确率: 0.62
2025-11-13 08:54:26 - 8_0.05_1 - INFO - [Epoch 3/30] 训练耗时: 38.67s | 平均训练准确率: 1.25
2025-11-13 08:55:03 - 8_0.05_1 - INFO - [Epoch 4/30] 训练耗时: 37.46s | 平均训练准确率: 0.62
2025-11-13 08:55:43 - 8_0.05_1 - INFO - [Epoch 5/30] 训练耗时: 39.17s | 平均训练准确率: 1.70
2025-11-13 08:56:22 - 8_0.05_1 - INFO - [Epoch 6/30] 训练耗时: 39.13s | 平均训练准确率: 1.63
2025-11-13 08:57:00 - 8_0.05_1 - INFO - [Epoch 7/30] 训练耗时: 38.31s | 平均训练准确率: 1.11
2025-11-13 08:57:39 - 8_0.05_1 - INFO - [Epoch 8/30] 训练耗时: 38.56s | 平均训练准确率: 1.35
2025-11-13 08:58:17 - 8_0.05_1 - INFO - [Epoch 9/30] 训练耗时: 38.45s | 平均训练准确率: 1.67
2025-11-13 08:58:55 - 8_0.05_1 - INFO - [Epoch 10/30] 训练耗时: 37.79s | 平均训练准确率: 1.49
2025-11-13 08:59:33 - 8_0.05_1 - INFO - [Epoch 11/30] 训练耗时: 38.52s | 平均训练准确率: 2.78
2025-11-13 09:00:12 - 8_0.05_1 - INFO - [Epoch 12/30] 训练耗时: 38.74s | 平均训练准确率: 3.85
2025-11-13 09:00:50 - 8_0.05_1 - INFO - [Epoch 13/30] 训练耗时: 37.52s | 平均训练准确率: 2.47
2025-11-13 09:01:29 - 8_0.05_1 - INFO - [Epoch 14/30] 训练耗时: 38.96s | 平均训练准确率: 4.27
2025-11-13 09:02:08 - 8_0.05_1 - INFO - [Epoch 15/30] 训练耗时: 38.93s | 平均训练准确率: 4.10
2025-11-13 09:02:42 - 8_0.05_1 - INFO - [Epoch 16/30] 训练耗时: 34.33s | 平均训练准确率: 3.37
2025-11-13 09:03:16 - 8_0.05_1 - INFO - [Epoch 17/30] 训练耗时: 34.28s | 平均训练准确率: 2.99
2025-11-13 09:03:52 - 8_0.05_1 - INFO - [Epoch 18/30] 训练耗时: 36.11s | 平均训练准确率: 2.71
2025-11-13 09:04:28 - 8_0.05_1 - INFO - [Epoch 19/30] 训练耗时: 35.88s | 平均训练准确率: 1.67
2025-11-13 09:05:04 - 8_0.05_1 - INFO - [Epoch 20/30] 训练耗时: 35.54s | 平均训练准确率: 1.01
2025-11-13 09:05:40 - 8_0.05_1 - INFO - [Epoch 21/30] 训练耗时: 36.07s | 平均训练准确率: 0.59
2025-11-13 09:06:16 - 8_0.05_1 - INFO - [Epoch 22/30] 训练耗时: 36.66s | 平均训练准确率: 1.46
2025-11-13 09:06:52 - 8_0.05_1 - INFO - [Epoch 23/30] 训练耗时: 35.76s | 平均训练准确率: 0.97
2025-11-13 09:07:28 - 8_0.05_1 - INFO - [Epoch 24/30] 训练耗时: 36.28s | 平均训练准确率: 1.74
2025-11-13 09:08:05 - 8_0.05_1 - INFO - [Epoch 25/30] 训练耗时: 36.10s | 平均训练准确率: 1.46
2025-11-13 09:08:40 - 8_0.05_1 - INFO - [Epoch 26/30] 训练耗时: 35.28s | 平均训练准确率: 1.46
2025-11-13 09:09:16 - 8_0.05_1 - INFO - [Epoch 27/30] 训练耗时: 36.04s | 平均训练准确率: 1.70
2025-11-13 09:09:52 - 8_0.05_1 - INFO - [Epoch 28/30] 训练耗时: 36.12s | 平均训练准确率: 0.76
2025-11-13 09:09:52 - 8_0.05_1 - INFO - ------------local test start-------------
2025-11-13 09:09:52 - 8_0.05_1 - INFO - Evaluate on the client0 local set
2025-11-13 09:09:55 - 8_0.05_1 - INFO - => result | total 269 | correct 1 | acc 0.37% | err 99.63% | macro_f1 0.83%
2025-11-13 09:09:55 - 8_0.05_1 - INFO - Evaluate on the client0 neighbor set
2025-11-13 09:10:19 - 8_0.05_1 - INFO - => result | total 2,194 | correct 16 | acc 0.73% | err 99.27% | macro_f1 0.15%
2025-11-13 09:10:19 - 8_0.05_1 - INFO - Evaluate on the client1 local set
2025-11-13 09:10:22 - 8_0.05_1 - INFO - => result | total 339 | correct 0 | acc 0.00% | err 100.00% | macro_f1 0.00%
2025-11-13 09:10:22 - 8_0.05_1 - INFO - Evaluate on the client1 neighbor set
2025-11-13 09:10:43 - 8_0.05_1 - INFO - => result | total 2,124 | correct 14 | acc 0.66% | err 99.34% | macro_f1 0.12%
2025-11-13 09:10:43 - 8_0.05_1 - INFO - Evaluate on the client2 local set
2025-11-13 09:10:46 - 8_0.05_1 - INFO - => result | total 223 | correct 1 | acc 0.45% | err 99.55% | macro_f1 0.74%
2025-11-13 09:10:46 - 8_0.05_1 - INFO - Evaluate on the client2 neighbor set
2025-11-13 09:11:10 - 8_0.05_1 - INFO - => result | total 2,240 | correct 10 | acc 0.45% | err 99.55% | macro_f1 0.05%
2025-11-13 09:11:10 - 8_0.05_1 - INFO - Evaluate on the client3 local set
2025-11-13 09:11:12 - 8_0.05_1 - INFO - => result | total 211 | correct 3 | acc 1.42% | err 98.58% | macro_f1 0.86%
2025-11-13 09:11:12 - 8_0.05_1 - INFO - Evaluate on the client3 neighbor set
2025-11-13 09:11:36 - 8_0.05_1 - INFO - => result | total 2,252 | correct 7 | acc 0.31% | err 99.69% | macro_f1 0.02%
2025-11-13 09:11:36 - 8_0.05_1 - INFO - Evaluate on the client4 local set
2025-11-13 09:11:38 - 8_0.05_1 - INFO - => result | total 178 | correct 5 | acc 2.81% | err 97.19% | macro_f1 1.39%
2025-11-13 09:11:38 - 8_0.05_1 - INFO - Evaluate on the client4 neighbor set
2025-11-13 09:12:02 - 8_0.05_1 - INFO - => result | total 2,285 | correct 6 | acc 0.26% | err 99.74% | macro_f1 0.10%
2025-11-13 09:12:02 - 8_0.05_1 - INFO - Evaluate on the client5 local set
2025-11-13 09:12:05 - 8_0.05_1 - INFO - => result | total 262 | correct 0 | acc 0.00% | err 100.00% | macro_f1 0.00%
2025-11-13 09:12:05 - 8_0.05_1 - INFO - Evaluate on the client5 neighbor set
2025-11-13 09:12:28 - 8_0.05_1 - INFO - => result | total 2,201 | correct 10 | acc 0.45% | err 99.55% | macro_f1 0.11%
2025-11-13 09:12:28 - 8_0.05_1 - INFO - Evaluate on the client6 local set
2025-11-13 09:12:31 - 8_0.05_1 - INFO - => result | total 223 | correct 0 | acc 0.00% | err 100.00% | macro_f1 0.00%
2025-11-13 09:12:31 - 8_0.05_1 - INFO - Evaluate on the client6 neighbor set
2025-11-13 09:12:55 - 8_0.05_1 - INFO - => result | total 2,240 | correct 10 | acc 0.45% | err 99.55% | macro_f1 0.11%
2025-11-13 09:12:55 - 8_0.05_1 - INFO - Evaluate on the client7 local set
2025-11-13 09:12:58 - 8_0.05_1 - INFO - => result | total 234 | correct 4 | acc 1.71% | err 98.29% | macro_f1 0.90%
2025-11-13 09:12:58 - 8_0.05_1 - INFO - Evaluate on the client7 neighbor set
2025-11-13 09:13:20 - 8_0.05_1 - INFO - => result | total 2,229 | correct 5 | acc 0.22% | err 99.78% | macro_f1 0.04%
2025-11-13 09:13:20 - 8_0.05_1 - INFO - Evaluate on the client8 local set
2025-11-13 09:13:23 - 8_0.05_1 - INFO - => result | total 205 | correct 0 | acc 0.00% | err 100.00% | macro_f1 0.00%
2025-11-13 09:13:23 - 8_0.05_1 - INFO - Evaluate on the client8 neighbor set
2025-11-13 09:13:47 - 8_0.05_1 - INFO - => result | total 2,258 | correct 9 | acc 0.40% | err 99.60% | macro_f1 0.05%
2025-11-13 09:13:47 - 8_0.05_1 - INFO - Evaluate on the client9 local set
2025-11-13 09:13:50 - 8_0.05_1 - INFO - => result | total 319 | correct 0 | acc 0.00% | err 100.00% | macro_f1 0.00%
2025-11-13 09:13:50 - 8_0.05_1 - INFO - Evaluate on the client9 neighbor set
2025-11-13 09:14:14 - 8_0.05_1 - INFO - => result | total 2,144 | correct 12 | acc 0.56% | err 99.44% | macro_f1 0.07%
2025-11-13 09:14:14 - 8_0.05_1 - INFO - Global test local acc: 0.68
2025-11-13 09:14:14 - 8_0.05_1 - INFO - Global test neighbor acc: 0.45
2025-11-13 09:14:14 - 8_0.05_1 - INFO - ------------local test finish-------------
2025-11-13 09:14:14 - 8_0.05_1 - INFO - [Epoch 28/30] 测试耗时: 262.01s
2025-11-13 09:14:51 - 8_0.05_1 - INFO - [Epoch 29/30] 训练耗时: 36.56s | 平均训练准确率: 1.39
2025-11-13 09:14:51 - 8_0.05_1 - INFO - ------------local test start-------------
2025-11-13 09:14:51 - 8_0.05_1 - INFO - Evaluate on the client0 local set
2025-11-13 09:14:53 - 8_0.05_1 - INFO - => result | total 269 | correct 0 | acc 0.00% | err 100.00% | macro_f1 0.00%
2025-11-13 09:14:53 - 8_0.05_1 - INFO - Evaluate on the client0 neighbor set
2025-11-13 09:15:17 - 8_0.05_1 - INFO - => result | total 2,194 | correct 39 | acc 1.78% | err 98.22% | macro_f1 0.34%
2025-11-13 09:15:17 - 8_0.05_1 - INFO - Evaluate on the client1 local set
2025-11-13 09:15:20 - 8_0.05_1 - INFO - => result | total 339 | correct 0 | acc 0.00% | err 100.00% | macro_f1 0.00%
2025-11-13 09:15:20 - 8_0.05_1 - INFO - Evaluate on the client1 neighbor set
2025-11-13 09:15:43 - 8_0.05_1 - INFO - => result | total 2,124 | correct 34 | acc 1.60% | err 98.40% | macro_f1 0.30%
2025-11-13 09:15:43 - 8_0.05_1 - INFO - Evaluate on the client2 local set
2025-11-13 09:15:46 - 8_0.05_1 - INFO - => result | total 223 | correct 0 | acc 0.00% | err 100.00% | macro_f1 0.00%
2025-11-13 09:15:46 - 8_0.05_1 - INFO - Evaluate on the client2 neighbor set
2025-11-13 09:16:10 - 8_0.05_1 - INFO - => result | total 2,240 | correct 34 | acc 1.52% | err 98.48% | macro_f1 0.27%
2025-11-13 09:16:10 - 8_0.05_1 - INFO - Evaluate on the client3 local set
2025-11-13 09:16:12 - 8_0.05_1 - INFO - => result | total 211 | correct 15 | acc 7.11% | err 92.89% | macro_f1 2.88%
2025-11-13 09:16:12 - 8_0.05_1 - INFO - Evaluate on the client3 neighbor set
2025-11-13 09:16:36 - 8_0.05_1 - INFO - => result | total 2,252 | correct 16 | acc 0.71% | err 99.29% | macro_f1 0.15%
2025-11-13 09:16:36 - 8_0.05_1 - INFO - Evaluate on the client4 local set
2025-11-13 09:16:38 - 8_0.05_1 - INFO - => result | total 178 | correct 2 | acc 1.12% | err 98.88% | macro_f1 0.61%
2025-11-13 09:16:38 - 8_0.05_1 - INFO - Evaluate on the client4 neighbor set
2025-11-13 09:17:03 - 8_0.05_1 - INFO - => result | total 2,285 | correct 28 | acc 1.23% | err 98.77% | macro_f1 0.21%
2025-11-13 09:17:03 - 8_0.05_1 - INFO - Evaluate on the client5 local set
2025-11-13 09:17:05 - 8_0.05_1 - INFO - => result | total 262 | correct 1 | acc 0.38% | err 99.62% | macro_f1 0.30%
2025-11-13 09:17:05 - 8_0.05_1 - INFO - Evaluate on the client5 neighbor set
2025-11-13 09:17:29 - 8_0.05_1 - INFO - => result | total 2,201 | correct 29 | acc 1.32% | err 98.68% | macro_f1 0.20%
2025-11-13 09:17:29 - 8_0.05_1 - INFO - Evaluate on the client6 local set
2025-11-13 09:17:32 - 8_0.05_1 - INFO - => result | total 223 | correct 0 | acc 0.00% | err 100.00% | macro_f1 0.00%
2025-11-13 09:17:32 - 8_0.05_1 - INFO - Evaluate on the client6 neighbor set
2025-11-13 09:17:54 - 8_0.05_1 - INFO - => result | total 2,240 | correct 30 | acc 1.34% | err 98.66% | macro_f1 0.18%
2025-11-13 09:17:54 - 8_0.05_1 - INFO - Evaluate on the client7 local set
2025-11-13 09:17:57 - 8_0.05_1 - INFO - => result | total 234 | correct 4 | acc 1.71% | err 98.29% | macro_f1 0.82%
2025-11-13 09:17:57 - 8_0.05_1 - INFO - Evaluate on the client7 neighbor set
2025-11-13 09:18:19 - 8_0.05_1 - INFO - => result | total 2,229 | correct 24 | acc 1.08% | err 98.92% | macro_f1 0.16%
2025-11-13 09:18:19 - 8_0.05_1 - INFO - Evaluate on the client8 local set
2025-11-13 09:18:22 - 8_0.05_1 - INFO - => result | total 205 | correct 7 | acc 3.41% | err 96.59% | macro_f1 3.41%
2025-11-13 09:18:22 - 8_0.05_1 - INFO - Evaluate on the client8 neighbor set
2025-11-13 09:18:46 - 8_0.05_1 - INFO - => result | total 2,258 | correct 20 | acc 0.89% | err 99.11% | macro_f1 0.09%
2025-11-13 09:18:46 - 8_0.05_1 - INFO - Evaluate on the client9 local set
2025-11-13 09:18:49 - 8_0.05_1 - INFO - => result | total 319 | correct 1 | acc 0.31% | err 99.69% | macro_f1 0.26%
2025-11-13 09:18:49 - 8_0.05_1 - INFO - Evaluate on the client9 neighbor set
2025-11-13 09:19:12 - 8_0.05_1 - INFO - => result | total 2,144 | correct 29 | acc 1.35% | err 98.65% | macro_f1 0.19%
2025-11-13 09:19:12 - 8_0.05_1 - INFO - Global test local acc: 1.41
2025-11-13 09:19:12 - 8_0.05_1 - INFO - Global test neighbor acc: 1.28
2025-11-13 09:19:12 - 8_0.05_1 - INFO - ------------local test finish-------------
2025-11-13 09:19:12 - 8_0.05_1 - INFO - [Epoch 29/30] 测试耗时: 261.04s
2025-11-13 09:19:47 - 8_0.05_1 - INFO - [Epoch 30/30] 训练耗时: 35.37s | 平均训练准确率: 1.84
2025-11-13 09:19:47 - 8_0.05_1 - INFO - ------------local test start-------------
2025-11-13 09:19:47 - 8_0.05_1 - INFO - Evaluate on the client0 local set
2025-11-13 09:19:50 - 8_0.05_1 - INFO - => result | total 269 | correct 0 | acc 0.00% | err 100.00% | macro_f1 0.00%
2025-11-13 09:19:50 - 8_0.05_1 - INFO - Evaluate on the client0 neighbor set
2025-11-13 09:20:13 - 8_0.05_1 - INFO - => result | total 2,194 | correct 28 | acc 1.28% | err 98.72% | macro_f1 0.29%
2025-11-13 09:20:13 - 8_0.05_1 - INFO - Evaluate on the client1 local set
2025-11-13 09:20:17 - 8_0.05_1 - INFO - => result | total 339 | correct 0 | acc 0.00% | err 100.00% | macro_f1 0.00%
2025-11-13 09:20:17 - 8_0.05_1 - INFO - Evaluate on the client1 neighbor set
2025-11-13 09:20:39 - 8_0.05_1 - INFO - => result | total 2,124 | correct 26 | acc 1.22% | err 98.78% | macro_f1 0.23%
2025-11-13 09:20:39 - 8_0.05_1 - INFO - Evaluate on the client2 local set
2025-11-13 09:20:41 - 8_0.05_1 - INFO - => result | total 223 | correct 0 | acc 0.00% | err 100.00% | macro_f1 0.00%
2025-11-13 09:20:41 - 8_0.05_1 - INFO - Evaluate on the client2 neighbor set
2025-11-13 09:21:05 - 8_0.05_1 - INFO - => result | total 2,240 | correct 24 | acc 1.07% | err 98.93% | macro_f1 0.18%
2025-11-13 09:21:05 - 8_0.05_1 - INFO - Evaluate on the client3 local set
2025-11-13 09:21:07 - 8_0.05_1 - INFO - => result | total 211 | correct 12 | acc 5.69% | err 94.31% | macro_f1 2.96%
2025-11-13 09:21:07 - 8_0.05_1 - INFO - Evaluate on the client3 neighbor set
2025-11-13 09:21:30 - 8_0.05_1 - INFO - => result | total 2,252 | correct 12 | acc 0.53% | err 99.47% | macro_f1 0.05%
2025-11-13 09:21:30 - 8_0.05_1 - INFO - Evaluate on the client4 local set
2025-11-13 09:21:32 - 8_0.05_1 - INFO - => result | total 178 | correct 0 | acc 0.00% | err 100.00% | macro_f1 0.00%
2025-11-13 09:21:32 - 8_0.05_1 - INFO - Evaluate on the client4 neighbor set
2025-11-13 09:21:55 - 8_0.05_1 - INFO - => result | total 2,285 | correct 24 | acc 1.05% | err 98.95% | macro_f1 0.19%
2025-11-13 09:21:55 - 8_0.05_1 - INFO - Evaluate on the client5 local set
2025-11-13 09:21:57 - 8_0.05_1 - INFO - => result | total 262 | correct 0 | acc 0.00% | err 100.00% | macro_f1 0.00%
2025-11-13 09:21:57 - 8_0.05_1 - INFO - Evaluate on the client5 neighbor set
2025-11-13 09:22:21 - 8_0.05_1 - INFO - => result | total 2,201 | correct 24 | acc 1.09% | err 98.91% | macro_f1 0.19%
2025-11-13 09:22:21 - 8_0.05_1 - INFO - Evaluate on the client6 local set
2025-11-13 09:22:24 - 8_0.05_1 - INFO - => result | total 223 | correct 0 | acc 0.00% | err 100.00% | macro_f1 0.00%
2025-11-13 09:22:24 - 8_0.05_1 - INFO - Evaluate on the client6 neighbor set
2025-11-13 09:22:48 - 8_0.05_1 - INFO - => result | total 2,240 | correct 23 | acc 1.03% | err 98.97% | macro_f1 0.16%
2025-11-13 09:22:48 - 8_0.05_1 - INFO - Evaluate on the client7 local set
2025-11-13 09:22:50 - 8_0.05_1 - INFO - => result | total 234 | correct 4 | acc 1.71% | err 98.29% | macro_f1 0.74%
2025-11-13 09:22:50 - 8_0.05_1 - INFO - Evaluate on the client7 neighbor set
2025-11-13 09:23:14 - 8_0.05_1 - INFO - => result | total 2,229 | correct 19 | acc 0.85% | err 99.15% | macro_f1 0.13%
2025-11-13 09:23:14 - 8_0.05_1 - INFO - Evaluate on the client8 local set
2025-11-13 09:23:17 - 8_0.05_1 - INFO - => result | total 205 | correct 9 | acc 4.39% | err 95.61% | macro_f1 2.28%
2025-11-13 09:23:17 - 8_0.05_1 - INFO - Evaluate on the client8 neighbor set
2025-11-13 09:23:40 - 8_0.05_1 - INFO - => result | total 2,258 | correct 12 | acc 0.53% | err 99.47% | macro_f1 0.04%
2025-11-13 09:23:40 - 8_0.05_1 - INFO - Evaluate on the client9 local set
2025-11-13 09:23:43 - 8_0.05_1 - INFO - => result | total 319 | correct 0 | acc 0.00% | err 100.00% | macro_f1 0.00%
2025-11-13 09:23:43 - 8_0.05_1 - INFO - Evaluate on the client9 neighbor set
2025-11-13 09:24:05 - 8_0.05_1 - INFO - => result | total 2,144 | correct 21 | acc 0.98% | err 99.02% | macro_f1 0.08%
2025-11-13 09:24:05 - 8_0.05_1 - INFO - Global test local acc: 1.18
2025-11-13 09:24:05 - 8_0.05_1 - INFO - Global test neighbor acc: 0.96
2025-11-13 09:24:05 - 8_0.05_1 - INFO - ------------local test finish-------------
2025-11-13 09:24:05 - 8_0.05_1 - INFO - [Epoch 30/30] 测试耗时: 258.09s
2025-11-13 09:24:05 - 8_0.05_1 - INFO - maximum test local acc: 1.405
2025-11-13 09:24:05 - 8_0.05_1 - INFO - mean of local acc: 1.087
2025-11-13 09:24:05 - 8_0.05_1 - INFO - maximum test neighbor acc: 1.280
2025-11-13 09:24:05 - 8_0.05_1 - INFO - mean of neighbor acc: 0.898
