2025-11-13 19:56:54 - 8_0.2_1 - INFO - 日志文件已创建: logs/oxford_flowers/promptfl/8_0.2_1_20251113_195654.log
2025-11-13 19:56:54 - 8_0.2_1 - INFO - Loading trainer: DP_FPL
2025-11-13 19:56:54 - 8_0.2_1 - INFO - Loading dataset: OxfordFlowers
2025-11-13 19:56:54 - 8_0.2_1 - INFO - Reading split from /home/liuxin25/dataset/oxford_flowers/split_zhou_OxfordFlowers.json
2025-11-13 19:56:54 - 8_0.2_1 - INFO - Creating a baseline federated dataset
2025-11-13 19:56:54 - 8_0.2_1 - INFO - class_num 102
2025-11-13 19:56:54 - 8_0.2_1 - INFO - user class dict total [90, 54, 31, 35, 55, 72, 92, 42, 95, 84]
2025-11-13 19:56:54 - 8_0.2_1 - INFO - idx: 0, output_dict_len: 451
2025-11-13 19:56:54 - 8_0.2_1 - INFO - user class dict total [74, 0, 1, 80, 27, 20, 77, 50, 66, 45]
2025-11-13 19:56:54 - 8_0.2_1 - INFO - idx: 1, output_dict_len: 562
2025-11-13 19:56:54 - 8_0.2_1 - INFO - user class dict total [44, 82, 14, 32, 52, 70, 28, 51, 10, 21]
2025-11-13 19:56:54 - 8_0.2_1 - INFO - idx: 2, output_dict_len: 373
2025-11-13 19:56:54 - 8_0.2_1 - INFO - user class dict total [33, 75, 5, 48, 87, 98, 23, 69, 62, 7]
2025-11-13 19:56:54 - 8_0.2_1 - INFO - idx: 3, output_dict_len: 350
2025-11-13 19:56:54 - 8_0.2_1 - INFO - user class dict total [17, 18, 60, 34, 11, 58, 86, 13, 41, 30]
2025-11-13 19:56:54 - 8_0.2_1 - INFO - idx: 4, output_dict_len: 302
2025-11-13 19:56:54 - 8_0.2_1 - INFO - user class dict total [24, 71, 56, 76, 37, 6, 53, 79, 97, 39]
2025-11-13 19:56:54 - 8_0.2_1 - INFO - idx: 5, output_dict_len: 433
2025-11-13 19:56:54 - 8_0.2_1 - INFO - user class dict total [47, 65, 36, 91, 3, 63, 59, 9, 96, 64]
2025-11-13 19:56:54 - 8_0.2_1 - INFO - idx: 6, output_dict_len: 367
2025-11-13 19:56:54 - 8_0.2_1 - INFO - user class dict total [94, 88, 99, 61, 19, 25, 4, 16, 8, 46]
2025-11-13 19:56:54 - 8_0.2_1 - INFO - idx: 7, output_dict_len: 387
2025-11-13 19:56:54 - 8_0.2_1 - INFO - user class dict total [26, 2, 93, 85, 29, 22, 100, 67, 68, 38]
2025-11-13 19:56:54 - 8_0.2_1 - INFO - idx: 8, output_dict_len: 341
2025-11-13 19:56:54 - 8_0.2_1 - INFO - user class dict total [83, 15, 12, 81, 43, 73, 78, 40, 101, 57, 89, 49]
2025-11-13 19:56:54 - 8_0.2_1 - INFO - idx: 9, output_dict_len: 527
2025-11-13 19:56:54 - 8_0.2_1 - INFO - Creating a baseline federated dataset
2025-11-13 19:56:54 - 8_0.2_1 - INFO - class_num 102
2025-11-13 19:56:54 - 8_0.2_1 - INFO - user class dict total [90, 54, 31, 35, 55, 72, 92, 42, 95, 84]
2025-11-13 19:56:54 - 8_0.2_1 - INFO - idx: 0, output_dict_len: 269
2025-11-13 19:56:54 - 8_0.2_1 - INFO - user class dict total [74, 0, 1, 80, 27, 20, 77, 50, 66, 45]
2025-11-13 19:56:54 - 8_0.2_1 - INFO - idx: 1, output_dict_len: 339
2025-11-13 19:56:54 - 8_0.2_1 - INFO - user class dict total [44, 82, 14, 32, 52, 70, 28, 51, 10, 21]
2025-11-13 19:56:54 - 8_0.2_1 - INFO - idx: 2, output_dict_len: 223
2025-11-13 19:56:54 - 8_0.2_1 - INFO - user class dict total [33, 75, 5, 48, 87, 98, 23, 69, 62, 7]
2025-11-13 19:56:54 - 8_0.2_1 - INFO - idx: 3, output_dict_len: 211
2025-11-13 19:56:54 - 8_0.2_1 - INFO - user class dict total [17, 18, 60, 34, 11, 58, 86, 13, 41, 30]
2025-11-13 19:56:54 - 8_0.2_1 - INFO - idx: 4, output_dict_len: 178
2025-11-13 19:56:54 - 8_0.2_1 - INFO - user class dict total [24, 71, 56, 76, 37, 6, 53, 79, 97, 39]
2025-11-13 19:56:54 - 8_0.2_1 - INFO - idx: 5, output_dict_len: 262
2025-11-13 19:56:54 - 8_0.2_1 - INFO - user class dict total [47, 65, 36, 91, 3, 63, 59, 9, 96, 64]
2025-11-13 19:56:54 - 8_0.2_1 - INFO - idx: 6, output_dict_len: 223
2025-11-13 19:56:54 - 8_0.2_1 - INFO - user class dict total [94, 88, 99, 61, 19, 25, 4, 16, 8, 46]
2025-11-13 19:56:54 - 8_0.2_1 - INFO - idx: 7, output_dict_len: 234
2025-11-13 19:56:54 - 8_0.2_1 - INFO - user class dict total [26, 2, 93, 85, 29, 22, 100, 67, 68, 38]
2025-11-13 19:56:54 - 8_0.2_1 - INFO - idx: 8, output_dict_len: 205
2025-11-13 19:56:54 - 8_0.2_1 - INFO - user class dict total [83, 15, 12, 81, 43, 73, 78, 40, 101, 57, 89, 49]
2025-11-13 19:56:54 - 8_0.2_1 - INFO - idx: 9, output_dict_len: 319
2025-11-13 19:56:54 - 8_0.2_1 - INFO - Loading CLIP (backbone: ViT-B/16)
2025-11-13 19:56:56 - 8_0.2_1 - INFO - Building custom CLIP
2025-11-13 19:56:56 - 8_0.2_1 - INFO - Turning off gradients in both the image and the text encoder
2025-11-13 19:57:25 - 8_0.2_1 - INFO - [Epoch 1/30] 训练耗时: 28.88s | 平均训练准确率: 0.83
2025-11-13 19:57:53 - 8_0.2_1 - INFO - [Epoch 2/30] 训练耗时: 27.92s | 平均训练准确率: 1.18
2025-11-13 19:58:20 - 8_0.2_1 - INFO - [Epoch 3/30] 训练耗时: 27.36s | 平均训练准确率: 0.45
2025-11-13 19:58:48 - 8_0.2_1 - INFO - [Epoch 4/30] 训练耗时: 27.48s | 平均训练准确率: 2.08
2025-11-13 19:59:16 - 8_0.2_1 - INFO - [Epoch 5/30] 训练耗时: 28.17s | 平均训练准确率: 1.56
2025-11-13 19:59:43 - 8_0.2_1 - INFO - [Epoch 6/30] 训练耗时: 27.02s | 平均训练准确率: 0.87
2025-11-13 20:00:08 - 8_0.2_1 - INFO - [Epoch 7/30] 训练耗时: 25.20s | 平均训练准确率: 2.67
2025-11-13 20:00:33 - 8_0.2_1 - INFO - [Epoch 8/30] 训练耗时: 25.27s | 平均训练准确率: 1.11
2025-11-13 20:00:59 - 8_0.2_1 - INFO - [Epoch 9/30] 训练耗时: 25.24s | 平均训练准确率: 0.17
2025-11-13 20:01:25 - 8_0.2_1 - INFO - [Epoch 10/30] 训练耗时: 26.39s | 平均训练准确率: 0.07
2025-11-13 20:01:50 - 8_0.2_1 - INFO - [Epoch 11/30] 训练耗时: 25.27s | 平均训练准确率: 1.42
2025-11-13 20:02:18 - 8_0.2_1 - INFO - [Epoch 12/30] 训练耗时: 27.12s | 平均训练准确率: 0.80
2025-11-13 20:02:43 - 8_0.2_1 - INFO - [Epoch 13/30] 训练耗时: 25.19s | 平均训练准确率: 1.60
2025-11-13 20:03:08 - 8_0.2_1 - INFO - [Epoch 14/30] 训练耗时: 25.21s | 平均训练准确率: 1.18
2025-11-13 20:03:33 - 8_0.2_1 - INFO - [Epoch 15/30] 训练耗时: 25.11s | 平均训练准确率: 1.42
2025-11-13 20:03:58 - 8_0.2_1 - INFO - [Epoch 16/30] 训练耗时: 25.20s | 平均训练准确率: 0.14
2025-11-13 20:04:23 - 8_0.2_1 - INFO - [Epoch 17/30] 训练耗时: 24.68s | 平均训练准确率: 0.45
2025-11-13 20:04:47 - 8_0.2_1 - INFO - [Epoch 18/30] 训练耗时: 24.32s | 平均训练准确率: 0.62
2025-11-13 20:05:12 - 8_0.2_1 - INFO - [Epoch 19/30] 训练耗时: 25.18s | 平均训练准确率: 0.66
2025-11-13 20:05:38 - 8_0.2_1 - INFO - [Epoch 20/30] 训练耗时: 25.17s | 平均训练准确率: 0.49
2025-11-13 20:06:03 - 8_0.2_1 - INFO - [Epoch 21/30] 训练耗时: 25.27s | 平均训练准确率: 0.62
2025-11-13 20:06:28 - 8_0.2_1 - INFO - [Epoch 22/30] 训练耗时: 25.11s | 平均训练准确率: 0.17
2025-11-13 20:06:53 - 8_0.2_1 - INFO - [Epoch 23/30] 训练耗时: 25.20s | 平均训练准确率: 0.35
2025-11-13 20:07:18 - 8_0.2_1 - INFO - [Epoch 24/30] 训练耗时: 25.18s | 平均训练准确率: 1.22
2025-11-13 20:07:43 - 8_0.2_1 - INFO - [Epoch 25/30] 训练耗时: 25.14s | 平均训练准确率: 1.08
2025-11-13 20:08:09 - 8_0.2_1 - INFO - [Epoch 26/30] 训练耗时: 25.12s | 平均训练准确率: 0.66
2025-11-13 20:08:34 - 8_0.2_1 - INFO - [Epoch 27/30] 训练耗时: 25.22s | 平均训练准确率: 1.28
2025-11-13 20:08:59 - 8_0.2_1 - INFO - [Epoch 28/30] 训练耗时: 25.17s | 平均训练准确率: 2.78
2025-11-13 20:08:59 - 8_0.2_1 - INFO - ------------local test start-------------
2025-11-13 20:08:59 - 8_0.2_1 - INFO - Evaluate on the client0 local set
2025-11-13 20:09:01 - 8_0.2_1 - INFO - => result | total 269 | correct 0 | acc 0.00% | err 100.00% | macro_f1 0.00%
2025-11-13 20:09:01 - 8_0.2_1 - INFO - Evaluate on the client0 neighbor set
2025-11-13 20:09:19 - 8_0.2_1 - INFO - => result | total 2,194 | correct 55 | acc 2.51% | err 97.49% | macro_f1 0.13%
2025-11-13 20:09:19 - 8_0.2_1 - INFO - Evaluate on the client1 local set
2025-11-13 20:09:22 - 8_0.2_1 - INFO - => result | total 339 | correct 1 | acc 0.29% | err 99.71% | macro_f1 1.11%
2025-11-13 20:09:22 - 8_0.2_1 - INFO - Evaluate on the client1 neighbor set
2025-11-13 20:09:40 - 8_0.2_1 - INFO - => result | total 2,124 | correct 52 | acc 2.45% | err 97.55% | macro_f1 0.06%
2025-11-13 20:09:40 - 8_0.2_1 - INFO - Evaluate on the client2 local set
2025-11-13 20:09:41 - 8_0.2_1 - INFO - => result | total 223 | correct 0 | acc 0.00% | err 100.00% | macro_f1 0.00%
2025-11-13 20:09:41 - 8_0.2_1 - INFO - Evaluate on the client2 neighbor set
2025-11-13 20:10:00 - 8_0.2_1 - INFO - => result | total 2,240 | correct 53 | acc 2.37% | err 97.63% | macro_f1 0.12%
2025-11-13 20:10:00 - 8_0.2_1 - INFO - Evaluate on the client3 local set
2025-11-13 20:10:02 - 8_0.2_1 - INFO - => result | total 211 | correct 0 | acc 0.00% | err 100.00% | macro_f1 0.00%
2025-11-13 20:10:02 - 8_0.2_1 - INFO - Evaluate on the client3 neighbor set
2025-11-13 20:10:20 - 8_0.2_1 - INFO - => result | total 2,252 | correct 57 | acc 2.53% | err 97.47% | macro_f1 0.13%
2025-11-13 20:10:20 - 8_0.2_1 - INFO - Evaluate on the client4 local set
2025-11-13 20:10:21 - 8_0.2_1 - INFO - => result | total 178 | correct 0 | acc 0.00% | err 100.00% | macro_f1 0.00%
2025-11-13 20:10:21 - 8_0.2_1 - INFO - Evaluate on the client4 neighbor set
2025-11-13 20:10:40 - 8_0.2_1 - INFO - => result | total 2,285 | correct 57 | acc 2.49% | err 97.51% | macro_f1 0.06%
2025-11-13 20:10:40 - 8_0.2_1 - INFO - Evaluate on the client5 local set
2025-11-13 20:10:43 - 8_0.2_1 - INFO - => result | total 262 | correct 59 | acc 22.52% | err 77.48% | macro_f1 3.87%
2025-11-13 20:10:43 - 8_0.2_1 - INFO - Evaluate on the client5 neighbor set
2025-11-13 20:11:00 - 8_0.2_1 - INFO - => result | total 2,201 | correct 0 | acc 0.00% | err 100.00% | macro_f1 0.00%
2025-11-13 20:11:00 - 8_0.2_1 - INFO - Evaluate on the client6 local set
2025-11-13 20:11:02 - 8_0.2_1 - INFO - => result | total 223 | correct 0 | acc 0.00% | err 100.00% | macro_f1 0.00%
2025-11-13 20:11:02 - 8_0.2_1 - INFO - Evaluate on the client6 neighbor set
2025-11-13 20:11:21 - 8_0.2_1 - INFO - => result | total 2,240 | correct 61 | acc 2.72% | err 97.28% | macro_f1 0.06%
2025-11-13 20:11:21 - 8_0.2_1 - INFO - Evaluate on the client7 local set
2025-11-13 20:11:23 - 8_0.2_1 - INFO - => result | total 234 | correct 0 | acc 0.00% | err 100.00% | macro_f1 0.00%
2025-11-13 20:11:23 - 8_0.2_1 - INFO - Evaluate on the client7 neighbor set
2025-11-13 20:11:41 - 8_0.2_1 - INFO - => result | total 2,229 | correct 63 | acc 2.83% | err 97.17% | macro_f1 0.07%
2025-11-13 20:11:41 - 8_0.2_1 - INFO - Evaluate on the client8 local set
2025-11-13 20:11:43 - 8_0.2_1 - INFO - => result | total 205 | correct 0 | acc 0.00% | err 100.00% | macro_f1 0.00%
2025-11-13 20:11:43 - 8_0.2_1 - INFO - Evaluate on the client8 neighbor set
2025-11-13 20:12:02 - 8_0.2_1 - INFO - => result | total 2,258 | correct 65 | acc 2.88% | err 97.12% | macro_f1 0.07%
2025-11-13 20:12:02 - 8_0.2_1 - INFO - Evaluate on the client9 local set
2025-11-13 20:12:04 - 8_0.2_1 - INFO - => result | total 319 | correct 0 | acc 0.00% | err 100.00% | macro_f1 0.00%
2025-11-13 20:12:04 - 8_0.2_1 - INFO - Evaluate on the client9 neighbor set
2025-11-13 20:12:22 - 8_0.2_1 - INFO - => result | total 2,144 | correct 66 | acc 3.08% | err 96.92% | macro_f1 0.07%
2025-11-13 20:12:22 - 8_0.2_1 - INFO - Global test local acc: 2.28
2025-11-13 20:12:22 - 8_0.2_1 - INFO - Global test neighbor acc: 2.39
2025-11-13 20:12:22 - 8_0.2_1 - INFO - ------------local test finish-------------
2025-11-13 20:12:22 - 8_0.2_1 - INFO - [Epoch 28/30] 测试耗时: 202.90s
2025-11-13 20:12:47 - 8_0.2_1 - INFO - [Epoch 29/30] 训练耗时: 25.22s | 平均训练准确率: 3.26
2025-11-13 20:12:47 - 8_0.2_1 - INFO - ------------local test start-------------
2025-11-13 20:12:47 - 8_0.2_1 - INFO - Evaluate on the client0 local set
2025-11-13 20:12:49 - 8_0.2_1 - INFO - => result | total 269 | correct 0 | acc 0.00% | err 100.00% | macro_f1 0.00%
2025-11-13 20:12:49 - 8_0.2_1 - INFO - Evaluate on the client0 neighbor set
2025-11-13 20:13:07 - 8_0.2_1 - INFO - => result | total 2,194 | correct 52 | acc 2.37% | err 97.63% | macro_f1 0.37%
2025-11-13 20:13:07 - 8_0.2_1 - INFO - Evaluate on the client1 local set
2025-11-13 20:13:10 - 8_0.2_1 - INFO - => result | total 339 | correct 0 | acc 0.00% | err 100.00% | macro_f1 0.00%
2025-11-13 20:13:10 - 8_0.2_1 - INFO - Evaluate on the client1 neighbor set
2025-11-13 20:13:27 - 8_0.2_1 - INFO - => result | total 2,124 | correct 54 | acc 2.54% | err 97.46% | macro_f1 0.26%
2025-11-13 20:13:27 - 8_0.2_1 - INFO - Evaluate on the client2 local set
2025-11-13 20:13:29 - 8_0.2_1 - INFO - => result | total 223 | correct 0 | acc 0.00% | err 100.00% | macro_f1 0.00%
2025-11-13 20:13:29 - 8_0.2_1 - INFO - Evaluate on the client2 neighbor set
2025-11-13 20:13:47 - 8_0.2_1 - INFO - => result | total 2,240 | correct 60 | acc 2.68% | err 97.32% | macro_f1 0.52%
2025-11-13 20:13:47 - 8_0.2_1 - INFO - Evaluate on the client3 local set
2025-11-13 20:13:49 - 8_0.2_1 - INFO - => result | total 211 | correct 0 | acc 0.00% | err 100.00% | macro_f1 0.00%
2025-11-13 20:13:49 - 8_0.2_1 - INFO - Evaluate on the client3 neighbor set
2025-11-13 20:14:07 - 8_0.2_1 - INFO - => result | total 2,252 | correct 66 | acc 2.93% | err 97.07% | macro_f1 0.56%
2025-11-13 20:14:07 - 8_0.2_1 - INFO - Evaluate on the client4 local set
2025-11-13 20:14:09 - 8_0.2_1 - INFO - => result | total 178 | correct 3 | acc 1.69% | err 98.31% | macro_f1 2.00%
2025-11-13 20:14:09 - 8_0.2_1 - INFO - Evaluate on the client4 neighbor set
2025-11-13 20:14:27 - 8_0.2_1 - INFO - => result | total 2,285 | correct 65 | acc 2.84% | err 97.16% | macro_f1 0.43%
2025-11-13 20:14:27 - 8_0.2_1 - INFO - Evaluate on the client5 local set
2025-11-13 20:14:29 - 8_0.2_1 - INFO - => result | total 262 | correct 59 | acc 22.52% | err 77.48% | macro_f1 4.17%
2025-11-13 20:14:29 - 8_0.2_1 - INFO - Evaluate on the client5 neighbor set
2025-11-13 20:14:48 - 8_0.2_1 - INFO - => result | total 2,201 | correct 8 | acc 0.36% | err 99.64% | macro_f1 0.41%
2025-11-13 20:14:48 - 8_0.2_1 - INFO - Evaluate on the client6 local set
2025-11-13 20:14:50 - 8_0.2_1 - INFO - => result | total 223 | correct 0 | acc 0.00% | err 100.00% | macro_f1 0.00%
2025-11-13 20:14:50 - 8_0.2_1 - INFO - Evaluate on the client6 neighbor set
2025-11-13 20:15:08 - 8_0.2_1 - INFO - => result | total 2,240 | correct 69 | acc 3.08% | err 96.92% | macro_f1 0.48%
2025-11-13 20:15:08 - 8_0.2_1 - INFO - Evaluate on the client7 local set
2025-11-13 20:15:10 - 8_0.2_1 - INFO - => result | total 234 | correct 1 | acc 0.43% | err 99.57% | macro_f1 0.95%
2025-11-13 20:15:10 - 8_0.2_1 - INFO - Evaluate on the client7 neighbor set
2025-11-13 20:15:28 - 8_0.2_1 - INFO - => result | total 2,229 | correct 68 | acc 3.05% | err 96.95% | macro_f1 0.39%
2025-11-13 20:15:28 - 8_0.2_1 - INFO - Evaluate on the client8 local set
2025-11-13 20:15:30 - 8_0.2_1 - INFO - => result | total 205 | correct 0 | acc 0.00% | err 100.00% | macro_f1 0.00%
2025-11-13 20:15:30 - 8_0.2_1 - INFO - Evaluate on the client8 neighbor set
2025-11-13 20:15:48 - 8_0.2_1 - INFO - => result | total 2,258 | correct 67 | acc 2.97% | err 97.03% | macro_f1 0.35%
2025-11-13 20:15:48 - 8_0.2_1 - INFO - Evaluate on the client9 local set
2025-11-13 20:15:51 - 8_0.2_1 - INFO - => result | total 319 | correct 5 | acc 1.57% | err 98.43% | macro_f1 1.41%
2025-11-13 20:15:51 - 8_0.2_1 - INFO - Evaluate on the client9 neighbor set
2025-11-13 20:16:08 - 8_0.2_1 - INFO - => result | total 2,144 | correct 64 | acc 2.99% | err 97.01% | macro_f1 0.32%
2025-11-13 20:16:08 - 8_0.2_1 - INFO - Global test local acc: 2.62
2025-11-13 20:16:08 - 8_0.2_1 - INFO - Global test neighbor acc: 2.58
2025-11-13 20:16:08 - 8_0.2_1 - INFO - ------------local test finish-------------
2025-11-13 20:16:08 - 8_0.2_1 - INFO - [Epoch 29/30] 测试耗时: 201.25s
2025-11-13 20:16:33 - 8_0.2_1 - INFO - [Epoch 30/30] 训练耗时: 25.12s | 平均训练准确率: 3.51
2025-11-13 20:16:33 - 8_0.2_1 - INFO - ------------local test start-------------
2025-11-13 20:16:33 - 8_0.2_1 - INFO - Evaluate on the client0 local set
2025-11-13 20:16:36 - 8_0.2_1 - INFO - => result | total 269 | correct 0 | acc 0.00% | err 100.00% | macro_f1 0.00%
2025-11-13 20:16:36 - 8_0.2_1 - INFO - Evaluate on the client0 neighbor set
2025-11-13 20:16:54 - 8_0.2_1 - INFO - => result | total 2,194 | correct 72 | acc 3.28% | err 96.72% | macro_f1 0.23%
2025-11-13 20:16:54 - 8_0.2_1 - INFO - Evaluate on the client1 local set
2025-11-13 20:16:56 - 8_0.2_1 - INFO - => result | total 339 | correct 0 | acc 0.00% | err 100.00% | macro_f1 0.00%
2025-11-13 20:16:56 - 8_0.2_1 - INFO - Evaluate on the client1 neighbor set
2025-11-13 20:17:13 - 8_0.2_1 - INFO - => result | total 2,124 | correct 72 | acc 3.39% | err 96.61% | macro_f1 0.08%
2025-11-13 20:17:13 - 8_0.2_1 - INFO - Evaluate on the client2 local set
2025-11-13 20:17:15 - 8_0.2_1 - INFO - => result | total 223 | correct 0 | acc 0.00% | err 100.00% | macro_f1 0.00%
2025-11-13 20:17:15 - 8_0.2_1 - INFO - Evaluate on the client2 neighbor set
2025-11-13 20:17:33 - 8_0.2_1 - INFO - => result | total 2,240 | correct 73 | acc 3.26% | err 96.74% | macro_f1 0.07%
2025-11-13 20:17:33 - 8_0.2_1 - INFO - Evaluate on the client3 local set
2025-11-13 20:17:35 - 8_0.2_1 - INFO - => result | total 211 | correct 0 | acc 0.00% | err 100.00% | macro_f1 0.00%
2025-11-13 20:17:35 - 8_0.2_1 - INFO - Evaluate on the client3 neighbor set
2025-11-13 20:17:53 - 8_0.2_1 - INFO - => result | total 2,252 | correct 73 | acc 3.24% | err 96.76% | macro_f1 0.07%
2025-11-13 20:17:53 - 8_0.2_1 - INFO - Evaluate on the client4 local set
2025-11-13 20:17:55 - 8_0.2_1 - INFO - => result | total 178 | correct 0 | acc 0.00% | err 100.00% | macro_f1 0.00%
2025-11-13 20:17:55 - 8_0.2_1 - INFO - Evaluate on the client4 neighbor set
2025-11-13 20:18:14 - 8_0.2_1 - INFO - => result | total 2,285 | correct 74 | acc 3.24% | err 96.76% | macro_f1 0.07%
2025-11-13 20:18:14 - 8_0.2_1 - INFO - Evaluate on the client5 local set
2025-11-13 20:18:16 - 8_0.2_1 - INFO - => result | total 262 | correct 74 | acc 28.24% | err 71.76% | macro_f1 4.53%
2025-11-13 20:18:16 - 8_0.2_1 - INFO - Evaluate on the client5 neighbor set
2025-11-13 20:18:33 - 8_0.2_1 - INFO - => result | total 2,201 | correct 0 | acc 0.00% | err 100.00% | macro_f1 0.00%
2025-11-13 20:18:33 - 8_0.2_1 - INFO - Evaluate on the client6 local set
2025-11-13 20:18:35 - 8_0.2_1 - INFO - => result | total 223 | correct 0 | acc 0.00% | err 100.00% | macro_f1 0.00%
2025-11-13 20:18:35 - 8_0.2_1 - INFO - Evaluate on the client6 neighbor set
2025-11-13 20:18:54 - 8_0.2_1 - INFO - => result | total 2,240 | correct 74 | acc 3.30% | err 96.70% | macro_f1 0.07%
2025-11-13 20:18:54 - 8_0.2_1 - INFO - Evaluate on the client7 local set
2025-11-13 20:18:56 - 8_0.2_1 - INFO - => result | total 234 | correct 0 | acc 0.00% | err 100.00% | macro_f1 0.00%
2025-11-13 20:18:56 - 8_0.2_1 - INFO - Evaluate on the client7 neighbor set
2025-11-13 20:19:15 - 8_0.2_1 - INFO - => result | total 2,229 | correct 74 | acc 3.32% | err 96.68% | macro_f1 0.07%
2025-11-13 20:19:15 - 8_0.2_1 - INFO - Evaluate on the client8 local set
2025-11-13 20:19:17 - 8_0.2_1 - INFO - => result | total 205 | correct 0 | acc 0.00% | err 100.00% | macro_f1 0.00%
2025-11-13 20:19:17 - 8_0.2_1 - INFO - Evaluate on the client8 neighbor set
2025-11-13 20:19:35 - 8_0.2_1 - INFO - => result | total 2,258 | correct 74 | acc 3.28% | err 96.72% | macro_f1 0.07%
2025-11-13 20:19:35 - 8_0.2_1 - INFO - Evaluate on the client9 local set
2025-11-13 20:19:38 - 8_0.2_1 - INFO - => result | total 319 | correct 0 | acc 0.00% | err 100.00% | macro_f1 0.00%
2025-11-13 20:19:38 - 8_0.2_1 - INFO - Evaluate on the client9 neighbor set
2025-11-13 20:19:55 - 8_0.2_1 - INFO - => result | total 2,144 | correct 74 | acc 3.45% | err 96.55% | macro_f1 0.08%
2025-11-13 20:19:55 - 8_0.2_1 - INFO - Global test local acc: 2.82
2025-11-13 20:19:55 - 8_0.2_1 - INFO - Global test neighbor acc: 2.98
2025-11-13 20:19:55 - 8_0.2_1 - INFO - ------------local test finish-------------
2025-11-13 20:19:55 - 8_0.2_1 - INFO - [Epoch 30/30] 测试耗时: 201.54s
2025-11-13 20:19:55 - 8_0.2_1 - INFO - maximum test local acc: 2.824
2025-11-13 20:19:55 - 8_0.2_1 - INFO - mean of local acc: 2.575
2025-11-13 20:19:55 - 8_0.2_1 - INFO - maximum test neighbor acc: 2.976
2025-11-13 20:19:55 - 8_0.2_1 - INFO - mean of neighbor acc: 2.648
