2025-11-13 18:21:57 - 8_0.4_1 - INFO - 日志文件已创建: logs/oxford_flowers/promptfl/8_0.4_1_20251113_182157.log
2025-11-13 18:21:57 - 8_0.4_1 - INFO - Loading trainer: DP_FPL
2025-11-13 18:21:57 - 8_0.4_1 - INFO - Loading dataset: OxfordFlowers
2025-11-13 18:21:57 - 8_0.4_1 - INFO - Reading split from /home/liuxin25/dataset/oxford_flowers/split_zhou_OxfordFlowers.json
2025-11-13 18:21:57 - 8_0.4_1 - INFO - Creating a baseline federated dataset
2025-11-13 18:21:57 - 8_0.4_1 - INFO - class_num 102
2025-11-13 18:21:57 - 8_0.4_1 - INFO - user class dict total [90, 54, 31, 35, 55, 72, 92, 42, 95, 84]
2025-11-13 18:21:57 - 8_0.4_1 - INFO - idx: 0, output_dict_len: 451
2025-11-13 18:21:57 - 8_0.4_1 - INFO - user class dict total [74, 0, 1, 80, 27, 20, 77, 50, 66, 45]
2025-11-13 18:21:57 - 8_0.4_1 - INFO - idx: 1, output_dict_len: 562
2025-11-13 18:21:57 - 8_0.4_1 - INFO - user class dict total [44, 82, 14, 32, 52, 70, 28, 51, 10, 21]
2025-11-13 18:21:57 - 8_0.4_1 - INFO - idx: 2, output_dict_len: 373
2025-11-13 18:21:57 - 8_0.4_1 - INFO - user class dict total [33, 75, 5, 48, 87, 98, 23, 69, 62, 7]
2025-11-13 18:21:57 - 8_0.4_1 - INFO - idx: 3, output_dict_len: 350
2025-11-13 18:21:57 - 8_0.4_1 - INFO - user class dict total [17, 18, 60, 34, 11, 58, 86, 13, 41, 30]
2025-11-13 18:21:57 - 8_0.4_1 - INFO - idx: 4, output_dict_len: 302
2025-11-13 18:21:57 - 8_0.4_1 - INFO - user class dict total [24, 71, 56, 76, 37, 6, 53, 79, 97, 39]
2025-11-13 18:21:57 - 8_0.4_1 - INFO - idx: 5, output_dict_len: 433
2025-11-13 18:21:57 - 8_0.4_1 - INFO - user class dict total [47, 65, 36, 91, 3, 63, 59, 9, 96, 64]
2025-11-13 18:21:57 - 8_0.4_1 - INFO - idx: 6, output_dict_len: 367
2025-11-13 18:21:57 - 8_0.4_1 - INFO - user class dict total [94, 88, 99, 61, 19, 25, 4, 16, 8, 46]
2025-11-13 18:21:57 - 8_0.4_1 - INFO - idx: 7, output_dict_len: 387
2025-11-13 18:21:57 - 8_0.4_1 - INFO - user class dict total [26, 2, 93, 85, 29, 22, 100, 67, 68, 38]
2025-11-13 18:21:57 - 8_0.4_1 - INFO - idx: 8, output_dict_len: 341
2025-11-13 18:21:57 - 8_0.4_1 - INFO - user class dict total [83, 15, 12, 81, 43, 73, 78, 40, 101, 57, 89, 49]
2025-11-13 18:21:57 - 8_0.4_1 - INFO - idx: 9, output_dict_len: 527
2025-11-13 18:21:57 - 8_0.4_1 - INFO - Creating a baseline federated dataset
2025-11-13 18:21:57 - 8_0.4_1 - INFO - class_num 102
2025-11-13 18:21:57 - 8_0.4_1 - INFO - user class dict total [90, 54, 31, 35, 55, 72, 92, 42, 95, 84]
2025-11-13 18:21:57 - 8_0.4_1 - INFO - idx: 0, output_dict_len: 269
2025-11-13 18:21:57 - 8_0.4_1 - INFO - user class dict total [74, 0, 1, 80, 27, 20, 77, 50, 66, 45]
2025-11-13 18:21:57 - 8_0.4_1 - INFO - idx: 1, output_dict_len: 339
2025-11-13 18:21:57 - 8_0.4_1 - INFO - user class dict total [44, 82, 14, 32, 52, 70, 28, 51, 10, 21]
2025-11-13 18:21:57 - 8_0.4_1 - INFO - idx: 2, output_dict_len: 223
2025-11-13 18:21:57 - 8_0.4_1 - INFO - user class dict total [33, 75, 5, 48, 87, 98, 23, 69, 62, 7]
2025-11-13 18:21:57 - 8_0.4_1 - INFO - idx: 3, output_dict_len: 211
2025-11-13 18:21:57 - 8_0.4_1 - INFO - user class dict total [17, 18, 60, 34, 11, 58, 86, 13, 41, 30]
2025-11-13 18:21:57 - 8_0.4_1 - INFO - idx: 4, output_dict_len: 178
2025-11-13 18:21:57 - 8_0.4_1 - INFO - user class dict total [24, 71, 56, 76, 37, 6, 53, 79, 97, 39]
2025-11-13 18:21:57 - 8_0.4_1 - INFO - idx: 5, output_dict_len: 262
2025-11-13 18:21:57 - 8_0.4_1 - INFO - user class dict total [47, 65, 36, 91, 3, 63, 59, 9, 96, 64]
2025-11-13 18:21:57 - 8_0.4_1 - INFO - idx: 6, output_dict_len: 223
2025-11-13 18:21:57 - 8_0.4_1 - INFO - user class dict total [94, 88, 99, 61, 19, 25, 4, 16, 8, 46]
2025-11-13 18:21:57 - 8_0.4_1 - INFO - idx: 7, output_dict_len: 234
2025-11-13 18:21:57 - 8_0.4_1 - INFO - user class dict total [26, 2, 93, 85, 29, 22, 100, 67, 68, 38]
2025-11-13 18:21:57 - 8_0.4_1 - INFO - idx: 8, output_dict_len: 205
2025-11-13 18:21:57 - 8_0.4_1 - INFO - user class dict total [83, 15, 12, 81, 43, 73, 78, 40, 101, 57, 89, 49]
2025-11-13 18:21:57 - 8_0.4_1 - INFO - idx: 9, output_dict_len: 319
2025-11-13 18:21:57 - 8_0.4_1 - INFO - Loading CLIP (backbone: ViT-B/16)
2025-11-13 18:21:59 - 8_0.4_1 - INFO - Building custom CLIP
2025-11-13 18:21:59 - 8_0.4_1 - INFO - Turning off gradients in both the image and the text encoder
2025-11-13 18:22:28 - 8_0.4_1 - INFO - [Epoch 1/30] 训练耗时: 29.09s | 平均训练准确率: 0.83
2025-11-13 18:22:56 - 8_0.4_1 - INFO - [Epoch 2/30] 训练耗时: 27.90s | 平均训练准确率: 1.81
2025-11-13 18:23:22 - 8_0.4_1 - INFO - [Epoch 3/30] 训练耗时: 26.03s | 平均训练准确率: 0.62
2025-11-13 18:23:47 - 8_0.4_1 - INFO - [Epoch 4/30] 训练耗时: 25.15s | 平均训练准确率: 2.60
2025-11-13 18:24:12 - 8_0.4_1 - INFO - [Epoch 5/30] 训练耗时: 24.55s | 平均训练准确率: 0.66
2025-11-13 18:24:36 - 8_0.4_1 - INFO - [Epoch 6/30] 训练耗时: 24.48s | 平均训练准确率: 1.67
2025-11-13 18:25:01 - 8_0.4_1 - INFO - [Epoch 7/30] 训练耗时: 25.27s | 平均训练准确率: 3.37
2025-11-13 18:25:27 - 8_0.4_1 - INFO - [Epoch 8/30] 训练耗时: 25.19s | 平均训练准确率: 3.06
2025-11-13 18:25:52 - 8_0.4_1 - INFO - [Epoch 9/30] 训练耗时: 25.18s | 平均训练准确率: 1.25
2025-11-13 18:26:17 - 8_0.4_1 - INFO - [Epoch 10/30] 训练耗时: 25.19s | 平均训练准确率: 1.11
2025-11-13 18:26:42 - 8_0.4_1 - INFO - [Epoch 11/30] 训练耗时: 25.21s | 平均训练准确率: 2.53
2025-11-13 18:27:07 - 8_0.4_1 - INFO - [Epoch 12/30] 训练耗时: 25.13s | 平均训练准确率: 4.44
2025-11-13 18:27:33 - 8_0.4_1 - INFO - [Epoch 13/30] 训练耗时: 25.24s | 平均训练准确率: 3.72
2025-11-13 18:27:58 - 8_0.4_1 - INFO - [Epoch 14/30] 训练耗时: 25.22s | 平均训练准确率: 2.05
2025-11-13 18:28:23 - 8_0.4_1 - INFO - [Epoch 15/30] 训练耗时: 25.12s | 平均训练准确率: 1.32
2025-11-13 18:28:48 - 8_0.4_1 - INFO - [Epoch 16/30] 训练耗时: 25.24s | 平均训练准确率: 1.91
2025-11-13 18:29:13 - 8_0.4_1 - INFO - [Epoch 17/30] 训练耗时: 25.20s | 平均训练准确率: 2.05
2025-11-13 18:29:39 - 8_0.4_1 - INFO - [Epoch 18/30] 训练耗时: 25.18s | 平均训练准确率: 0.76
2025-11-13 18:30:04 - 8_0.4_1 - INFO - [Epoch 19/30] 训练耗时: 25.20s | 平均训练准确率: 1.56
2025-11-13 18:30:28 - 8_0.4_1 - INFO - [Epoch 20/30] 训练耗时: 24.32s | 平均训练准确率: 2.43
2025-11-13 18:30:53 - 8_0.4_1 - INFO - [Epoch 21/30] 训练耗时: 24.81s | 平均训练准确率: 1.98
2025-11-13 18:31:21 - 8_0.4_1 - INFO - [Epoch 22/30] 训练耗时: 27.95s | 平均训练准确率: 1.84
2025-11-13 18:31:49 - 8_0.4_1 - INFO - [Epoch 23/30] 训练耗时: 27.85s | 平均训练准确率: 2.01
2025-11-13 18:32:17 - 8_0.4_1 - INFO - [Epoch 24/30] 训练耗时: 27.84s | 平均训练准确率: 1.77
2025-11-13 18:32:45 - 8_0.4_1 - INFO - [Epoch 25/30] 训练耗时: 27.95s | 平均训练准确率: 0.87
2025-11-13 18:33:12 - 8_0.4_1 - INFO - [Epoch 26/30] 训练耗时: 27.96s | 平均训练准确率: 1.22
2025-11-13 18:33:40 - 8_0.4_1 - INFO - [Epoch 27/30] 训练耗时: 27.98s | 平均训练准确率: 1.11
2025-11-13 18:34:08 - 8_0.4_1 - INFO - [Epoch 28/30] 训练耗时: 27.97s | 平均训练准确率: 1.15
2025-11-13 18:34:08 - 8_0.4_1 - INFO - ------------local test start-------------
2025-11-13 18:34:08 - 8_0.4_1 - INFO - Evaluate on the client0 local set
2025-11-13 18:34:11 - 8_0.4_1 - INFO - => result | total 269 | correct 13 | acc 4.83% | err 95.17% | macro_f1 3.83%
2025-11-13 18:34:11 - 8_0.4_1 - INFO - Evaluate on the client0 neighbor set
2025-11-13 18:34:29 - 8_0.4_1 - INFO - => result | total 2,194 | correct 20 | acc 0.91% | err 99.09% | macro_f1 0.26%
2025-11-13 18:34:29 - 8_0.4_1 - INFO - Evaluate on the client1 local set
2025-11-13 18:34:32 - 8_0.4_1 - INFO - => result | total 339 | correct 7 | acc 2.06% | err 97.94% | macro_f1 2.61%
2025-11-13 18:34:32 - 8_0.4_1 - INFO - Evaluate on the client1 neighbor set
2025-11-13 18:34:50 - 8_0.4_1 - INFO - => result | total 2,124 | correct 23 | acc 1.08% | err 98.92% | macro_f1 0.36%
2025-11-13 18:34:50 - 8_0.4_1 - INFO - Evaluate on the client2 local set
2025-11-13 18:34:53 - 8_0.4_1 - INFO - => result | total 223 | correct 3 | acc 1.35% | err 98.65% | macro_f1 2.51%
2025-11-13 18:34:53 - 8_0.4_1 - INFO - Evaluate on the client2 neighbor set
2025-11-13 18:35:12 - 8_0.4_1 - INFO - => result | total 2,240 | correct 23 | acc 1.03% | err 98.97% | macro_f1 0.39%
2025-11-13 18:35:12 - 8_0.4_1 - INFO - Evaluate on the client3 local set
2025-11-13 18:35:14 - 8_0.4_1 - INFO - => result | total 211 | correct 2 | acc 0.95% | err 99.05% | macro_f1 1.82%
2025-11-13 18:35:14 - 8_0.4_1 - INFO - Evaluate on the client3 neighbor set
2025-11-13 18:35:33 - 8_0.4_1 - INFO - => result | total 2,252 | correct 23 | acc 1.02% | err 98.98% | macro_f1 0.45%
2025-11-13 18:35:33 - 8_0.4_1 - INFO - Evaluate on the client4 local set
2025-11-13 18:35:34 - 8_0.4_1 - INFO - => result | total 178 | correct 1 | acc 0.56% | err 99.44% | macro_f1 0.43%
2025-11-13 18:35:34 - 8_0.4_1 - INFO - Evaluate on the client4 neighbor set
2025-11-13 18:35:53 - 8_0.4_1 - INFO - => result | total 2,285 | correct 23 | acc 1.01% | err 98.99% | macro_f1 0.49%
2025-11-13 18:35:53 - 8_0.4_1 - INFO - Evaluate on the client5 local set
2025-11-13 18:35:56 - 8_0.4_1 - INFO - => result | total 262 | correct 0 | acc 0.00% | err 100.00% | macro_f1 0.00%
2025-11-13 18:35:56 - 8_0.4_1 - INFO - Evaluate on the client5 neighbor set
2025-11-13 18:36:14 - 8_0.4_1 - INFO - => result | total 2,201 | correct 21 | acc 0.95% | err 99.05% | macro_f1 0.39%
2025-11-13 18:36:14 - 8_0.4_1 - INFO - Evaluate on the client6 local set
2025-11-13 18:36:16 - 8_0.4_1 - INFO - => result | total 223 | correct 0 | acc 0.00% | err 100.00% | macro_f1 0.00%
2025-11-13 18:36:16 - 8_0.4_1 - INFO - Evaluate on the client6 neighbor set
2025-11-13 18:36:34 - 8_0.4_1 - INFO - => result | total 2,240 | correct 20 | acc 0.89% | err 99.11% | macro_f1 0.32%
2025-11-13 18:36:34 - 8_0.4_1 - INFO - Evaluate on the client7 local set
2025-11-13 18:36:36 - 8_0.4_1 - INFO - => result | total 234 | correct 2 | acc 0.85% | err 99.15% | macro_f1 0.74%
2025-11-13 18:36:36 - 8_0.4_1 - INFO - Evaluate on the client7 neighbor set
2025-11-13 18:36:54 - 8_0.4_1 - INFO - => result | total 2,229 | correct 14 | acc 0.63% | err 99.37% | macro_f1 0.12%
2025-11-13 18:36:54 - 8_0.4_1 - INFO - Evaluate on the client8 local set
2025-11-13 18:36:56 - 8_0.4_1 - INFO - => result | total 205 | correct 0 | acc 0.00% | err 100.00% | macro_f1 0.00%
2025-11-13 18:36:56 - 8_0.4_1 - INFO - Evaluate on the client8 neighbor set
2025-11-13 18:37:15 - 8_0.4_1 - INFO - => result | total 2,258 | correct 16 | acc 0.71% | err 99.29% | macro_f1 0.13%
2025-11-13 18:37:15 - 8_0.4_1 - INFO - Evaluate on the client9 local set
2025-11-13 18:37:17 - 8_0.4_1 - INFO - => result | total 319 | correct 0 | acc 0.00% | err 100.00% | macro_f1 0.00%
2025-11-13 18:37:17 - 8_0.4_1 - INFO - Evaluate on the client9 neighbor set
2025-11-13 18:37:35 - 8_0.4_1 - INFO - => result | total 2,144 | correct 14 | acc 0.65% | err 99.35% | macro_f1 0.11%
2025-11-13 18:37:35 - 8_0.4_1 - INFO - Global test local acc: 1.06
2025-11-13 18:37:35 - 8_0.4_1 - INFO - Global test neighbor acc: 0.89
2025-11-13 18:37:35 - 8_0.4_1 - INFO - ------------local test finish-------------
2025-11-13 18:37:35 - 8_0.4_1 - INFO - [Epoch 28/30] 测试耗时: 206.68s
2025-11-13 18:38:00 - 8_0.4_1 - INFO - [Epoch 29/30] 训练耗时: 25.33s | 平均训练准确率: 0.94
2025-11-13 18:38:00 - 8_0.4_1 - INFO - ------------local test start-------------
2025-11-13 18:38:00 - 8_0.4_1 - INFO - Evaluate on the client0 local set
2025-11-13 18:38:03 - 8_0.4_1 - INFO - => result | total 269 | correct 3 | acc 1.12% | err 98.88% | macro_f1 0.76%
2025-11-13 18:38:03 - 8_0.4_1 - INFO - Evaluate on the client0 neighbor set
2025-11-13 18:38:21 - 8_0.4_1 - INFO - => result | total 2,194 | correct 1 | acc 0.05% | err 99.95% | macro_f1 0.01%
2025-11-13 18:38:21 - 8_0.4_1 - INFO - Evaluate on the client1 local set
2025-11-13 18:38:23 - 8_0.4_1 - INFO - => result | total 339 | correct 0 | acc 0.00% | err 100.00% | macro_f1 0.00%
2025-11-13 18:38:23 - 8_0.4_1 - INFO - Evaluate on the client1 neighbor set
2025-11-13 18:38:41 - 8_0.4_1 - INFO - => result | total 2,124 | correct 4 | acc 0.19% | err 99.81% | macro_f1 0.02%
2025-11-13 18:38:41 - 8_0.4_1 - INFO - Evaluate on the client2 local set
2025-11-13 18:38:43 - 8_0.4_1 - INFO - => result | total 223 | correct 0 | acc 0.00% | err 100.00% | macro_f1 0.00%
2025-11-13 18:38:43 - 8_0.4_1 - INFO - Evaluate on the client2 neighbor set
2025-11-13 18:39:01 - 8_0.4_1 - INFO - => result | total 2,240 | correct 5 | acc 0.22% | err 99.78% | macro_f1 0.03%
2025-11-13 18:39:01 - 8_0.4_1 - INFO - Evaluate on the client3 local set
2025-11-13 18:39:03 - 8_0.4_1 - INFO - => result | total 211 | correct 0 | acc 0.00% | err 100.00% | macro_f1 0.00%
2025-11-13 18:39:03 - 8_0.4_1 - INFO - Evaluate on the client3 neighbor set
2025-11-13 18:39:21 - 8_0.4_1 - INFO - => result | total 2,252 | correct 5 | acc 0.22% | err 99.78% | macro_f1 0.03%
2025-11-13 18:39:21 - 8_0.4_1 - INFO - Evaluate on the client4 local set
2025-11-13 18:39:23 - 8_0.4_1 - INFO - => result | total 178 | correct 0 | acc 0.00% | err 100.00% | macro_f1 0.00%
2025-11-13 18:39:23 - 8_0.4_1 - INFO - Evaluate on the client4 neighbor set
2025-11-13 18:39:41 - 8_0.4_1 - INFO - => result | total 2,285 | correct 6 | acc 0.26% | err 99.74% | macro_f1 0.03%
2025-11-13 18:39:41 - 8_0.4_1 - INFO - Evaluate on the client5 local set
2025-11-13 18:39:44 - 8_0.4_1 - INFO - => result | total 262 | correct 0 | acc 0.00% | err 100.00% | macro_f1 0.00%
2025-11-13 18:39:44 - 8_0.4_1 - INFO - Evaluate on the client5 neighbor set
2025-11-13 18:40:01 - 8_0.4_1 - INFO - => result | total 2,201 | correct 6 | acc 0.27% | err 99.73% | macro_f1 0.03%
2025-11-13 18:40:01 - 8_0.4_1 - INFO - Evaluate on the client6 local set
2025-11-13 18:40:03 - 8_0.4_1 - INFO - => result | total 223 | correct 0 | acc 0.00% | err 100.00% | macro_f1 0.00%
2025-11-13 18:40:03 - 8_0.4_1 - INFO - Evaluate on the client6 neighbor set
2025-11-13 18:40:21 - 8_0.4_1 - INFO - => result | total 2,240 | correct 6 | acc 0.27% | err 99.73% | macro_f1 0.03%
2025-11-13 18:40:21 - 8_0.4_1 - INFO - Evaluate on the client7 local set
2025-11-13 18:40:23 - 8_0.4_1 - INFO - => result | total 234 | correct 0 | acc 0.00% | err 100.00% | macro_f1 0.00%
2025-11-13 18:40:23 - 8_0.4_1 - INFO - Evaluate on the client7 neighbor set
2025-11-13 18:40:42 - 8_0.4_1 - INFO - => result | total 2,229 | correct 7 | acc 0.31% | err 99.69% | macro_f1 0.16%
2025-11-13 18:40:42 - 8_0.4_1 - INFO - Evaluate on the client8 local set
2025-11-13 18:40:44 - 8_0.4_1 - INFO - => result | total 205 | correct 0 | acc 0.00% | err 100.00% | macro_f1 0.00%
2025-11-13 18:40:44 - 8_0.4_1 - INFO - Evaluate on the client8 neighbor set
2025-11-13 18:41:02 - 8_0.4_1 - INFO - => result | total 2,258 | correct 7 | acc 0.31% | err 99.69% | macro_f1 0.18%
2025-11-13 18:41:02 - 8_0.4_1 - INFO - Evaluate on the client9 local set
2025-11-13 18:41:05 - 8_0.4_1 - INFO - => result | total 319 | correct 1 | acc 0.31% | err 99.69% | macro_f1 0.28%
2025-11-13 18:41:05 - 8_0.4_1 - INFO - Evaluate on the client9 neighbor set
2025-11-13 18:41:23 - 8_0.4_1 - INFO - => result | total 2,144 | correct 6 | acc 0.28% | err 99.72% | macro_f1 0.15%
2025-11-13 18:41:23 - 8_0.4_1 - INFO - Global test local acc: 0.14
2025-11-13 18:41:23 - 8_0.4_1 - INFO - Global test neighbor acc: 0.24
2025-11-13 18:41:23 - 8_0.4_1 - INFO - ------------local test finish-------------
2025-11-13 18:41:23 - 8_0.4_1 - INFO - [Epoch 29/30] 测试耗时: 202.30s
2025-11-13 18:41:48 - 8_0.4_1 - INFO - [Epoch 30/30] 训练耗时: 25.15s | 平均训练准确率: 2.47
2025-11-13 18:41:48 - 8_0.4_1 - INFO - ------------local test start-------------
2025-11-13 18:41:48 - 8_0.4_1 - INFO - Evaluate on the client0 local set
2025-11-13 18:41:50 - 8_0.4_1 - INFO - => result | total 269 | correct 11 | acc 4.09% | err 95.91% | macro_f1 1.98%
2025-11-13 18:41:50 - 8_0.4_1 - INFO - Evaluate on the client0 neighbor set
2025-11-13 18:42:08 - 8_0.4_1 - INFO - => result | total 2,194 | correct 20 | acc 0.91% | err 99.09% | macro_f1 0.38%
2025-11-13 18:42:08 - 8_0.4_1 - INFO - Evaluate on the client1 local set
2025-11-13 18:42:11 - 8_0.4_1 - INFO - => result | total 339 | correct 0 | acc 0.00% | err 100.00% | macro_f1 0.00%
2025-11-13 18:42:11 - 8_0.4_1 - INFO - Evaluate on the client1 neighbor set
2025-11-13 18:42:28 - 8_0.4_1 - INFO - => result | total 2,124 | correct 27 | acc 1.27% | err 98.73% | macro_f1 0.38%
2025-11-13 18:42:28 - 8_0.4_1 - INFO - Evaluate on the client2 local set
2025-11-13 18:42:30 - 8_0.4_1 - INFO - => result | total 223 | correct 2 | acc 0.90% | err 99.10% | macro_f1 1.33%
2025-11-13 18:42:30 - 8_0.4_1 - INFO - Evaluate on the client2 neighbor set
2025-11-13 18:42:48 - 8_0.4_1 - INFO - => result | total 2,240 | correct 25 | acc 1.12% | err 98.88% | macro_f1 0.25%
2025-11-13 18:42:48 - 8_0.4_1 - INFO - Evaluate on the client3 local set
2025-11-13 18:42:50 - 8_0.4_1 - INFO - => result | total 211 | correct 0 | acc 0.00% | err 100.00% | macro_f1 0.00%
2025-11-13 18:42:50 - 8_0.4_1 - INFO - Evaluate on the client3 neighbor set
2025-11-13 18:43:08 - 8_0.4_1 - INFO - => result | total 2,252 | correct 27 | acc 1.20% | err 98.80% | macro_f1 0.35%
2025-11-13 18:43:08 - 8_0.4_1 - INFO - Evaluate on the client4 local set
2025-11-13 18:43:09 - 8_0.4_1 - INFO - => result | total 178 | correct 0 | acc 0.00% | err 100.00% | macro_f1 0.00%
2025-11-13 18:43:09 - 8_0.4_1 - INFO - Evaluate on the client4 neighbor set
2025-11-13 18:43:27 - 8_0.4_1 - INFO - => result | total 2,285 | correct 26 | acc 1.14% | err 98.86% | macro_f1 0.33%
2025-11-13 18:43:27 - 8_0.4_1 - INFO - Evaluate on the client5 local set
2025-11-13 18:43:29 - 8_0.4_1 - INFO - => result | total 262 | correct 6 | acc 2.29% | err 97.71% | macro_f1 1.48%
2025-11-13 18:43:29 - 8_0.4_1 - INFO - Evaluate on the client5 neighbor set
2025-11-13 18:43:47 - 8_0.4_1 - INFO - => result | total 2,201 | correct 20 | acc 0.91% | err 99.09% | macro_f1 0.26%
2025-11-13 18:43:47 - 8_0.4_1 - INFO - Evaluate on the client6 local set
2025-11-13 18:43:49 - 8_0.4_1 - INFO - => result | total 223 | correct 0 | acc 0.00% | err 100.00% | macro_f1 0.00%
2025-11-13 18:43:49 - 8_0.4_1 - INFO - Evaluate on the client6 neighbor set
2025-11-13 18:44:07 - 8_0.4_1 - INFO - => result | total 2,240 | correct 26 | acc 1.16% | err 98.84% | macro_f1 0.35%
2025-11-13 18:44:07 - 8_0.4_1 - INFO - Evaluate on the client7 local set
2025-11-13 18:44:09 - 8_0.4_1 - INFO - => result | total 234 | correct 2 | acc 0.85% | err 99.15% | macro_f1 0.70%
2025-11-13 18:44:09 - 8_0.4_1 - INFO - Evaluate on the client7 neighbor set
2025-11-13 18:44:27 - 8_0.4_1 - INFO - => result | total 2,229 | correct 23 | acc 1.03% | err 98.97% | macro_f1 0.28%
2025-11-13 18:44:27 - 8_0.4_1 - INFO - Evaluate on the client8 local set
2025-11-13 18:44:29 - 8_0.4_1 - INFO - => result | total 205 | correct 0 | acc 0.00% | err 100.00% | macro_f1 0.00%
2025-11-13 18:44:29 - 8_0.4_1 - INFO - Evaluate on the client8 neighbor set
2025-11-13 18:44:47 - 8_0.4_1 - INFO - => result | total 2,258 | correct 24 | acc 1.06% | err 98.94% | macro_f1 0.29%
2025-11-13 18:44:47 - 8_0.4_1 - INFO - Evaluate on the client9 local set
2025-11-13 18:44:50 - 8_0.4_1 - INFO - => result | total 319 | correct 2 | acc 0.63% | err 99.37% | macro_f1 0.58%
2025-11-13 18:44:50 - 8_0.4_1 - INFO - Evaluate on the client9 neighbor set
2025-11-13 18:45:08 - 8_0.4_1 - INFO - => result | total 2,144 | correct 23 | acc 1.07% | err 98.93% | macro_f1 0.28%
2025-11-13 18:45:08 - 8_0.4_1 - INFO - Global test local acc: 0.88
2025-11-13 18:45:08 - 8_0.4_1 - INFO - Global test neighbor acc: 1.09
2025-11-13 18:45:08 - 8_0.4_1 - INFO - ------------local test finish-------------
2025-11-13 18:45:08 - 8_0.4_1 - INFO - [Epoch 30/30] 测试耗时: 199.90s
2025-11-13 18:45:08 - 8_0.4_1 - INFO - maximum test local acc: 1.061
2025-11-13 18:45:08 - 8_0.4_1 - INFO - mean of local acc: 0.693
2025-11-13 18:45:08 - 8_0.4_1 - INFO - maximum test neighbor acc: 1.087
2025-11-13 18:45:08 - 8_0.4_1 - INFO - mean of neighbor acc: 0.738
