2025-11-13 07:40:09 - 8_0.1_1 - INFO - 日志文件已创建: logs/oxford_flowers/promptfl/8_0.1_1_20251113_074009.log
2025-11-13 07:40:09 - 8_0.1_1 - INFO - Loading trainer: DP_FPL
2025-11-13 07:40:09 - 8_0.1_1 - INFO - Loading dataset: OxfordFlowers
2025-11-13 07:40:09 - 8_0.1_1 - INFO - Reading split from /home/liuxin25/dataset/oxford_flowers/split_zhou_OxfordFlowers.json
2025-11-13 07:40:09 - 8_0.1_1 - INFO - Creating a baseline federated dataset
2025-11-13 07:40:09 - 8_0.1_1 - INFO - class_num 102
2025-11-13 07:40:09 - 8_0.1_1 - INFO - user class dict total [90, 54, 31, 35, 55, 72, 92, 42, 95, 84]
2025-11-13 07:40:09 - 8_0.1_1 - INFO - idx: 0, output_dict_len: 451
2025-11-13 07:40:09 - 8_0.1_1 - INFO - user class dict total [74, 0, 1, 80, 27, 20, 77, 50, 66, 45]
2025-11-13 07:40:09 - 8_0.1_1 - INFO - idx: 1, output_dict_len: 562
2025-11-13 07:40:09 - 8_0.1_1 - INFO - user class dict total [44, 82, 14, 32, 52, 70, 28, 51, 10, 21]
2025-11-13 07:40:09 - 8_0.1_1 - INFO - idx: 2, output_dict_len: 373
2025-11-13 07:40:09 - 8_0.1_1 - INFO - user class dict total [33, 75, 5, 48, 87, 98, 23, 69, 62, 7]
2025-11-13 07:40:09 - 8_0.1_1 - INFO - idx: 3, output_dict_len: 350
2025-11-13 07:40:09 - 8_0.1_1 - INFO - user class dict total [17, 18, 60, 34, 11, 58, 86, 13, 41, 30]
2025-11-13 07:40:09 - 8_0.1_1 - INFO - idx: 4, output_dict_len: 302
2025-11-13 07:40:09 - 8_0.1_1 - INFO - user class dict total [24, 71, 56, 76, 37, 6, 53, 79, 97, 39]
2025-11-13 07:40:09 - 8_0.1_1 - INFO - idx: 5, output_dict_len: 433
2025-11-13 07:40:09 - 8_0.1_1 - INFO - user class dict total [47, 65, 36, 91, 3, 63, 59, 9, 96, 64]
2025-11-13 07:40:09 - 8_0.1_1 - INFO - idx: 6, output_dict_len: 367
2025-11-13 07:40:09 - 8_0.1_1 - INFO - user class dict total [94, 88, 99, 61, 19, 25, 4, 16, 8, 46]
2025-11-13 07:40:09 - 8_0.1_1 - INFO - idx: 7, output_dict_len: 387
2025-11-13 07:40:09 - 8_0.1_1 - INFO - user class dict total [26, 2, 93, 85, 29, 22, 100, 67, 68, 38]
2025-11-13 07:40:09 - 8_0.1_1 - INFO - idx: 8, output_dict_len: 341
2025-11-13 07:40:09 - 8_0.1_1 - INFO - user class dict total [83, 15, 12, 81, 43, 73, 78, 40, 101, 57, 89, 49]
2025-11-13 07:40:09 - 8_0.1_1 - INFO - idx: 9, output_dict_len: 527
2025-11-13 07:40:09 - 8_0.1_1 - INFO - Creating a baseline federated dataset
2025-11-13 07:40:09 - 8_0.1_1 - INFO - class_num 102
2025-11-13 07:40:09 - 8_0.1_1 - INFO - user class dict total [90, 54, 31, 35, 55, 72, 92, 42, 95, 84]
2025-11-13 07:40:09 - 8_0.1_1 - INFO - idx: 0, output_dict_len: 269
2025-11-13 07:40:09 - 8_0.1_1 - INFO - user class dict total [74, 0, 1, 80, 27, 20, 77, 50, 66, 45]
2025-11-13 07:40:09 - 8_0.1_1 - INFO - idx: 1, output_dict_len: 339
2025-11-13 07:40:09 - 8_0.1_1 - INFO - user class dict total [44, 82, 14, 32, 52, 70, 28, 51, 10, 21]
2025-11-13 07:40:09 - 8_0.1_1 - INFO - idx: 2, output_dict_len: 223
2025-11-13 07:40:09 - 8_0.1_1 - INFO - user class dict total [33, 75, 5, 48, 87, 98, 23, 69, 62, 7]
2025-11-13 07:40:09 - 8_0.1_1 - INFO - idx: 3, output_dict_len: 211
2025-11-13 07:40:09 - 8_0.1_1 - INFO - user class dict total [17, 18, 60, 34, 11, 58, 86, 13, 41, 30]
2025-11-13 07:40:09 - 8_0.1_1 - INFO - idx: 4, output_dict_len: 178
2025-11-13 07:40:09 - 8_0.1_1 - INFO - user class dict total [24, 71, 56, 76, 37, 6, 53, 79, 97, 39]
2025-11-13 07:40:09 - 8_0.1_1 - INFO - idx: 5, output_dict_len: 262
2025-11-13 07:40:09 - 8_0.1_1 - INFO - user class dict total [47, 65, 36, 91, 3, 63, 59, 9, 96, 64]
2025-11-13 07:40:09 - 8_0.1_1 - INFO - idx: 6, output_dict_len: 223
2025-11-13 07:40:09 - 8_0.1_1 - INFO - user class dict total [94, 88, 99, 61, 19, 25, 4, 16, 8, 46]
2025-11-13 07:40:09 - 8_0.1_1 - INFO - idx: 7, output_dict_len: 234
2025-11-13 07:40:09 - 8_0.1_1 - INFO - user class dict total [26, 2, 93, 85, 29, 22, 100, 67, 68, 38]
2025-11-13 07:40:09 - 8_0.1_1 - INFO - idx: 8, output_dict_len: 205
2025-11-13 07:40:09 - 8_0.1_1 - INFO - user class dict total [83, 15, 12, 81, 43, 73, 78, 40, 101, 57, 89, 49]
2025-11-13 07:40:09 - 8_0.1_1 - INFO - idx: 9, output_dict_len: 319
2025-11-13 07:40:09 - 8_0.1_1 - INFO - Loading CLIP (backbone: ViT-B/16)
2025-11-13 07:40:12 - 8_0.1_1 - INFO - Building custom CLIP
2025-11-13 07:40:12 - 8_0.1_1 - INFO - Turning off gradients in both the image and the text encoder
2025-11-13 07:40:56 - 8_0.1_1 - INFO - [Epoch 1/30] 训练耗时: 43.84s | 平均训练准确率: 0.83
2025-11-13 07:41:39 - 8_0.1_1 - INFO - [Epoch 2/30] 训练耗时: 43.03s | 平均训练准确率: 0.94
2025-11-13 07:42:21 - 8_0.1_1 - INFO - [Epoch 3/30] 训练耗时: 41.36s | 平均训练准确率: 1.25
2025-11-13 07:43:02 - 8_0.1_1 - INFO - [Epoch 4/30] 训练耗时: 41.52s | 平均训练准确率: 0.52
2025-11-13 07:43:43 - 8_0.1_1 - INFO - [Epoch 5/30] 训练耗时: 40.93s | 平均训练准确率: 0.45
2025-11-13 07:44:25 - 8_0.1_1 - INFO - [Epoch 6/30] 训练耗时: 41.92s | 平均训练准确率: 2.22
2025-11-13 07:45:07 - 8_0.1_1 - INFO - [Epoch 7/30] 训练耗时: 42.26s | 平均训练准确率: 1.08
2025-11-13 07:45:49 - 8_0.1_1 - INFO - [Epoch 8/30] 训练耗时: 41.96s | 平均训练准确率: 1.04
2025-11-13 07:46:29 - 8_0.1_1 - INFO - [Epoch 9/30] 训练耗时: 39.59s | 平均训练准确率: 0.90
2025-11-13 07:47:08 - 8_0.1_1 - INFO - [Epoch 10/30] 训练耗时: 39.00s | 平均训练准确率: 2.05
2025-11-13 07:47:50 - 8_0.1_1 - INFO - [Epoch 11/30] 训练耗时: 42.14s | 平均训练准确率: 2.67
2025-11-13 07:48:34 - 8_0.1_1 - INFO - [Epoch 12/30] 训练耗时: 43.60s | 平均训练准确率: 2.92
2025-11-13 07:49:17 - 8_0.1_1 - INFO - [Epoch 13/30] 训练耗时: 43.36s | 平均训练准确率: 2.99
2025-11-13 07:50:00 - 8_0.1_1 - INFO - [Epoch 14/30] 训练耗时: 43.07s | 平均训练准确率: 2.74
2025-11-13 07:50:44 - 8_0.1_1 - INFO - [Epoch 15/30] 训练耗时: 43.73s | 平均训练准确率: 3.06
2025-11-13 07:51:27 - 8_0.1_1 - INFO - [Epoch 16/30] 训练耗时: 43.03s | 平均训练准确率: 2.92
2025-11-13 07:52:10 - 8_0.1_1 - INFO - [Epoch 17/30] 训练耗时: 43.11s | 平均训练准确率: 3.78
2025-11-13 07:53:05 - 8_0.1_1 - INFO - [Epoch 18/30] 训练耗时: 54.96s | 平均训练准确率: 4.90
2025-11-13 07:54:08 - 8_0.1_1 - INFO - [Epoch 19/30] 训练耗时: 63.27s | 平均训练准确率: 2.64
2025-11-13 07:55:09 - 8_0.1_1 - INFO - [Epoch 20/30] 训练耗时: 60.31s | 平均训练准确率: 2.19
2025-11-13 07:56:11 - 8_0.1_1 - INFO - [Epoch 21/30] 训练耗时: 62.56s | 平均训练准确率: 1.08
2025-11-13 07:57:12 - 8_0.1_1 - INFO - [Epoch 22/30] 训练耗时: 60.58s | 平均训练准确率: 0.94
2025-11-13 07:58:14 - 8_0.1_1 - INFO - [Epoch 23/30] 训练耗时: 62.04s | 平均训练准确率: 1.01
2025-11-13 07:58:56 - 8_0.1_1 - INFO - [Epoch 24/30] 训练耗时: 42.59s | 平均训练准确率: 2.33
2025-11-13 07:59:57 - 8_0.1_1 - INFO - [Epoch 25/30] 训练耗时: 60.56s | 平均训练准确率: 2.67
2025-11-13 08:00:58 - 8_0.1_1 - INFO - [Epoch 26/30] 训练耗时: 60.81s | 平均训练准确率: 3.40
2025-11-13 08:02:04 - 8_0.1_1 - INFO - [Epoch 27/30] 训练耗时: 66.11s | 平均训练准确率: 3.02
2025-11-13 08:03:08 - 8_0.1_1 - INFO - [Epoch 28/30] 训练耗时: 64.27s | 平均训练准确率: 2.08
2025-11-13 08:03:08 - 8_0.1_1 - INFO - ------------local test start-------------
2025-11-13 08:03:08 - 8_0.1_1 - INFO - Evaluate on the client0 local set
2025-11-13 08:03:13 - 8_0.1_1 - INFO - => result | total 269 | correct 0 | acc 0.00% | err 100.00% | macro_f1 0.00%
2025-11-13 08:03:13 - 8_0.1_1 - INFO - Evaluate on the client0 neighbor set
2025-11-13 08:03:48 - 8_0.1_1 - INFO - => result | total 2,194 | correct 34 | acc 1.55% | err 98.45% | macro_f1 0.08%
2025-11-13 08:03:48 - 8_0.1_1 - INFO - Evaluate on the client1 local set
2025-11-13 08:03:53 - 8_0.1_1 - INFO - => result | total 339 | correct 0 | acc 0.00% | err 100.00% | macro_f1 0.00%
2025-11-13 08:03:53 - 8_0.1_1 - INFO - Evaluate on the client1 neighbor set
2025-11-13 08:04:30 - 8_0.1_1 - INFO - => result | total 2,124 | correct 31 | acc 1.46% | err 98.54% | macro_f1 0.08%
2025-11-13 08:04:30 - 8_0.1_1 - INFO - Evaluate on the client2 local set
2025-11-13 08:04:34 - 8_0.1_1 - INFO - => result | total 223 | correct 0 | acc 0.00% | err 100.00% | macro_f1 0.00%
2025-11-13 08:04:34 - 8_0.1_1 - INFO - Evaluate on the client2 neighbor set
2025-11-13 08:05:08 - 8_0.1_1 - INFO - => result | total 2,240 | correct 27 | acc 1.21% | err 98.79% | macro_f1 0.10%
2025-11-13 08:05:08 - 8_0.1_1 - INFO - Evaluate on the client3 local set
2025-11-13 08:05:11 - 8_0.1_1 - INFO - => result | total 211 | correct 0 | acc 0.00% | err 100.00% | macro_f1 0.00%
2025-11-13 08:05:11 - 8_0.1_1 - INFO - Evaluate on the client3 neighbor set
2025-11-13 08:05:42 - 8_0.1_1 - INFO - => result | total 2,252 | correct 30 | acc 1.33% | err 98.67% | macro_f1 0.17%
2025-11-13 08:05:42 - 8_0.1_1 - INFO - Evaluate on the client4 local set
2025-11-13 08:05:44 - 8_0.1_1 - INFO - => result | total 178 | correct 0 | acc 0.00% | err 100.00% | macro_f1 0.00%
2025-11-13 08:05:44 - 8_0.1_1 - INFO - Evaluate on the client4 neighbor set
2025-11-13 08:06:21 - 8_0.1_1 - INFO - => result | total 2,285 | correct 30 | acc 1.31% | err 98.69% | macro_f1 0.18%
2025-11-13 08:06:21 - 8_0.1_1 - INFO - Evaluate on the client5 local set
2025-11-13 08:06:26 - 8_0.1_1 - INFO - => result | total 262 | correct 22 | acc 8.40% | err 91.60% | macro_f1 1.98%
2025-11-13 08:06:26 - 8_0.1_1 - INFO - Evaluate on the client5 neighbor set
2025-11-13 08:07:02 - 8_0.1_1 - INFO - => result | total 2,201 | correct 8 | acc 0.36% | err 99.64% | macro_f1 0.18%
2025-11-13 08:07:02 - 8_0.1_1 - INFO - Evaluate on the client6 local set
2025-11-13 08:07:05 - 8_0.1_1 - INFO - => result | total 223 | correct 0 | acc 0.00% | err 100.00% | macro_f1 0.00%
2025-11-13 08:07:05 - 8_0.1_1 - INFO - Evaluate on the client6 neighbor set
2025-11-13 08:07:44 - 8_0.1_1 - INFO - => result | total 2,240 | correct 27 | acc 1.21% | err 98.79% | macro_f1 0.22%
2025-11-13 08:07:44 - 8_0.1_1 - INFO - Evaluate on the client7 local set
2025-11-13 08:07:48 - 8_0.1_1 - INFO - => result | total 234 | correct 0 | acc 0.00% | err 100.00% | macro_f1 0.00%
2025-11-13 08:07:48 - 8_0.1_1 - INFO - Evaluate on the client7 neighbor set
2025-11-13 08:08:27 - 8_0.1_1 - INFO - => result | total 2,229 | correct 28 | acc 1.26% | err 98.74% | macro_f1 0.26%
2025-11-13 08:08:27 - 8_0.1_1 - INFO - Evaluate on the client8 local set
2025-11-13 08:08:30 - 8_0.1_1 - INFO - => result | total 205 | correct 0 | acc 0.00% | err 100.00% | macro_f1 0.00%
2025-11-13 08:08:30 - 8_0.1_1 - INFO - Evaluate on the client8 neighbor set
2025-11-13 08:09:08 - 8_0.1_1 - INFO - => result | total 2,258 | correct 29 | acc 1.28% | err 98.72% | macro_f1 0.26%
2025-11-13 08:09:08 - 8_0.1_1 - INFO - Evaluate on the client9 local set
2025-11-13 08:09:13 - 8_0.1_1 - INFO - => result | total 319 | correct 15 | acc 4.70% | err 95.30% | macro_f1 3.57%
2025-11-13 08:09:13 - 8_0.1_1 - INFO - Evaluate on the client9 neighbor set
2025-11-13 08:09:51 - 8_0.1_1 - INFO - => result | total 2,144 | correct 16 | acc 0.75% | err 99.25% | macro_f1 0.03%
2025-11-13 08:09:51 - 8_0.1_1 - INFO - Global test local acc: 1.31
2025-11-13 08:09:51 - 8_0.1_1 - INFO - Global test neighbor acc: 1.17
2025-11-13 08:09:51 - 8_0.1_1 - INFO - ------------local test finish-------------
2025-11-13 08:09:51 - 8_0.1_1 - INFO - [Epoch 28/30] 测试耗时: 402.51s
2025-11-13 08:10:59 - 8_0.1_1 - INFO - [Epoch 29/30] 训练耗时: 68.31s | 平均训练准确率: 1.94
2025-11-13 08:10:59 - 8_0.1_1 - INFO - ------------local test start-------------
2025-11-13 08:10:59 - 8_0.1_1 - INFO - Evaluate on the client0 local set
2025-11-13 08:11:05 - 8_0.1_1 - INFO - => result | total 269 | correct 13 | acc 4.83% | err 95.17% | macro_f1 1.71%
2025-11-13 08:11:05 - 8_0.1_1 - INFO - Evaluate on the client0 neighbor set
2025-11-13 08:11:40 - 8_0.1_1 - INFO - => result | total 2,194 | correct 6 | acc 0.27% | err 99.73% | macro_f1 0.11%
2025-11-13 08:11:40 - 8_0.1_1 - INFO - Evaluate on the client1 local set
2025-11-13 08:11:45 - 8_0.1_1 - INFO - => result | total 339 | correct 0 | acc 0.00% | err 100.00% | macro_f1 0.00%
2025-11-13 08:11:45 - 8_0.1_1 - INFO - Evaluate on the client1 neighbor set
2025-11-13 08:12:21 - 8_0.1_1 - INFO - => result | total 2,124 | correct 21 | acc 0.99% | err 99.01% | macro_f1 0.16%
2025-11-13 08:12:21 - 8_0.1_1 - INFO - Evaluate on the client2 local set
2025-11-13 08:12:23 - 8_0.1_1 - INFO - => result | total 223 | correct 0 | acc 0.00% | err 100.00% | macro_f1 0.00%
2025-11-13 08:12:23 - 8_0.1_1 - INFO - Evaluate on the client2 neighbor set
2025-11-13 08:12:46 - 8_0.1_1 - INFO - => result | total 2,240 | correct 20 | acc 0.89% | err 99.11% | macro_f1 0.16%
2025-11-13 08:12:46 - 8_0.1_1 - INFO - Evaluate on the client3 local set
2025-11-13 08:12:49 - 8_0.1_1 - INFO - => result | total 211 | correct 1 | acc 0.47% | err 99.53% | macro_f1 1.25%
2025-11-13 08:12:49 - 8_0.1_1 - INFO - Evaluate on the client3 neighbor set
2025-11-13 08:13:12 - 8_0.1_1 - INFO - => result | total 2,252 | correct 17 | acc 0.75% | err 99.25% | macro_f1 0.08%
2025-11-13 08:13:12 - 8_0.1_1 - INFO - Evaluate on the client4 local set
2025-11-13 08:13:14 - 8_0.1_1 - INFO - => result | total 178 | correct 1 | acc 0.56% | err 99.44% | macro_f1 0.65%
2025-11-13 08:13:14 - 8_0.1_1 - INFO - Evaluate on the client4 neighbor set
2025-11-13 08:13:39 - 8_0.1_1 - INFO - => result | total 2,285 | correct 15 | acc 0.66% | err 99.34% | macro_f1 0.06%
2025-11-13 08:13:39 - 8_0.1_1 - INFO - Evaluate on the client5 local set
2025-11-13 08:13:42 - 8_0.1_1 - INFO - => result | total 262 | correct 1 | acc 0.38% | err 99.62% | macro_f1 0.17%
2025-11-13 08:13:42 - 8_0.1_1 - INFO - Evaluate on the client5 neighbor set
2025-11-13 08:14:05 - 8_0.1_1 - INFO - => result | total 2,201 | correct 15 | acc 0.68% | err 99.32% | macro_f1 0.06%
2025-11-13 08:14:05 - 8_0.1_1 - INFO - Evaluate on the client6 local set
2025-11-13 08:14:07 - 8_0.1_1 - INFO - => result | total 223 | correct 0 | acc 0.00% | err 100.00% | macro_f1 0.00%
2025-11-13 08:14:07 - 8_0.1_1 - INFO - Evaluate on the client6 neighbor set
2025-11-13 08:14:31 - 8_0.1_1 - INFO - => result | total 2,240 | correct 16 | acc 0.71% | err 99.29% | macro_f1 0.06%
2025-11-13 08:14:31 - 8_0.1_1 - INFO - Evaluate on the client7 local set
2025-11-13 08:14:33 - 8_0.1_1 - INFO - => result | total 234 | correct 3 | acc 1.28% | err 98.72% | macro_f1 0.97%
2025-11-13 08:14:33 - 8_0.1_1 - INFO - Evaluate on the client7 neighbor set
2025-11-13 08:14:57 - 8_0.1_1 - INFO - => result | total 2,229 | correct 12 | acc 0.54% | err 99.46% | macro_f1 0.03%
2025-11-13 08:14:57 - 8_0.1_1 - INFO - Evaluate on the client8 local set
2025-11-13 08:14:59 - 8_0.1_1 - INFO - => result | total 205 | correct 1 | acc 0.49% | err 99.51% | macro_f1 0.56%
2025-11-13 08:14:59 - 8_0.1_1 - INFO - Evaluate on the client8 neighbor set
2025-11-13 08:15:21 - 8_0.1_1 - INFO - => result | total 2,258 | correct 13 | acc 0.58% | err 99.42% | macro_f1 0.05%
2025-11-13 08:15:21 - 8_0.1_1 - INFO - Evaluate on the client9 local set
2025-11-13 08:15:24 - 8_0.1_1 - INFO - => result | total 319 | correct 0 | acc 0.00% | err 100.00% | macro_f1 0.00%
2025-11-13 08:15:24 - 8_0.1_1 - INFO - Evaluate on the client9 neighbor set
2025-11-13 08:15:47 - 8_0.1_1 - INFO - => result | total 2,144 | correct 13 | acc 0.61% | err 99.39% | macro_f1 0.06%
2025-11-13 08:15:47 - 8_0.1_1 - INFO - Global test local acc: 0.80
2025-11-13 08:15:47 - 8_0.1_1 - INFO - Global test neighbor acc: 0.67
2025-11-13 08:15:47 - 8_0.1_1 - INFO - ------------local test finish-------------
2025-11-13 08:15:47 - 8_0.1_1 - INFO - [Epoch 29/30] 测试耗时: 288.37s
2025-11-13 08:16:24 - 8_0.1_1 - INFO - [Epoch 30/30] 训练耗时: 36.48s | 平均训练准确率: 1.25
2025-11-13 08:16:24 - 8_0.1_1 - INFO - ------------local test start-------------
2025-11-13 08:16:24 - 8_0.1_1 - INFO - Evaluate on the client0 local set
2025-11-13 08:16:26 - 8_0.1_1 - INFO - => result | total 269 | correct 0 | acc 0.00% | err 100.00% | macro_f1 0.00%
2025-11-13 08:16:26 - 8_0.1_1 - INFO - Evaluate on the client0 neighbor set
2025-11-13 08:16:49 - 8_0.1_1 - INFO - => result | total 2,194 | correct 9 | acc 0.41% | err 99.59% | macro_f1 0.07%
2025-11-13 08:16:49 - 8_0.1_1 - INFO - Evaluate on the client1 local set
2025-11-13 08:16:53 - 8_0.1_1 - INFO - => result | total 339 | correct 0 | acc 0.00% | err 100.00% | macro_f1 0.00%
2025-11-13 08:16:53 - 8_0.1_1 - INFO - Evaluate on the client1 neighbor set
2025-11-13 08:17:16 - 8_0.1_1 - INFO - => result | total 2,124 | correct 12 | acc 0.56% | err 99.44% | macro_f1 0.18%
2025-11-13 08:17:16 - 8_0.1_1 - INFO - Evaluate on the client2 local set
2025-11-13 08:17:18 - 8_0.1_1 - INFO - => result | total 223 | correct 0 | acc 0.00% | err 100.00% | macro_f1 0.00%
2025-11-13 08:17:18 - 8_0.1_1 - INFO - Evaluate on the client2 neighbor set
2025-11-13 08:17:42 - 8_0.1_1 - INFO - => result | total 2,240 | correct 19 | acc 0.85% | err 99.15% | macro_f1 0.36%
2025-11-13 08:17:42 - 8_0.1_1 - INFO - Evaluate on the client3 local set
2025-11-13 08:17:44 - 8_0.1_1 - INFO - => result | total 211 | correct 0 | acc 0.00% | err 100.00% | macro_f1 0.00%
2025-11-13 08:17:44 - 8_0.1_1 - INFO - Evaluate on the client3 neighbor set
2025-11-13 08:18:07 - 8_0.1_1 - INFO - => result | total 2,252 | correct 31 | acc 1.38% | err 98.62% | macro_f1 0.37%
2025-11-13 08:18:07 - 8_0.1_1 - INFO - Evaluate on the client4 local set
2025-11-13 08:18:09 - 8_0.1_1 - INFO - => result | total 178 | correct 4 | acc 2.25% | err 97.75% | macro_f1 3.64%
2025-11-13 08:18:09 - 8_0.1_1 - INFO - Evaluate on the client4 neighbor set
2025-11-13 08:18:32 - 8_0.1_1 - INFO - => result | total 2,285 | correct 39 | acc 1.71% | err 98.29% | macro_f1 0.33%
2025-11-13 08:18:32 - 8_0.1_1 - INFO - Evaluate on the client5 local set
2025-11-13 08:18:35 - 8_0.1_1 - INFO - => result | total 262 | correct 2 | acc 0.76% | err 99.24% | macro_f1 2.67%
2025-11-13 08:18:35 - 8_0.1_1 - INFO - Evaluate on the client5 neighbor set
2025-11-13 08:18:57 - 8_0.1_1 - INFO - => result | total 2,201 | correct 48 | acc 2.18% | err 97.82% | macro_f1 0.24%
2025-11-13 08:18:57 - 8_0.1_1 - INFO - Evaluate on the client6 local set
2025-11-13 08:19:00 - 8_0.1_1 - INFO - => result | total 223 | correct 0 | acc 0.00% | err 100.00% | macro_f1 0.00%
2025-11-13 08:19:00 - 8_0.1_1 - INFO - Evaluate on the client6 neighbor set
2025-11-13 08:19:23 - 8_0.1_1 - INFO - => result | total 2,240 | correct 55 | acc 2.46% | err 97.54% | macro_f1 0.46%
2025-11-13 08:19:23 - 8_0.1_1 - INFO - Evaluate on the client7 local set
2025-11-13 08:19:25 - 8_0.1_1 - INFO - => result | total 234 | correct 46 | acc 19.66% | err 80.34% | macro_f1 4.04%
2025-11-13 08:19:25 - 8_0.1_1 - INFO - Evaluate on the client7 neighbor set
2025-11-13 08:19:49 - 8_0.1_1 - INFO - => result | total 2,229 | correct 7 | acc 0.31% | err 99.69% | macro_f1 0.31%
2025-11-13 08:19:49 - 8_0.1_1 - INFO - Evaluate on the client8 local set
2025-11-13 08:19:51 - 8_0.1_1 - INFO - => result | total 205 | correct 1 | acc 0.49% | err 99.51% | macro_f1 0.69%
2025-11-13 08:19:51 - 8_0.1_1 - INFO - Evaluate on the client8 neighbor set
2025-11-13 08:20:14 - 8_0.1_1 - INFO - => result | total 2,258 | correct 53 | acc 2.35% | err 97.65% | macro_f1 0.36%
2025-11-13 08:20:14 - 8_0.1_1 - INFO - Evaluate on the client9 local set
2025-11-13 08:20:18 - 8_0.1_1 - INFO - => result | total 319 | correct 1 | acc 0.31% | err 99.69% | macro_f1 0.32%
2025-11-13 08:20:18 - 8_0.1_1 - INFO - Evaluate on the client9 neighbor set
2025-11-13 08:20:40 - 8_0.1_1 - INFO - => result | total 2,144 | correct 55 | acc 2.57% | err 97.43% | macro_f1 0.41%
2025-11-13 08:20:40 - 8_0.1_1 - INFO - Global test local acc: 2.35
2025-11-13 08:20:40 - 8_0.1_1 - INFO - Global test neighbor acc: 1.48
2025-11-13 08:20:40 - 8_0.1_1 - INFO - ------------local test finish-------------
2025-11-13 08:20:40 - 8_0.1_1 - INFO - [Epoch 30/30] 测试耗时: 256.17s
2025-11-13 08:20:40 - 8_0.1_1 - INFO - maximum test local acc: 2.347
2025-11-13 08:20:40 - 8_0.1_1 - INFO - mean of local acc: 1.486
2025-11-13 08:20:40 - 8_0.1_1 - INFO - maximum test neighbor acc: 1.477
2025-11-13 08:20:40 - 8_0.1_1 - INFO - mean of neighbor acc: 1.106
