2025-11-13 04:49:53 - 8_0.4_1 - INFO - 日志文件已创建: logs/oxford_flowers/promptfl/8_0.4_1_20251113_044953.log
2025-11-13 04:49:53 - 8_0.4_1 - INFO - Loading trainer: DP_FPL
2025-11-13 04:49:53 - 8_0.4_1 - INFO - Loading dataset: OxfordFlowers
2025-11-13 04:49:53 - 8_0.4_1 - INFO - Reading split from /home/liuxin25/dataset/oxford_flowers/split_zhou_OxfordFlowers.json
2025-11-13 04:49:54 - 8_0.4_1 - INFO - Creating a baseline federated dataset
2025-11-13 04:49:54 - 8_0.4_1 - INFO - class_num 102
2025-11-13 04:49:54 - 8_0.4_1 - INFO - user class dict total [90, 54, 31, 35, 55, 72, 92, 42, 95, 84]
2025-11-13 04:49:54 - 8_0.4_1 - INFO - idx: 0, output_dict_len: 451
2025-11-13 04:49:54 - 8_0.4_1 - INFO - user class dict total [74, 0, 1, 80, 27, 20, 77, 50, 66, 45]
2025-11-13 04:49:54 - 8_0.4_1 - INFO - idx: 1, output_dict_len: 562
2025-11-13 04:49:54 - 8_0.4_1 - INFO - user class dict total [44, 82, 14, 32, 52, 70, 28, 51, 10, 21]
2025-11-13 04:49:54 - 8_0.4_1 - INFO - idx: 2, output_dict_len: 373
2025-11-13 04:49:54 - 8_0.4_1 - INFO - user class dict total [33, 75, 5, 48, 87, 98, 23, 69, 62, 7]
2025-11-13 04:49:54 - 8_0.4_1 - INFO - idx: 3, output_dict_len: 350
2025-11-13 04:49:54 - 8_0.4_1 - INFO - user class dict total [17, 18, 60, 34, 11, 58, 86, 13, 41, 30]
2025-11-13 04:49:54 - 8_0.4_1 - INFO - idx: 4, output_dict_len: 302
2025-11-13 04:49:54 - 8_0.4_1 - INFO - user class dict total [24, 71, 56, 76, 37, 6, 53, 79, 97, 39]
2025-11-13 04:49:54 - 8_0.4_1 - INFO - idx: 5, output_dict_len: 433
2025-11-13 04:49:54 - 8_0.4_1 - INFO - user class dict total [47, 65, 36, 91, 3, 63, 59, 9, 96, 64]
2025-11-13 04:49:54 - 8_0.4_1 - INFO - idx: 6, output_dict_len: 367
2025-11-13 04:49:54 - 8_0.4_1 - INFO - user class dict total [94, 88, 99, 61, 19, 25, 4, 16, 8, 46]
2025-11-13 04:49:54 - 8_0.4_1 - INFO - idx: 7, output_dict_len: 387
2025-11-13 04:49:54 - 8_0.4_1 - INFO - user class dict total [26, 2, 93, 85, 29, 22, 100, 67, 68, 38]
2025-11-13 04:49:54 - 8_0.4_1 - INFO - idx: 8, output_dict_len: 341
2025-11-13 04:49:54 - 8_0.4_1 - INFO - user class dict total [83, 15, 12, 81, 43, 73, 78, 40, 101, 57, 89, 49]
2025-11-13 04:49:54 - 8_0.4_1 - INFO - idx: 9, output_dict_len: 527
2025-11-13 04:49:54 - 8_0.4_1 - INFO - Creating a baseline federated dataset
2025-11-13 04:49:54 - 8_0.4_1 - INFO - class_num 102
2025-11-13 04:49:54 - 8_0.4_1 - INFO - user class dict total [90, 54, 31, 35, 55, 72, 92, 42, 95, 84]
2025-11-13 04:49:54 - 8_0.4_1 - INFO - idx: 0, output_dict_len: 269
2025-11-13 04:49:54 - 8_0.4_1 - INFO - user class dict total [74, 0, 1, 80, 27, 20, 77, 50, 66, 45]
2025-11-13 04:49:54 - 8_0.4_1 - INFO - idx: 1, output_dict_len: 339
2025-11-13 04:49:54 - 8_0.4_1 - INFO - user class dict total [44, 82, 14, 32, 52, 70, 28, 51, 10, 21]
2025-11-13 04:49:54 - 8_0.4_1 - INFO - idx: 2, output_dict_len: 223
2025-11-13 04:49:54 - 8_0.4_1 - INFO - user class dict total [33, 75, 5, 48, 87, 98, 23, 69, 62, 7]
2025-11-13 04:49:54 - 8_0.4_1 - INFO - idx: 3, output_dict_len: 211
2025-11-13 04:49:54 - 8_0.4_1 - INFO - user class dict total [17, 18, 60, 34, 11, 58, 86, 13, 41, 30]
2025-11-13 04:49:54 - 8_0.4_1 - INFO - idx: 4, output_dict_len: 178
2025-11-13 04:49:54 - 8_0.4_1 - INFO - user class dict total [24, 71, 56, 76, 37, 6, 53, 79, 97, 39]
2025-11-13 04:49:54 - 8_0.4_1 - INFO - idx: 5, output_dict_len: 262
2025-11-13 04:49:54 - 8_0.4_1 - INFO - user class dict total [47, 65, 36, 91, 3, 63, 59, 9, 96, 64]
2025-11-13 04:49:54 - 8_0.4_1 - INFO - idx: 6, output_dict_len: 223
2025-11-13 04:49:54 - 8_0.4_1 - INFO - user class dict total [94, 88, 99, 61, 19, 25, 4, 16, 8, 46]
2025-11-13 04:49:54 - 8_0.4_1 - INFO - idx: 7, output_dict_len: 234
2025-11-13 04:49:54 - 8_0.4_1 - INFO - user class dict total [26, 2, 93, 85, 29, 22, 100, 67, 68, 38]
2025-11-13 04:49:54 - 8_0.4_1 - INFO - idx: 8, output_dict_len: 205
2025-11-13 04:49:54 - 8_0.4_1 - INFO - user class dict total [83, 15, 12, 81, 43, 73, 78, 40, 101, 57, 89, 49]
2025-11-13 04:49:54 - 8_0.4_1 - INFO - idx: 9, output_dict_len: 319
2025-11-13 04:49:54 - 8_0.4_1 - INFO - Loading CLIP (backbone: ViT-B/16)
2025-11-13 04:49:57 - 8_0.4_1 - INFO - Building custom CLIP
2025-11-13 04:49:57 - 8_0.4_1 - INFO - Turning off gradients in both the image and the text encoder
2025-11-13 04:50:41 - 8_0.4_1 - INFO - [Epoch 1/30] 训练耗时: 43.30s | 平均训练准确率: 0.83
2025-11-13 04:51:22 - 8_0.4_1 - INFO - [Epoch 2/30] 训练耗时: 41.11s | 平均训练准确率: 1.25
2025-11-13 04:52:04 - 8_0.4_1 - INFO - [Epoch 3/30] 训练耗时: 41.73s | 平均训练准确率: 1.53
2025-11-13 04:52:45 - 8_0.4_1 - INFO - [Epoch 4/30] 训练耗时: 40.79s | 平均训练准确率: 1.74
2025-11-13 04:53:23 - 8_0.4_1 - INFO - [Epoch 5/30] 训练耗时: 38.10s | 平均训练准确率: 2.53
2025-11-13 04:54:01 - 8_0.4_1 - INFO - [Epoch 6/30] 训练耗时: 38.69s | 平均训练准确率: 3.82
2025-11-13 04:54:43 - 8_0.4_1 - INFO - [Epoch 7/30] 训练耗时: 41.63s | 平均训练准确率: 3.99
2025-11-13 04:55:24 - 8_0.4_1 - INFO - [Epoch 8/30] 训练耗时: 41.12s | 平均训练准确率: 3.54
2025-11-13 04:56:06 - 8_0.4_1 - INFO - [Epoch 9/30] 训练耗时: 42.23s | 平均训练准确率: 1.67
2025-11-13 04:56:48 - 8_0.4_1 - INFO - [Epoch 10/30] 训练耗时: 41.54s | 平均训练准确率: 2.81
2025-11-13 04:57:30 - 8_0.4_1 - INFO - [Epoch 11/30] 训练耗时: 42.29s | 平均训练准确率: 2.40
2025-11-13 04:58:12 - 8_0.4_1 - INFO - [Epoch 12/30] 训练耗时: 41.96s | 平均训练准确率: 1.94
2025-11-13 04:58:53 - 8_0.4_1 - INFO - [Epoch 13/30] 训练耗时: 41.26s | 平均训练准确率: 1.42
2025-11-13 04:59:35 - 8_0.4_1 - INFO - [Epoch 14/30] 训练耗时: 41.86s | 平均训练准确率: 2.53
2025-11-13 05:00:21 - 8_0.4_1 - INFO - [Epoch 15/30] 训练耗时: 46.11s | 平均训练准确率: 2.64
2025-11-13 05:01:22 - 8_0.4_1 - INFO - [Epoch 16/30] 训练耗时: 61.02s | 平均训练准确率: 2.22
2025-11-13 05:02:20 - 8_0.4_1 - INFO - [Epoch 17/30] 训练耗时: 57.31s | 平均训练准确率: 1.22
2025-11-13 05:03:22 - 8_0.4_1 - INFO - [Epoch 18/30] 训练耗时: 62.41s | 平均训练准确率: 1.35
2025-11-13 05:04:21 - 8_0.4_1 - INFO - [Epoch 19/30] 训练耗时: 58.87s | 平均训练准确率: 1.94
2025-11-13 05:05:21 - 8_0.4_1 - INFO - [Epoch 20/30] 训练耗时: 59.83s | 平均训练准确率: 2.12
2025-11-13 05:06:12 - 8_0.4_1 - INFO - [Epoch 21/30] 训练耗时: 51.37s | 平均训练准确率: 2.12
2025-11-13 05:07:04 - 8_0.4_1 - INFO - [Epoch 22/30] 训练耗时: 51.68s | 平均训练准确率: 1.91
2025-11-13 05:08:03 - 8_0.4_1 - INFO - [Epoch 23/30] 训练耗时: 58.94s | 平均训练准确率: 1.91
2025-11-13 05:09:02 - 8_0.4_1 - INFO - [Epoch 24/30] 训练耗时: 59.48s | 平均训练准确率: 1.53
2025-11-13 05:10:05 - 8_0.4_1 - INFO - [Epoch 25/30] 训练耗时: 62.88s | 平均训练准确率: 2.40
2025-11-13 05:11:05 - 8_0.4_1 - INFO - [Epoch 26/30] 训练耗时: 60.00s | 平均训练准确率: 2.19
2025-11-13 05:12:08 - 8_0.4_1 - INFO - [Epoch 27/30] 训练耗时: 63.03s | 平均训练准确率: 1.70
2025-11-13 05:12:52 - 8_0.4_1 - INFO - [Epoch 28/30] 训练耗时: 43.67s | 平均训练准确率: 1.94
2025-11-13 05:12:52 - 8_0.4_1 - INFO - ------------local test start-------------
2025-11-13 05:12:52 - 8_0.4_1 - INFO - Evaluate on the client0 local set
2025-11-13 05:12:56 - 8_0.4_1 - INFO - => result | total 269 | correct 0 | acc 0.00% | err 100.00% | macro_f1 0.00%
2025-11-13 05:12:56 - 8_0.4_1 - INFO - Evaluate on the client0 neighbor set
2025-11-13 05:13:29 - 8_0.4_1 - INFO - => result | total 2,194 | correct 34 | acc 1.55% | err 98.45% | macro_f1 0.09%
2025-11-13 05:13:29 - 8_0.4_1 - INFO - Evaluate on the client1 local set
2025-11-13 05:13:35 - 8_0.4_1 - INFO - => result | total 339 | correct 27 | acc 7.96% | err 92.04% | macro_f1 2.90%
2025-11-13 05:13:35 - 8_0.4_1 - INFO - Evaluate on the client1 neighbor set
2025-11-13 05:14:09 - 8_0.4_1 - INFO - => result | total 2,124 | correct 7 | acc 0.33% | err 99.67% | macro_f1 0.05%
2025-11-13 05:14:09 - 8_0.4_1 - INFO - Evaluate on the client2 local set
2025-11-13 05:14:13 - 8_0.4_1 - INFO - => result | total 223 | correct 0 | acc 0.00% | err 100.00% | macro_f1 0.00%
2025-11-13 05:14:13 - 8_0.4_1 - INFO - Evaluate on the client2 neighbor set
2025-11-13 05:14:49 - 8_0.4_1 - INFO - => result | total 2,240 | correct 36 | acc 1.61% | err 98.39% | macro_f1 0.12%
2025-11-13 05:14:49 - 8_0.4_1 - INFO - Evaluate on the client3 local set
2025-11-13 05:14:53 - 8_0.4_1 - INFO - => result | total 211 | correct 0 | acc 0.00% | err 100.00% | macro_f1 0.00%
2025-11-13 05:14:53 - 8_0.4_1 - INFO - Evaluate on the client3 neighbor set
2025-11-13 05:15:29 - 8_0.4_1 - INFO - => result | total 2,252 | correct 33 | acc 1.47% | err 98.53% | macro_f1 0.12%
2025-11-13 05:15:29 - 8_0.4_1 - INFO - Evaluate on the client4 local set
2025-11-13 05:15:32 - 8_0.4_1 - INFO - => result | total 178 | correct 0 | acc 0.00% | err 100.00% | macro_f1 0.00%
2025-11-13 05:15:32 - 8_0.4_1 - INFO - Evaluate on the client4 neighbor set
2025-11-13 05:16:07 - 8_0.4_1 - INFO - => result | total 2,285 | correct 31 | acc 1.36% | err 98.64% | macro_f1 0.11%
2025-11-13 05:16:07 - 8_0.4_1 - INFO - Evaluate on the client5 local set
2025-11-13 05:16:12 - 8_0.4_1 - INFO - => result | total 262 | correct 3 | acc 1.15% | err 98.85% | macro_f1 0.39%
2025-11-13 05:16:12 - 8_0.4_1 - INFO - Evaluate on the client5 neighbor set
2025-11-13 05:16:45 - 8_0.4_1 - INFO - => result | total 2,201 | correct 30 | acc 1.36% | err 98.64% | macro_f1 0.11%
2025-11-13 05:16:45 - 8_0.4_1 - INFO - Evaluate on the client6 local set
2025-11-13 05:16:49 - 8_0.4_1 - INFO - => result | total 223 | correct 0 | acc 0.00% | err 100.00% | macro_f1 0.00%
2025-11-13 05:16:49 - 8_0.4_1 - INFO - Evaluate on the client6 neighbor set
2025-11-13 05:17:25 - 8_0.4_1 - INFO - => result | total 2,240 | correct 34 | acc 1.52% | err 98.48% | macro_f1 0.13%
2025-11-13 05:17:25 - 8_0.4_1 - INFO - Evaluate on the client7 local set
2025-11-13 05:17:29 - 8_0.4_1 - INFO - => result | total 234 | correct 0 | acc 0.00% | err 100.00% | macro_f1 0.00%
2025-11-13 05:17:29 - 8_0.4_1 - INFO - Evaluate on the client7 neighbor set
2025-11-13 05:18:05 - 8_0.4_1 - INFO - => result | total 2,229 | correct 35 | acc 1.57% | err 98.43% | macro_f1 0.13%
2025-11-13 05:18:05 - 8_0.4_1 - INFO - Evaluate on the client8 local set
2025-11-13 05:18:08 - 8_0.4_1 - INFO - => result | total 205 | correct 0 | acc 0.00% | err 100.00% | macro_f1 0.00%
2025-11-13 05:18:08 - 8_0.4_1 - INFO - Evaluate on the client8 neighbor set
2025-11-13 05:18:45 - 8_0.4_1 - INFO - => result | total 2,258 | correct 36 | acc 1.59% | err 98.41% | macro_f1 0.13%
2025-11-13 05:18:45 - 8_0.4_1 - INFO - Evaluate on the client9 local set
2025-11-13 05:18:51 - 8_0.4_1 - INFO - => result | total 319 | correct 14 | acc 4.39% | err 95.61% | macro_f1 2.59%
2025-11-13 05:18:51 - 8_0.4_1 - INFO - Evaluate on the client9 neighbor set
2025-11-13 05:19:26 - 8_0.4_1 - INFO - => result | total 2,144 | correct 22 | acc 1.03% | err 98.97% | macro_f1 0.08%
2025-11-13 05:19:26 - 8_0.4_1 - INFO - Global test local acc: 1.35
2025-11-13 05:19:26 - 8_0.4_1 - INFO - Global test neighbor acc: 1.34
2025-11-13 05:19:26 - 8_0.4_1 - INFO - ------------local test finish-------------
2025-11-13 05:19:26 - 8_0.4_1 - INFO - [Epoch 28/30] 测试耗时: 394.14s
2025-11-13 05:20:13 - 8_0.4_1 - INFO - [Epoch 29/30] 训练耗时: 47.42s | 平均训练准确率: 2.85
2025-11-13 05:20:13 - 8_0.4_1 - INFO - ------------local test start-------------
2025-11-13 05:20:13 - 8_0.4_1 - INFO - Evaluate on the client0 local set
2025-11-13 05:20:17 - 8_0.4_1 - INFO - => result | total 269 | correct 0 | acc 0.00% | err 100.00% | macro_f1 0.00%
2025-11-13 05:20:17 - 8_0.4_1 - INFO - Evaluate on the client0 neighbor set
2025-11-13 05:20:48 - 8_0.4_1 - INFO - => result | total 2,194 | correct 58 | acc 2.64% | err 97.36% | macro_f1 0.25%
2025-11-13 05:20:48 - 8_0.4_1 - INFO - Evaluate on the client1 local set
2025-11-13 05:20:53 - 8_0.4_1 - INFO - => result | total 339 | correct 14 | acc 4.13% | err 95.87% | macro_f1 2.26%
2025-11-13 05:20:53 - 8_0.4_1 - INFO - Evaluate on the client1 neighbor set
2025-11-13 05:21:24 - 8_0.4_1 - INFO - => result | total 2,124 | correct 44 | acc 2.07% | err 97.93% | macro_f1 0.21%
2025-11-13 05:21:24 - 8_0.4_1 - INFO - Evaluate on the client2 local set
2025-11-13 05:21:27 - 8_0.4_1 - INFO - => result | total 223 | correct 0 | acc 0.00% | err 100.00% | macro_f1 0.00%
2025-11-13 05:21:27 - 8_0.4_1 - INFO - Evaluate on the client2 neighbor set
2025-11-13 05:21:59 - 8_0.4_1 - INFO - => result | total 2,240 | correct 55 | acc 2.46% | err 97.54% | macro_f1 0.21%
2025-11-13 05:21:59 - 8_0.4_1 - INFO - Evaluate on the client3 local set
2025-11-13 05:22:02 - 8_0.4_1 - INFO - => result | total 211 | correct 0 | acc 0.00% | err 100.00% | macro_f1 0.00%
2025-11-13 05:22:02 - 8_0.4_1 - INFO - Evaluate on the client3 neighbor set
2025-11-13 05:22:33 - 8_0.4_1 - INFO - => result | total 2,252 | correct 52 | acc 2.31% | err 97.69% | macro_f1 0.18%
2025-11-13 05:22:33 - 8_0.4_1 - INFO - Evaluate on the client4 local set
2025-11-13 05:22:35 - 8_0.4_1 - INFO - => result | total 178 | correct 0 | acc 0.00% | err 100.00% | macro_f1 0.00%
2025-11-13 05:22:35 - 8_0.4_1 - INFO - Evaluate on the client4 neighbor set
2025-11-13 05:23:08 - 8_0.4_1 - INFO - => result | total 2,285 | correct 52 | acc 2.28% | err 97.72% | macro_f1 0.18%
2025-11-13 05:23:08 - 8_0.4_1 - INFO - Evaluate on the client5 local set
2025-11-13 05:23:11 - 8_0.4_1 - INFO - => result | total 262 | correct 14 | acc 5.34% | err 94.66% | macro_f1 2.57%
2025-11-13 05:23:11 - 8_0.4_1 - INFO - Evaluate on the client5 neighbor set
2025-11-13 05:23:42 - 8_0.4_1 - INFO - => result | total 2,201 | correct 39 | acc 1.77% | err 98.23% | macro_f1 0.11%
2025-11-13 05:23:42 - 8_0.4_1 - INFO - Evaluate on the client6 local set
2025-11-13 05:23:46 - 8_0.4_1 - INFO - => result | total 223 | correct 0 | acc 0.00% | err 100.00% | macro_f1 0.00%
2025-11-13 05:23:46 - 8_0.4_1 - INFO - Evaluate on the client6 neighbor set
2025-11-13 05:24:17 - 8_0.4_1 - INFO - => result | total 2,240 | correct 50 | acc 2.23% | err 97.77% | macro_f1 0.17%
2025-11-13 05:24:17 - 8_0.4_1 - INFO - Evaluate on the client7 local set
2025-11-13 05:24:20 - 8_0.4_1 - INFO - => result | total 234 | correct 0 | acc 0.00% | err 100.00% | macro_f1 0.00%
2025-11-13 05:24:20 - 8_0.4_1 - INFO - Evaluate on the client7 neighbor set
2025-11-13 05:24:51 - 8_0.4_1 - INFO - => result | total 2,229 | correct 51 | acc 2.29% | err 97.71% | macro_f1 0.18%
2025-11-13 05:24:51 - 8_0.4_1 - INFO - Evaluate on the client8 local set
2025-11-13 05:24:54 - 8_0.4_1 - INFO - => result | total 205 | correct 0 | acc 0.00% | err 100.00% | macro_f1 0.00%
2025-11-13 05:24:54 - 8_0.4_1 - INFO - Evaluate on the client8 neighbor set
2025-11-13 05:25:27 - 8_0.4_1 - INFO - => result | total 2,258 | correct 51 | acc 2.26% | err 97.74% | macro_f1 0.18%
2025-11-13 05:25:27 - 8_0.4_1 - INFO - Evaluate on the client9 local set
2025-11-13 05:25:31 - 8_0.4_1 - INFO - => result | total 319 | correct 23 | acc 7.21% | err 92.79% | macro_f1 2.27%
2025-11-13 05:25:31 - 8_0.4_1 - INFO - Evaluate on the client9 neighbor set
2025-11-13 05:26:02 - 8_0.4_1 - INFO - => result | total 2,144 | correct 28 | acc 1.31% | err 98.69% | macro_f1 0.14%
2025-11-13 05:26:02 - 8_0.4_1 - INFO - Global test local acc: 1.67
2025-11-13 05:26:02 - 8_0.4_1 - INFO - Global test neighbor acc: 2.16
2025-11-13 05:26:02 - 8_0.4_1 - INFO - ------------local test finish-------------
2025-11-13 05:26:02 - 8_0.4_1 - INFO - [Epoch 29/30] 测试耗时: 348.38s
2025-11-13 05:26:43 - 8_0.4_1 - INFO - [Epoch 30/30] 训练耗时: 41.45s | 平均训练准确率: 3.06
2025-11-13 05:26:43 - 8_0.4_1 - INFO - ------------local test start-------------
2025-11-13 05:26:43 - 8_0.4_1 - INFO - Evaluate on the client0 local set
2025-11-13 05:26:47 - 8_0.4_1 - INFO - => result | total 269 | correct 0 | acc 0.00% | err 100.00% | macro_f1 0.00%
2025-11-13 05:26:47 - 8_0.4_1 - INFO - Evaluate on the client0 neighbor set
2025-11-13 05:27:17 - 8_0.4_1 - INFO - => result | total 2,194 | correct 74 | acc 3.37% | err 96.63% | macro_f1 0.37%
2025-11-13 05:27:17 - 8_0.4_1 - INFO - Evaluate on the client1 local set
2025-11-13 05:27:21 - 8_0.4_1 - INFO - => result | total 339 | correct 54 | acc 15.93% | err 84.07% | macro_f1 5.00%
2025-11-13 05:27:21 - 8_0.4_1 - INFO - Evaluate on the client1 neighbor set
2025-11-13 05:27:51 - 8_0.4_1 - INFO - => result | total 2,124 | correct 18 | acc 0.85% | err 99.15% | macro_f1 0.24%
2025-11-13 05:27:51 - 8_0.4_1 - INFO - Evaluate on the client2 local set
2025-11-13 05:27:54 - 8_0.4_1 - INFO - => result | total 223 | correct 0 | acc 0.00% | err 100.00% | macro_f1 0.00%
2025-11-13 05:27:54 - 8_0.4_1 - INFO - Evaluate on the client2 neighbor set
2025-11-13 05:28:24 - 8_0.4_1 - INFO - => result | total 2,240 | correct 72 | acc 3.21% | err 96.79% | macro_f1 0.37%
2025-11-13 05:28:24 - 8_0.4_1 - INFO - Evaluate on the client3 local set
2025-11-13 05:28:27 - 8_0.4_1 - INFO - => result | total 211 | correct 0 | acc 0.00% | err 100.00% | macro_f1 0.00%
2025-11-13 05:28:27 - 8_0.4_1 - INFO - Evaluate on the client3 neighbor set
2025-11-13 05:28:57 - 8_0.4_1 - INFO - => result | total 2,252 | correct 70 | acc 3.11% | err 96.89% | macro_f1 0.36%
2025-11-13 05:28:57 - 8_0.4_1 - INFO - Evaluate on the client4 local set
2025-11-13 05:29:00 - 8_0.4_1 - INFO - => result | total 178 | correct 0 | acc 0.00% | err 100.00% | macro_f1 0.00%
2025-11-13 05:29:00 - 8_0.4_1 - INFO - Evaluate on the client4 neighbor set
2025-11-13 05:29:31 - 8_0.4_1 - INFO - => result | total 2,285 | correct 71 | acc 3.11% | err 96.89% | macro_f1 0.42%
2025-11-13 05:29:31 - 8_0.4_1 - INFO - Evaluate on the client5 local set
2025-11-13 05:29:35 - 8_0.4_1 - INFO - => result | total 262 | correct 2 | acc 0.76% | err 99.24% | macro_f1 0.33%
2025-11-13 05:29:35 - 8_0.4_1 - INFO - Evaluate on the client5 neighbor set
2025-11-13 05:30:04 - 8_0.4_1 - INFO - => result | total 2,201 | correct 64 | acc 2.91% | err 97.09% | macro_f1 0.42%
2025-11-13 05:30:04 - 8_0.4_1 - INFO - Evaluate on the client6 local set
2025-11-13 05:30:08 - 8_0.4_1 - INFO - => result | total 223 | correct 0 | acc 0.00% | err 100.00% | macro_f1 0.00%
2025-11-13 05:30:08 - 8_0.4_1 - INFO - Evaluate on the client6 neighbor set
2025-11-13 05:30:38 - 8_0.4_1 - INFO - => result | total 2,240 | correct 64 | acc 2.86% | err 97.14% | macro_f1 0.39%
2025-11-13 05:30:38 - 8_0.4_1 - INFO - Evaluate on the client7 local set
2025-11-13 05:30:41 - 8_0.4_1 - INFO - => result | total 234 | correct 0 | acc 0.00% | err 100.00% | macro_f1 0.00%
2025-11-13 05:30:41 - 8_0.4_1 - INFO - Evaluate on the client7 neighbor set
2025-11-13 05:31:11 - 8_0.4_1 - INFO - => result | total 2,229 | correct 57 | acc 2.56% | err 97.44% | macro_f1 0.31%
2025-11-13 05:31:11 - 8_0.4_1 - INFO - Evaluate on the client8 local set
2025-11-13 05:31:14 - 8_0.4_1 - INFO - => result | total 205 | correct 0 | acc 0.00% | err 100.00% | macro_f1 0.00%
2025-11-13 05:31:14 - 8_0.4_1 - INFO - Evaluate on the client8 neighbor set
2025-11-13 05:31:44 - 8_0.4_1 - INFO - => result | total 2,258 | correct 53 | acc 2.35% | err 97.65% | macro_f1 0.28%
2025-11-13 05:31:44 - 8_0.4_1 - INFO - Evaluate on the client9 local set
2025-11-13 05:31:49 - 8_0.4_1 - INFO - => result | total 319 | correct 15 | acc 4.70% | err 95.30% | macro_f1 2.99%
2025-11-13 05:31:49 - 8_0.4_1 - INFO - Evaluate on the client9 neighbor set
2025-11-13 05:32:18 - 8_0.4_1 - INFO - => result | total 2,144 | correct 36 | acc 1.68% | err 98.32% | macro_f1 0.11%
2025-11-13 05:32:18 - 8_0.4_1 - INFO - Global test local acc: 2.14
2025-11-13 05:32:18 - 8_0.4_1 - INFO - Global test neighbor acc: 2.60
2025-11-13 05:32:18 - 8_0.4_1 - INFO - ------------local test finish-------------
2025-11-13 05:32:18 - 8_0.4_1 - INFO - [Epoch 30/30] 测试耗时: 335.04s
2025-11-13 05:32:18 - 8_0.4_1 - INFO - maximum test local acc: 2.139
2025-11-13 05:32:18 - 8_0.4_1 - INFO - mean of local acc: 1.719
2025-11-13 05:32:18 - 8_0.4_1 - INFO - maximum test neighbor acc: 2.600
2025-11-13 05:32:18 - 8_0.4_1 - INFO - mean of neighbor acc: 2.033
