2025-11-16 06:56:41 - 8_0.05_1 - INFO - 日志文件已创建: logs/oxford_flowers/promptfl/8_0.05_1_20251116_065641.log
2025-11-16 06:56:41 - 8_0.05_1 - INFO - Loading trainer: DP_FPL
2025-11-16 06:56:41 - 8_0.05_1 - INFO - Loading dataset: OxfordFlowers
2025-11-16 06:56:41 - 8_0.05_1 - INFO - Reading split from /home/liuxin25/dataset/oxford_flowers/split_zhou_OxfordFlowers.json
2025-11-16 06:56:41 - 8_0.05_1 - INFO - Creating a baseline federated dataset
2025-11-16 06:56:41 - 8_0.05_1 - INFO - class_num 102
2025-11-16 06:56:41 - 8_0.05_1 - INFO - user class dict total [90, 54, 31, 35, 55, 72, 92, 42, 95, 84]
2025-11-16 06:56:41 - 8_0.05_1 - INFO - idx: 0, output_dict_len: 451
2025-11-16 06:56:41 - 8_0.05_1 - INFO - user class dict total [74, 0, 1, 80, 27, 20, 77, 50, 66, 45]
2025-11-16 06:56:41 - 8_0.05_1 - INFO - idx: 1, output_dict_len: 562
2025-11-16 06:56:41 - 8_0.05_1 - INFO - user class dict total [44, 82, 14, 32, 52, 70, 28, 51, 10, 21]
2025-11-16 06:56:41 - 8_0.05_1 - INFO - idx: 2, output_dict_len: 373
2025-11-16 06:56:41 - 8_0.05_1 - INFO - user class dict total [33, 75, 5, 48, 87, 98, 23, 69, 62, 7]
2025-11-16 06:56:41 - 8_0.05_1 - INFO - idx: 3, output_dict_len: 350
2025-11-16 06:56:41 - 8_0.05_1 - INFO - user class dict total [17, 18, 60, 34, 11, 58, 86, 13, 41, 30]
2025-11-16 06:56:41 - 8_0.05_1 - INFO - idx: 4, output_dict_len: 302
2025-11-16 06:56:41 - 8_0.05_1 - INFO - user class dict total [24, 71, 56, 76, 37, 6, 53, 79, 97, 39]
2025-11-16 06:56:41 - 8_0.05_1 - INFO - idx: 5, output_dict_len: 433
2025-11-16 06:56:41 - 8_0.05_1 - INFO - user class dict total [47, 65, 36, 91, 3, 63, 59, 9, 96, 64]
2025-11-16 06:56:41 - 8_0.05_1 - INFO - idx: 6, output_dict_len: 367
2025-11-16 06:56:41 - 8_0.05_1 - INFO - user class dict total [94, 88, 99, 61, 19, 25, 4, 16, 8, 46]
2025-11-16 06:56:41 - 8_0.05_1 - INFO - idx: 7, output_dict_len: 387
2025-11-16 06:56:41 - 8_0.05_1 - INFO - user class dict total [26, 2, 93, 85, 29, 22, 100, 67, 68, 38]
2025-11-16 06:56:41 - 8_0.05_1 - INFO - idx: 8, output_dict_len: 341
2025-11-16 06:56:41 - 8_0.05_1 - INFO - user class dict total [83, 15, 12, 81, 43, 73, 78, 40, 101, 57, 89, 49]
2025-11-16 06:56:41 - 8_0.05_1 - INFO - idx: 9, output_dict_len: 527
2025-11-16 06:56:41 - 8_0.05_1 - INFO - Creating a baseline federated dataset
2025-11-16 06:56:41 - 8_0.05_1 - INFO - class_num 102
2025-11-16 06:56:41 - 8_0.05_1 - INFO - user class dict total [90, 54, 31, 35, 55, 72, 92, 42, 95, 84]
2025-11-16 06:56:41 - 8_0.05_1 - INFO - idx: 0, output_dict_len: 269
2025-11-16 06:56:41 - 8_0.05_1 - INFO - user class dict total [74, 0, 1, 80, 27, 20, 77, 50, 66, 45]
2025-11-16 06:56:41 - 8_0.05_1 - INFO - idx: 1, output_dict_len: 339
2025-11-16 06:56:41 - 8_0.05_1 - INFO - user class dict total [44, 82, 14, 32, 52, 70, 28, 51, 10, 21]
2025-11-16 06:56:41 - 8_0.05_1 - INFO - idx: 2, output_dict_len: 223
2025-11-16 06:56:41 - 8_0.05_1 - INFO - user class dict total [33, 75, 5, 48, 87, 98, 23, 69, 62, 7]
2025-11-16 06:56:41 - 8_0.05_1 - INFO - idx: 3, output_dict_len: 211
2025-11-16 06:56:41 - 8_0.05_1 - INFO - user class dict total [17, 18, 60, 34, 11, 58, 86, 13, 41, 30]
2025-11-16 06:56:41 - 8_0.05_1 - INFO - idx: 4, output_dict_len: 178
2025-11-16 06:56:41 - 8_0.05_1 - INFO - user class dict total [24, 71, 56, 76, 37, 6, 53, 79, 97, 39]
2025-11-16 06:56:41 - 8_0.05_1 - INFO - idx: 5, output_dict_len: 262
2025-11-16 06:56:41 - 8_0.05_1 - INFO - user class dict total [47, 65, 36, 91, 3, 63, 59, 9, 96, 64]
2025-11-16 06:56:41 - 8_0.05_1 - INFO - idx: 6, output_dict_len: 223
2025-11-16 06:56:41 - 8_0.05_1 - INFO - user class dict total [94, 88, 99, 61, 19, 25, 4, 16, 8, 46]
2025-11-16 06:56:41 - 8_0.05_1 - INFO - idx: 7, output_dict_len: 234
2025-11-16 06:56:41 - 8_0.05_1 - INFO - user class dict total [26, 2, 93, 85, 29, 22, 100, 67, 68, 38]
2025-11-16 06:56:41 - 8_0.05_1 - INFO - idx: 8, output_dict_len: 205
2025-11-16 06:56:41 - 8_0.05_1 - INFO - user class dict total [83, 15, 12, 81, 43, 73, 78, 40, 101, 57, 89, 49]
2025-11-16 06:56:41 - 8_0.05_1 - INFO - idx: 9, output_dict_len: 319
2025-11-16 06:56:41 - 8_0.05_1 - INFO - Loading CLIP (backbone: ViT-B/16)
2025-11-16 06:56:42 - 8_0.05_1 - INFO - Building custom CLIP
2025-11-16 06:56:42 - 8_0.05_1 - INFO - Turning off gradients in both the image and the text encoder
2025-11-16 06:57:11 - 8_0.05_1 - INFO - [Epoch 1/30] 训练耗时: 28.73s | 平均训练准确率: 10.14
2025-11-16 06:57:39 - 8_0.05_1 - INFO - [Epoch 2/30] 训练耗时: 27.85s | 平均训练准确率: 41.39
2025-11-16 06:58:07 - 8_0.05_1 - INFO - [Epoch 3/30] 训练耗时: 27.98s | 平均训练准确率: 56.42
2025-11-16 06:58:35 - 8_0.05_1 - INFO - [Epoch 4/30] 训练耗时: 27.98s | 平均训练准确率: 55.73
2025-11-16 06:59:03 - 8_0.05_1 - INFO - [Epoch 5/30] 训练耗时: 27.95s | 平均训练准确率: 58.96
2025-11-16 06:59:31 - 8_0.05_1 - INFO - [Epoch 6/30] 训练耗时: 27.85s | 平均训练准确率: 57.29
2025-11-16 06:59:58 - 8_0.05_1 - INFO - [Epoch 7/30] 训练耗时: 27.39s | 平均训练准确率: 55.97
2025-11-16 07:00:26 - 8_0.05_1 - INFO - [Epoch 8/30] 训练耗时: 27.38s | 平均训练准确率: 58.89
2025-11-16 07:00:54 - 8_0.05_1 - INFO - [Epoch 9/30] 训练耗时: 27.89s | 平均训练准确率: 58.19
2025-11-16 07:01:22 - 8_0.05_1 - INFO - [Epoch 10/30] 训练耗时: 27.96s | 平均训练准确率: 57.15
2025-11-16 07:01:49 - 8_0.05_1 - INFO - [Epoch 11/30] 训练耗时: 27.77s | 平均训练准确率: 56.56
2025-11-16 07:02:17 - 8_0.05_1 - INFO - [Epoch 12/30] 训练耗时: 27.90s | 平均训练准确率: 56.42
2025-11-16 07:02:44 - 8_0.05_1 - INFO - [Epoch 13/30] 训练耗时: 27.07s | 平均训练准确率: 54.13
2025-11-16 07:03:09 - 8_0.05_1 - INFO - [Epoch 14/30] 训练耗时: 25.15s | 平均训练准确率: 55.59
2025-11-16 07:03:35 - 8_0.05_1 - INFO - [Epoch 15/30] 训练耗时: 25.13s | 平均训练准确率: 55.17
2025-11-16 07:04:00 - 8_0.05_1 - INFO - [Epoch 16/30] 训练耗时: 25.14s | 平均训练准确率: 52.74
2025-11-16 07:04:25 - 8_0.05_1 - INFO - [Epoch 17/30] 训练耗时: 25.13s | 平均训练准确率: 53.47
2025-11-16 07:04:50 - 8_0.05_1 - INFO - [Epoch 18/30] 训练耗时: 25.12s | 平均训练准确率: 55.42
2025-11-16 07:05:15 - 8_0.05_1 - INFO - [Epoch 19/30] 训练耗时: 24.98s | 平均训练准确率: 56.28
2025-11-16 07:05:40 - 8_0.05_1 - INFO - [Epoch 20/30] 训练耗时: 25.08s | 平均训练准确率: 56.28
2025-11-16 07:06:04 - 8_0.05_1 - INFO - [Epoch 21/30] 训练耗时: 24.47s | 平均训练准确率: 57.85
2025-11-16 07:06:29 - 8_0.05_1 - INFO - [Epoch 22/30] 训练耗时: 24.42s | 平均训练准确率: 56.25
2025-11-16 07:06:55 - 8_0.05_1 - INFO - [Epoch 23/30] 训练耗时: 25.85s | 平均训练准确率: 58.23
2025-11-16 07:07:23 - 8_0.05_1 - INFO - [Epoch 24/30] 训练耗时: 27.86s | 平均训练准确率: 57.57
2025-11-16 07:07:51 - 8_0.05_1 - INFO - [Epoch 25/30] 训练耗时: 28.06s | 平均训练准确率: 57.57
2025-11-16 07:08:19 - 8_0.05_1 - INFO - [Epoch 26/30] 训练耗时: 27.98s | 平均训练准确率: 56.35
2025-11-16 07:08:47 - 8_0.05_1 - INFO - [Epoch 27/30] 训练耗时: 28.00s | 平均训练准确率: 56.77
2025-11-16 07:09:15 - 8_0.05_1 - INFO - [Epoch 28/30] 训练耗时: 27.93s | 平均训练准确率: 53.40
2025-11-16 07:09:15 - 8_0.05_1 - INFO - ------------local test start-------------
2025-11-16 07:09:15 - 8_0.05_1 - INFO - Evaluate on the client0 local set
2025-11-16 07:09:17 - 8_0.05_1 - INFO - => result | total 269 | correct 129 | acc 47.96% | err 52.04% | macro_f1 45.79%
2025-11-16 07:09:17 - 8_0.05_1 - INFO - Evaluate on the client0 neighbor set
2025-11-16 07:09:35 - 8_0.05_1 - INFO - => result | total 2,194 | correct 1,318 | acc 60.07% | err 39.93% | macro_f1 53.93%
2025-11-16 07:09:35 - 8_0.05_1 - INFO - Evaluate on the client1 local set
2025-11-16 07:09:38 - 8_0.05_1 - INFO - => result | total 339 | correct 99 | acc 29.20% | err 70.80% | macro_f1 41.89%
2025-11-16 07:09:38 - 8_0.05_1 - INFO - Evaluate on the client1 neighbor set
2025-11-16 07:09:55 - 8_0.05_1 - INFO - => result | total 2,124 | correct 1,350 | acc 63.56% | err 36.44% | macro_f1 55.54%
2025-11-16 07:09:55 - 8_0.05_1 - INFO - Evaluate on the client2 local set
2025-11-16 07:09:57 - 8_0.05_1 - INFO - => result | total 223 | correct 140 | acc 62.78% | err 37.22% | macro_f1 57.40%
2025-11-16 07:09:57 - 8_0.05_1 - INFO - Evaluate on the client2 neighbor set
2025-11-16 07:10:15 - 8_0.05_1 - INFO - => result | total 2,240 | correct 1,318 | acc 58.84% | err 41.16% | macro_f1 53.59%
2025-11-16 07:10:15 - 8_0.05_1 - INFO - Evaluate on the client3 local set
2025-11-16 07:10:17 - 8_0.05_1 - INFO - => result | total 211 | correct 139 | acc 65.88% | err 34.12% | macro_f1 61.69%
2025-11-16 07:10:17 - 8_0.05_1 - INFO - Evaluate on the client3 neighbor set
2025-11-16 07:10:35 - 8_0.05_1 - INFO - => result | total 2,252 | correct 1,319 | acc 58.57% | err 41.43% | macro_f1 52.72%
2025-11-16 07:10:35 - 8_0.05_1 - INFO - Evaluate on the client4 local set
2025-11-16 07:10:37 - 8_0.05_1 - INFO - => result | total 178 | correct 124 | acc 69.66% | err 30.34% | macro_f1 80.69%
2025-11-16 07:10:37 - 8_0.05_1 - INFO - Evaluate on the client4 neighbor set
2025-11-16 07:10:55 - 8_0.05_1 - INFO - => result | total 2,285 | correct 1,342 | acc 58.73% | err 41.27% | macro_f1 51.54%
2025-11-16 07:10:55 - 8_0.05_1 - INFO - Evaluate on the client5 local set
2025-11-16 07:10:58 - 8_0.05_1 - INFO - => result | total 262 | correct 214 | acc 81.68% | err 18.32% | macro_f1 78.94%
2025-11-16 07:10:58 - 8_0.05_1 - INFO - Evaluate on the client5 neighbor set
2025-11-16 07:11:15 - 8_0.05_1 - INFO - => result | total 2,201 | correct 1,252 | acc 56.88% | err 43.12% | macro_f1 51.30%
2025-11-16 07:11:15 - 8_0.05_1 - INFO - Evaluate on the client6 local set
2025-11-16 07:11:17 - 8_0.05_1 - INFO - => result | total 223 | correct 132 | acc 59.19% | err 40.81% | macro_f1 65.84%
2025-11-16 07:11:17 - 8_0.05_1 - INFO - Evaluate on the client6 neighbor set
2025-11-16 07:11:35 - 8_0.05_1 - INFO - => result | total 2,240 | correct 1,337 | acc 59.69% | err 40.31% | macro_f1 53.34%
2025-11-16 07:11:35 - 8_0.05_1 - INFO - Evaluate on the client7 local set
2025-11-16 07:11:37 - 8_0.05_1 - INFO - => result | total 234 | correct 140 | acc 59.83% | err 40.17% | macro_f1 68.29%
2025-11-16 07:11:37 - 8_0.05_1 - INFO - Evaluate on the client7 neighbor set
2025-11-16 07:11:56 - 8_0.05_1 - INFO - => result | total 2,229 | correct 1,329 | acc 59.62% | err 40.38% | macro_f1 53.03%
2025-11-16 07:11:56 - 8_0.05_1 - INFO - Evaluate on the client8 local set
2025-11-16 07:11:58 - 8_0.05_1 - INFO - => result | total 205 | correct 129 | acc 62.93% | err 37.07% | macro_f1 56.35%
2025-11-16 07:11:58 - 8_0.05_1 - INFO - Evaluate on the client8 neighbor set
2025-11-16 07:12:16 - 8_0.05_1 - INFO - => result | total 2,258 | correct 1,337 | acc 59.21% | err 40.79% | macro_f1 53.37%
2025-11-16 07:12:16 - 8_0.05_1 - INFO - Evaluate on the client9 local set
2025-11-16 07:12:18 - 8_0.05_1 - INFO - => result | total 319 | correct 213 | acc 66.77% | err 33.23% | macro_f1 71.61%
2025-11-16 07:12:18 - 8_0.05_1 - INFO - Evaluate on the client9 neighbor set
2025-11-16 07:12:35 - 8_0.05_1 - INFO - => result | total 2,144 | correct 1,252 | acc 58.40% | err 41.60% | macro_f1 52.01%
2025-11-16 07:12:35 - 8_0.05_1 - INFO - Global test local acc: 60.59
2025-11-16 07:12:35 - 8_0.05_1 - INFO - Global test neighbor acc: 59.36
2025-11-16 07:12:35 - 8_0.05_1 - INFO - ------------local test finish-------------
2025-11-16 07:12:35 - 8_0.05_1 - INFO - [Epoch 28/30] 测试耗时: 200.84s
2025-11-16 07:13:01 - 8_0.05_1 - INFO - [Epoch 29/30] 训练耗时: 25.22s | 平均训练准确率: 55.17
2025-11-16 07:13:01 - 8_0.05_1 - INFO - ------------local test start-------------
2025-11-16 07:13:01 - 8_0.05_1 - INFO - Evaluate on the client0 local set
2025-11-16 07:13:03 - 8_0.05_1 - INFO - => result | total 269 | correct 133 | acc 49.44% | err 50.56% | macro_f1 47.83%
2025-11-16 07:13:03 - 8_0.05_1 - INFO - Evaluate on the client0 neighbor set
2025-11-16 07:13:21 - 8_0.05_1 - INFO - => result | total 2,194 | correct 1,331 | acc 60.67% | err 39.33% | macro_f1 53.95%
2025-11-16 07:13:21 - 8_0.05_1 - INFO - Evaluate on the client1 local set
2025-11-16 07:13:23 - 8_0.05_1 - INFO - => result | total 339 | correct 104 | acc 30.68% | err 69.32% | macro_f1 42.58%
2025-11-16 07:13:23 - 8_0.05_1 - INFO - Evaluate on the client1 neighbor set
2025-11-16 07:13:40 - 8_0.05_1 - INFO - => result | total 2,124 | correct 1,358 | acc 63.94% | err 36.06% | macro_f1 55.53%
2025-11-16 07:13:40 - 8_0.05_1 - INFO - Evaluate on the client2 local set
2025-11-16 07:13:42 - 8_0.05_1 - INFO - => result | total 223 | correct 135 | acc 60.54% | err 39.46% | macro_f1 53.74%
2025-11-16 07:13:42 - 8_0.05_1 - INFO - Evaluate on the client2 neighbor set
2025-11-16 07:14:00 - 8_0.05_1 - INFO - => result | total 2,240 | correct 1,327 | acc 59.24% | err 40.76% | macro_f1 53.75%
2025-11-16 07:14:00 - 8_0.05_1 - INFO - Evaluate on the client3 local set
2025-11-16 07:14:02 - 8_0.05_1 - INFO - => result | total 211 | correct 147 | acc 69.67% | err 30.33% | macro_f1 65.04%
2025-11-16 07:14:02 - 8_0.05_1 - INFO - Evaluate on the client3 neighbor set
2025-11-16 07:14:20 - 8_0.05_1 - INFO - => result | total 2,252 | correct 1,314 | acc 58.35% | err 41.65% | macro_f1 52.28%
2025-11-16 07:14:20 - 8_0.05_1 - INFO - Evaluate on the client4 local set
2025-11-16 07:14:22 - 8_0.05_1 - INFO - => result | total 178 | correct 121 | acc 67.98% | err 32.02% | macro_f1 79.22%
2025-11-16 07:14:22 - 8_0.05_1 - INFO - Evaluate on the client4 neighbor set
2025-11-16 07:14:40 - 8_0.05_1 - INFO - => result | total 2,285 | correct 1,338 | acc 58.56% | err 41.44% | macro_f1 50.86%
2025-11-16 07:14:40 - 8_0.05_1 - INFO - Evaluate on the client5 local set
2025-11-16 07:14:43 - 8_0.05_1 - INFO - => result | total 262 | correct 200 | acc 76.34% | err 23.66% | macro_f1 69.72%
2025-11-16 07:14:43 - 8_0.05_1 - INFO - Evaluate on the client5 neighbor set
2025-11-16 07:15:01 - 8_0.05_1 - INFO - => result | total 2,201 | correct 1,259 | acc 57.20% | err 42.80% | macro_f1 51.36%
2025-11-16 07:15:01 - 8_0.05_1 - INFO - Evaluate on the client6 local set
2025-11-16 07:15:03 - 8_0.05_1 - INFO - => result | total 223 | correct 132 | acc 59.19% | err 40.81% | macro_f1 66.40%
2025-11-16 07:15:03 - 8_0.05_1 - INFO - Evaluate on the client6 neighbor set
2025-11-16 07:15:21 - 8_0.05_1 - INFO - => result | total 2,240 | correct 1,327 | acc 59.24% | err 40.76% | macro_f1 52.34%
2025-11-16 07:15:21 - 8_0.05_1 - INFO - Evaluate on the client7 local set
2025-11-16 07:15:23 - 8_0.05_1 - INFO - => result | total 234 | correct 138 | acc 58.97% | err 41.03% | macro_f1 68.33%
2025-11-16 07:15:23 - 8_0.05_1 - INFO - Evaluate on the client7 neighbor set
2025-11-16 07:15:41 - 8_0.05_1 - INFO - => result | total 2,229 | correct 1,322 | acc 59.31% | err 40.69% | macro_f1 52.10%
2025-11-16 07:15:41 - 8_0.05_1 - INFO - Evaluate on the client8 local set
2025-11-16 07:15:42 - 8_0.05_1 - INFO - => result | total 205 | correct 124 | acc 60.49% | err 39.51% | macro_f1 54.03%
2025-11-16 07:15:42 - 8_0.05_1 - INFO - Evaluate on the client8 neighbor set
2025-11-16 07:16:01 - 8_0.05_1 - INFO - => result | total 2,258 | correct 1,336 | acc 59.17% | err 40.83% | macro_f1 52.94%
2025-11-16 07:16:01 - 8_0.05_1 - INFO - Evaluate on the client9 local set
2025-11-16 07:16:04 - 8_0.05_1 - INFO - => result | total 319 | correct 231 | acc 72.41% | err 27.59% | macro_f1 75.59%
2025-11-16 07:16:04 - 8_0.05_1 - INFO - Evaluate on the client9 neighbor set
2025-11-16 07:16:21 - 8_0.05_1 - INFO - => result | total 2,144 | correct 1,230 | acc 57.37% | err 42.63% | macro_f1 50.59%
2025-11-16 07:16:21 - 8_0.05_1 - INFO - Global test local acc: 60.57
2025-11-16 07:16:21 - 8_0.05_1 - INFO - Global test neighbor acc: 59.30
2025-11-16 07:16:21 - 8_0.05_1 - INFO - ------------local test finish-------------
2025-11-16 07:16:21 - 8_0.05_1 - INFO - [Epoch 29/30] 测试耗时: 200.50s
2025-11-16 07:16:46 - 8_0.05_1 - INFO - [Epoch 30/30] 训练耗时: 25.17s | 平均训练准确率: 55.69
2025-11-16 07:16:46 - 8_0.05_1 - INFO - ------------local test start-------------
2025-11-16 07:16:46 - 8_0.05_1 - INFO - Evaluate on the client0 local set
2025-11-16 07:16:49 - 8_0.05_1 - INFO - => result | total 269 | correct 122 | acc 45.35% | err 54.65% | macro_f1 45.07%
2025-11-16 07:16:49 - 8_0.05_1 - INFO - Evaluate on the client0 neighbor set
2025-11-16 07:17:06 - 8_0.05_1 - INFO - => result | total 2,194 | correct 1,320 | acc 60.16% | err 39.84% | macro_f1 53.56%
2025-11-16 07:17:06 - 8_0.05_1 - INFO - Evaluate on the client1 local set
2025-11-16 07:17:09 - 8_0.05_1 - INFO - => result | total 339 | correct 122 | acc 35.99% | err 64.01% | macro_f1 47.42%
2025-11-16 07:17:09 - 8_0.05_1 - INFO - Evaluate on the client1 neighbor set
2025-11-16 07:17:26 - 8_0.05_1 - INFO - => result | total 2,124 | correct 1,324 | acc 62.34% | err 37.66% | macro_f1 54.64%
2025-11-16 07:17:26 - 8_0.05_1 - INFO - Evaluate on the client2 local set
2025-11-16 07:17:28 - 8_0.05_1 - INFO - => result | total 223 | correct 137 | acc 61.43% | err 38.57% | macro_f1 54.87%
2025-11-16 07:17:28 - 8_0.05_1 - INFO - Evaluate on the client2 neighbor set
2025-11-16 07:17:46 - 8_0.05_1 - INFO - => result | total 2,240 | correct 1,321 | acc 58.97% | err 41.03% | macro_f1 53.79%
2025-11-16 07:17:46 - 8_0.05_1 - INFO - Evaluate on the client3 local set
2025-11-16 07:17:48 - 8_0.05_1 - INFO - => result | total 211 | correct 124 | acc 58.77% | err 41.23% | macro_f1 51.63%
2025-11-16 07:17:48 - 8_0.05_1 - INFO - Evaluate on the client3 neighbor set
2025-11-16 07:18:06 - 8_0.05_1 - INFO - => result | total 2,252 | correct 1,342 | acc 59.59% | err 40.41% | macro_f1 54.20%
2025-11-16 07:18:06 - 8_0.05_1 - INFO - Evaluate on the client4 local set
2025-11-16 07:18:07 - 8_0.05_1 - INFO - => result | total 178 | correct 120 | acc 67.42% | err 32.58% | macro_f1 79.10%
2025-11-16 07:18:07 - 8_0.05_1 - INFO - Evaluate on the client4 neighbor set
2025-11-16 07:18:26 - 8_0.05_1 - INFO - => result | total 2,285 | correct 1,346 | acc 58.91% | err 41.09% | macro_f1 51.73%
2025-11-16 07:18:26 - 8_0.05_1 - INFO - Evaluate on the client5 local set
2025-11-16 07:18:28 - 8_0.05_1 - INFO - => result | total 262 | correct 202 | acc 77.10% | err 22.90% | macro_f1 72.84%
2025-11-16 07:18:28 - 8_0.05_1 - INFO - Evaluate on the client5 neighbor set
2025-11-16 07:18:45 - 8_0.05_1 - INFO - => result | total 2,201 | correct 1,264 | acc 57.43% | err 42.57% | macro_f1 51.68%
2025-11-16 07:18:45 - 8_0.05_1 - INFO - Evaluate on the client6 local set
2025-11-16 07:18:47 - 8_0.05_1 - INFO - => result | total 223 | correct 128 | acc 57.40% | err 42.60% | macro_f1 64.98%
2025-11-16 07:18:47 - 8_0.05_1 - INFO - Evaluate on the client6 neighbor set
2025-11-16 07:19:05 - 8_0.05_1 - INFO - => result | total 2,240 | correct 1,344 | acc 60.00% | err 40.00% | macro_f1 53.84%
2025-11-16 07:19:05 - 8_0.05_1 - INFO - Evaluate on the client7 local set
2025-11-16 07:19:07 - 8_0.05_1 - INFO - => result | total 234 | correct 131 | acc 55.98% | err 44.02% | macro_f1 67.37%
2025-11-16 07:19:07 - 8_0.05_1 - INFO - Evaluate on the client7 neighbor set
2025-11-16 07:19:25 - 8_0.05_1 - INFO - => result | total 2,229 | correct 1,340 | acc 60.12% | err 39.88% | macro_f1 52.57%
2025-11-16 07:19:25 - 8_0.05_1 - INFO - Evaluate on the client8 local set
2025-11-16 07:19:26 - 8_0.05_1 - INFO - => result | total 205 | correct 126 | acc 61.46% | err 38.54% | macro_f1 54.51%
2025-11-16 07:19:26 - 8_0.05_1 - INFO - Evaluate on the client8 neighbor set
2025-11-16 07:19:45 - 8_0.05_1 - INFO - => result | total 2,258 | correct 1,349 | acc 59.74% | err 40.26% | macro_f1 54.09%
2025-11-16 07:19:45 - 8_0.05_1 - INFO - Evaluate on the client9 local set
2025-11-16 07:19:47 - 8_0.05_1 - INFO - => result | total 319 | correct 252 | acc 79.00% | err 21.00% | macro_f1 80.95%
2025-11-16 07:19:47 - 8_0.05_1 - INFO - Evaluate on the client9 neighbor set
2025-11-16 07:20:04 - 8_0.05_1 - INFO - => result | total 2,144 | correct 1,221 | acc 56.95% | err 43.05% | macro_f1 50.66%
2025-11-16 07:20:04 - 8_0.05_1 - INFO - Global test local acc: 59.99
2025-11-16 07:20:04 - 8_0.05_1 - INFO - Global test neighbor acc: 59.42
2025-11-16 07:20:04 - 8_0.05_1 - INFO - ------------local test finish-------------
2025-11-16 07:20:04 - 8_0.05_1 - INFO - [Epoch 30/30] 测试耗时: 197.96s
2025-11-16 07:20:04 - 8_0.05_1 - INFO - maximum test local acc: 60.588
2025-11-16 07:20:04 - 8_0.05_1 - INFO - mean of local acc: 60.383
2025-11-16 07:20:04 - 8_0.05_1 - INFO - maximum test neighbor acc: 59.421
2025-11-16 07:20:04 - 8_0.05_1 - INFO - mean of neighbor acc: 59.361
