2025-11-16 21:48:19 - 8_0.4_1 - INFO - 日志文件已创建: logs/food-101/fedpgp/8_0.4_1_20251116_214819.log
2025-11-16 21:48:19 - 8_0.4_1 - INFO - Loading trainer: DP_FPL
2025-11-16 21:48:19 - 8_0.4_1 - INFO - Loading dataset: Food101
2025-11-16 21:48:19 - 8_0.4_1 - INFO - Reading split from /home/liuxin25/dataset/food-101/split_zhou_Food101.json
2025-11-16 21:48:20 - 8_0.4_1 - INFO - Creating a baseline federated dataset
2025-11-16 21:48:20 - 8_0.4_1 - INFO - class_num 101
2025-11-16 21:48:20 - 8_0.4_1 - INFO - user class dict total [20, 79, 94, 54, 52, 65, 0, 1, 48, 74]
2025-11-16 21:48:20 - 8_0.4_1 - INFO - idx: 0, output_dict_len: 500
2025-11-16 21:48:20 - 8_0.4_1 - INFO - user class dict total [44, 99, 35, 69, 82, 42, 33, 14, 5, 62]
2025-11-16 21:48:20 - 8_0.4_1 - INFO - idx: 1, output_dict_len: 500
2025-11-16 21:48:20 - 8_0.4_1 - INFO - user class dict total [32, 55, 97, 10, 21, 31, 91, 27, 28, 76]
2025-11-16 21:48:20 - 8_0.4_1 - INFO - idx: 2, output_dict_len: 500
2025-11-16 21:48:20 - 8_0.4_1 - INFO - user class dict total [80, 71, 66, 58, 23, 70, 60, 72, 17, 18]
2025-11-16 21:48:20 - 8_0.4_1 - INFO - idx: 3, output_dict_len: 500
2025-11-16 21:48:20 - 8_0.4_1 - INFO - user class dict total [45, 34, 11, 56, 85, 13, 41, 30, 24, 86]
2025-11-16 21:48:20 - 8_0.4_1 - INFO - idx: 4, output_dict_len: 500
2025-11-16 21:48:20 - 8_0.4_1 - INFO - user class dict total [51, 75, 37, 6, 53, 95, 96, 39, 47, 90]
2025-11-16 21:48:20 - 8_0.4_1 - INFO - idx: 5, output_dict_len: 500
2025-11-16 21:48:20 - 8_0.4_1 - INFO - user class dict total [36, 7, 50, 3, 63, 59, 9, 77, 64, 93]
2025-11-16 21:48:20 - 8_0.4_1 - INFO - idx: 6, output_dict_len: 500
2025-11-16 21:48:20 - 8_0.4_1 - INFO - user class dict total [87, 98, 61, 19, 25, 4, 16, 8, 46, 26]
2025-11-16 21:48:20 - 8_0.4_1 - INFO - idx: 7, output_dict_len: 500
2025-11-16 21:48:20 - 8_0.4_1 - INFO - user class dict total [2, 92, 84, 29, 22, 88, 67, 68, 38, 83]
2025-11-16 21:48:20 - 8_0.4_1 - INFO - idx: 8, output_dict_len: 500
2025-11-16 21:48:20 - 8_0.4_1 - INFO - user class dict total [15, 12, 81, 43, 73, 78, 40, 100, 57, 89, 49]
2025-11-16 21:48:20 - 8_0.4_1 - INFO - idx: 9, output_dict_len: 550
2025-11-16 21:48:20 - 8_0.4_1 - INFO - Creating a baseline federated dataset
2025-11-16 21:48:20 - 8_0.4_1 - INFO - class_num 101
2025-11-16 21:48:20 - 8_0.4_1 - INFO - user class dict total [20, 79, 94, 54, 52, 65, 0, 1, 48, 74]
2025-11-16 21:48:20 - 8_0.4_1 - INFO - idx: 0, output_dict_len: 300
2025-11-16 21:48:20 - 8_0.4_1 - INFO - user class dict total [44, 99, 35, 69, 82, 42, 33, 14, 5, 62]
2025-11-16 21:48:20 - 8_0.4_1 - INFO - idx: 1, output_dict_len: 300
2025-11-16 21:48:20 - 8_0.4_1 - INFO - user class dict total [32, 55, 97, 10, 21, 31, 91, 27, 28, 76]
2025-11-16 21:48:20 - 8_0.4_1 - INFO - idx: 2, output_dict_len: 300
2025-11-16 21:48:20 - 8_0.4_1 - INFO - user class dict total [80, 71, 66, 58, 23, 70, 60, 72, 17, 18]
2025-11-16 21:48:20 - 8_0.4_1 - INFO - idx: 3, output_dict_len: 300
2025-11-16 21:48:20 - 8_0.4_1 - INFO - user class dict total [45, 34, 11, 56, 85, 13, 41, 30, 24, 86]
2025-11-16 21:48:20 - 8_0.4_1 - INFO - idx: 4, output_dict_len: 300
2025-11-16 21:48:20 - 8_0.4_1 - INFO - user class dict total [51, 75, 37, 6, 53, 95, 96, 39, 47, 90]
2025-11-16 21:48:20 - 8_0.4_1 - INFO - idx: 5, output_dict_len: 300
2025-11-16 21:48:20 - 8_0.4_1 - INFO - user class dict total [36, 7, 50, 3, 63, 59, 9, 77, 64, 93]
2025-11-16 21:48:20 - 8_0.4_1 - INFO - idx: 6, output_dict_len: 300
2025-11-16 21:48:20 - 8_0.4_1 - INFO - user class dict total [87, 98, 61, 19, 25, 4, 16, 8, 46, 26]
2025-11-16 21:48:20 - 8_0.4_1 - INFO - idx: 7, output_dict_len: 300
2025-11-16 21:48:20 - 8_0.4_1 - INFO - user class dict total [2, 92, 84, 29, 22, 88, 67, 68, 38, 83]
2025-11-16 21:48:20 - 8_0.4_1 - INFO - idx: 8, output_dict_len: 300
2025-11-16 21:48:20 - 8_0.4_1 - INFO - user class dict total [15, 12, 81, 43, 73, 78, 40, 100, 57, 89, 49]
2025-11-16 21:48:20 - 8_0.4_1 - INFO - idx: 9, output_dict_len: 330
2025-11-16 21:48:20 - 8_0.4_1 - INFO - Loading CLIP (backbone: ViT-B/16)
2025-11-16 21:48:21 - 8_0.4_1 - INFO - Building custom CLIP
2025-11-16 21:48:21 - 8_0.4_1 - INFO - Turning off gradients in both the image and the text encoder
2025-11-16 21:49:05 - 8_0.4_1 - INFO - [Epoch 1/30] 训练耗时: 43.16s | 平均训练准确率: 29.50
2025-11-16 21:49:48 - 8_0.4_1 - INFO - [Epoch 2/30] 训练耗时: 43.60s | 平均训练准确率: 74.06
2025-11-16 21:50:28 - 8_0.4_1 - INFO - [Epoch 3/30] 训练耗时: 39.54s | 平均训练准确率: 76.10
2025-11-16 21:51:07 - 8_0.4_1 - INFO - [Epoch 4/30] 训练耗时: 39.36s | 平均训练准确率: 74.31
2025-11-16 21:51:47 - 8_0.4_1 - INFO - [Epoch 5/30] 训练耗时: 39.44s | 平均训练准确率: 75.44
2025-11-16 21:52:26 - 8_0.4_1 - INFO - [Epoch 6/30] 训练耗时: 39.22s | 平均训练准确率: 73.48
2025-11-16 21:53:05 - 8_0.4_1 - INFO - [Epoch 7/30] 训练耗时: 39.38s | 平均训练准确率: 73.65
2025-11-16 21:53:45 - 8_0.4_1 - INFO - [Epoch 8/30] 训练耗时: 39.38s | 平均训练准确率: 74.79
2025-11-16 21:54:24 - 8_0.4_1 - INFO - [Epoch 9/30] 训练耗时: 39.25s | 平均训练准确率: 72.90
2025-11-16 21:55:02 - 8_0.4_1 - INFO - [Epoch 10/30] 训练耗时: 37.75s | 平均训练准确率: 71.77
2025-11-16 21:55:41 - 8_0.4_1 - INFO - [Epoch 11/30] 训练耗时: 39.22s | 平均训练准确率: 72.31
2025-11-16 21:56:20 - 8_0.4_1 - INFO - [Epoch 12/30] 训练耗时: 39.22s | 平均训练准确率: 72.44
2025-11-16 21:56:59 - 8_0.4_1 - INFO - [Epoch 13/30] 训练耗时: 39.21s | 平均训练准确率: 71.52
2025-11-16 21:57:39 - 8_0.4_1 - INFO - [Epoch 14/30] 训练耗时: 39.28s | 平均训练准确率: 72.81
2025-11-16 21:58:20 - 8_0.4_1 - INFO - [Epoch 15/30] 训练耗时: 41.30s | 平均训练准确率: 72.17
2025-11-16 21:59:03 - 8_0.4_1 - INFO - [Epoch 16/30] 训练耗时: 43.24s | 平均训练准确率: 72.88
2025-11-16 21:59:42 - 8_0.4_1 - INFO - [Epoch 17/30] 训练耗时: 39.28s | 平均训练准确率: 72.60
2025-11-16 22:00:22 - 8_0.4_1 - INFO - [Epoch 18/30] 训练耗时: 39.35s | 平均训练准确率: 72.46
2025-11-16 22:01:00 - 8_0.4_1 - INFO - [Epoch 19/30] 训练耗时: 38.49s | 平均训练准确率: 71.77
2025-11-16 22:01:39 - 8_0.4_1 - INFO - [Epoch 20/30] 训练耗时: 38.93s | 平均训练准确率: 69.88
2025-11-16 22:02:19 - 8_0.4_1 - INFO - [Epoch 21/30] 训练耗时: 39.47s | 平均训练准确率: 71.31
2025-11-16 22:02:58 - 8_0.4_1 - INFO - [Epoch 22/30] 训练耗时: 39.48s | 平均训练准确率: 70.56
2025-11-16 22:03:38 - 8_0.4_1 - INFO - [Epoch 23/30] 训练耗时: 39.43s | 平均训练准确率: 71.21
2025-11-16 22:04:17 - 8_0.4_1 - INFO - [Epoch 24/30] 训练耗时: 39.33s | 平均训练准确率: 71.58
2025-11-16 22:04:56 - 8_0.4_1 - INFO - [Epoch 25/30] 训练耗时: 39.41s | 平均训练准确率: 71.65
2025-11-16 22:05:36 - 8_0.4_1 - INFO - [Epoch 26/30] 训练耗时: 39.42s | 平均训练准确率: 70.50
2025-11-16 22:06:16 - 8_0.4_1 - INFO - [Epoch 27/30] 训练耗时: 40.33s | 平均训练准确率: 69.85
2025-11-16 22:06:59 - 8_0.4_1 - INFO - [Epoch 28/30] 训练耗时: 43.29s | 平均训练准确率: 70.69
2025-11-16 22:06:59 - 8_0.4_1 - INFO - ------------local test start-------------
2025-11-16 22:06:59 - 8_0.4_1 - INFO - Evaluate on the client0 local set
2025-11-16 22:07:02 - 8_0.4_1 - INFO - => result | total 300 | correct 217 | acc 72.33% | err 27.67% | macro_f1 82.09%
2025-11-16 22:07:02 - 8_0.4_1 - INFO - Evaluate on the client0 neighbor set
2025-11-16 22:07:21 - 8_0.4_1 - INFO - => result | total 2,730 | correct 2,210 | acc 80.95% | err 19.05% | macro_f1 81.18%
2025-11-16 22:07:21 - 8_0.4_1 - INFO - Evaluate on the client1 local set
2025-11-16 22:07:24 - 8_0.4_1 - INFO - => result | total 300 | correct 216 | acc 72.00% | err 28.00% | macro_f1 81.33%
2025-11-16 22:07:24 - 8_0.4_1 - INFO - Evaluate on the client1 neighbor set
2025-11-16 22:07:43 - 8_0.4_1 - INFO - => result | total 2,730 | correct 2,208 | acc 80.88% | err 19.12% | macro_f1 81.15%
2025-11-16 22:07:43 - 8_0.4_1 - INFO - Evaluate on the client2 local set
2025-11-16 22:07:45 - 8_0.4_1 - INFO - => result | total 300 | correct 242 | acc 80.67% | err 19.33% | macro_f1 87.80%
2025-11-16 22:07:45 - 8_0.4_1 - INFO - Evaluate on the client2 neighbor set
2025-11-16 22:08:04 - 8_0.4_1 - INFO - => result | total 2,730 | correct 2,181 | acc 79.89% | err 20.11% | macro_f1 80.17%
2025-11-16 22:08:04 - 8_0.4_1 - INFO - Evaluate on the client3 local set
2025-11-16 22:08:06 - 8_0.4_1 - INFO - => result | total 300 | correct 227 | acc 75.67% | err 24.33% | macro_f1 83.25%
2025-11-16 22:08:06 - 8_0.4_1 - INFO - Evaluate on the client3 neighbor set
2025-11-16 22:08:25 - 8_0.4_1 - INFO - => result | total 2,730 | correct 2,194 | acc 80.37% | err 19.63% | macro_f1 80.75%
2025-11-16 22:08:25 - 8_0.4_1 - INFO - Evaluate on the client4 local set
2025-11-16 22:08:27 - 8_0.4_1 - INFO - => result | total 300 | correct 277 | acc 92.33% | err 7.67% | macro_f1 95.45%
2025-11-16 22:08:27 - 8_0.4_1 - INFO - Evaluate on the client4 neighbor set
2025-11-16 22:08:46 - 8_0.4_1 - INFO - => result | total 2,730 | correct 2,147 | acc 78.64% | err 21.36% | macro_f1 79.73%
2025-11-16 22:08:46 - 8_0.4_1 - INFO - Evaluate on the client5 local set
2025-11-16 22:08:49 - 8_0.4_1 - INFO - => result | total 300 | correct 223 | acc 74.33% | err 25.67% | macro_f1 83.12%
2025-11-16 22:08:49 - 8_0.4_1 - INFO - Evaluate on the client5 neighbor set
2025-11-16 22:09:08 - 8_0.4_1 - INFO - => result | total 2,730 | correct 2,200 | acc 80.59% | err 19.41% | macro_f1 80.73%
2025-11-16 22:09:08 - 8_0.4_1 - INFO - Evaluate on the client6 local set
2025-11-16 22:09:10 - 8_0.4_1 - INFO - => result | total 300 | correct 252 | acc 84.00% | err 16.00% | macro_f1 89.90%
2025-11-16 22:09:10 - 8_0.4_1 - INFO - Evaluate on the client6 neighbor set
2025-11-16 22:09:29 - 8_0.4_1 - INFO - => result | total 2,730 | correct 2,174 | acc 79.63% | err 20.37% | macro_f1 80.14%
2025-11-16 22:09:29 - 8_0.4_1 - INFO - Evaluate on the client7 local set
2025-11-16 22:09:31 - 8_0.4_1 - INFO - => result | total 300 | correct 240 | acc 80.00% | err 20.00% | macro_f1 86.85%
2025-11-16 22:09:31 - 8_0.4_1 - INFO - Evaluate on the client7 neighbor set
2025-11-16 22:09:50 - 8_0.4_1 - INFO - => result | total 2,730 | correct 2,187 | acc 80.11% | err 19.89% | macro_f1 80.40%
2025-11-16 22:09:50 - 8_0.4_1 - INFO - Evaluate on the client8 local set
2025-11-16 22:09:53 - 8_0.4_1 - INFO - => result | total 300 | correct 255 | acc 85.00% | err 15.00% | macro_f1 90.29%
2025-11-16 22:09:53 - 8_0.4_1 - INFO - Evaluate on the client8 neighbor set
2025-11-16 22:10:12 - 8_0.4_1 - INFO - => result | total 2,730 | correct 2,172 | acc 79.56% | err 20.44% | macro_f1 80.13%
2025-11-16 22:10:12 - 8_0.4_1 - INFO - Evaluate on the client9 local set
2025-11-16 22:10:14 - 8_0.4_1 - INFO - => result | total 330 | correct 276 | acc 83.64% | err 16.36% | macro_f1 89.39%
2025-11-16 22:10:14 - 8_0.4_1 - INFO - Evaluate on the client9 neighbor set
2025-11-16 22:10:33 - 8_0.4_1 - INFO - => result | total 2,700 | correct 2,149 | acc 79.59% | err 20.41% | macro_f1 80.28%
2025-11-16 22:10:33 - 8_0.4_1 - INFO - Global test local acc: 80.00
2025-11-16 22:10:33 - 8_0.4_1 - INFO - Global test neighbor acc: 80.02
2025-11-16 22:10:33 - 8_0.4_1 - INFO - ------------local test finish-------------
2025-11-16 22:10:33 - 8_0.4_1 - INFO - [Epoch 28/30] 测试耗时: 213.51s
2025-11-16 22:11:12 - 8_0.4_1 - INFO - [Epoch 29/30] 训练耗时: 39.44s | 平均训练准确率: 71.67
2025-11-16 22:11:12 - 8_0.4_1 - INFO - ------------local test start-------------
2025-11-16 22:11:12 - 8_0.4_1 - INFO - Evaluate on the client0 local set
2025-11-16 22:11:14 - 8_0.4_1 - INFO - => result | total 300 | correct 223 | acc 74.33% | err 25.67% | macro_f1 83.92%
2025-11-16 22:11:14 - 8_0.4_1 - INFO - Evaluate on the client0 neighbor set
2025-11-16 22:11:34 - 8_0.4_1 - INFO - => result | total 2,730 | correct 2,247 | acc 82.31% | err 17.69% | macro_f1 82.27%
2025-11-16 22:11:34 - 8_0.4_1 - INFO - Evaluate on the client1 local set
2025-11-16 22:11:36 - 8_0.4_1 - INFO - => result | total 300 | correct 230 | acc 76.67% | err 23.33% | macro_f1 85.15%
2025-11-16 22:11:36 - 8_0.4_1 - INFO - Evaluate on the client1 neighbor set
2025-11-16 22:11:55 - 8_0.4_1 - INFO - => result | total 2,730 | correct 2,240 | acc 82.05% | err 17.95% | macro_f1 82.29%
2025-11-16 22:11:55 - 8_0.4_1 - INFO - Evaluate on the client2 local set
2025-11-16 22:11:57 - 8_0.4_1 - INFO - => result | total 300 | correct 244 | acc 81.33% | err 18.67% | macro_f1 87.95%
2025-11-16 22:11:57 - 8_0.4_1 - INFO - Evaluate on the client2 neighbor set
2025-11-16 22:12:16 - 8_0.4_1 - INFO - => result | total 2,730 | correct 2,225 | acc 81.50% | err 18.50% | macro_f1 81.78%
2025-11-16 22:12:16 - 8_0.4_1 - INFO - Evaluate on the client3 local set
2025-11-16 22:12:18 - 8_0.4_1 - INFO - => result | total 300 | correct 229 | acc 76.33% | err 23.67% | macro_f1 83.05%
2025-11-16 22:12:18 - 8_0.4_1 - INFO - Evaluate on the client3 neighbor set
2025-11-16 22:12:38 - 8_0.4_1 - INFO - => result | total 2,730 | correct 2,239 | acc 82.01% | err 17.99% | macro_f1 82.31%
2025-11-16 22:12:38 - 8_0.4_1 - INFO - Evaluate on the client4 local set
2025-11-16 22:12:40 - 8_0.4_1 - INFO - => result | total 300 | correct 276 | acc 92.00% | err 8.00% | macro_f1 95.25%
2025-11-16 22:12:40 - 8_0.4_1 - INFO - Evaluate on the client4 neighbor set
2025-11-16 22:12:59 - 8_0.4_1 - INFO - => result | total 2,730 | correct 2,191 | acc 80.26% | err 19.74% | macro_f1 81.20%
2025-11-16 22:12:59 - 8_0.4_1 - INFO - Evaluate on the client5 local set
2025-11-16 22:13:01 - 8_0.4_1 - INFO - => result | total 300 | correct 247 | acc 82.33% | err 17.67% | macro_f1 89.67%
2025-11-16 22:13:01 - 8_0.4_1 - INFO - Evaluate on the client5 neighbor set
2025-11-16 22:13:20 - 8_0.4_1 - INFO - => result | total 2,730 | correct 2,218 | acc 81.25% | err 18.75% | macro_f1 81.29%
2025-11-16 22:13:20 - 8_0.4_1 - INFO - Evaluate on the client6 local set
2025-11-16 22:13:22 - 8_0.4_1 - INFO - => result | total 300 | correct 247 | acc 82.33% | err 17.67% | macro_f1 88.76%
2025-11-16 22:13:22 - 8_0.4_1 - INFO - Evaluate on the client6 neighbor set
2025-11-16 22:13:41 - 8_0.4_1 - INFO - => result | total 2,730 | correct 2,216 | acc 81.17% | err 18.83% | macro_f1 81.51%
2025-11-16 22:13:41 - 8_0.4_1 - INFO - Evaluate on the client7 local set
2025-11-16 22:13:43 - 8_0.4_1 - INFO - => result | total 300 | correct 232 | acc 77.33% | err 22.67% | macro_f1 84.00%
2025-11-16 22:13:43 - 8_0.4_1 - INFO - Evaluate on the client7 neighbor set
2025-11-16 22:14:03 - 8_0.4_1 - INFO - => result | total 2,730 | correct 2,231 | acc 81.72% | err 18.28% | macro_f1 82.11%
2025-11-16 22:14:03 - 8_0.4_1 - INFO - Evaluate on the client8 local set
2025-11-16 22:14:05 - 8_0.4_1 - INFO - => result | total 300 | correct 257 | acc 85.67% | err 14.33% | macro_f1 91.03%
2025-11-16 22:14:05 - 8_0.4_1 - INFO - Evaluate on the client8 neighbor set
2025-11-16 22:14:24 - 8_0.4_1 - INFO - => result | total 2,730 | correct 2,207 | acc 80.84% | err 19.16% | macro_f1 81.39%
2025-11-16 22:14:24 - 8_0.4_1 - INFO - Evaluate on the client9 local set
2025-11-16 22:14:26 - 8_0.4_1 - INFO - => result | total 330 | correct 278 | acc 84.24% | err 15.76% | macro_f1 89.89%
2025-11-16 22:14:26 - 8_0.4_1 - INFO - Evaluate on the client9 neighbor set
2025-11-16 22:14:46 - 8_0.4_1 - INFO - => result | total 2,700 | correct 2,185 | acc 80.93% | err 19.07% | macro_f1 81.56%
2025-11-16 22:14:46 - 8_0.4_1 - INFO - Global test local acc: 81.26
2025-11-16 22:14:46 - 8_0.4_1 - INFO - Global test neighbor acc: 81.40
2025-11-16 22:14:46 - 8_0.4_1 - INFO - ------------local test finish-------------
2025-11-16 22:14:46 - 8_0.4_1 - INFO - [Epoch 29/30] 测试耗时: 213.41s
2025-11-16 22:15:25 - 8_0.4_1 - INFO - [Epoch 30/30] 训练耗时: 39.70s | 平均训练准确率: 72.33
2025-11-16 22:15:25 - 8_0.4_1 - INFO - ------------local test start-------------
2025-11-16 22:15:25 - 8_0.4_1 - INFO - Evaluate on the client0 local set
2025-11-16 22:15:28 - 8_0.4_1 - INFO - => result | total 300 | correct 224 | acc 74.67% | err 25.33% | macro_f1 83.95%
2025-11-16 22:15:28 - 8_0.4_1 - INFO - Evaluate on the client0 neighbor set
2025-11-16 22:15:47 - 8_0.4_1 - INFO - => result | total 2,730 | correct 2,229 | acc 81.65% | err 18.35% | macro_f1 81.47%
2025-11-16 22:15:47 - 8_0.4_1 - INFO - Evaluate on the client1 local set
2025-11-16 22:15:49 - 8_0.4_1 - INFO - => result | total 300 | correct 233 | acc 77.67% | err 22.33% | macro_f1 85.61%
2025-11-16 22:15:49 - 8_0.4_1 - INFO - Evaluate on the client1 neighbor set
2025-11-16 22:16:08 - 8_0.4_1 - INFO - => result | total 2,730 | correct 2,218 | acc 81.25% | err 18.75% | macro_f1 81.35%
2025-11-16 22:16:08 - 8_0.4_1 - INFO - Evaluate on the client2 local set
2025-11-16 22:16:10 - 8_0.4_1 - INFO - => result | total 300 | correct 237 | acc 79.00% | err 21.00% | macro_f1 84.96%
2025-11-16 22:16:10 - 8_0.4_1 - INFO - Evaluate on the client2 neighbor set
2025-11-16 22:16:29 - 8_0.4_1 - INFO - => result | total 2,730 | correct 2,212 | acc 81.03% | err 18.97% | macro_f1 81.11%
2025-11-16 22:16:29 - 8_0.4_1 - INFO - Evaluate on the client3 local set
2025-11-16 22:16:32 - 8_0.4_1 - INFO - => result | total 300 | correct 226 | acc 75.33% | err 24.67% | macro_f1 81.64%
2025-11-16 22:16:32 - 8_0.4_1 - INFO - Evaluate on the client3 neighbor set
2025-11-16 22:16:51 - 8_0.4_1 - INFO - => result | total 2,730 | correct 2,221 | acc 81.36% | err 18.64% | macro_f1 81.58%
2025-11-16 22:16:51 - 8_0.4_1 - INFO - Evaluate on the client4 local set
2025-11-16 22:16:53 - 8_0.4_1 - INFO - => result | total 300 | correct 273 | acc 91.00% | err 9.00% | macro_f1 94.18%
2025-11-16 22:16:53 - 8_0.4_1 - INFO - Evaluate on the client4 neighbor set
2025-11-16 22:17:12 - 8_0.4_1 - INFO - => result | total 2,730 | correct 2,174 | acc 79.63% | err 20.37% | macro_f1 80.33%
2025-11-16 22:17:12 - 8_0.4_1 - INFO - Evaluate on the client5 local set
2025-11-16 22:17:14 - 8_0.4_1 - INFO - => result | total 300 | correct 242 | acc 80.67% | err 19.33% | macro_f1 88.35%
2025-11-16 22:17:14 - 8_0.4_1 - INFO - Evaluate on the client5 neighbor set
2025-11-16 22:17:33 - 8_0.4_1 - INFO - => result | total 2,730 | correct 2,212 | acc 81.03% | err 18.97% | macro_f1 80.90%
2025-11-16 22:17:33 - 8_0.4_1 - INFO - Evaluate on the client6 local set
2025-11-16 22:17:35 - 8_0.4_1 - INFO - => result | total 300 | correct 249 | acc 83.00% | err 17.00% | macro_f1 89.14%
2025-11-16 22:17:35 - 8_0.4_1 - INFO - Evaluate on the client6 neighbor set
2025-11-16 22:17:54 - 8_0.4_1 - INFO - => result | total 2,730 | correct 2,205 | acc 80.77% | err 19.23% | macro_f1 80.86%
2025-11-16 22:17:54 - 8_0.4_1 - INFO - Evaluate on the client7 local set
2025-11-16 22:17:56 - 8_0.4_1 - INFO - => result | total 300 | correct 235 | acc 78.33% | err 21.67% | macro_f1 85.12%
2025-11-16 22:17:56 - 8_0.4_1 - INFO - Evaluate on the client7 neighbor set
2025-11-16 22:18:15 - 8_0.4_1 - INFO - => result | total 2,730 | correct 2,219 | acc 81.28% | err 18.72% | macro_f1 81.35%
2025-11-16 22:18:15 - 8_0.4_1 - INFO - Evaluate on the client8 local set
2025-11-16 22:18:17 - 8_0.4_1 - INFO - => result | total 300 | correct 256 | acc 85.33% | err 14.67% | macro_f1 90.72%
2025-11-16 22:18:17 - 8_0.4_1 - INFO - Evaluate on the client8 neighbor set
2025-11-16 22:18:36 - 8_0.4_1 - INFO - => result | total 2,730 | correct 2,196 | acc 80.44% | err 19.56% | macro_f1 80.70%
2025-11-16 22:18:36 - 8_0.4_1 - INFO - Evaluate on the client9 local set
2025-11-16 22:18:39 - 8_0.4_1 - INFO - => result | total 330 | correct 279 | acc 84.55% | err 15.45% | macro_f1 89.94%
2025-11-16 22:18:39 - 8_0.4_1 - INFO - Evaluate on the client9 neighbor set
2025-11-16 22:18:57 - 8_0.4_1 - INFO - => result | total 2,700 | correct 2,172 | acc 80.44% | err 19.56% | macro_f1 80.76%
2025-11-16 22:18:57 - 8_0.4_1 - INFO - Global test local acc: 80.95
2025-11-16 22:18:57 - 8_0.4_1 - INFO - Global test neighbor acc: 80.89
2025-11-16 22:18:57 - 8_0.4_1 - INFO - ------------local test finish-------------
2025-11-16 22:18:57 - 8_0.4_1 - INFO - [Epoch 30/30] 测试耗时: 211.97s
2025-11-16 22:18:57 - 8_0.4_1 - INFO - maximum test local acc: 81.258
2025-11-16 22:18:57 - 8_0.4_1 - INFO - mean of local acc: 80.736
2025-11-16 22:18:57 - 8_0.4_1 - INFO - maximum test neighbor acc: 81.404
2025-11-16 22:18:57 - 8_0.4_1 - INFO - mean of neighbor acc: 80.771
