2025-11-16 23:54:03 - 8_0.2_1 - INFO - 日志文件已创建: logs/food-101/fedpgp/8_0.2_1_20251116_235403.log
2025-11-16 23:54:03 - 8_0.2_1 - INFO - Loading trainer: DP_FPL
2025-11-16 23:54:03 - 8_0.2_1 - INFO - Loading dataset: Food101
2025-11-16 23:54:03 - 8_0.2_1 - INFO - Reading split from /home/liuxin25/dataset/food-101/split_zhou_Food101.json
2025-11-16 23:54:03 - 8_0.2_1 - INFO - Creating a baseline federated dataset
2025-11-16 23:54:03 - 8_0.2_1 - INFO - class_num 101
2025-11-16 23:54:03 - 8_0.2_1 - INFO - user class dict total [20, 79, 94, 54, 52, 65, 0, 1, 48, 74]
2025-11-16 23:54:03 - 8_0.2_1 - INFO - idx: 0, output_dict_len: 500
2025-11-16 23:54:03 - 8_0.2_1 - INFO - user class dict total [44, 99, 35, 69, 82, 42, 33, 14, 5, 62]
2025-11-16 23:54:03 - 8_0.2_1 - INFO - idx: 1, output_dict_len: 500
2025-11-16 23:54:03 - 8_0.2_1 - INFO - user class dict total [32, 55, 97, 10, 21, 31, 91, 27, 28, 76]
2025-11-16 23:54:03 - 8_0.2_1 - INFO - idx: 2, output_dict_len: 500
2025-11-16 23:54:03 - 8_0.2_1 - INFO - user class dict total [80, 71, 66, 58, 23, 70, 60, 72, 17, 18]
2025-11-16 23:54:03 - 8_0.2_1 - INFO - idx: 3, output_dict_len: 500
2025-11-16 23:54:03 - 8_0.2_1 - INFO - user class dict total [45, 34, 11, 56, 85, 13, 41, 30, 24, 86]
2025-11-16 23:54:03 - 8_0.2_1 - INFO - idx: 4, output_dict_len: 500
2025-11-16 23:54:03 - 8_0.2_1 - INFO - user class dict total [51, 75, 37, 6, 53, 95, 96, 39, 47, 90]
2025-11-16 23:54:03 - 8_0.2_1 - INFO - idx: 5, output_dict_len: 500
2025-11-16 23:54:03 - 8_0.2_1 - INFO - user class dict total [36, 7, 50, 3, 63, 59, 9, 77, 64, 93]
2025-11-16 23:54:03 - 8_0.2_1 - INFO - idx: 6, output_dict_len: 500
2025-11-16 23:54:03 - 8_0.2_1 - INFO - user class dict total [87, 98, 61, 19, 25, 4, 16, 8, 46, 26]
2025-11-16 23:54:03 - 8_0.2_1 - INFO - idx: 7, output_dict_len: 500
2025-11-16 23:54:03 - 8_0.2_1 - INFO - user class dict total [2, 92, 84, 29, 22, 88, 67, 68, 38, 83]
2025-11-16 23:54:03 - 8_0.2_1 - INFO - idx: 8, output_dict_len: 500
2025-11-16 23:54:03 - 8_0.2_1 - INFO - user class dict total [15, 12, 81, 43, 73, 78, 40, 100, 57, 89, 49]
2025-11-16 23:54:03 - 8_0.2_1 - INFO - idx: 9, output_dict_len: 550
2025-11-16 23:54:03 - 8_0.2_1 - INFO - Creating a baseline federated dataset
2025-11-16 23:54:03 - 8_0.2_1 - INFO - class_num 101
2025-11-16 23:54:03 - 8_0.2_1 - INFO - user class dict total [20, 79, 94, 54, 52, 65, 0, 1, 48, 74]
2025-11-16 23:54:03 - 8_0.2_1 - INFO - idx: 0, output_dict_len: 300
2025-11-16 23:54:03 - 8_0.2_1 - INFO - user class dict total [44, 99, 35, 69, 82, 42, 33, 14, 5, 62]
2025-11-16 23:54:03 - 8_0.2_1 - INFO - idx: 1, output_dict_len: 300
2025-11-16 23:54:03 - 8_0.2_1 - INFO - user class dict total [32, 55, 97, 10, 21, 31, 91, 27, 28, 76]
2025-11-16 23:54:03 - 8_0.2_1 - INFO - idx: 2, output_dict_len: 300
2025-11-16 23:54:03 - 8_0.2_1 - INFO - user class dict total [80, 71, 66, 58, 23, 70, 60, 72, 17, 18]
2025-11-16 23:54:03 - 8_0.2_1 - INFO - idx: 3, output_dict_len: 300
2025-11-16 23:54:03 - 8_0.2_1 - INFO - user class dict total [45, 34, 11, 56, 85, 13, 41, 30, 24, 86]
2025-11-16 23:54:03 - 8_0.2_1 - INFO - idx: 4, output_dict_len: 300
2025-11-16 23:54:03 - 8_0.2_1 - INFO - user class dict total [51, 75, 37, 6, 53, 95, 96, 39, 47, 90]
2025-11-16 23:54:03 - 8_0.2_1 - INFO - idx: 5, output_dict_len: 300
2025-11-16 23:54:03 - 8_0.2_1 - INFO - user class dict total [36, 7, 50, 3, 63, 59, 9, 77, 64, 93]
2025-11-16 23:54:03 - 8_0.2_1 - INFO - idx: 6, output_dict_len: 300
2025-11-16 23:54:03 - 8_0.2_1 - INFO - user class dict total [87, 98, 61, 19, 25, 4, 16, 8, 46, 26]
2025-11-16 23:54:03 - 8_0.2_1 - INFO - idx: 7, output_dict_len: 300
2025-11-16 23:54:03 - 8_0.2_1 - INFO - user class dict total [2, 92, 84, 29, 22, 88, 67, 68, 38, 83]
2025-11-16 23:54:03 - 8_0.2_1 - INFO - idx: 8, output_dict_len: 300
2025-11-16 23:54:03 - 8_0.2_1 - INFO - user class dict total [15, 12, 81, 43, 73, 78, 40, 100, 57, 89, 49]
2025-11-16 23:54:03 - 8_0.2_1 - INFO - idx: 9, output_dict_len: 330
2025-11-16 23:54:03 - 8_0.2_1 - INFO - Loading CLIP (backbone: ViT-B/16)
2025-11-16 23:54:06 - 8_0.2_1 - INFO - Building custom CLIP
2025-11-16 23:54:06 - 8_0.2_1 - INFO - Turning off gradients in both the image and the text encoder
2025-11-16 23:54:50 - 8_0.2_1 - INFO - [Epoch 1/30] 训练耗时: 44.43s | 平均训练准确率: 29.50
2025-11-16 23:55:33 - 8_0.2_1 - INFO - [Epoch 2/30] 训练耗时: 43.29s | 平均训练准确率: 71.46
2025-11-16 23:56:17 - 8_0.2_1 - INFO - [Epoch 3/30] 训练耗时: 43.21s | 平均训练准确率: 73.77
2025-11-16 23:57:00 - 8_0.2_1 - INFO - [Epoch 4/30] 训练耗时: 43.56s | 平均训练准确率: 72.06
2025-11-16 23:57:42 - 8_0.2_1 - INFO - [Epoch 5/30] 训练耗时: 41.76s | 平均训练准确率: 72.83
2025-11-16 23:58:21 - 8_0.2_1 - INFO - [Epoch 6/30] 训练耗时: 39.42s | 平均训练准确率: 71.73
2025-11-16 23:59:00 - 8_0.2_1 - INFO - [Epoch 7/30] 训练耗时: 38.45s | 平均训练准确率: 70.85
2025-11-16 23:59:40 - 8_0.2_1 - INFO - [Epoch 8/30] 训练耗时: 39.76s | 平均训练准确率: 72.19
2025-11-17 00:00:19 - 8_0.2_1 - INFO - [Epoch 9/30] 训练耗时: 39.71s | 平均训练准确率: 66.52
2025-11-17 00:01:02 - 8_0.2_1 - INFO - [Epoch 10/30] 训练耗时: 42.61s | 平均训练准确率: 69.15
2025-11-17 00:01:46 - 8_0.2_1 - INFO - [Epoch 11/30] 训练耗时: 43.70s | 平均训练准确率: 71.31
2025-11-17 00:02:26 - 8_0.2_1 - INFO - [Epoch 12/30] 训练耗时: 40.77s | 平均训练准确率: 70.38
2025-11-17 00:03:06 - 8_0.2_1 - INFO - [Epoch 13/30] 训练耗时: 39.75s | 平均训练准确率: 70.27
2025-11-17 00:03:46 - 8_0.2_1 - INFO - [Epoch 14/30] 训练耗时: 39.82s | 平均训练准确率: 69.52
2025-11-17 00:04:26 - 8_0.2_1 - INFO - [Epoch 15/30] 训练耗时: 39.69s | 平均训练准确率: 66.69
2025-11-17 00:05:06 - 8_0.2_1 - INFO - [Epoch 16/30] 训练耗时: 40.67s | 平均训练准确率: 68.42
2025-11-17 00:05:51 - 8_0.2_1 - INFO - [Epoch 17/30] 训练耗时: 44.21s | 平均训练准确率: 67.85
2025-11-17 00:06:34 - 8_0.2_1 - INFO - [Epoch 18/30] 训练耗时: 43.27s | 平均训练准确率: 69.48
2025-11-17 00:07:14 - 8_0.2_1 - INFO - [Epoch 19/30] 训练耗时: 39.88s | 平均训练准确率: 70.19
2025-11-17 00:07:53 - 8_0.2_1 - INFO - [Epoch 20/30] 训练耗时: 39.60s | 平均训练准确率: 69.17
2025-11-17 00:08:33 - 8_0.2_1 - INFO - [Epoch 21/30] 训练耗时: 39.56s | 平均训练准确率: 69.77
2025-11-17 00:09:13 - 8_0.2_1 - INFO - [Epoch 22/30] 训练耗时: 39.77s | 平均训练准确率: 69.42
2025-11-17 00:09:52 - 8_0.2_1 - INFO - [Epoch 23/30] 训练耗时: 39.56s | 平均训练准确率: 71.35
2025-11-17 00:10:32 - 8_0.2_1 - INFO - [Epoch 24/30] 训练耗时: 39.55s | 平均训练准确率: 72.19
2025-11-17 00:11:10 - 8_0.2_1 - INFO - [Epoch 25/30] 训练耗时: 38.16s | 平均训练准确率: 71.96
2025-11-17 00:11:50 - 8_0.2_1 - INFO - [Epoch 26/30] 训练耗时: 39.80s | 平均训练准确率: 70.46
2025-11-17 00:12:29 - 8_0.2_1 - INFO - [Epoch 27/30] 训练耗时: 39.61s | 平均训练准确率: 69.17
2025-11-17 00:13:10 - 8_0.2_1 - INFO - [Epoch 28/30] 训练耗时: 40.98s | 平均训练准确率: 70.02
2025-11-17 00:13:10 - 8_0.2_1 - INFO - ------------local test start-------------
2025-11-17 00:13:10 - 8_0.2_1 - INFO - Evaluate on the client0 local set
2025-11-17 00:13:13 - 8_0.2_1 - INFO - => result | total 300 | correct 220 | acc 73.33% | err 26.67% | macro_f1 82.43%
2025-11-17 00:13:13 - 8_0.2_1 - INFO - Evaluate on the client0 neighbor set
2025-11-17 00:13:34 - 8_0.2_1 - INFO - => result | total 2,730 | correct 2,165 | acc 79.30% | err 20.70% | macro_f1 79.25%
2025-11-17 00:13:34 - 8_0.2_1 - INFO - Evaluate on the client1 local set
2025-11-17 00:13:36 - 8_0.2_1 - INFO - => result | total 300 | correct 208 | acc 69.33% | err 30.67% | macro_f1 79.70%
2025-11-17 00:13:36 - 8_0.2_1 - INFO - Evaluate on the client1 neighbor set
2025-11-17 00:13:55 - 8_0.2_1 - INFO - => result | total 2,730 | correct 2,177 | acc 79.74% | err 20.26% | macro_f1 79.68%
2025-11-17 00:13:55 - 8_0.2_1 - INFO - Evaluate on the client2 local set
2025-11-17 00:13:57 - 8_0.2_1 - INFO - => result | total 300 | correct 230 | acc 76.67% | err 23.33% | macro_f1 83.32%
2025-11-17 00:13:57 - 8_0.2_1 - INFO - Evaluate on the client2 neighbor set
2025-11-17 00:14:16 - 8_0.2_1 - INFO - => result | total 2,730 | correct 2,158 | acc 79.05% | err 20.95% | macro_f1 79.18%
2025-11-17 00:14:16 - 8_0.2_1 - INFO - Evaluate on the client3 local set
2025-11-17 00:14:18 - 8_0.2_1 - INFO - => result | total 300 | correct 230 | acc 76.67% | err 23.33% | macro_f1 83.20%
2025-11-17 00:14:18 - 8_0.2_1 - INFO - Evaluate on the client3 neighbor set
2025-11-17 00:14:37 - 8_0.2_1 - INFO - => result | total 2,730 | correct 2,161 | acc 79.16% | err 20.84% | macro_f1 79.39%
2025-11-17 00:14:37 - 8_0.2_1 - INFO - Evaluate on the client4 local set
2025-11-17 00:14:39 - 8_0.2_1 - INFO - => result | total 300 | correct 276 | acc 92.00% | err 8.00% | macro_f1 95.29%
2025-11-17 00:14:39 - 8_0.2_1 - INFO - Evaluate on the client4 neighbor set
2025-11-17 00:14:58 - 8_0.2_1 - INFO - => result | total 2,730 | correct 2,114 | acc 77.44% | err 22.56% | macro_f1 78.06%
2025-11-17 00:14:58 - 8_0.2_1 - INFO - Evaluate on the client5 local set
2025-11-17 00:15:00 - 8_0.2_1 - INFO - => result | total 300 | correct 209 | acc 69.67% | err 30.33% | macro_f1 79.60%
2025-11-17 00:15:00 - 8_0.2_1 - INFO - Evaluate on the client5 neighbor set
2025-11-17 00:15:18 - 8_0.2_1 - INFO - => result | total 2,730 | correct 2,182 | acc 79.93% | err 20.07% | macro_f1 79.61%
2025-11-17 00:15:18 - 8_0.2_1 - INFO - Evaluate on the client6 local set
2025-11-17 00:15:20 - 8_0.2_1 - INFO - => result | total 300 | correct 249 | acc 83.00% | err 17.00% | macro_f1 88.81%
2025-11-17 00:15:20 - 8_0.2_1 - INFO - Evaluate on the client6 neighbor set
2025-11-17 00:15:39 - 8_0.2_1 - INFO - => result | total 2,730 | correct 2,139 | acc 78.35% | err 21.65% | macro_f1 78.60%
2025-11-17 00:15:39 - 8_0.2_1 - INFO - Evaluate on the client7 local set
2025-11-17 00:15:41 - 8_0.2_1 - INFO - => result | total 300 | correct 243 | acc 81.00% | err 19.00% | macro_f1 87.28%
2025-11-17 00:15:41 - 8_0.2_1 - INFO - Evaluate on the client7 neighbor set
2025-11-17 00:16:00 - 8_0.2_1 - INFO - => result | total 2,730 | correct 2,143 | acc 78.50% | err 21.50% | macro_f1 78.62%
2025-11-17 00:16:00 - 8_0.2_1 - INFO - Evaluate on the client8 local set
2025-11-17 00:16:02 - 8_0.2_1 - INFO - => result | total 300 | correct 256 | acc 85.33% | err 14.67% | macro_f1 90.54%
2025-11-17 00:16:02 - 8_0.2_1 - INFO - Evaluate on the client8 neighbor set
2025-11-17 00:16:21 - 8_0.2_1 - INFO - => result | total 2,730 | correct 2,132 | acc 78.10% | err 21.90% | macro_f1 78.37%
2025-11-17 00:16:21 - 8_0.2_1 - INFO - Evaluate on the client9 local set
2025-11-17 00:16:23 - 8_0.2_1 - INFO - => result | total 330 | correct 268 | acc 81.21% | err 18.79% | macro_f1 87.71%
2025-11-17 00:16:23 - 8_0.2_1 - INFO - Evaluate on the client9 neighbor set
2025-11-17 00:16:42 - 8_0.2_1 - INFO - => result | total 2,700 | correct 2,117 | acc 78.41% | err 21.59% | macro_f1 78.57%
2025-11-17 00:16:42 - 8_0.2_1 - INFO - Global test local acc: 78.82
2025-11-17 00:16:42 - 8_0.2_1 - INFO - Global test neighbor acc: 78.80
2025-11-17 00:16:42 - 8_0.2_1 - INFO - ------------local test finish-------------
2025-11-17 00:16:42 - 8_0.2_1 - INFO - [Epoch 28/30] 测试耗时: 211.51s
2025-11-17 00:17:20 - 8_0.2_1 - INFO - [Epoch 29/30] 训练耗时: 38.06s | 平均训练准确率: 70.73
2025-11-17 00:17:20 - 8_0.2_1 - INFO - ------------local test start-------------
2025-11-17 00:17:20 - 8_0.2_1 - INFO - Evaluate on the client0 local set
2025-11-17 00:17:22 - 8_0.2_1 - INFO - => result | total 300 | correct 223 | acc 74.33% | err 25.67% | macro_f1 84.62%
2025-11-17 00:17:22 - 8_0.2_1 - INFO - Evaluate on the client0 neighbor set
2025-11-17 00:17:41 - 8_0.2_1 - INFO - => result | total 2,730 | correct 2,200 | acc 80.59% | err 19.41% | macro_f1 80.39%
2025-11-17 00:17:41 - 8_0.2_1 - INFO - Evaluate on the client1 local set
2025-11-17 00:17:43 - 8_0.2_1 - INFO - => result | total 300 | correct 217 | acc 72.33% | err 27.67% | macro_f1 82.02%
2025-11-17 00:17:43 - 8_0.2_1 - INFO - Evaluate on the client1 neighbor set
2025-11-17 00:18:02 - 8_0.2_1 - INFO - => result | total 2,730 | correct 2,203 | acc 80.70% | err 19.30% | macro_f1 80.90%
2025-11-17 00:18:02 - 8_0.2_1 - INFO - Evaluate on the client2 local set
2025-11-17 00:18:04 - 8_0.2_1 - INFO - => result | total 300 | correct 236 | acc 78.67% | err 21.33% | macro_f1 85.15%
2025-11-17 00:18:04 - 8_0.2_1 - INFO - Evaluate on the client2 neighbor set
2025-11-17 00:18:23 - 8_0.2_1 - INFO - => result | total 2,730 | correct 2,182 | acc 79.93% | err 20.07% | macro_f1 80.33%
2025-11-17 00:18:23 - 8_0.2_1 - INFO - Evaluate on the client3 local set
2025-11-17 00:18:25 - 8_0.2_1 - INFO - => result | total 300 | correct 226 | acc 75.33% | err 24.67% | macro_f1 82.03%
2025-11-17 00:18:25 - 8_0.2_1 - INFO - Evaluate on the client3 neighbor set
2025-11-17 00:18:44 - 8_0.2_1 - INFO - => result | total 2,730 | correct 2,190 | acc 80.22% | err 19.78% | macro_f1 80.63%
2025-11-17 00:18:44 - 8_0.2_1 - INFO - Evaluate on the client4 local set
2025-11-17 00:18:46 - 8_0.2_1 - INFO - => result | total 300 | correct 275 | acc 91.67% | err 8.33% | macro_f1 95.09%
2025-11-17 00:18:46 - 8_0.2_1 - INFO - Evaluate on the client4 neighbor set
2025-11-17 00:19:06 - 8_0.2_1 - INFO - => result | total 2,730 | correct 2,140 | acc 78.39% | err 21.61% | macro_f1 79.13%
2025-11-17 00:19:06 - 8_0.2_1 - INFO - Evaluate on the client5 local set
2025-11-17 00:19:08 - 8_0.2_1 - INFO - => result | total 300 | correct 234 | acc 78.00% | err 22.00% | macro_f1 86.39%
2025-11-17 00:19:08 - 8_0.2_1 - INFO - Evaluate on the client5 neighbor set
2025-11-17 00:19:27 - 8_0.2_1 - INFO - => result | total 2,730 | correct 2,180 | acc 79.85% | err 20.15% | macro_f1 79.87%
2025-11-17 00:19:27 - 8_0.2_1 - INFO - Evaluate on the client6 local set
2025-11-17 00:19:29 - 8_0.2_1 - INFO - => result | total 300 | correct 248 | acc 82.67% | err 17.33% | macro_f1 88.72%
2025-11-17 00:19:29 - 8_0.2_1 - INFO - Evaluate on the client6 neighbor set
2025-11-17 00:19:48 - 8_0.2_1 - INFO - => result | total 2,730 | correct 2,168 | acc 79.41% | err 20.59% | macro_f1 79.72%
2025-11-17 00:19:48 - 8_0.2_1 - INFO - Evaluate on the client7 local set
2025-11-17 00:19:50 - 8_0.2_1 - INFO - => result | total 300 | correct 238 | acc 79.33% | err 20.67% | macro_f1 85.78%
2025-11-17 00:19:50 - 8_0.2_1 - INFO - Evaluate on the client7 neighbor set
2025-11-17 00:20:09 - 8_0.2_1 - INFO - => result | total 2,730 | correct 2,178 | acc 79.78% | err 20.22% | macro_f1 80.16%
2025-11-17 00:20:09 - 8_0.2_1 - INFO - Evaluate on the client8 local set
2025-11-17 00:20:11 - 8_0.2_1 - INFO - => result | total 300 | correct 255 | acc 85.00% | err 15.00% | macro_f1 90.38%
2025-11-17 00:20:11 - 8_0.2_1 - INFO - Evaluate on the client8 neighbor set
2025-11-17 00:20:30 - 8_0.2_1 - INFO - => result | total 2,730 | correct 2,162 | acc 79.19% | err 20.81% | macro_f1 79.71%
2025-11-17 00:20:30 - 8_0.2_1 - INFO - Evaluate on the client9 local set
2025-11-17 00:20:32 - 8_0.2_1 - INFO - => result | total 330 | correct 269 | acc 81.52% | err 18.48% | macro_f1 87.70%
2025-11-17 00:20:32 - 8_0.2_1 - INFO - Evaluate on the client9 neighbor set
2025-11-17 00:20:51 - 8_0.2_1 - INFO - => result | total 2,700 | correct 2,150 | acc 79.63% | err 20.37% | macro_f1 80.16%
2025-11-17 00:20:51 - 8_0.2_1 - INFO - Global test local acc: 79.88
2025-11-17 00:20:51 - 8_0.2_1 - INFO - Global test neighbor acc: 79.77
2025-11-17 00:20:51 - 8_0.2_1 - INFO - ------------local test finish-------------
2025-11-17 00:20:51 - 8_0.2_1 - INFO - [Epoch 29/30] 测试耗时: 211.57s
2025-11-17 00:21:31 - 8_0.2_1 - INFO - [Epoch 30/30] 训练耗时: 39.70s | 平均训练准确率: 71.31
2025-11-17 00:21:31 - 8_0.2_1 - INFO - ------------local test start-------------
2025-11-17 00:21:31 - 8_0.2_1 - INFO - Evaluate on the client0 local set
2025-11-17 00:21:33 - 8_0.2_1 - INFO - => result | total 300 | correct 216 | acc 72.00% | err 28.00% | macro_f1 82.68%
2025-11-17 00:21:33 - 8_0.2_1 - INFO - Evaluate on the client0 neighbor set
2025-11-17 00:21:53 - 8_0.2_1 - INFO - => result | total 2,730 | correct 2,211 | acc 80.99% | err 19.01% | macro_f1 80.54%
2025-11-17 00:21:53 - 8_0.2_1 - INFO - Evaluate on the client1 local set
2025-11-17 00:21:55 - 8_0.2_1 - INFO - => result | total 300 | correct 223 | acc 74.33% | err 25.67% | macro_f1 83.58%
2025-11-17 00:21:55 - 8_0.2_1 - INFO - Evaluate on the client1 neighbor set
2025-11-17 00:22:15 - 8_0.2_1 - INFO - => result | total 2,730 | correct 2,202 | acc 80.66% | err 19.34% | macro_f1 80.51%
2025-11-17 00:22:15 - 8_0.2_1 - INFO - Evaluate on the client2 local set
2025-11-17 00:22:17 - 8_0.2_1 - INFO - => result | total 300 | correct 232 | acc 77.33% | err 22.67% | macro_f1 82.78%
2025-11-17 00:22:17 - 8_0.2_1 - INFO - Evaluate on the client2 neighbor set
2025-11-17 00:22:37 - 8_0.2_1 - INFO - => result | total 2,730 | correct 2,191 | acc 80.26% | err 19.74% | macro_f1 80.37%
2025-11-17 00:22:37 - 8_0.2_1 - INFO - Evaluate on the client3 local set
2025-11-17 00:22:39 - 8_0.2_1 - INFO - => result | total 300 | correct 226 | acc 75.33% | err 24.67% | macro_f1 81.21%
2025-11-17 00:22:39 - 8_0.2_1 - INFO - Evaluate on the client3 neighbor set
2025-11-17 00:22:59 - 8_0.2_1 - INFO - => result | total 2,730 | correct 2,194 | acc 80.37% | err 19.63% | macro_f1 80.49%
2025-11-17 00:22:59 - 8_0.2_1 - INFO - Evaluate on the client4 local set
2025-11-17 00:23:01 - 8_0.2_1 - INFO - => result | total 300 | correct 271 | acc 90.33% | err 9.67% | macro_f1 93.98%
2025-11-17 00:23:01 - 8_0.2_1 - INFO - Evaluate on the client4 neighbor set
2025-11-17 00:23:20 - 8_0.2_1 - INFO - => result | total 2,730 | correct 2,152 | acc 78.83% | err 21.17% | macro_f1 79.40%
2025-11-17 00:23:20 - 8_0.2_1 - INFO - Evaluate on the client5 local set
2025-11-17 00:23:22 - 8_0.2_1 - INFO - => result | total 300 | correct 229 | acc 76.33% | err 23.67% | macro_f1 84.98%
2025-11-17 00:23:22 - 8_0.2_1 - INFO - Evaluate on the client5 neighbor set
2025-11-17 00:23:41 - 8_0.2_1 - INFO - => result | total 2,730 | correct 2,196 | acc 80.44% | err 19.56% | macro_f1 80.21%
2025-11-17 00:23:41 - 8_0.2_1 - INFO - Evaluate on the client6 local set
2025-11-17 00:23:43 - 8_0.2_1 - INFO - => result | total 300 | correct 253 | acc 84.33% | err 15.67% | macro_f1 89.84%
2025-11-17 00:23:43 - 8_0.2_1 - INFO - Evaluate on the client6 neighbor set
2025-11-17 00:24:02 - 8_0.2_1 - INFO - => result | total 2,730 | correct 2,171 | acc 79.52% | err 20.48% | macro_f1 79.64%
2025-11-17 00:24:02 - 8_0.2_1 - INFO - Evaluate on the client7 local set
2025-11-17 00:24:04 - 8_0.2_1 - INFO - => result | total 300 | correct 241 | acc 80.33% | err 19.67% | macro_f1 86.37%
2025-11-17 00:24:04 - 8_0.2_1 - INFO - Evaluate on the client7 neighbor set
2025-11-17 00:24:23 - 8_0.2_1 - INFO - => result | total 2,730 | correct 2,182 | acc 79.93% | err 20.07% | macro_f1 80.01%
2025-11-17 00:24:23 - 8_0.2_1 - INFO - Evaluate on the client8 local set
2025-11-17 00:24:25 - 8_0.2_1 - INFO - => result | total 300 | correct 256 | acc 85.33% | err 14.67% | macro_f1 90.85%
2025-11-17 00:24:25 - 8_0.2_1 - INFO - Evaluate on the client8 neighbor set
2025-11-17 00:24:44 - 8_0.2_1 - INFO - => result | total 2,730 | correct 2,166 | acc 79.34% | err 20.66% | macro_f1 79.53%
2025-11-17 00:24:44 - 8_0.2_1 - INFO - Evaluate on the client9 local set
2025-11-17 00:24:46 - 8_0.2_1 - INFO - => result | total 330 | correct 277 | acc 83.94% | err 16.06% | macro_f1 89.84%
2025-11-17 00:24:46 - 8_0.2_1 - INFO - Evaluate on the client9 neighbor set
2025-11-17 00:25:05 - 8_0.2_1 - INFO - => result | total 2,700 | correct 2,145 | acc 79.44% | err 20.56% | macro_f1 79.67%
2025-11-17 00:25:05 - 8_0.2_1 - INFO - Global test local acc: 79.96
2025-11-17 00:25:05 - 8_0.2_1 - INFO - Global test neighbor acc: 79.98
2025-11-17 00:25:05 - 8_0.2_1 - INFO - ------------local test finish-------------
2025-11-17 00:25:05 - 8_0.2_1 - INFO - [Epoch 30/30] 测试耗时: 214.11s
2025-11-17 00:25:05 - 8_0.2_1 - INFO - maximum test local acc: 79.961
2025-11-17 00:25:05 - 8_0.2_1 - INFO - mean of local acc: 79.556
2025-11-17 00:25:05 - 8_0.2_1 - INFO - maximum test neighbor acc: 79.977
2025-11-17 00:25:05 - 8_0.2_1 - INFO - mean of neighbor acc: 79.514
