2025-11-13 01:04:15 - 8_0.1_1 - INFO - 日志文件已创建: logs/oxford_pets/fedpgp/8_0.1_1_20251113_010415.log
2025-11-13 01:04:15 - 8_0.1_1 - INFO - Loading trainer: DP_FPL
2025-11-13 01:04:15 - 8_0.1_1 - INFO - Loading dataset: OxfordPets
2025-11-13 01:04:15 - 8_0.1_1 - INFO - Reading split from /home/liuxin25/dataset/oxford_pets/split_zhou_OxfordPets.json
2025-11-13 01:04:15 - 8_0.1_1 - INFO - Creating a baseline federated dataset
2025-11-13 01:04:15 - 8_0.1_1 - INFO - class_num 37
2025-11-13 01:04:15 - 8_0.1_1 - INFO - user class dict total [18, 14, 23, 10]
2025-11-13 01:04:15 - 8_0.1_1 - INFO - idx: 0, output_dict_len: 320
2025-11-13 01:04:15 - 8_0.1_1 - INFO - user class dict total [8, 4, 13, 19]
2025-11-13 01:04:15 - 8_0.1_1 - INFO - idx: 1, output_dict_len: 320
2025-11-13 01:04:15 - 8_0.1_1 - INFO - user class dict total [12, 29, 34, 15]
2025-11-13 01:04:15 - 8_0.1_1 - INFO - idx: 2, output_dict_len: 317
2025-11-13 01:04:15 - 8_0.1_1 - INFO - user class dict total [2, 32, 1, 11]
2025-11-13 01:04:15 - 8_0.1_1 - INFO - idx: 3, output_dict_len: 313
2025-11-13 01:04:15 - 8_0.1_1 - INFO - user class dict total [31, 0, 35, 7]
2025-11-13 01:04:15 - 8_0.1_1 - INFO - idx: 4, output_dict_len: 317
2025-11-13 01:04:15 - 8_0.1_1 - INFO - user class dict total [5, 27, 16, 30]
2025-11-13 01:04:15 - 8_0.1_1 - INFO - idx: 5, output_dict_len: 320
2025-11-13 01:04:15 - 8_0.1_1 - INFO - user class dict total [17, 22, 26, 9]
2025-11-13 01:04:15 - 8_0.1_1 - INFO - idx: 6, output_dict_len: 317
2025-11-13 01:04:15 - 8_0.1_1 - INFO - user class dict total [33, 3, 25, 6]
2025-11-13 01:04:15 - 8_0.1_1 - INFO - idx: 7, output_dict_len: 320
2025-11-13 01:04:15 - 8_0.1_1 - INFO - user class dict total [21, 20, 36, 28]
2025-11-13 01:04:15 - 8_0.1_1 - INFO - idx: 8, output_dict_len: 320
2025-11-13 01:04:15 - 8_0.1_1 - INFO - user class dict total [24]
2025-11-13 01:04:15 - 8_0.1_1 - INFO - idx: 9, output_dict_len: 80
2025-11-13 01:04:15 - 8_0.1_1 - INFO - Creating a baseline federated dataset
2025-11-13 01:04:15 - 8_0.1_1 - INFO - class_num 37
2025-11-13 01:04:15 - 8_0.1_1 - INFO - user class dict total [18, 14, 23, 10]
2025-11-13 01:04:15 - 8_0.1_1 - INFO - idx: 0, output_dict_len: 399
2025-11-13 01:04:15 - 8_0.1_1 - INFO - user class dict total [8, 4, 13, 19]
2025-11-13 01:04:15 - 8_0.1_1 - INFO - idx: 1, output_dict_len: 399
2025-11-13 01:04:15 - 8_0.1_1 - INFO - user class dict total [12, 29, 34, 15]
2025-11-13 01:04:15 - 8_0.1_1 - INFO - idx: 2, output_dict_len: 389
2025-11-13 01:04:15 - 8_0.1_1 - INFO - user class dict total [2, 32, 1, 11]
2025-11-13 01:04:15 - 8_0.1_1 - INFO - idx: 3, output_dict_len: 397
2025-11-13 01:04:15 - 8_0.1_1 - INFO - user class dict total [31, 0, 35, 7]
2025-11-13 01:04:15 - 8_0.1_1 - INFO - idx: 4, output_dict_len: 386
2025-11-13 01:04:15 - 8_0.1_1 - INFO - user class dict total [5, 27, 16, 30]
2025-11-13 01:04:15 - 8_0.1_1 - INFO - idx: 5, output_dict_len: 399
2025-11-13 01:04:15 - 8_0.1_1 - INFO - user class dict total [17, 22, 26, 9]
2025-11-13 01:04:15 - 8_0.1_1 - INFO - idx: 6, output_dict_len: 400
2025-11-13 01:04:15 - 8_0.1_1 - INFO - user class dict total [33, 3, 25, 6]
2025-11-13 01:04:15 - 8_0.1_1 - INFO - idx: 7, output_dict_len: 400
2025-11-13 01:04:15 - 8_0.1_1 - INFO - user class dict total [21, 20, 36, 28]
2025-11-13 01:04:15 - 8_0.1_1 - INFO - idx: 8, output_dict_len: 400
2025-11-13 01:04:15 - 8_0.1_1 - INFO - user class dict total [24]
2025-11-13 01:04:15 - 8_0.1_1 - INFO - idx: 9, output_dict_len: 100
2025-11-13 01:04:15 - 8_0.1_1 - INFO - Loading CLIP (backbone: ViT-B/16)
2025-11-13 01:04:18 - 8_0.1_1 - INFO - Building custom CLIP
2025-11-13 01:04:18 - 8_0.1_1 - INFO - Turning off gradients in both the image and the text encoder
2025-11-13 01:04:27 - 8_0.1_1 - INFO - [Epoch 1/30] 训练耗时: 8.60s | 平均训练准确率: 60.31
2025-11-13 01:04:36 - 8_0.1_1 - INFO - [Epoch 2/30] 训练耗时: 8.63s | 平均训练准确率: 67.19
2025-11-13 01:04:44 - 8_0.1_1 - INFO - [Epoch 3/30] 训练耗时: 8.10s | 平均训练准确率: 71.88
2025-11-13 01:04:52 - 8_0.1_1 - INFO - [Epoch 4/30] 训练耗时: 7.74s | 平均训练准确率: 75.47
2025-11-13 01:04:59 - 8_0.1_1 - INFO - [Epoch 5/30] 训练耗时: 7.50s | 平均训练准确率: 76.09
2025-11-13 01:05:07 - 8_0.1_1 - INFO - [Epoch 6/30] 训练耗时: 7.44s | 平均训练准确率: 74.38
2025-11-13 01:05:15 - 8_0.1_1 - INFO - [Epoch 7/30] 训练耗时: 8.74s | 平均训练准确率: 73.28
2025-11-13 01:05:23 - 8_0.1_1 - INFO - [Epoch 8/30] 训练耗时: 7.74s | 平均训练准确率: 77.19
2025-11-13 01:05:31 - 8_0.1_1 - INFO - [Epoch 9/30] 训练耗时: 7.84s | 平均训练准确率: 76.72
2025-11-13 01:05:39 - 8_0.1_1 - INFO - [Epoch 10/30] 训练耗时: 8.01s | 平均训练准确率: 77.19
2025-11-13 01:05:47 - 8_0.1_1 - INFO - [Epoch 11/30] 训练耗时: 8.19s | 平均训练准确率: 75.62
2025-11-13 01:05:55 - 8_0.1_1 - INFO - [Epoch 12/30] 训练耗时: 8.27s | 平均训练准确率: 75.94
2025-11-13 01:06:03 - 8_0.1_1 - INFO - [Epoch 13/30] 训练耗时: 7.97s | 平均训练准确率: 73.59
2025-11-13 01:06:11 - 8_0.1_1 - INFO - [Epoch 14/30] 训练耗时: 7.63s | 平均训练准确率: 73.91
2025-11-13 01:06:20 - 8_0.1_1 - INFO - [Epoch 15/30] 训练耗时: 8.81s | 平均训练准确率: 76.72
2025-11-13 01:06:28 - 8_0.1_1 - INFO - [Epoch 16/30] 训练耗时: 8.47s | 平均训练准确率: 77.81
2025-11-13 01:06:37 - 8_0.1_1 - INFO - [Epoch 17/30] 训练耗时: 8.26s | 平均训练准确率: 75.62
2025-11-13 01:06:45 - 8_0.1_1 - INFO - [Epoch 18/30] 训练耗时: 8.45s | 平均训练准确率: 76.25
2025-11-13 01:06:53 - 8_0.1_1 - INFO - [Epoch 19/30] 训练耗时: 7.82s | 平均训练准确率: 75.16
2025-11-13 01:07:00 - 8_0.1_1 - INFO - [Epoch 20/30] 训练耗时: 7.54s | 平均训练准确率: 77.03
2025-11-13 01:07:07 - 8_0.1_1 - INFO - [Epoch 21/30] 训练耗时: 6.97s | 平均训练准确率: 77.97
2025-11-13 01:07:14 - 8_0.1_1 - INFO - [Epoch 22/30] 训练耗时: 6.94s | 平均训练准确率: 77.34
2025-11-13 01:07:21 - 8_0.1_1 - INFO - [Epoch 23/30] 训练耗时: 6.98s | 平均训练准确率: 76.25
2025-11-13 01:07:30 - 8_0.1_1 - INFO - [Epoch 24/30] 训练耗时: 9.18s | 平均训练准确率: 77.19
2025-11-13 01:07:39 - 8_0.1_1 - INFO - [Epoch 25/30] 训练耗时: 8.17s | 平均训练准确率: 73.59
2025-11-13 01:07:46 - 8_0.1_1 - INFO - [Epoch 26/30] 训练耗时: 7.84s | 平均训练准确率: 75.78
2025-11-13 01:07:55 - 8_0.1_1 - INFO - [Epoch 27/30] 训练耗时: 8.78s | 平均训练准确率: 76.41
2025-11-13 01:08:04 - 8_0.1_1 - INFO - [Epoch 28/30] 训练耗时: 8.71s | 平均训练准确率: 78.12
2025-11-13 01:08:04 - 8_0.1_1 - INFO - ------------local test start-------------
2025-11-13 01:08:04 - 8_0.1_1 - INFO - Evaluate on the client0 local set
2025-11-13 01:08:09 - 8_0.1_1 - INFO - => result | total 399 | correct 262 | acc 65.66% | err 34.34% | macro_f1 69.79%
2025-11-13 01:08:09 - 8_0.1_1 - INFO - Evaluate on the client0 neighbor set
2025-11-13 01:08:48 - 8_0.1_1 - INFO - => result | total 3,270 | correct 2,355 | acc 72.02% | err 27.98% | macro_f1 66.94%
2025-11-13 01:08:48 - 8_0.1_1 - INFO - Evaluate on the client1 local set
2025-11-13 01:08:53 - 8_0.1_1 - INFO - => result | total 399 | correct 278 | acc 69.67% | err 30.33% | macro_f1 71.76%
2025-11-13 01:08:53 - 8_0.1_1 - INFO - Evaluate on the client1 neighbor set
2025-11-13 01:09:33 - 8_0.1_1 - INFO - => result | total 3,270 | correct 2,353 | acc 71.96% | err 28.04% | macro_f1 67.84%
2025-11-13 01:09:33 - 8_0.1_1 - INFO - Evaluate on the client2 local set
2025-11-13 01:09:39 - 8_0.1_1 - INFO - => result | total 389 | correct 361 | acc 92.80% | err 7.20% | macro_f1 95.75%
2025-11-13 01:09:39 - 8_0.1_1 - INFO - Evaluate on the client2 neighbor set
2025-11-13 01:10:18 - 8_0.1_1 - INFO - => result | total 3,280 | correct 2,283 | acc 69.60% | err 30.40% | macro_f1 64.56%
2025-11-13 01:10:18 - 8_0.1_1 - INFO - Evaluate on the client3 local set
2025-11-13 01:10:23 - 8_0.1_1 - INFO - => result | total 397 | correct 276 | acc 69.52% | err 30.48% | macro_f1 76.73%
2025-11-13 01:10:23 - 8_0.1_1 - INFO - Evaluate on the client3 neighbor set
2025-11-13 01:11:04 - 8_0.1_1 - INFO - => result | total 3,272 | correct 2,379 | acc 72.71% | err 27.29% | macro_f1 68.57%
2025-11-13 01:11:04 - 8_0.1_1 - INFO - Evaluate on the client4 local set
2025-11-13 01:11:09 - 8_0.1_1 - INFO - => result | total 386 | correct 285 | acc 73.83% | err 26.17% | macro_f1 70.49%
2025-11-13 01:11:09 - 8_0.1_1 - INFO - Evaluate on the client4 neighbor set
2025-11-13 01:11:50 - 8_0.1_1 - INFO - => result | total 3,283 | correct 2,371 | acc 72.22% | err 27.78% | macro_f1 68.32%
2025-11-13 01:11:50 - 8_0.1_1 - INFO - Evaluate on the client5 local set
2025-11-13 01:11:55 - 8_0.1_1 - INFO - => result | total 399 | correct 220 | acc 55.14% | err 44.86% | macro_f1 58.89%
2025-11-13 01:11:55 - 8_0.1_1 - INFO - Evaluate on the client5 neighbor set
2025-11-13 01:12:32 - 8_0.1_1 - INFO - => result | total 3,270 | correct 2,445 | acc 74.77% | err 25.23% | macro_f1 70.04%
2025-11-13 01:12:32 - 8_0.1_1 - INFO - Evaluate on the client6 local set
2025-11-13 01:12:37 - 8_0.1_1 - INFO - => result | total 400 | correct 237 | acc 59.25% | err 40.75% | macro_f1 61.60%
2025-11-13 01:12:37 - 8_0.1_1 - INFO - Evaluate on the client6 neighbor set
2025-11-13 01:13:15 - 8_0.1_1 - INFO - => result | total 3,269 | correct 2,431 | acc 74.37% | err 25.63% | macro_f1 71.55%
2025-11-13 01:13:15 - 8_0.1_1 - INFO - Evaluate on the client7 local set
2025-11-13 01:13:20 - 8_0.1_1 - INFO - => result | total 400 | correct 276 | acc 69.00% | err 31.00% | macro_f1 71.72%
2025-11-13 01:13:20 - 8_0.1_1 - INFO - Evaluate on the client7 neighbor set
2025-11-13 01:14:01 - 8_0.1_1 - INFO - => result | total 3,269 | correct 2,394 | acc 73.23% | err 26.77% | macro_f1 68.13%
2025-11-13 01:14:01 - 8_0.1_1 - INFO - Evaluate on the client8 local set
2025-11-13 01:14:05 - 8_0.1_1 - INFO - => result | total 400 | correct 365 | acc 91.25% | err 8.75% | macro_f1 95.18%
2025-11-13 01:14:05 - 8_0.1_1 - INFO - Evaluate on the client8 neighbor set
2025-11-13 01:14:48 - 8_0.1_1 - INFO - => result | total 3,269 | correct 2,307 | acc 70.57% | err 29.43% | macro_f1 65.90%
2025-11-13 01:14:48 - 8_0.1_1 - INFO - Evaluate on the client9 local set
2025-11-13 01:14:50 - 8_0.1_1 - INFO - => result | total 100 | correct 100 | acc 100.00% | err 0.00% | macro_f1 100.00%
2025-11-13 01:14:50 - 8_0.1_1 - INFO - Evaluate on the client9 neighbor set
2025-11-13 01:15:44 - 8_0.1_1 - INFO - => result | total 3,569 | correct 2,572 | acc 72.07% | err 27.93% | macro_f1 67.05%
2025-11-13 01:15:44 - 8_0.1_1 - INFO - Global test local acc: 74.61
2025-11-13 01:15:44 - 8_0.1_1 - INFO - Global test neighbor acc: 72.35
2025-11-13 01:15:44 - 8_0.1_1 - INFO - ------------local test finish-------------
2025-11-13 01:15:44 - 8_0.1_1 - INFO - [Epoch 28/30] 测试耗时: 460.25s
2025-11-13 01:15:55 - 8_0.1_1 - INFO - [Epoch 29/30] 训练耗时: 10.70s | 平均训练准确率: 78.59
2025-11-13 01:15:55 - 8_0.1_1 - INFO - ------------local test start-------------
2025-11-13 01:15:55 - 8_0.1_1 - INFO - Evaluate on the client0 local set
2025-11-13 01:16:01 - 8_0.1_1 - INFO - => result | total 399 | correct 277 | acc 69.42% | err 30.58% | macro_f1 71.98%
2025-11-13 01:16:01 - 8_0.1_1 - INFO - Evaluate on the client0 neighbor set
2025-11-13 01:16:48 - 8_0.1_1 - INFO - => result | total 3,270 | correct 2,411 | acc 73.73% | err 26.27% | macro_f1 68.92%
2025-11-13 01:16:48 - 8_0.1_1 - INFO - Evaluate on the client1 local set
2025-11-13 01:16:53 - 8_0.1_1 - INFO - => result | total 399 | correct 277 | acc 69.42% | err 30.58% | macro_f1 71.63%
2025-11-13 01:16:53 - 8_0.1_1 - INFO - Evaluate on the client1 neighbor set
2025-11-13 01:17:41 - 8_0.1_1 - INFO - => result | total 3,270 | correct 2,383 | acc 72.87% | err 27.13% | macro_f1 68.56%
2025-11-13 01:17:41 - 8_0.1_1 - INFO - Evaluate on the client2 local set
2025-11-13 01:17:46 - 8_0.1_1 - INFO - => result | total 389 | correct 359 | acc 92.29% | err 7.71% | macro_f1 95.45%
2025-11-13 01:17:46 - 8_0.1_1 - INFO - Evaluate on the client2 neighbor set
2025-11-13 01:18:33 - 8_0.1_1 - INFO - => result | total 3,280 | correct 2,248 | acc 68.54% | err 31.46% | macro_f1 63.19%
2025-11-13 01:18:33 - 8_0.1_1 - INFO - Evaluate on the client3 local set
2025-11-13 01:18:38 - 8_0.1_1 - INFO - => result | total 397 | correct 253 | acc 63.73% | err 36.27% | macro_f1 68.08%
2025-11-13 01:18:38 - 8_0.1_1 - INFO - Evaluate on the client3 neighbor set
2025-11-13 01:19:23 - 8_0.1_1 - INFO - => result | total 3,272 | correct 2,313 | acc 70.69% | err 29.31% | macro_f1 66.27%
2025-11-13 01:19:23 - 8_0.1_1 - INFO - Evaluate on the client4 local set
2025-11-13 01:19:29 - 8_0.1_1 - INFO - => result | total 386 | correct 286 | acc 74.09% | err 25.91% | macro_f1 69.85%
2025-11-13 01:19:29 - 8_0.1_1 - INFO - Evaluate on the client4 neighbor set
2025-11-13 01:20:13 - 8_0.1_1 - INFO - => result | total 3,283 | correct 2,237 | acc 68.14% | err 31.86% | macro_f1 63.69%
2025-11-13 01:20:13 - 8_0.1_1 - INFO - Evaluate on the client5 local set
2025-11-13 01:20:19 - 8_0.1_1 - INFO - => result | total 399 | correct 199 | acc 49.87% | err 50.13% | macro_f1 50.37%
2025-11-13 01:20:19 - 8_0.1_1 - INFO - Evaluate on the client5 neighbor set
2025-11-13 01:21:00 - 8_0.1_1 - INFO - => result | total 3,270 | correct 2,294 | acc 70.15% | err 29.85% | macro_f1 64.73%
2025-11-13 01:21:00 - 8_0.1_1 - INFO - Evaluate on the client6 local set
2025-11-13 01:21:05 - 8_0.1_1 - INFO - => result | total 400 | correct 204 | acc 51.00% | err 49.00% | macro_f1 49.13%
2025-11-13 01:21:05 - 8_0.1_1 - INFO - Evaluate on the client6 neighbor set
2025-11-13 01:21:45 - 8_0.1_1 - INFO - => result | total 3,269 | correct 2,272 | acc 69.50% | err 30.50% | macro_f1 65.63%
2025-11-13 01:21:45 - 8_0.1_1 - INFO - Evaluate on the client7 local set
2025-11-13 01:21:50 - 8_0.1_1 - INFO - => result | total 400 | correct 214 | acc 53.50% | err 46.50% | macro_f1 57.57%
2025-11-13 01:21:50 - 8_0.1_1 - INFO - Evaluate on the client7 neighbor set
2025-11-13 01:22:37 - 8_0.1_1 - INFO - => result | total 3,269 | correct 2,249 | acc 68.80% | err 31.20% | macro_f1 62.38%
2025-11-13 01:22:37 - 8_0.1_1 - INFO - Evaluate on the client8 local set
2025-11-13 01:22:42 - 8_0.1_1 - INFO - => result | total 400 | correct 364 | acc 91.00% | err 9.00% | macro_f1 95.05%
2025-11-13 01:22:42 - 8_0.1_1 - INFO - Evaluate on the client8 neighbor set
2025-11-13 01:23:28 - 8_0.1_1 - INFO - => result | total 3,269 | correct 2,082 | acc 63.69% | err 36.31% | macro_f1 57.83%
2025-11-13 01:23:28 - 8_0.1_1 - INFO - Evaluate on the client9 local set
2025-11-13 01:23:30 - 8_0.1_1 - INFO - => result | total 100 | correct 100 | acc 100.00% | err 0.00% | macro_f1 100.00%
2025-11-13 01:23:30 - 8_0.1_1 - INFO - Evaluate on the client9 neighbor set
2025-11-13 01:24:18 - 8_0.1_1 - INFO - => result | total 3,569 | correct 2,333 | acc 65.37% | err 34.63% | macro_f1 59.40%
2025-11-13 01:24:18 - 8_0.1_1 - INFO - Global test local acc: 71.43
2025-11-13 01:24:18 - 8_0.1_1 - INFO - Global test neighbor acc: 69.15
2025-11-13 01:24:18 - 8_0.1_1 - INFO - ------------local test finish-------------
2025-11-13 01:24:18 - 8_0.1_1 - INFO - [Epoch 29/30] 测试耗时: 503.51s
2025-11-13 01:24:28 - 8_0.1_1 - INFO - [Epoch 30/30] 训练耗时: 9.87s | 平均训练准确率: 77.19
2025-11-13 01:24:28 - 8_0.1_1 - INFO - ------------local test start-------------
2025-11-13 01:24:28 - 8_0.1_1 - INFO - Evaluate on the client0 local set
2025-11-13 01:24:34 - 8_0.1_1 - INFO - => result | total 399 | correct 225 | acc 56.39% | err 43.61% | macro_f1 61.65%
2025-11-13 01:24:34 - 8_0.1_1 - INFO - Evaluate on the client0 neighbor set
2025-11-13 01:25:21 - 8_0.1_1 - INFO - => result | total 3,270 | correct 2,235 | acc 68.35% | err 31.65% | macro_f1 62.13%
2025-11-13 01:25:21 - 8_0.1_1 - INFO - Evaluate on the client1 local set
2025-11-13 01:25:28 - 8_0.1_1 - INFO - => result | total 399 | correct 260 | acc 65.16% | err 34.84% | macro_f1 68.86%
2025-11-13 01:25:28 - 8_0.1_1 - INFO - Evaluate on the client1 neighbor set
2025-11-13 01:26:15 - 8_0.1_1 - INFO - => result | total 3,270 | correct 2,203 | acc 67.37% | err 32.63% | macro_f1 61.95%
2025-11-13 01:26:15 - 8_0.1_1 - INFO - Evaluate on the client2 local set
2025-11-13 01:26:21 - 8_0.1_1 - INFO - => result | total 389 | correct 362 | acc 93.06% | err 6.94% | macro_f1 95.84%
2025-11-13 01:26:21 - 8_0.1_1 - INFO - Evaluate on the client2 neighbor set
2025-11-13 01:27:05 - 8_0.1_1 - INFO - => result | total 3,280 | correct 2,102 | acc 64.09% | err 35.91% | macro_f1 57.94%
2025-11-13 01:27:05 - 8_0.1_1 - INFO - Evaluate on the client3 local set
2025-11-13 01:27:10 - 8_0.1_1 - INFO - => result | total 397 | correct 251 | acc 63.22% | err 36.78% | macro_f1 67.01%
2025-11-13 01:27:10 - 8_0.1_1 - INFO - Evaluate on the client3 neighbor set
2025-11-13 01:27:54 - 8_0.1_1 - INFO - => result | total 3,272 | correct 2,213 | acc 67.63% | err 32.37% | macro_f1 62.49%
2025-11-13 01:27:54 - 8_0.1_1 - INFO - Evaluate on the client4 local set
2025-11-13 01:27:59 - 8_0.1_1 - INFO - => result | total 386 | correct 287 | acc 74.35% | err 25.65% | macro_f1 69.61%
2025-11-13 01:27:59 - 8_0.1_1 - INFO - Evaluate on the client4 neighbor set
2025-11-13 01:28:40 - 8_0.1_1 - INFO - => result | total 3,283 | correct 2,177 | acc 66.31% | err 33.69% | macro_f1 61.46%
2025-11-13 01:28:40 - 8_0.1_1 - INFO - Evaluate on the client5 local set
2025-11-13 01:28:45 - 8_0.1_1 - INFO - => result | total 399 | correct 200 | acc 50.13% | err 49.87% | macro_f1 50.50%
2025-11-13 01:28:45 - 8_0.1_1 - INFO - Evaluate on the client5 neighbor set
2025-11-13 01:29:32 - 8_0.1_1 - INFO - => result | total 3,270 | correct 2,265 | acc 69.27% | err 30.73% | macro_f1 63.48%
2025-11-13 01:29:32 - 8_0.1_1 - INFO - Evaluate on the client6 local set
2025-11-13 01:29:38 - 8_0.1_1 - INFO - => result | total 400 | correct 203 | acc 50.75% | err 49.25% | macro_f1 48.69%
2025-11-13 01:29:38 - 8_0.1_1 - INFO - Evaluate on the client6 neighbor set
2025-11-13 01:30:23 - 8_0.1_1 - INFO - => result | total 3,269 | correct 2,262 | acc 69.20% | err 30.80% | macro_f1 65.19%
2025-11-13 01:30:23 - 8_0.1_1 - INFO - Evaluate on the client7 local set
2025-11-13 01:30:29 - 8_0.1_1 - INFO - => result | total 400 | correct 213 | acc 53.25% | err 46.75% | macro_f1 57.65%
2025-11-13 01:30:29 - 8_0.1_1 - INFO - Evaluate on the client7 neighbor set
2025-11-13 01:31:16 - 8_0.1_1 - INFO - => result | total 3,269 | correct 2,252 | acc 68.89% | err 31.11% | macro_f1 62.45%
2025-11-13 01:31:16 - 8_0.1_1 - INFO - Evaluate on the client8 local set
2025-11-13 01:31:21 - 8_0.1_1 - INFO - => result | total 400 | correct 363 | acc 90.75% | err 9.25% | macro_f1 94.89%
2025-11-13 01:31:21 - 8_0.1_1 - INFO - Evaluate on the client8 neighbor set
2025-11-13 01:32:06 - 8_0.1_1 - INFO - => result | total 3,269 | correct 2,100 | acc 64.24% | err 35.76% | macro_f1 58.54%
2025-11-13 01:32:06 - 8_0.1_1 - INFO - Evaluate on the client9 local set
2025-11-13 01:32:08 - 8_0.1_1 - INFO - => result | total 100 | correct 100 | acc 100.00% | err 0.00% | macro_f1 100.00%
2025-11-13 01:32:08 - 8_0.1_1 - INFO - Evaluate on the client9 neighbor set
2025-11-13 01:32:57 - 8_0.1_1 - INFO - => result | total 3,569 | correct 2,366 | acc 66.29% | err 33.71% | macro_f1 60.58%
2025-11-13 01:32:57 - 8_0.1_1 - INFO - Global test local acc: 69.71
2025-11-13 01:32:57 - 8_0.1_1 - INFO - Global test neighbor acc: 67.16
2025-11-13 01:32:57 - 8_0.1_1 - INFO - ------------local test finish-------------
2025-11-13 01:32:57 - 8_0.1_1 - INFO - [Epoch 30/30] 测试耗时: 509.16s
2025-11-13 01:32:57 - 8_0.1_1 - INFO - maximum test local acc: 74.613
2025-11-13 01:32:57 - 8_0.1_1 - INFO - mean of local acc: 71.918
2025-11-13 01:32:57 - 8_0.1_1 - INFO - maximum test neighbor acc: 72.351
2025-11-13 01:32:57 - 8_0.1_1 - INFO - mean of neighbor acc: 69.554
