2025-11-13 01:59:45 - 8_0.05_1 - INFO - 日志文件已创建: logs/oxford_pets/fedpgp/8_0.05_1_20251113_015945.log
2025-11-13 01:59:45 - 8_0.05_1 - INFO - Loading trainer: DP_FPL
2025-11-13 01:59:45 - 8_0.05_1 - INFO - Loading dataset: OxfordPets
2025-11-13 01:59:45 - 8_0.05_1 - INFO - Reading split from /home/liuxin25/dataset/oxford_pets/split_zhou_OxfordPets.json
2025-11-13 01:59:45 - 8_0.05_1 - INFO - Creating a baseline federated dataset
2025-11-13 01:59:45 - 8_0.05_1 - INFO - class_num 37
2025-11-13 01:59:45 - 8_0.05_1 - INFO - user class dict total [18, 14, 23, 10]
2025-11-13 01:59:45 - 8_0.05_1 - INFO - idx: 0, output_dict_len: 320
2025-11-13 01:59:45 - 8_0.05_1 - INFO - user class dict total [8, 4, 13, 19]
2025-11-13 01:59:45 - 8_0.05_1 - INFO - idx: 1, output_dict_len: 320
2025-11-13 01:59:45 - 8_0.05_1 - INFO - user class dict total [12, 29, 34, 15]
2025-11-13 01:59:45 - 8_0.05_1 - INFO - idx: 2, output_dict_len: 317
2025-11-13 01:59:45 - 8_0.05_1 - INFO - user class dict total [2, 32, 1, 11]
2025-11-13 01:59:45 - 8_0.05_1 - INFO - idx: 3, output_dict_len: 313
2025-11-13 01:59:45 - 8_0.05_1 - INFO - user class dict total [31, 0, 35, 7]
2025-11-13 01:59:45 - 8_0.05_1 - INFO - idx: 4, output_dict_len: 317
2025-11-13 01:59:45 - 8_0.05_1 - INFO - user class dict total [5, 27, 16, 30]
2025-11-13 01:59:45 - 8_0.05_1 - INFO - idx: 5, output_dict_len: 320
2025-11-13 01:59:45 - 8_0.05_1 - INFO - user class dict total [17, 22, 26, 9]
2025-11-13 01:59:45 - 8_0.05_1 - INFO - idx: 6, output_dict_len: 317
2025-11-13 01:59:45 - 8_0.05_1 - INFO - user class dict total [33, 3, 25, 6]
2025-11-13 01:59:45 - 8_0.05_1 - INFO - idx: 7, output_dict_len: 320
2025-11-13 01:59:45 - 8_0.05_1 - INFO - user class dict total [21, 20, 36, 28]
2025-11-13 01:59:45 - 8_0.05_1 - INFO - idx: 8, output_dict_len: 320
2025-11-13 01:59:45 - 8_0.05_1 - INFO - user class dict total [24]
2025-11-13 01:59:45 - 8_0.05_1 - INFO - idx: 9, output_dict_len: 80
2025-11-13 01:59:45 - 8_0.05_1 - INFO - Creating a baseline federated dataset
2025-11-13 01:59:45 - 8_0.05_1 - INFO - class_num 37
2025-11-13 01:59:45 - 8_0.05_1 - INFO - user class dict total [18, 14, 23, 10]
2025-11-13 01:59:45 - 8_0.05_1 - INFO - idx: 0, output_dict_len: 399
2025-11-13 01:59:45 - 8_0.05_1 - INFO - user class dict total [8, 4, 13, 19]
2025-11-13 01:59:45 - 8_0.05_1 - INFO - idx: 1, output_dict_len: 399
2025-11-13 01:59:45 - 8_0.05_1 - INFO - user class dict total [12, 29, 34, 15]
2025-11-13 01:59:45 - 8_0.05_1 - INFO - idx: 2, output_dict_len: 389
2025-11-13 01:59:45 - 8_0.05_1 - INFO - user class dict total [2, 32, 1, 11]
2025-11-13 01:59:45 - 8_0.05_1 - INFO - idx: 3, output_dict_len: 397
2025-11-13 01:59:45 - 8_0.05_1 - INFO - user class dict total [31, 0, 35, 7]
2025-11-13 01:59:45 - 8_0.05_1 - INFO - idx: 4, output_dict_len: 386
2025-11-13 01:59:45 - 8_0.05_1 - INFO - user class dict total [5, 27, 16, 30]
2025-11-13 01:59:45 - 8_0.05_1 - INFO - idx: 5, output_dict_len: 399
2025-11-13 01:59:45 - 8_0.05_1 - INFO - user class dict total [17, 22, 26, 9]
2025-11-13 01:59:45 - 8_0.05_1 - INFO - idx: 6, output_dict_len: 400
2025-11-13 01:59:45 - 8_0.05_1 - INFO - user class dict total [33, 3, 25, 6]
2025-11-13 01:59:45 - 8_0.05_1 - INFO - idx: 7, output_dict_len: 400
2025-11-13 01:59:45 - 8_0.05_1 - INFO - user class dict total [21, 20, 36, 28]
2025-11-13 01:59:45 - 8_0.05_1 - INFO - idx: 8, output_dict_len: 400
2025-11-13 01:59:45 - 8_0.05_1 - INFO - user class dict total [24]
2025-11-13 01:59:45 - 8_0.05_1 - INFO - idx: 9, output_dict_len: 100
2025-11-13 01:59:45 - 8_0.05_1 - INFO - Loading CLIP (backbone: ViT-B/16)
2025-11-13 01:59:48 - 8_0.05_1 - INFO - Building custom CLIP
2025-11-13 01:59:48 - 8_0.05_1 - INFO - Turning off gradients in both the image and the text encoder
2025-11-13 01:59:58 - 8_0.05_1 - INFO - [Epoch 1/30] 训练耗时: 9.35s | 平均训练准确率: 60.31
2025-11-13 02:00:06 - 8_0.05_1 - INFO - [Epoch 2/30] 训练耗时: 8.19s | 平均训练准确率: 66.88
2025-11-13 02:00:14 - 8_0.05_1 - INFO - [Epoch 3/30] 训练耗时: 8.05s | 平均训练准确率: 71.41
2025-11-13 02:00:22 - 8_0.05_1 - INFO - [Epoch 4/30] 训练耗时: 8.14s | 平均训练准确率: 75.94
2025-11-13 02:00:30 - 8_0.05_1 - INFO - [Epoch 5/30] 训练耗时: 7.58s | 平均训练准确率: 75.78
2025-11-13 02:00:39 - 8_0.05_1 - INFO - [Epoch 6/30] 训练耗时: 8.69s | 平均训练准确率: 74.53
2025-11-13 02:00:47 - 8_0.05_1 - INFO - [Epoch 7/30] 训练耗时: 8.85s | 平均训练准确率: 73.12
2025-11-13 02:00:55 - 8_0.05_1 - INFO - [Epoch 8/30] 训练耗时: 8.06s | 平均训练准确率: 76.41
2025-11-13 02:01:03 - 8_0.05_1 - INFO - [Epoch 9/30] 训练耗时: 7.64s | 平均训练准确率: 75.47
2025-11-13 02:01:11 - 8_0.05_1 - INFO - [Epoch 10/30] 训练耗时: 7.78s | 平均训练准确率: 76.72
2025-11-13 02:01:18 - 8_0.05_1 - INFO - [Epoch 11/30] 训练耗时: 7.49s | 平均训练准确率: 75.47
2025-11-13 02:01:26 - 8_0.05_1 - INFO - [Epoch 12/30] 训练耗时: 7.69s | 平均训练准确率: 74.06
2025-11-13 02:01:35 - 8_0.05_1 - INFO - [Epoch 13/30] 训练耗时: 8.82s | 平均训练准确率: 70.47
2025-11-13 02:01:43 - 8_0.05_1 - INFO - [Epoch 14/30] 训练耗时: 8.17s | 平均训练准确率: 71.41
2025-11-13 02:01:51 - 8_0.05_1 - INFO - [Epoch 15/30] 训练耗时: 8.31s | 平均训练准确率: 75.00
2025-11-13 02:02:00 - 8_0.05_1 - INFO - [Epoch 16/30] 训练耗时: 8.14s | 平均训练准确率: 75.16
2025-11-13 02:02:09 - 8_0.05_1 - INFO - [Epoch 17/30] 训练耗时: 9.83s | 平均训练准确率: 74.38
2025-11-13 02:02:20 - 8_0.05_1 - INFO - [Epoch 18/30] 训练耗时: 10.66s | 平均训练准确率: 74.69
2025-11-13 02:02:30 - 8_0.05_1 - INFO - [Epoch 19/30] 训练耗时: 9.94s | 平均训练准确率: 73.59
2025-11-13 02:02:40 - 8_0.05_1 - INFO - [Epoch 20/30] 训练耗时: 9.86s | 平均训练准确率: 76.25
2025-11-13 02:02:51 - 8_0.05_1 - INFO - [Epoch 21/30] 训练耗时: 11.08s | 平均训练准确率: 78.12
2025-11-13 02:03:01 - 8_0.05_1 - INFO - [Epoch 22/30] 训练耗时: 9.97s | 平均训练准确率: 77.66
2025-11-13 02:03:12 - 8_0.05_1 - INFO - [Epoch 23/30] 训练耗时: 10.69s | 平均训练准确率: 77.50
2025-11-13 02:03:22 - 8_0.05_1 - INFO - [Epoch 24/30] 训练耗时: 10.09s | 平均训练准确率: 80.31
2025-11-13 02:03:32 - 8_0.05_1 - INFO - [Epoch 25/30] 训练耗时: 10.44s | 平均训练准确率: 72.97
2025-11-13 02:03:42 - 8_0.05_1 - INFO - [Epoch 26/30] 训练耗时: 9.85s | 平均训练准确率: 74.38
2025-11-13 02:03:52 - 8_0.05_1 - INFO - [Epoch 27/30] 训练耗时: 10.29s | 平均训练准确率: 75.62
2025-11-13 02:04:03 - 8_0.05_1 - INFO - [Epoch 28/30] 训练耗时: 10.64s | 平均训练准确率: 74.53
2025-11-13 02:04:03 - 8_0.05_1 - INFO - ------------local test start-------------
2025-11-13 02:04:03 - 8_0.05_1 - INFO - Evaluate on the client0 local set
2025-11-13 02:04:09 - 8_0.05_1 - INFO - => result | total 399 | correct 260 | acc 65.16% | err 34.84% | macro_f1 69.24%
2025-11-13 02:04:09 - 8_0.05_1 - INFO - Evaluate on the client0 neighbor set
2025-11-13 02:04:56 - 8_0.05_1 - INFO - => result | total 3,270 | correct 2,436 | acc 74.50% | err 25.50% | macro_f1 69.78%
2025-11-13 02:04:56 - 8_0.05_1 - INFO - Evaluate on the client1 local set
2025-11-13 02:05:04 - 8_0.05_1 - INFO - => result | total 399 | correct 273 | acc 68.42% | err 31.58% | macro_f1 70.96%
2025-11-13 02:05:04 - 8_0.05_1 - INFO - Evaluate on the client1 neighbor set
2025-11-13 02:05:50 - 8_0.05_1 - INFO - => result | total 3,270 | correct 2,438 | acc 74.56% | err 25.44% | macro_f1 71.09%
2025-11-13 02:05:50 - 8_0.05_1 - INFO - Evaluate on the client2 local set
2025-11-13 02:05:56 - 8_0.05_1 - INFO - => result | total 389 | correct 361 | acc 92.80% | err 7.20% | macro_f1 95.69%
2025-11-13 02:05:56 - 8_0.05_1 - INFO - Evaluate on the client2 neighbor set
2025-11-13 02:06:45 - 8_0.05_1 - INFO - => result | total 3,280 | correct 2,353 | acc 71.74% | err 28.26% | macro_f1 66.78%
2025-11-13 02:06:45 - 8_0.05_1 - INFO - Evaluate on the client3 local set
2025-11-13 02:06:50 - 8_0.05_1 - INFO - => result | total 397 | correct 298 | acc 75.06% | err 24.94% | macro_f1 82.71%
2025-11-13 02:06:50 - 8_0.05_1 - INFO - Evaluate on the client3 neighbor set
2025-11-13 02:07:32 - 8_0.05_1 - INFO - => result | total 3,272 | correct 2,423 | acc 74.05% | err 25.95% | macro_f1 70.09%
2025-11-13 02:07:32 - 8_0.05_1 - INFO - Evaluate on the client4 local set
2025-11-13 02:07:38 - 8_0.05_1 - INFO - => result | total 386 | correct 281 | acc 72.80% | err 27.20% | macro_f1 71.55%
2025-11-13 02:07:38 - 8_0.05_1 - INFO - Evaluate on the client4 neighbor set
2025-11-13 02:08:18 - 8_0.05_1 - INFO - => result | total 3,283 | correct 2,451 | acc 74.66% | err 25.34% | macro_f1 70.81%
2025-11-13 02:08:18 - 8_0.05_1 - INFO - Evaluate on the client5 local set
2025-11-13 02:08:23 - 8_0.05_1 - INFO - => result | total 399 | correct 258 | acc 64.66% | err 35.34% | macro_f1 69.67%
2025-11-13 02:08:23 - 8_0.05_1 - INFO - Evaluate on the client5 neighbor set
2025-11-13 02:09:03 - 8_0.05_1 - INFO - => result | total 3,270 | correct 2,478 | acc 75.78% | err 24.22% | macro_f1 71.19%
2025-11-13 02:09:03 - 8_0.05_1 - INFO - Evaluate on the client6 local set
2025-11-13 02:09:09 - 8_0.05_1 - INFO - => result | total 400 | correct 234 | acc 58.50% | err 41.50% | macro_f1 62.14%
2025-11-13 02:09:09 - 8_0.05_1 - INFO - Evaluate on the client6 neighbor set
2025-11-13 02:09:53 - 8_0.05_1 - INFO - => result | total 3,269 | correct 2,508 | acc 76.72% | err 23.28% | macro_f1 73.75%
2025-11-13 02:09:53 - 8_0.05_1 - INFO - Evaluate on the client7 local set
2025-11-13 02:09:59 - 8_0.05_1 - INFO - => result | total 400 | correct 287 | acc 71.75% | err 28.25% | macro_f1 73.32%
2025-11-13 02:09:59 - 8_0.05_1 - INFO - Evaluate on the client7 neighbor set
2025-11-13 02:10:44 - 8_0.05_1 - INFO - => result | total 3,269 | correct 2,455 | acc 75.10% | err 24.90% | macro_f1 70.46%
2025-11-13 02:10:45 - 8_0.05_1 - INFO - Evaluate on the client8 local set
2025-11-13 02:10:49 - 8_0.05_1 - INFO - => result | total 400 | correct 358 | acc 89.50% | err 10.50% | macro_f1 94.15%
2025-11-13 02:10:49 - 8_0.05_1 - INFO - Evaluate on the client8 neighbor set
2025-11-13 02:11:34 - 8_0.05_1 - INFO - => result | total 3,269 | correct 2,382 | acc 72.87% | err 27.13% | macro_f1 68.53%
2025-11-13 02:11:34 - 8_0.05_1 - INFO - Evaluate on the client9 local set
2025-11-13 02:11:36 - 8_0.05_1 - INFO - => result | total 100 | correct 99 | acc 99.00% | err 1.00% | macro_f1 99.50%
2025-11-13 02:11:36 - 8_0.05_1 - INFO - Evaluate on the client9 neighbor set
2025-11-13 02:12:25 - 8_0.05_1 - INFO - => result | total 3,569 | correct 2,638 | acc 73.91% | err 26.09% | macro_f1 68.85%
2025-11-13 02:12:25 - 8_0.05_1 - INFO - Global test local acc: 75.77
2025-11-13 02:12:25 - 8_0.05_1 - INFO - Global test neighbor acc: 74.39
2025-11-13 02:12:25 - 8_0.05_1 - INFO - ------------local test finish-------------
2025-11-13 02:12:25 - 8_0.05_1 - INFO - [Epoch 28/30] 测试耗时: 501.77s
2025-11-13 02:12:35 - 8_0.05_1 - INFO - [Epoch 29/30] 训练耗时: 10.17s | 平均训练准确率: 77.03
2025-11-13 02:12:35 - 8_0.05_1 - INFO - ------------local test start-------------
2025-11-13 02:12:35 - 8_0.05_1 - INFO - Evaluate on the client0 local set
2025-11-13 02:12:40 - 8_0.05_1 - INFO - => result | total 399 | correct 283 | acc 70.93% | err 29.07% | macro_f1 72.55%
2025-11-13 02:12:40 - 8_0.05_1 - INFO - Evaluate on the client0 neighbor set
2025-11-13 02:13:24 - 8_0.05_1 - INFO - => result | total 3,270 | correct 2,387 | acc 73.00% | err 27.00% | macro_f1 68.35%
2025-11-13 02:13:24 - 8_0.05_1 - INFO - Evaluate on the client1 local set
2025-11-13 02:13:30 - 8_0.05_1 - INFO - => result | total 399 | correct 266 | acc 66.67% | err 33.33% | macro_f1 69.75%
2025-11-13 02:13:30 - 8_0.05_1 - INFO - Evaluate on the client1 neighbor set
2025-11-13 02:14:15 - 8_0.05_1 - INFO - => result | total 3,270 | correct 2,376 | acc 72.66% | err 27.34% | macro_f1 68.67%
2025-11-13 02:14:15 - 8_0.05_1 - INFO - Evaluate on the client2 local set
2025-11-13 02:14:22 - 8_0.05_1 - INFO - => result | total 389 | correct 361 | acc 92.80% | err 7.20% | macro_f1 95.73%
2025-11-13 02:14:22 - 8_0.05_1 - INFO - Evaluate on the client2 neighbor set
2025-11-13 02:15:06 - 8_0.05_1 - INFO - => result | total 3,280 | correct 2,263 | acc 68.99% | err 31.01% | macro_f1 63.82%
2025-11-13 02:15:06 - 8_0.05_1 - INFO - Evaluate on the client3 local set
2025-11-13 02:15:11 - 8_0.05_1 - INFO - => result | total 397 | correct 275 | acc 69.27% | err 30.73% | macro_f1 76.76%
2025-11-13 02:15:11 - 8_0.05_1 - INFO - Evaluate on the client3 neighbor set
2025-11-13 02:15:51 - 8_0.05_1 - INFO - => result | total 3,272 | correct 2,336 | acc 71.39% | err 28.61% | macro_f1 67.25%
2025-11-13 02:15:51 - 8_0.05_1 - INFO - Evaluate on the client4 local set
2025-11-13 02:15:56 - 8_0.05_1 - INFO - => result | total 386 | correct 282 | acc 73.06% | err 26.94% | macro_f1 69.40%
2025-11-13 02:15:56 - 8_0.05_1 - INFO - Evaluate on the client4 neighbor set
2025-11-13 02:16:42 - 8_0.05_1 - INFO - => result | total 3,283 | correct 2,322 | acc 70.73% | err 29.27% | macro_f1 66.34%
2025-11-13 02:16:42 - 8_0.05_1 - INFO - Evaluate on the client5 local set
2025-11-13 02:16:48 - 8_0.05_1 - INFO - => result | total 399 | correct 203 | acc 50.88% | err 49.12% | macro_f1 52.62%
2025-11-13 02:16:48 - 8_0.05_1 - INFO - Evaluate on the client5 neighbor set
2025-11-13 02:17:33 - 8_0.05_1 - INFO - => result | total 3,270 | correct 2,389 | acc 73.06% | err 26.94% | macro_f1 68.28%
2025-11-13 02:17:33 - 8_0.05_1 - INFO - Evaluate on the client6 local set
2025-11-13 02:17:39 - 8_0.05_1 - INFO - => result | total 400 | correct 196 | acc 49.00% | err 51.00% | macro_f1 49.91%
2025-11-13 02:17:39 - 8_0.05_1 - INFO - Evaluate on the client6 neighbor set
2025-11-13 02:18:25 - 8_0.05_1 - INFO - => result | total 3,269 | correct 2,385 | acc 72.96% | err 27.04% | macro_f1 68.71%
2025-11-13 02:18:25 - 8_0.05_1 - INFO - Evaluate on the client7 local set
2025-11-13 02:18:30 - 8_0.05_1 - INFO - => result | total 400 | correct 285 | acc 71.25% | err 28.75% | macro_f1 74.75%
2025-11-13 02:18:30 - 8_0.05_1 - INFO - Evaluate on the client7 neighbor set
2025-11-13 02:19:16 - 8_0.05_1 - INFO - => result | total 3,269 | correct 2,294 | acc 70.17% | err 29.83% | macro_f1 64.35%
2025-11-13 02:19:16 - 8_0.05_1 - INFO - Evaluate on the client8 local set
2025-11-13 02:19:22 - 8_0.05_1 - INFO - => result | total 400 | correct 363 | acc 90.75% | err 9.25% | macro_f1 94.99%
2025-11-13 02:19:22 - 8_0.05_1 - INFO - Evaluate on the client8 neighbor set
2025-11-13 02:20:10 - 8_0.05_1 - INFO - => result | total 3,269 | correct 2,214 | acc 67.73% | err 32.27% | macro_f1 63.03%
2025-11-13 02:20:10 - 8_0.05_1 - INFO - Evaluate on the client9 local set
2025-11-13 02:20:12 - 8_0.05_1 - INFO - => result | total 100 | correct 99 | acc 99.00% | err 1.00% | macro_f1 99.50%
2025-11-13 02:20:12 - 8_0.05_1 - INFO - Evaluate on the client9 neighbor set
2025-11-13 02:21:03 - 8_0.05_1 - INFO - => result | total 3,569 | correct 2,475 | acc 69.35% | err 30.65% | macro_f1 63.39%
2025-11-13 02:21:03 - 8_0.05_1 - INFO - Global test local acc: 73.36
2025-11-13 02:21:03 - 8_0.05_1 - INFO - Global test neighbor acc: 71.00
2025-11-13 02:21:03 - 8_0.05_1 - INFO - ------------local test finish-------------
2025-11-13 02:21:03 - 8_0.05_1 - INFO - [Epoch 29/30] 测试耗时: 508.51s
2025-11-13 02:21:13 - 8_0.05_1 - INFO - [Epoch 30/30] 训练耗时: 10.06s | 平均训练准确率: 72.50
2025-11-13 02:21:13 - 8_0.05_1 - INFO - ------------local test start-------------
2025-11-13 02:21:13 - 8_0.05_1 - INFO - Evaluate on the client0 local set
2025-11-13 02:21:19 - 8_0.05_1 - INFO - => result | total 399 | correct 288 | acc 72.18% | err 27.82% | macro_f1 73.22%
2025-11-13 02:21:19 - 8_0.05_1 - INFO - Evaluate on the client0 neighbor set
2025-11-13 02:22:04 - 8_0.05_1 - INFO - => result | total 3,270 | correct 2,420 | acc 74.01% | err 25.99% | macro_f1 69.48%
2025-11-13 02:22:04 - 8_0.05_1 - INFO - Evaluate on the client1 local set
2025-11-13 02:22:09 - 8_0.05_1 - INFO - => result | total 399 | correct 266 | acc 66.67% | err 33.33% | macro_f1 69.82%
2025-11-13 02:22:09 - 8_0.05_1 - INFO - Evaluate on the client1 neighbor set
2025-11-13 02:22:46 - 8_0.05_1 - INFO - => result | total 3,270 | correct 2,433 | acc 74.40% | err 25.60% | macro_f1 70.51%
2025-11-13 02:22:46 - 8_0.05_1 - INFO - Evaluate on the client2 local set
2025-11-13 02:22:50 - 8_0.05_1 - INFO - => result | total 389 | correct 361 | acc 92.80% | err 7.20% | macro_f1 95.82%
2025-11-13 02:22:50 - 8_0.05_1 - INFO - Evaluate on the client2 neighbor set
2025-11-13 02:23:31 - 8_0.05_1 - INFO - => result | total 3,280 | correct 2,331 | acc 71.07% | err 28.93% | macro_f1 66.42%
2025-11-13 02:23:31 - 8_0.05_1 - INFO - Evaluate on the client3 local set
2025-11-13 02:23:35 - 8_0.05_1 - INFO - => result | total 397 | correct 279 | acc 70.28% | err 29.72% | macro_f1 77.47%
2025-11-13 02:23:35 - 8_0.05_1 - INFO - Evaluate on the client3 neighbor set
2025-11-13 02:24:15 - 8_0.05_1 - INFO - => result | total 3,272 | correct 2,408 | acc 73.59% | err 26.41% | macro_f1 69.68%
2025-11-13 02:24:15 - 8_0.05_1 - INFO - Evaluate on the client4 local set
2025-11-13 02:24:19 - 8_0.05_1 - INFO - => result | total 386 | correct 283 | acc 73.32% | err 26.68% | macro_f1 69.00%
2025-11-13 02:24:19 - 8_0.05_1 - INFO - Evaluate on the client4 neighbor set
2025-11-13 02:24:59 - 8_0.05_1 - INFO - => result | total 3,283 | correct 2,407 | acc 73.32% | err 26.68% | macro_f1 69.59%
2025-11-13 02:24:59 - 8_0.05_1 - INFO - Evaluate on the client5 local set
2025-11-13 02:25:04 - 8_0.05_1 - INFO - => result | total 399 | correct 234 | acc 58.65% | err 41.35% | macro_f1 63.58%
2025-11-13 02:25:04 - 8_0.05_1 - INFO - Evaluate on the client5 neighbor set
2025-11-13 02:25:43 - 8_0.05_1 - INFO - => result | total 3,270 | correct 2,458 | acc 75.17% | err 24.83% | macro_f1 70.59%
2025-11-13 02:25:43 - 8_0.05_1 - INFO - Evaluate on the client6 local set
2025-11-13 02:25:47 - 8_0.05_1 - INFO - => result | total 400 | correct 234 | acc 58.50% | err 41.50% | macro_f1 63.04%
2025-11-13 02:25:47 - 8_0.05_1 - INFO - Evaluate on the client6 neighbor set
2025-11-13 02:26:27 - 8_0.05_1 - INFO - => result | total 3,269 | correct 2,454 | acc 75.07% | err 24.93% | macro_f1 72.01%
2025-11-13 02:26:27 - 8_0.05_1 - INFO - Evaluate on the client7 local set
2025-11-13 02:26:31 - 8_0.05_1 - INFO - => result | total 400 | correct 290 | acc 72.50% | err 27.50% | macro_f1 75.12%
2025-11-13 02:26:31 - 8_0.05_1 - INFO - Evaluate on the client7 neighbor set
2025-11-13 02:27:11 - 8_0.05_1 - INFO - => result | total 3,269 | correct 2,395 | acc 73.26% | err 26.74% | macro_f1 68.42%
2025-11-13 02:27:11 - 8_0.05_1 - INFO - Evaluate on the client8 local set
2025-11-13 02:27:16 - 8_0.05_1 - INFO - => result | total 400 | correct 356 | acc 89.00% | err 11.00% | macro_f1 93.95%
2025-11-13 02:27:16 - 8_0.05_1 - INFO - Evaluate on the client8 neighbor set
2025-11-13 02:27:54 - 8_0.05_1 - INFO - => result | total 3,269 | correct 2,328 | acc 71.21% | err 28.79% | macro_f1 66.83%
2025-11-13 02:27:54 - 8_0.05_1 - INFO - Evaluate on the client9 local set
2025-11-13 02:27:55 - 8_0.05_1 - INFO - => result | total 100 | correct 99 | acc 99.00% | err 1.00% | macro_f1 99.50%
2025-11-13 02:27:55 - 8_0.05_1 - INFO - Evaluate on the client9 neighbor set
2025-11-13 02:28:37 - 8_0.05_1 - INFO - => result | total 3,569 | correct 2,585 | acc 72.43% | err 27.57% | macro_f1 67.33%
2025-11-13 02:28:37 - 8_0.05_1 - INFO - Global test local acc: 75.29
2025-11-13 02:28:37 - 8_0.05_1 - INFO - Global test neighbor acc: 73.35
2025-11-13 02:28:37 - 8_0.05_1 - INFO - ------------local test finish-------------
2025-11-13 02:28:37 - 8_0.05_1 - INFO - [Epoch 30/30] 测试耗时: 443.87s
2025-11-13 02:28:37 - 8_0.05_1 - INFO - maximum test local acc: 75.766
2025-11-13 02:28:37 - 8_0.05_1 - INFO - mean of local acc: 74.805
2025-11-13 02:28:37 - 8_0.05_1 - INFO - maximum test neighbor acc: 74.388
2025-11-13 02:28:37 - 8_0.05_1 - INFO - mean of neighbor acc: 72.915
