2025-11-13 00:08:20 - 8_0.2_1 - INFO - 日志文件已创建: logs/oxford_pets/fedpgp/8_0.2_1_20251113_000820.log
2025-11-13 00:08:20 - 8_0.2_1 - INFO - Loading trainer: DP_FPL
2025-11-13 00:08:20 - 8_0.2_1 - INFO - Loading dataset: OxfordPets
2025-11-13 00:08:20 - 8_0.2_1 - INFO - Reading split from /home/liuxin25/dataset/oxford_pets/split_zhou_OxfordPets.json
2025-11-13 00:08:20 - 8_0.2_1 - INFO - Creating a baseline federated dataset
2025-11-13 00:08:20 - 8_0.2_1 - INFO - class_num 37
2025-11-13 00:08:20 - 8_0.2_1 - INFO - user class dict total [18, 14, 23, 10]
2025-11-13 00:08:20 - 8_0.2_1 - INFO - idx: 0, output_dict_len: 320
2025-11-13 00:08:20 - 8_0.2_1 - INFO - user class dict total [8, 4, 13, 19]
2025-11-13 00:08:20 - 8_0.2_1 - INFO - idx: 1, output_dict_len: 320
2025-11-13 00:08:20 - 8_0.2_1 - INFO - user class dict total [12, 29, 34, 15]
2025-11-13 00:08:20 - 8_0.2_1 - INFO - idx: 2, output_dict_len: 317
2025-11-13 00:08:20 - 8_0.2_1 - INFO - user class dict total [2, 32, 1, 11]
2025-11-13 00:08:20 - 8_0.2_1 - INFO - idx: 3, output_dict_len: 313
2025-11-13 00:08:20 - 8_0.2_1 - INFO - user class dict total [31, 0, 35, 7]
2025-11-13 00:08:20 - 8_0.2_1 - INFO - idx: 4, output_dict_len: 317
2025-11-13 00:08:20 - 8_0.2_1 - INFO - user class dict total [5, 27, 16, 30]
2025-11-13 00:08:20 - 8_0.2_1 - INFO - idx: 5, output_dict_len: 320
2025-11-13 00:08:20 - 8_0.2_1 - INFO - user class dict total [17, 22, 26, 9]
2025-11-13 00:08:20 - 8_0.2_1 - INFO - idx: 6, output_dict_len: 317
2025-11-13 00:08:20 - 8_0.2_1 - INFO - user class dict total [33, 3, 25, 6]
2025-11-13 00:08:20 - 8_0.2_1 - INFO - idx: 7, output_dict_len: 320
2025-11-13 00:08:20 - 8_0.2_1 - INFO - user class dict total [21, 20, 36, 28]
2025-11-13 00:08:20 - 8_0.2_1 - INFO - idx: 8, output_dict_len: 320
2025-11-13 00:08:20 - 8_0.2_1 - INFO - user class dict total [24]
2025-11-13 00:08:20 - 8_0.2_1 - INFO - idx: 9, output_dict_len: 80
2025-11-13 00:08:20 - 8_0.2_1 - INFO - Creating a baseline federated dataset
2025-11-13 00:08:20 - 8_0.2_1 - INFO - class_num 37
2025-11-13 00:08:20 - 8_0.2_1 - INFO - user class dict total [18, 14, 23, 10]
2025-11-13 00:08:20 - 8_0.2_1 - INFO - idx: 0, output_dict_len: 399
2025-11-13 00:08:20 - 8_0.2_1 - INFO - user class dict total [8, 4, 13, 19]
2025-11-13 00:08:20 - 8_0.2_1 - INFO - idx: 1, output_dict_len: 399
2025-11-13 00:08:20 - 8_0.2_1 - INFO - user class dict total [12, 29, 34, 15]
2025-11-13 00:08:20 - 8_0.2_1 - INFO - idx: 2, output_dict_len: 389
2025-11-13 00:08:20 - 8_0.2_1 - INFO - user class dict total [2, 32, 1, 11]
2025-11-13 00:08:20 - 8_0.2_1 - INFO - idx: 3, output_dict_len: 397
2025-11-13 00:08:20 - 8_0.2_1 - INFO - user class dict total [31, 0, 35, 7]
2025-11-13 00:08:20 - 8_0.2_1 - INFO - idx: 4, output_dict_len: 386
2025-11-13 00:08:20 - 8_0.2_1 - INFO - user class dict total [5, 27, 16, 30]
2025-11-13 00:08:20 - 8_0.2_1 - INFO - idx: 5, output_dict_len: 399
2025-11-13 00:08:20 - 8_0.2_1 - INFO - user class dict total [17, 22, 26, 9]
2025-11-13 00:08:20 - 8_0.2_1 - INFO - idx: 6, output_dict_len: 400
2025-11-13 00:08:20 - 8_0.2_1 - INFO - user class dict total [33, 3, 25, 6]
2025-11-13 00:08:20 - 8_0.2_1 - INFO - idx: 7, output_dict_len: 400
2025-11-13 00:08:20 - 8_0.2_1 - INFO - user class dict total [21, 20, 36, 28]
2025-11-13 00:08:20 - 8_0.2_1 - INFO - idx: 8, output_dict_len: 400
2025-11-13 00:08:20 - 8_0.2_1 - INFO - user class dict total [24]
2025-11-13 00:08:20 - 8_0.2_1 - INFO - idx: 9, output_dict_len: 100
2025-11-13 00:08:20 - 8_0.2_1 - INFO - Loading CLIP (backbone: ViT-B/16)
2025-11-13 00:08:23 - 8_0.2_1 - INFO - Building custom CLIP
2025-11-13 00:08:23 - 8_0.2_1 - INFO - Turning off gradients in both the image and the text encoder
2025-11-13 00:08:33 - 8_0.2_1 - INFO - [Epoch 1/30] 训练耗时: 9.14s | 平均训练准确率: 60.31
2025-11-13 00:08:41 - 8_0.2_1 - INFO - [Epoch 2/30] 训练耗时: 7.66s | 平均训练准确率: 67.50
2025-11-13 00:08:49 - 8_0.2_1 - INFO - [Epoch 3/30] 训练耗时: 8.03s | 平均训练准确率: 71.88
2025-11-13 00:08:57 - 8_0.2_1 - INFO - [Epoch 4/30] 训练耗时: 8.01s | 平均训练准确率: 75.78
2025-11-13 00:09:07 - 8_0.2_1 - INFO - [Epoch 5/30] 训练耗时: 10.46s | 平均训练准确率: 76.72
2025-11-13 00:09:15 - 8_0.2_1 - INFO - [Epoch 6/30] 训练耗时: 8.39s | 平均训练准确率: 75.31
2025-11-13 00:09:23 - 8_0.2_1 - INFO - [Epoch 7/30] 训练耗时: 7.50s | 平均训练准确率: 73.28
2025-11-13 00:09:31 - 8_0.2_1 - INFO - [Epoch 8/30] 训练耗时: 8.07s | 平均训练准确率: 77.97
2025-11-13 00:09:39 - 8_0.2_1 - INFO - [Epoch 9/30] 训练耗时: 8.03s | 平均训练准确率: 77.19
2025-11-13 00:09:48 - 8_0.2_1 - INFO - [Epoch 10/30] 训练耗时: 8.76s | 平均训练准确率: 77.97
2025-11-13 00:09:56 - 8_0.2_1 - INFO - [Epoch 11/30] 训练耗时: 7.74s | 平均训练准确率: 76.41
2025-11-13 00:10:04 - 8_0.2_1 - INFO - [Epoch 12/30] 训练耗时: 8.09s | 平均训练准确率: 78.12
2025-11-13 00:10:12 - 8_0.2_1 - INFO - [Epoch 13/30] 训练耗时: 8.79s | 平均训练准确率: 74.84
2025-11-13 00:10:21 - 8_0.2_1 - INFO - [Epoch 14/30] 训练耗时: 8.76s | 平均训练准确率: 75.31
2025-11-13 00:10:30 - 8_0.2_1 - INFO - [Epoch 15/30] 训练耗时: 8.30s | 平均训练准确率: 77.50
2025-11-13 00:10:37 - 8_0.2_1 - INFO - [Epoch 16/30] 训练耗时: 7.46s | 平均训练准确率: 77.97
2025-11-13 00:10:44 - 8_0.2_1 - INFO - [Epoch 17/30] 训练耗时: 7.13s | 平均训练准确率: 76.72
2025-11-13 00:10:52 - 8_0.2_1 - INFO - [Epoch 18/30] 训练耗时: 7.72s | 平均训练准确率: 77.50
2025-11-13 00:11:00 - 8_0.2_1 - INFO - [Epoch 19/30] 训练耗时: 8.35s | 平均训练准确率: 77.03
2025-11-13 00:11:08 - 8_0.2_1 - INFO - [Epoch 20/30] 训练耗时: 8.13s | 平均训练准确率: 78.44
2025-11-13 00:11:17 - 8_0.2_1 - INFO - [Epoch 21/30] 训练耗时: 8.54s | 平均训练准确率: 77.81
2025-11-13 00:11:25 - 8_0.2_1 - INFO - [Epoch 22/30] 训练耗时: 8.03s | 平均训练准确率: 77.34
2025-11-13 00:11:33 - 8_0.2_1 - INFO - [Epoch 23/30] 训练耗时: 7.75s | 平均训练准确率: 77.97
2025-11-13 00:11:41 - 8_0.2_1 - INFO - [Epoch 24/30] 训练耗时: 7.92s | 平均训练准确率: 79.69
2025-11-13 00:11:48 - 8_0.2_1 - INFO - [Epoch 25/30] 训练耗时: 7.89s | 平均训练准确率: 77.19
2025-11-13 00:11:57 - 8_0.2_1 - INFO - [Epoch 26/30] 训练耗时: 8.18s | 平均训练准确率: 77.03
2025-11-13 00:12:05 - 8_0.2_1 - INFO - [Epoch 27/30] 训练耗时: 8.84s | 平均训练准确率: 77.97
2025-11-13 00:12:14 - 8_0.2_1 - INFO - [Epoch 28/30] 训练耗时: 8.44s | 平均训练准确率: 78.91
2025-11-13 00:12:14 - 8_0.2_1 - INFO - ------------local test start-------------
2025-11-13 00:12:14 - 8_0.2_1 - INFO - Evaluate on the client0 local set
2025-11-13 00:12:18 - 8_0.2_1 - INFO - => result | total 399 | correct 220 | acc 55.14% | err 44.86% | macro_f1 60.80%
2025-11-13 00:12:18 - 8_0.2_1 - INFO - Evaluate on the client0 neighbor set
2025-11-13 00:13:00 - 8_0.2_1 - INFO - => result | total 3,270 | correct 2,351 | acc 71.90% | err 28.10% | macro_f1 66.42%
2025-11-13 00:13:00 - 8_0.2_1 - INFO - Evaluate on the client1 local set
2025-11-13 00:13:05 - 8_0.2_1 - INFO - => result | total 399 | correct 275 | acc 68.92% | err 31.08% | macro_f1 71.36%
2025-11-13 00:13:05 - 8_0.2_1 - INFO - Evaluate on the client1 neighbor set
2025-11-13 00:13:45 - 8_0.2_1 - INFO - => result | total 3,270 | correct 2,291 | acc 70.06% | err 29.94% | macro_f1 65.16%
2025-11-13 00:13:45 - 8_0.2_1 - INFO - Evaluate on the client2 local set
2025-11-13 00:13:50 - 8_0.2_1 - INFO - => result | total 389 | correct 362 | acc 93.06% | err 6.94% | macro_f1 95.75%
2025-11-13 00:13:50 - 8_0.2_1 - INFO - Evaluate on the client2 neighbor set
2025-11-13 00:14:29 - 8_0.2_1 - INFO - => result | total 3,280 | correct 2,199 | acc 67.04% | err 32.96% | macro_f1 61.35%
2025-11-13 00:14:29 - 8_0.2_1 - INFO - Evaluate on the client3 local set
2025-11-13 00:14:33 - 8_0.2_1 - INFO - => result | total 397 | correct 289 | acc 72.80% | err 27.20% | macro_f1 80.29%
2025-11-13 00:14:33 - 8_0.2_1 - INFO - Evaluate on the client3 neighbor set
2025-11-13 00:15:14 - 8_0.2_1 - INFO - => result | total 3,272 | correct 2,266 | acc 69.25% | err 30.75% | macro_f1 64.52%
2025-11-13 00:15:14 - 8_0.2_1 - INFO - Evaluate on the client4 local set
2025-11-13 00:15:19 - 8_0.2_1 - INFO - => result | total 386 | correct 285 | acc 73.83% | err 26.17% | macro_f1 70.59%
2025-11-13 00:15:19 - 8_0.2_1 - INFO - Evaluate on the client4 neighbor set
2025-11-13 00:15:59 - 8_0.2_1 - INFO - => result | total 3,283 | correct 2,264 | acc 68.96% | err 31.04% | macro_f1 64.25%
2025-11-13 00:15:59 - 8_0.2_1 - INFO - Evaluate on the client5 local set
2025-11-13 00:16:04 - 8_0.2_1 - INFO - => result | total 399 | correct 199 | acc 49.87% | err 50.13% | macro_f1 50.37%
2025-11-13 00:16:04 - 8_0.2_1 - INFO - Evaluate on the client5 neighbor set
2025-11-13 00:16:44 - 8_0.2_1 - INFO - => result | total 3,270 | correct 2,345 | acc 71.71% | err 28.29% | macro_f1 66.55%
2025-11-13 00:16:44 - 8_0.2_1 - INFO - Evaluate on the client6 local set
2025-11-13 00:16:49 - 8_0.2_1 - INFO - => result | total 400 | correct 206 | acc 51.50% | err 48.50% | macro_f1 50.25%
2025-11-13 00:16:49 - 8_0.2_1 - INFO - Evaluate on the client6 neighbor set
2025-11-13 00:17:29 - 8_0.2_1 - INFO - => result | total 3,269 | correct 2,336 | acc 71.46% | err 28.54% | macro_f1 67.70%
2025-11-13 00:17:29 - 8_0.2_1 - INFO - Evaluate on the client7 local set
2025-11-13 00:17:34 - 8_0.2_1 - INFO - => result | total 400 | correct 260 | acc 65.00% | err 35.00% | macro_f1 69.12%
2025-11-13 00:17:34 - 8_0.2_1 - INFO - Evaluate on the client7 neighbor set
2025-11-13 00:18:13 - 8_0.2_1 - INFO - => result | total 3,269 | correct 2,276 | acc 69.62% | err 30.38% | macro_f1 63.28%
2025-11-13 00:18:13 - 8_0.2_1 - INFO - Evaluate on the client8 local set
2025-11-13 00:18:17 - 8_0.2_1 - INFO - => result | total 400 | correct 363 | acc 90.75% | err 9.25% | macro_f1 94.86%
2025-11-13 00:18:17 - 8_0.2_1 - INFO - Evaluate on the client8 neighbor set
2025-11-13 00:18:57 - 8_0.2_1 - INFO - => result | total 3,269 | correct 2,171 | acc 66.41% | err 33.59% | macro_f1 61.01%
2025-11-13 00:18:57 - 8_0.2_1 - INFO - Evaluate on the client9 local set
2025-11-13 00:18:58 - 8_0.2_1 - INFO - => result | total 100 | correct 100 | acc 100.00% | err 0.00% | macro_f1 100.00%
2025-11-13 00:18:58 - 8_0.2_1 - INFO - Evaluate on the client9 neighbor set
2025-11-13 00:19:42 - 8_0.2_1 - INFO - => result | total 3,569 | correct 2,431 | acc 68.11% | err 31.89% | macro_f1 62.75%
2025-11-13 00:19:42 - 8_0.2_1 - INFO - Global test local acc: 72.09
2025-11-13 00:19:42 - 8_0.2_1 - INFO - Global test neighbor acc: 69.45
2025-11-13 00:19:42 - 8_0.2_1 - INFO - ------------local test finish-------------
2025-11-13 00:19:42 - 8_0.2_1 - INFO - [Epoch 28/30] 测试耗时: 447.95s
2025-11-13 00:19:50 - 8_0.2_1 - INFO - [Epoch 29/30] 训练耗时: 8.16s | 平均训练准确率: 80.16
2025-11-13 00:19:50 - 8_0.2_1 - INFO - ------------local test start-------------
2025-11-13 00:19:50 - 8_0.2_1 - INFO - Evaluate on the client0 local set
2025-11-13 00:19:55 - 8_0.2_1 - INFO - => result | total 399 | correct 228 | acc 57.14% | err 42.86% | macro_f1 62.95%
2025-11-13 00:19:55 - 8_0.2_1 - INFO - Evaluate on the client0 neighbor set
2025-11-13 00:20:37 - 8_0.2_1 - INFO - => result | total 3,270 | correct 2,397 | acc 73.30% | err 26.70% | macro_f1 67.92%
2025-11-13 00:20:37 - 8_0.2_1 - INFO - Evaluate on the client1 local set
2025-11-13 00:20:42 - 8_0.2_1 - INFO - => result | total 399 | correct 275 | acc 68.92% | err 31.08% | macro_f1 71.36%
2025-11-13 00:20:42 - 8_0.2_1 - INFO - Evaluate on the client1 neighbor set
2025-11-13 00:21:21 - 8_0.2_1 - INFO - => result | total 3,270 | correct 2,300 | acc 70.34% | err 29.66% | macro_f1 65.34%
2025-11-13 00:21:21 - 8_0.2_1 - INFO - Evaluate on the client2 local set
2025-11-13 00:21:26 - 8_0.2_1 - INFO - => result | total 389 | correct 362 | acc 93.06% | err 6.94% | macro_f1 95.75%
2025-11-13 00:21:26 - 8_0.2_1 - INFO - Evaluate on the client2 neighbor set
2025-11-13 00:22:06 - 8_0.2_1 - INFO - => result | total 3,280 | correct 2,162 | acc 65.91% | err 34.09% | macro_f1 60.01%
2025-11-13 00:22:06 - 8_0.2_1 - INFO - Evaluate on the client3 local set
2025-11-13 00:22:11 - 8_0.2_1 - INFO - => result | total 397 | correct 265 | acc 66.75% | err 33.25% | macro_f1 73.11%
2025-11-13 00:22:11 - 8_0.2_1 - INFO - Evaluate on the client3 neighbor set
2025-11-13 00:22:51 - 8_0.2_1 - INFO - => result | total 3,272 | correct 2,215 | acc 67.70% | err 32.30% | macro_f1 62.52%
2025-11-13 00:22:51 - 8_0.2_1 - INFO - Evaluate on the client4 local set
2025-11-13 00:22:56 - 8_0.2_1 - INFO - => result | total 386 | correct 286 | acc 74.09% | err 25.91% | macro_f1 70.42%
2025-11-13 00:22:56 - 8_0.2_1 - INFO - Evaluate on the client4 neighbor set
2025-11-13 00:23:36 - 8_0.2_1 - INFO - => result | total 3,283 | correct 2,152 | acc 65.55% | err 34.45% | macro_f1 60.06%
2025-11-13 00:23:36 - 8_0.2_1 - INFO - Evaluate on the client5 local set
2025-11-13 00:23:41 - 8_0.2_1 - INFO - => result | total 399 | correct 198 | acc 49.62% | err 50.38% | macro_f1 49.87%
2025-11-13 00:23:41 - 8_0.2_1 - INFO - Evaluate on the client5 neighbor set
2025-11-13 00:24:22 - 8_0.2_1 - INFO - => result | total 3,270 | correct 2,216 | acc 67.77% | err 32.23% | macro_f1 61.14%
2025-11-13 00:24:22 - 8_0.2_1 - INFO - Evaluate on the client6 local set
2025-11-13 00:24:27 - 8_0.2_1 - INFO - => result | total 400 | correct 196 | acc 49.00% | err 51.00% | macro_f1 45.53%
2025-11-13 00:24:27 - 8_0.2_1 - INFO - Evaluate on the client6 neighbor set
2025-11-13 00:25:05 - 8_0.2_1 - INFO - => result | total 3,269 | correct 2,200 | acc 67.30% | err 32.70% | macro_f1 62.25%
2025-11-13 00:25:05 - 8_0.2_1 - INFO - Evaluate on the client7 local set
2025-11-13 00:25:10 - 8_0.2_1 - INFO - => result | total 400 | correct 195 | acc 48.75% | err 51.25% | macro_f1 53.77%
2025-11-13 00:25:10 - 8_0.2_1 - INFO - Evaluate on the client7 neighbor set
2025-11-13 00:25:52 - 8_0.2_1 - INFO - => result | total 3,269 | correct 2,188 | acc 66.93% | err 33.07% | macro_f1 59.57%
2025-11-13 00:25:52 - 8_0.2_1 - INFO - Evaluate on the client8 local set
2025-11-13 00:25:57 - 8_0.2_1 - INFO - => result | total 400 | correct 365 | acc 91.25% | err 8.75% | macro_f1 95.18%
2025-11-13 00:25:57 - 8_0.2_1 - INFO - Evaluate on the client8 neighbor set
2025-11-13 00:26:37 - 8_0.2_1 - INFO - => result | total 3,269 | correct 2,004 | acc 61.30% | err 38.70% | macro_f1 54.47%
2025-11-13 00:26:37 - 8_0.2_1 - INFO - Evaluate on the client9 local set
2025-11-13 00:26:38 - 8_0.2_1 - INFO - => result | total 100 | correct 100 | acc 100.00% | err 0.00% | macro_f1 100.00%
2025-11-13 00:26:38 - 8_0.2_1 - INFO - Evaluate on the client9 neighbor set
2025-11-13 00:27:23 - 8_0.2_1 - INFO - => result | total 3,569 | correct 2,249 | acc 63.01% | err 36.99% | macro_f1 56.21%
2025-11-13 00:27:23 - 8_0.2_1 - INFO - Global test local acc: 69.86
2025-11-13 00:27:23 - 8_0.2_1 - INFO - Global test neighbor acc: 66.91
2025-11-13 00:27:23 - 8_0.2_1 - INFO - ------------local test finish-------------
2025-11-13 00:27:23 - 8_0.2_1 - INFO - [Epoch 29/30] 测试耗时: 453.43s
2025-11-13 00:27:33 - 8_0.2_1 - INFO - [Epoch 30/30] 训练耗时: 9.58s | 平均训练准确率: 79.22
2025-11-13 00:27:33 - 8_0.2_1 - INFO - ------------local test start-------------
2025-11-13 00:27:33 - 8_0.2_1 - INFO - Evaluate on the client0 local set
2025-11-13 00:27:39 - 8_0.2_1 - INFO - => result | total 399 | correct 193 | acc 48.37% | err 51.63% | macro_f1 50.06%
2025-11-13 00:27:39 - 8_0.2_1 - INFO - Evaluate on the client0 neighbor set
2025-11-13 00:28:24 - 8_0.2_1 - INFO - => result | total 3,270 | correct 2,225 | acc 68.04% | err 31.96% | macro_f1 61.76%
2025-11-13 00:28:24 - 8_0.2_1 - INFO - Evaluate on the client1 local set
2025-11-13 00:28:30 - 8_0.2_1 - INFO - => result | total 399 | correct 256 | acc 64.16% | err 35.84% | macro_f1 68.53%
2025-11-13 00:28:30 - 8_0.2_1 - INFO - Evaluate on the client1 neighbor set
2025-11-13 00:29:16 - 8_0.2_1 - INFO - => result | total 3,270 | correct 2,155 | acc 65.90% | err 34.10% | macro_f1 59.57%
2025-11-13 00:29:16 - 8_0.2_1 - INFO - Evaluate on the client2 local set
2025-11-13 00:29:21 - 8_0.2_1 - INFO - => result | total 389 | correct 361 | acc 92.80% | err 7.20% | macro_f1 95.58%
2025-11-13 00:29:21 - 8_0.2_1 - INFO - Evaluate on the client2 neighbor set
2025-11-13 00:30:09 - 8_0.2_1 - INFO - => result | total 3,280 | correct 2,043 | acc 62.29% | err 37.71% | macro_f1 55.24%
2025-11-13 00:30:09 - 8_0.2_1 - INFO - Evaluate on the client3 local set
2025-11-13 00:30:13 - 8_0.2_1 - INFO - => result | total 397 | correct 249 | acc 62.72% | err 37.28% | macro_f1 66.45%
2025-11-13 00:30:13 - 8_0.2_1 - INFO - Evaluate on the client3 neighbor set
2025-11-13 00:30:57 - 8_0.2_1 - INFO - => result | total 3,272 | correct 2,149 | acc 65.68% | err 34.32% | macro_f1 59.73%
2025-11-13 00:30:57 - 8_0.2_1 - INFO - Evaluate on the client4 local set
2025-11-13 00:31:04 - 8_0.2_1 - INFO - => result | total 386 | correct 284 | acc 73.58% | err 26.42% | macro_f1 69.96%
2025-11-13 00:31:04 - 8_0.2_1 - INFO - Evaluate on the client4 neighbor set
2025-11-13 00:31:49 - 8_0.2_1 - INFO - => result | total 3,283 | correct 2,108 | acc 64.21% | err 35.79% | macro_f1 58.11%
2025-11-13 00:31:49 - 8_0.2_1 - INFO - Evaluate on the client5 local set
2025-11-13 00:31:54 - 8_0.2_1 - INFO - => result | total 399 | correct 198 | acc 49.62% | err 50.38% | macro_f1 49.87%
2025-11-13 00:31:54 - 8_0.2_1 - INFO - Evaluate on the client5 neighbor set
2025-11-13 00:32:38 - 8_0.2_1 - INFO - => result | total 3,270 | correct 2,186 | acc 66.85% | err 33.15% | macro_f1 59.95%
2025-11-13 00:32:38 - 8_0.2_1 - INFO - Evaluate on the client6 local set
2025-11-13 00:32:44 - 8_0.2_1 - INFO - => result | total 400 | correct 196 | acc 49.00% | err 51.00% | macro_f1 45.53%
2025-11-13 00:32:44 - 8_0.2_1 - INFO - Evaluate on the client6 neighbor set
2025-11-13 00:33:28 - 8_0.2_1 - INFO - => result | total 3,269 | correct 2,186 | acc 66.87% | err 33.13% | macro_f1 61.93%
2025-11-13 00:33:28 - 8_0.2_1 - INFO - Evaluate on the client7 local set
2025-11-13 00:33:33 - 8_0.2_1 - INFO - => result | total 400 | correct 194 | acc 48.50% | err 51.50% | macro_f1 53.36%
2025-11-13 00:33:33 - 8_0.2_1 - INFO - Evaluate on the client7 neighbor set
2025-11-13 00:34:14 - 8_0.2_1 - INFO - => result | total 3,269 | correct 2,186 | acc 66.87% | err 33.13% | macro_f1 59.57%
2025-11-13 00:34:14 - 8_0.2_1 - INFO - Evaluate on the client8 local set
2025-11-13 00:34:19 - 8_0.2_1 - INFO - => result | total 400 | correct 365 | acc 91.25% | err 8.75% | macro_f1 95.18%
2025-11-13 00:34:19 - 8_0.2_1 - INFO - Evaluate on the client8 neighbor set
2025-11-13 00:35:05 - 8_0.2_1 - INFO - => result | total 3,269 | correct 2,010 | acc 61.49% | err 38.51% | macro_f1 54.79%
2025-11-13 00:35:05 - 8_0.2_1 - INFO - Evaluate on the client9 local set
2025-11-13 00:35:06 - 8_0.2_1 - INFO - => result | total 100 | correct 100 | acc 100.00% | err 0.00% | macro_f1 100.00%
2025-11-13 00:35:06 - 8_0.2_1 - INFO - Evaluate on the client9 neighbor set
2025-11-13 00:35:57 - 8_0.2_1 - INFO - => result | total 3,569 | correct 2,271 | acc 63.63% | err 36.37% | macro_f1 57.09%
2025-11-13 00:35:57 - 8_0.2_1 - INFO - Global test local acc: 68.00
2025-11-13 00:35:57 - 8_0.2_1 - INFO - Global test neighbor acc: 65.18
2025-11-13 00:35:57 - 8_0.2_1 - INFO - ------------local test finish-------------
2025-11-13 00:35:57 - 8_0.2_1 - INFO - [Epoch 30/30] 测试耗时: 504.35s
2025-11-13 00:35:57 - 8_0.2_1 - INFO - maximum test local acc: 72.087
2025-11-13 00:35:57 - 8_0.2_1 - INFO - mean of local acc: 69.982
2025-11-13 00:35:57 - 8_0.2_1 - INFO - maximum test neighbor acc: 69.454
2025-11-13 00:35:57 - 8_0.2_1 - INFO - mean of neighbor acc: 67.183
