2025-11-19 15:12:15 - 8_0.2_1 - INFO - ================================================
2025-11-19 15:12:15 - 8_0.2_1 - INFO - цЧех┐ЧцЦЗф╗╢х╖▓хИЫх╗║: logs/cifar-100/promptfl/8_0.2_1_20251119_151215.log
2025-11-19 15:12:15 - 8_0.2_1 - INFO - ================================================
2025-11-19 15:12:15 - 8_0.2_1 - INFO - 
2025-11-19 15:12:15 - 8_0.2_1 - INFO - ======================================================================
2025-11-19 15:12:15 - 8_0.2_1 - INFO - ЁЯУЛ хоЮщкМщЕНч╜оцСШшжБ
2025-11-19 15:12:15 - 8_0.2_1 - INFO - ======================================================================
2025-11-19 15:12:15 - 8_0.2_1 - INFO -   Task ID:      [41/60]
2025-11-19 15:12:15 - 8_0.2_1 - INFO -   цХ░цНощЫЖ:       cifar-100
2025-11-19 15:12:15 - 8_0.2_1 - INFO -   цибхЮЛцЦ╣ц│Х:     promptfl
2025-11-19 15:12:15 - 8_0.2_1 - INFO -   Rank:         8
2025-11-19 15:12:15 - 8_0.2_1 - INFO -   хЩкхг░ч║зхИл:     0.2
2025-11-19 15:12:15 - 8_0.2_1 - INFO -   щЪПцЬ║чзНхнР:     1
2025-11-19 15:12:15 - 8_0.2_1 - INFO -   ховцИ╖члпцХ░щЗП:   50
2025-11-19 15:12:15 - 8_0.2_1 - INFO -   цХ░цНохИТхИЖ:     noniid-labeldir
2025-11-19 15:12:15 - 8_0.2_1 - INFO -   шонч╗Гш╜оцмб:     30
2025-11-19 15:12:15 - 8_0.2_1 - INFO - ======================================================================
2025-11-19 15:12:15 - 8_0.2_1 - INFO - 
2025-11-19 15:12:15 - 8_0.2_1 - INFO - Loading trainer: DP_FPL
2025-11-19 15:12:15 - 8_0.2_1 - INFO - Loading dataset: Cifar100
2025-11-19 15:12:17 - 8_0.2_1 - INFO - Loading CLIP (backbone: ViT-B/16)
2025-11-19 15:12:19 - 8_0.2_1 - INFO - Building custom CLIP
2025-11-19 15:12:19 - 8_0.2_1 - INFO - Turning off gradients in both the image and the text encoder
2025-11-19 15:13:03 - 8_0.2_1 - INFO - [Epoch 1/30] шонч╗ГшАЧцЧ╢: 43.93s | х╣│хЭЗшонч╗ГхЗЖчбочОЗ: 35.27
2025-11-19 15:13:45 - 8_0.2_1 - INFO - [Epoch 2/30] шонч╗ГшАЧцЧ╢: 41.95s | х╣│хЭЗшонч╗ГхЗЖчбочОЗ: 35.09
2025-11-19 15:14:27 - 8_0.2_1 - INFO - [Epoch 3/30] шонч╗ГшАЧцЧ╢: 42.24s | х╣│хЭЗшонч╗ГхЗЖчбочОЗ: 35.16
2025-11-19 15:15:09 - 8_0.2_1 - INFO - [Epoch 4/30] шонч╗ГшАЧцЧ╢: 42.03s | х╣│хЭЗшонч╗ГхЗЖчбочОЗ: 35.30
2025-11-19 15:15:50 - 8_0.2_1 - INFO - [Epoch 5/30] шонч╗ГшАЧцЧ╢: 41.34s | х╣│хЭЗшонч╗ГхЗЖчбочОЗ: 35.20
2025-11-19 15:16:32 - 8_0.2_1 - INFO - [Epoch 6/30] шонч╗ГшАЧцЧ╢: 41.65s | х╣│хЭЗшонч╗ГхЗЖчбочОЗ: 35.03
2025-11-19 15:17:14 - 8_0.2_1 - INFO - [Epoch 7/30] шонч╗ГшАЧцЧ╢: 42.17s | х╣│хЭЗшонч╗ГхЗЖчбочОЗ: 35.28
2025-11-19 15:17:56 - 8_0.2_1 - INFO - [Epoch 8/30] шонч╗ГшАЧцЧ╢: 41.83s | х╣│хЭЗшонч╗ГхЗЖчбочОЗ: 35.31
2025-11-19 15:18:38 - 8_0.2_1 - INFO - [Epoch 9/30] шонч╗ГшАЧцЧ╢: 42.22s | х╣│хЭЗшонч╗ГхЗЖчбочОЗ: 35.64
2025-11-19 15:19:21 - 8_0.2_1 - INFO - [Epoch 10/30] шонч╗ГшАЧцЧ╢: 42.25s | х╣│хЭЗшонч╗ГхЗЖчбочОЗ: 35.36
2025-11-19 15:20:03 - 8_0.2_1 - INFO - [Epoch 11/30] шонч╗ГшАЧцЧ╢: 42.11s | х╣│хЭЗшонч╗ГхЗЖчбочОЗ: 35.23
2025-11-19 15:20:45 - 8_0.2_1 - INFO - [Epoch 12/30] шонч╗ГшАЧцЧ╢: 42.56s | х╣│хЭЗшонч╗ГхЗЖчбочОЗ: 35.12
2025-11-19 15:21:27 - 8_0.2_1 - INFO - [Epoch 13/30] шонч╗ГшАЧцЧ╢: 42.18s | х╣│хЭЗшонч╗ГхЗЖчбочОЗ: 35.30
2025-11-19 15:22:10 - 8_0.2_1 - INFO - [Epoch 14/30] шонч╗ГшАЧцЧ╢: 42.45s | х╣│хЭЗшонч╗ГхЗЖчбочОЗ: 34.95
2025-11-19 15:22:52 - 8_0.2_1 - INFO - [Epoch 15/30] шонч╗ГшАЧцЧ╢: 42.01s | х╣│хЭЗшонч╗ГхЗЖчбочОЗ: 35.28
2025-11-19 15:23:34 - 8_0.2_1 - INFO - [Epoch 16/30] шонч╗ГшАЧцЧ╢: 41.95s | х╣│хЭЗшонч╗ГхЗЖчбочОЗ: 35.59
2025-11-19 15:24:16 - 8_0.2_1 - INFO - [Epoch 17/30] шонч╗ГшАЧцЧ╢: 42.36s | х╣│хЭЗшонч╗ГхЗЖчбочОЗ: 35.14
2025-11-19 15:24:59 - 8_0.2_1 - INFO - [Epoch 18/30] шонч╗ГшАЧцЧ╢: 42.71s | х╣│хЭЗшонч╗ГхЗЖчбочОЗ: 35.41
2025-11-19 15:25:41 - 8_0.2_1 - INFO - [Epoch 19/30] шонч╗ГшАЧцЧ╢: 42.44s | х╣│хЭЗшонч╗ГхЗЖчбочОЗ: 34.95
2025-11-19 15:26:23 - 8_0.2_1 - INFO - [Epoch 20/30] шонч╗ГшАЧцЧ╢: 42.05s | х╣│хЭЗшонч╗ГхЗЖчбочОЗ: 35.06
2025-11-19 15:27:06 - 8_0.2_1 - INFO - [Epoch 21/30] шонч╗ГшАЧцЧ╢: 42.33s | х╣│хЭЗшонч╗ГхЗЖчбочОЗ: 35.14
2025-11-19 15:27:48 - 8_0.2_1 - INFO - [Epoch 22/30] шонч╗ГшАЧцЧ╢: 42.59s | х╣│хЭЗшонч╗ГхЗЖчбочОЗ: 35.44
2025-11-19 15:28:31 - 8_0.2_1 - INFO - [Epoch 23/30] шонч╗ГшАЧцЧ╢: 42.93s | х╣│хЭЗшонч╗ГхЗЖчбочОЗ: 35.41
2025-11-19 15:29:13 - 8_0.2_1 - INFO - [Epoch 24/30] шонч╗ГшАЧцЧ╢: 42.05s | х╣│хЭЗшонч╗ГхЗЖчбочОЗ: 35.12
2025-11-19 15:29:56 - 8_0.2_1 - INFO - [Epoch 25/30] шонч╗ГшАЧцЧ╢: 42.58s | х╣│хЭЗшонч╗ГхЗЖчбочОЗ: 35.20
2025-11-19 15:30:38 - 8_0.2_1 - INFO - [Epoch 26/30] шонч╗ГшАЧцЧ╢: 42.45s | х╣│хЭЗшонч╗ГхЗЖчбочОЗ: 35.48
2025-11-19 15:31:21 - 8_0.2_1 - INFO - [Epoch 27/30] шонч╗ГшАЧцЧ╢: 42.38s | х╣│хЭЗшонч╗ГхЗЖчбочОЗ: 35.19
2025-11-19 15:32:03 - 8_0.2_1 - INFO - [Epoch 28/30] шонч╗ГшАЧцЧ╢: 42.17s | х╣│хЭЗшонч╗ГхЗЖчбочОЗ: 34.98
2025-11-19 15:32:03 - 8_0.2_1 - INFO - 
2025-11-19 15:32:03 - 8_0.2_1 - INFO - ================================================================================
2025-11-19 15:32:03 - 8_0.2_1 - INFO -                     TEST START - Epoch 28/30
2025-11-19 15:32:03 - 8_0.2_1 - INFO - ================================================================================
2025-11-19 15:32:03 - 8_0.2_1 - INFO - 
