2025-11-19 16:01:23 - 8_0.0_1_25 - INFO - ================================================
2025-11-19 16:01:23 - 8_0.0_1_25 - INFO - цЧех┐ЧцЦЗф╗╢х╖▓хИЫх╗║: logs/cifar-100/promptfl/8_0.0_1_25_20251119_160123.log
2025-11-19 16:01:23 - 8_0.0_1_25 - INFO - ================================================
2025-11-19 16:01:23 - 8_0.0_1_25 - INFO - 
2025-11-19 16:01:23 - 8_0.0_1_25 - INFO - ======================================================================
2025-11-19 16:01:23 - 8_0.0_1_25 - INFO - ЁЯУЛ хоЮщкМщЕНч╜оцСШшжБ
2025-11-19 16:01:23 - 8_0.0_1_25 - INFO - ======================================================================
2025-11-19 16:01:23 - 8_0.0_1_25 - INFO -   Task ID:      [1/60]
2025-11-19 16:01:23 - 8_0.0_1_25 - INFO -   цХ░цНощЫЖ:       cifar-100
2025-11-19 16:01:23 - 8_0.0_1_25 - INFO -   цибхЮЛцЦ╣ц│Х:     promptfl
2025-11-19 16:01:23 - 8_0.0_1_25 - INFO -   Rank:         8
2025-11-19 16:01:23 - 8_0.0_1_25 - INFO -   хЩкхг░ч║зхИл:     0.0
2025-11-19 16:01:23 - 8_0.0_1_25 - INFO -   щЪПцЬ║чзНхнР:     1
2025-11-19 16:01:23 - 8_0.0_1_25 - INFO -   ховцИ╖члпцХ░щЗП:   25
2025-11-19 16:01:23 - 8_0.0_1_25 - INFO -   цХ░цНохИТхИЖ:     noniid-labeldir
2025-11-19 16:01:23 - 8_0.0_1_25 - INFO -   шонч╗Гш╜оцмб:     30
2025-11-19 16:01:23 - 8_0.0_1_25 - INFO - ======================================================================
2025-11-19 16:01:23 - 8_0.0_1_25 - INFO - 
2025-11-19 16:01:23 - 8_0.0_1_25 - INFO - Loading trainer: DP_FPL
2025-11-19 16:01:23 - 8_0.0_1_25 - INFO - Loading dataset: Cifar100
2025-11-19 16:01:24 - 8_0.0_1_25 - INFO - Loading CLIP (backbone: ViT-B/16)
2025-11-19 16:01:26 - 8_0.0_1_25 - INFO - Building custom CLIP
2025-11-19 16:01:26 - 8_0.0_1_25 - INFO - Turning off gradients in both the image and the text encoder
2025-11-19 16:02:20 - 8_0.0_1_25 - INFO - [Epoch 1/30] шонч╗ГшАЧцЧ╢: 53.08s | х╣│хЭЗшонч╗ГхЗЖчбочОЗ: 35.76
2025-11-19 16:03:12 - 8_0.0_1_25 - INFO - [Epoch 2/30] шонч╗ГшАЧцЧ╢: 52.10s | х╣│хЭЗшонч╗ГхЗЖчбочОЗ: 35.74
2025-11-19 16:04:04 - 8_0.0_1_25 - INFO - [Epoch 3/30] шонч╗ГшАЧцЧ╢: 52.23s | х╣│хЭЗшонч╗ГхЗЖчбочОЗ: 35.75
2025-11-19 16:04:57 - 8_0.0_1_25 - INFO - [Epoch 4/30] шонч╗ГшАЧцЧ╢: 53.27s | х╣│хЭЗшонч╗ГхЗЖчбочОЗ: 35.70
2025-11-19 16:05:50 - 8_0.0_1_25 - INFO - [Epoch 5/30] шонч╗ГшАЧцЧ╢: 53.28s | х╣│хЭЗшонч╗ГхЗЖчбочОЗ: 35.73
2025-11-19 16:06:44 - 8_0.0_1_25 - INFO - [Epoch 6/30] шонч╗ГшАЧцЧ╢: 53.79s | х╣│хЭЗшонч╗ГхЗЖчбочОЗ: 35.69
2025-11-19 16:07:38 - 8_0.0_1_25 - INFO - [Epoch 7/30] шонч╗ГшАЧцЧ╢: 53.46s | х╣│хЭЗшонч╗ГхЗЖчбочОЗ: 35.75
2025-11-19 16:08:31 - 8_0.0_1_25 - INFO - [Epoch 8/30] шонч╗ГшАЧцЧ╢: 53.66s | х╣│хЭЗшонч╗ГхЗЖчбочОЗ: 35.73
2025-11-19 16:09:25 - 8_0.0_1_25 - INFO - [Epoch 9/30] шонч╗ГшАЧцЧ╢: 54.12s | х╣│хЭЗшонч╗ГхЗЖчбочОЗ: 35.76
2025-11-19 16:12:32 - 8_0.0_1_25 - INFO - [Epoch 10/30] шонч╗ГшАЧцЧ╢: 186.25s | х╣│хЭЗшонч╗ГхЗЖчбочОЗ: 35.73
2025-11-19 16:15:57 - 8_0.0_1_25 - INFO - [Epoch 11/30] шонч╗ГшАЧцЧ╢: 204.89s | х╣│хЭЗшонч╗ГхЗЖчбочОЗ: 35.79
2025-11-19 16:19:28 - 8_0.0_1_25 - INFO - [Epoch 12/30] шонч╗ГшАЧцЧ╢: 211.22s | х╣│хЭЗшонч╗ГхЗЖчбочОЗ: 35.73
2025-11-19 16:22:57 - 8_0.0_1_25 - INFO - [Epoch 13/30] шонч╗ГшАЧцЧ╢: 209.39s | х╣│хЭЗшонч╗ГхЗЖчбочОЗ: 35.75
2025-11-19 16:26:31 - 8_0.0_1_25 - INFO - [Epoch 14/30] шонч╗ГшАЧцЧ╢: 213.57s | х╣│хЭЗшонч╗ГхЗЖчбочОЗ: 35.77
