2025-11-19 16:28:50 - 8_0.0_1_25 - INFO - ================================================
2025-11-19 16:28:50 - 8_0.0_1_25 - INFO - цЧех┐ЧцЦЗф╗╢х╖▓хИЫх╗║: logs/cifar-100/promptfl/8_0.0_1_25_20251119_162850.log
2025-11-19 16:28:50 - 8_0.0_1_25 - INFO - ================================================
2025-11-19 16:28:50 - 8_0.0_1_25 - INFO - 
2025-11-19 16:28:50 - 8_0.0_1_25 - INFO - ======================================================================
2025-11-19 16:28:50 - 8_0.0_1_25 - INFO - ЁЯУЛ хоЮщкМщЕНч╜оцСШшжБ
2025-11-19 16:28:50 - 8_0.0_1_25 - INFO - ======================================================================
2025-11-19 16:28:50 - 8_0.0_1_25 - INFO -   Task ID:      [1/60]
2025-11-19 16:28:50 - 8_0.0_1_25 - INFO -   цХ░цНощЫЖ:       cifar-100
2025-11-19 16:28:50 - 8_0.0_1_25 - INFO -   цибхЮЛцЦ╣ц│Х:     promptfl
2025-11-19 16:28:50 - 8_0.0_1_25 - INFO -   Rank:         8
2025-11-19 16:28:50 - 8_0.0_1_25 - INFO -   хЩкхг░ч║зхИл:     0.0
2025-11-19 16:28:50 - 8_0.0_1_25 - INFO -   щЪПцЬ║чзНхнР:     1
2025-11-19 16:28:50 - 8_0.0_1_25 - INFO -   ховцИ╖члпцХ░щЗП:   25
2025-11-19 16:28:50 - 8_0.0_1_25 - INFO -   цХ░цНохИТхИЖ:     noniid-labeldir
2025-11-19 16:28:50 - 8_0.0_1_25 - INFO -   шонч╗Гш╜оцмб:     30
2025-11-19 16:28:50 - 8_0.0_1_25 - INFO - ======================================================================
2025-11-19 16:28:50 - 8_0.0_1_25 - INFO - 
2025-11-19 16:28:50 - 8_0.0_1_25 - INFO - Loading trainer: DP_FPL
2025-11-19 16:28:50 - 8_0.0_1_25 - INFO - Loading dataset: Cifar100
2025-11-19 16:28:51 - 8_0.0_1_25 - INFO - Loading CLIP (backbone: ViT-B/16)
2025-11-19 16:28:53 - 8_0.0_1_25 - INFO - Building custom CLIP
2025-11-19 16:28:53 - 8_0.0_1_25 - INFO - Turning off gradients in both the image and the text encoder
2025-11-19 16:29:46 - 8_0.0_1_25 - INFO - [Epoch 1/30] шонч╗ГшАЧцЧ╢: 52.18s | х╣│хЭЗшонч╗ГхЗЖчбочОЗ: 35.76
2025-11-19 16:30:37 - 8_0.0_1_25 - INFO - [Epoch 2/30] шонч╗ГшАЧцЧ╢: 51.12s | х╣│хЭЗшонч╗ГхЗЖчбочОЗ: 35.74
2025-11-19 16:31:28 - 8_0.0_1_25 - INFO - [Epoch 3/30] шонч╗ГшАЧцЧ╢: 51.34s | х╣│хЭЗшонч╗ГхЗЖчбочОЗ: 35.75
2025-11-19 16:32:20 - 8_0.0_1_25 - INFO - [Epoch 4/30] шонч╗ГшАЧцЧ╢: 51.86s | х╣│хЭЗшонч╗ГхЗЖчбочОЗ: 35.70
2025-11-19 16:33:12 - 8_0.0_1_25 - INFO - [Epoch 5/30] шонч╗ГшАЧцЧ╢: 52.02s | х╣│хЭЗшонч╗ГхЗЖчбочОЗ: 35.73
2025-11-19 16:34:04 - 8_0.0_1_25 - INFO - [Epoch 6/30] шонч╗ГшАЧцЧ╢: 52.32s | х╣│хЭЗшонч╗ГхЗЖчбочОЗ: 35.69
2025-11-19 16:34:57 - 8_0.0_1_25 - INFO - [Epoch 7/30] шонч╗ГшАЧцЧ╢: 52.56s | х╣│хЭЗшонч╗ГхЗЖчбочОЗ: 35.75
2025-11-19 16:35:49 - 8_0.0_1_25 - INFO - [Epoch 8/30] шонч╗ГшАЧцЧ╢: 52.01s | х╣│хЭЗшонч╗ГхЗЖчбочОЗ: 35.73
2025-11-19 16:36:41 - 8_0.0_1_25 - INFO - [Epoch 9/30] шонч╗ГшАЧцЧ╢: 52.53s | х╣│хЭЗшонч╗ГхЗЖчбочОЗ: 35.76
2025-11-19 16:37:34 - 8_0.0_1_25 - INFO - [Epoch 10/30] шонч╗ГшАЧцЧ╢: 52.23s | х╣│хЭЗшонч╗ГхЗЖчбочОЗ: 35.73
2025-11-19 16:38:26 - 8_0.0_1_25 - INFO - [Epoch 11/30] шонч╗ГшАЧцЧ╢: 52.25s | х╣│хЭЗшонч╗ГхЗЖчбочОЗ: 35.79
2025-11-19 16:39:18 - 8_0.0_1_25 - INFO - [Epoch 12/30] шонч╗ГшАЧцЧ╢: 52.04s | х╣│хЭЗшонч╗ГхЗЖчбочОЗ: 35.73
2025-11-19 16:40:09 - 8_0.0_1_25 - INFO - [Epoch 13/30] шонч╗ГшАЧцЧ╢: 51.42s | х╣│хЭЗшонч╗ГхЗЖчбочОЗ: 35.75
2025-11-19 16:41:02 - 8_0.0_1_25 - INFO - [Epoch 14/30] шонч╗ГшАЧцЧ╢: 52.19s | х╣│хЭЗшонч╗ГхЗЖчбочОЗ: 35.77
2025-11-19 16:41:53 - 8_0.0_1_25 - INFO - [Epoch 15/30] шонч╗ГшАЧцЧ╢: 51.92s | х╣│хЭЗшонч╗ГхЗЖчбочОЗ: 35.74
2025-11-19 16:42:46 - 8_0.0_1_25 - INFO - [Epoch 16/30] шонч╗ГшАЧцЧ╢: 52.29s | х╣│хЭЗшонч╗ГхЗЖчбочОЗ: 35.73
2025-11-19 16:43:40 - 8_0.0_1_25 - INFO - [Epoch 17/30] шонч╗ГшАЧцЧ╢: 54.51s | х╣│хЭЗшонч╗ГхЗЖчбочОЗ: 35.75
