2025-11-12 19:56:34 - 8_0.2_1 - INFO - 日志文件已创建: logs/caltech-101/dpfpl/8_0.2_1_20251112_195634.log
2025-11-12 19:56:34 - 8_0.2_1 - INFO - Loading trainer: DP_FPL
2025-11-12 19:56:34 - 8_0.2_1 - INFO - Loading dataset: Caltech101
2025-11-12 19:56:34 - 8_0.2_1 - INFO - Reading split from /home/liuxin25/dataset/caltech-101/split_zhou_Caltech101.json
2025-11-12 19:56:34 - 8_0.2_1 - INFO - Creating a baseline federated dataset
2025-11-12 19:56:34 - 8_0.2_1 - INFO - class_num 100
2025-11-12 19:56:34 - 8_0.2_1 - INFO - user class dict total [20, 79, 93, 54, 52, 65, 0, 1, 48, 74]
2025-11-12 19:56:34 - 8_0.2_1 - INFO - idx: 0, output_dict_len: 673
2025-11-12 19:56:34 - 8_0.2_1 - INFO - user class dict total [44, 82, 35, 69, 91, 42, 33, 14, 5, 62]
2025-11-12 19:56:34 - 8_0.2_1 - INFO - idx: 1, output_dict_len: 296
2025-11-12 19:56:34 - 8_0.2_1 - INFO - user class dict total [32, 55, 96, 10, 21, 31, 90, 27, 28, 76]
2025-11-12 19:56:34 - 8_0.2_1 - INFO - idx: 2, output_dict_len: 251
2025-11-12 19:56:34 - 8_0.2_1 - INFO - user class dict total [80, 71, 66, 58, 23, 70, 60, 72, 17, 18]
2025-11-12 19:56:34 - 8_0.2_1 - INFO - idx: 3, output_dict_len: 275
2025-11-12 19:56:34 - 8_0.2_1 - INFO - user class dict total [45, 34, 11, 56, 84, 13, 41, 30, 24, 85]
2025-11-12 19:56:34 - 8_0.2_1 - INFO - idx: 4, output_dict_len: 369
2025-11-12 19:56:34 - 8_0.2_1 - INFO - user class dict total [51, 75, 37, 6, 53, 94, 95, 39, 47, 98]
2025-11-12 19:56:34 - 8_0.2_1 - INFO - idx: 5, output_dict_len: 265
2025-11-12 19:56:34 - 8_0.2_1 - INFO - user class dict total [36, 7, 50, 3, 63, 59, 9, 77, 64, 92]
2025-11-12 19:56:34 - 8_0.2_1 - INFO - idx: 6, output_dict_len: 286
2025-11-12 19:56:34 - 8_0.2_1 - INFO - user class dict total [86, 97, 61, 19, 25, 4, 16, 8, 46, 26]
2025-11-12 19:56:34 - 8_0.2_1 - INFO - idx: 7, output_dict_len: 675
2025-11-12 19:56:34 - 8_0.2_1 - INFO - user class dict total [2, 88, 29, 22, 87, 67, 68, 38, 83, 15]
2025-11-12 19:56:34 - 8_0.2_1 - INFO - idx: 8, output_dict_len: 695
2025-11-12 19:56:34 - 8_0.2_1 - INFO - user class dict total [12, 81, 43, 73, 78, 40, 99, 57, 89, 49]
2025-11-12 19:56:34 - 8_0.2_1 - INFO - idx: 9, output_dict_len: 343
2025-11-12 19:56:34 - 8_0.2_1 - INFO - Creating a baseline federated dataset
2025-11-12 19:56:34 - 8_0.2_1 - INFO - class_num 100
2025-11-12 19:56:34 - 8_0.2_1 - INFO - user class dict total [20, 79, 93, 54, 52, 65, 0, 1, 48, 74]
2025-11-12 19:56:34 - 8_0.2_1 - INFO - idx: 0, output_dict_len: 399
2025-11-12 19:56:34 - 8_0.2_1 - INFO - user class dict total [44, 82, 35, 69, 91, 42, 33, 14, 5, 62]
2025-11-12 19:56:34 - 8_0.2_1 - INFO - idx: 1, output_dict_len: 176
2025-11-12 19:56:34 - 8_0.2_1 - INFO - user class dict total [32, 55, 96, 10, 21, 31, 90, 27, 28, 76]
2025-11-12 19:56:34 - 8_0.2_1 - INFO - idx: 2, output_dict_len: 154
2025-11-12 19:56:34 - 8_0.2_1 - INFO - user class dict total [80, 71, 66, 58, 23, 70, 60, 72, 17, 18]
2025-11-12 19:56:34 - 8_0.2_1 - INFO - idx: 3, output_dict_len: 162
2025-11-12 19:56:34 - 8_0.2_1 - INFO - user class dict total [45, 34, 11, 56, 84, 13, 41, 30, 24, 85]
2025-11-12 19:56:34 - 8_0.2_1 - INFO - idx: 4, output_dict_len: 221
2025-11-12 19:56:34 - 8_0.2_1 - INFO - user class dict total [51, 75, 37, 6, 53, 94, 95, 39, 47, 98]
2025-11-12 19:56:34 - 8_0.2_1 - INFO - idx: 5, output_dict_len: 157
2025-11-12 19:56:34 - 8_0.2_1 - INFO - user class dict total [36, 7, 50, 3, 63, 59, 9, 77, 64, 92]
2025-11-12 19:56:34 - 8_0.2_1 - INFO - idx: 6, output_dict_len: 171
2025-11-12 19:56:34 - 8_0.2_1 - INFO - user class dict total [86, 97, 61, 19, 25, 4, 16, 8, 46, 26]
2025-11-12 19:56:34 - 8_0.2_1 - INFO - idx: 7, output_dict_len: 404
2025-11-12 19:56:34 - 8_0.2_1 - INFO - user class dict total [2, 88, 29, 22, 87, 67, 68, 38, 83, 15]
2025-11-12 19:56:34 - 8_0.2_1 - INFO - idx: 8, output_dict_len: 415
2025-11-12 19:56:34 - 8_0.2_1 - INFO - user class dict total [12, 81, 43, 73, 78, 40, 99, 57, 89, 49]
2025-11-12 19:56:34 - 8_0.2_1 - INFO - idx: 9, output_dict_len: 206
2025-11-12 19:56:34 - 8_0.2_1 - INFO - Loading CLIP (backbone: ViT-B/16)
2025-11-12 19:56:37 - 8_0.2_1 - INFO - Building custom CLIP
2025-11-12 19:56:37 - 8_0.2_1 - INFO - Turning off gradients in both the image and the text encoder
2025-11-12 19:56:58 - 8_0.2_1 - INFO - [Epoch 1/30] 训练耗时: 21.13s | 平均训练准确率: 52.95
2025-11-12 19:57:18 - 8_0.2_1 - INFO - [Epoch 2/30] 训练耗时: 20.04s | 平均训练准确率: 61.21
2025-11-12 19:57:39 - 8_0.2_1 - INFO - [Epoch 3/30] 训练耗时: 20.75s | 平均训练准确率: 70.27
2025-11-12 19:58:00 - 8_0.2_1 - INFO - [Epoch 4/30] 训练耗时: 21.34s | 平均训练准确率: 72.10
2025-11-12 19:58:21 - 8_0.2_1 - INFO - [Epoch 5/30] 训练耗时: 20.58s | 平均训练准确率: 75.98
2025-11-12 19:58:41 - 8_0.2_1 - INFO - [Epoch 6/30] 训练耗时: 20.44s | 平均训练准确率: 78.71
2025-11-12 19:59:01 - 8_0.2_1 - INFO - [Epoch 7/30] 训练耗时: 19.58s | 平均训练准确率: 81.16
2025-11-12 19:59:21 - 8_0.2_1 - INFO - [Epoch 8/30] 训练耗时: 20.21s | 平均训练准确率: 81.34
2025-11-12 19:59:41 - 8_0.2_1 - INFO - [Epoch 9/30] 训练耗时: 20.22s | 平均训练准确率: 83.08
2025-11-12 20:00:02 - 8_0.2_1 - INFO - [Epoch 10/30] 训练耗时: 20.16s | 平均训练准确率: 82.99
2025-11-12 20:00:21 - 8_0.2_1 - INFO - [Epoch 11/30] 训练耗时: 19.31s | 平均训练准确率: 84.11
2025-11-12 20:00:41 - 8_0.2_1 - INFO - [Epoch 12/30] 训练耗时: 20.29s | 平均训练准确率: 83.57
2025-11-12 20:01:01 - 8_0.2_1 - INFO - [Epoch 13/30] 训练耗时: 20.22s | 平均训练准确率: 82.77
2025-11-12 20:01:21 - 8_0.2_1 - INFO - [Epoch 14/30] 训练耗时: 19.76s | 平均训练准确率: 81.74
2025-11-12 20:01:41 - 8_0.2_1 - INFO - [Epoch 15/30] 训练耗时: 20.14s | 平均训练准确率: 84.51
2025-11-12 20:02:02 - 8_0.2_1 - INFO - [Epoch 16/30] 训练耗时: 20.52s | 平均训练准确率: 83.53
2025-11-12 20:02:22 - 8_0.2_1 - INFO - [Epoch 17/30] 训练耗时: 19.68s | 平均训练准确率: 84.02
2025-11-12 20:02:41 - 8_0.2_1 - INFO - [Epoch 18/30] 训练耗时: 19.89s | 平均训练准确率: 84.60
2025-11-12 20:03:01 - 8_0.2_1 - INFO - [Epoch 19/30] 训练耗时: 19.90s | 平均训练准确率: 84.55
2025-11-12 20:03:21 - 8_0.2_1 - INFO - [Epoch 20/30] 训练耗时: 19.44s | 平均训练准确率: 84.73
2025-11-12 20:03:40 - 8_0.2_1 - INFO - [Epoch 21/30] 训练耗时: 19.17s | 平均训练准确率: 85.09
2025-11-12 20:04:00 - 8_0.2_1 - INFO - [Epoch 22/30] 训练耗时: 20.02s | 平均训练准确率: 82.19
2025-11-12 20:04:20 - 8_0.2_1 - INFO - [Epoch 23/30] 训练耗时: 19.96s | 平均训练准确率: 84.06
2025-11-12 20:04:40 - 8_0.2_1 - INFO - [Epoch 24/30] 训练耗时: 19.59s | 平均训练准确率: 85.22
2025-11-12 20:04:59 - 8_0.2_1 - INFO - [Epoch 25/30] 训练耗时: 19.79s | 平均训练准确率: 85.40
2025-11-12 20:05:19 - 8_0.2_1 - INFO - [Epoch 26/30] 训练耗时: 19.86s | 平均训练准确率: 85.58
2025-11-12 20:05:40 - 8_0.2_1 - INFO - [Epoch 27/30] 训练耗时: 20.39s | 平均训练准确率: 85.18
2025-11-12 20:06:00 - 8_0.2_1 - INFO - [Epoch 28/30] 训练耗时: 20.42s | 平均训练准确率: 84.46
2025-11-12 20:06:00 - 8_0.2_1 - INFO - ------------local test start-------------
2025-11-12 20:06:00 - 8_0.2_1 - INFO - Evaluate on the client0 local set
2025-11-12 20:06:03 - 8_0.2_1 - INFO - => result | total 399 | correct 361 | acc 90.48% | err 9.52% | macro_f1 89.09%
2025-11-12 20:06:03 - 8_0.2_1 - INFO - Evaluate on the client0 neighbor set
2025-11-12 20:06:19 - 8_0.2_1 - INFO - => result | total 2,066 | correct 1,940 | acc 93.90% | err 6.10% | macro_f1 90.95%
2025-11-12 20:06:19 - 8_0.2_1 - INFO - Evaluate on the client1 local set
2025-11-12 20:06:20 - 8_0.2_1 - INFO - => result | total 176 | correct 167 | acc 94.89% | err 5.11% | macro_f1 96.74%
2025-11-12 20:06:20 - 8_0.2_1 - INFO - Evaluate on the client1 neighbor set
2025-11-12 20:06:41 - 8_0.2_1 - INFO - => result | total 2,289 | correct 2,133 | acc 93.18% | err 6.82% | macro_f1 90.02%
2025-11-12 20:06:41 - 8_0.2_1 - INFO - Evaluate on the client2 local set
2025-11-12 20:06:43 - 8_0.2_1 - INFO - => result | total 154 | correct 134 | acc 87.01% | err 12.99% | macro_f1 89.91%
2025-11-12 20:06:43 - 8_0.2_1 - INFO - Evaluate on the client2 neighbor set
2025-11-12 20:07:02 - 8_0.2_1 - INFO - => result | total 2,311 | correct 2,164 | acc 93.64% | err 6.36% | macro_f1 90.39%
2025-11-12 20:07:02 - 8_0.2_1 - INFO - Evaluate on the client3 local set
2025-11-12 20:07:03 - 8_0.2_1 - INFO - => result | total 162 | correct 154 | acc 95.06% | err 4.94% | macro_f1 96.18%
2025-11-12 20:07:03 - 8_0.2_1 - INFO - Evaluate on the client3 neighbor set
2025-11-12 20:07:21 - 8_0.2_1 - INFO - => result | total 2,303 | correct 2,146 | acc 93.18% | err 6.82% | macro_f1 90.41%
2025-11-12 20:07:21 - 8_0.2_1 - INFO - Evaluate on the client4 local set
2025-11-12 20:07:24 - 8_0.2_1 - INFO - => result | total 221 | correct 204 | acc 92.31% | err 7.69% | macro_f1 90.78%
2025-11-12 20:07:24 - 8_0.2_1 - INFO - Evaluate on the client4 neighbor set
2025-11-12 20:07:41 - 8_0.2_1 - INFO - => result | total 2,244 | correct 2,096 | acc 93.40% | err 6.60% | macro_f1 90.48%
2025-11-12 20:07:41 - 8_0.2_1 - INFO - Evaluate on the client5 local set
2025-11-12 20:07:42 - 8_0.2_1 - INFO - => result | total 157 | correct 137 | acc 87.26% | err 12.74% | macro_f1 89.13%
2025-11-12 20:07:42 - 8_0.2_1 - INFO - Evaluate on the client5 neighbor set
2025-11-12 20:07:59 - 8_0.2_1 - INFO - => result | total 2,308 | correct 2,164 | acc 93.76% | err 6.24% | macro_f1 91.00%
2025-11-12 20:07:59 - 8_0.2_1 - INFO - Evaluate on the client6 local set
2025-11-12 20:08:00 - 8_0.2_1 - INFO - => result | total 171 | correct 161 | acc 94.15% | err 5.85% | macro_f1 96.35%
2025-11-12 20:08:00 - 8_0.2_1 - INFO - Evaluate on the client6 neighbor set
2025-11-12 20:08:17 - 8_0.2_1 - INFO - => result | total 2,294 | correct 2,140 | acc 93.29% | err 6.71% | macro_f1 90.11%
2025-11-12 20:08:17 - 8_0.2_1 - INFO - Evaluate on the client7 local set
2025-11-12 20:08:21 - 8_0.2_1 - INFO - => result | total 404 | correct 383 | acc 94.80% | err 5.20% | macro_f1 91.64%
2025-11-12 20:08:21 - 8_0.2_1 - INFO - Evaluate on the client7 neighbor set
2025-11-12 20:08:35 - 8_0.2_1 - INFO - => result | total 2,061 | correct 1,918 | acc 93.06% | err 6.94% | macro_f1 90.77%
2025-11-12 20:08:35 - 8_0.2_1 - INFO - Evaluate on the client8 local set
2025-11-12 20:08:37 - 8_0.2_1 - INFO - => result | total 415 | correct 401 | acc 96.63% | err 3.37% | macro_f1 96.09%
2025-11-12 20:08:37 - 8_0.2_1 - INFO - Evaluate on the client8 neighbor set
2025-11-12 20:08:49 - 8_0.2_1 - INFO - => result | total 2,050 | correct 1,901 | acc 92.73% | err 7.27% | macro_f1 89.96%
2025-11-12 20:08:49 - 8_0.2_1 - INFO - Evaluate on the client9 local set
2025-11-12 20:08:50 - 8_0.2_1 - INFO - => result | total 206 | correct 200 | acc 97.09% | err 2.91% | macro_f1 97.74%
2025-11-12 20:08:50 - 8_0.2_1 - INFO - Evaluate on the client9 neighbor set
2025-11-12 20:09:03 - 8_0.2_1 - INFO - => result | total 2,259 | correct 2,101 | acc 93.01% | err 6.99% | macro_f1 90.37%
2025-11-12 20:09:03 - 8_0.2_1 - INFO - Global test local acc: 92.97
2025-11-12 20:09:03 - 8_0.2_1 - INFO - Global test neighbor acc: 93.32
2025-11-12 20:09:03 - 8_0.2_1 - INFO - ------------local test finish-------------
2025-11-12 20:09:03 - 8_0.2_1 - INFO - [Epoch 28/30] 测试耗时: 183.13s
2025-11-12 20:09:22 - 8_0.2_1 - INFO - [Epoch 29/30] 训练耗时: 18.43s | 平均训练准确率: 85.54
2025-11-12 20:09:22 - 8_0.2_1 - INFO - ------------local test start-------------
2025-11-12 20:09:22 - 8_0.2_1 - INFO - Evaluate on the client0 local set
2025-11-12 20:09:24 - 8_0.2_1 - INFO - => result | total 399 | correct 360 | acc 90.23% | err 9.77% | macro_f1 89.05%
2025-11-12 20:09:24 - 8_0.2_1 - INFO - Evaluate on the client0 neighbor set
2025-11-12 20:09:36 - 8_0.2_1 - INFO - => result | total 2,066 | correct 1,945 | acc 94.14% | err 5.86% | macro_f1 91.60%
2025-11-12 20:09:36 - 8_0.2_1 - INFO - Evaluate on the client1 local set
2025-11-12 20:09:38 - 8_0.2_1 - INFO - => result | total 176 | correct 167 | acc 94.89% | err 5.11% | macro_f1 96.74%
2025-11-12 20:09:38 - 8_0.2_1 - INFO - Evaluate on the client1 neighbor set
2025-11-12 20:09:52 - 8_0.2_1 - INFO - => result | total 2,289 | correct 2,136 | acc 93.32% | err 6.68% | macro_f1 90.49%
2025-11-12 20:09:52 - 8_0.2_1 - INFO - Evaluate on the client2 local set
2025-11-12 20:09:53 - 8_0.2_1 - INFO - => result | total 154 | correct 129 | acc 83.77% | err 16.23% | macro_f1 87.41%
2025-11-12 20:09:53 - 8_0.2_1 - INFO - Evaluate on the client2 neighbor set
2025-11-12 20:10:07 - 8_0.2_1 - INFO - => result | total 2,311 | correct 2,174 | acc 94.07% | err 5.93% | macro_f1 91.41%
2025-11-12 20:10:07 - 8_0.2_1 - INFO - Evaluate on the client3 local set
2025-11-12 20:10:08 - 8_0.2_1 - INFO - => result | total 162 | correct 154 | acc 95.06% | err 4.94% | macro_f1 96.33%
2025-11-12 20:10:08 - 8_0.2_1 - INFO - Evaluate on the client3 neighbor set
2025-11-12 20:10:22 - 8_0.2_1 - INFO - => result | total 2,303 | correct 2,148 | acc 93.27% | err 6.73% | macro_f1 90.88%
2025-11-12 20:10:22 - 8_0.2_1 - INFO - Evaluate on the client4 local set
2025-11-12 20:10:23 - 8_0.2_1 - INFO - => result | total 221 | correct 205 | acc 92.76% | err 7.24% | macro_f1 91.81%
2025-11-12 20:10:23 - 8_0.2_1 - INFO - Evaluate on the client4 neighbor set
2025-11-12 20:10:38 - 8_0.2_1 - INFO - => result | total 2,244 | correct 2,099 | acc 93.54% | err 6.46% | macro_f1 91.02%
2025-11-12 20:10:38 - 8_0.2_1 - INFO - Evaluate on the client5 local set
2025-11-12 20:10:39 - 8_0.2_1 - INFO - => result | total 157 | correct 142 | acc 90.45% | err 9.55% | macro_f1 93.64%
2025-11-12 20:10:39 - 8_0.2_1 - INFO - Evaluate on the client5 neighbor set
2025-11-12 20:10:53 - 8_0.2_1 - INFO - => result | total 2,308 | correct 2,162 | acc 93.67% | err 6.33% | macro_f1 91.01%
2025-11-12 20:10:53 - 8_0.2_1 - INFO - Evaluate on the client6 local set
2025-11-12 20:10:54 - 8_0.2_1 - INFO - => result | total 171 | correct 162 | acc 94.74% | err 5.26% | macro_f1 97.19%
2025-11-12 20:10:54 - 8_0.2_1 - INFO - Evaluate on the client6 neighbor set
2025-11-12 20:11:08 - 8_0.2_1 - INFO - => result | total 2,294 | correct 2,142 | acc 93.37% | err 6.63% | macro_f1 90.50%
2025-11-12 20:11:08 - 8_0.2_1 - INFO - Evaluate on the client7 local set
2025-11-12 20:11:11 - 8_0.2_1 - INFO - => result | total 404 | correct 382 | acc 94.55% | err 5.45% | macro_f1 91.17%
2025-11-12 20:11:11 - 8_0.2_1 - INFO - Evaluate on the client7 neighbor set
2025-11-12 20:11:23 - 8_0.2_1 - INFO - => result | total 2,061 | correct 1,922 | acc 93.26% | err 6.74% | macro_f1 91.49%
2025-11-12 20:11:23 - 8_0.2_1 - INFO - Evaluate on the client8 local set
2025-11-12 20:11:26 - 8_0.2_1 - INFO - => result | total 415 | correct 404 | acc 97.35% | err 2.65% | macro_f1 97.24%
2025-11-12 20:11:26 - 8_0.2_1 - INFO - Evaluate on the client8 neighbor set
2025-11-12 20:11:38 - 8_0.2_1 - INFO - => result | total 2,050 | correct 1,901 | acc 92.73% | err 7.27% | macro_f1 90.33%
2025-11-12 20:11:38 - 8_0.2_1 - INFO - Evaluate on the client9 local set
2025-11-12 20:11:40 - 8_0.2_1 - INFO - => result | total 206 | correct 199 | acc 96.60% | err 3.40% | macro_f1 97.47%
2025-11-12 20:11:40 - 8_0.2_1 - INFO - Evaluate on the client9 neighbor set
2025-11-12 20:11:53 - 8_0.2_1 - INFO - => result | total 2,259 | correct 2,107 | acc 93.27% | err 6.73% | macro_f1 91.11%
2025-11-12 20:11:53 - 8_0.2_1 - INFO - Global test local acc: 93.04
2025-11-12 20:11:53 - 8_0.2_1 - INFO - Global test neighbor acc: 93.46
2025-11-12 20:11:53 - 8_0.2_1 - INFO - ------------local test finish-------------
2025-11-12 20:11:53 - 8_0.2_1 - INFO - [Epoch 29/30] 测试耗时: 151.55s
2025-11-12 20:12:10 - 8_0.2_1 - INFO - [Epoch 30/30] 训练耗时: 17.12s | 平均训练准确率: 84.87
2025-11-12 20:12:10 - 8_0.2_1 - INFO - ------------local test start-------------
2025-11-12 20:12:10 - 8_0.2_1 - INFO - Evaluate on the client0 local set
2025-11-12 20:12:13 - 8_0.2_1 - INFO - => result | total 399 | correct 360 | acc 90.23% | err 9.77% | macro_f1 89.05%
2025-11-12 20:12:13 - 8_0.2_1 - INFO - Evaluate on the client0 neighbor set
2025-11-12 20:12:25 - 8_0.2_1 - INFO - => result | total 2,066 | correct 1,940 | acc 93.90% | err 6.10% | macro_f1 90.91%
2025-11-12 20:12:25 - 8_0.2_1 - INFO - Evaluate on the client1 local set
2025-11-12 20:12:26 - 8_0.2_1 - INFO - => result | total 176 | correct 168 | acc 95.45% | err 4.55% | macro_f1 96.95%
2025-11-12 20:12:26 - 8_0.2_1 - INFO - Evaluate on the client1 neighbor set
2025-11-12 20:12:40 - 8_0.2_1 - INFO - => result | total 2,289 | correct 2,131 | acc 93.10% | err 6.90% | macro_f1 89.88%
2025-11-12 20:12:40 - 8_0.2_1 - INFO - Evaluate on the client2 local set
2025-11-12 20:12:41 - 8_0.2_1 - INFO - => result | total 154 | correct 129 | acc 83.77% | err 16.23% | macro_f1 87.08%
2025-11-12 20:12:41 - 8_0.2_1 - INFO - Evaluate on the client2 neighbor set
2025-11-12 20:12:55 - 8_0.2_1 - INFO - => result | total 2,311 | correct 2,171 | acc 93.94% | err 6.06% | macro_f1 90.87%
2025-11-12 20:12:55 - 8_0.2_1 - INFO - Evaluate on the client3 local set
2025-11-12 20:12:56 - 8_0.2_1 - INFO - => result | total 162 | correct 156 | acc 96.30% | err 3.70% | macro_f1 97.29%
2025-11-12 20:12:56 - 8_0.2_1 - INFO - Evaluate on the client3 neighbor set
2025-11-12 20:13:10 - 8_0.2_1 - INFO - => result | total 2,303 | correct 2,144 | acc 93.10% | err 6.90% | macro_f1 90.19%
2025-11-12 20:13:10 - 8_0.2_1 - INFO - Evaluate on the client4 local set
2025-11-12 20:13:12 - 8_0.2_1 - INFO - => result | total 221 | correct 204 | acc 92.31% | err 7.69% | macro_f1 90.78%
2025-11-12 20:13:12 - 8_0.2_1 - INFO - Evaluate on the client4 neighbor set
2025-11-12 20:13:25 - 8_0.2_1 - INFO - => result | total 2,244 | correct 2,096 | acc 93.40% | err 6.60% | macro_f1 90.42%
2025-11-12 20:13:25 - 8_0.2_1 - INFO - Evaluate on the client5 local set
2025-11-12 20:13:26 - 8_0.2_1 - INFO - => result | total 157 | correct 137 | acc 87.26% | err 12.74% | macro_f1 89.13%
2025-11-12 20:13:26 - 8_0.2_1 - INFO - Evaluate on the client5 neighbor set
2025-11-12 20:13:45 - 8_0.2_1 - INFO - => result | total 2,308 | correct 2,163 | acc 93.72% | err 6.28% | macro_f1 90.81%
2025-11-12 20:13:45 - 8_0.2_1 - INFO - Evaluate on the client6 local set
2025-11-12 20:13:46 - 8_0.2_1 - INFO - => result | total 171 | correct 164 | acc 95.91% | err 4.09% | macro_f1 97.69%
2025-11-12 20:13:46 - 8_0.2_1 - INFO - Evaluate on the client6 neighbor set
2025-11-12 20:14:04 - 8_0.2_1 - INFO - => result | total 2,294 | correct 2,135 | acc 93.07% | err 6.93% | macro_f1 89.70%
2025-11-12 20:14:04 - 8_0.2_1 - INFO - Evaluate on the client7 local set
2025-11-12 20:14:07 - 8_0.2_1 - INFO - => result | total 404 | correct 380 | acc 94.06% | err 5.94% | macro_f1 89.76%
2025-11-12 20:14:07 - 8_0.2_1 - INFO - Evaluate on the client7 neighbor set
2025-11-12 20:14:32 - 8_0.2_1 - INFO - => result | total 2,061 | correct 1,919 | acc 93.11% | err 6.89% | macro_f1 90.90%
2025-11-12 20:14:32 - 8_0.2_1 - INFO - Evaluate on the client8 local set
2025-11-12 20:14:34 - 8_0.2_1 - INFO - => result | total 415 | correct 403 | acc 97.11% | err 2.89% | macro_f1 96.73%
2025-11-12 20:14:34 - 8_0.2_1 - INFO - Evaluate on the client8 neighbor set
2025-11-12 20:14:47 - 8_0.2_1 - INFO - => result | total 2,050 | correct 1,896 | acc 92.49% | err 7.51% | macro_f1 89.54%
2025-11-12 20:14:47 - 8_0.2_1 - INFO - Evaluate on the client9 local set
2025-11-12 20:14:48 - 8_0.2_1 - INFO - => result | total 206 | correct 200 | acc 97.09% | err 2.91% | macro_f1 97.74%
2025-11-12 20:14:48 - 8_0.2_1 - INFO - Evaluate on the client9 neighbor set
2025-11-12 20:15:04 - 8_0.2_1 - INFO - => result | total 2,259 | correct 2,098 | acc 92.87% | err 7.13% | macro_f1 90.02%
2025-11-12 20:15:04 - 8_0.2_1 - INFO - Global test local acc: 92.95
2025-11-12 20:15:04 - 8_0.2_1 - INFO - Global test neighbor acc: 93.27
2025-11-12 20:15:04 - 8_0.2_1 - INFO - ------------local test finish-------------
2025-11-12 20:15:04 - 8_0.2_1 - INFO - [Epoch 30/30] 测试耗时: 174.05s
2025-11-12 20:15:04 - 8_0.2_1 - INFO - maximum test local acc: 93.039
2025-11-12 20:15:04 - 8_0.2_1 - INFO - mean of local acc: 92.985
2025-11-12 20:15:04 - 8_0.2_1 - INFO - maximum test neighbor acc: 93.465
2025-11-12 20:15:04 - 8_0.2_1 - INFO - mean of neighbor acc: 93.350
