2025-11-13 14:22:27 - 8_0.01_1 - INFO - 日志文件已创建: logs/caltech-101/dpfpl/8_0.01_1_20251113_142227.log
2025-11-13 14:22:27 - 8_0.01_1 - INFO - Loading trainer: DP_FPL
2025-11-13 14:22:27 - 8_0.01_1 - INFO - Loading dataset: Caltech101
2025-11-13 14:22:27 - 8_0.01_1 - INFO - Reading split from /home/liuxin25/dataset/caltech-101/split_zhou_Caltech101.json
2025-11-13 14:22:27 - 8_0.01_1 - INFO - Creating a baseline federated dataset
2025-11-13 14:22:27 - 8_0.01_1 - INFO - class_num 100
2025-11-13 14:22:27 - 8_0.01_1 - INFO - user class dict total [20, 79, 93, 54, 52, 65, 0, 1, 48, 74]
2025-11-13 14:22:27 - 8_0.01_1 - INFO - idx: 0, output_dict_len: 673
2025-11-13 14:22:27 - 8_0.01_1 - INFO - user class dict total [44, 82, 35, 69, 91, 42, 33, 14, 5, 62]
2025-11-13 14:22:27 - 8_0.01_1 - INFO - idx: 1, output_dict_len: 296
2025-11-13 14:22:27 - 8_0.01_1 - INFO - user class dict total [32, 55, 96, 10, 21, 31, 90, 27, 28, 76]
2025-11-13 14:22:27 - 8_0.01_1 - INFO - idx: 2, output_dict_len: 251
2025-11-13 14:22:27 - 8_0.01_1 - INFO - user class dict total [80, 71, 66, 58, 23, 70, 60, 72, 17, 18]
2025-11-13 14:22:27 - 8_0.01_1 - INFO - idx: 3, output_dict_len: 275
2025-11-13 14:22:27 - 8_0.01_1 - INFO - user class dict total [45, 34, 11, 56, 84, 13, 41, 30, 24, 85]
2025-11-13 14:22:27 - 8_0.01_1 - INFO - idx: 4, output_dict_len: 369
2025-11-13 14:22:27 - 8_0.01_1 - INFO - user class dict total [51, 75, 37, 6, 53, 94, 95, 39, 47, 98]
2025-11-13 14:22:27 - 8_0.01_1 - INFO - idx: 5, output_dict_len: 265
2025-11-13 14:22:27 - 8_0.01_1 - INFO - user class dict total [36, 7, 50, 3, 63, 59, 9, 77, 64, 92]
2025-11-13 14:22:27 - 8_0.01_1 - INFO - idx: 6, output_dict_len: 286
2025-11-13 14:22:27 - 8_0.01_1 - INFO - user class dict total [86, 97, 61, 19, 25, 4, 16, 8, 46, 26]
2025-11-13 14:22:27 - 8_0.01_1 - INFO - idx: 7, output_dict_len: 675
2025-11-13 14:22:27 - 8_0.01_1 - INFO - user class dict total [2, 88, 29, 22, 87, 67, 68, 38, 83, 15]
2025-11-13 14:22:27 - 8_0.01_1 - INFO - idx: 8, output_dict_len: 695
2025-11-13 14:22:27 - 8_0.01_1 - INFO - user class dict total [12, 81, 43, 73, 78, 40, 99, 57, 89, 49]
2025-11-13 14:22:27 - 8_0.01_1 - INFO - idx: 9, output_dict_len: 343
2025-11-13 14:22:27 - 8_0.01_1 - INFO - Creating a baseline federated dataset
2025-11-13 14:22:27 - 8_0.01_1 - INFO - class_num 100
2025-11-13 14:22:27 - 8_0.01_1 - INFO - user class dict total [20, 79, 93, 54, 52, 65, 0, 1, 48, 74]
2025-11-13 14:22:27 - 8_0.01_1 - INFO - idx: 0, output_dict_len: 399
2025-11-13 14:22:27 - 8_0.01_1 - INFO - user class dict total [44, 82, 35, 69, 91, 42, 33, 14, 5, 62]
2025-11-13 14:22:27 - 8_0.01_1 - INFO - idx: 1, output_dict_len: 176
2025-11-13 14:22:27 - 8_0.01_1 - INFO - user class dict total [32, 55, 96, 10, 21, 31, 90, 27, 28, 76]
2025-11-13 14:22:27 - 8_0.01_1 - INFO - idx: 2, output_dict_len: 154
2025-11-13 14:22:27 - 8_0.01_1 - INFO - user class dict total [80, 71, 66, 58, 23, 70, 60, 72, 17, 18]
2025-11-13 14:22:27 - 8_0.01_1 - INFO - idx: 3, output_dict_len: 162
2025-11-13 14:22:27 - 8_0.01_1 - INFO - user class dict total [45, 34, 11, 56, 84, 13, 41, 30, 24, 85]
2025-11-13 14:22:27 - 8_0.01_1 - INFO - idx: 4, output_dict_len: 221
2025-11-13 14:22:27 - 8_0.01_1 - INFO - user class dict total [51, 75, 37, 6, 53, 94, 95, 39, 47, 98]
2025-11-13 14:22:27 - 8_0.01_1 - INFO - idx: 5, output_dict_len: 157
2025-11-13 14:22:27 - 8_0.01_1 - INFO - user class dict total [36, 7, 50, 3, 63, 59, 9, 77, 64, 92]
2025-11-13 14:22:27 - 8_0.01_1 - INFO - idx: 6, output_dict_len: 171
2025-11-13 14:22:27 - 8_0.01_1 - INFO - user class dict total [86, 97, 61, 19, 25, 4, 16, 8, 46, 26]
2025-11-13 14:22:27 - 8_0.01_1 - INFO - idx: 7, output_dict_len: 404
2025-11-13 14:22:27 - 8_0.01_1 - INFO - user class dict total [2, 88, 29, 22, 87, 67, 68, 38, 83, 15]
2025-11-13 14:22:27 - 8_0.01_1 - INFO - idx: 8, output_dict_len: 415
2025-11-13 14:22:27 - 8_0.01_1 - INFO - user class dict total [12, 81, 43, 73, 78, 40, 99, 57, 89, 49]
2025-11-13 14:22:27 - 8_0.01_1 - INFO - idx: 9, output_dict_len: 206
2025-11-13 14:22:27 - 8_0.01_1 - INFO - Loading CLIP (backbone: ViT-B/16)
2025-11-13 14:22:29 - 8_0.01_1 - INFO - Building custom CLIP
2025-11-13 14:22:29 - 8_0.01_1 - INFO - Turning off gradients in both the image and the text encoder
2025-11-13 14:22:46 - 8_0.01_1 - INFO - [Epoch 1/30] 训练耗时: 16.74s | 平均训练准确率: 52.95
2025-11-13 14:23:02 - 8_0.01_1 - INFO - [Epoch 2/30] 训练耗时: 15.51s | 平均训练准确率: 60.62
2025-11-13 14:23:17 - 8_0.01_1 - INFO - [Epoch 3/30] 训练耗时: 15.19s | 平均训练准确率: 68.21
2025-11-13 14:23:32 - 8_0.01_1 - INFO - [Epoch 4/30] 训练耗时: 15.26s | 平均训练准确率: 72.95
2025-11-13 14:23:48 - 8_0.01_1 - INFO - [Epoch 5/30] 训练耗时: 16.08s | 平均训练准确率: 75.09
2025-11-13 14:24:04 - 8_0.01_1 - INFO - [Epoch 6/30] 训练耗时: 16.08s | 平均训练准确率: 76.65
2025-11-13 14:24:20 - 8_0.01_1 - INFO - [Epoch 7/30] 训练耗时: 16.14s | 平均训练准确率: 79.24
2025-11-13 14:24:36 - 8_0.01_1 - INFO - [Epoch 8/30] 训练耗时: 16.12s | 平均训练准确率: 80.54
2025-11-13 14:24:53 - 8_0.01_1 - INFO - [Epoch 9/30] 训练耗时: 16.11s | 平均训练准确率: 81.61
2025-11-13 14:25:07 - 8_0.01_1 - INFO - [Epoch 10/30] 训练耗时: 14.82s | 平均训练准确率: 82.63
2025-11-13 14:25:22 - 8_0.01_1 - INFO - [Epoch 11/30] 训练耗时: 14.78s | 平均训练准确率: 82.86
2025-11-13 14:25:37 - 8_0.01_1 - INFO - [Epoch 12/30] 训练耗时: 14.87s | 平均训练准确率: 82.72
2025-11-13 14:25:52 - 8_0.01_1 - INFO - [Epoch 13/30] 训练耗时: 14.84s | 平均训练准确率: 81.96
2025-11-13 14:26:07 - 8_0.01_1 - INFO - [Epoch 14/30] 训练耗时: 14.84s | 平均训练准确率: 81.21
2025-11-13 14:26:22 - 8_0.01_1 - INFO - [Epoch 15/30] 训练耗时: 14.87s | 平均训练准确率: 82.05
2025-11-13 14:26:38 - 8_0.01_1 - INFO - [Epoch 16/30] 训练耗时: 16.08s | 平均训练准确率: 82.19
2025-11-13 14:26:54 - 8_0.01_1 - INFO - [Epoch 17/30] 训练耗时: 16.13s | 平均训练准确率: 82.10
2025-11-13 14:27:10 - 8_0.01_1 - INFO - [Epoch 18/30] 训练耗时: 16.13s | 平均训练准确率: 83.35
2025-11-13 14:27:25 - 8_0.01_1 - INFO - [Epoch 19/30] 训练耗时: 15.36s | 平均训练准确率: 81.92
2025-11-13 14:27:40 - 8_0.01_1 - INFO - [Epoch 20/30] 训练耗时: 14.87s | 平均训练准确率: 83.39
2025-11-13 14:27:55 - 8_0.01_1 - INFO - [Epoch 21/30] 训练耗时: 14.91s | 平均训练准确率: 83.17
2025-11-13 14:28:10 - 8_0.01_1 - INFO - [Epoch 22/30] 训练耗时: 14.93s | 平均训练准确率: 80.13
2025-11-13 14:28:25 - 8_0.01_1 - INFO - [Epoch 23/30] 训练耗时: 14.93s | 平均训练准确率: 81.65
2025-11-13 14:28:40 - 8_0.01_1 - INFO - [Epoch 24/30] 训练耗时: 14.90s | 平均训练准确率: 82.54
2025-11-13 14:28:55 - 8_0.01_1 - INFO - [Epoch 25/30] 训练耗时: 14.91s | 平均训练准确率: 82.86
2025-11-13 14:29:10 - 8_0.01_1 - INFO - [Epoch 26/30] 训练耗时: 14.85s | 平均训练准确率: 82.59
2025-11-13 14:29:24 - 8_0.01_1 - INFO - [Epoch 27/30] 训练耗时: 14.07s | 平均训练准确率: 82.14
2025-11-13 14:29:38 - 8_0.01_1 - INFO - [Epoch 28/30] 训练耗时: 14.01s | 平均训练准确率: 80.89
2025-11-13 14:29:38 - 8_0.01_1 - INFO - ------------local test start-------------
2025-11-13 14:29:38 - 8_0.01_1 - INFO - Evaluate on the client0 local set
2025-11-13 14:29:40 - 8_0.01_1 - INFO - => result | total 399 | correct 325 | acc 81.45% | err 18.55% | macro_f1 91.42%
2025-11-13 14:29:40 - 8_0.01_1 - INFO - Evaluate on the client0 neighbor set
2025-11-13 14:29:50 - 8_0.01_1 - INFO - => result | total 2,066 | correct 1,941 | acc 93.95% | err 6.05% | macro_f1 91.39%
2025-11-13 14:29:50 - 8_0.01_1 - INFO - Evaluate on the client1 local set
2025-11-13 14:29:51 - 8_0.01_1 - INFO - => result | total 176 | correct 165 | acc 93.75% | err 6.25% | macro_f1 95.38%
2025-11-13 14:29:51 - 8_0.01_1 - INFO - Evaluate on the client1 neighbor set
2025-11-13 14:30:02 - 8_0.01_1 - INFO - => result | total 2,289 | correct 2,107 | acc 92.05% | err 7.95% | macro_f1 90.01%
2025-11-13 14:30:02 - 8_0.01_1 - INFO - Evaluate on the client2 local set
2025-11-13 14:30:03 - 8_0.01_1 - INFO - => result | total 154 | correct 123 | acc 79.87% | err 20.13% | macro_f1 83.35%
2025-11-13 14:30:03 - 8_0.01_1 - INFO - Evaluate on the client2 neighbor set
2025-11-13 14:30:14 - 8_0.01_1 - INFO - => result | total 2,311 | correct 2,150 | acc 93.03% | err 6.97% | macro_f1 91.44%
2025-11-13 14:30:14 - 8_0.01_1 - INFO - Evaluate on the client3 local set
2025-11-13 14:30:15 - 8_0.01_1 - INFO - => result | total 162 | correct 149 | acc 91.98% | err 8.02% | macro_f1 93.16%
2025-11-13 14:30:15 - 8_0.01_1 - INFO - Evaluate on the client3 neighbor set
2025-11-13 14:30:26 - 8_0.01_1 - INFO - => result | total 2,303 | correct 2,126 | acc 92.31% | err 7.69% | macro_f1 90.07%
2025-11-13 14:30:26 - 8_0.01_1 - INFO - Evaluate on the client4 local set
2025-11-13 14:30:27 - 8_0.01_1 - INFO - => result | total 221 | correct 204 | acc 92.31% | err 7.69% | macro_f1 90.78%
2025-11-13 14:30:27 - 8_0.01_1 - INFO - Evaluate on the client4 neighbor set
2025-11-13 14:30:38 - 8_0.01_1 - INFO - => result | total 2,244 | correct 2,074 | acc 92.42% | err 7.58% | macro_f1 90.28%
2025-11-13 14:30:38 - 8_0.01_1 - INFO - Evaluate on the client5 local set
2025-11-13 14:30:38 - 8_0.01_1 - INFO - => result | total 157 | correct 145 | acc 92.36% | err 7.64% | macro_f1 95.13%
2025-11-13 14:30:38 - 8_0.01_1 - INFO - Evaluate on the client5 neighbor set
2025-11-13 14:30:50 - 8_0.01_1 - INFO - => result | total 2,308 | correct 2,136 | acc 92.55% | err 7.45% | macro_f1 89.95%
2025-11-13 14:30:50 - 8_0.01_1 - INFO - Evaluate on the client6 local set
2025-11-13 14:30:51 - 8_0.01_1 - INFO - => result | total 171 | correct 166 | acc 97.08% | err 2.92% | macro_f1 98.35%
2025-11-13 14:30:51 - 8_0.01_1 - INFO - Evaluate on the client6 neighbor set
2025-11-13 14:31:03 - 8_0.01_1 - INFO - => result | total 2,294 | correct 2,115 | acc 92.20% | err 7.80% | macro_f1 89.30%
2025-11-13 14:31:03 - 8_0.01_1 - INFO - Evaluate on the client7 local set
2025-11-13 14:31:05 - 8_0.01_1 - INFO - => result | total 404 | correct 390 | acc 96.53% | err 3.47% | macro_f1 95.21%
2025-11-13 14:31:05 - 8_0.01_1 - INFO - Evaluate on the client7 neighbor set
2025-11-13 14:31:17 - 8_0.01_1 - INFO - => result | total 2,061 | correct 1,893 | acc 91.85% | err 8.15% | macro_f1 90.24%
2025-11-13 14:31:17 - 8_0.01_1 - INFO - Evaluate on the client8 local set
2025-11-13 14:31:19 - 8_0.01_1 - INFO - => result | total 415 | correct 410 | acc 98.80% | err 1.20% | macro_f1 98.76%
2025-11-13 14:31:19 - 8_0.01_1 - INFO - Evaluate on the client8 neighbor set
2025-11-13 14:31:30 - 8_0.01_1 - INFO - => result | total 2,050 | correct 1,873 | acc 91.37% | err 8.63% | macro_f1 89.20%
2025-11-13 14:31:30 - 8_0.01_1 - INFO - Evaluate on the client9 local set
2025-11-13 14:31:32 - 8_0.01_1 - INFO - => result | total 206 | correct 192 | acc 93.20% | err 6.80% | macro_f1 95.31%
2025-11-13 14:31:32 - 8_0.01_1 - INFO - Evaluate on the client9 neighbor set
2025-11-13 14:31:44 - 8_0.01_1 - INFO - => result | total 2,259 | correct 2,090 | acc 92.52% | err 7.48% | macro_f1 90.52%
2025-11-13 14:31:44 - 8_0.01_1 - INFO - Global test local acc: 91.73
2025-11-13 14:31:44 - 8_0.01_1 - INFO - Global test neighbor acc: 92.42
2025-11-13 14:31:44 - 8_0.01_1 - INFO - ------------local test finish-------------
2025-11-13 14:31:44 - 8_0.01_1 - INFO - [Epoch 28/30] 测试耗时: 126.81s
2025-11-13 14:32:00 - 8_0.01_1 - INFO - [Epoch 29/30] 训练耗时: 15.92s | 平均训练准确率: 82.77
2025-11-13 14:32:00 - 8_0.01_1 - INFO - ------------local test start-------------
2025-11-13 14:32:00 - 8_0.01_1 - INFO - Evaluate on the client0 local set
2025-11-13 14:32:03 - 8_0.01_1 - INFO - => result | total 399 | correct 330 | acc 82.71% | err 17.29% | macro_f1 85.98%
2025-11-13 14:32:03 - 8_0.01_1 - INFO - Evaluate on the client0 neighbor set
2025-11-13 14:32:14 - 8_0.01_1 - INFO - => result | total 2,066 | correct 1,931 | acc 93.47% | err 6.53% | macro_f1 90.28%
2025-11-13 14:32:14 - 8_0.01_1 - INFO - Evaluate on the client1 local set
2025-11-13 14:32:15 - 8_0.01_1 - INFO - => result | total 176 | correct 166 | acc 94.32% | err 5.68% | macro_f1 96.10%
2025-11-13 14:32:15 - 8_0.01_1 - INFO - Evaluate on the client1 neighbor set
2025-11-13 14:32:27 - 8_0.01_1 - INFO - => result | total 2,289 | correct 2,095 | acc 91.52% | err 8.48% | macro_f1 88.30%
2025-11-13 14:32:27 - 8_0.01_1 - INFO - Evaluate on the client2 local set
2025-11-13 14:32:28 - 8_0.01_1 - INFO - => result | total 154 | correct 122 | acc 79.22% | err 20.78% | macro_f1 83.16%
2025-11-13 14:32:28 - 8_0.01_1 - INFO - Evaluate on the client2 neighbor set
2025-11-13 14:32:41 - 8_0.01_1 - INFO - => result | total 2,311 | correct 2,140 | acc 92.60% | err 7.40% | macro_f1 90.21%
2025-11-13 14:32:41 - 8_0.01_1 - INFO - Evaluate on the client3 local set
2025-11-13 14:32:42 - 8_0.01_1 - INFO - => result | total 162 | correct 146 | acc 90.12% | err 9.88% | macro_f1 91.42%
2025-11-13 14:32:42 - 8_0.01_1 - INFO - Evaluate on the client3 neighbor set
2025-11-13 14:32:54 - 8_0.01_1 - INFO - => result | total 2,303 | correct 2,114 | acc 91.79% | err 8.21% | macro_f1 89.09%
2025-11-13 14:32:54 - 8_0.01_1 - INFO - Evaluate on the client4 local set
2025-11-13 14:32:56 - 8_0.01_1 - INFO - => result | total 221 | correct 203 | acc 91.86% | err 8.14% | macro_f1 89.81%
2025-11-13 14:32:56 - 8_0.01_1 - INFO - Evaluate on the client4 neighbor set
2025-11-13 14:33:08 - 8_0.01_1 - INFO - => result | total 2,244 | correct 2,055 | acc 91.58% | err 8.42% | macro_f1 88.94%
2025-11-13 14:33:08 - 8_0.01_1 - INFO - Evaluate on the client5 local set
2025-11-13 14:33:09 - 8_0.01_1 - INFO - => result | total 157 | correct 146 | acc 92.99% | err 7.01% | macro_f1 95.94%
2025-11-13 14:33:09 - 8_0.01_1 - INFO - Evaluate on the client5 neighbor set
2025-11-13 14:33:21 - 8_0.01_1 - INFO - => result | total 2,308 | correct 2,113 | acc 91.55% | err 8.45% | macro_f1 88.63%
2025-11-13 14:33:21 - 8_0.01_1 - INFO - Evaluate on the client6 local set
2025-11-13 14:33:22 - 8_0.01_1 - INFO - => result | total 171 | correct 159 | acc 92.98% | err 7.02% | macro_f1 95.97%
2025-11-13 14:33:22 - 8_0.01_1 - INFO - Evaluate on the client6 neighbor set
2025-11-13 14:33:35 - 8_0.01_1 - INFO - => result | total 2,294 | correct 2,100 | acc 91.54% | err 8.46% | macro_f1 88.28%
2025-11-13 14:33:35 - 8_0.01_1 - INFO - Evaluate on the client7 local set
2025-11-13 14:33:37 - 8_0.01_1 - INFO - => result | total 404 | correct 388 | acc 96.04% | err 3.96% | macro_f1 94.37%
2025-11-13 14:33:37 - 8_0.01_1 - INFO - Evaluate on the client7 neighbor set
2025-11-13 14:33:48 - 8_0.01_1 - INFO - => result | total 2,061 | correct 1,872 | acc 90.83% | err 9.17% | macro_f1 88.77%
2025-11-13 14:33:48 - 8_0.01_1 - INFO - Evaluate on the client8 local set
2025-11-13 14:33:50 - 8_0.01_1 - INFO - => result | total 415 | correct 402 | acc 96.87% | err 3.13% | macro_f1 96.03%
2025-11-13 14:33:50 - 8_0.01_1 - INFO - Evaluate on the client8 neighbor set
2025-11-13 14:34:02 - 8_0.01_1 - INFO - => result | total 2,050 | correct 1,860 | acc 90.73% | err 9.27% | macro_f1 88.26%
2025-11-13 14:34:02 - 8_0.01_1 - INFO - Evaluate on the client9 local set
2025-11-13 14:34:03 - 8_0.01_1 - INFO - => result | total 206 | correct 199 | acc 96.60% | err 3.40% | macro_f1 97.50%
2025-11-13 14:34:03 - 8_0.01_1 - INFO - Evaluate on the client9 neighbor set
2025-11-13 14:34:15 - 8_0.01_1 - INFO - => result | total 2,259 | correct 2,062 | acc 91.28% | err 8.72% | macro_f1 88.95%
2025-11-13 14:34:15 - 8_0.01_1 - INFO - Global test local acc: 91.37
2025-11-13 14:34:15 - 8_0.01_1 - INFO - Global test neighbor acc: 91.69
2025-11-13 14:34:15 - 8_0.01_1 - INFO - ------------local test finish-------------
2025-11-13 14:34:15 - 8_0.01_1 - INFO - [Epoch 29/30] 测试耗时: 134.96s
2025-11-13 14:34:31 - 8_0.01_1 - INFO - [Epoch 30/30] 训练耗时: 15.91s | 平均训练准确率: 81.79
2025-11-13 14:34:31 - 8_0.01_1 - INFO - ------------local test start-------------
2025-11-13 14:34:31 - 8_0.01_1 - INFO - Evaluate on the client0 local set
2025-11-13 14:34:34 - 8_0.01_1 - INFO - => result | total 399 | correct 342 | acc 85.71% | err 14.29% | macro_f1 90.08%
2025-11-13 14:34:34 - 8_0.01_1 - INFO - Evaluate on the client0 neighbor set
2025-11-13 14:34:45 - 8_0.01_1 - INFO - => result | total 2,066 | correct 1,937 | acc 93.76% | err 6.24% | macro_f1 91.00%
2025-11-13 14:34:45 - 8_0.01_1 - INFO - Evaluate on the client1 local set
2025-11-13 14:34:46 - 8_0.01_1 - INFO - => result | total 176 | correct 166 | acc 94.32% | err 5.68% | macro_f1 96.10%
2025-11-13 14:34:46 - 8_0.01_1 - INFO - Evaluate on the client1 neighbor set
2025-11-13 14:34:58 - 8_0.01_1 - INFO - => result | total 2,289 | correct 2,113 | acc 92.31% | err 7.69% | macro_f1 89.47%
2025-11-13 14:34:58 - 8_0.01_1 - INFO - Evaluate on the client2 local set
2025-11-13 14:34:59 - 8_0.01_1 - INFO - => result | total 154 | correct 123 | acc 79.87% | err 20.13% | macro_f1 84.54%
2025-11-13 14:34:59 - 8_0.01_1 - INFO - Evaluate on the client2 neighbor set
2025-11-13 14:35:12 - 8_0.01_1 - INFO - => result | total 2,311 | correct 2,158 | acc 93.38% | err 6.62% | macro_f1 91.15%
2025-11-13 14:35:12 - 8_0.01_1 - INFO - Evaluate on the client3 local set
2025-11-13 14:35:13 - 8_0.01_1 - INFO - => result | total 162 | correct 145 | acc 89.51% | err 10.49% | macro_f1 91.56%
2025-11-13 14:35:13 - 8_0.01_1 - INFO - Evaluate on the client3 neighbor set
2025-11-13 14:35:25 - 8_0.01_1 - INFO - => result | total 2,303 | correct 2,137 | acc 92.79% | err 7.21% | macro_f1 90.38%
2025-11-13 14:35:25 - 8_0.01_1 - INFO - Evaluate on the client4 local set
2025-11-13 14:35:26 - 8_0.01_1 - INFO - => result | total 221 | correct 204 | acc 92.31% | err 7.69% | macro_f1 91.53%
2025-11-13 14:35:26 - 8_0.01_1 - INFO - Evaluate on the client4 neighbor set
2025-11-13 14:35:39 - 8_0.01_1 - INFO - => result | total 2,244 | correct 2,078 | acc 92.60% | err 7.40% | macro_f1 90.17%
2025-11-13 14:35:39 - 8_0.01_1 - INFO - Evaluate on the client5 local set
2025-11-13 14:35:40 - 8_0.01_1 - INFO - => result | total 157 | correct 147 | acc 93.63% | err 6.37% | macro_f1 96.22%
2025-11-13 14:35:40 - 8_0.01_1 - INFO - Evaluate on the client5 neighbor set
2025-11-13 14:35:52 - 8_0.01_1 - INFO - => result | total 2,308 | correct 2,135 | acc 92.50% | err 7.50% | macro_f1 90.01%
2025-11-13 14:35:52 - 8_0.01_1 - INFO - Evaluate on the client6 local set
2025-11-13 14:35:53 - 8_0.01_1 - INFO - => result | total 171 | correct 158 | acc 92.40% | err 7.60% | macro_f1 95.76%
2025-11-13 14:35:53 - 8_0.01_1 - INFO - Evaluate on the client6 neighbor set
2025-11-13 14:36:05 - 8_0.01_1 - INFO - => result | total 2,294 | correct 2,127 | acc 92.72% | err 7.28% | macro_f1 89.84%
2025-11-13 14:36:05 - 8_0.01_1 - INFO - Evaluate on the client7 local set
2025-11-13 14:36:07 - 8_0.01_1 - INFO - => result | total 404 | correct 390 | acc 96.53% | err 3.47% | macro_f1 95.19%
2025-11-13 14:36:07 - 8_0.01_1 - INFO - Evaluate on the client7 neighbor set
2025-11-13 14:36:18 - 8_0.01_1 - INFO - => result | total 2,061 | correct 1,896 | acc 91.99% | err 8.01% | macro_f1 90.21%
2025-11-13 14:36:18 - 8_0.01_1 - INFO - Evaluate on the client8 local set
2025-11-13 14:36:20 - 8_0.01_1 - INFO - => result | total 415 | correct 407 | acc 98.07% | err 1.93% | macro_f1 97.47%
2025-11-13 14:36:20 - 8_0.01_1 - INFO - Evaluate on the client8 neighbor set
2025-11-13 14:36:32 - 8_0.01_1 - INFO - => result | total 2,050 | correct 1,880 | acc 91.71% | err 8.29% | macro_f1 89.41%
2025-11-13 14:36:32 - 8_0.01_1 - INFO - Evaluate on the client9 local set
2025-11-13 14:36:33 - 8_0.01_1 - INFO - => result | total 206 | correct 199 | acc 96.60% | err 3.40% | macro_f1 97.50%
2025-11-13 14:36:33 - 8_0.01_1 - INFO - Evaluate on the client9 neighbor set
2025-11-13 14:36:45 - 8_0.01_1 - INFO - => result | total 2,259 | correct 2,089 | acc 92.47% | err 7.53% | macro_f1 90.40%
2025-11-13 14:36:45 - 8_0.01_1 - INFO - Global test local acc: 91.90
2025-11-13 14:36:45 - 8_0.01_1 - INFO - Global test neighbor acc: 92.62
2025-11-13 14:36:45 - 8_0.01_1 - INFO - ------------local test finish-------------
2025-11-13 14:36:45 - 8_0.01_1 - INFO - [Epoch 30/30] 测试耗时: 134.06s
2025-11-13 14:36:45 - 8_0.01_1 - INFO - maximum test local acc: 91.895
2025-11-13 14:36:45 - 8_0.01_1 - INFO - mean of local acc: 91.666
2025-11-13 14:36:45 - 8_0.01_1 - INFO - maximum test neighbor acc: 92.624
2025-11-13 14:36:45 - 8_0.01_1 - INFO - mean of neighbor acc: 92.246
