2025-11-18 01:31:57 - 8_0.0_1 - INFO - 日志文件已创建: logs/food-101/sepfpl/8_0.0_1_20251118_013157.log
2025-11-18 01:31:57 - 8_0.0_1 - INFO - Loading trainer: DP_FPL
2025-11-18 01:31:57 - 8_0.0_1 - INFO - Loading dataset: Food101
2025-11-18 01:31:57 - 8_0.0_1 - INFO - Reading split from /home/liuxin25/dataset/food-101/split_zhou_Food101.json
2025-11-18 01:31:58 - 8_0.0_1 - INFO - Creating a baseline federated dataset
2025-11-18 01:31:58 - 8_0.0_1 - INFO - class_num 101
2025-11-18 01:31:58 - 8_0.0_1 - INFO - user class dict total [20, 79, 94, 54, 52, 65, 0, 1, 48, 74]
2025-11-18 01:31:58 - 8_0.0_1 - INFO - idx: 0, output_dict_len: 500
2025-11-18 01:31:58 - 8_0.0_1 - INFO - user class dict total [44, 99, 35, 69, 82, 42, 33, 14, 5, 62]
2025-11-18 01:31:58 - 8_0.0_1 - INFO - idx: 1, output_dict_len: 500
2025-11-18 01:31:58 - 8_0.0_1 - INFO - user class dict total [32, 55, 97, 10, 21, 31, 91, 27, 28, 76]
2025-11-18 01:31:58 - 8_0.0_1 - INFO - idx: 2, output_dict_len: 500
2025-11-18 01:31:58 - 8_0.0_1 - INFO - user class dict total [80, 71, 66, 58, 23, 70, 60, 72, 17, 18]
2025-11-18 01:31:58 - 8_0.0_1 - INFO - idx: 3, output_dict_len: 500
2025-11-18 01:31:58 - 8_0.0_1 - INFO - user class dict total [45, 34, 11, 56, 85, 13, 41, 30, 24, 86]
2025-11-18 01:31:58 - 8_0.0_1 - INFO - idx: 4, output_dict_len: 500
2025-11-18 01:31:58 - 8_0.0_1 - INFO - user class dict total [51, 75, 37, 6, 53, 95, 96, 39, 47, 90]
2025-11-18 01:31:58 - 8_0.0_1 - INFO - idx: 5, output_dict_len: 500
2025-11-18 01:31:58 - 8_0.0_1 - INFO - user class dict total [36, 7, 50, 3, 63, 59, 9, 77, 64, 93]
2025-11-18 01:31:58 - 8_0.0_1 - INFO - idx: 6, output_dict_len: 500
2025-11-18 01:31:58 - 8_0.0_1 - INFO - user class dict total [87, 98, 61, 19, 25, 4, 16, 8, 46, 26]
2025-11-18 01:31:58 - 8_0.0_1 - INFO - idx: 7, output_dict_len: 500
2025-11-18 01:31:58 - 8_0.0_1 - INFO - user class dict total [2, 92, 84, 29, 22, 88, 67, 68, 38, 83]
2025-11-18 01:31:58 - 8_0.0_1 - INFO - idx: 8, output_dict_len: 500
2025-11-18 01:31:58 - 8_0.0_1 - INFO - user class dict total [15, 12, 81, 43, 73, 78, 40, 100, 57, 89, 49]
2025-11-18 01:31:58 - 8_0.0_1 - INFO - idx: 9, output_dict_len: 550
2025-11-18 01:31:58 - 8_0.0_1 - INFO - Creating a baseline federated dataset
2025-11-18 01:31:58 - 8_0.0_1 - INFO - class_num 101
2025-11-18 01:31:58 - 8_0.0_1 - INFO - user class dict total [20, 79, 94, 54, 52, 65, 0, 1, 48, 74]
2025-11-18 01:31:58 - 8_0.0_1 - INFO - idx: 0, output_dict_len: 300
2025-11-18 01:31:58 - 8_0.0_1 - INFO - user class dict total [44, 99, 35, 69, 82, 42, 33, 14, 5, 62]
2025-11-18 01:31:58 - 8_0.0_1 - INFO - idx: 1, output_dict_len: 300
2025-11-18 01:31:58 - 8_0.0_1 - INFO - user class dict total [32, 55, 97, 10, 21, 31, 91, 27, 28, 76]
2025-11-18 01:31:58 - 8_0.0_1 - INFO - idx: 2, output_dict_len: 300
2025-11-18 01:31:58 - 8_0.0_1 - INFO - user class dict total [80, 71, 66, 58, 23, 70, 60, 72, 17, 18]
2025-11-18 01:31:58 - 8_0.0_1 - INFO - idx: 3, output_dict_len: 300
2025-11-18 01:31:58 - 8_0.0_1 - INFO - user class dict total [45, 34, 11, 56, 85, 13, 41, 30, 24, 86]
2025-11-18 01:31:58 - 8_0.0_1 - INFO - idx: 4, output_dict_len: 300
2025-11-18 01:31:58 - 8_0.0_1 - INFO - user class dict total [51, 75, 37, 6, 53, 95, 96, 39, 47, 90]
2025-11-18 01:31:58 - 8_0.0_1 - INFO - idx: 5, output_dict_len: 300
2025-11-18 01:31:58 - 8_0.0_1 - INFO - user class dict total [36, 7, 50, 3, 63, 59, 9, 77, 64, 93]
2025-11-18 01:31:58 - 8_0.0_1 - INFO - idx: 6, output_dict_len: 300
2025-11-18 01:31:58 - 8_0.0_1 - INFO - user class dict total [87, 98, 61, 19, 25, 4, 16, 8, 46, 26]
2025-11-18 01:31:58 - 8_0.0_1 - INFO - idx: 7, output_dict_len: 300
2025-11-18 01:31:58 - 8_0.0_1 - INFO - user class dict total [2, 92, 84, 29, 22, 88, 67, 68, 38, 83]
2025-11-18 01:31:58 - 8_0.0_1 - INFO - idx: 8, output_dict_len: 300
2025-11-18 01:31:58 - 8_0.0_1 - INFO - user class dict total [15, 12, 81, 43, 73, 78, 40, 100, 57, 89, 49]
2025-11-18 01:31:58 - 8_0.0_1 - INFO - idx: 9, output_dict_len: 330
2025-11-18 01:31:58 - 8_0.0_1 - INFO - Loading CLIP (backbone: ViT-B/16)
2025-11-18 01:31:59 - 8_0.0_1 - INFO - Building custom CLIP
2025-11-18 01:31:59 - 8_0.0_1 - INFO - Turning off gradients in both the image and the text encoder
2025-11-18 01:32:48 - 8_0.0_1 - INFO - [Epoch 1/30] 训练耗时: 48.92s | 平均训练准确率: 41.46
2025-11-18 01:33:35 - 8_0.0_1 - INFO - [Epoch 2/30] 训练耗时: 46.71s | 平均训练准确率: 67.40
2025-11-18 01:34:22 - 8_0.0_1 - INFO - [Epoch 3/30] 训练耗时: 47.01s | 平均训练准确率: 72.10
2025-11-18 01:35:10 - 8_0.0_1 - INFO - [Epoch 4/30] 训练耗时: 47.38s | 平均训练准确率: 73.71
2025-11-18 01:35:57 - 8_0.0_1 - INFO - [Epoch 5/30] 训练耗时: 47.37s | 平均训练准确率: 74.65
2025-11-18 01:36:44 - 8_0.0_1 - INFO - [Epoch 6/30] 训练耗时: 46.94s | 平均训练准确率: 75.81
2025-11-18 01:37:34 - 8_0.0_1 - INFO - [Epoch 7/30] 训练耗时: 49.79s | 平均训练准确率: 75.40
2025-11-18 01:38:23 - 8_0.0_1 - INFO - [Epoch 8/30] 训练耗时: 49.63s | 平均训练准确率: 75.81
2025-11-18 01:39:13 - 8_0.0_1 - INFO - [Epoch 9/30] 训练耗时: 49.29s | 平均训练准确率: 76.85
2025-11-18 01:40:02 - 8_0.0_1 - INFO - [Epoch 10/30] 训练耗时: 49.33s | 平均训练准确率: 76.60
2025-11-18 01:40:52 - 8_0.0_1 - INFO - [Epoch 11/30] 训练耗时: 49.73s | 平均训练准确率: 76.29
2025-11-18 01:41:39 - 8_0.0_1 - INFO - [Epoch 12/30] 训练耗时: 47.52s | 平均训练准确率: 76.67
2025-11-18 01:42:29 - 8_0.0_1 - INFO - [Epoch 13/30] 训练耗时: 49.58s | 平均训练准确率: 77.50
2025-11-18 01:43:18 - 8_0.0_1 - INFO - [Epoch 14/30] 训练耗时: 49.42s | 平均训练准确率: 77.75
2025-11-18 01:44:08 - 8_0.0_1 - INFO - [Epoch 15/30] 训练耗时: 49.68s | 平均训练准确率: 77.88
2025-11-18 01:44:58 - 8_0.0_1 - INFO - [Epoch 16/30] 训练耗时: 49.80s | 平均训练准确率: 78.75
2025-11-18 01:45:47 - 8_0.0_1 - INFO - [Epoch 17/30] 训练耗时: 49.67s | 平均训练准确率: 78.25
2025-11-18 01:46:35 - 8_0.0_1 - INFO - [Epoch 18/30] 训练耗时: 48.07s | 平均训练准确率: 78.85
2025-11-18 01:47:24 - 8_0.0_1 - INFO - [Epoch 19/30] 训练耗时: 48.26s | 平均训练准确率: 78.73
2025-11-18 01:48:13 - 8_0.0_1 - INFO - [Epoch 20/30] 训练耗时: 49.77s | 平均训练准确率: 78.81
2025-11-18 01:49:03 - 8_0.0_1 - INFO - [Epoch 21/30] 训练耗时: 49.13s | 平均训练准确率: 78.52
2025-11-18 01:49:52 - 8_0.0_1 - INFO - [Epoch 22/30] 训练耗时: 49.78s | 平均训练准确率: 78.54
2025-11-18 01:50:42 - 8_0.0_1 - INFO - [Epoch 23/30] 训练耗时: 49.80s | 平均训练准确率: 79.46
2025-11-18 01:51:31 - 8_0.0_1 - INFO - [Epoch 24/30] 训练耗时: 48.60s | 平均训练准确率: 79.73
2025-11-18 01:52:17 - 8_0.0_1 - INFO - [Epoch 25/30] 训练耗时: 46.48s | 平均训练准确率: 79.75
2025-11-18 01:53:04 - 8_0.0_1 - INFO - [Epoch 26/30] 训练耗时: 46.97s | 平均训练准确率: 79.98
2025-11-18 01:53:51 - 8_0.0_1 - INFO - [Epoch 27/30] 训练耗时: 46.53s | 平均训练准确率: 79.38
2025-11-18 01:54:37 - 8_0.0_1 - INFO - [Epoch 28/30] 训练耗时: 46.07s | 平均训练准确率: 80.52
2025-11-18 01:54:37 - 8_0.0_1 - INFO - ------------local test start-------------
2025-11-18 01:54:37 - 8_0.0_1 - INFO - Evaluate on the client0 local set
2025-11-18 01:54:39 - 8_0.0_1 - INFO - => result | total 300 | correct 265 | acc 88.33% | err 11.67% | macro_f1 92.65%
2025-11-18 01:54:39 - 8_0.0_1 - INFO - Evaluate on the client0 neighbor set
2025-11-18 01:55:02 - 8_0.0_1 - INFO - => result | total 2,730 | correct 2,264 | acc 82.93% | err 17.07% | macro_f1 83.32%
2025-11-18 01:55:02 - 8_0.0_1 - INFO - Evaluate on the client1 local set
2025-11-18 01:55:05 - 8_0.0_1 - INFO - => result | total 300 | correct 256 | acc 85.33% | err 14.67% | macro_f1 91.08%
2025-11-18 01:55:05 - 8_0.0_1 - INFO - Evaluate on the client1 neighbor set
2025-11-18 01:55:28 - 8_0.0_1 - INFO - => result | total 2,730 | correct 2,314 | acc 84.76% | err 15.24% | macro_f1 85.37%
2025-11-18 01:55:28 - 8_0.0_1 - INFO - Evaluate on the client2 local set
2025-11-18 01:55:31 - 8_0.0_1 - INFO - => result | total 300 | correct 280 | acc 93.33% | err 6.67% | macro_f1 96.34%
2025-11-18 01:55:31 - 8_0.0_1 - INFO - Evaluate on the client2 neighbor set
2025-11-18 01:55:54 - 8_0.0_1 - INFO - => result | total 2,730 | correct 2,286 | acc 83.74% | err 16.26% | macro_f1 84.41%
2025-11-18 01:55:54 - 8_0.0_1 - INFO - Evaluate on the client3 local set
2025-11-18 01:55:56 - 8_0.0_1 - INFO - => result | total 300 | correct 258 | acc 86.00% | err 14.00% | macro_f1 91.47%
2025-11-18 01:55:56 - 8_0.0_1 - INFO - Evaluate on the client3 neighbor set
2025-11-18 01:56:20 - 8_0.0_1 - INFO - => result | total 2,730 | correct 2,276 | acc 83.37% | err 16.63% | macro_f1 83.72%
2025-11-18 01:56:20 - 8_0.0_1 - INFO - Evaluate on the client4 local set
2025-11-18 01:56:22 - 8_0.0_1 - INFO - => result | total 300 | correct 270 | acc 90.00% | err 10.00% | macro_f1 94.14%
2025-11-18 01:56:22 - 8_0.0_1 - INFO - Evaluate on the client4 neighbor set
2025-11-18 01:56:45 - 8_0.0_1 - INFO - => result | total 2,730 | correct 2,310 | acc 84.62% | err 15.38% | macro_f1 85.36%
2025-11-18 01:56:45 - 8_0.0_1 - INFO - Evaluate on the client5 local set
2025-11-18 01:56:47 - 8_0.0_1 - INFO - => result | total 300 | correct 260 | acc 86.67% | err 13.33% | macro_f1 91.53%
2025-11-18 01:56:47 - 8_0.0_1 - INFO - Evaluate on the client5 neighbor set
2025-11-18 01:57:11 - 8_0.0_1 - INFO - => result | total 2,730 | correct 2,322 | acc 85.05% | err 14.95% | macro_f1 85.61%
2025-11-18 01:57:11 - 8_0.0_1 - INFO - Evaluate on the client6 local set
2025-11-18 01:57:14 - 8_0.0_1 - INFO - => result | total 300 | correct 259 | acc 86.33% | err 13.67% | macro_f1 90.56%
2025-11-18 01:57:14 - 8_0.0_1 - INFO - Evaluate on the client6 neighbor set
2025-11-18 01:57:37 - 8_0.0_1 - INFO - => result | total 2,730 | correct 2,288 | acc 83.81% | err 16.19% | macro_f1 84.67%
2025-11-18 01:57:37 - 8_0.0_1 - INFO - Evaluate on the client7 local set
2025-11-18 01:57:40 - 8_0.0_1 - INFO - => result | total 300 | correct 261 | acc 87.00% | err 13.00% | macro_f1 91.47%
2025-11-18 01:57:40 - 8_0.0_1 - INFO - Evaluate on the client7 neighbor set
2025-11-18 01:58:03 - 8_0.0_1 - INFO - => result | total 2,730 | correct 2,257 | acc 82.67% | err 17.33% | macro_f1 83.37%
2025-11-18 01:58:03 - 8_0.0_1 - INFO - Evaluate on the client8 local set
2025-11-18 01:58:06 - 8_0.0_1 - INFO - => result | total 300 | correct 269 | acc 89.67% | err 10.33% | macro_f1 93.47%
2025-11-18 01:58:06 - 8_0.0_1 - INFO - Evaluate on the client8 neighbor set
2025-11-18 01:58:29 - 8_0.0_1 - INFO - => result | total 2,730 | correct 2,258 | acc 82.71% | err 17.29% | macro_f1 83.10%
2025-11-18 01:58:29 - 8_0.0_1 - INFO - Evaluate on the client9 local set
2025-11-18 01:58:32 - 8_0.0_1 - INFO - => result | total 330 | correct 297 | acc 90.00% | err 10.00% | macro_f1 93.46%
2025-11-18 01:58:32 - 8_0.0_1 - INFO - Evaluate on the client9 neighbor set
2025-11-18 01:58:55 - 8_0.0_1 - INFO - => result | total 2,700 | correct 2,175 | acc 80.56% | err 19.44% | macro_f1 81.23%
2025-11-18 01:58:55 - 8_0.0_1 - INFO - Global test local acc: 88.27
2025-11-18 01:58:55 - 8_0.0_1 - INFO - Global test neighbor acc: 83.42
2025-11-18 01:58:55 - 8_0.0_1 - INFO - ------------local test finish-------------
2025-11-18 01:58:55 - 8_0.0_1 - INFO - [Epoch 28/30] 测试耗时: 257.79s
2025-11-18 01:59:41 - 8_0.0_1 - INFO - [Epoch 29/30] 训练耗时: 46.61s | 平均训练准确率: 82.35
2025-11-18 01:59:41 - 8_0.0_1 - INFO - ------------local test start-------------
2025-11-18 01:59:41 - 8_0.0_1 - INFO - Evaluate on the client0 local set
2025-11-18 01:59:44 - 8_0.0_1 - INFO - => result | total 300 | correct 263 | acc 87.67% | err 12.33% | macro_f1 92.32%
2025-11-18 01:59:44 - 8_0.0_1 - INFO - Evaluate on the client0 neighbor set
2025-11-18 02:00:08 - 8_0.0_1 - INFO - => result | total 2,730 | correct 2,310 | acc 84.62% | err 15.38% | macro_f1 85.37%
2025-11-18 02:00:08 - 8_0.0_1 - INFO - Evaluate on the client1 local set
2025-11-18 02:00:10 - 8_0.0_1 - INFO - => result | total 300 | correct 255 | acc 85.00% | err 15.00% | macro_f1 90.93%
2025-11-18 02:00:10 - 8_0.0_1 - INFO - Evaluate on the client1 neighbor set
2025-11-18 02:00:33 - 8_0.0_1 - INFO - => result | total 2,730 | correct 2,318 | acc 84.91% | err 15.09% | macro_f1 85.53%
2025-11-18 02:00:33 - 8_0.0_1 - INFO - Evaluate on the client2 local set
2025-11-18 02:00:36 - 8_0.0_1 - INFO - => result | total 300 | correct 281 | acc 93.67% | err 6.33% | macro_f1 96.32%
2025-11-18 02:00:36 - 8_0.0_1 - INFO - Evaluate on the client2 neighbor set
2025-11-18 02:00:58 - 8_0.0_1 - INFO - => result | total 2,730 | correct 2,274 | acc 83.30% | err 16.70% | macro_f1 84.02%
2025-11-18 02:00:58 - 8_0.0_1 - INFO - Evaluate on the client3 local set
2025-11-18 02:01:01 - 8_0.0_1 - INFO - => result | total 300 | correct 260 | acc 86.67% | err 13.33% | macro_f1 91.86%
2025-11-18 02:01:01 - 8_0.0_1 - INFO - Evaluate on the client3 neighbor set
2025-11-18 02:01:23 - 8_0.0_1 - INFO - => result | total 2,730 | correct 2,264 | acc 82.93% | err 17.07% | macro_f1 83.40%
2025-11-18 02:01:23 - 8_0.0_1 - INFO - Evaluate on the client4 local set
2025-11-18 02:01:26 - 8_0.0_1 - INFO - => result | total 300 | correct 274 | acc 91.33% | err 8.67% | macro_f1 94.84%
2025-11-18 02:01:26 - 8_0.0_1 - INFO - Evaluate on the client4 neighbor set
2025-11-18 02:01:49 - 8_0.0_1 - INFO - => result | total 2,730 | correct 2,282 | acc 83.59% | err 16.41% | macro_f1 84.67%
2025-11-18 02:01:49 - 8_0.0_1 - INFO - Evaluate on the client5 local set
2025-11-18 02:01:52 - 8_0.0_1 - INFO - => result | total 300 | correct 258 | acc 86.00% | err 14.00% | macro_f1 91.41%
2025-11-18 02:01:52 - 8_0.0_1 - INFO - Evaluate on the client5 neighbor set
2025-11-18 02:02:14 - 8_0.0_1 - INFO - => result | total 2,730 | correct 2,321 | acc 85.02% | err 14.98% | macro_f1 85.76%
2025-11-18 02:02:14 - 8_0.0_1 - INFO - Evaluate on the client6 local set
2025-11-18 02:02:17 - 8_0.0_1 - INFO - => result | total 300 | correct 259 | acc 86.33% | err 13.67% | macro_f1 90.90%
2025-11-18 02:02:17 - 8_0.0_1 - INFO - Evaluate on the client6 neighbor set
2025-11-18 02:02:42 - 8_0.0_1 - INFO - => result | total 2,730 | correct 2,315 | acc 84.80% | err 15.20% | macro_f1 85.65%
2025-11-18 02:02:42 - 8_0.0_1 - INFO - Evaluate on the client7 local set
2025-11-18 02:02:44 - 8_0.0_1 - INFO - => result | total 300 | correct 262 | acc 87.33% | err 12.67% | macro_f1 92.14%
2025-11-18 02:02:44 - 8_0.0_1 - INFO - Evaluate on the client7 neighbor set
2025-11-18 02:03:07 - 8_0.0_1 - INFO - => result | total 2,730 | correct 2,287 | acc 83.77% | err 16.23% | macro_f1 84.38%
2025-11-18 02:03:07 - 8_0.0_1 - INFO - Evaluate on the client8 local set
2025-11-18 02:03:09 - 8_0.0_1 - INFO - => result | total 300 | correct 270 | acc 90.00% | err 10.00% | macro_f1 93.69%
2025-11-18 02:03:09 - 8_0.0_1 - INFO - Evaluate on the client8 neighbor set
2025-11-18 02:03:33 - 8_0.0_1 - INFO - => result | total 2,730 | correct 2,301 | acc 84.29% | err 15.71% | macro_f1 84.79%
2025-11-18 02:03:33 - 8_0.0_1 - INFO - Evaluate on the client9 local set
2025-11-18 02:03:36 - 8_0.0_1 - INFO - => result | total 330 | correct 289 | acc 87.58% | err 12.42% | macro_f1 92.11%
2025-11-18 02:03:36 - 8_0.0_1 - INFO - Evaluate on the client9 neighbor set
2025-11-18 02:03:59 - 8_0.0_1 - INFO - => result | total 2,700 | correct 2,261 | acc 83.74% | err 16.26% | macro_f1 84.12%
2025-11-18 02:03:59 - 8_0.0_1 - INFO - Global test local acc: 88.16
2025-11-18 02:03:59 - 8_0.0_1 - INFO - Global test neighbor acc: 84.10
2025-11-18 02:03:59 - 8_0.0_1 - INFO - ------------local test finish-------------
2025-11-18 02:03:59 - 8_0.0_1 - INFO - [Epoch 29/30] 测试耗时: 257.40s
2025-11-18 02:04:46 - 8_0.0_1 - INFO - [Epoch 30/30] 训练耗时: 47.02s | 平均训练准确率: 80.50
2025-11-18 02:04:46 - 8_0.0_1 - INFO - ------------local test start-------------
2025-11-18 02:04:46 - 8_0.0_1 - INFO - Evaluate on the client0 local set
2025-11-18 02:04:49 - 8_0.0_1 - INFO - => result | total 300 | correct 269 | acc 89.67% | err 10.33% | macro_f1 93.65%
2025-11-18 02:04:49 - 8_0.0_1 - INFO - Evaluate on the client0 neighbor set
2025-11-18 02:05:11 - 8_0.0_1 - INFO - => result | total 2,730 | correct 2,278 | acc 83.44% | err 16.56% | macro_f1 84.21%
2025-11-18 02:05:11 - 8_0.0_1 - INFO - Evaluate on the client1 local set
2025-11-18 02:05:14 - 8_0.0_1 - INFO - => result | total 300 | correct 255 | acc 85.00% | err 15.00% | macro_f1 90.87%
2025-11-18 02:05:14 - 8_0.0_1 - INFO - Evaluate on the client1 neighbor set
2025-11-18 02:05:37 - 8_0.0_1 - INFO - => result | total 2,730 | correct 2,313 | acc 84.73% | err 15.27% | macro_f1 85.47%
2025-11-18 02:05:37 - 8_0.0_1 - INFO - Evaluate on the client2 local set
2025-11-18 02:05:40 - 8_0.0_1 - INFO - => result | total 300 | correct 282 | acc 94.00% | err 6.00% | macro_f1 96.52%
2025-11-18 02:05:40 - 8_0.0_1 - INFO - Evaluate on the client2 neighbor set
2025-11-18 02:06:03 - 8_0.0_1 - INFO - => result | total 2,730 | correct 2,269 | acc 83.11% | err 16.89% | macro_f1 83.87%
2025-11-18 02:06:03 - 8_0.0_1 - INFO - Evaluate on the client3 local set
2025-11-18 02:06:06 - 8_0.0_1 - INFO - => result | total 300 | correct 256 | acc 85.33% | err 14.67% | macro_f1 91.00%
2025-11-18 02:06:06 - 8_0.0_1 - INFO - Evaluate on the client3 neighbor set
2025-11-18 02:06:30 - 8_0.0_1 - INFO - => result | total 2,730 | correct 2,242 | acc 82.12% | err 17.88% | macro_f1 82.45%
2025-11-18 02:06:30 - 8_0.0_1 - INFO - Evaluate on the client4 local set
2025-11-18 02:06:33 - 8_0.0_1 - INFO - => result | total 300 | correct 275 | acc 91.67% | err 8.33% | macro_f1 94.88%
2025-11-18 02:06:33 - 8_0.0_1 - INFO - Evaluate on the client4 neighbor set
2025-11-18 02:06:56 - 8_0.0_1 - INFO - => result | total 2,730 | correct 2,260 | acc 82.78% | err 17.22% | macro_f1 83.97%
2025-11-18 02:06:56 - 8_0.0_1 - INFO - Evaluate on the client5 local set
2025-11-18 02:06:58 - 8_0.0_1 - INFO - => result | total 300 | correct 258 | acc 86.00% | err 14.00% | macro_f1 91.21%
2025-11-18 02:06:58 - 8_0.0_1 - INFO - Evaluate on the client5 neighbor set
2025-11-18 02:07:22 - 8_0.0_1 - INFO - => result | total 2,730 | correct 2,309 | acc 84.58% | err 15.42% | macro_f1 85.34%
2025-11-18 02:07:22 - 8_0.0_1 - INFO - Evaluate on the client6 local set
2025-11-18 02:07:24 - 8_0.0_1 - INFO - => result | total 300 | correct 259 | acc 86.33% | err 13.67% | macro_f1 90.87%
2025-11-18 02:07:24 - 8_0.0_1 - INFO - Evaluate on the client6 neighbor set
2025-11-18 02:07:49 - 8_0.0_1 - INFO - => result | total 2,730 | correct 2,293 | acc 83.99% | err 16.01% | macro_f1 84.82%
2025-11-18 02:07:49 - 8_0.0_1 - INFO - Evaluate on the client7 local set
2025-11-18 02:07:51 - 8_0.0_1 - INFO - => result | total 300 | correct 263 | acc 87.67% | err 12.33% | macro_f1 91.79%
2025-11-18 02:07:51 - 8_0.0_1 - INFO - Evaluate on the client7 neighbor set
2025-11-18 02:08:14 - 8_0.0_1 - INFO - => result | total 2,730 | correct 2,247 | acc 82.31% | err 17.69% | macro_f1 83.14%
2025-11-18 02:08:14 - 8_0.0_1 - INFO - Evaluate on the client8 local set
2025-11-18 02:08:17 - 8_0.0_1 - INFO - => result | total 300 | correct 270 | acc 90.00% | err 10.00% | macro_f1 93.94%
2025-11-18 02:08:17 - 8_0.0_1 - INFO - Evaluate on the client8 neighbor set
2025-11-18 02:08:40 - 8_0.0_1 - INFO - => result | total 2,730 | correct 2,286 | acc 83.74% | err 16.26% | macro_f1 84.14%
2025-11-18 02:08:40 - 8_0.0_1 - INFO - Evaluate on the client9 local set
2025-11-18 02:08:43 - 8_0.0_1 - INFO - => result | total 330 | correct 290 | acc 87.88% | err 12.12% | macro_f1 92.24%
2025-11-18 02:08:43 - 8_0.0_1 - INFO - Evaluate on the client9 neighbor set
2025-11-18 02:09:06 - 8_0.0_1 - INFO - => result | total 2,700 | correct 2,246 | acc 83.19% | err 16.81% | macro_f1 83.60%
2025-11-18 02:09:06 - 8_0.0_1 - INFO - Global test local acc: 88.35
2025-11-18 02:09:06 - 8_0.0_1 - INFO - Global test neighbor acc: 83.40
2025-11-18 02:09:06 - 8_0.0_1 - INFO - ------------local test finish-------------
2025-11-18 02:09:06 - 8_0.0_1 - INFO - [Epoch 30/30] 测试耗时: 260.45s
2025-11-18 02:09:06 - 8_0.0_1 - INFO - maximum test local acc: 88.355
2025-11-18 02:09:06 - 8_0.0_1 - INFO - mean of local acc: 88.260
2025-11-18 02:09:06 - 8_0.0_1 - INFO - maximum test neighbor acc: 84.096
2025-11-18 02:09:06 - 8_0.0_1 - INFO - mean of neighbor acc: 83.639
