2025-11-22 00:56:27 | INFO | oxford_pets_sepfpl_time_adaptive_16_0.4_10_[40/60] | Loading trainer: DP_FPL
2025-11-22 00:56:27 | INFO | oxford_pets_sepfpl_time_adaptive_16_0.4_10_[40/60] | Loading dataset: OxfordPets
2025-11-22 00:56:27 | INFO | oxford_pets_sepfpl_time_adaptive_16_0.4_10_[40/60] | Reading split from %s
2025-11-22 00:56:27 | INFO | oxford_pets_sepfpl_time_adaptive_16_0.4_10_[40/60] | Creating a baseline federated dataset
2025-11-22 00:56:27 | INFO | oxford_pets_sepfpl_time_adaptive_16_0.4_10_[40/60] | class_num %d
2025-11-22 00:56:27 | INFO | oxford_pets_sepfpl_time_adaptive_16_0.4_10_[40/60] | user class dict total %s
2025-11-22 00:56:27 | INFO | oxford_pets_sepfpl_time_adaptive_16_0.4_10_[40/60] | idx: %s, output_dict_len: %d
2025-11-22 00:56:27 | INFO | oxford_pets_sepfpl_time_adaptive_16_0.4_10_[40/60] | user class dict total %s
2025-11-22 00:56:27 | INFO | oxford_pets_sepfpl_time_adaptive_16_0.4_10_[40/60] | idx: %s, output_dict_len: %d
2025-11-22 00:56:27 | INFO | oxford_pets_sepfpl_time_adaptive_16_0.4_10_[40/60] | user class dict total %s
2025-11-22 00:56:27 | INFO | oxford_pets_sepfpl_time_adaptive_16_0.4_10_[40/60] | idx: %s, output_dict_len: %d
2025-11-22 00:56:27 | INFO | oxford_pets_sepfpl_time_adaptive_16_0.4_10_[40/60] | user class dict total %s
2025-11-22 00:56:27 | INFO | oxford_pets_sepfpl_time_adaptive_16_0.4_10_[40/60] | idx: %s, output_dict_len: %d
2025-11-22 00:56:27 | INFO | oxford_pets_sepfpl_time_adaptive_16_0.4_10_[40/60] | user class dict total %s
2025-11-22 00:56:27 | INFO | oxford_pets_sepfpl_time_adaptive_16_0.4_10_[40/60] | idx: %s, output_dict_len: %d
2025-11-22 00:56:27 | INFO | oxford_pets_sepfpl_time_adaptive_16_0.4_10_[40/60] | user class dict total %s
2025-11-22 00:56:27 | INFO | oxford_pets_sepfpl_time_adaptive_16_0.4_10_[40/60] | idx: %s, output_dict_len: %d
2025-11-22 00:56:27 | INFO | oxford_pets_sepfpl_time_adaptive_16_0.4_10_[40/60] | user class dict total %s
2025-11-22 00:56:27 | INFO | oxford_pets_sepfpl_time_adaptive_16_0.4_10_[40/60] | idx: %s, output_dict_len: %d
2025-11-22 00:56:27 | INFO | oxford_pets_sepfpl_time_adaptive_16_0.4_10_[40/60] | user class dict total %s
2025-11-22 00:56:27 | INFO | oxford_pets_sepfpl_time_adaptive_16_0.4_10_[40/60] | idx: %s, output_dict_len: %d
2025-11-22 00:56:27 | INFO | oxford_pets_sepfpl_time_adaptive_16_0.4_10_[40/60] | user class dict total %s
2025-11-22 00:56:27 | INFO | oxford_pets_sepfpl_time_adaptive_16_0.4_10_[40/60] | idx: %s, output_dict_len: %d
2025-11-22 00:56:27 | INFO | oxford_pets_sepfpl_time_adaptive_16_0.4_10_[40/60] | user class dict total %s
2025-11-22 00:56:27 | INFO | oxford_pets_sepfpl_time_adaptive_16_0.4_10_[40/60] | idx: %s, output_dict_len: %d
2025-11-22 00:56:27 | INFO | oxford_pets_sepfpl_time_adaptive_16_0.4_10_[40/60] | Creating a baseline federated dataset
2025-11-22 00:56:27 | INFO | oxford_pets_sepfpl_time_adaptive_16_0.4_10_[40/60] | class_num %d
2025-11-22 00:56:27 | INFO | oxford_pets_sepfpl_time_adaptive_16_0.4_10_[40/60] | user class dict total %s
2025-11-22 00:56:27 | INFO | oxford_pets_sepfpl_time_adaptive_16_0.4_10_[40/60] | idx: %s, output_dict_len: %d
2025-11-22 00:56:27 | INFO | oxford_pets_sepfpl_time_adaptive_16_0.4_10_[40/60] | user class dict total %s
2025-11-22 00:56:27 | INFO | oxford_pets_sepfpl_time_adaptive_16_0.4_10_[40/60] | idx: %s, output_dict_len: %d
2025-11-22 00:56:27 | INFO | oxford_pets_sepfpl_time_adaptive_16_0.4_10_[40/60] | user class dict total %s
2025-11-22 00:56:27 | INFO | oxford_pets_sepfpl_time_adaptive_16_0.4_10_[40/60] | idx: %s, output_dict_len: %d
2025-11-22 00:56:27 | INFO | oxford_pets_sepfpl_time_adaptive_16_0.4_10_[40/60] | user class dict total %s
2025-11-22 00:56:27 | INFO | oxford_pets_sepfpl_time_adaptive_16_0.4_10_[40/60] | idx: %s, output_dict_len: %d
2025-11-22 00:56:27 | INFO | oxford_pets_sepfpl_time_adaptive_16_0.4_10_[40/60] | user class dict total %s
2025-11-22 00:56:27 | INFO | oxford_pets_sepfpl_time_adaptive_16_0.4_10_[40/60] | idx: %s, output_dict_len: %d
2025-11-22 00:56:27 | INFO | oxford_pets_sepfpl_time_adaptive_16_0.4_10_[40/60] | user class dict total %s
2025-11-22 00:56:27 | INFO | oxford_pets_sepfpl_time_adaptive_16_0.4_10_[40/60] | idx: %s, output_dict_len: %d
2025-11-22 00:56:27 | INFO | oxford_pets_sepfpl_time_adaptive_16_0.4_10_[40/60] | user class dict total %s
2025-11-22 00:56:27 | INFO | oxford_pets_sepfpl_time_adaptive_16_0.4_10_[40/60] | idx: %s, output_dict_len: %d
2025-11-22 00:56:27 | INFO | oxford_pets_sepfpl_time_adaptive_16_0.4_10_[40/60] | user class dict total %s
2025-11-22 00:56:27 | INFO | oxford_pets_sepfpl_time_adaptive_16_0.4_10_[40/60] | idx: %s, output_dict_len: %d
2025-11-22 00:56:27 | INFO | oxford_pets_sepfpl_time_adaptive_16_0.4_10_[40/60] | user class dict total %s
2025-11-22 00:56:27 | INFO | oxford_pets_sepfpl_time_adaptive_16_0.4_10_[40/60] | idx: %s, output_dict_len: %d
2025-11-22 00:56:27 | INFO | oxford_pets_sepfpl_time_adaptive_16_0.4_10_[40/60] | user class dict total %s
2025-11-22 00:56:27 | INFO | oxford_pets_sepfpl_time_adaptive_16_0.4_10_[40/60] | idx: %s, output_dict_len: %d
2025-11-22 00:56:27 | INFO | oxford_pets_sepfpl_time_adaptive_16_0.4_10_[40/60] | Loading CLIP (backbone: ViT-B/16)
2025-11-22 00:56:29 | INFO | oxford_pets_sepfpl_time_adaptive_16_0.4_10_[40/60] | Building custom CLIP
2025-11-22 00:56:29 | INFO | oxford_pets_sepfpl_time_adaptive_16_0.4_10_[40/60] | Turning off gradients in both the image and the text encoder
2025-11-22 00:56:29 | INFO | oxford_pets_sepfpl_time_adaptive_16_0.4_10_[40/60] | [wandb] 正在初始化实验：project=SepFPL, name=oxford_pets-sepfpl_time_adaptive-rank16-noise0.4-seed1-users10-40/60, mode=offline
2025-11-22 00:56:32 | INFO | oxford_pets_sepfpl_time_adaptive_16_0.4_10_[40/60] | [RDP-sepfpl] 轮次 1: ε=0.000743, std=11.463021
2025-11-22 00:56:46 | INFO | oxford_pets_sepfpl_time_adaptive_16_0.4_10_[40/60] | [Epoch 1/30] 训练耗时: 13.85s | 平均训练准确率: 50.62
2025-11-22 00:56:46 | INFO | oxford_pets_sepfpl_time_adaptive_16_0.4_10_[40/60] | [RDP-sepfpl] 轮次 2: ε=0.001539, std=7.966331
2025-11-22 00:56:58 | INFO | oxford_pets_sepfpl_time_adaptive_16_0.4_10_[40/60] | [Epoch 2/30] 训练耗时: 11.72s | 平均训练准确率: 50.47
2025-11-22 00:56:58 | INFO | oxford_pets_sepfpl_time_adaptive_16_0.4_10_[40/60] | [RDP-sepfpl] 轮次 3: ε=0.002355, std=6.438881
2025-11-22 00:57:10 | INFO | oxford_pets_sepfpl_time_adaptive_16_0.4_10_[40/60] | [Epoch 3/30] 训练耗时: 11.76s | 平均训练准确率: 52.97
2025-11-22 00:57:10 | INFO | oxford_pets_sepfpl_time_adaptive_16_0.4_10_[40/60] | [RDP-sepfpl] 轮次 4: ε=0.003186, std=5.536274
2025-11-22 00:57:21 | INFO | oxford_pets_sepfpl_time_adaptive_16_0.4_10_[40/60] | [Epoch 4/30] 训练耗时: 11.34s | 平均训练准确率: 52.19
2025-11-22 00:57:21 | INFO | oxford_pets_sepfpl_time_adaptive_16_0.4_10_[40/60] | [RDP-sepfpl] 轮次 5: ε=0.004027, std=4.924247
2025-11-22 00:57:34 | INFO | oxford_pets_sepfpl_time_adaptive_16_0.4_10_[40/60] | [Epoch 5/30] 训练耗时: 13.16s | 平均训练准确率: 51.72
2025-11-22 00:57:34 | INFO | oxford_pets_sepfpl_time_adaptive_16_0.4_10_[40/60] | [RDP-sepfpl] 轮次 6: ε=0.004877, std=4.474759
2025-11-22 00:57:46 | INFO | oxford_pets_sepfpl_time_adaptive_16_0.4_10_[40/60] | [Epoch 6/30] 训练耗时: 11.93s | 平均训练准确率: 50.94
2025-11-22 00:57:46 | INFO | oxford_pets_sepfpl_time_adaptive_16_0.4_10_[40/60] | [RDP-sepfpl] 轮次 7: ε=0.005734, std=4.126887
2025-11-22 00:57:58 | INFO | oxford_pets_sepfpl_time_adaptive_16_0.4_10_[40/60] | [Epoch 7/30] 训练耗时: 12.05s | 平均训练准确率: 51.09
2025-11-22 00:57:58 | INFO | oxford_pets_sepfpl_time_adaptive_16_0.4_10_[40/60] | [RDP-sepfpl] 轮次 8: ε=0.006597, std=3.847484
2025-11-22 00:58:13 | INFO | oxford_pets_sepfpl_time_adaptive_16_0.4_10_[40/60] | [Epoch 8/30] 训练耗时: 14.88s | 平均训练准确率: 52.81
2025-11-22 00:58:13 | INFO | oxford_pets_sepfpl_time_adaptive_16_0.4_10_[40/60] | [RDP-sepfpl] 轮次 9: ε=0.007465, std=3.616777
2025-11-22 00:58:24 | INFO | oxford_pets_sepfpl_time_adaptive_16_0.4_10_[40/60] | [Epoch 9/30] 训练耗时: 10.63s | 平均训练准确率: 52.19
2025-11-22 00:58:24 | INFO | oxford_pets_sepfpl_time_adaptive_16_0.4_10_[40/60] | [RDP-sepfpl] 轮次 10: ε=0.008339, std=3.422150
2025-11-22 00:58:36 | INFO | oxford_pets_sepfpl_time_adaptive_16_0.4_10_[40/60] | [Epoch 10/30] 训练耗时: 11.92s | 平均训练准确率: 53.44
2025-11-22 00:58:36 | INFO | oxford_pets_sepfpl_time_adaptive_16_0.4_10_[40/60] | [RDP-sepfpl] 轮次 11: ε=0.009216, std=3.255127
2025-11-22 00:58:48 | INFO | oxford_pets_sepfpl_time_adaptive_16_0.4_10_[40/60] | [Epoch 11/30] 训练耗时: 12.56s | 平均训练准确率: 52.34
2025-11-22 00:58:48 | INFO | oxford_pets_sepfpl_time_adaptive_16_0.4_10_[40/60] | [RDP-sepfpl] 轮次 12: ε=0.010098, std=3.109775
2025-11-22 00:59:00 | INFO | oxford_pets_sepfpl_time_adaptive_16_0.4_10_[40/60] | [Epoch 12/30] 训练耗时: 11.39s | 平均训练准确率: 54.06
2025-11-22 00:59:00 | INFO | oxford_pets_sepfpl_time_adaptive_16_0.4_10_[40/60] | [RDP-sepfpl] 轮次 13: ε=0.010984, std=2.981802
2025-11-22 00:59:12 | INFO | oxford_pets_sepfpl_time_adaptive_16_0.4_10_[40/60] | [Epoch 13/30] 训练耗时: 11.91s | 平均训练准确率: 50.47
2025-11-22 00:59:12 | INFO | oxford_pets_sepfpl_time_adaptive_16_0.4_10_[40/60] | [RDP-sepfpl] 轮次 14: ε=0.011872, std=2.868018
2025-11-22 00:59:20 | INFO | oxford_pets_sepfpl_time_adaptive_16_0.4_10_[40/60] | [Epoch 14/30] 训练耗时: 8.50s | 平均训练准确率: 52.97
2025-11-22 00:59:20 | INFO | oxford_pets_sepfpl_time_adaptive_16_0.4_10_[40/60] | [RDP-sepfpl] 轮次 15: ε=0.012764, std=2.765994
2025-11-22 00:59:27 | INFO | oxford_pets_sepfpl_time_adaptive_16_0.4_10_[40/60] | [Epoch 15/30] 训练耗时: 6.94s | 平均训练准确率: 50.94
2025-11-22 00:59:27 | INFO | oxford_pets_sepfpl_time_adaptive_16_0.4_10_[40/60] | [RDP-sepfpl] 轮次 16: ε=0.013659, std=2.673844
2025-11-22 00:59:34 | INFO | oxford_pets_sepfpl_time_adaptive_16_0.4_10_[40/60] | [Epoch 16/30] 训练耗时: 7.07s | 平均训练准确率: 52.34
2025-11-22 00:59:34 | INFO | oxford_pets_sepfpl_time_adaptive_16_0.4_10_[40/60] | [RDP-sepfpl] 轮次 17: ε=0.014557, std=2.590081
2025-11-22 00:59:41 | INFO | oxford_pets_sepfpl_time_adaptive_16_0.4_10_[40/60] | [Epoch 17/30] 训练耗时: 7.37s | 平均训练准确率: 51.72
2025-11-22 00:59:41 | INFO | oxford_pets_sepfpl_time_adaptive_16_0.4_10_[40/60] | [RDP-sepfpl] 轮次 18: ε=0.015457, std=2.513512
2025-11-22 00:59:49 | INFO | oxford_pets_sepfpl_time_adaptive_16_0.4_10_[40/60] | [Epoch 18/30] 训练耗时: 7.73s | 平均训练准确率: 52.19
2025-11-22 00:59:49 | INFO | oxford_pets_sepfpl_time_adaptive_16_0.4_10_[40/60] | [RDP-sepfpl] 轮次 19: ε=0.016360, std=2.443169
2025-11-22 00:59:56 | INFO | oxford_pets_sepfpl_time_adaptive_16_0.4_10_[40/60] | [Epoch 19/30] 训练耗时: 7.14s | 平均训练准确率: 52.50
2025-11-22 00:59:56 | INFO | oxford_pets_sepfpl_time_adaptive_16_0.4_10_[40/60] | [RDP-sepfpl] 轮次 20: ε=0.017266, std=2.378255
2025-11-22 01:00:04 | INFO | oxford_pets_sepfpl_time_adaptive_16_0.4_10_[40/60] | [Epoch 20/30] 训练耗时: 7.40s | 平均训练准确率: 52.97
2025-11-22 01:00:04 | INFO | oxford_pets_sepfpl_time_adaptive_16_0.4_10_[40/60] | [RDP-sepfpl] 轮次 21: ε=0.018173, std=2.318110
2025-11-22 01:00:12 | INFO | oxford_pets_sepfpl_time_adaptive_16_0.4_10_[40/60] | [Epoch 21/30] 训练耗时: 7.89s | 平均训练准确率: 50.47
2025-11-22 01:00:12 | INFO | oxford_pets_sepfpl_time_adaptive_16_0.4_10_[40/60] | [RDP-sepfpl] 轮次 22: ε=0.019083, std=2.262180
2025-11-22 01:00:19 | INFO | oxford_pets_sepfpl_time_adaptive_16_0.4_10_[40/60] | [Epoch 22/30] 训练耗时: 7.28s | 平均训练准确率: 49.53
2025-11-22 01:00:19 | INFO | oxford_pets_sepfpl_time_adaptive_16_0.4_10_[40/60] | [RDP-sepfpl] 轮次 23: ε=0.019995, std=2.209998
2025-11-22 01:00:26 | INFO | oxford_pets_sepfpl_time_adaptive_16_0.4_10_[40/60] | [Epoch 23/30] 训练耗时: 7.37s | 平均训练准确率: 51.25
2025-11-22 01:00:26 | INFO | oxford_pets_sepfpl_time_adaptive_16_0.4_10_[40/60] | [RDP-sepfpl] 轮次 24: ε=0.020909, std=2.161166
2025-11-22 01:00:34 | INFO | oxford_pets_sepfpl_time_adaptive_16_0.4_10_[40/60] | [Epoch 24/30] 训练耗时: 7.30s | 平均训练准确率: 50.00
2025-11-22 01:00:34 | INFO | oxford_pets_sepfpl_time_adaptive_16_0.4_10_[40/60] | [RDP-sepfpl] 轮次 25: ε=0.021824, std=2.115342
2025-11-22 01:00:41 | INFO | oxford_pets_sepfpl_time_adaptive_16_0.4_10_[40/60] | [Epoch 25/30] 训练耗时: 7.15s | 平均训练准确率: 51.56
2025-11-22 01:00:41 | INFO | oxford_pets_sepfpl_time_adaptive_16_0.4_10_[40/60] | [RDP-sepfpl] 轮次 26: ε=0.022742, std=2.072231
2025-11-22 01:00:48 | INFO | oxford_pets_sepfpl_time_adaptive_16_0.4_10_[40/60] | [Epoch 26/30] 训练耗时: 7.37s | 平均训练准确率: 52.66
2025-11-22 01:00:48 | INFO | oxford_pets_sepfpl_time_adaptive_16_0.4_10_[40/60] | [RDP-sepfpl] 轮次 27: ε=0.023661, std=2.031576
2025-11-22 01:00:56 | INFO | oxford_pets_sepfpl_time_adaptive_16_0.4_10_[40/60] | [Epoch 27/30] 训练耗时: 7.56s | 平均训练准确率: 52.34
2025-11-22 01:00:56 | INFO | oxford_pets_sepfpl_time_adaptive_16_0.4_10_[40/60] | [RDP-sepfpl] 轮次 28: ε=0.024582, std=1.993155
2025-11-22 01:01:03 | INFO | oxford_pets_sepfpl_time_adaptive_16_0.4_10_[40/60] | [Epoch 28/30] 训练耗时: 7.25s | 平均训练准确率: 52.66
2025-11-22 01:01:03 | INFO | oxford_pets_sepfpl_time_adaptive_16_0.4_10_[40/60] | 
2025-11-22 01:01:03 | INFO | oxford_pets_sepfpl_time_adaptive_16_0.4_10_[40/60] | ================================================================================
2025-11-22 01:01:03 | INFO | oxford_pets_sepfpl_time_adaptive_16_0.4_10_[40/60] |                     TEST START - Epoch 28/30
2025-11-22 01:01:03 | INFO | oxford_pets_sepfpl_time_adaptive_16_0.4_10_[40/60] | ================================================================================
2025-11-22 01:01:03 | INFO | oxford_pets_sepfpl_time_adaptive_16_0.4_10_[40/60] | 
2025-11-22 01:10:12 | INFO | oxford_pets_sepfpl_time_adaptive_16_0.4_10_[40/60] | 
================= Local Test Results ==================
+----------+----------+------------+----------+
| Client   | Accuracy | Error Rate | Macro F1 |
+----------+----------+------------+----------+
| Client 0 |    68.42 |      31.58 |    71.08 |
| Client 1 |    69.17 |      30.83 |    71.64 |
| Client 2 |    80.46 |      19.54 |    87.37 |
| Client 3 |    88.92 |      11.08 |    92.59 |
| Client 4 |    71.76 |      28.24 |    71.65 |
| Client 5 |    72.68 |      27.32 |    73.83 |
| Client 6 |    57.75 |      42.25 |    65.55 |
| Client 7 |    94.00 |       6.00 |    96.72 |
| Client 8 |    94.75 |       5.25 |    97.30 |
| Client 9 |    99.00 |       1.00 |    99.50 |
| Average  |    79.69 |      20.31 |    82.72 |
+----------+----------+------------+----------+

2025-11-22 01:10:12 | INFO | oxford_pets_sepfpl_time_adaptive_16_0.4_10_[40/60] | 
================= Neighbor Test Results ==================
+----------+----------+------------+----------+
| Client   | Accuracy | Error Rate | Macro F1 |
+----------+----------+------------+----------+
| Client 0 |    79.24 |      20.76 |    75.39 |
| Client 1 |    79.20 |      20.80 |    76.55 |
| Client 2 |    78.05 |      21.95 |    73.59 |
| Client 3 |    76.89 |      23.11 |    74.85 |
| Client 4 |    78.98 |      21.02 |    74.87 |
| Client 5 |    78.59 |      21.41 |    74.76 |
| Client 6 |    80.36 |      19.64 |    76.80 |
| Client 7 |    75.56 |      24.44 |    71.56 |
| Client 8 |    75.31 |      24.69 |    70.51 |
| Client 9 |    76.60 |      23.40 |    71.63 |
| Average  |    77.88 |      22.12 |    74.05 |
+----------+----------+------------+----------+

2025-11-22 01:10:12 | INFO | oxford_pets_sepfpl_time_adaptive_16_0.4_10_[40/60] | 
2025-11-22 01:10:12 | INFO | oxford_pets_sepfpl_time_adaptive_16_0.4_10_[40/60] | ================================================================================
2025-11-22 01:10:12 | INFO | oxford_pets_sepfpl_time_adaptive_16_0.4_10_[40/60] |                     TEST FINISH - Epoch 28/30
2025-11-22 01:10:12 | INFO | oxford_pets_sepfpl_time_adaptive_16_0.4_10_[40/60] |                     测试耗时: 549.18s
2025-11-22 01:10:12 | INFO | oxford_pets_sepfpl_time_adaptive_16_0.4_10_[40/60] | ================================================================================
2025-11-22 01:10:12 | INFO | oxford_pets_sepfpl_time_adaptive_16_0.4_10_[40/60] | 
2025-11-22 01:10:12 | INFO | oxford_pets_sepfpl_time_adaptive_16_0.4_10_[40/60] | [RDP-sepfpl] 轮次 29: ε=0.025505, std=1.956772
2025-11-22 01:10:20 | INFO | oxford_pets_sepfpl_time_adaptive_16_0.4_10_[40/60] | [Epoch 29/30] 训练耗时: 7.62s | 平均训练准确率: 72.19
2025-11-22 01:10:20 | INFO | oxford_pets_sepfpl_time_adaptive_16_0.4_10_[40/60] | 
2025-11-22 01:10:20 | INFO | oxford_pets_sepfpl_time_adaptive_16_0.4_10_[40/60] | ================================================================================
2025-11-22 01:10:20 | INFO | oxford_pets_sepfpl_time_adaptive_16_0.4_10_[40/60] |                     TEST START - Epoch 29/30
2025-11-22 01:10:20 | INFO | oxford_pets_sepfpl_time_adaptive_16_0.4_10_[40/60] | ================================================================================
2025-11-22 01:10:20 | INFO | oxford_pets_sepfpl_time_adaptive_16_0.4_10_[40/60] | 
2025-11-22 01:19:12 | INFO | oxford_pets_sepfpl_time_adaptive_16_0.4_10_[40/60] | 
================= Local Test Results ==================
+----------+----------+------------+----------+
| Client   | Accuracy | Error Rate | Macro F1 |
+----------+----------+------------+----------+
| Client 0 |    71.68 |      28.32 |    73.20 |
| Client 1 |    65.91 |      34.09 |    69.57 |
| Client 2 |    86.38 |      13.62 |    92.08 |
| Client 3 |    87.41 |      12.59 |    91.76 |
| Client 4 |    72.28 |      27.72 |    71.81 |
| Client 5 |    76.19 |      23.81 |    79.97 |
| Client 6 |    47.50 |      52.50 |    49.06 |
| Client 7 |    77.00 |      23.00 |    79.00 |
| Client 8 |    96.50 |       3.50 |    98.22 |
| Client 9 |   100.00 |       0.00 |   100.00 |
| Average  |    78.08 |      21.92 |    80.47 |
+----------+----------+------------+----------+

2025-11-22 01:19:12 | INFO | oxford_pets_sepfpl_time_adaptive_16_0.4_10_[40/60] | 
================= Neighbor Test Results ==================
+----------+----------+------------+----------+
| Client   | Accuracy | Error Rate | Macro F1 |
+----------+----------+------------+----------+
| Client 0 |    78.29 |      21.71 |    73.80 |
| Client 1 |    79.24 |      20.76 |    75.82 |
| Client 2 |    76.59 |      23.41 |    71.74 |
| Client 3 |    76.28 |      23.72 |    73.66 |
| Client 4 |    77.31 |      22.69 |    72.65 |
| Client 5 |    75.96 |      24.04 |    71.19 |
| Client 6 |    78.22 |      21.78 |    74.57 |
| Client 7 |    73.69 |      26.31 |    68.50 |
| Client 8 |    70.66 |      29.34 |    64.42 |
| Client 9 |    72.26 |      27.74 |    65.61 |
| Average  |    75.85 |      24.15 |    71.20 |
+----------+----------+------------+----------+

2025-11-22 01:19:12 | INFO | oxford_pets_sepfpl_time_adaptive_16_0.4_10_[40/60] | 
2025-11-22 01:19:12 | INFO | oxford_pets_sepfpl_time_adaptive_16_0.4_10_[40/60] | ================================================================================
2025-11-22 01:19:12 | INFO | oxford_pets_sepfpl_time_adaptive_16_0.4_10_[40/60] |                     TEST FINISH - Epoch 29/30
2025-11-22 01:19:12 | INFO | oxford_pets_sepfpl_time_adaptive_16_0.4_10_[40/60] |                     测试耗时: 532.27s
2025-11-22 01:19:12 | INFO | oxford_pets_sepfpl_time_adaptive_16_0.4_10_[40/60] | ================================================================================
2025-11-22 01:19:12 | INFO | oxford_pets_sepfpl_time_adaptive_16_0.4_10_[40/60] | 
2025-11-22 01:19:12 | INFO | oxford_pets_sepfpl_time_adaptive_16_0.4_10_[40/60] | [RDP-sepfpl] 轮次 30: ε=0.026429, std=1.922252
2025-11-22 01:19:19 | INFO | oxford_pets_sepfpl_time_adaptive_16_0.4_10_[40/60] | [Epoch 30/30] 训练耗时: 7.24s | 平均训练准确率: 74.06
2025-11-22 01:19:19 | INFO | oxford_pets_sepfpl_time_adaptive_16_0.4_10_[40/60] | 
2025-11-22 01:19:19 | INFO | oxford_pets_sepfpl_time_adaptive_16_0.4_10_[40/60] | ================================================================================
2025-11-22 01:19:19 | INFO | oxford_pets_sepfpl_time_adaptive_16_0.4_10_[40/60] |                     TEST START - Epoch 30/30
2025-11-22 01:19:19 | INFO | oxford_pets_sepfpl_time_adaptive_16_0.4_10_[40/60] | ================================================================================
2025-11-22 01:19:19 | INFO | oxford_pets_sepfpl_time_adaptive_16_0.4_10_[40/60] | 
2025-11-22 01:28:16 | INFO | oxford_pets_sepfpl_time_adaptive_16_0.4_10_[40/60] | 
================= Local Test Results ==================
+----------+----------+------------+----------+
| Client   | Accuracy | Error Rate | Macro F1 |
+----------+----------+------------+----------+
| Client 0 |    70.18 |      29.82 |    72.50 |
| Client 1 |    48.37 |      51.63 |    48.98 |
| Client 2 |    85.60 |      14.40 |    90.98 |
| Client 3 |    83.88 |      16.12 |    88.97 |
| Client 4 |    72.28 |      27.72 |    70.58 |
| Client 5 |    51.13 |      48.87 |    52.70 |
| Client 6 |    47.50 |      52.50 |    47.08 |
| Client 7 |    63.25 |      36.75 |    67.32 |
| Client 8 |    95.50 |       4.50 |    97.69 |
| Client 9 |    99.00 |       1.00 |    99.50 |
| Average  |    71.67 |      28.33 |    73.63 |
+----------+----------+------------+----------+

2025-11-22 01:28:16 | INFO | oxford_pets_sepfpl_time_adaptive_16_0.4_10_[40/60] | 
================= Neighbor Test Results ==================
+----------+----------+------------+----------+
| Client   | Accuracy | Error Rate | Macro F1 |
+----------+----------+------------+----------+
| Client 0 |    71.80 |      28.20 |    65.26 |
| Client 1 |    72.11 |      27.89 |    67.16 |
| Client 2 |    67.38 |      32.62 |    60.25 |
| Client 3 |    67.94 |      32.06 |    63.71 |
| Client 4 |    69.51 |      30.49 |    62.60 |
| Client 5 |    71.68 |      28.32 |    65.03 |
| Client 6 |    71.67 |      28.33 |    66.42 |
| Client 7 |    69.32 |      30.68 |    62.38 |
| Client 8 |    65.34 |      34.66 |    57.76 |
| Client 9 |    67.58 |      32.42 |    59.92 |
| Average  |    69.43 |      30.57 |    63.05 |
+----------+----------+------------+----------+

2025-11-22 01:28:16 | INFO | oxford_pets_sepfpl_time_adaptive_16_0.4_10_[40/60] | 
2025-11-22 01:28:16 | INFO | oxford_pets_sepfpl_time_adaptive_16_0.4_10_[40/60] | ================================================================================
2025-11-22 01:28:16 | INFO | oxford_pets_sepfpl_time_adaptive_16_0.4_10_[40/60] |                     TEST FINISH - Epoch 30/30
2025-11-22 01:28:16 | INFO | oxford_pets_sepfpl_time_adaptive_16_0.4_10_[40/60] |                     测试耗时: 536.96s
2025-11-22 01:28:16 | INFO | oxford_pets_sepfpl_time_adaptive_16_0.4_10_[40/60] | ================================================================================
2025-11-22 01:28:16 | INFO | oxford_pets_sepfpl_time_adaptive_16_0.4_10_[40/60] | 
2025-11-22 01:28:16 | INFO | oxford_pets_sepfpl_time_adaptive_16_0.4_10_[40/60] | maximum test local acc: 79.692
2025-11-22 01:28:16 | INFO | oxford_pets_sepfpl_time_adaptive_16_0.4_10_[40/60] | mean of local acc: 76.482
2025-11-22 01:28:16 | INFO | oxford_pets_sepfpl_time_adaptive_16_0.4_10_[40/60] | maximum test neighbor acc: 77.880
2025-11-22 01:28:16 | INFO | oxford_pets_sepfpl_time_adaptive_16_0.4_10_[40/60] | mean of neighbor acc: 74.388
