2025-11-22 05:27:16 | INFO | oxford_pets_sepfpl_time_adaptive_16_0.1_10_[50/60] | Loading trainer: DP_FPL
2025-11-22 05:27:16 | INFO | oxford_pets_sepfpl_time_adaptive_16_0.1_10_[50/60] | Loading dataset: OxfordPets
2025-11-22 05:27:16 | INFO | oxford_pets_sepfpl_time_adaptive_16_0.1_10_[50/60] | Reading split from %s
2025-11-22 05:27:16 | INFO | oxford_pets_sepfpl_time_adaptive_16_0.1_10_[50/60] | Creating a baseline federated dataset
2025-11-22 05:27:16 | INFO | oxford_pets_sepfpl_time_adaptive_16_0.1_10_[50/60] | class_num %d
2025-11-22 05:27:16 | INFO | oxford_pets_sepfpl_time_adaptive_16_0.1_10_[50/60] | user class dict total %s
2025-11-22 05:27:16 | INFO | oxford_pets_sepfpl_time_adaptive_16_0.1_10_[50/60] | idx: %s, output_dict_len: %d
2025-11-22 05:27:16 | INFO | oxford_pets_sepfpl_time_adaptive_16_0.1_10_[50/60] | user class dict total %s
2025-11-22 05:27:16 | INFO | oxford_pets_sepfpl_time_adaptive_16_0.1_10_[50/60] | idx: %s, output_dict_len: %d
2025-11-22 05:27:16 | INFO | oxford_pets_sepfpl_time_adaptive_16_0.1_10_[50/60] | user class dict total %s
2025-11-22 05:27:16 | INFO | oxford_pets_sepfpl_time_adaptive_16_0.1_10_[50/60] | idx: %s, output_dict_len: %d
2025-11-22 05:27:16 | INFO | oxford_pets_sepfpl_time_adaptive_16_0.1_10_[50/60] | user class dict total %s
2025-11-22 05:27:16 | INFO | oxford_pets_sepfpl_time_adaptive_16_0.1_10_[50/60] | idx: %s, output_dict_len: %d
2025-11-22 05:27:16 | INFO | oxford_pets_sepfpl_time_adaptive_16_0.1_10_[50/60] | user class dict total %s
2025-11-22 05:27:16 | INFO | oxford_pets_sepfpl_time_adaptive_16_0.1_10_[50/60] | idx: %s, output_dict_len: %d
2025-11-22 05:27:16 | INFO | oxford_pets_sepfpl_time_adaptive_16_0.1_10_[50/60] | user class dict total %s
2025-11-22 05:27:16 | INFO | oxford_pets_sepfpl_time_adaptive_16_0.1_10_[50/60] | idx: %s, output_dict_len: %d
2025-11-22 05:27:16 | INFO | oxford_pets_sepfpl_time_adaptive_16_0.1_10_[50/60] | user class dict total %s
2025-11-22 05:27:16 | INFO | oxford_pets_sepfpl_time_adaptive_16_0.1_10_[50/60] | idx: %s, output_dict_len: %d
2025-11-22 05:27:16 | INFO | oxford_pets_sepfpl_time_adaptive_16_0.1_10_[50/60] | user class dict total %s
2025-11-22 05:27:16 | INFO | oxford_pets_sepfpl_time_adaptive_16_0.1_10_[50/60] | idx: %s, output_dict_len: %d
2025-11-22 05:27:16 | INFO | oxford_pets_sepfpl_time_adaptive_16_0.1_10_[50/60] | user class dict total %s
2025-11-22 05:27:16 | INFO | oxford_pets_sepfpl_time_adaptive_16_0.1_10_[50/60] | idx: %s, output_dict_len: %d
2025-11-22 05:27:16 | INFO | oxford_pets_sepfpl_time_adaptive_16_0.1_10_[50/60] | user class dict total %s
2025-11-22 05:27:16 | INFO | oxford_pets_sepfpl_time_adaptive_16_0.1_10_[50/60] | idx: %s, output_dict_len: %d
2025-11-22 05:27:16 | INFO | oxford_pets_sepfpl_time_adaptive_16_0.1_10_[50/60] | Creating a baseline federated dataset
2025-11-22 05:27:16 | INFO | oxford_pets_sepfpl_time_adaptive_16_0.1_10_[50/60] | class_num %d
2025-11-22 05:27:16 | INFO | oxford_pets_sepfpl_time_adaptive_16_0.1_10_[50/60] | user class dict total %s
2025-11-22 05:27:16 | INFO | oxford_pets_sepfpl_time_adaptive_16_0.1_10_[50/60] | idx: %s, output_dict_len: %d
2025-11-22 05:27:16 | INFO | oxford_pets_sepfpl_time_adaptive_16_0.1_10_[50/60] | user class dict total %s
2025-11-22 05:27:16 | INFO | oxford_pets_sepfpl_time_adaptive_16_0.1_10_[50/60] | idx: %s, output_dict_len: %d
2025-11-22 05:27:16 | INFO | oxford_pets_sepfpl_time_adaptive_16_0.1_10_[50/60] | user class dict total %s
2025-11-22 05:27:16 | INFO | oxford_pets_sepfpl_time_adaptive_16_0.1_10_[50/60] | idx: %s, output_dict_len: %d
2025-11-22 05:27:16 | INFO | oxford_pets_sepfpl_time_adaptive_16_0.1_10_[50/60] | user class dict total %s
2025-11-22 05:27:16 | INFO | oxford_pets_sepfpl_time_adaptive_16_0.1_10_[50/60] | idx: %s, output_dict_len: %d
2025-11-22 05:27:16 | INFO | oxford_pets_sepfpl_time_adaptive_16_0.1_10_[50/60] | user class dict total %s
2025-11-22 05:27:16 | INFO | oxford_pets_sepfpl_time_adaptive_16_0.1_10_[50/60] | idx: %s, output_dict_len: %d
2025-11-22 05:27:16 | INFO | oxford_pets_sepfpl_time_adaptive_16_0.1_10_[50/60] | user class dict total %s
2025-11-22 05:27:16 | INFO | oxford_pets_sepfpl_time_adaptive_16_0.1_10_[50/60] | idx: %s, output_dict_len: %d
2025-11-22 05:27:16 | INFO | oxford_pets_sepfpl_time_adaptive_16_0.1_10_[50/60] | user class dict total %s
2025-11-22 05:27:16 | INFO | oxford_pets_sepfpl_time_adaptive_16_0.1_10_[50/60] | idx: %s, output_dict_len: %d
2025-11-22 05:27:16 | INFO | oxford_pets_sepfpl_time_adaptive_16_0.1_10_[50/60] | user class dict total %s
2025-11-22 05:27:16 | INFO | oxford_pets_sepfpl_time_adaptive_16_0.1_10_[50/60] | idx: %s, output_dict_len: %d
2025-11-22 05:27:16 | INFO | oxford_pets_sepfpl_time_adaptive_16_0.1_10_[50/60] | user class dict total %s
2025-11-22 05:27:16 | INFO | oxford_pets_sepfpl_time_adaptive_16_0.1_10_[50/60] | idx: %s, output_dict_len: %d
2025-11-22 05:27:16 | INFO | oxford_pets_sepfpl_time_adaptive_16_0.1_10_[50/60] | user class dict total %s
2025-11-22 05:27:16 | INFO | oxford_pets_sepfpl_time_adaptive_16_0.1_10_[50/60] | idx: %s, output_dict_len: %d
2025-11-22 05:27:16 | INFO | oxford_pets_sepfpl_time_adaptive_16_0.1_10_[50/60] | Loading CLIP (backbone: ViT-B/16)
2025-11-22 05:27:19 | INFO | oxford_pets_sepfpl_time_adaptive_16_0.1_10_[50/60] | Building custom CLIP
2025-11-22 05:27:19 | INFO | oxford_pets_sepfpl_time_adaptive_16_0.1_10_[50/60] | Turning off gradients in both the image and the text encoder
2025-11-22 05:27:19 | INFO | oxford_pets_sepfpl_time_adaptive_16_0.1_10_[50/60] | [wandb] 正在初始化实验：project=SepFPL, name=oxford_pets-sepfpl_time_adaptive-rank16-noise0.1-seed1-users10-50/60, mode=offline
2025-11-22 05:27:22 | INFO | oxford_pets_sepfpl_time_adaptive_16_0.1_10_[50/60] | [RDP-sepfpl] 轮次 1: ε=0.000186, std=22.926042
2025-11-22 05:27:43 | INFO | oxford_pets_sepfpl_time_adaptive_16_0.1_10_[50/60] | [Epoch 1/30] 训练耗时: 20.53s | 平均训练准确率: 50.62
2025-11-22 05:27:43 | INFO | oxford_pets_sepfpl_time_adaptive_16_0.1_10_[50/60] | [RDP-sepfpl] 轮次 2: ε=0.000385, std=15.932662
2025-11-22 05:28:01 | INFO | oxford_pets_sepfpl_time_adaptive_16_0.1_10_[50/60] | [Epoch 2/30] 训练耗时: 18.34s | 平均训练准确率: 50.47
2025-11-22 05:28:01 | INFO | oxford_pets_sepfpl_time_adaptive_16_0.1_10_[50/60] | [RDP-sepfpl] 轮次 3: ε=0.000589, std=12.877763
2025-11-22 05:28:21 | INFO | oxford_pets_sepfpl_time_adaptive_16_0.1_10_[50/60] | [Epoch 3/30] 训练耗时: 20.08s | 平均训练准确率: 52.97
2025-11-22 05:28:21 | INFO | oxford_pets_sepfpl_time_adaptive_16_0.1_10_[50/60] | [RDP-sepfpl] 轮次 4: ε=0.000797, std=11.072548
2025-11-22 05:28:41 | INFO | oxford_pets_sepfpl_time_adaptive_16_0.1_10_[50/60] | [Epoch 4/30] 训练耗时: 19.97s | 平均训练准确率: 52.19
2025-11-22 05:28:41 | INFO | oxford_pets_sepfpl_time_adaptive_16_0.1_10_[50/60] | [RDP-sepfpl] 轮次 5: ε=0.001007, std=9.848494
2025-11-22 05:29:01 | INFO | oxford_pets_sepfpl_time_adaptive_16_0.1_10_[50/60] | [Epoch 5/30] 训练耗时: 19.85s | 平均训练准确率: 51.72
2025-11-22 05:29:01 | INFO | oxford_pets_sepfpl_time_adaptive_16_0.1_10_[50/60] | [RDP-sepfpl] 轮次 6: ε=0.001219, std=8.949519
2025-11-22 05:29:21 | INFO | oxford_pets_sepfpl_time_adaptive_16_0.1_10_[50/60] | [Epoch 6/30] 训练耗时: 20.29s | 平均训练准确率: 50.94
2025-11-22 05:29:21 | INFO | oxford_pets_sepfpl_time_adaptive_16_0.1_10_[50/60] | [RDP-sepfpl] 轮次 7: ε=0.001433, std=8.253775
2025-11-22 05:29:41 | INFO | oxford_pets_sepfpl_time_adaptive_16_0.1_10_[50/60] | [Epoch 7/30] 训练耗时: 20.09s | 平均训练准确率: 51.09
2025-11-22 05:29:41 | INFO | oxford_pets_sepfpl_time_adaptive_16_0.1_10_[50/60] | [RDP-sepfpl] 轮次 8: ε=0.001649, std=7.694968
2025-11-22 05:29:58 | INFO | oxford_pets_sepfpl_time_adaptive_16_0.1_10_[50/60] | [Epoch 8/30] 训练耗时: 16.68s | 平均训练准确率: 52.81
2025-11-22 05:29:58 | INFO | oxford_pets_sepfpl_time_adaptive_16_0.1_10_[50/60] | [RDP-sepfpl] 轮次 9: ε=0.001866, std=7.233555
2025-11-22 05:30:22 | INFO | oxford_pets_sepfpl_time_adaptive_16_0.1_10_[50/60] | [Epoch 9/30] 训练耗时: 24.33s | 平均训练准确率: 52.19
2025-11-22 05:30:22 | INFO | oxford_pets_sepfpl_time_adaptive_16_0.1_10_[50/60] | [RDP-sepfpl] 轮次 10: ε=0.002085, std=6.844301
2025-11-22 05:30:42 | INFO | oxford_pets_sepfpl_time_adaptive_16_0.1_10_[50/60] | [Epoch 10/30] 训练耗时: 19.87s | 平均训练准确率: 53.44
2025-11-22 05:30:42 | INFO | oxford_pets_sepfpl_time_adaptive_16_0.1_10_[50/60] | [RDP-sepfpl] 轮次 11: ε=0.002304, std=6.510254
2025-11-22 05:31:00 | INFO | oxford_pets_sepfpl_time_adaptive_16_0.1_10_[50/60] | [Epoch 11/30] 训练耗时: 17.48s | 平均训练准确率: 52.34
2025-11-22 05:31:00 | INFO | oxford_pets_sepfpl_time_adaptive_16_0.1_10_[50/60] | [RDP-sepfpl] 轮次 12: ε=0.002525, std=6.219550
2025-11-22 05:31:20 | INFO | oxford_pets_sepfpl_time_adaptive_16_0.1_10_[50/60] | [Epoch 12/30] 训练耗时: 20.15s | 平均训练准确率: 54.06
2025-11-22 05:31:20 | INFO | oxford_pets_sepfpl_time_adaptive_16_0.1_10_[50/60] | [RDP-sepfpl] 轮次 13: ε=0.002746, std=5.963604
2025-11-22 05:31:44 | INFO | oxford_pets_sepfpl_time_adaptive_16_0.1_10_[50/60] | [Epoch 13/30] 训练耗时: 23.66s | 平均训练准确率: 50.47
2025-11-22 05:31:44 | INFO | oxford_pets_sepfpl_time_adaptive_16_0.1_10_[50/60] | [RDP-sepfpl] 轮次 14: ε=0.002968, std=5.736036
2025-11-22 05:32:05 | INFO | oxford_pets_sepfpl_time_adaptive_16_0.1_10_[50/60] | [Epoch 14/30] 训练耗时: 21.63s | 平均训练准确率: 52.97
2025-11-22 05:32:05 | INFO | oxford_pets_sepfpl_time_adaptive_16_0.1_10_[50/60] | [RDP-sepfpl] 轮次 15: ε=0.003191, std=5.531987
2025-11-22 05:32:30 | INFO | oxford_pets_sepfpl_time_adaptive_16_0.1_10_[50/60] | [Epoch 15/30] 训练耗时: 24.52s | 平均训练准确率: 50.94
2025-11-22 05:32:30 | INFO | oxford_pets_sepfpl_time_adaptive_16_0.1_10_[50/60] | [RDP-sepfpl] 轮次 16: ε=0.003415, std=5.347688
2025-11-22 05:32:49 | INFO | oxford_pets_sepfpl_time_adaptive_16_0.1_10_[50/60] | [Epoch 16/30] 训练耗时: 19.35s | 平均训练准确率: 52.34
2025-11-22 05:32:49 | INFO | oxford_pets_sepfpl_time_adaptive_16_0.1_10_[50/60] | [RDP-sepfpl] 轮次 17: ε=0.003639, std=5.180163
2025-11-22 05:33:10 | INFO | oxford_pets_sepfpl_time_adaptive_16_0.1_10_[50/60] | [Epoch 17/30] 训练耗时: 20.45s | 平均训练准确率: 51.72
2025-11-22 05:33:10 | INFO | oxford_pets_sepfpl_time_adaptive_16_0.1_10_[50/60] | [RDP-sepfpl] 轮次 18: ε=0.003864, std=5.027025
2025-11-22 05:33:30 | INFO | oxford_pets_sepfpl_time_adaptive_16_0.1_10_[50/60] | [Epoch 18/30] 训练耗时: 20.01s | 平均训练准确率: 52.19
2025-11-22 05:33:30 | INFO | oxford_pets_sepfpl_time_adaptive_16_0.1_10_[50/60] | [RDP-sepfpl] 轮次 19: ε=0.004090, std=4.886337
2025-11-22 05:33:52 | INFO | oxford_pets_sepfpl_time_adaptive_16_0.1_10_[50/60] | [Epoch 19/30] 训练耗时: 22.52s | 平均训练准确率: 52.50
2025-11-22 05:33:52 | INFO | oxford_pets_sepfpl_time_adaptive_16_0.1_10_[50/60] | [RDP-sepfpl] 轮次 20: ε=0.004316, std=4.756509
2025-11-22 05:34:12 | INFO | oxford_pets_sepfpl_time_adaptive_16_0.1_10_[50/60] | [Epoch 20/30] 训练耗时: 19.39s | 平均训练准确率: 52.97
2025-11-22 05:34:12 | INFO | oxford_pets_sepfpl_time_adaptive_16_0.1_10_[50/60] | [RDP-sepfpl] 轮次 21: ε=0.004543, std=4.636219
2025-11-22 05:34:31 | INFO | oxford_pets_sepfpl_time_adaptive_16_0.1_10_[50/60] | [Epoch 21/30] 训练耗时: 19.83s | 平均训练准确率: 50.47
2025-11-22 05:34:31 | INFO | oxford_pets_sepfpl_time_adaptive_16_0.1_10_[50/60] | [RDP-sepfpl] 轮次 22: ε=0.004771, std=4.524360
2025-11-22 05:34:52 | INFO | oxford_pets_sepfpl_time_adaptive_16_0.1_10_[50/60] | [Epoch 22/30] 训练耗时: 20.54s | 平均训练准确率: 49.53
2025-11-22 05:34:52 | INFO | oxford_pets_sepfpl_time_adaptive_16_0.1_10_[50/60] | [RDP-sepfpl] 轮次 23: ε=0.004999, std=4.419997
2025-11-22 05:35:13 | INFO | oxford_pets_sepfpl_time_adaptive_16_0.1_10_[50/60] | [Epoch 23/30] 训练耗时: 20.79s | 平均训练准确率: 51.25
2025-11-22 05:35:13 | INFO | oxford_pets_sepfpl_time_adaptive_16_0.1_10_[50/60] | [RDP-sepfpl] 轮次 24: ε=0.005227, std=4.322333
2025-11-22 05:35:33 | INFO | oxford_pets_sepfpl_time_adaptive_16_0.1_10_[50/60] | [Epoch 24/30] 训练耗时: 20.61s | 平均训练准确率: 50.00
2025-11-22 05:35:33 | INFO | oxford_pets_sepfpl_time_adaptive_16_0.1_10_[50/60] | [RDP-sepfpl] 轮次 25: ε=0.005456, std=4.230684
2025-11-22 05:35:52 | INFO | oxford_pets_sepfpl_time_adaptive_16_0.1_10_[50/60] | [Epoch 25/30] 训练耗时: 18.77s | 平均训练准确率: 51.56
2025-11-22 05:35:52 | INFO | oxford_pets_sepfpl_time_adaptive_16_0.1_10_[50/60] | [RDP-sepfpl] 轮次 26: ε=0.005685, std=4.144461
2025-11-22 05:36:13 | INFO | oxford_pets_sepfpl_time_adaptive_16_0.1_10_[50/60] | [Epoch 26/30] 训练耗时: 21.25s | 平均训练准确率: 52.66
2025-11-22 05:36:13 | INFO | oxford_pets_sepfpl_time_adaptive_16_0.1_10_[50/60] | [RDP-sepfpl] 轮次 27: ε=0.005915, std=4.063152
2025-11-22 05:36:33 | INFO | oxford_pets_sepfpl_time_adaptive_16_0.1_10_[50/60] | [Epoch 27/30] 训练耗时: 20.17s | 平均训练准确率: 52.34
2025-11-22 05:36:33 | INFO | oxford_pets_sepfpl_time_adaptive_16_0.1_10_[50/60] | [RDP-sepfpl] 轮次 28: ε=0.006146, std=3.986310
2025-11-22 05:36:55 | INFO | oxford_pets_sepfpl_time_adaptive_16_0.1_10_[50/60] | [Epoch 28/30] 训练耗时: 21.45s | 平均训练准确率: 52.66
2025-11-22 05:36:55 | INFO | oxford_pets_sepfpl_time_adaptive_16_0.1_10_[50/60] | 
2025-11-22 05:36:55 | INFO | oxford_pets_sepfpl_time_adaptive_16_0.1_10_[50/60] | ================================================================================
2025-11-22 05:36:55 | INFO | oxford_pets_sepfpl_time_adaptive_16_0.1_10_[50/60] |                     TEST START - Epoch 28/30
2025-11-22 05:36:55 | INFO | oxford_pets_sepfpl_time_adaptive_16_0.1_10_[50/60] | ================================================================================
2025-11-22 05:36:55 | INFO | oxford_pets_sepfpl_time_adaptive_16_0.1_10_[50/60] | 
2025-11-22 06:00:25 | INFO | oxford_pets_sepfpl_time_adaptive_16_0.1_10_[50/60] | 
================= Local Test Results ==================
+----------+----------+------------+----------+
| Client   | Accuracy | Error Rate | Macro F1 |
+----------+----------+------------+----------+
| Client 0 |    63.66 |      36.34 |    67.92 |
| Client 1 |    51.63 |      48.37 |    54.47 |
| Client 2 |    83.80 |      16.20 |    89.87 |
| Client 3 |    87.41 |      12.59 |    91.43 |
| Client 4 |    72.02 |      27.98 |    71.57 |
| Client 5 |    68.42 |      31.58 |    71.30 |
| Client 6 |    47.50 |      52.50 |    49.08 |
| Client 7 |    92.25 |       7.75 |    95.55 |
| Client 8 |    95.50 |       4.50 |    97.55 |
| Client 9 |   100.00 |       0.00 |   100.00 |
| Average  |    76.22 |      23.78 |    78.88 |
+----------+----------+------------+----------+

2025-11-22 06:00:25 | INFO | oxford_pets_sepfpl_time_adaptive_16_0.1_10_[50/60] | 
================= Neighbor Test Results ==================
+----------+----------+------------+----------+
| Client   | Accuracy | Error Rate | Macro F1 |
+----------+----------+------------+----------+
| Client 0 |    74.07 |      25.93 |    69.63 |
| Client 1 |    74.59 |      25.41 |    71.57 |
| Client 2 |    71.43 |      28.57 |    65.72 |
| Client 3 |    71.36 |      28.64 |    68.10 |
| Client 4 |    73.74 |      26.26 |    68.20 |
| Client 5 |    74.68 |      25.32 |    69.39 |
| Client 6 |    77.88 |      22.12 |    74.03 |
| Client 7 |    73.02 |      26.98 |    68.65 |
| Client 8 |    73.17 |      26.83 |    67.65 |
| Client 9 |    75.34 |      24.66 |    69.89 |
| Average  |    73.93 |      26.07 |    69.28 |
+----------+----------+------------+----------+

2025-11-22 06:00:25 | INFO | oxford_pets_sepfpl_time_adaptive_16_0.1_10_[50/60] | 
2025-11-22 06:00:25 | INFO | oxford_pets_sepfpl_time_adaptive_16_0.1_10_[50/60] | ================================================================================
2025-11-22 06:00:25 | INFO | oxford_pets_sepfpl_time_adaptive_16_0.1_10_[50/60] |                     TEST FINISH - Epoch 28/30
2025-11-22 06:00:25 | INFO | oxford_pets_sepfpl_time_adaptive_16_0.1_10_[50/60] |                     测试耗时: 1410.43s
2025-11-22 06:00:25 | INFO | oxford_pets_sepfpl_time_adaptive_16_0.1_10_[50/60] | ================================================================================
2025-11-22 06:00:25 | INFO | oxford_pets_sepfpl_time_adaptive_16_0.1_10_[50/60] | 
2025-11-22 06:00:25 | INFO | oxford_pets_sepfpl_time_adaptive_16_0.1_10_[50/60] | [RDP-sepfpl] 轮次 29: ε=0.006376, std=3.913543
2025-11-22 06:00:39 | INFO | oxford_pets_sepfpl_time_adaptive_16_0.1_10_[50/60] | [Epoch 29/30] 训练耗时: 13.95s | 平均训练准确率: 65.47
2025-11-22 06:00:39 | INFO | oxford_pets_sepfpl_time_adaptive_16_0.1_10_[50/60] | 
2025-11-22 06:00:39 | INFO | oxford_pets_sepfpl_time_adaptive_16_0.1_10_[50/60] | ================================================================================
2025-11-22 06:00:39 | INFO | oxford_pets_sepfpl_time_adaptive_16_0.1_10_[50/60] |                     TEST START - Epoch 29/30
2025-11-22 06:00:39 | INFO | oxford_pets_sepfpl_time_adaptive_16_0.1_10_[50/60] | ================================================================================
2025-11-22 06:00:39 | INFO | oxford_pets_sepfpl_time_adaptive_16_0.1_10_[50/60] | 
2025-11-22 06:19:24 | INFO | oxford_pets_sepfpl_time_adaptive_16_0.1_10_[50/60] | 
================= Local Test Results ==================
+----------+----------+------------+----------+
| Client   | Accuracy | Error Rate | Macro F1 |
+----------+----------+------------+----------+
| Client 0 |    61.15 |      38.85 |    66.69 |
| Client 1 |    48.37 |      51.63 |    48.74 |
| Client 2 |    82.26 |      17.74 |    87.32 |
| Client 3 |    73.05 |      26.95 |    82.19 |
| Client 4 |    72.54 |      27.46 |    70.60 |
| Client 5 |    49.12 |      50.88 |    49.62 |
| Client 6 |    47.75 |      52.25 |    44.94 |
| Client 7 |    72.50 |      27.50 |    73.70 |
| Client 8 |    96.75 |       3.25 |    98.35 |
| Client 9 |   100.00 |       0.00 |   100.00 |
| Average  |    70.35 |      29.65 |    72.21 |
+----------+----------+------------+----------+

2025-11-22 06:19:24 | INFO | oxford_pets_sepfpl_time_adaptive_16_0.1_10_[50/60] | 
================= Neighbor Test Results ==================
+----------+----------+------------+----------+
| Client   | Accuracy | Error Rate | Macro F1 |
+----------+----------+------------+----------+
| Client 0 |    67.40 |      32.60 |    59.88 |
| Client 1 |    69.48 |      30.52 |    64.12 |
| Client 2 |    65.82 |      34.18 |    58.63 |
| Client 3 |    67.36 |      32.64 |    61.87 |
| Client 4 |    67.99 |      32.01 |    61.01 |
| Client 5 |    71.74 |      28.26 |    65.03 |
| Client 6 |    72.25 |      27.75 |    67.11 |
| Client 7 |    69.72 |      30.28 |    63.25 |
| Client 8 |    67.30 |      32.70 |    60.48 |
| Client 9 |    70.52 |      29.48 |    63.66 |
| Average  |    68.96 |      31.04 |    62.50 |
+----------+----------+------------+----------+

2025-11-22 06:19:24 | INFO | oxford_pets_sepfpl_time_adaptive_16_0.1_10_[50/60] | 
2025-11-22 06:19:24 | INFO | oxford_pets_sepfpl_time_adaptive_16_0.1_10_[50/60] | ================================================================================
2025-11-22 06:19:24 | INFO | oxford_pets_sepfpl_time_adaptive_16_0.1_10_[50/60] |                     TEST FINISH - Epoch 29/30
2025-11-22 06:19:24 | INFO | oxford_pets_sepfpl_time_adaptive_16_0.1_10_[50/60] |                     测试耗时: 1124.66s
2025-11-22 06:19:24 | INFO | oxford_pets_sepfpl_time_adaptive_16_0.1_10_[50/60] | ================================================================================
2025-11-22 06:19:24 | INFO | oxford_pets_sepfpl_time_adaptive_16_0.1_10_[50/60] | 
2025-11-22 06:19:24 | INFO | oxford_pets_sepfpl_time_adaptive_16_0.1_10_[50/60] | [RDP-sepfpl] 轮次 30: ε=0.006607, std=3.844505
2025-11-22 06:19:43 | INFO | oxford_pets_sepfpl_time_adaptive_16_0.1_10_[50/60] | [Epoch 30/30] 训练耗时: 19.14s | 平均训练准确率: 54.69
2025-11-22 06:19:43 | INFO | oxford_pets_sepfpl_time_adaptive_16_0.1_10_[50/60] | 
2025-11-22 06:19:43 | INFO | oxford_pets_sepfpl_time_adaptive_16_0.1_10_[50/60] | ================================================================================
2025-11-22 06:19:43 | INFO | oxford_pets_sepfpl_time_adaptive_16_0.1_10_[50/60] |                     TEST START - Epoch 30/30
2025-11-22 06:19:43 | INFO | oxford_pets_sepfpl_time_adaptive_16_0.1_10_[50/60] | ================================================================================
2025-11-22 06:19:43 | INFO | oxford_pets_sepfpl_time_adaptive_16_0.1_10_[50/60] | 
2025-11-22 06:42:17 | INFO | oxford_pets_sepfpl_time_adaptive_16_0.1_10_[50/60] | 
================= Local Test Results ==================
+----------+----------+------------+----------+
| Client   | Accuracy | Error Rate | Macro F1 |
+----------+----------+------------+----------+
| Client 0 |    71.18 |      28.82 |    72.80 |
| Client 1 |    50.63 |      49.37 |    52.56 |
| Client 2 |    84.58 |      15.42 |    89.80 |
| Client 3 |    83.88 |      16.12 |    88.17 |
| Client 4 |    72.80 |      27.20 |    72.20 |
| Client 5 |    54.64 |      45.36 |    58.96 |
| Client 6 |    48.00 |      52.00 |    47.12 |
| Client 7 |    64.75 |      35.25 |    68.62 |
| Client 8 |    96.00 |       4.00 |    97.83 |
| Client 9 |   100.00 |       0.00 |   100.00 |
| Average  |    72.64 |      27.36 |    74.81 |
+----------+----------+------------+----------+

2025-11-22 06:42:17 | INFO | oxford_pets_sepfpl_time_adaptive_16_0.1_10_[50/60] | 
================= Neighbor Test Results ==================
+----------+----------+------------+----------+
| Client   | Accuracy | Error Rate | Macro F1 |
+----------+----------+------------+----------+
| Client 0 |    72.81 |      27.19 |    67.30 |
| Client 1 |    74.83 |      25.17 |    70.83 |
| Client 2 |    70.76 |      29.24 |    65.28 |
| Client 3 |    71.42 |      28.58 |    68.69 |
| Client 4 |    72.22 |      27.78 |    66.83 |
| Client 5 |    73.27 |      26.73 |    67.53 |
| Client 6 |    72.68 |      27.32 |    68.38 |
| Client 7 |    70.11 |      29.89 |    63.78 |
| Client 8 |    65.65 |      34.35 |    58.95 |
| Client 9 |    67.67 |      32.33 |    60.70 |
| Average  |    71.14 |      28.86 |    65.83 |
+----------+----------+------------+----------+

2025-11-22 06:42:17 | INFO | oxford_pets_sepfpl_time_adaptive_16_0.1_10_[50/60] | 
2025-11-22 06:42:17 | INFO | oxford_pets_sepfpl_time_adaptive_16_0.1_10_[50/60] | ================================================================================
2025-11-22 06:42:17 | INFO | oxford_pets_sepfpl_time_adaptive_16_0.1_10_[50/60] |                     TEST FINISH - Epoch 30/30
2025-11-22 06:42:17 | INFO | oxford_pets_sepfpl_time_adaptive_16_0.1_10_[50/60] |                     测试耗时: 1353.91s
2025-11-22 06:42:17 | INFO | oxford_pets_sepfpl_time_adaptive_16_0.1_10_[50/60] | ================================================================================
2025-11-22 06:42:17 | INFO | oxford_pets_sepfpl_time_adaptive_16_0.1_10_[50/60] | 
2025-11-22 06:42:17 | INFO | oxford_pets_sepfpl_time_adaptive_16_0.1_10_[50/60] | maximum test local acc: 76.219
2025-11-22 06:42:17 | INFO | oxford_pets_sepfpl_time_adaptive_16_0.1_10_[50/60] | mean of local acc: 73.071
2025-11-22 06:42:17 | INFO | oxford_pets_sepfpl_time_adaptive_16_0.1_10_[50/60] | maximum test neighbor acc: 73.929
2025-11-22 06:42:17 | INFO | oxford_pets_sepfpl_time_adaptive_16_0.1_10_[50/60] | mean of neighbor acc: 71.344
