2025-11-22 06:42:25 | INFO | oxford_pets_sepfpl_time_adaptive_1_0.01_10_[52/60] | Loading trainer: DP_FPL
2025-11-22 06:42:25 | INFO | oxford_pets_sepfpl_time_adaptive_1_0.01_10_[52/60] | Loading dataset: OxfordPets
2025-11-22 06:42:25 | INFO | oxford_pets_sepfpl_time_adaptive_1_0.01_10_[52/60] | Reading split from %s
2025-11-22 06:42:25 | INFO | oxford_pets_sepfpl_time_adaptive_1_0.01_10_[52/60] | Creating a baseline federated dataset
2025-11-22 06:42:25 | INFO | oxford_pets_sepfpl_time_adaptive_1_0.01_10_[52/60] | class_num %d
2025-11-22 06:42:25 | INFO | oxford_pets_sepfpl_time_adaptive_1_0.01_10_[52/60] | user class dict total %s
2025-11-22 06:42:25 | INFO | oxford_pets_sepfpl_time_adaptive_1_0.01_10_[52/60] | idx: %s, output_dict_len: %d
2025-11-22 06:42:25 | INFO | oxford_pets_sepfpl_time_adaptive_1_0.01_10_[52/60] | user class dict total %s
2025-11-22 06:42:25 | INFO | oxford_pets_sepfpl_time_adaptive_1_0.01_10_[52/60] | idx: %s, output_dict_len: %d
2025-11-22 06:42:25 | INFO | oxford_pets_sepfpl_time_adaptive_1_0.01_10_[52/60] | user class dict total %s
2025-11-22 06:42:25 | INFO | oxford_pets_sepfpl_time_adaptive_1_0.01_10_[52/60] | idx: %s, output_dict_len: %d
2025-11-22 06:42:25 | INFO | oxford_pets_sepfpl_time_adaptive_1_0.01_10_[52/60] | user class dict total %s
2025-11-22 06:42:25 | INFO | oxford_pets_sepfpl_time_adaptive_1_0.01_10_[52/60] | idx: %s, output_dict_len: %d
2025-11-22 06:42:25 | INFO | oxford_pets_sepfpl_time_adaptive_1_0.01_10_[52/60] | user class dict total %s
2025-11-22 06:42:25 | INFO | oxford_pets_sepfpl_time_adaptive_1_0.01_10_[52/60] | idx: %s, output_dict_len: %d
2025-11-22 06:42:25 | INFO | oxford_pets_sepfpl_time_adaptive_1_0.01_10_[52/60] | user class dict total %s
2025-11-22 06:42:25 | INFO | oxford_pets_sepfpl_time_adaptive_1_0.01_10_[52/60] | idx: %s, output_dict_len: %d
2025-11-22 06:42:25 | INFO | oxford_pets_sepfpl_time_adaptive_1_0.01_10_[52/60] | user class dict total %s
2025-11-22 06:42:25 | INFO | oxford_pets_sepfpl_time_adaptive_1_0.01_10_[52/60] | idx: %s, output_dict_len: %d
2025-11-22 06:42:25 | INFO | oxford_pets_sepfpl_time_adaptive_1_0.01_10_[52/60] | user class dict total %s
2025-11-22 06:42:25 | INFO | oxford_pets_sepfpl_time_adaptive_1_0.01_10_[52/60] | idx: %s, output_dict_len: %d
2025-11-22 06:42:25 | INFO | oxford_pets_sepfpl_time_adaptive_1_0.01_10_[52/60] | user class dict total %s
2025-11-22 06:42:25 | INFO | oxford_pets_sepfpl_time_adaptive_1_0.01_10_[52/60] | idx: %s, output_dict_len: %d
2025-11-22 06:42:25 | INFO | oxford_pets_sepfpl_time_adaptive_1_0.01_10_[52/60] | user class dict total %s
2025-11-22 06:42:25 | INFO | oxford_pets_sepfpl_time_adaptive_1_0.01_10_[52/60] | idx: %s, output_dict_len: %d
2025-11-22 06:42:25 | INFO | oxford_pets_sepfpl_time_adaptive_1_0.01_10_[52/60] | Creating a baseline federated dataset
2025-11-22 06:42:25 | INFO | oxford_pets_sepfpl_time_adaptive_1_0.01_10_[52/60] | class_num %d
2025-11-22 06:42:25 | INFO | oxford_pets_sepfpl_time_adaptive_1_0.01_10_[52/60] | user class dict total %s
2025-11-22 06:42:25 | INFO | oxford_pets_sepfpl_time_adaptive_1_0.01_10_[52/60] | idx: %s, output_dict_len: %d
2025-11-22 06:42:25 | INFO | oxford_pets_sepfpl_time_adaptive_1_0.01_10_[52/60] | user class dict total %s
2025-11-22 06:42:25 | INFO | oxford_pets_sepfpl_time_adaptive_1_0.01_10_[52/60] | idx: %s, output_dict_len: %d
2025-11-22 06:42:25 | INFO | oxford_pets_sepfpl_time_adaptive_1_0.01_10_[52/60] | user class dict total %s
2025-11-22 06:42:25 | INFO | oxford_pets_sepfpl_time_adaptive_1_0.01_10_[52/60] | idx: %s, output_dict_len: %d
2025-11-22 06:42:25 | INFO | oxford_pets_sepfpl_time_adaptive_1_0.01_10_[52/60] | user class dict total %s
2025-11-22 06:42:25 | INFO | oxford_pets_sepfpl_time_adaptive_1_0.01_10_[52/60] | idx: %s, output_dict_len: %d
2025-11-22 06:42:25 | INFO | oxford_pets_sepfpl_time_adaptive_1_0.01_10_[52/60] | user class dict total %s
2025-11-22 06:42:25 | INFO | oxford_pets_sepfpl_time_adaptive_1_0.01_10_[52/60] | idx: %s, output_dict_len: %d
2025-11-22 06:42:25 | INFO | oxford_pets_sepfpl_time_adaptive_1_0.01_10_[52/60] | user class dict total %s
2025-11-22 06:42:25 | INFO | oxford_pets_sepfpl_time_adaptive_1_0.01_10_[52/60] | idx: %s, output_dict_len: %d
2025-11-22 06:42:25 | INFO | oxford_pets_sepfpl_time_adaptive_1_0.01_10_[52/60] | user class dict total %s
2025-11-22 06:42:25 | INFO | oxford_pets_sepfpl_time_adaptive_1_0.01_10_[52/60] | idx: %s, output_dict_len: %d
2025-11-22 06:42:25 | INFO | oxford_pets_sepfpl_time_adaptive_1_0.01_10_[52/60] | user class dict total %s
2025-11-22 06:42:25 | INFO | oxford_pets_sepfpl_time_adaptive_1_0.01_10_[52/60] | idx: %s, output_dict_len: %d
2025-11-22 06:42:25 | INFO | oxford_pets_sepfpl_time_adaptive_1_0.01_10_[52/60] | user class dict total %s
2025-11-22 06:42:25 | INFO | oxford_pets_sepfpl_time_adaptive_1_0.01_10_[52/60] | idx: %s, output_dict_len: %d
2025-11-22 06:42:25 | INFO | oxford_pets_sepfpl_time_adaptive_1_0.01_10_[52/60] | user class dict total %s
2025-11-22 06:42:25 | INFO | oxford_pets_sepfpl_time_adaptive_1_0.01_10_[52/60] | idx: %s, output_dict_len: %d
2025-11-22 06:42:25 | INFO | oxford_pets_sepfpl_time_adaptive_1_0.01_10_[52/60] | Loading CLIP (backbone: ViT-B/16)
2025-11-22 06:42:27 | INFO | oxford_pets_sepfpl_time_adaptive_1_0.01_10_[52/60] | Building custom CLIP
2025-11-22 06:42:27 | INFO | oxford_pets_sepfpl_time_adaptive_1_0.01_10_[52/60] | Turning off gradients in both the image and the text encoder
2025-11-22 06:42:28 | INFO | oxford_pets_sepfpl_time_adaptive_1_0.01_10_[52/60] | [wandb] 正在初始化实验：project=SepFPL, name=oxford_pets-sepfpl_time_adaptive-rank1-noise0.01-seed1-users10-52/60, mode=offline
2025-11-22 06:42:31 | INFO | oxford_pets_sepfpl_time_adaptive_1_0.01_10_[52/60] | [RDP-sepfpl] 轮次 1: ε=0.000019, std=72.498511
2025-11-22 06:42:47 | INFO | oxford_pets_sepfpl_time_adaptive_1_0.01_10_[52/60] | [Epoch 1/30] 训练耗时: 16.77s | 平均训练准确率: 50.47
2025-11-22 06:42:47 | INFO | oxford_pets_sepfpl_time_adaptive_1_0.01_10_[52/60] | [RDP-sepfpl] 轮次 2: ε=0.000038, std=50.383500
2025-11-22 06:43:03 | INFO | oxford_pets_sepfpl_time_adaptive_1_0.01_10_[52/60] | [Epoch 2/30] 训练耗时: 15.99s | 平均训练准确率: 49.53
2025-11-22 06:43:03 | INFO | oxford_pets_sepfpl_time_adaptive_1_0.01_10_[52/60] | [RDP-sepfpl] 轮次 3: ε=0.000059, std=40.723062
2025-11-22 06:43:24 | INFO | oxford_pets_sepfpl_time_adaptive_1_0.01_10_[52/60] | [Epoch 3/30] 训练耗时: 20.83s | 平均训练准确率: 49.84
2025-11-22 06:43:24 | INFO | oxford_pets_sepfpl_time_adaptive_1_0.01_10_[52/60] | [RDP-sepfpl] 轮次 4: ε=0.000080, std=35.014473
2025-11-22 06:43:42 | INFO | oxford_pets_sepfpl_time_adaptive_1_0.01_10_[52/60] | [Epoch 4/30] 训练耗时: 17.36s | 平均训练准确率: 52.81
2025-11-22 06:43:42 | INFO | oxford_pets_sepfpl_time_adaptive_1_0.01_10_[52/60] | [RDP-sepfpl] 轮次 5: ε=0.000101, std=31.143673
2025-11-22 06:44:00 | INFO | oxford_pets_sepfpl_time_adaptive_1_0.01_10_[52/60] | [Epoch 5/30] 训练耗时: 18.86s | 平均训练准确率: 50.16
2025-11-22 06:44:00 | INFO | oxford_pets_sepfpl_time_adaptive_1_0.01_10_[52/60] | [RDP-sepfpl] 轮次 6: ε=0.000122, std=28.300863
2025-11-22 06:44:15 | INFO | oxford_pets_sepfpl_time_adaptive_1_0.01_10_[52/60] | [Epoch 6/30] 训练耗时: 15.05s | 平均训练准确率: 51.25
2025-11-22 06:44:15 | INFO | oxford_pets_sepfpl_time_adaptive_1_0.01_10_[52/60] | [RDP-sepfpl] 轮次 7: ε=0.000143, std=26.100728
2025-11-22 06:44:34 | INFO | oxford_pets_sepfpl_time_adaptive_1_0.01_10_[52/60] | [Epoch 7/30] 训练耗时: 18.17s | 平均训练准确率: 52.97
2025-11-22 06:44:34 | INFO | oxford_pets_sepfpl_time_adaptive_1_0.01_10_[52/60] | [RDP-sepfpl] 轮次 8: ε=0.000165, std=24.333627
2025-11-22 06:44:52 | INFO | oxford_pets_sepfpl_time_adaptive_1_0.01_10_[52/60] | [Epoch 8/30] 训练耗时: 17.90s | 平均训练准确率: 51.25
2025-11-22 06:44:52 | INFO | oxford_pets_sepfpl_time_adaptive_1_0.01_10_[52/60] | [RDP-sepfpl] 轮次 9: ε=0.000187, std=22.874508
2025-11-22 06:45:07 | INFO | oxford_pets_sepfpl_time_adaptive_1_0.01_10_[52/60] | [Epoch 9/30] 训练耗时: 14.99s | 平均训练准确率: 50.94
2025-11-22 06:45:07 | INFO | oxford_pets_sepfpl_time_adaptive_1_0.01_10_[52/60] | [RDP-sepfpl] 轮次 10: ε=0.000208, std=21.643579
2025-11-22 06:45:22 | INFO | oxford_pets_sepfpl_time_adaptive_1_0.01_10_[52/60] | [Epoch 10/30] 训练耗时: 15.81s | 平均训练准确率: 52.81
2025-11-22 06:45:22 | INFO | oxford_pets_sepfpl_time_adaptive_1_0.01_10_[52/60] | [RDP-sepfpl] 轮次 11: ε=0.000230, std=20.587230
2025-11-22 06:45:39 | INFO | oxford_pets_sepfpl_time_adaptive_1_0.01_10_[52/60] | [Epoch 11/30] 训练耗时: 16.88s | 平均训练准确率: 50.00
2025-11-22 06:45:39 | INFO | oxford_pets_sepfpl_time_adaptive_1_0.01_10_[52/60] | [RDP-sepfpl] 轮次 12: ε=0.000252, std=19.667943
2025-11-22 06:45:57 | INFO | oxford_pets_sepfpl_time_adaptive_1_0.01_10_[52/60] | [Epoch 12/30] 训练耗时: 17.52s | 平均训练准确率: 52.34
2025-11-22 06:45:57 | INFO | oxford_pets_sepfpl_time_adaptive_1_0.01_10_[52/60] | [RDP-sepfpl] 轮次 13: ε=0.000275, std=18.858573
2025-11-22 06:46:12 | INFO | oxford_pets_sepfpl_time_adaptive_1_0.01_10_[52/60] | [Epoch 13/30] 训练耗时: 14.76s | 平均训练准确率: 53.12
2025-11-22 06:46:12 | INFO | oxford_pets_sepfpl_time_adaptive_1_0.01_10_[52/60] | [RDP-sepfpl] 轮次 14: ε=0.000297, std=18.138938
2025-11-22 06:46:29 | INFO | oxford_pets_sepfpl_time_adaptive_1_0.01_10_[52/60] | [Epoch 14/30] 训练耗时: 17.25s | 平均训练准确率: 52.66
2025-11-22 06:46:29 | INFO | oxford_pets_sepfpl_time_adaptive_1_0.01_10_[52/60] | [RDP-sepfpl] 轮次 15: ε=0.000319, std=17.493680
2025-11-22 06:46:44 | INFO | oxford_pets_sepfpl_time_adaptive_1_0.01_10_[52/60] | [Epoch 15/30] 训练耗时: 15.63s | 平均训练准确率: 50.62
2025-11-22 06:46:44 | INFO | oxford_pets_sepfpl_time_adaptive_1_0.01_10_[52/60] | [RDP-sepfpl] 轮次 16: ε=0.000341, std=16.910876
2025-11-22 06:46:59 | INFO | oxford_pets_sepfpl_time_adaptive_1_0.01_10_[52/60] | [Epoch 16/30] 训练耗时: 14.84s | 平均训练准确率: 51.09
2025-11-22 06:46:59 | INFO | oxford_pets_sepfpl_time_adaptive_1_0.01_10_[52/60] | [RDP-sepfpl] 轮次 17: ε=0.000364, std=16.381113
2025-11-22 06:47:24 | INFO | oxford_pets_sepfpl_time_adaptive_1_0.01_10_[52/60] | [Epoch 17/30] 训练耗时: 24.79s | 平均训练准确率: 54.06
2025-11-22 06:47:24 | INFO | oxford_pets_sepfpl_time_adaptive_1_0.01_10_[52/60] | [RDP-sepfpl] 轮次 18: ε=0.000386, std=15.896848
2025-11-22 06:47:44 | INFO | oxford_pets_sepfpl_time_adaptive_1_0.01_10_[52/60] | [Epoch 18/30] 训练耗时: 20.45s | 平均训练准确率: 52.97
2025-11-22 06:47:44 | INFO | oxford_pets_sepfpl_time_adaptive_1_0.01_10_[52/60] | [RDP-sepfpl] 轮次 19: ε=0.000409, std=15.451955
2025-11-22 06:48:00 | INFO | oxford_pets_sepfpl_time_adaptive_1_0.01_10_[52/60] | [Epoch 19/30] 训练耗时: 15.68s | 平均训练准确率: 52.03
2025-11-22 06:48:00 | INFO | oxford_pets_sepfpl_time_adaptive_1_0.01_10_[52/60] | [RDP-sepfpl] 轮次 20: ε=0.000432, std=15.041403
2025-11-22 06:48:21 | INFO | oxford_pets_sepfpl_time_adaptive_1_0.01_10_[52/60] | [Epoch 20/30] 训练耗时: 20.59s | 平均训练准确率: 51.72
2025-11-22 06:48:21 | INFO | oxford_pets_sepfpl_time_adaptive_1_0.01_10_[52/60] | [RDP-sepfpl] 轮次 21: ε=0.000454, std=14.661012
2025-11-22 06:48:39 | INFO | oxford_pets_sepfpl_time_adaptive_1_0.01_10_[52/60] | [Epoch 21/30] 训练耗时: 17.79s | 平均训练准确率: 51.56
2025-11-22 06:48:39 | INFO | oxford_pets_sepfpl_time_adaptive_1_0.01_10_[52/60] | [RDP-sepfpl] 轮次 22: ε=0.000477, std=14.307283
2025-11-22 06:48:55 | INFO | oxford_pets_sepfpl_time_adaptive_1_0.01_10_[52/60] | [Epoch 22/30] 训练耗时: 16.40s | 平均训练准确率: 51.72
2025-11-22 06:48:55 | INFO | oxford_pets_sepfpl_time_adaptive_1_0.01_10_[52/60] | [RDP-sepfpl] 轮次 23: ε=0.000500, std=13.977258
2025-11-22 06:49:14 | INFO | oxford_pets_sepfpl_time_adaptive_1_0.01_10_[52/60] | [Epoch 23/30] 训练耗时: 19.21s | 平均训练准确率: 52.03
2025-11-22 06:49:14 | INFO | oxford_pets_sepfpl_time_adaptive_1_0.01_10_[52/60] | [RDP-sepfpl] 轮次 24: ε=0.000523, std=13.668416
2025-11-22 06:49:33 | INFO | oxford_pets_sepfpl_time_adaptive_1_0.01_10_[52/60] | [Epoch 24/30] 训练耗时: 18.99s | 平均训练准确率: 52.50
2025-11-22 06:49:33 | INFO | oxford_pets_sepfpl_time_adaptive_1_0.01_10_[52/60] | [RDP-sepfpl] 轮次 25: ε=0.000546, std=13.378597
2025-11-22 06:49:57 | INFO | oxford_pets_sepfpl_time_adaptive_1_0.01_10_[52/60] | [Epoch 25/30] 训练耗时: 23.93s | 平均训练准确率: 52.34
2025-11-22 06:49:57 | INFO | oxford_pets_sepfpl_time_adaptive_1_0.01_10_[52/60] | [RDP-sepfpl] 轮次 26: ε=0.000569, std=13.105937
2025-11-22 06:50:15 | INFO | oxford_pets_sepfpl_time_adaptive_1_0.01_10_[52/60] | [Epoch 26/30] 训练耗时: 18.30s | 平均训练准确率: 51.72
2025-11-22 06:50:15 | INFO | oxford_pets_sepfpl_time_adaptive_1_0.01_10_[52/60] | [RDP-sepfpl] 轮次 27: ε=0.000592, std=12.848816
2025-11-22 06:50:34 | INFO | oxford_pets_sepfpl_time_adaptive_1_0.01_10_[52/60] | [Epoch 27/30] 训练耗时: 18.27s | 平均训练准确率: 51.72
2025-11-22 06:50:34 | INFO | oxford_pets_sepfpl_time_adaptive_1_0.01_10_[52/60] | [RDP-sepfpl] 轮次 28: ε=0.000615, std=12.605820
2025-11-22 06:50:57 | INFO | oxford_pets_sepfpl_time_adaptive_1_0.01_10_[52/60] | [Epoch 28/30] 训练耗时: 23.24s | 平均训练准确率: 51.56
2025-11-22 06:50:57 | INFO | oxford_pets_sepfpl_time_adaptive_1_0.01_10_[52/60] | 
2025-11-22 06:50:57 | INFO | oxford_pets_sepfpl_time_adaptive_1_0.01_10_[52/60] | ================================================================================
2025-11-22 06:50:57 | INFO | oxford_pets_sepfpl_time_adaptive_1_0.01_10_[52/60] |                     TEST START - Epoch 28/30
2025-11-22 06:50:57 | INFO | oxford_pets_sepfpl_time_adaptive_1_0.01_10_[52/60] | ================================================================================
2025-11-22 06:50:57 | INFO | oxford_pets_sepfpl_time_adaptive_1_0.01_10_[52/60] | 
2025-11-22 07:16:52 | INFO | oxford_pets_sepfpl_time_adaptive_1_0.01_10_[52/60] | 
================= Local Test Results ==================
+----------+----------+------------+----------+
| Client   | Accuracy | Error Rate | Macro F1 |
+----------+----------+------------+----------+
| Client 0 |    69.67 |      30.33 |    72.10 |
| Client 1 |    46.87 |      53.13 |    47.70 |
| Client 2 |    74.81 |      25.19 |    78.85 |
| Client 3 |    47.36 |      52.64 |    53.22 |
| Client 4 |    73.32 |      26.68 |    71.27 |
| Client 5 |    47.87 |      52.13 |    48.97 |
| Client 6 |    49.00 |      51.00 |    46.91 |
| Client 7 |    73.50 |      26.50 |    75.65 |
| Client 8 |    96.75 |       3.25 |    98.22 |
| Client 9 |    99.00 |       1.00 |    99.50 |
| Average  |    67.81 |      32.19 |    69.24 |
+----------+----------+------------+----------+

2025-11-22 07:16:52 | INFO | oxford_pets_sepfpl_time_adaptive_1_0.01_10_[52/60] | 
================= Neighbor Test Results ==================
+----------+----------+------------+----------+
| Client   | Accuracy | Error Rate | Macro F1 |
+----------+----------+------------+----------+
| Client 0 |    61.90 |      38.10 |    54.89 |
| Client 1 |    66.24 |      33.76 |    62.42 |
| Client 2 |    60.03 |      39.97 |    52.87 |
| Client 3 |    60.76 |      39.24 |    53.19 |
| Client 4 |    61.22 |      38.78 |    54.32 |
| Client 5 |    66.33 |      33.67 |    59.66 |
| Client 6 |    67.15 |      32.85 |    62.03 |
| Client 7 |    66.81 |      33.19 |    60.45 |
| Client 8 |    67.24 |      32.76 |    61.52 |
| Client 9 |    69.04 |      30.96 |    62.64 |
| Average  |    64.67 |      35.33 |    58.40 |
+----------+----------+------------+----------+

2025-11-22 07:16:52 | INFO | oxford_pets_sepfpl_time_adaptive_1_0.01_10_[52/60] | 
2025-11-22 07:16:52 | INFO | oxford_pets_sepfpl_time_adaptive_1_0.01_10_[52/60] | ================================================================================
2025-11-22 07:16:52 | INFO | oxford_pets_sepfpl_time_adaptive_1_0.01_10_[52/60] |                     TEST FINISH - Epoch 28/30
2025-11-22 07:16:52 | INFO | oxford_pets_sepfpl_time_adaptive_1_0.01_10_[52/60] |                     测试耗时: 1555.01s
2025-11-22 07:16:52 | INFO | oxford_pets_sepfpl_time_adaptive_1_0.01_10_[52/60] | ================================================================================
2025-11-22 07:16:52 | INFO | oxford_pets_sepfpl_time_adaptive_1_0.01_10_[52/60] | 
2025-11-22 07:16:52 | INFO | oxford_pets_sepfpl_time_adaptive_1_0.01_10_[52/60] | [RDP-sepfpl] 轮次 29: ε=0.000638, std=12.375710
2025-11-22 07:17:14 | INFO | oxford_pets_sepfpl_time_adaptive_1_0.01_10_[52/60] | [Epoch 29/30] 训练耗时: 21.68s | 平均训练准确率: 50.78
2025-11-22 07:17:14 | INFO | oxford_pets_sepfpl_time_adaptive_1_0.01_10_[52/60] | 
2025-11-22 07:17:14 | INFO | oxford_pets_sepfpl_time_adaptive_1_0.01_10_[52/60] | ================================================================================
2025-11-22 07:17:14 | INFO | oxford_pets_sepfpl_time_adaptive_1_0.01_10_[52/60] |                     TEST START - Epoch 29/30
2025-11-22 07:17:14 | INFO | oxford_pets_sepfpl_time_adaptive_1_0.01_10_[52/60] | ================================================================================
2025-11-22 07:17:14 | INFO | oxford_pets_sepfpl_time_adaptive_1_0.01_10_[52/60] | 
2025-11-22 07:42:57 | INFO | oxford_pets_sepfpl_time_adaptive_1_0.01_10_[52/60] | 
================= Local Test Results ==================
+----------+----------+------------+----------+
| Client   | Accuracy | Error Rate | Macro F1 |
+----------+----------+------------+----------+
| Client 0 |    53.63 |      46.37 |    60.88 |
| Client 1 |    45.86 |      54.14 |    47.41 |
| Client 2 |    72.49 |      27.51 |    79.11 |
| Client 3 |    61.46 |      38.54 |    64.24 |
| Client 4 |    71.76 |      28.24 |    70.52 |
| Client 5 |    43.11 |      56.89 |    45.73 |
| Client 6 |    48.50 |      51.50 |    42.23 |
| Client 7 |    66.00 |      34.00 |    70.19 |
| Client 8 |    89.75 |      10.25 |    94.03 |
| Client 9 |    69.00 |      31.00 |    81.66 |
| Average  |    62.16 |      37.84 |    65.60 |
+----------+----------+------------+----------+

2025-11-22 07:42:57 | INFO | oxford_pets_sepfpl_time_adaptive_1_0.01_10_[52/60] | 
================= Neighbor Test Results ==================
+----------+----------+------------+----------+
| Client   | Accuracy | Error Rate | Macro F1 |
+----------+----------+------------+----------+
| Client 0 |    52.05 |      47.95 |    43.77 |
| Client 1 |    60.67 |      39.33 |    54.64 |
| Client 2 |    64.36 |      35.64 |    56.96 |
| Client 3 |    69.62 |      30.38 |    64.19 |
| Client 4 |    67.86 |      32.14 |    62.17 |
| Client 5 |    66.64 |      33.36 |    60.42 |
| Client 6 |    59.59 |      40.41 |    57.29 |
| Client 7 |    58.95 |      41.05 |    53.80 |
| Client 8 |    57.33 |      42.67 |    52.56 |
| Client 9 |    61.75 |      38.25 |    55.53 |
| Average  |    61.88 |      38.12 |    56.13 |
+----------+----------+------------+----------+

2025-11-22 07:42:57 | INFO | oxford_pets_sepfpl_time_adaptive_1_0.01_10_[52/60] | 
2025-11-22 07:42:57 | INFO | oxford_pets_sepfpl_time_adaptive_1_0.01_10_[52/60] | ================================================================================
2025-11-22 07:42:57 | INFO | oxford_pets_sepfpl_time_adaptive_1_0.01_10_[52/60] |                     TEST FINISH - Epoch 29/30
2025-11-22 07:42:57 | INFO | oxford_pets_sepfpl_time_adaptive_1_0.01_10_[52/60] |                     测试耗时: 1543.18s
2025-11-22 07:42:57 | INFO | oxford_pets_sepfpl_time_adaptive_1_0.01_10_[52/60] | ================================================================================
2025-11-22 07:42:57 | INFO | oxford_pets_sepfpl_time_adaptive_1_0.01_10_[52/60] | 
2025-11-22 07:42:57 | INFO | oxford_pets_sepfpl_time_adaptive_1_0.01_10_[52/60] | [RDP-sepfpl] 轮次 30: ε=0.000661, std=12.157392
2025-11-22 07:43:16 | INFO | oxford_pets_sepfpl_time_adaptive_1_0.01_10_[52/60] | [Epoch 30/30] 训练耗时: 19.43s | 平均训练准确率: 50.94
2025-11-22 07:43:16 | INFO | oxford_pets_sepfpl_time_adaptive_1_0.01_10_[52/60] | 
2025-11-22 07:43:16 | INFO | oxford_pets_sepfpl_time_adaptive_1_0.01_10_[52/60] | ================================================================================
2025-11-22 07:43:16 | INFO | oxford_pets_sepfpl_time_adaptive_1_0.01_10_[52/60] |                     TEST START - Epoch 30/30
2025-11-22 07:43:16 | INFO | oxford_pets_sepfpl_time_adaptive_1_0.01_10_[52/60] | ================================================================================
2025-11-22 07:43:16 | INFO | oxford_pets_sepfpl_time_adaptive_1_0.01_10_[52/60] | 
2025-11-22 08:01:49 | INFO | oxford_pets_sepfpl_time_adaptive_1_0.01_10_[52/60] | 
================= Local Test Results ==================
+----------+----------+------------+----------+
| Client   | Accuracy | Error Rate | Macro F1 |
+----------+----------+------------+----------+
| Client 0 |    43.86 |      56.14 |    52.25 |
| Client 1 |    44.86 |      55.14 |    47.55 |
| Client 2 |    78.15 |      21.85 |    82.33 |
| Client 3 |    14.61 |      85.39 |    19.96 |
| Client 4 |    63.47 |      36.53 |    65.74 |
| Client 5 |    44.61 |      55.39 |    46.99 |
| Client 6 |    49.50 |      50.50 |    44.08 |
| Client 7 |    93.50 |       6.50 |    96.43 |
| Client 8 |    94.00 |       6.00 |    96.56 |
| Client 9 |    77.00 |      23.00 |    87.01 |
| Average  |    60.36 |      39.64 |    63.89 |
+----------+----------+------------+----------+

2025-11-22 08:01:49 | INFO | oxford_pets_sepfpl_time_adaptive_1_0.01_10_[52/60] | 
================= Neighbor Test Results ==================
+----------+----------+------------+----------+
| Client   | Accuracy | Error Rate | Macro F1 |
+----------+----------+------------+----------+
| Client 0 |    54.80 |      45.20 |    47.84 |
| Client 1 |    53.49 |      46.51 |    48.08 |
| Client 2 |    42.04 |      57.96 |    36.71 |
| Client 3 |    52.57 |      47.43 |    45.19 |
| Client 4 |    48.89 |      51.11 |    41.66 |
| Client 5 |    50.64 |      49.36 |    43.34 |
| Client 6 |    57.85 |      42.15 |    55.14 |
| Client 7 |    59.07 |      40.93 |    53.48 |
| Client 8 |    56.01 |      43.99 |    51.66 |
| Client 9 |    60.30 |      39.70 |    52.90 |
| Average  |    53.57 |      46.43 |    47.60 |
+----------+----------+------------+----------+

2025-11-22 08:01:49 | INFO | oxford_pets_sepfpl_time_adaptive_1_0.01_10_[52/60] | 
2025-11-22 08:01:49 | INFO | oxford_pets_sepfpl_time_adaptive_1_0.01_10_[52/60] | ================================================================================
2025-11-22 08:01:49 | INFO | oxford_pets_sepfpl_time_adaptive_1_0.01_10_[52/60] |                     TEST FINISH - Epoch 30/30
2025-11-22 08:01:49 | INFO | oxford_pets_sepfpl_time_adaptive_1_0.01_10_[52/60] |                     测试耗时: 1112.91s
2025-11-22 08:01:49 | INFO | oxford_pets_sepfpl_time_adaptive_1_0.01_10_[52/60] | ================================================================================
2025-11-22 08:01:49 | INFO | oxford_pets_sepfpl_time_adaptive_1_0.01_10_[52/60] | 
2025-11-22 08:01:49 | INFO | oxford_pets_sepfpl_time_adaptive_1_0.01_10_[52/60] | maximum test local acc: 67.814
2025-11-22 08:01:49 | INFO | oxford_pets_sepfpl_time_adaptive_1_0.01_10_[52/60] | mean of local acc: 63.443
2025-11-22 08:01:49 | INFO | oxford_pets_sepfpl_time_adaptive_1_0.01_10_[52/60] | maximum test neighbor acc: 64.671
2025-11-22 08:01:49 | INFO | oxford_pets_sepfpl_time_adaptive_1_0.01_10_[52/60] | mean of neighbor acc: 60.039
