2025-11-22 08:33:01 | INFO | oxford_pets_sepfpl_time_adaptive_4_0.01_10_[56/60] | Loading trainer: DP_FPL
2025-11-22 08:33:01 | INFO | oxford_pets_sepfpl_time_adaptive_4_0.01_10_[56/60] | Loading dataset: OxfordPets
2025-11-22 08:33:01 | INFO | oxford_pets_sepfpl_time_adaptive_4_0.01_10_[56/60] | Reading split from %s
2025-11-22 08:33:01 | INFO | oxford_pets_sepfpl_time_adaptive_4_0.01_10_[56/60] | Creating a baseline federated dataset
2025-11-22 08:33:01 | INFO | oxford_pets_sepfpl_time_adaptive_4_0.01_10_[56/60] | class_num %d
2025-11-22 08:33:01 | INFO | oxford_pets_sepfpl_time_adaptive_4_0.01_10_[56/60] | user class dict total %s
2025-11-22 08:33:01 | INFO | oxford_pets_sepfpl_time_adaptive_4_0.01_10_[56/60] | idx: %s, output_dict_len: %d
2025-11-22 08:33:01 | INFO | oxford_pets_sepfpl_time_adaptive_4_0.01_10_[56/60] | user class dict total %s
2025-11-22 08:33:01 | INFO | oxford_pets_sepfpl_time_adaptive_4_0.01_10_[56/60] | idx: %s, output_dict_len: %d
2025-11-22 08:33:01 | INFO | oxford_pets_sepfpl_time_adaptive_4_0.01_10_[56/60] | user class dict total %s
2025-11-22 08:33:01 | INFO | oxford_pets_sepfpl_time_adaptive_4_0.01_10_[56/60] | idx: %s, output_dict_len: %d
2025-11-22 08:33:01 | INFO | oxford_pets_sepfpl_time_adaptive_4_0.01_10_[56/60] | user class dict total %s
2025-11-22 08:33:01 | INFO | oxford_pets_sepfpl_time_adaptive_4_0.01_10_[56/60] | idx: %s, output_dict_len: %d
2025-11-22 08:33:01 | INFO | oxford_pets_sepfpl_time_adaptive_4_0.01_10_[56/60] | user class dict total %s
2025-11-22 08:33:01 | INFO | oxford_pets_sepfpl_time_adaptive_4_0.01_10_[56/60] | idx: %s, output_dict_len: %d
2025-11-22 08:33:01 | INFO | oxford_pets_sepfpl_time_adaptive_4_0.01_10_[56/60] | user class dict total %s
2025-11-22 08:33:01 | INFO | oxford_pets_sepfpl_time_adaptive_4_0.01_10_[56/60] | idx: %s, output_dict_len: %d
2025-11-22 08:33:01 | INFO | oxford_pets_sepfpl_time_adaptive_4_0.01_10_[56/60] | user class dict total %s
2025-11-22 08:33:01 | INFO | oxford_pets_sepfpl_time_adaptive_4_0.01_10_[56/60] | idx: %s, output_dict_len: %d
2025-11-22 08:33:01 | INFO | oxford_pets_sepfpl_time_adaptive_4_0.01_10_[56/60] | user class dict total %s
2025-11-22 08:33:01 | INFO | oxford_pets_sepfpl_time_adaptive_4_0.01_10_[56/60] | idx: %s, output_dict_len: %d
2025-11-22 08:33:01 | INFO | oxford_pets_sepfpl_time_adaptive_4_0.01_10_[56/60] | user class dict total %s
2025-11-22 08:33:01 | INFO | oxford_pets_sepfpl_time_adaptive_4_0.01_10_[56/60] | idx: %s, output_dict_len: %d
2025-11-22 08:33:01 | INFO | oxford_pets_sepfpl_time_adaptive_4_0.01_10_[56/60] | user class dict total %s
2025-11-22 08:33:01 | INFO | oxford_pets_sepfpl_time_adaptive_4_0.01_10_[56/60] | idx: %s, output_dict_len: %d
2025-11-22 08:33:01 | INFO | oxford_pets_sepfpl_time_adaptive_4_0.01_10_[56/60] | Creating a baseline federated dataset
2025-11-22 08:33:01 | INFO | oxford_pets_sepfpl_time_adaptive_4_0.01_10_[56/60] | class_num %d
2025-11-22 08:33:01 | INFO | oxford_pets_sepfpl_time_adaptive_4_0.01_10_[56/60] | user class dict total %s
2025-11-22 08:33:01 | INFO | oxford_pets_sepfpl_time_adaptive_4_0.01_10_[56/60] | idx: %s, output_dict_len: %d
2025-11-22 08:33:01 | INFO | oxford_pets_sepfpl_time_adaptive_4_0.01_10_[56/60] | user class dict total %s
2025-11-22 08:33:01 | INFO | oxford_pets_sepfpl_time_adaptive_4_0.01_10_[56/60] | idx: %s, output_dict_len: %d
2025-11-22 08:33:01 | INFO | oxford_pets_sepfpl_time_adaptive_4_0.01_10_[56/60] | user class dict total %s
2025-11-22 08:33:01 | INFO | oxford_pets_sepfpl_time_adaptive_4_0.01_10_[56/60] | idx: %s, output_dict_len: %d
2025-11-22 08:33:01 | INFO | oxford_pets_sepfpl_time_adaptive_4_0.01_10_[56/60] | user class dict total %s
2025-11-22 08:33:01 | INFO | oxford_pets_sepfpl_time_adaptive_4_0.01_10_[56/60] | idx: %s, output_dict_len: %d
2025-11-22 08:33:01 | INFO | oxford_pets_sepfpl_time_adaptive_4_0.01_10_[56/60] | user class dict total %s
2025-11-22 08:33:01 | INFO | oxford_pets_sepfpl_time_adaptive_4_0.01_10_[56/60] | idx: %s, output_dict_len: %d
2025-11-22 08:33:01 | INFO | oxford_pets_sepfpl_time_adaptive_4_0.01_10_[56/60] | user class dict total %s
2025-11-22 08:33:01 | INFO | oxford_pets_sepfpl_time_adaptive_4_0.01_10_[56/60] | idx: %s, output_dict_len: %d
2025-11-22 08:33:01 | INFO | oxford_pets_sepfpl_time_adaptive_4_0.01_10_[56/60] | user class dict total %s
2025-11-22 08:33:01 | INFO | oxford_pets_sepfpl_time_adaptive_4_0.01_10_[56/60] | idx: %s, output_dict_len: %d
2025-11-22 08:33:01 | INFO | oxford_pets_sepfpl_time_adaptive_4_0.01_10_[56/60] | user class dict total %s
2025-11-22 08:33:01 | INFO | oxford_pets_sepfpl_time_adaptive_4_0.01_10_[56/60] | idx: %s, output_dict_len: %d
2025-11-22 08:33:01 | INFO | oxford_pets_sepfpl_time_adaptive_4_0.01_10_[56/60] | user class dict total %s
2025-11-22 08:33:01 | INFO | oxford_pets_sepfpl_time_adaptive_4_0.01_10_[56/60] | idx: %s, output_dict_len: %d
2025-11-22 08:33:01 | INFO | oxford_pets_sepfpl_time_adaptive_4_0.01_10_[56/60] | user class dict total %s
2025-11-22 08:33:01 | INFO | oxford_pets_sepfpl_time_adaptive_4_0.01_10_[56/60] | idx: %s, output_dict_len: %d
2025-11-22 08:33:01 | INFO | oxford_pets_sepfpl_time_adaptive_4_0.01_10_[56/60] | Loading CLIP (backbone: ViT-B/16)
2025-11-22 08:33:04 | INFO | oxford_pets_sepfpl_time_adaptive_4_0.01_10_[56/60] | Building custom CLIP
2025-11-22 08:33:04 | INFO | oxford_pets_sepfpl_time_adaptive_4_0.01_10_[56/60] | Turning off gradients in both the image and the text encoder
2025-11-22 08:33:04 | INFO | oxford_pets_sepfpl_time_adaptive_4_0.01_10_[56/60] | [wandb] 正在初始化实验：project=SepFPL, name=oxford_pets-sepfpl_time_adaptive-rank4-noise0.01-seed1-users10-56/60, mode=offline
2025-11-22 08:33:07 | INFO | oxford_pets_sepfpl_time_adaptive_4_0.01_10_[56/60] | [RDP-sepfpl] 轮次 1: ε=0.000019, std=72.498511
2025-11-22 08:33:15 | INFO | oxford_pets_sepfpl_time_adaptive_4_0.01_10_[56/60] | [Epoch 1/30] 训练耗时: 8.01s | 平均训练准确率: 52.34
2025-11-22 08:33:15 | INFO | oxford_pets_sepfpl_time_adaptive_4_0.01_10_[56/60] | [RDP-sepfpl] 轮次 2: ε=0.000038, std=50.383500
2025-11-22 08:33:22 | INFO | oxford_pets_sepfpl_time_adaptive_4_0.01_10_[56/60] | [Epoch 2/30] 训练耗时: 7.27s | 平均训练准确率: 52.34
2025-11-22 08:33:22 | INFO | oxford_pets_sepfpl_time_adaptive_4_0.01_10_[56/60] | [RDP-sepfpl] 轮次 3: ε=0.000059, std=40.723062
2025-11-22 08:33:30 | INFO | oxford_pets_sepfpl_time_adaptive_4_0.01_10_[56/60] | [Epoch 3/30] 训练耗时: 7.70s | 平均训练准确率: 53.28
2025-11-22 08:33:30 | INFO | oxford_pets_sepfpl_time_adaptive_4_0.01_10_[56/60] | [RDP-sepfpl] 轮次 4: ε=0.000080, std=35.014473
2025-11-22 08:33:37 | INFO | oxford_pets_sepfpl_time_adaptive_4_0.01_10_[56/60] | [Epoch 4/30] 训练耗时: 7.40s | 平均训练准确率: 52.19
2025-11-22 08:33:37 | INFO | oxford_pets_sepfpl_time_adaptive_4_0.01_10_[56/60] | [RDP-sepfpl] 轮次 5: ε=0.000101, std=31.143673
2025-11-22 08:33:44 | INFO | oxford_pets_sepfpl_time_adaptive_4_0.01_10_[56/60] | [Epoch 5/30] 训练耗时: 7.21s | 平均训练准确率: 53.12
2025-11-22 08:33:44 | INFO | oxford_pets_sepfpl_time_adaptive_4_0.01_10_[56/60] | [RDP-sepfpl] 轮次 6: ε=0.000122, std=28.300863
2025-11-22 08:33:51 | INFO | oxford_pets_sepfpl_time_adaptive_4_0.01_10_[56/60] | [Epoch 6/30] 训练耗时: 6.99s | 平均训练准确率: 50.16
2025-11-22 08:33:51 | INFO | oxford_pets_sepfpl_time_adaptive_4_0.01_10_[56/60] | [RDP-sepfpl] 轮次 7: ε=0.000143, std=26.100728
2025-11-22 08:33:59 | INFO | oxford_pets_sepfpl_time_adaptive_4_0.01_10_[56/60] | [Epoch 7/30] 训练耗时: 7.80s | 平均训练准确率: 50.47
2025-11-22 08:33:59 | INFO | oxford_pets_sepfpl_time_adaptive_4_0.01_10_[56/60] | [RDP-sepfpl] 轮次 8: ε=0.000165, std=24.333627
2025-11-22 08:34:07 | INFO | oxford_pets_sepfpl_time_adaptive_4_0.01_10_[56/60] | [Epoch 8/30] 训练耗时: 7.35s | 平均训练准确率: 53.75
2025-11-22 08:34:07 | INFO | oxford_pets_sepfpl_time_adaptive_4_0.01_10_[56/60] | [RDP-sepfpl] 轮次 9: ε=0.000187, std=22.874508
2025-11-22 08:34:14 | INFO | oxford_pets_sepfpl_time_adaptive_4_0.01_10_[56/60] | [Epoch 9/30] 训练耗时: 7.00s | 平均训练准确率: 51.25
2025-11-22 08:34:14 | INFO | oxford_pets_sepfpl_time_adaptive_4_0.01_10_[56/60] | [RDP-sepfpl] 轮次 10: ε=0.000208, std=21.643579
2025-11-22 08:34:20 | INFO | oxford_pets_sepfpl_time_adaptive_4_0.01_10_[56/60] | [Epoch 10/30] 训练耗时: 6.72s | 平均训练准确率: 51.41
2025-11-22 08:34:20 | INFO | oxford_pets_sepfpl_time_adaptive_4_0.01_10_[56/60] | [RDP-sepfpl] 轮次 11: ε=0.000230, std=20.587230
2025-11-22 08:34:25 | INFO | oxford_pets_sepfpl_time_adaptive_4_0.01_10_[56/60] | [Epoch 11/30] 训练耗时: 5.06s | 平均训练准确率: 50.78
2025-11-22 08:34:25 | INFO | oxford_pets_sepfpl_time_adaptive_4_0.01_10_[56/60] | [RDP-sepfpl] 轮次 12: ε=0.000252, std=19.667943
2025-11-22 08:34:31 | INFO | oxford_pets_sepfpl_time_adaptive_4_0.01_10_[56/60] | [Epoch 12/30] 训练耗时: 5.38s | 平均训练准确率: 52.34
2025-11-22 08:34:31 | INFO | oxford_pets_sepfpl_time_adaptive_4_0.01_10_[56/60] | [RDP-sepfpl] 轮次 13: ε=0.000275, std=18.858573
2025-11-22 08:34:38 | INFO | oxford_pets_sepfpl_time_adaptive_4_0.01_10_[56/60] | [Epoch 13/30] 训练耗时: 7.03s | 平均训练准确率: 53.12
2025-11-22 08:34:38 | INFO | oxford_pets_sepfpl_time_adaptive_4_0.01_10_[56/60] | [RDP-sepfpl] 轮次 14: ε=0.000297, std=18.138938
2025-11-22 08:34:45 | INFO | oxford_pets_sepfpl_time_adaptive_4_0.01_10_[56/60] | [Epoch 14/30] 训练耗时: 7.45s | 平均训练准确率: 52.03
2025-11-22 08:34:45 | INFO | oxford_pets_sepfpl_time_adaptive_4_0.01_10_[56/60] | [RDP-sepfpl] 轮次 15: ε=0.000319, std=17.493680
2025-11-22 08:34:53 | INFO | oxford_pets_sepfpl_time_adaptive_4_0.01_10_[56/60] | [Epoch 15/30] 训练耗时: 8.15s | 平均训练准确率: 49.06
2025-11-22 08:34:53 | INFO | oxford_pets_sepfpl_time_adaptive_4_0.01_10_[56/60] | [RDP-sepfpl] 轮次 16: ε=0.000341, std=16.910876
2025-11-22 08:35:00 | INFO | oxford_pets_sepfpl_time_adaptive_4_0.01_10_[56/60] | [Epoch 16/30] 训练耗时: 6.70s | 平均训练准确率: 52.66
2025-11-22 08:35:00 | INFO | oxford_pets_sepfpl_time_adaptive_4_0.01_10_[56/60] | [RDP-sepfpl] 轮次 17: ε=0.000364, std=16.381113
2025-11-22 08:35:07 | INFO | oxford_pets_sepfpl_time_adaptive_4_0.01_10_[56/60] | [Epoch 17/30] 训练耗时: 6.71s | 平均训练准确率: 54.22
2025-11-22 08:35:07 | INFO | oxford_pets_sepfpl_time_adaptive_4_0.01_10_[56/60] | [RDP-sepfpl] 轮次 18: ε=0.000386, std=15.896848
2025-11-22 08:35:14 | INFO | oxford_pets_sepfpl_time_adaptive_4_0.01_10_[56/60] | [Epoch 18/30] 训练耗时: 7.10s | 平均训练准确率: 49.53
2025-11-22 08:35:14 | INFO | oxford_pets_sepfpl_time_adaptive_4_0.01_10_[56/60] | [RDP-sepfpl] 轮次 19: ε=0.000409, std=15.451955
2025-11-22 08:35:20 | INFO | oxford_pets_sepfpl_time_adaptive_4_0.01_10_[56/60] | [Epoch 19/30] 训练耗时: 6.43s | 平均训练准确率: 51.72
2025-11-22 08:35:20 | INFO | oxford_pets_sepfpl_time_adaptive_4_0.01_10_[56/60] | [RDP-sepfpl] 轮次 20: ε=0.000432, std=15.041403
2025-11-22 08:35:27 | INFO | oxford_pets_sepfpl_time_adaptive_4_0.01_10_[56/60] | [Epoch 20/30] 训练耗时: 6.66s | 平均训练准确率: 53.12
2025-11-22 08:35:27 | INFO | oxford_pets_sepfpl_time_adaptive_4_0.01_10_[56/60] | [RDP-sepfpl] 轮次 21: ε=0.000454, std=14.661012
2025-11-22 08:35:34 | INFO | oxford_pets_sepfpl_time_adaptive_4_0.01_10_[56/60] | [Epoch 21/30] 训练耗时: 7.52s | 平均训练准确率: 51.41
2025-11-22 08:35:34 | INFO | oxford_pets_sepfpl_time_adaptive_4_0.01_10_[56/60] | [RDP-sepfpl] 轮次 22: ε=0.000477, std=14.307283
2025-11-22 08:35:41 | INFO | oxford_pets_sepfpl_time_adaptive_4_0.01_10_[56/60] | [Epoch 22/30] 训练耗时: 6.44s | 平均训练准确率: 50.31
2025-11-22 08:35:41 | INFO | oxford_pets_sepfpl_time_adaptive_4_0.01_10_[56/60] | [RDP-sepfpl] 轮次 23: ε=0.000500, std=13.977258
2025-11-22 08:35:47 | INFO | oxford_pets_sepfpl_time_adaptive_4_0.01_10_[56/60] | [Epoch 23/30] 训练耗时: 6.34s | 平均训练准确率: 51.56
2025-11-22 08:35:47 | INFO | oxford_pets_sepfpl_time_adaptive_4_0.01_10_[56/60] | [RDP-sepfpl] 轮次 24: ε=0.000523, std=13.668416
2025-11-22 08:35:54 | INFO | oxford_pets_sepfpl_time_adaptive_4_0.01_10_[56/60] | [Epoch 24/30] 训练耗时: 6.95s | 平均训练准确率: 50.78
2025-11-22 08:35:54 | INFO | oxford_pets_sepfpl_time_adaptive_4_0.01_10_[56/60] | [RDP-sepfpl] 轮次 25: ε=0.000546, std=13.378597
2025-11-22 08:36:01 | INFO | oxford_pets_sepfpl_time_adaptive_4_0.01_10_[56/60] | [Epoch 25/30] 训练耗时: 6.69s | 平均训练准确率: 51.25
2025-11-22 08:36:01 | INFO | oxford_pets_sepfpl_time_adaptive_4_0.01_10_[56/60] | [RDP-sepfpl] 轮次 26: ε=0.000569, std=13.105937
2025-11-22 08:36:08 | INFO | oxford_pets_sepfpl_time_adaptive_4_0.01_10_[56/60] | [Epoch 26/30] 训练耗时: 6.83s | 平均训练准确率: 52.50
2025-11-22 08:36:08 | INFO | oxford_pets_sepfpl_time_adaptive_4_0.01_10_[56/60] | [RDP-sepfpl] 轮次 27: ε=0.000592, std=12.848816
2025-11-22 08:36:14 | INFO | oxford_pets_sepfpl_time_adaptive_4_0.01_10_[56/60] | [Epoch 27/30] 训练耗时: 6.46s | 平均训练准确率: 54.22
2025-11-22 08:36:14 | INFO | oxford_pets_sepfpl_time_adaptive_4_0.01_10_[56/60] | [RDP-sepfpl] 轮次 28: ε=0.000615, std=12.605820
2025-11-22 08:36:22 | INFO | oxford_pets_sepfpl_time_adaptive_4_0.01_10_[56/60] | [Epoch 28/30] 训练耗时: 7.36s | 平均训练准确率: 52.19
2025-11-22 08:36:22 | INFO | oxford_pets_sepfpl_time_adaptive_4_0.01_10_[56/60] | 
2025-11-22 08:36:22 | INFO | oxford_pets_sepfpl_time_adaptive_4_0.01_10_[56/60] | ================================================================================
2025-11-22 08:36:22 | INFO | oxford_pets_sepfpl_time_adaptive_4_0.01_10_[56/60] |                     TEST START - Epoch 28/30
2025-11-22 08:36:22 | INFO | oxford_pets_sepfpl_time_adaptive_4_0.01_10_[56/60] | ================================================================================
2025-11-22 08:36:22 | INFO | oxford_pets_sepfpl_time_adaptive_4_0.01_10_[56/60] | 
2025-11-22 08:45:24 | INFO | oxford_pets_sepfpl_time_adaptive_4_0.01_10_[56/60] | 
================= Local Test Results ==================
+----------+----------+------------+----------+
| Client   | Accuracy | Error Rate | Macro F1 |
+----------+----------+------------+----------+
| Client 0 |    69.92 |      30.08 |    72.24 |
| Client 1 |    47.12 |      52.88 |    47.83 |
| Client 2 |    74.55 |      25.45 |    78.70 |
| Client 3 |    47.36 |      52.64 |    53.42 |
| Client 4 |    73.58 |      26.42 |    71.52 |
| Client 5 |    47.87 |      52.13 |    48.97 |
| Client 6 |    49.00 |      51.00 |    46.91 |
| Client 7 |    73.50 |      26.50 |    75.65 |
| Client 8 |    96.75 |       3.25 |    98.22 |
| Client 9 |    99.00 |       1.00 |    99.50 |
| Average  |    67.86 |      32.14 |    69.30 |
+----------+----------+------------+----------+

2025-11-22 08:45:24 | INFO | oxford_pets_sepfpl_time_adaptive_4_0.01_10_[56/60] | 
================= Neighbor Test Results ==================
+----------+----------+------------+----------+
| Client   | Accuracy | Error Rate | Macro F1 |
+----------+----------+------------+----------+
| Client 0 |    62.17 |      37.83 |    55.14 |
| Client 1 |    66.76 |      33.24 |    63.01 |
| Client 2 |    60.24 |      39.76 |    53.13 |
| Client 3 |    60.88 |      39.12 |    53.29 |
| Client 4 |    61.35 |      38.65 |    54.46 |
| Client 5 |    66.33 |      33.67 |    59.66 |
| Client 6 |    66.99 |      33.01 |    61.84 |
| Client 7 |    66.78 |      33.22 |    60.39 |
| Client 8 |    67.08 |      32.92 |    61.40 |
| Client 9 |    68.95 |      31.05 |    62.57 |
| Average  |    64.75 |      35.25 |    58.49 |
+----------+----------+------------+----------+

2025-11-22 08:45:24 | INFO | oxford_pets_sepfpl_time_adaptive_4_0.01_10_[56/60] | 
2025-11-22 08:45:24 | INFO | oxford_pets_sepfpl_time_adaptive_4_0.01_10_[56/60] | ================================================================================
2025-11-22 08:45:24 | INFO | oxford_pets_sepfpl_time_adaptive_4_0.01_10_[56/60] |                     TEST FINISH - Epoch 28/30
2025-11-22 08:45:24 | INFO | oxford_pets_sepfpl_time_adaptive_4_0.01_10_[56/60] |                     测试耗时: 542.77s
2025-11-22 08:45:24 | INFO | oxford_pets_sepfpl_time_adaptive_4_0.01_10_[56/60] | ================================================================================
2025-11-22 08:45:24 | INFO | oxford_pets_sepfpl_time_adaptive_4_0.01_10_[56/60] | 
2025-11-22 08:45:24 | INFO | oxford_pets_sepfpl_time_adaptive_4_0.01_10_[56/60] | [RDP-sepfpl] 轮次 29: ε=0.000638, std=12.375710
2025-11-22 08:45:32 | INFO | oxford_pets_sepfpl_time_adaptive_4_0.01_10_[56/60] | [Epoch 29/30] 训练耗时: 7.41s | 平均训练准确率: 49.38
2025-11-22 08:45:32 | INFO | oxford_pets_sepfpl_time_adaptive_4_0.01_10_[56/60] | 
2025-11-22 08:45:32 | INFO | oxford_pets_sepfpl_time_adaptive_4_0.01_10_[56/60] | ================================================================================
2025-11-22 08:45:32 | INFO | oxford_pets_sepfpl_time_adaptive_4_0.01_10_[56/60] |                     TEST START - Epoch 29/30
2025-11-22 08:45:32 | INFO | oxford_pets_sepfpl_time_adaptive_4_0.01_10_[56/60] | ================================================================================
2025-11-22 08:45:32 | INFO | oxford_pets_sepfpl_time_adaptive_4_0.01_10_[56/60] | 
2025-11-22 08:54:30 | INFO | oxford_pets_sepfpl_time_adaptive_4_0.01_10_[56/60] | 
================= Local Test Results ==================
+----------+----------+------------+----------+
| Client   | Accuracy | Error Rate | Macro F1 |
+----------+----------+------------+----------+
| Client 0 |    52.38 |      47.62 |    59.68 |
| Client 1 |    45.61 |      54.39 |    47.27 |
| Client 2 |    72.49 |      27.51 |    79.11 |
| Client 3 |    61.46 |      38.54 |    64.24 |
| Client 4 |    71.76 |      28.24 |    70.52 |
| Client 5 |    42.86 |      57.14 |    45.56 |
| Client 6 |    48.50 |      51.50 |    42.03 |
| Client 7 |    66.25 |      33.75 |    70.32 |
| Client 8 |    88.00 |      12.00 |    92.72 |
| Client 9 |    67.00 |      33.00 |    80.24 |
| Average  |    61.63 |      38.37 |    65.17 |
+----------+----------+------------+----------+

2025-11-22 08:54:30 | INFO | oxford_pets_sepfpl_time_adaptive_4_0.01_10_[56/60] | 
================= Neighbor Test Results ==================
+----------+----------+------------+----------+
| Client   | Accuracy | Error Rate | Macro F1 |
+----------+----------+------------+----------+
| Client 0 |    51.71 |      48.29 |    43.54 |
| Client 1 |    60.49 |      39.51 |    54.38 |
| Client 2 |    64.05 |      35.95 |    56.81 |
| Client 3 |    69.56 |      30.44 |    64.15 |
| Client 4 |    67.80 |      32.20 |    62.04 |
| Client 5 |    66.54 |      33.46 |    60.45 |
| Client 6 |    59.56 |      40.44 |    57.30 |
| Client 7 |    59.77 |      40.23 |    54.55 |
| Client 8 |    56.71 |      43.29 |    52.09 |
| Client 9 |    59.20 |      40.80 |    53.20 |
| Average  |    61.54 |      38.46 |    55.85 |
+----------+----------+------------+----------+

2025-11-22 08:54:30 | INFO | oxford_pets_sepfpl_time_adaptive_4_0.01_10_[56/60] | 
2025-11-22 08:54:30 | INFO | oxford_pets_sepfpl_time_adaptive_4_0.01_10_[56/60] | ================================================================================
2025-11-22 08:54:30 | INFO | oxford_pets_sepfpl_time_adaptive_4_0.01_10_[56/60] |                     TEST FINISH - Epoch 29/30
2025-11-22 08:54:30 | INFO | oxford_pets_sepfpl_time_adaptive_4_0.01_10_[56/60] |                     测试耗时: 538.26s
2025-11-22 08:54:30 | INFO | oxford_pets_sepfpl_time_adaptive_4_0.01_10_[56/60] | ================================================================================
2025-11-22 08:54:30 | INFO | oxford_pets_sepfpl_time_adaptive_4_0.01_10_[56/60] | 
2025-11-22 08:54:30 | INFO | oxford_pets_sepfpl_time_adaptive_4_0.01_10_[56/60] | [RDP-sepfpl] 轮次 30: ε=0.000661, std=12.157392
2025-11-22 08:54:37 | INFO | oxford_pets_sepfpl_time_adaptive_4_0.01_10_[56/60] | [Epoch 30/30] 训练耗时: 7.22s | 平均训练准确率: 46.72
2025-11-22 08:54:37 | INFO | oxford_pets_sepfpl_time_adaptive_4_0.01_10_[56/60] | 
2025-11-22 08:54:37 | INFO | oxford_pets_sepfpl_time_adaptive_4_0.01_10_[56/60] | ================================================================================
2025-11-22 08:54:37 | INFO | oxford_pets_sepfpl_time_adaptive_4_0.01_10_[56/60] |                     TEST START - Epoch 30/30
2025-11-22 08:54:37 | INFO | oxford_pets_sepfpl_time_adaptive_4_0.01_10_[56/60] | ================================================================================
2025-11-22 08:54:37 | INFO | oxford_pets_sepfpl_time_adaptive_4_0.01_10_[56/60] | 
2025-11-22 09:03:43 | INFO | oxford_pets_sepfpl_time_adaptive_4_0.01_10_[56/60] | 
================= Local Test Results ==================
+----------+----------+------------+----------+
| Client   | Accuracy | Error Rate | Macro F1 |
+----------+----------+------------+----------+
| Client 0 |    43.86 |      56.14 |    52.25 |
| Client 1 |    44.86 |      55.14 |    47.55 |
| Client 2 |    78.15 |      21.85 |    82.33 |
| Client 3 |    14.61 |      85.39 |    19.96 |
| Client 4 |    63.47 |      36.53 |    65.74 |
| Client 5 |    44.61 |      55.39 |    46.99 |
| Client 6 |    49.50 |      50.50 |    44.08 |
| Client 7 |    94.25 |       5.75 |    96.89 |
| Client 8 |    94.50 |       5.50 |    96.85 |
| Client 9 |    72.00 |      28.00 |    83.72 |
| Average  |    59.98 |      40.02 |    63.64 |
+----------+----------+------------+----------+

2025-11-22 09:03:43 | INFO | oxford_pets_sepfpl_time_adaptive_4_0.01_10_[56/60] | 
================= Neighbor Test Results ==================
+----------+----------+------------+----------+
| Client   | Accuracy | Error Rate | Macro F1 |
+----------+----------+------------+----------+
| Client 0 |    54.68 |      45.32 |    47.70 |
| Client 1 |    53.49 |      46.51 |    48.08 |
| Client 2 |    41.95 |      58.05 |    36.59 |
| Client 3 |    52.57 |      47.43 |    45.16 |
| Client 4 |    49.19 |      50.81 |    42.09 |
| Client 5 |    50.86 |      49.14 |    43.58 |
| Client 6 |    57.51 |      42.49 |    54.83 |
| Client 7 |    60.20 |      39.80 |    54.75 |
| Client 8 |    56.71 |      43.29 |    52.65 |
| Client 9 |    59.18 |      40.82 |    51.90 |
| Average  |    53.63 |      46.37 |    47.73 |
+----------+----------+------------+----------+

2025-11-22 09:03:43 | INFO | oxford_pets_sepfpl_time_adaptive_4_0.01_10_[56/60] | 
2025-11-22 09:03:43 | INFO | oxford_pets_sepfpl_time_adaptive_4_0.01_10_[56/60] | ================================================================================
2025-11-22 09:03:43 | INFO | oxford_pets_sepfpl_time_adaptive_4_0.01_10_[56/60] |                     TEST FINISH - Epoch 30/30
2025-11-22 09:03:43 | INFO | oxford_pets_sepfpl_time_adaptive_4_0.01_10_[56/60] |                     测试耗时: 546.06s
2025-11-22 09:03:43 | INFO | oxford_pets_sepfpl_time_adaptive_4_0.01_10_[56/60] | ================================================================================
2025-11-22 09:03:43 | INFO | oxford_pets_sepfpl_time_adaptive_4_0.01_10_[56/60] | 
2025-11-22 09:03:43 | INFO | oxford_pets_sepfpl_time_adaptive_4_0.01_10_[56/60] | maximum test local acc: 67.864
2025-11-22 09:03:43 | INFO | oxford_pets_sepfpl_time_adaptive_4_0.01_10_[56/60] | mean of local acc: 63.159
2025-11-22 09:03:43 | INFO | oxford_pets_sepfpl_time_adaptive_4_0.01_10_[56/60] | maximum test neighbor acc: 64.754
2025-11-22 09:03:43 | INFO | oxford_pets_sepfpl_time_adaptive_4_0.01_10_[56/60] | mean of neighbor acc: 59.976
