2025-11-22 00:14:08 | INFO | oxford_pets_sepfpl_time_adaptive_8_0.4_10_[38/60] | Loading trainer: DP_FPL
2025-11-22 00:14:08 | INFO | oxford_pets_sepfpl_time_adaptive_8_0.4_10_[38/60] | Loading dataset: OxfordPets
2025-11-22 00:14:08 | INFO | oxford_pets_sepfpl_time_adaptive_8_0.4_10_[38/60] | Reading split from %s
2025-11-22 00:14:08 | INFO | oxford_pets_sepfpl_time_adaptive_8_0.4_10_[38/60] | Creating a baseline federated dataset
2025-11-22 00:14:08 | INFO | oxford_pets_sepfpl_time_adaptive_8_0.4_10_[38/60] | class_num %d
2025-11-22 00:14:08 | INFO | oxford_pets_sepfpl_time_adaptive_8_0.4_10_[38/60] | user class dict total %s
2025-11-22 00:14:08 | INFO | oxford_pets_sepfpl_time_adaptive_8_0.4_10_[38/60] | idx: %s, output_dict_len: %d
2025-11-22 00:14:08 | INFO | oxford_pets_sepfpl_time_adaptive_8_0.4_10_[38/60] | user class dict total %s
2025-11-22 00:14:08 | INFO | oxford_pets_sepfpl_time_adaptive_8_0.4_10_[38/60] | idx: %s, output_dict_len: %d
2025-11-22 00:14:08 | INFO | oxford_pets_sepfpl_time_adaptive_8_0.4_10_[38/60] | user class dict total %s
2025-11-22 00:14:08 | INFO | oxford_pets_sepfpl_time_adaptive_8_0.4_10_[38/60] | idx: %s, output_dict_len: %d
2025-11-22 00:14:08 | INFO | oxford_pets_sepfpl_time_adaptive_8_0.4_10_[38/60] | user class dict total %s
2025-11-22 00:14:08 | INFO | oxford_pets_sepfpl_time_adaptive_8_0.4_10_[38/60] | idx: %s, output_dict_len: %d
2025-11-22 00:14:08 | INFO | oxford_pets_sepfpl_time_adaptive_8_0.4_10_[38/60] | user class dict total %s
2025-11-22 00:14:08 | INFO | oxford_pets_sepfpl_time_adaptive_8_0.4_10_[38/60] | idx: %s, output_dict_len: %d
2025-11-22 00:14:08 | INFO | oxford_pets_sepfpl_time_adaptive_8_0.4_10_[38/60] | user class dict total %s
2025-11-22 00:14:08 | INFO | oxford_pets_sepfpl_time_adaptive_8_0.4_10_[38/60] | idx: %s, output_dict_len: %d
2025-11-22 00:14:08 | INFO | oxford_pets_sepfpl_time_adaptive_8_0.4_10_[38/60] | user class dict total %s
2025-11-22 00:14:08 | INFO | oxford_pets_sepfpl_time_adaptive_8_0.4_10_[38/60] | idx: %s, output_dict_len: %d
2025-11-22 00:14:08 | INFO | oxford_pets_sepfpl_time_adaptive_8_0.4_10_[38/60] | user class dict total %s
2025-11-22 00:14:08 | INFO | oxford_pets_sepfpl_time_adaptive_8_0.4_10_[38/60] | idx: %s, output_dict_len: %d
2025-11-22 00:14:08 | INFO | oxford_pets_sepfpl_time_adaptive_8_0.4_10_[38/60] | user class dict total %s
2025-11-22 00:14:08 | INFO | oxford_pets_sepfpl_time_adaptive_8_0.4_10_[38/60] | idx: %s, output_dict_len: %d
2025-11-22 00:14:08 | INFO | oxford_pets_sepfpl_time_adaptive_8_0.4_10_[38/60] | user class dict total %s
2025-11-22 00:14:08 | INFO | oxford_pets_sepfpl_time_adaptive_8_0.4_10_[38/60] | idx: %s, output_dict_len: %d
2025-11-22 00:14:08 | INFO | oxford_pets_sepfpl_time_adaptive_8_0.4_10_[38/60] | Creating a baseline federated dataset
2025-11-22 00:14:08 | INFO | oxford_pets_sepfpl_time_adaptive_8_0.4_10_[38/60] | class_num %d
2025-11-22 00:14:08 | INFO | oxford_pets_sepfpl_time_adaptive_8_0.4_10_[38/60] | user class dict total %s
2025-11-22 00:14:08 | INFO | oxford_pets_sepfpl_time_adaptive_8_0.4_10_[38/60] | idx: %s, output_dict_len: %d
2025-11-22 00:14:08 | INFO | oxford_pets_sepfpl_time_adaptive_8_0.4_10_[38/60] | user class dict total %s
2025-11-22 00:14:08 | INFO | oxford_pets_sepfpl_time_adaptive_8_0.4_10_[38/60] | idx: %s, output_dict_len: %d
2025-11-22 00:14:08 | INFO | oxford_pets_sepfpl_time_adaptive_8_0.4_10_[38/60] | user class dict total %s
2025-11-22 00:14:08 | INFO | oxford_pets_sepfpl_time_adaptive_8_0.4_10_[38/60] | idx: %s, output_dict_len: %d
2025-11-22 00:14:08 | INFO | oxford_pets_sepfpl_time_adaptive_8_0.4_10_[38/60] | user class dict total %s
2025-11-22 00:14:08 | INFO | oxford_pets_sepfpl_time_adaptive_8_0.4_10_[38/60] | idx: %s, output_dict_len: %d
2025-11-22 00:14:08 | INFO | oxford_pets_sepfpl_time_adaptive_8_0.4_10_[38/60] | user class dict total %s
2025-11-22 00:14:08 | INFO | oxford_pets_sepfpl_time_adaptive_8_0.4_10_[38/60] | idx: %s, output_dict_len: %d
2025-11-22 00:14:08 | INFO | oxford_pets_sepfpl_time_adaptive_8_0.4_10_[38/60] | user class dict total %s
2025-11-22 00:14:08 | INFO | oxford_pets_sepfpl_time_adaptive_8_0.4_10_[38/60] | idx: %s, output_dict_len: %d
2025-11-22 00:14:08 | INFO | oxford_pets_sepfpl_time_adaptive_8_0.4_10_[38/60] | user class dict total %s
2025-11-22 00:14:08 | INFO | oxford_pets_sepfpl_time_adaptive_8_0.4_10_[38/60] | idx: %s, output_dict_len: %d
2025-11-22 00:14:08 | INFO | oxford_pets_sepfpl_time_adaptive_8_0.4_10_[38/60] | user class dict total %s
2025-11-22 00:14:08 | INFO | oxford_pets_sepfpl_time_adaptive_8_0.4_10_[38/60] | idx: %s, output_dict_len: %d
2025-11-22 00:14:08 | INFO | oxford_pets_sepfpl_time_adaptive_8_0.4_10_[38/60] | user class dict total %s
2025-11-22 00:14:08 | INFO | oxford_pets_sepfpl_time_adaptive_8_0.4_10_[38/60] | idx: %s, output_dict_len: %d
2025-11-22 00:14:08 | INFO | oxford_pets_sepfpl_time_adaptive_8_0.4_10_[38/60] | user class dict total %s
2025-11-22 00:14:08 | INFO | oxford_pets_sepfpl_time_adaptive_8_0.4_10_[38/60] | idx: %s, output_dict_len: %d
2025-11-22 00:14:08 | INFO | oxford_pets_sepfpl_time_adaptive_8_0.4_10_[38/60] | Loading CLIP (backbone: ViT-B/16)
2025-11-22 00:14:10 | INFO | oxford_pets_sepfpl_time_adaptive_8_0.4_10_[38/60] | Building custom CLIP
2025-11-22 00:14:10 | INFO | oxford_pets_sepfpl_time_adaptive_8_0.4_10_[38/60] | Turning off gradients in both the image and the text encoder
2025-11-22 00:14:11 | INFO | oxford_pets_sepfpl_time_adaptive_8_0.4_10_[38/60] | [wandb] 正在初始化实验：project=SepFPL, name=oxford_pets-sepfpl_time_adaptive-rank8-noise0.4-seed1-users10-38/60, mode=offline
2025-11-22 00:14:14 | INFO | oxford_pets_sepfpl_time_adaptive_8_0.4_10_[38/60] | [RDP-sepfpl] 轮次 1: ε=0.000743, std=11.463021
2025-11-22 00:14:27 | INFO | oxford_pets_sepfpl_time_adaptive_8_0.4_10_[38/60] | [Epoch 1/30] 训练耗时: 12.73s | 平均训练准确率: 51.41
2025-11-22 00:14:27 | INFO | oxford_pets_sepfpl_time_adaptive_8_0.4_10_[38/60] | [RDP-sepfpl] 轮次 2: ε=0.001539, std=7.966331
2025-11-22 00:14:39 | INFO | oxford_pets_sepfpl_time_adaptive_8_0.4_10_[38/60] | [Epoch 2/30] 训练耗时: 12.61s | 平均训练准确率: 53.12
2025-11-22 00:14:39 | INFO | oxford_pets_sepfpl_time_adaptive_8_0.4_10_[38/60] | [RDP-sepfpl] 轮次 3: ε=0.002355, std=6.438881
2025-11-22 00:14:52 | INFO | oxford_pets_sepfpl_time_adaptive_8_0.4_10_[38/60] | [Epoch 3/30] 训练耗时: 12.85s | 平均训练准确率: 50.94
2025-11-22 00:14:52 | INFO | oxford_pets_sepfpl_time_adaptive_8_0.4_10_[38/60] | [RDP-sepfpl] 轮次 4: ε=0.003186, std=5.536274
2025-11-22 00:15:03 | INFO | oxford_pets_sepfpl_time_adaptive_8_0.4_10_[38/60] | [Epoch 4/30] 训练耗时: 10.84s | 平均训练准确率: 50.31
2025-11-22 00:15:03 | INFO | oxford_pets_sepfpl_time_adaptive_8_0.4_10_[38/60] | [RDP-sepfpl] 轮次 5: ε=0.004027, std=4.924247
2025-11-22 00:15:15 | INFO | oxford_pets_sepfpl_time_adaptive_8_0.4_10_[38/60] | [Epoch 5/30] 训练耗时: 12.41s | 平均训练准确率: 52.50
2025-11-22 00:15:15 | INFO | oxford_pets_sepfpl_time_adaptive_8_0.4_10_[38/60] | [RDP-sepfpl] 轮次 6: ε=0.004877, std=4.474759
2025-11-22 00:15:28 | INFO | oxford_pets_sepfpl_time_adaptive_8_0.4_10_[38/60] | [Epoch 6/30] 训练耗时: 12.77s | 平均训练准确率: 52.03
2025-11-22 00:15:28 | INFO | oxford_pets_sepfpl_time_adaptive_8_0.4_10_[38/60] | [RDP-sepfpl] 轮次 7: ε=0.005734, std=4.126887
2025-11-22 00:15:40 | INFO | oxford_pets_sepfpl_time_adaptive_8_0.4_10_[38/60] | [Epoch 7/30] 训练耗时: 11.57s | 平均训练准确率: 52.50
2025-11-22 00:15:40 | INFO | oxford_pets_sepfpl_time_adaptive_8_0.4_10_[38/60] | [RDP-sepfpl] 轮次 8: ε=0.006597, std=3.847484
2025-11-22 00:15:53 | INFO | oxford_pets_sepfpl_time_adaptive_8_0.4_10_[38/60] | [Epoch 8/30] 训练耗时: 13.02s | 平均训练准确率: 51.88
2025-11-22 00:15:53 | INFO | oxford_pets_sepfpl_time_adaptive_8_0.4_10_[38/60] | [RDP-sepfpl] 轮次 9: ε=0.007465, std=3.616777
2025-11-22 00:16:04 | INFO | oxford_pets_sepfpl_time_adaptive_8_0.4_10_[38/60] | [Epoch 9/30] 训练耗时: 11.20s | 平均训练准确率: 51.41
2025-11-22 00:16:04 | INFO | oxford_pets_sepfpl_time_adaptive_8_0.4_10_[38/60] | [RDP-sepfpl] 轮次 10: ε=0.008339, std=3.422150
2025-11-22 00:16:15 | INFO | oxford_pets_sepfpl_time_adaptive_8_0.4_10_[38/60] | [Epoch 10/30] 训练耗时: 11.07s | 平均训练准确率: 50.47
2025-11-22 00:16:15 | INFO | oxford_pets_sepfpl_time_adaptive_8_0.4_10_[38/60] | [RDP-sepfpl] 轮次 11: ε=0.009216, std=3.255127
2025-11-22 00:16:28 | INFO | oxford_pets_sepfpl_time_adaptive_8_0.4_10_[38/60] | [Epoch 11/30] 训练耗时: 13.28s | 平均训练准确率: 50.94
2025-11-22 00:16:28 | INFO | oxford_pets_sepfpl_time_adaptive_8_0.4_10_[38/60] | [RDP-sepfpl] 轮次 12: ε=0.010098, std=3.109775
2025-11-22 00:16:41 | INFO | oxford_pets_sepfpl_time_adaptive_8_0.4_10_[38/60] | [Epoch 12/30] 训练耗时: 13.33s | 平均训练准确率: 51.25
2025-11-22 00:16:41 | INFO | oxford_pets_sepfpl_time_adaptive_8_0.4_10_[38/60] | [RDP-sepfpl] 轮次 13: ε=0.010984, std=2.981802
2025-11-22 00:16:55 | INFO | oxford_pets_sepfpl_time_adaptive_8_0.4_10_[38/60] | [Epoch 13/30] 训练耗时: 13.93s | 平均训练准确率: 52.81
2025-11-22 00:16:55 | INFO | oxford_pets_sepfpl_time_adaptive_8_0.4_10_[38/60] | [RDP-sepfpl] 轮次 14: ε=0.011872, std=2.868018
2025-11-22 00:17:08 | INFO | oxford_pets_sepfpl_time_adaptive_8_0.4_10_[38/60] | [Epoch 14/30] 训练耗时: 12.61s | 平均训练准确率: 53.44
2025-11-22 00:17:08 | INFO | oxford_pets_sepfpl_time_adaptive_8_0.4_10_[38/60] | [RDP-sepfpl] 轮次 15: ε=0.012764, std=2.765994
2025-11-22 00:17:20 | INFO | oxford_pets_sepfpl_time_adaptive_8_0.4_10_[38/60] | [Epoch 15/30] 训练耗时: 12.38s | 平均训练准确率: 52.50
2025-11-22 00:17:20 | INFO | oxford_pets_sepfpl_time_adaptive_8_0.4_10_[38/60] | [RDP-sepfpl] 轮次 16: ε=0.013659, std=2.673844
2025-11-22 00:17:33 | INFO | oxford_pets_sepfpl_time_adaptive_8_0.4_10_[38/60] | [Epoch 16/30] 训练耗时: 13.02s | 平均训练准确率: 52.34
2025-11-22 00:17:33 | INFO | oxford_pets_sepfpl_time_adaptive_8_0.4_10_[38/60] | [RDP-sepfpl] 轮次 17: ε=0.014557, std=2.590081
2025-11-22 00:17:46 | INFO | oxford_pets_sepfpl_time_adaptive_8_0.4_10_[38/60] | [Epoch 17/30] 训练耗时: 12.85s | 平均训练准确率: 52.66
2025-11-22 00:17:46 | INFO | oxford_pets_sepfpl_time_adaptive_8_0.4_10_[38/60] | [RDP-sepfpl] 轮次 18: ε=0.015457, std=2.513512
2025-11-22 00:18:00 | INFO | oxford_pets_sepfpl_time_adaptive_8_0.4_10_[38/60] | [Epoch 18/30] 训练耗时: 13.68s | 平均训练准确率: 53.44
2025-11-22 00:18:00 | INFO | oxford_pets_sepfpl_time_adaptive_8_0.4_10_[38/60] | [RDP-sepfpl] 轮次 19: ε=0.016360, std=2.443169
2025-11-22 00:18:13 | INFO | oxford_pets_sepfpl_time_adaptive_8_0.4_10_[38/60] | [Epoch 19/30] 训练耗时: 12.95s | 平均训练准确率: 50.31
2025-11-22 00:18:13 | INFO | oxford_pets_sepfpl_time_adaptive_8_0.4_10_[38/60] | [RDP-sepfpl] 轮次 20: ε=0.017266, std=2.378255
2025-11-22 00:18:27 | INFO | oxford_pets_sepfpl_time_adaptive_8_0.4_10_[38/60] | [Epoch 20/30] 训练耗时: 13.79s | 平均训练准确率: 50.47
2025-11-22 00:18:27 | INFO | oxford_pets_sepfpl_time_adaptive_8_0.4_10_[38/60] | [RDP-sepfpl] 轮次 21: ε=0.018173, std=2.318110
2025-11-22 00:18:41 | INFO | oxford_pets_sepfpl_time_adaptive_8_0.4_10_[38/60] | [Epoch 21/30] 训练耗时: 14.02s | 平均训练准确率: 54.22
2025-11-22 00:18:41 | INFO | oxford_pets_sepfpl_time_adaptive_8_0.4_10_[38/60] | [RDP-sepfpl] 轮次 22: ε=0.019083, std=2.262180
2025-11-22 00:18:55 | INFO | oxford_pets_sepfpl_time_adaptive_8_0.4_10_[38/60] | [Epoch 22/30] 训练耗时: 14.50s | 平均训练准确率: 51.09
2025-11-22 00:18:55 | INFO | oxford_pets_sepfpl_time_adaptive_8_0.4_10_[38/60] | [RDP-sepfpl] 轮次 23: ε=0.019995, std=2.209998
2025-11-22 00:19:07 | INFO | oxford_pets_sepfpl_time_adaptive_8_0.4_10_[38/60] | [Epoch 23/30] 训练耗时: 11.64s | 平均训练准确率: 51.72
2025-11-22 00:19:07 | INFO | oxford_pets_sepfpl_time_adaptive_8_0.4_10_[38/60] | [RDP-sepfpl] 轮次 24: ε=0.020909, std=2.161166
2025-11-22 00:19:20 | INFO | oxford_pets_sepfpl_time_adaptive_8_0.4_10_[38/60] | [Epoch 24/30] 训练耗时: 13.10s | 平均训练准确率: 50.78
2025-11-22 00:19:20 | INFO | oxford_pets_sepfpl_time_adaptive_8_0.4_10_[38/60] | [RDP-sepfpl] 轮次 25: ε=0.021824, std=2.115342
2025-11-22 00:19:32 | INFO | oxford_pets_sepfpl_time_adaptive_8_0.4_10_[38/60] | [Epoch 25/30] 训练耗时: 11.81s | 平均训练准确率: 51.56
2025-11-22 00:19:32 | INFO | oxford_pets_sepfpl_time_adaptive_8_0.4_10_[38/60] | [RDP-sepfpl] 轮次 26: ε=0.022742, std=2.072231
2025-11-22 00:19:45 | INFO | oxford_pets_sepfpl_time_adaptive_8_0.4_10_[38/60] | [Epoch 26/30] 训练耗时: 13.70s | 平均训练准确率: 52.34
2025-11-22 00:19:45 | INFO | oxford_pets_sepfpl_time_adaptive_8_0.4_10_[38/60] | [RDP-sepfpl] 轮次 27: ε=0.023661, std=2.031576
2025-11-22 00:19:59 | INFO | oxford_pets_sepfpl_time_adaptive_8_0.4_10_[38/60] | [Epoch 27/30] 训练耗时: 13.25s | 平均训练准确率: 53.12
2025-11-22 00:19:59 | INFO | oxford_pets_sepfpl_time_adaptive_8_0.4_10_[38/60] | [RDP-sepfpl] 轮次 28: ε=0.024582, std=1.993155
2025-11-22 00:20:12 | INFO | oxford_pets_sepfpl_time_adaptive_8_0.4_10_[38/60] | [Epoch 28/30] 训练耗时: 12.78s | 平均训练准确率: 51.56
2025-11-22 00:20:12 | INFO | oxford_pets_sepfpl_time_adaptive_8_0.4_10_[38/60] | 
2025-11-22 00:20:12 | INFO | oxford_pets_sepfpl_time_adaptive_8_0.4_10_[38/60] | ================================================================================
2025-11-22 00:20:12 | INFO | oxford_pets_sepfpl_time_adaptive_8_0.4_10_[38/60] |                     TEST START - Epoch 28/30
2025-11-22 00:20:12 | INFO | oxford_pets_sepfpl_time_adaptive_8_0.4_10_[38/60] | ================================================================================
2025-11-22 00:20:12 | INFO | oxford_pets_sepfpl_time_adaptive_8_0.4_10_[38/60] | 
2025-11-22 00:35:12 | INFO | oxford_pets_sepfpl_time_adaptive_8_0.4_10_[38/60] | 
================= Local Test Results ==================
+----------+----------+------------+----------+
| Client   | Accuracy | Error Rate | Macro F1 |
+----------+----------+------------+----------+
| Client 0 |    68.67 |      31.33 |    71.58 |
| Client 1 |    69.42 |      30.58 |    71.79 |
| Client 2 |    81.23 |      18.77 |    88.02 |
| Client 3 |    88.92 |      11.08 |    92.59 |
| Client 4 |    71.76 |      28.24 |    71.65 |
| Client 5 |    72.68 |      27.32 |    73.83 |
| Client 6 |    57.00 |      43.00 |    64.70 |
| Client 7 |    93.00 |       7.00 |    96.09 |
| Client 8 |    95.25 |       4.75 |    97.56 |
| Client 9 |    99.00 |       1.00 |    99.50 |
| Average  |    79.69 |      20.31 |    82.73 |
+----------+----------+------------+----------+

2025-11-22 00:35:12 | INFO | oxford_pets_sepfpl_time_adaptive_8_0.4_10_[38/60] | 
================= Neighbor Test Results ==================
+----------+----------+------------+----------+
| Client   | Accuracy | Error Rate | Macro F1 |
+----------+----------+------------+----------+
| Client 0 |    79.48 |      20.52 |    75.72 |
| Client 1 |    79.30 |      20.70 |    76.64 |
| Client 2 |    78.02 |      21.98 |    73.62 |
| Client 3 |    76.89 |      23.11 |    74.86 |
| Client 4 |    78.95 |      21.05 |    74.84 |
| Client 5 |    78.59 |      21.41 |    74.77 |
| Client 6 |    80.30 |      19.70 |    76.78 |
| Client 7 |    75.68 |      24.32 |    71.58 |
| Client 8 |    75.04 |      24.96 |    70.14 |
| Client 9 |    76.41 |      23.59 |    71.43 |
| Average  |    77.87 |      22.13 |    74.04 |
+----------+----------+------------+----------+

2025-11-22 00:35:12 | INFO | oxford_pets_sepfpl_time_adaptive_8_0.4_10_[38/60] | 
2025-11-22 00:35:12 | INFO | oxford_pets_sepfpl_time_adaptive_8_0.4_10_[38/60] | ================================================================================
2025-11-22 00:35:12 | INFO | oxford_pets_sepfpl_time_adaptive_8_0.4_10_[38/60] |                     TEST FINISH - Epoch 28/30
2025-11-22 00:35:12 | INFO | oxford_pets_sepfpl_time_adaptive_8_0.4_10_[38/60] |                     测试耗时: 900.67s
2025-11-22 00:35:12 | INFO | oxford_pets_sepfpl_time_adaptive_8_0.4_10_[38/60] | ================================================================================
2025-11-22 00:35:12 | INFO | oxford_pets_sepfpl_time_adaptive_8_0.4_10_[38/60] | 
2025-11-22 00:35:12 | INFO | oxford_pets_sepfpl_time_adaptive_8_0.4_10_[38/60] | [RDP-sepfpl] 轮次 29: ε=0.025505, std=1.956772
2025-11-22 00:35:20 | INFO | oxford_pets_sepfpl_time_adaptive_8_0.4_10_[38/60] | [Epoch 29/30] 训练耗时: 7.52s | 平均训练准确率: 74.69
2025-11-22 00:35:20 | INFO | oxford_pets_sepfpl_time_adaptive_8_0.4_10_[38/60] | 
2025-11-22 00:35:20 | INFO | oxford_pets_sepfpl_time_adaptive_8_0.4_10_[38/60] | ================================================================================
2025-11-22 00:35:20 | INFO | oxford_pets_sepfpl_time_adaptive_8_0.4_10_[38/60] |                     TEST START - Epoch 29/30
2025-11-22 00:35:20 | INFO | oxford_pets_sepfpl_time_adaptive_8_0.4_10_[38/60] | ================================================================================
2025-11-22 00:35:20 | INFO | oxford_pets_sepfpl_time_adaptive_8_0.4_10_[38/60] | 
2025-11-22 00:44:27 | INFO | oxford_pets_sepfpl_time_adaptive_8_0.4_10_[38/60] | 
================= Local Test Results ==================
+----------+----------+------------+----------+
| Client   | Accuracy | Error Rate | Macro F1 |
+----------+----------+------------+----------+
| Client 0 |    71.68 |      28.32 |    73.21 |
| Client 1 |    66.17 |      33.83 |    69.74 |
| Client 2 |    87.40 |      12.60 |    92.77 |
| Client 3 |    86.90 |      13.10 |    91.49 |
| Client 4 |    72.28 |      27.72 |    71.81 |
| Client 5 |    74.44 |      25.56 |    78.25 |
| Client 6 |    47.75 |      52.25 |    49.55 |
| Client 7 |    75.50 |      24.50 |    76.67 |
| Client 8 |    96.75 |       3.25 |    98.35 |
| Client 9 |   100.00 |       0.00 |   100.00 |
| Average  |    77.89 |      22.11 |    80.18 |
+----------+----------+------------+----------+

2025-11-22 00:44:27 | INFO | oxford_pets_sepfpl_time_adaptive_8_0.4_10_[38/60] | 
================= Neighbor Test Results ==================
+----------+----------+------------+----------+
| Client   | Accuracy | Error Rate | Macro F1 |
+----------+----------+------------+----------+
| Client 0 |    78.32 |      21.68 |    73.84 |
| Client 1 |    79.27 |      20.73 |    75.86 |
| Client 2 |    76.68 |      23.32 |    71.87 |
| Client 3 |    76.22 |      23.78 |    73.63 |
| Client 4 |    77.22 |      22.78 |    72.55 |
| Client 5 |    75.50 |      24.50 |    70.58 |
| Client 6 |    77.82 |      22.18 |    74.00 |
| Client 7 |    73.48 |      26.52 |    68.00 |
| Client 8 |    70.20 |      29.80 |    63.76 |
| Client 9 |    71.76 |      28.24 |    65.07 |
| Average  |    75.65 |      24.35 |    70.92 |
+----------+----------+------------+----------+

2025-11-22 00:44:27 | INFO | oxford_pets_sepfpl_time_adaptive_8_0.4_10_[38/60] | 
2025-11-22 00:44:27 | INFO | oxford_pets_sepfpl_time_adaptive_8_0.4_10_[38/60] | ================================================================================
2025-11-22 00:44:27 | INFO | oxford_pets_sepfpl_time_adaptive_8_0.4_10_[38/60] |                     TEST FINISH - Epoch 29/30
2025-11-22 00:44:27 | INFO | oxford_pets_sepfpl_time_adaptive_8_0.4_10_[38/60] |                     测试耗时: 547.44s
2025-11-22 00:44:27 | INFO | oxford_pets_sepfpl_time_adaptive_8_0.4_10_[38/60] | ================================================================================
2025-11-22 00:44:27 | INFO | oxford_pets_sepfpl_time_adaptive_8_0.4_10_[38/60] | 
2025-11-22 00:44:27 | INFO | oxford_pets_sepfpl_time_adaptive_8_0.4_10_[38/60] | [RDP-sepfpl] 轮次 30: ε=0.026429, std=1.922252
2025-11-22 00:44:34 | INFO | oxford_pets_sepfpl_time_adaptive_8_0.4_10_[38/60] | [Epoch 30/30] 训练耗时: 6.62s | 平均训练准确率: 74.69
2025-11-22 00:44:34 | INFO | oxford_pets_sepfpl_time_adaptive_8_0.4_10_[38/60] | 
2025-11-22 00:44:34 | INFO | oxford_pets_sepfpl_time_adaptive_8_0.4_10_[38/60] | ================================================================================
2025-11-22 00:44:34 | INFO | oxford_pets_sepfpl_time_adaptive_8_0.4_10_[38/60] |                     TEST START - Epoch 30/30
2025-11-22 00:44:34 | INFO | oxford_pets_sepfpl_time_adaptive_8_0.4_10_[38/60] | ================================================================================
2025-11-22 00:44:34 | INFO | oxford_pets_sepfpl_time_adaptive_8_0.4_10_[38/60] | 
2025-11-22 00:56:19 | INFO | oxford_pets_sepfpl_time_adaptive_8_0.4_10_[38/60] | 
================= Local Test Results ==================
+----------+----------+------------+----------+
| Client   | Accuracy | Error Rate | Macro F1 |
+----------+----------+------------+----------+
| Client 0 |    71.93 |      28.07 |    73.46 |
| Client 1 |    48.37 |      51.63 |    48.86 |
| Client 2 |    83.29 |      16.71 |    89.30 |
| Client 3 |    87.15 |      12.85 |    90.91 |
| Client 4 |    72.54 |      27.46 |    71.14 |
| Client 5 |    56.64 |      43.36 |    60.81 |
| Client 6 |    47.50 |      52.50 |    47.64 |
| Client 7 |    65.50 |      34.50 |    69.20 |
| Client 8 |    95.75 |       4.25 |    97.82 |
| Client 9 |    99.00 |       1.00 |    99.50 |
| Average  |    72.77 |      27.23 |    74.86 |
+----------+----------+------------+----------+

2025-11-22 00:56:19 | INFO | oxford_pets_sepfpl_time_adaptive_8_0.4_10_[38/60] | 
================= Neighbor Test Results ==================
+----------+----------+------------+----------+
| Client   | Accuracy | Error Rate | Macro F1 |
+----------+----------+------------+----------+
| Client 0 |    76.45 |      23.55 |    71.84 |
| Client 1 |    77.25 |      22.75 |    73.66 |
| Client 2 |    71.92 |      28.08 |    65.53 |
| Client 3 |    70.45 |      29.55 |    66.69 |
| Client 4 |    71.52 |      28.48 |    64.94 |
| Client 5 |    72.63 |      27.37 |    66.19 |
| Client 6 |    72.74 |      27.26 |    67.82 |
| Client 7 |    69.84 |      30.16 |    63.24 |
| Client 8 |    65.86 |      34.14 |    58.39 |
| Client 9 |    68.03 |      31.97 |    60.61 |
| Average  |    71.67 |      28.33 |    65.89 |
+----------+----------+------------+----------+

2025-11-22 00:56:19 | INFO | oxford_pets_sepfpl_time_adaptive_8_0.4_10_[38/60] | 
2025-11-22 00:56:19 | INFO | oxford_pets_sepfpl_time_adaptive_8_0.4_10_[38/60] | ================================================================================
2025-11-22 00:56:19 | INFO | oxford_pets_sepfpl_time_adaptive_8_0.4_10_[38/60] |                     TEST FINISH - Epoch 30/30
2025-11-22 00:56:19 | INFO | oxford_pets_sepfpl_time_adaptive_8_0.4_10_[38/60] |                     测试耗时: 705.09s
2025-11-22 00:56:19 | INFO | oxford_pets_sepfpl_time_adaptive_8_0.4_10_[38/60] | ================================================================================
2025-11-22 00:56:19 | INFO | oxford_pets_sepfpl_time_adaptive_8_0.4_10_[38/60] | 
2025-11-22 00:56:19 | INFO | oxford_pets_sepfpl_time_adaptive_8_0.4_10_[38/60] | maximum test local acc: 79.694
2025-11-22 00:56:19 | INFO | oxford_pets_sepfpl_time_adaptive_8_0.4_10_[38/60] | mean of local acc: 76.783
2025-11-22 00:56:19 | INFO | oxford_pets_sepfpl_time_adaptive_8_0.4_10_[38/60] | maximum test neighbor acc: 77.866
2025-11-22 00:56:19 | INFO | oxford_pets_sepfpl_time_adaptive_8_0.4_10_[38/60] | mean of neighbor acc: 75.061
