2025-11-13 06:56:37 - 8_0.2_1 - INFO - 日志文件已创建: logs/oxford_flowers/fedpgp/8_0.2_1_20251113_065637.log
2025-11-13 06:56:37 - 8_0.2_1 - INFO - Loading trainer: DP_FPL
2025-11-13 06:56:37 - 8_0.2_1 - INFO - Loading dataset: OxfordFlowers
2025-11-13 06:56:37 - 8_0.2_1 - INFO - Reading split from /home/liuxin25/dataset/oxford_flowers/split_zhou_OxfordFlowers.json
2025-11-13 06:56:37 - 8_0.2_1 - INFO - Creating a baseline federated dataset
2025-11-13 06:56:37 - 8_0.2_1 - INFO - class_num 102
2025-11-13 06:56:37 - 8_0.2_1 - INFO - user class dict total [90, 54, 31, 35, 55, 72, 92, 42, 95, 84]
2025-11-13 06:56:37 - 8_0.2_1 - INFO - idx: 0, output_dict_len: 451
2025-11-13 06:56:37 - 8_0.2_1 - INFO - user class dict total [74, 0, 1, 80, 27, 20, 77, 50, 66, 45]
2025-11-13 06:56:37 - 8_0.2_1 - INFO - idx: 1, output_dict_len: 562
2025-11-13 06:56:37 - 8_0.2_1 - INFO - user class dict total [44, 82, 14, 32, 52, 70, 28, 51, 10, 21]
2025-11-13 06:56:37 - 8_0.2_1 - INFO - idx: 2, output_dict_len: 373
2025-11-13 06:56:37 - 8_0.2_1 - INFO - user class dict total [33, 75, 5, 48, 87, 98, 23, 69, 62, 7]
2025-11-13 06:56:37 - 8_0.2_1 - INFO - idx: 3, output_dict_len: 350
2025-11-13 06:56:37 - 8_0.2_1 - INFO - user class dict total [17, 18, 60, 34, 11, 58, 86, 13, 41, 30]
2025-11-13 06:56:37 - 8_0.2_1 - INFO - idx: 4, output_dict_len: 302
2025-11-13 06:56:37 - 8_0.2_1 - INFO - user class dict total [24, 71, 56, 76, 37, 6, 53, 79, 97, 39]
2025-11-13 06:56:37 - 8_0.2_1 - INFO - idx: 5, output_dict_len: 433
2025-11-13 06:56:37 - 8_0.2_1 - INFO - user class dict total [47, 65, 36, 91, 3, 63, 59, 9, 96, 64]
2025-11-13 06:56:37 - 8_0.2_1 - INFO - idx: 6, output_dict_len: 367
2025-11-13 06:56:37 - 8_0.2_1 - INFO - user class dict total [94, 88, 99, 61, 19, 25, 4, 16, 8, 46]
2025-11-13 06:56:37 - 8_0.2_1 - INFO - idx: 7, output_dict_len: 387
2025-11-13 06:56:37 - 8_0.2_1 - INFO - user class dict total [26, 2, 93, 85, 29, 22, 100, 67, 68, 38]
2025-11-13 06:56:37 - 8_0.2_1 - INFO - idx: 8, output_dict_len: 341
2025-11-13 06:56:37 - 8_0.2_1 - INFO - user class dict total [83, 15, 12, 81, 43, 73, 78, 40, 101, 57, 89, 49]
2025-11-13 06:56:37 - 8_0.2_1 - INFO - idx: 9, output_dict_len: 527
2025-11-13 06:56:37 - 8_0.2_1 - INFO - Creating a baseline federated dataset
2025-11-13 06:56:37 - 8_0.2_1 - INFO - class_num 102
2025-11-13 06:56:37 - 8_0.2_1 - INFO - user class dict total [90, 54, 31, 35, 55, 72, 92, 42, 95, 84]
2025-11-13 06:56:37 - 8_0.2_1 - INFO - idx: 0, output_dict_len: 269
2025-11-13 06:56:37 - 8_0.2_1 - INFO - user class dict total [74, 0, 1, 80, 27, 20, 77, 50, 66, 45]
2025-11-13 06:56:37 - 8_0.2_1 - INFO - idx: 1, output_dict_len: 339
2025-11-13 06:56:37 - 8_0.2_1 - INFO - user class dict total [44, 82, 14, 32, 52, 70, 28, 51, 10, 21]
2025-11-13 06:56:37 - 8_0.2_1 - INFO - idx: 2, output_dict_len: 223
2025-11-13 06:56:37 - 8_0.2_1 - INFO - user class dict total [33, 75, 5, 48, 87, 98, 23, 69, 62, 7]
2025-11-13 06:56:37 - 8_0.2_1 - INFO - idx: 3, output_dict_len: 211
2025-11-13 06:56:37 - 8_0.2_1 - INFO - user class dict total [17, 18, 60, 34, 11, 58, 86, 13, 41, 30]
2025-11-13 06:56:37 - 8_0.2_1 - INFO - idx: 4, output_dict_len: 178
2025-11-13 06:56:37 - 8_0.2_1 - INFO - user class dict total [24, 71, 56, 76, 37, 6, 53, 79, 97, 39]
2025-11-13 06:56:37 - 8_0.2_1 - INFO - idx: 5, output_dict_len: 262
2025-11-13 06:56:37 - 8_0.2_1 - INFO - user class dict total [47, 65, 36, 91, 3, 63, 59, 9, 96, 64]
2025-11-13 06:56:37 - 8_0.2_1 - INFO - idx: 6, output_dict_len: 223
2025-11-13 06:56:37 - 8_0.2_1 - INFO - user class dict total [94, 88, 99, 61, 19, 25, 4, 16, 8, 46]
2025-11-13 06:56:37 - 8_0.2_1 - INFO - idx: 7, output_dict_len: 234
2025-11-13 06:56:37 - 8_0.2_1 - INFO - user class dict total [26, 2, 93, 85, 29, 22, 100, 67, 68, 38]
2025-11-13 06:56:37 - 8_0.2_1 - INFO - idx: 8, output_dict_len: 205
2025-11-13 06:56:37 - 8_0.2_1 - INFO - user class dict total [83, 15, 12, 81, 43, 73, 78, 40, 101, 57, 89, 49]
2025-11-13 06:56:37 - 8_0.2_1 - INFO - idx: 9, output_dict_len: 319
2025-11-13 06:56:37 - 8_0.2_1 - INFO - Loading CLIP (backbone: ViT-B/16)
2025-11-13 06:56:41 - 8_0.2_1 - INFO - Building custom CLIP
2025-11-13 06:56:41 - 8_0.2_1 - INFO - Turning off gradients in both the image and the text encoder
2025-11-13 06:57:24 - 8_0.2_1 - INFO - [Epoch 1/30] 训练耗时: 42.52s | 平均训练准确率: 1.08
2025-11-13 06:58:07 - 8_0.2_1 - INFO - [Epoch 2/30] 训练耗时: 43.00s | 平均训练准确率: 0.90
2025-11-13 06:58:49 - 8_0.2_1 - INFO - [Epoch 3/30] 训练耗时: 42.08s | 平均训练准确率: 1.63
2025-11-13 06:59:31 - 8_0.2_1 - INFO - [Epoch 4/30] 训练耗时: 42.72s | 平均训练准确率: 3.40
2025-11-13 07:00:14 - 8_0.2_1 - INFO - [Epoch 5/30] 训练耗时: 43.00s | 平均训练准确率: 2.85
2025-11-13 07:00:55 - 8_0.2_1 - INFO - [Epoch 6/30] 训练耗时: 40.64s | 平均训练准确率: 3.68
2025-11-13 07:01:37 - 8_0.2_1 - INFO - [Epoch 7/30] 训练耗时: 41.63s | 平均训练准确率: 3.89
2025-11-13 07:02:19 - 8_0.2_1 - INFO - [Epoch 8/30] 训练耗时: 42.54s | 平均训练准确率: 3.96
2025-11-13 07:03:01 - 8_0.2_1 - INFO - [Epoch 9/30] 训练耗时: 41.45s | 平均训练准确率: 2.67
2025-11-13 07:03:43 - 8_0.2_1 - INFO - [Epoch 10/30] 训练耗时: 42.37s | 平均训练准确率: 3.65
2025-11-13 07:04:25 - 8_0.2_1 - INFO - [Epoch 11/30] 训练耗时: 41.79s | 平均训练准确率: 3.85
2025-11-13 07:05:09 - 8_0.2_1 - INFO - [Epoch 12/30] 训练耗时: 43.81s | 平均训练准确率: 2.81
2025-11-13 07:05:52 - 8_0.2_1 - INFO - [Epoch 13/30] 训练耗时: 43.50s | 平均训练准确率: 2.40
2025-11-13 07:06:34 - 8_0.2_1 - INFO - [Epoch 14/30] 训练耗时: 41.46s | 平均训练准确率: 2.43
2025-11-13 07:07:17 - 8_0.2_1 - INFO - [Epoch 15/30] 训练耗时: 43.02s | 平均训练准确率: 2.40
2025-11-13 07:07:59 - 8_0.2_1 - INFO - [Epoch 16/30] 训练耗时: 42.16s | 平均训练准确率: 2.33
2025-11-13 07:08:36 - 8_0.2_1 - INFO - [Epoch 17/30] 训练耗时: 37.28s | 平均训练准确率: 2.64
2025-11-13 07:09:39 - 8_0.2_1 - INFO - [Epoch 18/30] 训练耗时: 62.46s | 平均训练准确率: 3.89
2025-11-13 07:10:38 - 8_0.2_1 - INFO - [Epoch 19/30] 训练耗时: 59.64s | 平均训练准确率: 4.69
2025-11-13 07:11:37 - 8_0.2_1 - INFO - [Epoch 20/30] 训练耗时: 58.92s | 平均训练准确率: 4.06
2025-11-13 07:12:39 - 8_0.2_1 - INFO - [Epoch 21/30] 训练耗时: 62.31s | 平均训练准确率: 4.10
2025-11-13 07:13:43 - 8_0.2_1 - INFO - [Epoch 22/30] 训练耗时: 63.45s | 平均训练准确率: 2.78
2025-11-13 07:14:41 - 8_0.2_1 - INFO - [Epoch 23/30] 训练耗时: 57.75s | 平均训练准确率: 2.40
2025-11-13 07:15:30 - 8_0.2_1 - INFO - [Epoch 24/30] 训练耗时: 49.05s | 平均训练准确率: 1.56
2025-11-13 07:16:37 - 8_0.2_1 - INFO - [Epoch 25/30] 训练耗时: 67.24s | 平均训练准确率: 1.88
2025-11-13 07:17:44 - 8_0.2_1 - INFO - [Epoch 26/30] 训练耗时: 67.05s | 平均训练准确率: 1.63
2025-11-13 07:18:48 - 8_0.2_1 - INFO - [Epoch 27/30] 训练耗时: 64.45s | 平均训练准确率: 1.98
2025-11-13 07:19:51 - 8_0.2_1 - INFO - [Epoch 28/30] 训练耗时: 62.61s | 平均训练准确率: 1.53
2025-11-13 07:19:51 - 8_0.2_1 - INFO - ------------local test start-------------
2025-11-13 07:19:51 - 8_0.2_1 - INFO - Evaluate on the client0 local set
2025-11-13 07:19:56 - 8_0.2_1 - INFO - => result | total 269 | correct 0 | acc 0.00% | err 100.00% | macro_f1 0.00%
2025-11-13 07:19:56 - 8_0.2_1 - INFO - Evaluate on the client0 neighbor set
2025-11-13 07:20:32 - 8_0.2_1 - INFO - => result | total 2,194 | correct 37 | acc 1.69% | err 98.31% | macro_f1 0.17%
2025-11-13 07:20:32 - 8_0.2_1 - INFO - Evaluate on the client1 local set
2025-11-13 07:20:38 - 8_0.2_1 - INFO - => result | total 339 | correct 1 | acc 0.29% | err 99.71% | macro_f1 0.24%
2025-11-13 07:20:38 - 8_0.2_1 - INFO - Evaluate on the client1 neighbor set
2025-11-13 07:21:13 - 8_0.2_1 - INFO - => result | total 2,124 | correct 34 | acc 1.60% | err 98.40% | macro_f1 0.17%
2025-11-13 07:21:13 - 8_0.2_1 - INFO - Evaluate on the client2 local set
2025-11-13 07:21:16 - 8_0.2_1 - INFO - => result | total 223 | correct 0 | acc 0.00% | err 100.00% | macro_f1 0.00%
2025-11-13 07:21:16 - 8_0.2_1 - INFO - Evaluate on the client2 neighbor set
2025-11-13 07:21:48 - 8_0.2_1 - INFO - => result | total 2,240 | correct 35 | acc 1.56% | err 98.44% | macro_f1 0.17%
2025-11-13 07:21:48 - 8_0.2_1 - INFO - Evaluate on the client3 local set
2025-11-13 07:21:51 - 8_0.2_1 - INFO - => result | total 211 | correct 0 | acc 0.00% | err 100.00% | macro_f1 0.00%
2025-11-13 07:21:51 - 8_0.2_1 - INFO - Evaluate on the client3 neighbor set
2025-11-13 07:22:27 - 8_0.2_1 - INFO - => result | total 2,252 | correct 35 | acc 1.55% | err 98.45% | macro_f1 0.20%
2025-11-13 07:22:27 - 8_0.2_1 - INFO - Evaluate on the client4 local set
2025-11-13 07:22:30 - 8_0.2_1 - INFO - => result | total 178 | correct 2 | acc 1.12% | err 98.88% | macro_f1 1.90%
2025-11-13 07:22:30 - 8_0.2_1 - INFO - Evaluate on the client4 neighbor set
2025-11-13 07:23:06 - 8_0.2_1 - INFO - => result | total 2,285 | correct 34 | acc 1.49% | err 98.51% | macro_f1 0.19%
2025-11-13 07:23:06 - 8_0.2_1 - INFO - Evaluate on the client5 local set
2025-11-13 07:23:10 - 8_0.2_1 - INFO - => result | total 262 | correct 0 | acc 0.00% | err 100.00% | macro_f1 0.00%
2025-11-13 07:23:10 - 8_0.2_1 - INFO - Evaluate on the client5 neighbor set
2025-11-13 07:23:44 - 8_0.2_1 - INFO - => result | total 2,201 | correct 35 | acc 1.59% | err 98.41% | macro_f1 0.28%
2025-11-13 07:23:44 - 8_0.2_1 - INFO - Evaluate on the client6 local set
2025-11-13 07:23:48 - 8_0.2_1 - INFO - => result | total 223 | correct 0 | acc 0.00% | err 100.00% | macro_f1 0.00%
2025-11-13 07:23:48 - 8_0.2_1 - INFO - Evaluate on the client6 neighbor set
2025-11-13 07:24:24 - 8_0.2_1 - INFO - => result | total 2,240 | correct 35 | acc 1.56% | err 98.44% | macro_f1 0.31%
2025-11-13 07:24:24 - 8_0.2_1 - INFO - Evaluate on the client7 local set
2025-11-13 07:24:29 - 8_0.2_1 - INFO - => result | total 234 | correct 0 | acc 0.00% | err 100.00% | macro_f1 0.00%
2025-11-13 07:24:29 - 8_0.2_1 - INFO - Evaluate on the client7 neighbor set
2025-11-13 07:25:05 - 8_0.2_1 - INFO - => result | total 2,229 | correct 35 | acc 1.57% | err 98.43% | macro_f1 0.32%
2025-11-13 07:25:05 - 8_0.2_1 - INFO - Evaluate on the client8 local set
2025-11-13 07:25:09 - 8_0.2_1 - INFO - => result | total 205 | correct 0 | acc 0.00% | err 100.00% | macro_f1 0.00%
2025-11-13 07:25:09 - 8_0.2_1 - INFO - Evaluate on the client8 neighbor set
2025-11-13 07:25:46 - 8_0.2_1 - INFO - => result | total 2,258 | correct 36 | acc 1.59% | err 98.41% | macro_f1 0.34%
2025-11-13 07:25:46 - 8_0.2_1 - INFO - Evaluate on the client9 local set
2025-11-13 07:25:53 - 8_0.2_1 - INFO - => result | total 319 | correct 23 | acc 7.21% | err 92.79% | macro_f1 2.88%
2025-11-13 07:25:53 - 8_0.2_1 - INFO - Evaluate on the client9 neighbor set
2025-11-13 07:26:26 - 8_0.2_1 - INFO - => result | total 2,144 | correct 10 | acc 0.47% | err 99.53% | macro_f1 0.19%
2025-11-13 07:26:26 - 8_0.2_1 - INFO - Global test local acc: 0.86
2025-11-13 07:26:26 - 8_0.2_1 - INFO - Global test neighbor acc: 1.47
2025-11-13 07:26:26 - 8_0.2_1 - INFO - ------------local test finish-------------
2025-11-13 07:26:26 - 8_0.2_1 - INFO - [Epoch 28/30] 测试耗时: 395.47s
2025-11-13 07:27:25 - 8_0.2_1 - INFO - [Epoch 29/30] 训练耗时: 58.54s | 平均训练准确率: 1.77
2025-11-13 07:27:25 - 8_0.2_1 - INFO - ------------local test start-------------
2025-11-13 07:27:25 - 8_0.2_1 - INFO - Evaluate on the client0 local set
2025-11-13 07:27:30 - 8_0.2_1 - INFO - => result | total 269 | correct 0 | acc 0.00% | err 100.00% | macro_f1 0.00%
2025-11-13 07:27:30 - 8_0.2_1 - INFO - Evaluate on the client0 neighbor set
2025-11-13 07:28:09 - 8_0.2_1 - INFO - => result | total 2,194 | correct 41 | acc 1.87% | err 98.13% | macro_f1 0.24%
2025-11-13 07:28:09 - 8_0.2_1 - INFO - Evaluate on the client1 local set
2025-11-13 07:28:16 - 8_0.2_1 - INFO - => result | total 339 | correct 0 | acc 0.00% | err 100.00% | macro_f1 0.00%
2025-11-13 07:28:16 - 8_0.2_1 - INFO - Evaluate on the client1 neighbor set
2025-11-13 07:28:48 - 8_0.2_1 - INFO - => result | total 2,124 | correct 43 | acc 2.02% | err 97.98% | macro_f1 0.25%
2025-11-13 07:28:48 - 8_0.2_1 - INFO - Evaluate on the client2 local set
2025-11-13 07:28:51 - 8_0.2_1 - INFO - => result | total 223 | correct 0 | acc 0.00% | err 100.00% | macro_f1 0.00%
2025-11-13 07:28:51 - 8_0.2_1 - INFO - Evaluate on the client2 neighbor set
2025-11-13 07:29:22 - 8_0.2_1 - INFO - => result | total 2,240 | correct 42 | acc 1.88% | err 98.12% | macro_f1 0.22%
2025-11-13 07:29:22 - 8_0.2_1 - INFO - Evaluate on the client3 local set
2025-11-13 07:29:26 - 8_0.2_1 - INFO - => result | total 211 | correct 0 | acc 0.00% | err 100.00% | macro_f1 0.00%
2025-11-13 07:29:26 - 8_0.2_1 - INFO - Evaluate on the client3 neighbor set
2025-11-13 07:30:01 - 8_0.2_1 - INFO - => result | total 2,252 | correct 49 | acc 2.18% | err 97.82% | macro_f1 0.27%
2025-11-13 07:30:01 - 8_0.2_1 - INFO - Evaluate on the client4 local set
2025-11-13 07:30:04 - 8_0.2_1 - INFO - => result | total 178 | correct 6 | acc 3.37% | err 96.63% | macro_f1 2.26%
2025-11-13 07:30:04 - 8_0.2_1 - INFO - Evaluate on the client4 neighbor set
2025-11-13 07:30:37 - 8_0.2_1 - INFO - => result | total 2,285 | correct 43 | acc 1.88% | err 98.12% | macro_f1 0.23%
2025-11-13 07:30:37 - 8_0.2_1 - INFO - Evaluate on the client5 local set
2025-11-13 07:30:40 - 8_0.2_1 - INFO - => result | total 262 | correct 0 | acc 0.00% | err 100.00% | macro_f1 0.00%
2025-11-13 07:30:40 - 8_0.2_1 - INFO - Evaluate on the client5 neighbor set
2025-11-13 07:31:12 - 8_0.2_1 - INFO - => result | total 2,201 | correct 50 | acc 2.27% | err 97.73% | macro_f1 0.26%
2025-11-13 07:31:12 - 8_0.2_1 - INFO - Evaluate on the client6 local set
2025-11-13 07:31:15 - 8_0.2_1 - INFO - => result | total 223 | correct 0 | acc 0.00% | err 100.00% | macro_f1 0.00%
2025-11-13 07:31:15 - 8_0.2_1 - INFO - Evaluate on the client6 neighbor set
2025-11-13 07:31:46 - 8_0.2_1 - INFO - => result | total 2,240 | correct 52 | acc 2.32% | err 97.68% | macro_f1 0.28%
2025-11-13 07:31:46 - 8_0.2_1 - INFO - Evaluate on the client7 local set
2025-11-13 07:31:49 - 8_0.2_1 - INFO - => result | total 234 | correct 0 | acc 0.00% | err 100.00% | macro_f1 0.00%
2025-11-13 07:31:49 - 8_0.2_1 - INFO - Evaluate on the client7 neighbor set
2025-11-13 07:32:21 - 8_0.2_1 - INFO - => result | total 2,229 | correct 54 | acc 2.42% | err 97.58% | macro_f1 0.28%
2025-11-13 07:32:21 - 8_0.2_1 - INFO - Evaluate on the client8 local set
2025-11-13 07:32:25 - 8_0.2_1 - INFO - => result | total 205 | correct 0 | acc 0.00% | err 100.00% | macro_f1 0.00%
2025-11-13 07:32:25 - 8_0.2_1 - INFO - Evaluate on the client8 neighbor set
2025-11-13 07:32:55 - 8_0.2_1 - INFO - => result | total 2,258 | correct 56 | acc 2.48% | err 97.52% | macro_f1 0.28%
2025-11-13 07:32:55 - 8_0.2_1 - INFO - Evaluate on the client9 local set
2025-11-13 07:33:00 - 8_0.2_1 - INFO - => result | total 319 | correct 43 | acc 13.48% | err 86.52% | macro_f1 5.78%
2025-11-13 07:33:00 - 8_0.2_1 - INFO - Evaluate on the client9 neighbor set
2025-11-13 07:33:29 - 8_0.2_1 - INFO - => result | total 2,144 | correct 12 | acc 0.56% | err 99.44% | macro_f1 0.06%
2025-11-13 07:33:29 - 8_0.2_1 - INFO - Global test local acc: 1.69
2025-11-13 07:33:29 - 8_0.2_1 - INFO - Global test neighbor acc: 1.99
2025-11-13 07:33:29 - 8_0.2_1 - INFO - ------------local test finish-------------
2025-11-13 07:33:29 - 8_0.2_1 - INFO - [Epoch 29/30] 测试耗时: 363.70s
2025-11-13 07:34:11 - 8_0.2_1 - INFO - [Epoch 30/30] 训练耗时: 42.52s | 平均训练准确率: 2.60
2025-11-13 07:34:11 - 8_0.2_1 - INFO - ------------local test start-------------
2025-11-13 07:34:11 - 8_0.2_1 - INFO - Evaluate on the client0 local set
2025-11-13 07:34:15 - 8_0.2_1 - INFO - => result | total 269 | correct 1 | acc 0.37% | err 99.63% | macro_f1 0.47%
2025-11-13 07:34:15 - 8_0.2_1 - INFO - Evaluate on the client0 neighbor set
2025-11-13 07:34:47 - 8_0.2_1 - INFO - => result | total 2,194 | correct 29 | acc 1.32% | err 98.68% | macro_f1 0.12%
2025-11-13 07:34:47 - 8_0.2_1 - INFO - Evaluate on the client1 local set
2025-11-13 07:34:52 - 8_0.2_1 - INFO - => result | total 339 | correct 0 | acc 0.00% | err 100.00% | macro_f1 0.00%
2025-11-13 07:34:52 - 8_0.2_1 - INFO - Evaluate on the client1 neighbor set
2025-11-13 07:35:21 - 8_0.2_1 - INFO - => result | total 2,124 | correct 30 | acc 1.41% | err 98.59% | macro_f1 0.16%
2025-11-13 07:35:21 - 8_0.2_1 - INFO - Evaluate on the client2 local set
2025-11-13 07:35:25 - 8_0.2_1 - INFO - => result | total 223 | correct 0 | acc 0.00% | err 100.00% | macro_f1 0.00%
2025-11-13 07:35:25 - 8_0.2_1 - INFO - Evaluate on the client2 neighbor set
2025-11-13 07:35:56 - 8_0.2_1 - INFO - => result | total 2,240 | correct 31 | acc 1.38% | err 98.62% | macro_f1 0.21%
2025-11-13 07:35:56 - 8_0.2_1 - INFO - Evaluate on the client3 local set
2025-11-13 07:35:58 - 8_0.2_1 - INFO - => result | total 211 | correct 0 | acc 0.00% | err 100.00% | macro_f1 0.00%
2025-11-13 07:35:58 - 8_0.2_1 - INFO - Evaluate on the client3 neighbor set
2025-11-13 07:36:30 - 8_0.2_1 - INFO - => result | total 2,252 | correct 32 | acc 1.42% | err 98.58% | macro_f1 0.23%
2025-11-13 07:36:30 - 8_0.2_1 - INFO - Evaluate on the client4 local set
2025-11-13 07:36:33 - 8_0.2_1 - INFO - => result | total 178 | correct 3 | acc 1.69% | err 98.31% | macro_f1 2.31%
2025-11-13 07:36:33 - 8_0.2_1 - INFO - Evaluate on the client4 neighbor set
2025-11-13 07:37:06 - 8_0.2_1 - INFO - => result | total 2,285 | correct 30 | acc 1.31% | err 98.69% | macro_f1 0.14%
2025-11-13 07:37:06 - 8_0.2_1 - INFO - Evaluate on the client5 local set
2025-11-13 07:37:10 - 8_0.2_1 - INFO - => result | total 262 | correct 1 | acc 0.38% | err 99.62% | macro_f1 0.26%
2025-11-13 07:37:10 - 8_0.2_1 - INFO - Evaluate on the client5 neighbor set
2025-11-13 07:37:40 - 8_0.2_1 - INFO - => result | total 2,201 | correct 33 | acc 1.50% | err 98.50% | macro_f1 0.21%
2025-11-13 07:37:40 - 8_0.2_1 - INFO - Evaluate on the client6 local set
2025-11-13 07:37:43 - 8_0.2_1 - INFO - => result | total 223 | correct 0 | acc 0.00% | err 100.00% | macro_f1 0.00%
2025-11-13 07:37:43 - 8_0.2_1 - INFO - Evaluate on the client6 neighbor set
2025-11-13 07:38:15 - 8_0.2_1 - INFO - => result | total 2,240 | correct 34 | acc 1.52% | err 98.48% | macro_f1 0.25%
2025-11-13 07:38:15 - 8_0.2_1 - INFO - Evaluate on the client7 local set
2025-11-13 07:38:18 - 8_0.2_1 - INFO - => result | total 234 | correct 0 | acc 0.00% | err 100.00% | macro_f1 0.00%
2025-11-13 07:38:18 - 8_0.2_1 - INFO - Evaluate on the client7 neighbor set
2025-11-13 07:38:49 - 8_0.2_1 - INFO - => result | total 2,229 | correct 34 | acc 1.53% | err 98.47% | macro_f1 0.24%
2025-11-13 07:38:49 - 8_0.2_1 - INFO - Evaluate on the client8 local set
2025-11-13 07:38:52 - 8_0.2_1 - INFO - => result | total 205 | correct 0 | acc 0.00% | err 100.00% | macro_f1 0.00%
2025-11-13 07:38:52 - 8_0.2_1 - INFO - Evaluate on the client8 neighbor set
2025-11-13 07:39:26 - 8_0.2_1 - INFO - => result | total 2,258 | correct 34 | acc 1.51% | err 98.49% | macro_f1 0.22%
2025-11-13 07:39:26 - 8_0.2_1 - INFO - Evaluate on the client9 local set
2025-11-13 07:39:32 - 8_0.2_1 - INFO - => result | total 319 | correct 28 | acc 8.78% | err 91.22% | macro_f1 2.75%
2025-11-13 07:39:32 - 8_0.2_1 - INFO - Evaluate on the client9 neighbor set
2025-11-13 07:40:04 - 8_0.2_1 - INFO - => result | total 2,144 | correct 8 | acc 0.37% | err 99.63% | macro_f1 0.15%
2025-11-13 07:40:04 - 8_0.2_1 - INFO - Global test local acc: 1.12
2025-11-13 07:40:04 - 8_0.2_1 - INFO - Global test neighbor acc: 1.33
2025-11-13 07:40:04 - 8_0.2_1 - INFO - ------------local test finish-------------
2025-11-13 07:40:04 - 8_0.2_1 - INFO - [Epoch 30/30] 测试耗时: 352.75s
2025-11-13 07:40:04 - 8_0.2_1 - INFO - maximum test local acc: 1.685
2025-11-13 07:40:04 - 8_0.2_1 - INFO - mean of local acc: 1.223
2025-11-13 07:40:04 - 8_0.2_1 - INFO - maximum test neighbor acc: 1.988
2025-11-13 07:40:04 - 8_0.2_1 - INFO - mean of neighbor acc: 1.594
