2025-11-13 20:43:54 - 8_0.2_1 - INFO - 日志文件已创建: logs/oxford_flowers/fedpgp/8_0.2_1_20251113_204354.log
2025-11-13 20:43:54 - 8_0.2_1 - INFO - Loading trainer: DP_FPL
2025-11-13 20:43:54 - 8_0.2_1 - INFO - Loading dataset: OxfordFlowers
2025-11-13 20:43:54 - 8_0.2_1 - INFO - Reading split from /home/liuxin25/dataset/oxford_flowers/split_zhou_OxfordFlowers.json
2025-11-13 20:43:54 - 8_0.2_1 - INFO - Creating a baseline federated dataset
2025-11-13 20:43:54 - 8_0.2_1 - INFO - class_num 102
2025-11-13 20:43:54 - 8_0.2_1 - INFO - user class dict total [90, 54, 31, 35, 55, 72, 92, 42, 95, 84]
2025-11-13 20:43:54 - 8_0.2_1 - INFO - idx: 0, output_dict_len: 451
2025-11-13 20:43:54 - 8_0.2_1 - INFO - user class dict total [74, 0, 1, 80, 27, 20, 77, 50, 66, 45]
2025-11-13 20:43:54 - 8_0.2_1 - INFO - idx: 1, output_dict_len: 562
2025-11-13 20:43:54 - 8_0.2_1 - INFO - user class dict total [44, 82, 14, 32, 52, 70, 28, 51, 10, 21]
2025-11-13 20:43:54 - 8_0.2_1 - INFO - idx: 2, output_dict_len: 373
2025-11-13 20:43:54 - 8_0.2_1 - INFO - user class dict total [33, 75, 5, 48, 87, 98, 23, 69, 62, 7]
2025-11-13 20:43:54 - 8_0.2_1 - INFO - idx: 3, output_dict_len: 350
2025-11-13 20:43:54 - 8_0.2_1 - INFO - user class dict total [17, 18, 60, 34, 11, 58, 86, 13, 41, 30]
2025-11-13 20:43:54 - 8_0.2_1 - INFO - idx: 4, output_dict_len: 302
2025-11-13 20:43:54 - 8_0.2_1 - INFO - user class dict total [24, 71, 56, 76, 37, 6, 53, 79, 97, 39]
2025-11-13 20:43:54 - 8_0.2_1 - INFO - idx: 5, output_dict_len: 433
2025-11-13 20:43:54 - 8_0.2_1 - INFO - user class dict total [47, 65, 36, 91, 3, 63, 59, 9, 96, 64]
2025-11-13 20:43:54 - 8_0.2_1 - INFO - idx: 6, output_dict_len: 367
2025-11-13 20:43:54 - 8_0.2_1 - INFO - user class dict total [94, 88, 99, 61, 19, 25, 4, 16, 8, 46]
2025-11-13 20:43:54 - 8_0.2_1 - INFO - idx: 7, output_dict_len: 387
2025-11-13 20:43:54 - 8_0.2_1 - INFO - user class dict total [26, 2, 93, 85, 29, 22, 100, 67, 68, 38]
2025-11-13 20:43:54 - 8_0.2_1 - INFO - idx: 8, output_dict_len: 341
2025-11-13 20:43:54 - 8_0.2_1 - INFO - user class dict total [83, 15, 12, 81, 43, 73, 78, 40, 101, 57, 89, 49]
2025-11-13 20:43:54 - 8_0.2_1 - INFO - idx: 9, output_dict_len: 527
2025-11-13 20:43:54 - 8_0.2_1 - INFO - Creating a baseline federated dataset
2025-11-13 20:43:54 - 8_0.2_1 - INFO - class_num 102
2025-11-13 20:43:54 - 8_0.2_1 - INFO - user class dict total [90, 54, 31, 35, 55, 72, 92, 42, 95, 84]
2025-11-13 20:43:54 - 8_0.2_1 - INFO - idx: 0, output_dict_len: 269
2025-11-13 20:43:54 - 8_0.2_1 - INFO - user class dict total [74, 0, 1, 80, 27, 20, 77, 50, 66, 45]
2025-11-13 20:43:54 - 8_0.2_1 - INFO - idx: 1, output_dict_len: 339
2025-11-13 20:43:54 - 8_0.2_1 - INFO - user class dict total [44, 82, 14, 32, 52, 70, 28, 51, 10, 21]
2025-11-13 20:43:54 - 8_0.2_1 - INFO - idx: 2, output_dict_len: 223
2025-11-13 20:43:54 - 8_0.2_1 - INFO - user class dict total [33, 75, 5, 48, 87, 98, 23, 69, 62, 7]
2025-11-13 20:43:54 - 8_0.2_1 - INFO - idx: 3, output_dict_len: 211
2025-11-13 20:43:54 - 8_0.2_1 - INFO - user class dict total [17, 18, 60, 34, 11, 58, 86, 13, 41, 30]
2025-11-13 20:43:54 - 8_0.2_1 - INFO - idx: 4, output_dict_len: 178
2025-11-13 20:43:54 - 8_0.2_1 - INFO - user class dict total [24, 71, 56, 76, 37, 6, 53, 79, 97, 39]
2025-11-13 20:43:54 - 8_0.2_1 - INFO - idx: 5, output_dict_len: 262
2025-11-13 20:43:54 - 8_0.2_1 - INFO - user class dict total [47, 65, 36, 91, 3, 63, 59, 9, 96, 64]
2025-11-13 20:43:54 - 8_0.2_1 - INFO - idx: 6, output_dict_len: 223
2025-11-13 20:43:54 - 8_0.2_1 - INFO - user class dict total [94, 88, 99, 61, 19, 25, 4, 16, 8, 46]
2025-11-13 20:43:54 - 8_0.2_1 - INFO - idx: 7, output_dict_len: 234
2025-11-13 20:43:54 - 8_0.2_1 - INFO - user class dict total [26, 2, 93, 85, 29, 22, 100, 67, 68, 38]
2025-11-13 20:43:54 - 8_0.2_1 - INFO - idx: 8, output_dict_len: 205
2025-11-13 20:43:54 - 8_0.2_1 - INFO - user class dict total [83, 15, 12, 81, 43, 73, 78, 40, 101, 57, 89, 49]
2025-11-13 20:43:54 - 8_0.2_1 - INFO - idx: 9, output_dict_len: 319
2025-11-13 20:43:54 - 8_0.2_1 - INFO - Loading CLIP (backbone: ViT-B/16)
2025-11-13 20:43:55 - 8_0.2_1 - INFO - Building custom CLIP
2025-11-13 20:43:55 - 8_0.2_1 - INFO - Turning off gradients in both the image and the text encoder
2025-11-13 20:44:25 - 8_0.2_1 - INFO - [Epoch 1/30] 训练耗时: 28.96s | 平均训练准确率: 1.08
2025-11-13 20:44:52 - 8_0.2_1 - INFO - [Epoch 2/30] 训练耗时: 27.82s | 平均训练准确率: 1.53
2025-11-13 20:45:20 - 8_0.2_1 - INFO - [Epoch 3/30] 训练耗时: 27.81s | 平均训练准确率: 0.45
2025-11-13 20:45:48 - 8_0.2_1 - INFO - [Epoch 4/30] 训练耗时: 27.95s | 平均训练准确率: 0.31
2025-11-13 20:46:16 - 8_0.2_1 - INFO - [Epoch 5/30] 训练耗时: 27.90s | 平均训练准确率: 1.11
2025-11-13 20:46:44 - 8_0.2_1 - INFO - [Epoch 6/30] 训练耗时: 27.95s | 平均训练准确率: 0.10
2025-11-13 20:47:12 - 8_0.2_1 - INFO - [Epoch 7/30] 训练耗时: 28.01s | 平均训练准确率: 0.14
2025-11-13 20:47:40 - 8_0.2_1 - INFO - [Epoch 8/30] 训练耗时: 27.88s | 平均训练准确率: 1.11
2025-11-13 20:48:08 - 8_0.2_1 - INFO - [Epoch 9/30] 训练耗时: 27.82s | 平均训练准确率: 2.74
2025-11-13 20:48:35 - 8_0.2_1 - INFO - [Epoch 10/30] 训练耗时: 26.88s | 平均训练准确率: 0.80
2025-11-13 20:49:02 - 8_0.2_1 - INFO - [Epoch 11/30] 训练耗时: 27.82s | 平均训练准确率: 0.42
2025-11-13 20:49:30 - 8_0.2_1 - INFO - [Epoch 12/30] 训练耗时: 27.92s | 平均训练准确率: 0.17
2025-11-13 20:49:56 - 8_0.2_1 - INFO - [Epoch 13/30] 训练耗时: 25.21s | 平均训练准确率: 0.10
2025-11-13 20:50:21 - 8_0.2_1 - INFO - [Epoch 14/30] 训练耗时: 25.23s | 平均训练准确率: 0.69
2025-11-13 20:50:46 - 8_0.2_1 - INFO - [Epoch 15/30] 训练耗时: 25.20s | 平均训练准确率: 0.83
2025-11-13 20:51:11 - 8_0.2_1 - INFO - [Epoch 16/30] 训练耗时: 25.20s | 平均训练准确率: 0.59
2025-11-13 20:51:36 - 8_0.2_1 - INFO - [Epoch 17/30] 训练耗时: 25.20s | 平均训练准确率: 1.60
2025-11-13 20:52:02 - 8_0.2_1 - INFO - [Epoch 18/30] 训练耗时: 25.18s | 平均训练准确率: 2.36
2025-11-13 20:52:27 - 8_0.2_1 - INFO - [Epoch 19/30] 训练耗时: 25.21s | 平均训练准确率: 1.25
2025-11-13 20:52:52 - 8_0.2_1 - INFO - [Epoch 20/30] 训练耗时: 25.18s | 平均训练准确率: 0.94
2025-11-13 20:53:17 - 8_0.2_1 - INFO - [Epoch 21/30] 训练耗时: 25.14s | 平均训练准确率: 1.98
2025-11-13 20:53:42 - 8_0.2_1 - INFO - [Epoch 22/30] 训练耗时: 25.16s | 平均训练准确率: 2.12
2025-11-13 20:54:08 - 8_0.2_1 - INFO - [Epoch 23/30] 训练耗时: 25.89s | 平均训练准确率: 1.08
2025-11-13 20:54:33 - 8_0.2_1 - INFO - [Epoch 24/30] 训练耗时: 24.66s | 平均训练准确率: 0.00
2025-11-13 20:54:57 - 8_0.2_1 - INFO - [Epoch 25/30] 训练耗时: 24.39s | 平均训练准确率: 0.03
2025-11-13 20:55:22 - 8_0.2_1 - INFO - [Epoch 26/30] 训练耗时: 25.19s | 平均训练准确率: 0.21
2025-11-13 20:55:48 - 8_0.2_1 - INFO - [Epoch 27/30] 训练耗时: 25.15s | 平均训练准确率: 0.35
2025-11-13 20:56:13 - 8_0.2_1 - INFO - [Epoch 28/30] 训练耗时: 25.19s | 平均训练准确率: 2.01
2025-11-13 20:56:13 - 8_0.2_1 - INFO - ------------local test start-------------
2025-11-13 20:56:13 - 8_0.2_1 - INFO - Evaluate on the client0 local set
2025-11-13 20:56:15 - 8_0.2_1 - INFO - => result | total 269 | correct 0 | acc 0.00% | err 100.00% | macro_f1 0.00%
2025-11-13 20:56:15 - 8_0.2_1 - INFO - Evaluate on the client0 neighbor set
2025-11-13 20:56:33 - 8_0.2_1 - INFO - => result | total 2,194 | correct 9 | acc 0.41% | err 99.59% | macro_f1 0.05%
2025-11-13 20:56:33 - 8_0.2_1 - INFO - Evaluate on the client1 local set
2025-11-13 20:56:36 - 8_0.2_1 - INFO - => result | total 339 | correct 1 | acc 0.29% | err 99.71% | macro_f1 0.09%
2025-11-13 20:56:36 - 8_0.2_1 - INFO - Evaluate on the client1 neighbor set
2025-11-13 20:56:53 - 8_0.2_1 - INFO - => result | total 2,124 | correct 6 | acc 0.28% | err 99.72% | macro_f1 0.05%
2025-11-13 20:56:53 - 8_0.2_1 - INFO - Evaluate on the client2 local set
2025-11-13 20:56:55 - 8_0.2_1 - INFO - => result | total 223 | correct 0 | acc 0.00% | err 100.00% | macro_f1 0.00%
2025-11-13 20:56:55 - 8_0.2_1 - INFO - Evaluate on the client2 neighbor set
2025-11-13 20:57:13 - 8_0.2_1 - INFO - => result | total 2,240 | correct 5 | acc 0.22% | err 99.78% | macro_f1 0.04%
2025-11-13 20:57:13 - 8_0.2_1 - INFO - Evaluate on the client3 local set
2025-11-13 20:57:15 - 8_0.2_1 - INFO - => result | total 211 | correct 4 | acc 1.90% | err 98.10% | macro_f1 1.63%
2025-11-13 20:57:15 - 8_0.2_1 - INFO - Evaluate on the client3 neighbor set
2025-11-13 20:57:34 - 8_0.2_1 - INFO - => result | total 2,252 | correct 3 | acc 0.13% | err 99.87% | macro_f1 0.01%
2025-11-13 20:57:34 - 8_0.2_1 - INFO - Evaluate on the client4 local set
2025-11-13 20:57:35 - 8_0.2_1 - INFO - => result | total 178 | correct 1 | acc 0.56% | err 99.44% | macro_f1 0.74%
2025-11-13 20:57:35 - 8_0.2_1 - INFO - Evaluate on the client4 neighbor set
2025-11-13 20:57:54 - 8_0.2_1 - INFO - => result | total 2,285 | correct 9 | acc 0.39% | err 99.61% | macro_f1 0.06%
2025-11-13 20:57:54 - 8_0.2_1 - INFO - Evaluate on the client5 local set
2025-11-13 20:57:56 - 8_0.2_1 - INFO - => result | total 262 | correct 1 | acc 0.38% | err 99.62% | macro_f1 0.65%
2025-11-13 20:57:56 - 8_0.2_1 - INFO - Evaluate on the client5 neighbor set
2025-11-13 20:58:14 - 8_0.2_1 - INFO - => result | total 2,201 | correct 11 | acc 0.50% | err 99.50% | macro_f1 0.14%
2025-11-13 20:58:14 - 8_0.2_1 - INFO - Evaluate on the client6 local set
2025-11-13 20:58:16 - 8_0.2_1 - INFO - => result | total 223 | correct 0 | acc 0.00% | err 100.00% | macro_f1 0.00%
2025-11-13 20:58:16 - 8_0.2_1 - INFO - Evaluate on the client6 neighbor set
2025-11-13 20:58:34 - 8_0.2_1 - INFO - => result | total 2,240 | correct 13 | acc 0.58% | err 99.42% | macro_f1 0.14%
2025-11-13 20:58:34 - 8_0.2_1 - INFO - Evaluate on the client7 local set
2025-11-13 20:58:36 - 8_0.2_1 - INFO - => result | total 234 | correct 0 | acc 0.00% | err 100.00% | macro_f1 0.00%
2025-11-13 20:58:36 - 8_0.2_1 - INFO - Evaluate on the client7 neighbor set
2025-11-13 20:58:54 - 8_0.2_1 - INFO - => result | total 2,229 | correct 16 | acc 0.72% | err 99.28% | macro_f1 0.15%
2025-11-13 20:58:54 - 8_0.2_1 - INFO - Evaluate on the client8 local set
2025-11-13 20:58:56 - 8_0.2_1 - INFO - => result | total 205 | correct 0 | acc 0.00% | err 100.00% | macro_f1 0.00%
2025-11-13 20:58:56 - 8_0.2_1 - INFO - Evaluate on the client8 neighbor set
2025-11-13 20:59:15 - 8_0.2_1 - INFO - => result | total 2,258 | correct 17 | acc 0.75% | err 99.25% | macro_f1 0.15%
2025-11-13 20:59:15 - 8_0.2_1 - INFO - Evaluate on the client9 local set
2025-11-13 20:59:18 - 8_0.2_1 - INFO - => result | total 319 | correct 0 | acc 0.00% | err 100.00% | macro_f1 0.00%
2025-11-13 20:59:18 - 8_0.2_1 - INFO - Evaluate on the client9 neighbor set
2025-11-13 20:59:35 - 8_0.2_1 - INFO - => result | total 2,144 | correct 20 | acc 0.93% | err 99.07% | macro_f1 0.16%
2025-11-13 20:59:35 - 8_0.2_1 - INFO - Global test local acc: 0.31
2025-11-13 20:59:35 - 8_0.2_1 - INFO - Global test neighbor acc: 0.49
2025-11-13 20:59:35 - 8_0.2_1 - INFO - ------------local test finish-------------
2025-11-13 20:59:35 - 8_0.2_1 - INFO - [Epoch 28/30] 测试耗时: 202.32s
2025-11-13 21:00:00 - 8_0.2_1 - INFO - [Epoch 29/30] 训练耗时: 25.26s | 平均训练准确率: 0.07
2025-11-13 21:00:00 - 8_0.2_1 - INFO - ------------local test start-------------
2025-11-13 21:00:00 - 8_0.2_1 - INFO - Evaluate on the client0 local set
2025-11-13 21:00:03 - 8_0.2_1 - INFO - => result | total 269 | correct 0 | acc 0.00% | err 100.00% | macro_f1 0.00%
2025-11-13 21:00:03 - 8_0.2_1 - INFO - Evaluate on the client0 neighbor set
2025-11-13 21:00:20 - 8_0.2_1 - INFO - => result | total 2,194 | correct 16 | acc 0.73% | err 99.27% | macro_f1 0.03%
2025-11-13 21:00:20 - 8_0.2_1 - INFO - Evaluate on the client1 local set
2025-11-13 21:00:23 - 8_0.2_1 - INFO - => result | total 339 | correct 0 | acc 0.00% | err 100.00% | macro_f1 0.00%
2025-11-13 21:00:23 - 8_0.2_1 - INFO - Evaluate on the client1 neighbor set
2025-11-13 21:00:40 - 8_0.2_1 - INFO - => result | total 2,124 | correct 16 | acc 0.75% | err 99.25% | macro_f1 0.02%
2025-11-13 21:00:40 - 8_0.2_1 - INFO - Evaluate on the client2 local set
2025-11-13 21:00:42 - 8_0.2_1 - INFO - => result | total 223 | correct 0 | acc 0.00% | err 100.00% | macro_f1 0.00%
2025-11-13 21:00:42 - 8_0.2_1 - INFO - Evaluate on the client2 neighbor set
2025-11-13 21:01:00 - 8_0.2_1 - INFO - => result | total 2,240 | correct 16 | acc 0.71% | err 99.29% | macro_f1 0.02%
2025-11-13 21:01:00 - 8_0.2_1 - INFO - Evaluate on the client3 local set
2025-11-13 21:01:01 - 8_0.2_1 - INFO - => result | total 211 | correct 0 | acc 0.00% | err 100.00% | macro_f1 0.00%
2025-11-13 21:01:01 - 8_0.2_1 - INFO - Evaluate on the client3 neighbor set
2025-11-13 21:01:20 - 8_0.2_1 - INFO - => result | total 2,252 | correct 16 | acc 0.71% | err 99.29% | macro_f1 0.02%
2025-11-13 21:01:20 - 8_0.2_1 - INFO - Evaluate on the client4 local set
2025-11-13 21:01:21 - 8_0.2_1 - INFO - => result | total 178 | correct 0 | acc 0.00% | err 100.00% | macro_f1 0.00%
2025-11-13 21:01:21 - 8_0.2_1 - INFO - Evaluate on the client4 neighbor set
2025-11-13 21:01:40 - 8_0.2_1 - INFO - => result | total 2,285 | correct 16 | acc 0.70% | err 99.30% | macro_f1 0.02%
2025-11-13 21:01:40 - 8_0.2_1 - INFO - Evaluate on the client5 local set
2025-11-13 21:01:42 - 8_0.2_1 - INFO - => result | total 262 | correct 0 | acc 0.00% | err 100.00% | macro_f1 0.00%
2025-11-13 21:01:42 - 8_0.2_1 - INFO - Evaluate on the client5 neighbor set
2025-11-13 21:02:00 - 8_0.2_1 - INFO - => result | total 2,201 | correct 16 | acc 0.73% | err 99.27% | macro_f1 0.02%
2025-11-13 21:02:00 - 8_0.2_1 - INFO - Evaluate on the client6 local set
2025-11-13 21:02:01 - 8_0.2_1 - INFO - => result | total 223 | correct 0 | acc 0.00% | err 100.00% | macro_f1 0.00%
2025-11-13 21:02:01 - 8_0.2_1 - INFO - Evaluate on the client6 neighbor set
2025-11-13 21:02:20 - 8_0.2_1 - INFO - => result | total 2,240 | correct 16 | acc 0.71% | err 99.29% | macro_f1 0.02%
2025-11-13 21:02:20 - 8_0.2_1 - INFO - Evaluate on the client7 local set
2025-11-13 21:02:22 - 8_0.2_1 - INFO - => result | total 234 | correct 0 | acc 0.00% | err 100.00% | macro_f1 0.00%
2025-11-13 21:02:22 - 8_0.2_1 - INFO - Evaluate on the client7 neighbor set
2025-11-13 21:02:40 - 8_0.2_1 - INFO - => result | total 2,229 | correct 16 | acc 0.72% | err 99.28% | macro_f1 0.02%
2025-11-13 21:02:40 - 8_0.2_1 - INFO - Evaluate on the client8 local set
2025-11-13 21:02:42 - 8_0.2_1 - INFO - => result | total 205 | correct 16 | acc 7.80% | err 92.20% | macro_f1 1.52%
2025-11-13 21:02:42 - 8_0.2_1 - INFO - Evaluate on the client8 neighbor set
2025-11-13 21:03:00 - 8_0.2_1 - INFO - => result | total 2,258 | correct 0 | acc 0.00% | err 100.00% | macro_f1 0.00%
2025-11-13 21:03:00 - 8_0.2_1 - INFO - Evaluate on the client9 local set
2025-11-13 21:03:03 - 8_0.2_1 - INFO - => result | total 319 | correct 0 | acc 0.00% | err 100.00% | macro_f1 0.00%
2025-11-13 21:03:03 - 8_0.2_1 - INFO - Evaluate on the client9 neighbor set
2025-11-13 21:03:20 - 8_0.2_1 - INFO - => result | total 2,144 | correct 16 | acc 0.75% | err 99.25% | macro_f1 0.02%
2025-11-13 21:03:20 - 8_0.2_1 - INFO - Global test local acc: 0.78
2025-11-13 21:03:20 - 8_0.2_1 - INFO - Global test neighbor acc: 0.65
2025-11-13 21:03:20 - 8_0.2_1 - INFO - ------------local test finish-------------
2025-11-13 21:03:20 - 8_0.2_1 - INFO - [Epoch 29/30] 测试耗时: 199.68s
2025-11-13 21:03:45 - 8_0.2_1 - INFO - [Epoch 30/30] 训练耗时: 25.19s | 平均训练准确率: 0.03
2025-11-13 21:03:45 - 8_0.2_1 - INFO - ------------local test start-------------
2025-11-13 21:03:45 - 8_0.2_1 - INFO - Evaluate on the client0 local set
2025-11-13 21:03:47 - 8_0.2_1 - INFO - => result | total 269 | correct 0 | acc 0.00% | err 100.00% | macro_f1 0.00%
2025-11-13 21:03:47 - 8_0.2_1 - INFO - Evaluate on the client0 neighbor set
2025-11-13 21:04:05 - 8_0.2_1 - INFO - => result | total 2,194 | correct 17 | acc 0.77% | err 99.23% | macro_f1 0.02%
2025-11-13 21:04:05 - 8_0.2_1 - INFO - Evaluate on the client1 local set
2025-11-13 21:04:08 - 8_0.2_1 - INFO - => result | total 339 | correct 0 | acc 0.00% | err 100.00% | macro_f1 0.00%
2025-11-13 21:04:08 - 8_0.2_1 - INFO - Evaluate on the client1 neighbor set
2025-11-13 21:04:25 - 8_0.2_1 - INFO - => result | total 2,124 | correct 17 | acc 0.80% | err 99.20% | macro_f1 0.02%
2025-11-13 21:04:25 - 8_0.2_1 - INFO - Evaluate on the client2 local set
2025-11-13 21:04:27 - 8_0.2_1 - INFO - => result | total 223 | correct 0 | acc 0.00% | err 100.00% | macro_f1 0.00%
2025-11-13 21:04:27 - 8_0.2_1 - INFO - Evaluate on the client2 neighbor set
2025-11-13 21:04:45 - 8_0.2_1 - INFO - => result | total 2,240 | correct 17 | acc 0.76% | err 99.24% | macro_f1 0.02%
2025-11-13 21:04:45 - 8_0.2_1 - INFO - Evaluate on the client3 local set
2025-11-13 21:04:47 - 8_0.2_1 - INFO - => result | total 211 | correct 0 | acc 0.00% | err 100.00% | macro_f1 0.00%
2025-11-13 21:04:47 - 8_0.2_1 - INFO - Evaluate on the client3 neighbor set
2025-11-13 21:05:05 - 8_0.2_1 - INFO - => result | total 2,252 | correct 17 | acc 0.75% | err 99.25% | macro_f1 0.02%
2025-11-13 21:05:05 - 8_0.2_1 - INFO - Evaluate on the client4 local set
2025-11-13 21:05:07 - 8_0.2_1 - INFO - => result | total 178 | correct 0 | acc 0.00% | err 100.00% | macro_f1 0.00%
2025-11-13 21:05:07 - 8_0.2_1 - INFO - Evaluate on the client4 neighbor set
2025-11-13 21:05:25 - 8_0.2_1 - INFO - => result | total 2,285 | correct 17 | acc 0.74% | err 99.26% | macro_f1 0.02%
2025-11-13 21:05:25 - 8_0.2_1 - INFO - Evaluate on the client5 local set
2025-11-13 21:05:27 - 8_0.2_1 - INFO - => result | total 262 | correct 0 | acc 0.00% | err 100.00% | macro_f1 0.00%
2025-11-13 21:05:27 - 8_0.2_1 - INFO - Evaluate on the client5 neighbor set
2025-11-13 21:05:46 - 8_0.2_1 - INFO - => result | total 2,201 | correct 17 | acc 0.77% | err 99.23% | macro_f1 0.02%
2025-11-13 21:05:46 - 8_0.2_1 - INFO - Evaluate on the client6 local set
2025-11-13 21:05:48 - 8_0.2_1 - INFO - => result | total 223 | correct 0 | acc 0.00% | err 100.00% | macro_f1 0.00%
2025-11-13 21:05:48 - 8_0.2_1 - INFO - Evaluate on the client6 neighbor set
2025-11-13 21:06:07 - 8_0.2_1 - INFO - => result | total 2,240 | correct 17 | acc 0.76% | err 99.24% | macro_f1 0.02%
2025-11-13 21:06:07 - 8_0.2_1 - INFO - Evaluate on the client7 local set
2025-11-13 21:06:09 - 8_0.2_1 - INFO - => result | total 234 | correct 0 | acc 0.00% | err 100.00% | macro_f1 0.00%
2025-11-13 21:06:09 - 8_0.2_1 - INFO - Evaluate on the client7 neighbor set
2025-11-13 21:06:27 - 8_0.2_1 - INFO - => result | total 2,229 | correct 17 | acc 0.76% | err 99.24% | macro_f1 0.02%
2025-11-13 21:06:27 - 8_0.2_1 - INFO - Evaluate on the client8 local set
2025-11-13 21:06:29 - 8_0.2_1 - INFO - => result | total 205 | correct 17 | acc 8.29% | err 91.71% | macro_f1 1.53%
2025-11-13 21:06:29 - 8_0.2_1 - INFO - Evaluate on the client8 neighbor set
2025-11-13 21:06:47 - 8_0.2_1 - INFO - => result | total 2,258 | correct 0 | acc 0.00% | err 100.00% | macro_f1 0.00%
2025-11-13 21:06:47 - 8_0.2_1 - INFO - Evaluate on the client9 local set
2025-11-13 21:06:50 - 8_0.2_1 - INFO - => result | total 319 | correct 0 | acc 0.00% | err 100.00% | macro_f1 0.00%
2025-11-13 21:06:50 - 8_0.2_1 - INFO - Evaluate on the client9 neighbor set
2025-11-13 21:07:07 - 8_0.2_1 - INFO - => result | total 2,144 | correct 17 | acc 0.79% | err 99.21% | macro_f1 0.02%
2025-11-13 21:07:07 - 8_0.2_1 - INFO - Global test local acc: 0.83
2025-11-13 21:07:07 - 8_0.2_1 - INFO - Global test neighbor acc: 0.69
2025-11-13 21:07:07 - 8_0.2_1 - INFO - ------------local test finish-------------
2025-11-13 21:07:07 - 8_0.2_1 - INFO - [Epoch 30/30] 测试耗时: 202.31s
2025-11-13 21:07:07 - 8_0.2_1 - INFO - maximum test local acc: 0.829
2025-11-13 21:07:07 - 8_0.2_1 - INFO - mean of local acc: 0.641
2025-11-13 21:07:07 - 8_0.2_1 - INFO - maximum test neighbor acc: 0.692
2025-11-13 21:07:07 - 8_0.2_1 - INFO - mean of neighbor acc: 0.612
