2025-11-13 10:27:41 - 8_0.01_1 - INFO - 日志文件已创建: logs/oxford_flowers/fedpgp/8_0.01_1_20251113_102741.log
2025-11-13 10:27:41 - 8_0.01_1 - INFO - Loading trainer: DP_FPL
2025-11-13 10:27:41 - 8_0.01_1 - INFO - Loading dataset: OxfordFlowers
2025-11-13 10:27:41 - 8_0.01_1 - INFO - Reading split from /home/liuxin25/dataset/oxford_flowers/split_zhou_OxfordFlowers.json
2025-11-13 10:27:41 - 8_0.01_1 - INFO - Creating a baseline federated dataset
2025-11-13 10:27:41 - 8_0.01_1 - INFO - class_num 102
2025-11-13 10:27:41 - 8_0.01_1 - INFO - user class dict total [90, 54, 31, 35, 55, 72, 92, 42, 95, 84]
2025-11-13 10:27:41 - 8_0.01_1 - INFO - idx: 0, output_dict_len: 451
2025-11-13 10:27:41 - 8_0.01_1 - INFO - user class dict total [74, 0, 1, 80, 27, 20, 77, 50, 66, 45]
2025-11-13 10:27:41 - 8_0.01_1 - INFO - idx: 1, output_dict_len: 562
2025-11-13 10:27:41 - 8_0.01_1 - INFO - user class dict total [44, 82, 14, 32, 52, 70, 28, 51, 10, 21]
2025-11-13 10:27:41 - 8_0.01_1 - INFO - idx: 2, output_dict_len: 373
2025-11-13 10:27:41 - 8_0.01_1 - INFO - user class dict total [33, 75, 5, 48, 87, 98, 23, 69, 62, 7]
2025-11-13 10:27:41 - 8_0.01_1 - INFO - idx: 3, output_dict_len: 350
2025-11-13 10:27:41 - 8_0.01_1 - INFO - user class dict total [17, 18, 60, 34, 11, 58, 86, 13, 41, 30]
2025-11-13 10:27:41 - 8_0.01_1 - INFO - idx: 4, output_dict_len: 302
2025-11-13 10:27:41 - 8_0.01_1 - INFO - user class dict total [24, 71, 56, 76, 37, 6, 53, 79, 97, 39]
2025-11-13 10:27:41 - 8_0.01_1 - INFO - idx: 5, output_dict_len: 433
2025-11-13 10:27:41 - 8_0.01_1 - INFO - user class dict total [47, 65, 36, 91, 3, 63, 59, 9, 96, 64]
2025-11-13 10:27:41 - 8_0.01_1 - INFO - idx: 6, output_dict_len: 367
2025-11-13 10:27:41 - 8_0.01_1 - INFO - user class dict total [94, 88, 99, 61, 19, 25, 4, 16, 8, 46]
2025-11-13 10:27:41 - 8_0.01_1 - INFO - idx: 7, output_dict_len: 387
2025-11-13 10:27:41 - 8_0.01_1 - INFO - user class dict total [26, 2, 93, 85, 29, 22, 100, 67, 68, 38]
2025-11-13 10:27:41 - 8_0.01_1 - INFO - idx: 8, output_dict_len: 341
2025-11-13 10:27:41 - 8_0.01_1 - INFO - user class dict total [83, 15, 12, 81, 43, 73, 78, 40, 101, 57, 89, 49]
2025-11-13 10:27:41 - 8_0.01_1 - INFO - idx: 9, output_dict_len: 527
2025-11-13 10:27:41 - 8_0.01_1 - INFO - Creating a baseline federated dataset
2025-11-13 10:27:41 - 8_0.01_1 - INFO - class_num 102
2025-11-13 10:27:41 - 8_0.01_1 - INFO - user class dict total [90, 54, 31, 35, 55, 72, 92, 42, 95, 84]
2025-11-13 10:27:41 - 8_0.01_1 - INFO - idx: 0, output_dict_len: 269
2025-11-13 10:27:41 - 8_0.01_1 - INFO - user class dict total [74, 0, 1, 80, 27, 20, 77, 50, 66, 45]
2025-11-13 10:27:41 - 8_0.01_1 - INFO - idx: 1, output_dict_len: 339
2025-11-13 10:27:41 - 8_0.01_1 - INFO - user class dict total [44, 82, 14, 32, 52, 70, 28, 51, 10, 21]
2025-11-13 10:27:41 - 8_0.01_1 - INFO - idx: 2, output_dict_len: 223
2025-11-13 10:27:41 - 8_0.01_1 - INFO - user class dict total [33, 75, 5, 48, 87, 98, 23, 69, 62, 7]
2025-11-13 10:27:41 - 8_0.01_1 - INFO - idx: 3, output_dict_len: 211
2025-11-13 10:27:41 - 8_0.01_1 - INFO - user class dict total [17, 18, 60, 34, 11, 58, 86, 13, 41, 30]
2025-11-13 10:27:41 - 8_0.01_1 - INFO - idx: 4, output_dict_len: 178
2025-11-13 10:27:41 - 8_0.01_1 - INFO - user class dict total [24, 71, 56, 76, 37, 6, 53, 79, 97, 39]
2025-11-13 10:27:41 - 8_0.01_1 - INFO - idx: 5, output_dict_len: 262
2025-11-13 10:27:41 - 8_0.01_1 - INFO - user class dict total [47, 65, 36, 91, 3, 63, 59, 9, 96, 64]
2025-11-13 10:27:41 - 8_0.01_1 - INFO - idx: 6, output_dict_len: 223
2025-11-13 10:27:41 - 8_0.01_1 - INFO - user class dict total [94, 88, 99, 61, 19, 25, 4, 16, 8, 46]
2025-11-13 10:27:41 - 8_0.01_1 - INFO - idx: 7, output_dict_len: 234
2025-11-13 10:27:41 - 8_0.01_1 - INFO - user class dict total [26, 2, 93, 85, 29, 22, 100, 67, 68, 38]
2025-11-13 10:27:41 - 8_0.01_1 - INFO - idx: 8, output_dict_len: 205
2025-11-13 10:27:41 - 8_0.01_1 - INFO - user class dict total [83, 15, 12, 81, 43, 73, 78, 40, 101, 57, 89, 49]
2025-11-13 10:27:41 - 8_0.01_1 - INFO - idx: 9, output_dict_len: 319
2025-11-13 10:27:41 - 8_0.01_1 - INFO - Loading CLIP (backbone: ViT-B/16)
2025-11-13 10:27:44 - 8_0.01_1 - INFO - Building custom CLIP
2025-11-13 10:27:44 - 8_0.01_1 - INFO - Turning off gradients in both the image and the text encoder
2025-11-13 10:28:23 - 8_0.01_1 - INFO - [Epoch 1/30] 训练耗时: 38.96s | 平均训练准确率: 1.08
2025-11-13 10:29:01 - 8_0.01_1 - INFO - [Epoch 2/30] 训练耗时: 38.29s | 平均训练准确率: 1.28
2025-11-13 10:29:40 - 8_0.01_1 - INFO - [Epoch 3/30] 训练耗时: 38.80s | 平均训练准确率: 1.04
2025-11-13 10:30:18 - 8_0.01_1 - INFO - [Epoch 4/30] 训练耗时: 37.44s | 平均训练准确率: 0.69
2025-11-13 10:30:56 - 8_0.01_1 - INFO - [Epoch 5/30] 训练耗时: 38.49s | 平均训练准确率: 1.25
2025-11-13 10:31:35 - 8_0.01_1 - INFO - [Epoch 6/30] 训练耗时: 38.43s | 平均训练准确率: 2.01
2025-11-13 10:32:12 - 8_0.01_1 - INFO - [Epoch 7/30] 训练耗时: 37.63s | 平均训练准确率: 0.90
2025-11-13 10:32:50 - 8_0.01_1 - INFO - [Epoch 8/30] 训练耗时: 38.12s | 平均训练准确率: 0.94
2025-11-13 10:33:29 - 8_0.01_1 - INFO - [Epoch 9/30] 训练耗时: 38.79s | 平均训练准确率: 0.24
2025-11-13 10:34:06 - 8_0.01_1 - INFO - [Epoch 10/30] 训练耗时: 37.46s | 平均训练准确率: 0.07
2025-11-13 10:34:45 - 8_0.01_1 - INFO - [Epoch 11/30] 训练耗时: 38.33s | 平均训练准确率: 1.08
2025-11-13 10:35:23 - 8_0.01_1 - INFO - [Epoch 12/30] 训练耗时: 38.67s | 平均训练准确率: 0.45
2025-11-13 10:36:01 - 8_0.01_1 - INFO - [Epoch 13/30] 训练耗时: 37.27s | 平均训练准确率: 0.14
2025-11-13 10:36:39 - 8_0.01_1 - INFO - [Epoch 14/30] 训练耗时: 38.12s | 平均训练准确率: 1.39
2025-11-13 10:37:17 - 8_0.01_1 - INFO - [Epoch 15/30] 训练耗时: 37.97s | 平均训练准确率: 1.98
2025-11-13 10:37:53 - 8_0.01_1 - INFO - [Epoch 16/30] 训练耗时: 36.30s | 平均训练准确率: 2.64
2025-11-13 10:38:29 - 8_0.01_1 - INFO - [Epoch 17/30] 训练耗时: 35.96s | 平均训练准确率: 1.22
2025-11-13 10:39:07 - 8_0.01_1 - INFO - [Epoch 18/30] 训练耗时: 37.87s | 平均训练准确率: 1.11
2025-11-13 10:39:45 - 8_0.01_1 - INFO - [Epoch 19/30] 训练耗时: 38.33s | 平均训练准确率: 0.35
2025-11-13 10:40:22 - 8_0.01_1 - INFO - [Epoch 20/30] 训练耗时: 36.88s | 平均训练准确率: 0.35
2025-11-13 10:41:00 - 8_0.01_1 - INFO - [Epoch 21/30] 训练耗时: 37.85s | 平均训练准确率: 0.17
2025-11-13 10:41:38 - 8_0.01_1 - INFO - [Epoch 22/30] 训练耗时: 38.23s | 平均训练准确率: 0.14
2025-11-13 10:42:16 - 8_0.01_1 - INFO - [Epoch 23/30] 训练耗时: 37.42s | 平均训练准确率: 0.49
2025-11-13 10:42:54 - 8_0.01_1 - INFO - [Epoch 24/30] 训练耗时: 38.08s | 平均训练准确率: 0.03
2025-11-13 10:43:32 - 8_0.01_1 - INFO - [Epoch 25/30] 训练耗时: 38.29s | 平均训练准确率: 0.10
2025-11-13 10:44:10 - 8_0.01_1 - INFO - [Epoch 26/30] 训练耗时: 37.92s | 平均训练准确率: 0.14
2025-11-13 10:44:48 - 8_0.01_1 - INFO - [Epoch 27/30] 训练耗时: 37.90s | 平均训练准确率: 0.21
2025-11-13 10:45:26 - 8_0.01_1 - INFO - [Epoch 28/30] 训练耗时: 38.57s | 平均训练准确率: 0.52
2025-11-13 10:45:26 - 8_0.01_1 - INFO - ------------local test start-------------
2025-11-13 10:45:26 - 8_0.01_1 - INFO - Evaluate on the client0 local set
2025-11-13 10:45:30 - 8_0.01_1 - INFO - => result | total 269 | correct 0 | acc 0.00% | err 100.00% | macro_f1 0.00%
2025-11-13 10:45:30 - 8_0.01_1 - INFO - Evaluate on the client0 neighbor set
2025-11-13 10:45:56 - 8_0.01_1 - INFO - => result | total 2,194 | correct 20 | acc 0.91% | err 99.09% | macro_f1 0.19%
2025-11-13 10:45:56 - 8_0.01_1 - INFO - Evaluate on the client1 local set
2025-11-13 10:46:00 - 8_0.01_1 - INFO - => result | total 339 | correct 4 | acc 1.18% | err 98.82% | macro_f1 0.58%
2025-11-13 10:46:00 - 8_0.01_1 - INFO - Evaluate on the client1 neighbor set
2025-11-13 10:46:23 - 8_0.01_1 - INFO - => result | total 2,124 | correct 17 | acc 0.80% | err 99.20% | macro_f1 0.18%
2025-11-13 10:46:23 - 8_0.01_1 - INFO - Evaluate on the client2 local set
2025-11-13 10:46:25 - 8_0.01_1 - INFO - => result | total 223 | correct 2 | acc 0.90% | err 99.10% | macro_f1 1.03%
2025-11-13 10:46:25 - 8_0.01_1 - INFO - Evaluate on the client2 neighbor set
2025-11-13 10:46:51 - 8_0.01_1 - INFO - => result | total 2,240 | correct 23 | acc 1.03% | err 98.97% | macro_f1 0.20%
2025-11-13 10:46:51 - 8_0.01_1 - INFO - Evaluate on the client3 local set
2025-11-13 10:46:54 - 8_0.01_1 - INFO - => result | total 211 | correct 0 | acc 0.00% | err 100.00% | macro_f1 0.00%
2025-11-13 10:46:54 - 8_0.01_1 - INFO - Evaluate on the client3 neighbor set
2025-11-13 10:47:21 - 8_0.01_1 - INFO - => result | total 2,252 | correct 26 | acc 1.15% | err 98.85% | macro_f1 0.20%
2025-11-13 10:47:21 - 8_0.01_1 - INFO - Evaluate on the client4 local set
2025-11-13 10:47:23 - 8_0.01_1 - INFO - => result | total 178 | correct 23 | acc 12.92% | err 87.08% | macro_f1 5.75%
2025-11-13 10:47:23 - 8_0.01_1 - INFO - Evaluate on the client4 neighbor set
2025-11-13 10:47:46 - 8_0.01_1 - INFO - => result | total 2,285 | correct 6 | acc 0.26% | err 99.74% | macro_f1 0.03%
2025-11-13 10:47:46 - 8_0.01_1 - INFO - Evaluate on the client5 local set
2025-11-13 10:47:49 - 8_0.01_1 - INFO - => result | total 262 | correct 0 | acc 0.00% | err 100.00% | macro_f1 0.00%
2025-11-13 10:47:49 - 8_0.01_1 - INFO - Evaluate on the client5 neighbor set
2025-11-13 10:48:12 - 8_0.01_1 - INFO - => result | total 2,201 | correct 29 | acc 1.32% | err 98.68% | macro_f1 0.18%
2025-11-13 10:48:12 - 8_0.01_1 - INFO - Evaluate on the client6 local set
2025-11-13 10:48:14 - 8_0.01_1 - INFO - => result | total 223 | correct 0 | acc 0.00% | err 100.00% | macro_f1 0.00%
2025-11-13 10:48:14 - 8_0.01_1 - INFO - Evaluate on the client6 neighbor set
2025-11-13 10:48:38 - 8_0.01_1 - INFO - => result | total 2,240 | correct 28 | acc 1.25% | err 98.75% | macro_f1 0.16%
2025-11-13 10:48:38 - 8_0.01_1 - INFO - Evaluate on the client7 local set
2025-11-13 10:48:40 - 8_0.01_1 - INFO - => result | total 234 | correct 0 | acc 0.00% | err 100.00% | macro_f1 0.00%
2025-11-13 10:48:40 - 8_0.01_1 - INFO - Evaluate on the client7 neighbor set
2025-11-13 10:49:04 - 8_0.01_1 - INFO - => result | total 2,229 | correct 25 | acc 1.12% | err 98.88% | macro_f1 0.13%
2025-11-13 10:49:04 - 8_0.01_1 - INFO - Evaluate on the client8 local set
2025-11-13 10:49:06 - 8_0.01_1 - INFO - => result | total 205 | correct 1 | acc 0.49% | err 99.51% | macro_f1 1.11%
2025-11-13 10:49:06 - 8_0.01_1 - INFO - Evaluate on the client8 neighbor set
2025-11-13 10:49:31 - 8_0.01_1 - INFO - => result | total 2,258 | correct 24 | acc 1.06% | err 98.94% | macro_f1 0.12%
2025-11-13 10:49:31 - 8_0.01_1 - INFO - Evaluate on the client9 local set
2025-11-13 10:49:35 - 8_0.01_1 - INFO - => result | total 319 | correct 0 | acc 0.00% | err 100.00% | macro_f1 0.00%
2025-11-13 10:49:35 - 8_0.01_1 - INFO - Evaluate on the client9 neighbor set
2025-11-13 10:49:58 - 8_0.01_1 - INFO - => result | total 2,144 | correct 25 | acc 1.17% | err 98.83% | macro_f1 0.14%
2025-11-13 10:49:58 - 8_0.01_1 - INFO - Global test local acc: 1.55
2025-11-13 10:49:58 - 8_0.01_1 - INFO - Global test neighbor acc: 1.01
2025-11-13 10:49:58 - 8_0.01_1 - INFO - ------------local test finish-------------
2025-11-13 10:49:58 - 8_0.01_1 - INFO - [Epoch 28/30] 测试耗时: 271.58s
2025-11-13 10:50:34 - 8_0.01_1 - INFO - [Epoch 29/30] 训练耗时: 36.18s | 平均训练准确率: 1.15
2025-11-13 10:50:34 - 8_0.01_1 - INFO - ------------local test start-------------
2025-11-13 10:50:34 - 8_0.01_1 - INFO - Evaluate on the client0 local set
2025-11-13 10:50:37 - 8_0.01_1 - INFO - => result | total 269 | correct 0 | acc 0.00% | err 100.00% | macro_f1 0.00%
2025-11-13 10:50:37 - 8_0.01_1 - INFO - Evaluate on the client0 neighbor set
2025-11-13 10:51:01 - 8_0.01_1 - INFO - => result | total 2,194 | correct 11 | acc 0.50% | err 99.50% | macro_f1 0.04%
2025-11-13 10:51:01 - 8_0.01_1 - INFO - Evaluate on the client1 local set
2025-11-13 10:51:05 - 8_0.01_1 - INFO - => result | total 339 | correct 6 | acc 1.77% | err 98.23% | macro_f1 0.76%
2025-11-13 10:51:05 - 8_0.01_1 - INFO - Evaluate on the client1 neighbor set
2025-11-13 10:51:26 - 8_0.01_1 - INFO - => result | total 2,124 | correct 6 | acc 0.28% | err 99.72% | macro_f1 0.03%
2025-11-13 10:51:26 - 8_0.01_1 - INFO - Evaluate on the client2 local set
2025-11-13 10:51:29 - 8_0.01_1 - INFO - => result | total 223 | correct 0 | acc 0.00% | err 100.00% | macro_f1 0.00%
2025-11-13 10:51:29 - 8_0.01_1 - INFO - Evaluate on the client2 neighbor set
2025-11-13 10:51:52 - 8_0.01_1 - INFO - => result | total 2,240 | correct 11 | acc 0.49% | err 99.51% | macro_f1 0.04%
2025-11-13 10:51:52 - 8_0.01_1 - INFO - Evaluate on the client3 local set
2025-11-13 10:51:54 - 8_0.01_1 - INFO - => result | total 211 | correct 0 | acc 0.00% | err 100.00% | macro_f1 0.00%
2025-11-13 10:51:54 - 8_0.01_1 - INFO - Evaluate on the client3 neighbor set
2025-11-13 10:52:18 - 8_0.01_1 - INFO - => result | total 2,252 | correct 13 | acc 0.58% | err 99.42% | macro_f1 0.12%
2025-11-13 10:52:18 - 8_0.01_1 - INFO - Evaluate on the client4 local set
2025-11-13 10:52:20 - 8_0.01_1 - INFO - => result | total 178 | correct 7 | acc 3.93% | err 96.07% | macro_f1 1.89%
2025-11-13 10:52:20 - 8_0.01_1 - INFO - Evaluate on the client4 neighbor set
2025-11-13 10:52:45 - 8_0.01_1 - INFO - => result | total 2,285 | correct 5 | acc 0.22% | err 99.78% | macro_f1 0.08%
2025-11-13 10:52:45 - 8_0.01_1 - INFO - Evaluate on the client5 local set
2025-11-13 10:52:47 - 8_0.01_1 - INFO - => result | total 262 | correct 0 | acc 0.00% | err 100.00% | macro_f1 0.00%
2025-11-13 10:52:47 - 8_0.01_1 - INFO - Evaluate on the client5 neighbor set
2025-11-13 10:53:10 - 8_0.01_1 - INFO - => result | total 2,201 | correct 13 | acc 0.59% | err 99.41% | macro_f1 0.11%
2025-11-13 10:53:10 - 8_0.01_1 - INFO - Evaluate on the client6 local set
2025-11-13 10:53:13 - 8_0.01_1 - INFO - => result | total 223 | correct 0 | acc 0.00% | err 100.00% | macro_f1 0.00%
2025-11-13 10:53:13 - 8_0.01_1 - INFO - Evaluate on the client6 neighbor set
2025-11-13 10:53:36 - 8_0.01_1 - INFO - => result | total 2,240 | correct 14 | acc 0.62% | err 99.38% | macro_f1 0.16%
2025-11-13 10:53:36 - 8_0.01_1 - INFO - Evaluate on the client7 local set
2025-11-13 10:53:39 - 8_0.01_1 - INFO - => result | total 234 | correct 0 | acc 0.00% | err 100.00% | macro_f1 0.00%
2025-11-13 10:53:39 - 8_0.01_1 - INFO - Evaluate on the client7 neighbor set
2025-11-13 10:54:02 - 8_0.01_1 - INFO - => result | total 2,229 | correct 15 | acc 0.67% | err 99.33% | macro_f1 0.16%
2025-11-13 10:54:02 - 8_0.01_1 - INFO - Evaluate on the client8 local set
2025-11-13 10:54:04 - 8_0.01_1 - INFO - => result | total 205 | correct 0 | acc 0.00% | err 100.00% | macro_f1 0.00%
2025-11-13 10:54:04 - 8_0.01_1 - INFO - Evaluate on the client8 neighbor set
2025-11-13 10:54:28 - 8_0.01_1 - INFO - => result | total 2,258 | correct 14 | acc 0.62% | err 99.38% | macro_f1 0.15%
2025-11-13 10:54:28 - 8_0.01_1 - INFO - Evaluate on the client9 local set
2025-11-13 10:54:32 - 8_0.01_1 - INFO - => result | total 319 | correct 2 | acc 0.63% | err 99.37% | macro_f1 1.59%
2025-11-13 10:54:32 - 8_0.01_1 - INFO - Evaluate on the client9 neighbor set
2025-11-13 10:54:53 - 8_0.01_1 - INFO - => result | total 2,144 | correct 13 | acc 0.61% | err 99.39% | macro_f1 0.05%
2025-11-13 10:54:53 - 8_0.01_1 - INFO - Global test local acc: 0.63
2025-11-13 10:54:53 - 8_0.01_1 - INFO - Global test neighbor acc: 0.52
2025-11-13 10:54:53 - 8_0.01_1 - INFO - ------------local test finish-------------
2025-11-13 10:54:53 - 8_0.01_1 - INFO - [Epoch 29/30] 测试耗时: 259.06s
2025-11-13 10:55:31 - 8_0.01_1 - INFO - [Epoch 30/30] 训练耗时: 37.42s | 平均训练准确率: 1.18
2025-11-13 10:55:31 - 8_0.01_1 - INFO - ------------local test start-------------
2025-11-13 10:55:31 - 8_0.01_1 - INFO - Evaluate on the client0 local set
2025-11-13 10:55:34 - 8_0.01_1 - INFO - => result | total 269 | correct 0 | acc 0.00% | err 100.00% | macro_f1 0.00%
2025-11-13 10:55:34 - 8_0.01_1 - INFO - Evaluate on the client0 neighbor set
2025-11-13 10:56:00 - 8_0.01_1 - INFO - => result | total 2,194 | correct 18 | acc 0.82% | err 99.18% | macro_f1 0.45%
2025-11-13 10:56:00 - 8_0.01_1 - INFO - Evaluate on the client1 local set
2025-11-13 10:56:04 - 8_0.01_1 - INFO - => result | total 339 | correct 1 | acc 0.29% | err 99.71% | macro_f1 0.14%
2025-11-13 10:56:04 - 8_0.01_1 - INFO - Evaluate on the client1 neighbor set
2025-11-13 10:56:30 - 8_0.01_1 - INFO - => result | total 2,124 | correct 21 | acc 0.99% | err 99.01% | macro_f1 0.57%
2025-11-13 10:56:30 - 8_0.01_1 - INFO - Evaluate on the client2 local set
2025-11-13 10:56:32 - 8_0.01_1 - INFO - => result | total 223 | correct 6 | acc 2.69% | err 97.31% | macro_f1 2.61%
2025-11-13 10:56:32 - 8_0.01_1 - INFO - Evaluate on the client2 neighbor set
2025-11-13 10:56:55 - 8_0.01_1 - INFO - => result | total 2,240 | correct 15 | acc 0.67% | err 99.33% | macro_f1 0.45%
2025-11-13 10:56:55 - 8_0.01_1 - INFO - Evaluate on the client3 local set
2025-11-13 10:56:57 - 8_0.01_1 - INFO - => result | total 211 | correct 5 | acc 2.37% | err 97.63% | macro_f1 3.23%
2025-11-13 10:56:57 - 8_0.01_1 - INFO - Evaluate on the client3 neighbor set
2025-11-13 10:57:22 - 8_0.01_1 - INFO - => result | total 2,252 | correct 15 | acc 0.67% | err 99.33% | macro_f1 0.26%
2025-11-13 10:57:22 - 8_0.01_1 - INFO - Evaluate on the client4 local set
2025-11-13 10:57:23 - 8_0.01_1 - INFO - => result | total 178 | correct 0 | acc 0.00% | err 100.00% | macro_f1 0.00%
2025-11-13 10:57:23 - 8_0.01_1 - INFO - Evaluate on the client4 neighbor set
2025-11-13 10:57:48 - 8_0.01_1 - INFO - => result | total 2,285 | correct 20 | acc 0.88% | err 99.12% | macro_f1 0.59%
2025-11-13 10:57:48 - 8_0.01_1 - INFO - Evaluate on the client5 local set
2025-11-13 10:57:50 - 8_0.01_1 - INFO - => result | total 262 | correct 2 | acc 0.76% | err 99.24% | macro_f1 0.93%
2025-11-13 10:57:50 - 8_0.01_1 - INFO - Evaluate on the client5 neighbor set
2025-11-13 10:58:13 - 8_0.01_1 - INFO - => result | total 2,201 | correct 21 | acc 0.95% | err 99.05% | macro_f1 0.60%
2025-11-13 10:58:13 - 8_0.01_1 - INFO - Evaluate on the client6 local set
2025-11-13 10:58:16 - 8_0.01_1 - INFO - => result | total 223 | correct 2 | acc 0.90% | err 99.10% | macro_f1 1.54%
2025-11-13 10:58:16 - 8_0.01_1 - INFO - Evaluate on the client6 neighbor set
2025-11-13 10:58:40 - 8_0.01_1 - INFO - => result | total 2,240 | correct 21 | acc 0.94% | err 99.06% | macro_f1 0.56%
2025-11-13 10:58:40 - 8_0.01_1 - INFO - Evaluate on the client7 local set
2025-11-13 10:58:42 - 8_0.01_1 - INFO - => result | total 234 | correct 0 | acc 0.00% | err 100.00% | macro_f1 0.00%
2025-11-13 10:58:42 - 8_0.01_1 - INFO - Evaluate on the client7 neighbor set
2025-11-13 10:59:06 - 8_0.01_1 - INFO - => result | total 2,229 | correct 26 | acc 1.17% | err 98.83% | macro_f1 0.67%
2025-11-13 10:59:06 - 8_0.01_1 - INFO - Evaluate on the client8 local set
2025-11-13 10:59:08 - 8_0.01_1 - INFO - => result | total 205 | correct 3 | acc 1.46% | err 98.54% | macro_f1 1.96%
2025-11-13 10:59:08 - 8_0.01_1 - INFO - Evaluate on the client8 neighbor set
2025-11-13 10:59:32 - 8_0.01_1 - INFO - => result | total 2,258 | correct 22 | acc 0.97% | err 99.03% | macro_f1 0.61%
2025-11-13 10:59:32 - 8_0.01_1 - INFO - Evaluate on the client9 local set
2025-11-13 10:59:35 - 8_0.01_1 - INFO - => result | total 319 | correct 5 | acc 1.57% | err 98.43% | macro_f1 1.49%
2025-11-13 10:59:35 - 8_0.01_1 - INFO - Evaluate on the client9 neighbor set
2025-11-13 10:59:57 - 8_0.01_1 - INFO - => result | total 2,144 | correct 18 | acc 0.84% | err 99.16% | macro_f1 0.55%
2025-11-13 10:59:57 - 8_0.01_1 - INFO - Global test local acc: 1.00
2025-11-13 10:59:57 - 8_0.01_1 - INFO - Global test neighbor acc: 0.89
2025-11-13 10:59:57 - 8_0.01_1 - INFO - ------------local test finish-------------
2025-11-13 10:59:57 - 8_0.01_1 - INFO - [Epoch 30/30] 测试耗时: 266.42s
2025-11-13 10:59:57 - 8_0.01_1 - INFO - maximum test local acc: 1.549
2025-11-13 10:59:57 - 8_0.01_1 - INFO - mean of local acc: 1.062
2025-11-13 10:59:57 - 8_0.01_1 - INFO - maximum test neighbor acc: 1.007
2025-11-13 10:59:57 - 8_0.01_1 - INFO - mean of neighbor acc: 0.805
