2025-11-13 19:09:06 - 8_0.4_1 - INFO - 日志文件已创建: logs/oxford_flowers/fedpgp/8_0.4_1_20251113_190906.log
2025-11-13 19:09:06 - 8_0.4_1 - INFO - Loading trainer: DP_FPL
2025-11-13 19:09:06 - 8_0.4_1 - INFO - Loading dataset: OxfordFlowers
2025-11-13 19:09:06 - 8_0.4_1 - INFO - Reading split from /home/liuxin25/dataset/oxford_flowers/split_zhou_OxfordFlowers.json
2025-11-13 19:09:06 - 8_0.4_1 - INFO - Creating a baseline federated dataset
2025-11-13 19:09:06 - 8_0.4_1 - INFO - class_num 102
2025-11-13 19:09:06 - 8_0.4_1 - INFO - user class dict total [90, 54, 31, 35, 55, 72, 92, 42, 95, 84]
2025-11-13 19:09:06 - 8_0.4_1 - INFO - idx: 0, output_dict_len: 451
2025-11-13 19:09:06 - 8_0.4_1 - INFO - user class dict total [74, 0, 1, 80, 27, 20, 77, 50, 66, 45]
2025-11-13 19:09:06 - 8_0.4_1 - INFO - idx: 1, output_dict_len: 562
2025-11-13 19:09:06 - 8_0.4_1 - INFO - user class dict total [44, 82, 14, 32, 52, 70, 28, 51, 10, 21]
2025-11-13 19:09:06 - 8_0.4_1 - INFO - idx: 2, output_dict_len: 373
2025-11-13 19:09:06 - 8_0.4_1 - INFO - user class dict total [33, 75, 5, 48, 87, 98, 23, 69, 62, 7]
2025-11-13 19:09:06 - 8_0.4_1 - INFO - idx: 3, output_dict_len: 350
2025-11-13 19:09:06 - 8_0.4_1 - INFO - user class dict total [17, 18, 60, 34, 11, 58, 86, 13, 41, 30]
2025-11-13 19:09:06 - 8_0.4_1 - INFO - idx: 4, output_dict_len: 302
2025-11-13 19:09:06 - 8_0.4_1 - INFO - user class dict total [24, 71, 56, 76, 37, 6, 53, 79, 97, 39]
2025-11-13 19:09:06 - 8_0.4_1 - INFO - idx: 5, output_dict_len: 433
2025-11-13 19:09:06 - 8_0.4_1 - INFO - user class dict total [47, 65, 36, 91, 3, 63, 59, 9, 96, 64]
2025-11-13 19:09:06 - 8_0.4_1 - INFO - idx: 6, output_dict_len: 367
2025-11-13 19:09:06 - 8_0.4_1 - INFO - user class dict total [94, 88, 99, 61, 19, 25, 4, 16, 8, 46]
2025-11-13 19:09:06 - 8_0.4_1 - INFO - idx: 7, output_dict_len: 387
2025-11-13 19:09:06 - 8_0.4_1 - INFO - user class dict total [26, 2, 93, 85, 29, 22, 100, 67, 68, 38]
2025-11-13 19:09:06 - 8_0.4_1 - INFO - idx: 8, output_dict_len: 341
2025-11-13 19:09:06 - 8_0.4_1 - INFO - user class dict total [83, 15, 12, 81, 43, 73, 78, 40, 101, 57, 89, 49]
2025-11-13 19:09:06 - 8_0.4_1 - INFO - idx: 9, output_dict_len: 527
2025-11-13 19:09:06 - 8_0.4_1 - INFO - Creating a baseline federated dataset
2025-11-13 19:09:06 - 8_0.4_1 - INFO - class_num 102
2025-11-13 19:09:06 - 8_0.4_1 - INFO - user class dict total [90, 54, 31, 35, 55, 72, 92, 42, 95, 84]
2025-11-13 19:09:06 - 8_0.4_1 - INFO - idx: 0, output_dict_len: 269
2025-11-13 19:09:06 - 8_0.4_1 - INFO - user class dict total [74, 0, 1, 80, 27, 20, 77, 50, 66, 45]
2025-11-13 19:09:06 - 8_0.4_1 - INFO - idx: 1, output_dict_len: 339
2025-11-13 19:09:06 - 8_0.4_1 - INFO - user class dict total [44, 82, 14, 32, 52, 70, 28, 51, 10, 21]
2025-11-13 19:09:06 - 8_0.4_1 - INFO - idx: 2, output_dict_len: 223
2025-11-13 19:09:06 - 8_0.4_1 - INFO - user class dict total [33, 75, 5, 48, 87, 98, 23, 69, 62, 7]
2025-11-13 19:09:06 - 8_0.4_1 - INFO - idx: 3, output_dict_len: 211
2025-11-13 19:09:06 - 8_0.4_1 - INFO - user class dict total [17, 18, 60, 34, 11, 58, 86, 13, 41, 30]
2025-11-13 19:09:06 - 8_0.4_1 - INFO - idx: 4, output_dict_len: 178
2025-11-13 19:09:06 - 8_0.4_1 - INFO - user class dict total [24, 71, 56, 76, 37, 6, 53, 79, 97, 39]
2025-11-13 19:09:06 - 8_0.4_1 - INFO - idx: 5, output_dict_len: 262
2025-11-13 19:09:06 - 8_0.4_1 - INFO - user class dict total [47, 65, 36, 91, 3, 63, 59, 9, 96, 64]
2025-11-13 19:09:06 - 8_0.4_1 - INFO - idx: 6, output_dict_len: 223
2025-11-13 19:09:06 - 8_0.4_1 - INFO - user class dict total [94, 88, 99, 61, 19, 25, 4, 16, 8, 46]
2025-11-13 19:09:06 - 8_0.4_1 - INFO - idx: 7, output_dict_len: 234
2025-11-13 19:09:06 - 8_0.4_1 - INFO - user class dict total [26, 2, 93, 85, 29, 22, 100, 67, 68, 38]
2025-11-13 19:09:06 - 8_0.4_1 - INFO - idx: 8, output_dict_len: 205
2025-11-13 19:09:06 - 8_0.4_1 - INFO - user class dict total [83, 15, 12, 81, 43, 73, 78, 40, 101, 57, 89, 49]
2025-11-13 19:09:06 - 8_0.4_1 - INFO - idx: 9, output_dict_len: 319
2025-11-13 19:09:06 - 8_0.4_1 - INFO - Loading CLIP (backbone: ViT-B/16)
2025-11-13 19:09:08 - 8_0.4_1 - INFO - Building custom CLIP
2025-11-13 19:09:08 - 8_0.4_1 - INFO - Turning off gradients in both the image and the text encoder
2025-11-13 19:09:37 - 8_0.4_1 - INFO - [Epoch 1/30] 训练耗时: 28.98s | 平均训练准确率: 1.08
2025-11-13 19:10:05 - 8_0.4_1 - INFO - [Epoch 2/30] 训练耗时: 28.08s | 平均训练准确率: 1.39
2025-11-13 19:10:33 - 8_0.4_1 - INFO - [Epoch 3/30] 训练耗时: 28.09s | 平均训练准确率: 1.81
2025-11-13 19:11:01 - 8_0.4_1 - INFO - [Epoch 4/30] 训练耗时: 28.18s | 平均训练准确率: 1.67
2025-11-13 19:11:30 - 8_0.4_1 - INFO - [Epoch 5/30] 训练耗时: 28.08s | 平均训练准确率: 2.33
2025-11-13 19:11:58 - 8_0.4_1 - INFO - [Epoch 6/30] 训练耗时: 28.14s | 平均训练准确率: 1.49
2025-11-13 19:12:26 - 8_0.4_1 - INFO - [Epoch 7/30] 训练耗时: 28.16s | 平均训练准确率: 2.29
2025-11-13 19:12:54 - 8_0.4_1 - INFO - [Epoch 8/30] 训练耗时: 28.08s | 平均训练准确率: 1.91
2025-11-13 19:13:22 - 8_0.4_1 - INFO - [Epoch 9/30] 训练耗时: 28.06s | 平均训练准确率: 1.35
2025-11-13 19:13:50 - 8_0.4_1 - INFO - [Epoch 10/30] 训练耗时: 28.13s | 平均训练准确率: 1.77
2025-11-13 19:14:18 - 8_0.4_1 - INFO - [Epoch 11/30] 训练耗时: 28.14s | 平均训练准确率: 1.46
2025-11-13 19:14:45 - 8_0.4_1 - INFO - [Epoch 12/30] 训练耗时: 27.25s | 平均训练准确率: 1.84
2025-11-13 19:15:13 - 8_0.4_1 - INFO - [Epoch 13/30] 训练耗时: 27.91s | 平均训练准确率: 1.49
2025-11-13 19:15:42 - 8_0.4_1 - INFO - [Epoch 14/30] 训练耗时: 28.15s | 平均训练准确率: 1.11
2025-11-13 19:16:10 - 8_0.4_1 - INFO - [Epoch 15/30] 训练耗时: 28.14s | 平均训练准确率: 1.25
2025-11-13 19:16:38 - 8_0.4_1 - INFO - [Epoch 16/30] 训练耗时: 28.18s | 平均训练准确率: 1.25
2025-11-13 19:17:06 - 8_0.4_1 - INFO - [Epoch 17/30] 训练耗时: 28.16s | 平均训练准确率: 1.22
2025-11-13 19:17:34 - 8_0.4_1 - INFO - [Epoch 18/30] 训练耗时: 28.19s | 平均训练准确率: 1.81
2025-11-13 19:18:02 - 8_0.4_1 - INFO - [Epoch 19/30] 训练耗时: 28.07s | 平均训练准确率: 1.53
2025-11-13 19:18:30 - 8_0.4_1 - INFO - [Epoch 20/30] 训练耗时: 28.16s | 平均训练准确率: 1.42
2025-11-13 19:18:59 - 8_0.4_1 - INFO - [Epoch 21/30] 训练耗时: 28.18s | 平均训练准确率: 1.84
2025-11-13 19:19:27 - 8_0.4_1 - INFO - [Epoch 22/30] 训练耗时: 28.16s | 平均训练准确率: 1.77
2025-11-13 19:19:55 - 8_0.4_1 - INFO - [Epoch 23/30] 训练耗时: 28.15s | 平均训练准确率: 2.33
2025-11-13 19:20:23 - 8_0.4_1 - INFO - [Epoch 24/30] 训练耗时: 28.21s | 平均训练准确率: 2.08
2025-11-13 19:20:50 - 8_0.4_1 - INFO - [Epoch 25/30] 训练耗时: 27.20s | 平均训练准确率: 1.15
2025-11-13 19:21:16 - 8_0.4_1 - INFO - [Epoch 26/30] 训练耗时: 25.62s | 平均训练准确率: 0.00
2025-11-13 19:21:41 - 8_0.4_1 - INFO - [Epoch 27/30] 训练耗时: 25.17s | 平均训练准确率: 1.04
2025-11-13 19:22:07 - 8_0.4_1 - INFO - [Epoch 28/30] 训练耗时: 26.31s | 平均训练准确率: 1.32
2025-11-13 19:22:07 - 8_0.4_1 - INFO - ------------local test start-------------
2025-11-13 19:22:07 - 8_0.4_1 - INFO - Evaluate on the client0 local set
2025-11-13 19:22:10 - 8_0.4_1 - INFO - => result | total 269 | correct 0 | acc 0.00% | err 100.00% | macro_f1 0.00%
2025-11-13 19:22:10 - 8_0.4_1 - INFO - Evaluate on the client0 neighbor set
2025-11-13 19:22:28 - 8_0.4_1 - INFO - => result | total 2,194 | correct 28 | acc 1.28% | err 98.72% | macro_f1 0.11%
2025-11-13 19:22:28 - 8_0.4_1 - INFO - Evaluate on the client1 local set
2025-11-13 19:22:31 - 8_0.4_1 - INFO - => result | total 339 | correct 0 | acc 0.00% | err 100.00% | macro_f1 0.00%
2025-11-13 19:22:31 - 8_0.4_1 - INFO - Evaluate on the client1 neighbor set
2025-11-13 19:22:48 - 8_0.4_1 - INFO - => result | total 2,124 | correct 29 | acc 1.37% | err 98.63% | macro_f1 0.12%
2025-11-13 19:22:48 - 8_0.4_1 - INFO - Evaluate on the client2 local set
2025-11-13 19:22:50 - 8_0.4_1 - INFO - => result | total 223 | correct 0 | acc 0.00% | err 100.00% | macro_f1 0.00%
2025-11-13 19:22:50 - 8_0.4_1 - INFO - Evaluate on the client2 neighbor set
2025-11-13 19:23:09 - 8_0.4_1 - INFO - => result | total 2,240 | correct 33 | acc 1.47% | err 98.53% | macro_f1 0.21%
2025-11-13 19:23:09 - 8_0.4_1 - INFO - Evaluate on the client3 local set
2025-11-13 19:23:10 - 8_0.4_1 - INFO - => result | total 211 | correct 0 | acc 0.00% | err 100.00% | macro_f1 0.00%
2025-11-13 19:23:10 - 8_0.4_1 - INFO - Evaluate on the client3 neighbor set
2025-11-13 19:23:29 - 8_0.4_1 - INFO - => result | total 2,252 | correct 34 | acc 1.51% | err 98.49% | macro_f1 0.24%
2025-11-13 19:23:29 - 8_0.4_1 - INFO - Evaluate on the client4 local set
2025-11-13 19:23:31 - 8_0.4_1 - INFO - => result | total 178 | correct 4 | acc 2.25% | err 97.75% | macro_f1 2.35%
2025-11-13 19:23:31 - 8_0.4_1 - INFO - Evaluate on the client4 neighbor set
2025-11-13 19:23:49 - 8_0.4_1 - INFO - => result | total 2,285 | correct 31 | acc 1.36% | err 98.64% | macro_f1 0.06%
2025-11-13 19:23:49 - 8_0.4_1 - INFO - Evaluate on the client5 local set
2025-11-13 19:23:51 - 8_0.4_1 - INFO - => result | total 262 | correct 0 | acc 0.00% | err 100.00% | macro_f1 0.00%
2025-11-13 19:23:51 - 8_0.4_1 - INFO - Evaluate on the client5 neighbor set
2025-11-13 19:24:09 - 8_0.4_1 - INFO - => result | total 2,201 | correct 34 | acc 1.54% | err 98.46% | macro_f1 0.18%
2025-11-13 19:24:09 - 8_0.4_1 - INFO - Evaluate on the client6 local set
2025-11-13 19:24:11 - 8_0.4_1 - INFO - => result | total 223 | correct 6 | acc 2.69% | err 97.31% | macro_f1 1.74%
2025-11-13 19:24:11 - 8_0.4_1 - INFO - Evaluate on the client6 neighbor set
2025-11-13 19:24:29 - 8_0.4_1 - INFO - => result | total 2,240 | correct 28 | acc 1.25% | err 98.75% | macro_f1 0.16%
2025-11-13 19:24:29 - 8_0.4_1 - INFO - Evaluate on the client7 local set
2025-11-13 19:24:31 - 8_0.4_1 - INFO - => result | total 234 | correct 0 | acc 0.00% | err 100.00% | macro_f1 0.00%
2025-11-13 19:24:31 - 8_0.4_1 - INFO - Evaluate on the client7 neighbor set
2025-11-13 19:24:50 - 8_0.4_1 - INFO - => result | total 2,229 | correct 32 | acc 1.44% | err 98.56% | macro_f1 0.18%
2025-11-13 19:24:50 - 8_0.4_1 - INFO - Evaluate on the client8 local set
2025-11-13 19:24:51 - 8_0.4_1 - INFO - => result | total 205 | correct 0 | acc 0.00% | err 100.00% | macro_f1 0.00%
2025-11-13 19:24:51 - 8_0.4_1 - INFO - Evaluate on the client8 neighbor set
2025-11-13 19:25:10 - 8_0.4_1 - INFO - => result | total 2,258 | correct 28 | acc 1.24% | err 98.76% | macro_f1 0.15%
2025-11-13 19:25:10 - 8_0.4_1 - INFO - Evaluate on the client9 local set
2025-11-13 19:25:12 - 8_0.4_1 - INFO - => result | total 319 | correct 16 | acc 5.02% | err 94.98% | macro_f1 1.22%
2025-11-13 19:25:12 - 8_0.4_1 - INFO - Evaluate on the client9 neighbor set
2025-11-13 19:25:30 - 8_0.4_1 - INFO - => result | total 2,144 | correct 9 | acc 0.42% | err 99.58% | macro_f1 0.13%
2025-11-13 19:25:30 - 8_0.4_1 - INFO - Global test local acc: 1.00
2025-11-13 19:25:30 - 8_0.4_1 - INFO - Global test neighbor acc: 1.29
2025-11-13 19:25:30 - 8_0.4_1 - INFO - ------------local test finish-------------
2025-11-13 19:25:30 - 8_0.4_1 - INFO - [Epoch 28/30] 测试耗时: 202.77s
2025-11-13 19:25:55 - 8_0.4_1 - INFO - [Epoch 29/30] 训练耗时: 25.23s | 平均训练准确率: 1.60
2025-11-13 19:25:55 - 8_0.4_1 - INFO - ------------local test start-------------
2025-11-13 19:25:55 - 8_0.4_1 - INFO - Evaluate on the client0 local set
2025-11-13 19:25:58 - 8_0.4_1 - INFO - => result | total 269 | correct 0 | acc 0.00% | err 100.00% | macro_f1 0.00%
2025-11-13 19:25:58 - 8_0.4_1 - INFO - Evaluate on the client0 neighbor set
2025-11-13 19:26:15 - 8_0.4_1 - INFO - => result | total 2,194 | correct 36 | acc 1.64% | err 98.36% | macro_f1 0.14%
2025-11-13 19:26:15 - 8_0.4_1 - INFO - Evaluate on the client1 local set
2025-11-13 19:26:18 - 8_0.4_1 - INFO - => result | total 339 | correct 0 | acc 0.00% | err 100.00% | macro_f1 0.00%
2025-11-13 19:26:18 - 8_0.4_1 - INFO - Evaluate on the client1 neighbor set
2025-11-13 19:26:35 - 8_0.4_1 - INFO - => result | total 2,124 | correct 37 | acc 1.74% | err 98.26% | macro_f1 0.14%
2025-11-13 19:26:35 - 8_0.4_1 - INFO - Evaluate on the client2 local set
2025-11-13 19:26:37 - 8_0.4_1 - INFO - => result | total 223 | correct 0 | acc 0.00% | err 100.00% | macro_f1 0.00%
2025-11-13 19:26:37 - 8_0.4_1 - INFO - Evaluate on the client2 neighbor set
2025-11-13 19:26:55 - 8_0.4_1 - INFO - => result | total 2,240 | correct 38 | acc 1.70% | err 98.30% | macro_f1 0.14%
2025-11-13 19:26:55 - 8_0.4_1 - INFO - Evaluate on the client3 local set
2025-11-13 19:26:57 - 8_0.4_1 - INFO - => result | total 211 | correct 0 | acc 0.00% | err 100.00% | macro_f1 0.00%
2025-11-13 19:26:57 - 8_0.4_1 - INFO - Evaluate on the client3 neighbor set
2025-11-13 19:27:16 - 8_0.4_1 - INFO - => result | total 2,252 | correct 38 | acc 1.69% | err 98.31% | macro_f1 0.13%
2025-11-13 19:27:16 - 8_0.4_1 - INFO - Evaluate on the client4 local set
2025-11-13 19:27:17 - 8_0.4_1 - INFO - => result | total 178 | correct 13 | acc 7.30% | err 92.70% | macro_f1 4.00%
2025-11-13 19:27:17 - 8_0.4_1 - INFO - Evaluate on the client4 neighbor set
2025-11-13 19:27:35 - 8_0.4_1 - INFO - => result | total 2,285 | correct 26 | acc 1.14% | err 98.86% | macro_f1 0.03%
2025-11-13 19:27:35 - 8_0.4_1 - INFO - Evaluate on the client5 local set
2025-11-13 19:27:38 - 8_0.4_1 - INFO - => result | total 262 | correct 0 | acc 0.00% | err 100.00% | macro_f1 0.00%
2025-11-13 19:27:38 - 8_0.4_1 - INFO - Evaluate on the client5 neighbor set
2025-11-13 19:27:56 - 8_0.4_1 - INFO - => result | total 2,201 | correct 39 | acc 1.77% | err 98.23% | macro_f1 0.14%
2025-11-13 19:27:56 - 8_0.4_1 - INFO - Evaluate on the client6 local set
2025-11-13 19:27:57 - 8_0.4_1 - INFO - => result | total 223 | correct 0 | acc 0.00% | err 100.00% | macro_f1 0.00%
2025-11-13 19:27:57 - 8_0.4_1 - INFO - Evaluate on the client6 neighbor set
2025-11-13 19:28:15 - 8_0.4_1 - INFO - => result | total 2,240 | correct 40 | acc 1.79% | err 98.21% | macro_f1 0.13%
2025-11-13 19:28:15 - 8_0.4_1 - INFO - Evaluate on the client7 local set
2025-11-13 19:28:17 - 8_0.4_1 - INFO - => result | total 234 | correct 0 | acc 0.00% | err 100.00% | macro_f1 0.00%
2025-11-13 19:28:17 - 8_0.4_1 - INFO - Evaluate on the client7 neighbor set
2025-11-13 19:28:35 - 8_0.4_1 - INFO - => result | total 2,229 | correct 40 | acc 1.79% | err 98.21% | macro_f1 0.12%
2025-11-13 19:28:35 - 8_0.4_1 - INFO - Evaluate on the client8 local set
2025-11-13 19:28:37 - 8_0.4_1 - INFO - => result | total 205 | correct 0 | acc 0.00% | err 100.00% | macro_f1 0.00%
2025-11-13 19:28:37 - 8_0.4_1 - INFO - Evaluate on the client8 neighbor set
2025-11-13 19:28:55 - 8_0.4_1 - INFO - => result | total 2,258 | correct 40 | acc 1.77% | err 98.23% | macro_f1 0.12%
2025-11-13 19:28:55 - 8_0.4_1 - INFO - Evaluate on the client9 local set
2025-11-13 19:28:58 - 8_0.4_1 - INFO - => result | total 319 | correct 26 | acc 8.15% | err 91.85% | macro_f1 1.53%
2025-11-13 19:28:58 - 8_0.4_1 - INFO - Evaluate on the client9 neighbor set
2025-11-13 19:29:15 - 8_0.4_1 - INFO - => result | total 2,144 | correct 14 | acc 0.65% | err 99.35% | macro_f1 0.09%
2025-11-13 19:29:15 - 8_0.4_1 - INFO - Global test local acc: 1.55
2025-11-13 19:29:15 - 8_0.4_1 - INFO - Global test neighbor acc: 1.57
2025-11-13 19:29:15 - 8_0.4_1 - INFO - ------------local test finish-------------
2025-11-13 19:29:15 - 8_0.4_1 - INFO - [Epoch 29/30] 测试耗时: 199.65s
2025-11-13 19:29:40 - 8_0.4_1 - INFO - [Epoch 30/30] 训练耗时: 25.22s | 平均训练准确率: 1.42
2025-11-13 19:29:40 - 8_0.4_1 - INFO - ------------local test start-------------
2025-11-13 19:29:40 - 8_0.4_1 - INFO - Evaluate on the client0 local set
2025-11-13 19:29:43 - 8_0.4_1 - INFO - => result | total 269 | correct 0 | acc 0.00% | err 100.00% | macro_f1 0.00%
2025-11-13 19:29:43 - 8_0.4_1 - INFO - Evaluate on the client0 neighbor set
2025-11-13 19:30:00 - 8_0.4_1 - INFO - => result | total 2,194 | correct 32 | acc 1.46% | err 98.54% | macro_f1 0.08%
2025-11-13 19:30:00 - 8_0.4_1 - INFO - Evaluate on the client1 local set
2025-11-13 19:30:03 - 8_0.4_1 - INFO - => result | total 339 | correct 0 | acc 0.00% | err 100.00% | macro_f1 0.00%
2025-11-13 19:30:03 - 8_0.4_1 - INFO - Evaluate on the client1 neighbor set
2025-11-13 19:30:20 - 8_0.4_1 - INFO - => result | total 2,124 | correct 33 | acc 1.55% | err 98.45% | macro_f1 0.09%
2025-11-13 19:30:21 - 8_0.4_1 - INFO - Evaluate on the client2 local set
2025-11-13 19:30:22 - 8_0.4_1 - INFO - => result | total 223 | correct 0 | acc 0.00% | err 100.00% | macro_f1 0.00%
2025-11-13 19:30:22 - 8_0.4_1 - INFO - Evaluate on the client2 neighbor set
2025-11-13 19:30:41 - 8_0.4_1 - INFO - => result | total 2,240 | correct 32 | acc 1.43% | err 98.57% | macro_f1 0.08%
2025-11-13 19:30:41 - 8_0.4_1 - INFO - Evaluate on the client3 local set
2025-11-13 19:30:42 - 8_0.4_1 - INFO - => result | total 211 | correct 9 | acc 4.27% | err 95.73% | macro_f1 2.07%
2025-11-13 19:30:42 - 8_0.4_1 - INFO - Evaluate on the client3 neighbor set
2025-11-13 19:31:01 - 8_0.4_1 - INFO - => result | total 2,252 | correct 24 | acc 1.07% | err 98.93% | macro_f1 0.05%
2025-11-13 19:31:01 - 8_0.4_1 - INFO - Evaluate on the client4 local set
2025-11-13 19:31:03 - 8_0.4_1 - INFO - => result | total 178 | correct 0 | acc 0.00% | err 100.00% | macro_f1 0.00%
2025-11-13 19:31:03 - 8_0.4_1 - INFO - Evaluate on the client4 neighbor set
2025-11-13 19:31:22 - 8_0.4_1 - INFO - => result | total 2,285 | correct 29 | acc 1.27% | err 98.73% | macro_f1 0.08%
2025-11-13 19:31:22 - 8_0.4_1 - INFO - Evaluate on the client5 local set
2025-11-13 19:31:24 - 8_0.4_1 - INFO - => result | total 262 | correct 0 | acc 0.00% | err 100.00% | macro_f1 0.00%
2025-11-13 19:31:24 - 8_0.4_1 - INFO - Evaluate on the client5 neighbor set
2025-11-13 19:31:42 - 8_0.4_1 - INFO - => result | total 2,201 | correct 26 | acc 1.18% | err 98.82% | macro_f1 0.08%
2025-11-13 19:31:42 - 8_0.4_1 - INFO - Evaluate on the client6 local set
2025-11-13 19:31:44 - 8_0.4_1 - INFO - => result | total 223 | correct 0 | acc 0.00% | err 100.00% | macro_f1 0.00%
2025-11-13 19:31:44 - 8_0.4_1 - INFO - Evaluate on the client6 neighbor set
2025-11-13 19:32:02 - 8_0.4_1 - INFO - => result | total 2,240 | correct 28 | acc 1.25% | err 98.75% | macro_f1 0.09%
2025-11-13 19:32:02 - 8_0.4_1 - INFO - Evaluate on the client7 local set
2025-11-13 19:32:04 - 8_0.4_1 - INFO - => result | total 234 | correct 0 | acc 0.00% | err 100.00% | macro_f1 0.00%
2025-11-13 19:32:04 - 8_0.4_1 - INFO - Evaluate on the client7 neighbor set
2025-11-13 19:32:23 - 8_0.4_1 - INFO - => result | total 2,229 | correct 27 | acc 1.21% | err 98.79% | macro_f1 0.09%
2025-11-13 19:32:23 - 8_0.4_1 - INFO - Evaluate on the client8 local set
2025-11-13 19:32:24 - 8_0.4_1 - INFO - => result | total 205 | correct 0 | acc 0.00% | err 100.00% | macro_f1 0.00%
2025-11-13 19:32:24 - 8_0.4_1 - INFO - Evaluate on the client8 neighbor set
2025-11-13 19:32:43 - 8_0.4_1 - INFO - => result | total 2,258 | correct 26 | acc 1.15% | err 98.85% | macro_f1 0.08%
2025-11-13 19:32:43 - 8_0.4_1 - INFO - Evaluate on the client9 local set
2025-11-13 19:32:46 - 8_0.4_1 - INFO - => result | total 319 | correct 6 | acc 1.88% | err 98.12% | macro_f1 1.27%
2025-11-13 19:32:46 - 8_0.4_1 - INFO - Evaluate on the client9 neighbor set
2025-11-13 19:33:03 - 8_0.4_1 - INFO - => result | total 2,144 | correct 18 | acc 0.84% | err 99.16% | macro_f1 0.05%
2025-11-13 19:33:03 - 8_0.4_1 - INFO - Global test local acc: 0.61
2025-11-13 19:33:03 - 8_0.4_1 - INFO - Global test neighbor acc: 1.24
2025-11-13 19:33:03 - 8_0.4_1 - INFO - ------------local test finish-------------
2025-11-13 19:33:03 - 8_0.4_1 - INFO - [Epoch 30/30] 测试耗时: 202.79s
2025-11-13 19:33:03 - 8_0.4_1 - INFO - maximum test local acc: 1.545
2025-11-13 19:33:03 - 8_0.4_1 - INFO - mean of local acc: 1.052
2025-11-13 19:33:03 - 8_0.4_1 - INFO - maximum test neighbor acc: 1.568
2025-11-13 19:33:03 - 8_0.4_1 - INFO - mean of neighbor acc: 1.365
