2025-11-16 09:18:51 - 8_0.01_1 - INFO - 日志文件已创建: logs/oxford_flowers/fedpgp/8_0.01_1_20251116_091851.log
2025-11-16 09:18:51 - 8_0.01_1 - INFO - Loading trainer: DP_FPL
2025-11-16 09:18:51 - 8_0.01_1 - INFO - Loading dataset: OxfordFlowers
2025-11-16 09:18:51 - 8_0.01_1 - INFO - Reading split from /home/liuxin25/dataset/oxford_flowers/split_zhou_OxfordFlowers.json
2025-11-16 09:18:51 - 8_0.01_1 - INFO - Creating a baseline federated dataset
2025-11-16 09:18:51 - 8_0.01_1 - INFO - class_num 102
2025-11-16 09:18:51 - 8_0.01_1 - INFO - user class dict total [90, 54, 31, 35, 55, 72, 92, 42, 95, 84]
2025-11-16 09:18:51 - 8_0.01_1 - INFO - idx: 0, output_dict_len: 451
2025-11-16 09:18:51 - 8_0.01_1 - INFO - user class dict total [74, 0, 1, 80, 27, 20, 77, 50, 66, 45]
2025-11-16 09:18:51 - 8_0.01_1 - INFO - idx: 1, output_dict_len: 562
2025-11-16 09:18:51 - 8_0.01_1 - INFO - user class dict total [44, 82, 14, 32, 52, 70, 28, 51, 10, 21]
2025-11-16 09:18:51 - 8_0.01_1 - INFO - idx: 2, output_dict_len: 373
2025-11-16 09:18:51 - 8_0.01_1 - INFO - user class dict total [33, 75, 5, 48, 87, 98, 23, 69, 62, 7]
2025-11-16 09:18:51 - 8_0.01_1 - INFO - idx: 3, output_dict_len: 350
2025-11-16 09:18:51 - 8_0.01_1 - INFO - user class dict total [17, 18, 60, 34, 11, 58, 86, 13, 41, 30]
2025-11-16 09:18:51 - 8_0.01_1 - INFO - idx: 4, output_dict_len: 302
2025-11-16 09:18:51 - 8_0.01_1 - INFO - user class dict total [24, 71, 56, 76, 37, 6, 53, 79, 97, 39]
2025-11-16 09:18:51 - 8_0.01_1 - INFO - idx: 5, output_dict_len: 433
2025-11-16 09:18:51 - 8_0.01_1 - INFO - user class dict total [47, 65, 36, 91, 3, 63, 59, 9, 96, 64]
2025-11-16 09:18:51 - 8_0.01_1 - INFO - idx: 6, output_dict_len: 367
2025-11-16 09:18:51 - 8_0.01_1 - INFO - user class dict total [94, 88, 99, 61, 19, 25, 4, 16, 8, 46]
2025-11-16 09:18:51 - 8_0.01_1 - INFO - idx: 7, output_dict_len: 387
2025-11-16 09:18:51 - 8_0.01_1 - INFO - user class dict total [26, 2, 93, 85, 29, 22, 100, 67, 68, 38]
2025-11-16 09:18:51 - 8_0.01_1 - INFO - idx: 8, output_dict_len: 341
2025-11-16 09:18:51 - 8_0.01_1 - INFO - user class dict total [83, 15, 12, 81, 43, 73, 78, 40, 101, 57, 89, 49]
2025-11-16 09:18:51 - 8_0.01_1 - INFO - idx: 9, output_dict_len: 527
2025-11-16 09:18:51 - 8_0.01_1 - INFO - Creating a baseline federated dataset
2025-11-16 09:18:51 - 8_0.01_1 - INFO - class_num 102
2025-11-16 09:18:51 - 8_0.01_1 - INFO - user class dict total [90, 54, 31, 35, 55, 72, 92, 42, 95, 84]
2025-11-16 09:18:51 - 8_0.01_1 - INFO - idx: 0, output_dict_len: 269
2025-11-16 09:18:51 - 8_0.01_1 - INFO - user class dict total [74, 0, 1, 80, 27, 20, 77, 50, 66, 45]
2025-11-16 09:18:51 - 8_0.01_1 - INFO - idx: 1, output_dict_len: 339
2025-11-16 09:18:51 - 8_0.01_1 - INFO - user class dict total [44, 82, 14, 32, 52, 70, 28, 51, 10, 21]
2025-11-16 09:18:51 - 8_0.01_1 - INFO - idx: 2, output_dict_len: 223
2025-11-16 09:18:51 - 8_0.01_1 - INFO - user class dict total [33, 75, 5, 48, 87, 98, 23, 69, 62, 7]
2025-11-16 09:18:51 - 8_0.01_1 - INFO - idx: 3, output_dict_len: 211
2025-11-16 09:18:51 - 8_0.01_1 - INFO - user class dict total [17, 18, 60, 34, 11, 58, 86, 13, 41, 30]
2025-11-16 09:18:51 - 8_0.01_1 - INFO - idx: 4, output_dict_len: 178
2025-11-16 09:18:51 - 8_0.01_1 - INFO - user class dict total [24, 71, 56, 76, 37, 6, 53, 79, 97, 39]
2025-11-16 09:18:51 - 8_0.01_1 - INFO - idx: 5, output_dict_len: 262
2025-11-16 09:18:51 - 8_0.01_1 - INFO - user class dict total [47, 65, 36, 91, 3, 63, 59, 9, 96, 64]
2025-11-16 09:18:51 - 8_0.01_1 - INFO - idx: 6, output_dict_len: 223
2025-11-16 09:18:51 - 8_0.01_1 - INFO - user class dict total [94, 88, 99, 61, 19, 25, 4, 16, 8, 46]
2025-11-16 09:18:51 - 8_0.01_1 - INFO - idx: 7, output_dict_len: 234
2025-11-16 09:18:51 - 8_0.01_1 - INFO - user class dict total [26, 2, 93, 85, 29, 22, 100, 67, 68, 38]
2025-11-16 09:18:51 - 8_0.01_1 - INFO - idx: 8, output_dict_len: 205
2025-11-16 09:18:51 - 8_0.01_1 - INFO - user class dict total [83, 15, 12, 81, 43, 73, 78, 40, 101, 57, 89, 49]
2025-11-16 09:18:51 - 8_0.01_1 - INFO - idx: 9, output_dict_len: 319
2025-11-16 09:18:51 - 8_0.01_1 - INFO - Loading CLIP (backbone: ViT-B/16)
2025-11-16 09:18:53 - 8_0.01_1 - INFO - Building custom CLIP
2025-11-16 09:18:53 - 8_0.01_1 - INFO - Turning off gradients in both the image and the text encoder
2025-11-16 09:19:22 - 8_0.01_1 - INFO - [Epoch 1/30] 训练耗时: 28.85s | 平均训练准确率: 10.10
2025-11-16 09:19:50 - 8_0.01_1 - INFO - [Epoch 2/30] 训练耗时: 27.92s | 平均训练准确率: 14.86
2025-11-16 09:20:17 - 8_0.01_1 - INFO - [Epoch 3/30] 训练耗时: 26.65s | 平均训练准确率: 30.17
2025-11-16 09:20:43 - 8_0.01_1 - INFO - [Epoch 4/30] 训练耗时: 26.67s | 平均训练准确率: 30.94
2025-11-16 09:21:12 - 8_0.01_1 - INFO - [Epoch 5/30] 训练耗时: 28.03s | 平均训练准确率: 39.51
2025-11-16 09:21:40 - 8_0.01_1 - INFO - [Epoch 6/30] 训练耗时: 28.10s | 平均训练准确率: 42.05
2025-11-16 09:22:08 - 8_0.01_1 - INFO - [Epoch 7/30] 训练耗时: 28.19s | 平均训练准确率: 40.49
2025-11-16 09:22:36 - 8_0.01_1 - INFO - [Epoch 8/30] 训练耗时: 28.06s | 平均训练准确率: 40.10
2025-11-16 09:23:04 - 8_0.01_1 - INFO - [Epoch 9/30] 训练耗时: 27.88s | 平均训练准确率: 32.85
2025-11-16 09:23:31 - 8_0.01_1 - INFO - [Epoch 10/30] 训练耗时: 27.24s | 平均训练准确率: 37.36
2025-11-16 09:23:59 - 8_0.01_1 - INFO - [Epoch 11/30] 训练耗时: 28.05s | 平均训练准确率: 37.47
2025-11-16 09:24:27 - 8_0.01_1 - INFO - [Epoch 12/30] 训练耗时: 28.16s | 平均训练准确率: 30.14
2025-11-16 09:24:55 - 8_0.01_1 - INFO - [Epoch 13/30] 训练耗时: 28.04s | 平均训练准确率: 33.30
2025-11-16 09:25:23 - 8_0.01_1 - INFO - [Epoch 14/30] 训练耗时: 28.10s | 平均训练准确率: 35.69
2025-11-16 09:25:51 - 8_0.01_1 - INFO - [Epoch 15/30] 训练耗时: 28.02s | 平均训练准确率: 28.89
2025-11-16 09:26:19 - 8_0.01_1 - INFO - [Epoch 16/30] 训练耗时: 28.03s | 平均训练准确率: 34.17
2025-11-16 09:26:47 - 8_0.01_1 - INFO - [Epoch 17/30] 训练耗时: 28.02s | 平均训练准确率: 40.35
2025-11-16 09:27:16 - 8_0.01_1 - INFO - [Epoch 18/30] 训练耗时: 28.17s | 平均训练准确率: 43.75
2025-11-16 09:27:44 - 8_0.01_1 - INFO - [Epoch 19/30] 训练耗时: 28.11s | 平均训练准确率: 43.40
2025-11-16 09:28:12 - 8_0.01_1 - INFO - [Epoch 20/30] 训练耗时: 28.12s | 平均训练准确率: 47.43
2025-11-16 09:28:40 - 8_0.01_1 - INFO - [Epoch 21/30] 训练耗时: 28.04s | 平均训练准确率: 45.87
2025-11-16 09:29:08 - 8_0.01_1 - INFO - [Epoch 22/30] 训练耗时: 27.88s | 平均训练准确率: 47.08
2025-11-16 09:29:35 - 8_0.01_1 - INFO - [Epoch 23/30] 训练耗时: 27.07s | 平均训练准确率: 44.83
2025-11-16 09:30:03 - 8_0.01_1 - INFO - [Epoch 24/30] 训练耗时: 28.14s | 平均训练准确率: 42.81
2025-11-16 09:30:31 - 8_0.01_1 - INFO - [Epoch 25/30] 训练耗时: 28.24s | 平均训练准确率: 43.99
2025-11-16 09:30:59 - 8_0.01_1 - INFO - [Epoch 26/30] 训练耗时: 28.17s | 平均训练准确率: 47.05
2025-11-16 09:31:28 - 8_0.01_1 - INFO - [Epoch 27/30] 训练耗时: 28.30s | 平均训练准确率: 45.45
2025-11-16 09:31:56 - 8_0.01_1 - INFO - [Epoch 28/30] 训练耗时: 28.44s | 平均训练准确率: 46.98
2025-11-16 09:31:56 - 8_0.01_1 - INFO - ------------local test start-------------
2025-11-16 09:31:56 - 8_0.01_1 - INFO - Evaluate on the client0 local set
2025-11-16 09:31:59 - 8_0.01_1 - INFO - => result | total 269 | correct 143 | acc 53.16% | err 46.84% | macro_f1 52.04%
2025-11-16 09:31:59 - 8_0.01_1 - INFO - Evaluate on the client0 neighbor set
2025-11-16 09:32:17 - 8_0.01_1 - INFO - => result | total 2,194 | correct 1,074 | acc 48.95% | err 51.05% | macro_f1 37.57%
2025-11-16 09:32:17 - 8_0.01_1 - INFO - Evaluate on the client1 local set
2025-11-16 09:32:19 - 8_0.01_1 - INFO - => result | total 339 | correct 70 | acc 20.65% | err 79.35% | macro_f1 28.64%
2025-11-16 09:32:19 - 8_0.01_1 - INFO - Evaluate on the client1 neighbor set
2025-11-16 09:32:37 - 8_0.01_1 - INFO - => result | total 2,124 | correct 1,155 | acc 54.38% | err 45.62% | macro_f1 41.12%
2025-11-16 09:32:37 - 8_0.01_1 - INFO - Evaluate on the client2 local set
2025-11-16 09:32:38 - 8_0.01_1 - INFO - => result | total 223 | correct 125 | acc 56.05% | err 43.95% | macro_f1 47.62%
2025-11-16 09:32:38 - 8_0.01_1 - INFO - Evaluate on the client2 neighbor set
2025-11-16 09:32:57 - 8_0.01_1 - INFO - => result | total 2,240 | correct 1,101 | acc 49.15% | err 50.85% | macro_f1 38.51%
2025-11-16 09:32:57 - 8_0.01_1 - INFO - Evaluate on the client3 local set
2025-11-16 09:32:58 - 8_0.01_1 - INFO - => result | total 211 | correct 132 | acc 62.56% | err 37.44% | macro_f1 57.00%
2025-11-16 09:32:58 - 8_0.01_1 - INFO - Evaluate on the client3 neighbor set
2025-11-16 09:33:17 - 8_0.01_1 - INFO - => result | total 2,252 | correct 1,091 | acc 48.45% | err 51.55% | macro_f1 37.00%
2025-11-16 09:33:17 - 8_0.01_1 - INFO - Evaluate on the client4 local set
2025-11-16 09:33:19 - 8_0.01_1 - INFO - => result | total 178 | correct 117 | acc 65.73% | err 34.27% | macro_f1 71.63%
2025-11-16 09:33:19 - 8_0.01_1 - INFO - Evaluate on the client4 neighbor set
2025-11-16 09:33:37 - 8_0.01_1 - INFO - => result | total 2,285 | correct 1,104 | acc 48.32% | err 51.68% | macro_f1 36.36%
2025-11-16 09:33:37 - 8_0.01_1 - INFO - Evaluate on the client5 local set
2025-11-16 09:33:40 - 8_0.01_1 - INFO - => result | total 262 | correct 162 | acc 61.83% | err 38.17% | macro_f1 56.94%
2025-11-16 09:33:40 - 8_0.01_1 - INFO - Evaluate on the client5 neighbor set
2025-11-16 09:33:57 - 8_0.01_1 - INFO - => result | total 2,201 | correct 1,060 | acc 48.16% | err 51.84% | macro_f1 36.75%
2025-11-16 09:33:57 - 8_0.01_1 - INFO - Evaluate on the client6 local set
2025-11-16 09:33:59 - 8_0.01_1 - INFO - => result | total 223 | correct 70 | acc 31.39% | err 68.61% | macro_f1 30.39%
2025-11-16 09:33:59 - 8_0.01_1 - INFO - Evaluate on the client6 neighbor set
2025-11-16 09:34:17 - 8_0.01_1 - INFO - => result | total 2,240 | correct 1,153 | acc 51.47% | err 48.53% | macro_f1 40.18%
2025-11-16 09:34:17 - 8_0.01_1 - INFO - Evaluate on the client7 local set
2025-11-16 09:34:19 - 8_0.01_1 - INFO - => result | total 234 | correct 114 | acc 48.72% | err 51.28% | macro_f1 58.34%
2025-11-16 09:34:19 - 8_0.01_1 - INFO - Evaluate on the client7 neighbor set
2025-11-16 09:34:37 - 8_0.01_1 - INFO - => result | total 2,229 | correct 1,109 | acc 49.75% | err 50.25% | macro_f1 38.00%
2025-11-16 09:34:37 - 8_0.01_1 - INFO - Evaluate on the client8 local set
2025-11-16 09:34:39 - 8_0.01_1 - INFO - => result | total 205 | correct 75 | acc 36.59% | err 63.41% | macro_f1 28.16%
2025-11-16 09:34:39 - 8_0.01_1 - INFO - Evaluate on the client8 neighbor set
2025-11-16 09:34:58 - 8_0.01_1 - INFO - => result | total 2,258 | correct 1,147 | acc 50.80% | err 49.20% | macro_f1 41.13%
2025-11-16 09:34:58 - 8_0.01_1 - INFO - Evaluate on the client9 local set
2025-11-16 09:35:00 - 8_0.01_1 - INFO - => result | total 319 | correct 214 | acc 67.08% | err 32.92% | macro_f1 63.54%
2025-11-16 09:35:00 - 8_0.01_1 - INFO - Evaluate on the client9 neighbor set
2025-11-16 09:35:18 - 8_0.01_1 - INFO - => result | total 2,144 | correct 1,008 | acc 47.01% | err 52.99% | macro_f1 37.77%
2025-11-16 09:35:18 - 8_0.01_1 - INFO - Global test local acc: 50.38
2025-11-16 09:35:18 - 8_0.01_1 - INFO - Global test neighbor acc: 49.64
2025-11-16 09:35:18 - 8_0.01_1 - INFO - ------------local test finish-------------
2025-11-16 09:35:18 - 8_0.01_1 - INFO - [Epoch 28/30] 测试耗时: 201.39s
2025-11-16 09:35:42 - 8_0.01_1 - INFO - [Epoch 29/30] 训练耗时: 24.60s | 平均训练准确率: 48.85
2025-11-16 09:35:42 - 8_0.01_1 - INFO - ------------local test start-------------
2025-11-16 09:35:42 - 8_0.01_1 - INFO - Evaluate on the client0 local set
2025-11-16 09:35:44 - 8_0.01_1 - INFO - => result | total 269 | correct 134 | acc 49.81% | err 50.19% | macro_f1 48.44%
2025-11-16 09:35:44 - 8_0.01_1 - INFO - Evaluate on the client0 neighbor set
2025-11-16 09:36:02 - 8_0.01_1 - INFO - => result | total 2,194 | correct 1,101 | acc 50.18% | err 49.82% | macro_f1 40.09%
2025-11-16 09:36:02 - 8_0.01_1 - INFO - Evaluate on the client1 local set
2025-11-16 09:36:04 - 8_0.01_1 - INFO - => result | total 339 | correct 81 | acc 23.89% | err 76.11% | macro_f1 35.25%
2025-11-16 09:36:04 - 8_0.01_1 - INFO - Evaluate on the client1 neighbor set
2025-11-16 09:36:21 - 8_0.01_1 - INFO - => result | total 2,124 | correct 1,155 | acc 54.38% | err 45.62% | macro_f1 42.25%
2025-11-16 09:36:21 - 8_0.01_1 - INFO - Evaluate on the client2 local set
2025-11-16 09:36:23 - 8_0.01_1 - INFO - => result | total 223 | correct 121 | acc 54.26% | err 45.74% | macro_f1 46.54%
2025-11-16 09:36:23 - 8_0.01_1 - INFO - Evaluate on the client2 neighbor set
2025-11-16 09:36:41 - 8_0.01_1 - INFO - => result | total 2,240 | correct 1,115 | acc 49.78% | err 50.22% | macro_f1 40.14%
2025-11-16 09:36:41 - 8_0.01_1 - INFO - Evaluate on the client3 local set
2025-11-16 09:36:43 - 8_0.01_1 - INFO - => result | total 211 | correct 131 | acc 62.09% | err 37.91% | macro_f1 57.36%
2025-11-16 09:36:43 - 8_0.01_1 - INFO - Evaluate on the client3 neighbor set
2025-11-16 09:37:01 - 8_0.01_1 - INFO - => result | total 2,252 | correct 1,100 | acc 48.85% | err 51.15% | macro_f1 38.13%
2025-11-16 09:37:01 - 8_0.01_1 - INFO - Evaluate on the client4 local set
2025-11-16 09:37:03 - 8_0.01_1 - INFO - => result | total 178 | correct 117 | acc 65.73% | err 34.27% | macro_f1 73.72%
2025-11-16 09:37:03 - 8_0.01_1 - INFO - Evaluate on the client4 neighbor set
2025-11-16 09:37:21 - 8_0.01_1 - INFO - => result | total 2,285 | correct 1,114 | acc 48.75% | err 51.25% | macro_f1 38.17%
2025-11-16 09:37:21 - 8_0.01_1 - INFO - Evaluate on the client5 local set
2025-11-16 09:37:23 - 8_0.01_1 - INFO - => result | total 262 | correct 174 | acc 66.41% | err 33.59% | macro_f1 62.12%
2025-11-16 09:37:23 - 8_0.01_1 - INFO - Evaluate on the client5 neighbor set
2025-11-16 09:37:41 - 8_0.01_1 - INFO - => result | total 2,201 | correct 1,057 | acc 48.02% | err 51.98% | macro_f1 38.03%
2025-11-16 09:37:41 - 8_0.01_1 - INFO - Evaluate on the client6 local set
2025-11-16 09:37:42 - 8_0.01_1 - INFO - => result | total 223 | correct 84 | acc 37.67% | err 62.33% | macro_f1 37.93%
2025-11-16 09:37:42 - 8_0.01_1 - INFO - Evaluate on the client6 neighbor set
2025-11-16 09:38:00 - 8_0.01_1 - INFO - => result | total 2,240 | correct 1,144 | acc 51.07% | err 48.93% | macro_f1 41.10%
2025-11-16 09:38:00 - 8_0.01_1 - INFO - Evaluate on the client7 local set
2025-11-16 09:38:02 - 8_0.01_1 - INFO - => result | total 234 | correct 115 | acc 49.15% | err 50.85% | macro_f1 60.96%
2025-11-16 09:38:02 - 8_0.01_1 - INFO - Evaluate on the client7 neighbor set
2025-11-16 09:38:20 - 8_0.01_1 - INFO - => result | total 2,229 | correct 1,112 | acc 49.89% | err 50.11% | macro_f1 38.80%
2025-11-16 09:38:20 - 8_0.01_1 - INFO - Evaluate on the client8 local set
2025-11-16 09:38:22 - 8_0.01_1 - INFO - => result | total 205 | correct 73 | acc 35.61% | err 64.39% | macro_f1 28.83%
2025-11-16 09:38:22 - 8_0.01_1 - INFO - Evaluate on the client8 neighbor set
2025-11-16 09:38:40 - 8_0.01_1 - INFO - => result | total 2,258 | correct 1,153 | acc 51.06% | err 48.94% | macro_f1 42.12%
2025-11-16 09:38:40 - 8_0.01_1 - INFO - Evaluate on the client9 local set
2025-11-16 09:38:43 - 8_0.01_1 - INFO - => result | total 319 | correct 199 | acc 62.38% | err 37.62% | macro_f1 60.19%
2025-11-16 09:38:43 - 8_0.01_1 - INFO - Evaluate on the client9 neighbor set
2025-11-16 09:39:00 - 8_0.01_1 - INFO - => result | total 2,144 | correct 1,025 | acc 47.81% | err 52.19% | macro_f1 39.03%
2025-11-16 09:39:00 - 8_0.01_1 - INFO - Global test local acc: 50.70
2025-11-16 09:39:00 - 8_0.01_1 - INFO - Global test neighbor acc: 49.98
2025-11-16 09:39:00 - 8_0.01_1 - INFO - ------------local test finish-------------
2025-11-16 09:39:00 - 8_0.01_1 - INFO - [Epoch 29/30] 测试耗时: 197.86s
2025-11-16 09:39:25 - 8_0.01_1 - INFO - [Epoch 30/30] 训练耗时: 25.30s | 平均训练准确率: 47.01
2025-11-16 09:39:25 - 8_0.01_1 - INFO - ------------local test start-------------
2025-11-16 09:39:25 - 8_0.01_1 - INFO - Evaluate on the client0 local set
2025-11-16 09:39:28 - 8_0.01_1 - INFO - => result | total 269 | correct 132 | acc 49.07% | err 50.93% | macro_f1 48.50%
2025-11-16 09:39:28 - 8_0.01_1 - INFO - Evaluate on the client0 neighbor set
2025-11-16 09:39:45 - 8_0.01_1 - INFO - => result | total 2,194 | correct 1,082 | acc 49.32% | err 50.68% | macro_f1 38.33%
2025-11-16 09:39:45 - 8_0.01_1 - INFO - Evaluate on the client1 local set
2025-11-16 09:39:48 - 8_0.01_1 - INFO - => result | total 339 | correct 77 | acc 22.71% | err 77.29% | macro_f1 30.97%
2025-11-16 09:39:48 - 8_0.01_1 - INFO - Evaluate on the client1 neighbor set
2025-11-16 09:40:06 - 8_0.01_1 - INFO - => result | total 2,124 | correct 1,132 | acc 53.30% | err 46.70% | macro_f1 40.59%
2025-11-16 09:40:06 - 8_0.01_1 - INFO - Evaluate on the client2 local set
2025-11-16 09:40:07 - 8_0.01_1 - INFO - => result | total 223 | correct 108 | acc 48.43% | err 51.57% | macro_f1 39.55%
2025-11-16 09:40:07 - 8_0.01_1 - INFO - Evaluate on the client2 neighbor set
2025-11-16 09:40:26 - 8_0.01_1 - INFO - => result | total 2,240 | correct 1,095 | acc 48.88% | err 51.12% | macro_f1 38.66%
2025-11-16 09:40:26 - 8_0.01_1 - INFO - Evaluate on the client3 local set
2025-11-16 09:40:27 - 8_0.01_1 - INFO - => result | total 211 | correct 139 | acc 65.88% | err 34.12% | macro_f1 60.14%
2025-11-16 09:40:27 - 8_0.01_1 - INFO - Evaluate on the client3 neighbor set
2025-11-16 09:40:46 - 8_0.01_1 - INFO - => result | total 2,252 | correct 1,063 | acc 47.20% | err 52.80% | macro_f1 36.17%
2025-11-16 09:40:46 - 8_0.01_1 - INFO - Evaluate on the client4 local set
2025-11-16 09:40:47 - 8_0.01_1 - INFO - => result | total 178 | correct 102 | acc 57.30% | err 42.70% | macro_f1 65.17%
2025-11-16 09:40:47 - 8_0.01_1 - INFO - Evaluate on the client4 neighbor set
2025-11-16 09:41:06 - 8_0.01_1 - INFO - => result | total 2,285 | correct 1,096 | acc 47.96% | err 52.04% | macro_f1 36.33%
2025-11-16 09:41:06 - 8_0.01_1 - INFO - Evaluate on the client5 local set
2025-11-16 09:41:08 - 8_0.01_1 - INFO - => result | total 262 | correct 181 | acc 69.08% | err 30.92% | macro_f1 67.25%
2025-11-16 09:41:08 - 8_0.01_1 - INFO - Evaluate on the client5 neighbor set
2025-11-16 09:41:26 - 8_0.01_1 - INFO - => result | total 2,201 | correct 1,012 | acc 45.98% | err 54.02% | macro_f1 35.69%
2025-11-16 09:41:26 - 8_0.01_1 - INFO - Evaluate on the client6 local set
2025-11-16 09:41:28 - 8_0.01_1 - INFO - => result | total 223 | correct 84 | acc 37.67% | err 62.33% | macro_f1 37.77%
2025-11-16 09:41:28 - 8_0.01_1 - INFO - Evaluate on the client6 neighbor set
2025-11-16 09:41:46 - 8_0.01_1 - INFO - => result | total 2,240 | correct 1,104 | acc 49.29% | err 50.71% | macro_f1 38.82%
2025-11-16 09:41:46 - 8_0.01_1 - INFO - Evaluate on the client7 local set
2025-11-16 09:41:48 - 8_0.01_1 - INFO - => result | total 234 | correct 110 | acc 47.01% | err 52.99% | macro_f1 55.94%
2025-11-16 09:41:48 - 8_0.01_1 - INFO - Evaluate on the client7 neighbor set
2025-11-16 09:42:06 - 8_0.01_1 - INFO - => result | total 2,229 | correct 1,071 | acc 48.05% | err 51.95% | macro_f1 36.67%
2025-11-16 09:42:06 - 8_0.01_1 - INFO - Evaluate on the client8 local set
2025-11-16 09:42:08 - 8_0.01_1 - INFO - => result | total 205 | correct 67 | acc 32.68% | err 67.32% | macro_f1 25.58%
2025-11-16 09:42:08 - 8_0.01_1 - INFO - Evaluate on the client8 neighbor set
2025-11-16 09:42:26 - 8_0.01_1 - INFO - => result | total 2,258 | correct 1,107 | acc 49.03% | err 50.97% | macro_f1 39.47%
2025-11-16 09:42:26 - 8_0.01_1 - INFO - Evaluate on the client9 local set
2025-11-16 09:42:29 - 8_0.01_1 - INFO - => result | total 319 | correct 200 | acc 62.70% | err 37.30% | macro_f1 58.62%
2025-11-16 09:42:29 - 8_0.01_1 - INFO - Evaluate on the client9 neighbor set
2025-11-16 09:42:46 - 8_0.01_1 - INFO - => result | total 2,144 | correct 971 | acc 45.29% | err 54.71% | macro_f1 36.17%
2025-11-16 09:42:46 - 8_0.01_1 - INFO - Global test local acc: 49.25
2025-11-16 09:42:46 - 8_0.01_1 - INFO - Global test neighbor acc: 48.43
2025-11-16 09:42:46 - 8_0.01_1 - INFO - ------------local test finish-------------
2025-11-16 09:42:46 - 8_0.01_1 - INFO - [Epoch 30/30] 测试耗时: 200.95s
2025-11-16 09:42:46 - 8_0.01_1 - INFO - maximum test local acc: 50.700
2025-11-16 09:42:46 - 8_0.01_1 - INFO - mean of local acc: 50.110
2025-11-16 09:42:46 - 8_0.01_1 - INFO - maximum test neighbor acc: 49.979
2025-11-16 09:42:46 - 8_0.01_1 - INFO - mean of neighbor acc: 49.351
