2025-11-13 05:32:24 - 8_0.4_1 - INFO - 日志文件已创建: logs/oxford_flowers/fedpgp/8_0.4_1_20251113_053224.log
2025-11-13 05:32:24 - 8_0.4_1 - INFO - Loading trainer: DP_FPL
2025-11-13 05:32:24 - 8_0.4_1 - INFO - Loading dataset: OxfordFlowers
2025-11-13 05:32:24 - 8_0.4_1 - INFO - Reading split from /home/liuxin25/dataset/oxford_flowers/split_zhou_OxfordFlowers.json
2025-11-13 05:32:24 - 8_0.4_1 - INFO - Creating a baseline federated dataset
2025-11-13 05:32:24 - 8_0.4_1 - INFO - class_num 102
2025-11-13 05:32:24 - 8_0.4_1 - INFO - user class dict total [90, 54, 31, 35, 55, 72, 92, 42, 95, 84]
2025-11-13 05:32:24 - 8_0.4_1 - INFO - idx: 0, output_dict_len: 451
2025-11-13 05:32:24 - 8_0.4_1 - INFO - user class dict total [74, 0, 1, 80, 27, 20, 77, 50, 66, 45]
2025-11-13 05:32:24 - 8_0.4_1 - INFO - idx: 1, output_dict_len: 562
2025-11-13 05:32:24 - 8_0.4_1 - INFO - user class dict total [44, 82, 14, 32, 52, 70, 28, 51, 10, 21]
2025-11-13 05:32:24 - 8_0.4_1 - INFO - idx: 2, output_dict_len: 373
2025-11-13 05:32:24 - 8_0.4_1 - INFO - user class dict total [33, 75, 5, 48, 87, 98, 23, 69, 62, 7]
2025-11-13 05:32:24 - 8_0.4_1 - INFO - idx: 3, output_dict_len: 350
2025-11-13 05:32:24 - 8_0.4_1 - INFO - user class dict total [17, 18, 60, 34, 11, 58, 86, 13, 41, 30]
2025-11-13 05:32:24 - 8_0.4_1 - INFO - idx: 4, output_dict_len: 302
2025-11-13 05:32:24 - 8_0.4_1 - INFO - user class dict total [24, 71, 56, 76, 37, 6, 53, 79, 97, 39]
2025-11-13 05:32:24 - 8_0.4_1 - INFO - idx: 5, output_dict_len: 433
2025-11-13 05:32:24 - 8_0.4_1 - INFO - user class dict total [47, 65, 36, 91, 3, 63, 59, 9, 96, 64]
2025-11-13 05:32:24 - 8_0.4_1 - INFO - idx: 6, output_dict_len: 367
2025-11-13 05:32:24 - 8_0.4_1 - INFO - user class dict total [94, 88, 99, 61, 19, 25, 4, 16, 8, 46]
2025-11-13 05:32:24 - 8_0.4_1 - INFO - idx: 7, output_dict_len: 387
2025-11-13 05:32:24 - 8_0.4_1 - INFO - user class dict total [26, 2, 93, 85, 29, 22, 100, 67, 68, 38]
2025-11-13 05:32:24 - 8_0.4_1 - INFO - idx: 8, output_dict_len: 341
2025-11-13 05:32:24 - 8_0.4_1 - INFO - user class dict total [83, 15, 12, 81, 43, 73, 78, 40, 101, 57, 89, 49]
2025-11-13 05:32:24 - 8_0.4_1 - INFO - idx: 9, output_dict_len: 527
2025-11-13 05:32:24 - 8_0.4_1 - INFO - Creating a baseline federated dataset
2025-11-13 05:32:24 - 8_0.4_1 - INFO - class_num 102
2025-11-13 05:32:24 - 8_0.4_1 - INFO - user class dict total [90, 54, 31, 35, 55, 72, 92, 42, 95, 84]
2025-11-13 05:32:24 - 8_0.4_1 - INFO - idx: 0, output_dict_len: 269
2025-11-13 05:32:24 - 8_0.4_1 - INFO - user class dict total [74, 0, 1, 80, 27, 20, 77, 50, 66, 45]
2025-11-13 05:32:24 - 8_0.4_1 - INFO - idx: 1, output_dict_len: 339
2025-11-13 05:32:24 - 8_0.4_1 - INFO - user class dict total [44, 82, 14, 32, 52, 70, 28, 51, 10, 21]
2025-11-13 05:32:24 - 8_0.4_1 - INFO - idx: 2, output_dict_len: 223
2025-11-13 05:32:24 - 8_0.4_1 - INFO - user class dict total [33, 75, 5, 48, 87, 98, 23, 69, 62, 7]
2025-11-13 05:32:24 - 8_0.4_1 - INFO - idx: 3, output_dict_len: 211
2025-11-13 05:32:24 - 8_0.4_1 - INFO - user class dict total [17, 18, 60, 34, 11, 58, 86, 13, 41, 30]
2025-11-13 05:32:24 - 8_0.4_1 - INFO - idx: 4, output_dict_len: 178
2025-11-13 05:32:24 - 8_0.4_1 - INFO - user class dict total [24, 71, 56, 76, 37, 6, 53, 79, 97, 39]
2025-11-13 05:32:24 - 8_0.4_1 - INFO - idx: 5, output_dict_len: 262
2025-11-13 05:32:24 - 8_0.4_1 - INFO - user class dict total [47, 65, 36, 91, 3, 63, 59, 9, 96, 64]
2025-11-13 05:32:24 - 8_0.4_1 - INFO - idx: 6, output_dict_len: 223
2025-11-13 05:32:24 - 8_0.4_1 - INFO - user class dict total [94, 88, 99, 61, 19, 25, 4, 16, 8, 46]
2025-11-13 05:32:24 - 8_0.4_1 - INFO - idx: 7, output_dict_len: 234
2025-11-13 05:32:24 - 8_0.4_1 - INFO - user class dict total [26, 2, 93, 85, 29, 22, 100, 67, 68, 38]
2025-11-13 05:32:24 - 8_0.4_1 - INFO - idx: 8, output_dict_len: 205
2025-11-13 05:32:24 - 8_0.4_1 - INFO - user class dict total [83, 15, 12, 81, 43, 73, 78, 40, 101, 57, 89, 49]
2025-11-13 05:32:24 - 8_0.4_1 - INFO - idx: 9, output_dict_len: 319
2025-11-13 05:32:24 - 8_0.4_1 - INFO - Loading CLIP (backbone: ViT-B/16)
2025-11-13 05:32:27 - 8_0.4_1 - INFO - Building custom CLIP
2025-11-13 05:32:27 - 8_0.4_1 - INFO - Turning off gradients in both the image and the text encoder
2025-11-13 05:33:13 - 8_0.4_1 - INFO - [Epoch 1/30] 训练耗时: 45.63s | 平均训练准确率: 1.08
2025-11-13 05:33:55 - 8_0.4_1 - INFO - [Epoch 2/30] 训练耗时: 41.83s | 平均训练准确率: 0.87
2025-11-13 05:34:37 - 8_0.4_1 - INFO - [Epoch 3/30] 训练耗时: 41.83s | 平均训练准确率: 1.60
2025-11-13 05:35:18 - 8_0.4_1 - INFO - [Epoch 4/30] 训练耗时: 40.96s | 平均训练准确率: 3.23
2025-11-13 05:35:59 - 8_0.4_1 - INFO - [Epoch 5/30] 训练耗时: 41.42s | 平均训练准确率: 3.99
2025-11-13 05:36:40 - 8_0.4_1 - INFO - [Epoch 6/30] 训练耗时: 40.99s | 平均训练准确率: 4.97
2025-11-13 05:37:22 - 8_0.4_1 - INFO - [Epoch 7/30] 训练耗时: 41.25s | 平均训练准确率: 3.99
2025-11-13 05:38:04 - 8_0.4_1 - INFO - [Epoch 8/30] 训练耗时: 42.09s | 平均训练准确率: 3.40
2025-11-13 05:38:45 - 8_0.4_1 - INFO - [Epoch 9/30] 训练耗时: 41.03s | 平均训练准确率: 2.99
2025-11-13 05:39:27 - 8_0.4_1 - INFO - [Epoch 10/30] 训练耗时: 42.54s | 平均训练准确率: 2.29
2025-11-13 05:40:08 - 8_0.4_1 - INFO - [Epoch 11/30] 训练耗时: 41.15s | 平均训练准确率: 2.12
2025-11-13 05:40:50 - 8_0.4_1 - INFO - [Epoch 12/30] 训练耗时: 41.19s | 平均训练准确率: 2.05
2025-11-13 05:41:31 - 8_0.4_1 - INFO - [Epoch 13/30] 训练耗时: 41.50s | 平均训练准确率: 1.77
2025-11-13 05:42:15 - 8_0.4_1 - INFO - [Epoch 14/30] 训练耗时: 43.68s | 平均训练准确率: 1.25
2025-11-13 05:42:56 - 8_0.4_1 - INFO - [Epoch 15/30] 训练耗时: 41.75s | 平均训练准确率: 1.56
2025-11-13 05:43:47 - 8_0.4_1 - INFO - [Epoch 16/30] 训练耗时: 50.74s | 平均训练准确率: 1.49
2025-11-13 05:44:48 - 8_0.4_1 - INFO - [Epoch 17/30] 训练耗时: 60.58s | 平均训练准确率: 1.25
2025-11-13 05:45:51 - 8_0.4_1 - INFO - [Epoch 18/30] 训练耗时: 63.14s | 平均训练准确率: 1.63
2025-11-13 05:46:53 - 8_0.4_1 - INFO - [Epoch 19/30] 训练耗时: 62.41s | 平均训练准确率: 2.36
2025-11-13 05:47:55 - 8_0.4_1 - INFO - [Epoch 20/30] 训练耗时: 61.75s | 平均训练准确率: 1.63
2025-11-13 05:48:57 - 8_0.4_1 - INFO - [Epoch 21/30] 训练耗时: 62.07s | 平均训练准确率: 1.11
2025-11-13 05:49:40 - 8_0.4_1 - INFO - [Epoch 22/30] 训练耗时: 43.07s | 平均训练准确率: 2.12
2025-11-13 05:50:38 - 8_0.4_1 - INFO - [Epoch 23/30] 训练耗时: 57.98s | 平均训练准确率: 1.49
2025-11-13 05:51:38 - 8_0.4_1 - INFO - [Epoch 24/30] 训练耗时: 60.11s | 平均训练准确率: 1.94
2025-11-13 05:52:43 - 8_0.4_1 - INFO - [Epoch 25/30] 训练耗时: 64.28s | 平均训练准确率: 1.98
2025-11-13 05:53:47 - 8_0.4_1 - INFO - [Epoch 26/30] 训练耗时: 64.42s | 平均训练准确率: 1.81
2025-11-13 05:54:52 - 8_0.4_1 - INFO - [Epoch 27/30] 训练耗时: 64.60s | 平均训练准确率: 2.12
2025-11-13 05:55:43 - 8_0.4_1 - INFO - [Epoch 28/30] 训练耗时: 51.07s | 平均训练准确率: 2.92
2025-11-13 05:55:43 - 8_0.4_1 - INFO - ------------local test start-------------
2025-11-13 05:55:43 - 8_0.4_1 - INFO - Evaluate on the client0 local set
2025-11-13 05:55:47 - 8_0.4_1 - INFO - => result | total 269 | correct 0 | acc 0.00% | err 100.00% | macro_f1 0.00%
2025-11-13 05:55:47 - 8_0.4_1 - INFO - Evaluate on the client0 neighbor set
2025-11-13 05:56:19 - 8_0.4_1 - INFO - => result | total 2,194 | correct 42 | acc 1.91% | err 98.09% | macro_f1 0.19%
2025-11-13 05:56:19 - 8_0.4_1 - INFO - Evaluate on the client1 local set
2025-11-13 05:56:24 - 8_0.4_1 - INFO - => result | total 339 | correct 0 | acc 0.00% | err 100.00% | macro_f1 0.00%
2025-11-13 05:56:24 - 8_0.4_1 - INFO - Evaluate on the client1 neighbor set
2025-11-13 05:56:59 - 8_0.4_1 - INFO - => result | total 2,124 | correct 52 | acc 2.45% | err 97.55% | macro_f1 0.38%
2025-11-13 05:56:59 - 8_0.4_1 - INFO - Evaluate on the client2 local set
2025-11-13 05:57:02 - 8_0.4_1 - INFO - => result | total 223 | correct 0 | acc 0.00% | err 100.00% | macro_f1 0.00%
2025-11-13 05:57:02 - 8_0.4_1 - INFO - Evaluate on the client2 neighbor set
2025-11-13 05:57:37 - 8_0.4_1 - INFO - => result | total 2,240 | correct 61 | acc 2.72% | err 97.28% | macro_f1 0.46%
2025-11-13 05:57:37 - 8_0.4_1 - INFO - Evaluate on the client3 local set
2025-11-13 05:57:40 - 8_0.4_1 - INFO - => result | total 211 | correct 0 | acc 0.00% | err 100.00% | macro_f1 0.00%
2025-11-13 05:57:40 - 8_0.4_1 - INFO - Evaluate on the client3 neighbor set
2025-11-13 05:58:16 - 8_0.4_1 - INFO - => result | total 2,252 | correct 70 | acc 3.11% | err 96.89% | macro_f1 0.56%
2025-11-13 05:58:16 - 8_0.4_1 - INFO - Evaluate on the client4 local set
2025-11-13 05:58:19 - 8_0.4_1 - INFO - => result | total 178 | correct 0 | acc 0.00% | err 100.00% | macro_f1 0.00%
2025-11-13 05:58:19 - 8_0.4_1 - INFO - Evaluate on the client4 neighbor set
2025-11-13 05:58:54 - 8_0.4_1 - INFO - => result | total 2,285 | correct 79 | acc 3.46% | err 96.54% | macro_f1 0.56%
2025-11-13 05:58:54 - 8_0.4_1 - INFO - Evaluate on the client5 local set
2025-11-13 05:58:58 - 8_0.4_1 - INFO - => result | total 262 | correct 45 | acc 17.18% | err 82.82% | macro_f1 6.62%
2025-11-13 05:58:58 - 8_0.4_1 - INFO - Evaluate on the client5 neighbor set
2025-11-13 05:59:33 - 8_0.4_1 - INFO - => result | total 2,201 | correct 38 | acc 1.73% | err 98.27% | macro_f1 0.14%
2025-11-13 05:59:33 - 8_0.4_1 - INFO - Evaluate on the client6 local set
2025-11-13 05:59:37 - 8_0.4_1 - INFO - => result | total 223 | correct 0 | acc 0.00% | err 100.00% | macro_f1 0.00%
2025-11-13 05:59:37 - 8_0.4_1 - INFO - Evaluate on the client6 neighbor set
2025-11-13 06:00:11 - 8_0.4_1 - INFO - => result | total 2,240 | correct 85 | acc 3.79% | err 96.21% | macro_f1 0.46%
2025-11-13 06:00:11 - 8_0.4_1 - INFO - Evaluate on the client7 local set
2025-11-13 06:00:15 - 8_0.4_1 - INFO - => result | total 234 | correct 0 | acc 0.00% | err 100.00% | macro_f1 0.00%
2025-11-13 06:00:15 - 8_0.4_1 - INFO - Evaluate on the client7 neighbor set
2025-11-13 06:00:52 - 8_0.4_1 - INFO - => result | total 2,229 | correct 84 | acc 3.77% | err 96.23% | macro_f1 0.41%
2025-11-13 06:00:52 - 8_0.4_1 - INFO - Evaluate on the client8 local set
2025-11-13 06:00:56 - 8_0.4_1 - INFO - => result | total 205 | correct 0 | acc 0.00% | err 100.00% | macro_f1 0.00%
2025-11-13 06:00:56 - 8_0.4_1 - INFO - Evaluate on the client8 neighbor set
2025-11-13 06:01:31 - 8_0.4_1 - INFO - => result | total 2,258 | correct 88 | acc 3.90% | err 96.10% | macro_f1 0.38%
2025-11-13 06:01:31 - 8_0.4_1 - INFO - Evaluate on the client9 local set
2025-11-13 06:01:36 - 8_0.4_1 - INFO - => result | total 319 | correct 26 | acc 8.15% | err 91.85% | macro_f1 3.12%
2025-11-13 06:01:36 - 8_0.4_1 - INFO - Evaluate on the client9 neighbor set
2025-11-13 06:02:11 - 8_0.4_1 - INFO - => result | total 2,144 | correct 59 | acc 2.75% | err 97.25% | macro_f1 0.26%
2025-11-13 06:02:11 - 8_0.4_1 - INFO - Global test local acc: 2.53
2025-11-13 06:02:11 - 8_0.4_1 - INFO - Global test neighbor acc: 2.96
2025-11-13 06:02:11 - 8_0.4_1 - INFO - ------------local test finish-------------
2025-11-13 06:02:11 - 8_0.4_1 - INFO - [Epoch 28/30] 测试耗时: 387.98s
2025-11-13 06:03:00 - 8_0.4_1 - INFO - [Epoch 29/30] 训练耗时: 49.60s | 平均训练准确率: 4.76
2025-11-13 06:03:00 - 8_0.4_1 - INFO - ------------local test start-------------
2025-11-13 06:03:00 - 8_0.4_1 - INFO - Evaluate on the client0 local set
2025-11-13 06:03:04 - 8_0.4_1 - INFO - => result | total 269 | correct 0 | acc 0.00% | err 100.00% | macro_f1 0.00%
2025-11-13 06:03:04 - 8_0.4_1 - INFO - Evaluate on the client0 neighbor set
2025-11-13 06:03:35 - 8_0.4_1 - INFO - => result | total 2,194 | correct 66 | acc 3.01% | err 96.99% | macro_f1 0.31%
2025-11-13 06:03:35 - 8_0.4_1 - INFO - Evaluate on the client1 local set
2025-11-13 06:03:39 - 8_0.4_1 - INFO - => result | total 339 | correct 0 | acc 0.00% | err 100.00% | macro_f1 0.00%
2025-11-13 06:03:39 - 8_0.4_1 - INFO - Evaluate on the client1 neighbor set
2025-11-13 06:04:09 - 8_0.4_1 - INFO - => result | total 2,124 | correct 65 | acc 3.06% | err 96.94% | macro_f1 0.30%
2025-11-13 06:04:09 - 8_0.4_1 - INFO - Evaluate on the client2 local set
2025-11-13 06:04:12 - 8_0.4_1 - INFO - => result | total 223 | correct 0 | acc 0.00% | err 100.00% | macro_f1 0.00%
2025-11-13 06:04:12 - 8_0.4_1 - INFO - Evaluate on the client2 neighbor set
2025-11-13 06:04:43 - 8_0.4_1 - INFO - => result | total 2,240 | correct 66 | acc 2.95% | err 97.05% | macro_f1 0.31%
2025-11-13 06:04:43 - 8_0.4_1 - INFO - Evaluate on the client3 local set
2025-11-13 06:04:46 - 8_0.4_1 - INFO - => result | total 211 | correct 0 | acc 0.00% | err 100.00% | macro_f1 0.00%
2025-11-13 06:04:46 - 8_0.4_1 - INFO - Evaluate on the client3 neighbor set
2025-11-13 06:05:17 - 8_0.4_1 - INFO - => result | total 2,252 | correct 61 | acc 2.71% | err 97.29% | macro_f1 0.30%
2025-11-13 06:05:17 - 8_0.4_1 - INFO - Evaluate on the client4 local set
2025-11-13 06:05:20 - 8_0.4_1 - INFO - => result | total 178 | correct 0 | acc 0.00% | err 100.00% | macro_f1 0.00%
2025-11-13 06:05:20 - 8_0.4_1 - INFO - Evaluate on the client4 neighbor set
2025-11-13 06:05:52 - 8_0.4_1 - INFO - => result | total 2,285 | correct 61 | acc 2.67% | err 97.33% | macro_f1 0.28%
2025-11-13 06:05:52 - 8_0.4_1 - INFO - Evaluate on the client5 local set
2025-11-13 06:05:55 - 8_0.4_1 - INFO - => result | total 262 | correct 9 | acc 3.44% | err 96.56% | macro_f1 2.02%
2025-11-13 06:05:55 - 8_0.4_1 - INFO - Evaluate on the client5 neighbor set
2025-11-13 06:06:27 - 8_0.4_1 - INFO - => result | total 2,201 | correct 51 | acc 2.32% | err 97.68% | macro_f1 0.10%
2025-11-13 06:06:27 - 8_0.4_1 - INFO - Evaluate on the client6 local set
2025-11-13 06:06:30 - 8_0.4_1 - INFO - => result | total 223 | correct 0 | acc 0.00% | err 100.00% | macro_f1 0.00%
2025-11-13 06:06:30 - 8_0.4_1 - INFO - Evaluate on the client6 neighbor set
2025-11-13 06:07:01 - 8_0.4_1 - INFO - => result | total 2,240 | correct 57 | acc 2.54% | err 97.46% | macro_f1 0.26%
2025-11-13 06:07:01 - 8_0.4_1 - INFO - Evaluate on the client7 local set
2025-11-13 06:07:05 - 8_0.4_1 - INFO - => result | total 234 | correct 0 | acc 0.00% | err 100.00% | macro_f1 0.00%
2025-11-13 06:07:05 - 8_0.4_1 - INFO - Evaluate on the client7 neighbor set
2025-11-13 06:07:35 - 8_0.4_1 - INFO - => result | total 2,229 | correct 59 | acc 2.65% | err 97.35% | macro_f1 0.31%
2025-11-13 06:07:35 - 8_0.4_1 - INFO - Evaluate on the client8 local set
2025-11-13 06:07:38 - 8_0.4_1 - INFO - => result | total 205 | correct 0 | acc 0.00% | err 100.00% | macro_f1 0.00%
2025-11-13 06:07:38 - 8_0.4_1 - INFO - Evaluate on the client8 neighbor set
2025-11-13 06:08:08 - 8_0.4_1 - INFO - => result | total 2,258 | correct 57 | acc 2.52% | err 97.48% | macro_f1 0.29%
2025-11-13 06:08:08 - 8_0.4_1 - INFO - Evaluate on the client9 local set
2025-11-13 06:08:12 - 8_0.4_1 - INFO - => result | total 319 | correct 44 | acc 13.79% | err 86.21% | macro_f1 3.97%
2025-11-13 06:08:12 - 8_0.4_1 - INFO - Evaluate on the client9 neighbor set
2025-11-13 06:08:43 - 8_0.4_1 - INFO - => result | total 2,144 | correct 12 | acc 0.56% | err 99.44% | macro_f1 0.22%
2025-11-13 06:08:43 - 8_0.4_1 - INFO - Global test local acc: 1.72
2025-11-13 06:08:43 - 8_0.4_1 - INFO - Global test neighbor acc: 2.50
2025-11-13 06:08:43 - 8_0.4_1 - INFO - ------------local test finish-------------
2025-11-13 06:08:43 - 8_0.4_1 - INFO - [Epoch 29/30] 测试耗时: 342.22s
2025-11-13 06:09:24 - 8_0.4_1 - INFO - [Epoch 30/30] 训练耗时: 41.61s | 平均训练准确率: 3.37
2025-11-13 06:09:24 - 8_0.4_1 - INFO - ------------local test start-------------
2025-11-13 06:09:24 - 8_0.4_1 - INFO - Evaluate on the client0 local set
2025-11-13 06:09:28 - 8_0.4_1 - INFO - => result | total 269 | correct 0 | acc 0.00% | err 100.00% | macro_f1 0.00%
2025-11-13 06:09:28 - 8_0.4_1 - INFO - Evaluate on the client0 neighbor set
2025-11-13 06:09:57 - 8_0.4_1 - INFO - => result | total 2,194 | correct 44 | acc 2.01% | err 97.99% | macro_f1 0.14%
2025-11-13 06:09:57 - 8_0.4_1 - INFO - Evaluate on the client1 local set
2025-11-13 06:10:01 - 8_0.4_1 - INFO - => result | total 339 | correct 0 | acc 0.00% | err 100.00% | macro_f1 0.00%
2025-11-13 06:10:01 - 8_0.4_1 - INFO - Evaluate on the client1 neighbor set
2025-11-13 06:10:28 - 8_0.4_1 - INFO - => result | total 2,124 | correct 55 | acc 2.59% | err 97.41% | macro_f1 0.18%
2025-11-13 06:10:28 - 8_0.4_1 - INFO - Evaluate on the client2 local set
2025-11-13 06:10:31 - 8_0.4_1 - INFO - => result | total 223 | correct 0 | acc 0.00% | err 100.00% | macro_f1 0.00%
2025-11-13 06:10:31 - 8_0.4_1 - INFO - Evaluate on the client2 neighbor set
2025-11-13 06:11:02 - 8_0.4_1 - INFO - => result | total 2,240 | correct 59 | acc 2.63% | err 97.37% | macro_f1 0.14%
2025-11-13 06:11:02 - 8_0.4_1 - INFO - Evaluate on the client3 local set
2025-11-13 06:11:05 - 8_0.4_1 - INFO - => result | total 211 | correct 0 | acc 0.00% | err 100.00% | macro_f1 0.00%
2025-11-13 06:11:05 - 8_0.4_1 - INFO - Evaluate on the client3 neighbor set
2025-11-13 06:11:36 - 8_0.4_1 - INFO - => result | total 2,252 | correct 60 | acc 2.66% | err 97.34% | macro_f1 0.13%
2025-11-13 06:11:36 - 8_0.4_1 - INFO - Evaluate on the client4 local set
2025-11-13 06:11:38 - 8_0.4_1 - INFO - => result | total 178 | correct 0 | acc 0.00% | err 100.00% | macro_f1 0.00%
2025-11-13 06:11:38 - 8_0.4_1 - INFO - Evaluate on the client4 neighbor set
2025-11-13 06:12:10 - 8_0.4_1 - INFO - => result | total 2,285 | correct 55 | acc 2.41% | err 97.59% | macro_f1 0.10%
2025-11-13 06:12:10 - 8_0.4_1 - INFO - Evaluate on the client5 local set
2025-11-13 06:12:14 - 8_0.4_1 - INFO - => result | total 262 | correct 0 | acc 0.00% | err 100.00% | macro_f1 0.00%
2025-11-13 06:12:14 - 8_0.4_1 - INFO - Evaluate on the client5 neighbor set
2025-11-13 06:12:44 - 8_0.4_1 - INFO - => result | total 2,201 | correct 55 | acc 2.50% | err 97.50% | macro_f1 0.11%
2025-11-13 06:12:44 - 8_0.4_1 - INFO - Evaluate on the client6 local set
2025-11-13 06:12:47 - 8_0.4_1 - INFO - => result | total 223 | correct 0 | acc 0.00% | err 100.00% | macro_f1 0.00%
2025-11-13 06:12:47 - 8_0.4_1 - INFO - Evaluate on the client6 neighbor set
2025-11-13 06:13:16 - 8_0.4_1 - INFO - => result | total 2,240 | correct 53 | acc 2.37% | err 97.63% | macro_f1 0.11%
2025-11-13 06:13:16 - 8_0.4_1 - INFO - Evaluate on the client7 local set
2025-11-13 06:13:19 - 8_0.4_1 - INFO - => result | total 234 | correct 0 | acc 0.00% | err 100.00% | macro_f1 0.00%
2025-11-13 06:13:19 - 8_0.4_1 - INFO - Evaluate on the client7 neighbor set
2025-11-13 06:13:48 - 8_0.4_1 - INFO - => result | total 2,229 | correct 49 | acc 2.20% | err 97.80% | macro_f1 0.11%
2025-11-13 06:13:48 - 8_0.4_1 - INFO - Evaluate on the client8 local set
2025-11-13 06:13:50 - 8_0.4_1 - INFO - => result | total 205 | correct 0 | acc 0.00% | err 100.00% | macro_f1 0.00%
2025-11-13 06:13:50 - 8_0.4_1 - INFO - Evaluate on the client8 neighbor set
2025-11-13 06:14:22 - 8_0.4_1 - INFO - => result | total 2,258 | correct 45 | acc 1.99% | err 98.01% | macro_f1 0.10%
2025-11-13 06:14:22 - 8_0.4_1 - INFO - Evaluate on the client9 local set
2025-11-13 06:14:26 - 8_0.4_1 - INFO - => result | total 319 | correct 42 | acc 13.17% | err 86.83% | macro_f1 3.73%
2025-11-13 06:14:26 - 8_0.4_1 - INFO - Evaluate on the client9 neighbor set
2025-11-13 06:14:55 - 8_0.4_1 - INFO - => result | total 2,144 | correct 0 | acc 0.00% | err 100.00% | macro_f1 0.00%
2025-11-13 06:14:55 - 8_0.4_1 - INFO - Global test local acc: 1.32
2025-11-13 06:14:55 - 8_0.4_1 - INFO - Global test neighbor acc: 2.14
2025-11-13 06:14:55 - 8_0.4_1 - INFO - ------------local test finish-------------
2025-11-13 06:14:55 - 8_0.4_1 - INFO - [Epoch 30/30] 测试耗时: 331.25s
2025-11-13 06:14:55 - 8_0.4_1 - INFO - maximum test local acc: 2.533
2025-11-13 06:14:55 - 8_0.4_1 - INFO - mean of local acc: 1.857
2025-11-13 06:14:55 - 8_0.4_1 - INFO - maximum test neighbor acc: 2.959
2025-11-13 06:14:55 - 8_0.4_1 - INFO - mean of neighbor acc: 2.531
