2025-11-13 17:34:45 - 8_0.0_1 - INFO - 日志文件已创建: logs/oxford_flowers/fedpgp/8_0.0_1_20251113_173445.log
2025-11-13 17:34:45 - 8_0.0_1 - INFO - Loading trainer: DP_FPL
2025-11-13 17:34:45 - 8_0.0_1 - INFO - Loading dataset: OxfordFlowers
2025-11-13 17:34:45 - 8_0.0_1 - INFO - Reading split from /home/liuxin25/dataset/oxford_flowers/split_zhou_OxfordFlowers.json
2025-11-13 17:34:45 - 8_0.0_1 - INFO - Creating a baseline federated dataset
2025-11-13 17:34:45 - 8_0.0_1 - INFO - class_num 102
2025-11-13 17:34:45 - 8_0.0_1 - INFO - user class dict total [90, 54, 31, 35, 55, 72, 92, 42, 95, 84]
2025-11-13 17:34:45 - 8_0.0_1 - INFO - idx: 0, output_dict_len: 451
2025-11-13 17:34:45 - 8_0.0_1 - INFO - user class dict total [74, 0, 1, 80, 27, 20, 77, 50, 66, 45]
2025-11-13 17:34:45 - 8_0.0_1 - INFO - idx: 1, output_dict_len: 562
2025-11-13 17:34:45 - 8_0.0_1 - INFO - user class dict total [44, 82, 14, 32, 52, 70, 28, 51, 10, 21]
2025-11-13 17:34:45 - 8_0.0_1 - INFO - idx: 2, output_dict_len: 373
2025-11-13 17:34:45 - 8_0.0_1 - INFO - user class dict total [33, 75, 5, 48, 87, 98, 23, 69, 62, 7]
2025-11-13 17:34:45 - 8_0.0_1 - INFO - idx: 3, output_dict_len: 350
2025-11-13 17:34:45 - 8_0.0_1 - INFO - user class dict total [17, 18, 60, 34, 11, 58, 86, 13, 41, 30]
2025-11-13 17:34:45 - 8_0.0_1 - INFO - idx: 4, output_dict_len: 302
2025-11-13 17:34:45 - 8_0.0_1 - INFO - user class dict total [24, 71, 56, 76, 37, 6, 53, 79, 97, 39]
2025-11-13 17:34:45 - 8_0.0_1 - INFO - idx: 5, output_dict_len: 433
2025-11-13 17:34:45 - 8_0.0_1 - INFO - user class dict total [47, 65, 36, 91, 3, 63, 59, 9, 96, 64]
2025-11-13 17:34:45 - 8_0.0_1 - INFO - idx: 6, output_dict_len: 367
2025-11-13 17:34:45 - 8_0.0_1 - INFO - user class dict total [94, 88, 99, 61, 19, 25, 4, 16, 8, 46]
2025-11-13 17:34:45 - 8_0.0_1 - INFO - idx: 7, output_dict_len: 387
2025-11-13 17:34:45 - 8_0.0_1 - INFO - user class dict total [26, 2, 93, 85, 29, 22, 100, 67, 68, 38]
2025-11-13 17:34:45 - 8_0.0_1 - INFO - idx: 8, output_dict_len: 341
2025-11-13 17:34:45 - 8_0.0_1 - INFO - user class dict total [83, 15, 12, 81, 43, 73, 78, 40, 101, 57, 89, 49]
2025-11-13 17:34:45 - 8_0.0_1 - INFO - idx: 9, output_dict_len: 527
2025-11-13 17:34:45 - 8_0.0_1 - INFO - Creating a baseline federated dataset
2025-11-13 17:34:45 - 8_0.0_1 - INFO - class_num 102
2025-11-13 17:34:45 - 8_0.0_1 - INFO - user class dict total [90, 54, 31, 35, 55, 72, 92, 42, 95, 84]
2025-11-13 17:34:45 - 8_0.0_1 - INFO - idx: 0, output_dict_len: 269
2025-11-13 17:34:45 - 8_0.0_1 - INFO - user class dict total [74, 0, 1, 80, 27, 20, 77, 50, 66, 45]
2025-11-13 17:34:45 - 8_0.0_1 - INFO - idx: 1, output_dict_len: 339
2025-11-13 17:34:45 - 8_0.0_1 - INFO - user class dict total [44, 82, 14, 32, 52, 70, 28, 51, 10, 21]
2025-11-13 17:34:45 - 8_0.0_1 - INFO - idx: 2, output_dict_len: 223
2025-11-13 17:34:45 - 8_0.0_1 - INFO - user class dict total [33, 75, 5, 48, 87, 98, 23, 69, 62, 7]
2025-11-13 17:34:45 - 8_0.0_1 - INFO - idx: 3, output_dict_len: 211
2025-11-13 17:34:45 - 8_0.0_1 - INFO - user class dict total [17, 18, 60, 34, 11, 58, 86, 13, 41, 30]
2025-11-13 17:34:45 - 8_0.0_1 - INFO - idx: 4, output_dict_len: 178
2025-11-13 17:34:45 - 8_0.0_1 - INFO - user class dict total [24, 71, 56, 76, 37, 6, 53, 79, 97, 39]
2025-11-13 17:34:45 - 8_0.0_1 - INFO - idx: 5, output_dict_len: 262
2025-11-13 17:34:45 - 8_0.0_1 - INFO - user class dict total [47, 65, 36, 91, 3, 63, 59, 9, 96, 64]
2025-11-13 17:34:45 - 8_0.0_1 - INFO - idx: 6, output_dict_len: 223
2025-11-13 17:34:45 - 8_0.0_1 - INFO - user class dict total [94, 88, 99, 61, 19, 25, 4, 16, 8, 46]
2025-11-13 17:34:45 - 8_0.0_1 - INFO - idx: 7, output_dict_len: 234
2025-11-13 17:34:45 - 8_0.0_1 - INFO - user class dict total [26, 2, 93, 85, 29, 22, 100, 67, 68, 38]
2025-11-13 17:34:45 - 8_0.0_1 - INFO - idx: 8, output_dict_len: 205
2025-11-13 17:34:45 - 8_0.0_1 - INFO - user class dict total [83, 15, 12, 81, 43, 73, 78, 40, 101, 57, 89, 49]
2025-11-13 17:34:45 - 8_0.0_1 - INFO - idx: 9, output_dict_len: 319
2025-11-13 17:34:45 - 8_0.0_1 - INFO - Loading CLIP (backbone: ViT-B/16)
2025-11-13 17:34:47 - 8_0.0_1 - INFO - Building custom CLIP
2025-11-13 17:34:47 - 8_0.0_1 - INFO - Turning off gradients in both the image and the text encoder
2025-11-13 17:35:15 - 8_0.0_1 - INFO - [Epoch 1/30] 训练耗时: 27.71s | 平均训练准确率: 1.08
2025-11-13 17:35:42 - 8_0.0_1 - INFO - [Epoch 2/30] 训练耗时: 27.35s | 平均训练准确率: 3.68
2025-11-13 17:36:11 - 8_0.0_1 - INFO - [Epoch 3/30] 训练耗时: 28.19s | 平均训练准确率: 2.05
2025-11-13 17:36:39 - 8_0.0_1 - INFO - [Epoch 4/30] 训练耗时: 28.01s | 平均训练准确率: 1.77
2025-11-13 17:37:07 - 8_0.0_1 - INFO - [Epoch 5/30] 训练耗时: 27.92s | 平均训练准确率: 2.08
2025-11-13 17:37:35 - 8_0.0_1 - INFO - [Epoch 6/30] 训练耗时: 28.06s | 平均训练准确率: 4.20
2025-11-13 17:38:03 - 8_0.0_1 - INFO - [Epoch 7/30] 训练耗时: 28.00s | 平均训练准确率: 4.65
2025-11-13 17:38:31 - 8_0.0_1 - INFO - [Epoch 8/30] 训练耗时: 27.99s | 平均训练准确率: 4.79
2025-11-13 17:38:58 - 8_0.0_1 - INFO - [Epoch 9/30] 训练耗时: 27.83s | 平均训练准确率: 7.71
2025-11-13 17:39:26 - 8_0.0_1 - INFO - [Epoch 10/30] 训练耗时: 27.77s | 平均训练准确率: 11.11
2025-11-13 17:39:53 - 8_0.0_1 - INFO - [Epoch 11/30] 训练耗时: 27.03s | 平均训练准确率: 11.84
2025-11-13 17:40:21 - 8_0.0_1 - INFO - [Epoch 12/30] 训练耗时: 28.02s | 平均训练准确率: 15.56
2025-11-13 17:40:49 - 8_0.0_1 - INFO - [Epoch 13/30] 训练耗时: 28.02s | 平均训练准确率: 19.79
2025-11-13 17:41:17 - 8_0.0_1 - INFO - [Epoch 14/30] 训练耗时: 28.03s | 平均训练准确率: 20.10
2025-11-13 17:41:45 - 8_0.0_1 - INFO - [Epoch 15/30] 训练耗时: 28.01s | 平均训练准确率: 21.49
2025-11-13 17:42:13 - 8_0.0_1 - INFO - [Epoch 16/30] 训练耗时: 27.62s | 平均训练准确率: 24.38
2025-11-13 17:42:41 - 8_0.0_1 - INFO - [Epoch 17/30] 训练耗时: 27.91s | 平均训练准确率: 19.83
2025-11-13 17:43:09 - 8_0.0_1 - INFO - [Epoch 18/30] 训练耗时: 27.80s | 平均训练准确率: 23.58
2025-11-13 17:43:36 - 8_0.0_1 - INFO - [Epoch 19/30] 训练耗时: 27.77s | 平均训练准确率: 24.06
2025-11-13 17:44:04 - 8_0.0_1 - INFO - [Epoch 20/30] 训练耗时: 27.80s | 平均训练准确率: 26.25
2025-11-13 17:44:32 - 8_0.0_1 - INFO - [Epoch 21/30] 训练耗时: 27.76s | 平均训练准确率: 23.30
2025-11-13 17:45:00 - 8_0.0_1 - INFO - [Epoch 22/30] 训练耗时: 27.93s | 平均训练准确率: 24.55
2025-11-13 17:45:28 - 8_0.0_1 - INFO - [Epoch 23/30] 训练耗时: 27.82s | 平均训练准确率: 25.24
2025-11-13 17:45:54 - 8_0.0_1 - INFO - [Epoch 24/30] 训练耗时: 25.92s | 平均训练准确率: 23.75
2025-11-13 17:46:18 - 8_0.0_1 - INFO - [Epoch 25/30] 训练耗时: 24.82s | 平均训练准确率: 22.33
2025-11-13 17:46:44 - 8_0.0_1 - INFO - [Epoch 26/30] 训练耗时: 25.21s | 平均训练准确率: 21.60
2025-11-13 17:47:09 - 8_0.0_1 - INFO - [Epoch 27/30] 训练耗时: 25.18s | 平均训练准确率: 18.92
2025-11-13 17:47:34 - 8_0.0_1 - INFO - [Epoch 28/30] 训练耗时: 25.17s | 平均训练准确率: 21.18
2025-11-13 17:47:34 - 8_0.0_1 - INFO - ------------local test start-------------
2025-11-13 17:47:34 - 8_0.0_1 - INFO - Evaluate on the client0 local set
2025-11-13 17:47:36 - 8_0.0_1 - INFO - => result | total 269 | correct 7 | acc 2.60% | err 97.40% | macro_f1 2.79%
2025-11-13 17:47:36 - 8_0.0_1 - INFO - Evaluate on the client0 neighbor set
2025-11-13 17:47:54 - 8_0.0_1 - INFO - => result | total 2,194 | correct 453 | acc 20.65% | err 79.35% | macro_f1 6.69%
2025-11-13 17:47:54 - 8_0.0_1 - INFO - Evaluate on the client1 local set
2025-11-13 17:47:57 - 8_0.0_1 - INFO - => result | total 339 | correct 91 | acc 26.84% | err 73.16% | macro_f1 14.71%
2025-11-13 17:47:57 - 8_0.0_1 - INFO - Evaluate on the client1 neighbor set
2025-11-13 17:48:14 - 8_0.0_1 - INFO - => result | total 2,124 | correct 370 | acc 17.42% | err 82.58% | macro_f1 6.52%
2025-11-13 17:48:14 - 8_0.0_1 - INFO - Evaluate on the client2 local set
2025-11-13 17:48:16 - 8_0.0_1 - INFO - => result | total 223 | correct 6 | acc 2.69% | err 97.31% | macro_f1 3.52%
2025-11-13 17:48:16 - 8_0.0_1 - INFO - Evaluate on the client2 neighbor set
2025-11-13 17:48:35 - 8_0.0_1 - INFO - => result | total 2,240 | correct 452 | acc 20.18% | err 79.82% | macro_f1 7.20%
2025-11-13 17:48:35 - 8_0.0_1 - INFO - Evaluate on the client3 local set
2025-11-13 17:48:37 - 8_0.0_1 - INFO - => result | total 211 | correct 13 | acc 6.16% | err 93.84% | macro_f1 7.03%
2025-11-13 17:48:37 - 8_0.0_1 - INFO - Evaluate on the client3 neighbor set
2025-11-13 17:48:56 - 8_0.0_1 - INFO - => result | total 2,252 | correct 442 | acc 19.63% | err 80.37% | macro_f1 6.56%
2025-11-13 17:48:56 - 8_0.0_1 - INFO - Evaluate on the client4 local set
2025-11-13 17:48:57 - 8_0.0_1 - INFO - => result | total 178 | correct 2 | acc 1.12% | err 98.88% | macro_f1 1.60%
2025-11-13 17:48:57 - 8_0.0_1 - INFO - Evaluate on the client4 neighbor set
2025-11-13 17:49:16 - 8_0.0_1 - INFO - => result | total 2,285 | correct 450 | acc 19.69% | err 80.31% | macro_f1 7.26%
2025-11-13 17:49:16 - 8_0.0_1 - INFO - Evaluate on the client5 local set
2025-11-13 17:49:18 - 8_0.0_1 - INFO - => result | total 262 | correct 52 | acc 19.85% | err 80.15% | macro_f1 8.19%
2025-11-13 17:49:18 - 8_0.0_1 - INFO - Evaluate on the client5 neighbor set
2025-11-13 17:49:36 - 8_0.0_1 - INFO - => result | total 2,201 | correct 401 | acc 18.22% | err 81.78% | macro_f1 6.79%
2025-11-13 17:49:36 - 8_0.0_1 - INFO - Evaluate on the client6 local set
2025-11-13 17:49:38 - 8_0.0_1 - INFO - => result | total 223 | correct 9 | acc 4.04% | err 95.96% | macro_f1 4.92%
2025-11-13 17:49:38 - 8_0.0_1 - INFO - Evaluate on the client6 neighbor set
2025-11-13 17:49:56 - 8_0.0_1 - INFO - => result | total 2,240 | correct 443 | acc 19.78% | err 80.22% | macro_f1 7.22%
2025-11-13 17:49:56 - 8_0.0_1 - INFO - Evaluate on the client7 local set
2025-11-13 17:49:58 - 8_0.0_1 - INFO - => result | total 234 | correct 24 | acc 10.26% | err 89.74% | macro_f1 8.90%
2025-11-13 17:49:58 - 8_0.0_1 - INFO - Evaluate on the client7 neighbor set
2025-11-13 17:50:16 - 8_0.0_1 - INFO - => result | total 2,229 | correct 431 | acc 19.34% | err 80.66% | macro_f1 7.15%
2025-11-13 17:50:16 - 8_0.0_1 - INFO - Evaluate on the client8 local set
2025-11-13 17:50:18 - 8_0.0_1 - INFO - => result | total 205 | correct 48 | acc 23.41% | err 76.59% | macro_f1 14.34%
2025-11-13 17:50:18 - 8_0.0_1 - INFO - Evaluate on the client8 neighbor set
2025-11-13 17:50:36 - 8_0.0_1 - INFO - => result | total 2,258 | correct 407 | acc 18.02% | err 81.98% | macro_f1 6.39%
2025-11-13 17:50:36 - 8_0.0_1 - INFO - Evaluate on the client9 local set
2025-11-13 17:50:39 - 8_0.0_1 - INFO - => result | total 319 | correct 210 | acc 65.83% | err 34.17% | macro_f1 45.27%
2025-11-13 17:50:39 - 8_0.0_1 - INFO - Evaluate on the client9 neighbor set
2025-11-13 17:50:57 - 8_0.0_1 - INFO - => result | total 2,144 | correct 242 | acc 11.29% | err 88.71% | macro_f1 5.69%
2025-11-13 17:50:57 - 8_0.0_1 - INFO - Global test local acc: 16.28
2025-11-13 17:50:57 - 8_0.0_1 - INFO - Global test neighbor acc: 18.42
2025-11-13 17:50:57 - 8_0.0_1 - INFO - ------------local test finish-------------
2025-11-13 17:50:57 - 8_0.0_1 - INFO - [Epoch 28/30] 测试耗时: 202.51s
2025-11-13 17:51:22 - 8_0.0_1 - INFO - [Epoch 29/30] 训练耗时: 25.24s | 平均训练准确率: 21.42
2025-11-13 17:51:22 - 8_0.0_1 - INFO - ------------local test start-------------
2025-11-13 17:51:22 - 8_0.0_1 - INFO - Evaluate on the client0 local set
2025-11-13 17:51:24 - 8_0.0_1 - INFO - => result | total 269 | correct 7 | acc 2.60% | err 97.40% | macro_f1 2.68%
2025-11-13 17:51:24 - 8_0.0_1 - INFO - Evaluate on the client0 neighbor set
2025-11-13 17:51:42 - 8_0.0_1 - INFO - => result | total 2,194 | correct 438 | acc 19.96% | err 80.04% | macro_f1 7.09%
2025-11-13 17:51:42 - 8_0.0_1 - INFO - Evaluate on the client1 local set
2025-11-13 17:51:45 - 8_0.0_1 - INFO - => result | total 339 | correct 83 | acc 24.48% | err 75.52% | macro_f1 13.50%
2025-11-13 17:51:45 - 8_0.0_1 - INFO - Evaluate on the client1 neighbor set
2025-11-13 17:52:02 - 8_0.0_1 - INFO - => result | total 2,124 | correct 353 | acc 16.62% | err 83.38% | macro_f1 6.08%
2025-11-13 17:52:02 - 8_0.0_1 - INFO - Evaluate on the client2 local set
2025-11-13 17:52:04 - 8_0.0_1 - INFO - => result | total 223 | correct 5 | acc 2.24% | err 97.76% | macro_f1 3.23%
2025-11-13 17:52:04 - 8_0.0_1 - INFO - Evaluate on the client2 neighbor set
2025-11-13 17:52:22 - 8_0.0_1 - INFO - => result | total 2,240 | correct 424 | acc 18.93% | err 81.07% | macro_f1 6.72%
2025-11-13 17:52:22 - 8_0.0_1 - INFO - Evaluate on the client3 local set
2025-11-13 17:52:24 - 8_0.0_1 - INFO - => result | total 211 | correct 21 | acc 9.95% | err 90.05% | macro_f1 10.00%
2025-11-13 17:52:24 - 8_0.0_1 - INFO - Evaluate on the client3 neighbor set
2025-11-13 17:52:42 - 8_0.0_1 - INFO - => result | total 2,252 | correct 402 | acc 17.85% | err 82.15% | macro_f1 5.60%
2025-11-13 17:52:42 - 8_0.0_1 - INFO - Evaluate on the client4 local set
2025-11-13 17:52:43 - 8_0.0_1 - INFO - => result | total 178 | correct 2 | acc 1.12% | err 98.88% | macro_f1 1.67%
2025-11-13 17:52:43 - 8_0.0_1 - INFO - Evaluate on the client4 neighbor set
2025-11-13 17:53:02 - 8_0.0_1 - INFO - => result | total 2,285 | correct 422 | acc 18.47% | err 81.53% | macro_f1 6.46%
2025-11-13 17:53:02 - 8_0.0_1 - INFO - Evaluate on the client5 local set
2025-11-13 17:53:05 - 8_0.0_1 - INFO - => result | total 262 | correct 55 | acc 20.99% | err 79.01% | macro_f1 8.46%
2025-11-13 17:53:05 - 8_0.0_1 - INFO - Evaluate on the client5 neighbor set
2025-11-13 17:53:23 - 8_0.0_1 - INFO - => result | total 2,201 | correct 359 | acc 16.31% | err 83.69% | macro_f1 5.64%
2025-11-13 17:53:23 - 8_0.0_1 - INFO - Evaluate on the client6 local set
2025-11-13 17:53:24 - 8_0.0_1 - INFO - => result | total 223 | correct 4 | acc 1.79% | err 98.21% | macro_f1 2.73%
2025-11-13 17:53:24 - 8_0.0_1 - INFO - Evaluate on the client6 neighbor set
2025-11-13 17:53:43 - 8_0.0_1 - INFO - => result | total 2,240 | correct 405 | acc 18.08% | err 81.92% | macro_f1 6.18%
2025-11-13 17:53:43 - 8_0.0_1 - INFO - Evaluate on the client7 local set
2025-11-13 17:53:45 - 8_0.0_1 - INFO - => result | total 234 | correct 13 | acc 5.56% | err 94.44% | macro_f1 3.88%
2025-11-13 17:53:45 - 8_0.0_1 - INFO - Evaluate on the client7 neighbor set
2025-11-13 17:54:03 - 8_0.0_1 - INFO - => result | total 2,229 | correct 395 | acc 17.72% | err 82.28% | macro_f1 6.43%
2025-11-13 17:54:03 - 8_0.0_1 - INFO - Evaluate on the client8 local set
2025-11-13 17:54:04 - 8_0.0_1 - INFO - => result | total 205 | correct 35 | acc 17.07% | err 82.93% | macro_f1 10.98%
2025-11-13 17:54:04 - 8_0.0_1 - INFO - Evaluate on the client8 neighbor set
2025-11-13 17:54:23 - 8_0.0_1 - INFO - => result | total 2,258 | correct 371 | acc 16.43% | err 83.57% | macro_f1 5.39%
2025-11-13 17:54:23 - 8_0.0_1 - INFO - Evaluate on the client9 local set
2025-11-13 17:54:25 - 8_0.0_1 - INFO - => result | total 319 | correct 210 | acc 65.83% | err 34.17% | macro_f1 44.03%
2025-11-13 17:54:25 - 8_0.0_1 - INFO - Evaluate on the client9 neighbor set
2025-11-13 17:54:43 - 8_0.0_1 - INFO - => result | total 2,144 | correct 194 | acc 9.05% | err 90.95% | macro_f1 4.30%
2025-11-13 17:54:43 - 8_0.0_1 - INFO - Global test local acc: 15.16
2025-11-13 17:54:43 - 8_0.0_1 - INFO - Global test neighbor acc: 16.94
2025-11-13 17:54:43 - 8_0.0_1 - INFO - ------------local test finish-------------
2025-11-13 17:54:43 - 8_0.0_1 - INFO - [Epoch 29/30] 测试耗时: 201.26s
2025-11-13 17:55:11 - 8_0.0_1 - INFO - [Epoch 30/30] 训练耗时: 27.86s | 平均训练准确率: 20.49
2025-11-13 17:55:11 - 8_0.0_1 - INFO - ------------local test start-------------
2025-11-13 17:55:11 - 8_0.0_1 - INFO - Evaluate on the client0 local set
2025-11-13 17:55:13 - 8_0.0_1 - INFO - => result | total 269 | correct 11 | acc 4.09% | err 95.91% | macro_f1 3.36%
2025-11-13 17:55:13 - 8_0.0_1 - INFO - Evaluate on the client0 neighbor set
2025-11-13 17:55:32 - 8_0.0_1 - INFO - => result | total 2,194 | correct 445 | acc 20.28% | err 79.72% | macro_f1 6.79%
2025-11-13 17:55:32 - 8_0.0_1 - INFO - Evaluate on the client1 local set
2025-11-13 17:55:34 - 8_0.0_1 - INFO - => result | total 339 | correct 83 | acc 24.48% | err 75.52% | macro_f1 14.00%
2025-11-13 17:55:34 - 8_0.0_1 - INFO - Evaluate on the client1 neighbor set
2025-11-13 17:55:52 - 8_0.0_1 - INFO - => result | total 2,124 | correct 376 | acc 17.70% | err 82.30% | macro_f1 6.36%
2025-11-13 17:55:52 - 8_0.0_1 - INFO - Evaluate on the client2 local set
2025-11-13 17:55:54 - 8_0.0_1 - INFO - => result | total 223 | correct 7 | acc 3.14% | err 96.86% | macro_f1 4.04%
2025-11-13 17:55:54 - 8_0.0_1 - INFO - Evaluate on the client2 neighbor set
2025-11-13 17:56:12 - 8_0.0_1 - INFO - => result | total 2,240 | correct 451 | acc 20.13% | err 79.87% | macro_f1 7.10%
2025-11-13 17:56:12 - 8_0.0_1 - INFO - Evaluate on the client3 local set
2025-11-13 17:56:14 - 8_0.0_1 - INFO - => result | total 211 | correct 23 | acc 10.90% | err 89.10% | macro_f1 10.06%
2025-11-13 17:56:14 - 8_0.0_1 - INFO - Evaluate on the client3 neighbor set
2025-11-13 17:56:32 - 8_0.0_1 - INFO - => result | total 2,252 | correct 435 | acc 19.32% | err 80.68% | macro_f1 6.15%
2025-11-13 17:56:32 - 8_0.0_1 - INFO - Evaluate on the client4 local set
2025-11-13 17:56:34 - 8_0.0_1 - INFO - => result | total 178 | correct 4 | acc 2.25% | err 97.75% | macro_f1 3.20%
2025-11-13 17:56:34 - 8_0.0_1 - INFO - Evaluate on the client4 neighbor set
2025-11-13 17:56:53 - 8_0.0_1 - INFO - => result | total 2,285 | correct 454 | acc 19.87% | err 80.13% | macro_f1 6.90%
2025-11-13 17:56:53 - 8_0.0_1 - INFO - Evaluate on the client5 local set
2025-11-13 17:56:55 - 8_0.0_1 - INFO - => result | total 262 | correct 61 | acc 23.28% | err 76.72% | macro_f1 8.97%
2025-11-13 17:56:55 - 8_0.0_1 - INFO - Evaluate on the client5 neighbor set
2025-11-13 17:57:13 - 8_0.0_1 - INFO - => result | total 2,201 | correct 396 | acc 17.99% | err 82.01% | macro_f1 6.37%
2025-11-13 17:57:13 - 8_0.0_1 - INFO - Evaluate on the client6 local set
2025-11-13 17:57:15 - 8_0.0_1 - INFO - => result | total 223 | correct 7 | acc 3.14% | err 96.86% | macro_f1 4.11%
2025-11-13 17:57:15 - 8_0.0_1 - INFO - Evaluate on the client6 neighbor set
2025-11-13 17:57:33 - 8_0.0_1 - INFO - => result | total 2,240 | correct 448 | acc 20.00% | err 80.00% | macro_f1 6.78%
2025-11-13 17:57:33 - 8_0.0_1 - INFO - Evaluate on the client7 local set
2025-11-13 17:57:35 - 8_0.0_1 - INFO - => result | total 234 | correct 16 | acc 6.84% | err 93.16% | macro_f1 3.81%
2025-11-13 17:57:35 - 8_0.0_1 - INFO - Evaluate on the client7 neighbor set
2025-11-13 17:57:54 - 8_0.0_1 - INFO - => result | total 2,229 | correct 432 | acc 19.38% | err 80.62% | macro_f1 7.00%
2025-11-13 17:57:54 - 8_0.0_1 - INFO - Evaluate on the client8 local set
2025-11-13 17:57:56 - 8_0.0_1 - INFO - => result | total 205 | correct 30 | acc 14.63% | err 85.37% | macro_f1 10.25%
2025-11-13 17:57:56 - 8_0.0_1 - INFO - Evaluate on the client8 neighbor set
2025-11-13 17:58:15 - 8_0.0_1 - INFO - => result | total 2,258 | correct 419 | acc 18.56% | err 81.44% | macro_f1 6.18%
2025-11-13 17:58:15 - 8_0.0_1 - INFO - Evaluate on the client9 local set
2025-11-13 17:58:17 - 8_0.0_1 - INFO - => result | total 319 | correct 209 | acc 65.52% | err 34.48% | macro_f1 45.43%
2025-11-13 17:58:17 - 8_0.0_1 - INFO - Evaluate on the client9 neighbor set
2025-11-13 17:58:35 - 8_0.0_1 - INFO - => result | total 2,144 | correct 240 | acc 11.19% | err 88.81% | macro_f1 4.98%
2025-11-13 17:58:35 - 8_0.0_1 - INFO - Global test local acc: 15.83
2025-11-13 17:58:35 - 8_0.0_1 - INFO - Global test neighbor acc: 18.44
2025-11-13 17:58:35 - 8_0.0_1 - INFO - ------------local test finish-------------
2025-11-13 17:58:35 - 8_0.0_1 - INFO - [Epoch 30/30] 测试耗时: 204.23s
2025-11-13 17:58:35 - 8_0.0_1 - INFO - maximum test local acc: 16.281
2025-11-13 17:58:35 - 8_0.0_1 - INFO - mean of local acc: 15.758
2025-11-13 17:58:35 - 8_0.0_1 - INFO - maximum test neighbor acc: 18.443
2025-11-13 17:58:35 - 8_0.0_1 - INFO - mean of neighbor acc: 17.935
