2025-11-16 06:10:24 - 8_0.1_1 - INFO - 日志文件已创建: logs/oxford_flowers/fedpgp/8_0.1_1_20251116_061024.log
2025-11-16 06:10:24 - 8_0.1_1 - INFO - Loading trainer: DP_FPL
2025-11-16 06:10:24 - 8_0.1_1 - INFO - Loading dataset: OxfordFlowers
2025-11-16 06:10:24 - 8_0.1_1 - INFO - Reading split from /home/liuxin25/dataset/oxford_flowers/split_zhou_OxfordFlowers.json
2025-11-16 06:10:24 - 8_0.1_1 - INFO - Creating a baseline federated dataset
2025-11-16 06:10:24 - 8_0.1_1 - INFO - class_num 102
2025-11-16 06:10:24 - 8_0.1_1 - INFO - user class dict total [90, 54, 31, 35, 55, 72, 92, 42, 95, 84]
2025-11-16 06:10:24 - 8_0.1_1 - INFO - idx: 0, output_dict_len: 451
2025-11-16 06:10:24 - 8_0.1_1 - INFO - user class dict total [74, 0, 1, 80, 27, 20, 77, 50, 66, 45]
2025-11-16 06:10:24 - 8_0.1_1 - INFO - idx: 1, output_dict_len: 562
2025-11-16 06:10:24 - 8_0.1_1 - INFO - user class dict total [44, 82, 14, 32, 52, 70, 28, 51, 10, 21]
2025-11-16 06:10:24 - 8_0.1_1 - INFO - idx: 2, output_dict_len: 373
2025-11-16 06:10:24 - 8_0.1_1 - INFO - user class dict total [33, 75, 5, 48, 87, 98, 23, 69, 62, 7]
2025-11-16 06:10:24 - 8_0.1_1 - INFO - idx: 3, output_dict_len: 350
2025-11-16 06:10:24 - 8_0.1_1 - INFO - user class dict total [17, 18, 60, 34, 11, 58, 86, 13, 41, 30]
2025-11-16 06:10:24 - 8_0.1_1 - INFO - idx: 4, output_dict_len: 302
2025-11-16 06:10:24 - 8_0.1_1 - INFO - user class dict total [24, 71, 56, 76, 37, 6, 53, 79, 97, 39]
2025-11-16 06:10:24 - 8_0.1_1 - INFO - idx: 5, output_dict_len: 433
2025-11-16 06:10:24 - 8_0.1_1 - INFO - user class dict total [47, 65, 36, 91, 3, 63, 59, 9, 96, 64]
2025-11-16 06:10:24 - 8_0.1_1 - INFO - idx: 6, output_dict_len: 367
2025-11-16 06:10:24 - 8_0.1_1 - INFO - user class dict total [94, 88, 99, 61, 19, 25, 4, 16, 8, 46]
2025-11-16 06:10:24 - 8_0.1_1 - INFO - idx: 7, output_dict_len: 387
2025-11-16 06:10:24 - 8_0.1_1 - INFO - user class dict total [26, 2, 93, 85, 29, 22, 100, 67, 68, 38]
2025-11-16 06:10:24 - 8_0.1_1 - INFO - idx: 8, output_dict_len: 341
2025-11-16 06:10:24 - 8_0.1_1 - INFO - user class dict total [83, 15, 12, 81, 43, 73, 78, 40, 101, 57, 89, 49]
2025-11-16 06:10:24 - 8_0.1_1 - INFO - idx: 9, output_dict_len: 527
2025-11-16 06:10:24 - 8_0.1_1 - INFO - Creating a baseline federated dataset
2025-11-16 06:10:24 - 8_0.1_1 - INFO - class_num 102
2025-11-16 06:10:24 - 8_0.1_1 - INFO - user class dict total [90, 54, 31, 35, 55, 72, 92, 42, 95, 84]
2025-11-16 06:10:24 - 8_0.1_1 - INFO - idx: 0, output_dict_len: 269
2025-11-16 06:10:24 - 8_0.1_1 - INFO - user class dict total [74, 0, 1, 80, 27, 20, 77, 50, 66, 45]
2025-11-16 06:10:24 - 8_0.1_1 - INFO - idx: 1, output_dict_len: 339
2025-11-16 06:10:24 - 8_0.1_1 - INFO - user class dict total [44, 82, 14, 32, 52, 70, 28, 51, 10, 21]
2025-11-16 06:10:24 - 8_0.1_1 - INFO - idx: 2, output_dict_len: 223
2025-11-16 06:10:24 - 8_0.1_1 - INFO - user class dict total [33, 75, 5, 48, 87, 98, 23, 69, 62, 7]
2025-11-16 06:10:24 - 8_0.1_1 - INFO - idx: 3, output_dict_len: 211
2025-11-16 06:10:24 - 8_0.1_1 - INFO - user class dict total [17, 18, 60, 34, 11, 58, 86, 13, 41, 30]
2025-11-16 06:10:24 - 8_0.1_1 - INFO - idx: 4, output_dict_len: 178
2025-11-16 06:10:24 - 8_0.1_1 - INFO - user class dict total [24, 71, 56, 76, 37, 6, 53, 79, 97, 39]
2025-11-16 06:10:24 - 8_0.1_1 - INFO - idx: 5, output_dict_len: 262
2025-11-16 06:10:24 - 8_0.1_1 - INFO - user class dict total [47, 65, 36, 91, 3, 63, 59, 9, 96, 64]
2025-11-16 06:10:24 - 8_0.1_1 - INFO - idx: 6, output_dict_len: 223
2025-11-16 06:10:24 - 8_0.1_1 - INFO - user class dict total [94, 88, 99, 61, 19, 25, 4, 16, 8, 46]
2025-11-16 06:10:24 - 8_0.1_1 - INFO - idx: 7, output_dict_len: 234
2025-11-16 06:10:24 - 8_0.1_1 - INFO - user class dict total [26, 2, 93, 85, 29, 22, 100, 67, 68, 38]
2025-11-16 06:10:24 - 8_0.1_1 - INFO - idx: 8, output_dict_len: 205
2025-11-16 06:10:24 - 8_0.1_1 - INFO - user class dict total [83, 15, 12, 81, 43, 73, 78, 40, 101, 57, 89, 49]
2025-11-16 06:10:24 - 8_0.1_1 - INFO - idx: 9, output_dict_len: 319
2025-11-16 06:10:24 - 8_0.1_1 - INFO - Loading CLIP (backbone: ViT-B/16)
2025-11-16 06:10:26 - 8_0.1_1 - INFO - Building custom CLIP
2025-11-16 06:10:26 - 8_0.1_1 - INFO - Turning off gradients in both the image and the text encoder
2025-11-16 06:10:55 - 8_0.1_1 - INFO - [Epoch 1/30] 训练耗时: 28.82s | 平均训练准确率: 10.10
2025-11-16 06:11:23 - 8_0.1_1 - INFO - [Epoch 2/30] 训练耗时: 28.14s | 平均训练准确率: 50.59
2025-11-16 06:11:51 - 8_0.1_1 - INFO - [Epoch 3/30] 训练耗时: 28.21s | 平均训练准确率: 51.74
2025-11-16 06:12:20 - 8_0.1_1 - INFO - [Epoch 4/30] 训练耗时: 28.10s | 平均训练准确率: 55.56
2025-11-16 06:12:48 - 8_0.1_1 - INFO - [Epoch 5/30] 训练耗时: 28.12s | 平均训练准确率: 55.28
2025-11-16 06:13:16 - 8_0.1_1 - INFO - [Epoch 6/30] 训练耗时: 28.16s | 平均训练准确率: 49.86
2025-11-16 06:13:44 - 8_0.1_1 - INFO - [Epoch 7/30] 训练耗时: 28.23s | 平均训练准确率: 54.69
2025-11-16 06:14:11 - 8_0.1_1 - INFO - [Epoch 8/30] 训练耗时: 26.99s | 平均训练准确率: 52.43
2025-11-16 06:14:36 - 8_0.1_1 - INFO - [Epoch 9/30] 训练耗时: 25.05s | 平均训练准确率: 50.94
2025-11-16 06:15:01 - 8_0.1_1 - INFO - [Epoch 10/30] 训练耗时: 25.12s | 平均训练准确率: 51.81
2025-11-16 06:15:26 - 8_0.1_1 - INFO - [Epoch 11/30] 训练耗时: 24.98s | 平均训练准确率: 52.71
2025-11-16 06:15:51 - 8_0.1_1 - INFO - [Epoch 12/30] 训练耗时: 24.63s | 平均训练准确率: 53.30
2025-11-16 06:16:15 - 8_0.1_1 - INFO - [Epoch 13/30] 训练耗时: 24.10s | 平均训练准确率: 54.55
2025-11-16 06:16:40 - 8_0.1_1 - INFO - [Epoch 14/30] 训练耗时: 25.09s | 平均训练准确率: 54.86
2025-11-16 06:17:08 - 8_0.1_1 - INFO - [Epoch 15/30] 训练耗时: 28.13s | 平均训练准确率: 51.42
2025-11-16 06:17:33 - 8_0.1_1 - INFO - [Epoch 16/30] 训练耗时: 25.35s | 平均训练准确率: 54.38
2025-11-16 06:18:00 - 8_0.1_1 - INFO - [Epoch 17/30] 训练耗时: 26.17s | 平均训练准确率: 55.24
2025-11-16 06:18:25 - 8_0.1_1 - INFO - [Epoch 18/30] 训练耗时: 25.19s | 平均训练准确率: 54.62
2025-11-16 06:18:50 - 8_0.1_1 - INFO - [Epoch 19/30] 训练耗时: 25.20s | 平均训练准确率: 54.51
2025-11-16 06:19:15 - 8_0.1_1 - INFO - [Epoch 20/30] 训练耗时: 25.19s | 平均训练准确率: 56.15
2025-11-16 06:19:40 - 8_0.1_1 - INFO - [Epoch 21/30] 训练耗时: 25.19s | 平均训练准确率: 56.74
2025-11-16 06:20:06 - 8_0.1_1 - INFO - [Epoch 22/30] 训练耗时: 25.19s | 平均训练准确率: 55.17
2025-11-16 06:20:31 - 8_0.1_1 - INFO - [Epoch 23/30] 训练耗时: 25.27s | 平均训练准确率: 55.76
2025-11-16 06:20:58 - 8_0.1_1 - INFO - [Epoch 24/30] 训练耗时: 27.45s | 平均训练准确率: 55.66
2025-11-16 06:21:24 - 8_0.1_1 - INFO - [Epoch 25/30] 训练耗时: 25.29s | 平均训练准确率: 55.38
2025-11-16 06:21:49 - 8_0.1_1 - INFO - [Epoch 26/30] 训练耗时: 25.08s | 平均训练准确率: 56.28
2025-11-16 06:22:13 - 8_0.1_1 - INFO - [Epoch 27/30] 训练耗时: 24.12s | 平均训练准确率: 55.69
2025-11-16 06:22:37 - 8_0.1_1 - INFO - [Epoch 28/30] 训练耗时: 24.56s | 平均训练准确率: 54.79
2025-11-16 06:22:37 - 8_0.1_1 - INFO - ------------local test start-------------
2025-11-16 06:22:37 - 8_0.1_1 - INFO - Evaluate on the client0 local set
2025-11-16 06:22:40 - 8_0.1_1 - INFO - => result | total 269 | correct 144 | acc 53.53% | err 46.47% | macro_f1 51.08%
2025-11-16 06:22:40 - 8_0.1_1 - INFO - Evaluate on the client0 neighbor set
2025-11-16 06:22:58 - 8_0.1_1 - INFO - => result | total 2,194 | correct 1,297 | acc 59.12% | err 40.88% | macro_f1 51.39%
2025-11-16 06:22:58 - 8_0.1_1 - INFO - Evaluate on the client1 local set
2025-11-16 06:23:00 - 8_0.1_1 - INFO - => result | total 339 | correct 122 | acc 35.99% | err 64.01% | macro_f1 52.76%
2025-11-16 06:23:00 - 8_0.1_1 - INFO - Evaluate on the client1 neighbor set
2025-11-16 06:23:18 - 8_0.1_1 - INFO - => result | total 2,124 | correct 1,320 | acc 62.15% | err 37.85% | macro_f1 52.53%
2025-11-16 06:23:18 - 8_0.1_1 - INFO - Evaluate on the client2 local set
2025-11-16 06:23:20 - 8_0.1_1 - INFO - => result | total 223 | correct 134 | acc 60.09% | err 39.91% | macro_f1 55.07%
2025-11-16 06:23:20 - 8_0.1_1 - INFO - Evaluate on the client2 neighbor set
2025-11-16 06:23:38 - 8_0.1_1 - INFO - => result | total 2,240 | correct 1,307 | acc 58.35% | err 41.65% | macro_f1 51.60%
2025-11-16 06:23:38 - 8_0.1_1 - INFO - Evaluate on the client3 local set
2025-11-16 06:23:40 - 8_0.1_1 - INFO - => result | total 211 | correct 145 | acc 68.72% | err 31.28% | macro_f1 58.32%
2025-11-16 06:23:40 - 8_0.1_1 - INFO - Evaluate on the client3 neighbor set
2025-11-16 06:23:58 - 8_0.1_1 - INFO - => result | total 2,252 | correct 1,299 | acc 57.68% | err 42.32% | macro_f1 50.79%
2025-11-16 06:23:58 - 8_0.1_1 - INFO - Evaluate on the client4 local set
2025-11-16 06:24:00 - 8_0.1_1 - INFO - => result | total 178 | correct 120 | acc 67.42% | err 32.58% | macro_f1 78.14%
2025-11-16 06:24:00 - 8_0.1_1 - INFO - Evaluate on the client4 neighbor set
2025-11-16 06:24:18 - 8_0.1_1 - INFO - => result | total 2,285 | correct 1,321 | acc 57.81% | err 42.19% | macro_f1 49.78%
2025-11-16 06:24:18 - 8_0.1_1 - INFO - Evaluate on the client5 local set
2025-11-16 06:24:20 - 8_0.1_1 - INFO - => result | total 262 | correct 228 | acc 87.02% | err 12.98% | macro_f1 84.73%
2025-11-16 06:24:20 - 8_0.1_1 - INFO - Evaluate on the client5 neighbor set
2025-11-16 06:24:39 - 8_0.1_1 - INFO - => result | total 2,201 | correct 1,218 | acc 55.34% | err 44.66% | macro_f1 48.75%
2025-11-16 06:24:39 - 8_0.1_1 - INFO - Evaluate on the client6 local set
2025-11-16 06:24:40 - 8_0.1_1 - INFO - => result | total 223 | correct 101 | acc 45.29% | err 54.71% | macro_f1 52.66%
2025-11-16 06:24:40 - 8_0.1_1 - INFO - Evaluate on the client6 neighbor set
2025-11-16 06:24:59 - 8_0.1_1 - INFO - => result | total 2,240 | correct 1,347 | acc 60.13% | err 39.87% | macro_f1 51.97%
2025-11-16 06:24:59 - 8_0.1_1 - INFO - Evaluate on the client7 local set
2025-11-16 06:25:01 - 8_0.1_1 - INFO - => result | total 234 | correct 124 | acc 52.99% | err 47.01% | macro_f1 68.83%
2025-11-16 06:25:01 - 8_0.1_1 - INFO - Evaluate on the client7 neighbor set
2025-11-16 06:25:19 - 8_0.1_1 - INFO - => result | total 2,229 | correct 1,324 | acc 59.40% | err 40.60% | macro_f1 50.96%
2025-11-16 06:25:19 - 8_0.1_1 - INFO - Evaluate on the client8 local set
2025-11-16 06:25:21 - 8_0.1_1 - INFO - => result | total 205 | correct 98 | acc 47.80% | err 52.20% | macro_f1 39.72%
2025-11-16 06:25:21 - 8_0.1_1 - INFO - Evaluate on the client8 neighbor set
2025-11-16 06:25:40 - 8_0.1_1 - INFO - => result | total 2,258 | correct 1,348 | acc 59.70% | err 40.30% | macro_f1 53.54%
2025-11-16 06:25:40 - 8_0.1_1 - INFO - Evaluate on the client9 local set
2025-11-16 06:25:42 - 8_0.1_1 - INFO - => result | total 319 | correct 232 | acc 72.73% | err 27.27% | macro_f1 70.97%
2025-11-16 06:25:42 - 8_0.1_1 - INFO - Evaluate on the client9 neighbor set
2025-11-16 06:26:00 - 8_0.1_1 - INFO - => result | total 2,144 | correct 1,214 | acc 56.62% | err 43.38% | macro_f1 50.24%
2025-11-16 06:26:00 - 8_0.1_1 - INFO - Global test local acc: 59.16
2025-11-16 06:26:00 - 8_0.1_1 - INFO - Global test neighbor acc: 58.63
2025-11-16 06:26:00 - 8_0.1_1 - INFO - ------------local test finish-------------
2025-11-16 06:26:00 - 8_0.1_1 - INFO - [Epoch 28/30] 测试耗时: 202.33s
2025-11-16 06:26:26 - 8_0.1_1 - INFO - [Epoch 29/30] 训练耗时: 25.82s | 平均训练准确率: 55.49
2025-11-16 06:26:26 - 8_0.1_1 - INFO - ------------local test start-------------
2025-11-16 06:26:26 - 8_0.1_1 - INFO - Evaluate on the client0 local set
2025-11-16 06:26:28 - 8_0.1_1 - INFO - => result | total 269 | correct 126 | acc 46.84% | err 53.16% | macro_f1 46.71%
2025-11-16 06:26:28 - 8_0.1_1 - INFO - Evaluate on the client0 neighbor set
2025-11-16 06:26:47 - 8_0.1_1 - INFO - => result | total 2,194 | correct 1,291 | acc 58.84% | err 41.16% | macro_f1 52.70%
2025-11-16 06:26:47 - 8_0.1_1 - INFO - Evaluate on the client1 local set
2025-11-16 06:26:50 - 8_0.1_1 - INFO - => result | total 339 | correct 115 | acc 33.92% | err 66.08% | macro_f1 49.54%
2025-11-16 06:26:50 - 8_0.1_1 - INFO - Evaluate on the client1 neighbor set
2025-11-16 06:27:07 - 8_0.1_1 - INFO - => result | total 2,124 | correct 1,301 | acc 61.25% | err 38.75% | macro_f1 53.12%
2025-11-16 06:27:07 - 8_0.1_1 - INFO - Evaluate on the client2 local set
2025-11-16 06:27:09 - 8_0.1_1 - INFO - => result | total 223 | correct 145 | acc 65.02% | err 34.98% | macro_f1 61.93%
2025-11-16 06:27:09 - 8_0.1_1 - INFO - Evaluate on the client2 neighbor set
2025-11-16 06:27:27 - 8_0.1_1 - INFO - => result | total 2,240 | correct 1,270 | acc 56.70% | err 43.30% | macro_f1 50.94%
2025-11-16 06:27:27 - 8_0.1_1 - INFO - Evaluate on the client3 local set
2025-11-16 06:27:29 - 8_0.1_1 - INFO - => result | total 211 | correct 148 | acc 70.14% | err 29.86% | macro_f1 64.35%
2025-11-16 06:27:29 - 8_0.1_1 - INFO - Evaluate on the client3 neighbor set
2025-11-16 06:27:47 - 8_0.1_1 - INFO - => result | total 2,252 | correct 1,267 | acc 56.26% | err 43.74% | macro_f1 50.61%
2025-11-16 06:27:47 - 8_0.1_1 - INFO - Evaluate on the client4 local set
2025-11-16 06:27:48 - 8_0.1_1 - INFO - => result | total 178 | correct 111 | acc 62.36% | err 37.64% | macro_f1 73.79%
2025-11-16 06:27:48 - 8_0.1_1 - INFO - Evaluate on the client4 neighbor set
2025-11-16 06:28:07 - 8_0.1_1 - INFO - => result | total 2,285 | correct 1,302 | acc 56.98% | err 43.02% | macro_f1 50.27%
2025-11-16 06:28:07 - 8_0.1_1 - INFO - Evaluate on the client5 local set
2025-11-16 06:28:09 - 8_0.1_1 - INFO - => result | total 262 | correct 215 | acc 82.06% | err 17.94% | macro_f1 80.93%
2025-11-16 06:28:09 - 8_0.1_1 - INFO - Evaluate on the client5 neighbor set
2025-11-16 06:28:27 - 8_0.1_1 - INFO - => result | total 2,201 | correct 1,197 | acc 54.38% | err 45.62% | macro_f1 48.76%
2025-11-16 06:28:27 - 8_0.1_1 - INFO - Evaluate on the client6 local set
2025-11-16 06:28:29 - 8_0.1_1 - INFO - => result | total 223 | correct 97 | acc 43.50% | err 56.50% | macro_f1 50.82%
2025-11-16 06:28:29 - 8_0.1_1 - INFO - Evaluate on the client6 neighbor set
2025-11-16 06:28:47 - 8_0.1_1 - INFO - => result | total 2,240 | correct 1,316 | acc 58.75% | err 41.25% | macro_f1 51.54%
2025-11-16 06:28:47 - 8_0.1_1 - INFO - Evaluate on the client7 local set
2025-11-16 06:28:49 - 8_0.1_1 - INFO - => result | total 234 | correct 128 | acc 54.70% | err 45.30% | macro_f1 69.15%
2025-11-16 06:28:49 - 8_0.1_1 - INFO - Evaluate on the client7 neighbor set
2025-11-16 06:29:07 - 8_0.1_1 - INFO - => result | total 2,229 | correct 1,284 | acc 57.60% | err 42.40% | macro_f1 50.00%
2025-11-16 06:29:07 - 8_0.1_1 - INFO - Evaluate on the client8 local set
2025-11-16 06:29:09 - 8_0.1_1 - INFO - => result | total 205 | correct 107 | acc 52.20% | err 47.80% | macro_f1 46.18%
2025-11-16 06:29:09 - 8_0.1_1 - INFO - Evaluate on the client8 neighbor set
2025-11-16 06:29:27 - 8_0.1_1 - INFO - => result | total 2,258 | correct 1,306 | acc 57.84% | err 42.16% | macro_f1 52.73%
2025-11-16 06:29:27 - 8_0.1_1 - INFO - Evaluate on the client9 local set
2025-11-16 06:29:30 - 8_0.1_1 - INFO - => result | total 319 | correct 217 | acc 68.03% | err 31.97% | macro_f1 66.89%
2025-11-16 06:29:30 - 8_0.1_1 - INFO - Evaluate on the client9 neighbor set
2025-11-16 06:29:47 - 8_0.1_1 - INFO - => result | total 2,144 | correct 1,194 | acc 55.69% | err 44.31% | macro_f1 50.12%
2025-11-16 06:29:47 - 8_0.1_1 - INFO - Global test local acc: 57.88
2025-11-16 06:29:47 - 8_0.1_1 - INFO - Global test neighbor acc: 57.43
2025-11-16 06:29:47 - 8_0.1_1 - INFO - ------------local test finish-------------
2025-11-16 06:29:47 - 8_0.1_1 - INFO - [Epoch 29/30] 测试耗时: 201.66s
2025-11-16 06:30:14 - 8_0.1_1 - INFO - [Epoch 30/30] 训练耗时: 26.34s | 平均训练准确率: 54.17
2025-11-16 06:30:14 - 8_0.1_1 - INFO - ------------local test start-------------
2025-11-16 06:30:14 - 8_0.1_1 - INFO - Evaluate on the client0 local set
2025-11-16 06:30:16 - 8_0.1_1 - INFO - => result | total 269 | correct 137 | acc 50.93% | err 49.07% | macro_f1 49.53%
2025-11-16 06:30:16 - 8_0.1_1 - INFO - Evaluate on the client0 neighbor set
2025-11-16 06:30:34 - 8_0.1_1 - INFO - => result | total 2,194 | correct 1,288 | acc 58.71% | err 41.29% | macro_f1 51.40%
2025-11-16 06:30:34 - 8_0.1_1 - INFO - Evaluate on the client1 local set
2025-11-16 06:30:37 - 8_0.1_1 - INFO - => result | total 339 | correct 135 | acc 39.82% | err 60.18% | macro_f1 55.74%
2025-11-16 06:30:37 - 8_0.1_1 - INFO - Evaluate on the client1 neighbor set
2025-11-16 06:30:55 - 8_0.1_1 - INFO - => result | total 2,124 | correct 1,288 | acc 60.64% | err 39.36% | macro_f1 51.71%
2025-11-16 06:30:55 - 8_0.1_1 - INFO - Evaluate on the client2 local set
2025-11-16 06:30:57 - 8_0.1_1 - INFO - => result | total 223 | correct 129 | acc 57.85% | err 42.15% | macro_f1 54.13%
2025-11-16 06:30:57 - 8_0.1_1 - INFO - Evaluate on the client2 neighbor set
2025-11-16 06:31:15 - 8_0.1_1 - INFO - => result | total 2,240 | correct 1,288 | acc 57.50% | err 42.50% | macro_f1 50.93%
2025-11-16 06:31:15 - 8_0.1_1 - INFO - Evaluate on the client3 local set
2025-11-16 06:31:17 - 8_0.1_1 - INFO - => result | total 211 | correct 150 | acc 71.09% | err 28.91% | macro_f1 63.85%
2025-11-16 06:31:17 - 8_0.1_1 - INFO - Evaluate on the client3 neighbor set
2025-11-16 06:31:35 - 8_0.1_1 - INFO - => result | total 2,252 | correct 1,267 | acc 56.26% | err 43.74% | macro_f1 49.76%
2025-11-16 06:31:35 - 8_0.1_1 - INFO - Evaluate on the client4 local set
2025-11-16 06:31:36 - 8_0.1_1 - INFO - => result | total 178 | correct 105 | acc 58.99% | err 41.01% | macro_f1 68.59%
2025-11-16 06:31:36 - 8_0.1_1 - INFO - Evaluate on the client4 neighbor set
2025-11-16 06:31:55 - 8_0.1_1 - INFO - => result | total 2,285 | correct 1,310 | acc 57.33% | err 42.67% | macro_f1 50.01%
2025-11-16 06:31:55 - 8_0.1_1 - INFO - Evaluate on the client5 local set
2025-11-16 06:31:57 - 8_0.1_1 - INFO - => result | total 262 | correct 209 | acc 79.77% | err 20.23% | macro_f1 78.35%
2025-11-16 06:31:57 - 8_0.1_1 - INFO - Evaluate on the client5 neighbor set
2025-11-16 06:32:15 - 8_0.1_1 - INFO - => result | total 2,201 | correct 1,200 | acc 54.52% | err 45.48% | macro_f1 47.79%
2025-11-16 06:32:15 - 8_0.1_1 - INFO - Evaluate on the client6 local set
2025-11-16 06:32:16 - 8_0.1_1 - INFO - => result | total 223 | correct 93 | acc 41.70% | err 58.30% | macro_f1 48.24%
2025-11-16 06:32:16 - 8_0.1_1 - INFO - Evaluate on the client6 neighbor set
2025-11-16 06:32:34 - 8_0.1_1 - INFO - => result | total 2,240 | correct 1,317 | acc 58.79% | err 41.21% | macro_f1 50.99%
2025-11-16 06:32:34 - 8_0.1_1 - INFO - Evaluate on the client7 local set
2025-11-16 06:32:36 - 8_0.1_1 - INFO - => result | total 234 | correct 121 | acc 51.71% | err 48.29% | macro_f1 65.46%
2025-11-16 06:32:36 - 8_0.1_1 - INFO - Evaluate on the client7 neighbor set
2025-11-16 06:32:54 - 8_0.1_1 - INFO - => result | total 2,229 | correct 1,287 | acc 57.74% | err 42.26% | macro_f1 49.54%
2025-11-16 06:32:54 - 8_0.1_1 - INFO - Evaluate on the client8 local set
2025-11-16 06:32:56 - 8_0.1_1 - INFO - => result | total 205 | correct 115 | acc 56.10% | err 43.90% | macro_f1 47.55%
2025-11-16 06:32:56 - 8_0.1_1 - INFO - Evaluate on the client8 neighbor set
2025-11-16 06:33:14 - 8_0.1_1 - INFO - => result | total 2,258 | correct 1,291 | acc 57.17% | err 42.83% | macro_f1 51.03%
2025-11-16 06:33:14 - 8_0.1_1 - INFO - Evaluate on the client9 local set
2025-11-16 06:33:17 - 8_0.1_1 - INFO - => result | total 319 | correct 218 | acc 68.34% | err 31.66% | macro_f1 66.68%
2025-11-16 06:33:17 - 8_0.1_1 - INFO - Evaluate on the client9 neighbor set
2025-11-16 06:33:34 - 8_0.1_1 - INFO - => result | total 2,144 | correct 1,182 | acc 55.13% | err 44.87% | macro_f1 48.67%
2025-11-16 06:33:34 - 8_0.1_1 - INFO - Global test local acc: 57.63
2025-11-16 06:33:34 - 8_0.1_1 - INFO - Global test neighbor acc: 57.38
2025-11-16 06:33:34 - 8_0.1_1 - INFO - ------------local test finish-------------
2025-11-16 06:33:34 - 8_0.1_1 - INFO - [Epoch 30/30] 测试耗时: 200.64s
2025-11-16 06:33:34 - 8_0.1_1 - INFO - maximum test local acc: 59.158
2025-11-16 06:33:34 - 8_0.1_1 - INFO - mean of local acc: 58.222
2025-11-16 06:33:34 - 8_0.1_1 - INFO - maximum test neighbor acc: 58.630
2025-11-16 06:33:34 - 8_0.1_1 - INFO - mean of neighbor acc: 57.813
