2025-11-13 09:24:10 - 8_0.05_1 - INFO - 日志文件已创建: logs/oxford_flowers/fedpgp/8_0.05_1_20251113_092410.log
2025-11-13 09:24:10 - 8_0.05_1 - INFO - Loading trainer: DP_FPL
2025-11-13 09:24:10 - 8_0.05_1 - INFO - Loading dataset: OxfordFlowers
2025-11-13 09:24:10 - 8_0.05_1 - INFO - Reading split from /home/liuxin25/dataset/oxford_flowers/split_zhou_OxfordFlowers.json
2025-11-13 09:24:10 - 8_0.05_1 - INFO - Creating a baseline federated dataset
2025-11-13 09:24:10 - 8_0.05_1 - INFO - class_num 102
2025-11-13 09:24:10 - 8_0.05_1 - INFO - user class dict total [90, 54, 31, 35, 55, 72, 92, 42, 95, 84]
2025-11-13 09:24:10 - 8_0.05_1 - INFO - idx: 0, output_dict_len: 451
2025-11-13 09:24:10 - 8_0.05_1 - INFO - user class dict total [74, 0, 1, 80, 27, 20, 77, 50, 66, 45]
2025-11-13 09:24:10 - 8_0.05_1 - INFO - idx: 1, output_dict_len: 562
2025-11-13 09:24:10 - 8_0.05_1 - INFO - user class dict total [44, 82, 14, 32, 52, 70, 28, 51, 10, 21]
2025-11-13 09:24:10 - 8_0.05_1 - INFO - idx: 2, output_dict_len: 373
2025-11-13 09:24:10 - 8_0.05_1 - INFO - user class dict total [33, 75, 5, 48, 87, 98, 23, 69, 62, 7]
2025-11-13 09:24:10 - 8_0.05_1 - INFO - idx: 3, output_dict_len: 350
2025-11-13 09:24:10 - 8_0.05_1 - INFO - user class dict total [17, 18, 60, 34, 11, 58, 86, 13, 41, 30]
2025-11-13 09:24:10 - 8_0.05_1 - INFO - idx: 4, output_dict_len: 302
2025-11-13 09:24:10 - 8_0.05_1 - INFO - user class dict total [24, 71, 56, 76, 37, 6, 53, 79, 97, 39]
2025-11-13 09:24:10 - 8_0.05_1 - INFO - idx: 5, output_dict_len: 433
2025-11-13 09:24:10 - 8_0.05_1 - INFO - user class dict total [47, 65, 36, 91, 3, 63, 59, 9, 96, 64]
2025-11-13 09:24:10 - 8_0.05_1 - INFO - idx: 6, output_dict_len: 367
2025-11-13 09:24:10 - 8_0.05_1 - INFO - user class dict total [94, 88, 99, 61, 19, 25, 4, 16, 8, 46]
2025-11-13 09:24:10 - 8_0.05_1 - INFO - idx: 7, output_dict_len: 387
2025-11-13 09:24:10 - 8_0.05_1 - INFO - user class dict total [26, 2, 93, 85, 29, 22, 100, 67, 68, 38]
2025-11-13 09:24:10 - 8_0.05_1 - INFO - idx: 8, output_dict_len: 341
2025-11-13 09:24:10 - 8_0.05_1 - INFO - user class dict total [83, 15, 12, 81, 43, 73, 78, 40, 101, 57, 89, 49]
2025-11-13 09:24:10 - 8_0.05_1 - INFO - idx: 9, output_dict_len: 527
2025-11-13 09:24:10 - 8_0.05_1 - INFO - Creating a baseline federated dataset
2025-11-13 09:24:10 - 8_0.05_1 - INFO - class_num 102
2025-11-13 09:24:10 - 8_0.05_1 - INFO - user class dict total [90, 54, 31, 35, 55, 72, 92, 42, 95, 84]
2025-11-13 09:24:10 - 8_0.05_1 - INFO - idx: 0, output_dict_len: 269
2025-11-13 09:24:10 - 8_0.05_1 - INFO - user class dict total [74, 0, 1, 80, 27, 20, 77, 50, 66, 45]
2025-11-13 09:24:10 - 8_0.05_1 - INFO - idx: 1, output_dict_len: 339
2025-11-13 09:24:10 - 8_0.05_1 - INFO - user class dict total [44, 82, 14, 32, 52, 70, 28, 51, 10, 21]
2025-11-13 09:24:10 - 8_0.05_1 - INFO - idx: 2, output_dict_len: 223
2025-11-13 09:24:10 - 8_0.05_1 - INFO - user class dict total [33, 75, 5, 48, 87, 98, 23, 69, 62, 7]
2025-11-13 09:24:10 - 8_0.05_1 - INFO - idx: 3, output_dict_len: 211
2025-11-13 09:24:10 - 8_0.05_1 - INFO - user class dict total [17, 18, 60, 34, 11, 58, 86, 13, 41, 30]
2025-11-13 09:24:10 - 8_0.05_1 - INFO - idx: 4, output_dict_len: 178
2025-11-13 09:24:10 - 8_0.05_1 - INFO - user class dict total [24, 71, 56, 76, 37, 6, 53, 79, 97, 39]
2025-11-13 09:24:10 - 8_0.05_1 - INFO - idx: 5, output_dict_len: 262
2025-11-13 09:24:10 - 8_0.05_1 - INFO - user class dict total [47, 65, 36, 91, 3, 63, 59, 9, 96, 64]
2025-11-13 09:24:10 - 8_0.05_1 - INFO - idx: 6, output_dict_len: 223
2025-11-13 09:24:10 - 8_0.05_1 - INFO - user class dict total [94, 88, 99, 61, 19, 25, 4, 16, 8, 46]
2025-11-13 09:24:10 - 8_0.05_1 - INFO - idx: 7, output_dict_len: 234
2025-11-13 09:24:10 - 8_0.05_1 - INFO - user class dict total [26, 2, 93, 85, 29, 22, 100, 67, 68, 38]
2025-11-13 09:24:10 - 8_0.05_1 - INFO - idx: 8, output_dict_len: 205
2025-11-13 09:24:10 - 8_0.05_1 - INFO - user class dict total [83, 15, 12, 81, 43, 73, 78, 40, 101, 57, 89, 49]
2025-11-13 09:24:10 - 8_0.05_1 - INFO - idx: 9, output_dict_len: 319
2025-11-13 09:24:10 - 8_0.05_1 - INFO - Loading CLIP (backbone: ViT-B/16)
2025-11-13 09:24:13 - 8_0.05_1 - INFO - Building custom CLIP
2025-11-13 09:24:13 - 8_0.05_1 - INFO - Turning off gradients in both the image and the text encoder
2025-11-13 09:24:53 - 8_0.05_1 - INFO - [Epoch 1/30] 训练耗时: 39.82s | 平均训练准确率: 1.08
2025-11-13 09:25:31 - 8_0.05_1 - INFO - [Epoch 2/30] 训练耗时: 37.94s | 平均训练准确率: 0.97
2025-11-13 09:26:10 - 8_0.05_1 - INFO - [Epoch 3/30] 训练耗时: 38.76s | 平均训练准确率: 1.70
2025-11-13 09:26:50 - 8_0.05_1 - INFO - [Epoch 4/30] 训练耗时: 39.63s | 平均训练准确率: 2.26
2025-11-13 09:27:28 - 8_0.05_1 - INFO - [Epoch 5/30] 训练耗时: 38.59s | 平均训练准确率: 2.50
2025-11-13 09:28:07 - 8_0.05_1 - INFO - [Epoch 6/30] 训练耗时: 38.76s | 平均训练准确率: 1.98
2025-11-13 09:28:46 - 8_0.05_1 - INFO - [Epoch 7/30] 训练耗时: 38.94s | 平均训练准确率: 1.46
2025-11-13 09:29:24 - 8_0.05_1 - INFO - [Epoch 8/30] 训练耗时: 37.61s | 平均训练准确率: 1.49
2025-11-13 09:30:02 - 8_0.05_1 - INFO - [Epoch 9/30] 训练耗时: 38.70s | 平均训练准确率: 1.04
2025-11-13 09:30:41 - 8_0.05_1 - INFO - [Epoch 10/30] 训练耗时: 38.81s | 平均训练准确率: 3.47
2025-11-13 09:31:19 - 8_0.05_1 - INFO - [Epoch 11/30] 训练耗时: 37.80s | 平均训练准确率: 2.08
2025-11-13 09:31:57 - 8_0.05_1 - INFO - [Epoch 12/30] 训练耗时: 38.62s | 平均训练准确率: 2.19
2025-11-13 09:32:36 - 8_0.05_1 - INFO - [Epoch 13/30] 训练耗时: 38.51s | 平均训练准确率: 2.57
2025-11-13 09:33:14 - 8_0.05_1 - INFO - [Epoch 14/30] 训练耗时: 37.83s | 平均训练准确率: 2.95
2025-11-13 09:33:50 - 8_0.05_1 - INFO - [Epoch 15/30] 训练耗时: 36.23s | 平均训练准确率: 2.64
2025-11-13 09:34:27 - 8_0.05_1 - INFO - [Epoch 16/30] 训练耗时: 36.82s | 平均训练准确率: 2.85
2025-11-13 09:35:03 - 8_0.05_1 - INFO - [Epoch 17/30] 训练耗时: 36.12s | 平均训练准确率: 2.74
2025-11-13 09:35:40 - 8_0.05_1 - INFO - [Epoch 18/30] 训练耗时: 36.96s | 平均训练准确率: 2.95
2025-11-13 09:36:17 - 8_0.05_1 - INFO - [Epoch 19/30] 训练耗时: 36.78s | 平均训练准确率: 2.78
2025-11-13 09:36:54 - 8_0.05_1 - INFO - [Epoch 20/30] 训练耗时: 37.45s | 平均训练准确率: 2.40
2025-11-13 09:37:33 - 8_0.05_1 - INFO - [Epoch 21/30] 训练耗时: 38.46s | 平均训练准确率: 2.12
2025-11-13 09:38:10 - 8_0.05_1 - INFO - [Epoch 22/30] 训练耗时: 37.83s | 平均训练准确率: 2.47
2025-11-13 09:38:48 - 8_0.05_1 - INFO - [Epoch 23/30] 训练耗时: 37.34s | 平均训练准确率: 2.50
2025-11-13 09:39:26 - 8_0.05_1 - INFO - [Epoch 24/30] 训练耗时: 38.47s | 平均训练准确率: 1.60
2025-11-13 09:40:05 - 8_0.05_1 - INFO - [Epoch 25/30] 训练耗时: 38.67s | 平均训练准确率: 2.01
2025-11-13 09:40:44 - 8_0.05_1 - INFO - [Epoch 26/30] 训练耗时: 38.58s | 平均训练准确率: 3.12
2025-11-13 09:41:17 - 8_0.05_1 - INFO - [Epoch 27/30] 训练耗时: 33.04s | 平均训练准确率: 2.99
2025-11-13 09:41:55 - 8_0.05_1 - INFO - [Epoch 28/30] 训练耗时: 38.53s | 平均训练准确率: 2.64
2025-11-13 09:41:55 - 8_0.05_1 - INFO - ------------local test start-------------
2025-11-13 09:41:55 - 8_0.05_1 - INFO - Evaluate on the client0 local set
2025-11-13 09:41:59 - 8_0.05_1 - INFO - => result | total 269 | correct 0 | acc 0.00% | err 100.00% | macro_f1 0.00%
2025-11-13 09:41:59 - 8_0.05_1 - INFO - Evaluate on the client0 neighbor set
2025-11-13 09:42:23 - 8_0.05_1 - INFO - => result | total 2,194 | correct 70 | acc 3.19% | err 96.81% | macro_f1 0.17%
2025-11-13 09:42:23 - 8_0.05_1 - INFO - Evaluate on the client1 local set
2025-11-13 09:42:26 - 8_0.05_1 - INFO - => result | total 339 | correct 0 | acc 0.00% | err 100.00% | macro_f1 0.00%
2025-11-13 09:42:26 - 8_0.05_1 - INFO - Evaluate on the client1 neighbor set
2025-11-13 09:42:49 - 8_0.05_1 - INFO - => result | total 2,124 | correct 69 | acc 3.25% | err 96.75% | macro_f1 0.14%
2025-11-13 09:42:49 - 8_0.05_1 - INFO - Evaluate on the client2 local set
2025-11-13 09:42:52 - 8_0.05_1 - INFO - => result | total 223 | correct 0 | acc 0.00% | err 100.00% | macro_f1 0.00%
2025-11-13 09:42:52 - 8_0.05_1 - INFO - Evaluate on the client2 neighbor set
2025-11-13 09:43:16 - 8_0.05_1 - INFO - => result | total 2,240 | correct 69 | acc 3.08% | err 96.92% | macro_f1 0.13%
2025-11-13 09:43:16 - 8_0.05_1 - INFO - Evaluate on the client3 local set
2025-11-13 09:43:18 - 8_0.05_1 - INFO - => result | total 211 | correct 0 | acc 0.00% | err 100.00% | macro_f1 0.00%
2025-11-13 09:43:18 - 8_0.05_1 - INFO - Evaluate on the client3 neighbor set
2025-11-13 09:43:42 - 8_0.05_1 - INFO - => result | total 2,252 | correct 69 | acc 3.06% | err 96.94% | macro_f1 0.13%
2025-11-13 09:43:42 - 8_0.05_1 - INFO - Evaluate on the client4 local set
2025-11-13 09:43:44 - 8_0.05_1 - INFO - => result | total 178 | correct 0 | acc 0.00% | err 100.00% | macro_f1 0.00%
2025-11-13 09:43:44 - 8_0.05_1 - INFO - Evaluate on the client4 neighbor set
2025-11-13 09:44:09 - 8_0.05_1 - INFO - => result | total 2,285 | correct 69 | acc 3.02% | err 96.98% | macro_f1 0.13%
2025-11-13 09:44:09 - 8_0.05_1 - INFO - Evaluate on the client5 local set
2025-11-13 09:44:12 - 8_0.05_1 - INFO - => result | total 262 | correct 0 | acc 0.00% | err 100.00% | macro_f1 0.00%
2025-11-13 09:44:12 - 8_0.05_1 - INFO - Evaluate on the client5 neighbor set
2025-11-13 09:44:35 - 8_0.05_1 - INFO - => result | total 2,201 | correct 69 | acc 3.13% | err 96.87% | macro_f1 0.14%
2025-11-13 09:44:35 - 8_0.05_1 - INFO - Evaluate on the client6 local set
2025-11-13 09:44:37 - 8_0.05_1 - INFO - => result | total 223 | correct 0 | acc 0.00% | err 100.00% | macro_f1 0.00%
2025-11-13 09:44:37 - 8_0.05_1 - INFO - Evaluate on the client6 neighbor set
2025-11-13 09:45:00 - 8_0.05_1 - INFO - => result | total 2,240 | correct 69 | acc 3.08% | err 96.92% | macro_f1 0.14%
2025-11-13 09:45:00 - 8_0.05_1 - INFO - Evaluate on the client7 local set
2025-11-13 09:45:03 - 8_0.05_1 - INFO - => result | total 234 | correct 0 | acc 0.00% | err 100.00% | macro_f1 0.00%
2025-11-13 09:45:03 - 8_0.05_1 - INFO - Evaluate on the client7 neighbor set
2025-11-13 09:45:26 - 8_0.05_1 - INFO - => result | total 2,229 | correct 69 | acc 3.10% | err 96.90% | macro_f1 0.14%
2025-11-13 09:45:26 - 8_0.05_1 - INFO - Evaluate on the client8 local set
2025-11-13 09:45:28 - 8_0.05_1 - INFO - => result | total 205 | correct 0 | acc 0.00% | err 100.00% | macro_f1 0.00%
2025-11-13 09:45:28 - 8_0.05_1 - INFO - Evaluate on the client8 neighbor set
2025-11-13 09:45:53 - 8_0.05_1 - INFO - => result | total 2,258 | correct 69 | acc 3.06% | err 96.94% | macro_f1 0.14%
2025-11-13 09:45:53 - 8_0.05_1 - INFO - Evaluate on the client9 local set
2025-11-13 09:45:56 - 8_0.05_1 - INFO - => result | total 319 | correct 68 | acc 21.32% | err 78.68% | macro_f1 6.75%
2025-11-13 09:45:56 - 8_0.05_1 - INFO - Evaluate on the client9 neighbor set
2025-11-13 09:46:18 - 8_0.05_1 - INFO - => result | total 2,144 | correct 0 | acc 0.00% | err 100.00% | macro_f1 0.00%
2025-11-13 09:46:18 - 8_0.05_1 - INFO - Global test local acc: 2.13
2025-11-13 09:46:18 - 8_0.05_1 - INFO - Global test neighbor acc: 2.80
2025-11-13 09:46:18 - 8_0.05_1 - INFO - ------------local test finish-------------
2025-11-13 09:46:18 - 8_0.05_1 - INFO - [Epoch 28/30] 测试耗时: 263.06s
2025-11-13 09:46:54 - 8_0.05_1 - INFO - [Epoch 29/30] 训练耗时: 35.50s | 平均训练准确率: 2.71
2025-11-13 09:46:54 - 8_0.05_1 - INFO - ------------local test start-------------
2025-11-13 09:46:54 - 8_0.05_1 - INFO - Evaluate on the client0 local set
2025-11-13 09:46:56 - 8_0.05_1 - INFO - => result | total 269 | correct 0 | acc 0.00% | err 100.00% | macro_f1 0.00%
2025-11-13 09:46:56 - 8_0.05_1 - INFO - Evaluate on the client0 neighbor set
2025-11-13 09:47:20 - 8_0.05_1 - INFO - => result | total 2,194 | correct 51 | acc 2.32% | err 97.68% | macro_f1 0.26%
2025-11-13 09:47:20 - 8_0.05_1 - INFO - Evaluate on the client1 local set
2025-11-13 09:47:24 - 8_0.05_1 - INFO - => result | total 339 | correct 0 | acc 0.00% | err 100.00% | macro_f1 0.00%
2025-11-13 09:47:24 - 8_0.05_1 - INFO - Evaluate on the client1 neighbor set
2025-11-13 09:47:47 - 8_0.05_1 - INFO - => result | total 2,124 | correct 50 | acc 2.35% | err 97.65% | macro_f1 0.26%
2025-11-13 09:47:47 - 8_0.05_1 - INFO - Evaluate on the client2 local set
2025-11-13 09:47:50 - 8_0.05_1 - INFO - => result | total 223 | correct 0 | acc 0.00% | err 100.00% | macro_f1 0.00%
2025-11-13 09:47:50 - 8_0.05_1 - INFO - Evaluate on the client2 neighbor set
2025-11-13 09:48:13 - 8_0.05_1 - INFO - => result | total 2,240 | correct 45 | acc 2.01% | err 97.99% | macro_f1 0.24%
2025-11-13 09:48:13 - 8_0.05_1 - INFO - Evaluate on the client3 local set
2025-11-13 09:48:15 - 8_0.05_1 - INFO - => result | total 211 | correct 0 | acc 0.00% | err 100.00% | macro_f1 0.00%
2025-11-13 09:48:15 - 8_0.05_1 - INFO - Evaluate on the client3 neighbor set
2025-11-13 09:48:38 - 8_0.05_1 - INFO - => result | total 2,252 | correct 42 | acc 1.87% | err 98.13% | macro_f1 0.26%
2025-11-13 09:48:38 - 8_0.05_1 - INFO - Evaluate on the client4 local set
2025-11-13 09:48:40 - 8_0.05_1 - INFO - => result | total 178 | correct 0 | acc 0.00% | err 100.00% | macro_f1 0.00%
2025-11-13 09:48:40 - 8_0.05_1 - INFO - Evaluate on the client4 neighbor set
2025-11-13 09:49:06 - 8_0.05_1 - INFO - => result | total 2,285 | correct 33 | acc 1.44% | err 98.56% | macro_f1 0.21%
2025-11-13 09:49:06 - 8_0.05_1 - INFO - Evaluate on the client5 local set
2025-11-13 09:49:09 - 8_0.05_1 - INFO - => result | total 262 | correct 0 | acc 0.00% | err 100.00% | macro_f1 0.00%
2025-11-13 09:49:09 - 8_0.05_1 - INFO - Evaluate on the client5 neighbor set
2025-11-13 09:49:33 - 8_0.05_1 - INFO - => result | total 2,201 | correct 29 | acc 1.32% | err 98.68% | macro_f1 0.21%
2025-11-13 09:49:33 - 8_0.05_1 - INFO - Evaluate on the client6 local set
2025-11-13 09:49:35 - 8_0.05_1 - INFO - => result | total 223 | correct 0 | acc 0.00% | err 100.00% | macro_f1 0.00%
2025-11-13 09:49:35 - 8_0.05_1 - INFO - Evaluate on the client6 neighbor set
2025-11-13 09:49:59 - 8_0.05_1 - INFO - => result | total 2,240 | correct 25 | acc 1.12% | err 98.88% | macro_f1 0.17%
2025-11-13 09:49:59 - 8_0.05_1 - INFO - Evaluate on the client7 local set
2025-11-13 09:50:01 - 8_0.05_1 - INFO - => result | total 234 | correct 0 | acc 0.00% | err 100.00% | macro_f1 0.00%
2025-11-13 09:50:01 - 8_0.05_1 - INFO - Evaluate on the client7 neighbor set
2025-11-13 09:50:27 - 8_0.05_1 - INFO - => result | total 2,229 | correct 25 | acc 1.12% | err 98.88% | macro_f1 0.18%
2025-11-13 09:50:27 - 8_0.05_1 - INFO - Evaluate on the client8 local set
2025-11-13 09:50:29 - 8_0.05_1 - INFO - => result | total 205 | correct 0 | acc 0.00% | err 100.00% | macro_f1 0.00%
2025-11-13 09:50:29 - 8_0.05_1 - INFO - Evaluate on the client8 neighbor set
2025-11-13 09:50:53 - 8_0.05_1 - INFO - => result | total 2,258 | correct 24 | acc 1.06% | err 98.94% | macro_f1 0.17%
2025-11-13 09:50:53 - 8_0.05_1 - INFO - Evaluate on the client9 local set
2025-11-13 09:50:56 - 8_0.05_1 - INFO - => result | total 319 | correct 21 | acc 6.58% | err 93.42% | macro_f1 3.29%
2025-11-13 09:50:56 - 8_0.05_1 - INFO - Evaluate on the client9 neighbor set
2025-11-13 09:51:19 - 8_0.05_1 - INFO - => result | total 2,144 | correct 0 | acc 0.00% | err 100.00% | macro_f1 0.00%
2025-11-13 09:51:19 - 8_0.05_1 - INFO - Global test local acc: 0.66
2025-11-13 09:51:19 - 8_0.05_1 - INFO - Global test neighbor acc: 1.46
2025-11-13 09:51:19 - 8_0.05_1 - INFO - ------------local test finish-------------
2025-11-13 09:51:19 - 8_0.05_1 - INFO - [Epoch 29/30] 测试耗时: 265.40s
2025-11-13 09:51:55 - 8_0.05_1 - INFO - [Epoch 30/30] 训练耗时: 36.04s | 平均训练准确率: 1.46
2025-11-13 09:51:55 - 8_0.05_1 - INFO - ------------local test start-------------
2025-11-13 09:51:55 - 8_0.05_1 - INFO - Evaluate on the client0 local set
2025-11-13 09:51:58 - 8_0.05_1 - INFO - => result | total 269 | correct 0 | acc 0.00% | err 100.00% | macro_f1 0.00%
2025-11-13 09:51:58 - 8_0.05_1 - INFO - Evaluate on the client0 neighbor set
2025-11-13 09:52:20 - 8_0.05_1 - INFO - => result | total 2,194 | correct 28 | acc 1.28% | err 98.72% | macro_f1 0.03%
2025-11-13 09:52:20 - 8_0.05_1 - INFO - Evaluate on the client1 local set
2025-11-13 09:52:24 - 8_0.05_1 - INFO - => result | total 339 | correct 0 | acc 0.00% | err 100.00% | macro_f1 0.00%
2025-11-13 09:52:24 - 8_0.05_1 - INFO - Evaluate on the client1 neighbor set
2025-11-13 09:52:46 - 8_0.05_1 - INFO - => result | total 2,124 | correct 28 | acc 1.32% | err 98.68% | macro_f1 0.03%
2025-11-13 09:52:46 - 8_0.05_1 - INFO - Evaluate on the client2 local set
2025-11-13 09:52:48 - 8_0.05_1 - INFO - => result | total 223 | correct 0 | acc 0.00% | err 100.00% | macro_f1 0.00%
2025-11-13 09:52:48 - 8_0.05_1 - INFO - Evaluate on the client2 neighbor set
2025-11-13 09:53:11 - 8_0.05_1 - INFO - => result | total 2,240 | correct 28 | acc 1.25% | err 98.75% | macro_f1 0.03%
2025-11-13 09:53:11 - 8_0.05_1 - INFO - Evaluate on the client3 local set
2025-11-13 09:53:13 - 8_0.05_1 - INFO - => result | total 211 | correct 0 | acc 0.00% | err 100.00% | macro_f1 0.00%
2025-11-13 09:53:13 - 8_0.05_1 - INFO - Evaluate on the client3 neighbor set
2025-11-13 09:53:39 - 8_0.05_1 - INFO - => result | total 2,252 | correct 28 | acc 1.24% | err 98.76% | macro_f1 0.03%
2025-11-13 09:53:39 - 8_0.05_1 - INFO - Evaluate on the client4 local set
2025-11-13 09:53:41 - 8_0.05_1 - INFO - => result | total 178 | correct 0 | acc 0.00% | err 100.00% | macro_f1 0.00%
2025-11-13 09:53:41 - 8_0.05_1 - INFO - Evaluate on the client4 neighbor set
2025-11-13 09:54:06 - 8_0.05_1 - INFO - => result | total 2,285 | correct 28 | acc 1.23% | err 98.77% | macro_f1 0.03%
2025-11-13 09:54:06 - 8_0.05_1 - INFO - Evaluate on the client5 local set
2025-11-13 09:54:08 - 8_0.05_1 - INFO - => result | total 262 | correct 0 | acc 0.00% | err 100.00% | macro_f1 0.00%
2025-11-13 09:54:08 - 8_0.05_1 - INFO - Evaluate on the client5 neighbor set
2025-11-13 09:54:32 - 8_0.05_1 - INFO - => result | total 2,201 | correct 28 | acc 1.27% | err 98.73% | macro_f1 0.03%
2025-11-13 09:54:32 - 8_0.05_1 - INFO - Evaluate on the client6 local set
2025-11-13 09:54:35 - 8_0.05_1 - INFO - => result | total 223 | correct 0 | acc 0.00% | err 100.00% | macro_f1 0.00%
2025-11-13 09:54:35 - 8_0.05_1 - INFO - Evaluate on the client6 neighbor set
2025-11-13 09:54:59 - 8_0.05_1 - INFO - => result | total 2,240 | correct 28 | acc 1.25% | err 98.75% | macro_f1 0.03%
2025-11-13 09:54:59 - 8_0.05_1 - INFO - Evaluate on the client7 local set
2025-11-13 09:55:01 - 8_0.05_1 - INFO - => result | total 234 | correct 0 | acc 0.00% | err 100.00% | macro_f1 0.00%
2025-11-13 09:55:01 - 8_0.05_1 - INFO - Evaluate on the client7 neighbor set
2025-11-13 09:55:24 - 8_0.05_1 - INFO - => result | total 2,229 | correct 28 | acc 1.26% | err 98.74% | macro_f1 0.03%
2025-11-13 09:55:24 - 8_0.05_1 - INFO - Evaluate on the client8 local set
2025-11-13 09:55:26 - 8_0.05_1 - INFO - => result | total 205 | correct 0 | acc 0.00% | err 100.00% | macro_f1 0.00%
2025-11-13 09:55:26 - 8_0.05_1 - INFO - Evaluate on the client8 neighbor set
2025-11-13 09:55:52 - 8_0.05_1 - INFO - => result | total 2,258 | correct 28 | acc 1.24% | err 98.76% | macro_f1 0.03%
2025-11-13 09:55:52 - 8_0.05_1 - INFO - Evaluate on the client9 local set
2025-11-13 09:55:56 - 8_0.05_1 - INFO - => result | total 319 | correct 28 | acc 8.78% | err 91.22% | macro_f1 1.35%
2025-11-13 09:55:56 - 8_0.05_1 - INFO - Evaluate on the client9 neighbor set
2025-11-13 09:56:20 - 8_0.05_1 - INFO - => result | total 2,144 | correct 0 | acc 0.00% | err 100.00% | macro_f1 0.00%
2025-11-13 09:56:20 - 8_0.05_1 - INFO - Global test local acc: 0.88
2025-11-13 09:56:20 - 8_0.05_1 - INFO - Global test neighbor acc: 1.13
2025-11-13 09:56:20 - 8_0.05_1 - INFO - ------------local test finish-------------
2025-11-13 09:56:20 - 8_0.05_1 - INFO - [Epoch 30/30] 测试耗时: 265.38s
2025-11-13 09:56:20 - 8_0.05_1 - INFO - maximum test local acc: 2.132
2025-11-13 09:56:20 - 8_0.05_1 - INFO - mean of local acc: 1.223
2025-11-13 09:56:20 - 8_0.05_1 - INFO - maximum test neighbor acc: 2.797
2025-11-13 09:56:20 - 8_0.05_1 - INFO - mean of neighbor acc: 1.797
