2025-11-21 22:28:40 | INFO | caltech-101_sepfpl_time_adaptive_16_0.01_10_[30/60] | Loading trainer: DP_FPL
2025-11-21 22:28:40 | INFO | caltech-101_sepfpl_time_adaptive_16_0.01_10_[30/60] | Loading dataset: Caltech101
2025-11-21 22:28:40 | INFO | caltech-101_sepfpl_time_adaptive_16_0.01_10_[30/60] | Reading split from %s
2025-11-21 22:28:40 | INFO | caltech-101_sepfpl_time_adaptive_16_0.01_10_[30/60] | Creating a baseline federated dataset
2025-11-21 22:28:40 | INFO | caltech-101_sepfpl_time_adaptive_16_0.01_10_[30/60] | class_num %d
2025-11-21 22:28:40 | INFO | caltech-101_sepfpl_time_adaptive_16_0.01_10_[30/60] | user class dict total %s
2025-11-21 22:28:40 | INFO | caltech-101_sepfpl_time_adaptive_16_0.01_10_[30/60] | idx: %s, output_dict_len: %d
2025-11-21 22:28:40 | INFO | caltech-101_sepfpl_time_adaptive_16_0.01_10_[30/60] | user class dict total %s
2025-11-21 22:28:40 | INFO | caltech-101_sepfpl_time_adaptive_16_0.01_10_[30/60] | idx: %s, output_dict_len: %d
2025-11-21 22:28:40 | INFO | caltech-101_sepfpl_time_adaptive_16_0.01_10_[30/60] | user class dict total %s
2025-11-21 22:28:40 | INFO | caltech-101_sepfpl_time_adaptive_16_0.01_10_[30/60] | idx: %s, output_dict_len: %d
2025-11-21 22:28:40 | INFO | caltech-101_sepfpl_time_adaptive_16_0.01_10_[30/60] | user class dict total %s
2025-11-21 22:28:40 | INFO | caltech-101_sepfpl_time_adaptive_16_0.01_10_[30/60] | idx: %s, output_dict_len: %d
2025-11-21 22:28:40 | INFO | caltech-101_sepfpl_time_adaptive_16_0.01_10_[30/60] | user class dict total %s
2025-11-21 22:28:40 | INFO | caltech-101_sepfpl_time_adaptive_16_0.01_10_[30/60] | idx: %s, output_dict_len: %d
2025-11-21 22:28:40 | INFO | caltech-101_sepfpl_time_adaptive_16_0.01_10_[30/60] | user class dict total %s
2025-11-21 22:28:40 | INFO | caltech-101_sepfpl_time_adaptive_16_0.01_10_[30/60] | idx: %s, output_dict_len: %d
2025-11-21 22:28:40 | INFO | caltech-101_sepfpl_time_adaptive_16_0.01_10_[30/60] | user class dict total %s
2025-11-21 22:28:40 | INFO | caltech-101_sepfpl_time_adaptive_16_0.01_10_[30/60] | idx: %s, output_dict_len: %d
2025-11-21 22:28:40 | INFO | caltech-101_sepfpl_time_adaptive_16_0.01_10_[30/60] | user class dict total %s
2025-11-21 22:28:40 | INFO | caltech-101_sepfpl_time_adaptive_16_0.01_10_[30/60] | idx: %s, output_dict_len: %d
2025-11-21 22:28:40 | INFO | caltech-101_sepfpl_time_adaptive_16_0.01_10_[30/60] | user class dict total %s
2025-11-21 22:28:40 | INFO | caltech-101_sepfpl_time_adaptive_16_0.01_10_[30/60] | idx: %s, output_dict_len: %d
2025-11-21 22:28:40 | INFO | caltech-101_sepfpl_time_adaptive_16_0.01_10_[30/60] | user class dict total %s
2025-11-21 22:28:40 | INFO | caltech-101_sepfpl_time_adaptive_16_0.01_10_[30/60] | idx: %s, output_dict_len: %d
2025-11-21 22:28:40 | INFO | caltech-101_sepfpl_time_adaptive_16_0.01_10_[30/60] | Creating a baseline federated dataset
2025-11-21 22:28:40 | INFO | caltech-101_sepfpl_time_adaptive_16_0.01_10_[30/60] | class_num %d
2025-11-21 22:28:40 | INFO | caltech-101_sepfpl_time_adaptive_16_0.01_10_[30/60] | user class dict total %s
2025-11-21 22:28:40 | INFO | caltech-101_sepfpl_time_adaptive_16_0.01_10_[30/60] | idx: %s, output_dict_len: %d
2025-11-21 22:28:40 | INFO | caltech-101_sepfpl_time_adaptive_16_0.01_10_[30/60] | user class dict total %s
2025-11-21 22:28:40 | INFO | caltech-101_sepfpl_time_adaptive_16_0.01_10_[30/60] | idx: %s, output_dict_len: %d
2025-11-21 22:28:40 | INFO | caltech-101_sepfpl_time_adaptive_16_0.01_10_[30/60] | user class dict total %s
2025-11-21 22:28:40 | INFO | caltech-101_sepfpl_time_adaptive_16_0.01_10_[30/60] | idx: %s, output_dict_len: %d
2025-11-21 22:28:40 | INFO | caltech-101_sepfpl_time_adaptive_16_0.01_10_[30/60] | user class dict total %s
2025-11-21 22:28:40 | INFO | caltech-101_sepfpl_time_adaptive_16_0.01_10_[30/60] | idx: %s, output_dict_len: %d
2025-11-21 22:28:40 | INFO | caltech-101_sepfpl_time_adaptive_16_0.01_10_[30/60] | user class dict total %s
2025-11-21 22:28:40 | INFO | caltech-101_sepfpl_time_adaptive_16_0.01_10_[30/60] | idx: %s, output_dict_len: %d
2025-11-21 22:28:40 | INFO | caltech-101_sepfpl_time_adaptive_16_0.01_10_[30/60] | user class dict total %s
2025-11-21 22:28:40 | INFO | caltech-101_sepfpl_time_adaptive_16_0.01_10_[30/60] | idx: %s, output_dict_len: %d
2025-11-21 22:28:40 | INFO | caltech-101_sepfpl_time_adaptive_16_0.01_10_[30/60] | user class dict total %s
2025-11-21 22:28:40 | INFO | caltech-101_sepfpl_time_adaptive_16_0.01_10_[30/60] | idx: %s, output_dict_len: %d
2025-11-21 22:28:40 | INFO | caltech-101_sepfpl_time_adaptive_16_0.01_10_[30/60] | user class dict total %s
2025-11-21 22:28:40 | INFO | caltech-101_sepfpl_time_adaptive_16_0.01_10_[30/60] | idx: %s, output_dict_len: %d
2025-11-21 22:28:40 | INFO | caltech-101_sepfpl_time_adaptive_16_0.01_10_[30/60] | user class dict total %s
2025-11-21 22:28:40 | INFO | caltech-101_sepfpl_time_adaptive_16_0.01_10_[30/60] | idx: %s, output_dict_len: %d
2025-11-21 22:28:40 | INFO | caltech-101_sepfpl_time_adaptive_16_0.01_10_[30/60] | user class dict total %s
2025-11-21 22:28:40 | INFO | caltech-101_sepfpl_time_adaptive_16_0.01_10_[30/60] | idx: %s, output_dict_len: %d
2025-11-21 22:28:40 | INFO | caltech-101_sepfpl_time_adaptive_16_0.01_10_[30/60] | Loading CLIP (backbone: ViT-B/16)
2025-11-21 22:28:42 | INFO | caltech-101_sepfpl_time_adaptive_16_0.01_10_[30/60] | Building custom CLIP
2025-11-21 22:28:42 | INFO | caltech-101_sepfpl_time_adaptive_16_0.01_10_[30/60] | Turning off gradients in both the image and the text encoder
2025-11-21 22:28:42 | INFO | caltech-101_sepfpl_time_adaptive_16_0.01_10_[30/60] | [wandb] 正在初始化实验：project=SepFPL, name=caltech-101-sepfpl_time_adaptive-rank16-noise0.01-seed1-users10-30/60, mode=offline
2025-11-21 22:28:45 | INFO | caltech-101_sepfpl_time_adaptive_16_0.01_10_[30/60] | [RDP-sepfpl] 轮次 1: ε=0.000019, std=72.498511
2025-11-21 22:29:05 | INFO | caltech-101_sepfpl_time_adaptive_16_0.01_10_[30/60] | [Epoch 1/30] 训练耗时: 20.38s | 平均训练准确率: 54.55
2025-11-21 22:29:05 | INFO | caltech-101_sepfpl_time_adaptive_16_0.01_10_[30/60] | [RDP-sepfpl] 轮次 2: ε=0.000038, std=50.383500
2025-11-21 22:29:24 | INFO | caltech-101_sepfpl_time_adaptive_16_0.01_10_[30/60] | [Epoch 2/30] 训练耗时: 19.17s | 平均训练准确率: 52.46
2025-11-21 22:29:24 | INFO | caltech-101_sepfpl_time_adaptive_16_0.01_10_[30/60] | [RDP-sepfpl] 轮次 3: ε=0.000059, std=40.723062
2025-11-21 22:29:44 | INFO | caltech-101_sepfpl_time_adaptive_16_0.01_10_[30/60] | [Epoch 3/30] 训练耗时: 20.00s | 平均训练准确率: 53.57
2025-11-21 22:29:44 | INFO | caltech-101_sepfpl_time_adaptive_16_0.01_10_[30/60] | [RDP-sepfpl] 轮次 4: ε=0.000080, std=35.014473
2025-11-21 22:30:04 | INFO | caltech-101_sepfpl_time_adaptive_16_0.01_10_[30/60] | [Epoch 4/30] 训练耗时: 19.54s | 平均训练准确率: 53.57
2025-11-21 22:30:04 | INFO | caltech-101_sepfpl_time_adaptive_16_0.01_10_[30/60] | [RDP-sepfpl] 轮次 5: ε=0.000101, std=31.143673
2025-11-21 22:30:24 | INFO | caltech-101_sepfpl_time_adaptive_16_0.01_10_[30/60] | [Epoch 5/30] 训练耗时: 19.72s | 平均训练准确率: 53.35
2025-11-21 22:30:24 | INFO | caltech-101_sepfpl_time_adaptive_16_0.01_10_[30/60] | [RDP-sepfpl] 轮次 6: ε=0.000122, std=28.300863
2025-11-21 22:30:44 | INFO | caltech-101_sepfpl_time_adaptive_16_0.01_10_[30/60] | [Epoch 6/30] 训练耗时: 20.15s | 平均训练准确率: 54.82
2025-11-21 22:30:44 | INFO | caltech-101_sepfpl_time_adaptive_16_0.01_10_[30/60] | [RDP-sepfpl] 轮次 7: ε=0.000143, std=26.100728
2025-11-21 22:31:04 | INFO | caltech-101_sepfpl_time_adaptive_16_0.01_10_[30/60] | [Epoch 7/30] 训练耗时: 20.17s | 平均训练准确率: 54.29
2025-11-21 22:31:04 | INFO | caltech-101_sepfpl_time_adaptive_16_0.01_10_[30/60] | [RDP-sepfpl] 轮次 8: ε=0.000165, std=24.333627
2025-11-21 22:31:25 | INFO | caltech-101_sepfpl_time_adaptive_16_0.01_10_[30/60] | [Epoch 8/30] 训练耗时: 20.69s | 平均训练准确率: 53.97
2025-11-21 22:31:25 | INFO | caltech-101_sepfpl_time_adaptive_16_0.01_10_[30/60] | [RDP-sepfpl] 轮次 9: ε=0.000187, std=22.874508
2025-11-21 22:31:48 | INFO | caltech-101_sepfpl_time_adaptive_16_0.01_10_[30/60] | [Epoch 9/30] 训练耗时: 23.19s | 平均训练准确率: 53.44
2025-11-21 22:31:48 | INFO | caltech-101_sepfpl_time_adaptive_16_0.01_10_[30/60] | [RDP-sepfpl] 轮次 10: ε=0.000208, std=21.643579
2025-11-21 22:32:08 | INFO | caltech-101_sepfpl_time_adaptive_16_0.01_10_[30/60] | [Epoch 10/30] 训练耗时: 20.11s | 平均训练准确率: 53.48
2025-11-21 22:32:08 | INFO | caltech-101_sepfpl_time_adaptive_16_0.01_10_[30/60] | [RDP-sepfpl] 轮次 11: ε=0.000230, std=20.587230
2025-11-21 22:32:28 | INFO | caltech-101_sepfpl_time_adaptive_16_0.01_10_[30/60] | [Epoch 11/30] 训练耗时: 20.33s | 平均训练准确率: 53.57
2025-11-21 22:32:28 | INFO | caltech-101_sepfpl_time_adaptive_16_0.01_10_[30/60] | [RDP-sepfpl] 轮次 12: ε=0.000252, std=19.667943
2025-11-21 22:32:48 | INFO | caltech-101_sepfpl_time_adaptive_16_0.01_10_[30/60] | [Epoch 12/30] 训练耗时: 19.96s | 平均训练准确率: 54.87
2025-11-21 22:32:48 | INFO | caltech-101_sepfpl_time_adaptive_16_0.01_10_[30/60] | [RDP-sepfpl] 轮次 13: ε=0.000275, std=18.858573
2025-11-21 22:33:08 | INFO | caltech-101_sepfpl_time_adaptive_16_0.01_10_[30/60] | [Epoch 13/30] 训练耗时: 19.44s | 平均训练准确率: 54.20
2025-11-21 22:33:08 | INFO | caltech-101_sepfpl_time_adaptive_16_0.01_10_[30/60] | [RDP-sepfpl] 轮次 14: ε=0.000297, std=18.138938
2025-11-21 22:33:31 | INFO | caltech-101_sepfpl_time_adaptive_16_0.01_10_[30/60] | [Epoch 14/30] 训练耗时: 23.27s | 平均训练准确率: 53.88
2025-11-21 22:33:31 | INFO | caltech-101_sepfpl_time_adaptive_16_0.01_10_[30/60] | [RDP-sepfpl] 轮次 15: ε=0.000319, std=17.493680
2025-11-21 22:33:56 | INFO | caltech-101_sepfpl_time_adaptive_16_0.01_10_[30/60] | [Epoch 15/30] 训练耗时: 25.08s | 平均训练准确率: 53.71
2025-11-21 22:33:56 | INFO | caltech-101_sepfpl_time_adaptive_16_0.01_10_[30/60] | [RDP-sepfpl] 轮次 16: ε=0.000341, std=16.910876
2025-11-21 22:34:20 | INFO | caltech-101_sepfpl_time_adaptive_16_0.01_10_[30/60] | [Epoch 16/30] 训练耗时: 23.67s | 平均训练准确率: 53.48
2025-11-21 22:34:20 | INFO | caltech-101_sepfpl_time_adaptive_16_0.01_10_[30/60] | [RDP-sepfpl] 轮次 17: ε=0.000364, std=16.381113
2025-11-21 22:34:45 | INFO | caltech-101_sepfpl_time_adaptive_16_0.01_10_[30/60] | [Epoch 17/30] 训练耗时: 25.24s | 平均训练准确率: 53.97
2025-11-21 22:34:45 | INFO | caltech-101_sepfpl_time_adaptive_16_0.01_10_[30/60] | [RDP-sepfpl] 轮次 18: ε=0.000386, std=15.896848
2025-11-21 22:35:08 | INFO | caltech-101_sepfpl_time_adaptive_16_0.01_10_[30/60] | [Epoch 18/30] 训练耗时: 23.10s | 平均训练准确率: 52.54
2025-11-21 22:35:08 | INFO | caltech-101_sepfpl_time_adaptive_16_0.01_10_[30/60] | [RDP-sepfpl] 轮次 19: ε=0.000409, std=15.451955
2025-11-21 22:35:33 | INFO | caltech-101_sepfpl_time_adaptive_16_0.01_10_[30/60] | [Epoch 19/30] 训练耗时: 25.32s | 平均训练准确率: 52.54
2025-11-21 22:35:33 | INFO | caltech-101_sepfpl_time_adaptive_16_0.01_10_[30/60] | [RDP-sepfpl] 轮次 20: ε=0.000432, std=15.041403
2025-11-21 22:35:58 | INFO | caltech-101_sepfpl_time_adaptive_16_0.01_10_[30/60] | [Epoch 20/30] 训练耗时: 24.40s | 平均训练准确率: 53.71
2025-11-21 22:35:58 | INFO | caltech-101_sepfpl_time_adaptive_16_0.01_10_[30/60] | [RDP-sepfpl] 轮次 21: ε=0.000454, std=14.661012
2025-11-21 22:36:21 | INFO | caltech-101_sepfpl_time_adaptive_16_0.01_10_[30/60] | [Epoch 21/30] 训练耗时: 23.16s | 平均训练准确率: 55.04
2025-11-21 22:36:21 | INFO | caltech-101_sepfpl_time_adaptive_16_0.01_10_[30/60] | [RDP-sepfpl] 轮次 22: ε=0.000477, std=14.307283
2025-11-21 22:36:41 | INFO | caltech-101_sepfpl_time_adaptive_16_0.01_10_[30/60] | [Epoch 22/30] 训练耗时: 19.93s | 平均训练准确率: 53.75
2025-11-21 22:36:41 | INFO | caltech-101_sepfpl_time_adaptive_16_0.01_10_[30/60] | [RDP-sepfpl] 轮次 23: ε=0.000500, std=13.977258
2025-11-21 22:37:05 | INFO | caltech-101_sepfpl_time_adaptive_16_0.01_10_[30/60] | [Epoch 23/30] 训练耗时: 23.87s | 平均训练准确率: 53.17
2025-11-21 22:37:05 | INFO | caltech-101_sepfpl_time_adaptive_16_0.01_10_[30/60] | [RDP-sepfpl] 轮次 24: ε=0.000523, std=13.668416
2025-11-21 22:37:29 | INFO | caltech-101_sepfpl_time_adaptive_16_0.01_10_[30/60] | [Epoch 24/30] 训练耗时: 23.84s | 平均训练准确率: 53.62
2025-11-21 22:37:29 | INFO | caltech-101_sepfpl_time_adaptive_16_0.01_10_[30/60] | [RDP-sepfpl] 轮次 25: ε=0.000546, std=13.378597
2025-11-21 22:37:53 | INFO | caltech-101_sepfpl_time_adaptive_16_0.01_10_[30/60] | [Epoch 25/30] 训练耗时: 24.17s | 平均训练准确率: 52.95
2025-11-21 22:37:53 | INFO | caltech-101_sepfpl_time_adaptive_16_0.01_10_[30/60] | [RDP-sepfpl] 轮次 26: ε=0.000569, std=13.105937
2025-11-21 22:38:17 | INFO | caltech-101_sepfpl_time_adaptive_16_0.01_10_[30/60] | [Epoch 26/30] 训练耗时: 23.71s | 平均训练准确率: 53.75
2025-11-21 22:38:17 | INFO | caltech-101_sepfpl_time_adaptive_16_0.01_10_[30/60] | [RDP-sepfpl] 轮次 27: ε=0.000592, std=12.848816
2025-11-21 22:38:41 | INFO | caltech-101_sepfpl_time_adaptive_16_0.01_10_[30/60] | [Epoch 27/30] 训练耗时: 24.10s | 平均训练准确率: 54.20
2025-11-21 22:38:41 | INFO | caltech-101_sepfpl_time_adaptive_16_0.01_10_[30/60] | [RDP-sepfpl] 轮次 28: ε=0.000615, std=12.605820
2025-11-21 22:39:05 | INFO | caltech-101_sepfpl_time_adaptive_16_0.01_10_[30/60] | [Epoch 28/30] 训练耗时: 24.73s | 平均训练准确率: 52.37
2025-11-21 22:39:05 | INFO | caltech-101_sepfpl_time_adaptive_16_0.01_10_[30/60] | 
2025-11-21 22:39:05 | INFO | caltech-101_sepfpl_time_adaptive_16_0.01_10_[30/60] | ================================================================================
2025-11-21 22:39:05 | INFO | caltech-101_sepfpl_time_adaptive_16_0.01_10_[30/60] |                     TEST START - Epoch 28/30
2025-11-21 22:39:05 | INFO | caltech-101_sepfpl_time_adaptive_16_0.01_10_[30/60] | ================================================================================
2025-11-21 22:39:05 | INFO | caltech-101_sepfpl_time_adaptive_16_0.01_10_[30/60] | 
2025-11-21 22:42:16 | INFO | caltech-101_sepfpl_time_adaptive_16_0.01_10_[30/60] | 
================= Local Test Results ==================
+----------+----------+------------+----------+
| Client   | Accuracy | Error Rate | Macro F1 |
+----------+----------+------------+----------+
| Client 0 |    40.85 |      59.15 |    58.25 |
| Client 1 |    90.34 |       9.66 |    93.69 |
| Client 2 |    58.44 |      41.56 |    65.32 |
| Client 3 |    46.91 |      53.09 |    53.58 |
| Client 4 |    82.81 |      17.19 |    79.56 |
| Client 5 |    80.89 |      19.11 |    83.48 |
| Client 6 |    70.18 |      29.82 |    76.29 |
| Client 7 |    67.33 |      32.67 |    74.91 |
| Client 8 |    92.29 |       7.71 |    84.82 |
| Client 9 |    82.04 |      17.96 |    77.67 |
| Average  |    71.21 |      28.79 |    74.76 |
+----------+----------+------------+----------+

2025-11-21 22:42:16 | INFO | caltech-101_sepfpl_time_adaptive_16_0.01_10_[30/60] | 
================= Neighbor Test Results ==================
+----------+----------+------------+----------+
| Client   | Accuracy | Error Rate | Macro F1 |
+----------+----------+------------+----------+
| Client 0 |    69.70 |      30.30 |    63.84 |
| Client 1 |    64.92 |      35.08 |    58.97 |
| Client 2 |    69.19 |      30.81 |    65.72 |
| Client 3 |    72.25 |      27.75 |    68.33 |
| Client 4 |    72.73 |      27.27 |    68.75 |
| Client 5 |    76.00 |      24.00 |    70.43 |
| Client 6 |    76.81 |      23.19 |    70.25 |
| Client 7 |    78.31 |      21.69 |    71.48 |
| Client 8 |    75.32 |      24.68 |    69.93 |
| Client 9 |    78.93 |      21.07 |    72.41 |
| Average  |    73.42 |      26.58 |    68.01 |
+----------+----------+------------+----------+

2025-11-21 22:42:16 | INFO | caltech-101_sepfpl_time_adaptive_16_0.01_10_[30/60] | 
2025-11-21 22:42:16 | INFO | caltech-101_sepfpl_time_adaptive_16_0.01_10_[30/60] | ================================================================================
2025-11-21 22:42:16 | INFO | caltech-101_sepfpl_time_adaptive_16_0.01_10_[30/60] |                     TEST FINISH - Epoch 28/30
2025-11-21 22:42:16 | INFO | caltech-101_sepfpl_time_adaptive_16_0.01_10_[30/60] |                     测试耗时: 190.23s
2025-11-21 22:42:16 | INFO | caltech-101_sepfpl_time_adaptive_16_0.01_10_[30/60] | ================================================================================
2025-11-21 22:42:16 | INFO | caltech-101_sepfpl_time_adaptive_16_0.01_10_[30/60] | 
2025-11-21 22:42:16 | INFO | caltech-101_sepfpl_time_adaptive_16_0.01_10_[30/60] | [RDP-sepfpl] 轮次 29: ε=0.000638, std=12.375710
2025-11-21 22:42:41 | INFO | caltech-101_sepfpl_time_adaptive_16_0.01_10_[30/60] | [Epoch 29/30] 训练耗时: 25.26s | 平均训练准确率: 59.24
2025-11-21 22:42:41 | INFO | caltech-101_sepfpl_time_adaptive_16_0.01_10_[30/60] | 
2025-11-21 22:42:41 | INFO | caltech-101_sepfpl_time_adaptive_16_0.01_10_[30/60] | ================================================================================
2025-11-21 22:42:41 | INFO | caltech-101_sepfpl_time_adaptive_16_0.01_10_[30/60] |                     TEST START - Epoch 29/30
2025-11-21 22:42:41 | INFO | caltech-101_sepfpl_time_adaptive_16_0.01_10_[30/60] | ================================================================================
2025-11-21 22:42:41 | INFO | caltech-101_sepfpl_time_adaptive_16_0.01_10_[30/60] | 
2025-11-21 22:45:44 | INFO | caltech-101_sepfpl_time_adaptive_16_0.01_10_[30/60] | 
================= Local Test Results ==================
+----------+----------+------------+----------+
| Client   | Accuracy | Error Rate | Macro F1 |
+----------+----------+------------+----------+
| Client 0 |    35.59 |      64.41 |    57.45 |
| Client 1 |    56.25 |      43.75 |    63.47 |
| Client 2 |    40.26 |      59.74 |    44.18 |
| Client 3 |     9.88 |      90.12 |    10.00 |
| Client 4 |    88.24 |      11.76 |    87.25 |
| Client 5 |    72.61 |      27.39 |    75.67 |
| Client 6 |    32.75 |      67.25 |    38.64 |
| Client 7 |    84.41 |      15.59 |    69.17 |
| Client 8 |    90.84 |       9.16 |    79.33 |
| Client 9 |    74.76 |      25.24 |    70.33 |
| Average  |    58.56 |      41.44 |    59.55 |
+----------+----------+------------+----------+

2025-11-21 22:45:44 | INFO | caltech-101_sepfpl_time_adaptive_16_0.01_10_[30/60] | 
================= Neighbor Test Results ==================
+----------+----------+------------+----------+
| Client   | Accuracy | Error Rate | Macro F1 |
+----------+----------+------------+----------+
| Client 0 |    70.47 |      29.53 |    56.78 |
| Client 1 |    64.48 |      35.52 |    54.06 |
| Client 2 |    50.15 |      49.85 |    44.31 |
| Client 3 |    34.95 |      65.05 |    34.62 |
| Client 4 |    54.55 |      45.45 |    46.59 |
| Client 5 |    67.72 |      32.28 |    56.36 |
| Client 6 |    73.45 |      26.55 |    64.14 |
| Client 7 |    69.00 |      31.00 |    61.87 |
| Client 8 |    68.68 |      31.32 |    60.30 |
| Client 9 |    72.69 |      27.31 |    62.29 |
| Average  |    62.61 |      37.39 |    54.13 |
+----------+----------+------------+----------+

2025-11-21 22:45:44 | INFO | caltech-101_sepfpl_time_adaptive_16_0.01_10_[30/60] | 
2025-11-21 22:45:44 | INFO | caltech-101_sepfpl_time_adaptive_16_0.01_10_[30/60] | ================================================================================
2025-11-21 22:45:44 | INFO | caltech-101_sepfpl_time_adaptive_16_0.01_10_[30/60] |                     TEST FINISH - Epoch 29/30
2025-11-21 22:45:44 | INFO | caltech-101_sepfpl_time_adaptive_16_0.01_10_[30/60] |                     测试耗时: 182.76s
2025-11-21 22:45:44 | INFO | caltech-101_sepfpl_time_adaptive_16_0.01_10_[30/60] | ================================================================================
2025-11-21 22:45:44 | INFO | caltech-101_sepfpl_time_adaptive_16_0.01_10_[30/60] | 
2025-11-21 22:45:44 | INFO | caltech-101_sepfpl_time_adaptive_16_0.01_10_[30/60] | [RDP-sepfpl] 轮次 30: ε=0.000661, std=12.157392
2025-11-21 22:46:03 | INFO | caltech-101_sepfpl_time_adaptive_16_0.01_10_[30/60] | [Epoch 30/30] 训练耗时: 19.87s | 平均训练准确率: 50.40
2025-11-21 22:46:03 | INFO | caltech-101_sepfpl_time_adaptive_16_0.01_10_[30/60] | 
2025-11-21 22:46:03 | INFO | caltech-101_sepfpl_time_adaptive_16_0.01_10_[30/60] | ================================================================================
2025-11-21 22:46:03 | INFO | caltech-101_sepfpl_time_adaptive_16_0.01_10_[30/60] |                     TEST START - Epoch 30/30
2025-11-21 22:46:03 | INFO | caltech-101_sepfpl_time_adaptive_16_0.01_10_[30/60] | ================================================================================
2025-11-21 22:46:03 | INFO | caltech-101_sepfpl_time_adaptive_16_0.01_10_[30/60] | 
2025-11-21 22:48:59 | INFO | caltech-101_sepfpl_time_adaptive_16_0.01_10_[30/60] | 
================= Local Test Results ==================
+----------+----------+------------+----------+
| Client   | Accuracy | Error Rate | Macro F1 |
+----------+----------+------------+----------+
| Client 0 |    41.10 |      58.90 |    67.21 |
| Client 1 |    26.14 |      73.86 |    32.23 |
| Client 2 |    19.48 |      80.52 |    24.47 |
| Client 3 |    23.46 |      76.54 |    28.81 |
| Client 4 |    84.62 |      15.38 |    85.82 |
| Client 5 |    77.07 |      22.93 |    80.29 |
| Client 6 |    44.44 |      55.56 |    54.54 |
| Client 7 |    78.22 |      21.78 |    61.46 |
| Client 8 |    88.67 |      11.33 |    79.60 |
| Client 9 |    75.73 |      24.27 |    70.96 |
| Average  |    55.89 |      44.11 |    58.54 |
+----------+----------+------------+----------+

2025-11-21 22:48:59 | INFO | caltech-101_sepfpl_time_adaptive_16_0.01_10_[30/60] | 
================= Neighbor Test Results ==================
+----------+----------+------------+----------+
| Client   | Accuracy | Error Rate | Macro F1 |
+----------+----------+------------+----------+
| Client 0 |    67.86 |      32.14 |    59.59 |
| Client 1 |    36.92 |      63.08 |    31.45 |
| Client 2 |    28.47 |      71.53 |    22.26 |
| Client 3 |    41.08 |      58.92 |    37.52 |
| Client 4 |    52.14 |      47.86 |    48.16 |
| Client 5 |    68.33 |      31.67 |    60.26 |
| Client 6 |    72.41 |      27.59 |    61.82 |
| Client 7 |    71.32 |      28.68 |    65.81 |
| Client 8 |    70.34 |      29.66 |    64.32 |
| Client 9 |    74.19 |      25.81 |    65.92 |
| Average  |    58.31 |      41.69 |    51.71 |
+----------+----------+------------+----------+

2025-11-21 22:48:59 | INFO | caltech-101_sepfpl_time_adaptive_16_0.01_10_[30/60] | 
2025-11-21 22:48:59 | INFO | caltech-101_sepfpl_time_adaptive_16_0.01_10_[30/60] | ================================================================================
2025-11-21 22:48:59 | INFO | caltech-101_sepfpl_time_adaptive_16_0.01_10_[30/60] |                     TEST FINISH - Epoch 30/30
2025-11-21 22:48:59 | INFO | caltech-101_sepfpl_time_adaptive_16_0.01_10_[30/60] |                     测试耗时: 175.75s
2025-11-21 22:48:59 | INFO | caltech-101_sepfpl_time_adaptive_16_0.01_10_[30/60] | ================================================================================
2025-11-21 22:48:59 | INFO | caltech-101_sepfpl_time_adaptive_16_0.01_10_[30/60] | 
2025-11-21 22:48:59 | INFO | caltech-101_sepfpl_time_adaptive_16_0.01_10_[30/60] | maximum test local acc: 71.208
2025-11-21 22:48:59 | INFO | caltech-101_sepfpl_time_adaptive_16_0.01_10_[30/60] | mean of local acc: 61.886
2025-11-21 22:48:59 | INFO | caltech-101_sepfpl_time_adaptive_16_0.01_10_[30/60] | maximum test neighbor acc: 73.415
2025-11-21 22:48:59 | INFO | caltech-101_sepfpl_time_adaptive_16_0.01_10_[30/60] | mean of neighbor acc: 64.779
