2025-11-21 19:16:09 | INFO | caltech-101_sepfpl_time_adaptive_16_0.4_10_[10/60] | Loading trainer: DP_FPL
2025-11-21 19:16:09 | INFO | caltech-101_sepfpl_time_adaptive_16_0.4_10_[10/60] | Loading dataset: Caltech101
2025-11-21 19:16:09 | INFO | caltech-101_sepfpl_time_adaptive_16_0.4_10_[10/60] | Reading split from %s
2025-11-21 19:16:09 | INFO | caltech-101_sepfpl_time_adaptive_16_0.4_10_[10/60] | Creating a baseline federated dataset
2025-11-21 19:16:09 | INFO | caltech-101_sepfpl_time_adaptive_16_0.4_10_[10/60] | class_num %d
2025-11-21 19:16:09 | INFO | caltech-101_sepfpl_time_adaptive_16_0.4_10_[10/60] | user class dict total %s
2025-11-21 19:16:09 | INFO | caltech-101_sepfpl_time_adaptive_16_0.4_10_[10/60] | idx: %s, output_dict_len: %d
2025-11-21 19:16:09 | INFO | caltech-101_sepfpl_time_adaptive_16_0.4_10_[10/60] | user class dict total %s
2025-11-21 19:16:09 | INFO | caltech-101_sepfpl_time_adaptive_16_0.4_10_[10/60] | idx: %s, output_dict_len: %d
2025-11-21 19:16:09 | INFO | caltech-101_sepfpl_time_adaptive_16_0.4_10_[10/60] | user class dict total %s
2025-11-21 19:16:09 | INFO | caltech-101_sepfpl_time_adaptive_16_0.4_10_[10/60] | idx: %s, output_dict_len: %d
2025-11-21 19:16:09 | INFO | caltech-101_sepfpl_time_adaptive_16_0.4_10_[10/60] | user class dict total %s
2025-11-21 19:16:09 | INFO | caltech-101_sepfpl_time_adaptive_16_0.4_10_[10/60] | idx: %s, output_dict_len: %d
2025-11-21 19:16:09 | INFO | caltech-101_sepfpl_time_adaptive_16_0.4_10_[10/60] | user class dict total %s
2025-11-21 19:16:09 | INFO | caltech-101_sepfpl_time_adaptive_16_0.4_10_[10/60] | idx: %s, output_dict_len: %d
2025-11-21 19:16:09 | INFO | caltech-101_sepfpl_time_adaptive_16_0.4_10_[10/60] | user class dict total %s
2025-11-21 19:16:09 | INFO | caltech-101_sepfpl_time_adaptive_16_0.4_10_[10/60] | idx: %s, output_dict_len: %d
2025-11-21 19:16:09 | INFO | caltech-101_sepfpl_time_adaptive_16_0.4_10_[10/60] | user class dict total %s
2025-11-21 19:16:09 | INFO | caltech-101_sepfpl_time_adaptive_16_0.4_10_[10/60] | idx: %s, output_dict_len: %d
2025-11-21 19:16:09 | INFO | caltech-101_sepfpl_time_adaptive_16_0.4_10_[10/60] | user class dict total %s
2025-11-21 19:16:09 | INFO | caltech-101_sepfpl_time_adaptive_16_0.4_10_[10/60] | idx: %s, output_dict_len: %d
2025-11-21 19:16:09 | INFO | caltech-101_sepfpl_time_adaptive_16_0.4_10_[10/60] | user class dict total %s
2025-11-21 19:16:09 | INFO | caltech-101_sepfpl_time_adaptive_16_0.4_10_[10/60] | idx: %s, output_dict_len: %d
2025-11-21 19:16:09 | INFO | caltech-101_sepfpl_time_adaptive_16_0.4_10_[10/60] | user class dict total %s
2025-11-21 19:16:09 | INFO | caltech-101_sepfpl_time_adaptive_16_0.4_10_[10/60] | idx: %s, output_dict_len: %d
2025-11-21 19:16:09 | INFO | caltech-101_sepfpl_time_adaptive_16_0.4_10_[10/60] | Creating a baseline federated dataset
2025-11-21 19:16:09 | INFO | caltech-101_sepfpl_time_adaptive_16_0.4_10_[10/60] | class_num %d
2025-11-21 19:16:09 | INFO | caltech-101_sepfpl_time_adaptive_16_0.4_10_[10/60] | user class dict total %s
2025-11-21 19:16:09 | INFO | caltech-101_sepfpl_time_adaptive_16_0.4_10_[10/60] | idx: %s, output_dict_len: %d
2025-11-21 19:16:09 | INFO | caltech-101_sepfpl_time_adaptive_16_0.4_10_[10/60] | user class dict total %s
2025-11-21 19:16:09 | INFO | caltech-101_sepfpl_time_adaptive_16_0.4_10_[10/60] | idx: %s, output_dict_len: %d
2025-11-21 19:16:09 | INFO | caltech-101_sepfpl_time_adaptive_16_0.4_10_[10/60] | user class dict total %s
2025-11-21 19:16:09 | INFO | caltech-101_sepfpl_time_adaptive_16_0.4_10_[10/60] | idx: %s, output_dict_len: %d
2025-11-21 19:16:09 | INFO | caltech-101_sepfpl_time_adaptive_16_0.4_10_[10/60] | user class dict total %s
2025-11-21 19:16:09 | INFO | caltech-101_sepfpl_time_adaptive_16_0.4_10_[10/60] | idx: %s, output_dict_len: %d
2025-11-21 19:16:09 | INFO | caltech-101_sepfpl_time_adaptive_16_0.4_10_[10/60] | user class dict total %s
2025-11-21 19:16:09 | INFO | caltech-101_sepfpl_time_adaptive_16_0.4_10_[10/60] | idx: %s, output_dict_len: %d
2025-11-21 19:16:09 | INFO | caltech-101_sepfpl_time_adaptive_16_0.4_10_[10/60] | user class dict total %s
2025-11-21 19:16:09 | INFO | caltech-101_sepfpl_time_adaptive_16_0.4_10_[10/60] | idx: %s, output_dict_len: %d
2025-11-21 19:16:09 | INFO | caltech-101_sepfpl_time_adaptive_16_0.4_10_[10/60] | user class dict total %s
2025-11-21 19:16:09 | INFO | caltech-101_sepfpl_time_adaptive_16_0.4_10_[10/60] | idx: %s, output_dict_len: %d
2025-11-21 19:16:09 | INFO | caltech-101_sepfpl_time_adaptive_16_0.4_10_[10/60] | user class dict total %s
2025-11-21 19:16:09 | INFO | caltech-101_sepfpl_time_adaptive_16_0.4_10_[10/60] | idx: %s, output_dict_len: %d
2025-11-21 19:16:09 | INFO | caltech-101_sepfpl_time_adaptive_16_0.4_10_[10/60] | user class dict total %s
2025-11-21 19:16:09 | INFO | caltech-101_sepfpl_time_adaptive_16_0.4_10_[10/60] | idx: %s, output_dict_len: %d
2025-11-21 19:16:09 | INFO | caltech-101_sepfpl_time_adaptive_16_0.4_10_[10/60] | user class dict total %s
2025-11-21 19:16:09 | INFO | caltech-101_sepfpl_time_adaptive_16_0.4_10_[10/60] | idx: %s, output_dict_len: %d
2025-11-21 19:16:09 | INFO | caltech-101_sepfpl_time_adaptive_16_0.4_10_[10/60] | Loading CLIP (backbone: ViT-B/16)
2025-11-21 19:16:11 | INFO | caltech-101_sepfpl_time_adaptive_16_0.4_10_[10/60] | Building custom CLIP
2025-11-21 19:16:11 | INFO | caltech-101_sepfpl_time_adaptive_16_0.4_10_[10/60] | Turning off gradients in both the image and the text encoder
2025-11-21 19:16:11 | INFO | caltech-101_sepfpl_time_adaptive_16_0.4_10_[10/60] | [wandb] 正在初始化实验：project=SepFPL, name=caltech-101-sepfpl_time_adaptive-rank16-noise0.4-seed1-users10-10/60, mode=offline
2025-11-21 19:16:15 | INFO | caltech-101_sepfpl_time_adaptive_16_0.4_10_[10/60] | [RDP-sepfpl] 轮次 1: ε=0.000743, std=11.463021
2025-11-21 19:16:35 | INFO | caltech-101_sepfpl_time_adaptive_16_0.4_10_[10/60] | [Epoch 1/30] 训练耗时: 20.47s | 平均训练准确率: 54.55
2025-11-21 19:16:35 | INFO | caltech-101_sepfpl_time_adaptive_16_0.4_10_[10/60] | [RDP-sepfpl] 轮次 2: ε=0.001539, std=7.966331
2025-11-21 19:16:57 | INFO | caltech-101_sepfpl_time_adaptive_16_0.4_10_[10/60] | [Epoch 2/30] 训练耗时: 21.86s | 平均训练准确率: 52.46
2025-11-21 19:16:57 | INFO | caltech-101_sepfpl_time_adaptive_16_0.4_10_[10/60] | [RDP-sepfpl] 轮次 3: ε=0.002355, std=6.438881
2025-11-21 19:17:17 | INFO | caltech-101_sepfpl_time_adaptive_16_0.4_10_[10/60] | [Epoch 3/30] 训练耗时: 20.50s | 平均训练准确率: 53.57
2025-11-21 19:17:17 | INFO | caltech-101_sepfpl_time_adaptive_16_0.4_10_[10/60] | [RDP-sepfpl] 轮次 4: ε=0.003186, std=5.536274
2025-11-21 19:17:37 | INFO | caltech-101_sepfpl_time_adaptive_16_0.4_10_[10/60] | [Epoch 4/30] 训练耗时: 20.09s | 平均训练准确率: 53.57
2025-11-21 19:17:37 | INFO | caltech-101_sepfpl_time_adaptive_16_0.4_10_[10/60] | [RDP-sepfpl] 轮次 5: ε=0.004027, std=4.924247
2025-11-21 19:18:02 | INFO | caltech-101_sepfpl_time_adaptive_16_0.4_10_[10/60] | [Epoch 5/30] 训练耗时: 24.87s | 平均训练准确率: 53.35
2025-11-21 19:18:02 | INFO | caltech-101_sepfpl_time_adaptive_16_0.4_10_[10/60] | [RDP-sepfpl] 轮次 6: ε=0.004877, std=4.474759
2025-11-21 19:18:26 | INFO | caltech-101_sepfpl_time_adaptive_16_0.4_10_[10/60] | [Epoch 6/30] 训练耗时: 23.56s | 平均训练准确率: 54.82
2025-11-21 19:18:26 | INFO | caltech-101_sepfpl_time_adaptive_16_0.4_10_[10/60] | [RDP-sepfpl] 轮次 7: ε=0.005734, std=4.126887
2025-11-21 19:18:51 | INFO | caltech-101_sepfpl_time_adaptive_16_0.4_10_[10/60] | [Epoch 7/30] 训练耗时: 24.71s | 平均训练准确率: 54.29
2025-11-21 19:18:51 | INFO | caltech-101_sepfpl_time_adaptive_16_0.4_10_[10/60] | [RDP-sepfpl] 轮次 8: ε=0.006597, std=3.847484
2025-11-21 19:19:14 | INFO | caltech-101_sepfpl_time_adaptive_16_0.4_10_[10/60] | [Epoch 8/30] 训练耗时: 23.66s | 平均训练准确率: 53.97
2025-11-21 19:19:14 | INFO | caltech-101_sepfpl_time_adaptive_16_0.4_10_[10/60] | [RDP-sepfpl] 轮次 9: ε=0.007465, std=3.616777
2025-11-21 19:19:37 | INFO | caltech-101_sepfpl_time_adaptive_16_0.4_10_[10/60] | [Epoch 9/30] 训练耗时: 23.18s | 平均训练准确率: 53.44
2025-11-21 19:19:37 | INFO | caltech-101_sepfpl_time_adaptive_16_0.4_10_[10/60] | [RDP-sepfpl] 轮次 10: ε=0.008339, std=3.422150
2025-11-21 19:20:01 | INFO | caltech-101_sepfpl_time_adaptive_16_0.4_10_[10/60] | [Epoch 10/30] 训练耗时: 23.87s | 平均训练准确率: 53.48
2025-11-21 19:20:01 | INFO | caltech-101_sepfpl_time_adaptive_16_0.4_10_[10/60] | [RDP-sepfpl] 轮次 11: ε=0.009216, std=3.255127
2025-11-21 19:20:24 | INFO | caltech-101_sepfpl_time_adaptive_16_0.4_10_[10/60] | [Epoch 11/30] 训练耗时: 22.98s | 平均训练准确率: 53.57
2025-11-21 19:20:24 | INFO | caltech-101_sepfpl_time_adaptive_16_0.4_10_[10/60] | [RDP-sepfpl] 轮次 12: ε=0.010098, std=3.109775
2025-11-21 19:20:48 | INFO | caltech-101_sepfpl_time_adaptive_16_0.4_10_[10/60] | [Epoch 12/30] 训练耗时: 23.37s | 平均训练准确率: 54.87
2025-11-21 19:20:48 | INFO | caltech-101_sepfpl_time_adaptive_16_0.4_10_[10/60] | [RDP-sepfpl] 轮次 13: ε=0.010984, std=2.981802
2025-11-21 19:21:08 | INFO | caltech-101_sepfpl_time_adaptive_16_0.4_10_[10/60] | [Epoch 13/30] 训练耗时: 20.53s | 平均训练准确率: 54.20
2025-11-21 19:21:08 | INFO | caltech-101_sepfpl_time_adaptive_16_0.4_10_[10/60] | [RDP-sepfpl] 轮次 14: ε=0.011872, std=2.868018
2025-11-21 19:21:31 | INFO | caltech-101_sepfpl_time_adaptive_16_0.4_10_[10/60] | [Epoch 14/30] 训练耗时: 23.13s | 平均训练准确率: 53.88
2025-11-21 19:21:31 | INFO | caltech-101_sepfpl_time_adaptive_16_0.4_10_[10/60] | [RDP-sepfpl] 轮次 15: ε=0.012764, std=2.765994
2025-11-21 19:21:54 | INFO | caltech-101_sepfpl_time_adaptive_16_0.4_10_[10/60] | [Epoch 15/30] 训练耗时: 22.70s | 平均训练准确率: 53.71
2025-11-21 19:21:54 | INFO | caltech-101_sepfpl_time_adaptive_16_0.4_10_[10/60] | [RDP-sepfpl] 轮次 16: ε=0.013659, std=2.673844
2025-11-21 19:22:18 | INFO | caltech-101_sepfpl_time_adaptive_16_0.4_10_[10/60] | [Epoch 16/30] 训练耗时: 23.73s | 平均训练准确率: 53.48
2025-11-21 19:22:18 | INFO | caltech-101_sepfpl_time_adaptive_16_0.4_10_[10/60] | [RDP-sepfpl] 轮次 17: ε=0.014557, std=2.590081
2025-11-21 19:22:44 | INFO | caltech-101_sepfpl_time_adaptive_16_0.4_10_[10/60] | [Epoch 17/30] 训练耗时: 26.49s | 平均训练准确率: 53.97
2025-11-21 19:22:44 | INFO | caltech-101_sepfpl_time_adaptive_16_0.4_10_[10/60] | [RDP-sepfpl] 轮次 18: ε=0.015457, std=2.513512
2025-11-21 19:23:08 | INFO | caltech-101_sepfpl_time_adaptive_16_0.4_10_[10/60] | [Epoch 18/30] 训练耗时: 23.62s | 平均训练准确率: 52.54
2025-11-21 19:23:08 | INFO | caltech-101_sepfpl_time_adaptive_16_0.4_10_[10/60] | [RDP-sepfpl] 轮次 19: ε=0.016360, std=2.443169
2025-11-21 19:23:33 | INFO | caltech-101_sepfpl_time_adaptive_16_0.4_10_[10/60] | [Epoch 19/30] 训练耗时: 24.69s | 平均训练准确率: 52.54
2025-11-21 19:23:33 | INFO | caltech-101_sepfpl_time_adaptive_16_0.4_10_[10/60] | [RDP-sepfpl] 轮次 20: ε=0.017266, std=2.378255
2025-11-21 19:23:57 | INFO | caltech-101_sepfpl_time_adaptive_16_0.4_10_[10/60] | [Epoch 20/30] 训练耗时: 24.37s | 平均训练准确率: 53.71
2025-11-21 19:23:57 | INFO | caltech-101_sepfpl_time_adaptive_16_0.4_10_[10/60] | [RDP-sepfpl] 轮次 21: ε=0.018173, std=2.318110
2025-11-21 19:24:20 | INFO | caltech-101_sepfpl_time_adaptive_16_0.4_10_[10/60] | [Epoch 21/30] 训练耗时: 22.95s | 平均训练准确率: 55.04
2025-11-21 19:24:20 | INFO | caltech-101_sepfpl_time_adaptive_16_0.4_10_[10/60] | [RDP-sepfpl] 轮次 22: ε=0.019083, std=2.262180
2025-11-21 19:24:40 | INFO | caltech-101_sepfpl_time_adaptive_16_0.4_10_[10/60] | [Epoch 22/30] 训练耗时: 20.40s | 平均训练准确率: 53.75
2025-11-21 19:24:40 | INFO | caltech-101_sepfpl_time_adaptive_16_0.4_10_[10/60] | [RDP-sepfpl] 轮次 23: ε=0.019995, std=2.209998
2025-11-21 19:25:03 | INFO | caltech-101_sepfpl_time_adaptive_16_0.4_10_[10/60] | [Epoch 23/30] 训练耗时: 22.87s | 平均训练准确率: 53.17
2025-11-21 19:25:03 | INFO | caltech-101_sepfpl_time_adaptive_16_0.4_10_[10/60] | [RDP-sepfpl] 轮次 24: ε=0.020909, std=2.161166
2025-11-21 19:25:27 | INFO | caltech-101_sepfpl_time_adaptive_16_0.4_10_[10/60] | [Epoch 24/30] 训练耗时: 23.85s | 平均训练准确率: 53.62
2025-11-21 19:25:27 | INFO | caltech-101_sepfpl_time_adaptive_16_0.4_10_[10/60] | [RDP-sepfpl] 轮次 25: ε=0.021824, std=2.115342
2025-11-21 19:25:52 | INFO | caltech-101_sepfpl_time_adaptive_16_0.4_10_[10/60] | [Epoch 25/30] 训练耗时: 24.86s | 平均训练准确率: 52.95
2025-11-21 19:25:52 | INFO | caltech-101_sepfpl_time_adaptive_16_0.4_10_[10/60] | [RDP-sepfpl] 轮次 26: ε=0.022742, std=2.072231
2025-11-21 19:26:16 | INFO | caltech-101_sepfpl_time_adaptive_16_0.4_10_[10/60] | [Epoch 26/30] 训练耗时: 23.85s | 平均训练准确率: 53.75
2025-11-21 19:26:16 | INFO | caltech-101_sepfpl_time_adaptive_16_0.4_10_[10/60] | [RDP-sepfpl] 轮次 27: ε=0.023661, std=2.031576
2025-11-21 19:26:40 | INFO | caltech-101_sepfpl_time_adaptive_16_0.4_10_[10/60] | [Epoch 27/30] 训练耗时: 23.99s | 平均训练准确率: 54.20
2025-11-21 19:26:40 | INFO | caltech-101_sepfpl_time_adaptive_16_0.4_10_[10/60] | [RDP-sepfpl] 轮次 28: ε=0.024582, std=1.993155
2025-11-21 19:27:03 | INFO | caltech-101_sepfpl_time_adaptive_16_0.4_10_[10/60] | [Epoch 28/30] 训练耗时: 23.62s | 平均训练准确率: 52.37
2025-11-21 19:27:03 | INFO | caltech-101_sepfpl_time_adaptive_16_0.4_10_[10/60] | 
2025-11-21 19:27:03 | INFO | caltech-101_sepfpl_time_adaptive_16_0.4_10_[10/60] | ================================================================================
2025-11-21 19:27:03 | INFO | caltech-101_sepfpl_time_adaptive_16_0.4_10_[10/60] |                     TEST START - Epoch 28/30
2025-11-21 19:27:03 | INFO | caltech-101_sepfpl_time_adaptive_16_0.4_10_[10/60] | ================================================================================
2025-11-21 19:27:03 | INFO | caltech-101_sepfpl_time_adaptive_16_0.4_10_[10/60] | 
2025-11-21 19:29:58 | INFO | caltech-101_sepfpl_time_adaptive_16_0.4_10_[10/60] | 
================= Local Test Results ==================
+----------+----------+------------+----------+
| Client   | Accuracy | Error Rate | Macro F1 |
+----------+----------+------------+----------+
| Client 0 |    21.80 |      78.20 |    48.12 |
| Client 1 |    75.00 |      25.00 |    81.05 |
| Client 2 |    63.64 |      36.36 |    64.19 |
| Client 3 |    49.38 |      50.62 |    51.37 |
| Client 4 |    85.97 |      14.03 |    82.61 |
| Client 5 |    83.44 |      16.56 |    87.53 |
| Client 6 |    40.94 |      59.06 |    49.59 |
| Client 7 |    85.89 |      14.11 |    67.73 |
| Client 8 |    81.69 |      18.31 |    62.38 |
| Client 9 |    79.61 |      20.39 |    76.80 |
| Average  |    66.74 |      33.26 |    67.14 |
+----------+----------+------------+----------+

2025-11-21 19:29:58 | INFO | caltech-101_sepfpl_time_adaptive_16_0.4_10_[10/60] | 
================= Neighbor Test Results ==================
+----------+----------+------------+----------+
| Client   | Accuracy | Error Rate | Macro F1 |
+----------+----------+------------+----------+
| Client 0 |    78.46 |      21.54 |    66.17 |
| Client 1 |    67.45 |      32.55 |    57.71 |
| Client 2 |    67.20 |      32.80 |    59.13 |
| Client 3 |    67.30 |      32.70 |    57.93 |
| Client 4 |    63.50 |      36.50 |    53.57 |
| Client 5 |    63.91 |      36.09 |    53.49 |
| Client 6 |    66.96 |      33.04 |    56.57 |
| Client 7 |    61.18 |      38.82 |    55.23 |
| Client 8 |    62.20 |      37.80 |    55.30 |
| Client 9 |    64.10 |      35.90 |    53.59 |
| Average  |    66.23 |      33.77 |    56.87 |
+----------+----------+------------+----------+

2025-11-21 19:29:58 | INFO | caltech-101_sepfpl_time_adaptive_16_0.4_10_[10/60] | 
2025-11-21 19:29:58 | INFO | caltech-101_sepfpl_time_adaptive_16_0.4_10_[10/60] | ================================================================================
2025-11-21 19:29:58 | INFO | caltech-101_sepfpl_time_adaptive_16_0.4_10_[10/60] |                     TEST FINISH - Epoch 28/30
2025-11-21 19:29:58 | INFO | caltech-101_sepfpl_time_adaptive_16_0.4_10_[10/60] |                     测试耗时: 174.62s
2025-11-21 19:29:58 | INFO | caltech-101_sepfpl_time_adaptive_16_0.4_10_[10/60] | ================================================================================
2025-11-21 19:29:58 | INFO | caltech-101_sepfpl_time_adaptive_16_0.4_10_[10/60] | 
2025-11-21 19:29:58 | INFO | caltech-101_sepfpl_time_adaptive_16_0.4_10_[10/60] | [RDP-sepfpl] 轮次 29: ε=0.025505, std=1.956772
2025-11-21 19:30:18 | INFO | caltech-101_sepfpl_time_adaptive_16_0.4_10_[10/60] | [Epoch 29/30] 训练耗时: 20.20s | 平均训练准确率: 59.42
2025-11-21 19:30:18 | INFO | caltech-101_sepfpl_time_adaptive_16_0.4_10_[10/60] | 
2025-11-21 19:30:18 | INFO | caltech-101_sepfpl_time_adaptive_16_0.4_10_[10/60] | ================================================================================
2025-11-21 19:30:18 | INFO | caltech-101_sepfpl_time_adaptive_16_0.4_10_[10/60] |                     TEST START - Epoch 29/30
2025-11-21 19:30:18 | INFO | caltech-101_sepfpl_time_adaptive_16_0.4_10_[10/60] | ================================================================================
2025-11-21 19:30:18 | INFO | caltech-101_sepfpl_time_adaptive_16_0.4_10_[10/60] | 
2025-11-21 19:33:12 | INFO | caltech-101_sepfpl_time_adaptive_16_0.4_10_[10/60] | 
================= Local Test Results ==================
+----------+----------+------------+----------+
| Client   | Accuracy | Error Rate | Macro F1 |
+----------+----------+------------+----------+
| Client 0 |    29.07 |      70.93 |    55.36 |
| Client 1 |    81.82 |      18.18 |    88.31 |
| Client 2 |    69.48 |      30.52 |    71.26 |
| Client 3 |    58.64 |      41.36 |    60.16 |
| Client 4 |    80.09 |      19.91 |    78.70 |
| Client 5 |    87.26 |      12.74 |    88.59 |
| Client 6 |    57.31 |      42.69 |    61.93 |
| Client 7 |    90.59 |       9.41 |    79.16 |
| Client 8 |    86.75 |      13.25 |    76.08 |
| Client 9 |    91.26 |       8.74 |    89.33 |
| Average  |    73.23 |      26.77 |    74.89 |
+----------+----------+------------+----------+

2025-11-21 19:33:12 | INFO | caltech-101_sepfpl_time_adaptive_16_0.4_10_[10/60] | 
================= Neighbor Test Results ==================
+----------+----------+------------+----------+
| Client   | Accuracy | Error Rate | Macro F1 |
+----------+----------+------------+----------+
| Client 0 |    73.57 |      26.43 |    68.13 |
| Client 1 |    66.27 |      33.73 |    62.70 |
| Client 2 |    70.92 |      29.08 |    67.58 |
| Client 3 |    73.25 |      26.75 |    68.82 |
| Client 4 |    72.64 |      27.36 |    67.10 |
| Client 5 |    72.96 |      27.04 |    65.86 |
| Client 6 |    75.68 |      24.32 |    69.33 |
| Client 7 |    71.96 |      28.04 |    67.16 |
| Client 8 |    73.12 |      26.88 |    67.30 |
| Client 9 |    74.37 |      25.63 |    66.88 |
| Average  |    72.47 |      27.53 |    67.09 |
+----------+----------+------------+----------+

2025-11-21 19:33:12 | INFO | caltech-101_sepfpl_time_adaptive_16_0.4_10_[10/60] | 
2025-11-21 19:33:12 | INFO | caltech-101_sepfpl_time_adaptive_16_0.4_10_[10/60] | ================================================================================
2025-11-21 19:33:12 | INFO | caltech-101_sepfpl_time_adaptive_16_0.4_10_[10/60] |                     TEST FINISH - Epoch 29/30
2025-11-21 19:33:12 | INFO | caltech-101_sepfpl_time_adaptive_16_0.4_10_[10/60] |                     测试耗时: 173.76s
2025-11-21 19:33:12 | INFO | caltech-101_sepfpl_time_adaptive_16_0.4_10_[10/60] | ================================================================================
2025-11-21 19:33:12 | INFO | caltech-101_sepfpl_time_adaptive_16_0.4_10_[10/60] | 
2025-11-21 19:33:12 | INFO | caltech-101_sepfpl_time_adaptive_16_0.4_10_[10/60] | [RDP-sepfpl] 轮次 30: ε=0.026429, std=1.922252
2025-11-21 19:33:32 | INFO | caltech-101_sepfpl_time_adaptive_16_0.4_10_[10/60] | [Epoch 30/30] 训练耗时: 20.18s | 平均训练准确率: 64.60
2025-11-21 19:33:32 | INFO | caltech-101_sepfpl_time_adaptive_16_0.4_10_[10/60] | 
2025-11-21 19:33:32 | INFO | caltech-101_sepfpl_time_adaptive_16_0.4_10_[10/60] | ================================================================================
2025-11-21 19:33:32 | INFO | caltech-101_sepfpl_time_adaptive_16_0.4_10_[10/60] |                     TEST START - Epoch 30/30
2025-11-21 19:33:32 | INFO | caltech-101_sepfpl_time_adaptive_16_0.4_10_[10/60] | ================================================================================
2025-11-21 19:33:32 | INFO | caltech-101_sepfpl_time_adaptive_16_0.4_10_[10/60] | 
2025-11-21 19:36:23 | INFO | caltech-101_sepfpl_time_adaptive_16_0.4_10_[10/60] | 
================= Local Test Results ==================
+----------+----------+------------+----------+
| Client   | Accuracy | Error Rate | Macro F1 |
+----------+----------+------------+----------+
| Client 0 |    57.14 |      42.86 |    74.44 |
| Client 1 |    93.18 |       6.82 |    91.96 |
| Client 2 |    67.53 |      32.47 |    70.96 |
| Client 3 |    79.63 |      20.37 |    83.41 |
| Client 4 |    83.26 |      16.74 |    83.44 |
| Client 5 |    94.27 |       5.73 |    96.12 |
| Client 6 |    81.29 |      18.71 |    86.58 |
| Client 7 |    95.30 |       4.70 |    93.11 |
| Client 8 |    91.81 |       8.19 |    85.20 |
| Client 9 |    88.35 |      11.65 |    85.46 |
| Average  |    83.18 |      16.82 |    85.07 |
+----------+----------+------------+----------+

2025-11-21 19:36:23 | INFO | caltech-101_sepfpl_time_adaptive_16_0.4_10_[10/60] | 
================= Neighbor Test Results ==================
+----------+----------+------------+----------+
| Client   | Accuracy | Error Rate | Macro F1 |
+----------+----------+------------+----------+
| Client 0 |    88.72 |      11.28 |    83.43 |
| Client 1 |    82.92 |      17.08 |    79.74 |
| Client 2 |    84.77 |      15.23 |    82.39 |
| Client 3 |    83.63 |      16.37 |    80.12 |
| Client 4 |    82.66 |      17.34 |    78.98 |
| Client 5 |    81.54 |      18.46 |    77.48 |
| Client 6 |    82.35 |      17.65 |    78.01 |
| Client 7 |    79.43 |      20.57 |    76.98 |
| Client 8 |    80.10 |      19.90 |    77.14 |
| Client 9 |    81.54 |      18.46 |    78.56 |
| Average  |    82.77 |      17.23 |    79.28 |
+----------+----------+------------+----------+

2025-11-21 19:36:23 | INFO | caltech-101_sepfpl_time_adaptive_16_0.4_10_[10/60] | 
2025-11-21 19:36:23 | INFO | caltech-101_sepfpl_time_adaptive_16_0.4_10_[10/60] | ================================================================================
2025-11-21 19:36:23 | INFO | caltech-101_sepfpl_time_adaptive_16_0.4_10_[10/60] |                     TEST FINISH - Epoch 30/30
2025-11-21 19:36:23 | INFO | caltech-101_sepfpl_time_adaptive_16_0.4_10_[10/60] |                     测试耗时: 170.95s
2025-11-21 19:36:23 | INFO | caltech-101_sepfpl_time_adaptive_16_0.4_10_[10/60] | ================================================================================
2025-11-21 19:36:23 | INFO | caltech-101_sepfpl_time_adaptive_16_0.4_10_[10/60] | 
2025-11-21 19:36:23 | INFO | caltech-101_sepfpl_time_adaptive_16_0.4_10_[10/60] | maximum test local acc: 83.175
2025-11-21 19:36:23 | INFO | caltech-101_sepfpl_time_adaptive_16_0.4_10_[10/60] | mean of local acc: 74.380
2025-11-21 19:36:23 | INFO | caltech-101_sepfpl_time_adaptive_16_0.4_10_[10/60] | maximum test neighbor acc: 82.766
2025-11-21 19:36:23 | INFO | caltech-101_sepfpl_time_adaptive_16_0.4_10_[10/60] | mean of neighbor acc: 73.822
