2025-11-21 17:56:11 | INFO | caltech-101_sepfpl_time_adaptive_1_0.4_10_[2/60] | Loading trainer: DP_FPL
2025-11-21 17:56:11 | INFO | caltech-101_sepfpl_time_adaptive_1_0.4_10_[2/60] | Loading dataset: Caltech101
2025-11-21 17:56:11 | INFO | caltech-101_sepfpl_time_adaptive_1_0.4_10_[2/60] | Reading split from %s
2025-11-21 17:56:11 | INFO | caltech-101_sepfpl_time_adaptive_1_0.4_10_[2/60] | Creating a baseline federated dataset
2025-11-21 17:56:11 | INFO | caltech-101_sepfpl_time_adaptive_1_0.4_10_[2/60] | class_num %d
2025-11-21 17:56:11 | INFO | caltech-101_sepfpl_time_adaptive_1_0.4_10_[2/60] | user class dict total %s
2025-11-21 17:56:11 | INFO | caltech-101_sepfpl_time_adaptive_1_0.4_10_[2/60] | idx: %s, output_dict_len: %d
2025-11-21 17:56:11 | INFO | caltech-101_sepfpl_time_adaptive_1_0.4_10_[2/60] | user class dict total %s
2025-11-21 17:56:11 | INFO | caltech-101_sepfpl_time_adaptive_1_0.4_10_[2/60] | idx: %s, output_dict_len: %d
2025-11-21 17:56:11 | INFO | caltech-101_sepfpl_time_adaptive_1_0.4_10_[2/60] | user class dict total %s
2025-11-21 17:56:11 | INFO | caltech-101_sepfpl_time_adaptive_1_0.4_10_[2/60] | idx: %s, output_dict_len: %d
2025-11-21 17:56:11 | INFO | caltech-101_sepfpl_time_adaptive_1_0.4_10_[2/60] | user class dict total %s
2025-11-21 17:56:11 | INFO | caltech-101_sepfpl_time_adaptive_1_0.4_10_[2/60] | idx: %s, output_dict_len: %d
2025-11-21 17:56:11 | INFO | caltech-101_sepfpl_time_adaptive_1_0.4_10_[2/60] | user class dict total %s
2025-11-21 17:56:11 | INFO | caltech-101_sepfpl_time_adaptive_1_0.4_10_[2/60] | idx: %s, output_dict_len: %d
2025-11-21 17:56:11 | INFO | caltech-101_sepfpl_time_adaptive_1_0.4_10_[2/60] | user class dict total %s
2025-11-21 17:56:11 | INFO | caltech-101_sepfpl_time_adaptive_1_0.4_10_[2/60] | idx: %s, output_dict_len: %d
2025-11-21 17:56:11 | INFO | caltech-101_sepfpl_time_adaptive_1_0.4_10_[2/60] | user class dict total %s
2025-11-21 17:56:11 | INFO | caltech-101_sepfpl_time_adaptive_1_0.4_10_[2/60] | idx: %s, output_dict_len: %d
2025-11-21 17:56:11 | INFO | caltech-101_sepfpl_time_adaptive_1_0.4_10_[2/60] | user class dict total %s
2025-11-21 17:56:11 | INFO | caltech-101_sepfpl_time_adaptive_1_0.4_10_[2/60] | idx: %s, output_dict_len: %d
2025-11-21 17:56:11 | INFO | caltech-101_sepfpl_time_adaptive_1_0.4_10_[2/60] | user class dict total %s
2025-11-21 17:56:11 | INFO | caltech-101_sepfpl_time_adaptive_1_0.4_10_[2/60] | idx: %s, output_dict_len: %d
2025-11-21 17:56:11 | INFO | caltech-101_sepfpl_time_adaptive_1_0.4_10_[2/60] | user class dict total %s
2025-11-21 17:56:11 | INFO | caltech-101_sepfpl_time_adaptive_1_0.4_10_[2/60] | idx: %s, output_dict_len: %d
2025-11-21 17:56:11 | INFO | caltech-101_sepfpl_time_adaptive_1_0.4_10_[2/60] | Creating a baseline federated dataset
2025-11-21 17:56:11 | INFO | caltech-101_sepfpl_time_adaptive_1_0.4_10_[2/60] | class_num %d
2025-11-21 17:56:11 | INFO | caltech-101_sepfpl_time_adaptive_1_0.4_10_[2/60] | user class dict total %s
2025-11-21 17:56:11 | INFO | caltech-101_sepfpl_time_adaptive_1_0.4_10_[2/60] | idx: %s, output_dict_len: %d
2025-11-21 17:56:11 | INFO | caltech-101_sepfpl_time_adaptive_1_0.4_10_[2/60] | user class dict total %s
2025-11-21 17:56:11 | INFO | caltech-101_sepfpl_time_adaptive_1_0.4_10_[2/60] | idx: %s, output_dict_len: %d
2025-11-21 17:56:11 | INFO | caltech-101_sepfpl_time_adaptive_1_0.4_10_[2/60] | user class dict total %s
2025-11-21 17:56:11 | INFO | caltech-101_sepfpl_time_adaptive_1_0.4_10_[2/60] | idx: %s, output_dict_len: %d
2025-11-21 17:56:11 | INFO | caltech-101_sepfpl_time_adaptive_1_0.4_10_[2/60] | user class dict total %s
2025-11-21 17:56:11 | INFO | caltech-101_sepfpl_time_adaptive_1_0.4_10_[2/60] | idx: %s, output_dict_len: %d
2025-11-21 17:56:11 | INFO | caltech-101_sepfpl_time_adaptive_1_0.4_10_[2/60] | user class dict total %s
2025-11-21 17:56:11 | INFO | caltech-101_sepfpl_time_adaptive_1_0.4_10_[2/60] | idx: %s, output_dict_len: %d
2025-11-21 17:56:11 | INFO | caltech-101_sepfpl_time_adaptive_1_0.4_10_[2/60] | user class dict total %s
2025-11-21 17:56:11 | INFO | caltech-101_sepfpl_time_adaptive_1_0.4_10_[2/60] | idx: %s, output_dict_len: %d
2025-11-21 17:56:11 | INFO | caltech-101_sepfpl_time_adaptive_1_0.4_10_[2/60] | user class dict total %s
2025-11-21 17:56:11 | INFO | caltech-101_sepfpl_time_adaptive_1_0.4_10_[2/60] | idx: %s, output_dict_len: %d
2025-11-21 17:56:11 | INFO | caltech-101_sepfpl_time_adaptive_1_0.4_10_[2/60] | user class dict total %s
2025-11-21 17:56:11 | INFO | caltech-101_sepfpl_time_adaptive_1_0.4_10_[2/60] | idx: %s, output_dict_len: %d
2025-11-21 17:56:11 | INFO | caltech-101_sepfpl_time_adaptive_1_0.4_10_[2/60] | user class dict total %s
2025-11-21 17:56:11 | INFO | caltech-101_sepfpl_time_adaptive_1_0.4_10_[2/60] | idx: %s, output_dict_len: %d
2025-11-21 17:56:11 | INFO | caltech-101_sepfpl_time_adaptive_1_0.4_10_[2/60] | user class dict total %s
2025-11-21 17:56:11 | INFO | caltech-101_sepfpl_time_adaptive_1_0.4_10_[2/60] | idx: %s, output_dict_len: %d
2025-11-21 17:56:11 | INFO | caltech-101_sepfpl_time_adaptive_1_0.4_10_[2/60] | Loading CLIP (backbone: ViT-B/16)
2025-11-21 17:56:13 | INFO | caltech-101_sepfpl_time_adaptive_1_0.4_10_[2/60] | Building custom CLIP
2025-11-21 17:56:13 | INFO | caltech-101_sepfpl_time_adaptive_1_0.4_10_[2/60] | Turning off gradients in both the image and the text encoder
2025-11-21 17:56:13 | INFO | caltech-101_sepfpl_time_adaptive_1_0.4_10_[2/60] | [wandb] 正在初始化实验：project=SepFPL, name=caltech-101-sepfpl_time_adaptive-rank1-noise0.4-seed1-users10-2/60, mode=offline
2025-11-21 17:56:17 | INFO | caltech-101_sepfpl_time_adaptive_1_0.4_10_[2/60] | [RDP-sepfpl] 轮次 1: ε=0.000743, std=11.463021
2025-11-21 17:56:39 | INFO | caltech-101_sepfpl_time_adaptive_1_0.4_10_[2/60] | [Epoch 1/30] 训练耗时: 21.66s | 平均训练准确率: 53.21
2025-11-21 17:56:39 | INFO | caltech-101_sepfpl_time_adaptive_1_0.4_10_[2/60] | [RDP-sepfpl] 轮次 2: ε=0.001539, std=7.966331
2025-11-21 17:57:01 | INFO | caltech-101_sepfpl_time_adaptive_1_0.4_10_[2/60] | [Epoch 2/30] 训练耗时: 21.99s | 平均训练准确率: 54.29
2025-11-21 17:57:01 | INFO | caltech-101_sepfpl_time_adaptive_1_0.4_10_[2/60] | [RDP-sepfpl] 轮次 3: ε=0.002355, std=6.438881
2025-11-21 17:57:22 | INFO | caltech-101_sepfpl_time_adaptive_1_0.4_10_[2/60] | [Epoch 3/30] 训练耗时: 20.92s | 平均训练准确率: 53.17
2025-11-21 17:57:22 | INFO | caltech-101_sepfpl_time_adaptive_1_0.4_10_[2/60] | [RDP-sepfpl] 轮次 4: ε=0.003186, std=5.536274
2025-11-21 17:57:42 | INFO | caltech-101_sepfpl_time_adaptive_1_0.4_10_[2/60] | [Epoch 4/30] 训练耗时: 20.51s | 平均训练准确率: 52.14
2025-11-21 17:57:42 | INFO | caltech-101_sepfpl_time_adaptive_1_0.4_10_[2/60] | [RDP-sepfpl] 轮次 5: ε=0.004027, std=4.924247
2025-11-21 17:58:03 | INFO | caltech-101_sepfpl_time_adaptive_1_0.4_10_[2/60] | [Epoch 5/30] 训练耗时: 21.09s | 平均训练准确率: 53.26
2025-11-21 17:58:03 | INFO | caltech-101_sepfpl_time_adaptive_1_0.4_10_[2/60] | [RDP-sepfpl] 轮次 6: ε=0.004877, std=4.474759
2025-11-21 17:58:24 | INFO | caltech-101_sepfpl_time_adaptive_1_0.4_10_[2/60] | [Epoch 6/30] 训练耗时: 20.70s | 平均训练准确率: 53.44
2025-11-21 17:58:24 | INFO | caltech-101_sepfpl_time_adaptive_1_0.4_10_[2/60] | [RDP-sepfpl] 轮次 7: ε=0.005734, std=4.126887
2025-11-21 17:58:45 | INFO | caltech-101_sepfpl_time_adaptive_1_0.4_10_[2/60] | [Epoch 7/30] 训练耗时: 20.93s | 平均训练准确率: 52.99
2025-11-21 17:58:45 | INFO | caltech-101_sepfpl_time_adaptive_1_0.4_10_[2/60] | [RDP-sepfpl] 轮次 8: ε=0.006597, std=3.847484
2025-11-21 17:59:06 | INFO | caltech-101_sepfpl_time_adaptive_1_0.4_10_[2/60] | [Epoch 8/30] 训练耗时: 21.55s | 平均训练准确率: 53.21
2025-11-21 17:59:06 | INFO | caltech-101_sepfpl_time_adaptive_1_0.4_10_[2/60] | [RDP-sepfpl] 轮次 9: ε=0.007465, std=3.616777
2025-11-21 17:59:27 | INFO | caltech-101_sepfpl_time_adaptive_1_0.4_10_[2/60] | [Epoch 9/30] 训练耗时: 20.77s | 平均训练准确率: 53.93
2025-11-21 17:59:27 | INFO | caltech-101_sepfpl_time_adaptive_1_0.4_10_[2/60] | [RDP-sepfpl] 轮次 10: ε=0.008339, std=3.422150
2025-11-21 17:59:49 | INFO | caltech-101_sepfpl_time_adaptive_1_0.4_10_[2/60] | [Epoch 10/30] 训练耗时: 21.41s | 平均训练准确率: 53.57
2025-11-21 17:59:49 | INFO | caltech-101_sepfpl_time_adaptive_1_0.4_10_[2/60] | [RDP-sepfpl] 轮次 11: ε=0.009216, std=3.255127
2025-11-21 18:00:10 | INFO | caltech-101_sepfpl_time_adaptive_1_0.4_10_[2/60] | [Epoch 11/30] 训练耗时: 21.24s | 平均训练准确率: 53.17
2025-11-21 18:00:10 | INFO | caltech-101_sepfpl_time_adaptive_1_0.4_10_[2/60] | [RDP-sepfpl] 轮次 12: ε=0.010098, std=3.109775
2025-11-21 18:00:32 | INFO | caltech-101_sepfpl_time_adaptive_1_0.4_10_[2/60] | [Epoch 12/30] 训练耗时: 21.65s | 平均训练准确率: 51.83
2025-11-21 18:00:32 | INFO | caltech-101_sepfpl_time_adaptive_1_0.4_10_[2/60] | [RDP-sepfpl] 轮次 13: ε=0.010984, std=2.981802
2025-11-21 18:00:52 | INFO | caltech-101_sepfpl_time_adaptive_1_0.4_10_[2/60] | [Epoch 13/30] 训练耗时: 20.70s | 平均训练准确率: 54.20
2025-11-21 18:00:52 | INFO | caltech-101_sepfpl_time_adaptive_1_0.4_10_[2/60] | [RDP-sepfpl] 轮次 14: ε=0.011872, std=2.868018
2025-11-21 18:01:13 | INFO | caltech-101_sepfpl_time_adaptive_1_0.4_10_[2/60] | [Epoch 14/30] 训练耗时: 20.84s | 平均训练准确率: 54.42
2025-11-21 18:01:13 | INFO | caltech-101_sepfpl_time_adaptive_1_0.4_10_[2/60] | [RDP-sepfpl] 轮次 15: ε=0.012764, std=2.765994
2025-11-21 18:01:34 | INFO | caltech-101_sepfpl_time_adaptive_1_0.4_10_[2/60] | [Epoch 15/30] 训练耗时: 21.30s | 平均训练准确率: 53.93
2025-11-21 18:01:34 | INFO | caltech-101_sepfpl_time_adaptive_1_0.4_10_[2/60] | [RDP-sepfpl] 轮次 16: ε=0.013659, std=2.673844
2025-11-21 18:01:55 | INFO | caltech-101_sepfpl_time_adaptive_1_0.4_10_[2/60] | [Epoch 16/30] 训练耗时: 20.82s | 平均训练准确率: 53.84
2025-11-21 18:01:55 | INFO | caltech-101_sepfpl_time_adaptive_1_0.4_10_[2/60] | [RDP-sepfpl] 轮次 17: ε=0.014557, std=2.590081
2025-11-21 18:02:16 | INFO | caltech-101_sepfpl_time_adaptive_1_0.4_10_[2/60] | [Epoch 17/30] 训练耗时: 20.43s | 平均训练准确率: 52.50
2025-11-21 18:02:16 | INFO | caltech-101_sepfpl_time_adaptive_1_0.4_10_[2/60] | [RDP-sepfpl] 轮次 18: ε=0.015457, std=2.513512
2025-11-21 18:02:37 | INFO | caltech-101_sepfpl_time_adaptive_1_0.4_10_[2/60] | [Epoch 18/30] 训练耗时: 21.06s | 平均训练准确率: 53.17
2025-11-21 18:02:37 | INFO | caltech-101_sepfpl_time_adaptive_1_0.4_10_[2/60] | [RDP-sepfpl] 轮次 19: ε=0.016360, std=2.443169
2025-11-21 18:02:57 | INFO | caltech-101_sepfpl_time_adaptive_1_0.4_10_[2/60] | [Epoch 19/30] 训练耗时: 20.42s | 平均训练准确率: 54.69
2025-11-21 18:02:57 | INFO | caltech-101_sepfpl_time_adaptive_1_0.4_10_[2/60] | [RDP-sepfpl] 轮次 20: ε=0.017266, std=2.378255
2025-11-21 18:03:18 | INFO | caltech-101_sepfpl_time_adaptive_1_0.4_10_[2/60] | [Epoch 20/30] 训练耗时: 20.98s | 平均训练准确率: 53.08
2025-11-21 18:03:18 | INFO | caltech-101_sepfpl_time_adaptive_1_0.4_10_[2/60] | [RDP-sepfpl] 轮次 21: ε=0.018173, std=2.318110
2025-11-21 18:03:39 | INFO | caltech-101_sepfpl_time_adaptive_1_0.4_10_[2/60] | [Epoch 21/30] 训练耗时: 21.01s | 平均训练准确率: 52.81
2025-11-21 18:03:39 | INFO | caltech-101_sepfpl_time_adaptive_1_0.4_10_[2/60] | [RDP-sepfpl] 轮次 22: ε=0.019083, std=2.262180
2025-11-21 18:04:00 | INFO | caltech-101_sepfpl_time_adaptive_1_0.4_10_[2/60] | [Epoch 22/30] 训练耗时: 21.10s | 平均训练准确率: 53.84
2025-11-21 18:04:00 | INFO | caltech-101_sepfpl_time_adaptive_1_0.4_10_[2/60] | [RDP-sepfpl] 轮次 23: ε=0.019995, std=2.209998
2025-11-21 18:04:22 | INFO | caltech-101_sepfpl_time_adaptive_1_0.4_10_[2/60] | [Epoch 23/30] 训练耗时: 21.32s | 平均训练准确率: 53.08
2025-11-21 18:04:22 | INFO | caltech-101_sepfpl_time_adaptive_1_0.4_10_[2/60] | [RDP-sepfpl] 轮次 24: ε=0.020909, std=2.161166
2025-11-21 18:04:42 | INFO | caltech-101_sepfpl_time_adaptive_1_0.4_10_[2/60] | [Epoch 24/30] 训练耗时: 20.56s | 平均训练准确率: 54.11
2025-11-21 18:04:42 | INFO | caltech-101_sepfpl_time_adaptive_1_0.4_10_[2/60] | [RDP-sepfpl] 轮次 25: ε=0.021824, std=2.115342
2025-11-21 18:05:03 | INFO | caltech-101_sepfpl_time_adaptive_1_0.4_10_[2/60] | [Epoch 25/30] 训练耗时: 20.46s | 平均训练准确率: 54.06
2025-11-21 18:05:03 | INFO | caltech-101_sepfpl_time_adaptive_1_0.4_10_[2/60] | [RDP-sepfpl] 轮次 26: ε=0.022742, std=2.072231
2025-11-21 18:05:23 | INFO | caltech-101_sepfpl_time_adaptive_1_0.4_10_[2/60] | [Epoch 26/30] 训练耗时: 20.40s | 平均训练准确率: 53.75
2025-11-21 18:05:23 | INFO | caltech-101_sepfpl_time_adaptive_1_0.4_10_[2/60] | [RDP-sepfpl] 轮次 27: ε=0.023661, std=2.031576
2025-11-21 18:05:44 | INFO | caltech-101_sepfpl_time_adaptive_1_0.4_10_[2/60] | [Epoch 27/30] 训练耗时: 21.23s | 平均训练准确率: 54.24
2025-11-21 18:05:44 | INFO | caltech-101_sepfpl_time_adaptive_1_0.4_10_[2/60] | [RDP-sepfpl] 轮次 28: ε=0.024582, std=1.993155
2025-11-21 18:06:06 | INFO | caltech-101_sepfpl_time_adaptive_1_0.4_10_[2/60] | [Epoch 28/30] 训练耗时: 21.86s | 平均训练准确率: 53.39
2025-11-21 18:06:06 | INFO | caltech-101_sepfpl_time_adaptive_1_0.4_10_[2/60] | 
2025-11-21 18:06:06 | INFO | caltech-101_sepfpl_time_adaptive_1_0.4_10_[2/60] | ================================================================================
2025-11-21 18:06:06 | INFO | caltech-101_sepfpl_time_adaptive_1_0.4_10_[2/60] |                     TEST START - Epoch 28/30
2025-11-21 18:06:06 | INFO | caltech-101_sepfpl_time_adaptive_1_0.4_10_[2/60] | ================================================================================
2025-11-21 18:06:06 | INFO | caltech-101_sepfpl_time_adaptive_1_0.4_10_[2/60] | 
2025-11-21 18:09:06 | INFO | caltech-101_sepfpl_time_adaptive_1_0.4_10_[2/60] | 
================= Local Test Results ==================
+----------+----------+------------+----------+
| Client   | Accuracy | Error Rate | Macro F1 |
+----------+----------+------------+----------+
| Client 0 |    21.80 |      78.20 |    47.42 |
| Client 1 |    75.57 |      24.43 |    81.47 |
| Client 2 |    63.64 |      36.36 |    64.94 |
| Client 3 |    49.38 |      50.62 |    52.51 |
| Client 4 |    85.52 |      14.48 |    82.25 |
| Client 5 |    82.80 |      17.20 |    87.46 |
| Client 6 |    41.52 |      58.48 |    49.66 |
| Client 7 |    85.64 |      14.36 |    68.34 |
| Client 8 |    82.65 |      17.35 |    63.66 |
| Client 9 |    79.13 |      20.87 |    76.26 |
| Average  |    66.77 |      33.23 |    67.40 |
+----------+----------+------------+----------+

2025-11-21 18:09:06 | INFO | caltech-101_sepfpl_time_adaptive_1_0.4_10_[2/60] | 
================= Neighbor Test Results ==================
+----------+----------+------------+----------+
| Client   | Accuracy | Error Rate | Macro F1 |
+----------+----------+------------+----------+
| Client 0 |    78.07 |      21.93 |    65.78 |
| Client 1 |    67.23 |      32.77 |    57.46 |
| Client 2 |    67.11 |      32.89 |    59.02 |
| Client 3 |    67.30 |      32.70 |    57.95 |
| Client 4 |    63.64 |      36.36 |    53.82 |
| Client 5 |    63.95 |      36.05 |    53.67 |
| Client 6 |    67.00 |      33.00 |    56.73 |
| Client 7 |    61.43 |      38.57 |    55.65 |
| Client 8 |    62.29 |      37.71 |    55.68 |
| Client 9 |    64.81 |      35.19 |    54.64 |
| Average  |    66.28 |      33.72 |    57.04 |
+----------+----------+------------+----------+

2025-11-21 18:09:06 | INFO | caltech-101_sepfpl_time_adaptive_1_0.4_10_[2/60] | 
2025-11-21 18:09:06 | INFO | caltech-101_sepfpl_time_adaptive_1_0.4_10_[2/60] | ================================================================================
2025-11-21 18:09:06 | INFO | caltech-101_sepfpl_time_adaptive_1_0.4_10_[2/60] |                     TEST FINISH - Epoch 28/30
2025-11-21 18:09:06 | INFO | caltech-101_sepfpl_time_adaptive_1_0.4_10_[2/60] |                     测试耗时: 179.98s
2025-11-21 18:09:06 | INFO | caltech-101_sepfpl_time_adaptive_1_0.4_10_[2/60] | ================================================================================
2025-11-21 18:09:06 | INFO | caltech-101_sepfpl_time_adaptive_1_0.4_10_[2/60] | 
2025-11-21 18:09:06 | INFO | caltech-101_sepfpl_time_adaptive_1_0.4_10_[2/60] | [RDP-sepfpl] 轮次 29: ε=0.025505, std=1.956772
2025-11-21 18:09:30 | INFO | caltech-101_sepfpl_time_adaptive_1_0.4_10_[2/60] | [Epoch 29/30] 训练耗时: 23.52s | 平均训练准确率: 58.39
2025-11-21 18:09:30 | INFO | caltech-101_sepfpl_time_adaptive_1_0.4_10_[2/60] | 
2025-11-21 18:09:30 | INFO | caltech-101_sepfpl_time_adaptive_1_0.4_10_[2/60] | ================================================================================
2025-11-21 18:09:30 | INFO | caltech-101_sepfpl_time_adaptive_1_0.4_10_[2/60] |                     TEST START - Epoch 29/30
2025-11-21 18:09:30 | INFO | caltech-101_sepfpl_time_adaptive_1_0.4_10_[2/60] | ================================================================================
2025-11-21 18:09:30 | INFO | caltech-101_sepfpl_time_adaptive_1_0.4_10_[2/60] | 
2025-11-21 18:12:29 | INFO | caltech-101_sepfpl_time_adaptive_1_0.4_10_[2/60] | 
================= Local Test Results ==================
+----------+----------+------------+----------+
| Client   | Accuracy | Error Rate | Macro F1 |
+----------+----------+------------+----------+
| Client 0 |    29.82 |      70.18 |    55.92 |
| Client 1 |    81.82 |      18.18 |    88.31 |
| Client 2 |    67.53 |      32.47 |    68.77 |
| Client 3 |    58.64 |      41.36 |    60.16 |
| Client 4 |    81.00 |      19.00 |    80.10 |
| Client 5 |    85.99 |      14.01 |    87.05 |
| Client 6 |    56.14 |      43.86 |    61.36 |
| Client 7 |    90.59 |       9.41 |    79.16 |
| Client 8 |    87.23 |      12.77 |    76.56 |
| Client 9 |    91.75 |       8.25 |    88.22 |
| Average  |    73.05 |      26.95 |    74.56 |
+----------+----------+------------+----------+

2025-11-21 18:12:29 | INFO | caltech-101_sepfpl_time_adaptive_1_0.4_10_[2/60] | 
================= Neighbor Test Results ==================
+----------+----------+------------+----------+
| Client   | Accuracy | Error Rate | Macro F1 |
+----------+----------+------------+----------+
| Client 0 |    74.49 |      25.51 |    68.93 |
| Client 1 |    65.79 |      34.21 |    62.27 |
| Client 2 |    70.23 |      29.77 |    67.00 |
| Client 3 |    73.04 |      26.96 |    68.36 |
| Client 4 |    72.33 |      27.67 |    66.34 |
| Client 5 |    72.79 |      27.21 |    65.85 |
| Client 6 |    75.76 |      24.24 |    69.42 |
| Client 7 |    71.91 |      28.09 |    66.83 |
| Client 8 |    72.88 |      27.12 |    66.94 |
| Client 9 |    74.02 |      25.98 |    66.59 |
| Average  |    72.32 |      27.68 |    66.85 |
+----------+----------+------------+----------+

2025-11-21 18:12:29 | INFO | caltech-101_sepfpl_time_adaptive_1_0.4_10_[2/60] | 
2025-11-21 18:12:29 | INFO | caltech-101_sepfpl_time_adaptive_1_0.4_10_[2/60] | ================================================================================
2025-11-21 18:12:29 | INFO | caltech-101_sepfpl_time_adaptive_1_0.4_10_[2/60] |                     TEST FINISH - Epoch 29/30
2025-11-21 18:12:29 | INFO | caltech-101_sepfpl_time_adaptive_1_0.4_10_[2/60] |                     测试耗时: 179.44s
2025-11-21 18:12:29 | INFO | caltech-101_sepfpl_time_adaptive_1_0.4_10_[2/60] | ================================================================================
2025-11-21 18:12:29 | INFO | caltech-101_sepfpl_time_adaptive_1_0.4_10_[2/60] | 
2025-11-21 18:12:29 | INFO | caltech-101_sepfpl_time_adaptive_1_0.4_10_[2/60] | [RDP-sepfpl] 轮次 30: ε=0.026429, std=1.922252
2025-11-21 18:12:54 | INFO | caltech-101_sepfpl_time_adaptive_1_0.4_10_[2/60] | [Epoch 30/30] 训练耗时: 24.80s | 平均训练准确率: 63.30
2025-11-21 18:12:54 | INFO | caltech-101_sepfpl_time_adaptive_1_0.4_10_[2/60] | 
2025-11-21 18:12:54 | INFO | caltech-101_sepfpl_time_adaptive_1_0.4_10_[2/60] | ================================================================================
2025-11-21 18:12:54 | INFO | caltech-101_sepfpl_time_adaptive_1_0.4_10_[2/60] |                     TEST START - Epoch 30/30
2025-11-21 18:12:54 | INFO | caltech-101_sepfpl_time_adaptive_1_0.4_10_[2/60] | ================================================================================
2025-11-21 18:12:54 | INFO | caltech-101_sepfpl_time_adaptive_1_0.4_10_[2/60] | 
2025-11-21 18:15:56 | INFO | caltech-101_sepfpl_time_adaptive_1_0.4_10_[2/60] | 
================= Local Test Results ==================
+----------+----------+------------+----------+
| Client   | Accuracy | Error Rate | Macro F1 |
+----------+----------+------------+----------+
| Client 0 |    56.14 |      43.86 |    72.90 |
| Client 1 |    93.18 |       6.82 |    91.96 |
| Client 2 |    68.18 |      31.82 |    71.71 |
| Client 3 |    76.54 |      23.46 |    81.44 |
| Client 4 |    82.81 |      17.19 |    82.53 |
| Client 5 |    93.63 |       6.37 |    95.60 |
| Client 6 |    80.12 |      19.88 |    85.02 |
| Client 7 |    95.05 |       4.95 |    92.53 |
| Client 8 |    91.57 |       8.43 |    85.07 |
| Client 9 |    89.32 |      10.68 |    86.24 |
| Average  |    82.65 |      17.35 |    84.50 |
+----------+----------+------------+----------+

2025-11-21 18:15:56 | INFO | caltech-101_sepfpl_time_adaptive_1_0.4_10_[2/60] | 
================= Neighbor Test Results ==================
+----------+----------+------------+----------+
| Client   | Accuracy | Error Rate | Macro F1 |
+----------+----------+------------+----------+
| Client 0 |    86.50 |      13.50 |    79.75 |
| Client 1 |    81.78 |      18.22 |    77.90 |
| Client 2 |    84.16 |      15.84 |    81.56 |
| Client 3 |    83.41 |      16.59 |    79.44 |
| Client 4 |    82.84 |      17.16 |    78.48 |
| Client 5 |    81.80 |      18.20 |    77.18 |
| Client 6 |    82.48 |      17.52 |    77.83 |
| Client 7 |    79.33 |      20.67 |    76.74 |
| Client 8 |    79.90 |      20.10 |    76.77 |
| Client 9 |    81.14 |      18.86 |    77.91 |
| Average  |    82.34 |      17.66 |    78.36 |
+----------+----------+------------+----------+

2025-11-21 18:15:56 | INFO | caltech-101_sepfpl_time_adaptive_1_0.4_10_[2/60] | 
2025-11-21 18:15:56 | INFO | caltech-101_sepfpl_time_adaptive_1_0.4_10_[2/60] | ================================================================================
2025-11-21 18:15:56 | INFO | caltech-101_sepfpl_time_adaptive_1_0.4_10_[2/60] |                     TEST FINISH - Epoch 30/30
2025-11-21 18:15:56 | INFO | caltech-101_sepfpl_time_adaptive_1_0.4_10_[2/60] |                     测试耗时: 182.72s
2025-11-21 18:15:56 | INFO | caltech-101_sepfpl_time_adaptive_1_0.4_10_[2/60] | ================================================================================
2025-11-21 18:15:56 | INFO | caltech-101_sepfpl_time_adaptive_1_0.4_10_[2/60] | 
2025-11-21 18:15:56 | INFO | caltech-101_sepfpl_time_adaptive_1_0.4_10_[2/60] | maximum test local acc: 82.654
2025-11-21 18:15:56 | INFO | caltech-101_sepfpl_time_adaptive_1_0.4_10_[2/60] | mean of local acc: 74.157
2025-11-21 18:15:56 | INFO | caltech-101_sepfpl_time_adaptive_1_0.4_10_[2/60] | maximum test neighbor acc: 82.335
2025-11-21 18:15:56 | INFO | caltech-101_sepfpl_time_adaptive_1_0.4_10_[2/60] | mean of neighbor acc: 73.647
