2025-11-21 21:09:02 | INFO | caltech-101_sepfpl_time_adaptive_1_0.01_10_[22/60] | Loading trainer: DP_FPL
2025-11-21 21:09:02 | INFO | caltech-101_sepfpl_time_adaptive_1_0.01_10_[22/60] | Loading dataset: Caltech101
2025-11-21 21:09:02 | INFO | caltech-101_sepfpl_time_adaptive_1_0.01_10_[22/60] | Reading split from %s
2025-11-21 21:09:02 | INFO | caltech-101_sepfpl_time_adaptive_1_0.01_10_[22/60] | Creating a baseline federated dataset
2025-11-21 21:09:02 | INFO | caltech-101_sepfpl_time_adaptive_1_0.01_10_[22/60] | class_num %d
2025-11-21 21:09:02 | INFO | caltech-101_sepfpl_time_adaptive_1_0.01_10_[22/60] | user class dict total %s
2025-11-21 21:09:02 | INFO | caltech-101_sepfpl_time_adaptive_1_0.01_10_[22/60] | idx: %s, output_dict_len: %d
2025-11-21 21:09:02 | INFO | caltech-101_sepfpl_time_adaptive_1_0.01_10_[22/60] | user class dict total %s
2025-11-21 21:09:02 | INFO | caltech-101_sepfpl_time_adaptive_1_0.01_10_[22/60] | idx: %s, output_dict_len: %d
2025-11-21 21:09:02 | INFO | caltech-101_sepfpl_time_adaptive_1_0.01_10_[22/60] | user class dict total %s
2025-11-21 21:09:02 | INFO | caltech-101_sepfpl_time_adaptive_1_0.01_10_[22/60] | idx: %s, output_dict_len: %d
2025-11-21 21:09:02 | INFO | caltech-101_sepfpl_time_adaptive_1_0.01_10_[22/60] | user class dict total %s
2025-11-21 21:09:02 | INFO | caltech-101_sepfpl_time_adaptive_1_0.01_10_[22/60] | idx: %s, output_dict_len: %d
2025-11-21 21:09:02 | INFO | caltech-101_sepfpl_time_adaptive_1_0.01_10_[22/60] | user class dict total %s
2025-11-21 21:09:02 | INFO | caltech-101_sepfpl_time_adaptive_1_0.01_10_[22/60] | idx: %s, output_dict_len: %d
2025-11-21 21:09:02 | INFO | caltech-101_sepfpl_time_adaptive_1_0.01_10_[22/60] | user class dict total %s
2025-11-21 21:09:02 | INFO | caltech-101_sepfpl_time_adaptive_1_0.01_10_[22/60] | idx: %s, output_dict_len: %d
2025-11-21 21:09:02 | INFO | caltech-101_sepfpl_time_adaptive_1_0.01_10_[22/60] | user class dict total %s
2025-11-21 21:09:02 | INFO | caltech-101_sepfpl_time_adaptive_1_0.01_10_[22/60] | idx: %s, output_dict_len: %d
2025-11-21 21:09:02 | INFO | caltech-101_sepfpl_time_adaptive_1_0.01_10_[22/60] | user class dict total %s
2025-11-21 21:09:02 | INFO | caltech-101_sepfpl_time_adaptive_1_0.01_10_[22/60] | idx: %s, output_dict_len: %d
2025-11-21 21:09:02 | INFO | caltech-101_sepfpl_time_adaptive_1_0.01_10_[22/60] | user class dict total %s
2025-11-21 21:09:02 | INFO | caltech-101_sepfpl_time_adaptive_1_0.01_10_[22/60] | idx: %s, output_dict_len: %d
2025-11-21 21:09:02 | INFO | caltech-101_sepfpl_time_adaptive_1_0.01_10_[22/60] | user class dict total %s
2025-11-21 21:09:02 | INFO | caltech-101_sepfpl_time_adaptive_1_0.01_10_[22/60] | idx: %s, output_dict_len: %d
2025-11-21 21:09:02 | INFO | caltech-101_sepfpl_time_adaptive_1_0.01_10_[22/60] | Creating a baseline federated dataset
2025-11-21 21:09:02 | INFO | caltech-101_sepfpl_time_adaptive_1_0.01_10_[22/60] | class_num %d
2025-11-21 21:09:02 | INFO | caltech-101_sepfpl_time_adaptive_1_0.01_10_[22/60] | user class dict total %s
2025-11-21 21:09:02 | INFO | caltech-101_sepfpl_time_adaptive_1_0.01_10_[22/60] | idx: %s, output_dict_len: %d
2025-11-21 21:09:02 | INFO | caltech-101_sepfpl_time_adaptive_1_0.01_10_[22/60] | user class dict total %s
2025-11-21 21:09:02 | INFO | caltech-101_sepfpl_time_adaptive_1_0.01_10_[22/60] | idx: %s, output_dict_len: %d
2025-11-21 21:09:02 | INFO | caltech-101_sepfpl_time_adaptive_1_0.01_10_[22/60] | user class dict total %s
2025-11-21 21:09:02 | INFO | caltech-101_sepfpl_time_adaptive_1_0.01_10_[22/60] | idx: %s, output_dict_len: %d
2025-11-21 21:09:02 | INFO | caltech-101_sepfpl_time_adaptive_1_0.01_10_[22/60] | user class dict total %s
2025-11-21 21:09:02 | INFO | caltech-101_sepfpl_time_adaptive_1_0.01_10_[22/60] | idx: %s, output_dict_len: %d
2025-11-21 21:09:02 | INFO | caltech-101_sepfpl_time_adaptive_1_0.01_10_[22/60] | user class dict total %s
2025-11-21 21:09:02 | INFO | caltech-101_sepfpl_time_adaptive_1_0.01_10_[22/60] | idx: %s, output_dict_len: %d
2025-11-21 21:09:02 | INFO | caltech-101_sepfpl_time_adaptive_1_0.01_10_[22/60] | user class dict total %s
2025-11-21 21:09:02 | INFO | caltech-101_sepfpl_time_adaptive_1_0.01_10_[22/60] | idx: %s, output_dict_len: %d
2025-11-21 21:09:02 | INFO | caltech-101_sepfpl_time_adaptive_1_0.01_10_[22/60] | user class dict total %s
2025-11-21 21:09:02 | INFO | caltech-101_sepfpl_time_adaptive_1_0.01_10_[22/60] | idx: %s, output_dict_len: %d
2025-11-21 21:09:02 | INFO | caltech-101_sepfpl_time_adaptive_1_0.01_10_[22/60] | user class dict total %s
2025-11-21 21:09:02 | INFO | caltech-101_sepfpl_time_adaptive_1_0.01_10_[22/60] | idx: %s, output_dict_len: %d
2025-11-21 21:09:02 | INFO | caltech-101_sepfpl_time_adaptive_1_0.01_10_[22/60] | user class dict total %s
2025-11-21 21:09:02 | INFO | caltech-101_sepfpl_time_adaptive_1_0.01_10_[22/60] | idx: %s, output_dict_len: %d
2025-11-21 21:09:02 | INFO | caltech-101_sepfpl_time_adaptive_1_0.01_10_[22/60] | user class dict total %s
2025-11-21 21:09:02 | INFO | caltech-101_sepfpl_time_adaptive_1_0.01_10_[22/60] | idx: %s, output_dict_len: %d
2025-11-21 21:09:02 | INFO | caltech-101_sepfpl_time_adaptive_1_0.01_10_[22/60] | Loading CLIP (backbone: ViT-B/16)
2025-11-21 21:09:04 | INFO | caltech-101_sepfpl_time_adaptive_1_0.01_10_[22/60] | Building custom CLIP
2025-11-21 21:09:04 | INFO | caltech-101_sepfpl_time_adaptive_1_0.01_10_[22/60] | Turning off gradients in both the image and the text encoder
2025-11-21 21:09:04 | INFO | caltech-101_sepfpl_time_adaptive_1_0.01_10_[22/60] | [wandb] 正在初始化实验：project=SepFPL, name=caltech-101-sepfpl_time_adaptive-rank1-noise0.01-seed1-users10-22/60, mode=offline
2025-11-21 21:09:07 | INFO | caltech-101_sepfpl_time_adaptive_1_0.01_10_[22/60] | [RDP-sepfpl] 轮次 1: ε=0.000019, std=72.498511
2025-11-21 21:09:26 | INFO | caltech-101_sepfpl_time_adaptive_1_0.01_10_[22/60] | [Epoch 1/30] 训练耗时: 19.09s | 平均训练准确率: 53.21
2025-11-21 21:09:26 | INFO | caltech-101_sepfpl_time_adaptive_1_0.01_10_[22/60] | [RDP-sepfpl] 轮次 2: ε=0.000038, std=50.383500
2025-11-21 21:09:44 | INFO | caltech-101_sepfpl_time_adaptive_1_0.01_10_[22/60] | [Epoch 2/30] 训练耗时: 18.44s | 平均训练准确率: 54.29
2025-11-21 21:09:44 | INFO | caltech-101_sepfpl_time_adaptive_1_0.01_10_[22/60] | [RDP-sepfpl] 轮次 3: ε=0.000059, std=40.723062
2025-11-21 21:10:02 | INFO | caltech-101_sepfpl_time_adaptive_1_0.01_10_[22/60] | [Epoch 3/30] 训练耗时: 17.38s | 平均训练准确率: 53.17
2025-11-21 21:10:02 | INFO | caltech-101_sepfpl_time_adaptive_1_0.01_10_[22/60] | [RDP-sepfpl] 轮次 4: ε=0.000080, std=35.014473
2025-11-21 21:10:20 | INFO | caltech-101_sepfpl_time_adaptive_1_0.01_10_[22/60] | [Epoch 4/30] 训练耗时: 18.50s | 平均训练准确率: 52.14
2025-11-21 21:10:20 | INFO | caltech-101_sepfpl_time_adaptive_1_0.01_10_[22/60] | [RDP-sepfpl] 轮次 5: ε=0.000101, std=31.143673
2025-11-21 21:10:40 | INFO | caltech-101_sepfpl_time_adaptive_1_0.01_10_[22/60] | [Epoch 5/30] 训练耗时: 19.66s | 平均训练准确率: 53.26
2025-11-21 21:10:40 | INFO | caltech-101_sepfpl_time_adaptive_1_0.01_10_[22/60] | [RDP-sepfpl] 轮次 6: ε=0.000122, std=28.300863
2025-11-21 21:10:59 | INFO | caltech-101_sepfpl_time_adaptive_1_0.01_10_[22/60] | [Epoch 6/30] 训练耗时: 19.26s | 平均训练准确率: 53.44
2025-11-21 21:10:59 | INFO | caltech-101_sepfpl_time_adaptive_1_0.01_10_[22/60] | [RDP-sepfpl] 轮次 7: ε=0.000143, std=26.100728
2025-11-21 21:11:18 | INFO | caltech-101_sepfpl_time_adaptive_1_0.01_10_[22/60] | [Epoch 7/30] 训练耗时: 18.74s | 平均训练准确率: 52.99
2025-11-21 21:11:18 | INFO | caltech-101_sepfpl_time_adaptive_1_0.01_10_[22/60] | [RDP-sepfpl] 轮次 8: ε=0.000165, std=24.333627
2025-11-21 21:11:37 | INFO | caltech-101_sepfpl_time_adaptive_1_0.01_10_[22/60] | [Epoch 8/30] 训练耗时: 18.87s | 平均训练准确率: 53.21
2025-11-21 21:11:37 | INFO | caltech-101_sepfpl_time_adaptive_1_0.01_10_[22/60] | [RDP-sepfpl] 轮次 9: ε=0.000187, std=22.874508
2025-11-21 21:11:56 | INFO | caltech-101_sepfpl_time_adaptive_1_0.01_10_[22/60] | [Epoch 9/30] 训练耗时: 18.81s | 平均训练准确率: 53.93
2025-11-21 21:11:56 | INFO | caltech-101_sepfpl_time_adaptive_1_0.01_10_[22/60] | [RDP-sepfpl] 轮次 10: ε=0.000208, std=21.643579
2025-11-21 21:12:14 | INFO | caltech-101_sepfpl_time_adaptive_1_0.01_10_[22/60] | [Epoch 10/30] 训练耗时: 18.61s | 平均训练准确率: 53.57
2025-11-21 21:12:14 | INFO | caltech-101_sepfpl_time_adaptive_1_0.01_10_[22/60] | [RDP-sepfpl] 轮次 11: ε=0.000230, std=20.587230
2025-11-21 21:12:32 | INFO | caltech-101_sepfpl_time_adaptive_1_0.01_10_[22/60] | [Epoch 11/30] 训练耗时: 17.39s | 平均训练准确率: 53.17
2025-11-21 21:12:32 | INFO | caltech-101_sepfpl_time_adaptive_1_0.01_10_[22/60] | [RDP-sepfpl] 轮次 12: ε=0.000252, std=19.667943
2025-11-21 21:12:50 | INFO | caltech-101_sepfpl_time_adaptive_1_0.01_10_[22/60] | [Epoch 12/30] 训练耗时: 17.99s | 平均训练准确率: 51.83
2025-11-21 21:12:50 | INFO | caltech-101_sepfpl_time_adaptive_1_0.01_10_[22/60] | [RDP-sepfpl] 轮次 13: ε=0.000275, std=18.858573
2025-11-21 21:13:07 | INFO | caltech-101_sepfpl_time_adaptive_1_0.01_10_[22/60] | [Epoch 13/30] 训练耗时: 17.70s | 平均训练准确率: 54.20
2025-11-21 21:13:07 | INFO | caltech-101_sepfpl_time_adaptive_1_0.01_10_[22/60] | [RDP-sepfpl] 轮次 14: ε=0.000297, std=18.138938
2025-11-21 21:13:26 | INFO | caltech-101_sepfpl_time_adaptive_1_0.01_10_[22/60] | [Epoch 14/30] 训练耗时: 18.31s | 平均训练准确率: 54.42
2025-11-21 21:13:26 | INFO | caltech-101_sepfpl_time_adaptive_1_0.01_10_[22/60] | [RDP-sepfpl] 轮次 15: ε=0.000319, std=17.493680
2025-11-21 21:13:43 | INFO | caltech-101_sepfpl_time_adaptive_1_0.01_10_[22/60] | [Epoch 15/30] 训练耗时: 17.90s | 平均训练准确率: 53.93
2025-11-21 21:13:43 | INFO | caltech-101_sepfpl_time_adaptive_1_0.01_10_[22/60] | [RDP-sepfpl] 轮次 16: ε=0.000341, std=16.910876
2025-11-21 21:14:02 | INFO | caltech-101_sepfpl_time_adaptive_1_0.01_10_[22/60] | [Epoch 16/30] 训练耗时: 18.49s | 平均训练准确率: 53.84
2025-11-21 21:14:02 | INFO | caltech-101_sepfpl_time_adaptive_1_0.01_10_[22/60] | [RDP-sepfpl] 轮次 17: ε=0.000364, std=16.381113
2025-11-21 21:14:20 | INFO | caltech-101_sepfpl_time_adaptive_1_0.01_10_[22/60] | [Epoch 17/30] 训练耗时: 17.80s | 平均训练准确率: 52.50
2025-11-21 21:14:20 | INFO | caltech-101_sepfpl_time_adaptive_1_0.01_10_[22/60] | [RDP-sepfpl] 轮次 18: ε=0.000386, std=15.896848
2025-11-21 21:14:38 | INFO | caltech-101_sepfpl_time_adaptive_1_0.01_10_[22/60] | [Epoch 18/30] 训练耗时: 18.33s | 平均训练准确率: 53.17
2025-11-21 21:14:38 | INFO | caltech-101_sepfpl_time_adaptive_1_0.01_10_[22/60] | [RDP-sepfpl] 轮次 19: ε=0.000409, std=15.451955
2025-11-21 21:14:56 | INFO | caltech-101_sepfpl_time_adaptive_1_0.01_10_[22/60] | [Epoch 19/30] 训练耗时: 18.02s | 平均训练准确率: 54.69
2025-11-21 21:14:56 | INFO | caltech-101_sepfpl_time_adaptive_1_0.01_10_[22/60] | [RDP-sepfpl] 轮次 20: ε=0.000432, std=15.041403
2025-11-21 21:15:16 | INFO | caltech-101_sepfpl_time_adaptive_1_0.01_10_[22/60] | [Epoch 20/30] 训练耗时: 19.56s | 平均训练准确率: 53.08
2025-11-21 21:15:16 | INFO | caltech-101_sepfpl_time_adaptive_1_0.01_10_[22/60] | [RDP-sepfpl] 轮次 21: ε=0.000454, std=14.661012
2025-11-21 21:15:36 | INFO | caltech-101_sepfpl_time_adaptive_1_0.01_10_[22/60] | [Epoch 21/30] 训练耗时: 20.14s | 平均训练准确率: 52.81
2025-11-21 21:15:36 | INFO | caltech-101_sepfpl_time_adaptive_1_0.01_10_[22/60] | [RDP-sepfpl] 轮次 22: ε=0.000477, std=14.307283
2025-11-21 21:15:56 | INFO | caltech-101_sepfpl_time_adaptive_1_0.01_10_[22/60] | [Epoch 22/30] 训练耗时: 20.31s | 平均训练准确率: 53.84
2025-11-21 21:15:56 | INFO | caltech-101_sepfpl_time_adaptive_1_0.01_10_[22/60] | [RDP-sepfpl] 轮次 23: ε=0.000500, std=13.977258
2025-11-21 21:16:15 | INFO | caltech-101_sepfpl_time_adaptive_1_0.01_10_[22/60] | [Epoch 23/30] 训练耗时: 18.41s | 平均训练准确率: 53.08
2025-11-21 21:16:15 | INFO | caltech-101_sepfpl_time_adaptive_1_0.01_10_[22/60] | [RDP-sepfpl] 轮次 24: ε=0.000523, std=13.668416
2025-11-21 21:16:32 | INFO | caltech-101_sepfpl_time_adaptive_1_0.01_10_[22/60] | [Epoch 24/30] 训练耗时: 17.79s | 平均训练准确率: 54.11
2025-11-21 21:16:32 | INFO | caltech-101_sepfpl_time_adaptive_1_0.01_10_[22/60] | [RDP-sepfpl] 轮次 25: ε=0.000546, std=13.378597
2025-11-21 21:16:50 | INFO | caltech-101_sepfpl_time_adaptive_1_0.01_10_[22/60] | [Epoch 25/30] 训练耗时: 17.73s | 平均训练准确率: 54.06
2025-11-21 21:16:50 | INFO | caltech-101_sepfpl_time_adaptive_1_0.01_10_[22/60] | [RDP-sepfpl] 轮次 26: ε=0.000569, std=13.105937
2025-11-21 21:17:08 | INFO | caltech-101_sepfpl_time_adaptive_1_0.01_10_[22/60] | [Epoch 26/30] 训练耗时: 18.16s | 平均训练准确率: 53.75
2025-11-21 21:17:08 | INFO | caltech-101_sepfpl_time_adaptive_1_0.01_10_[22/60] | [RDP-sepfpl] 轮次 27: ε=0.000592, std=12.848816
2025-11-21 21:17:26 | INFO | caltech-101_sepfpl_time_adaptive_1_0.01_10_[22/60] | [Epoch 27/30] 训练耗时: 18.12s | 平均训练准确率: 54.24
2025-11-21 21:17:26 | INFO | caltech-101_sepfpl_time_adaptive_1_0.01_10_[22/60] | [RDP-sepfpl] 轮次 28: ε=0.000615, std=12.605820
2025-11-21 21:17:45 | INFO | caltech-101_sepfpl_time_adaptive_1_0.01_10_[22/60] | [Epoch 28/30] 训练耗时: 18.86s | 平均训练准确率: 53.39
2025-11-21 21:17:45 | INFO | caltech-101_sepfpl_time_adaptive_1_0.01_10_[22/60] | 
2025-11-21 21:17:45 | INFO | caltech-101_sepfpl_time_adaptive_1_0.01_10_[22/60] | ================================================================================
2025-11-21 21:17:45 | INFO | caltech-101_sepfpl_time_adaptive_1_0.01_10_[22/60] |                     TEST START - Epoch 28/30
2025-11-21 21:17:45 | INFO | caltech-101_sepfpl_time_adaptive_1_0.01_10_[22/60] | ================================================================================
2025-11-21 21:17:45 | INFO | caltech-101_sepfpl_time_adaptive_1_0.01_10_[22/60] | 
2025-11-21 21:20:51 | INFO | caltech-101_sepfpl_time_adaptive_1_0.01_10_[22/60] | 
================= Local Test Results ==================
+----------+----------+------------+----------+
| Client   | Accuracy | Error Rate | Macro F1 |
+----------+----------+------------+----------+
| Client 0 |    40.85 |      59.15 |    58.10 |
| Client 1 |    90.34 |       9.66 |    93.69 |
| Client 2 |    59.09 |      40.91 |    65.90 |
| Client 3 |    48.15 |      51.85 |    54.95 |
| Client 4 |    82.81 |      17.19 |    79.56 |
| Client 5 |    80.89 |      19.11 |    83.48 |
| Client 6 |    71.35 |      28.65 |    76.78 |
| Client 7 |    67.57 |      32.43 |    74.87 |
| Client 8 |    92.29 |       7.71 |    84.82 |
| Client 9 |    82.04 |      17.96 |    77.67 |
| Average  |    71.54 |      28.46 |    74.98 |
+----------+----------+------------+----------+

2025-11-21 21:20:51 | INFO | caltech-101_sepfpl_time_adaptive_1_0.01_10_[22/60] | 
================= Neighbor Test Results ==================
+----------+----------+------------+----------+
| Client   | Accuracy | Error Rate | Macro F1 |
+----------+----------+------------+----------+
| Client 0 |    69.12 |      30.88 |    63.80 |
| Client 1 |    65.01 |      34.99 |    59.27 |
| Client 2 |    69.02 |      30.98 |    65.74 |
| Client 3 |    72.08 |      27.92 |    68.31 |
| Client 4 |    72.59 |      27.41 |    68.77 |
| Client 5 |    76.04 |      23.96 |    70.50 |
| Client 6 |    76.77 |      23.23 |    70.25 |
| Client 7 |    78.26 |      21.74 |    71.41 |
| Client 8 |    75.07 |      24.93 |    69.57 |
| Client 9 |    78.88 |      21.12 |    72.32 |
| Average  |    73.28 |      26.72 |    67.99 |
+----------+----------+------------+----------+

2025-11-21 21:20:51 | INFO | caltech-101_sepfpl_time_adaptive_1_0.01_10_[22/60] | 
2025-11-21 21:20:51 | INFO | caltech-101_sepfpl_time_adaptive_1_0.01_10_[22/60] | ================================================================================
2025-11-21 21:20:51 | INFO | caltech-101_sepfpl_time_adaptive_1_0.01_10_[22/60] |                     TEST FINISH - Epoch 28/30
2025-11-21 21:20:51 | INFO | caltech-101_sepfpl_time_adaptive_1_0.01_10_[22/60] |                     测试耗时: 185.91s
2025-11-21 21:20:51 | INFO | caltech-101_sepfpl_time_adaptive_1_0.01_10_[22/60] | ================================================================================
2025-11-21 21:20:51 | INFO | caltech-101_sepfpl_time_adaptive_1_0.01_10_[22/60] | 
2025-11-21 21:20:51 | INFO | caltech-101_sepfpl_time_adaptive_1_0.01_10_[22/60] | [RDP-sepfpl] 轮次 29: ε=0.000638, std=12.375710
2025-11-21 21:21:12 | INFO | caltech-101_sepfpl_time_adaptive_1_0.01_10_[22/60] | [Epoch 29/30] 训练耗时: 20.51s | 平均训练准确率: 58.84
2025-11-21 21:21:12 | INFO | caltech-101_sepfpl_time_adaptive_1_0.01_10_[22/60] | 
2025-11-21 21:21:12 | INFO | caltech-101_sepfpl_time_adaptive_1_0.01_10_[22/60] | ================================================================================
2025-11-21 21:21:12 | INFO | caltech-101_sepfpl_time_adaptive_1_0.01_10_[22/60] |                     TEST START - Epoch 29/30
2025-11-21 21:21:12 | INFO | caltech-101_sepfpl_time_adaptive_1_0.01_10_[22/60] | ================================================================================
2025-11-21 21:21:12 | INFO | caltech-101_sepfpl_time_adaptive_1_0.01_10_[22/60] | 
2025-11-21 21:24:13 | INFO | caltech-101_sepfpl_time_adaptive_1_0.01_10_[22/60] | 
================= Local Test Results ==================
+----------+----------+------------+----------+
| Client   | Accuracy | Error Rate | Macro F1 |
+----------+----------+------------+----------+
| Client 0 |    35.59 |      64.41 |    57.45 |
| Client 1 |    56.25 |      43.75 |    63.64 |
| Client 2 |    40.26 |      59.74 |    44.18 |
| Client 3 |     9.88 |      90.12 |    10.00 |
| Client 4 |    88.24 |      11.76 |    87.25 |
| Client 5 |    72.61 |      27.39 |    75.67 |
| Client 6 |    32.75 |      67.25 |    38.64 |
| Client 7 |    84.65 |      15.35 |    69.48 |
| Client 8 |    90.84 |       9.16 |    79.33 |
| Client 9 |    74.76 |      25.24 |    70.33 |
| Average  |    58.58 |      41.42 |    59.60 |
+----------+----------+------------+----------+

2025-11-21 21:24:13 | INFO | caltech-101_sepfpl_time_adaptive_1_0.01_10_[22/60] | 
================= Neighbor Test Results ==================
+----------+----------+------------+----------+
| Client   | Accuracy | Error Rate | Macro F1 |
+----------+----------+------------+----------+
| Client 0 |    70.14 |      29.86 |    56.44 |
| Client 1 |    64.44 |      35.56 |    53.93 |
| Client 2 |    50.37 |      49.63 |    44.45 |
| Client 3 |    34.87 |      65.13 |    34.45 |
| Client 4 |    54.63 |      45.37 |    46.66 |
| Client 5 |    67.76 |      32.24 |    56.41 |
| Client 6 |    73.50 |      26.50 |    64.11 |
| Client 7 |    69.09 |      30.91 |    61.96 |
| Client 8 |    68.73 |      31.27 |    60.25 |
| Client 9 |    72.60 |      27.40 |    62.13 |
| Average  |    62.61 |      37.39 |    54.08 |
+----------+----------+------------+----------+

2025-11-21 21:24:13 | INFO | caltech-101_sepfpl_time_adaptive_1_0.01_10_[22/60] | 
2025-11-21 21:24:13 | INFO | caltech-101_sepfpl_time_adaptive_1_0.01_10_[22/60] | ================================================================================
2025-11-21 21:24:13 | INFO | caltech-101_sepfpl_time_adaptive_1_0.01_10_[22/60] |                     TEST FINISH - Epoch 29/30
2025-11-21 21:24:13 | INFO | caltech-101_sepfpl_time_adaptive_1_0.01_10_[22/60] |                     测试耗时: 181.02s
2025-11-21 21:24:13 | INFO | caltech-101_sepfpl_time_adaptive_1_0.01_10_[22/60] | ================================================================================
2025-11-21 21:24:13 | INFO | caltech-101_sepfpl_time_adaptive_1_0.01_10_[22/60] | 
2025-11-21 21:24:13 | INFO | caltech-101_sepfpl_time_adaptive_1_0.01_10_[22/60] | [RDP-sepfpl] 轮次 30: ε=0.000661, std=12.157392
2025-11-21 21:24:37 | INFO | caltech-101_sepfpl_time_adaptive_1_0.01_10_[22/60] | [Epoch 30/30] 训练耗时: 24.28s | 平均训练准确率: 50.58
2025-11-21 21:24:37 | INFO | caltech-101_sepfpl_time_adaptive_1_0.01_10_[22/60] | 
2025-11-21 21:24:37 | INFO | caltech-101_sepfpl_time_adaptive_1_0.01_10_[22/60] | ================================================================================
2025-11-21 21:24:37 | INFO | caltech-101_sepfpl_time_adaptive_1_0.01_10_[22/60] |                     TEST START - Epoch 30/30
2025-11-21 21:24:37 | INFO | caltech-101_sepfpl_time_adaptive_1_0.01_10_[22/60] | ================================================================================
2025-11-21 21:24:37 | INFO | caltech-101_sepfpl_time_adaptive_1_0.01_10_[22/60] | 
2025-11-21 21:27:44 | INFO | caltech-101_sepfpl_time_adaptive_1_0.01_10_[22/60] | 
================= Local Test Results ==================
+----------+----------+------------+----------+
| Client   | Accuracy | Error Rate | Macro F1 |
+----------+----------+------------+----------+
| Client 0 |    40.60 |      59.40 |    66.97 |
| Client 1 |    25.57 |      74.43 |    31.44 |
| Client 2 |    19.48 |      80.52 |    24.47 |
| Client 3 |    22.84 |      77.16 |    28.33 |
| Client 4 |    84.62 |      15.38 |    85.82 |
| Client 5 |    76.43 |      23.57 |    80.07 |
| Client 6 |    44.44 |      55.56 |    54.54 |
| Client 7 |    77.97 |      22.03 |    61.43 |
| Client 8 |    88.67 |      11.33 |    79.60 |
| Client 9 |    75.73 |      24.27 |    70.96 |
| Average  |    55.64 |      44.36 |    58.36 |
+----------+----------+------------+----------+

2025-11-21 21:27:44 | INFO | caltech-101_sepfpl_time_adaptive_1_0.01_10_[22/60] | 
================= Neighbor Test Results ==================
+----------+----------+------------+----------+
| Client   | Accuracy | Error Rate | Macro F1 |
+----------+----------+------------+----------+
| Client 0 |    67.67 |      32.33 |    59.62 |
| Client 1 |    36.39 |      63.61 |    31.03 |
| Client 2 |    28.26 |      71.74 |    22.24 |
| Client 3 |    40.38 |      59.62 |    37.02 |
| Client 4 |    52.01 |      47.99 |    48.16 |
| Client 5 |    68.46 |      31.54 |    60.48 |
| Client 6 |    72.32 |      27.68 |    61.62 |
| Client 7 |    71.37 |      28.63 |    65.81 |
| Client 8 |    70.34 |      29.66 |    64.31 |
| Client 9 |    74.24 |      25.76 |    65.95 |
| Average  |    58.14 |      41.86 |    51.62 |
+----------+----------+------------+----------+

2025-11-21 21:27:44 | INFO | caltech-101_sepfpl_time_adaptive_1_0.01_10_[22/60] | 
2025-11-21 21:27:44 | INFO | caltech-101_sepfpl_time_adaptive_1_0.01_10_[22/60] | ================================================================================
2025-11-21 21:27:44 | INFO | caltech-101_sepfpl_time_adaptive_1_0.01_10_[22/60] |                     TEST FINISH - Epoch 30/30
2025-11-21 21:27:44 | INFO | caltech-101_sepfpl_time_adaptive_1_0.01_10_[22/60] |                     测试耗时: 186.62s
2025-11-21 21:27:44 | INFO | caltech-101_sepfpl_time_adaptive_1_0.01_10_[22/60] | ================================================================================
2025-11-21 21:27:44 | INFO | caltech-101_sepfpl_time_adaptive_1_0.01_10_[22/60] | 
2025-11-21 21:27:44 | INFO | caltech-101_sepfpl_time_adaptive_1_0.01_10_[22/60] | maximum test local acc: 71.538
2025-11-21 21:27:44 | INFO | caltech-101_sepfpl_time_adaptive_1_0.01_10_[22/60] | mean of local acc: 61.919
2025-11-21 21:27:44 | INFO | caltech-101_sepfpl_time_adaptive_1_0.01_10_[22/60] | maximum test neighbor acc: 73.284
2025-11-21 21:27:44 | INFO | caltech-101_sepfpl_time_adaptive_1_0.01_10_[22/60] | mean of neighbor acc: 64.680
