2025-11-21 19:56:38 | INFO | caltech-101_sepfpl_time_adaptive_2_0.1_10_[14/60] | Loading trainer: DP_FPL
2025-11-21 19:56:38 | INFO | caltech-101_sepfpl_time_adaptive_2_0.1_10_[14/60] | Loading dataset: Caltech101
2025-11-21 19:56:38 | INFO | caltech-101_sepfpl_time_adaptive_2_0.1_10_[14/60] | Reading split from %s
2025-11-21 19:56:38 | INFO | caltech-101_sepfpl_time_adaptive_2_0.1_10_[14/60] | Creating a baseline federated dataset
2025-11-21 19:56:38 | INFO | caltech-101_sepfpl_time_adaptive_2_0.1_10_[14/60] | class_num %d
2025-11-21 19:56:38 | INFO | caltech-101_sepfpl_time_adaptive_2_0.1_10_[14/60] | user class dict total %s
2025-11-21 19:56:38 | INFO | caltech-101_sepfpl_time_adaptive_2_0.1_10_[14/60] | idx: %s, output_dict_len: %d
2025-11-21 19:56:38 | INFO | caltech-101_sepfpl_time_adaptive_2_0.1_10_[14/60] | user class dict total %s
2025-11-21 19:56:38 | INFO | caltech-101_sepfpl_time_adaptive_2_0.1_10_[14/60] | idx: %s, output_dict_len: %d
2025-11-21 19:56:38 | INFO | caltech-101_sepfpl_time_adaptive_2_0.1_10_[14/60] | user class dict total %s
2025-11-21 19:56:38 | INFO | caltech-101_sepfpl_time_adaptive_2_0.1_10_[14/60] | idx: %s, output_dict_len: %d
2025-11-21 19:56:38 | INFO | caltech-101_sepfpl_time_adaptive_2_0.1_10_[14/60] | user class dict total %s
2025-11-21 19:56:38 | INFO | caltech-101_sepfpl_time_adaptive_2_0.1_10_[14/60] | idx: %s, output_dict_len: %d
2025-11-21 19:56:38 | INFO | caltech-101_sepfpl_time_adaptive_2_0.1_10_[14/60] | user class dict total %s
2025-11-21 19:56:38 | INFO | caltech-101_sepfpl_time_adaptive_2_0.1_10_[14/60] | idx: %s, output_dict_len: %d
2025-11-21 19:56:38 | INFO | caltech-101_sepfpl_time_adaptive_2_0.1_10_[14/60] | user class dict total %s
2025-11-21 19:56:38 | INFO | caltech-101_sepfpl_time_adaptive_2_0.1_10_[14/60] | idx: %s, output_dict_len: %d
2025-11-21 19:56:38 | INFO | caltech-101_sepfpl_time_adaptive_2_0.1_10_[14/60] | user class dict total %s
2025-11-21 19:56:38 | INFO | caltech-101_sepfpl_time_adaptive_2_0.1_10_[14/60] | idx: %s, output_dict_len: %d
2025-11-21 19:56:38 | INFO | caltech-101_sepfpl_time_adaptive_2_0.1_10_[14/60] | user class dict total %s
2025-11-21 19:56:38 | INFO | caltech-101_sepfpl_time_adaptive_2_0.1_10_[14/60] | idx: %s, output_dict_len: %d
2025-11-21 19:56:38 | INFO | caltech-101_sepfpl_time_adaptive_2_0.1_10_[14/60] | user class dict total %s
2025-11-21 19:56:38 | INFO | caltech-101_sepfpl_time_adaptive_2_0.1_10_[14/60] | idx: %s, output_dict_len: %d
2025-11-21 19:56:38 | INFO | caltech-101_sepfpl_time_adaptive_2_0.1_10_[14/60] | user class dict total %s
2025-11-21 19:56:38 | INFO | caltech-101_sepfpl_time_adaptive_2_0.1_10_[14/60] | idx: %s, output_dict_len: %d
2025-11-21 19:56:38 | INFO | caltech-101_sepfpl_time_adaptive_2_0.1_10_[14/60] | Creating a baseline federated dataset
2025-11-21 19:56:38 | INFO | caltech-101_sepfpl_time_adaptive_2_0.1_10_[14/60] | class_num %d
2025-11-21 19:56:38 | INFO | caltech-101_sepfpl_time_adaptive_2_0.1_10_[14/60] | user class dict total %s
2025-11-21 19:56:38 | INFO | caltech-101_sepfpl_time_adaptive_2_0.1_10_[14/60] | idx: %s, output_dict_len: %d
2025-11-21 19:56:38 | INFO | caltech-101_sepfpl_time_adaptive_2_0.1_10_[14/60] | user class dict total %s
2025-11-21 19:56:38 | INFO | caltech-101_sepfpl_time_adaptive_2_0.1_10_[14/60] | idx: %s, output_dict_len: %d
2025-11-21 19:56:38 | INFO | caltech-101_sepfpl_time_adaptive_2_0.1_10_[14/60] | user class dict total %s
2025-11-21 19:56:38 | INFO | caltech-101_sepfpl_time_adaptive_2_0.1_10_[14/60] | idx: %s, output_dict_len: %d
2025-11-21 19:56:38 | INFO | caltech-101_sepfpl_time_adaptive_2_0.1_10_[14/60] | user class dict total %s
2025-11-21 19:56:38 | INFO | caltech-101_sepfpl_time_adaptive_2_0.1_10_[14/60] | idx: %s, output_dict_len: %d
2025-11-21 19:56:38 | INFO | caltech-101_sepfpl_time_adaptive_2_0.1_10_[14/60] | user class dict total %s
2025-11-21 19:56:38 | INFO | caltech-101_sepfpl_time_adaptive_2_0.1_10_[14/60] | idx: %s, output_dict_len: %d
2025-11-21 19:56:38 | INFO | caltech-101_sepfpl_time_adaptive_2_0.1_10_[14/60] | user class dict total %s
2025-11-21 19:56:38 | INFO | caltech-101_sepfpl_time_adaptive_2_0.1_10_[14/60] | idx: %s, output_dict_len: %d
2025-11-21 19:56:38 | INFO | caltech-101_sepfpl_time_adaptive_2_0.1_10_[14/60] | user class dict total %s
2025-11-21 19:56:38 | INFO | caltech-101_sepfpl_time_adaptive_2_0.1_10_[14/60] | idx: %s, output_dict_len: %d
2025-11-21 19:56:38 | INFO | caltech-101_sepfpl_time_adaptive_2_0.1_10_[14/60] | user class dict total %s
2025-11-21 19:56:38 | INFO | caltech-101_sepfpl_time_adaptive_2_0.1_10_[14/60] | idx: %s, output_dict_len: %d
2025-11-21 19:56:38 | INFO | caltech-101_sepfpl_time_adaptive_2_0.1_10_[14/60] | user class dict total %s
2025-11-21 19:56:38 | INFO | caltech-101_sepfpl_time_adaptive_2_0.1_10_[14/60] | idx: %s, output_dict_len: %d
2025-11-21 19:56:38 | INFO | caltech-101_sepfpl_time_adaptive_2_0.1_10_[14/60] | user class dict total %s
2025-11-21 19:56:38 | INFO | caltech-101_sepfpl_time_adaptive_2_0.1_10_[14/60] | idx: %s, output_dict_len: %d
2025-11-21 19:56:38 | INFO | caltech-101_sepfpl_time_adaptive_2_0.1_10_[14/60] | Loading CLIP (backbone: ViT-B/16)
2025-11-21 19:56:40 | INFO | caltech-101_sepfpl_time_adaptive_2_0.1_10_[14/60] | Building custom CLIP
2025-11-21 19:56:40 | INFO | caltech-101_sepfpl_time_adaptive_2_0.1_10_[14/60] | Turning off gradients in both the image and the text encoder
2025-11-21 19:56:41 | INFO | caltech-101_sepfpl_time_adaptive_2_0.1_10_[14/60] | [wandb] 正在初始化实验：project=SepFPL, name=caltech-101-sepfpl_time_adaptive-rank2-noise0.1-seed1-users10-14/60, mode=offline
2025-11-21 19:56:43 | INFO | caltech-101_sepfpl_time_adaptive_2_0.1_10_[14/60] | [RDP-sepfpl] 轮次 1: ε=0.000186, std=22.926042
2025-11-21 19:57:04 | INFO | caltech-101_sepfpl_time_adaptive_2_0.1_10_[14/60] | [Epoch 1/30] 训练耗时: 20.38s | 平均训练准确率: 53.12
2025-11-21 19:57:04 | INFO | caltech-101_sepfpl_time_adaptive_2_0.1_10_[14/60] | [RDP-sepfpl] 轮次 2: ε=0.000385, std=15.932662
2025-11-21 19:57:24 | INFO | caltech-101_sepfpl_time_adaptive_2_0.1_10_[14/60] | [Epoch 2/30] 训练耗时: 20.59s | 平均训练准确率: 53.53
2025-11-21 19:57:24 | INFO | caltech-101_sepfpl_time_adaptive_2_0.1_10_[14/60] | [RDP-sepfpl] 轮次 3: ε=0.000589, std=12.877763
2025-11-21 19:57:44 | INFO | caltech-101_sepfpl_time_adaptive_2_0.1_10_[14/60] | [Epoch 3/30] 训练耗时: 20.01s | 平均训练准确率: 54.06
2025-11-21 19:57:44 | INFO | caltech-101_sepfpl_time_adaptive_2_0.1_10_[14/60] | [RDP-sepfpl] 轮次 4: ε=0.000797, std=11.072548
2025-11-21 19:58:04 | INFO | caltech-101_sepfpl_time_adaptive_2_0.1_10_[14/60] | [Epoch 4/30] 训练耗时: 20.07s | 平均训练准确率: 53.26
2025-11-21 19:58:04 | INFO | caltech-101_sepfpl_time_adaptive_2_0.1_10_[14/60] | [RDP-sepfpl] 轮次 5: ε=0.001007, std=9.848494
2025-11-21 19:58:24 | INFO | caltech-101_sepfpl_time_adaptive_2_0.1_10_[14/60] | [Epoch 5/30] 训练耗时: 19.80s | 平均训练准确率: 54.15
2025-11-21 19:58:24 | INFO | caltech-101_sepfpl_time_adaptive_2_0.1_10_[14/60] | [RDP-sepfpl] 轮次 6: ε=0.001219, std=8.949519
2025-11-21 19:58:44 | INFO | caltech-101_sepfpl_time_adaptive_2_0.1_10_[14/60] | [Epoch 6/30] 训练耗时: 19.57s | 平均训练准确率: 53.75
2025-11-21 19:58:44 | INFO | caltech-101_sepfpl_time_adaptive_2_0.1_10_[14/60] | [RDP-sepfpl] 轮次 7: ε=0.001433, std=8.253775
2025-11-21 19:59:04 | INFO | caltech-101_sepfpl_time_adaptive_2_0.1_10_[14/60] | [Epoch 7/30] 训练耗时: 20.04s | 平均训练准确率: 53.21
2025-11-21 19:59:04 | INFO | caltech-101_sepfpl_time_adaptive_2_0.1_10_[14/60] | [RDP-sepfpl] 轮次 8: ε=0.001649, std=7.694968
2025-11-21 19:59:24 | INFO | caltech-101_sepfpl_time_adaptive_2_0.1_10_[14/60] | [Epoch 8/30] 训练耗时: 20.31s | 平均训练准确率: 53.84
2025-11-21 19:59:24 | INFO | caltech-101_sepfpl_time_adaptive_2_0.1_10_[14/60] | [RDP-sepfpl] 轮次 9: ε=0.001866, std=7.233555
2025-11-21 19:59:45 | INFO | caltech-101_sepfpl_time_adaptive_2_0.1_10_[14/60] | [Epoch 9/30] 训练耗时: 20.35s | 平均训练准确率: 52.81
2025-11-21 19:59:45 | INFO | caltech-101_sepfpl_time_adaptive_2_0.1_10_[14/60] | [RDP-sepfpl] 轮次 10: ε=0.002085, std=6.844301
2025-11-21 20:00:05 | INFO | caltech-101_sepfpl_time_adaptive_2_0.1_10_[14/60] | [Epoch 10/30] 训练耗时: 20.22s | 平均训练准确率: 53.66
2025-11-21 20:00:05 | INFO | caltech-101_sepfpl_time_adaptive_2_0.1_10_[14/60] | [RDP-sepfpl] 轮次 11: ε=0.002304, std=6.510254
2025-11-21 20:00:25 | INFO | caltech-101_sepfpl_time_adaptive_2_0.1_10_[14/60] | [Epoch 11/30] 训练耗时: 19.93s | 平均训练准确率: 54.87
2025-11-21 20:00:25 | INFO | caltech-101_sepfpl_time_adaptive_2_0.1_10_[14/60] | [RDP-sepfpl] 轮次 12: ε=0.002525, std=6.219550
2025-11-21 20:00:45 | INFO | caltech-101_sepfpl_time_adaptive_2_0.1_10_[14/60] | [Epoch 12/30] 训练耗时: 20.02s | 平均训练准确率: 53.30
2025-11-21 20:00:45 | INFO | caltech-101_sepfpl_time_adaptive_2_0.1_10_[14/60] | [RDP-sepfpl] 轮次 13: ε=0.002746, std=5.963604
2025-11-21 20:01:05 | INFO | caltech-101_sepfpl_time_adaptive_2_0.1_10_[14/60] | [Epoch 13/30] 训练耗时: 20.55s | 平均训练准确率: 53.57
2025-11-21 20:01:05 | INFO | caltech-101_sepfpl_time_adaptive_2_0.1_10_[14/60] | [RDP-sepfpl] 轮次 14: ε=0.002968, std=5.736036
2025-11-21 20:01:25 | INFO | caltech-101_sepfpl_time_adaptive_2_0.1_10_[14/60] | [Epoch 14/30] 训练耗时: 19.75s | 平均训练准确率: 54.55
2025-11-21 20:01:25 | INFO | caltech-101_sepfpl_time_adaptive_2_0.1_10_[14/60] | [RDP-sepfpl] 轮次 15: ε=0.003191, std=5.531987
2025-11-21 20:01:45 | INFO | caltech-101_sepfpl_time_adaptive_2_0.1_10_[14/60] | [Epoch 15/30] 训练耗时: 19.80s | 平均训练准确率: 52.99
2025-11-21 20:01:45 | INFO | caltech-101_sepfpl_time_adaptive_2_0.1_10_[14/60] | [RDP-sepfpl] 轮次 16: ε=0.003415, std=5.347688
2025-11-21 20:02:05 | INFO | caltech-101_sepfpl_time_adaptive_2_0.1_10_[14/60] | [Epoch 16/30] 训练耗时: 20.03s | 平均训练准确率: 53.26
2025-11-21 20:02:05 | INFO | caltech-101_sepfpl_time_adaptive_2_0.1_10_[14/60] | [RDP-sepfpl] 轮次 17: ε=0.003639, std=5.180163
2025-11-21 20:02:25 | INFO | caltech-101_sepfpl_time_adaptive_2_0.1_10_[14/60] | [Epoch 17/30] 训练耗时: 20.37s | 平均训练准确率: 52.59
2025-11-21 20:02:25 | INFO | caltech-101_sepfpl_time_adaptive_2_0.1_10_[14/60] | [RDP-sepfpl] 轮次 18: ε=0.003864, std=5.027025
2025-11-21 20:02:46 | INFO | caltech-101_sepfpl_time_adaptive_2_0.1_10_[14/60] | [Epoch 18/30] 训练耗时: 20.70s | 平均训练准确率: 54.46
2025-11-21 20:02:46 | INFO | caltech-101_sepfpl_time_adaptive_2_0.1_10_[14/60] | [RDP-sepfpl] 轮次 19: ε=0.004090, std=4.886337
2025-11-21 20:03:06 | INFO | caltech-101_sepfpl_time_adaptive_2_0.1_10_[14/60] | [Epoch 19/30] 训练耗时: 20.16s | 平均训练准确率: 54.96
2025-11-21 20:03:06 | INFO | caltech-101_sepfpl_time_adaptive_2_0.1_10_[14/60] | [RDP-sepfpl] 轮次 20: ε=0.004316, std=4.756509
2025-11-21 20:03:27 | INFO | caltech-101_sepfpl_time_adaptive_2_0.1_10_[14/60] | [Epoch 20/30] 训练耗时: 21.38s | 平均训练准确率: 55.31
2025-11-21 20:03:27 | INFO | caltech-101_sepfpl_time_adaptive_2_0.1_10_[14/60] | [RDP-sepfpl] 轮次 21: ε=0.004543, std=4.636219
2025-11-21 20:03:50 | INFO | caltech-101_sepfpl_time_adaptive_2_0.1_10_[14/60] | [Epoch 21/30] 训练耗时: 22.96s | 平均训练准确率: 53.75
2025-11-21 20:03:50 | INFO | caltech-101_sepfpl_time_adaptive_2_0.1_10_[14/60] | [RDP-sepfpl] 轮次 22: ε=0.004771, std=4.524360
2025-11-21 20:04:14 | INFO | caltech-101_sepfpl_time_adaptive_2_0.1_10_[14/60] | [Epoch 22/30] 训练耗时: 23.41s | 平均训练准确率: 53.75
2025-11-21 20:04:14 | INFO | caltech-101_sepfpl_time_adaptive_2_0.1_10_[14/60] | [RDP-sepfpl] 轮次 23: ε=0.004999, std=4.419997
2025-11-21 20:04:39 | INFO | caltech-101_sepfpl_time_adaptive_2_0.1_10_[14/60] | [Epoch 23/30] 训练耗时: 25.60s | 平均训练准确率: 53.04
2025-11-21 20:04:39 | INFO | caltech-101_sepfpl_time_adaptive_2_0.1_10_[14/60] | [RDP-sepfpl] 轮次 24: ε=0.005227, std=4.322333
2025-11-21 20:05:04 | INFO | caltech-101_sepfpl_time_adaptive_2_0.1_10_[14/60] | [Epoch 24/30] 训练耗时: 24.94s | 平均训练准确率: 54.33
2025-11-21 20:05:04 | INFO | caltech-101_sepfpl_time_adaptive_2_0.1_10_[14/60] | [RDP-sepfpl] 轮次 25: ε=0.005456, std=4.230684
2025-11-21 20:05:29 | INFO | caltech-101_sepfpl_time_adaptive_2_0.1_10_[14/60] | [Epoch 25/30] 训练耗时: 25.10s | 平均训练准确率: 53.57
2025-11-21 20:05:29 | INFO | caltech-101_sepfpl_time_adaptive_2_0.1_10_[14/60] | [RDP-sepfpl] 轮次 26: ε=0.005685, std=4.144461
2025-11-21 20:05:53 | INFO | caltech-101_sepfpl_time_adaptive_2_0.1_10_[14/60] | [Epoch 26/30] 训练耗时: 23.86s | 平均训练准确率: 53.39
2025-11-21 20:05:53 | INFO | caltech-101_sepfpl_time_adaptive_2_0.1_10_[14/60] | [RDP-sepfpl] 轮次 27: ε=0.005915, std=4.063152
2025-11-21 20:06:18 | INFO | caltech-101_sepfpl_time_adaptive_2_0.1_10_[14/60] | [Epoch 27/30] 训练耗时: 24.28s | 平均训练准确率: 53.88
2025-11-21 20:06:18 | INFO | caltech-101_sepfpl_time_adaptive_2_0.1_10_[14/60] | [RDP-sepfpl] 轮次 28: ε=0.006146, std=3.986310
2025-11-21 20:06:41 | INFO | caltech-101_sepfpl_time_adaptive_2_0.1_10_[14/60] | [Epoch 28/30] 训练耗时: 23.77s | 平均训练准确率: 54.55
2025-11-21 20:06:41 | INFO | caltech-101_sepfpl_time_adaptive_2_0.1_10_[14/60] | 
2025-11-21 20:06:41 | INFO | caltech-101_sepfpl_time_adaptive_2_0.1_10_[14/60] | ================================================================================
2025-11-21 20:06:41 | INFO | caltech-101_sepfpl_time_adaptive_2_0.1_10_[14/60] |                     TEST START - Epoch 28/30
2025-11-21 20:06:41 | INFO | caltech-101_sepfpl_time_adaptive_2_0.1_10_[14/60] | ================================================================================
2025-11-21 20:06:41 | INFO | caltech-101_sepfpl_time_adaptive_2_0.1_10_[14/60] | 
2025-11-21 20:10:02 | INFO | caltech-101_sepfpl_time_adaptive_2_0.1_10_[14/60] | 
================= Local Test Results ==================
+----------+----------+------------+----------+
| Client   | Accuracy | Error Rate | Macro F1 |
+----------+----------+------------+----------+
| Client 0 |    25.31 |      74.69 |    50.35 |
| Client 1 |    86.36 |      13.64 |    89.84 |
| Client 2 |    61.69 |      38.31 |    63.15 |
| Client 3 |    45.68 |      54.32 |    46.52 |
| Client 4 |    90.05 |       9.95 |    87.00 |
| Client 5 |    71.97 |      28.03 |    74.57 |
| Client 6 |    38.60 |      61.40 |    43.37 |
| Client 7 |    87.38 |      12.62 |    68.82 |
| Client 8 |    84.82 |      15.18 |    73.78 |
| Client 9 |    82.04 |      17.96 |    80.05 |
| Average  |    67.39 |      32.61 |    67.75 |
+----------+----------+------------+----------+

2025-11-21 20:10:02 | INFO | caltech-101_sepfpl_time_adaptive_2_0.1_10_[14/60] | 
================= Neighbor Test Results ==================
+----------+----------+------------+----------+
| Client   | Accuracy | Error Rate | Macro F1 |
+----------+----------+------------+----------+
| Client 0 |    82.14 |      17.86 |    72.27 |
| Client 1 |    70.03 |      29.97 |    62.37 |
| Client 2 |    67.59 |      32.41 |    59.89 |
| Client 3 |    66.39 |      33.61 |    55.60 |
| Client 4 |    60.83 |      39.17 |    48.61 |
| Client 5 |    61.74 |      38.26 |    49.09 |
| Client 6 |    64.73 |      35.27 |    52.82 |
| Client 7 |    60.70 |      39.30 |    54.39 |
| Client 8 |    63.07 |      36.93 |    56.06 |
| Client 9 |    66.76 |      33.24 |    57.99 |
| Average  |    66.40 |      33.60 |    56.91 |
+----------+----------+------------+----------+

2025-11-21 20:10:02 | INFO | caltech-101_sepfpl_time_adaptive_2_0.1_10_[14/60] | 
2025-11-21 20:10:02 | INFO | caltech-101_sepfpl_time_adaptive_2_0.1_10_[14/60] | ================================================================================
2025-11-21 20:10:02 | INFO | caltech-101_sepfpl_time_adaptive_2_0.1_10_[14/60] |                     TEST FINISH - Epoch 28/30
2025-11-21 20:10:02 | INFO | caltech-101_sepfpl_time_adaptive_2_0.1_10_[14/60] |                     测试耗时: 200.58s
2025-11-21 20:10:02 | INFO | caltech-101_sepfpl_time_adaptive_2_0.1_10_[14/60] | ================================================================================
2025-11-21 20:10:02 | INFO | caltech-101_sepfpl_time_adaptive_2_0.1_10_[14/60] | 
2025-11-21 20:10:02 | INFO | caltech-101_sepfpl_time_adaptive_2_0.1_10_[14/60] | [RDP-sepfpl] 轮次 29: ε=0.006376, std=3.913543
2025-11-21 20:10:24 | INFO | caltech-101_sepfpl_time_adaptive_2_0.1_10_[14/60] | [Epoch 29/30] 训练耗时: 22.47s | 平均训练准确率: 58.30
2025-11-21 20:10:24 | INFO | caltech-101_sepfpl_time_adaptive_2_0.1_10_[14/60] | 
2025-11-21 20:10:24 | INFO | caltech-101_sepfpl_time_adaptive_2_0.1_10_[14/60] | ================================================================================
2025-11-21 20:10:24 | INFO | caltech-101_sepfpl_time_adaptive_2_0.1_10_[14/60] |                     TEST START - Epoch 29/30
2025-11-21 20:10:24 | INFO | caltech-101_sepfpl_time_adaptive_2_0.1_10_[14/60] | ================================================================================
2025-11-21 20:10:24 | INFO | caltech-101_sepfpl_time_adaptive_2_0.1_10_[14/60] | 
2025-11-21 20:13:37 | INFO | caltech-101_sepfpl_time_adaptive_2_0.1_10_[14/60] | 
================= Local Test Results ==================
+----------+----------+------------+----------+
| Client   | Accuracy | Error Rate | Macro F1 |
+----------+----------+------------+----------+
| Client 0 |    32.58 |      67.42 |    51.52 |
| Client 1 |    90.91 |       9.09 |    94.29 |
| Client 2 |    70.78 |      29.22 |    75.33 |
| Client 3 |    50.00 |      50.00 |    58.15 |
| Client 4 |    82.81 |      17.19 |    82.22 |
| Client 5 |    83.44 |      16.56 |    85.19 |
| Client 6 |    55.56 |      44.44 |    61.87 |
| Client 7 |    92.08 |       7.92 |    81.74 |
| Client 8 |    86.02 |      13.98 |    70.27 |
| Client 9 |    92.23 |       7.77 |    88.68 |
| Average  |    73.64 |      26.36 |    74.93 |
+----------+----------+------------+----------+

2025-11-21 20:13:37 | INFO | caltech-101_sepfpl_time_adaptive_2_0.1_10_[14/60] | 
================= Neighbor Test Results ==================
+----------+----------+------------+----------+
| Client   | Accuracy | Error Rate | Macro F1 |
+----------+----------+------------+----------+
| Client 0 |    73.52 |      26.48 |    65.94 |
| Client 1 |    70.90 |      29.10 |    69.38 |
| Client 2 |    68.15 |      31.85 |    68.70 |
| Client 3 |    67.43 |      32.57 |    67.01 |
| Client 4 |    63.32 |      36.68 |    62.62 |
| Client 5 |    68.63 |      31.37 |    63.54 |
| Client 6 |    76.33 |      23.67 |    66.60 |
| Client 7 |    72.39 |      27.61 |    65.82 |
| Client 8 |    73.61 |      26.39 |    66.96 |
| Client 9 |    75.08 |      24.92 |    67.03 |
| Average  |    70.94 |      29.06 |    66.36 |
+----------+----------+------------+----------+

2025-11-21 20:13:37 | INFO | caltech-101_sepfpl_time_adaptive_2_0.1_10_[14/60] | 
2025-11-21 20:13:37 | INFO | caltech-101_sepfpl_time_adaptive_2_0.1_10_[14/60] | ================================================================================
2025-11-21 20:13:37 | INFO | caltech-101_sepfpl_time_adaptive_2_0.1_10_[14/60] |                     TEST FINISH - Epoch 29/30
2025-11-21 20:13:37 | INFO | caltech-101_sepfpl_time_adaptive_2_0.1_10_[14/60] |                     测试耗时: 192.93s
2025-11-21 20:13:37 | INFO | caltech-101_sepfpl_time_adaptive_2_0.1_10_[14/60] | ================================================================================
2025-11-21 20:13:37 | INFO | caltech-101_sepfpl_time_adaptive_2_0.1_10_[14/60] | 
2025-11-21 20:13:37 | INFO | caltech-101_sepfpl_time_adaptive_2_0.1_10_[14/60] | [RDP-sepfpl] 轮次 30: ε=0.006607, std=3.844505
2025-11-21 20:14:00 | INFO | caltech-101_sepfpl_time_adaptive_2_0.1_10_[14/60] | [Epoch 30/30] 训练耗时: 22.90s | 平均训练准确率: 64.51
2025-11-21 20:14:00 | INFO | caltech-101_sepfpl_time_adaptive_2_0.1_10_[14/60] | 
2025-11-21 20:14:00 | INFO | caltech-101_sepfpl_time_adaptive_2_0.1_10_[14/60] | ================================================================================
2025-11-21 20:14:00 | INFO | caltech-101_sepfpl_time_adaptive_2_0.1_10_[14/60] |                     TEST START - Epoch 30/30
2025-11-21 20:14:00 | INFO | caltech-101_sepfpl_time_adaptive_2_0.1_10_[14/60] | ================================================================================
2025-11-21 20:14:00 | INFO | caltech-101_sepfpl_time_adaptive_2_0.1_10_[14/60] | 
2025-11-21 20:16:57 | INFO | caltech-101_sepfpl_time_adaptive_2_0.1_10_[14/60] | 
================= Local Test Results ==================
+----------+----------+------------+----------+
| Client   | Accuracy | Error Rate | Macro F1 |
+----------+----------+------------+----------+
| Client 0 |    55.39 |      44.61 |    71.61 |
| Client 1 |    84.09 |      15.91 |    89.41 |
| Client 2 |    59.74 |      40.26 |    61.99 |
| Client 3 |    64.20 |      35.80 |    67.75 |
| Client 4 |    84.62 |      15.38 |    83.15 |
| Client 5 |    90.45 |       9.55 |    92.35 |
| Client 6 |    70.76 |      29.24 |    75.17 |
| Client 7 |    94.80 |       5.20 |    91.72 |
| Client 8 |    88.92 |      11.08 |    79.70 |
| Client 9 |    90.78 |       9.22 |    87.07 |
| Average  |    78.37 |      21.63 |    79.99 |
+----------+----------+------------+----------+

2025-11-21 20:16:57 | INFO | caltech-101_sepfpl_time_adaptive_2_0.1_10_[14/60] | 
================= Neighbor Test Results ==================
+----------+----------+------------+----------+
| Client   | Accuracy | Error Rate | Macro F1 |
+----------+----------+------------+----------+
| Client 0 |    83.45 |      16.55 |    75.02 |
| Client 1 |    77.37 |      22.63 |    71.24 |
| Client 2 |    77.80 |      22.20 |    73.05 |
| Client 3 |    78.77 |      21.23 |    73.05 |
| Client 4 |    78.21 |      21.79 |    72.61 |
| Client 5 |    78.68 |      21.32 |    72.81 |
| Client 6 |    79.82 |      20.18 |    74.30 |
| Client 7 |    75.98 |      24.02 |    72.48 |
| Client 8 |    76.39 |      23.61 |    70.27 |
| Client 9 |    76.80 |      23.20 |    70.07 |
| Average  |    78.33 |      21.67 |    72.49 |
+----------+----------+------------+----------+

2025-11-21 20:16:57 | INFO | caltech-101_sepfpl_time_adaptive_2_0.1_10_[14/60] | 
2025-11-21 20:16:57 | INFO | caltech-101_sepfpl_time_adaptive_2_0.1_10_[14/60] | ================================================================================
2025-11-21 20:16:57 | INFO | caltech-101_sepfpl_time_adaptive_2_0.1_10_[14/60] |                     TEST FINISH - Epoch 30/30
2025-11-21 20:16:57 | INFO | caltech-101_sepfpl_time_adaptive_2_0.1_10_[14/60] |                     测试耗时: 176.57s
2025-11-21 20:16:57 | INFO | caltech-101_sepfpl_time_adaptive_2_0.1_10_[14/60] | ================================================================================
2025-11-21 20:16:57 | INFO | caltech-101_sepfpl_time_adaptive_2_0.1_10_[14/60] | 
2025-11-21 20:16:57 | INFO | caltech-101_sepfpl_time_adaptive_2_0.1_10_[14/60] | maximum test local acc: 78.373
2025-11-21 20:16:57 | INFO | caltech-101_sepfpl_time_adaptive_2_0.1_10_[14/60] | mean of local acc: 73.134
2025-11-21 20:16:57 | INFO | caltech-101_sepfpl_time_adaptive_2_0.1_10_[14/60] | maximum test neighbor acc: 78.327
2025-11-21 20:16:57 | INFO | caltech-101_sepfpl_time_adaptive_2_0.1_10_[14/60] | mean of neighbor acc: 71.888
