2025-11-21 18:36:04 | INFO | caltech-101_sepfpl_time_adaptive_4_0.4_10_[6/60] | Loading trainer: DP_FPL
2025-11-21 18:36:04 | INFO | caltech-101_sepfpl_time_adaptive_4_0.4_10_[6/60] | Loading dataset: Caltech101
2025-11-21 18:36:04 | INFO | caltech-101_sepfpl_time_adaptive_4_0.4_10_[6/60] | Reading split from %s
2025-11-21 18:36:04 | INFO | caltech-101_sepfpl_time_adaptive_4_0.4_10_[6/60] | Creating a baseline federated dataset
2025-11-21 18:36:04 | INFO | caltech-101_sepfpl_time_adaptive_4_0.4_10_[6/60] | class_num %d
2025-11-21 18:36:04 | INFO | caltech-101_sepfpl_time_adaptive_4_0.4_10_[6/60] | user class dict total %s
2025-11-21 18:36:04 | INFO | caltech-101_sepfpl_time_adaptive_4_0.4_10_[6/60] | idx: %s, output_dict_len: %d
2025-11-21 18:36:04 | INFO | caltech-101_sepfpl_time_adaptive_4_0.4_10_[6/60] | user class dict total %s
2025-11-21 18:36:04 | INFO | caltech-101_sepfpl_time_adaptive_4_0.4_10_[6/60] | idx: %s, output_dict_len: %d
2025-11-21 18:36:04 | INFO | caltech-101_sepfpl_time_adaptive_4_0.4_10_[6/60] | user class dict total %s
2025-11-21 18:36:04 | INFO | caltech-101_sepfpl_time_adaptive_4_0.4_10_[6/60] | idx: %s, output_dict_len: %d
2025-11-21 18:36:04 | INFO | caltech-101_sepfpl_time_adaptive_4_0.4_10_[6/60] | user class dict total %s
2025-11-21 18:36:04 | INFO | caltech-101_sepfpl_time_adaptive_4_0.4_10_[6/60] | idx: %s, output_dict_len: %d
2025-11-21 18:36:04 | INFO | caltech-101_sepfpl_time_adaptive_4_0.4_10_[6/60] | user class dict total %s
2025-11-21 18:36:04 | INFO | caltech-101_sepfpl_time_adaptive_4_0.4_10_[6/60] | idx: %s, output_dict_len: %d
2025-11-21 18:36:04 | INFO | caltech-101_sepfpl_time_adaptive_4_0.4_10_[6/60] | user class dict total %s
2025-11-21 18:36:04 | INFO | caltech-101_sepfpl_time_adaptive_4_0.4_10_[6/60] | idx: %s, output_dict_len: %d
2025-11-21 18:36:04 | INFO | caltech-101_sepfpl_time_adaptive_4_0.4_10_[6/60] | user class dict total %s
2025-11-21 18:36:04 | INFO | caltech-101_sepfpl_time_adaptive_4_0.4_10_[6/60] | idx: %s, output_dict_len: %d
2025-11-21 18:36:04 | INFO | caltech-101_sepfpl_time_adaptive_4_0.4_10_[6/60] | user class dict total %s
2025-11-21 18:36:04 | INFO | caltech-101_sepfpl_time_adaptive_4_0.4_10_[6/60] | idx: %s, output_dict_len: %d
2025-11-21 18:36:04 | INFO | caltech-101_sepfpl_time_adaptive_4_0.4_10_[6/60] | user class dict total %s
2025-11-21 18:36:04 | INFO | caltech-101_sepfpl_time_adaptive_4_0.4_10_[6/60] | idx: %s, output_dict_len: %d
2025-11-21 18:36:04 | INFO | caltech-101_sepfpl_time_adaptive_4_0.4_10_[6/60] | user class dict total %s
2025-11-21 18:36:04 | INFO | caltech-101_sepfpl_time_adaptive_4_0.4_10_[6/60] | idx: %s, output_dict_len: %d
2025-11-21 18:36:04 | INFO | caltech-101_sepfpl_time_adaptive_4_0.4_10_[6/60] | Creating a baseline federated dataset
2025-11-21 18:36:04 | INFO | caltech-101_sepfpl_time_adaptive_4_0.4_10_[6/60] | class_num %d
2025-11-21 18:36:04 | INFO | caltech-101_sepfpl_time_adaptive_4_0.4_10_[6/60] | user class dict total %s
2025-11-21 18:36:04 | INFO | caltech-101_sepfpl_time_adaptive_4_0.4_10_[6/60] | idx: %s, output_dict_len: %d
2025-11-21 18:36:04 | INFO | caltech-101_sepfpl_time_adaptive_4_0.4_10_[6/60] | user class dict total %s
2025-11-21 18:36:04 | INFO | caltech-101_sepfpl_time_adaptive_4_0.4_10_[6/60] | idx: %s, output_dict_len: %d
2025-11-21 18:36:04 | INFO | caltech-101_sepfpl_time_adaptive_4_0.4_10_[6/60] | user class dict total %s
2025-11-21 18:36:04 | INFO | caltech-101_sepfpl_time_adaptive_4_0.4_10_[6/60] | idx: %s, output_dict_len: %d
2025-11-21 18:36:04 | INFO | caltech-101_sepfpl_time_adaptive_4_0.4_10_[6/60] | user class dict total %s
2025-11-21 18:36:04 | INFO | caltech-101_sepfpl_time_adaptive_4_0.4_10_[6/60] | idx: %s, output_dict_len: %d
2025-11-21 18:36:04 | INFO | caltech-101_sepfpl_time_adaptive_4_0.4_10_[6/60] | user class dict total %s
2025-11-21 18:36:04 | INFO | caltech-101_sepfpl_time_adaptive_4_0.4_10_[6/60] | idx: %s, output_dict_len: %d
2025-11-21 18:36:04 | INFO | caltech-101_sepfpl_time_adaptive_4_0.4_10_[6/60] | user class dict total %s
2025-11-21 18:36:04 | INFO | caltech-101_sepfpl_time_adaptive_4_0.4_10_[6/60] | idx: %s, output_dict_len: %d
2025-11-21 18:36:04 | INFO | caltech-101_sepfpl_time_adaptive_4_0.4_10_[6/60] | user class dict total %s
2025-11-21 18:36:04 | INFO | caltech-101_sepfpl_time_adaptive_4_0.4_10_[6/60] | idx: %s, output_dict_len: %d
2025-11-21 18:36:04 | INFO | caltech-101_sepfpl_time_adaptive_4_0.4_10_[6/60] | user class dict total %s
2025-11-21 18:36:04 | INFO | caltech-101_sepfpl_time_adaptive_4_0.4_10_[6/60] | idx: %s, output_dict_len: %d
2025-11-21 18:36:04 | INFO | caltech-101_sepfpl_time_adaptive_4_0.4_10_[6/60] | user class dict total %s
2025-11-21 18:36:04 | INFO | caltech-101_sepfpl_time_adaptive_4_0.4_10_[6/60] | idx: %s, output_dict_len: %d
2025-11-21 18:36:04 | INFO | caltech-101_sepfpl_time_adaptive_4_0.4_10_[6/60] | user class dict total %s
2025-11-21 18:36:04 | INFO | caltech-101_sepfpl_time_adaptive_4_0.4_10_[6/60] | idx: %s, output_dict_len: %d
2025-11-21 18:36:04 | INFO | caltech-101_sepfpl_time_adaptive_4_0.4_10_[6/60] | Loading CLIP (backbone: ViT-B/16)
2025-11-21 18:36:06 | INFO | caltech-101_sepfpl_time_adaptive_4_0.4_10_[6/60] | Building custom CLIP
2025-11-21 18:36:06 | INFO | caltech-101_sepfpl_time_adaptive_4_0.4_10_[6/60] | Turning off gradients in both the image and the text encoder
2025-11-21 18:36:06 | INFO | caltech-101_sepfpl_time_adaptive_4_0.4_10_[6/60] | [wandb] 正在初始化实验：project=SepFPL, name=caltech-101-sepfpl_time_adaptive-rank4-noise0.4-seed1-users10-6/60, mode=offline
2025-11-21 18:36:09 | INFO | caltech-101_sepfpl_time_adaptive_4_0.4_10_[6/60] | [RDP-sepfpl] 轮次 1: ε=0.000743, std=11.463021
2025-11-21 18:36:35 | INFO | caltech-101_sepfpl_time_adaptive_4_0.4_10_[6/60] | [Epoch 1/30] 训练耗时: 25.50s | 平均训练准确率: 54.82
2025-11-21 18:36:35 | INFO | caltech-101_sepfpl_time_adaptive_4_0.4_10_[6/60] | [RDP-sepfpl] 轮次 2: ε=0.001539, std=7.966331
2025-11-21 18:36:59 | INFO | caltech-101_sepfpl_time_adaptive_4_0.4_10_[6/60] | [Epoch 2/30] 训练耗时: 23.84s | 平均训练准确率: 52.90
2025-11-21 18:36:59 | INFO | caltech-101_sepfpl_time_adaptive_4_0.4_10_[6/60] | [RDP-sepfpl] 轮次 3: ε=0.002355, std=6.438881
2025-11-21 18:37:22 | INFO | caltech-101_sepfpl_time_adaptive_4_0.4_10_[6/60] | [Epoch 3/30] 训练耗时: 23.76s | 平均训练准确率: 53.57
2025-11-21 18:37:22 | INFO | caltech-101_sepfpl_time_adaptive_4_0.4_10_[6/60] | [RDP-sepfpl] 轮次 4: ε=0.003186, std=5.536274
2025-11-21 18:37:46 | INFO | caltech-101_sepfpl_time_adaptive_4_0.4_10_[6/60] | [Epoch 4/30] 训练耗时: 23.17s | 平均训练准确率: 53.97
2025-11-21 18:37:46 | INFO | caltech-101_sepfpl_time_adaptive_4_0.4_10_[6/60] | [RDP-sepfpl] 轮次 5: ε=0.004027, std=4.924247
2025-11-21 18:38:09 | INFO | caltech-101_sepfpl_time_adaptive_4_0.4_10_[6/60] | [Epoch 5/30] 训练耗时: 23.42s | 平均训练准确率: 54.55
2025-11-21 18:38:09 | INFO | caltech-101_sepfpl_time_adaptive_4_0.4_10_[6/60] | [RDP-sepfpl] 轮次 6: ε=0.004877, std=4.474759
2025-11-21 18:38:32 | INFO | caltech-101_sepfpl_time_adaptive_4_0.4_10_[6/60] | [Epoch 6/30] 训练耗时: 22.89s | 平均训练准确率: 52.50
2025-11-21 18:38:32 | INFO | caltech-101_sepfpl_time_adaptive_4_0.4_10_[6/60] | [RDP-sepfpl] 轮次 7: ε=0.005734, std=4.126887
2025-11-21 18:38:53 | INFO | caltech-101_sepfpl_time_adaptive_4_0.4_10_[6/60] | [Epoch 7/30] 训练耗时: 21.08s | 平均训练准确率: 53.44
2025-11-21 18:38:53 | INFO | caltech-101_sepfpl_time_adaptive_4_0.4_10_[6/60] | [RDP-sepfpl] 轮次 8: ε=0.006597, std=3.847484
2025-11-21 18:39:17 | INFO | caltech-101_sepfpl_time_adaptive_4_0.4_10_[6/60] | [Epoch 8/30] 训练耗时: 23.74s | 平均训练准确率: 53.35
2025-11-21 18:39:17 | INFO | caltech-101_sepfpl_time_adaptive_4_0.4_10_[6/60] | [RDP-sepfpl] 轮次 9: ε=0.007465, std=3.616777
2025-11-21 18:39:40 | INFO | caltech-101_sepfpl_time_adaptive_4_0.4_10_[6/60] | [Epoch 9/30] 训练耗时: 23.00s | 平均训练准确率: 54.02
2025-11-21 18:39:40 | INFO | caltech-101_sepfpl_time_adaptive_4_0.4_10_[6/60] | [RDP-sepfpl] 轮次 10: ε=0.008339, std=3.422150
2025-11-21 18:40:05 | INFO | caltech-101_sepfpl_time_adaptive_4_0.4_10_[6/60] | [Epoch 10/30] 训练耗时: 25.15s | 平均训练准确率: 52.77
2025-11-21 18:40:05 | INFO | caltech-101_sepfpl_time_adaptive_4_0.4_10_[6/60] | [RDP-sepfpl] 轮次 11: ε=0.009216, std=3.255127
2025-11-21 18:40:29 | INFO | caltech-101_sepfpl_time_adaptive_4_0.4_10_[6/60] | [Epoch 11/30] 训练耗时: 24.08s | 平均训练准确率: 54.69
2025-11-21 18:40:29 | INFO | caltech-101_sepfpl_time_adaptive_4_0.4_10_[6/60] | [RDP-sepfpl] 轮次 12: ε=0.010098, std=3.109775
2025-11-21 18:40:52 | INFO | caltech-101_sepfpl_time_adaptive_4_0.4_10_[6/60] | [Epoch 12/30] 训练耗时: 23.20s | 平均训练准确率: 54.20
2025-11-21 18:40:52 | INFO | caltech-101_sepfpl_time_adaptive_4_0.4_10_[6/60] | [RDP-sepfpl] 轮次 13: ε=0.010984, std=2.981802
2025-11-21 18:41:17 | INFO | caltech-101_sepfpl_time_adaptive_4_0.4_10_[6/60] | [Epoch 13/30] 训练耗时: 24.94s | 平均训练准确率: 55.13
2025-11-21 18:41:17 | INFO | caltech-101_sepfpl_time_adaptive_4_0.4_10_[6/60] | [RDP-sepfpl] 轮次 14: ε=0.011872, std=2.868018
2025-11-21 18:41:41 | INFO | caltech-101_sepfpl_time_adaptive_4_0.4_10_[6/60] | [Epoch 14/30] 训练耗时: 23.78s | 平均训练准确率: 53.44
2025-11-21 18:41:41 | INFO | caltech-101_sepfpl_time_adaptive_4_0.4_10_[6/60] | [RDP-sepfpl] 轮次 15: ε=0.012764, std=2.765994
2025-11-21 18:42:03 | INFO | caltech-101_sepfpl_time_adaptive_4_0.4_10_[6/60] | [Epoch 15/30] 训练耗时: 22.43s | 平均训练准确率: 53.53
2025-11-21 18:42:03 | INFO | caltech-101_sepfpl_time_adaptive_4_0.4_10_[6/60] | [RDP-sepfpl] 轮次 16: ε=0.013659, std=2.673844
2025-11-21 18:42:23 | INFO | caltech-101_sepfpl_time_adaptive_4_0.4_10_[6/60] | [Epoch 16/30] 训练耗时: 19.27s | 平均训练准确率: 53.44
2025-11-21 18:42:23 | INFO | caltech-101_sepfpl_time_adaptive_4_0.4_10_[6/60] | [RDP-sepfpl] 轮次 17: ε=0.014557, std=2.590081
2025-11-21 18:42:42 | INFO | caltech-101_sepfpl_time_adaptive_4_0.4_10_[6/60] | [Epoch 17/30] 训练耗时: 19.89s | 平均训练准确率: 53.93
2025-11-21 18:42:42 | INFO | caltech-101_sepfpl_time_adaptive_4_0.4_10_[6/60] | [RDP-sepfpl] 轮次 18: ε=0.015457, std=2.513512
2025-11-21 18:43:03 | INFO | caltech-101_sepfpl_time_adaptive_4_0.4_10_[6/60] | [Epoch 18/30] 训练耗时: 20.35s | 平均训练准确率: 52.95
2025-11-21 18:43:03 | INFO | caltech-101_sepfpl_time_adaptive_4_0.4_10_[6/60] | [RDP-sepfpl] 轮次 19: ε=0.016360, std=2.443169
2025-11-21 18:43:24 | INFO | caltech-101_sepfpl_time_adaptive_4_0.4_10_[6/60] | [Epoch 19/30] 训练耗时: 20.78s | 平均训练准确率: 53.57
2025-11-21 18:43:24 | INFO | caltech-101_sepfpl_time_adaptive_4_0.4_10_[6/60] | [RDP-sepfpl] 轮次 20: ε=0.017266, std=2.378255
2025-11-21 18:43:44 | INFO | caltech-101_sepfpl_time_adaptive_4_0.4_10_[6/60] | [Epoch 20/30] 训练耗时: 20.11s | 平均训练准确率: 53.44
2025-11-21 18:43:44 | INFO | caltech-101_sepfpl_time_adaptive_4_0.4_10_[6/60] | [RDP-sepfpl] 轮次 21: ε=0.018173, std=2.318110
2025-11-21 18:44:04 | INFO | caltech-101_sepfpl_time_adaptive_4_0.4_10_[6/60] | [Epoch 21/30] 训练耗时: 20.23s | 平均训练准确率: 53.35
2025-11-21 18:44:04 | INFO | caltech-101_sepfpl_time_adaptive_4_0.4_10_[6/60] | [RDP-sepfpl] 轮次 22: ε=0.019083, std=2.262180
2025-11-21 18:44:24 | INFO | caltech-101_sepfpl_time_adaptive_4_0.4_10_[6/60] | [Epoch 22/30] 训练耗时: 19.64s | 平均训练准确率: 53.75
2025-11-21 18:44:24 | INFO | caltech-101_sepfpl_time_adaptive_4_0.4_10_[6/60] | [RDP-sepfpl] 轮次 23: ε=0.019995, std=2.209998
2025-11-21 18:44:45 | INFO | caltech-101_sepfpl_time_adaptive_4_0.4_10_[6/60] | [Epoch 23/30] 训练耗时: 21.33s | 平均训练准确率: 53.97
2025-11-21 18:44:45 | INFO | caltech-101_sepfpl_time_adaptive_4_0.4_10_[6/60] | [RDP-sepfpl] 轮次 24: ε=0.020909, std=2.161166
2025-11-21 18:45:05 | INFO | caltech-101_sepfpl_time_adaptive_4_0.4_10_[6/60] | [Epoch 24/30] 训练耗时: 20.11s | 平均训练准确率: 54.02
2025-11-21 18:45:05 | INFO | caltech-101_sepfpl_time_adaptive_4_0.4_10_[6/60] | [RDP-sepfpl] 轮次 25: ε=0.021824, std=2.115342
2025-11-21 18:45:25 | INFO | caltech-101_sepfpl_time_adaptive_4_0.4_10_[6/60] | [Epoch 25/30] 训练耗时: 20.32s | 平均训练准确率: 53.12
2025-11-21 18:45:25 | INFO | caltech-101_sepfpl_time_adaptive_4_0.4_10_[6/60] | [RDP-sepfpl] 轮次 26: ε=0.022742, std=2.072231
2025-11-21 18:45:45 | INFO | caltech-101_sepfpl_time_adaptive_4_0.4_10_[6/60] | [Epoch 26/30] 训练耗时: 19.77s | 平均训练准确率: 53.88
2025-11-21 18:45:45 | INFO | caltech-101_sepfpl_time_adaptive_4_0.4_10_[6/60] | [RDP-sepfpl] 轮次 27: ε=0.023661, std=2.031576
2025-11-21 18:46:06 | INFO | caltech-101_sepfpl_time_adaptive_4_0.4_10_[6/60] | [Epoch 27/30] 训练耗时: 20.52s | 平均训练准确率: 53.44
2025-11-21 18:46:06 | INFO | caltech-101_sepfpl_time_adaptive_4_0.4_10_[6/60] | [RDP-sepfpl] 轮次 28: ε=0.024582, std=1.993155
2025-11-21 18:46:26 | INFO | caltech-101_sepfpl_time_adaptive_4_0.4_10_[6/60] | [Epoch 28/30] 训练耗时: 20.21s | 平均训练准确率: 53.57
2025-11-21 18:46:26 | INFO | caltech-101_sepfpl_time_adaptive_4_0.4_10_[6/60] | 
2025-11-21 18:46:26 | INFO | caltech-101_sepfpl_time_adaptive_4_0.4_10_[6/60] | ================================================================================
2025-11-21 18:46:26 | INFO | caltech-101_sepfpl_time_adaptive_4_0.4_10_[6/60] |                     TEST START - Epoch 28/30
2025-11-21 18:46:26 | INFO | caltech-101_sepfpl_time_adaptive_4_0.4_10_[6/60] | ================================================================================
2025-11-21 18:46:26 | INFO | caltech-101_sepfpl_time_adaptive_4_0.4_10_[6/60] | 
2025-11-21 18:49:21 | INFO | caltech-101_sepfpl_time_adaptive_4_0.4_10_[6/60] | 
================= Local Test Results ==================
+----------+----------+------------+----------+
| Client   | Accuracy | Error Rate | Macro F1 |
+----------+----------+------------+----------+
| Client 0 |    21.80 |      78.20 |    47.36 |
| Client 1 |    75.00 |      25.00 |    81.05 |
| Client 2 |    63.64 |      36.36 |    64.19 |
| Client 3 |    50.00 |      50.00 |    52.37 |
| Client 4 |    86.88 |      13.12 |    83.26 |
| Client 5 |    82.80 |      17.20 |    87.72 |
| Client 6 |    41.52 |      58.48 |    50.06 |
| Client 7 |    85.89 |      14.11 |    68.73 |
| Client 8 |    82.89 |      17.11 |    63.87 |
| Client 9 |    78.16 |      21.84 |    75.71 |
| Average  |    66.86 |      33.14 |    67.43 |
+----------+----------+------------+----------+

2025-11-21 18:49:21 | INFO | caltech-101_sepfpl_time_adaptive_4_0.4_10_[6/60] | 
================= Neighbor Test Results ==================
+----------+----------+------------+----------+
| Client   | Accuracy | Error Rate | Macro F1 |
+----------+----------+------------+----------+
| Client 0 |    78.27 |      21.73 |    66.24 |
| Client 1 |    67.58 |      32.42 |    57.88 |
| Client 2 |    67.11 |      32.89 |    59.12 |
| Client 3 |    67.26 |      32.74 |    57.81 |
| Client 4 |    63.24 |      36.76 |    53.40 |
| Client 5 |    63.95 |      36.05 |    53.38 |
| Client 6 |    66.65 |      33.35 |    56.03 |
| Client 7 |    60.99 |      39.01 |    54.83 |
| Client 8 |    61.41 |      38.59 |    54.24 |
| Client 9 |    64.05 |      35.95 |    53.34 |
| Average  |    66.05 |      33.95 |    56.63 |
+----------+----------+------------+----------+

2025-11-21 18:49:21 | INFO | caltech-101_sepfpl_time_adaptive_4_0.4_10_[6/60] | 
2025-11-21 18:49:21 | INFO | caltech-101_sepfpl_time_adaptive_4_0.4_10_[6/60] | ================================================================================
2025-11-21 18:49:21 | INFO | caltech-101_sepfpl_time_adaptive_4_0.4_10_[6/60] |                     TEST FINISH - Epoch 28/30
2025-11-21 18:49:21 | INFO | caltech-101_sepfpl_time_adaptive_4_0.4_10_[6/60] |                     测试耗时: 175.06s
2025-11-21 18:49:21 | INFO | caltech-101_sepfpl_time_adaptive_4_0.4_10_[6/60] | ================================================================================
2025-11-21 18:49:21 | INFO | caltech-101_sepfpl_time_adaptive_4_0.4_10_[6/60] | 
2025-11-21 18:49:21 | INFO | caltech-101_sepfpl_time_adaptive_4_0.4_10_[6/60] | [RDP-sepfpl] 轮次 29: ε=0.025505, std=1.956772
2025-11-21 18:49:41 | INFO | caltech-101_sepfpl_time_adaptive_4_0.4_10_[6/60] | [Epoch 29/30] 训练耗时: 19.81s | 平均训练准确率: 56.88
2025-11-21 18:49:41 | INFO | caltech-101_sepfpl_time_adaptive_4_0.4_10_[6/60] | 
2025-11-21 18:49:41 | INFO | caltech-101_sepfpl_time_adaptive_4_0.4_10_[6/60] | ================================================================================
2025-11-21 18:49:41 | INFO | caltech-101_sepfpl_time_adaptive_4_0.4_10_[6/60] |                     TEST START - Epoch 29/30
2025-11-21 18:49:41 | INFO | caltech-101_sepfpl_time_adaptive_4_0.4_10_[6/60] | ================================================================================
2025-11-21 18:49:41 | INFO | caltech-101_sepfpl_time_adaptive_4_0.4_10_[6/60] | 
2025-11-21 18:52:34 | INFO | caltech-101_sepfpl_time_adaptive_4_0.4_10_[6/60] | 
================= Local Test Results ==================
+----------+----------+------------+----------+
| Client   | Accuracy | Error Rate | Macro F1 |
+----------+----------+------------+----------+
| Client 0 |    27.82 |      72.18 |    54.47 |
| Client 1 |    84.09 |      15.91 |    89.70 |
| Client 2 |    68.18 |      31.82 |    69.94 |
| Client 3 |    58.64 |      41.36 |    60.16 |
| Client 4 |    80.09 |      19.91 |    78.70 |
| Client 5 |    85.99 |      14.01 |    87.05 |
| Client 6 |    55.56 |      44.44 |    60.02 |
| Client 7 |    90.59 |       9.41 |    79.16 |
| Client 8 |    86.99 |      13.01 |    76.10 |
| Client 9 |    91.75 |       8.25 |    88.22 |
| Average  |    72.97 |      27.03 |    74.35 |
+----------+----------+------------+----------+

2025-11-21 18:52:34 | INFO | caltech-101_sepfpl_time_adaptive_4_0.4_10_[6/60] | 
================= Neighbor Test Results ==================
+----------+----------+------------+----------+
| Client   | Accuracy | Error Rate | Macro F1 |
+----------+----------+------------+----------+
| Client 0 |    76.43 |      23.57 |    70.12 |
| Client 1 |    67.89 |      32.11 |    63.66 |
| Client 2 |    71.05 |      28.95 |    67.45 |
| Client 3 |    73.21 |      26.79 |    68.35 |
| Client 4 |    72.33 |      27.67 |    66.16 |
| Client 5 |    72.88 |      27.12 |    65.69 |
| Client 6 |    75.85 |      24.15 |    69.39 |
| Client 7 |    71.96 |      28.04 |    66.95 |
| Client 8 |    72.83 |      27.17 |    66.65 |
| Client 9 |    74.02 |      25.98 |    66.22 |
| Average  |    72.84 |      27.16 |    67.06 |
+----------+----------+------------+----------+

2025-11-21 18:52:34 | INFO | caltech-101_sepfpl_time_adaptive_4_0.4_10_[6/60] | 
2025-11-21 18:52:34 | INFO | caltech-101_sepfpl_time_adaptive_4_0.4_10_[6/60] | ================================================================================
2025-11-21 18:52:34 | INFO | caltech-101_sepfpl_time_adaptive_4_0.4_10_[6/60] |                     TEST FINISH - Epoch 29/30
2025-11-21 18:52:34 | INFO | caltech-101_sepfpl_time_adaptive_4_0.4_10_[6/60] |                     测试耗时: 173.55s
2025-11-21 18:52:34 | INFO | caltech-101_sepfpl_time_adaptive_4_0.4_10_[6/60] | ================================================================================
2025-11-21 18:52:34 | INFO | caltech-101_sepfpl_time_adaptive_4_0.4_10_[6/60] | 
2025-11-21 18:52:34 | INFO | caltech-101_sepfpl_time_adaptive_4_0.4_10_[6/60] | [RDP-sepfpl] 轮次 30: ε=0.026429, std=1.922252
2025-11-21 18:52:53 | INFO | caltech-101_sepfpl_time_adaptive_4_0.4_10_[6/60] | [Epoch 30/30] 训练耗时: 19.20s | 平均训练准确率: 65.09
2025-11-21 18:52:53 | INFO | caltech-101_sepfpl_time_adaptive_4_0.4_10_[6/60] | 
2025-11-21 18:52:53 | INFO | caltech-101_sepfpl_time_adaptive_4_0.4_10_[6/60] | ================================================================================
2025-11-21 18:52:53 | INFO | caltech-101_sepfpl_time_adaptive_4_0.4_10_[6/60] |                     TEST START - Epoch 30/30
2025-11-21 18:52:53 | INFO | caltech-101_sepfpl_time_adaptive_4_0.4_10_[6/60] | ================================================================================
2025-11-21 18:52:53 | INFO | caltech-101_sepfpl_time_adaptive_4_0.4_10_[6/60] | 
2025-11-21 18:55:49 | INFO | caltech-101_sepfpl_time_adaptive_4_0.4_10_[6/60] | 
================= Local Test Results ==================
+----------+----------+------------+----------+
| Client   | Accuracy | Error Rate | Macro F1 |
+----------+----------+------------+----------+
| Client 0 |    55.89 |      44.11 |    72.14 |
| Client 1 |    95.45 |       4.55 |    95.61 |
| Client 2 |    68.18 |      31.82 |    71.71 |
| Client 3 |    77.16 |      22.84 |    82.77 |
| Client 4 |    82.35 |      17.65 |    81.97 |
| Client 5 |    94.90 |       5.10 |    96.59 |
| Client 6 |    82.46 |      17.54 |    87.20 |
| Client 7 |    96.29 |       3.71 |    94.92 |
| Client 8 |    91.57 |       8.43 |    84.92 |
| Client 9 |    87.38 |      12.62 |    84.78 |
| Average  |    83.16 |      16.84 |    85.26 |
+----------+----------+------------+----------+

2025-11-21 18:55:49 | INFO | caltech-101_sepfpl_time_adaptive_4_0.4_10_[6/60] | 
================= Neighbor Test Results ==================
+----------+----------+------------+----------+
| Client   | Accuracy | Error Rate | Macro F1 |
+----------+----------+------------+----------+
| Client 0 |    87.90 |      12.10 |    82.22 |
| Client 1 |    82.39 |      17.61 |    79.01 |
| Client 2 |    84.77 |      15.23 |    82.70 |
| Client 3 |    84.19 |      15.81 |    81.11 |
| Client 4 |    83.60 |      16.40 |    80.29 |
| Client 5 |    82.45 |      17.55 |    78.39 |
| Client 6 |    82.61 |      17.39 |    78.08 |
| Client 7 |    79.38 |      20.62 |    76.76 |
| Client 8 |    80.20 |      19.80 |    77.04 |
| Client 9 |    81.32 |      18.68 |    78.00 |
| Average  |    82.88 |      17.12 |    79.36 |
+----------+----------+------------+----------+

2025-11-21 18:55:49 | INFO | caltech-101_sepfpl_time_adaptive_4_0.4_10_[6/60] | 
2025-11-21 18:55:49 | INFO | caltech-101_sepfpl_time_adaptive_4_0.4_10_[6/60] | ================================================================================
2025-11-21 18:55:49 | INFO | caltech-101_sepfpl_time_adaptive_4_0.4_10_[6/60] |                     TEST FINISH - Epoch 30/30
2025-11-21 18:55:49 | INFO | caltech-101_sepfpl_time_adaptive_4_0.4_10_[6/60] |                     测试耗时: 175.39s
2025-11-21 18:55:49 | INFO | caltech-101_sepfpl_time_adaptive_4_0.4_10_[6/60] | ================================================================================
2025-11-21 18:55:49 | INFO | caltech-101_sepfpl_time_adaptive_4_0.4_10_[6/60] | 
2025-11-21 18:55:49 | INFO | caltech-101_sepfpl_time_adaptive_4_0.4_10_[6/60] | maximum test local acc: 83.163
2025-11-21 18:55:49 | INFO | caltech-101_sepfpl_time_adaptive_4_0.4_10_[6/60] | mean of local acc: 74.330
2025-11-21 18:55:49 | INFO | caltech-101_sepfpl_time_adaptive_4_0.4_10_[6/60] | maximum test neighbor acc: 82.881
2025-11-21 18:55:49 | INFO | caltech-101_sepfpl_time_adaptive_4_0.4_10_[6/60] | mean of neighbor acc: 73.925
