2025-11-21 22:08:17 | INFO | caltech-101_sepfpl_time_adaptive_8_0.01_10_[28/60] | Loading trainer: DP_FPL
2025-11-21 22:08:17 | INFO | caltech-101_sepfpl_time_adaptive_8_0.01_10_[28/60] | Loading dataset: Caltech101
2025-11-21 22:08:17 | INFO | caltech-101_sepfpl_time_adaptive_8_0.01_10_[28/60] | Reading split from %s
2025-11-21 22:08:17 | INFO | caltech-101_sepfpl_time_adaptive_8_0.01_10_[28/60] | Creating a baseline federated dataset
2025-11-21 22:08:17 | INFO | caltech-101_sepfpl_time_adaptive_8_0.01_10_[28/60] | class_num %d
2025-11-21 22:08:17 | INFO | caltech-101_sepfpl_time_adaptive_8_0.01_10_[28/60] | user class dict total %s
2025-11-21 22:08:17 | INFO | caltech-101_sepfpl_time_adaptive_8_0.01_10_[28/60] | idx: %s, output_dict_len: %d
2025-11-21 22:08:17 | INFO | caltech-101_sepfpl_time_adaptive_8_0.01_10_[28/60] | user class dict total %s
2025-11-21 22:08:17 | INFO | caltech-101_sepfpl_time_adaptive_8_0.01_10_[28/60] | idx: %s, output_dict_len: %d
2025-11-21 22:08:17 | INFO | caltech-101_sepfpl_time_adaptive_8_0.01_10_[28/60] | user class dict total %s
2025-11-21 22:08:17 | INFO | caltech-101_sepfpl_time_adaptive_8_0.01_10_[28/60] | idx: %s, output_dict_len: %d
2025-11-21 22:08:17 | INFO | caltech-101_sepfpl_time_adaptive_8_0.01_10_[28/60] | user class dict total %s
2025-11-21 22:08:17 | INFO | caltech-101_sepfpl_time_adaptive_8_0.01_10_[28/60] | idx: %s, output_dict_len: %d
2025-11-21 22:08:17 | INFO | caltech-101_sepfpl_time_adaptive_8_0.01_10_[28/60] | user class dict total %s
2025-11-21 22:08:17 | INFO | caltech-101_sepfpl_time_adaptive_8_0.01_10_[28/60] | idx: %s, output_dict_len: %d
2025-11-21 22:08:17 | INFO | caltech-101_sepfpl_time_adaptive_8_0.01_10_[28/60] | user class dict total %s
2025-11-21 22:08:17 | INFO | caltech-101_sepfpl_time_adaptive_8_0.01_10_[28/60] | idx: %s, output_dict_len: %d
2025-11-21 22:08:17 | INFO | caltech-101_sepfpl_time_adaptive_8_0.01_10_[28/60] | user class dict total %s
2025-11-21 22:08:17 | INFO | caltech-101_sepfpl_time_adaptive_8_0.01_10_[28/60] | idx: %s, output_dict_len: %d
2025-11-21 22:08:17 | INFO | caltech-101_sepfpl_time_adaptive_8_0.01_10_[28/60] | user class dict total %s
2025-11-21 22:08:17 | INFO | caltech-101_sepfpl_time_adaptive_8_0.01_10_[28/60] | idx: %s, output_dict_len: %d
2025-11-21 22:08:17 | INFO | caltech-101_sepfpl_time_adaptive_8_0.01_10_[28/60] | user class dict total %s
2025-11-21 22:08:17 | INFO | caltech-101_sepfpl_time_adaptive_8_0.01_10_[28/60] | idx: %s, output_dict_len: %d
2025-11-21 22:08:17 | INFO | caltech-101_sepfpl_time_adaptive_8_0.01_10_[28/60] | user class dict total %s
2025-11-21 22:08:17 | INFO | caltech-101_sepfpl_time_adaptive_8_0.01_10_[28/60] | idx: %s, output_dict_len: %d
2025-11-21 22:08:17 | INFO | caltech-101_sepfpl_time_adaptive_8_0.01_10_[28/60] | Creating a baseline federated dataset
2025-11-21 22:08:17 | INFO | caltech-101_sepfpl_time_adaptive_8_0.01_10_[28/60] | class_num %d
2025-11-21 22:08:17 | INFO | caltech-101_sepfpl_time_adaptive_8_0.01_10_[28/60] | user class dict total %s
2025-11-21 22:08:17 | INFO | caltech-101_sepfpl_time_adaptive_8_0.01_10_[28/60] | idx: %s, output_dict_len: %d
2025-11-21 22:08:17 | INFO | caltech-101_sepfpl_time_adaptive_8_0.01_10_[28/60] | user class dict total %s
2025-11-21 22:08:17 | INFO | caltech-101_sepfpl_time_adaptive_8_0.01_10_[28/60] | idx: %s, output_dict_len: %d
2025-11-21 22:08:17 | INFO | caltech-101_sepfpl_time_adaptive_8_0.01_10_[28/60] | user class dict total %s
2025-11-21 22:08:17 | INFO | caltech-101_sepfpl_time_adaptive_8_0.01_10_[28/60] | idx: %s, output_dict_len: %d
2025-11-21 22:08:17 | INFO | caltech-101_sepfpl_time_adaptive_8_0.01_10_[28/60] | user class dict total %s
2025-11-21 22:08:17 | INFO | caltech-101_sepfpl_time_adaptive_8_0.01_10_[28/60] | idx: %s, output_dict_len: %d
2025-11-21 22:08:17 | INFO | caltech-101_sepfpl_time_adaptive_8_0.01_10_[28/60] | user class dict total %s
2025-11-21 22:08:17 | INFO | caltech-101_sepfpl_time_adaptive_8_0.01_10_[28/60] | idx: %s, output_dict_len: %d
2025-11-21 22:08:17 | INFO | caltech-101_sepfpl_time_adaptive_8_0.01_10_[28/60] | user class dict total %s
2025-11-21 22:08:17 | INFO | caltech-101_sepfpl_time_adaptive_8_0.01_10_[28/60] | idx: %s, output_dict_len: %d
2025-11-21 22:08:17 | INFO | caltech-101_sepfpl_time_adaptive_8_0.01_10_[28/60] | user class dict total %s
2025-11-21 22:08:17 | INFO | caltech-101_sepfpl_time_adaptive_8_0.01_10_[28/60] | idx: %s, output_dict_len: %d
2025-11-21 22:08:17 | INFO | caltech-101_sepfpl_time_adaptive_8_0.01_10_[28/60] | user class dict total %s
2025-11-21 22:08:17 | INFO | caltech-101_sepfpl_time_adaptive_8_0.01_10_[28/60] | idx: %s, output_dict_len: %d
2025-11-21 22:08:17 | INFO | caltech-101_sepfpl_time_adaptive_8_0.01_10_[28/60] | user class dict total %s
2025-11-21 22:08:17 | INFO | caltech-101_sepfpl_time_adaptive_8_0.01_10_[28/60] | idx: %s, output_dict_len: %d
2025-11-21 22:08:17 | INFO | caltech-101_sepfpl_time_adaptive_8_0.01_10_[28/60] | user class dict total %s
2025-11-21 22:08:17 | INFO | caltech-101_sepfpl_time_adaptive_8_0.01_10_[28/60] | idx: %s, output_dict_len: %d
2025-11-21 22:08:17 | INFO | caltech-101_sepfpl_time_adaptive_8_0.01_10_[28/60] | Loading CLIP (backbone: ViT-B/16)
2025-11-21 22:08:19 | INFO | caltech-101_sepfpl_time_adaptive_8_0.01_10_[28/60] | Building custom CLIP
2025-11-21 22:08:19 | INFO | caltech-101_sepfpl_time_adaptive_8_0.01_10_[28/60] | Turning off gradients in both the image and the text encoder
2025-11-21 22:08:19 | INFO | caltech-101_sepfpl_time_adaptive_8_0.01_10_[28/60] | [wandb] 正在初始化实验：project=SepFPL, name=caltech-101-sepfpl_time_adaptive-rank8-noise0.01-seed1-users10-28/60, mode=offline
2025-11-21 22:08:23 | INFO | caltech-101_sepfpl_time_adaptive_8_0.01_10_[28/60] | [RDP-sepfpl] 轮次 1: ε=0.000019, std=72.498511
2025-11-21 22:08:43 | INFO | caltech-101_sepfpl_time_adaptive_8_0.01_10_[28/60] | [Epoch 1/30] 训练耗时: 20.08s | 平均训练准确率: 52.95
2025-11-21 22:08:43 | INFO | caltech-101_sepfpl_time_adaptive_8_0.01_10_[28/60] | [RDP-sepfpl] 轮次 2: ε=0.000038, std=50.383500
2025-11-21 22:09:02 | INFO | caltech-101_sepfpl_time_adaptive_8_0.01_10_[28/60] | [Epoch 2/30] 训练耗时: 19.41s | 平均训练准确率: 53.53
2025-11-21 22:09:02 | INFO | caltech-101_sepfpl_time_adaptive_8_0.01_10_[28/60] | [RDP-sepfpl] 轮次 3: ε=0.000059, std=40.723062
2025-11-21 22:09:23 | INFO | caltech-101_sepfpl_time_adaptive_8_0.01_10_[28/60] | [Epoch 3/30] 训练耗时: 20.49s | 平均训练准确率: 53.88
2025-11-21 22:09:23 | INFO | caltech-101_sepfpl_time_adaptive_8_0.01_10_[28/60] | [RDP-sepfpl] 轮次 4: ε=0.000080, std=35.014473
2025-11-21 22:09:43 | INFO | caltech-101_sepfpl_time_adaptive_8_0.01_10_[28/60] | [Epoch 4/30] 训练耗时: 20.36s | 平均训练准确率: 53.44
2025-11-21 22:09:43 | INFO | caltech-101_sepfpl_time_adaptive_8_0.01_10_[28/60] | [RDP-sepfpl] 轮次 5: ε=0.000101, std=31.143673
2025-11-21 22:10:03 | INFO | caltech-101_sepfpl_time_adaptive_8_0.01_10_[28/60] | [Epoch 5/30] 训练耗时: 19.99s | 平均训练准确率: 53.93
2025-11-21 22:10:03 | INFO | caltech-101_sepfpl_time_adaptive_8_0.01_10_[28/60] | [RDP-sepfpl] 轮次 6: ε=0.000122, std=28.300863
2025-11-21 22:10:27 | INFO | caltech-101_sepfpl_time_adaptive_8_0.01_10_[28/60] | [Epoch 6/30] 训练耗时: 23.53s | 平均训练准确率: 53.04
2025-11-21 22:10:27 | INFO | caltech-101_sepfpl_time_adaptive_8_0.01_10_[28/60] | [RDP-sepfpl] 轮次 7: ε=0.000143, std=26.100728
2025-11-21 22:10:51 | INFO | caltech-101_sepfpl_time_adaptive_8_0.01_10_[28/60] | [Epoch 7/30] 训练耗时: 24.12s | 平均训练准确率: 54.29
2025-11-21 22:10:51 | INFO | caltech-101_sepfpl_time_adaptive_8_0.01_10_[28/60] | [RDP-sepfpl] 轮次 8: ε=0.000165, std=24.333627
2025-11-21 22:11:15 | INFO | caltech-101_sepfpl_time_adaptive_8_0.01_10_[28/60] | [Epoch 8/30] 训练耗时: 24.25s | 平均训练准确率: 54.42
2025-11-21 22:11:15 | INFO | caltech-101_sepfpl_time_adaptive_8_0.01_10_[28/60] | [RDP-sepfpl] 轮次 9: ε=0.000187, std=22.874508
2025-11-21 22:11:39 | INFO | caltech-101_sepfpl_time_adaptive_8_0.01_10_[28/60] | [Epoch 9/30] 训练耗时: 23.98s | 平均训练准确率: 54.11
2025-11-21 22:11:39 | INFO | caltech-101_sepfpl_time_adaptive_8_0.01_10_[28/60] | [RDP-sepfpl] 轮次 10: ε=0.000208, std=21.643579
2025-11-21 22:12:04 | INFO | caltech-101_sepfpl_time_adaptive_8_0.01_10_[28/60] | [Epoch 10/30] 训练耗时: 24.86s | 平均训练准确率: 53.62
2025-11-21 22:12:04 | INFO | caltech-101_sepfpl_time_adaptive_8_0.01_10_[28/60] | [RDP-sepfpl] 轮次 11: ε=0.000230, std=20.587230
2025-11-21 22:12:28 | INFO | caltech-101_sepfpl_time_adaptive_8_0.01_10_[28/60] | [Epoch 11/30] 训练耗时: 24.16s | 平均训练准确率: 54.38
2025-11-21 22:12:28 | INFO | caltech-101_sepfpl_time_adaptive_8_0.01_10_[28/60] | [RDP-sepfpl] 轮次 12: ε=0.000252, std=19.667943
2025-11-21 22:12:53 | INFO | caltech-101_sepfpl_time_adaptive_8_0.01_10_[28/60] | [Epoch 12/30] 训练耗时: 25.14s | 平均训练准确率: 53.97
2025-11-21 22:12:53 | INFO | caltech-101_sepfpl_time_adaptive_8_0.01_10_[28/60] | [RDP-sepfpl] 轮次 13: ε=0.000275, std=18.858573
2025-11-21 22:13:17 | INFO | caltech-101_sepfpl_time_adaptive_8_0.01_10_[28/60] | [Epoch 13/30] 训练耗时: 23.87s | 平均训练准确率: 52.54
2025-11-21 22:13:17 | INFO | caltech-101_sepfpl_time_adaptive_8_0.01_10_[28/60] | [RDP-sepfpl] 轮次 14: ε=0.000297, std=18.138938
2025-11-21 22:13:39 | INFO | caltech-101_sepfpl_time_adaptive_8_0.01_10_[28/60] | [Epoch 14/30] 训练耗时: 22.10s | 平均训练准确率: 52.72
2025-11-21 22:13:39 | INFO | caltech-101_sepfpl_time_adaptive_8_0.01_10_[28/60] | [RDP-sepfpl] 轮次 15: ε=0.000319, std=17.493680
2025-11-21 22:14:01 | INFO | caltech-101_sepfpl_time_adaptive_8_0.01_10_[28/60] | [Epoch 15/30] 训练耗时: 21.56s | 平均训练准确率: 53.79
2025-11-21 22:14:01 | INFO | caltech-101_sepfpl_time_adaptive_8_0.01_10_[28/60] | [RDP-sepfpl] 轮次 16: ε=0.000341, std=16.910876
2025-11-21 22:14:24 | INFO | caltech-101_sepfpl_time_adaptive_8_0.01_10_[28/60] | [Epoch 16/30] 训练耗时: 22.71s | 平均训练准确率: 54.15
2025-11-21 22:14:24 | INFO | caltech-101_sepfpl_time_adaptive_8_0.01_10_[28/60] | [RDP-sepfpl] 轮次 17: ε=0.000364, std=16.381113
2025-11-21 22:14:48 | INFO | caltech-101_sepfpl_time_adaptive_8_0.01_10_[28/60] | [Epoch 17/30] 训练耗时: 24.56s | 平均训练准确率: 52.99
2025-11-21 22:14:48 | INFO | caltech-101_sepfpl_time_adaptive_8_0.01_10_[28/60] | [RDP-sepfpl] 轮次 18: ε=0.000386, std=15.896848
2025-11-21 22:15:13 | INFO | caltech-101_sepfpl_time_adaptive_8_0.01_10_[28/60] | [Epoch 18/30] 训练耗时: 24.75s | 平均训练准确率: 54.29
2025-11-21 22:15:13 | INFO | caltech-101_sepfpl_time_adaptive_8_0.01_10_[28/60] | [RDP-sepfpl] 轮次 19: ε=0.000409, std=15.451955
2025-11-21 22:15:37 | INFO | caltech-101_sepfpl_time_adaptive_8_0.01_10_[28/60] | [Epoch 19/30] 训练耗时: 24.01s | 平均训练准确率: 53.84
2025-11-21 22:15:37 | INFO | caltech-101_sepfpl_time_adaptive_8_0.01_10_[28/60] | [RDP-sepfpl] 轮次 20: ε=0.000432, std=15.041403
2025-11-21 22:16:01 | INFO | caltech-101_sepfpl_time_adaptive_8_0.01_10_[28/60] | [Epoch 20/30] 训练耗时: 24.14s | 平均训练准确率: 53.30
2025-11-21 22:16:01 | INFO | caltech-101_sepfpl_time_adaptive_8_0.01_10_[28/60] | [RDP-sepfpl] 轮次 21: ε=0.000454, std=14.661012
2025-11-21 22:16:24 | INFO | caltech-101_sepfpl_time_adaptive_8_0.01_10_[28/60] | [Epoch 21/30] 训练耗时: 23.27s | 平均训练准确率: 54.24
2025-11-21 22:16:24 | INFO | caltech-101_sepfpl_time_adaptive_8_0.01_10_[28/60] | [RDP-sepfpl] 轮次 22: ε=0.000477, std=14.307283
2025-11-21 22:16:49 | INFO | caltech-101_sepfpl_time_adaptive_8_0.01_10_[28/60] | [Epoch 22/30] 训练耗时: 24.72s | 平均训练准确率: 53.44
2025-11-21 22:16:49 | INFO | caltech-101_sepfpl_time_adaptive_8_0.01_10_[28/60] | [RDP-sepfpl] 轮次 23: ε=0.000500, std=13.977258
2025-11-21 22:17:11 | INFO | caltech-101_sepfpl_time_adaptive_8_0.01_10_[28/60] | [Epoch 23/30] 训练耗时: 21.63s | 平均训练准确率: 52.46
2025-11-21 22:17:11 | INFO | caltech-101_sepfpl_time_adaptive_8_0.01_10_[28/60] | [RDP-sepfpl] 轮次 24: ε=0.000523, std=13.668416
2025-11-21 22:17:32 | INFO | caltech-101_sepfpl_time_adaptive_8_0.01_10_[28/60] | [Epoch 24/30] 训练耗时: 21.24s | 平均训练准确率: 53.57
2025-11-21 22:17:32 | INFO | caltech-101_sepfpl_time_adaptive_8_0.01_10_[28/60] | [RDP-sepfpl] 轮次 25: ε=0.000546, std=13.378597
2025-11-21 22:17:56 | INFO | caltech-101_sepfpl_time_adaptive_8_0.01_10_[28/60] | [Epoch 25/30] 训练耗时: 23.78s | 平均训练准确率: 53.79
2025-11-21 22:17:56 | INFO | caltech-101_sepfpl_time_adaptive_8_0.01_10_[28/60] | [RDP-sepfpl] 轮次 26: ε=0.000569, std=13.105937
2025-11-21 22:18:20 | INFO | caltech-101_sepfpl_time_adaptive_8_0.01_10_[28/60] | [Epoch 26/30] 训练耗时: 24.29s | 平均训练准确率: 54.20
2025-11-21 22:18:20 | INFO | caltech-101_sepfpl_time_adaptive_8_0.01_10_[28/60] | [RDP-sepfpl] 轮次 27: ε=0.000592, std=12.848816
2025-11-21 22:18:44 | INFO | caltech-101_sepfpl_time_adaptive_8_0.01_10_[28/60] | [Epoch 27/30] 训练耗时: 24.41s | 平均训练准确率: 54.06
2025-11-21 22:18:44 | INFO | caltech-101_sepfpl_time_adaptive_8_0.01_10_[28/60] | [RDP-sepfpl] 轮次 28: ε=0.000615, std=12.605820
2025-11-21 22:19:09 | INFO | caltech-101_sepfpl_time_adaptive_8_0.01_10_[28/60] | [Epoch 28/30] 训练耗时: 24.32s | 平均训练准确率: 53.66
2025-11-21 22:19:09 | INFO | caltech-101_sepfpl_time_adaptive_8_0.01_10_[28/60] | 
2025-11-21 22:19:09 | INFO | caltech-101_sepfpl_time_adaptive_8_0.01_10_[28/60] | ================================================================================
2025-11-21 22:19:09 | INFO | caltech-101_sepfpl_time_adaptive_8_0.01_10_[28/60] |                     TEST START - Epoch 28/30
2025-11-21 22:19:09 | INFO | caltech-101_sepfpl_time_adaptive_8_0.01_10_[28/60] | ================================================================================
2025-11-21 22:19:09 | INFO | caltech-101_sepfpl_time_adaptive_8_0.01_10_[28/60] | 
2025-11-21 22:22:05 | INFO | caltech-101_sepfpl_time_adaptive_8_0.01_10_[28/60] | 
================= Local Test Results ==================
+----------+----------+------------+----------+
| Client   | Accuracy | Error Rate | Macro F1 |
+----------+----------+------------+----------+
| Client 0 |    40.35 |      59.65 |    57.83 |
| Client 1 |    90.91 |       9.09 |    93.91 |
| Client 2 |    58.44 |      41.56 |    65.32 |
| Client 3 |    46.91 |      53.09 |    53.58 |
| Client 4 |    82.81 |      17.19 |    79.56 |
| Client 5 |    80.89 |      19.11 |    83.48 |
| Client 6 |    70.18 |      29.82 |    75.70 |
| Client 7 |    70.30 |      29.70 |    75.15 |
| Client 8 |    92.29 |       7.71 |    84.82 |
| Client 9 |    82.04 |      17.96 |    77.67 |
| Average  |    71.51 |      28.49 |    74.70 |
+----------+----------+------------+----------+

2025-11-21 22:22:05 | INFO | caltech-101_sepfpl_time_adaptive_8_0.01_10_[28/60] | 
================= Neighbor Test Results ==================
+----------+----------+------------+----------+
| Client   | Accuracy | Error Rate | Macro F1 |
+----------+----------+------------+----------+
| Client 0 |    69.60 |      30.40 |    63.60 |
| Client 1 |    64.70 |      35.30 |    58.70 |
| Client 2 |    68.97 |      31.03 |    65.48 |
| Client 3 |    71.86 |      28.14 |    68.12 |
| Client 4 |    72.95 |      27.05 |    68.82 |
| Client 5 |    76.26 |      23.74 |    70.66 |
| Client 6 |    77.03 |      22.97 |    70.39 |
| Client 7 |    78.17 |      21.83 |    71.24 |
| Client 8 |    75.22 |      24.78 |    69.65 |
| Client 9 |    78.93 |      21.07 |    72.27 |
| Average  |    73.37 |      26.63 |    67.89 |
+----------+----------+------------+----------+

2025-11-21 22:22:05 | INFO | caltech-101_sepfpl_time_adaptive_8_0.01_10_[28/60] | 
2025-11-21 22:22:05 | INFO | caltech-101_sepfpl_time_adaptive_8_0.01_10_[28/60] | ================================================================================
2025-11-21 22:22:05 | INFO | caltech-101_sepfpl_time_adaptive_8_0.01_10_[28/60] |                     TEST FINISH - Epoch 28/30
2025-11-21 22:22:05 | INFO | caltech-101_sepfpl_time_adaptive_8_0.01_10_[28/60] |                     测试耗时: 175.80s
2025-11-21 22:22:05 | INFO | caltech-101_sepfpl_time_adaptive_8_0.01_10_[28/60] | ================================================================================
2025-11-21 22:22:05 | INFO | caltech-101_sepfpl_time_adaptive_8_0.01_10_[28/60] | 
2025-11-21 22:22:05 | INFO | caltech-101_sepfpl_time_adaptive_8_0.01_10_[28/60] | [RDP-sepfpl] 轮次 29: ε=0.000638, std=12.375710
2025-11-21 22:22:25 | INFO | caltech-101_sepfpl_time_adaptive_8_0.01_10_[28/60] | [Epoch 29/30] 训练耗时: 20.34s | 平均训练准确率: 58.44
2025-11-21 22:22:25 | INFO | caltech-101_sepfpl_time_adaptive_8_0.01_10_[28/60] | 
2025-11-21 22:22:25 | INFO | caltech-101_sepfpl_time_adaptive_8_0.01_10_[28/60] | ================================================================================
2025-11-21 22:22:25 | INFO | caltech-101_sepfpl_time_adaptive_8_0.01_10_[28/60] |                     TEST START - Epoch 29/30
2025-11-21 22:22:25 | INFO | caltech-101_sepfpl_time_adaptive_8_0.01_10_[28/60] | ================================================================================
2025-11-21 22:22:25 | INFO | caltech-101_sepfpl_time_adaptive_8_0.01_10_[28/60] | 
2025-11-21 22:25:18 | INFO | caltech-101_sepfpl_time_adaptive_8_0.01_10_[28/60] | 
================= Local Test Results ==================
+----------+----------+------------+----------+
| Client   | Accuracy | Error Rate | Macro F1 |
+----------+----------+------------+----------+
| Client 0 |    35.59 |      64.41 |    57.45 |
| Client 1 |    56.25 |      43.75 |    63.30 |
| Client 2 |    40.26 |      59.74 |    44.18 |
| Client 3 |     9.88 |      90.12 |    10.00 |
| Client 4 |    88.24 |      11.76 |    87.25 |
| Client 5 |    72.61 |      27.39 |    75.67 |
| Client 6 |    32.75 |      67.25 |    38.64 |
| Client 7 |    84.65 |      15.35 |    69.48 |
| Client 8 |    90.84 |       9.16 |    79.33 |
| Client 9 |    74.76 |      25.24 |    70.33 |
| Average  |    58.58 |      41.42 |    59.56 |
+----------+----------+------------+----------+

2025-11-21 22:25:18 | INFO | caltech-101_sepfpl_time_adaptive_8_0.01_10_[28/60] | 
================= Neighbor Test Results ==================
+----------+----------+------------+----------+
| Client   | Accuracy | Error Rate | Macro F1 |
+----------+----------+------------+----------+
| Client 0 |    70.52 |      29.48 |    56.91 |
| Client 1 |    64.53 |      35.47 |    54.18 |
| Client 2 |    50.15 |      49.85 |    44.33 |
| Client 3 |    34.95 |      65.05 |    34.53 |
| Client 4 |    54.90 |      45.10 |    46.87 |
| Client 5 |    67.81 |      32.19 |    56.37 |
| Client 6 |    73.50 |      26.50 |    64.05 |
| Client 7 |    69.09 |      30.91 |    61.95 |
| Client 8 |    68.63 |      31.37 |    60.32 |
| Client 9 |    72.60 |      27.40 |    62.13 |
| Average  |    62.67 |      37.33 |    54.16 |
+----------+----------+------------+----------+

2025-11-21 22:25:18 | INFO | caltech-101_sepfpl_time_adaptive_8_0.01_10_[28/60] | 
2025-11-21 22:25:18 | INFO | caltech-101_sepfpl_time_adaptive_8_0.01_10_[28/60] | ================================================================================
2025-11-21 22:25:18 | INFO | caltech-101_sepfpl_time_adaptive_8_0.01_10_[28/60] |                     TEST FINISH - Epoch 29/30
2025-11-21 22:25:18 | INFO | caltech-101_sepfpl_time_adaptive_8_0.01_10_[28/60] |                     测试耗时: 173.01s
2025-11-21 22:25:18 | INFO | caltech-101_sepfpl_time_adaptive_8_0.01_10_[28/60] | ================================================================================
2025-11-21 22:25:18 | INFO | caltech-101_sepfpl_time_adaptive_8_0.01_10_[28/60] | 
2025-11-21 22:25:18 | INFO | caltech-101_sepfpl_time_adaptive_8_0.01_10_[28/60] | [RDP-sepfpl] 轮次 30: ε=0.000661, std=12.157392
2025-11-21 22:25:38 | INFO | caltech-101_sepfpl_time_adaptive_8_0.01_10_[28/60] | [Epoch 30/30] 训练耗时: 20.03s | 平均训练准确率: 49.87
2025-11-21 22:25:38 | INFO | caltech-101_sepfpl_time_adaptive_8_0.01_10_[28/60] | 
2025-11-21 22:25:38 | INFO | caltech-101_sepfpl_time_adaptive_8_0.01_10_[28/60] | ================================================================================
2025-11-21 22:25:38 | INFO | caltech-101_sepfpl_time_adaptive_8_0.01_10_[28/60] |                     TEST START - Epoch 30/30
2025-11-21 22:25:38 | INFO | caltech-101_sepfpl_time_adaptive_8_0.01_10_[28/60] | ================================================================================
2025-11-21 22:25:38 | INFO | caltech-101_sepfpl_time_adaptive_8_0.01_10_[28/60] | 
2025-11-21 22:28:32 | INFO | caltech-101_sepfpl_time_adaptive_8_0.01_10_[28/60] | 
================= Local Test Results ==================
+----------+----------+------------+----------+
| Client   | Accuracy | Error Rate | Macro F1 |
+----------+----------+------------+----------+
| Client 0 |    41.10 |      58.90 |    67.21 |
| Client 1 |    26.70 |      73.30 |    33.06 |
| Client 2 |    19.48 |      80.52 |    24.47 |
| Client 3 |    22.84 |      77.16 |    28.33 |
| Client 4 |    84.62 |      15.38 |    85.82 |
| Client 5 |    77.07 |      22.93 |    80.29 |
| Client 6 |    44.44 |      55.56 |    54.54 |
| Client 7 |    78.22 |      21.78 |    61.46 |
| Client 8 |    88.67 |      11.33 |    79.60 |
| Client 9 |    75.73 |      24.27 |    70.96 |
| Average  |    55.89 |      44.11 |    58.57 |
+----------+----------+------------+----------+

2025-11-21 22:28:32 | INFO | caltech-101_sepfpl_time_adaptive_8_0.01_10_[28/60] | 
================= Neighbor Test Results ==================
+----------+----------+------------+----------+
| Client   | Accuracy | Error Rate | Macro F1 |
+----------+----------+------------+----------+
| Client 0 |    67.96 |      32.04 |    59.72 |
| Client 1 |    37.00 |      63.00 |    31.46 |
| Client 2 |    28.52 |      71.48 |    22.34 |
| Client 3 |    41.03 |      58.97 |    37.78 |
| Client 4 |    52.63 |      47.37 |    48.79 |
| Client 5 |    68.54 |      31.46 |    60.59 |
| Client 6 |    72.41 |      27.59 |    61.76 |
| Client 7 |    71.28 |      28.72 |    65.86 |
| Client 8 |    70.39 |      29.61 |    64.36 |
| Client 9 |    74.19 |      25.81 |    65.90 |
| Average  |    58.39 |      41.61 |    51.86 |
+----------+----------+------------+----------+

2025-11-21 22:28:32 | INFO | caltech-101_sepfpl_time_adaptive_8_0.01_10_[28/60] | 
2025-11-21 22:28:32 | INFO | caltech-101_sepfpl_time_adaptive_8_0.01_10_[28/60] | ================================================================================
2025-11-21 22:28:32 | INFO | caltech-101_sepfpl_time_adaptive_8_0.01_10_[28/60] |                     TEST FINISH - Epoch 30/30
2025-11-21 22:28:32 | INFO | caltech-101_sepfpl_time_adaptive_8_0.01_10_[28/60] |                     测试耗时: 174.23s
2025-11-21 22:28:32 | INFO | caltech-101_sepfpl_time_adaptive_8_0.01_10_[28/60] | ================================================================================
2025-11-21 22:28:32 | INFO | caltech-101_sepfpl_time_adaptive_8_0.01_10_[28/60] | 
2025-11-21 22:28:32 | INFO | caltech-101_sepfpl_time_adaptive_8_0.01_10_[28/60] | maximum test local acc: 71.511
2025-11-21 22:28:32 | INFO | caltech-101_sepfpl_time_adaptive_8_0.01_10_[28/60] | mean of local acc: 61.994
2025-11-21 22:28:32 | INFO | caltech-101_sepfpl_time_adaptive_8_0.01_10_[28/60] | maximum test neighbor acc: 73.369
2025-11-21 22:28:32 | INFO | caltech-101_sepfpl_time_adaptive_8_0.01_10_[28/60] | mean of neighbor acc: 64.811
