2025-11-15 19:51:44 - 8_0.01_1 - INFO - 日志文件已创建: logs/oxford_flowers/sepfpl/8_0.01_1_20251115_195144.log
2025-11-15 19:51:44 - 8_0.01_1 - INFO - Loading trainer: DP_FPL
2025-11-15 19:51:44 - 8_0.01_1 - INFO - Loading dataset: OxfordFlowers
2025-11-15 19:51:44 - 8_0.01_1 - INFO - Reading split from /home/liuxin25/dataset/oxford_flowers/split_zhou_OxfordFlowers.json
2025-11-15 19:51:44 - 8_0.01_1 - INFO - Creating a baseline federated dataset
2025-11-15 19:51:44 - 8_0.01_1 - INFO - class_num 102
2025-11-15 19:51:44 - 8_0.01_1 - INFO - user class dict total [90, 54, 31, 35, 55, 72, 92, 42, 95, 84]
2025-11-15 19:51:44 - 8_0.01_1 - INFO - idx: 0, output_dict_len: 451
2025-11-15 19:51:44 - 8_0.01_1 - INFO - user class dict total [74, 0, 1, 80, 27, 20, 77, 50, 66, 45]
2025-11-15 19:51:44 - 8_0.01_1 - INFO - idx: 1, output_dict_len: 562
2025-11-15 19:51:44 - 8_0.01_1 - INFO - user class dict total [44, 82, 14, 32, 52, 70, 28, 51, 10, 21]
2025-11-15 19:51:44 - 8_0.01_1 - INFO - idx: 2, output_dict_len: 373
2025-11-15 19:51:44 - 8_0.01_1 - INFO - user class dict total [33, 75, 5, 48, 87, 98, 23, 69, 62, 7]
2025-11-15 19:51:44 - 8_0.01_1 - INFO - idx: 3, output_dict_len: 350
2025-11-15 19:51:44 - 8_0.01_1 - INFO - user class dict total [17, 18, 60, 34, 11, 58, 86, 13, 41, 30]
2025-11-15 19:51:44 - 8_0.01_1 - INFO - idx: 4, output_dict_len: 302
2025-11-15 19:51:44 - 8_0.01_1 - INFO - user class dict total [24, 71, 56, 76, 37, 6, 53, 79, 97, 39]
2025-11-15 19:51:44 - 8_0.01_1 - INFO - idx: 5, output_dict_len: 433
2025-11-15 19:51:44 - 8_0.01_1 - INFO - user class dict total [47, 65, 36, 91, 3, 63, 59, 9, 96, 64]
2025-11-15 19:51:44 - 8_0.01_1 - INFO - idx: 6, output_dict_len: 367
2025-11-15 19:51:44 - 8_0.01_1 - INFO - user class dict total [94, 88, 99, 61, 19, 25, 4, 16, 8, 46]
2025-11-15 19:51:44 - 8_0.01_1 - INFO - idx: 7, output_dict_len: 387
2025-11-15 19:51:44 - 8_0.01_1 - INFO - user class dict total [26, 2, 93, 85, 29, 22, 100, 67, 68, 38]
2025-11-15 19:51:44 - 8_0.01_1 - INFO - idx: 8, output_dict_len: 341
2025-11-15 19:51:44 - 8_0.01_1 - INFO - user class dict total [83, 15, 12, 81, 43, 73, 78, 40, 101, 57, 89, 49]
2025-11-15 19:51:44 - 8_0.01_1 - INFO - idx: 9, output_dict_len: 527
2025-11-15 19:51:44 - 8_0.01_1 - INFO - Creating a baseline federated dataset
2025-11-15 19:51:44 - 8_0.01_1 - INFO - class_num 102
2025-11-15 19:51:44 - 8_0.01_1 - INFO - user class dict total [90, 54, 31, 35, 55, 72, 92, 42, 95, 84]
2025-11-15 19:51:44 - 8_0.01_1 - INFO - idx: 0, output_dict_len: 269
2025-11-15 19:51:44 - 8_0.01_1 - INFO - user class dict total [74, 0, 1, 80, 27, 20, 77, 50, 66, 45]
2025-11-15 19:51:44 - 8_0.01_1 - INFO - idx: 1, output_dict_len: 339
2025-11-15 19:51:44 - 8_0.01_1 - INFO - user class dict total [44, 82, 14, 32, 52, 70, 28, 51, 10, 21]
2025-11-15 19:51:44 - 8_0.01_1 - INFO - idx: 2, output_dict_len: 223
2025-11-15 19:51:44 - 8_0.01_1 - INFO - user class dict total [33, 75, 5, 48, 87, 98, 23, 69, 62, 7]
2025-11-15 19:51:44 - 8_0.01_1 - INFO - idx: 3, output_dict_len: 211
2025-11-15 19:51:44 - 8_0.01_1 - INFO - user class dict total [17, 18, 60, 34, 11, 58, 86, 13, 41, 30]
2025-11-15 19:51:44 - 8_0.01_1 - INFO - idx: 4, output_dict_len: 178
2025-11-15 19:51:44 - 8_0.01_1 - INFO - user class dict total [24, 71, 56, 76, 37, 6, 53, 79, 97, 39]
2025-11-15 19:51:44 - 8_0.01_1 - INFO - idx: 5, output_dict_len: 262
2025-11-15 19:51:44 - 8_0.01_1 - INFO - user class dict total [47, 65, 36, 91, 3, 63, 59, 9, 96, 64]
2025-11-15 19:51:44 - 8_0.01_1 - INFO - idx: 6, output_dict_len: 223
2025-11-15 19:51:44 - 8_0.01_1 - INFO - user class dict total [94, 88, 99, 61, 19, 25, 4, 16, 8, 46]
2025-11-15 19:51:44 - 8_0.01_1 - INFO - idx: 7, output_dict_len: 234
2025-11-15 19:51:44 - 8_0.01_1 - INFO - user class dict total [26, 2, 93, 85, 29, 22, 100, 67, 68, 38]
2025-11-15 19:51:44 - 8_0.01_1 - INFO - idx: 8, output_dict_len: 205
2025-11-15 19:51:44 - 8_0.01_1 - INFO - user class dict total [83, 15, 12, 81, 43, 73, 78, 40, 101, 57, 89, 49]
2025-11-15 19:51:44 - 8_0.01_1 - INFO - idx: 9, output_dict_len: 319
2025-11-15 19:51:44 - 8_0.01_1 - INFO - Loading CLIP (backbone: ViT-B/16)
2025-11-15 19:51:46 - 8_0.01_1 - INFO - Building custom CLIP
2025-11-15 19:51:46 - 8_0.01_1 - INFO - Turning off gradients in both the image and the text encoder
2025-11-15 19:51:46 - 8_0.01_1 - INFO - [RDP-sepfpl] 轮次 1: ε=0.000016, std=78.020559
2025-11-15 19:52:16 - 8_0.01_1 - INFO - [Epoch 1/30] 训练耗时: 29.87s | 平均训练准确率: 12.22
2025-11-15 19:52:44 - 8_0.01_1 - INFO - [Epoch 2/30] 训练耗时: 28.37s | 平均训练准确率: 11.94
2025-11-15 19:53:13 - 8_0.01_1 - INFO - [Epoch 3/30] 训练耗时: 28.46s | 平均训练准确率: 17.26
2025-11-15 19:53:41 - 8_0.01_1 - INFO - [Epoch 4/30] 训练耗时: 28.54s | 平均训练准确率: 30.59
2025-11-15 19:54:10 - 8_0.01_1 - INFO - [Epoch 5/30] 训练耗时: 28.55s | 平均训练准确率: 34.38
2025-11-15 19:54:38 - 8_0.01_1 - INFO - [Epoch 6/30] 训练耗时: 27.65s | 平均训练准确率: 35.83
2025-11-15 19:55:06 - 8_0.01_1 - INFO - [Epoch 7/30] 训练耗时: 28.20s | 平均训练准确率: 40.07
2025-11-15 19:55:34 - 8_0.01_1 - INFO - [Epoch 8/30] 训练耗时: 28.66s | 平均训练准确率: 41.56
2025-11-15 19:56:03 - 8_0.01_1 - INFO - [Epoch 9/30] 训练耗时: 28.50s | 平均训练准确率: 43.85
2025-11-15 19:56:03 - 8_0.01_1 - INFO - [RDP-sepfpl] 轮次 10: ε=0.000202, std=21.989181
2025-11-15 19:56:31 - 8_0.01_1 - INFO - [Epoch 10/30] 训练耗时: 28.46s | 平均训练准确率: 44.03
2025-11-15 19:57:00 - 8_0.01_1 - INFO - [Epoch 11/30] 训练耗时: 28.45s | 平均训练准确率: 45.62
2025-11-15 19:57:28 - 8_0.01_1 - INFO - [Epoch 12/30] 训练耗时: 28.51s | 平均训练准确率: 46.32
2025-11-15 19:57:57 - 8_0.01_1 - INFO - [Epoch 13/30] 训练耗时: 28.57s | 平均训练准确率: 48.12
2025-11-15 19:58:25 - 8_0.01_1 - INFO - [Epoch 14/30] 训练耗时: 28.47s | 平均训练准确率: 48.37
2025-11-15 19:58:54 - 8_0.01_1 - INFO - [Epoch 15/30] 训练耗时: 28.52s | 平均训练准确率: 48.40
2025-11-15 19:59:22 - 8_0.01_1 - INFO - [Epoch 16/30] 训练耗时: 28.44s | 平均训练准确率: 48.78
2025-11-15 19:59:51 - 8_0.01_1 - INFO - [Epoch 17/30] 训练耗时: 28.56s | 平均训练准确率: 50.17
2025-11-15 20:00:19 - 8_0.01_1 - INFO - [Epoch 18/30] 训练耗时: 28.46s | 平均训练准确率: 50.62
2025-11-15 20:00:47 - 8_0.01_1 - INFO - [Epoch 19/30] 训练耗时: 27.47s | 平均训练准确率: 50.10
2025-11-15 20:00:47 - 8_0.01_1 - INFO - [RDP-sepfpl] 轮次 20: ε=0.000433, std=15.019053
2025-11-15 20:01:15 - 8_0.01_1 - INFO - [Epoch 20/30] 训练耗时: 28.44s | 平均训练准确率: 48.96
2025-11-15 20:01:44 - 8_0.01_1 - INFO - [Epoch 21/30] 训练耗时: 28.53s | 平均训练准确率: 49.06
2025-11-15 20:02:12 - 8_0.01_1 - INFO - [Epoch 22/30] 训练耗时: 28.47s | 平均训练准确率: 48.02
2025-11-15 20:02:41 - 8_0.01_1 - INFO - [Epoch 23/30] 训练耗时: 28.61s | 平均训练准确率: 47.12
2025-11-15 20:03:09 - 8_0.01_1 - INFO - [Epoch 24/30] 训练耗时: 28.55s | 平均训练准确率: 45.69
2025-11-15 20:03:38 - 8_0.01_1 - INFO - [Epoch 25/30] 训练耗时: 28.65s | 平均训练准确率: 45.28
2025-11-15 20:04:07 - 8_0.01_1 - INFO - [Epoch 26/30] 训练耗时: 28.48s | 平均训练准确率: 45.17
2025-11-15 20:04:35 - 8_0.01_1 - INFO - [Epoch 27/30] 训练耗时: 28.51s | 平均训练准确率: 45.42
2025-11-15 20:05:04 - 8_0.01_1 - INFO - [Epoch 28/30] 训练耗时: 28.62s | 平均训练准确率: 44.86
2025-11-15 20:05:04 - 8_0.01_1 - INFO - ------------local test start-------------
2025-11-15 20:05:04 - 8_0.01_1 - INFO - Evaluate on the client0 local set
2025-11-15 20:05:06 - 8_0.01_1 - INFO - => result | total 269 | correct 112 | acc 41.64% | err 58.36% | macro_f1 40.20%
2025-11-15 20:05:06 - 8_0.01_1 - INFO - Evaluate on the client0 neighbor set
2025-11-15 20:05:24 - 8_0.01_1 - INFO - => result | total 2,194 | correct 1,049 | acc 47.81% | err 52.19% | macro_f1 39.52%
2025-11-15 20:05:24 - 8_0.01_1 - INFO - Evaluate on the client1 local set
2025-11-15 20:05:27 - 8_0.01_1 - INFO - => result | total 339 | correct 76 | acc 22.42% | err 77.58% | macro_f1 25.61%
2025-11-15 20:05:27 - 8_0.01_1 - INFO - Evaluate on the client1 neighbor set
2025-11-15 20:05:44 - 8_0.01_1 - INFO - => result | total 2,124 | correct 1,100 | acc 51.79% | err 48.21% | macro_f1 41.78%
2025-11-15 20:05:44 - 8_0.01_1 - INFO - Evaluate on the client2 local set
2025-11-15 20:05:46 - 8_0.01_1 - INFO - => result | total 223 | correct 98 | acc 43.95% | err 56.05% | macro_f1 37.82%
2025-11-15 20:05:46 - 8_0.01_1 - INFO - Evaluate on the client2 neighbor set
2025-11-15 20:06:04 - 8_0.01_1 - INFO - => result | total 2,240 | correct 1,066 | acc 47.59% | err 52.41% | macro_f1 39.97%
2025-11-15 20:06:04 - 8_0.01_1 - INFO - Evaluate on the client3 local set
2025-11-15 20:06:06 - 8_0.01_1 - INFO - => result | total 211 | correct 144 | acc 68.25% | err 31.75% | macro_f1 63.29%
2025-11-15 20:06:06 - 8_0.01_1 - INFO - Evaluate on the client3 neighbor set
2025-11-15 20:06:25 - 8_0.01_1 - INFO - => result | total 2,252 | correct 1,003 | acc 44.54% | err 55.46% | macro_f1 35.67%
2025-11-15 20:06:25 - 8_0.01_1 - INFO - Evaluate on the client4 local set
2025-11-15 20:06:27 - 8_0.01_1 - INFO - => result | total 178 | correct 99 | acc 55.62% | err 44.38% | macro_f1 62.40%
2025-11-15 20:06:27 - 8_0.01_1 - INFO - Evaluate on the client4 neighbor set
2025-11-15 20:06:45 - 8_0.01_1 - INFO - => result | total 2,285 | correct 1,049 | acc 45.91% | err 54.09% | macro_f1 36.49%
2025-11-15 20:06:45 - 8_0.01_1 - INFO - Evaluate on the client5 local set
2025-11-15 20:06:47 - 8_0.01_1 - INFO - => result | total 262 | correct 191 | acc 72.90% | err 27.10% | macro_f1 64.84%
2025-11-15 20:06:47 - 8_0.01_1 - INFO - Evaluate on the client5 neighbor set
2025-11-15 20:07:06 - 8_0.01_1 - INFO - => result | total 2,201 | correct 980 | acc 44.53% | err 55.47% | macro_f1 37.19%
2025-11-15 20:07:06 - 8_0.01_1 - INFO - Evaluate on the client6 local set
2025-11-15 20:07:08 - 8_0.01_1 - INFO - => result | total 223 | correct 60 | acc 26.91% | err 73.09% | macro_f1 31.96%
2025-11-15 20:07:08 - 8_0.01_1 - INFO - Evaluate on the client6 neighbor set
2025-11-15 20:07:26 - 8_0.01_1 - INFO - => result | total 2,240 | correct 1,107 | acc 49.42% | err 50.58% | macro_f1 39.92%
2025-11-15 20:07:26 - 8_0.01_1 - INFO - Evaluate on the client7 local set
2025-11-15 20:07:28 - 8_0.01_1 - INFO - => result | total 234 | correct 119 | acc 50.85% | err 49.15% | macro_f1 61.71%
2025-11-15 20:07:28 - 8_0.01_1 - INFO - Evaluate on the client7 neighbor set
2025-11-15 20:07:47 - 8_0.01_1 - INFO - => result | total 2,229 | correct 1,041 | acc 46.70% | err 53.30% | macro_f1 37.06%
2025-11-15 20:07:47 - 8_0.01_1 - INFO - Evaluate on the client8 local set
2025-11-15 20:07:49 - 8_0.01_1 - INFO - => result | total 205 | correct 90 | acc 43.90% | err 56.10% | macro_f1 37.20%
2025-11-15 20:07:49 - 8_0.01_1 - INFO - Evaluate on the client8 neighbor set
2025-11-15 20:08:08 - 8_0.01_1 - INFO - => result | total 2,258 | correct 1,067 | acc 47.25% | err 52.75% | macro_f1 40.51%
2025-11-15 20:08:08 - 8_0.01_1 - INFO - Evaluate on the client9 local set
2025-11-15 20:08:11 - 8_0.01_1 - INFO - => result | total 319 | correct 169 | acc 52.98% | err 47.02% | macro_f1 59.78%
2025-11-15 20:08:11 - 8_0.01_1 - INFO - Evaluate on the client9 neighbor set
2025-11-15 20:08:28 - 8_0.01_1 - INFO - => result | total 2,144 | correct 993 | acc 46.32% | err 53.68% | macro_f1 39.16%
2025-11-15 20:08:28 - 8_0.01_1 - INFO - Global test local acc: 47.94
2025-11-15 20:08:28 - 8_0.01_1 - INFO - Global test neighbor acc: 47.19
2025-11-15 20:08:28 - 8_0.01_1 - INFO - ------------local test finish-------------
2025-11-15 20:08:28 - 8_0.01_1 - INFO - [Epoch 28/30] 测试耗时: 204.82s
2025-11-15 20:08:54 - 8_0.01_1 - INFO - [Epoch 29/30] 训练耗时: 25.85s | 平均训练准确率: 43.40
2025-11-15 20:08:54 - 8_0.01_1 - INFO - ------------local test start-------------
2025-11-15 20:08:54 - 8_0.01_1 - INFO - Evaluate on the client0 local set
2025-11-15 20:08:57 - 8_0.01_1 - INFO - => result | total 269 | correct 115 | acc 42.75% | err 57.25% | macro_f1 41.08%
2025-11-15 20:08:57 - 8_0.01_1 - INFO - Evaluate on the client0 neighbor set
2025-11-15 20:09:14 - 8_0.01_1 - INFO - => result | total 2,194 | correct 1,047 | acc 47.72% | err 52.28% | macro_f1 39.08%
2025-11-15 20:09:14 - 8_0.01_1 - INFO - Evaluate on the client1 local set
2025-11-15 20:09:17 - 8_0.01_1 - INFO - => result | total 339 | correct 77 | acc 22.71% | err 77.29% | macro_f1 25.90%
2025-11-15 20:09:17 - 8_0.01_1 - INFO - Evaluate on the client1 neighbor set
2025-11-15 20:09:35 - 8_0.01_1 - INFO - => result | total 2,124 | correct 1,111 | acc 52.31% | err 47.69% | macro_f1 42.00%
2025-11-15 20:09:35 - 8_0.01_1 - INFO - Evaluate on the client2 local set
2025-11-15 20:09:36 - 8_0.01_1 - INFO - => result | total 223 | correct 97 | acc 43.50% | err 56.50% | macro_f1 37.20%
2025-11-15 20:09:36 - 8_0.01_1 - INFO - Evaluate on the client2 neighbor set
2025-11-15 20:09:55 - 8_0.01_1 - INFO - => result | total 2,240 | correct 1,080 | acc 48.21% | err 51.79% | macro_f1 40.65%
2025-11-15 20:09:55 - 8_0.01_1 - INFO - Evaluate on the client3 local set
2025-11-15 20:09:57 - 8_0.01_1 - INFO - => result | total 211 | correct 139 | acc 65.88% | err 34.12% | macro_f1 60.21%
2025-11-15 20:09:57 - 8_0.01_1 - INFO - Evaluate on the client3 neighbor set
2025-11-15 20:10:15 - 8_0.01_1 - INFO - => result | total 2,252 | correct 1,018 | acc 45.20% | err 54.80% | macro_f1 36.75%
2025-11-15 20:10:15 - 8_0.01_1 - INFO - Evaluate on the client4 local set
2025-11-15 20:10:16 - 8_0.01_1 - INFO - => result | total 178 | correct 100 | acc 56.18% | err 43.82% | macro_f1 64.70%
2025-11-15 20:10:16 - 8_0.01_1 - INFO - Evaluate on the client4 neighbor set
2025-11-15 20:10:35 - 8_0.01_1 - INFO - => result | total 2,285 | correct 1,057 | acc 46.26% | err 53.74% | macro_f1 36.66%
2025-11-15 20:10:35 - 8_0.01_1 - INFO - Evaluate on the client5 local set
2025-11-15 20:10:37 - 8_0.01_1 - INFO - => result | total 262 | correct 187 | acc 71.37% | err 28.63% | macro_f1 64.25%
2025-11-15 20:10:37 - 8_0.01_1 - INFO - Evaluate on the client5 neighbor set
2025-11-15 20:10:55 - 8_0.01_1 - INFO - => result | total 2,201 | correct 994 | acc 45.16% | err 54.84% | macro_f1 37.32%
2025-11-15 20:10:55 - 8_0.01_1 - INFO - Evaluate on the client6 local set
2025-11-15 20:10:57 - 8_0.01_1 - INFO - => result | total 223 | correct 64 | acc 28.70% | err 71.30% | macro_f1 32.86%
2025-11-15 20:10:57 - 8_0.01_1 - INFO - Evaluate on the client6 neighbor set
2025-11-15 20:11:15 - 8_0.01_1 - INFO - => result | total 2,240 | correct 1,116 | acc 49.82% | err 50.18% | macro_f1 40.41%
2025-11-15 20:11:15 - 8_0.01_1 - INFO - Evaluate on the client7 local set
2025-11-15 20:11:17 - 8_0.01_1 - INFO - => result | total 234 | correct 125 | acc 53.42% | err 46.58% | macro_f1 65.50%
2025-11-15 20:11:17 - 8_0.01_1 - INFO - Evaluate on the client7 neighbor set
2025-11-15 20:11:35 - 8_0.01_1 - INFO - => result | total 2,229 | correct 1,051 | acc 47.15% | err 52.85% | macro_f1 37.20%
2025-11-15 20:11:35 - 8_0.01_1 - INFO - Evaluate on the client8 local set
2025-11-15 20:11:37 - 8_0.01_1 - INFO - => result | total 205 | correct 92 | acc 44.88% | err 55.12% | macro_f1 38.10%
2025-11-15 20:11:37 - 8_0.01_1 - INFO - Evaluate on the client8 neighbor set
2025-11-15 20:11:55 - 8_0.01_1 - INFO - => result | total 2,258 | correct 1,084 | acc 48.01% | err 51.99% | macro_f1 41.13%
2025-11-15 20:11:55 - 8_0.01_1 - INFO - Evaluate on the client9 local set
2025-11-15 20:11:58 - 8_0.01_1 - INFO - => result | total 319 | correct 176 | acc 55.17% | err 44.83% | macro_f1 61.30%
2025-11-15 20:11:58 - 8_0.01_1 - INFO - Evaluate on the client9 neighbor set
2025-11-15 20:12:15 - 8_0.01_1 - INFO - => result | total 2,144 | correct 1,005 | acc 46.88% | err 53.12% | macro_f1 39.45%
2025-11-15 20:12:15 - 8_0.01_1 - INFO - Global test local acc: 48.46
2025-11-15 20:12:15 - 8_0.01_1 - INFO - Global test neighbor acc: 47.67
2025-11-15 20:12:15 - 8_0.01_1 - INFO - ------------local test finish-------------
2025-11-15 20:12:15 - 8_0.01_1 - INFO - [Epoch 29/30] 测试耗时: 200.56s
2025-11-15 20:12:15 - 8_0.01_1 - INFO - [RDP-sepfpl] 轮次 30: ε=0.000676, std=12.016898
2025-11-15 20:12:41 - 8_0.01_1 - INFO - [Epoch 30/30] 训练耗时: 25.78s | 平均训练准确率: 44.44
2025-11-15 20:12:41 - 8_0.01_1 - INFO - ------------local test start-------------
2025-11-15 20:12:41 - 8_0.01_1 - INFO - Evaluate on the client0 local set
2025-11-15 20:12:43 - 8_0.01_1 - INFO - => result | total 269 | correct 120 | acc 44.61% | err 55.39% | macro_f1 42.61%
2025-11-15 20:12:43 - 8_0.01_1 - INFO - Evaluate on the client0 neighbor set
2025-11-15 20:13:01 - 8_0.01_1 - INFO - => result | total 2,194 | correct 1,088 | acc 49.59% | err 50.41% | macro_f1 41.37%
2025-11-15 20:13:01 - 8_0.01_1 - INFO - Evaluate on the client1 local set
2025-11-15 20:13:03 - 8_0.01_1 - INFO - => result | total 339 | correct 78 | acc 23.01% | err 76.99% | macro_f1 26.17%
2025-11-15 20:13:03 - 8_0.01_1 - INFO - Evaluate on the client1 neighbor set
2025-11-15 20:13:21 - 8_0.01_1 - INFO - => result | total 2,124 | correct 1,160 | acc 54.61% | err 45.39% | macro_f1 44.37%
2025-11-15 20:13:21 - 8_0.01_1 - INFO - Evaluate on the client2 local set
2025-11-15 20:13:22 - 8_0.01_1 - INFO - => result | total 223 | correct 99 | acc 44.39% | err 55.61% | macro_f1 38.79%
2025-11-15 20:13:22 - 8_0.01_1 - INFO - Evaluate on the client2 neighbor set
2025-11-15 20:13:41 - 8_0.01_1 - INFO - => result | total 2,240 | correct 1,120 | acc 50.00% | err 50.00% | macro_f1 42.61%
2025-11-15 20:13:41 - 8_0.01_1 - INFO - Evaluate on the client3 local set
2025-11-15 20:13:42 - 8_0.01_1 - INFO - => result | total 211 | correct 143 | acc 67.77% | err 32.23% | macro_f1 62.16%
2025-11-15 20:13:42 - 8_0.01_1 - INFO - Evaluate on the client3 neighbor set
2025-11-15 20:14:01 - 8_0.01_1 - INFO - => result | total 2,252 | correct 1,060 | acc 47.07% | err 52.93% | macro_f1 39.28%
2025-11-15 20:14:01 - 8_0.01_1 - INFO - Evaluate on the client4 local set
2025-11-15 20:14:02 - 8_0.01_1 - INFO - => result | total 178 | correct 114 | acc 64.04% | err 35.96% | macro_f1 71.51%
2025-11-15 20:14:02 - 8_0.01_1 - INFO - Evaluate on the client4 neighbor set
2025-11-15 20:14:21 - 8_0.01_1 - INFO - => result | total 2,285 | correct 1,089 | acc 47.66% | err 52.34% | macro_f1 38.54%
2025-11-15 20:14:21 - 8_0.01_1 - INFO - Evaluate on the client5 local set
2025-11-15 20:14:23 - 8_0.01_1 - INFO - => result | total 262 | correct 196 | acc 74.81% | err 25.19% | macro_f1 65.37%
2025-11-15 20:14:23 - 8_0.01_1 - INFO - Evaluate on the client5 neighbor set
2025-11-15 20:14:41 - 8_0.01_1 - INFO - => result | total 2,201 | correct 1,031 | acc 46.84% | err 53.16% | macro_f1 39.68%
2025-11-15 20:14:41 - 8_0.01_1 - INFO - Evaluate on the client6 local set
2025-11-15 20:14:43 - 8_0.01_1 - INFO - => result | total 223 | correct 76 | acc 34.08% | err 65.92% | macro_f1 40.71%
2025-11-15 20:14:43 - 8_0.01_1 - INFO - Evaluate on the client6 neighbor set
2025-11-15 20:15:01 - 8_0.01_1 - INFO - => result | total 2,240 | correct 1,143 | acc 51.03% | err 48.97% | macro_f1 41.81%
2025-11-15 20:15:01 - 8_0.01_1 - INFO - Evaluate on the client7 local set
2025-11-15 20:15:03 - 8_0.01_1 - INFO - => result | total 234 | correct 121 | acc 51.71% | err 48.29% | macro_f1 63.63%
2025-11-15 20:15:03 - 8_0.01_1 - INFO - Evaluate on the client7 neighbor set
2025-11-15 20:15:22 - 8_0.01_1 - INFO - => result | total 2,229 | correct 1,091 | acc 48.95% | err 51.05% | macro_f1 39.43%
2025-11-15 20:15:22 - 8_0.01_1 - INFO - Evaluate on the client8 local set
2025-11-15 20:15:23 - 8_0.01_1 - INFO - => result | total 205 | correct 91 | acc 44.39% | err 55.61% | macro_f1 38.53%
2025-11-15 20:15:23 - 8_0.01_1 - INFO - Evaluate on the client8 neighbor set
2025-11-15 20:15:42 - 8_0.01_1 - INFO - => result | total 2,258 | correct 1,127 | acc 49.91% | err 50.09% | macro_f1 43.34%
2025-11-15 20:15:42 - 8_0.01_1 - INFO - Evaluate on the client9 local set
2025-11-15 20:15:44 - 8_0.01_1 - INFO - => result | total 319 | correct 179 | acc 56.11% | err 43.89% | macro_f1 62.04%
2025-11-15 20:15:44 - 8_0.01_1 - INFO - Evaluate on the client9 neighbor set
2025-11-15 20:16:02 - 8_0.01_1 - INFO - => result | total 2,144 | correct 1,042 | acc 48.60% | err 51.40% | macro_f1 41.02%
2025-11-15 20:16:02 - 8_0.01_1 - INFO - Global test local acc: 50.49
2025-11-15 20:16:02 - 8_0.01_1 - INFO - Global test neighbor acc: 49.43
2025-11-15 20:16:02 - 8_0.01_1 - INFO - ------------local test finish-------------
2025-11-15 20:16:02 - 8_0.01_1 - INFO - [Epoch 30/30] 测试耗时: 201.11s
2025-11-15 20:16:02 - 8_0.01_1 - INFO - maximum test local acc: 50.493
2025-11-15 20:16:02 - 8_0.01_1 - INFO - mean of local acc: 48.963
2025-11-15 20:16:02 - 8_0.01_1 - INFO - maximum test neighbor acc: 49.426
2025-11-15 20:16:02 - 8_0.01_1 - INFO - mean of neighbor acc: 48.094
