2025-11-15 18:39:04 - 8_0.2_1 - INFO - 日志文件已创建: logs/oxford_flowers/sepfpl/8_0.2_1_20251115_183904.log
2025-11-15 18:39:04 - 8_0.2_1 - INFO - Loading trainer: DP_FPL
2025-11-15 18:39:04 - 8_0.2_1 - INFO - Loading dataset: OxfordFlowers
2025-11-15 18:39:04 - 8_0.2_1 - INFO - Reading split from /home/liuxin25/dataset/oxford_flowers/split_zhou_OxfordFlowers.json
2025-11-15 18:39:04 - 8_0.2_1 - INFO - Creating a baseline federated dataset
2025-11-15 18:39:04 - 8_0.2_1 - INFO - class_num 102
2025-11-15 18:39:04 - 8_0.2_1 - INFO - user class dict total [90, 54, 31, 35, 55, 72, 92, 42, 95, 84]
2025-11-15 18:39:04 - 8_0.2_1 - INFO - idx: 0, output_dict_len: 451
2025-11-15 18:39:04 - 8_0.2_1 - INFO - user class dict total [74, 0, 1, 80, 27, 20, 77, 50, 66, 45]
2025-11-15 18:39:04 - 8_0.2_1 - INFO - idx: 1, output_dict_len: 562
2025-11-15 18:39:04 - 8_0.2_1 - INFO - user class dict total [44, 82, 14, 32, 52, 70, 28, 51, 10, 21]
2025-11-15 18:39:04 - 8_0.2_1 - INFO - idx: 2, output_dict_len: 373
2025-11-15 18:39:04 - 8_0.2_1 - INFO - user class dict total [33, 75, 5, 48, 87, 98, 23, 69, 62, 7]
2025-11-15 18:39:04 - 8_0.2_1 - INFO - idx: 3, output_dict_len: 350
2025-11-15 18:39:04 - 8_0.2_1 - INFO - user class dict total [17, 18, 60, 34, 11, 58, 86, 13, 41, 30]
2025-11-15 18:39:04 - 8_0.2_1 - INFO - idx: 4, output_dict_len: 302
2025-11-15 18:39:04 - 8_0.2_1 - INFO - user class dict total [24, 71, 56, 76, 37, 6, 53, 79, 97, 39]
2025-11-15 18:39:04 - 8_0.2_1 - INFO - idx: 5, output_dict_len: 433
2025-11-15 18:39:04 - 8_0.2_1 - INFO - user class dict total [47, 65, 36, 91, 3, 63, 59, 9, 96, 64]
2025-11-15 18:39:04 - 8_0.2_1 - INFO - idx: 6, output_dict_len: 367
2025-11-15 18:39:04 - 8_0.2_1 - INFO - user class dict total [94, 88, 99, 61, 19, 25, 4, 16, 8, 46]
2025-11-15 18:39:04 - 8_0.2_1 - INFO - idx: 7, output_dict_len: 387
2025-11-15 18:39:04 - 8_0.2_1 - INFO - user class dict total [26, 2, 93, 85, 29, 22, 100, 67, 68, 38]
2025-11-15 18:39:04 - 8_0.2_1 - INFO - idx: 8, output_dict_len: 341
2025-11-15 18:39:04 - 8_0.2_1 - INFO - user class dict total [83, 15, 12, 81, 43, 73, 78, 40, 101, 57, 89, 49]
2025-11-15 18:39:04 - 8_0.2_1 - INFO - idx: 9, output_dict_len: 527
2025-11-15 18:39:04 - 8_0.2_1 - INFO - Creating a baseline federated dataset
2025-11-15 18:39:04 - 8_0.2_1 - INFO - class_num 102
2025-11-15 18:39:04 - 8_0.2_1 - INFO - user class dict total [90, 54, 31, 35, 55, 72, 92, 42, 95, 84]
2025-11-15 18:39:04 - 8_0.2_1 - INFO - idx: 0, output_dict_len: 269
2025-11-15 18:39:04 - 8_0.2_1 - INFO - user class dict total [74, 0, 1, 80, 27, 20, 77, 50, 66, 45]
2025-11-15 18:39:04 - 8_0.2_1 - INFO - idx: 1, output_dict_len: 339
2025-11-15 18:39:04 - 8_0.2_1 - INFO - user class dict total [44, 82, 14, 32, 52, 70, 28, 51, 10, 21]
2025-11-15 18:39:04 - 8_0.2_1 - INFO - idx: 2, output_dict_len: 223
2025-11-15 18:39:04 - 8_0.2_1 - INFO - user class dict total [33, 75, 5, 48, 87, 98, 23, 69, 62, 7]
2025-11-15 18:39:04 - 8_0.2_1 - INFO - idx: 3, output_dict_len: 211
2025-11-15 18:39:04 - 8_0.2_1 - INFO - user class dict total [17, 18, 60, 34, 11, 58, 86, 13, 41, 30]
2025-11-15 18:39:04 - 8_0.2_1 - INFO - idx: 4, output_dict_len: 178
2025-11-15 18:39:04 - 8_0.2_1 - INFO - user class dict total [24, 71, 56, 76, 37, 6, 53, 79, 97, 39]
2025-11-15 18:39:04 - 8_0.2_1 - INFO - idx: 5, output_dict_len: 262
2025-11-15 18:39:04 - 8_0.2_1 - INFO - user class dict total [47, 65, 36, 91, 3, 63, 59, 9, 96, 64]
2025-11-15 18:39:04 - 8_0.2_1 - INFO - idx: 6, output_dict_len: 223
2025-11-15 18:39:04 - 8_0.2_1 - INFO - user class dict total [94, 88, 99, 61, 19, 25, 4, 16, 8, 46]
2025-11-15 18:39:04 - 8_0.2_1 - INFO - idx: 7, output_dict_len: 234
2025-11-15 18:39:04 - 8_0.2_1 - INFO - user class dict total [26, 2, 93, 85, 29, 22, 100, 67, 68, 38]
2025-11-15 18:39:04 - 8_0.2_1 - INFO - idx: 8, output_dict_len: 205
2025-11-15 18:39:04 - 8_0.2_1 - INFO - user class dict total [83, 15, 12, 81, 43, 73, 78, 40, 101, 57, 89, 49]
2025-11-15 18:39:04 - 8_0.2_1 - INFO - idx: 9, output_dict_len: 319
2025-11-15 18:39:04 - 8_0.2_1 - INFO - Loading CLIP (backbone: ViT-B/16)
2025-11-15 18:39:06 - 8_0.2_1 - INFO - Building custom CLIP
2025-11-15 18:39:06 - 8_0.2_1 - INFO - Turning off gradients in both the image and the text encoder
2025-11-15 18:39:07 - 8_0.2_1 - INFO - [RDP-sepfpl] 轮次 1: ε=0.000321, std=17.445927
2025-11-15 18:39:36 - 8_0.2_1 - INFO - [Epoch 1/30] 训练耗时: 29.85s | 平均训练准确率: 12.22
2025-11-15 18:40:04 - 8_0.2_1 - INFO - [Epoch 2/30] 训练耗时: 27.58s | 平均训练准确率: 7.92
2025-11-15 18:40:33 - 8_0.2_1 - INFO - [Epoch 3/30] 训练耗时: 28.60s | 平均训练准确率: 8.89
2025-11-15 18:41:01 - 8_0.2_1 - INFO - [Epoch 4/30] 训练耗时: 28.55s | 平均训练准确率: 13.68
2025-11-15 18:41:30 - 8_0.2_1 - INFO - [Epoch 5/30] 训练耗时: 28.55s | 平均训练准确率: 16.08
2025-11-15 18:41:58 - 8_0.2_1 - INFO - [Epoch 6/30] 训练耗时: 28.52s | 平均训练准确率: 22.26
2025-11-15 18:42:27 - 8_0.2_1 - INFO - [Epoch 7/30] 训练耗时: 28.49s | 平均训练准确率: 30.87
2025-11-15 18:42:55 - 8_0.2_1 - INFO - [Epoch 8/30] 训练耗时: 28.68s | 平均训练准确率: 33.82
2025-11-15 18:43:24 - 8_0.2_1 - INFO - [Epoch 9/30] 训练耗时: 28.53s | 平均训练准确率: 40.42
2025-11-15 18:43:24 - 8_0.2_1 - INFO - [RDP-sepfpl] 轮次 10: ε=0.004039, std=4.916930
2025-11-15 18:43:52 - 8_0.2_1 - INFO - [Epoch 10/30] 训练耗时: 28.51s | 平均训练准确率: 44.41
2025-11-15 18:44:21 - 8_0.2_1 - INFO - [Epoch 11/30] 训练耗时: 28.41s | 平均训练准确率: 48.72
2025-11-15 18:44:49 - 8_0.2_1 - INFO - [Epoch 12/30] 训练耗时: 28.58s | 平均训练准确率: 53.61
2025-11-15 18:45:17 - 8_0.2_1 - INFO - [Epoch 13/30] 训练耗时: 27.61s | 平均训练准确率: 56.15
2025-11-15 18:45:45 - 8_0.2_1 - INFO - [Epoch 14/30] 训练耗时: 28.24s | 平均训练准确率: 57.33
2025-11-15 18:46:13 - 8_0.2_1 - INFO - [Epoch 15/30] 训练耗时: 27.83s | 平均训练准确率: 55.59
2025-11-15 18:46:42 - 8_0.2_1 - INFO - [Epoch 16/30] 训练耗时: 28.63s | 平均训练准确率: 57.43
2025-11-15 18:47:10 - 8_0.2_1 - INFO - [Epoch 17/30] 训练耗时: 28.73s | 平均训练准确率: 58.37
2025-11-15 18:47:39 - 8_0.2_1 - INFO - [Epoch 18/30] 训练耗时: 28.72s | 平均训练准确率: 58.61
2025-11-15 18:48:08 - 8_0.2_1 - INFO - [Epoch 19/30] 训练耗时: 28.76s | 平均训练准确率: 58.30
2025-11-15 18:48:08 - 8_0.2_1 - INFO - [RDP-sepfpl] 轮次 20: ε=0.008659, std=3.358362
2025-11-15 18:48:36 - 8_0.2_1 - INFO - [Epoch 20/30] 训练耗时: 28.59s | 平均训练准确率: 59.06
2025-11-15 18:49:05 - 8_0.2_1 - INFO - [Epoch 21/30] 训练耗时: 28.56s | 平均训练准确率: 58.85
2025-11-15 18:49:34 - 8_0.2_1 - INFO - [Epoch 22/30] 训练耗时: 28.61s | 平均训练准确率: 60.52
2025-11-15 18:50:02 - 8_0.2_1 - INFO - [Epoch 23/30] 训练耗时: 28.83s | 平均训练准确率: 60.66
2025-11-15 18:50:31 - 8_0.2_1 - INFO - [Epoch 24/30] 训练耗时: 28.63s | 平均训练准确率: 58.82
2025-11-15 18:51:00 - 8_0.2_1 - INFO - [Epoch 25/30] 训练耗时: 28.65s | 平均训练准确率: 59.86
2025-11-15 18:51:28 - 8_0.2_1 - INFO - [Epoch 26/30] 训练耗时: 28.54s | 平均训练准确率: 59.20
2025-11-15 18:51:56 - 8_0.2_1 - INFO - [Epoch 27/30] 训练耗时: 27.77s | 平均训练准确率: 58.82
2025-11-15 18:52:24 - 8_0.2_1 - INFO - [Epoch 28/30] 训练耗时: 28.25s | 平均训练准确率: 56.08
2025-11-15 18:52:24 - 8_0.2_1 - INFO - ------------local test start-------------
2025-11-15 18:52:24 - 8_0.2_1 - INFO - Evaluate on the client0 local set
2025-11-15 18:52:27 - 8_0.2_1 - INFO - => result | total 269 | correct 127 | acc 47.21% | err 52.79% | macro_f1 46.50%
2025-11-15 18:52:27 - 8_0.2_1 - INFO - Evaluate on the client0 neighbor set
2025-11-15 18:52:47 - 8_0.2_1 - INFO - => result | total 2,194 | correct 1,343 | acc 61.21% | err 38.79% | macro_f1 55.12%
2025-11-15 18:52:47 - 8_0.2_1 - INFO - Evaluate on the client1 local set
2025-11-15 18:52:50 - 8_0.2_1 - INFO - => result | total 339 | correct 133 | acc 39.23% | err 60.77% | macro_f1 48.72%
2025-11-15 18:52:50 - 8_0.2_1 - INFO - Evaluate on the client1 neighbor set
2025-11-15 18:53:07 - 8_0.2_1 - INFO - => result | total 2,124 | correct 1,358 | acc 63.94% | err 36.06% | macro_f1 57.17%
2025-11-15 18:53:07 - 8_0.2_1 - INFO - Evaluate on the client2 local set
2025-11-15 18:53:09 - 8_0.2_1 - INFO - => result | total 223 | correct 151 | acc 67.71% | err 32.29% | macro_f1 60.94%
2025-11-15 18:53:09 - 8_0.2_1 - INFO - Evaluate on the client2 neighbor set
2025-11-15 18:53:27 - 8_0.2_1 - INFO - => result | total 2,240 | correct 1,315 | acc 58.71% | err 41.29% | macro_f1 54.19%
2025-11-15 18:53:27 - 8_0.2_1 - INFO - Evaluate on the client3 local set
2025-11-15 18:53:29 - 8_0.2_1 - INFO - => result | total 211 | correct 158 | acc 74.88% | err 25.12% | macro_f1 72.61%
2025-11-15 18:53:29 - 8_0.2_1 - INFO - Evaluate on the client3 neighbor set
2025-11-15 18:53:48 - 8_0.2_1 - INFO - => result | total 2,252 | correct 1,288 | acc 57.19% | err 42.81% | macro_f1 51.75%
2025-11-15 18:53:48 - 8_0.2_1 - INFO - Evaluate on the client4 local set
2025-11-15 18:53:49 - 8_0.2_1 - INFO - => result | total 178 | correct 115 | acc 64.61% | err 35.39% | macro_f1 73.97%
2025-11-15 18:53:49 - 8_0.2_1 - INFO - Evaluate on the client4 neighbor set
2025-11-15 18:54:08 - 8_0.2_1 - INFO - => result | total 2,285 | correct 1,351 | acc 59.12% | err 40.88% | macro_f1 52.55%
2025-11-15 18:54:08 - 8_0.2_1 - INFO - Evaluate on the client5 local set
2025-11-15 18:54:11 - 8_0.2_1 - INFO - => result | total 262 | correct 218 | acc 83.21% | err 16.79% | macro_f1 81.93%
2025-11-15 18:54:11 - 8_0.2_1 - INFO - Evaluate on the client5 neighbor set
2025-11-15 18:54:29 - 8_0.2_1 - INFO - => result | total 2,201 | correct 1,258 | acc 57.16% | err 42.84% | macro_f1 52.15%
2025-11-15 18:54:29 - 8_0.2_1 - INFO - Evaluate on the client6 local set
2025-11-15 18:54:31 - 8_0.2_1 - INFO - => result | total 223 | correct 99 | acc 44.39% | err 55.61% | macro_f1 52.84%
2025-11-15 18:54:31 - 8_0.2_1 - INFO - Evaluate on the client6 neighbor set
2025-11-15 18:54:50 - 8_0.2_1 - INFO - => result | total 2,240 | correct 1,320 | acc 58.93% | err 41.07% | macro_f1 52.32%
2025-11-15 18:54:50 - 8_0.2_1 - INFO - Evaluate on the client7 local set
2025-11-15 18:54:52 - 8_0.2_1 - INFO - => result | total 234 | correct 121 | acc 51.71% | err 48.29% | macro_f1 65.36%
2025-11-15 18:54:52 - 8_0.2_1 - INFO - Evaluate on the client7 neighbor set
2025-11-15 18:55:10 - 8_0.2_1 - INFO - => result | total 2,229 | correct 1,329 | acc 59.62% | err 40.38% | macro_f1 52.48%
2025-11-15 18:55:10 - 8_0.2_1 - INFO - Evaluate on the client8 local set
2025-11-15 18:55:12 - 8_0.2_1 - INFO - => result | total 205 | correct 112 | acc 54.63% | err 45.37% | macro_f1 52.96%
2025-11-15 18:55:12 - 8_0.2_1 - INFO - Evaluate on the client8 neighbor set
2025-11-15 18:55:31 - 8_0.2_1 - INFO - => result | total 2,258 | correct 1,374 | acc 60.85% | err 39.15% | macro_f1 55.67%
2025-11-15 18:55:31 - 8_0.2_1 - INFO - Evaluate on the client9 local set
2025-11-15 18:55:33 - 8_0.2_1 - INFO - => result | total 319 | correct 238 | acc 74.61% | err 25.39% | macro_f1 71.35%
2025-11-15 18:55:33 - 8_0.2_1 - INFO - Evaluate on the client9 neighbor set
2025-11-15 18:55:51 - 8_0.2_1 - INFO - => result | total 2,144 | correct 1,190 | acc 55.50% | err 44.50% | macro_f1 50.68%
2025-11-15 18:55:51 - 8_0.2_1 - INFO - Global test local acc: 60.22
2025-11-15 18:55:51 - 8_0.2_1 - INFO - Global test neighbor acc: 59.22
2025-11-15 18:55:51 - 8_0.2_1 - INFO - ------------local test finish-------------
2025-11-15 18:55:51 - 8_0.2_1 - INFO - [Epoch 28/30] 测试耗时: 206.78s
2025-11-15 18:56:18 - 8_0.2_1 - INFO - [Epoch 29/30] 训练耗时: 26.66s | 平均训练准确率: 57.47
2025-11-15 18:56:18 - 8_0.2_1 - INFO - ------------local test start-------------
2025-11-15 18:56:18 - 8_0.2_1 - INFO - Evaluate on the client0 local set
2025-11-15 18:56:20 - 8_0.2_1 - INFO - => result | total 269 | correct 134 | acc 49.81% | err 50.19% | macro_f1 49.36%
2025-11-15 18:56:20 - 8_0.2_1 - INFO - Evaluate on the client0 neighbor set
2025-11-15 18:56:39 - 8_0.2_1 - INFO - => result | total 2,194 | correct 1,366 | acc 62.26% | err 37.74% | macro_f1 56.10%
2025-11-15 18:56:39 - 8_0.2_1 - INFO - Evaluate on the client1 local set
2025-11-15 18:56:41 - 8_0.2_1 - INFO - => result | total 339 | correct 144 | acc 42.48% | err 57.52% | macro_f1 49.58%
2025-11-15 18:56:41 - 8_0.2_1 - INFO - Evaluate on the client1 neighbor set
2025-11-15 18:56:59 - 8_0.2_1 - INFO - => result | total 2,124 | correct 1,376 | acc 64.78% | err 35.22% | macro_f1 57.89%
2025-11-15 18:56:59 - 8_0.2_1 - INFO - Evaluate on the client2 local set
2025-11-15 18:57:01 - 8_0.2_1 - INFO - => result | total 223 | correct 152 | acc 68.16% | err 31.84% | macro_f1 61.55%
2025-11-15 18:57:01 - 8_0.2_1 - INFO - Evaluate on the client2 neighbor set
2025-11-15 18:57:19 - 8_0.2_1 - INFO - => result | total 2,240 | correct 1,347 | acc 60.13% | err 39.87% | macro_f1 55.32%
2025-11-15 18:57:19 - 8_0.2_1 - INFO - Evaluate on the client3 local set
2025-11-15 18:57:21 - 8_0.2_1 - INFO - => result | total 211 | correct 159 | acc 75.36% | err 24.64% | macro_f1 72.40%
2025-11-15 18:57:21 - 8_0.2_1 - INFO - Evaluate on the client3 neighbor set
2025-11-15 18:57:41 - 8_0.2_1 - INFO - => result | total 2,252 | correct 1,323 | acc 58.75% | err 41.25% | macro_f1 53.26%
2025-11-15 18:57:41 - 8_0.2_1 - INFO - Evaluate on the client4 local set
2025-11-15 18:57:43 - 8_0.2_1 - INFO - => result | total 178 | correct 117 | acc 65.73% | err 34.27% | macro_f1 74.58%
2025-11-15 18:57:43 - 8_0.2_1 - INFO - Evaluate on the client4 neighbor set
2025-11-15 18:58:02 - 8_0.2_1 - INFO - => result | total 2,285 | correct 1,378 | acc 60.31% | err 39.69% | macro_f1 53.90%
2025-11-15 18:58:02 - 8_0.2_1 - INFO - Evaluate on the client5 local set
2025-11-15 18:58:04 - 8_0.2_1 - INFO - => result | total 262 | correct 219 | acc 83.59% | err 16.41% | macro_f1 81.49%
2025-11-15 18:58:04 - 8_0.2_1 - INFO - Evaluate on the client5 neighbor set
2025-11-15 18:58:22 - 8_0.2_1 - INFO - => result | total 2,201 | correct 1,287 | acc 58.47% | err 41.53% | macro_f1 53.20%
2025-11-15 18:58:22 - 8_0.2_1 - INFO - Evaluate on the client6 local set
2025-11-15 18:58:24 - 8_0.2_1 - INFO - => result | total 223 | correct 101 | acc 45.29% | err 54.71% | macro_f1 52.80%
2025-11-15 18:58:24 - 8_0.2_1 - INFO - Evaluate on the client6 neighbor set
2025-11-15 18:58:43 - 8_0.2_1 - INFO - => result | total 2,240 | correct 1,355 | acc 60.49% | err 39.51% | macro_f1 54.33%
2025-11-15 18:58:43 - 8_0.2_1 - INFO - Evaluate on the client7 local set
2025-11-15 18:58:45 - 8_0.2_1 - INFO - => result | total 234 | correct 125 | acc 53.42% | err 46.58% | macro_f1 67.47%
2025-11-15 18:58:45 - 8_0.2_1 - INFO - Evaluate on the client7 neighbor set
2025-11-15 18:59:03 - 8_0.2_1 - INFO - => result | total 2,229 | correct 1,362 | acc 61.10% | err 38.90% | macro_f1 53.79%
2025-11-15 18:59:03 - 8_0.2_1 - INFO - Evaluate on the client8 local set
2025-11-15 18:59:05 - 8_0.2_1 - INFO - => result | total 205 | correct 120 | acc 58.54% | err 41.46% | macro_f1 56.55%
2025-11-15 18:59:05 - 8_0.2_1 - INFO - Evaluate on the client8 neighbor set
2025-11-15 18:59:23 - 8_0.2_1 - INFO - => result | total 2,258 | correct 1,397 | acc 61.87% | err 38.13% | macro_f1 56.94%
2025-11-15 18:59:23 - 8_0.2_1 - INFO - Evaluate on the client9 local set
2025-11-15 18:59:26 - 8_0.2_1 - INFO - => result | total 319 | correct 237 | acc 74.29% | err 25.71% | macro_f1 72.54%
2025-11-15 18:59:26 - 8_0.2_1 - INFO - Evaluate on the client9 neighbor set
2025-11-15 18:59:44 - 8_0.2_1 - INFO - => result | total 2,144 | correct 1,231 | acc 57.42% | err 42.58% | macro_f1 52.33%
2025-11-15 18:59:44 - 8_0.2_1 - INFO - Global test local acc: 61.67
2025-11-15 18:59:44 - 8_0.2_1 - INFO - Global test neighbor acc: 60.56
2025-11-15 18:59:44 - 8_0.2_1 - INFO - ------------local test finish-------------
2025-11-15 18:59:44 - 8_0.2_1 - INFO - [Epoch 29/30] 测试耗时: 205.84s
2025-11-15 18:59:44 - 8_0.2_1 - INFO - [RDP-sepfpl] 轮次 30: ε=0.013525, std=2.687060
2025-11-15 19:00:09 - 8_0.2_1 - INFO - [Epoch 30/30] 训练耗时: 25.85s | 平均训练准确率: 58.51
2025-11-15 19:00:09 - 8_0.2_1 - INFO - ------------local test start-------------
2025-11-15 19:00:09 - 8_0.2_1 - INFO - Evaluate on the client0 local set
2025-11-15 19:00:12 - 8_0.2_1 - INFO - => result | total 269 | correct 134 | acc 49.81% | err 50.19% | macro_f1 49.06%
2025-11-15 19:00:12 - 8_0.2_1 - INFO - Evaluate on the client0 neighbor set
2025-11-15 19:00:29 - 8_0.2_1 - INFO - => result | total 2,194 | correct 1,383 | acc 63.04% | err 36.96% | macro_f1 57.02%
2025-11-15 19:00:29 - 8_0.2_1 - INFO - Evaluate on the client1 local set
2025-11-15 19:00:32 - 8_0.2_1 - INFO - => result | total 339 | correct 168 | acc 49.56% | err 50.44% | macro_f1 54.00%
2025-11-15 19:00:32 - 8_0.2_1 - INFO - Evaluate on the client1 neighbor set
2025-11-15 19:00:49 - 8_0.2_1 - INFO - => result | total 2,124 | correct 1,381 | acc 65.02% | err 34.98% | macro_f1 58.61%
2025-11-15 19:00:49 - 8_0.2_1 - INFO - Evaluate on the client2 local set
2025-11-15 19:00:51 - 8_0.2_1 - INFO - => result | total 223 | correct 150 | acc 67.26% | err 32.74% | macro_f1 60.90%
2025-11-15 19:00:51 - 8_0.2_1 - INFO - Evaluate on the client2 neighbor set
2025-11-15 19:01:09 - 8_0.2_1 - INFO - => result | total 2,240 | correct 1,366 | acc 60.98% | err 39.02% | macro_f1 56.20%
2025-11-15 19:01:09 - 8_0.2_1 - INFO - Evaluate on the client3 local set
2025-11-15 19:01:11 - 8_0.2_1 - INFO - => result | total 211 | correct 159 | acc 75.36% | err 24.64% | macro_f1 71.82%
2025-11-15 19:01:11 - 8_0.2_1 - INFO - Evaluate on the client3 neighbor set
2025-11-15 19:01:29 - 8_0.2_1 - INFO - => result | total 2,252 | correct 1,333 | acc 59.19% | err 40.81% | macro_f1 54.03%
2025-11-15 19:01:29 - 8_0.2_1 - INFO - Evaluate on the client4 local set
2025-11-15 19:01:31 - 8_0.2_1 - INFO - => result | total 178 | correct 119 | acc 66.85% | err 33.15% | macro_f1 76.39%
2025-11-15 19:01:31 - 8_0.2_1 - INFO - Evaluate on the client4 neighbor set
2025-11-15 19:01:49 - 8_0.2_1 - INFO - => result | total 2,285 | correct 1,394 | acc 61.01% | err 38.99% | macro_f1 54.25%
2025-11-15 19:01:49 - 8_0.2_1 - INFO - Evaluate on the client5 local set
2025-11-15 19:01:51 - 8_0.2_1 - INFO - => result | total 262 | correct 216 | acc 82.44% | err 17.56% | macro_f1 80.53%
2025-11-15 19:01:51 - 8_0.2_1 - INFO - Evaluate on the client5 neighbor set
2025-11-15 19:02:09 - 8_0.2_1 - INFO - => result | total 2,201 | correct 1,316 | acc 59.79% | err 40.21% | macro_f1 54.21%
2025-11-15 19:02:09 - 8_0.2_1 - INFO - Evaluate on the client6 local set
2025-11-15 19:02:11 - 8_0.2_1 - INFO - => result | total 223 | correct 98 | acc 43.95% | err 56.05% | macro_f1 50.32%
2025-11-15 19:02:11 - 8_0.2_1 - INFO - Evaluate on the client6 neighbor set
2025-11-15 19:02:30 - 8_0.2_1 - INFO - => result | total 2,240 | correct 1,369 | acc 61.12% | err 38.88% | macro_f1 55.13%
2025-11-15 19:02:30 - 8_0.2_1 - INFO - Evaluate on the client7 local set
2025-11-15 19:02:32 - 8_0.2_1 - INFO - => result | total 234 | correct 124 | acc 52.99% | err 47.01% | macro_f1 66.47%
2025-11-15 19:02:32 - 8_0.2_1 - INFO - Evaluate on the client7 neighbor set
2025-11-15 19:02:50 - 8_0.2_1 - INFO - => result | total 2,229 | correct 1,375 | acc 61.69% | err 38.31% | macro_f1 54.39%
2025-11-15 19:02:50 - 8_0.2_1 - INFO - Evaluate on the client8 local set
2025-11-15 19:02:52 - 8_0.2_1 - INFO - => result | total 205 | correct 126 | acc 61.46% | err 38.54% | macro_f1 60.01%
2025-11-15 19:02:52 - 8_0.2_1 - INFO - Evaluate on the client8 neighbor set
2025-11-15 19:03:10 - 8_0.2_1 - INFO - => result | total 2,258 | correct 1,414 | acc 62.62% | err 37.38% | macro_f1 57.12%
2025-11-15 19:03:10 - 8_0.2_1 - INFO - Evaluate on the client9 local set
2025-11-15 19:03:13 - 8_0.2_1 - INFO - => result | total 319 | correct 239 | acc 74.92% | err 25.08% | macro_f1 72.65%
2025-11-15 19:03:13 - 8_0.2_1 - INFO - Evaluate on the client9 neighbor set
2025-11-15 19:03:30 - 8_0.2_1 - INFO - => result | total 2,144 | correct 1,239 | acc 57.79% | err 42.21% | macro_f1 52.64%
2025-11-15 19:03:30 - 8_0.2_1 - INFO - Global test local acc: 62.46
2025-11-15 19:03:30 - 8_0.2_1 - INFO - Global test neighbor acc: 61.22
2025-11-15 19:03:30 - 8_0.2_1 - INFO - ------------local test finish-------------
2025-11-15 19:03:30 - 8_0.2_1 - INFO - [Epoch 30/30] 测试耗时: 200.65s
2025-11-15 19:03:30 - 8_0.2_1 - INFO - maximum test local acc: 62.461
2025-11-15 19:03:30 - 8_0.2_1 - INFO - mean of local acc: 61.449
2025-11-15 19:03:30 - 8_0.2_1 - INFO - maximum test neighbor acc: 61.224
2025-11-15 19:03:30 - 8_0.2_1 - INFO - mean of neighbor acc: 60.335
