2025-11-17 23:45:36 - 8_0.0_1 - INFO - 日志文件已创建: logs/oxford_flowers/sepfpl/8_0.0_1_20251117_234536.log
2025-11-17 23:45:36 - 8_0.0_1 - INFO - Loading trainer: DP_FPL
2025-11-17 23:45:36 - 8_0.0_1 - INFO - Loading dataset: OxfordFlowers
2025-11-17 23:45:36 - 8_0.0_1 - INFO - Reading split from /home/liuxin25/dataset/oxford_flowers/split_zhou_OxfordFlowers.json
2025-11-17 23:45:36 - 8_0.0_1 - INFO - Creating a baseline federated dataset
2025-11-17 23:45:36 - 8_0.0_1 - INFO - class_num 102
2025-11-17 23:45:36 - 8_0.0_1 - INFO - user class dict total [90, 54, 31, 35, 55, 72, 92, 42, 95, 84]
2025-11-17 23:45:36 - 8_0.0_1 - INFO - idx: 0, output_dict_len: 451
2025-11-17 23:45:36 - 8_0.0_1 - INFO - user class dict total [74, 0, 1, 80, 27, 20, 77, 50, 66, 45]
2025-11-17 23:45:36 - 8_0.0_1 - INFO - idx: 1, output_dict_len: 562
2025-11-17 23:45:36 - 8_0.0_1 - INFO - user class dict total [44, 82, 14, 32, 52, 70, 28, 51, 10, 21]
2025-11-17 23:45:36 - 8_0.0_1 - INFO - idx: 2, output_dict_len: 373
2025-11-17 23:45:36 - 8_0.0_1 - INFO - user class dict total [33, 75, 5, 48, 87, 98, 23, 69, 62, 7]
2025-11-17 23:45:36 - 8_0.0_1 - INFO - idx: 3, output_dict_len: 350
2025-11-17 23:45:36 - 8_0.0_1 - INFO - user class dict total [17, 18, 60, 34, 11, 58, 86, 13, 41, 30]
2025-11-17 23:45:36 - 8_0.0_1 - INFO - idx: 4, output_dict_len: 302
2025-11-17 23:45:36 - 8_0.0_1 - INFO - user class dict total [24, 71, 56, 76, 37, 6, 53, 79, 97, 39]
2025-11-17 23:45:36 - 8_0.0_1 - INFO - idx: 5, output_dict_len: 433
2025-11-17 23:45:36 - 8_0.0_1 - INFO - user class dict total [47, 65, 36, 91, 3, 63, 59, 9, 96, 64]
2025-11-17 23:45:36 - 8_0.0_1 - INFO - idx: 6, output_dict_len: 367
2025-11-17 23:45:36 - 8_0.0_1 - INFO - user class dict total [94, 88, 99, 61, 19, 25, 4, 16, 8, 46]
2025-11-17 23:45:36 - 8_0.0_1 - INFO - idx: 7, output_dict_len: 387
2025-11-17 23:45:36 - 8_0.0_1 - INFO - user class dict total [26, 2, 93, 85, 29, 22, 100, 67, 68, 38]
2025-11-17 23:45:36 - 8_0.0_1 - INFO - idx: 8, output_dict_len: 341
2025-11-17 23:45:36 - 8_0.0_1 - INFO - user class dict total [83, 15, 12, 81, 43, 73, 78, 40, 101, 57, 89, 49]
2025-11-17 23:45:36 - 8_0.0_1 - INFO - idx: 9, output_dict_len: 527
2025-11-17 23:45:36 - 8_0.0_1 - INFO - Creating a baseline federated dataset
2025-11-17 23:45:36 - 8_0.0_1 - INFO - class_num 102
2025-11-17 23:45:36 - 8_0.0_1 - INFO - user class dict total [90, 54, 31, 35, 55, 72, 92, 42, 95, 84]
2025-11-17 23:45:36 - 8_0.0_1 - INFO - idx: 0, output_dict_len: 269
2025-11-17 23:45:36 - 8_0.0_1 - INFO - user class dict total [74, 0, 1, 80, 27, 20, 77, 50, 66, 45]
2025-11-17 23:45:36 - 8_0.0_1 - INFO - idx: 1, output_dict_len: 339
2025-11-17 23:45:36 - 8_0.0_1 - INFO - user class dict total [44, 82, 14, 32, 52, 70, 28, 51, 10, 21]
2025-11-17 23:45:36 - 8_0.0_1 - INFO - idx: 2, output_dict_len: 223
2025-11-17 23:45:36 - 8_0.0_1 - INFO - user class dict total [33, 75, 5, 48, 87, 98, 23, 69, 62, 7]
2025-11-17 23:45:36 - 8_0.0_1 - INFO - idx: 3, output_dict_len: 211
2025-11-17 23:45:36 - 8_0.0_1 - INFO - user class dict total [17, 18, 60, 34, 11, 58, 86, 13, 41, 30]
2025-11-17 23:45:36 - 8_0.0_1 - INFO - idx: 4, output_dict_len: 178
2025-11-17 23:45:36 - 8_0.0_1 - INFO - user class dict total [24, 71, 56, 76, 37, 6, 53, 79, 97, 39]
2025-11-17 23:45:36 - 8_0.0_1 - INFO - idx: 5, output_dict_len: 262
2025-11-17 23:45:36 - 8_0.0_1 - INFO - user class dict total [47, 65, 36, 91, 3, 63, 59, 9, 96, 64]
2025-11-17 23:45:36 - 8_0.0_1 - INFO - idx: 6, output_dict_len: 223
2025-11-17 23:45:36 - 8_0.0_1 - INFO - user class dict total [94, 88, 99, 61, 19, 25, 4, 16, 8, 46]
2025-11-17 23:45:36 - 8_0.0_1 - INFO - idx: 7, output_dict_len: 234
2025-11-17 23:45:36 - 8_0.0_1 - INFO - user class dict total [26, 2, 93, 85, 29, 22, 100, 67, 68, 38]
2025-11-17 23:45:36 - 8_0.0_1 - INFO - idx: 8, output_dict_len: 205
2025-11-17 23:45:36 - 8_0.0_1 - INFO - user class dict total [83, 15, 12, 81, 43, 73, 78, 40, 101, 57, 89, 49]
2025-11-17 23:45:36 - 8_0.0_1 - INFO - idx: 9, output_dict_len: 319
2025-11-17 23:45:36 - 8_0.0_1 - INFO - Loading CLIP (backbone: ViT-B/16)
2025-11-17 23:45:39 - 8_0.0_1 - INFO - Building custom CLIP
2025-11-17 23:45:39 - 8_0.0_1 - INFO - Turning off gradients in both the image and the text encoder
2025-11-17 23:46:31 - 8_0.0_1 - INFO - [Epoch 1/30] 训练耗时: 52.24s | 平均训练准确率: 12.22
2025-11-17 23:47:20 - 8_0.0_1 - INFO - [Epoch 2/30] 训练耗时: 49.23s | 平均训练准确率: 54.34
2025-11-17 23:48:07 - 8_0.0_1 - INFO - [Epoch 3/30] 训练耗时: 47.02s | 平均训练准确率: 66.46
2025-11-17 23:48:53 - 8_0.0_1 - INFO - [Epoch 4/30] 训练耗时: 45.58s | 平均训练准确率: 70.56
2025-11-17 23:49:44 - 8_0.0_1 - INFO - [Epoch 5/30] 训练耗时: 51.51s | 平均训练准确率: 74.69
2025-11-17 23:50:34 - 8_0.0_1 - INFO - [Epoch 6/30] 训练耗时: 49.90s | 平均训练准确率: 77.53
2025-11-17 23:51:22 - 8_0.0_1 - INFO - [Epoch 7/30] 训练耗时: 48.11s | 平均训练准确率: 78.85
2025-11-17 23:52:13 - 8_0.0_1 - INFO - [Epoch 8/30] 训练耗时: 50.13s | 平均训练准确率: 81.77
2025-11-17 23:53:02 - 8_0.0_1 - INFO - [Epoch 9/30] 训练耗时: 49.68s | 平均训练准确率: 83.68
2025-11-17 23:53:53 - 8_0.0_1 - INFO - [Epoch 10/30] 训练耗时: 51.19s | 平均训练准确率: 83.19
2025-11-17 23:54:42 - 8_0.0_1 - INFO - [Epoch 11/30] 训练耗时: 48.54s | 平均训练准确率: 85.76
2025-11-17 23:55:30 - 8_0.0_1 - INFO - [Epoch 12/30] 训练耗时: 48.41s | 平均训练准确率: 86.32
2025-11-17 23:56:21 - 8_0.0_1 - INFO - [Epoch 13/30] 训练耗时: 50.52s | 平均训练准确率: 88.51
2025-11-17 23:57:11 - 8_0.0_1 - INFO - [Epoch 14/30] 训练耗时: 49.91s | 平均训练准确率: 88.96
2025-11-17 23:58:02 - 8_0.0_1 - INFO - [Epoch 15/30] 训练耗时: 51.11s | 平均训练准确率: 90.00
2025-11-17 23:58:51 - 8_0.0_1 - INFO - [Epoch 16/30] 训练耗时: 49.17s | 平均训练准确率: 91.04
2025-11-17 23:59:40 - 8_0.0_1 - INFO - [Epoch 17/30] 训练耗时: 49.12s | 平均训练准确率: 90.94
2025-11-18 00:00:31 - 8_0.0_1 - INFO - [Epoch 18/30] 训练耗时: 50.66s | 平均训练准确率: 92.22
2025-11-18 00:01:21 - 8_0.0_1 - INFO - [Epoch 19/30] 训练耗时: 50.05s | 平均训练准确率: 91.94
2025-11-18 00:02:10 - 8_0.0_1 - INFO - [Epoch 20/30] 训练耗时: 48.70s | 平均训练准确率: 92.88
2025-11-18 00:03:00 - 8_0.0_1 - INFO - [Epoch 21/30] 训练耗时: 50.05s | 平均训练准确率: 91.67
2025-11-18 00:03:46 - 8_0.0_1 - INFO - [Epoch 22/30] 训练耗时: 45.85s | 平均训练准确率: 93.89
2025-11-18 00:04:31 - 8_0.0_1 - INFO - [Epoch 23/30] 训练耗时: 45.76s | 平均训练准确率: 94.34
2025-11-18 00:05:17 - 8_0.0_1 - INFO - [Epoch 24/30] 训练耗时: 45.95s | 平均训练准确率: 93.30
2025-11-18 00:06:05 - 8_0.0_1 - INFO - [Epoch 25/30] 训练耗时: 47.92s | 平均训练准确率: 93.19
2025-11-18 00:06:52 - 8_0.0_1 - INFO - [Epoch 26/30] 训练耗时: 46.88s | 平均训练准确率: 93.99
2025-11-18 00:07:38 - 8_0.0_1 - INFO - [Epoch 27/30] 训练耗时: 46.28s | 平均训练准确率: 95.24
2025-11-18 00:08:22 - 8_0.0_1 - INFO - [Epoch 28/30] 训练耗时: 43.32s | 平均训练准确率: 95.00
2025-11-18 00:08:22 - 8_0.0_1 - INFO - ------------local test start-------------
2025-11-18 00:08:22 - 8_0.0_1 - INFO - Evaluate on the client0 local set
2025-11-18 00:08:27 - 8_0.0_1 - INFO - => result | total 269 | correct 201 | acc 74.72% | err 25.28% | macro_f1 61.34%
2025-11-18 00:08:27 - 8_0.0_1 - INFO - Evaluate on the client0 neighbor set
2025-11-18 00:09:03 - 8_0.0_1 - INFO - => result | total 2,194 | correct 1,247 | acc 56.84% | err 43.16% | macro_f1 55.47%
2025-11-18 00:09:03 - 8_0.0_1 - INFO - Evaluate on the client1 local set
2025-11-18 00:09:09 - 8_0.0_1 - INFO - => result | total 339 | correct 212 | acc 62.54% | err 37.46% | macro_f1 46.23%
2025-11-18 00:09:09 - 8_0.0_1 - INFO - Evaluate on the client1 neighbor set
2025-11-18 00:09:45 - 8_0.0_1 - INFO - => result | total 2,124 | correct 1,182 | acc 55.65% | err 44.35% | macro_f1 53.11%
2025-11-18 00:09:45 - 8_0.0_1 - INFO - Evaluate on the client2 local set
2025-11-18 00:09:49 - 8_0.0_1 - INFO - => result | total 223 | correct 187 | acc 83.86% | err 16.14% | macro_f1 72.66%
2025-11-18 00:09:49 - 8_0.0_1 - INFO - Evaluate on the client2 neighbor set
2025-11-18 00:10:27 - 8_0.0_1 - INFO - => result | total 2,240 | correct 1,385 | acc 61.83% | err 38.17% | macro_f1 56.03%
2025-11-18 00:10:27 - 8_0.0_1 - INFO - Evaluate on the client3 local set
2025-11-18 00:10:31 - 8_0.0_1 - INFO - => result | total 211 | correct 191 | acc 90.52% | err 9.48% | macro_f1 85.73%
2025-11-18 00:10:31 - 8_0.0_1 - INFO - Evaluate on the client3 neighbor set
2025-11-18 00:11:09 - 8_0.0_1 - INFO - => result | total 2,252 | correct 1,350 | acc 59.95% | err 40.05% | macro_f1 54.52%
2025-11-18 00:11:09 - 8_0.0_1 - INFO - Evaluate on the client4 local set
2025-11-18 00:11:12 - 8_0.0_1 - INFO - => result | total 178 | correct 172 | acc 96.63% | err 3.37% | macro_f1 98.04%
2025-11-18 00:11:12 - 8_0.0_1 - INFO - Evaluate on the client4 neighbor set
2025-11-18 00:11:51 - 8_0.0_1 - INFO - => result | total 2,285 | correct 1,397 | acc 61.14% | err 38.86% | macro_f1 54.72%
2025-11-18 00:11:51 - 8_0.0_1 - INFO - Evaluate on the client5 local set
2025-11-18 00:11:56 - 8_0.0_1 - INFO - => result | total 262 | correct 202 | acc 77.10% | err 22.90% | macro_f1 69.20%
2025-11-18 00:11:56 - 8_0.0_1 - INFO - Evaluate on the client5 neighbor set
2025-11-18 00:12:34 - 8_0.0_1 - INFO - => result | total 2,201 | correct 1,397 | acc 63.47% | err 36.53% | macro_f1 57.76%
2025-11-18 00:12:34 - 8_0.0_1 - INFO - Evaluate on the client6 local set
2025-11-18 00:12:38 - 8_0.0_1 - INFO - => result | total 223 | correct 186 | acc 83.41% | err 16.59% | macro_f1 77.87%
2025-11-18 00:12:38 - 8_0.0_1 - INFO - Evaluate on the client6 neighbor set
2025-11-18 00:13:15 - 8_0.0_1 - INFO - => result | total 2,240 | correct 1,550 | acc 69.20% | err 30.80% | macro_f1 64.46%
2025-11-18 00:13:15 - 8_0.0_1 - INFO - Evaluate on the client7 local set
2025-11-18 00:13:19 - 8_0.0_1 - INFO - => result | total 234 | correct 204 | acc 87.18% | err 12.82% | macro_f1 85.16%
2025-11-18 00:13:19 - 8_0.0_1 - INFO - Evaluate on the client7 neighbor set
2025-11-18 00:13:57 - 8_0.0_1 - INFO - => result | total 2,229 | correct 1,462 | acc 65.59% | err 34.41% | macro_f1 58.95%
2025-11-18 00:13:57 - 8_0.0_1 - INFO - Evaluate on the client8 local set
2025-11-18 00:14:00 - 8_0.0_1 - INFO - => result | total 205 | correct 180 | acc 87.80% | err 12.20% | macro_f1 85.37%
2025-11-18 00:14:00 - 8_0.0_1 - INFO - Evaluate on the client8 neighbor set
2025-11-18 00:14:38 - 8_0.0_1 - INFO - => result | total 2,258 | correct 1,418 | acc 62.80% | err 37.20% | macro_f1 56.94%
2025-11-18 00:14:38 - 8_0.0_1 - INFO - Evaluate on the client9 local set
2025-11-18 00:14:43 - 8_0.0_1 - INFO - => result | total 319 | correct 261 | acc 81.82% | err 18.18% | macro_f1 73.52%
2025-11-18 00:14:43 - 8_0.0_1 - INFO - Evaluate on the client9 neighbor set
2025-11-18 00:15:20 - 8_0.0_1 - INFO - => result | total 2,144 | correct 1,149 | acc 53.59% | err 46.41% | macro_f1 50.19%
2025-11-18 00:15:20 - 8_0.0_1 - INFO - Global test local acc: 82.56
2025-11-18 00:15:20 - 8_0.0_1 - INFO - Global test neighbor acc: 61.00
2025-11-18 00:15:20 - 8_0.0_1 - INFO - ------------local test finish-------------
2025-11-18 00:15:20 - 8_0.0_1 - INFO - [Epoch 28/30] 测试耗时: 418.67s
2025-11-18 00:16:07 - 8_0.0_1 - INFO - [Epoch 29/30] 训练耗时: 46.61s | 平均训练准确率: 95.52
2025-11-18 00:16:07 - 8_0.0_1 - INFO - ------------local test start-------------
2025-11-18 00:16:07 - 8_0.0_1 - INFO - Evaluate on the client0 local set
2025-11-18 00:16:12 - 8_0.0_1 - INFO - => result | total 269 | correct 204 | acc 75.84% | err 24.16% | macro_f1 61.09%
2025-11-18 00:16:12 - 8_0.0_1 - INFO - Evaluate on the client0 neighbor set
2025-11-18 00:16:49 - 8_0.0_1 - INFO - => result | total 2,194 | correct 1,337 | acc 60.94% | err 39.06% | macro_f1 57.45%
2025-11-18 00:16:49 - 8_0.0_1 - INFO - Evaluate on the client1 local set
2025-11-18 00:16:55 - 8_0.0_1 - INFO - => result | total 339 | correct 217 | acc 64.01% | err 35.99% | macro_f1 48.08%
2025-11-18 00:16:55 - 8_0.0_1 - INFO - Evaluate on the client1 neighbor set
2025-11-18 00:17:33 - 8_0.0_1 - INFO - => result | total 2,124 | correct 1,078 | acc 50.75% | err 49.25% | macro_f1 49.15%
2025-11-18 00:17:33 - 8_0.0_1 - INFO - Evaluate on the client2 local set
2025-11-18 00:17:37 - 8_0.0_1 - INFO - => result | total 223 | correct 188 | acc 84.30% | err 15.70% | macro_f1 72.15%
2025-11-18 00:17:37 - 8_0.0_1 - INFO - Evaluate on the client2 neighbor set
2025-11-18 00:18:18 - 8_0.0_1 - INFO - => result | total 2,240 | correct 1,411 | acc 62.99% | err 37.01% | macro_f1 56.49%
2025-11-18 00:18:18 - 8_0.0_1 - INFO - Evaluate on the client3 local set
2025-11-18 00:18:22 - 8_0.0_1 - INFO - => result | total 211 | correct 191 | acc 90.52% | err 9.48% | macro_f1 85.88%
2025-11-18 00:18:22 - 8_0.0_1 - INFO - Evaluate on the client3 neighbor set
2025-11-18 00:19:05 - 8_0.0_1 - INFO - => result | total 2,252 | correct 1,377 | acc 61.15% | err 38.85% | macro_f1 55.00%
2025-11-18 00:19:05 - 8_0.0_1 - INFO - Evaluate on the client4 local set
2025-11-18 00:19:08 - 8_0.0_1 - INFO - => result | total 178 | correct 176 | acc 98.88% | err 1.12% | macro_f1 99.20%
2025-11-18 00:19:08 - 8_0.0_1 - INFO - Evaluate on the client4 neighbor set
2025-11-18 00:19:46 - 8_0.0_1 - INFO - => result | total 2,285 | correct 1,377 | acc 60.26% | err 39.74% | macro_f1 55.19%
2025-11-18 00:19:46 - 8_0.0_1 - INFO - Evaluate on the client5 local set
2025-11-18 00:19:51 - 8_0.0_1 - INFO - => result | total 262 | correct 202 | acc 77.10% | err 22.90% | macro_f1 67.20%
2025-11-18 00:19:51 - 8_0.0_1 - INFO - Evaluate on the client5 neighbor set
2025-11-18 00:20:28 - 8_0.0_1 - INFO - => result | total 2,201 | correct 1,356 | acc 61.61% | err 38.39% | macro_f1 56.60%
2025-11-18 00:20:28 - 8_0.0_1 - INFO - Evaluate on the client6 local set
2025-11-18 00:20:32 - 8_0.0_1 - INFO - => result | total 223 | correct 188 | acc 84.30% | err 15.70% | macro_f1 79.14%
2025-11-18 00:20:32 - 8_0.0_1 - INFO - Evaluate on the client6 neighbor set
2025-11-18 00:21:10 - 8_0.0_1 - INFO - => result | total 2,240 | correct 1,518 | acc 67.77% | err 32.23% | macro_f1 63.52%
2025-11-18 00:21:10 - 8_0.0_1 - INFO - Evaluate on the client7 local set
2025-11-18 00:21:14 - 8_0.0_1 - INFO - => result | total 234 | correct 211 | acc 90.17% | err 9.83% | macro_f1 88.46%
2025-11-18 00:21:14 - 8_0.0_1 - INFO - Evaluate on the client7 neighbor set
2025-11-18 00:21:53 - 8_0.0_1 - INFO - => result | total 2,229 | correct 1,289 | acc 57.83% | err 42.17% | macro_f1 51.99%
2025-11-18 00:21:53 - 8_0.0_1 - INFO - Evaluate on the client8 local set
2025-11-18 00:21:56 - 8_0.0_1 - INFO - => result | total 205 | correct 187 | acc 91.22% | err 8.78% | macro_f1 89.41%
2025-11-18 00:21:56 - 8_0.0_1 - INFO - Evaluate on the client8 neighbor set
2025-11-18 00:22:35 - 8_0.0_1 - INFO - => result | total 2,258 | correct 1,268 | acc 56.16% | err 43.84% | macro_f1 53.83%
2025-11-18 00:22:35 - 8_0.0_1 - INFO - Evaluate on the client9 local set
2025-11-18 00:22:41 - 8_0.0_1 - INFO - => result | total 319 | correct 245 | acc 76.80% | err 23.20% | macro_f1 66.37%
2025-11-18 00:22:41 - 8_0.0_1 - INFO - Evaluate on the client9 neighbor set
2025-11-18 00:23:17 - 8_0.0_1 - INFO - => result | total 2,144 | correct 904 | acc 42.16% | err 57.84% | macro_f1 39.57%
2025-11-18 00:23:17 - 8_0.0_1 - INFO - Global test local acc: 83.31
2025-11-18 00:23:17 - 8_0.0_1 - INFO - Global test neighbor acc: 58.16
2025-11-18 00:23:17 - 8_0.0_1 - INFO - ------------local test finish-------------
2025-11-18 00:23:17 - 8_0.0_1 - INFO - [Epoch 29/30] 测试耗时: 430.08s
2025-11-18 00:24:04 - 8_0.0_1 - INFO - [Epoch 30/30] 训练耗时: 46.64s | 平均训练准确率: 95.80
2025-11-18 00:24:04 - 8_0.0_1 - INFO - ------------local test start-------------
2025-11-18 00:24:04 - 8_0.0_1 - INFO - Evaluate on the client0 local set
2025-11-18 00:24:08 - 8_0.0_1 - INFO - => result | total 269 | correct 203 | acc 75.46% | err 24.54% | macro_f1 61.45%
2025-11-18 00:24:08 - 8_0.0_1 - INFO - Evaluate on the client0 neighbor set
2025-11-18 00:24:46 - 8_0.0_1 - INFO - => result | total 2,194 | correct 1,357 | acc 61.85% | err 38.15% | macro_f1 58.52%
2025-11-18 00:24:46 - 8_0.0_1 - INFO - Evaluate on the client1 local set
2025-11-18 00:24:52 - 8_0.0_1 - INFO - => result | total 339 | correct 215 | acc 63.42% | err 36.58% | macro_f1 46.95%
2025-11-18 00:24:52 - 8_0.0_1 - INFO - Evaluate on the client1 neighbor set
2025-11-18 00:25:27 - 8_0.0_1 - INFO - => result | total 2,124 | correct 1,251 | acc 58.90% | err 41.10% | macro_f1 55.89%
2025-11-18 00:25:27 - 8_0.0_1 - INFO - Evaluate on the client2 local set
2025-11-18 00:25:31 - 8_0.0_1 - INFO - => result | total 223 | correct 185 | acc 82.96% | err 17.04% | macro_f1 71.35%
2025-11-18 00:25:31 - 8_0.0_1 - INFO - Evaluate on the client2 neighbor set
2025-11-18 00:26:09 - 8_0.0_1 - INFO - => result | total 2,240 | correct 1,402 | acc 62.59% | err 37.41% | macro_f1 57.42%
2025-11-18 00:26:09 - 8_0.0_1 - INFO - Evaluate on the client3 local set
2025-11-18 00:26:12 - 8_0.0_1 - INFO - => result | total 211 | correct 190 | acc 90.05% | err 9.95% | macro_f1 85.29%
2025-11-18 00:26:12 - 8_0.0_1 - INFO - Evaluate on the client3 neighbor set
2025-11-18 00:26:51 - 8_0.0_1 - INFO - => result | total 2,252 | correct 1,342 | acc 59.59% | err 40.41% | macro_f1 53.86%
2025-11-18 00:26:51 - 8_0.0_1 - INFO - Evaluate on the client4 local set
2025-11-18 00:26:54 - 8_0.0_1 - INFO - => result | total 178 | correct 175 | acc 98.31% | err 1.69% | macro_f1 98.94%
2025-11-18 00:26:54 - 8_0.0_1 - INFO - Evaluate on the client4 neighbor set
2025-11-18 00:27:33 - 8_0.0_1 - INFO - => result | total 2,285 | correct 1,384 | acc 60.57% | err 39.43% | macro_f1 54.33%
2025-11-18 00:27:33 - 8_0.0_1 - INFO - Evaluate on the client5 local set
2025-11-18 00:27:36 - 8_0.0_1 - INFO - => result | total 262 | correct 202 | acc 77.10% | err 22.90% | macro_f1 68.17%
2025-11-18 00:27:36 - 8_0.0_1 - INFO - Evaluate on the client5 neighbor set
2025-11-18 00:28:14 - 8_0.0_1 - INFO - => result | total 2,201 | correct 1,372 | acc 62.34% | err 37.66% | macro_f1 56.72%
2025-11-18 00:28:14 - 8_0.0_1 - INFO - Evaluate on the client6 local set
2025-11-18 00:28:18 - 8_0.0_1 - INFO - => result | total 223 | correct 188 | acc 84.30% | err 15.70% | macro_f1 80.47%
2025-11-18 00:28:18 - 8_0.0_1 - INFO - Evaluate on the client6 neighbor set
2025-11-18 00:28:55 - 8_0.0_1 - INFO - => result | total 2,240 | correct 1,540 | acc 68.75% | err 31.25% | macro_f1 64.92%
2025-11-18 00:28:55 - 8_0.0_1 - INFO - Evaluate on the client7 local set
2025-11-18 00:28:59 - 8_0.0_1 - INFO - => result | total 234 | correct 206 | acc 88.03% | err 11.97% | macro_f1 84.85%
2025-11-18 00:28:59 - 8_0.0_1 - INFO - Evaluate on the client7 neighbor set
2025-11-18 00:29:36 - 8_0.0_1 - INFO - => result | total 2,229 | correct 1,430 | acc 64.15% | err 35.85% | macro_f1 57.43%
2025-11-18 00:29:36 - 8_0.0_1 - INFO - Evaluate on the client8 local set
2025-11-18 00:29:39 - 8_0.0_1 - INFO - => result | total 205 | correct 183 | acc 89.27% | err 10.73% | macro_f1 87.23%
2025-11-18 00:29:39 - 8_0.0_1 - INFO - Evaluate on the client8 neighbor set
2025-11-18 00:30:18 - 8_0.0_1 - INFO - => result | total 2,258 | correct 1,416 | acc 62.71% | err 37.29% | macro_f1 59.42%
2025-11-18 00:30:18 - 8_0.0_1 - INFO - Evaluate on the client9 local set
2025-11-18 00:30:24 - 8_0.0_1 - INFO - => result | total 319 | correct 258 | acc 80.88% | err 19.12% | macro_f1 72.06%
2025-11-18 00:30:24 - 8_0.0_1 - INFO - Evaluate on the client9 neighbor set
2025-11-18 00:31:00 - 8_0.0_1 - INFO - => result | total 2,144 | correct 1,133 | acc 52.85% | err 47.15% | macro_f1 48.96%
2025-11-18 00:31:00 - 8_0.0_1 - INFO - Global test local acc: 82.98
2025-11-18 00:31:00 - 8_0.0_1 - INFO - Global test neighbor acc: 61.43
2025-11-18 00:31:00 - 8_0.0_1 - INFO - ------------local test finish-------------
2025-11-18 00:31:00 - 8_0.0_1 - INFO - [Epoch 30/30] 测试耗时: 416.05s
2025-11-18 00:31:00 - 8_0.0_1 - INFO - maximum test local acc: 83.315
2025-11-18 00:31:00 - 8_0.0_1 - INFO - mean of local acc: 82.951
2025-11-18 00:31:00 - 8_0.0_1 - INFO - maximum test neighbor acc: 61.429
2025-11-18 00:31:00 - 8_0.0_1 - INFO - mean of neighbor acc: 60.199
