2025-11-15 19:03:35 - 8_0.1_1 - INFO - 日志文件已创建: logs/oxford_flowers/sepfpl/8_0.1_1_20251115_190335.log
2025-11-15 19:03:35 - 8_0.1_1 - INFO - Loading trainer: DP_FPL
2025-11-15 19:03:35 - 8_0.1_1 - INFO - Loading dataset: OxfordFlowers
2025-11-15 19:03:35 - 8_0.1_1 - INFO - Reading split from /home/liuxin25/dataset/oxford_flowers/split_zhou_OxfordFlowers.json
2025-11-15 19:03:35 - 8_0.1_1 - INFO - Creating a baseline federated dataset
2025-11-15 19:03:35 - 8_0.1_1 - INFO - class_num 102
2025-11-15 19:03:35 - 8_0.1_1 - INFO - user class dict total [90, 54, 31, 35, 55, 72, 92, 42, 95, 84]
2025-11-15 19:03:35 - 8_0.1_1 - INFO - idx: 0, output_dict_len: 451
2025-11-15 19:03:35 - 8_0.1_1 - INFO - user class dict total [74, 0, 1, 80, 27, 20, 77, 50, 66, 45]
2025-11-15 19:03:35 - 8_0.1_1 - INFO - idx: 1, output_dict_len: 562
2025-11-15 19:03:35 - 8_0.1_1 - INFO - user class dict total [44, 82, 14, 32, 52, 70, 28, 51, 10, 21]
2025-11-15 19:03:35 - 8_0.1_1 - INFO - idx: 2, output_dict_len: 373
2025-11-15 19:03:35 - 8_0.1_1 - INFO - user class dict total [33, 75, 5, 48, 87, 98, 23, 69, 62, 7]
2025-11-15 19:03:35 - 8_0.1_1 - INFO - idx: 3, output_dict_len: 350
2025-11-15 19:03:35 - 8_0.1_1 - INFO - user class dict total [17, 18, 60, 34, 11, 58, 86, 13, 41, 30]
2025-11-15 19:03:35 - 8_0.1_1 - INFO - idx: 4, output_dict_len: 302
2025-11-15 19:03:35 - 8_0.1_1 - INFO - user class dict total [24, 71, 56, 76, 37, 6, 53, 79, 97, 39]
2025-11-15 19:03:35 - 8_0.1_1 - INFO - idx: 5, output_dict_len: 433
2025-11-15 19:03:35 - 8_0.1_1 - INFO - user class dict total [47, 65, 36, 91, 3, 63, 59, 9, 96, 64]
2025-11-15 19:03:35 - 8_0.1_1 - INFO - idx: 6, output_dict_len: 367
2025-11-15 19:03:35 - 8_0.1_1 - INFO - user class dict total [94, 88, 99, 61, 19, 25, 4, 16, 8, 46]
2025-11-15 19:03:35 - 8_0.1_1 - INFO - idx: 7, output_dict_len: 387
2025-11-15 19:03:35 - 8_0.1_1 - INFO - user class dict total [26, 2, 93, 85, 29, 22, 100, 67, 68, 38]
2025-11-15 19:03:35 - 8_0.1_1 - INFO - idx: 8, output_dict_len: 341
2025-11-15 19:03:35 - 8_0.1_1 - INFO - user class dict total [83, 15, 12, 81, 43, 73, 78, 40, 101, 57, 89, 49]
2025-11-15 19:03:35 - 8_0.1_1 - INFO - idx: 9, output_dict_len: 527
2025-11-15 19:03:35 - 8_0.1_1 - INFO - Creating a baseline federated dataset
2025-11-15 19:03:35 - 8_0.1_1 - INFO - class_num 102
2025-11-15 19:03:35 - 8_0.1_1 - INFO - user class dict total [90, 54, 31, 35, 55, 72, 92, 42, 95, 84]
2025-11-15 19:03:35 - 8_0.1_1 - INFO - idx: 0, output_dict_len: 269
2025-11-15 19:03:35 - 8_0.1_1 - INFO - user class dict total [74, 0, 1, 80, 27, 20, 77, 50, 66, 45]
2025-11-15 19:03:35 - 8_0.1_1 - INFO - idx: 1, output_dict_len: 339
2025-11-15 19:03:35 - 8_0.1_1 - INFO - user class dict total [44, 82, 14, 32, 52, 70, 28, 51, 10, 21]
2025-11-15 19:03:35 - 8_0.1_1 - INFO - idx: 2, output_dict_len: 223
2025-11-15 19:03:35 - 8_0.1_1 - INFO - user class dict total [33, 75, 5, 48, 87, 98, 23, 69, 62, 7]
2025-11-15 19:03:35 - 8_0.1_1 - INFO - idx: 3, output_dict_len: 211
2025-11-15 19:03:35 - 8_0.1_1 - INFO - user class dict total [17, 18, 60, 34, 11, 58, 86, 13, 41, 30]
2025-11-15 19:03:35 - 8_0.1_1 - INFO - idx: 4, output_dict_len: 178
2025-11-15 19:03:35 - 8_0.1_1 - INFO - user class dict total [24, 71, 56, 76, 37, 6, 53, 79, 97, 39]
2025-11-15 19:03:35 - 8_0.1_1 - INFO - idx: 5, output_dict_len: 262
2025-11-15 19:03:35 - 8_0.1_1 - INFO - user class dict total [47, 65, 36, 91, 3, 63, 59, 9, 96, 64]
2025-11-15 19:03:35 - 8_0.1_1 - INFO - idx: 6, output_dict_len: 223
2025-11-15 19:03:35 - 8_0.1_1 - INFO - user class dict total [94, 88, 99, 61, 19, 25, 4, 16, 8, 46]
2025-11-15 19:03:35 - 8_0.1_1 - INFO - idx: 7, output_dict_len: 234
2025-11-15 19:03:35 - 8_0.1_1 - INFO - user class dict total [26, 2, 93, 85, 29, 22, 100, 67, 68, 38]
2025-11-15 19:03:35 - 8_0.1_1 - INFO - idx: 8, output_dict_len: 205
2025-11-15 19:03:35 - 8_0.1_1 - INFO - user class dict total [83, 15, 12, 81, 43, 73, 78, 40, 101, 57, 89, 49]
2025-11-15 19:03:35 - 8_0.1_1 - INFO - idx: 9, output_dict_len: 319
2025-11-15 19:03:35 - 8_0.1_1 - INFO - Loading CLIP (backbone: ViT-B/16)
2025-11-15 19:03:37 - 8_0.1_1 - INFO - Building custom CLIP
2025-11-15 19:03:37 - 8_0.1_1 - INFO - Turning off gradients in both the image and the text encoder
2025-11-15 19:03:37 - 8_0.1_1 - INFO - [RDP-sepfpl] 轮次 1: ε=0.000160, std=24.672267
2025-11-15 19:04:06 - 8_0.1_1 - INFO - [Epoch 1/30] 训练耗时: 29.64s | 平均训练准确率: 12.22
2025-11-15 19:04:34 - 8_0.1_1 - INFO - [Epoch 2/30] 训练耗时: 27.88s | 平均训练准确率: 8.40
2025-11-15 19:05:02 - 8_0.1_1 - INFO - [Epoch 3/30] 训练耗时: 27.54s | 平均训练准确率: 10.38
2025-11-15 19:05:30 - 8_0.1_1 - INFO - [Epoch 4/30] 训练耗时: 28.49s | 平均训练准确率: 16.46
2025-11-15 19:05:59 - 8_0.1_1 - INFO - [Epoch 5/30] 训练耗时: 28.55s | 平均训练准确率: 18.37
2025-11-15 19:06:27 - 8_0.1_1 - INFO - [Epoch 6/30] 训练耗时: 28.35s | 平均训练准确率: 23.92
2025-11-15 19:06:56 - 8_0.1_1 - INFO - [Epoch 7/30] 训练耗时: 28.36s | 平均训练准确率: 32.74
2025-11-15 19:07:24 - 8_0.1_1 - INFO - [Epoch 8/30] 训练耗时: 28.53s | 平均训练准确率: 33.78
2025-11-15 19:07:52 - 8_0.1_1 - INFO - [Epoch 9/30] 训练耗时: 28.33s | 平均训练准确率: 38.09
2025-11-15 19:07:52 - 8_0.1_1 - INFO - [RDP-sepfpl] 轮次 10: ε=0.002020, std=6.953590
2025-11-15 19:08:21 - 8_0.1_1 - INFO - [Epoch 10/30] 训练耗时: 28.34s | 平均训练准确率: 38.82
2025-11-15 19:08:49 - 8_0.1_1 - INFO - [Epoch 11/30] 训练耗时: 28.39s | 平均训练准确率: 42.92
2025-11-15 19:09:18 - 8_0.1_1 - INFO - [Epoch 12/30] 训练耗时: 28.35s | 平均训练准确率: 47.88
2025-11-15 19:09:46 - 8_0.1_1 - INFO - [Epoch 13/30] 训练耗时: 28.35s | 平均训练准确率: 50.69
2025-11-15 19:10:12 - 8_0.1_1 - INFO - [Epoch 14/30] 训练耗时: 26.25s | 平均训练准确率: 52.05
2025-11-15 19:10:37 - 8_0.1_1 - INFO - [Epoch 15/30] 训练耗时: 25.31s | 平均训练准确率: 53.44
2025-11-15 19:11:02 - 8_0.1_1 - INFO - [Epoch 16/30] 训练耗时: 24.79s | 平均训练准确率: 55.28
2025-11-15 19:11:28 - 8_0.1_1 - INFO - [Epoch 17/30] 训练耗时: 25.82s | 平均训练准确率: 56.74
2025-11-15 19:11:54 - 8_0.1_1 - INFO - [Epoch 18/30] 训练耗时: 25.75s | 平均训练准确率: 57.08
2025-11-15 19:12:20 - 8_0.1_1 - INFO - [Epoch 19/30] 训练耗时: 25.82s | 平均训练准确率: 57.92
2025-11-15 19:12:20 - 8_0.1_1 - INFO - [RDP-sepfpl] 轮次 20: ε=0.004329, std=4.749442
2025-11-15 19:12:45 - 8_0.1_1 - INFO - [Epoch 20/30] 训练耗时: 25.69s | 平均训练准确率: 57.29
2025-11-15 19:13:11 - 8_0.1_1 - INFO - [Epoch 21/30] 训练耗时: 25.68s | 平均训练准确率: 57.50
2025-11-15 19:13:37 - 8_0.1_1 - INFO - [Epoch 22/30] 训练耗时: 25.69s | 平均训练准确率: 57.71
2025-11-15 19:14:02 - 8_0.1_1 - INFO - [Epoch 23/30] 训练耗时: 25.73s | 平均训练准确率: 58.16
2025-11-15 19:14:28 - 8_0.1_1 - INFO - [Epoch 24/30] 训练耗时: 25.86s | 平均训练准确率: 57.57
2025-11-15 19:14:54 - 8_0.1_1 - INFO - [Epoch 25/30] 训练耗时: 25.75s | 平均训练准确率: 57.81
2025-11-15 19:15:20 - 8_0.1_1 - INFO - [Epoch 26/30] 训练耗时: 26.35s | 平均训练准确率: 56.91
2025-11-15 19:15:49 - 8_0.1_1 - INFO - [Epoch 27/30] 训练耗时: 28.38s | 平均训练准确率: 56.98
2025-11-15 19:16:17 - 8_0.1_1 - INFO - [Epoch 28/30] 训练耗时: 28.50s | 平均训练准确率: 56.08
2025-11-15 19:16:17 - 8_0.1_1 - INFO - ------------local test start-------------
2025-11-15 19:16:17 - 8_0.1_1 - INFO - Evaluate on the client0 local set
2025-11-15 19:16:20 - 8_0.1_1 - INFO - => result | total 269 | correct 129 | acc 47.96% | err 52.04% | macro_f1 47.85%
2025-11-15 19:16:20 - 8_0.1_1 - INFO - Evaluate on the client0 neighbor set
2025-11-15 19:16:38 - 8_0.1_1 - INFO - => result | total 2,194 | correct 1,308 | acc 59.62% | err 40.38% | macro_f1 54.05%
2025-11-15 19:16:38 - 8_0.1_1 - INFO - Evaluate on the client1 local set
2025-11-15 19:16:41 - 8_0.1_1 - INFO - => result | total 339 | correct 118 | acc 34.81% | err 65.19% | macro_f1 44.44%
2025-11-15 19:16:41 - 8_0.1_1 - INFO - Evaluate on the client1 neighbor set
2025-11-15 19:16:59 - 8_0.1_1 - INFO - => result | total 2,124 | correct 1,340 | acc 63.09% | err 36.91% | macro_f1 56.52%
2025-11-15 19:16:59 - 8_0.1_1 - INFO - Evaluate on the client2 local set
2025-11-15 19:17:01 - 8_0.1_1 - INFO - => result | total 223 | correct 148 | acc 66.37% | err 33.63% | macro_f1 60.66%
2025-11-15 19:17:01 - 8_0.1_1 - INFO - Evaluate on the client2 neighbor set
2025-11-15 19:17:20 - 8_0.1_1 - INFO - => result | total 2,240 | correct 1,307 | acc 58.35% | err 41.65% | macro_f1 54.29%
2025-11-15 19:17:20 - 8_0.1_1 - INFO - Evaluate on the client3 local set
2025-11-15 19:17:21 - 8_0.1_1 - INFO - => result | total 211 | correct 162 | acc 76.78% | err 23.22% | macro_f1 74.56%
2025-11-15 19:17:21 - 8_0.1_1 - INFO - Evaluate on the client3 neighbor set
2025-11-15 19:17:40 - 8_0.1_1 - INFO - => result | total 2,252 | correct 1,303 | acc 57.86% | err 42.14% | macro_f1 53.32%
2025-11-15 19:17:40 - 8_0.1_1 - INFO - Evaluate on the client4 local set
2025-11-15 19:17:42 - 8_0.1_1 - INFO - => result | total 178 | correct 110 | acc 61.80% | err 38.20% | macro_f1 72.87%
2025-11-15 19:17:42 - 8_0.1_1 - INFO - Evaluate on the client4 neighbor set
2025-11-15 19:18:00 - 8_0.1_1 - INFO - => result | total 2,285 | correct 1,332 | acc 58.29% | err 41.71% | macro_f1 52.55%
2025-11-15 19:18:00 - 8_0.1_1 - INFO - Evaluate on the client5 local set
2025-11-15 19:18:03 - 8_0.1_1 - INFO - => result | total 262 | correct 211 | acc 80.53% | err 19.47% | macro_f1 78.18%
2025-11-15 19:18:03 - 8_0.1_1 - INFO - Evaluate on the client5 neighbor set
2025-11-15 19:18:21 - 8_0.1_1 - INFO - => result | total 2,201 | correct 1,266 | acc 57.52% | err 42.48% | macro_f1 52.99%
2025-11-15 19:18:21 - 8_0.1_1 - INFO - Evaluate on the client6 local set
2025-11-15 19:18:23 - 8_0.1_1 - INFO - => result | total 223 | correct 91 | acc 40.81% | err 59.19% | macro_f1 45.83%
2025-11-15 19:18:23 - 8_0.1_1 - INFO - Evaluate on the client6 neighbor set
2025-11-15 19:18:41 - 8_0.1_1 - INFO - => result | total 2,240 | correct 1,382 | acc 61.70% | err 38.30% | macro_f1 56.69%
2025-11-15 19:18:41 - 8_0.1_1 - INFO - Evaluate on the client7 local set
2025-11-15 19:18:43 - 8_0.1_1 - INFO - => result | total 234 | correct 134 | acc 57.26% | err 42.74% | macro_f1 71.33%
2025-11-15 19:18:43 - 8_0.1_1 - INFO - Evaluate on the client7 neighbor set
2025-11-15 19:19:01 - 8_0.1_1 - INFO - => result | total 2,229 | correct 1,326 | acc 59.49% | err 40.51% | macro_f1 53.48%
2025-11-15 19:19:01 - 8_0.1_1 - INFO - Evaluate on the client8 local set
2025-11-15 19:19:03 - 8_0.1_1 - INFO - => result | total 205 | correct 115 | acc 56.10% | err 43.90% | macro_f1 53.61%
2025-11-15 19:19:03 - 8_0.1_1 - INFO - Evaluate on the client8 neighbor set
2025-11-15 19:19:21 - 8_0.1_1 - INFO - => result | total 2,258 | correct 1,355 | acc 60.01% | err 39.99% | macro_f1 55.96%
2025-11-15 19:19:21 - 8_0.1_1 - INFO - Evaluate on the client9 local set
2025-11-15 19:19:24 - 8_0.1_1 - INFO - => result | total 319 | correct 252 | acc 79.00% | err 21.00% | macro_f1 80.41%
2025-11-15 19:19:24 - 8_0.1_1 - INFO - Evaluate on the client9 neighbor set
2025-11-15 19:19:42 - 8_0.1_1 - INFO - => result | total 2,144 | correct 1,221 | acc 56.95% | err 43.05% | macro_f1 52.56%
2025-11-15 19:19:42 - 8_0.1_1 - INFO - Global test local acc: 60.14
2025-11-15 19:19:42 - 8_0.1_1 - INFO - Global test neighbor acc: 59.29
2025-11-15 19:19:42 - 8_0.1_1 - INFO - ------------local test finish-------------
2025-11-15 19:19:42 - 8_0.1_1 - INFO - [Epoch 28/30] 测试耗时: 204.45s
2025-11-15 19:20:07 - 8_0.1_1 - INFO - [Epoch 29/30] 训练耗时: 25.69s | 平均训练准确率: 55.00
2025-11-15 19:20:07 - 8_0.1_1 - INFO - ------------local test start-------------
2025-11-15 19:20:07 - 8_0.1_1 - INFO - Evaluate on the client0 local set
2025-11-15 19:20:10 - 8_0.1_1 - INFO - => result | total 269 | correct 130 | acc 48.33% | err 51.67% | macro_f1 49.10%
2025-11-15 19:20:10 - 8_0.1_1 - INFO - Evaluate on the client0 neighbor set
2025-11-15 19:20:27 - 8_0.1_1 - INFO - => result | total 2,194 | correct 1,330 | acc 60.62% | err 39.38% | macro_f1 54.97%
2025-11-15 19:20:27 - 8_0.1_1 - INFO - Evaluate on the client1 local set
2025-11-15 19:20:30 - 8_0.1_1 - INFO - => result | total 339 | correct 129 | acc 38.05% | err 61.95% | macro_f1 47.21%
2025-11-15 19:20:30 - 8_0.1_1 - INFO - Evaluate on the client1 neighbor set
2025-11-15 19:20:48 - 8_0.1_1 - INFO - => result | total 2,124 | correct 1,351 | acc 63.61% | err 36.39% | macro_f1 57.22%
2025-11-15 19:20:48 - 8_0.1_1 - INFO - Evaluate on the client2 local set
2025-11-15 19:20:49 - 8_0.1_1 - INFO - => result | total 223 | correct 151 | acc 67.71% | err 32.29% | macro_f1 61.44%
2025-11-15 19:20:49 - 8_0.1_1 - INFO - Evaluate on the client2 neighbor set
2025-11-15 19:21:08 - 8_0.1_1 - INFO - => result | total 2,240 | correct 1,324 | acc 59.11% | err 40.89% | macro_f1 54.93%
2025-11-15 19:21:08 - 8_0.1_1 - INFO - Evaluate on the client3 local set
2025-11-15 19:21:09 - 8_0.1_1 - INFO - => result | total 211 | correct 158 | acc 74.88% | err 25.12% | macro_f1 71.95%
2025-11-15 19:21:09 - 8_0.1_1 - INFO - Evaluate on the client3 neighbor set
2025-11-15 19:21:28 - 8_0.1_1 - INFO - => result | total 2,252 | correct 1,318 | acc 58.53% | err 41.47% | macro_f1 53.69%
2025-11-15 19:21:28 - 8_0.1_1 - INFO - Evaluate on the client4 local set
2025-11-15 19:21:29 - 8_0.1_1 - INFO - => result | total 178 | correct 107 | acc 60.11% | err 39.89% | macro_f1 71.25%
2025-11-15 19:21:29 - 8_0.1_1 - INFO - Evaluate on the client4 neighbor set
2025-11-15 19:21:48 - 8_0.1_1 - INFO - => result | total 2,285 | correct 1,366 | acc 59.78% | err 40.22% | macro_f1 53.92%
2025-11-15 19:21:48 - 8_0.1_1 - INFO - Evaluate on the client5 local set
2025-11-15 19:21:50 - 8_0.1_1 - INFO - => result | total 262 | correct 212 | acc 80.92% | err 19.08% | macro_f1 78.75%
2025-11-15 19:21:50 - 8_0.1_1 - INFO - Evaluate on the client5 neighbor set
2025-11-15 19:22:08 - 8_0.1_1 - INFO - => result | total 2,201 | correct 1,270 | acc 57.70% | err 42.30% | macro_f1 53.19%
2025-11-15 19:22:08 - 8_0.1_1 - INFO - Evaluate on the client6 local set
2025-11-15 19:22:10 - 8_0.1_1 - INFO - => result | total 223 | correct 90 | acc 40.36% | err 59.64% | macro_f1 45.43%
2025-11-15 19:22:10 - 8_0.1_1 - INFO - Evaluate on the client6 neighbor set
2025-11-15 19:22:28 - 8_0.1_1 - INFO - => result | total 2,240 | correct 1,387 | acc 61.92% | err 38.08% | macro_f1 56.79%
2025-11-15 19:22:28 - 8_0.1_1 - INFO - Evaluate on the client7 local set
2025-11-15 19:22:30 - 8_0.1_1 - INFO - => result | total 234 | correct 136 | acc 58.12% | err 41.88% | macro_f1 72.07%
2025-11-15 19:22:30 - 8_0.1_1 - INFO - Evaluate on the client7 neighbor set
2025-11-15 19:22:48 - 8_0.1_1 - INFO - => result | total 2,229 | correct 1,342 | acc 60.21% | err 39.79% | macro_f1 54.12%
2025-11-15 19:22:48 - 8_0.1_1 - INFO - Evaluate on the client8 local set
2025-11-15 19:22:49 - 8_0.1_1 - INFO - => result | total 205 | correct 117 | acc 57.07% | err 42.93% | macro_f1 53.99%
2025-11-15 19:22:49 - 8_0.1_1 - INFO - Evaluate on the client8 neighbor set
2025-11-15 19:23:08 - 8_0.1_1 - INFO - => result | total 2,258 | correct 1,355 | acc 60.01% | err 39.99% | macro_f1 55.82%
2025-11-15 19:23:08 - 8_0.1_1 - INFO - Evaluate on the client9 local set
2025-11-15 19:23:10 - 8_0.1_1 - INFO - => result | total 319 | correct 257 | acc 80.56% | err 19.44% | macro_f1 80.35%
2025-11-15 19:23:10 - 8_0.1_1 - INFO - Evaluate on the client9 neighbor set
2025-11-15 19:23:28 - 8_0.1_1 - INFO - => result | total 2,144 | correct 1,216 | acc 56.72% | err 43.28% | macro_f1 52.01%
2025-11-15 19:23:28 - 8_0.1_1 - INFO - Global test local acc: 60.61
2025-11-15 19:23:28 - 8_0.1_1 - INFO - Global test neighbor acc: 59.82
2025-11-15 19:23:28 - 8_0.1_1 - INFO - ------------local test finish-------------
2025-11-15 19:23:28 - 8_0.1_1 - INFO - [Epoch 29/30] 测试耗时: 200.11s
2025-11-15 19:23:28 - 8_0.1_1 - INFO - [RDP-sepfpl] 轮次 30: ε=0.006763, std=3.800077
2025-11-15 19:23:53 - 8_0.1_1 - INFO - [Epoch 30/30] 训练耗时: 25.67s | 平均训练准确率: 55.87
2025-11-15 19:23:53 - 8_0.1_1 - INFO - ------------local test start-------------
2025-11-15 19:23:53 - 8_0.1_1 - INFO - Evaluate on the client0 local set
2025-11-15 19:23:55 - 8_0.1_1 - INFO - => result | total 269 | correct 124 | acc 46.10% | err 53.90% | macro_f1 47.08%
2025-11-15 19:23:55 - 8_0.1_1 - INFO - Evaluate on the client0 neighbor set
2025-11-15 19:24:13 - 8_0.1_1 - INFO - => result | total 2,194 | correct 1,361 | acc 62.03% | err 37.97% | macro_f1 56.00%
2025-11-15 19:24:13 - 8_0.1_1 - INFO - Evaluate on the client1 local set
2025-11-15 19:24:16 - 8_0.1_1 - INFO - => result | total 339 | correct 155 | acc 45.72% | err 54.28% | macro_f1 53.40%
2025-11-15 19:24:16 - 8_0.1_1 - INFO - Evaluate on the client1 neighbor set
2025-11-15 19:24:33 - 8_0.1_1 - INFO - => result | total 2,124 | correct 1,335 | acc 62.85% | err 37.15% | macro_f1 56.71%
2025-11-15 19:24:33 - 8_0.1_1 - INFO - Evaluate on the client2 local set
2025-11-15 19:24:35 - 8_0.1_1 - INFO - => result | total 223 | correct 146 | acc 65.47% | err 34.53% | macro_f1 60.25%
2025-11-15 19:24:35 - 8_0.1_1 - INFO - Evaluate on the client2 neighbor set
2025-11-15 19:24:53 - 8_0.1_1 - INFO - => result | total 2,240 | correct 1,344 | acc 60.00% | err 40.00% | macro_f1 55.33%
2025-11-15 19:24:53 - 8_0.1_1 - INFO - Evaluate on the client3 local set
2025-11-15 19:24:55 - 8_0.1_1 - INFO - => result | total 211 | correct 155 | acc 73.46% | err 26.54% | macro_f1 71.31%
2025-11-15 19:24:55 - 8_0.1_1 - INFO - Evaluate on the client3 neighbor set
2025-11-15 19:25:14 - 8_0.1_1 - INFO - => result | total 2,252 | correct 1,340 | acc 59.50% | err 40.50% | macro_f1 54.47%
2025-11-15 19:25:14 - 8_0.1_1 - INFO - Evaluate on the client4 local set
2025-11-15 19:25:15 - 8_0.1_1 - INFO - => result | total 178 | correct 112 | acc 62.92% | err 37.08% | macro_f1 73.98%
2025-11-15 19:25:15 - 8_0.1_1 - INFO - Evaluate on the client4 neighbor set
2025-11-15 19:25:34 - 8_0.1_1 - INFO - => result | total 2,285 | correct 1,381 | acc 60.44% | err 39.56% | macro_f1 54.12%
2025-11-15 19:25:34 - 8_0.1_1 - INFO - Evaluate on the client5 local set
2025-11-15 19:25:36 - 8_0.1_1 - INFO - => result | total 262 | correct 211 | acc 80.53% | err 19.47% | macro_f1 78.09%
2025-11-15 19:25:36 - 8_0.1_1 - INFO - Evaluate on the client5 neighbor set
2025-11-15 19:25:54 - 8_0.1_1 - INFO - => result | total 2,201 | correct 1,299 | acc 59.02% | err 40.98% | macro_f1 53.82%
2025-11-15 19:25:54 - 8_0.1_1 - INFO - Evaluate on the client6 local set
2025-11-15 19:25:56 - 8_0.1_1 - INFO - => result | total 223 | correct 88 | acc 39.46% | err 60.54% | macro_f1 45.43%
2025-11-15 19:25:56 - 8_0.1_1 - INFO - Evaluate on the client6 neighbor set
2025-11-15 19:26:14 - 8_0.1_1 - INFO - => result | total 2,240 | correct 1,420 | acc 63.39% | err 36.61% | macro_f1 57.89%
2025-11-15 19:26:14 - 8_0.1_1 - INFO - Evaluate on the client7 local set
2025-11-15 19:26:16 - 8_0.1_1 - INFO - => result | total 234 | correct 134 | acc 57.26% | err 42.74% | macro_f1 71.03%
2025-11-15 19:26:16 - 8_0.1_1 - INFO - Evaluate on the client7 neighbor set
2025-11-15 19:26:34 - 8_0.1_1 - INFO - => result | total 2,229 | correct 1,371 | acc 61.51% | err 38.49% | macro_f1 54.74%
2025-11-15 19:26:34 - 8_0.1_1 - INFO - Evaluate on the client8 local set
2025-11-15 19:26:36 - 8_0.1_1 - INFO - => result | total 205 | correct 119 | acc 58.05% | err 41.95% | macro_f1 55.95%
2025-11-15 19:26:36 - 8_0.1_1 - INFO - Evaluate on the client8 neighbor set
2025-11-15 19:26:55 - 8_0.1_1 - INFO - => result | total 2,258 | correct 1,383 | acc 61.25% | err 38.75% | macro_f1 56.52%
2025-11-15 19:26:55 - 8_0.1_1 - INFO - Evaluate on the client9 local set
2025-11-15 19:26:57 - 8_0.1_1 - INFO - => result | total 319 | correct 256 | acc 80.25% | err 19.75% | macro_f1 80.13%
2025-11-15 19:26:57 - 8_0.1_1 - INFO - Evaluate on the client9 neighbor set
2025-11-15 19:27:15 - 8_0.1_1 - INFO - => result | total 2,144 | correct 1,250 | acc 58.30% | err 41.70% | macro_f1 53.04%
2025-11-15 19:27:15 - 8_0.1_1 - INFO - Global test local acc: 60.92
2025-11-15 19:27:15 - 8_0.1_1 - INFO - Global test neighbor acc: 60.83
2025-11-15 19:27:15 - 8_0.1_1 - INFO - ------------local test finish-------------
2025-11-15 19:27:15 - 8_0.1_1 - INFO - [Epoch 30/30] 测试耗时: 201.49s
2025-11-15 19:27:15 - 8_0.1_1 - INFO - maximum test local acc: 60.923
2025-11-15 19:27:15 - 8_0.1_1 - INFO - mean of local acc: 60.559
2025-11-15 19:27:15 - 8_0.1_1 - INFO - maximum test neighbor acc: 60.830
2025-11-15 19:27:15 - 8_0.1_1 - INFO - mean of neighbor acc: 59.979
