2025-11-15 17:51:22 - 8_0.0_1 - INFO - 日志文件已创建: logs/oxford_flowers/sepfpl/8_0.0_1_20251115_175122.log
2025-11-15 17:51:22 - 8_0.0_1 - INFO - Loading trainer: DP_FPL
2025-11-15 17:51:22 - 8_0.0_1 - INFO - Loading dataset: OxfordFlowers
2025-11-15 17:51:22 - 8_0.0_1 - INFO - Splitting data into 50% train, 20% val, and 30% test
2025-11-15 17:51:22 - 8_0.0_1 - INFO - Saved split to /home/liuxin25/dataset/oxford_flowers/split_zhou_OxfordFlowers.json
2025-11-15 17:51:22 - 8_0.0_1 - INFO - Creating a baseline federated dataset
2025-11-15 17:51:22 - 8_0.0_1 - INFO - class_num 102
2025-11-15 17:51:22 - 8_0.0_1 - INFO - user class dict total [90, 54, 31, 35, 55, 72, 92, 42, 95, 84]
2025-11-15 17:51:22 - 8_0.0_1 - INFO - idx: 0, output_dict_len: 451
2025-11-15 17:51:22 - 8_0.0_1 - INFO - user class dict total [74, 0, 1, 80, 27, 20, 77, 50, 66, 45]
2025-11-15 17:51:22 - 8_0.0_1 - INFO - idx: 1, output_dict_len: 562
2025-11-15 17:51:22 - 8_0.0_1 - INFO - user class dict total [44, 82, 14, 32, 52, 70, 28, 51, 10, 21]
2025-11-15 17:51:22 - 8_0.0_1 - INFO - idx: 2, output_dict_len: 373
2025-11-15 17:51:22 - 8_0.0_1 - INFO - user class dict total [33, 75, 5, 48, 87, 98, 23, 69, 62, 7]
2025-11-15 17:51:22 - 8_0.0_1 - INFO - idx: 3, output_dict_len: 350
2025-11-15 17:51:22 - 8_0.0_1 - INFO - user class dict total [17, 18, 60, 34, 11, 58, 86, 13, 41, 30]
2025-11-15 17:51:22 - 8_0.0_1 - INFO - idx: 4, output_dict_len: 302
2025-11-15 17:51:22 - 8_0.0_1 - INFO - user class dict total [24, 71, 56, 76, 37, 6, 53, 79, 97, 39]
2025-11-15 17:51:22 - 8_0.0_1 - INFO - idx: 5, output_dict_len: 433
2025-11-15 17:51:22 - 8_0.0_1 - INFO - user class dict total [47, 65, 36, 91, 3, 63, 59, 9, 96, 64]
2025-11-15 17:51:22 - 8_0.0_1 - INFO - idx: 6, output_dict_len: 367
2025-11-15 17:51:22 - 8_0.0_1 - INFO - user class dict total [94, 88, 99, 61, 19, 25, 4, 16, 8, 46]
2025-11-15 17:51:22 - 8_0.0_1 - INFO - idx: 7, output_dict_len: 387
2025-11-15 17:51:22 - 8_0.0_1 - INFO - user class dict total [26, 2, 93, 85, 29, 22, 100, 67, 68, 38]
2025-11-15 17:51:22 - 8_0.0_1 - INFO - idx: 8, output_dict_len: 341
2025-11-15 17:51:22 - 8_0.0_1 - INFO - user class dict total [83, 15, 12, 81, 43, 73, 78, 40, 101, 57, 89, 49]
2025-11-15 17:51:22 - 8_0.0_1 - INFO - idx: 9, output_dict_len: 527
2025-11-15 17:51:22 - 8_0.0_1 - INFO - Creating a baseline federated dataset
2025-11-15 17:51:22 - 8_0.0_1 - INFO - class_num 102
2025-11-15 17:51:22 - 8_0.0_1 - INFO - user class dict total [90, 54, 31, 35, 55, 72, 92, 42, 95, 84]
2025-11-15 17:51:22 - 8_0.0_1 - INFO - idx: 0, output_dict_len: 269
2025-11-15 17:51:22 - 8_0.0_1 - INFO - user class dict total [74, 0, 1, 80, 27, 20, 77, 50, 66, 45]
2025-11-15 17:51:22 - 8_0.0_1 - INFO - idx: 1, output_dict_len: 339
2025-11-15 17:51:22 - 8_0.0_1 - INFO - user class dict total [44, 82, 14, 32, 52, 70, 28, 51, 10, 21]
2025-11-15 17:51:22 - 8_0.0_1 - INFO - idx: 2, output_dict_len: 223
2025-11-15 17:51:22 - 8_0.0_1 - INFO - user class dict total [33, 75, 5, 48, 87, 98, 23, 69, 62, 7]
2025-11-15 17:51:22 - 8_0.0_1 - INFO - idx: 3, output_dict_len: 211
2025-11-15 17:51:22 - 8_0.0_1 - INFO - user class dict total [17, 18, 60, 34, 11, 58, 86, 13, 41, 30]
2025-11-15 17:51:22 - 8_0.0_1 - INFO - idx: 4, output_dict_len: 178
2025-11-15 17:51:22 - 8_0.0_1 - INFO - user class dict total [24, 71, 56, 76, 37, 6, 53, 79, 97, 39]
2025-11-15 17:51:22 - 8_0.0_1 - INFO - idx: 5, output_dict_len: 262
2025-11-15 17:51:22 - 8_0.0_1 - INFO - user class dict total [47, 65, 36, 91, 3, 63, 59, 9, 96, 64]
2025-11-15 17:51:22 - 8_0.0_1 - INFO - idx: 6, output_dict_len: 223
2025-11-15 17:51:22 - 8_0.0_1 - INFO - user class dict total [94, 88, 99, 61, 19, 25, 4, 16, 8, 46]
2025-11-15 17:51:22 - 8_0.0_1 - INFO - idx: 7, output_dict_len: 234
2025-11-15 17:51:22 - 8_0.0_1 - INFO - user class dict total [26, 2, 93, 85, 29, 22, 100, 67, 68, 38]
2025-11-15 17:51:22 - 8_0.0_1 - INFO - idx: 8, output_dict_len: 205
2025-11-15 17:51:22 - 8_0.0_1 - INFO - user class dict total [83, 15, 12, 81, 43, 73, 78, 40, 101, 57, 89, 49]
2025-11-15 17:51:22 - 8_0.0_1 - INFO - idx: 9, output_dict_len: 319
2025-11-15 17:51:22 - 8_0.0_1 - INFO - Loading CLIP (backbone: ViT-B/16)
2025-11-15 17:51:24 - 8_0.0_1 - INFO - Building custom CLIP
2025-11-15 17:51:24 - 8_0.0_1 - INFO - Turning off gradients in both the image and the text encoder
2025-11-15 17:51:54 - 8_0.0_1 - INFO - [Epoch 1/30] 训练耗时: 29.87s | 平均训练准确率: 12.22
2025-11-15 17:52:22 - 8_0.0_1 - INFO - [Epoch 2/30] 训练耗时: 28.53s | 平均训练准确率: 59.27
2025-11-15 17:52:51 - 8_0.0_1 - INFO - [Epoch 3/30] 训练耗时: 28.66s | 平均训练准确率: 69.06
2025-11-15 17:53:19 - 8_0.0_1 - INFO - [Epoch 4/30] 训练耗时: 28.43s | 平均训练准确率: 73.33
2025-11-15 17:53:48 - 8_0.0_1 - INFO - [Epoch 5/30] 训练耗时: 28.58s | 平均训练准确率: 76.94
2025-11-15 17:54:16 - 8_0.0_1 - INFO - [Epoch 6/30] 训练耗时: 28.43s | 平均训练准确率: 80.38
2025-11-15 17:54:45 - 8_0.0_1 - INFO - [Epoch 7/30] 训练耗时: 28.42s | 平均训练准确率: 80.80
2025-11-15 17:55:14 - 8_0.0_1 - INFO - [Epoch 8/30] 训练耗时: 28.61s | 平均训练准确率: 83.58
2025-11-15 17:55:42 - 8_0.0_1 - INFO - [Epoch 9/30] 训练耗时: 28.35s | 平均训练准确率: 86.46
2025-11-15 17:56:09 - 8_0.0_1 - INFO - [Epoch 10/30] 训练耗时: 27.51s | 平均训练准确率: 88.19
2025-11-15 17:56:38 - 8_0.0_1 - INFO - [Epoch 11/30] 训练耗时: 28.38s | 平均训练准确率: 89.13
2025-11-15 17:57:04 - 8_0.0_1 - INFO - [Epoch 12/30] 训练耗时: 26.10s | 平均训练准确率: 89.97
2025-11-15 17:57:30 - 8_0.0_1 - INFO - [Epoch 13/30] 训练耗时: 25.69s | 平均训练准确率: 90.62
2025-11-15 17:57:55 - 8_0.0_1 - INFO - [Epoch 14/30] 训练耗时: 25.77s | 平均训练准确率: 91.01
2025-11-15 17:58:21 - 8_0.0_1 - INFO - [Epoch 15/30] 训练耗时: 25.78s | 平均训练准确率: 92.05
2025-11-15 17:58:47 - 8_0.0_1 - INFO - [Epoch 16/30] 训练耗时: 25.63s | 平均训练准确率: 90.03
2025-11-15 17:59:13 - 8_0.0_1 - INFO - [Epoch 17/30] 训练耗时: 25.82s | 平均训练准确率: 92.60
2025-11-15 17:59:38 - 8_0.0_1 - INFO - [Epoch 18/30] 训练耗时: 25.69s | 平均训练准确率: 93.09
2025-11-15 18:00:04 - 8_0.0_1 - INFO - [Epoch 19/30] 训练耗时: 25.80s | 平均训练准确率: 93.85
2025-11-15 18:00:30 - 8_0.0_1 - INFO - [Epoch 20/30] 训练耗时: 25.76s | 平均训练准确率: 94.31
2025-11-15 18:00:56 - 8_0.0_1 - INFO - [Epoch 21/30] 训练耗时: 25.77s | 平均训练准确率: 94.58
2025-11-15 18:01:21 - 8_0.0_1 - INFO - [Epoch 22/30] 训练耗时: 25.74s | 平均训练准确率: 94.24
2025-11-15 18:01:47 - 8_0.0_1 - INFO - [Epoch 23/30] 训练耗时: 25.59s | 平均训练准确率: 94.62
2025-11-15 18:02:12 - 8_0.0_1 - INFO - [Epoch 24/30] 训练耗时: 24.64s | 平均训练准确率: 95.00
2025-11-15 18:02:37 - 8_0.0_1 - INFO - [Epoch 25/30] 训练耗时: 25.70s | 平均训练准确率: 95.35
2025-11-15 18:03:03 - 8_0.0_1 - INFO - [Epoch 26/30] 训练耗时: 25.67s | 平均训练准确率: 95.17
2025-11-15 18:03:29 - 8_0.0_1 - INFO - [Epoch 27/30] 训练耗时: 25.76s | 平均训练准确率: 95.73
2025-11-15 18:03:54 - 8_0.0_1 - INFO - [Epoch 28/30] 训练耗时: 25.81s | 平均训练准确率: 95.76
2025-11-15 18:03:54 - 8_0.0_1 - INFO - ------------local test start-------------
2025-11-15 18:03:54 - 8_0.0_1 - INFO - Evaluate on the client0 local set
2025-11-15 18:03:57 - 8_0.0_1 - INFO - => result | total 269 | correct 211 | acc 78.44% | err 21.56% | macro_f1 65.20%
2025-11-15 18:03:57 - 8_0.0_1 - INFO - Evaluate on the client0 neighbor set
2025-11-15 18:04:15 - 8_0.0_1 - INFO - => result | total 2,194 | correct 1,235 | acc 56.29% | err 43.71% | macro_f1 55.44%
2025-11-15 18:04:15 - 8_0.0_1 - INFO - Evaluate on the client1 local set
2025-11-15 18:04:18 - 8_0.0_1 - INFO - => result | total 339 | correct 198 | acc 58.41% | err 41.59% | macro_f1 36.92%
2025-11-15 18:04:18 - 8_0.0_1 - INFO - Evaluate on the client1 neighbor set
2025-11-15 18:04:35 - 8_0.0_1 - INFO - => result | total 2,124 | correct 1,135 | acc 53.44% | err 46.56% | macro_f1 53.42%
2025-11-15 18:04:35 - 8_0.0_1 - INFO - Evaluate on the client2 local set
2025-11-15 18:04:37 - 8_0.0_1 - INFO - => result | total 223 | correct 182 | acc 81.61% | err 18.39% | macro_f1 67.65%
2025-11-15 18:04:37 - 8_0.0_1 - INFO - Evaluate on the client2 neighbor set
2025-11-15 18:04:55 - 8_0.0_1 - INFO - => result | total 2,240 | correct 1,411 | acc 62.99% | err 37.01% | macro_f1 58.26%
2025-11-15 18:04:55 - 8_0.0_1 - INFO - Evaluate on the client3 local set
2025-11-15 18:04:57 - 8_0.0_1 - INFO - => result | total 211 | correct 190 | acc 90.05% | err 9.95% | macro_f1 84.87%
2025-11-15 18:04:57 - 8_0.0_1 - INFO - Evaluate on the client3 neighbor set
2025-11-15 18:05:15 - 8_0.0_1 - INFO - => result | total 2,252 | correct 1,425 | acc 63.28% | err 36.72% | macro_f1 58.21%
2025-11-15 18:05:15 - 8_0.0_1 - INFO - Evaluate on the client4 local set
2025-11-15 18:05:17 - 8_0.0_1 - INFO - => result | total 178 | correct 176 | acc 98.88% | err 1.12% | macro_f1 99.22%
2025-11-15 18:05:17 - 8_0.0_1 - INFO - Evaluate on the client4 neighbor set
2025-11-15 18:05:35 - 8_0.0_1 - INFO - => result | total 2,285 | correct 1,387 | acc 60.70% | err 39.30% | macro_f1 55.01%
2025-11-15 18:05:35 - 8_0.0_1 - INFO - Evaluate on the client5 local set
2025-11-15 18:05:38 - 8_0.0_1 - INFO - => result | total 262 | correct 203 | acc 77.48% | err 22.52% | macro_f1 66.59%
2025-11-15 18:05:38 - 8_0.0_1 - INFO - Evaluate on the client5 neighbor set
2025-11-15 18:05:56 - 8_0.0_1 - INFO - => result | total 2,201 | correct 1,351 | acc 61.38% | err 38.62% | macro_f1 57.06%
2025-11-15 18:05:56 - 8_0.0_1 - INFO - Evaluate on the client6 local set
2025-11-15 18:05:57 - 8_0.0_1 - INFO - => result | total 223 | correct 201 | acc 90.13% | err 9.87% | macro_f1 87.94%
2025-11-15 18:05:57 - 8_0.0_1 - INFO - Evaluate on the client6 neighbor set
2025-11-15 18:06:16 - 8_0.0_1 - INFO - => result | total 2,240 | correct 1,341 | acc 59.87% | err 40.13% | macro_f1 58.16%
2025-11-15 18:06:16 - 8_0.0_1 - INFO - Evaluate on the client7 local set
2025-11-15 18:06:18 - 8_0.0_1 - INFO - => result | total 234 | correct 211 | acc 90.17% | err 9.83% | macro_f1 93.15%
2025-11-15 18:06:18 - 8_0.0_1 - INFO - Evaluate on the client7 neighbor set
2025-11-15 18:06:36 - 8_0.0_1 - INFO - => result | total 2,229 | correct 1,356 | acc 60.83% | err 39.17% | macro_f1 55.95%
2025-11-15 18:06:36 - 8_0.0_1 - INFO - Evaluate on the client8 local set
2025-11-15 18:06:38 - 8_0.0_1 - INFO - => result | total 205 | correct 187 | acc 91.22% | err 8.78% | macro_f1 89.17%
2025-11-15 18:06:38 - 8_0.0_1 - INFO - Evaluate on the client8 neighbor set
2025-11-15 18:06:57 - 8_0.0_1 - INFO - => result | total 2,258 | correct 1,310 | acc 58.02% | err 41.98% | macro_f1 55.97%
2025-11-15 18:06:57 - 8_0.0_1 - INFO - Evaluate on the client9 local set
2025-11-15 18:06:59 - 8_0.0_1 - INFO - => result | total 319 | correct 251 | acc 78.68% | err 21.32% | macro_f1 70.57%
2025-11-15 18:06:59 - 8_0.0_1 - INFO - Evaluate on the client9 neighbor set
2025-11-15 18:07:17 - 8_0.0_1 - INFO - => result | total 2,144 | correct 1,129 | acc 52.66% | err 47.34% | macro_f1 49.49%
2025-11-15 18:07:17 - 8_0.0_1 - INFO - Global test local acc: 83.51
2025-11-15 18:07:17 - 8_0.0_1 - INFO - Global test neighbor acc: 58.95
2025-11-15 18:07:17 - 8_0.0_1 - INFO - ------------local test finish-------------
2025-11-15 18:07:17 - 8_0.0_1 - INFO - [Epoch 28/30] 测试耗时: 202.15s
2025-11-15 18:07:42 - 8_0.0_1 - INFO - [Epoch 29/30] 训练耗时: 25.51s | 平均训练准确率: 96.11
2025-11-15 18:07:42 - 8_0.0_1 - INFO - ------------local test start-------------
2025-11-15 18:07:42 - 8_0.0_1 - INFO - Evaluate on the client0 local set
2025-11-15 18:07:44 - 8_0.0_1 - INFO - => result | total 269 | correct 208 | acc 77.32% | err 22.68% | macro_f1 64.39%
2025-11-15 18:07:44 - 8_0.0_1 - INFO - Evaluate on the client0 neighbor set
2025-11-15 18:08:02 - 8_0.0_1 - INFO - => result | total 2,194 | correct 1,284 | acc 58.52% | err 41.48% | macro_f1 56.46%
2025-11-15 18:08:02 - 8_0.0_1 - INFO - Evaluate on the client1 local set
2025-11-15 18:08:05 - 8_0.0_1 - INFO - => result | total 339 | correct 205 | acc 60.47% | err 39.53% | macro_f1 41.10%
2025-11-15 18:08:05 - 8_0.0_1 - INFO - Evaluate on the client1 neighbor set
2025-11-15 18:08:22 - 8_0.0_1 - INFO - => result | total 2,124 | correct 1,215 | acc 57.20% | err 42.80% | macro_f1 56.23%
2025-11-15 18:08:22 - 8_0.0_1 - INFO - Evaluate on the client2 local set
2025-11-15 18:08:24 - 8_0.0_1 - INFO - => result | total 223 | correct 187 | acc 83.86% | err 16.14% | macro_f1 72.72%
2025-11-15 18:08:24 - 8_0.0_1 - INFO - Evaluate on the client2 neighbor set
2025-11-15 18:08:42 - 8_0.0_1 - INFO - => result | total 2,240 | correct 1,422 | acc 63.48% | err 36.52% | macro_f1 59.01%
2025-11-15 18:08:42 - 8_0.0_1 - INFO - Evaluate on the client3 local set
2025-11-15 18:08:44 - 8_0.0_1 - INFO - => result | total 211 | correct 191 | acc 90.52% | err 9.48% | macro_f1 85.14%
2025-11-15 18:08:44 - 8_0.0_1 - INFO - Evaluate on the client3 neighbor set
2025-11-15 18:09:03 - 8_0.0_1 - INFO - => result | total 2,252 | correct 1,442 | acc 64.03% | err 35.97% | macro_f1 59.15%
2025-11-15 18:09:03 - 8_0.0_1 - INFO - Evaluate on the client4 local set
2025-11-15 18:09:04 - 8_0.0_1 - INFO - => result | total 178 | correct 175 | acc 98.31% | err 1.69% | macro_f1 98.85%
2025-11-15 18:09:04 - 8_0.0_1 - INFO - Evaluate on the client4 neighbor set
2025-11-15 18:09:23 - 8_0.0_1 - INFO - => result | total 2,285 | correct 1,403 | acc 61.40% | err 38.60% | macro_f1 56.19%
2025-11-15 18:09:23 - 8_0.0_1 - INFO - Evaluate on the client5 local set
2025-11-15 18:09:25 - 8_0.0_1 - INFO - => result | total 262 | correct 204 | acc 77.86% | err 22.14% | macro_f1 67.50%
2025-11-15 18:09:25 - 8_0.0_1 - INFO - Evaluate on the client5 neighbor set
2025-11-15 18:09:43 - 8_0.0_1 - INFO - => result | total 2,201 | correct 1,369 | acc 62.20% | err 37.80% | macro_f1 57.28%
2025-11-15 18:09:43 - 8_0.0_1 - INFO - Evaluate on the client6 local set
2025-11-15 18:09:45 - 8_0.0_1 - INFO - => result | total 223 | correct 201 | acc 90.13% | err 9.87% | macro_f1 88.21%
2025-11-15 18:09:45 - 8_0.0_1 - INFO - Evaluate on the client6 neighbor set
2025-11-15 18:10:03 - 8_0.0_1 - INFO - => result | total 2,240 | correct 1,395 | acc 62.28% | err 37.72% | macro_f1 60.31%
2025-11-15 18:10:03 - 8_0.0_1 - INFO - Evaluate on the client7 local set
2025-11-15 18:10:05 - 8_0.0_1 - INFO - => result | total 234 | correct 203 | acc 86.75% | err 13.25% | macro_f1 86.28%
2025-11-15 18:10:05 - 8_0.0_1 - INFO - Evaluate on the client7 neighbor set
2025-11-15 18:10:23 - 8_0.0_1 - INFO - => result | total 2,229 | correct 1,292 | acc 57.96% | err 42.04% | macro_f1 54.42%
2025-11-15 18:10:23 - 8_0.0_1 - INFO - Evaluate on the client8 local set
2025-11-15 18:10:25 - 8_0.0_1 - INFO - => result | total 205 | correct 187 | acc 91.22% | err 8.78% | macro_f1 88.87%
2025-11-15 18:10:25 - 8_0.0_1 - INFO - Evaluate on the client8 neighbor set
2025-11-15 18:10:43 - 8_0.0_1 - INFO - => result | total 2,258 | correct 1,303 | acc 57.71% | err 42.29% | macro_f1 56.16%
2025-11-15 18:10:43 - 8_0.0_1 - INFO - Evaluate on the client9 local set
2025-11-15 18:10:46 - 8_0.0_1 - INFO - => result | total 319 | correct 250 | acc 78.37% | err 21.63% | macro_f1 69.61%
2025-11-15 18:10:46 - 8_0.0_1 - INFO - Evaluate on the client9 neighbor set
2025-11-15 18:11:03 - 8_0.0_1 - INFO - => result | total 2,144 | correct 1,125 | acc 52.47% | err 47.53% | macro_f1 50.73%
2025-11-15 18:11:03 - 8_0.0_1 - INFO - Global test local acc: 83.48
2025-11-15 18:11:03 - 8_0.0_1 - INFO - Global test neighbor acc: 59.73
2025-11-15 18:11:03 - 8_0.0_1 - INFO - ------------local test finish-------------
2025-11-15 18:11:03 - 8_0.0_1 - INFO - [Epoch 29/30] 测试耗时: 201.33s
2025-11-15 18:11:29 - 8_0.0_1 - INFO - [Epoch 30/30] 训练耗时: 25.46s | 平均训练准确率: 95.59
2025-11-15 18:11:29 - 8_0.0_1 - INFO - ------------local test start-------------
2025-11-15 18:11:29 - 8_0.0_1 - INFO - Evaluate on the client0 local set
2025-11-15 18:11:31 - 8_0.0_1 - INFO - => result | total 269 | correct 212 | acc 78.81% | err 21.19% | macro_f1 66.57%
2025-11-15 18:11:31 - 8_0.0_1 - INFO - Evaluate on the client0 neighbor set
2025-11-15 18:11:49 - 8_0.0_1 - INFO - => result | total 2,194 | correct 1,306 | acc 59.53% | err 40.47% | macro_f1 56.18%
2025-11-15 18:11:49 - 8_0.0_1 - INFO - Evaluate on the client1 local set
2025-11-15 18:11:52 - 8_0.0_1 - INFO - => result | total 339 | correct 200 | acc 59.00% | err 41.00% | macro_f1 41.70%
2025-11-15 18:11:52 - 8_0.0_1 - INFO - Evaluate on the client1 neighbor set
2025-11-15 18:12:09 - 8_0.0_1 - INFO - => result | total 2,124 | correct 1,181 | acc 55.60% | err 44.40% | macro_f1 54.78%
2025-11-15 18:12:09 - 8_0.0_1 - INFO - Evaluate on the client2 local set
2025-11-15 18:12:11 - 8_0.0_1 - INFO - => result | total 223 | correct 184 | acc 82.51% | err 17.49% | macro_f1 69.63%
2025-11-15 18:12:11 - 8_0.0_1 - INFO - Evaluate on the client2 neighbor set
2025-11-15 18:12:29 - 8_0.0_1 - INFO - => result | total 2,240 | correct 1,448 | acc 64.64% | err 35.36% | macro_f1 58.76%
2025-11-15 18:12:29 - 8_0.0_1 - INFO - Evaluate on the client3 local set
2025-11-15 18:12:30 - 8_0.0_1 - INFO - => result | total 211 | correct 191 | acc 90.52% | err 9.48% | macro_f1 85.14%
2025-11-15 18:12:30 - 8_0.0_1 - INFO - Evaluate on the client3 neighbor set
2025-11-15 18:12:48 - 8_0.0_1 - INFO - => result | total 2,252 | correct 1,447 | acc 64.25% | err 35.75% | macro_f1 59.00%
2025-11-15 18:12:48 - 8_0.0_1 - INFO - Evaluate on the client4 local set
2025-11-15 18:12:50 - 8_0.0_1 - INFO - => result | total 178 | correct 177 | acc 99.44% | err 0.56% | macro_f1 99.66%
2025-11-15 18:12:50 - 8_0.0_1 - INFO - Evaluate on the client4 neighbor set
2025-11-15 18:13:08 - 8_0.0_1 - INFO - => result | total 2,285 | correct 1,438 | acc 62.93% | err 37.07% | macro_f1 57.34%
2025-11-15 18:13:08 - 8_0.0_1 - INFO - Evaluate on the client5 local set
2025-11-15 18:13:10 - 8_0.0_1 - INFO - => result | total 262 | correct 205 | acc 78.24% | err 21.76% | macro_f1 68.23%
2025-11-15 18:13:10 - 8_0.0_1 - INFO - Evaluate on the client5 neighbor set
2025-11-15 18:13:28 - 8_0.0_1 - INFO - => result | total 2,201 | correct 1,429 | acc 64.93% | err 35.07% | macro_f1 59.88%
2025-11-15 18:13:28 - 8_0.0_1 - INFO - Evaluate on the client6 local set
2025-11-15 18:13:30 - 8_0.0_1 - INFO - => result | total 223 | correct 198 | acc 88.79% | err 11.21% | macro_f1 85.53%
2025-11-15 18:13:30 - 8_0.0_1 - INFO - Evaluate on the client6 neighbor set
2025-11-15 18:13:48 - 8_0.0_1 - INFO - => result | total 2,240 | correct 1,362 | acc 60.80% | err 39.20% | macro_f1 58.46%
2025-11-15 18:13:48 - 8_0.0_1 - INFO - Evaluate on the client7 local set
2025-11-15 18:13:50 - 8_0.0_1 - INFO - => result | total 234 | correct 205 | acc 87.61% | err 12.39% | macro_f1 88.51%
2025-11-15 18:13:50 - 8_0.0_1 - INFO - Evaluate on the client7 neighbor set
2025-11-15 18:14:08 - 8_0.0_1 - INFO - => result | total 2,229 | correct 1,282 | acc 57.51% | err 42.49% | macro_f1 54.70%
2025-11-15 18:14:08 - 8_0.0_1 - INFO - Evaluate on the client8 local set
2025-11-15 18:14:09 - 8_0.0_1 - INFO - => result | total 205 | correct 189 | acc 92.20% | err 7.80% | macro_f1 90.14%
2025-11-15 18:14:09 - 8_0.0_1 - INFO - Evaluate on the client8 neighbor set
2025-11-15 18:14:28 - 8_0.0_1 - INFO - => result | total 2,258 | correct 1,367 | acc 60.54% | err 39.46% | macro_f1 57.99%
2025-11-15 18:14:28 - 8_0.0_1 - INFO - Evaluate on the client9 local set
2025-11-15 18:14:30 - 8_0.0_1 - INFO - => result | total 319 | correct 250 | acc 78.37% | err 21.63% | macro_f1 70.39%
2025-11-15 18:14:30 - 8_0.0_1 - INFO - Evaluate on the client9 neighbor set
2025-11-15 18:14:47 - 8_0.0_1 - INFO - => result | total 2,144 | correct 1,082 | acc 50.47% | err 49.53% | macro_f1 47.96%
2025-11-15 18:14:47 - 8_0.0_1 - INFO - Global test local acc: 83.55
2025-11-15 18:14:47 - 8_0.0_1 - INFO - Global test neighbor acc: 60.12
2025-11-15 18:14:47 - 8_0.0_1 - INFO - ------------local test finish-------------
2025-11-15 18:14:47 - 8_0.0_1 - INFO - [Epoch 30/30] 测试耗时: 198.31s
2025-11-15 18:14:47 - 8_0.0_1 - INFO - maximum test local acc: 83.548
2025-11-15 18:14:47 - 8_0.0_1 - INFO - mean of local acc: 83.513
2025-11-15 18:14:47 - 8_0.0_1 - INFO - maximum test neighbor acc: 60.121
2025-11-15 18:14:47 - 8_0.0_1 - INFO - mean of neighbor acc: 59.597
