2025-11-15 08:04:20 - 8_0.1_1 - INFO - 日志文件已创建: logs/oxford_flowers/sepfpl/8_0.1_1_20251115_080420.log
2025-11-15 08:04:20 - 8_0.1_1 - INFO - Loading trainer: DP_FPL
2025-11-15 08:04:20 - 8_0.1_1 - INFO - Loading dataset: OxfordFlowers
2025-11-15 08:04:20 - 8_0.1_1 - INFO - Reading split from /home/liuxin25/dataset/oxford_flowers/split_zhou_OxfordFlowers.json
2025-11-15 08:04:20 - 8_0.1_1 - INFO - Creating a baseline federated dataset
2025-11-15 08:04:20 - 8_0.1_1 - INFO - class_num 102
2025-11-15 08:04:20 - 8_0.1_1 - INFO - user class dict total [90, 54, 31, 35, 55, 72, 92, 42, 95, 84]
2025-11-15 08:04:20 - 8_0.1_1 - INFO - idx: 0, output_dict_len: 451
2025-11-15 08:04:20 - 8_0.1_1 - INFO - user class dict total [74, 0, 1, 80, 27, 20, 77, 50, 66, 45]
2025-11-15 08:04:20 - 8_0.1_1 - INFO - idx: 1, output_dict_len: 562
2025-11-15 08:04:20 - 8_0.1_1 - INFO - user class dict total [44, 82, 14, 32, 52, 70, 28, 51, 10, 21]
2025-11-15 08:04:20 - 8_0.1_1 - INFO - idx: 2, output_dict_len: 373
2025-11-15 08:04:20 - 8_0.1_1 - INFO - user class dict total [33, 75, 5, 48, 87, 98, 23, 69, 62, 7]
2025-11-15 08:04:20 - 8_0.1_1 - INFO - idx: 3, output_dict_len: 350
2025-11-15 08:04:20 - 8_0.1_1 - INFO - user class dict total [17, 18, 60, 34, 11, 58, 86, 13, 41, 30]
2025-11-15 08:04:20 - 8_0.1_1 - INFO - idx: 4, output_dict_len: 302
2025-11-15 08:04:20 - 8_0.1_1 - INFO - user class dict total [24, 71, 56, 76, 37, 6, 53, 79, 97, 39]
2025-11-15 08:04:20 - 8_0.1_1 - INFO - idx: 5, output_dict_len: 433
2025-11-15 08:04:20 - 8_0.1_1 - INFO - user class dict total [47, 65, 36, 91, 3, 63, 59, 9, 96, 64]
2025-11-15 08:04:20 - 8_0.1_1 - INFO - idx: 6, output_dict_len: 367
2025-11-15 08:04:20 - 8_0.1_1 - INFO - user class dict total [94, 88, 99, 61, 19, 25, 4, 16, 8, 46]
2025-11-15 08:04:20 - 8_0.1_1 - INFO - idx: 7, output_dict_len: 387
2025-11-15 08:04:20 - 8_0.1_1 - INFO - user class dict total [26, 2, 93, 85, 29, 22, 100, 67, 68, 38]
2025-11-15 08:04:20 - 8_0.1_1 - INFO - idx: 8, output_dict_len: 341
2025-11-15 08:04:20 - 8_0.1_1 - INFO - user class dict total [83, 15, 12, 81, 43, 73, 78, 40, 101, 57, 89, 49]
2025-11-15 08:04:20 - 8_0.1_1 - INFO - idx: 9, output_dict_len: 527
2025-11-15 08:04:20 - 8_0.1_1 - INFO - Creating a baseline federated dataset
2025-11-15 08:04:20 - 8_0.1_1 - INFO - class_num 102
2025-11-15 08:04:20 - 8_0.1_1 - INFO - user class dict total [90, 54, 31, 35, 55, 72, 92, 42, 95, 84]
2025-11-15 08:04:20 - 8_0.1_1 - INFO - idx: 0, output_dict_len: 269
2025-11-15 08:04:20 - 8_0.1_1 - INFO - user class dict total [74, 0, 1, 80, 27, 20, 77, 50, 66, 45]
2025-11-15 08:04:20 - 8_0.1_1 - INFO - idx: 1, output_dict_len: 339
2025-11-15 08:04:20 - 8_0.1_1 - INFO - user class dict total [44, 82, 14, 32, 52, 70, 28, 51, 10, 21]
2025-11-15 08:04:20 - 8_0.1_1 - INFO - idx: 2, output_dict_len: 223
2025-11-15 08:04:20 - 8_0.1_1 - INFO - user class dict total [33, 75, 5, 48, 87, 98, 23, 69, 62, 7]
2025-11-15 08:04:20 - 8_0.1_1 - INFO - idx: 3, output_dict_len: 211
2025-11-15 08:04:20 - 8_0.1_1 - INFO - user class dict total [17, 18, 60, 34, 11, 58, 86, 13, 41, 30]
2025-11-15 08:04:20 - 8_0.1_1 - INFO - idx: 4, output_dict_len: 178
2025-11-15 08:04:20 - 8_0.1_1 - INFO - user class dict total [24, 71, 56, 76, 37, 6, 53, 79, 97, 39]
2025-11-15 08:04:20 - 8_0.1_1 - INFO - idx: 5, output_dict_len: 262
2025-11-15 08:04:20 - 8_0.1_1 - INFO - user class dict total [47, 65, 36, 91, 3, 63, 59, 9, 96, 64]
2025-11-15 08:04:20 - 8_0.1_1 - INFO - idx: 6, output_dict_len: 223
2025-11-15 08:04:20 - 8_0.1_1 - INFO - user class dict total [94, 88, 99, 61, 19, 25, 4, 16, 8, 46]
2025-11-15 08:04:20 - 8_0.1_1 - INFO - idx: 7, output_dict_len: 234
2025-11-15 08:04:20 - 8_0.1_1 - INFO - user class dict total [26, 2, 93, 85, 29, 22, 100, 67, 68, 38]
2025-11-15 08:04:20 - 8_0.1_1 - INFO - idx: 8, output_dict_len: 205
2025-11-15 08:04:20 - 8_0.1_1 - INFO - user class dict total [83, 15, 12, 81, 43, 73, 78, 40, 101, 57, 89, 49]
2025-11-15 08:04:20 - 8_0.1_1 - INFO - idx: 9, output_dict_len: 319
2025-11-15 08:04:20 - 8_0.1_1 - INFO - Loading CLIP (backbone: ViT-B/16)
2025-11-15 08:04:22 - 8_0.1_1 - INFO - Building custom CLIP
2025-11-15 08:04:22 - 8_0.1_1 - INFO - Turning off gradients in both the image and the text encoder
2025-11-15 08:04:22 - 8_0.1_1 - INFO - [RDP-sepfpl] 轮次 1: ε=0.000056, std=41.896709
2025-11-15 08:04:52 - 8_0.1_1 - INFO - [Epoch 1/50] 训练耗时: 29.66s | 平均训练准确率: 0.03
2025-11-15 08:05:20 - 8_0.1_1 - INFO - [Epoch 2/50] 训练耗时: 28.10s | 平均训练准确率: 1.74
2025-11-15 08:05:48 - 8_0.1_1 - INFO - [Epoch 3/50] 训练耗时: 28.21s | 平均训练准确率: 2.33
2025-11-15 08:06:16 - 8_0.1_1 - INFO - [Epoch 4/50] 训练耗时: 28.25s | 平均训练准确率: 1.91
2025-11-15 08:06:44 - 8_0.1_1 - INFO - [Epoch 5/50] 训练耗时: 27.90s | 平均训练准确率: 2.88
2025-11-15 08:07:12 - 8_0.1_1 - INFO - [Epoch 6/50] 训练耗时: 27.63s | 平均训练准确率: 2.71
2025-11-15 08:07:40 - 8_0.1_1 - INFO - [Epoch 7/50] 训练耗时: 28.24s | 平均训练准确率: 2.22
2025-11-15 08:08:08 - 8_0.1_1 - INFO - [Epoch 8/50] 训练耗时: 28.38s | 平均训练准确率: 2.88
2025-11-15 08:08:37 - 8_0.1_1 - INFO - [Epoch 9/50] 训练耗时: 28.29s | 平均训练准确率: 1.74
2025-11-15 08:08:37 - 8_0.1_1 - INFO - [RDP-sepfpl] 轮次 10: ε=0.000700, std=11.808097
2025-11-15 08:09:05 - 8_0.1_1 - INFO - [Epoch 10/50] 训练耗时: 28.23s | 平均训练准确率: 1.32
2025-11-15 08:09:33 - 8_0.1_1 - INFO - [Epoch 11/50] 训练耗时: 28.21s | 平均训练准确率: 0.73
2025-11-15 08:10:01 - 8_0.1_1 - INFO - [Epoch 12/50] 训练耗时: 28.21s | 平均训练准确率: 0.59
2025-11-15 08:10:30 - 8_0.1_1 - INFO - [Epoch 13/50] 训练耗时: 28.24s | 平均训练准确率: 0.66
2025-11-15 08:10:58 - 8_0.1_1 - INFO - [Epoch 14/50] 训练耗时: 28.32s | 平均训练准确率: 1.39
2025-11-15 08:11:26 - 8_0.1_1 - INFO - [Epoch 15/50] 训练耗时: 28.29s | 平均训练准确率: 0.80
2025-11-15 08:11:54 - 8_0.1_1 - INFO - [Epoch 16/50] 训练耗时: 28.17s | 平均训练准确率: 0.87
2025-11-15 08:12:23 - 8_0.1_1 - INFO - [Epoch 17/50] 训练耗时: 28.28s | 平均训练准确率: 1.11
2025-11-15 08:12:50 - 8_0.1_1 - INFO - [Epoch 18/50] 训练耗时: 27.71s | 平均训练准确率: 1.39
2025-11-15 08:13:18 - 8_0.1_1 - INFO - [Epoch 19/50] 训练耗时: 27.66s | 平均训练准确率: 1.32
2025-11-15 08:13:18 - 8_0.1_1 - INFO - [RDP-sepfpl] 轮次 20: ε=0.001501, std=8.065168
2025-11-15 08:13:46 - 8_0.1_1 - INFO - [Epoch 20/50] 训练耗时: 28.16s | 平均训练准确率: 1.49
2025-11-15 08:14:12 - 8_0.1_1 - INFO - [Epoch 21/50] 训练耗时: 25.96s | 平均训练准确率: 1.25
2025-11-15 08:14:40 - 8_0.1_1 - INFO - [Epoch 22/50] 训练耗时: 28.21s | 平均训练准确率: 1.08
2025-11-15 08:15:09 - 8_0.1_1 - INFO - [Epoch 23/50] 训练耗时: 28.25s | 平均训练准确率: 1.32
2025-11-15 08:15:37 - 8_0.1_1 - INFO - [Epoch 24/50] 训练耗时: 28.20s | 平均训练准确率: 1.35
2025-11-15 08:16:05 - 8_0.1_1 - INFO - [Epoch 25/50] 训练耗时: 28.25s | 平均训练准确率: 0.83
2025-11-15 08:16:33 - 8_0.1_1 - INFO - [Epoch 26/50] 训练耗时: 28.07s | 平均训练准确率: 0.31
2025-11-15 08:17:01 - 8_0.1_1 - INFO - [Epoch 27/50] 训练耗时: 28.15s | 平均训练准确率: 0.52
2025-11-15 08:17:30 - 8_0.1_1 - INFO - [Epoch 28/50] 训练耗时: 28.24s | 平均训练准确率: 0.14
2025-11-15 08:17:58 - 8_0.1_1 - INFO - [Epoch 29/50] 训练耗时: 28.17s | 平均训练准确率: 0.07
2025-11-15 08:17:58 - 8_0.1_1 - INFO - [RDP-sepfpl] 轮次 30: ε=0.002345, std=6.453023
2025-11-15 08:18:26 - 8_0.1_1 - INFO - [Epoch 30/50] 训练耗时: 28.24s | 平均训练准确率: 0.07
2025-11-15 08:18:54 - 8_0.1_1 - INFO - [Epoch 31/50] 训练耗时: 27.91s | 平均训练准确率: 0.10
2025-11-15 08:19:21 - 8_0.1_1 - INFO - [Epoch 32/50] 训练耗时: 27.27s | 平均训练准确率: 0.07
2025-11-15 08:19:49 - 8_0.1_1 - INFO - [Epoch 33/50] 训练耗时: 28.17s | 平均训练准确率: 0.07
2025-11-15 08:20:16 - 8_0.1_1 - INFO - [Epoch 34/50] 训练耗时: 26.77s | 平均训练准确率: 0.14
2025-11-15 08:20:41 - 8_0.1_1 - INFO - [Epoch 35/50] 训练耗时: 25.40s | 平均训练准确率: 0.24
2025-11-15 08:21:07 - 8_0.1_1 - INFO - [Epoch 36/50] 训练耗时: 25.43s | 平均训练准确率: 0.38
2025-11-15 08:21:32 - 8_0.1_1 - INFO - [Epoch 37/50] 训练耗时: 25.31s | 平均训练准确率: 0.07
2025-11-15 08:21:58 - 8_0.1_1 - INFO - [Epoch 38/50] 训练耗时: 25.30s | 平均训练准确率: 0.03
2025-11-15 08:22:23 - 8_0.1_1 - INFO - [Epoch 39/50] 训练耗时: 25.23s | 平均训练准确率: 0.07
2025-11-15 08:22:23 - 8_0.1_1 - INFO - [RDP-sepfpl] 轮次 40: ε=0.003218, std=5.508672
2025-11-15 08:22:48 - 8_0.1_1 - INFO - [Epoch 40/50] 训练耗时: 25.32s | 平均训练准确率: 0.14
2025-11-15 08:23:13 - 8_0.1_1 - INFO - [Epoch 41/50] 训练耗时: 25.33s | 平均训练准确率: 0.10
2025-11-15 08:23:39 - 8_0.1_1 - INFO - [Epoch 42/50] 训练耗时: 25.29s | 平均训练准确率: 0.07
2025-11-15 08:24:04 - 8_0.1_1 - INFO - [Epoch 43/50] 训练耗时: 25.22s | 平均训练准确率: 0.28
2025-11-15 08:24:29 - 8_0.1_1 - INFO - [Epoch 44/50] 训练耗时: 25.23s | 平均训练准确率: 0.17
2025-11-15 08:24:54 - 8_0.1_1 - INFO - [Epoch 45/50] 训练耗时: 25.16s | 平均训练准确率: 0.21
2025-11-15 08:25:19 - 8_0.1_1 - INFO - [Epoch 46/50] 训练耗时: 24.56s | 平均训练准确率: 0.38
2025-11-15 08:25:19 - 8_0.1_1 - INFO - ------------local test start-------------
2025-11-15 08:25:19 - 8_0.1_1 - INFO - Evaluate on the client0 local set
2025-11-15 08:25:21 - 8_0.1_1 - INFO - => result | total 269 | correct 0 | acc 0.00% | err 100.00% | macro_f1 0.00%
2025-11-15 08:25:21 - 8_0.1_1 - INFO - Evaluate on the client0 neighbor set
2025-11-15 08:25:39 - 8_0.1_1 - INFO - => result | total 2,194 | correct 19 | acc 0.87% | err 99.13% | macro_f1 0.06%
2025-11-15 08:25:39 - 8_0.1_1 - INFO - Evaluate on the client1 local set
2025-11-15 08:25:42 - 8_0.1_1 - INFO - => result | total 339 | correct 0 | acc 0.00% | err 100.00% | macro_f1 0.00%
2025-11-15 08:25:42 - 8_0.1_1 - INFO - Evaluate on the client1 neighbor set
2025-11-15 08:25:59 - 8_0.1_1 - INFO - => result | total 2,124 | correct 18 | acc 0.85% | err 99.15% | macro_f1 0.06%
2025-11-15 08:25:59 - 8_0.1_1 - INFO - Evaluate on the client2 local set
2025-11-15 08:26:01 - 8_0.1_1 - INFO - => result | total 223 | correct 0 | acc 0.00% | err 100.00% | macro_f1 0.00%
2025-11-15 08:26:01 - 8_0.1_1 - INFO - Evaluate on the client2 neighbor set
2025-11-15 08:26:19 - 8_0.1_1 - INFO - => result | total 2,240 | correct 18 | acc 0.80% | err 99.20% | macro_f1 0.06%
2025-11-15 08:26:19 - 8_0.1_1 - INFO - Evaluate on the client3 local set
2025-11-15 08:26:21 - 8_0.1_1 - INFO - => result | total 211 | correct 0 | acc 0.00% | err 100.00% | macro_f1 0.00%
2025-11-15 08:26:21 - 8_0.1_1 - INFO - Evaluate on the client3 neighbor set
2025-11-15 08:26:39 - 8_0.1_1 - INFO - => result | total 2,252 | correct 18 | acc 0.80% | err 99.20% | macro_f1 0.13%
2025-11-15 08:26:39 - 8_0.1_1 - INFO - Evaluate on the client4 local set
2025-11-15 08:26:41 - 8_0.1_1 - INFO - => result | total 178 | correct 0 | acc 0.00% | err 100.00% | macro_f1 0.00%
2025-11-15 08:26:41 - 8_0.1_1 - INFO - Evaluate on the client4 neighbor set
2025-11-15 08:27:00 - 8_0.1_1 - INFO - => result | total 2,285 | correct 17 | acc 0.74% | err 99.26% | macro_f1 0.05%
2025-11-15 08:27:00 - 8_0.1_1 - INFO - Evaluate on the client5 local set
2025-11-15 08:27:02 - 8_0.1_1 - INFO - => result | total 262 | correct 6 | acc 2.29% | err 97.71% | macro_f1 1.20%
2025-11-15 08:27:02 - 8_0.1_1 - INFO - Evaluate on the client5 neighbor set
2025-11-15 08:27:20 - 8_0.1_1 - INFO - => result | total 2,201 | correct 12 | acc 0.55% | err 99.45% | macro_f1 0.04%
2025-11-15 08:27:20 - 8_0.1_1 - INFO - Evaluate on the client6 local set
2025-11-15 08:27:22 - 8_0.1_1 - INFO - => result | total 223 | correct 9 | acc 4.04% | err 95.96% | macro_f1 2.00%
2025-11-15 08:27:22 - 8_0.1_1 - INFO - Evaluate on the client6 neighbor set
2025-11-15 08:27:40 - 8_0.1_1 - INFO - => result | total 2,240 | correct 8 | acc 0.36% | err 99.64% | macro_f1 0.03%
2025-11-15 08:27:40 - 8_0.1_1 - INFO - Evaluate on the client7 local set
2025-11-15 08:27:42 - 8_0.1_1 - INFO - => result | total 234 | correct 0 | acc 0.00% | err 100.00% | macro_f1 0.00%
2025-11-15 08:27:42 - 8_0.1_1 - INFO - Evaluate on the client7 neighbor set
2025-11-15 08:28:00 - 8_0.1_1 - INFO - => result | total 2,229 | correct 16 | acc 0.72% | err 99.28% | macro_f1 0.05%
2025-11-15 08:28:00 - 8_0.1_1 - INFO - Evaluate on the client8 local set
2025-11-15 08:28:02 - 8_0.1_1 - INFO - => result | total 205 | correct 0 | acc 0.00% | err 100.00% | macro_f1 0.00%
2025-11-15 08:28:02 - 8_0.1_1 - INFO - Evaluate on the client8 neighbor set
2025-11-15 08:28:20 - 8_0.1_1 - INFO - => result | total 2,258 | correct 15 | acc 0.66% | err 99.34% | macro_f1 0.04%
2025-11-15 08:28:20 - 8_0.1_1 - INFO - Evaluate on the client9 local set
2025-11-15 08:28:23 - 8_0.1_1 - INFO - => result | total 319 | correct 1 | acc 0.31% | err 99.69% | macro_f1 0.26%
2025-11-15 08:28:23 - 8_0.1_1 - INFO - Evaluate on the client9 neighbor set
2025-11-15 08:28:40 - 8_0.1_1 - INFO - => result | total 2,144 | correct 14 | acc 0.65% | err 99.35% | macro_f1 0.04%
2025-11-15 08:28:40 - 8_0.1_1 - INFO - Global test local acc: 0.66
2025-11-15 08:28:40 - 8_0.1_1 - INFO - Global test neighbor acc: 0.70
2025-11-15 08:28:40 - 8_0.1_1 - INFO - ------------local test finish-------------
2025-11-15 08:28:40 - 8_0.1_1 - INFO - [Epoch 46/50] 测试耗时: 201.56s
2025-11-15 08:29:06 - 8_0.1_1 - INFO - [Epoch 47/50] 训练耗时: 25.53s | 平均训练准确率: 0.17
2025-11-15 08:29:06 - 8_0.1_1 - INFO - ------------local test start-------------
2025-11-15 08:29:06 - 8_0.1_1 - INFO - Evaluate on the client0 local set
2025-11-15 08:29:08 - 8_0.1_1 - INFO - => result | total 269 | correct 0 | acc 0.00% | err 100.00% | macro_f1 0.00%
2025-11-15 08:29:08 - 8_0.1_1 - INFO - Evaluate on the client0 neighbor set
2025-11-15 08:29:26 - 8_0.1_1 - INFO - => result | total 2,194 | correct 17 | acc 0.77% | err 99.23% | macro_f1 0.05%
2025-11-15 08:29:26 - 8_0.1_1 - INFO - Evaluate on the client1 local set
2025-11-15 08:29:29 - 8_0.1_1 - INFO - => result | total 339 | correct 0 | acc 0.00% | err 100.00% | macro_f1 0.00%
2025-11-15 08:29:29 - 8_0.1_1 - INFO - Evaluate on the client1 neighbor set
2025-11-15 08:29:46 - 8_0.1_1 - INFO - => result | total 2,124 | correct 17 | acc 0.80% | err 99.20% | macro_f1 0.05%
2025-11-15 08:29:46 - 8_0.1_1 - INFO - Evaluate on the client2 local set
2025-11-15 08:29:47 - 8_0.1_1 - INFO - => result | total 223 | correct 0 | acc 0.00% | err 100.00% | macro_f1 0.00%
2025-11-15 08:29:47 - 8_0.1_1 - INFO - Evaluate on the client2 neighbor set
2025-11-15 08:30:05 - 8_0.1_1 - INFO - => result | total 2,240 | correct 16 | acc 0.71% | err 99.29% | macro_f1 0.12%
2025-11-15 08:30:05 - 8_0.1_1 - INFO - Evaluate on the client3 local set
2025-11-15 08:30:07 - 8_0.1_1 - INFO - => result | total 211 | correct 0 | acc 0.00% | err 100.00% | macro_f1 0.00%
2025-11-15 08:30:07 - 8_0.1_1 - INFO - Evaluate on the client3 neighbor set
2025-11-15 08:30:25 - 8_0.1_1 - INFO - => result | total 2,252 | correct 15 | acc 0.67% | err 99.33% | macro_f1 0.04%
2025-11-15 08:30:25 - 8_0.1_1 - INFO - Evaluate on the client4 local set
2025-11-15 08:30:27 - 8_0.1_1 - INFO - => result | total 178 | correct 0 | acc 0.00% | err 100.00% | macro_f1 0.00%
2025-11-15 08:30:27 - 8_0.1_1 - INFO - Evaluate on the client4 neighbor set
2025-11-15 08:30:45 - 8_0.1_1 - INFO - => result | total 2,285 | correct 15 | acc 0.66% | err 99.34% | macro_f1 0.04%
2025-11-15 08:30:45 - 8_0.1_1 - INFO - Evaluate on the client5 local set
2025-11-15 08:30:47 - 8_0.1_1 - INFO - => result | total 262 | correct 8 | acc 3.05% | err 96.95% | macro_f1 1.62%
2025-11-15 08:30:47 - 8_0.1_1 - INFO - Evaluate on the client5 neighbor set
2025-11-15 08:31:05 - 8_0.1_1 - INFO - => result | total 2,201 | correct 9 | acc 0.41% | err 99.59% | macro_f1 0.02%
2025-11-15 08:31:05 - 8_0.1_1 - INFO - Evaluate on the client6 local set
2025-11-15 08:31:07 - 8_0.1_1 - INFO - => result | total 223 | correct 10 | acc 4.48% | err 95.52% | macro_f1 1.98%
2025-11-15 08:31:07 - 8_0.1_1 - INFO - Evaluate on the client6 neighbor set
2025-11-15 08:31:25 - 8_0.1_1 - INFO - => result | total 2,240 | correct 7 | acc 0.31% | err 99.69% | macro_f1 0.06%
2025-11-15 08:31:25 - 8_0.1_1 - INFO - Evaluate on the client7 local set
2025-11-15 08:31:27 - 8_0.1_1 - INFO - => result | total 234 | correct 0 | acc 0.00% | err 100.00% | macro_f1 0.00%
2025-11-15 08:31:27 - 8_0.1_1 - INFO - Evaluate on the client7 neighbor set
2025-11-15 08:31:45 - 8_0.1_1 - INFO - => result | total 2,229 | correct 18 | acc 0.81% | err 99.19% | macro_f1 0.08%
2025-11-15 08:31:45 - 8_0.1_1 - INFO - Evaluate on the client8 local set
2025-11-15 08:31:46 - 8_0.1_1 - INFO - => result | total 205 | correct 0 | acc 0.00% | err 100.00% | macro_f1 0.00%
2025-11-15 08:31:46 - 8_0.1_1 - INFO - Evaluate on the client8 neighbor set
2025-11-15 08:32:04 - 8_0.1_1 - INFO - => result | total 2,258 | correct 18 | acc 0.80% | err 99.20% | macro_f1 0.08%
2025-11-15 08:32:04 - 8_0.1_1 - INFO - Evaluate on the client9 local set
2025-11-15 08:32:07 - 8_0.1_1 - INFO - => result | total 319 | correct 0 | acc 0.00% | err 100.00% | macro_f1 0.00%
2025-11-15 08:32:07 - 8_0.1_1 - INFO - Evaluate on the client9 neighbor set
2025-11-15 08:32:24 - 8_0.1_1 - INFO - => result | total 2,144 | correct 18 | acc 0.84% | err 99.16% | macro_f1 0.09%
2025-11-15 08:32:24 - 8_0.1_1 - INFO - Global test local acc: 0.75
2025-11-15 08:32:24 - 8_0.1_1 - INFO - Global test neighbor acc: 0.68
2025-11-15 08:32:24 - 8_0.1_1 - INFO - ------------local test finish-------------
2025-11-15 08:32:24 - 8_0.1_1 - INFO - [Epoch 47/50] 测试耗时: 198.53s
2025-11-15 08:32:50 - 8_0.1_1 - INFO - [Epoch 48/50] 训练耗时: 25.26s | 平均训练准确率: 0.03
2025-11-15 08:32:50 - 8_0.1_1 - INFO - ------------local test start-------------
2025-11-15 08:32:50 - 8_0.1_1 - INFO - Evaluate on the client0 local set
2025-11-15 08:32:52 - 8_0.1_1 - INFO - => result | total 269 | correct 0 | acc 0.00% | err 100.00% | macro_f1 0.00%
2025-11-15 08:32:52 - 8_0.1_1 - INFO - Evaluate on the client0 neighbor set
2025-11-15 08:33:09 - 8_0.1_1 - INFO - => result | total 2,194 | correct 16 | acc 0.73% | err 99.27% | macro_f1 0.05%
2025-11-15 08:33:09 - 8_0.1_1 - INFO - Evaluate on the client1 local set
2025-11-15 08:33:12 - 8_0.1_1 - INFO - => result | total 339 | correct 0 | acc 0.00% | err 100.00% | macro_f1 0.00%
2025-11-15 08:33:12 - 8_0.1_1 - INFO - Evaluate on the client1 neighbor set
2025-11-15 08:33:29 - 8_0.1_1 - INFO - => result | total 2,124 | correct 16 | acc 0.75% | err 99.25% | macro_f1 0.05%
2025-11-15 08:33:29 - 8_0.1_1 - INFO - Evaluate on the client2 local set
2025-11-15 08:33:31 - 8_0.1_1 - INFO - => result | total 223 | correct 0 | acc 0.00% | err 100.00% | macro_f1 0.00%
2025-11-15 08:33:31 - 8_0.1_1 - INFO - Evaluate on the client2 neighbor set
2025-11-15 08:33:49 - 8_0.1_1 - INFO - => result | total 2,240 | correct 16 | acc 0.71% | err 99.29% | macro_f1 0.05%
2025-11-15 08:33:49 - 8_0.1_1 - INFO - Evaluate on the client3 local set
2025-11-15 08:33:51 - 8_0.1_1 - INFO - => result | total 211 | correct 0 | acc 0.00% | err 100.00% | macro_f1 0.00%
2025-11-15 08:33:51 - 8_0.1_1 - INFO - Evaluate on the client3 neighbor set
2025-11-15 08:34:09 - 8_0.1_1 - INFO - => result | total 2,252 | correct 16 | acc 0.71% | err 99.29% | macro_f1 0.05%
2025-11-15 08:34:09 - 8_0.1_1 - INFO - Evaluate on the client4 local set
2025-11-15 08:34:10 - 8_0.1_1 - INFO - => result | total 178 | correct 0 | acc 0.00% | err 100.00% | macro_f1 0.00%
2025-11-15 08:34:10 - 8_0.1_1 - INFO - Evaluate on the client4 neighbor set
2025-11-15 08:34:29 - 8_0.1_1 - INFO - => result | total 2,285 | correct 15 | acc 0.66% | err 99.34% | macro_f1 0.04%
2025-11-15 08:34:29 - 8_0.1_1 - INFO - Evaluate on the client5 local set
2025-11-15 08:34:31 - 8_0.1_1 - INFO - => result | total 262 | correct 6 | acc 2.29% | err 97.71% | macro_f1 1.24%
2025-11-15 08:34:31 - 8_0.1_1 - INFO - Evaluate on the client5 neighbor set
2025-11-15 08:34:49 - 8_0.1_1 - INFO - => result | total 2,201 | correct 10 | acc 0.45% | err 99.55% | macro_f1 0.03%
2025-11-15 08:34:49 - 8_0.1_1 - INFO - Evaluate on the client6 local set
2025-11-15 08:34:51 - 8_0.1_1 - INFO - => result | total 223 | correct 9 | acc 4.04% | err 95.96% | macro_f1 1.98%
2025-11-15 08:34:51 - 8_0.1_1 - INFO - Evaluate on the client6 neighbor set
2025-11-15 08:35:09 - 8_0.1_1 - INFO - => result | total 2,240 | correct 6 | acc 0.27% | err 99.73% | macro_f1 0.02%
2025-11-15 08:35:09 - 8_0.1_1 - INFO - Evaluate on the client7 local set
2025-11-15 08:35:11 - 8_0.1_1 - INFO - => result | total 234 | correct 0 | acc 0.00% | err 100.00% | macro_f1 0.00%
2025-11-15 08:35:11 - 8_0.1_1 - INFO - Evaluate on the client7 neighbor set
2025-11-15 08:35:29 - 8_0.1_1 - INFO - => result | total 2,229 | correct 15 | acc 0.67% | err 99.33% | macro_f1 0.04%
2025-11-15 08:35:29 - 8_0.1_1 - INFO - Evaluate on the client8 local set
2025-11-15 08:35:31 - 8_0.1_1 - INFO - => result | total 205 | correct 0 | acc 0.00% | err 100.00% | macro_f1 0.00%
2025-11-15 08:35:31 - 8_0.1_1 - INFO - Evaluate on the client8 neighbor set
2025-11-15 08:35:50 - 8_0.1_1 - INFO - => result | total 2,258 | correct 15 | acc 0.66% | err 99.34% | macro_f1 0.04%
2025-11-15 08:35:50 - 8_0.1_1 - INFO - Evaluate on the client9 local set
2025-11-15 08:35:52 - 8_0.1_1 - INFO - => result | total 319 | correct 0 | acc 0.00% | err 100.00% | macro_f1 0.00%
2025-11-15 08:35:52 - 8_0.1_1 - INFO - Evaluate on the client9 neighbor set
2025-11-15 08:36:09 - 8_0.1_1 - INFO - => result | total 2,144 | correct 14 | acc 0.65% | err 99.35% | macro_f1 0.04%
2025-11-15 08:36:09 - 8_0.1_1 - INFO - Global test local acc: 0.63
2025-11-15 08:36:09 - 8_0.1_1 - INFO - Global test neighbor acc: 0.63
2025-11-15 08:36:09 - 8_0.1_1 - INFO - ------------local test finish-------------
2025-11-15 08:36:09 - 8_0.1_1 - INFO - [Epoch 48/50] 测试耗时: 199.68s
2025-11-15 08:36:35 - 8_0.1_1 - INFO - [Epoch 49/50] 训练耗时: 25.48s | 平均训练准确率: 0.10
2025-11-15 08:36:35 - 8_0.1_1 - INFO - ------------local test start-------------
2025-11-15 08:36:35 - 8_0.1_1 - INFO - Evaluate on the client0 local set
2025-11-15 08:36:37 - 8_0.1_1 - INFO - => result | total 269 | correct 0 | acc 0.00% | err 100.00% | macro_f1 0.00%
2025-11-15 08:36:37 - 8_0.1_1 - INFO - Evaluate on the client0 neighbor set
2025-11-15 08:36:55 - 8_0.1_1 - INFO - => result | total 2,194 | correct 16 | acc 0.73% | err 99.27% | macro_f1 0.06%
2025-11-15 08:36:55 - 8_0.1_1 - INFO - Evaluate on the client1 local set
2025-11-15 08:36:58 - 8_0.1_1 - INFO - => result | total 339 | correct 0 | acc 0.00% | err 100.00% | macro_f1 0.00%
2025-11-15 08:36:58 - 8_0.1_1 - INFO - Evaluate on the client1 neighbor set
2025-11-15 08:37:15 - 8_0.1_1 - INFO - => result | total 2,124 | correct 16 | acc 0.75% | err 99.25% | macro_f1 0.07%
2025-11-15 08:37:15 - 8_0.1_1 - INFO - Evaluate on the client2 local set
2025-11-15 08:37:16 - 8_0.1_1 - INFO - => result | total 223 | correct 0 | acc 0.00% | err 100.00% | macro_f1 0.00%
2025-11-15 08:37:16 - 8_0.1_1 - INFO - Evaluate on the client2 neighbor set
2025-11-15 08:37:35 - 8_0.1_1 - INFO - => result | total 2,240 | correct 15 | acc 0.67% | err 99.33% | macro_f1 0.06%
2025-11-15 08:37:35 - 8_0.1_1 - INFO - Evaluate on the client3 local set
2025-11-15 08:37:37 - 8_0.1_1 - INFO - => result | total 211 | correct 0 | acc 0.00% | err 100.00% | macro_f1 0.00%
2025-11-15 08:37:37 - 8_0.1_1 - INFO - Evaluate on the client3 neighbor set
2025-11-15 08:37:55 - 8_0.1_1 - INFO - => result | total 2,252 | correct 15 | acc 0.67% | err 99.33% | macro_f1 0.06%
2025-11-15 08:37:55 - 8_0.1_1 - INFO - Evaluate on the client4 local set
2025-11-15 08:37:56 - 8_0.1_1 - INFO - => result | total 178 | correct 0 | acc 0.00% | err 100.00% | macro_f1 0.00%
2025-11-15 08:37:56 - 8_0.1_1 - INFO - Evaluate on the client4 neighbor set
2025-11-15 08:38:14 - 8_0.1_1 - INFO - => result | total 2,285 | correct 15 | acc 0.66% | err 99.34% | macro_f1 0.06%
2025-11-15 08:38:14 - 8_0.1_1 - INFO - Evaluate on the client5 local set
2025-11-15 08:38:16 - 8_0.1_1 - INFO - => result | total 262 | correct 6 | acc 2.29% | err 97.71% | macro_f1 1.30%
2025-11-15 08:38:16 - 8_0.1_1 - INFO - Evaluate on the client5 neighbor set
2025-11-15 08:38:34 - 8_0.1_1 - INFO - => result | total 2,201 | correct 8 | acc 0.36% | err 99.64% | macro_f1 0.03%
2025-11-15 08:38:34 - 8_0.1_1 - INFO - Evaluate on the client6 local set
2025-11-15 08:38:35 - 8_0.1_1 - INFO - => result | total 223 | correct 7 | acc 3.14% | err 96.86% | macro_f1 1.79%
2025-11-15 08:38:35 - 8_0.1_1 - INFO - Evaluate on the client6 neighbor set
2025-11-15 08:38:54 - 8_0.1_1 - INFO - => result | total 2,240 | correct 7 | acc 0.31% | err 99.69% | macro_f1 0.03%
2025-11-15 08:38:54 - 8_0.1_1 - INFO - Evaluate on the client7 local set
2025-11-15 08:38:55 - 8_0.1_1 - INFO - => result | total 234 | correct 0 | acc 0.00% | err 100.00% | macro_f1 0.00%
2025-11-15 08:38:55 - 8_0.1_1 - INFO - Evaluate on the client7 neighbor set
2025-11-15 08:39:13 - 8_0.1_1 - INFO - => result | total 2,229 | correct 13 | acc 0.58% | err 99.42% | macro_f1 0.04%
2025-11-15 08:39:13 - 8_0.1_1 - INFO - Evaluate on the client8 local set
2025-11-15 08:39:15 - 8_0.1_1 - INFO - => result | total 205 | correct 0 | acc 0.00% | err 100.00% | macro_f1 0.00%
2025-11-15 08:39:15 - 8_0.1_1 - INFO - Evaluate on the client8 neighbor set
2025-11-15 08:39:33 - 8_0.1_1 - INFO - => result | total 2,258 | correct 13 | acc 0.58% | err 99.42% | macro_f1 0.04%
2025-11-15 08:39:33 - 8_0.1_1 - INFO - Evaluate on the client9 local set
2025-11-15 08:39:36 - 8_0.1_1 - INFO - => result | total 319 | correct 0 | acc 0.00% | err 100.00% | macro_f1 0.00%
2025-11-15 08:39:36 - 8_0.1_1 - INFO - Evaluate on the client9 neighbor set
2025-11-15 08:39:54 - 8_0.1_1 - INFO - => result | total 2,144 | correct 13 | acc 0.61% | err 99.39% | macro_f1 0.04%
2025-11-15 08:39:54 - 8_0.1_1 - INFO - Global test local acc: 0.54
2025-11-15 08:39:54 - 8_0.1_1 - INFO - Global test neighbor acc: 0.59
2025-11-15 08:39:54 - 8_0.1_1 - INFO - ------------local test finish-------------
2025-11-15 08:39:54 - 8_0.1_1 - INFO - [Epoch 49/50] 测试耗时: 198.61s
2025-11-15 08:39:54 - 8_0.1_1 - INFO - [RDP-sepfpl] 轮次 50: ε=0.004113, std=4.872439
2025-11-15 08:40:20 - 8_0.1_1 - INFO - [Epoch 50/50] 训练耗时: 26.34s | 平均训练准确率: 0.03
2025-11-15 08:40:20 - 8_0.1_1 - INFO - ------------local test start-------------
2025-11-15 08:40:20 - 8_0.1_1 - INFO - Evaluate on the client0 local set
2025-11-15 08:40:22 - 8_0.1_1 - INFO - => result | total 269 | correct 0 | acc 0.00% | err 100.00% | macro_f1 0.00%
2025-11-15 08:40:22 - 8_0.1_1 - INFO - Evaluate on the client0 neighbor set
2025-11-15 08:40:40 - 8_0.1_1 - INFO - => result | total 2,194 | correct 18 | acc 0.82% | err 99.18% | macro_f1 0.05%
2025-11-15 08:40:40 - 8_0.1_1 - INFO - Evaluate on the client1 local set
2025-11-15 08:40:43 - 8_0.1_1 - INFO - => result | total 339 | correct 0 | acc 0.00% | err 100.00% | macro_f1 0.00%
2025-11-15 08:40:43 - 8_0.1_1 - INFO - Evaluate on the client1 neighbor set
2025-11-15 08:41:00 - 8_0.1_1 - INFO - => result | total 2,124 | correct 17 | acc 0.80% | err 99.20% | macro_f1 0.05%
2025-11-15 08:41:00 - 8_0.1_1 - INFO - Evaluate on the client2 local set
2025-11-15 08:41:02 - 8_0.1_1 - INFO - => result | total 223 | correct 0 | acc 0.00% | err 100.00% | macro_f1 0.00%
2025-11-15 08:41:02 - 8_0.1_1 - INFO - Evaluate on the client2 neighbor set
2025-11-15 08:41:20 - 8_0.1_1 - INFO - => result | total 2,240 | correct 17 | acc 0.76% | err 99.24% | macro_f1 0.04%
2025-11-15 08:41:20 - 8_0.1_1 - INFO - Evaluate on the client3 local set
2025-11-15 08:41:21 - 8_0.1_1 - INFO - => result | total 211 | correct 0 | acc 0.00% | err 100.00% | macro_f1 0.00%
2025-11-15 08:41:21 - 8_0.1_1 - INFO - Evaluate on the client3 neighbor set
2025-11-15 08:41:40 - 8_0.1_1 - INFO - => result | total 2,252 | correct 17 | acc 0.75% | err 99.25% | macro_f1 0.04%
2025-11-15 08:41:40 - 8_0.1_1 - INFO - Evaluate on the client4 local set
2025-11-15 08:41:41 - 8_0.1_1 - INFO - => result | total 178 | correct 0 | acc 0.00% | err 100.00% | macro_f1 0.00%
2025-11-15 08:41:41 - 8_0.1_1 - INFO - Evaluate on the client4 neighbor set
2025-11-15 08:41:59 - 8_0.1_1 - INFO - => result | total 2,285 | correct 17 | acc 0.74% | err 99.26% | macro_f1 0.04%
2025-11-15 08:41:59 - 8_0.1_1 - INFO - Evaluate on the client5 local set
2025-11-15 08:42:02 - 8_0.1_1 - INFO - => result | total 262 | correct 9 | acc 3.44% | err 96.56% | macro_f1 1.57%
2025-11-15 08:42:02 - 8_0.1_1 - INFO - Evaluate on the client5 neighbor set
2025-11-15 08:42:19 - 8_0.1_1 - INFO - => result | total 2,201 | correct 8 | acc 0.36% | err 99.64% | macro_f1 0.02%
2025-11-15 08:42:19 - 8_0.1_1 - INFO - Evaluate on the client6 local set
2025-11-15 08:42:21 - 8_0.1_1 - INFO - => result | total 223 | correct 8 | acc 3.59% | err 96.41% | macro_f1 2.32%
2025-11-15 08:42:21 - 8_0.1_1 - INFO - Evaluate on the client6 neighbor set
2025-11-15 08:42:39 - 8_0.1_1 - INFO - => result | total 2,240 | correct 9 | acc 0.40% | err 99.60% | macro_f1 0.02%
2025-11-15 08:42:39 - 8_0.1_1 - INFO - Evaluate on the client7 local set
2025-11-15 08:42:41 - 8_0.1_1 - INFO - => result | total 234 | correct 0 | acc 0.00% | err 100.00% | macro_f1 0.00%
2025-11-15 08:42:41 - 8_0.1_1 - INFO - Evaluate on the client7 neighbor set
2025-11-15 08:42:59 - 8_0.1_1 - INFO - => result | total 2,229 | correct 17 | acc 0.76% | err 99.24% | macro_f1 0.04%
2025-11-15 08:42:59 - 8_0.1_1 - INFO - Evaluate on the client8 local set
2025-11-15 08:43:01 - 8_0.1_1 - INFO - => result | total 205 | correct 0 | acc 0.00% | err 100.00% | macro_f1 0.00%
2025-11-15 08:43:01 - 8_0.1_1 - INFO - Evaluate on the client8 neighbor set
2025-11-15 08:43:19 - 8_0.1_1 - INFO - => result | total 2,258 | correct 17 | acc 0.75% | err 99.25% | macro_f1 0.04%
2025-11-15 08:43:19 - 8_0.1_1 - INFO - Evaluate on the client9 local set
2025-11-15 08:43:22 - 8_0.1_1 - INFO - => result | total 319 | correct 0 | acc 0.00% | err 100.00% | macro_f1 0.00%
2025-11-15 08:43:22 - 8_0.1_1 - INFO - Evaluate on the client9 neighbor set
2025-11-15 08:43:39 - 8_0.1_1 - INFO - => result | total 2,144 | correct 17 | acc 0.79% | err 99.21% | macro_f1 0.05%
2025-11-15 08:43:39 - 8_0.1_1 - INFO - Global test local acc: 0.70
2025-11-15 08:43:39 - 8_0.1_1 - INFO - Global test neighbor acc: 0.70
2025-11-15 08:43:39 - 8_0.1_1 - INFO - ------------local test finish-------------
2025-11-15 08:43:39 - 8_0.1_1 - INFO - [Epoch 50/50] 测试耗时: 198.98s
2025-11-15 08:43:39 - 8_0.1_1 - INFO - maximum test local acc: 0.754
2025-11-15 08:43:39 - 8_0.1_1 - INFO - mean of local acc: 0.659
2025-11-15 08:43:39 - 8_0.1_1 - INFO - maximum test neighbor acc: 0.700
2025-11-15 08:43:39 - 8_0.1_1 - INFO - mean of neighbor acc: 0.658
