2025-11-12 17:56:43 - 8_0.4_1 - INFO - 日志文件已创建: logs/caltech-101/promptfl/8_0.4_1_20251112_175643.log
2025-11-12 17:56:43 - 8_0.4_1 - INFO - Loading trainer: DP_FPL
2025-11-12 17:56:43 - 8_0.4_1 - INFO - Loading dataset: Caltech101
2025-11-12 17:56:43 - 8_0.4_1 - INFO - Reading split from /home/liuxin25/dataset/caltech-101/split_zhou_Caltech101.json
2025-11-12 17:56:43 - 8_0.4_1 - INFO - Creating a baseline federated dataset
2025-11-12 17:56:43 - 8_0.4_1 - INFO - class_num 100
2025-11-12 17:56:43 - 8_0.4_1 - INFO - user class dict total [20, 79, 93, 54, 52, 65, 0, 1, 48, 74]
2025-11-12 17:56:43 - 8_0.4_1 - INFO - idx: 0, output_dict_len: 673
2025-11-12 17:56:43 - 8_0.4_1 - INFO - user class dict total [44, 82, 35, 69, 91, 42, 33, 14, 5, 62]
2025-11-12 17:56:43 - 8_0.4_1 - INFO - idx: 1, output_dict_len: 296
2025-11-12 17:56:43 - 8_0.4_1 - INFO - user class dict total [32, 55, 96, 10, 21, 31, 90, 27, 28, 76]
2025-11-12 17:56:43 - 8_0.4_1 - INFO - idx: 2, output_dict_len: 251
2025-11-12 17:56:43 - 8_0.4_1 - INFO - user class dict total [80, 71, 66, 58, 23, 70, 60, 72, 17, 18]
2025-11-12 17:56:43 - 8_0.4_1 - INFO - idx: 3, output_dict_len: 275
2025-11-12 17:56:43 - 8_0.4_1 - INFO - user class dict total [45, 34, 11, 56, 84, 13, 41, 30, 24, 85]
2025-11-12 17:56:43 - 8_0.4_1 - INFO - idx: 4, output_dict_len: 369
2025-11-12 17:56:43 - 8_0.4_1 - INFO - user class dict total [51, 75, 37, 6, 53, 94, 95, 39, 47, 98]
2025-11-12 17:56:43 - 8_0.4_1 - INFO - idx: 5, output_dict_len: 265
2025-11-12 17:56:43 - 8_0.4_1 - INFO - user class dict total [36, 7, 50, 3, 63, 59, 9, 77, 64, 92]
2025-11-12 17:56:43 - 8_0.4_1 - INFO - idx: 6, output_dict_len: 286
2025-11-12 17:56:43 - 8_0.4_1 - INFO - user class dict total [86, 97, 61, 19, 25, 4, 16, 8, 46, 26]
2025-11-12 17:56:43 - 8_0.4_1 - INFO - idx: 7, output_dict_len: 675
2025-11-12 17:56:43 - 8_0.4_1 - INFO - user class dict total [2, 88, 29, 22, 87, 67, 68, 38, 83, 15]
2025-11-12 17:56:43 - 8_0.4_1 - INFO - idx: 8, output_dict_len: 695
2025-11-12 17:56:43 - 8_0.4_1 - INFO - user class dict total [12, 81, 43, 73, 78, 40, 99, 57, 89, 49]
2025-11-12 17:56:43 - 8_0.4_1 - INFO - idx: 9, output_dict_len: 343
2025-11-12 17:56:43 - 8_0.4_1 - INFO - Creating a baseline federated dataset
2025-11-12 17:56:43 - 8_0.4_1 - INFO - class_num 100
2025-11-12 17:56:43 - 8_0.4_1 - INFO - user class dict total [20, 79, 93, 54, 52, 65, 0, 1, 48, 74]
2025-11-12 17:56:43 - 8_0.4_1 - INFO - idx: 0, output_dict_len: 399
2025-11-12 17:56:43 - 8_0.4_1 - INFO - user class dict total [44, 82, 35, 69, 91, 42, 33, 14, 5, 62]
2025-11-12 17:56:43 - 8_0.4_1 - INFO - idx: 1, output_dict_len: 176
2025-11-12 17:56:43 - 8_0.4_1 - INFO - user class dict total [32, 55, 96, 10, 21, 31, 90, 27, 28, 76]
2025-11-12 17:56:43 - 8_0.4_1 - INFO - idx: 2, output_dict_len: 154
2025-11-12 17:56:43 - 8_0.4_1 - INFO - user class dict total [80, 71, 66, 58, 23, 70, 60, 72, 17, 18]
2025-11-12 17:56:43 - 8_0.4_1 - INFO - idx: 3, output_dict_len: 162
2025-11-12 17:56:43 - 8_0.4_1 - INFO - user class dict total [45, 34, 11, 56, 84, 13, 41, 30, 24, 85]
2025-11-12 17:56:43 - 8_0.4_1 - INFO - idx: 4, output_dict_len: 221
2025-11-12 17:56:43 - 8_0.4_1 - INFO - user class dict total [51, 75, 37, 6, 53, 94, 95, 39, 47, 98]
2025-11-12 17:56:43 - 8_0.4_1 - INFO - idx: 5, output_dict_len: 157
2025-11-12 17:56:43 - 8_0.4_1 - INFO - user class dict total [36, 7, 50, 3, 63, 59, 9, 77, 64, 92]
2025-11-12 17:56:43 - 8_0.4_1 - INFO - idx: 6, output_dict_len: 171
2025-11-12 17:56:43 - 8_0.4_1 - INFO - user class dict total [86, 97, 61, 19, 25, 4, 16, 8, 46, 26]
2025-11-12 17:56:43 - 8_0.4_1 - INFO - idx: 7, output_dict_len: 404
2025-11-12 17:56:43 - 8_0.4_1 - INFO - user class dict total [2, 88, 29, 22, 87, 67, 68, 38, 83, 15]
2025-11-12 17:56:43 - 8_0.4_1 - INFO - idx: 8, output_dict_len: 415
2025-11-12 17:56:43 - 8_0.4_1 - INFO - user class dict total [12, 81, 43, 73, 78, 40, 99, 57, 89, 49]
2025-11-12 17:56:43 - 8_0.4_1 - INFO - idx: 9, output_dict_len: 206
2025-11-12 17:56:43 - 8_0.4_1 - INFO - Loading CLIP (backbone: ViT-B/16)
2025-11-12 17:56:47 - 8_0.4_1 - INFO - Building custom CLIP
2025-11-12 17:56:47 - 8_0.4_1 - INFO - Turning off gradients in both the image and the text encoder
2025-11-12 17:57:02 - 8_0.4_1 - INFO - [Epoch 1/30] 训练耗时: 14.84s | 平均训练准确率: 54.33
2025-11-12 17:57:16 - 8_0.4_1 - INFO - [Epoch 2/30] 训练耗时: 14.19s | 平均训练准确率: 64.69
2025-11-12 17:57:29 - 8_0.4_1 - INFO - [Epoch 3/30] 训练耗时: 13.20s | 平均训练准确率: 73.79
2025-11-12 17:57:42 - 8_0.4_1 - INFO - [Epoch 4/30] 训练耗时: 13.14s | 平均训练准确率: 79.69
2025-11-12 17:57:55 - 8_0.4_1 - INFO - [Epoch 5/30] 训练耗时: 12.75s | 平均训练准确率: 81.21
2025-11-12 17:58:08 - 8_0.4_1 - INFO - [Epoch 6/30] 训练耗时: 13.41s | 平均训练准确率: 81.25
2025-11-12 17:58:22 - 8_0.4_1 - INFO - [Epoch 7/30] 训练耗时: 13.25s | 平均训练准确率: 83.21
2025-11-12 17:58:35 - 8_0.4_1 - INFO - [Epoch 8/30] 训练耗时: 13.51s | 平均训练准确率: 83.62
2025-11-12 17:58:49 - 8_0.4_1 - INFO - [Epoch 9/30] 训练耗时: 13.38s | 平均训练准确率: 83.88
2025-11-12 17:59:02 - 8_0.4_1 - INFO - [Epoch 10/30] 训练耗时: 13.31s | 平均训练准确率: 83.57
2025-11-12 17:59:14 - 8_0.4_1 - INFO - [Epoch 11/30] 训练耗时: 12.52s | 平均训练准确率: 83.62
2025-11-12 17:59:27 - 8_0.4_1 - INFO - [Epoch 12/30] 训练耗时: 12.90s | 平均训练准确率: 85.09
2025-11-12 17:59:40 - 8_0.4_1 - INFO - [Epoch 13/30] 训练耗时: 12.46s | 平均训练准确率: 84.46
2025-11-12 17:59:52 - 8_0.4_1 - INFO - [Epoch 14/30] 训练耗时: 12.24s | 平均训练准确率: 84.33
2025-11-12 18:00:05 - 8_0.4_1 - INFO - [Epoch 15/30] 训练耗时: 12.85s | 平均训练准确率: 84.33
2025-11-12 18:00:18 - 8_0.4_1 - INFO - [Epoch 16/30] 训练耗时: 13.14s | 平均训练准确率: 85.00
2025-11-12 18:00:32 - 8_0.4_1 - INFO - [Epoch 17/30] 训练耗时: 13.68s | 平均训练准确率: 83.88
2025-11-12 18:00:45 - 8_0.4_1 - INFO - [Epoch 18/30] 训练耗时: 13.12s | 平均训练准确率: 83.17
2025-11-12 18:00:58 - 8_0.4_1 - INFO - [Epoch 19/30] 训练耗时: 13.00s | 平均训练准确率: 84.91
2025-11-12 18:01:11 - 8_0.4_1 - INFO - [Epoch 20/30] 训练耗时: 13.35s | 平均训练准确率: 84.96
2025-11-12 18:01:24 - 8_0.4_1 - INFO - [Epoch 21/30] 训练耗时: 13.09s | 平均训练准确率: 85.22
2025-11-12 18:01:38 - 8_0.4_1 - INFO - [Epoch 22/30] 训练耗时: 13.32s | 平均训练准确率: 84.51
2025-11-12 18:01:51 - 8_0.4_1 - INFO - [Epoch 23/30] 训练耗时: 13.07s | 平均训练准确率: 85.04
2025-11-12 18:02:03 - 8_0.4_1 - INFO - [Epoch 24/30] 训练耗时: 12.72s | 平均训练准确率: 85.27
2025-11-12 18:02:16 - 8_0.4_1 - INFO - [Epoch 25/30] 训练耗时: 12.97s | 平均训练准确率: 83.93
2025-11-12 18:02:29 - 8_0.4_1 - INFO - [Epoch 26/30] 训练耗时: 12.99s | 平均训练准确率: 85.09
2025-11-12 18:02:42 - 8_0.4_1 - INFO - [Epoch 27/30] 训练耗时: 12.89s | 平均训练准确率: 84.24
2025-11-12 18:02:55 - 8_0.4_1 - INFO - [Epoch 28/30] 训练耗时: 12.82s | 平均训练准确率: 86.07
2025-11-12 18:02:55 - 8_0.4_1 - INFO - ------------local test start-------------
2025-11-12 18:02:55 - 8_0.4_1 - INFO - Evaluate on the client0 local set
2025-11-12 18:02:57 - 8_0.4_1 - INFO - => result | total 399 | correct 341 | acc 85.46% | err 14.54% | macro_f1 86.92%
2025-11-12 18:02:57 - 8_0.4_1 - INFO - Evaluate on the client0 neighbor set
2025-11-12 18:03:07 - 8_0.4_1 - INFO - => result | total 2,066 | correct 1,934 | acc 93.61% | err 6.39% | macro_f1 90.94%
2025-11-12 18:03:07 - 8_0.4_1 - INFO - Evaluate on the client1 local set
2025-11-12 18:03:08 - 8_0.4_1 - INFO - => result | total 176 | correct 171 | acc 97.16% | err 2.84% | macro_f1 98.17%
2025-11-12 18:03:08 - 8_0.4_1 - INFO - Evaluate on the client1 neighbor set
2025-11-12 18:03:20 - 8_0.4_1 - INFO - => result | total 2,289 | correct 2,105 | acc 91.96% | err 8.04% | macro_f1 89.68%
2025-11-12 18:03:20 - 8_0.4_1 - INFO - Evaluate on the client2 local set
2025-11-12 18:03:20 - 8_0.4_1 - INFO - => result | total 154 | correct 129 | acc 83.77% | err 16.23% | macro_f1 86.78%
2025-11-12 18:03:20 - 8_0.4_1 - INFO - Evaluate on the client2 neighbor set
2025-11-12 18:03:32 - 8_0.4_1 - INFO - => result | total 2,311 | correct 2,148 | acc 92.95% | err 7.05% | macro_f1 90.88%
2025-11-12 18:03:32 - 8_0.4_1 - INFO - Evaluate on the client3 local set
2025-11-12 18:03:32 - 8_0.4_1 - INFO - => result | total 162 | correct 154 | acc 95.06% | err 4.94% | macro_f1 96.22%
2025-11-12 18:03:32 - 8_0.4_1 - INFO - Evaluate on the client3 neighbor set
2025-11-12 18:03:44 - 8_0.4_1 - INFO - => result | total 2,303 | correct 2,121 | acc 92.10% | err 7.90% | macro_f1 90.20%
2025-11-12 18:03:44 - 8_0.4_1 - INFO - Evaluate on the client4 local set
2025-11-12 18:03:45 - 8_0.4_1 - INFO - => result | total 221 | correct 205 | acc 92.76% | err 7.24% | macro_f1 93.19%
2025-11-12 18:03:45 - 8_0.4_1 - INFO - Evaluate on the client4 neighbor set
2025-11-12 18:03:56 - 8_0.4_1 - INFO - => result | total 2,244 | correct 2,069 | acc 92.20% | err 7.80% | macro_f1 90.05%
2025-11-12 18:03:56 - 8_0.4_1 - INFO - Evaluate on the client5 local set
2025-11-12 18:03:57 - 8_0.4_1 - INFO - => result | total 157 | correct 147 | acc 93.63% | err 6.37% | macro_f1 96.10%
2025-11-12 18:03:57 - 8_0.4_1 - INFO - Evaluate on the client5 neighbor set
2025-11-12 18:04:09 - 8_0.4_1 - INFO - => result | total 2,308 | correct 2,129 | acc 92.24% | err 7.76% | macro_f1 90.00%
2025-11-12 18:04:09 - 8_0.4_1 - INFO - Evaluate on the client6 local set
2025-11-12 18:04:10 - 8_0.4_1 - INFO - => result | total 171 | correct 155 | acc 90.64% | err 9.36% | macro_f1 95.06%
2025-11-12 18:04:10 - 8_0.4_1 - INFO - Evaluate on the client6 neighbor set
2025-11-12 18:04:21 - 8_0.4_1 - INFO - => result | total 2,294 | correct 2,120 | acc 92.41% | err 7.59% | macro_f1 89.93%
2025-11-12 18:04:21 - 8_0.4_1 - INFO - Evaluate on the client7 local set
2025-11-12 18:04:23 - 8_0.4_1 - INFO - => result | total 404 | correct 383 | acc 94.80% | err 5.20% | macro_f1 91.62%
2025-11-12 18:04:23 - 8_0.4_1 - INFO - Evaluate on the client7 neighbor set
2025-11-12 18:04:34 - 8_0.4_1 - INFO - => result | total 2,061 | correct 1,892 | acc 91.80% | err 8.20% | macro_f1 90.48%
2025-11-12 18:04:34 - 8_0.4_1 - INFO - Evaluate on the client8 local set
2025-11-12 18:04:36 - 8_0.4_1 - INFO - => result | total 415 | correct 387 | acc 93.25% | err 6.75% | macro_f1 89.76%
2025-11-12 18:04:36 - 8_0.4_1 - INFO - Evaluate on the client8 neighbor set
2025-11-12 18:04:46 - 8_0.4_1 - INFO - => result | total 2,050 | correct 1,888 | acc 92.10% | err 7.90% | macro_f1 90.38%
2025-11-12 18:04:46 - 8_0.4_1 - INFO - Evaluate on the client9 local set
2025-11-12 18:04:47 - 8_0.4_1 - INFO - => result | total 206 | correct 201 | acc 97.57% | err 2.43% | macro_f1 97.94%
2025-11-12 18:04:47 - 8_0.4_1 - INFO - Evaluate on the client9 neighbor set
2025-11-12 18:04:58 - 8_0.4_1 - INFO - => result | total 2,259 | correct 2,074 | acc 91.81% | err 8.19% | macro_f1 90.04%
2025-11-12 18:04:58 - 8_0.4_1 - INFO - Global test local acc: 92.41
2025-11-12 18:04:58 - 8_0.4_1 - INFO - Global test neighbor acc: 92.32
2025-11-12 18:04:58 - 8_0.4_1 - INFO - ------------local test finish-------------
2025-11-12 18:04:58 - 8_0.4_1 - INFO - [Epoch 28/30] 测试耗时: 122.87s
2025-11-12 18:05:11 - 8_0.4_1 - INFO - [Epoch 29/30] 训练耗时: 13.09s | 平均训练准确率: 84.82
2025-11-12 18:05:11 - 8_0.4_1 - INFO - ------------local test start-------------
2025-11-12 18:05:11 - 8_0.4_1 - INFO - Evaluate on the client0 local set
2025-11-12 18:05:13 - 8_0.4_1 - INFO - => result | total 399 | correct 341 | acc 85.46% | err 14.54% | macro_f1 86.92%
2025-11-12 18:05:13 - 8_0.4_1 - INFO - Evaluate on the client0 neighbor set
2025-11-12 18:05:23 - 8_0.4_1 - INFO - => result | total 2,066 | correct 1,932 | acc 93.51% | err 6.49% | macro_f1 90.75%
2025-11-12 18:05:23 - 8_0.4_1 - INFO - Evaluate on the client1 local set
2025-11-12 18:05:24 - 8_0.4_1 - INFO - => result | total 176 | correct 169 | acc 96.02% | err 3.98% | macro_f1 96.85%
2025-11-12 18:05:24 - 8_0.4_1 - INFO - Evaluate on the client1 neighbor set
2025-11-12 18:05:35 - 8_0.4_1 - INFO - => result | total 2,289 | correct 2,104 | acc 91.92% | err 8.08% | macro_f1 89.63%
2025-11-12 18:05:35 - 8_0.4_1 - INFO - Evaluate on the client2 local set
2025-11-12 18:05:36 - 8_0.4_1 - INFO - => result | total 154 | correct 129 | acc 83.77% | err 16.23% | macro_f1 86.76%
2025-11-12 18:05:36 - 8_0.4_1 - INFO - Evaluate on the client2 neighbor set
2025-11-12 18:05:48 - 8_0.4_1 - INFO - => result | total 2,311 | correct 2,146 | acc 92.86% | err 7.14% | macro_f1 90.73%
2025-11-12 18:05:48 - 8_0.4_1 - INFO - Evaluate on the client3 local set
2025-11-12 18:05:49 - 8_0.4_1 - INFO - => result | total 162 | correct 154 | acc 95.06% | err 4.94% | macro_f1 96.04%
2025-11-12 18:05:49 - 8_0.4_1 - INFO - Evaluate on the client3 neighbor set
2025-11-12 18:06:03 - 8_0.4_1 - INFO - => result | total 2,303 | correct 2,119 | acc 92.01% | err 7.99% | macro_f1 90.04%
2025-11-12 18:06:03 - 8_0.4_1 - INFO - Evaluate on the client4 local set
2025-11-12 18:06:04 - 8_0.4_1 - INFO - => result | total 221 | correct 206 | acc 93.21% | err 6.79% | macro_f1 93.62%
2025-11-12 18:06:04 - 8_0.4_1 - INFO - Evaluate on the client4 neighbor set
2025-11-12 18:06:20 - 8_0.4_1 - INFO - => result | total 2,244 | correct 2,067 | acc 92.11% | err 7.89% | macro_f1 89.91%
2025-11-12 18:06:20 - 8_0.4_1 - INFO - Evaluate on the client5 local set
2025-11-12 18:06:21 - 8_0.4_1 - INFO - => result | total 157 | correct 148 | acc 94.27% | err 5.73% | macro_f1 96.62%
2025-11-12 18:06:21 - 8_0.4_1 - INFO - Evaluate on the client5 neighbor set
2025-11-12 18:06:38 - 8_0.4_1 - INFO - => result | total 2,308 | correct 2,124 | acc 92.03% | err 7.97% | macro_f1 89.67%
2025-11-12 18:06:38 - 8_0.4_1 - INFO - Evaluate on the client6 local set
2025-11-12 18:06:39 - 8_0.4_1 - INFO - => result | total 171 | correct 154 | acc 90.06% | err 9.94% | macro_f1 94.68%
2025-11-12 18:06:39 - 8_0.4_1 - INFO - Evaluate on the client6 neighbor set
2025-11-12 18:06:58 - 8_0.4_1 - INFO - => result | total 2,294 | correct 2,117 | acc 92.28% | err 7.72% | macro_f1 89.81%
2025-11-12 18:06:58 - 8_0.4_1 - INFO - Evaluate on the client7 local set
2025-11-12 18:07:01 - 8_0.4_1 - INFO - => result | total 404 | correct 383 | acc 94.80% | err 5.20% | macro_f1 91.62%
2025-11-12 18:07:01 - 8_0.4_1 - INFO - Evaluate on the client7 neighbor set
2025-11-12 18:07:16 - 8_0.4_1 - INFO - => result | total 2,061 | correct 1,888 | acc 91.61% | err 8.39% | macro_f1 90.29%
2025-11-12 18:07:16 - 8_0.4_1 - INFO - Evaluate on the client8 local set
2025-11-12 18:07:19 - 8_0.4_1 - INFO - => result | total 415 | correct 389 | acc 93.73% | err 6.27% | macro_f1 90.29%
2025-11-12 18:07:19 - 8_0.4_1 - INFO - Evaluate on the client8 neighbor set
2025-11-12 18:07:36 - 8_0.4_1 - INFO - => result | total 2,050 | correct 1,882 | acc 91.80% | err 8.20% | macro_f1 90.17%
2025-11-12 18:07:36 - 8_0.4_1 - INFO - Evaluate on the client9 local set
2025-11-12 18:07:37 - 8_0.4_1 - INFO - => result | total 206 | correct 201 | acc 97.57% | err 2.43% | macro_f1 97.94%
2025-11-12 18:07:37 - 8_0.4_1 - INFO - Evaluate on the client9 neighbor set
2025-11-12 18:07:56 - 8_0.4_1 - INFO - => result | total 2,259 | correct 2,070 | acc 91.63% | err 8.37% | macro_f1 89.81%
2025-11-12 18:07:56 - 8_0.4_1 - INFO - Global test local acc: 92.40
2025-11-12 18:07:56 - 8_0.4_1 - INFO - Global test neighbor acc: 92.18
2025-11-12 18:07:56 - 8_0.4_1 - INFO - ------------local test finish-------------
2025-11-12 18:07:56 - 8_0.4_1 - INFO - [Epoch 29/30] 测试耗时: 164.72s
2025-11-12 18:08:20 - 8_0.4_1 - INFO - [Epoch 30/30] 训练耗时: 24.71s | 平均训练准确率: 85.40
2025-11-12 18:08:20 - 8_0.4_1 - INFO - ------------local test start-------------
2025-11-12 18:08:20 - 8_0.4_1 - INFO - Evaluate on the client0 local set
2025-11-12 18:08:25 - 8_0.4_1 - INFO - => result | total 399 | correct 340 | acc 85.21% | err 14.79% | macro_f1 86.89%
2025-11-12 18:08:25 - 8_0.4_1 - INFO - Evaluate on the client0 neighbor set
2025-11-12 18:08:41 - 8_0.4_1 - INFO - => result | total 2,066 | correct 1,929 | acc 93.37% | err 6.63% | macro_f1 90.66%
2025-11-12 18:08:41 - 8_0.4_1 - INFO - Evaluate on the client1 local set
2025-11-12 18:08:42 - 8_0.4_1 - INFO - => result | total 176 | correct 169 | acc 96.02% | err 3.98% | macro_f1 97.09%
2025-11-12 18:08:42 - 8_0.4_1 - INFO - Evaluate on the client1 neighbor set
2025-11-12 18:09:01 - 8_0.4_1 - INFO - => result | total 2,289 | correct 2,101 | acc 91.79% | err 8.21% | macro_f1 89.49%
2025-11-12 18:09:01 - 8_0.4_1 - INFO - Evaluate on the client2 local set
2025-11-12 18:09:02 - 8_0.4_1 - INFO - => result | total 154 | correct 130 | acc 84.42% | err 15.58% | macro_f1 87.09%
2025-11-12 18:09:02 - 8_0.4_1 - INFO - Evaluate on the client2 neighbor set
2025-11-12 18:09:21 - 8_0.4_1 - INFO - => result | total 2,311 | correct 2,139 | acc 92.56% | err 7.44% | macro_f1 90.33%
2025-11-12 18:09:21 - 8_0.4_1 - INFO - Evaluate on the client3 local set
2025-11-12 18:09:22 - 8_0.4_1 - INFO - => result | total 162 | correct 153 | acc 94.44% | err 5.56% | macro_f1 95.82%
2025-11-12 18:09:22 - 8_0.4_1 - INFO - Evaluate on the client3 neighbor set
2025-11-12 18:09:39 - 8_0.4_1 - INFO - => result | total 2,303 | correct 2,117 | acc 91.92% | err 8.08% | macro_f1 89.98%
2025-11-12 18:09:39 - 8_0.4_1 - INFO - Evaluate on the client4 local set
2025-11-12 18:09:40 - 8_0.4_1 - INFO - => result | total 221 | correct 205 | acc 92.76% | err 7.24% | macro_f1 92.89%
2025-11-12 18:09:40 - 8_0.4_1 - INFO - Evaluate on the client4 neighbor set
2025-11-12 18:09:56 - 8_0.4_1 - INFO - => result | total 2,244 | correct 2,064 | acc 91.98% | err 8.02% | macro_f1 89.79%
2025-11-12 18:09:56 - 8_0.4_1 - INFO - Evaluate on the client5 local set
2025-11-12 18:09:57 - 8_0.4_1 - INFO - => result | total 157 | correct 147 | acc 93.63% | err 6.37% | macro_f1 96.10%
2025-11-12 18:09:57 - 8_0.4_1 - INFO - Evaluate on the client5 neighbor set
2025-11-12 18:10:13 - 8_0.4_1 - INFO - => result | total 2,308 | correct 2,123 | acc 91.98% | err 8.02% | macro_f1 89.66%
2025-11-12 18:10:13 - 8_0.4_1 - INFO - Evaluate on the client6 local set
2025-11-12 18:10:14 - 8_0.4_1 - INFO - => result | total 171 | correct 155 | acc 90.64% | err 9.36% | macro_f1 95.08%
2025-11-12 18:10:14 - 8_0.4_1 - INFO - Evaluate on the client6 neighbor set
2025-11-12 18:10:30 - 8_0.4_1 - INFO - => result | total 2,294 | correct 2,116 | acc 92.24% | err 7.76% | macro_f1 89.71%
2025-11-12 18:10:30 - 8_0.4_1 - INFO - Evaluate on the client7 local set
2025-11-12 18:10:33 - 8_0.4_1 - INFO - => result | total 404 | correct 383 | acc 94.80% | err 5.20% | macro_f1 91.62%
2025-11-12 18:10:33 - 8_0.4_1 - INFO - Evaluate on the client7 neighbor set
2025-11-12 18:10:47 - 8_0.4_1 - INFO - => result | total 2,061 | correct 1,888 | acc 91.61% | err 8.39% | macro_f1 90.24%
2025-11-12 18:10:47 - 8_0.4_1 - INFO - Evaluate on the client8 local set
2025-11-12 18:10:50 - 8_0.4_1 - INFO - => result | total 415 | correct 389 | acc 93.73% | err 6.27% | macro_f1 90.69%
2025-11-12 18:10:50 - 8_0.4_1 - INFO - Evaluate on the client8 neighbor set
2025-11-12 18:11:05 - 8_0.4_1 - INFO - => result | total 2,050 | correct 1,882 | acc 91.80% | err 8.20% | macro_f1 90.05%
2025-11-12 18:11:05 - 8_0.4_1 - INFO - Evaluate on the client9 local set
2025-11-12 18:11:07 - 8_0.4_1 - INFO - => result | total 206 | correct 201 | acc 97.57% | err 2.43% | macro_f1 97.94%
2025-11-12 18:11:07 - 8_0.4_1 - INFO - Evaluate on the client9 neighbor set
2025-11-12 18:11:18 - 8_0.4_1 - INFO - => result | total 2,259 | correct 2,071 | acc 91.68% | err 8.32% | macro_f1 89.87%
2025-11-12 18:11:18 - 8_0.4_1 - INFO - Global test local acc: 92.32
2025-11-12 18:11:18 - 8_0.4_1 - INFO - Global test neighbor acc: 92.09
2025-11-12 18:11:18 - 8_0.4_1 - INFO - ------------local test finish-------------
2025-11-12 18:11:18 - 8_0.4_1 - INFO - [Epoch 30/30] 测试耗时: 177.40s
2025-11-12 18:11:18 - 8_0.4_1 - INFO - maximum test local acc: 92.411
2025-11-12 18:11:18 - 8_0.4_1 - INFO - mean of local acc: 92.377
2025-11-12 18:11:18 - 8_0.4_1 - INFO - maximum test neighbor acc: 92.319
2025-11-12 18:11:18 - 8_0.4_1 - INFO - mean of neighbor acc: 92.196
