2025-11-12 20:54:20 - 8_0.01_1 - INFO - 日志文件已创建: logs/caltech-101/promptfl/8_0.01_1_20251112_205420.log
2025-11-12 20:54:20 - 8_0.01_1 - INFO - Loading trainer: DP_FPL
2025-11-12 20:54:20 - 8_0.01_1 - INFO - Loading dataset: Caltech101
2025-11-12 20:54:20 - 8_0.01_1 - INFO - Reading split from /home/liuxin25/dataset/caltech-101/split_zhou_Caltech101.json
2025-11-12 20:54:20 - 8_0.01_1 - INFO - Creating a baseline federated dataset
2025-11-12 20:54:20 - 8_0.01_1 - INFO - class_num 100
2025-11-12 20:54:20 - 8_0.01_1 - INFO - user class dict total [20, 79, 93, 54, 52, 65, 0, 1, 48, 74]
2025-11-12 20:54:20 - 8_0.01_1 - INFO - idx: 0, output_dict_len: 673
2025-11-12 20:54:20 - 8_0.01_1 - INFO - user class dict total [44, 82, 35, 69, 91, 42, 33, 14, 5, 62]
2025-11-12 20:54:20 - 8_0.01_1 - INFO - idx: 1, output_dict_len: 296
2025-11-12 20:54:20 - 8_0.01_1 - INFO - user class dict total [32, 55, 96, 10, 21, 31, 90, 27, 28, 76]
2025-11-12 20:54:20 - 8_0.01_1 - INFO - idx: 2, output_dict_len: 251
2025-11-12 20:54:20 - 8_0.01_1 - INFO - user class dict total [80, 71, 66, 58, 23, 70, 60, 72, 17, 18]
2025-11-12 20:54:20 - 8_0.01_1 - INFO - idx: 3, output_dict_len: 275
2025-11-12 20:54:20 - 8_0.01_1 - INFO - user class dict total [45, 34, 11, 56, 84, 13, 41, 30, 24, 85]
2025-11-12 20:54:20 - 8_0.01_1 - INFO - idx: 4, output_dict_len: 369
2025-11-12 20:54:20 - 8_0.01_1 - INFO - user class dict total [51, 75, 37, 6, 53, 94, 95, 39, 47, 98]
2025-11-12 20:54:20 - 8_0.01_1 - INFO - idx: 5, output_dict_len: 265
2025-11-12 20:54:20 - 8_0.01_1 - INFO - user class dict total [36, 7, 50, 3, 63, 59, 9, 77, 64, 92]
2025-11-12 20:54:20 - 8_0.01_1 - INFO - idx: 6, output_dict_len: 286
2025-11-12 20:54:20 - 8_0.01_1 - INFO - user class dict total [86, 97, 61, 19, 25, 4, 16, 8, 46, 26]
2025-11-12 20:54:20 - 8_0.01_1 - INFO - idx: 7, output_dict_len: 675
2025-11-12 20:54:20 - 8_0.01_1 - INFO - user class dict total [2, 88, 29, 22, 87, 67, 68, 38, 83, 15]
2025-11-12 20:54:20 - 8_0.01_1 - INFO - idx: 8, output_dict_len: 695
2025-11-12 20:54:20 - 8_0.01_1 - INFO - user class dict total [12, 81, 43, 73, 78, 40, 99, 57, 89, 49]
2025-11-12 20:54:20 - 8_0.01_1 - INFO - idx: 9, output_dict_len: 343
2025-11-12 20:54:20 - 8_0.01_1 - INFO - Creating a baseline federated dataset
2025-11-12 20:54:20 - 8_0.01_1 - INFO - class_num 100
2025-11-12 20:54:20 - 8_0.01_1 - INFO - user class dict total [20, 79, 93, 54, 52, 65, 0, 1, 48, 74]
2025-11-12 20:54:20 - 8_0.01_1 - INFO - idx: 0, output_dict_len: 399
2025-11-12 20:54:20 - 8_0.01_1 - INFO - user class dict total [44, 82, 35, 69, 91, 42, 33, 14, 5, 62]
2025-11-12 20:54:20 - 8_0.01_1 - INFO - idx: 1, output_dict_len: 176
2025-11-12 20:54:20 - 8_0.01_1 - INFO - user class dict total [32, 55, 96, 10, 21, 31, 90, 27, 28, 76]
2025-11-12 20:54:20 - 8_0.01_1 - INFO - idx: 2, output_dict_len: 154
2025-11-12 20:54:20 - 8_0.01_1 - INFO - user class dict total [80, 71, 66, 58, 23, 70, 60, 72, 17, 18]
2025-11-12 20:54:20 - 8_0.01_1 - INFO - idx: 3, output_dict_len: 162
2025-11-12 20:54:20 - 8_0.01_1 - INFO - user class dict total [45, 34, 11, 56, 84, 13, 41, 30, 24, 85]
2025-11-12 20:54:20 - 8_0.01_1 - INFO - idx: 4, output_dict_len: 221
2025-11-12 20:54:20 - 8_0.01_1 - INFO - user class dict total [51, 75, 37, 6, 53, 94, 95, 39, 47, 98]
2025-11-12 20:54:20 - 8_0.01_1 - INFO - idx: 5, output_dict_len: 157
2025-11-12 20:54:20 - 8_0.01_1 - INFO - user class dict total [36, 7, 50, 3, 63, 59, 9, 77, 64, 92]
2025-11-12 20:54:20 - 8_0.01_1 - INFO - idx: 6, output_dict_len: 171
2025-11-12 20:54:20 - 8_0.01_1 - INFO - user class dict total [86, 97, 61, 19, 25, 4, 16, 8, 46, 26]
2025-11-12 20:54:20 - 8_0.01_1 - INFO - idx: 7, output_dict_len: 404
2025-11-12 20:54:20 - 8_0.01_1 - INFO - user class dict total [2, 88, 29, 22, 87, 67, 68, 38, 83, 15]
2025-11-12 20:54:20 - 8_0.01_1 - INFO - idx: 8, output_dict_len: 415
2025-11-12 20:54:20 - 8_0.01_1 - INFO - user class dict total [12, 81, 43, 73, 78, 40, 99, 57, 89, 49]
2025-11-12 20:54:20 - 8_0.01_1 - INFO - idx: 9, output_dict_len: 206
2025-11-12 20:54:20 - 8_0.01_1 - INFO - Loading CLIP (backbone: ViT-B/16)
2025-11-12 20:54:24 - 8_0.01_1 - INFO - Building custom CLIP
2025-11-12 20:54:24 - 8_0.01_1 - INFO - Turning off gradients in both the image and the text encoder
2025-11-12 20:54:46 - 8_0.01_1 - INFO - [Epoch 1/30] 训练耗时: 21.30s | 平均训练准确率: 54.33
2025-11-12 20:55:07 - 8_0.01_1 - INFO - [Epoch 2/30] 训练耗时: 21.60s | 平均训练准确率: 63.84
2025-11-12 20:55:35 - 8_0.01_1 - INFO - [Epoch 3/30] 训练耗时: 27.96s | 平均训练准确率: 68.66
2025-11-12 20:55:57 - 8_0.01_1 - INFO - [Epoch 4/30] 训练耗时: 22.04s | 平均训练准确率: 70.80
2025-11-12 20:56:18 - 8_0.01_1 - INFO - [Epoch 5/30] 训练耗时: 20.64s | 平均训练准确率: 72.99
2025-11-12 20:56:40 - 8_0.01_1 - INFO - [Epoch 6/30] 训练耗时: 22.50s | 平均训练准确率: 71.88
2025-11-12 20:57:00 - 8_0.01_1 - INFO - [Epoch 7/30] 训练耗时: 20.08s | 平均训练准确率: 72.59
2025-11-12 20:57:23 - 8_0.01_1 - INFO - [Epoch 8/30] 训练耗时: 22.12s | 平均训练准确率: 73.17
2025-11-12 20:57:40 - 8_0.01_1 - INFO - [Epoch 9/30] 训练耗时: 17.39s | 平均训练准确率: 72.63
2025-11-12 20:57:57 - 8_0.01_1 - INFO - [Epoch 10/30] 训练耗时: 17.42s | 平均训练准确率: 73.48
2025-11-12 20:58:14 - 8_0.01_1 - INFO - [Epoch 11/30] 训练耗时: 16.76s | 平均训练准确率: 72.05
2025-11-12 20:58:35 - 8_0.01_1 - INFO - [Epoch 12/30] 训练耗时: 21.24s | 平均训练准确率: 73.35
2025-11-12 20:59:00 - 8_0.01_1 - INFO - [Epoch 13/30] 训练耗时: 24.20s | 平均训练准确率: 75.04
2025-11-12 20:59:24 - 8_0.01_1 - INFO - [Epoch 14/30] 训练耗时: 23.97s | 平均训练准确率: 73.39
2025-11-12 20:59:48 - 8_0.01_1 - INFO - [Epoch 15/30] 训练耗时: 24.17s | 平均训练准确率: 72.50
2025-11-12 21:00:05 - 8_0.01_1 - INFO - [Epoch 16/30] 训练耗时: 17.57s | 平均训练准确率: 73.79
2025-11-12 21:00:23 - 8_0.01_1 - INFO - [Epoch 17/30] 训练耗时: 17.50s | 平均训练准确率: 72.32
2025-11-12 21:00:40 - 8_0.01_1 - INFO - [Epoch 18/30] 训练耗时: 17.53s | 平均训练准确率: 71.38
2025-11-12 21:00:57 - 8_0.01_1 - INFO - [Epoch 19/30] 训练耗时: 17.10s | 平均训练准确率: 72.14
2025-11-12 21:01:15 - 8_0.01_1 - INFO - [Epoch 20/30] 训练耗时: 17.27s | 平均训练准确率: 71.16
2025-11-12 21:01:34 - 8_0.01_1 - INFO - [Epoch 21/30] 训练耗时: 19.07s | 平均训练准确率: 71.03
2025-11-12 21:01:53 - 8_0.01_1 - INFO - [Epoch 22/30] 训练耗时: 18.92s | 平均训练准确率: 72.01
2025-11-12 21:02:15 - 8_0.01_1 - INFO - [Epoch 23/30] 训练耗时: 22.61s | 平均训练准确率: 75.71
2025-11-12 21:02:37 - 8_0.01_1 - INFO - [Epoch 24/30] 训练耗时: 21.83s | 平均训练准确率: 76.52
2025-11-12 21:03:00 - 8_0.01_1 - INFO - [Epoch 25/30] 训练耗时: 22.46s | 平均训练准确率: 76.83
2025-11-12 21:03:17 - 8_0.01_1 - INFO - [Epoch 26/30] 训练耗时: 17.49s | 平均训练准确率: 78.12
2025-11-12 21:03:39 - 8_0.01_1 - INFO - [Epoch 27/30] 训练耗时: 22.27s | 平均训练准确率: 77.68
2025-11-12 21:04:02 - 8_0.01_1 - INFO - [Epoch 28/30] 训练耗时: 22.67s | 平均训练准确率: 78.84
2025-11-12 21:04:02 - 8_0.01_1 - INFO - ------------local test start-------------
2025-11-12 21:04:02 - 8_0.01_1 - INFO - Evaluate on the client0 local set
2025-11-12 21:04:05 - 8_0.01_1 - INFO - => result | total 399 | correct 284 | acc 71.18% | err 28.82% | macro_f1 83.26%
2025-11-12 21:04:05 - 8_0.01_1 - INFO - Evaluate on the client0 neighbor set
2025-11-12 21:04:20 - 8_0.01_1 - INFO - => result | total 2,066 | correct 1,887 | acc 91.34% | err 8.66% | macro_f1 86.92%
2025-11-12 21:04:20 - 8_0.01_1 - INFO - Evaluate on the client1 local set
2025-11-12 21:04:22 - 8_0.01_1 - INFO - => result | total 176 | correct 166 | acc 94.32% | err 5.68% | macro_f1 95.52%
2025-11-12 21:04:22 - 8_0.01_1 - INFO - Evaluate on the client1 neighbor set
2025-11-12 21:04:36 - 8_0.01_1 - INFO - => result | total 2,289 | correct 2,006 | acc 87.64% | err 12.36% | macro_f1 84.36%
2025-11-12 21:04:36 - 8_0.01_1 - INFO - Evaluate on the client2 local set
2025-11-12 21:04:37 - 8_0.01_1 - INFO - => result | total 154 | correct 127 | acc 82.47% | err 17.53% | macro_f1 86.83%
2025-11-12 21:04:37 - 8_0.01_1 - INFO - Evaluate on the client2 neighbor set
2025-11-12 21:04:51 - 8_0.01_1 - INFO - => result | total 2,311 | correct 2,047 | acc 88.58% | err 11.42% | macro_f1 85.63%
2025-11-12 21:04:51 - 8_0.01_1 - INFO - Evaluate on the client3 local set
2025-11-12 21:04:52 - 8_0.01_1 - INFO - => result | total 162 | correct 140 | acc 86.42% | err 13.58% | macro_f1 86.48%
2025-11-12 21:04:52 - 8_0.01_1 - INFO - Evaluate on the client3 neighbor set
2025-11-12 21:05:10 - 8_0.01_1 - INFO - => result | total 2,303 | correct 2,036 | acc 88.41% | err 11.59% | macro_f1 85.74%
2025-11-12 21:05:10 - 8_0.01_1 - INFO - Evaluate on the client4 local set
2025-11-12 21:05:12 - 8_0.01_1 - INFO - => result | total 221 | correct 206 | acc 93.21% | err 6.79% | macro_f1 92.99%
2025-11-12 21:05:12 - 8_0.01_1 - INFO - Evaluate on the client4 neighbor set
2025-11-12 21:05:26 - 8_0.01_1 - INFO - => result | total 2,244 | correct 1,970 | acc 87.79% | err 12.21% | macro_f1 84.75%
2025-11-12 21:05:26 - 8_0.01_1 - INFO - Evaluate on the client5 local set
2025-11-12 21:05:27 - 8_0.01_1 - INFO - => result | total 157 | correct 149 | acc 94.90% | err 5.10% | macro_f1 96.74%
2025-11-12 21:05:27 - 8_0.01_1 - INFO - Evaluate on the client5 neighbor set
2025-11-12 21:05:42 - 8_0.01_1 - INFO - => result | total 2,308 | correct 2,028 | acc 87.87% | err 12.13% | macro_f1 84.50%
2025-11-12 21:05:42 - 8_0.01_1 - INFO - Evaluate on the client6 local set
2025-11-12 21:05:44 - 8_0.01_1 - INFO - => result | total 171 | correct 152 | acc 88.89% | err 11.11% | macro_f1 92.93%
2025-11-12 21:05:44 - 8_0.01_1 - INFO - Evaluate on the client6 neighbor set
2025-11-12 21:05:59 - 8_0.01_1 - INFO - => result | total 2,294 | correct 2,026 | acc 88.32% | err 11.68% | macro_f1 84.82%
2025-11-12 21:05:59 - 8_0.01_1 - INFO - Evaluate on the client7 local set
2025-11-12 21:06:02 - 8_0.01_1 - INFO - => result | total 404 | correct 372 | acc 92.08% | err 7.92% | macro_f1 90.08%
2025-11-12 21:06:02 - 8_0.01_1 - INFO - Evaluate on the client7 neighbor set
2025-11-12 21:06:15 - 8_0.01_1 - INFO - => result | total 2,061 | correct 1,803 | acc 87.48% | err 12.52% | macro_f1 85.32%
2025-11-12 21:06:15 - 8_0.01_1 - INFO - Evaluate on the client8 local set
2025-11-12 21:06:18 - 8_0.01_1 - INFO - => result | total 415 | correct 385 | acc 92.77% | err 7.23% | macro_f1 89.05%
2025-11-12 21:06:18 - 8_0.01_1 - INFO - Evaluate on the client8 neighbor set
2025-11-12 21:06:30 - 8_0.01_1 - INFO - => result | total 2,050 | correct 1,791 | acc 87.37% | err 12.63% | macro_f1 84.98%
2025-11-12 21:06:30 - 8_0.01_1 - INFO - Evaluate on the client9 local set
2025-11-12 21:06:31 - 8_0.01_1 - INFO - => result | total 206 | correct 190 | acc 92.23% | err 7.77% | macro_f1 88.38%
2025-11-12 21:06:31 - 8_0.01_1 - INFO - Evaluate on the client9 neighbor set
2025-11-12 21:06:45 - 8_0.01_1 - INFO - => result | total 2,259 | correct 1,985 | acc 87.87% | err 12.13% | macro_f1 86.16%
2025-11-12 21:06:45 - 8_0.01_1 - INFO - Global test local acc: 88.85
2025-11-12 21:06:45 - 8_0.01_1 - INFO - Global test neighbor acc: 88.26
2025-11-12 21:06:45 - 8_0.01_1 - INFO - ------------local test finish-------------
2025-11-12 21:06:45 - 8_0.01_1 - INFO - [Epoch 28/30] 测试耗时: 162.63s
2025-11-12 21:07:01 - 8_0.01_1 - INFO - [Epoch 29/30] 训练耗时: 16.26s | 平均训练准确率: 77.81
2025-11-12 21:07:01 - 8_0.01_1 - INFO - ------------local test start-------------
2025-11-12 21:07:01 - 8_0.01_1 - INFO - Evaluate on the client0 local set
2025-11-12 21:07:04 - 8_0.01_1 - INFO - => result | total 399 | correct 302 | acc 75.69% | err 24.31% | macro_f1 85.01%
2025-11-12 21:07:04 - 8_0.01_1 - INFO - Evaluate on the client0 neighbor set
2025-11-12 21:07:17 - 8_0.01_1 - INFO - => result | total 2,066 | correct 1,859 | acc 89.98% | err 10.02% | macro_f1 85.40%
2025-11-12 21:07:17 - 8_0.01_1 - INFO - Evaluate on the client1 local set
2025-11-12 21:07:18 - 8_0.01_1 - INFO - => result | total 176 | correct 163 | acc 92.61% | err 7.39% | macro_f1 93.62%
2025-11-12 21:07:18 - 8_0.01_1 - INFO - Evaluate on the client1 neighbor set
2025-11-12 21:07:32 - 8_0.01_1 - INFO - => result | total 2,289 | correct 2,001 | acc 87.42% | err 12.58% | macro_f1 83.37%
2025-11-12 21:07:32 - 8_0.01_1 - INFO - Evaluate on the client2 local set
2025-11-12 21:07:33 - 8_0.01_1 - INFO - => result | total 154 | correct 120 | acc 77.92% | err 22.08% | macro_f1 83.29%
2025-11-12 21:07:33 - 8_0.01_1 - INFO - Evaluate on the client2 neighbor set
2025-11-12 21:07:48 - 8_0.01_1 - INFO - => result | total 2,311 | correct 2,049 | acc 88.66% | err 11.34% | macro_f1 85.00%
2025-11-12 21:07:48 - 8_0.01_1 - INFO - Evaluate on the client3 local set
2025-11-12 21:07:49 - 8_0.01_1 - INFO - => result | total 162 | correct 135 | acc 83.33% | err 16.67% | macro_f1 81.50%
2025-11-12 21:07:49 - 8_0.01_1 - INFO - Evaluate on the client3 neighbor set
2025-11-12 21:08:04 - 8_0.01_1 - INFO - => result | total 2,303 | correct 2,033 | acc 88.28% | err 11.72% | macro_f1 85.33%
2025-11-12 21:08:04 - 8_0.01_1 - INFO - Evaluate on the client4 local set
2025-11-12 21:08:05 - 8_0.01_1 - INFO - => result | total 221 | correct 209 | acc 94.57% | err 5.43% | macro_f1 94.56%
2025-11-12 21:08:05 - 8_0.01_1 - INFO - Evaluate on the client4 neighbor set
2025-11-12 21:08:19 - 8_0.01_1 - INFO - => result | total 2,244 | correct 1,960 | acc 87.34% | err 12.66% | macro_f1 83.33%
2025-11-12 21:08:19 - 8_0.01_1 - INFO - Evaluate on the client5 local set
2025-11-12 21:08:20 - 8_0.01_1 - INFO - => result | total 157 | correct 147 | acc 93.63% | err 6.37% | macro_f1 96.59%
2025-11-12 21:08:20 - 8_0.01_1 - INFO - Evaluate on the client5 neighbor set
2025-11-12 21:08:36 - 8_0.01_1 - INFO - => result | total 2,308 | correct 2,021 | acc 87.56% | err 12.44% | macro_f1 83.09%
2025-11-12 21:08:36 - 8_0.01_1 - INFO - Evaluate on the client6 local set
2025-11-12 21:08:37 - 8_0.01_1 - INFO - => result | total 171 | correct 152 | acc 88.89% | err 11.11% | macro_f1 91.98%
2025-11-12 21:08:37 - 8_0.01_1 - INFO - Evaluate on the client6 neighbor set
2025-11-12 21:08:50 - 8_0.01_1 - INFO - => result | total 2,294 | correct 2,013 | acc 87.75% | err 12.25% | macro_f1 83.62%
2025-11-12 21:08:50 - 8_0.01_1 - INFO - Evaluate on the client7 local set
2025-11-12 21:08:53 - 8_0.01_1 - INFO - => result | total 404 | correct 365 | acc 90.35% | err 9.65% | macro_f1 89.66%
2025-11-12 21:08:53 - 8_0.01_1 - INFO - Evaluate on the client7 neighbor set
2025-11-12 21:09:05 - 8_0.01_1 - INFO - => result | total 2,061 | correct 1,801 | acc 87.38% | err 12.62% | macro_f1 84.29%
2025-11-12 21:09:05 - 8_0.01_1 - INFO - Evaluate on the client8 local set
2025-11-12 21:09:07 - 8_0.01_1 - INFO - => result | total 415 | correct 377 | acc 90.84% | err 9.16% | macro_f1 84.61%
2025-11-12 21:09:07 - 8_0.01_1 - INFO - Evaluate on the client8 neighbor set
2025-11-12 21:09:20 - 8_0.01_1 - INFO - => result | total 2,050 | correct 1,791 | acc 87.37% | err 12.63% | macro_f1 84.34%
2025-11-12 21:09:20 - 8_0.01_1 - INFO - Evaluate on the client9 local set
2025-11-12 21:09:21 - 8_0.01_1 - INFO - => result | total 206 | correct 190 | acc 92.23% | err 7.77% | macro_f1 93.45%
2025-11-12 21:09:21 - 8_0.01_1 - INFO - Evaluate on the client9 neighbor set
2025-11-12 21:09:36 - 8_0.01_1 - INFO - => result | total 2,259 | correct 1,976 | acc 87.47% | err 12.53% | macro_f1 83.97%
2025-11-12 21:09:36 - 8_0.01_1 - INFO - Global test local acc: 88.01
2025-11-12 21:09:36 - 8_0.01_1 - INFO - Global test neighbor acc: 87.92
2025-11-12 21:09:36 - 8_0.01_1 - INFO - ------------local test finish-------------
2025-11-12 21:09:36 - 8_0.01_1 - INFO - [Epoch 29/30] 测试耗时: 154.63s
2025-11-12 21:09:52 - 8_0.01_1 - INFO - [Epoch 30/30] 训练耗时: 16.51s | 平均训练准确率: 79.24
2025-11-12 21:09:52 - 8_0.01_1 - INFO - ------------local test start-------------
2025-11-12 21:09:52 - 8_0.01_1 - INFO - Evaluate on the client0 local set
2025-11-12 21:09:55 - 8_0.01_1 - INFO - => result | total 399 | correct 312 | acc 78.20% | err 21.80% | macro_f1 85.36%
2025-11-12 21:09:55 - 8_0.01_1 - INFO - Evaluate on the client0 neighbor set
2025-11-12 21:10:08 - 8_0.01_1 - INFO - => result | total 2,066 | correct 1,876 | acc 90.80% | err 9.20% | macro_f1 86.40%
2025-11-12 21:10:08 - 8_0.01_1 - INFO - Evaluate on the client1 local set
2025-11-12 21:10:09 - 8_0.01_1 - INFO - => result | total 176 | correct 164 | acc 93.18% | err 6.82% | macro_f1 94.31%
2025-11-12 21:10:09 - 8_0.01_1 - INFO - Evaluate on the client1 neighbor set
2025-11-12 21:10:26 - 8_0.01_1 - INFO - => result | total 2,289 | correct 2,028 | acc 88.60% | err 11.40% | macro_f1 84.75%
2025-11-12 21:10:26 - 8_0.01_1 - INFO - Evaluate on the client2 local set
2025-11-12 21:10:27 - 8_0.01_1 - INFO - => result | total 154 | correct 126 | acc 81.82% | err 18.18% | macro_f1 85.56%
2025-11-12 21:10:27 - 8_0.01_1 - INFO - Evaluate on the client2 neighbor set
2025-11-12 21:10:43 - 8_0.01_1 - INFO - => result | total 2,311 | correct 2,068 | acc 89.49% | err 10.51% | macro_f1 85.68%
2025-11-12 21:10:43 - 8_0.01_1 - INFO - Evaluate on the client3 local set
2025-11-12 21:10:44 - 8_0.01_1 - INFO - => result | total 162 | correct 132 | acc 81.48% | err 18.52% | macro_f1 81.07%
2025-11-12 21:10:44 - 8_0.01_1 - INFO - Evaluate on the client3 neighbor set
2025-11-12 21:10:58 - 8_0.01_1 - INFO - => result | total 2,303 | correct 2,060 | acc 89.45% | err 10.55% | macro_f1 86.68%
2025-11-12 21:10:58 - 8_0.01_1 - INFO - Evaluate on the client4 local set
2025-11-12 21:10:59 - 8_0.01_1 - INFO - => result | total 221 | correct 203 | acc 91.86% | err 8.14% | macro_f1 91.50%
2025-11-12 21:10:59 - 8_0.01_1 - INFO - Evaluate on the client4 neighbor set
2025-11-12 21:11:14 - 8_0.01_1 - INFO - => result | total 2,244 | correct 1,987 | acc 88.55% | err 11.45% | macro_f1 84.74%
2025-11-12 21:11:14 - 8_0.01_1 - INFO - Evaluate on the client5 local set
2025-11-12 21:11:15 - 8_0.01_1 - INFO - => result | total 157 | correct 148 | acc 94.27% | err 5.73% | macro_f1 96.59%
2025-11-12 21:11:15 - 8_0.01_1 - INFO - Evaluate on the client5 neighbor set
2025-11-12 21:11:29 - 8_0.01_1 - INFO - => result | total 2,308 | correct 2,045 | acc 88.60% | err 11.40% | macro_f1 84.34%
2025-11-12 21:11:29 - 8_0.01_1 - INFO - Evaluate on the client6 local set
2025-11-12 21:11:30 - 8_0.01_1 - INFO - => result | total 171 | correct 151 | acc 88.30% | err 11.70% | macro_f1 93.13%
2025-11-12 21:11:30 - 8_0.01_1 - INFO - Evaluate on the client6 neighbor set
2025-11-12 21:11:45 - 8_0.01_1 - INFO - => result | total 2,294 | correct 2,041 | acc 88.97% | err 11.03% | macro_f1 84.72%
2025-11-12 21:11:45 - 8_0.01_1 - INFO - Evaluate on the client7 local set
2025-11-12 21:11:48 - 8_0.01_1 - INFO - => result | total 404 | correct 371 | acc 91.83% | err 8.17% | macro_f1 90.32%
2025-11-12 21:11:48 - 8_0.01_1 - INFO - Evaluate on the client7 neighbor set
2025-11-12 21:12:01 - 8_0.01_1 - INFO - => result | total 2,061 | correct 1,822 | acc 88.40% | err 11.60% | macro_f1 85.10%
2025-11-12 21:12:01 - 8_0.01_1 - INFO - Evaluate on the client8 local set
2025-11-12 21:12:03 - 8_0.01_1 - INFO - => result | total 415 | correct 386 | acc 93.01% | err 6.99% | macro_f1 87.67%
2025-11-12 21:12:03 - 8_0.01_1 - INFO - Evaluate on the client8 neighbor set
2025-11-12 21:12:15 - 8_0.01_1 - INFO - => result | total 2,050 | correct 1,807 | acc 88.15% | err 11.85% | macro_f1 85.00%
2025-11-12 21:12:15 - 8_0.01_1 - INFO - Evaluate on the client9 local set
2025-11-12 21:12:16 - 8_0.01_1 - INFO - => result | total 206 | correct 195 | acc 94.66% | err 5.34% | macro_f1 93.55%
2025-11-12 21:12:16 - 8_0.01_1 - INFO - Evaluate on the client9 neighbor set
2025-11-12 21:12:34 - 8_0.01_1 - INFO - => result | total 2,259 | correct 1,999 | acc 88.49% | err 11.51% | macro_f1 85.10%
2025-11-12 21:12:34 - 8_0.01_1 - INFO - Global test local acc: 88.86
2025-11-12 21:12:34 - 8_0.01_1 - INFO - Global test neighbor acc: 88.95
2025-11-12 21:12:34 - 8_0.01_1 - INFO - ------------local test finish-------------
2025-11-12 21:12:34 - 8_0.01_1 - INFO - [Epoch 30/30] 测试耗时: 161.91s
2025-11-12 21:12:34 - 8_0.01_1 - INFO - maximum test local acc: 88.861
2025-11-12 21:12:34 - 8_0.01_1 - INFO - mean of local acc: 88.572
2025-11-12 21:12:34 - 8_0.01_1 - INFO - maximum test neighbor acc: 88.950
2025-11-12 21:12:34 - 8_0.01_1 - INFO - mean of neighbor acc: 88.379
