2025-11-12 19:36:43 - 8_0.2_1 - INFO - 日志文件已创建: logs/caltech-101/promptfl/8_0.2_1_20251112_193643.log
2025-11-12 19:36:43 - 8_0.2_1 - INFO - Loading trainer: DP_FPL
2025-11-12 19:36:43 - 8_0.2_1 - INFO - Loading dataset: Caltech101
2025-11-12 19:36:43 - 8_0.2_1 - INFO - Reading split from /home/liuxin25/dataset/caltech-101/split_zhou_Caltech101.json
2025-11-12 19:36:43 - 8_0.2_1 - INFO - Creating a baseline federated dataset
2025-11-12 19:36:43 - 8_0.2_1 - INFO - class_num 100
2025-11-12 19:36:43 - 8_0.2_1 - INFO - user class dict total [20, 79, 93, 54, 52, 65, 0, 1, 48, 74]
2025-11-12 19:36:43 - 8_0.2_1 - INFO - idx: 0, output_dict_len: 673
2025-11-12 19:36:43 - 8_0.2_1 - INFO - user class dict total [44, 82, 35, 69, 91, 42, 33, 14, 5, 62]
2025-11-12 19:36:43 - 8_0.2_1 - INFO - idx: 1, output_dict_len: 296
2025-11-12 19:36:43 - 8_0.2_1 - INFO - user class dict total [32, 55, 96, 10, 21, 31, 90, 27, 28, 76]
2025-11-12 19:36:43 - 8_0.2_1 - INFO - idx: 2, output_dict_len: 251
2025-11-12 19:36:43 - 8_0.2_1 - INFO - user class dict total [80, 71, 66, 58, 23, 70, 60, 72, 17, 18]
2025-11-12 19:36:43 - 8_0.2_1 - INFO - idx: 3, output_dict_len: 275
2025-11-12 19:36:43 - 8_0.2_1 - INFO - user class dict total [45, 34, 11, 56, 84, 13, 41, 30, 24, 85]
2025-11-12 19:36:43 - 8_0.2_1 - INFO - idx: 4, output_dict_len: 369
2025-11-12 19:36:43 - 8_0.2_1 - INFO - user class dict total [51, 75, 37, 6, 53, 94, 95, 39, 47, 98]
2025-11-12 19:36:43 - 8_0.2_1 - INFO - idx: 5, output_dict_len: 265
2025-11-12 19:36:43 - 8_0.2_1 - INFO - user class dict total [36, 7, 50, 3, 63, 59, 9, 77, 64, 92]
2025-11-12 19:36:43 - 8_0.2_1 - INFO - idx: 6, output_dict_len: 286
2025-11-12 19:36:43 - 8_0.2_1 - INFO - user class dict total [86, 97, 61, 19, 25, 4, 16, 8, 46, 26]
2025-11-12 19:36:43 - 8_0.2_1 - INFO - idx: 7, output_dict_len: 675
2025-11-12 19:36:43 - 8_0.2_1 - INFO - user class dict total [2, 88, 29, 22, 87, 67, 68, 38, 83, 15]
2025-11-12 19:36:43 - 8_0.2_1 - INFO - idx: 8, output_dict_len: 695
2025-11-12 19:36:43 - 8_0.2_1 - INFO - user class dict total [12, 81, 43, 73, 78, 40, 99, 57, 89, 49]
2025-11-12 19:36:43 - 8_0.2_1 - INFO - idx: 9, output_dict_len: 343
2025-11-12 19:36:43 - 8_0.2_1 - INFO - Creating a baseline federated dataset
2025-11-12 19:36:43 - 8_0.2_1 - INFO - class_num 100
2025-11-12 19:36:43 - 8_0.2_1 - INFO - user class dict total [20, 79, 93, 54, 52, 65, 0, 1, 48, 74]
2025-11-12 19:36:43 - 8_0.2_1 - INFO - idx: 0, output_dict_len: 399
2025-11-12 19:36:43 - 8_0.2_1 - INFO - user class dict total [44, 82, 35, 69, 91, 42, 33, 14, 5, 62]
2025-11-12 19:36:43 - 8_0.2_1 - INFO - idx: 1, output_dict_len: 176
2025-11-12 19:36:43 - 8_0.2_1 - INFO - user class dict total [32, 55, 96, 10, 21, 31, 90, 27, 28, 76]
2025-11-12 19:36:43 - 8_0.2_1 - INFO - idx: 2, output_dict_len: 154
2025-11-12 19:36:43 - 8_0.2_1 - INFO - user class dict total [80, 71, 66, 58, 23, 70, 60, 72, 17, 18]
2025-11-12 19:36:43 - 8_0.2_1 - INFO - idx: 3, output_dict_len: 162
2025-11-12 19:36:43 - 8_0.2_1 - INFO - user class dict total [45, 34, 11, 56, 84, 13, 41, 30, 24, 85]
2025-11-12 19:36:43 - 8_0.2_1 - INFO - idx: 4, output_dict_len: 221
2025-11-12 19:36:43 - 8_0.2_1 - INFO - user class dict total [51, 75, 37, 6, 53, 94, 95, 39, 47, 98]
2025-11-12 19:36:43 - 8_0.2_1 - INFO - idx: 5, output_dict_len: 157
2025-11-12 19:36:43 - 8_0.2_1 - INFO - user class dict total [36, 7, 50, 3, 63, 59, 9, 77, 64, 92]
2025-11-12 19:36:43 - 8_0.2_1 - INFO - idx: 6, output_dict_len: 171
2025-11-12 19:36:43 - 8_0.2_1 - INFO - user class dict total [86, 97, 61, 19, 25, 4, 16, 8, 46, 26]
2025-11-12 19:36:43 - 8_0.2_1 - INFO - idx: 7, output_dict_len: 404
2025-11-12 19:36:43 - 8_0.2_1 - INFO - user class dict total [2, 88, 29, 22, 87, 67, 68, 38, 83, 15]
2025-11-12 19:36:43 - 8_0.2_1 - INFO - idx: 8, output_dict_len: 415
2025-11-12 19:36:43 - 8_0.2_1 - INFO - user class dict total [12, 81, 43, 73, 78, 40, 99, 57, 89, 49]
2025-11-12 19:36:43 - 8_0.2_1 - INFO - idx: 9, output_dict_len: 206
2025-11-12 19:36:43 - 8_0.2_1 - INFO - Loading CLIP (backbone: ViT-B/16)
2025-11-12 19:36:46 - 8_0.2_1 - INFO - Building custom CLIP
2025-11-12 19:36:46 - 8_0.2_1 - INFO - Turning off gradients in both the image and the text encoder
2025-11-12 19:37:07 - 8_0.2_1 - INFO - [Epoch 1/30] 训练耗时: 21.06s | 平均训练准确率: 54.33
2025-11-12 19:37:28 - 8_0.2_1 - INFO - [Epoch 2/30] 训练耗时: 20.40s | 平均训练准确率: 64.60
2025-11-12 19:37:48 - 8_0.2_1 - INFO - [Epoch 3/30] 训练耗时: 20.34s | 平均训练准确率: 73.04
2025-11-12 19:38:08 - 8_0.2_1 - INFO - [Epoch 4/30] 训练耗时: 20.24s | 平均训练准确率: 78.71
2025-11-12 19:38:28 - 8_0.2_1 - INFO - [Epoch 5/30] 训练耗时: 19.82s | 平均训练准确率: 80.22
2025-11-12 19:38:48 - 8_0.2_1 - INFO - [Epoch 6/30] 训练耗时: 20.06s | 平均训练准确率: 80.80
2025-11-12 19:39:08 - 8_0.2_1 - INFO - [Epoch 7/30] 训练耗时: 19.99s | 平均训练准确率: 82.95
2025-11-12 19:39:29 - 8_0.2_1 - INFO - [Epoch 8/30] 训练耗时: 20.66s | 平均训练准确率: 83.08
2025-11-12 19:39:49 - 8_0.2_1 - INFO - [Epoch 9/30] 训练耗时: 20.61s | 平均训练准确率: 83.53
2025-11-12 19:40:12 - 8_0.2_1 - INFO - [Epoch 10/30] 训练耗时: 22.14s | 平均训练准确率: 83.21
2025-11-12 19:40:31 - 8_0.2_1 - INFO - [Epoch 11/30] 训练耗时: 19.46s | 平均训练准确率: 83.08
2025-11-12 19:40:51 - 8_0.2_1 - INFO - [Epoch 12/30] 训练耗时: 20.21s | 平均训练准确率: 84.11
2025-11-12 19:41:11 - 8_0.2_1 - INFO - [Epoch 13/30] 训练耗时: 19.79s | 平均训练准确率: 84.15
2025-11-12 19:41:32 - 8_0.2_1 - INFO - [Epoch 14/30] 训练耗时: 20.60s | 平均训练准确率: 83.48
2025-11-12 19:41:52 - 8_0.2_1 - INFO - [Epoch 15/30] 训练耗时: 19.97s | 平均训练准确率: 83.48
2025-11-12 19:42:11 - 8_0.2_1 - INFO - [Epoch 16/30] 训练耗时: 19.63s | 平均训练准确率: 83.88
2025-11-12 19:42:31 - 8_0.2_1 - INFO - [Epoch 17/30] 训练耗时: 19.52s | 平均训练准确率: 83.48
2025-11-12 19:42:51 - 8_0.2_1 - INFO - [Epoch 18/30] 训练耗时: 19.94s | 平均训练准确率: 82.86
2025-11-12 19:43:12 - 8_0.2_1 - INFO - [Epoch 19/30] 训练耗时: 21.12s | 平均训练准确率: 84.46
2025-11-12 19:43:32 - 8_0.2_1 - INFO - [Epoch 20/30] 训练耗时: 19.83s | 平均训练准确率: 83.88
2025-11-12 19:43:51 - 8_0.2_1 - INFO - [Epoch 21/30] 训练耗时: 19.41s | 平均训练准确率: 84.64
2025-11-12 19:44:11 - 8_0.2_1 - INFO - [Epoch 22/30] 训练耗时: 19.47s | 平均训练准确率: 83.57
2025-11-12 19:44:30 - 8_0.2_1 - INFO - [Epoch 23/30] 训练耗时: 19.88s | 平均训练准确率: 84.29
2025-11-12 19:44:51 - 8_0.2_1 - INFO - [Epoch 24/30] 训练耗时: 20.22s | 平均训练准确率: 84.69
2025-11-12 19:45:11 - 8_0.2_1 - INFO - [Epoch 25/30] 训练耗时: 19.88s | 平均训练准确率: 83.97
2025-11-12 19:45:30 - 8_0.2_1 - INFO - [Epoch 26/30] 训练耗时: 19.76s | 平均训练准确率: 84.11
2025-11-12 19:45:51 - 8_0.2_1 - INFO - [Epoch 27/30] 训练耗时: 20.31s | 平均训练准确率: 83.79
2025-11-12 19:46:11 - 8_0.2_1 - INFO - [Epoch 28/30] 训练耗时: 20.04s | 平均训练准确率: 85.04
2025-11-12 19:46:11 - 8_0.2_1 - INFO - ------------local test start-------------
2025-11-12 19:46:11 - 8_0.2_1 - INFO - Evaluate on the client0 local set
2025-11-12 19:46:14 - 8_0.2_1 - INFO - => result | total 399 | correct 343 | acc 85.96% | err 14.04% | macro_f1 87.20%
2025-11-12 19:46:14 - 8_0.2_1 - INFO - Evaluate on the client0 neighbor set
2025-11-12 19:46:32 - 8_0.2_1 - INFO - => result | total 2,066 | correct 1,927 | acc 93.27% | err 6.73% | macro_f1 90.68%
2025-11-12 19:46:32 - 8_0.2_1 - INFO - Evaluate on the client1 local set
2025-11-12 19:46:33 - 8_0.2_1 - INFO - => result | total 176 | correct 169 | acc 96.02% | err 3.98% | macro_f1 97.14%
2025-11-12 19:46:33 - 8_0.2_1 - INFO - Evaluate on the client1 neighbor set
2025-11-12 19:46:50 - 8_0.2_1 - INFO - => result | total 2,289 | correct 2,101 | acc 91.79% | err 8.21% | macro_f1 89.37%
2025-11-12 19:46:50 - 8_0.2_1 - INFO - Evaluate on the client2 local set
2025-11-12 19:46:51 - 8_0.2_1 - INFO - => result | total 154 | correct 125 | acc 81.17% | err 18.83% | macro_f1 85.32%
2025-11-12 19:46:51 - 8_0.2_1 - INFO - Evaluate on the client2 neighbor set
2025-11-12 19:47:10 - 8_0.2_1 - INFO - => result | total 2,311 | correct 2,145 | acc 92.82% | err 7.18% | macro_f1 90.65%
2025-11-12 19:47:10 - 8_0.2_1 - INFO - Evaluate on the client3 local set
2025-11-12 19:47:12 - 8_0.2_1 - INFO - => result | total 162 | correct 153 | acc 94.44% | err 5.56% | macro_f1 95.44%
2025-11-12 19:47:12 - 8_0.2_1 - INFO - Evaluate on the client3 neighbor set
2025-11-12 19:47:31 - 8_0.2_1 - INFO - => result | total 2,303 | correct 2,118 | acc 91.97% | err 8.03% | macro_f1 89.83%
2025-11-12 19:47:31 - 8_0.2_1 - INFO - Evaluate on the client4 local set
2025-11-12 19:47:33 - 8_0.2_1 - INFO - => result | total 221 | correct 207 | acc 93.67% | err 6.33% | macro_f1 94.29%
2025-11-12 19:47:33 - 8_0.2_1 - INFO - Evaluate on the client4 neighbor set
2025-11-12 19:47:50 - 8_0.2_1 - INFO - => result | total 2,244 | correct 2,065 | acc 92.02% | err 7.98% | macro_f1 89.67%
2025-11-12 19:47:50 - 8_0.2_1 - INFO - Evaluate on the client5 local set
2025-11-12 19:47:52 - 8_0.2_1 - INFO - => result | total 157 | correct 148 | acc 94.27% | err 5.73% | macro_f1 96.57%
2025-11-12 19:47:52 - 8_0.2_1 - INFO - Evaluate on the client5 neighbor set
2025-11-12 19:48:10 - 8_0.2_1 - INFO - => result | total 2,308 | correct 2,124 | acc 92.03% | err 7.97% | macro_f1 89.54%
2025-11-12 19:48:10 - 8_0.2_1 - INFO - Evaluate on the client6 local set
2025-11-12 19:48:12 - 8_0.2_1 - INFO - => result | total 171 | correct 154 | acc 90.06% | err 9.94% | macro_f1 94.63%
2025-11-12 19:48:12 - 8_0.2_1 - INFO - Evaluate on the client6 neighbor set
2025-11-12 19:48:33 - 8_0.2_1 - INFO - => result | total 2,294 | correct 2,117 | acc 92.28% | err 7.72% | macro_f1 89.65%
2025-11-12 19:48:33 - 8_0.2_1 - INFO - Evaluate on the client7 local set
2025-11-12 19:48:36 - 8_0.2_1 - INFO - => result | total 404 | correct 384 | acc 95.05% | err 4.95% | macro_f1 92.46%
2025-11-12 19:48:36 - 8_0.2_1 - INFO - Evaluate on the client7 neighbor set
2025-11-12 19:48:52 - 8_0.2_1 - INFO - => result | total 2,061 | correct 1,885 | acc 91.46% | err 8.54% | macro_f1 90.07%
2025-11-12 19:48:52 - 8_0.2_1 - INFO - Evaluate on the client8 local set
2025-11-12 19:48:55 - 8_0.2_1 - INFO - => result | total 415 | correct 387 | acc 93.25% | err 6.75% | macro_f1 89.99%
2025-11-12 19:48:55 - 8_0.2_1 - INFO - Evaluate on the client8 neighbor set
2025-11-12 19:49:12 - 8_0.2_1 - INFO - => result | total 2,050 | correct 1,882 | acc 91.80% | err 8.20% | macro_f1 89.97%
2025-11-12 19:49:12 - 8_0.2_1 - INFO - Evaluate on the client9 local set
2025-11-12 19:49:14 - 8_0.2_1 - INFO - => result | total 206 | correct 201 | acc 97.57% | err 2.43% | macro_f1 98.47%
2025-11-12 19:49:14 - 8_0.2_1 - INFO - Evaluate on the client9 neighbor set
2025-11-12 19:49:30 - 8_0.2_1 - INFO - => result | total 2,259 | correct 2,067 | acc 91.50% | err 8.50% | macro_f1 89.51%
2025-11-12 19:49:30 - 8_0.2_1 - INFO - Global test local acc: 92.15
2025-11-12 19:49:30 - 8_0.2_1 - INFO - Global test neighbor acc: 92.09
2025-11-12 19:49:30 - 8_0.2_1 - INFO - ------------local test finish-------------
2025-11-12 19:49:30 - 8_0.2_1 - INFO - [Epoch 28/30] 测试耗时: 199.17s
2025-11-12 19:49:49 - 8_0.2_1 - INFO - [Epoch 29/30] 训练耗时: 19.14s | 平均训练准确率: 83.97
2025-11-12 19:49:49 - 8_0.2_1 - INFO - ------------local test start-------------
2025-11-12 19:49:49 - 8_0.2_1 - INFO - Evaluate on the client0 local set
2025-11-12 19:49:52 - 8_0.2_1 - INFO - => result | total 399 | correct 334 | acc 83.71% | err 16.29% | macro_f1 86.47%
2025-11-12 19:49:52 - 8_0.2_1 - INFO - Evaluate on the client0 neighbor set
2025-11-12 19:50:07 - 8_0.2_1 - INFO - => result | total 2,066 | correct 1,927 | acc 93.27% | err 6.73% | macro_f1 90.56%
2025-11-12 19:50:07 - 8_0.2_1 - INFO - Evaluate on the client1 local set
2025-11-12 19:50:09 - 8_0.2_1 - INFO - => result | total 176 | correct 169 | acc 96.02% | err 3.98% | macro_f1 97.14%
2025-11-12 19:50:09 - 8_0.2_1 - INFO - Evaluate on the client1 neighbor set
2025-11-12 19:50:32 - 8_0.2_1 - INFO - => result | total 2,289 | correct 2,091 | acc 91.35% | err 8.65% | macro_f1 89.06%
2025-11-12 19:50:32 - 8_0.2_1 - INFO - Evaluate on the client2 local set
2025-11-12 19:50:33 - 8_0.2_1 - INFO - => result | total 154 | correct 122 | acc 79.22% | err 20.78% | macro_f1 83.59%
2025-11-12 19:50:33 - 8_0.2_1 - INFO - Evaluate on the client2 neighbor set
2025-11-12 19:50:52 - 8_0.2_1 - INFO - => result | total 2,311 | correct 2,138 | acc 92.51% | err 7.49% | macro_f1 90.54%
2025-11-12 19:50:52 - 8_0.2_1 - INFO - Evaluate on the client3 local set
2025-11-12 19:50:53 - 8_0.2_1 - INFO - => result | total 162 | correct 155 | acc 95.68% | err 4.32% | macro_f1 96.43%
2025-11-12 19:50:53 - 8_0.2_1 - INFO - Evaluate on the client3 neighbor set
2025-11-12 19:51:12 - 8_0.2_1 - INFO - => result | total 2,303 | correct 2,105 | acc 91.40% | err 8.60% | macro_f1 89.37%
2025-11-12 19:51:12 - 8_0.2_1 - INFO - Evaluate on the client4 local set
2025-11-12 19:51:14 - 8_0.2_1 - INFO - => result | total 221 | correct 206 | acc 93.21% | err 6.79% | macro_f1 93.62%
2025-11-12 19:51:14 - 8_0.2_1 - INFO - Evaluate on the client4 neighbor set
2025-11-12 19:51:30 - 8_0.2_1 - INFO - => result | total 2,244 | correct 2,055 | acc 91.58% | err 8.42% | macro_f1 89.37%
2025-11-12 19:51:30 - 8_0.2_1 - INFO - Evaluate on the client5 local set
2025-11-12 19:51:31 - 8_0.2_1 - INFO - => result | total 157 | correct 148 | acc 94.27% | err 5.73% | macro_f1 96.57%
2025-11-12 19:51:31 - 8_0.2_1 - INFO - Evaluate on the client5 neighbor set
2025-11-12 19:51:50 - 8_0.2_1 - INFO - => result | total 2,308 | correct 2,112 | acc 91.51% | err 8.49% | macro_f1 89.19%
2025-11-12 19:51:50 - 8_0.2_1 - INFO - Evaluate on the client6 local set
2025-11-12 19:51:51 - 8_0.2_1 - INFO - => result | total 171 | correct 151 | acc 88.30% | err 11.70% | macro_f1 93.38%
2025-11-12 19:51:51 - 8_0.2_1 - INFO - Evaluate on the client6 neighbor set
2025-11-12 19:52:09 - 8_0.2_1 - INFO - => result | total 2,294 | correct 2,110 | acc 91.98% | err 8.02% | macro_f1 89.60%
2025-11-12 19:52:09 - 8_0.2_1 - INFO - Evaluate on the client7 local set
2025-11-12 19:52:13 - 8_0.2_1 - INFO - => result | total 404 | correct 384 | acc 95.05% | err 4.95% | macro_f1 92.35%
2025-11-12 19:52:13 - 8_0.2_1 - INFO - Evaluate on the client7 neighbor set
2025-11-12 19:52:28 - 8_0.2_1 - INFO - => result | total 2,061 | correct 1,880 | acc 91.22% | err 8.78% | macro_f1 90.12%
2025-11-12 19:52:28 - 8_0.2_1 - INFO - Evaluate on the client8 local set
2025-11-12 19:52:31 - 8_0.2_1 - INFO - => result | total 415 | correct 391 | acc 94.22% | err 5.78% | macro_f1 91.66%
2025-11-12 19:52:31 - 8_0.2_1 - INFO - Evaluate on the client8 neighbor set
2025-11-12 19:52:45 - 8_0.2_1 - INFO - => result | total 2,050 | correct 1,873 | acc 91.37% | err 8.63% | macro_f1 89.75%
2025-11-12 19:52:45 - 8_0.2_1 - INFO - Evaluate on the client9 local set
2025-11-12 19:52:47 - 8_0.2_1 - INFO - => result | total 206 | correct 200 | acc 97.09% | err 2.91% | macro_f1 98.24%
2025-11-12 19:52:47 - 8_0.2_1 - INFO - Evaluate on the client9 neighbor set
2025-11-12 19:53:07 - 8_0.2_1 - INFO - => result | total 2,259 | correct 2,065 | acc 91.41% | err 8.59% | macro_f1 89.74%
2025-11-12 19:53:07 - 8_0.2_1 - INFO - Global test local acc: 91.68
2025-11-12 19:53:07 - 8_0.2_1 - INFO - Global test neighbor acc: 91.76
2025-11-12 19:53:07 - 8_0.2_1 - INFO - ------------local test finish-------------
2025-11-12 19:53:07 - 8_0.2_1 - INFO - [Epoch 29/30] 测试耗时: 197.55s
2025-11-12 19:53:26 - 8_0.2_1 - INFO - [Epoch 30/30] 训练耗时: 19.18s | 平均训练准确率: 85.76
2025-11-12 19:53:26 - 8_0.2_1 - INFO - ------------local test start-------------
2025-11-12 19:53:26 - 8_0.2_1 - INFO - Evaluate on the client0 local set
2025-11-12 19:53:30 - 8_0.2_1 - INFO - => result | total 399 | correct 331 | acc 82.96% | err 17.04% | macro_f1 86.50%
2025-11-12 19:53:30 - 8_0.2_1 - INFO - Evaluate on the client0 neighbor set
2025-11-12 19:53:45 - 8_0.2_1 - INFO - => result | total 2,066 | correct 1,936 | acc 93.71% | err 6.29% | macro_f1 91.18%
2025-11-12 19:53:45 - 8_0.2_1 - INFO - Evaluate on the client1 local set
2025-11-12 19:53:47 - 8_0.2_1 - INFO - => result | total 176 | correct 169 | acc 96.02% | err 3.98% | macro_f1 97.39%
2025-11-12 19:53:47 - 8_0.2_1 - INFO - Evaluate on the client1 neighbor set
2025-11-12 19:54:03 - 8_0.2_1 - INFO - => result | total 2,289 | correct 2,098 | acc 91.66% | err 8.34% | macro_f1 89.84%
2025-11-12 19:54:03 - 8_0.2_1 - INFO - Evaluate on the client2 local set
2025-11-12 19:54:04 - 8_0.2_1 - INFO - => result | total 154 | correct 126 | acc 81.82% | err 18.18% | macro_f1 85.73%
2025-11-12 19:54:04 - 8_0.2_1 - INFO - Evaluate on the client2 neighbor set
2025-11-12 19:54:22 - 8_0.2_1 - INFO - => result | total 2,311 | correct 2,143 | acc 92.73% | err 7.27% | macro_f1 91.08%
2025-11-12 19:54:22 - 8_0.2_1 - INFO - Evaluate on the client3 local set
2025-11-12 19:54:23 - 8_0.2_1 - INFO - => result | total 162 | correct 155 | acc 95.68% | err 4.32% | macro_f1 96.43%
2025-11-12 19:54:23 - 8_0.2_1 - INFO - Evaluate on the client3 neighbor set
2025-11-12 19:54:41 - 8_0.2_1 - INFO - => result | total 2,303 | correct 2,113 | acc 91.75% | err 8.25% | macro_f1 90.07%
2025-11-12 19:54:41 - 8_0.2_1 - INFO - Evaluate on the client4 local set
2025-11-12 19:54:43 - 8_0.2_1 - INFO - => result | total 221 | correct 206 | acc 93.21% | err 6.79% | macro_f1 93.62%
2025-11-12 19:54:43 - 8_0.2_1 - INFO - Evaluate on the client4 neighbor set
2025-11-12 19:55:01 - 8_0.2_1 - INFO - => result | total 2,244 | correct 2,061 | acc 91.84% | err 8.16% | macro_f1 89.92%
2025-11-12 19:55:01 - 8_0.2_1 - INFO - Evaluate on the client5 local set
2025-11-12 19:55:02 - 8_0.2_1 - INFO - => result | total 157 | correct 148 | acc 94.27% | err 5.73% | macro_f1 96.27%
2025-11-12 19:55:02 - 8_0.2_1 - INFO - Evaluate on the client5 neighbor set
2025-11-12 19:55:20 - 8_0.2_1 - INFO - => result | total 2,308 | correct 2,119 | acc 91.81% | err 8.19% | macro_f1 89.86%
2025-11-12 19:55:20 - 8_0.2_1 - INFO - Evaluate on the client6 local set
2025-11-12 19:55:21 - 8_0.2_1 - INFO - => result | total 171 | correct 150 | acc 87.72% | err 12.28% | macro_f1 92.71%
2025-11-12 19:55:21 - 8_0.2_1 - INFO - Evaluate on the client6 neighbor set
2025-11-12 19:55:37 - 8_0.2_1 - INFO - => result | total 2,294 | correct 2,118 | acc 92.33% | err 7.67% | macro_f1 90.38%
2025-11-12 19:55:37 - 8_0.2_1 - INFO - Evaluate on the client7 local set
2025-11-12 19:55:40 - 8_0.2_1 - INFO - => result | total 404 | correct 387 | acc 95.79% | err 4.21% | macro_f1 93.74%
2025-11-12 19:55:40 - 8_0.2_1 - INFO - Evaluate on the client7 neighbor set
2025-11-12 19:55:55 - 8_0.2_1 - INFO - => result | total 2,061 | correct 1,879 | acc 91.17% | err 8.83% | macro_f1 90.28%
2025-11-12 19:55:55 - 8_0.2_1 - INFO - Evaluate on the client8 local set
2025-11-12 19:55:58 - 8_0.2_1 - INFO - => result | total 415 | correct 394 | acc 94.94% | err 5.06% | macro_f1 93.38%
2025-11-12 19:55:58 - 8_0.2_1 - INFO - Evaluate on the client8 neighbor set
2025-11-12 19:56:14 - 8_0.2_1 - INFO - => result | total 2,050 | correct 1,872 | acc 91.32% | err 8.68% | macro_f1 89.87%
2025-11-12 19:56:14 - 8_0.2_1 - INFO - Evaluate on the client9 local set
2025-11-12 19:56:16 - 8_0.2_1 - INFO - => result | total 206 | correct 201 | acc 97.57% | err 2.43% | macro_f1 98.51%
2025-11-12 19:56:16 - 8_0.2_1 - INFO - Evaluate on the client9 neighbor set
2025-11-12 19:56:32 - 8_0.2_1 - INFO - => result | total 2,259 | correct 2,065 | acc 91.41% | err 8.59% | macro_f1 89.93%
2025-11-12 19:56:32 - 8_0.2_1 - INFO - Global test local acc: 92.00
2025-11-12 19:56:32 - 8_0.2_1 - INFO - Global test neighbor acc: 91.97
2025-11-12 19:56:32 - 8_0.2_1 - INFO - ------------local test finish-------------
2025-11-12 19:56:32 - 8_0.2_1 - INFO - [Epoch 30/30] 测试耗时: 185.88s
2025-11-12 19:56:32 - 8_0.2_1 - INFO - maximum test local acc: 92.147
2025-11-12 19:56:32 - 8_0.2_1 - INFO - mean of local acc: 91.941
2025-11-12 19:56:32 - 8_0.2_1 - INFO - maximum test neighbor acc: 92.094
2025-11-12 19:56:32 - 8_0.2_1 - INFO - mean of neighbor acc: 91.942
