2025-11-16 05:46:54 - 8_0.1_1 - INFO - 日志文件已创建: logs/oxford_flowers/fedotp/8_0.1_1_20251116_054654.log
2025-11-16 05:46:54 - 8_0.1_1 - INFO - Loading trainer: DP_FPL
2025-11-16 05:46:54 - 8_0.1_1 - INFO - Loading dataset: OxfordFlowers
2025-11-16 05:46:54 - 8_0.1_1 - INFO - Reading split from /home/liuxin25/dataset/oxford_flowers/split_zhou_OxfordFlowers.json
2025-11-16 05:46:54 - 8_0.1_1 - INFO - Creating a baseline federated dataset
2025-11-16 05:46:54 - 8_0.1_1 - INFO - class_num 102
2025-11-16 05:46:54 - 8_0.1_1 - INFO - user class dict total [90, 54, 31, 35, 55, 72, 92, 42, 95, 84]
2025-11-16 05:46:54 - 8_0.1_1 - INFO - idx: 0, output_dict_len: 451
2025-11-16 05:46:54 - 8_0.1_1 - INFO - user class dict total [74, 0, 1, 80, 27, 20, 77, 50, 66, 45]
2025-11-16 05:46:54 - 8_0.1_1 - INFO - idx: 1, output_dict_len: 562
2025-11-16 05:46:54 - 8_0.1_1 - INFO - user class dict total [44, 82, 14, 32, 52, 70, 28, 51, 10, 21]
2025-11-16 05:46:54 - 8_0.1_1 - INFO - idx: 2, output_dict_len: 373
2025-11-16 05:46:54 - 8_0.1_1 - INFO - user class dict total [33, 75, 5, 48, 87, 98, 23, 69, 62, 7]
2025-11-16 05:46:54 - 8_0.1_1 - INFO - idx: 3, output_dict_len: 350
2025-11-16 05:46:54 - 8_0.1_1 - INFO - user class dict total [17, 18, 60, 34, 11, 58, 86, 13, 41, 30]
2025-11-16 05:46:54 - 8_0.1_1 - INFO - idx: 4, output_dict_len: 302
2025-11-16 05:46:54 - 8_0.1_1 - INFO - user class dict total [24, 71, 56, 76, 37, 6, 53, 79, 97, 39]
2025-11-16 05:46:54 - 8_0.1_1 - INFO - idx: 5, output_dict_len: 433
2025-11-16 05:46:54 - 8_0.1_1 - INFO - user class dict total [47, 65, 36, 91, 3, 63, 59, 9, 96, 64]
2025-11-16 05:46:54 - 8_0.1_1 - INFO - idx: 6, output_dict_len: 367
2025-11-16 05:46:54 - 8_0.1_1 - INFO - user class dict total [94, 88, 99, 61, 19, 25, 4, 16, 8, 46]
2025-11-16 05:46:54 - 8_0.1_1 - INFO - idx: 7, output_dict_len: 387
2025-11-16 05:46:54 - 8_0.1_1 - INFO - user class dict total [26, 2, 93, 85, 29, 22, 100, 67, 68, 38]
2025-11-16 05:46:54 - 8_0.1_1 - INFO - idx: 8, output_dict_len: 341
2025-11-16 05:46:54 - 8_0.1_1 - INFO - user class dict total [83, 15, 12, 81, 43, 73, 78, 40, 101, 57, 89, 49]
2025-11-16 05:46:54 - 8_0.1_1 - INFO - idx: 9, output_dict_len: 527
2025-11-16 05:46:54 - 8_0.1_1 - INFO - Creating a baseline federated dataset
2025-11-16 05:46:54 - 8_0.1_1 - INFO - class_num 102
2025-11-16 05:46:54 - 8_0.1_1 - INFO - user class dict total [90, 54, 31, 35, 55, 72, 92, 42, 95, 84]
2025-11-16 05:46:54 - 8_0.1_1 - INFO - idx: 0, output_dict_len: 269
2025-11-16 05:46:54 - 8_0.1_1 - INFO - user class dict total [74, 0, 1, 80, 27, 20, 77, 50, 66, 45]
2025-11-16 05:46:54 - 8_0.1_1 - INFO - idx: 1, output_dict_len: 339
2025-11-16 05:46:54 - 8_0.1_1 - INFO - user class dict total [44, 82, 14, 32, 52, 70, 28, 51, 10, 21]
2025-11-16 05:46:54 - 8_0.1_1 - INFO - idx: 2, output_dict_len: 223
2025-11-16 05:46:54 - 8_0.1_1 - INFO - user class dict total [33, 75, 5, 48, 87, 98, 23, 69, 62, 7]
2025-11-16 05:46:54 - 8_0.1_1 - INFO - idx: 3, output_dict_len: 211
2025-11-16 05:46:54 - 8_0.1_1 - INFO - user class dict total [17, 18, 60, 34, 11, 58, 86, 13, 41, 30]
2025-11-16 05:46:54 - 8_0.1_1 - INFO - idx: 4, output_dict_len: 178
2025-11-16 05:46:54 - 8_0.1_1 - INFO - user class dict total [24, 71, 56, 76, 37, 6, 53, 79, 97, 39]
2025-11-16 05:46:54 - 8_0.1_1 - INFO - idx: 5, output_dict_len: 262
2025-11-16 05:46:54 - 8_0.1_1 - INFO - user class dict total [47, 65, 36, 91, 3, 63, 59, 9, 96, 64]
2025-11-16 05:46:54 - 8_0.1_1 - INFO - idx: 6, output_dict_len: 223
2025-11-16 05:46:54 - 8_0.1_1 - INFO - user class dict total [94, 88, 99, 61, 19, 25, 4, 16, 8, 46]
2025-11-16 05:46:54 - 8_0.1_1 - INFO - idx: 7, output_dict_len: 234
2025-11-16 05:46:54 - 8_0.1_1 - INFO - user class dict total [26, 2, 93, 85, 29, 22, 100, 67, 68, 38]
2025-11-16 05:46:54 - 8_0.1_1 - INFO - idx: 8, output_dict_len: 205
2025-11-16 05:46:54 - 8_0.1_1 - INFO - user class dict total [83, 15, 12, 81, 43, 73, 78, 40, 101, 57, 89, 49]
2025-11-16 05:46:54 - 8_0.1_1 - INFO - idx: 9, output_dict_len: 319
2025-11-16 05:46:54 - 8_0.1_1 - INFO - Loading CLIP (backbone: ViT-B/16)
2025-11-16 05:46:56 - 8_0.1_1 - INFO - Building custom CLIP
2025-11-16 05:46:56 - 8_0.1_1 - INFO - Turning off gradients in both the image and the text encoder
2025-11-16 05:47:25 - 8_0.1_1 - INFO - [Epoch 1/30] 训练耗时: 29.17s | 平均训练准确率: 7.43
2025-11-16 05:47:53 - 8_0.1_1 - INFO - [Epoch 2/30] 训练耗时: 27.93s | 平均训练准确率: 38.82
2025-11-16 05:48:21 - 8_0.1_1 - INFO - [Epoch 3/30] 训练耗时: 27.84s | 平均训练准确率: 51.01
2025-11-16 05:48:49 - 8_0.1_1 - INFO - [Epoch 4/30] 训练耗时: 27.78s | 平均训练准确率: 47.64
2025-11-16 05:49:16 - 8_0.1_1 - INFO - [Epoch 5/30] 训练耗时: 27.79s | 平均训练准确率: 50.21
2025-11-16 05:49:44 - 8_0.1_1 - INFO - [Epoch 6/30] 训练耗时: 27.81s | 平均训练准确率: 51.32
2025-11-16 05:50:12 - 8_0.1_1 - INFO - [Epoch 7/30] 训练耗时: 27.89s | 平均训练准确率: 53.06
2025-11-16 05:50:40 - 8_0.1_1 - INFO - [Epoch 8/30] 训练耗时: 27.87s | 平均训练准确率: 52.60
2025-11-16 05:51:07 - 8_0.1_1 - INFO - [Epoch 9/30] 训练耗时: 27.07s | 平均训练准确率: 54.44
2025-11-16 05:51:34 - 8_0.1_1 - INFO - [Epoch 10/30] 训练耗时: 27.34s | 平均训练准确率: 55.10
2025-11-16 05:52:02 - 8_0.1_1 - INFO - [Epoch 11/30] 训练耗时: 27.95s | 平均训练准确率: 53.92
2025-11-16 05:52:30 - 8_0.1_1 - INFO - [Epoch 12/30] 训练耗时: 27.89s | 平均训练准确率: 54.38
2025-11-16 05:52:58 - 8_0.1_1 - INFO - [Epoch 13/30] 训练耗时: 27.92s | 平均训练准确率: 52.08
2025-11-16 05:53:26 - 8_0.1_1 - INFO - [Epoch 14/30] 训练耗时: 27.70s | 平均训练准确率: 51.49
2025-11-16 05:53:54 - 8_0.1_1 - INFO - [Epoch 15/30] 训练耗时: 27.81s | 平均训练准确率: 51.49
2025-11-16 05:54:22 - 8_0.1_1 - INFO - [Epoch 16/30] 训练耗时: 27.77s | 平均训练准确率: 51.22
2025-11-16 05:54:47 - 8_0.1_1 - INFO - [Epoch 17/30] 训练耗时: 25.85s | 平均训练准确率: 50.07
2025-11-16 05:55:12 - 8_0.1_1 - INFO - [Epoch 18/30] 训练耗时: 24.96s | 平均训练准确率: 51.94
2025-11-16 05:55:37 - 8_0.1_1 - INFO - [Epoch 19/30] 训练耗时: 25.08s | 平均训练准确率: 50.80
2025-11-16 05:56:02 - 8_0.1_1 - INFO - [Epoch 20/30] 训练耗时: 25.06s | 平均训练准确率: 50.00
2025-11-16 05:56:28 - 8_0.1_1 - INFO - [Epoch 21/30] 训练耗时: 25.05s | 平均训练准确率: 48.85
2025-11-16 05:56:52 - 8_0.1_1 - INFO - [Epoch 22/30] 训练耗时: 24.95s | 平均训练准确率: 49.76
2025-11-16 05:57:16 - 8_0.1_1 - INFO - [Epoch 23/30] 训练耗时: 24.00s | 平均训练准确率: 49.31
2025-11-16 05:57:41 - 8_0.1_1 - INFO - [Epoch 24/30] 训练耗时: 24.66s | 平均训练准确率: 50.35
2025-11-16 05:58:06 - 8_0.1_1 - INFO - [Epoch 25/30] 训练耗时: 25.04s | 平均训练准确率: 51.28
2025-11-16 05:58:31 - 8_0.1_1 - INFO - [Epoch 26/30] 训练耗时: 25.11s | 平均训练准确率: 53.47
2025-11-16 05:58:56 - 8_0.1_1 - INFO - [Epoch 27/30] 训练耗时: 25.06s | 平均训练准确率: 52.85
2025-11-16 05:59:21 - 8_0.1_1 - INFO - [Epoch 28/30] 训练耗时: 25.06s | 平均训练准确率: 53.30
2025-11-16 05:59:21 - 8_0.1_1 - INFO - ------------local test start-------------
2025-11-16 05:59:21 - 8_0.1_1 - INFO - Evaluate on the client0 local set
2025-11-16 05:59:24 - 8_0.1_1 - INFO - => result | total 269 | correct 109 | acc 40.52% | err 59.48% | macro_f1 40.54%
2025-11-16 05:59:24 - 8_0.1_1 - INFO - Evaluate on the client0 neighbor set
2025-11-16 05:59:42 - 8_0.1_1 - INFO - => result | total 2,194 | correct 1,264 | acc 57.61% | err 42.39% | macro_f1 50.42%
2025-11-16 05:59:42 - 8_0.1_1 - INFO - Evaluate on the client1 local set
2025-11-16 05:59:45 - 8_0.1_1 - INFO - => result | total 339 | correct 135 | acc 39.82% | err 60.18% | macro_f1 45.50%
2025-11-16 05:59:45 - 8_0.1_1 - INFO - Evaluate on the client1 neighbor set
2025-11-16 06:00:04 - 8_0.1_1 - INFO - => result | total 2,124 | correct 1,235 | acc 58.15% | err 41.85% | macro_f1 50.27%
2025-11-16 06:00:04 - 8_0.1_1 - INFO - Evaluate on the client2 local set
2025-11-16 06:00:06 - 8_0.1_1 - INFO - => result | total 223 | correct 142 | acc 63.68% | err 36.32% | macro_f1 60.67%
2025-11-16 06:00:06 - 8_0.1_1 - INFO - Evaluate on the client2 neighbor set
2025-11-16 06:00:24 - 8_0.1_1 - INFO - => result | total 2,240 | correct 1,221 | acc 54.51% | err 45.49% | macro_f1 48.11%
2025-11-16 06:00:24 - 8_0.1_1 - INFO - Evaluate on the client3 local set
2025-11-16 06:00:26 - 8_0.1_1 - INFO - => result | total 211 | correct 157 | acc 74.41% | err 25.59% | macro_f1 76.24%
2025-11-16 06:00:26 - 8_0.1_1 - INFO - Evaluate on the client3 neighbor set
2025-11-16 06:00:44 - 8_0.1_1 - INFO - => result | total 2,252 | correct 1,205 | acc 53.51% | err 46.49% | macro_f1 47.20%
2025-11-16 06:00:44 - 8_0.1_1 - INFO - Evaluate on the client4 local set
2025-11-16 06:00:46 - 8_0.1_1 - INFO - => result | total 178 | correct 91 | acc 51.12% | err 48.88% | macro_f1 60.10%
2025-11-16 06:00:46 - 8_0.1_1 - INFO - Evaluate on the client4 neighbor set
2025-11-16 06:01:05 - 8_0.1_1 - INFO - => result | total 2,285 | correct 1,270 | acc 55.58% | err 44.42% | macro_f1 48.10%
2025-11-16 06:01:05 - 8_0.1_1 - INFO - Evaluate on the client5 local set
2025-11-16 06:01:07 - 8_0.1_1 - INFO - => result | total 262 | correct 179 | acc 68.32% | err 31.68% | macro_f1 64.19%
2025-11-16 06:01:07 - 8_0.1_1 - INFO - Evaluate on the client5 neighbor set
2025-11-16 06:01:25 - 8_0.1_1 - INFO - => result | total 2,201 | correct 1,180 | acc 53.61% | err 46.39% | macro_f1 47.47%
2025-11-16 06:01:25 - 8_0.1_1 - INFO - Evaluate on the client6 local set
2025-11-16 06:01:27 - 8_0.1_1 - INFO - => result | total 223 | correct 87 | acc 39.01% | err 60.99% | macro_f1 46.77%
2025-11-16 06:01:27 - 8_0.1_1 - INFO - Evaluate on the client6 neighbor set
2025-11-16 06:01:46 - 8_0.1_1 - INFO - => result | total 2,240 | correct 1,269 | acc 56.65% | err 43.35% | macro_f1 49.81%
2025-11-16 06:01:46 - 8_0.1_1 - INFO - Evaluate on the client7 local set
2025-11-16 06:01:48 - 8_0.1_1 - INFO - => result | total 234 | correct 129 | acc 55.13% | err 44.87% | macro_f1 70.53%
2025-11-16 06:01:48 - 8_0.1_1 - INFO - Evaluate on the client7 neighbor set
2025-11-16 06:02:06 - 8_0.1_1 - INFO - => result | total 2,229 | correct 1,224 | acc 54.91% | err 45.09% | macro_f1 47.24%
2025-11-16 06:02:06 - 8_0.1_1 - INFO - Evaluate on the client8 local set
2025-11-16 06:02:08 - 8_0.1_1 - INFO - => result | total 205 | correct 113 | acc 55.12% | err 44.88% | macro_f1 47.25%
2025-11-16 06:02:08 - 8_0.1_1 - INFO - Evaluate on the client8 neighbor set
2025-11-16 06:02:27 - 8_0.1_1 - INFO - => result | total 2,258 | correct 1,238 | acc 54.83% | err 45.17% | macro_f1 49.08%
2025-11-16 06:02:27 - 8_0.1_1 - INFO - Evaluate on the client9 local set
2025-11-16 06:02:29 - 8_0.1_1 - INFO - => result | total 319 | correct 218 | acc 68.34% | err 31.66% | macro_f1 64.66%
2025-11-16 06:02:29 - 8_0.1_1 - INFO - Evaluate on the client9 neighbor set
2025-11-16 06:02:47 - 8_0.1_1 - INFO - => result | total 2,144 | correct 1,128 | acc 52.61% | err 47.39% | macro_f1 46.51%
2025-11-16 06:02:47 - 8_0.1_1 - INFO - Global test local acc: 55.55
2025-11-16 06:02:47 - 8_0.1_1 - INFO - Global test neighbor acc: 55.20
2025-11-16 06:02:47 - 8_0.1_1 - INFO - ------------local test finish-------------
2025-11-16 06:02:47 - 8_0.1_1 - INFO - [Epoch 28/30] 测试耗时: 205.15s
2025-11-16 06:03:12 - 8_0.1_1 - INFO - [Epoch 29/30] 训练耗时: 25.06s | 平均训练准确率: 54.86
2025-11-16 06:03:12 - 8_0.1_1 - INFO - ------------local test start-------------
2025-11-16 06:03:12 - 8_0.1_1 - INFO - Evaluate on the client0 local set
2025-11-16 06:03:14 - 8_0.1_1 - INFO - => result | total 269 | correct 113 | acc 42.01% | err 57.99% | macro_f1 42.46%
2025-11-16 06:03:14 - 8_0.1_1 - INFO - Evaluate on the client0 neighbor set
2025-11-16 06:03:31 - 8_0.1_1 - INFO - => result | total 2,194 | correct 1,294 | acc 58.98% | err 41.02% | macro_f1 52.06%
2025-11-16 06:03:31 - 8_0.1_1 - INFO - Evaluate on the client1 local set
2025-11-16 06:03:34 - 8_0.1_1 - INFO - => result | total 339 | correct 133 | acc 39.23% | err 60.77% | macro_f1 44.45%
2025-11-16 06:03:34 - 8_0.1_1 - INFO - Evaluate on the client1 neighbor set
2025-11-16 06:03:51 - 8_0.1_1 - INFO - => result | total 2,124 | correct 1,276 | acc 60.08% | err 39.92% | macro_f1 52.11%
2025-11-16 06:03:51 - 8_0.1_1 - INFO - Evaluate on the client2 local set
2025-11-16 06:03:53 - 8_0.1_1 - INFO - => result | total 223 | correct 153 | acc 68.61% | err 31.39% | macro_f1 65.68%
2025-11-16 06:03:53 - 8_0.1_1 - INFO - Evaluate on the client2 neighbor set
2025-11-16 06:04:12 - 8_0.1_1 - INFO - => result | total 2,240 | correct 1,260 | acc 56.25% | err 43.75% | macro_f1 49.94%
2025-11-16 06:04:12 - 8_0.1_1 - INFO - Evaluate on the client3 local set
2025-11-16 06:04:14 - 8_0.1_1 - INFO - => result | total 211 | correct 161 | acc 76.30% | err 23.70% | macro_f1 76.75%
2025-11-16 06:04:14 - 8_0.1_1 - INFO - Evaluate on the client3 neighbor set
2025-11-16 06:04:32 - 8_0.1_1 - INFO - => result | total 2,252 | correct 1,253 | acc 55.64% | err 44.36% | macro_f1 49.39%
2025-11-16 06:04:32 - 8_0.1_1 - INFO - Evaluate on the client4 local set
2025-11-16 06:04:34 - 8_0.1_1 - INFO - => result | total 178 | correct 99 | acc 55.62% | err 44.38% | macro_f1 63.94%
2025-11-16 06:04:34 - 8_0.1_1 - INFO - Evaluate on the client4 neighbor set
2025-11-16 06:04:53 - 8_0.1_1 - INFO - => result | total 2,285 | correct 1,317 | acc 57.64% | err 42.36% | macro_f1 50.40%
2025-11-16 06:04:53 - 8_0.1_1 - INFO - Evaluate on the client5 local set
2025-11-16 06:04:55 - 8_0.1_1 - INFO - => result | total 262 | correct 191 | acc 72.90% | err 27.10% | macro_f1 68.25%
2025-11-16 06:04:55 - 8_0.1_1 - INFO - Evaluate on the client5 neighbor set
2025-11-16 06:05:13 - 8_0.1_1 - INFO - => result | total 2,201 | correct 1,227 | acc 55.75% | err 44.25% | macro_f1 49.97%
2025-11-16 06:05:13 - 8_0.1_1 - INFO - Evaluate on the client6 local set
2025-11-16 06:05:15 - 8_0.1_1 - INFO - => result | total 223 | correct 86 | acc 38.57% | err 61.43% | macro_f1 46.28%
2025-11-16 06:05:15 - 8_0.1_1 - INFO - Evaluate on the client6 neighbor set
2025-11-16 06:05:33 - 8_0.1_1 - INFO - => result | total 2,240 | correct 1,331 | acc 59.42% | err 40.58% | macro_f1 52.95%
2025-11-16 06:05:33 - 8_0.1_1 - INFO - Evaluate on the client7 local set
2025-11-16 06:05:35 - 8_0.1_1 - INFO - => result | total 234 | correct 133 | acc 56.84% | err 43.16% | macro_f1 71.02%
2025-11-16 06:05:35 - 8_0.1_1 - INFO - Evaluate on the client7 neighbor set
2025-11-16 06:05:53 - 8_0.1_1 - INFO - => result | total 2,229 | correct 1,285 | acc 57.65% | err 42.35% | macro_f1 50.19%
2025-11-16 06:05:53 - 8_0.1_1 - INFO - Evaluate on the client8 local set
2025-11-16 06:05:55 - 8_0.1_1 - INFO - => result | total 205 | correct 120 | acc 58.54% | err 41.46% | macro_f1 50.22%
2025-11-16 06:05:55 - 8_0.1_1 - INFO - Evaluate on the client8 neighbor set
2025-11-16 06:06:14 - 8_0.1_1 - INFO - => result | total 2,258 | correct 1,299 | acc 57.53% | err 42.47% | macro_f1 52.39%
2025-11-16 06:06:14 - 8_0.1_1 - INFO - Evaluate on the client9 local set
2025-11-16 06:06:17 - 8_0.1_1 - INFO - => result | total 319 | correct 225 | acc 70.53% | err 29.47% | macro_f1 69.77%
2025-11-16 06:06:17 - 8_0.1_1 - INFO - Evaluate on the client9 neighbor set
2025-11-16 06:06:35 - 8_0.1_1 - INFO - => result | total 2,144 | correct 1,193 | acc 55.64% | err 44.36% | macro_f1 49.61%
2025-11-16 06:06:35 - 8_0.1_1 - INFO - Global test local acc: 57.91
2025-11-16 06:06:35 - 8_0.1_1 - INFO - Global test neighbor acc: 57.46
2025-11-16 06:06:35 - 8_0.1_1 - INFO - ------------local test finish-------------
2025-11-16 06:06:35 - 8_0.1_1 - INFO - [Epoch 29/30] 测试耗时: 203.31s
2025-11-16 06:07:00 - 8_0.1_1 - INFO - [Epoch 30/30] 训练耗时: 25.25s | 平均训练准确率: 55.62
2025-11-16 06:07:00 - 8_0.1_1 - INFO - ------------local test start-------------
2025-11-16 06:07:00 - 8_0.1_1 - INFO - Evaluate on the client0 local set
2025-11-16 06:07:02 - 8_0.1_1 - INFO - => result | total 269 | correct 125 | acc 46.47% | err 53.53% | macro_f1 48.08%
2025-11-16 06:07:02 - 8_0.1_1 - INFO - Evaluate on the client0 neighbor set
2025-11-16 06:07:20 - 8_0.1_1 - INFO - => result | total 2,194 | correct 1,353 | acc 61.67% | err 38.33% | macro_f1 55.59%
2025-11-16 06:07:20 - 8_0.1_1 - INFO - Evaluate on the client1 local set
2025-11-16 06:07:23 - 8_0.1_1 - INFO - => result | total 339 | correct 133 | acc 39.23% | err 60.77% | macro_f1 45.55%
2025-11-16 06:07:23 - 8_0.1_1 - INFO - Evaluate on the client1 neighbor set
2025-11-16 06:07:40 - 8_0.1_1 - INFO - => result | total 2,124 | correct 1,341 | acc 63.14% | err 36.86% | macro_f1 55.50%
2025-11-16 06:07:40 - 8_0.1_1 - INFO - Evaluate on the client2 local set
2025-11-16 06:07:42 - 8_0.1_1 - INFO - => result | total 223 | correct 164 | acc 73.54% | err 26.46% | macro_f1 69.57%
2025-11-16 06:07:42 - 8_0.1_1 - INFO - Evaluate on the client2 neighbor set
2025-11-16 06:08:00 - 8_0.1_1 - INFO - => result | total 2,240 | correct 1,309 | acc 58.44% | err 41.56% | macro_f1 52.62%
2025-11-16 06:08:00 - 8_0.1_1 - INFO - Evaluate on the client3 local set
2025-11-16 06:08:02 - 8_0.1_1 - INFO - => result | total 211 | correct 162 | acc 76.78% | err 23.22% | macro_f1 74.23%
2025-11-16 06:08:02 - 8_0.1_1 - INFO - Evaluate on the client3 neighbor set
2025-11-16 06:08:21 - 8_0.1_1 - INFO - => result | total 2,252 | correct 1,307 | acc 58.04% | err 41.96% | macro_f1 52.46%
2025-11-16 06:08:21 - 8_0.1_1 - INFO - Evaluate on the client4 local set
2025-11-16 06:08:22 - 8_0.1_1 - INFO - => result | total 178 | correct 108 | acc 60.67% | err 39.33% | macro_f1 68.80%
2025-11-16 06:08:22 - 8_0.1_1 - INFO - Evaluate on the client4 neighbor set
2025-11-16 06:08:40 - 8_0.1_1 - INFO - => result | total 2,285 | correct 1,359 | acc 59.47% | err 40.53% | macro_f1 52.66%
2025-11-16 06:08:40 - 8_0.1_1 - INFO - Evaluate on the client5 local set
2025-11-16 06:08:43 - 8_0.1_1 - INFO - => result | total 262 | correct 204 | acc 77.86% | err 22.14% | macro_f1 75.86%
2025-11-16 06:08:43 - 8_0.1_1 - INFO - Evaluate on the client5 neighbor set
2025-11-16 06:09:01 - 8_0.1_1 - INFO - => result | total 2,201 | correct 1,257 | acc 57.11% | err 42.89% | macro_f1 51.55%
2025-11-16 06:09:01 - 8_0.1_1 - INFO - Evaluate on the client6 local set
2025-11-16 06:09:02 - 8_0.1_1 - INFO - => result | total 223 | correct 85 | acc 38.12% | err 61.88% | macro_f1 44.86%
2025-11-16 06:09:02 - 8_0.1_1 - INFO - Evaluate on the client6 neighbor set
2025-11-16 06:09:20 - 8_0.1_1 - INFO - => result | total 2,240 | correct 1,369 | acc 61.12% | err 38.88% | macro_f1 54.92%
2025-11-16 06:09:20 - 8_0.1_1 - INFO - Evaluate on the client7 local set
2025-11-16 06:09:22 - 8_0.1_1 - INFO - => result | total 234 | correct 134 | acc 57.26% | err 42.74% | macro_f1 70.44%
2025-11-16 06:09:22 - 8_0.1_1 - INFO - Evaluate on the client7 neighbor set
2025-11-16 06:09:40 - 8_0.1_1 - INFO - => result | total 2,229 | correct 1,318 | acc 59.13% | err 40.87% | macro_f1 51.98%
2025-11-16 06:09:40 - 8_0.1_1 - INFO - Evaluate on the client8 local set
2025-11-16 06:09:42 - 8_0.1_1 - INFO - => result | total 205 | correct 122 | acc 59.51% | err 40.49% | macro_f1 52.24%
2025-11-16 06:09:42 - 8_0.1_1 - INFO - Evaluate on the client8 neighbor set
2025-11-16 06:10:00 - 8_0.1_1 - INFO - => result | total 2,258 | correct 1,328 | acc 58.81% | err 41.19% | macro_f1 53.84%
2025-11-16 06:10:00 - 8_0.1_1 - INFO - Evaluate on the client9 local set
2025-11-16 06:10:02 - 8_0.1_1 - INFO - => result | total 319 | correct 220 | acc 68.97% | err 31.03% | macro_f1 68.45%
2025-11-16 06:10:02 - 8_0.1_1 - INFO - Evaluate on the client9 neighbor set
2025-11-16 06:10:20 - 8_0.1_1 - INFO - => result | total 2,144 | correct 1,230 | acc 57.37% | err 42.63% | macro_f1 51.28%
2025-11-16 06:10:20 - 8_0.1_1 - INFO - Global test local acc: 59.84
2025-11-16 06:10:20 - 8_0.1_1 - INFO - Global test neighbor acc: 59.43
2025-11-16 06:10:20 - 8_0.1_1 - INFO - ------------local test finish-------------
2025-11-16 06:10:20 - 8_0.1_1 - INFO - [Epoch 30/30] 测试耗时: 199.46s
2025-11-16 06:10:20 - 8_0.1_1 - INFO - maximum test local acc: 59.842
2025-11-16 06:10:20 - 8_0.1_1 - INFO - mean of local acc: 57.768
2025-11-16 06:10:20 - 8_0.1_1 - INFO - maximum test neighbor acc: 59.429
2025-11-16 06:10:20 - 8_0.1_1 - INFO - mean of neighbor acc: 57.361
