2025-11-13 02:22:16 - 8_0.2_1 - INFO - 日志文件已创建: logs/oxford_flowers/fedotp/8_0.2_1_20251113_022216.log
2025-11-13 02:22:16 - 8_0.2_1 - INFO - Loading trainer: DP_FPL
2025-11-13 02:22:16 - 8_0.2_1 - INFO - Loading dataset: OxfordFlowers
2025-11-13 02:22:16 - 8_0.2_1 - INFO - Reading split from /home/liuxin25/dataset/oxford_flowers/split_zhou_OxfordFlowers.json
2025-11-13 02:22:16 - 8_0.2_1 - INFO - Creating a baseline federated dataset
2025-11-13 02:22:16 - 8_0.2_1 - INFO - class_num 102
2025-11-13 02:22:16 - 8_0.2_1 - INFO - user class dict total [90, 54, 31, 35, 55, 72, 92, 42, 95, 84]
2025-11-13 02:22:16 - 8_0.2_1 - INFO - idx: 0, output_dict_len: 451
2025-11-13 02:22:16 - 8_0.2_1 - INFO - user class dict total [74, 0, 1, 80, 27, 20, 77, 50, 66, 45]
2025-11-13 02:22:16 - 8_0.2_1 - INFO - idx: 1, output_dict_len: 562
2025-11-13 02:22:16 - 8_0.2_1 - INFO - user class dict total [44, 82, 14, 32, 52, 70, 28, 51, 10, 21]
2025-11-13 02:22:16 - 8_0.2_1 - INFO - idx: 2, output_dict_len: 373
2025-11-13 02:22:16 - 8_0.2_1 - INFO - user class dict total [33, 75, 5, 48, 87, 98, 23, 69, 62, 7]
2025-11-13 02:22:16 - 8_0.2_1 - INFO - idx: 3, output_dict_len: 350
2025-11-13 02:22:16 - 8_0.2_1 - INFO - user class dict total [17, 18, 60, 34, 11, 58, 86, 13, 41, 30]
2025-11-13 02:22:16 - 8_0.2_1 - INFO - idx: 4, output_dict_len: 302
2025-11-13 02:22:16 - 8_0.2_1 - INFO - user class dict total [24, 71, 56, 76, 37, 6, 53, 79, 97, 39]
2025-11-13 02:22:16 - 8_0.2_1 - INFO - idx: 5, output_dict_len: 433
2025-11-13 02:22:16 - 8_0.2_1 - INFO - user class dict total [47, 65, 36, 91, 3, 63, 59, 9, 96, 64]
2025-11-13 02:22:16 - 8_0.2_1 - INFO - idx: 6, output_dict_len: 367
2025-11-13 02:22:16 - 8_0.2_1 - INFO - user class dict total [94, 88, 99, 61, 19, 25, 4, 16, 8, 46]
2025-11-13 02:22:16 - 8_0.2_1 - INFO - idx: 7, output_dict_len: 387
2025-11-13 02:22:16 - 8_0.2_1 - INFO - user class dict total [26, 2, 93, 85, 29, 22, 100, 67, 68, 38]
2025-11-13 02:22:16 - 8_0.2_1 - INFO - idx: 8, output_dict_len: 341
2025-11-13 02:22:16 - 8_0.2_1 - INFO - user class dict total [83, 15, 12, 81, 43, 73, 78, 40, 101, 57, 89, 49]
2025-11-13 02:22:16 - 8_0.2_1 - INFO - idx: 9, output_dict_len: 527
2025-11-13 02:22:16 - 8_0.2_1 - INFO - Creating a baseline federated dataset
2025-11-13 02:22:16 - 8_0.2_1 - INFO - class_num 102
2025-11-13 02:22:16 - 8_0.2_1 - INFO - user class dict total [90, 54, 31, 35, 55, 72, 92, 42, 95, 84]
2025-11-13 02:22:16 - 8_0.2_1 - INFO - idx: 0, output_dict_len: 269
2025-11-13 02:22:16 - 8_0.2_1 - INFO - user class dict total [74, 0, 1, 80, 27, 20, 77, 50, 66, 45]
2025-11-13 02:22:16 - 8_0.2_1 - INFO - idx: 1, output_dict_len: 339
2025-11-13 02:22:16 - 8_0.2_1 - INFO - user class dict total [44, 82, 14, 32, 52, 70, 28, 51, 10, 21]
2025-11-13 02:22:16 - 8_0.2_1 - INFO - idx: 2, output_dict_len: 223
2025-11-13 02:22:16 - 8_0.2_1 - INFO - user class dict total [33, 75, 5, 48, 87, 98, 23, 69, 62, 7]
2025-11-13 02:22:16 - 8_0.2_1 - INFO - idx: 3, output_dict_len: 211
2025-11-13 02:22:16 - 8_0.2_1 - INFO - user class dict total [17, 18, 60, 34, 11, 58, 86, 13, 41, 30]
2025-11-13 02:22:16 - 8_0.2_1 - INFO - idx: 4, output_dict_len: 178
2025-11-13 02:22:16 - 8_0.2_1 - INFO - user class dict total [24, 71, 56, 76, 37, 6, 53, 79, 97, 39]
2025-11-13 02:22:16 - 8_0.2_1 - INFO - idx: 5, output_dict_len: 262
2025-11-13 02:22:16 - 8_0.2_1 - INFO - user class dict total [47, 65, 36, 91, 3, 63, 59, 9, 96, 64]
2025-11-13 02:22:16 - 8_0.2_1 - INFO - idx: 6, output_dict_len: 223
2025-11-13 02:22:16 - 8_0.2_1 - INFO - user class dict total [94, 88, 99, 61, 19, 25, 4, 16, 8, 46]
2025-11-13 02:22:16 - 8_0.2_1 - INFO - idx: 7, output_dict_len: 234
2025-11-13 02:22:16 - 8_0.2_1 - INFO - user class dict total [26, 2, 93, 85, 29, 22, 100, 67, 68, 38]
2025-11-13 02:22:16 - 8_0.2_1 - INFO - idx: 8, output_dict_len: 205
2025-11-13 02:22:16 - 8_0.2_1 - INFO - user class dict total [83, 15, 12, 81, 43, 73, 78, 40, 101, 57, 89, 49]
2025-11-13 02:22:16 - 8_0.2_1 - INFO - idx: 9, output_dict_len: 319
2025-11-13 02:22:16 - 8_0.2_1 - INFO - Loading CLIP (backbone: ViT-B/16)
2025-11-13 02:22:20 - 8_0.2_1 - INFO - Building custom CLIP
2025-11-13 02:22:20 - 8_0.2_1 - INFO - Turning off gradients in both the image and the text encoder
2025-11-13 02:23:21 - 8_0.2_1 - INFO - [Epoch 1/30] 训练耗时: 60.75s | 平均训练准确率: 0.24
2025-11-13 02:24:23 - 8_0.2_1 - INFO - [Epoch 2/30] 训练耗时: 61.64s | 平均训练准确率: 0.49
2025-11-13 02:25:22 - 8_0.2_1 - INFO - [Epoch 3/30] 训练耗时: 59.59s | 平均训练准确率: 0.59
2025-11-13 02:26:23 - 8_0.2_1 - INFO - [Epoch 4/30] 训练耗时: 60.70s | 平均训练准确率: 1.91
2025-11-13 02:27:26 - 8_0.2_1 - INFO - [Epoch 5/30] 训练耗时: 62.55s | 平均训练准确率: 2.85
2025-11-13 02:28:24 - 8_0.2_1 - INFO - [Epoch 6/30] 训练耗时: 58.60s | 平均训练准确率: 2.88
2025-11-13 02:29:12 - 8_0.2_1 - INFO - [Epoch 7/30] 训练耗时: 48.06s | 平均训练准确率: 2.88
2025-11-13 02:29:56 - 8_0.2_1 - INFO - [Epoch 8/30] 训练耗时: 44.32s | 平均训练准确率: 2.92
2025-11-13 02:30:41 - 8_0.2_1 - INFO - [Epoch 9/30] 训练耗时: 44.25s | 平均训练准确率: 2.88
2025-11-13 02:31:26 - 8_0.2_1 - INFO - [Epoch 10/30] 训练耗时: 44.93s | 平均训练准确率: 2.85
2025-11-13 02:32:11 - 8_0.2_1 - INFO - [Epoch 11/30] 训练耗时: 44.97s | 平均训练准确率: 2.92
2025-11-13 02:33:04 - 8_0.2_1 - INFO - [Epoch 12/30] 训练耗时: 53.11s | 平均训练准确率: 2.95
2025-11-13 02:34:02 - 8_0.2_1 - INFO - [Epoch 13/30] 训练耗时: 58.45s | 平均训练准确率: 3.19
2025-11-13 02:35:03 - 8_0.2_1 - INFO - [Epoch 14/30] 训练耗时: 60.52s | 平均训练准确率: 2.19
2025-11-13 02:36:01 - 8_0.2_1 - INFO - [Epoch 15/30] 训练耗时: 57.95s | 平均训练准确率: 2.15
2025-11-13 02:37:01 - 8_0.2_1 - INFO - [Epoch 16/30] 训练耗时: 60.10s | 平均训练准确率: 2.99
2025-11-13 02:38:00 - 8_0.2_1 - INFO - [Epoch 17/30] 训练耗时: 58.99s | 平均训练准确率: 2.05
2025-11-13 02:39:03 - 8_0.2_1 - INFO - [Epoch 18/30] 训练耗时: 63.38s | 平均训练准确率: 2.92
2025-11-13 02:40:02 - 8_0.2_1 - INFO - [Epoch 19/30] 训练耗时: 59.03s | 平均训练准确率: 3.19
2025-11-13 02:41:02 - 8_0.2_1 - INFO - [Epoch 20/30] 训练耗时: 60.17s | 平均训练准确率: 1.91
2025-11-13 02:42:03 - 8_0.2_1 - INFO - [Epoch 21/30] 训练耗时: 60.69s | 平均训练准确率: 1.46
2025-11-13 02:43:06 - 8_0.2_1 - INFO - [Epoch 22/30] 训练耗时: 62.74s | 平均训练准确率: 1.25
2025-11-13 02:44:06 - 8_0.2_1 - INFO - [Epoch 23/30] 训练耗时: 60.70s | 平均训练准确率: 1.35
2025-11-13 02:45:08 - 8_0.2_1 - INFO - [Epoch 24/30] 训练耗时: 61.12s | 平均训练准确率: 1.15
2025-11-13 02:46:09 - 8_0.2_1 - INFO - [Epoch 25/30] 训练耗时: 61.03s | 平均训练准确率: 2.12
2025-11-13 02:47:09 - 8_0.2_1 - INFO - [Epoch 26/30] 训练耗时: 60.40s | 平均训练准确率: 1.60
2025-11-13 02:48:04 - 8_0.2_1 - INFO - [Epoch 27/30] 训练耗时: 55.38s | 平均训练准确率: 1.70
2025-11-13 02:49:04 - 8_0.2_1 - INFO - [Epoch 28/30] 训练耗时: 59.45s | 平均训练准确率: 1.74
2025-11-13 02:49:04 - 8_0.2_1 - INFO - ------------local test start-------------
2025-11-13 02:49:04 - 8_0.2_1 - INFO - Evaluate on the client0 local set
2025-11-13 02:49:09 - 8_0.2_1 - INFO - => result | total 269 | correct 1 | acc 0.37% | err 99.63% | macro_f1 0.50%
2025-11-13 02:49:09 - 8_0.2_1 - INFO - Evaluate on the client0 neighbor set
2025-11-13 02:49:40 - 8_0.2_1 - INFO - => result | total 2,194 | correct 48 | acc 2.19% | err 97.81% | macro_f1 0.05%
2025-11-13 02:49:40 - 8_0.2_1 - INFO - Evaluate on the client1 local set
2025-11-13 02:49:45 - 8_0.2_1 - INFO - => result | total 339 | correct 0 | acc 0.00% | err 100.00% | macro_f1 0.00%
2025-11-13 02:49:45 - 8_0.2_1 - INFO - Evaluate on the client1 neighbor set
2025-11-13 02:50:20 - 8_0.2_1 - INFO - => result | total 2,124 | correct 50 | acc 2.35% | err 97.65% | macro_f1 0.10%
2025-11-13 02:50:20 - 8_0.2_1 - INFO - Evaluate on the client2 local set
2025-11-13 02:50:24 - 8_0.2_1 - INFO - => result | total 223 | correct 0 | acc 0.00% | err 100.00% | macro_f1 0.00%
2025-11-13 02:50:24 - 8_0.2_1 - INFO - Evaluate on the client2 neighbor set
2025-11-13 02:50:59 - 8_0.2_1 - INFO - => result | total 2,240 | correct 51 | acc 2.28% | err 97.72% | macro_f1 0.10%
2025-11-13 02:50:59 - 8_0.2_1 - INFO - Evaluate on the client3 local set
2025-11-13 02:51:02 - 8_0.2_1 - INFO - => result | total 211 | correct 0 | acc 0.00% | err 100.00% | macro_f1 0.00%
2025-11-13 02:51:02 - 8_0.2_1 - INFO - Evaluate on the client3 neighbor set
2025-11-13 02:51:37 - 8_0.2_1 - INFO - => result | total 2,252 | correct 53 | acc 2.35% | err 97.65% | macro_f1 0.16%
2025-11-13 02:51:37 - 8_0.2_1 - INFO - Evaluate on the client4 local set
2025-11-13 02:51:40 - 8_0.2_1 - INFO - => result | total 178 | correct 0 | acc 0.00% | err 100.00% | macro_f1 0.00%
2025-11-13 02:51:40 - 8_0.2_1 - INFO - Evaluate on the client4 neighbor set
2025-11-13 02:52:17 - 8_0.2_1 - INFO - => result | total 2,285 | correct 54 | acc 2.36% | err 97.64% | macro_f1 0.18%
2025-11-13 02:52:17 - 8_0.2_1 - INFO - Evaluate on the client5 local set
2025-11-13 02:52:20 - 8_0.2_1 - INFO - => result | total 262 | correct 0 | acc 0.00% | err 100.00% | macro_f1 0.00%
2025-11-13 02:52:20 - 8_0.2_1 - INFO - Evaluate on the client5 neighbor set
2025-11-13 02:52:56 - 8_0.2_1 - INFO - => result | total 2,201 | correct 55 | acc 2.50% | err 97.50% | macro_f1 0.22%
2025-11-13 02:52:56 - 8_0.2_1 - INFO - Evaluate on the client6 local set
2025-11-13 02:52:59 - 8_0.2_1 - INFO - => result | total 223 | correct 0 | acc 0.00% | err 100.00% | macro_f1 0.00%
2025-11-13 02:52:59 - 8_0.2_1 - INFO - Evaluate on the client6 neighbor set
2025-11-13 02:53:35 - 8_0.2_1 - INFO - => result | total 2,240 | correct 56 | acc 2.50% | err 97.50% | macro_f1 0.21%
2025-11-13 02:53:35 - 8_0.2_1 - INFO - Evaluate on the client7 local set
2025-11-13 02:53:40 - 8_0.2_1 - INFO - => result | total 234 | correct 0 | acc 0.00% | err 100.00% | macro_f1 0.00%
2025-11-13 02:53:40 - 8_0.2_1 - INFO - Evaluate on the client7 neighbor set
2025-11-13 02:54:15 - 8_0.2_1 - INFO - => result | total 2,229 | correct 57 | acc 2.56% | err 97.44% | macro_f1 0.21%
2025-11-13 02:54:15 - 8_0.2_1 - INFO - Evaluate on the client8 local set
2025-11-13 02:54:19 - 8_0.2_1 - INFO - => result | total 205 | correct 0 | acc 0.00% | err 100.00% | macro_f1 0.00%
2025-11-13 02:54:19 - 8_0.2_1 - INFO - Evaluate on the client8 neighbor set
2025-11-13 02:54:55 - 8_0.2_1 - INFO - => result | total 2,258 | correct 61 | acc 2.70% | err 97.30% | macro_f1 0.26%
2025-11-13 02:54:55 - 8_0.2_1 - INFO - Evaluate on the client9 local set
2025-11-13 02:55:00 - 8_0.2_1 - INFO - => result | total 319 | correct 60 | acc 18.81% | err 81.19% | macro_f1 5.90%
2025-11-13 02:55:00 - 8_0.2_1 - INFO - Evaluate on the client9 neighbor set
2025-11-13 02:55:33 - 8_0.2_1 - INFO - => result | total 2,144 | correct 0 | acc 0.00% | err 100.00% | macro_f1 0.00%
2025-11-13 02:55:33 - 8_0.2_1 - INFO - Global test local acc: 1.92
2025-11-13 02:55:33 - 8_0.2_1 - INFO - Global test neighbor acc: 2.18
2025-11-13 02:55:33 - 8_0.2_1 - INFO - ------------local test finish-------------
2025-11-13 02:55:33 - 8_0.2_1 - INFO - [Epoch 28/30] 测试耗时: 389.56s
2025-11-13 02:56:25 - 8_0.2_1 - INFO - [Epoch 29/30] 训练耗时: 51.49s | 平均训练准确率: 2.88
2025-11-13 02:56:25 - 8_0.2_1 - INFO - ------------local test start-------------
2025-11-13 02:56:25 - 8_0.2_1 - INFO - Evaluate on the client0 local set
2025-11-13 02:56:29 - 8_0.2_1 - INFO - => result | total 269 | correct 0 | acc 0.00% | err 100.00% | macro_f1 0.00%
2025-11-13 02:56:29 - 8_0.2_1 - INFO - Evaluate on the client0 neighbor set
2025-11-13 02:56:58 - 8_0.2_1 - INFO - => result | total 2,194 | correct 76 | acc 3.46% | err 96.54% | macro_f1 0.31%
2025-11-13 02:56:58 - 8_0.2_1 - INFO - Evaluate on the client1 local set
2025-11-13 02:57:03 - 8_0.2_1 - INFO - => result | total 339 | correct 0 | acc 0.00% | err 100.00% | macro_f1 0.00%
2025-11-13 02:57:03 - 8_0.2_1 - INFO - Evaluate on the client1 neighbor set
2025-11-13 02:57:33 - 8_0.2_1 - INFO - => result | total 2,124 | correct 76 | acc 3.58% | err 96.42% | macro_f1 0.27%
2025-11-13 02:57:33 - 8_0.2_1 - INFO - Evaluate on the client2 local set
2025-11-13 02:57:36 - 8_0.2_1 - INFO - => result | total 223 | correct 0 | acc 0.00% | err 100.00% | macro_f1 0.00%
2025-11-13 02:57:36 - 8_0.2_1 - INFO - Evaluate on the client2 neighbor set
2025-11-13 02:58:07 - 8_0.2_1 - INFO - => result | total 2,240 | correct 74 | acc 3.30% | err 96.70% | macro_f1 0.23%
2025-11-13 02:58:07 - 8_0.2_1 - INFO - Evaluate on the client3 local set
2025-11-13 02:58:10 - 8_0.2_1 - INFO - => result | total 211 | correct 0 | acc 0.00% | err 100.00% | macro_f1 0.00%
2025-11-13 02:58:10 - 8_0.2_1 - INFO - Evaluate on the client3 neighbor set
2025-11-13 02:58:41 - 8_0.2_1 - INFO - => result | total 2,252 | correct 72 | acc 3.20% | err 96.80% | macro_f1 0.22%
2025-11-13 02:58:41 - 8_0.2_1 - INFO - Evaluate on the client4 local set
2025-11-13 02:58:44 - 8_0.2_1 - INFO - => result | total 178 | correct 0 | acc 0.00% | err 100.00% | macro_f1 0.00%
2025-11-13 02:58:44 - 8_0.2_1 - INFO - Evaluate on the client4 neighbor set
2025-11-13 02:59:14 - 8_0.2_1 - INFO - => result | total 2,285 | correct 71 | acc 3.11% | err 96.89% | macro_f1 0.21%
2025-11-13 02:59:14 - 8_0.2_1 - INFO - Evaluate on the client5 local set
2025-11-13 02:59:18 - 8_0.2_1 - INFO - => result | total 262 | correct 0 | acc 0.00% | err 100.00% | macro_f1 0.00%
2025-11-13 02:59:18 - 8_0.2_1 - INFO - Evaluate on the client5 neighbor set
2025-11-13 02:59:49 - 8_0.2_1 - INFO - => result | total 2,201 | correct 70 | acc 3.18% | err 96.82% | macro_f1 0.20%
2025-11-13 02:59:49 - 8_0.2_1 - INFO - Evaluate on the client6 local set
2025-11-13 02:59:52 - 8_0.2_1 - INFO - => result | total 223 | correct 0 | acc 0.00% | err 100.00% | macro_f1 0.00%
2025-11-13 02:59:52 - 8_0.2_1 - INFO - Evaluate on the client6 neighbor set
2025-11-13 03:00:23 - 8_0.2_1 - INFO - => result | total 2,240 | correct 69 | acc 3.08% | err 96.92% | macro_f1 0.20%
2025-11-13 03:00:23 - 8_0.2_1 - INFO - Evaluate on the client7 local set
2025-11-13 03:00:26 - 8_0.2_1 - INFO - => result | total 234 | correct 0 | acc 0.00% | err 100.00% | macro_f1 0.00%
2025-11-13 03:00:26 - 8_0.2_1 - INFO - Evaluate on the client7 neighbor set
2025-11-13 03:00:58 - 8_0.2_1 - INFO - => result | total 2,229 | correct 64 | acc 2.87% | err 97.13% | macro_f1 0.17%
2025-11-13 03:00:58 - 8_0.2_1 - INFO - Evaluate on the client8 local set
2025-11-13 03:01:01 - 8_0.2_1 - INFO - => result | total 205 | correct 0 | acc 0.00% | err 100.00% | macro_f1 0.00%
2025-11-13 03:01:01 - 8_0.2_1 - INFO - Evaluate on the client8 neighbor set
2025-11-13 03:01:36 - 8_0.2_1 - INFO - => result | total 2,258 | correct 63 | acc 2.79% | err 97.21% | macro_f1 0.17%
2025-11-13 03:01:36 - 8_0.2_1 - INFO - Evaluate on the client9 local set
2025-11-13 03:01:41 - 8_0.2_1 - INFO - => result | total 319 | correct 60 | acc 18.81% | err 81.19% | macro_f1 5.78%
2025-11-13 03:01:41 - 8_0.2_1 - INFO - Evaluate on the client9 neighbor set
2025-11-13 03:02:14 - 8_0.2_1 - INFO - => result | total 2,144 | correct 0 | acc 0.00% | err 100.00% | macro_f1 0.00%
2025-11-13 03:02:14 - 8_0.2_1 - INFO - Global test local acc: 1.88
2025-11-13 03:02:14 - 8_0.2_1 - INFO - Global test neighbor acc: 2.86
2025-11-13 03:02:14 - 8_0.2_1 - INFO - ------------local test finish-------------
2025-11-13 03:02:14 - 8_0.2_1 - INFO - [Epoch 29/30] 测试耗时: 348.96s
2025-11-13 03:03:16 - 8_0.2_1 - INFO - [Epoch 30/30] 训练耗时: 62.37s | 平均训练准确率: 2.64
2025-11-13 03:03:16 - 8_0.2_1 - INFO - ------------local test start-------------
2025-11-13 03:03:16 - 8_0.2_1 - INFO - Evaluate on the client0 local set
2025-11-13 03:03:21 - 8_0.2_1 - INFO - => result | total 269 | correct 0 | acc 0.00% | err 100.00% | macro_f1 0.00%
2025-11-13 03:03:21 - 8_0.2_1 - INFO - Evaluate on the client0 neighbor set
2025-11-13 03:03:57 - 8_0.2_1 - INFO - => result | total 2,194 | correct 67 | acc 3.05% | err 96.95% | macro_f1 0.30%
2025-11-13 03:03:57 - 8_0.2_1 - INFO - Evaluate on the client1 local set
2025-11-13 03:04:03 - 8_0.2_1 - INFO - => result | total 339 | correct 0 | acc 0.00% | err 100.00% | macro_f1 0.00%
2025-11-13 03:04:03 - 8_0.2_1 - INFO - Evaluate on the client1 neighbor set
2025-11-13 03:04:37 - 8_0.2_1 - INFO - => result | total 2,124 | correct 69 | acc 3.25% | err 96.75% | macro_f1 0.32%
2025-11-13 03:04:37 - 8_0.2_1 - INFO - Evaluate on the client2 local set
2025-11-13 03:04:40 - 8_0.2_1 - INFO - => result | total 223 | correct 0 | acc 0.00% | err 100.00% | macro_f1 0.00%
2025-11-13 03:04:40 - 8_0.2_1 - INFO - Evaluate on the client2 neighbor set
2025-11-13 03:05:15 - 8_0.2_1 - INFO - => result | total 2,240 | correct 70 | acc 3.12% | err 96.88% | macro_f1 0.33%
2025-11-13 03:05:15 - 8_0.2_1 - INFO - Evaluate on the client3 local set
2025-11-13 03:05:18 - 8_0.2_1 - INFO - => result | total 211 | correct 0 | acc 0.00% | err 100.00% | macro_f1 0.00%
2025-11-13 03:05:18 - 8_0.2_1 - INFO - Evaluate on the client3 neighbor set
2025-11-13 03:05:56 - 8_0.2_1 - INFO - => result | total 2,252 | correct 71 | acc 3.15% | err 96.85% | macro_f1 0.31%
2025-11-13 03:05:56 - 8_0.2_1 - INFO - Evaluate on the client4 local set
2025-11-13 03:05:58 - 8_0.2_1 - INFO - => result | total 178 | correct 0 | acc 0.00% | err 100.00% | macro_f1 0.00%
2025-11-13 03:05:58 - 8_0.2_1 - INFO - Evaluate on the client4 neighbor set
2025-11-13 03:06:34 - 8_0.2_1 - INFO - => result | total 2,285 | correct 71 | acc 3.11% | err 96.89% | macro_f1 0.32%
2025-11-13 03:06:34 - 8_0.2_1 - INFO - Evaluate on the client5 local set
2025-11-13 03:06:38 - 8_0.2_1 - INFO - => result | total 262 | correct 0 | acc 0.00% | err 100.00% | macro_f1 0.00%
2025-11-13 03:06:38 - 8_0.2_1 - INFO - Evaluate on the client5 neighbor set
2025-11-13 03:07:13 - 8_0.2_1 - INFO - => result | total 2,201 | correct 71 | acc 3.23% | err 96.77% | macro_f1 0.34%
2025-11-13 03:07:13 - 8_0.2_1 - INFO - Evaluate on the client6 local set
2025-11-13 03:07:17 - 8_0.2_1 - INFO - => result | total 223 | correct 0 | acc 0.00% | err 100.00% | macro_f1 0.00%
2025-11-13 03:07:17 - 8_0.2_1 - INFO - Evaluate on the client6 neighbor set
2025-11-13 03:07:51 - 8_0.2_1 - INFO - => result | total 2,240 | correct 71 | acc 3.17% | err 96.83% | macro_f1 0.28%
2025-11-13 03:07:51 - 8_0.2_1 - INFO - Evaluate on the client7 local set
2025-11-13 03:07:55 - 8_0.2_1 - INFO - => result | total 234 | correct 0 | acc 0.00% | err 100.00% | macro_f1 0.00%
2025-11-13 03:07:55 - 8_0.2_1 - INFO - Evaluate on the client7 neighbor set
2025-11-13 03:08:30 - 8_0.2_1 - INFO - => result | total 2,229 | correct 71 | acc 3.19% | err 96.81% | macro_f1 0.29%
2025-11-13 03:08:30 - 8_0.2_1 - INFO - Evaluate on the client8 local set
2025-11-13 03:08:34 - 8_0.2_1 - INFO - => result | total 205 | correct 0 | acc 0.00% | err 100.00% | macro_f1 0.00%
2025-11-13 03:08:34 - 8_0.2_1 - INFO - Evaluate on the client8 neighbor set
2025-11-13 03:09:09 - 8_0.2_1 - INFO - => result | total 2,258 | correct 72 | acc 3.19% | err 96.81% | macro_f1 0.28%
2025-11-13 03:09:09 - 8_0.2_1 - INFO - Evaluate on the client9 local set
2025-11-13 03:09:15 - 8_0.2_1 - INFO - => result | total 319 | correct 72 | acc 22.57% | err 77.43% | macro_f1 8.28%
2025-11-13 03:09:15 - 8_0.2_1 - INFO - Evaluate on the client9 neighbor set
2025-11-13 03:09:48 - 8_0.2_1 - INFO - => result | total 2,144 | correct 0 | acc 0.00% | err 100.00% | macro_f1 0.00%
2025-11-13 03:09:48 - 8_0.2_1 - INFO - Global test local acc: 2.26
2025-11-13 03:09:48 - 8_0.2_1 - INFO - Global test neighbor acc: 2.85
2025-11-13 03:09:48 - 8_0.2_1 - INFO - ------------local test finish-------------
2025-11-13 03:09:48 - 8_0.2_1 - INFO - [Epoch 30/30] 测试耗时: 392.09s
2025-11-13 03:09:48 - 8_0.2_1 - INFO - maximum test local acc: 2.257
2025-11-13 03:09:48 - 8_0.2_1 - INFO - mean of local acc: 2.019
2025-11-13 03:09:48 - 8_0.2_1 - INFO - maximum test neighbor acc: 2.857
2025-11-13 03:09:48 - 8_0.2_1 - INFO - mean of neighbor acc: 2.627
