2025-11-13 03:53:18 - 8_0.1_1 - INFO - 日志文件已创建: logs/oxford_flowers/fedotp/8_0.1_1_20251113_035318.log
2025-11-13 03:53:18 - 8_0.1_1 - INFO - Loading trainer: DP_FPL
2025-11-13 03:53:18 - 8_0.1_1 - INFO - Loading dataset: OxfordFlowers
2025-11-13 03:53:18 - 8_0.1_1 - INFO - Reading split from /home/liuxin25/dataset/oxford_flowers/split_zhou_OxfordFlowers.json
2025-11-13 03:53:18 - 8_0.1_1 - INFO - Creating a baseline federated dataset
2025-11-13 03:53:18 - 8_0.1_1 - INFO - class_num 102
2025-11-13 03:53:18 - 8_0.1_1 - INFO - user class dict total [90, 54, 31, 35, 55, 72, 92, 42, 95, 84]
2025-11-13 03:53:18 - 8_0.1_1 - INFO - idx: 0, output_dict_len: 451
2025-11-13 03:53:18 - 8_0.1_1 - INFO - user class dict total [74, 0, 1, 80, 27, 20, 77, 50, 66, 45]
2025-11-13 03:53:18 - 8_0.1_1 - INFO - idx: 1, output_dict_len: 562
2025-11-13 03:53:18 - 8_0.1_1 - INFO - user class dict total [44, 82, 14, 32, 52, 70, 28, 51, 10, 21]
2025-11-13 03:53:18 - 8_0.1_1 - INFO - idx: 2, output_dict_len: 373
2025-11-13 03:53:18 - 8_0.1_1 - INFO - user class dict total [33, 75, 5, 48, 87, 98, 23, 69, 62, 7]
2025-11-13 03:53:18 - 8_0.1_1 - INFO - idx: 3, output_dict_len: 350
2025-11-13 03:53:18 - 8_0.1_1 - INFO - user class dict total [17, 18, 60, 34, 11, 58, 86, 13, 41, 30]
2025-11-13 03:53:18 - 8_0.1_1 - INFO - idx: 4, output_dict_len: 302
2025-11-13 03:53:18 - 8_0.1_1 - INFO - user class dict total [24, 71, 56, 76, 37, 6, 53, 79, 97, 39]
2025-11-13 03:53:18 - 8_0.1_1 - INFO - idx: 5, output_dict_len: 433
2025-11-13 03:53:18 - 8_0.1_1 - INFO - user class dict total [47, 65, 36, 91, 3, 63, 59, 9, 96, 64]
2025-11-13 03:53:18 - 8_0.1_1 - INFO - idx: 6, output_dict_len: 367
2025-11-13 03:53:18 - 8_0.1_1 - INFO - user class dict total [94, 88, 99, 61, 19, 25, 4, 16, 8, 46]
2025-11-13 03:53:18 - 8_0.1_1 - INFO - idx: 7, output_dict_len: 387
2025-11-13 03:53:18 - 8_0.1_1 - INFO - user class dict total [26, 2, 93, 85, 29, 22, 100, 67, 68, 38]
2025-11-13 03:53:18 - 8_0.1_1 - INFO - idx: 8, output_dict_len: 341
2025-11-13 03:53:18 - 8_0.1_1 - INFO - user class dict total [83, 15, 12, 81, 43, 73, 78, 40, 101, 57, 89, 49]
2025-11-13 03:53:18 - 8_0.1_1 - INFO - idx: 9, output_dict_len: 527
2025-11-13 03:53:18 - 8_0.1_1 - INFO - Creating a baseline federated dataset
2025-11-13 03:53:18 - 8_0.1_1 - INFO - class_num 102
2025-11-13 03:53:18 - 8_0.1_1 - INFO - user class dict total [90, 54, 31, 35, 55, 72, 92, 42, 95, 84]
2025-11-13 03:53:18 - 8_0.1_1 - INFO - idx: 0, output_dict_len: 269
2025-11-13 03:53:18 - 8_0.1_1 - INFO - user class dict total [74, 0, 1, 80, 27, 20, 77, 50, 66, 45]
2025-11-13 03:53:18 - 8_0.1_1 - INFO - idx: 1, output_dict_len: 339
2025-11-13 03:53:18 - 8_0.1_1 - INFO - user class dict total [44, 82, 14, 32, 52, 70, 28, 51, 10, 21]
2025-11-13 03:53:18 - 8_0.1_1 - INFO - idx: 2, output_dict_len: 223
2025-11-13 03:53:18 - 8_0.1_1 - INFO - user class dict total [33, 75, 5, 48, 87, 98, 23, 69, 62, 7]
2025-11-13 03:53:18 - 8_0.1_1 - INFO - idx: 3, output_dict_len: 211
2025-11-13 03:53:18 - 8_0.1_1 - INFO - user class dict total [17, 18, 60, 34, 11, 58, 86, 13, 41, 30]
2025-11-13 03:53:18 - 8_0.1_1 - INFO - idx: 4, output_dict_len: 178
2025-11-13 03:53:18 - 8_0.1_1 - INFO - user class dict total [24, 71, 56, 76, 37, 6, 53, 79, 97, 39]
2025-11-13 03:53:18 - 8_0.1_1 - INFO - idx: 5, output_dict_len: 262
2025-11-13 03:53:18 - 8_0.1_1 - INFO - user class dict total [47, 65, 36, 91, 3, 63, 59, 9, 96, 64]
2025-11-13 03:53:18 - 8_0.1_1 - INFO - idx: 6, output_dict_len: 223
2025-11-13 03:53:18 - 8_0.1_1 - INFO - user class dict total [94, 88, 99, 61, 19, 25, 4, 16, 8, 46]
2025-11-13 03:53:18 - 8_0.1_1 - INFO - idx: 7, output_dict_len: 234
2025-11-13 03:53:18 - 8_0.1_1 - INFO - user class dict total [26, 2, 93, 85, 29, 22, 100, 67, 68, 38]
2025-11-13 03:53:18 - 8_0.1_1 - INFO - idx: 8, output_dict_len: 205
2025-11-13 03:53:18 - 8_0.1_1 - INFO - user class dict total [83, 15, 12, 81, 43, 73, 78, 40, 101, 57, 89, 49]
2025-11-13 03:53:18 - 8_0.1_1 - INFO - idx: 9, output_dict_len: 319
2025-11-13 03:53:18 - 8_0.1_1 - INFO - Loading CLIP (backbone: ViT-B/16)
2025-11-13 03:53:21 - 8_0.1_1 - INFO - Building custom CLIP
2025-11-13 03:53:21 - 8_0.1_1 - INFO - Turning off gradients in both the image and the text encoder
2025-11-13 03:54:24 - 8_0.1_1 - INFO - [Epoch 1/30] 训练耗时: 62.65s | 平均训练准确率: 0.24
2025-11-13 03:55:12 - 8_0.1_1 - INFO - [Epoch 2/30] 训练耗时: 47.38s | 平均训练准确率: 1.01
2025-11-13 03:56:09 - 8_0.1_1 - INFO - [Epoch 3/30] 训练耗时: 57.16s | 平均训练准确率: 0.28
2025-11-13 03:57:11 - 8_0.1_1 - INFO - [Epoch 4/30] 训练耗时: 62.56s | 平均训练准确率: 0.69
2025-11-13 03:58:15 - 8_0.1_1 - INFO - [Epoch 5/30] 训练耗时: 64.03s | 平均训练准确率: 2.67
2025-11-13 03:59:19 - 8_0.1_1 - INFO - [Epoch 6/30] 训练耗时: 63.99s | 平均训练准确率: 2.99
2025-11-13 04:00:23 - 8_0.1_1 - INFO - [Epoch 7/30] 训练耗时: 63.62s | 平均训练准确率: 2.99
2025-11-13 04:01:15 - 8_0.1_1 - INFO - [Epoch 8/30] 训练耗时: 52.09s | 平均训练准确率: 2.88
2025-11-13 04:02:05 - 8_0.1_1 - INFO - [Epoch 9/30] 训练耗时: 49.99s | 平均训练准确率: 2.99
2025-11-13 04:03:09 - 8_0.1_1 - INFO - [Epoch 10/30] 训练耗时: 63.70s | 平均训练准确率: 2.88
2025-11-13 04:04:12 - 8_0.1_1 - INFO - [Epoch 11/30] 训练耗时: 63.56s | 平均训练准确率: 2.92
2025-11-13 04:05:15 - 8_0.1_1 - INFO - [Epoch 12/30] 训练耗时: 62.76s | 平均训练准确率: 2.85
2025-11-13 04:06:18 - 8_0.1_1 - INFO - [Epoch 13/30] 训练耗时: 62.75s | 平均训练准确率: 1.74
2025-11-13 04:07:23 - 8_0.1_1 - INFO - [Epoch 14/30] 训练耗时: 64.91s | 平均训练准确率: 2.01
2025-11-13 04:08:04 - 8_0.1_1 - INFO - [Epoch 15/30] 训练耗时: 41.53s | 平均训练准确率: 1.39
2025-11-13 04:08:46 - 8_0.1_1 - INFO - [Epoch 16/30] 训练耗时: 42.04s | 平均训练准确率: 1.42
2025-11-13 04:09:29 - 8_0.1_1 - INFO - [Epoch 17/30] 训练耗时: 42.42s | 平均训练准确率: 1.56
2025-11-13 04:10:11 - 8_0.1_1 - INFO - [Epoch 18/30] 训练耗时: 42.15s | 平均训练准确率: 1.39
2025-11-13 04:10:52 - 8_0.1_1 - INFO - [Epoch 19/30] 训练耗时: 41.02s | 平均训练准确率: 1.56
2025-11-13 04:11:35 - 8_0.1_1 - INFO - [Epoch 20/30] 训练耗时: 42.96s | 平均训练准确率: 1.46
2025-11-13 04:12:17 - 8_0.1_1 - INFO - [Epoch 21/30] 训练耗时: 42.28s | 平均训练准确率: 1.42
2025-11-13 04:12:58 - 8_0.1_1 - INFO - [Epoch 22/30] 训练耗时: 40.83s | 平均训练准确率: 1.53
2025-11-13 04:13:40 - 8_0.1_1 - INFO - [Epoch 23/30] 训练耗时: 42.28s | 平均训练准确率: 1.39
2025-11-13 04:14:21 - 8_0.1_1 - INFO - [Epoch 24/30] 训练耗时: 40.78s | 平均训练准确率: 1.70
2025-11-13 04:15:03 - 8_0.1_1 - INFO - [Epoch 25/30] 训练耗时: 41.47s | 平均训练准确率: 1.56
2025-11-13 04:15:42 - 8_0.1_1 - INFO - [Epoch 26/30] 训练耗时: 39.86s | 平均训练准确率: 1.49
2025-11-13 04:16:22 - 8_0.1_1 - INFO - [Epoch 27/30] 训练耗时: 39.63s | 平均训练准确率: 1.63
2025-11-13 04:17:03 - 8_0.1_1 - INFO - [Epoch 28/30] 训练耗时: 40.76s | 平均训练准确率: 1.49
2025-11-13 04:17:03 - 8_0.1_1 - INFO - ------------local test start-------------
2025-11-13 04:17:03 - 8_0.1_1 - INFO - Evaluate on the client0 local set
2025-11-13 04:17:07 - 8_0.1_1 - INFO - => result | total 269 | correct 0 | acc 0.00% | err 100.00% | macro_f1 0.00%
2025-11-13 04:17:07 - 8_0.1_1 - INFO - Evaluate on the client0 neighbor set
2025-11-13 04:17:37 - 8_0.1_1 - INFO - => result | total 2,194 | correct 46 | acc 2.10% | err 97.90% | macro_f1 0.13%
2025-11-13 04:17:37 - 8_0.1_1 - INFO - Evaluate on the client1 local set
2025-11-13 04:17:42 - 8_0.1_1 - INFO - => result | total 339 | correct 0 | acc 0.00% | err 100.00% | macro_f1 0.00%
2025-11-13 04:17:42 - 8_0.1_1 - INFO - Evaluate on the client1 neighbor set
2025-11-13 04:18:12 - 8_0.1_1 - INFO - => result | total 2,124 | correct 44 | acc 2.07% | err 97.93% | macro_f1 0.13%
2025-11-13 04:18:12 - 8_0.1_1 - INFO - Evaluate on the client2 local set
2025-11-13 04:18:15 - 8_0.1_1 - INFO - => result | total 223 | correct 0 | acc 0.00% | err 100.00% | macro_f1 0.00%
2025-11-13 04:18:15 - 8_0.1_1 - INFO - Evaluate on the client2 neighbor set
2025-11-13 04:18:46 - 8_0.1_1 - INFO - => result | total 2,240 | correct 45 | acc 2.01% | err 97.99% | macro_f1 0.12%
2025-11-13 04:18:46 - 8_0.1_1 - INFO - Evaluate on the client3 local set
2025-11-13 04:18:48 - 8_0.1_1 - INFO - => result | total 211 | correct 0 | acc 0.00% | err 100.00% | macro_f1 0.00%
2025-11-13 04:18:48 - 8_0.1_1 - INFO - Evaluate on the client3 neighbor set
2025-11-13 04:19:19 - 8_0.1_1 - INFO - => result | total 2,252 | correct 44 | acc 1.95% | err 98.05% | macro_f1 0.12%
2025-11-13 04:19:19 - 8_0.1_1 - INFO - Evaluate on the client4 local set
2025-11-13 04:19:22 - 8_0.1_1 - INFO - => result | total 178 | correct 0 | acc 0.00% | err 100.00% | macro_f1 0.00%
2025-11-13 04:19:22 - 8_0.1_1 - INFO - Evaluate on the client4 neighbor set
2025-11-13 04:19:55 - 8_0.1_1 - INFO - => result | total 2,285 | correct 45 | acc 1.97% | err 98.03% | macro_f1 0.12%
2025-11-13 04:19:55 - 8_0.1_1 - INFO - Evaluate on the client5 local set
2025-11-13 04:19:59 - 8_0.1_1 - INFO - => result | total 262 | correct 0 | acc 0.00% | err 100.00% | macro_f1 0.00%
2025-11-13 04:19:59 - 8_0.1_1 - INFO - Evaluate on the client5 neighbor set
2025-11-13 04:20:30 - 8_0.1_1 - INFO - => result | total 2,201 | correct 43 | acc 1.95% | err 98.05% | macro_f1 0.12%
2025-11-13 04:20:30 - 8_0.1_1 - INFO - Evaluate on the client6 local set
2025-11-13 04:20:33 - 8_0.1_1 - INFO - => result | total 223 | correct 0 | acc 0.00% | err 100.00% | macro_f1 0.00%
2025-11-13 04:20:33 - 8_0.1_1 - INFO - Evaluate on the client6 neighbor set
2025-11-13 04:21:04 - 8_0.1_1 - INFO - => result | total 2,240 | correct 43 | acc 1.92% | err 98.08% | macro_f1 0.12%
2025-11-13 04:21:04 - 8_0.1_1 - INFO - Evaluate on the client7 local set
2025-11-13 04:21:08 - 8_0.1_1 - INFO - => result | total 234 | correct 0 | acc 0.00% | err 100.00% | macro_f1 0.00%
2025-11-13 04:21:08 - 8_0.1_1 - INFO - Evaluate on the client7 neighbor set
2025-11-13 04:21:40 - 8_0.1_1 - INFO - => result | total 2,229 | correct 43 | acc 1.93% | err 98.07% | macro_f1 0.12%
2025-11-13 04:21:40 - 8_0.1_1 - INFO - Evaluate on the client8 local set
2025-11-13 04:21:43 - 8_0.1_1 - INFO - => result | total 205 | correct 0 | acc 0.00% | err 100.00% | macro_f1 0.00%
2025-11-13 04:21:43 - 8_0.1_1 - INFO - Evaluate on the client8 neighbor set
2025-11-13 04:22:14 - 8_0.1_1 - INFO - => result | total 2,258 | correct 43 | acc 1.90% | err 98.10% | macro_f1 0.12%
2025-11-13 04:22:14 - 8_0.1_1 - INFO - Evaluate on the client9 local set
2025-11-13 04:22:18 - 8_0.1_1 - INFO - => result | total 319 | correct 43 | acc 13.48% | err 86.52% | macro_f1 4.81%
2025-11-13 04:22:18 - 8_0.1_1 - INFO - Evaluate on the client9 neighbor set
2025-11-13 04:22:47 - 8_0.1_1 - INFO - => result | total 2,144 | correct 0 | acc 0.00% | err 100.00% | macro_f1 0.00%
2025-11-13 04:22:47 - 8_0.1_1 - INFO - Global test local acc: 1.35
2025-11-13 04:22:47 - 8_0.1_1 - INFO - Global test neighbor acc: 1.78
2025-11-13 04:22:47 - 8_0.1_1 - INFO - ------------local test finish-------------
2025-11-13 04:22:47 - 8_0.1_1 - INFO - [Epoch 28/30] 测试耗时: 343.71s
2025-11-13 04:23:29 - 8_0.1_1 - INFO - [Epoch 29/30] 训练耗时: 42.67s | 平均训练准确率: 3.33
2025-11-13 04:23:29 - 8_0.1_1 - INFO - ------------local test start-------------
2025-11-13 04:23:29 - 8_0.1_1 - INFO - Evaluate on the client0 local set
2025-11-13 04:23:33 - 8_0.1_1 - INFO - => result | total 269 | correct 0 | acc 0.00% | err 100.00% | macro_f1 0.00%
2025-11-13 04:23:33 - 8_0.1_1 - INFO - Evaluate on the client0 neighbor set
2025-11-13 04:24:03 - 8_0.1_1 - INFO - => result | total 2,194 | correct 59 | acc 2.69% | err 97.31% | macro_f1 0.39%
2025-11-13 04:24:03 - 8_0.1_1 - INFO - Evaluate on the client1 local set
2025-11-13 04:24:09 - 8_0.1_1 - INFO - => result | total 339 | correct 0 | acc 0.00% | err 100.00% | macro_f1 0.00%
2025-11-13 04:24:09 - 8_0.1_1 - INFO - Evaluate on the client1 neighbor set
2025-11-13 04:24:38 - 8_0.1_1 - INFO - => result | total 2,124 | correct 68 | acc 3.20% | err 96.80% | macro_f1 0.38%
2025-11-13 04:24:38 - 8_0.1_1 - INFO - Evaluate on the client2 local set
2025-11-13 04:24:41 - 8_0.1_1 - INFO - => result | total 223 | correct 0 | acc 0.00% | err 100.00% | macro_f1 0.00%
2025-11-13 04:24:41 - 8_0.1_1 - INFO - Evaluate on the client2 neighbor set
2025-11-13 04:25:12 - 8_0.1_1 - INFO - => result | total 2,240 | correct 71 | acc 3.17% | err 96.83% | macro_f1 0.39%
2025-11-13 04:25:12 - 8_0.1_1 - INFO - Evaluate on the client3 local set
2025-11-13 04:25:15 - 8_0.1_1 - INFO - => result | total 211 | correct 0 | acc 0.00% | err 100.00% | macro_f1 0.00%
2025-11-13 04:25:15 - 8_0.1_1 - INFO - Evaluate on the client3 neighbor set
2025-11-13 04:25:48 - 8_0.1_1 - INFO - => result | total 2,252 | correct 75 | acc 3.33% | err 96.67% | macro_f1 0.38%
2025-11-13 04:25:48 - 8_0.1_1 - INFO - Evaluate on the client4 local set
2025-11-13 04:25:50 - 8_0.1_1 - INFO - => result | total 178 | correct 0 | acc 0.00% | err 100.00% | macro_f1 0.00%
2025-11-13 04:25:50 - 8_0.1_1 - INFO - Evaluate on the client4 neighbor set
2025-11-13 04:26:21 - 8_0.1_1 - INFO - => result | total 2,285 | correct 77 | acc 3.37% | err 96.63% | macro_f1 0.37%
2025-11-13 04:26:21 - 8_0.1_1 - INFO - Evaluate on the client5 local set
2025-11-13 04:26:25 - 8_0.1_1 - INFO - => result | total 262 | correct 0 | acc 0.00% | err 100.00% | macro_f1 0.00%
2025-11-13 04:26:25 - 8_0.1_1 - INFO - Evaluate on the client5 neighbor set
2025-11-13 04:26:56 - 8_0.1_1 - INFO - => result | total 2,201 | correct 80 | acc 3.63% | err 96.37% | macro_f1 0.39%
2025-11-13 04:26:56 - 8_0.1_1 - INFO - Evaluate on the client6 local set
2025-11-13 04:27:00 - 8_0.1_1 - INFO - => result | total 223 | correct 0 | acc 0.00% | err 100.00% | macro_f1 0.00%
2025-11-13 04:27:00 - 8_0.1_1 - INFO - Evaluate on the client6 neighbor set
2025-11-13 04:27:32 - 8_0.1_1 - INFO - => result | total 2,240 | correct 83 | acc 3.71% | err 96.29% | macro_f1 0.35%
2025-11-13 04:27:32 - 8_0.1_1 - INFO - Evaluate on the client7 local set
2025-11-13 04:27:35 - 8_0.1_1 - INFO - => result | total 234 | correct 0 | acc 0.00% | err 100.00% | macro_f1 0.00%
2025-11-13 04:27:35 - 8_0.1_1 - INFO - Evaluate on the client7 neighbor set
2025-11-13 04:28:06 - 8_0.1_1 - INFO - => result | total 2,229 | correct 86 | acc 3.86% | err 96.14% | macro_f1 0.36%
2025-11-13 04:28:06 - 8_0.1_1 - INFO - Evaluate on the client8 local set
2025-11-13 04:28:09 - 8_0.1_1 - INFO - => result | total 205 | correct 0 | acc 0.00% | err 100.00% | macro_f1 0.00%
2025-11-13 04:28:09 - 8_0.1_1 - INFO - Evaluate on the client8 neighbor set
2025-11-13 04:28:41 - 8_0.1_1 - INFO - => result | total 2,258 | correct 90 | acc 3.99% | err 96.01% | macro_f1 0.33%
2025-11-13 04:28:41 - 8_0.1_1 - INFO - Evaluate on the client9 local set
2025-11-13 04:28:46 - 8_0.1_1 - INFO - => result | total 319 | correct 91 | acc 28.53% | err 71.47% | macro_f1 12.92%
2025-11-13 04:28:46 - 8_0.1_1 - INFO - Evaluate on the client9 neighbor set
2025-11-13 04:29:15 - 8_0.1_1 - INFO - => result | total 2,144 | correct 0 | acc 0.00% | err 100.00% | macro_f1 0.00%
2025-11-13 04:29:15 - 8_0.1_1 - INFO - Global test local acc: 2.85
2025-11-13 04:29:15 - 8_0.1_1 - INFO - Global test neighbor acc: 3.09
2025-11-13 04:29:15 - 8_0.1_1 - INFO - ------------local test finish-------------
2025-11-13 04:29:15 - 8_0.1_1 - INFO - [Epoch 29/30] 测试耗时: 345.96s
2025-11-13 04:29:57 - 8_0.1_1 - INFO - [Epoch 30/30] 训练耗时: 41.93s | 平均训练准确率: 3.85
2025-11-13 04:29:57 - 8_0.1_1 - INFO - ------------local test start-------------
2025-11-13 04:29:57 - 8_0.1_1 - INFO - Evaluate on the client0 local set
2025-11-13 04:30:01 - 8_0.1_1 - INFO - => result | total 269 | correct 0 | acc 0.00% | err 100.00% | macro_f1 0.00%
2025-11-13 04:30:01 - 8_0.1_1 - INFO - Evaluate on the client0 neighbor set
2025-11-13 04:30:30 - 8_0.1_1 - INFO - => result | total 2,194 | correct 34 | acc 1.55% | err 98.45% | macro_f1 0.07%
2025-11-13 04:30:30 - 8_0.1_1 - INFO - Evaluate on the client1 local set
2025-11-13 04:30:35 - 8_0.1_1 - INFO - => result | total 339 | correct 0 | acc 0.00% | err 100.00% | macro_f1 0.00%
2025-11-13 04:30:35 - 8_0.1_1 - INFO - Evaluate on the client1 neighbor set
2025-11-13 04:31:07 - 8_0.1_1 - INFO - => result | total 2,124 | correct 33 | acc 1.55% | err 98.45% | macro_f1 0.07%
2025-11-13 04:31:07 - 8_0.1_1 - INFO - Evaluate on the client2 local set
2025-11-13 04:31:10 - 8_0.1_1 - INFO - => result | total 223 | correct 0 | acc 0.00% | err 100.00% | macro_f1 0.00%
2025-11-13 04:31:10 - 8_0.1_1 - INFO - Evaluate on the client2 neighbor set
2025-11-13 04:31:48 - 8_0.1_1 - INFO - => result | total 2,240 | correct 33 | acc 1.47% | err 98.53% | macro_f1 0.06%
2025-11-13 04:31:48 - 8_0.1_1 - INFO - Evaluate on the client3 local set
2025-11-13 04:31:51 - 8_0.1_1 - INFO - => result | total 211 | correct 0 | acc 0.00% | err 100.00% | macro_f1 0.00%
2025-11-13 04:31:51 - 8_0.1_1 - INFO - Evaluate on the client3 neighbor set
2025-11-13 04:32:28 - 8_0.1_1 - INFO - => result | total 2,252 | correct 32 | acc 1.42% | err 98.58% | macro_f1 0.06%
2025-11-13 04:32:28 - 8_0.1_1 - INFO - Evaluate on the client4 local set
2025-11-13 04:32:33 - 8_0.1_1 - INFO - => result | total 178 | correct 0 | acc 0.00% | err 100.00% | macro_f1 0.00%
2025-11-13 04:32:33 - 8_0.1_1 - INFO - Evaluate on the client4 neighbor set
2025-11-13 04:33:07 - 8_0.1_1 - INFO - => result | total 2,285 | correct 32 | acc 1.40% | err 98.60% | macro_f1 0.06%
2025-11-13 04:33:07 - 8_0.1_1 - INFO - Evaluate on the client5 local set
2025-11-13 04:33:11 - 8_0.1_1 - INFO - => result | total 262 | correct 0 | acc 0.00% | err 100.00% | macro_f1 0.00%
2025-11-13 04:33:11 - 8_0.1_1 - INFO - Evaluate on the client5 neighbor set
2025-11-13 04:33:47 - 8_0.1_1 - INFO - => result | total 2,201 | correct 32 | acc 1.45% | err 98.55% | macro_f1 0.06%
2025-11-13 04:33:47 - 8_0.1_1 - INFO - Evaluate on the client6 local set
2025-11-13 04:33:50 - 8_0.1_1 - INFO - => result | total 223 | correct 0 | acc 0.00% | err 100.00% | macro_f1 0.00%
2025-11-13 04:33:50 - 8_0.1_1 - INFO - Evaluate on the client6 neighbor set
2025-11-13 04:34:24 - 8_0.1_1 - INFO - => result | total 2,240 | correct 32 | acc 1.43% | err 98.57% | macro_f1 0.06%
2025-11-13 04:34:24 - 8_0.1_1 - INFO - Evaluate on the client7 local set
2025-11-13 04:34:28 - 8_0.1_1 - INFO - => result | total 234 | correct 0 | acc 0.00% | err 100.00% | macro_f1 0.00%
2025-11-13 04:34:28 - 8_0.1_1 - INFO - Evaluate on the client7 neighbor set
2025-11-13 04:35:01 - 8_0.1_1 - INFO - => result | total 2,229 | correct 32 | acc 1.44% | err 98.56% | macro_f1 0.06%
2025-11-13 04:35:01 - 8_0.1_1 - INFO - Evaluate on the client8 local set
2025-11-13 04:35:04 - 8_0.1_1 - INFO - => result | total 205 | correct 0 | acc 0.00% | err 100.00% | macro_f1 0.00%
2025-11-13 04:35:04 - 8_0.1_1 - INFO - Evaluate on the client8 neighbor set
2025-11-13 04:35:41 - 8_0.1_1 - INFO - => result | total 2,258 | correct 33 | acc 1.46% | err 98.54% | macro_f1 0.06%
2025-11-13 04:35:41 - 8_0.1_1 - INFO - Evaluate on the client9 local set
2025-11-13 04:35:46 - 8_0.1_1 - INFO - => result | total 319 | correct 34 | acc 10.66% | err 89.34% | macro_f1 3.01%
2025-11-13 04:35:46 - 8_0.1_1 - INFO - Evaluate on the client9 neighbor set
2025-11-13 04:36:18 - 8_0.1_1 - INFO - => result | total 2,144 | correct 0 | acc 0.00% | err 100.00% | macro_f1 0.00%
2025-11-13 04:36:18 - 8_0.1_1 - INFO - Global test local acc: 1.07
2025-11-13 04:36:18 - 8_0.1_1 - INFO - Global test neighbor acc: 1.32
2025-11-13 04:36:18 - 8_0.1_1 - INFO - ------------local test finish-------------
2025-11-13 04:36:18 - 8_0.1_1 - INFO - [Epoch 30/30] 测试耗时: 380.78s
2025-11-13 04:36:18 - 8_0.1_1 - INFO - maximum test local acc: 2.853
2025-11-13 04:36:18 - 8_0.1_1 - INFO - mean of local acc: 1.755
2025-11-13 04:36:18 - 8_0.1_1 - INFO - maximum test neighbor acc: 3.094
2025-11-13 04:36:18 - 8_0.1_1 - INFO - mean of neighbor acc: 2.064
