2025-11-16 02:36:48 - 8_0.4_1 - INFO - 日志文件已创建: logs/oxford_flowers/fedotp/8_0.4_1_20251116_023648.log
2025-11-16 02:36:48 - 8_0.4_1 - INFO - Loading trainer: DP_FPL
2025-11-16 02:36:48 - 8_0.4_1 - INFO - Loading dataset: OxfordFlowers
2025-11-16 02:36:48 - 8_0.4_1 - INFO - Reading split from /home/liuxin25/dataset/oxford_flowers/split_zhou_OxfordFlowers.json
2025-11-16 02:36:48 - 8_0.4_1 - INFO - Creating a baseline federated dataset
2025-11-16 02:36:48 - 8_0.4_1 - INFO - class_num 102
2025-11-16 02:36:48 - 8_0.4_1 - INFO - user class dict total [90, 54, 31, 35, 55, 72, 92, 42, 95, 84]
2025-11-16 02:36:48 - 8_0.4_1 - INFO - idx: 0, output_dict_len: 451
2025-11-16 02:36:48 - 8_0.4_1 - INFO - user class dict total [74, 0, 1, 80, 27, 20, 77, 50, 66, 45]
2025-11-16 02:36:48 - 8_0.4_1 - INFO - idx: 1, output_dict_len: 562
2025-11-16 02:36:48 - 8_0.4_1 - INFO - user class dict total [44, 82, 14, 32, 52, 70, 28, 51, 10, 21]
2025-11-16 02:36:48 - 8_0.4_1 - INFO - idx: 2, output_dict_len: 373
2025-11-16 02:36:48 - 8_0.4_1 - INFO - user class dict total [33, 75, 5, 48, 87, 98, 23, 69, 62, 7]
2025-11-16 02:36:48 - 8_0.4_1 - INFO - idx: 3, output_dict_len: 350
2025-11-16 02:36:48 - 8_0.4_1 - INFO - user class dict total [17, 18, 60, 34, 11, 58, 86, 13, 41, 30]
2025-11-16 02:36:48 - 8_0.4_1 - INFO - idx: 4, output_dict_len: 302
2025-11-16 02:36:48 - 8_0.4_1 - INFO - user class dict total [24, 71, 56, 76, 37, 6, 53, 79, 97, 39]
2025-11-16 02:36:48 - 8_0.4_1 - INFO - idx: 5, output_dict_len: 433
2025-11-16 02:36:48 - 8_0.4_1 - INFO - user class dict total [47, 65, 36, 91, 3, 63, 59, 9, 96, 64]
2025-11-16 02:36:48 - 8_0.4_1 - INFO - idx: 6, output_dict_len: 367
2025-11-16 02:36:48 - 8_0.4_1 - INFO - user class dict total [94, 88, 99, 61, 19, 25, 4, 16, 8, 46]
2025-11-16 02:36:48 - 8_0.4_1 - INFO - idx: 7, output_dict_len: 387
2025-11-16 02:36:48 - 8_0.4_1 - INFO - user class dict total [26, 2, 93, 85, 29, 22, 100, 67, 68, 38]
2025-11-16 02:36:48 - 8_0.4_1 - INFO - idx: 8, output_dict_len: 341
2025-11-16 02:36:48 - 8_0.4_1 - INFO - user class dict total [83, 15, 12, 81, 43, 73, 78, 40, 101, 57, 89, 49]
2025-11-16 02:36:48 - 8_0.4_1 - INFO - idx: 9, output_dict_len: 527
2025-11-16 02:36:48 - 8_0.4_1 - INFO - Creating a baseline federated dataset
2025-11-16 02:36:48 - 8_0.4_1 - INFO - class_num 102
2025-11-16 02:36:48 - 8_0.4_1 - INFO - user class dict total [90, 54, 31, 35, 55, 72, 92, 42, 95, 84]
2025-11-16 02:36:48 - 8_0.4_1 - INFO - idx: 0, output_dict_len: 269
2025-11-16 02:36:48 - 8_0.4_1 - INFO - user class dict total [74, 0, 1, 80, 27, 20, 77, 50, 66, 45]
2025-11-16 02:36:48 - 8_0.4_1 - INFO - idx: 1, output_dict_len: 339
2025-11-16 02:36:48 - 8_0.4_1 - INFO - user class dict total [44, 82, 14, 32, 52, 70, 28, 51, 10, 21]
2025-11-16 02:36:48 - 8_0.4_1 - INFO - idx: 2, output_dict_len: 223
2025-11-16 02:36:48 - 8_0.4_1 - INFO - user class dict total [33, 75, 5, 48, 87, 98, 23, 69, 62, 7]
2025-11-16 02:36:48 - 8_0.4_1 - INFO - idx: 3, output_dict_len: 211
2025-11-16 02:36:48 - 8_0.4_1 - INFO - user class dict total [17, 18, 60, 34, 11, 58, 86, 13, 41, 30]
2025-11-16 02:36:48 - 8_0.4_1 - INFO - idx: 4, output_dict_len: 178
2025-11-16 02:36:48 - 8_0.4_1 - INFO - user class dict total [24, 71, 56, 76, 37, 6, 53, 79, 97, 39]
2025-11-16 02:36:48 - 8_0.4_1 - INFO - idx: 5, output_dict_len: 262
2025-11-16 02:36:48 - 8_0.4_1 - INFO - user class dict total [47, 65, 36, 91, 3, 63, 59, 9, 96, 64]
2025-11-16 02:36:48 - 8_0.4_1 - INFO - idx: 6, output_dict_len: 223
2025-11-16 02:36:48 - 8_0.4_1 - INFO - user class dict total [94, 88, 99, 61, 19, 25, 4, 16, 8, 46]
2025-11-16 02:36:48 - 8_0.4_1 - INFO - idx: 7, output_dict_len: 234
2025-11-16 02:36:48 - 8_0.4_1 - INFO - user class dict total [26, 2, 93, 85, 29, 22, 100, 67, 68, 38]
2025-11-16 02:36:48 - 8_0.4_1 - INFO - idx: 8, output_dict_len: 205
2025-11-16 02:36:48 - 8_0.4_1 - INFO - user class dict total [83, 15, 12, 81, 43, 73, 78, 40, 101, 57, 89, 49]
2025-11-16 02:36:48 - 8_0.4_1 - INFO - idx: 9, output_dict_len: 319
2025-11-16 02:36:48 - 8_0.4_1 - INFO - Loading CLIP (backbone: ViT-B/16)
2025-11-16 02:36:50 - 8_0.4_1 - INFO - Building custom CLIP
2025-11-16 02:36:50 - 8_0.4_1 - INFO - Turning off gradients in both the image and the text encoder
2025-11-16 02:37:19 - 8_0.4_1 - INFO - [Epoch 1/30] 训练耗时: 28.93s | 平均训练准确率: 7.43
2025-11-16 02:37:46 - 8_0.4_1 - INFO - [Epoch 2/30] 训练耗时: 27.23s | 平均训练准确率: 44.97
2025-11-16 02:38:14 - 8_0.4_1 - INFO - [Epoch 3/30] 训练耗时: 27.85s | 平均训练准确率: 59.72
2025-11-16 02:38:42 - 8_0.4_1 - INFO - [Epoch 4/30] 训练耗时: 28.04s | 平均训练准确率: 57.19
2025-11-16 02:39:10 - 8_0.4_1 - INFO - [Epoch 5/30] 训练耗时: 28.03s | 平均训练准确率: 59.62
2025-11-16 02:39:38 - 8_0.4_1 - INFO - [Epoch 6/30] 训练耗时: 28.10s | 平均训练准确率: 60.21
2025-11-16 02:40:06 - 8_0.4_1 - INFO - [Epoch 7/30] 训练耗时: 28.08s | 平均训练准确率: 58.26
2025-11-16 02:40:35 - 8_0.4_1 - INFO - [Epoch 8/30] 训练耗时: 28.12s | 平均训练准确率: 55.90
2025-11-16 02:41:03 - 8_0.4_1 - INFO - [Epoch 9/30] 训练耗时: 28.12s | 平均训练准确率: 57.64
2025-11-16 02:41:31 - 8_0.4_1 - INFO - [Epoch 10/30] 训练耗时: 28.03s | 平均训练准确率: 61.04
2025-11-16 02:41:59 - 8_0.4_1 - INFO - [Epoch 11/30] 训练耗时: 28.16s | 平均训练准确率: 59.83
2025-11-16 02:42:27 - 8_0.4_1 - INFO - [Epoch 12/30] 训练耗时: 28.05s | 平均训练准确率: 59.83
2025-11-16 02:42:55 - 8_0.4_1 - INFO - [Epoch 13/30] 训练耗时: 28.01s | 平均训练准确率: 58.30
2025-11-16 02:43:23 - 8_0.4_1 - INFO - [Epoch 14/30] 训练耗时: 27.96s | 平均训练准确率: 57.19
2025-11-16 02:43:50 - 8_0.4_1 - INFO - [Epoch 15/30] 训练耗时: 27.16s | 平均训练准确率: 55.83
2025-11-16 02:44:18 - 8_0.4_1 - INFO - [Epoch 16/30] 训练耗时: 27.68s | 平均训练准确率: 56.70
2025-11-16 02:44:46 - 8_0.4_1 - INFO - [Epoch 17/30] 训练耗时: 28.10s | 平均训练准确率: 56.22
2025-11-16 02:45:11 - 8_0.4_1 - INFO - [Epoch 18/30] 训练耗时: 25.70s | 平均训练准确率: 56.11
2025-11-16 02:45:37 - 8_0.4_1 - INFO - [Epoch 19/30] 训练耗时: 25.25s | 平均训练准确率: 57.26
2025-11-16 02:46:04 - 8_0.4_1 - INFO - [Epoch 20/30] 训练耗时: 27.37s | 平均训练准确率: 56.67
2025-11-16 02:46:32 - 8_0.4_1 - INFO - [Epoch 21/30] 训练耗时: 28.01s | 平均训练准确率: 56.35
2025-11-16 02:46:57 - 8_0.4_1 - INFO - [Epoch 22/30] 训练耗时: 25.24s | 平均训练准确率: 57.60
2025-11-16 02:47:23 - 8_0.4_1 - INFO - [Epoch 23/30] 训练耗时: 25.20s | 平均训练准确率: 57.12
2025-11-16 02:47:48 - 8_0.4_1 - INFO - [Epoch 24/30] 训练耗时: 25.18s | 平均训练准确率: 58.65
2025-11-16 02:48:13 - 8_0.4_1 - INFO - [Epoch 25/30] 训练耗时: 25.20s | 平均训练准确率: 58.33
2025-11-16 02:48:38 - 8_0.4_1 - INFO - [Epoch 26/30] 训练耗时: 25.30s | 平均训练准确率: 59.69
2025-11-16 02:49:03 - 8_0.4_1 - INFO - [Epoch 27/30] 训练耗时: 25.21s | 平均训练准确率: 59.06
2025-11-16 02:49:32 - 8_0.4_1 - INFO - [Epoch 28/30] 训练耗时: 28.20s | 平均训练准确率: 60.24
2025-11-16 02:49:32 - 8_0.4_1 - INFO - ------------local test start-------------
2025-11-16 02:49:32 - 8_0.4_1 - INFO - Evaluate on the client0 local set
2025-11-16 02:49:34 - 8_0.4_1 - INFO - => result | total 269 | correct 124 | acc 46.10% | err 53.90% | macro_f1 46.87%
2025-11-16 02:49:34 - 8_0.4_1 - INFO - Evaluate on the client0 neighbor set
2025-11-16 02:49:52 - 8_0.4_1 - INFO - => result | total 2,194 | correct 1,430 | acc 65.18% | err 34.82% | macro_f1 58.10%
2025-11-16 02:49:52 - 8_0.4_1 - INFO - Evaluate on the client1 local set
2025-11-16 02:49:55 - 8_0.4_1 - INFO - => result | total 339 | correct 203 | acc 59.88% | err 40.12% | macro_f1 62.88%
2025-11-16 02:49:55 - 8_0.4_1 - INFO - Evaluate on the client1 neighbor set
2025-11-16 02:50:12 - 8_0.4_1 - INFO - => result | total 2,124 | correct 1,350 | acc 63.56% | err 36.44% | macro_f1 56.79%
2025-11-16 02:50:12 - 8_0.4_1 - INFO - Evaluate on the client2 local set
2025-11-16 02:50:14 - 8_0.4_1 - INFO - => result | total 223 | correct 166 | acc 74.44% | err 25.56% | macro_f1 69.65%
2025-11-16 02:50:14 - 8_0.4_1 - INFO - Evaluate on the client2 neighbor set
2025-11-16 02:50:32 - 8_0.4_1 - INFO - => result | total 2,240 | correct 1,385 | acc 61.83% | err 38.17% | macro_f1 55.52%
2025-11-16 02:50:32 - 8_0.4_1 - INFO - Evaluate on the client3 local set
2025-11-16 02:50:34 - 8_0.4_1 - INFO - => result | total 211 | correct 171 | acc 81.04% | err 18.96% | macro_f1 80.41%
2025-11-16 02:50:34 - 8_0.4_1 - INFO - Evaluate on the client3 neighbor set
2025-11-16 02:50:53 - 8_0.4_1 - INFO - => result | total 2,252 | correct 1,383 | acc 61.41% | err 38.59% | macro_f1 55.16%
2025-11-16 02:50:53 - 8_0.4_1 - INFO - Evaluate on the client4 local set
2025-11-16 02:50:54 - 8_0.4_1 - INFO - => result | total 178 | correct 107 | acc 60.11% | err 39.89% | macro_f1 73.14%
2025-11-16 02:50:54 - 8_0.4_1 - INFO - Evaluate on the client4 neighbor set
2025-11-16 02:51:13 - 8_0.4_1 - INFO - => result | total 2,285 | correct 1,449 | acc 63.41% | err 36.59% | macro_f1 55.83%
2025-11-16 02:51:13 - 8_0.4_1 - INFO - Evaluate on the client5 local set
2025-11-16 02:51:15 - 8_0.4_1 - INFO - => result | total 262 | correct 200 | acc 76.34% | err 23.66% | macro_f1 72.85%
2025-11-16 02:51:15 - 8_0.4_1 - INFO - Evaluate on the client5 neighbor set
2025-11-16 02:51:33 - 8_0.4_1 - INFO - => result | total 2,201 | correct 1,358 | acc 61.70% | err 38.30% | macro_f1 55.36%
2025-11-16 02:51:33 - 8_0.4_1 - INFO - Evaluate on the client6 local set
2025-11-16 02:51:35 - 8_0.4_1 - INFO - => result | total 223 | correct 95 | acc 42.60% | err 57.40% | macro_f1 49.96%
2025-11-16 02:51:35 - 8_0.4_1 - INFO - Evaluate on the client6 neighbor set
2025-11-16 02:51:53 - 8_0.4_1 - INFO - => result | total 2,240 | correct 1,463 | acc 65.31% | err 34.69% | macro_f1 58.22%
2025-11-16 02:51:53 - 8_0.4_1 - INFO - Evaluate on the client7 local set
2025-11-16 02:51:55 - 8_0.4_1 - INFO - => result | total 234 | correct 142 | acc 60.68% | err 39.32% | macro_f1 73.55%
2025-11-16 02:51:55 - 8_0.4_1 - INFO - Evaluate on the client7 neighbor set
2025-11-16 02:52:13 - 8_0.4_1 - INFO - => result | total 2,229 | correct 1,415 | acc 63.48% | err 36.52% | macro_f1 55.35%
2025-11-16 02:52:13 - 8_0.4_1 - INFO - Evaluate on the client8 local set
2025-11-16 02:52:15 - 8_0.4_1 - INFO - => result | total 205 | correct 115 | acc 56.10% | err 43.90% | macro_f1 48.75%
2025-11-16 02:52:15 - 8_0.4_1 - INFO - Evaluate on the client8 neighbor set
2025-11-16 02:52:33 - 8_0.4_1 - INFO - => result | total 2,258 | correct 1,442 | acc 63.86% | err 36.14% | macro_f1 58.22%
2025-11-16 02:52:33 - 8_0.4_1 - INFO - Evaluate on the client9 local set
2025-11-16 02:52:36 - 8_0.4_1 - INFO - => result | total 319 | correct 229 | acc 71.79% | err 28.21% | macro_f1 68.82%
2025-11-16 02:52:36 - 8_0.4_1 - INFO - Evaluate on the client9 neighbor set
2025-11-16 02:52:54 - 8_0.4_1 - INFO - => result | total 2,144 | correct 1,327 | acc 61.89% | err 38.11% | macro_f1 55.98%
2025-11-16 02:52:54 - 8_0.4_1 - INFO - Global test local acc: 62.91
2025-11-16 02:52:54 - 8_0.4_1 - INFO - Global test neighbor acc: 63.16
2025-11-16 02:52:54 - 8_0.4_1 - INFO - ------------local test finish-------------
2025-11-16 02:52:54 - 8_0.4_1 - INFO - [Epoch 28/30] 测试耗时: 202.79s
2025-11-16 02:53:20 - 8_0.4_1 - INFO - [Epoch 29/30] 训练耗时: 25.71s | 平均训练准确率: 61.84
2025-11-16 02:53:20 - 8_0.4_1 - INFO - ------------local test start-------------
2025-11-16 02:53:20 - 8_0.4_1 - INFO - Evaluate on the client0 local set
2025-11-16 02:53:22 - 8_0.4_1 - INFO - => result | total 269 | correct 135 | acc 50.19% | err 49.81% | macro_f1 49.32%
2025-11-16 02:53:22 - 8_0.4_1 - INFO - Evaluate on the client0 neighbor set
2025-11-16 02:53:41 - 8_0.4_1 - INFO - => result | total 2,194 | correct 1,468 | acc 66.91% | err 33.09% | macro_f1 60.04%
2025-11-16 02:53:41 - 8_0.4_1 - INFO - Evaluate on the client1 local set
2025-11-16 02:53:43 - 8_0.4_1 - INFO - => result | total 339 | correct 212 | acc 62.54% | err 37.46% | macro_f1 65.73%
2025-11-16 02:53:43 - 8_0.4_1 - INFO - Evaluate on the client1 neighbor set
2025-11-16 02:54:00 - 8_0.4_1 - INFO - => result | total 2,124 | correct 1,393 | acc 65.58% | err 34.42% | macro_f1 58.98%
2025-11-16 02:54:00 - 8_0.4_1 - INFO - Evaluate on the client2 local set
2025-11-16 02:54:02 - 8_0.4_1 - INFO - => result | total 223 | correct 176 | acc 78.92% | err 21.08% | macro_f1 73.60%
2025-11-16 02:54:02 - 8_0.4_1 - INFO - Evaluate on the client2 neighbor set
2025-11-16 02:54:20 - 8_0.4_1 - INFO - => result | total 2,240 | correct 1,428 | acc 63.75% | err 36.25% | macro_f1 57.44%
2025-11-16 02:54:20 - 8_0.4_1 - INFO - Evaluate on the client3 local set
2025-11-16 02:54:22 - 8_0.4_1 - INFO - => result | total 211 | correct 169 | acc 80.09% | err 19.91% | macro_f1 80.15%
2025-11-16 02:54:22 - 8_0.4_1 - INFO - Evaluate on the client3 neighbor set
2025-11-16 02:54:40 - 8_0.4_1 - INFO - => result | total 2,252 | correct 1,435 | acc 63.72% | err 36.28% | macro_f1 57.40%
2025-11-16 02:54:40 - 8_0.4_1 - INFO - Evaluate on the client4 local set
2025-11-16 02:54:42 - 8_0.4_1 - INFO - => result | total 178 | correct 110 | acc 61.80% | err 38.20% | macro_f1 74.30%
2025-11-16 02:54:42 - 8_0.4_1 - INFO - Evaluate on the client4 neighbor set
2025-11-16 02:55:00 - 8_0.4_1 - INFO - => result | total 2,285 | correct 1,492 | acc 65.30% | err 34.70% | macro_f1 57.75%
2025-11-16 02:55:00 - 8_0.4_1 - INFO - Evaluate on the client5 local set
2025-11-16 02:55:02 - 8_0.4_1 - INFO - => result | total 262 | correct 212 | acc 80.92% | err 19.08% | macro_f1 76.68%
2025-11-16 02:55:02 - 8_0.4_1 - INFO - Evaluate on the client5 neighbor set
2025-11-16 02:55:20 - 8_0.4_1 - INFO - => result | total 2,201 | correct 1,389 | acc 63.11% | err 36.89% | macro_f1 56.66%
2025-11-16 02:55:20 - 8_0.4_1 - INFO - Evaluate on the client6 local set
2025-11-16 02:55:22 - 8_0.4_1 - INFO - => result | total 223 | correct 94 | acc 42.15% | err 57.85% | macro_f1 49.85%
2025-11-16 02:55:22 - 8_0.4_1 - INFO - Evaluate on the client6 neighbor set
2025-11-16 02:55:40 - 8_0.4_1 - INFO - => result | total 2,240 | correct 1,507 | acc 67.28% | err 32.72% | macro_f1 59.97%
2025-11-16 02:55:40 - 8_0.4_1 - INFO - Evaluate on the client7 local set
2025-11-16 02:55:42 - 8_0.4_1 - INFO - => result | total 234 | correct 143 | acc 61.11% | err 38.89% | macro_f1 72.91%
2025-11-16 02:55:42 - 8_0.4_1 - INFO - Evaluate on the client7 neighbor set
2025-11-16 02:56:00 - 8_0.4_1 - INFO - => result | total 2,229 | correct 1,458 | acc 65.41% | err 34.59% | macro_f1 57.35%
2025-11-16 02:56:00 - 8_0.4_1 - INFO - Evaluate on the client8 local set
2025-11-16 02:56:01 - 8_0.4_1 - INFO - => result | total 205 | correct 117 | acc 57.07% | err 42.93% | macro_f1 50.40%
2025-11-16 02:56:01 - 8_0.4_1 - INFO - Evaluate on the client8 neighbor set
2025-11-16 02:56:19 - 8_0.4_1 - INFO - => result | total 2,258 | correct 1,483 | acc 65.68% | err 34.32% | macro_f1 60.09%
2025-11-16 02:56:19 - 8_0.4_1 - INFO - Evaluate on the client9 local set
2025-11-16 02:56:22 - 8_0.4_1 - INFO - => result | total 319 | correct 233 | acc 73.04% | err 26.96% | macro_f1 71.65%
2025-11-16 02:56:22 - 8_0.4_1 - INFO - Evaluate on the client9 neighbor set
2025-11-16 02:56:39 - 8_0.4_1 - INFO - => result | total 2,144 | correct 1,365 | acc 63.67% | err 36.33% | macro_f1 57.51%
2025-11-16 02:56:39 - 8_0.4_1 - INFO - Global test local acc: 64.78
2025-11-16 02:56:39 - 8_0.4_1 - INFO - Global test neighbor acc: 65.04
2025-11-16 02:56:39 - 8_0.4_1 - INFO - ------------local test finish-------------
2025-11-16 02:56:39 - 8_0.4_1 - INFO - [Epoch 29/30] 测试耗时: 198.92s
2025-11-16 02:57:06 - 8_0.4_1 - INFO - [Epoch 30/30] 训练耗时: 26.87s | 平均训练准确率: 61.18
2025-11-16 02:57:06 - 8_0.4_1 - INFO - ------------local test start-------------
2025-11-16 02:57:06 - 8_0.4_1 - INFO - Evaluate on the client0 local set
2025-11-16 02:57:09 - 8_0.4_1 - INFO - => result | total 269 | correct 133 | acc 49.44% | err 50.56% | macro_f1 49.20%
2025-11-16 02:57:09 - 8_0.4_1 - INFO - Evaluate on the client0 neighbor set
2025-11-16 02:57:26 - 8_0.4_1 - INFO - => result | total 2,194 | correct 1,482 | acc 67.55% | err 32.45% | macro_f1 60.81%
2025-11-16 02:57:26 - 8_0.4_1 - INFO - Evaluate on the client1 local set
2025-11-16 02:57:29 - 8_0.4_1 - INFO - => result | total 339 | correct 208 | acc 61.36% | err 38.64% | macro_f1 65.07%
2025-11-16 02:57:29 - 8_0.4_1 - INFO - Evaluate on the client1 neighbor set
2025-11-16 02:57:47 - 8_0.4_1 - INFO - => result | total 2,124 | correct 1,405 | acc 66.15% | err 33.85% | macro_f1 59.48%
2025-11-16 02:57:47 - 8_0.4_1 - INFO - Evaluate on the client2 local set
2025-11-16 02:57:48 - 8_0.4_1 - INFO - => result | total 223 | correct 173 | acc 77.58% | err 22.42% | macro_f1 71.87%
2025-11-16 02:57:48 - 8_0.4_1 - INFO - Evaluate on the client2 neighbor set
2025-11-16 02:58:07 - 8_0.4_1 - INFO - => result | total 2,240 | correct 1,440 | acc 64.29% | err 35.71% | macro_f1 58.44%
2025-11-16 02:58:07 - 8_0.4_1 - INFO - Evaluate on the client3 local set
2025-11-16 02:58:08 - 8_0.4_1 - INFO - => result | total 211 | correct 173 | acc 81.99% | err 18.01% | macro_f1 81.45%
2025-11-16 02:58:08 - 8_0.4_1 - INFO - Evaluate on the client3 neighbor set
2025-11-16 02:58:27 - 8_0.4_1 - INFO - => result | total 2,252 | correct 1,438 | acc 63.85% | err 36.15% | macro_f1 57.77%
2025-11-16 02:58:27 - 8_0.4_1 - INFO - Evaluate on the client4 local set
2025-11-16 02:58:29 - 8_0.4_1 - INFO - => result | total 178 | correct 113 | acc 63.48% | err 36.52% | macro_f1 75.89%
2025-11-16 02:58:29 - 8_0.4_1 - INFO - Evaluate on the client4 neighbor set
2025-11-16 02:58:47 - 8_0.4_1 - INFO - => result | total 2,285 | correct 1,497 | acc 65.51% | err 34.49% | macro_f1 58.12%
2025-11-16 02:58:47 - 8_0.4_1 - INFO - Evaluate on the client5 local set
2025-11-16 02:58:50 - 8_0.4_1 - INFO - => result | total 262 | correct 212 | acc 80.92% | err 19.08% | macro_f1 76.66%
2025-11-16 02:58:50 - 8_0.4_1 - INFO - Evaluate on the client5 neighbor set
2025-11-16 02:59:07 - 8_0.4_1 - INFO - => result | total 2,201 | correct 1,396 | acc 63.43% | err 36.57% | macro_f1 57.36%
2025-11-16 02:59:07 - 8_0.4_1 - INFO - Evaluate on the client6 local set
2025-11-16 02:59:09 - 8_0.4_1 - INFO - => result | total 223 | correct 97 | acc 43.50% | err 56.50% | macro_f1 51.31%
2025-11-16 02:59:09 - 8_0.4_1 - INFO - Evaluate on the client6 neighbor set
2025-11-16 02:59:27 - 8_0.4_1 - INFO - => result | total 2,240 | correct 1,510 | acc 67.41% | err 32.59% | macro_f1 60.60%
2025-11-16 02:59:27 - 8_0.4_1 - INFO - Evaluate on the client7 local set
2025-11-16 02:59:29 - 8_0.4_1 - INFO - => result | total 234 | correct 147 | acc 62.82% | err 37.18% | macro_f1 74.32%
2025-11-16 02:59:29 - 8_0.4_1 - INFO - Evaluate on the client7 neighbor set
2025-11-16 02:59:47 - 8_0.4_1 - INFO - => result | total 2,229 | correct 1,460 | acc 65.50% | err 34.50% | macro_f1 57.75%
2025-11-16 02:59:47 - 8_0.4_1 - INFO - Evaluate on the client8 local set
2025-11-16 02:59:49 - 8_0.4_1 - INFO - => result | total 205 | correct 117 | acc 57.07% | err 42.93% | macro_f1 49.96%
2025-11-16 02:59:49 - 8_0.4_1 - INFO - Evaluate on the client8 neighbor set
2025-11-16 03:00:08 - 8_0.4_1 - INFO - => result | total 2,258 | correct 1,490 | acc 65.99% | err 34.01% | macro_f1 60.74%
2025-11-16 03:00:08 - 8_0.4_1 - INFO - Evaluate on the client9 local set
2025-11-16 03:00:10 - 8_0.4_1 - INFO - => result | total 319 | correct 238 | acc 74.61% | err 25.39% | macro_f1 73.85%
2025-11-16 03:00:10 - 8_0.4_1 - INFO - Evaluate on the client9 neighbor set
2025-11-16 03:00:28 - 8_0.4_1 - INFO - => result | total 2,144 | correct 1,368 | acc 63.81% | err 36.19% | macro_f1 57.83%
2025-11-16 03:00:28 - 8_0.4_1 - INFO - Global test local acc: 65.28
2025-11-16 03:00:28 - 8_0.4_1 - INFO - Global test neighbor acc: 65.35
2025-11-16 03:00:28 - 8_0.4_1 - INFO - ------------local test finish-------------
2025-11-16 03:00:28 - 8_0.4_1 - INFO - [Epoch 30/30] 测试耗时: 202.08s
2025-11-16 03:00:28 - 8_0.4_1 - INFO - maximum test local acc: 65.277
2025-11-16 03:00:28 - 8_0.4_1 - INFO - mean of local acc: 64.323
2025-11-16 03:00:28 - 8_0.4_1 - INFO - maximum test neighbor acc: 65.348
2025-11-16 03:00:28 - 8_0.4_1 - INFO - mean of neighbor acc: 64.517
