2025-11-16 08:55:03 - 8_0.01_1 - INFO - 日志文件已创建: logs/oxford_flowers/fedotp/8_0.01_1_20251116_085503.log
2025-11-16 08:55:03 - 8_0.01_1 - INFO - Loading trainer: DP_FPL
2025-11-16 08:55:03 - 8_0.01_1 - INFO - Loading dataset: OxfordFlowers
2025-11-16 08:55:03 - 8_0.01_1 - INFO - Reading split from /home/liuxin25/dataset/oxford_flowers/split_zhou_OxfordFlowers.json
2025-11-16 08:55:03 - 8_0.01_1 - INFO - Creating a baseline federated dataset
2025-11-16 08:55:03 - 8_0.01_1 - INFO - class_num 102
2025-11-16 08:55:03 - 8_0.01_1 - INFO - user class dict total [90, 54, 31, 35, 55, 72, 92, 42, 95, 84]
2025-11-16 08:55:03 - 8_0.01_1 - INFO - idx: 0, output_dict_len: 451
2025-11-16 08:55:03 - 8_0.01_1 - INFO - user class dict total [74, 0, 1, 80, 27, 20, 77, 50, 66, 45]
2025-11-16 08:55:03 - 8_0.01_1 - INFO - idx: 1, output_dict_len: 562
2025-11-16 08:55:03 - 8_0.01_1 - INFO - user class dict total [44, 82, 14, 32, 52, 70, 28, 51, 10, 21]
2025-11-16 08:55:03 - 8_0.01_1 - INFO - idx: 2, output_dict_len: 373
2025-11-16 08:55:03 - 8_0.01_1 - INFO - user class dict total [33, 75, 5, 48, 87, 98, 23, 69, 62, 7]
2025-11-16 08:55:03 - 8_0.01_1 - INFO - idx: 3, output_dict_len: 350
2025-11-16 08:55:03 - 8_0.01_1 - INFO - user class dict total [17, 18, 60, 34, 11, 58, 86, 13, 41, 30]
2025-11-16 08:55:03 - 8_0.01_1 - INFO - idx: 4, output_dict_len: 302
2025-11-16 08:55:03 - 8_0.01_1 - INFO - user class dict total [24, 71, 56, 76, 37, 6, 53, 79, 97, 39]
2025-11-16 08:55:03 - 8_0.01_1 - INFO - idx: 5, output_dict_len: 433
2025-11-16 08:55:03 - 8_0.01_1 - INFO - user class dict total [47, 65, 36, 91, 3, 63, 59, 9, 96, 64]
2025-11-16 08:55:03 - 8_0.01_1 - INFO - idx: 6, output_dict_len: 367
2025-11-16 08:55:03 - 8_0.01_1 - INFO - user class dict total [94, 88, 99, 61, 19, 25, 4, 16, 8, 46]
2025-11-16 08:55:03 - 8_0.01_1 - INFO - idx: 7, output_dict_len: 387
2025-11-16 08:55:03 - 8_0.01_1 - INFO - user class dict total [26, 2, 93, 85, 29, 22, 100, 67, 68, 38]
2025-11-16 08:55:03 - 8_0.01_1 - INFO - idx: 8, output_dict_len: 341
2025-11-16 08:55:03 - 8_0.01_1 - INFO - user class dict total [83, 15, 12, 81, 43, 73, 78, 40, 101, 57, 89, 49]
2025-11-16 08:55:03 - 8_0.01_1 - INFO - idx: 9, output_dict_len: 527
2025-11-16 08:55:03 - 8_0.01_1 - INFO - Creating a baseline federated dataset
2025-11-16 08:55:03 - 8_0.01_1 - INFO - class_num 102
2025-11-16 08:55:03 - 8_0.01_1 - INFO - user class dict total [90, 54, 31, 35, 55, 72, 92, 42, 95, 84]
2025-11-16 08:55:03 - 8_0.01_1 - INFO - idx: 0, output_dict_len: 269
2025-11-16 08:55:03 - 8_0.01_1 - INFO - user class dict total [74, 0, 1, 80, 27, 20, 77, 50, 66, 45]
2025-11-16 08:55:03 - 8_0.01_1 - INFO - idx: 1, output_dict_len: 339
2025-11-16 08:55:03 - 8_0.01_1 - INFO - user class dict total [44, 82, 14, 32, 52, 70, 28, 51, 10, 21]
2025-11-16 08:55:03 - 8_0.01_1 - INFO - idx: 2, output_dict_len: 223
2025-11-16 08:55:03 - 8_0.01_1 - INFO - user class dict total [33, 75, 5, 48, 87, 98, 23, 69, 62, 7]
2025-11-16 08:55:03 - 8_0.01_1 - INFO - idx: 3, output_dict_len: 211
2025-11-16 08:55:03 - 8_0.01_1 - INFO - user class dict total [17, 18, 60, 34, 11, 58, 86, 13, 41, 30]
2025-11-16 08:55:03 - 8_0.01_1 - INFO - idx: 4, output_dict_len: 178
2025-11-16 08:55:03 - 8_0.01_1 - INFO - user class dict total [24, 71, 56, 76, 37, 6, 53, 79, 97, 39]
2025-11-16 08:55:03 - 8_0.01_1 - INFO - idx: 5, output_dict_len: 262
2025-11-16 08:55:03 - 8_0.01_1 - INFO - user class dict total [47, 65, 36, 91, 3, 63, 59, 9, 96, 64]
2025-11-16 08:55:03 - 8_0.01_1 - INFO - idx: 6, output_dict_len: 223
2025-11-16 08:55:03 - 8_0.01_1 - INFO - user class dict total [94, 88, 99, 61, 19, 25, 4, 16, 8, 46]
2025-11-16 08:55:03 - 8_0.01_1 - INFO - idx: 7, output_dict_len: 234
2025-11-16 08:55:03 - 8_0.01_1 - INFO - user class dict total [26, 2, 93, 85, 29, 22, 100, 67, 68, 38]
2025-11-16 08:55:03 - 8_0.01_1 - INFO - idx: 8, output_dict_len: 205
2025-11-16 08:55:03 - 8_0.01_1 - INFO - user class dict total [83, 15, 12, 81, 43, 73, 78, 40, 101, 57, 89, 49]
2025-11-16 08:55:03 - 8_0.01_1 - INFO - idx: 9, output_dict_len: 319
2025-11-16 08:55:03 - 8_0.01_1 - INFO - Loading CLIP (backbone: ViT-B/16)
2025-11-16 08:55:05 - 8_0.01_1 - INFO - Building custom CLIP
2025-11-16 08:55:05 - 8_0.01_1 - INFO - Turning off gradients in both the image and the text encoder
2025-11-16 08:55:33 - 8_0.01_1 - INFO - [Epoch 1/30] 训练耗时: 28.58s | 平均训练准确率: 7.43
2025-11-16 08:56:01 - 8_0.01_1 - INFO - [Epoch 2/30] 训练耗时: 27.81s | 平均训练准确率: 31.28
2025-11-16 08:56:29 - 8_0.01_1 - INFO - [Epoch 3/30] 训练耗时: 27.78s | 平均训练准确率: 39.72
2025-11-16 08:56:57 - 8_0.01_1 - INFO - [Epoch 4/30] 训练耗时: 27.76s | 平均训练准确率: 21.08
2025-11-16 08:57:24 - 8_0.01_1 - INFO - [Epoch 5/30] 训练耗时: 27.68s | 平均训练准确率: 18.96
2025-11-16 08:57:52 - 8_0.01_1 - INFO - [Epoch 6/30] 训练耗时: 27.88s | 平均训练准确率: 19.58
2025-11-16 08:58:20 - 8_0.01_1 - INFO - [Epoch 7/30] 训练耗时: 27.74s | 平均训练准确率: 25.97
2025-11-16 08:58:47 - 8_0.01_1 - INFO - [Epoch 8/30] 训练耗时: 26.91s | 平均训练准确率: 31.67
2025-11-16 08:59:15 - 8_0.01_1 - INFO - [Epoch 9/30] 训练耗时: 27.70s | 平均训练准确率: 37.08
2025-11-16 08:59:43 - 8_0.01_1 - INFO - [Epoch 10/30] 训练耗时: 27.80s | 平均训练准确率: 39.10
2025-11-16 09:00:10 - 8_0.01_1 - INFO - [Epoch 11/30] 训练耗时: 27.86s | 平均训练准确率: 40.73
2025-11-16 09:00:38 - 8_0.01_1 - INFO - [Epoch 12/30] 训练耗时: 27.86s | 平均训练准确率: 40.00
2025-11-16 09:01:06 - 8_0.01_1 - INFO - [Epoch 13/30] 训练耗时: 27.88s | 平均训练准确率: 43.92
2025-11-16 09:01:34 - 8_0.01_1 - INFO - [Epoch 14/30] 训练耗时: 27.73s | 平均训练准确率: 43.65
2025-11-16 09:02:02 - 8_0.01_1 - INFO - [Epoch 15/30] 训练耗时: 27.75s | 平均训练准确率: 45.49
2025-11-16 09:02:29 - 8_0.01_1 - INFO - [Epoch 16/30] 训练耗时: 27.72s | 平均训练准确率: 47.19
2025-11-16 09:02:57 - 8_0.01_1 - INFO - [Epoch 17/30] 训练耗时: 27.75s | 平均训练准确率: 47.57
2025-11-16 09:03:25 - 8_0.01_1 - INFO - [Epoch 18/30] 训练耗时: 27.76s | 平均训练准确率: 46.91
2025-11-16 09:03:53 - 8_0.01_1 - INFO - [Epoch 19/30] 训练耗时: 27.87s | 平均训练准确率: 47.47
2025-11-16 09:04:20 - 8_0.01_1 - INFO - [Epoch 20/30] 训练耗时: 27.69s | 平均训练准确率: 47.33
2025-11-16 09:04:45 - 8_0.01_1 - INFO - [Epoch 21/30] 训练耗时: 24.30s | 平均训练准确率: 47.43
2025-11-16 09:05:10 - 8_0.01_1 - INFO - [Epoch 22/30] 训练耗时: 25.16s | 平均训练准确率: 47.57
2025-11-16 09:05:35 - 8_0.01_1 - INFO - [Epoch 23/30] 训练耗时: 25.11s | 平均训练准确率: 47.15
2025-11-16 09:06:02 - 8_0.01_1 - INFO - [Epoch 24/30] 训练耗时: 27.22s | 平均训练准确率: 46.88
2025-11-16 09:06:30 - 8_0.01_1 - INFO - [Epoch 25/30] 训练耗时: 27.84s | 平均训练准确率: 46.88
2025-11-16 09:06:58 - 8_0.01_1 - INFO - [Epoch 26/30] 训练耗时: 27.93s | 平均训练准确率: 46.46
2025-11-16 09:07:26 - 8_0.01_1 - INFO - [Epoch 27/30] 训练耗时: 27.85s | 平均训练准确率: 44.10
2025-11-16 09:07:53 - 8_0.01_1 - INFO - [Epoch 28/30] 训练耗时: 26.80s | 平均训练准确率: 47.57
2025-11-16 09:07:53 - 8_0.01_1 - INFO - ------------local test start-------------
2025-11-16 09:07:53 - 8_0.01_1 - INFO - Evaluate on the client0 local set
2025-11-16 09:07:55 - 8_0.01_1 - INFO - => result | total 269 | correct 102 | acc 37.92% | err 62.08% | macro_f1 31.86%
2025-11-16 09:07:55 - 8_0.01_1 - INFO - Evaluate on the client0 neighbor set
2025-11-16 09:08:13 - 8_0.01_1 - INFO - => result | total 2,194 | correct 1,170 | acc 53.33% | err 46.67% | macro_f1 44.41%
2025-11-16 09:08:13 - 8_0.01_1 - INFO - Evaluate on the client1 local set
2025-11-16 09:08:16 - 8_0.01_1 - INFO - => result | total 339 | correct 145 | acc 42.77% | err 57.23% | macro_f1 56.53%
2025-11-16 09:08:16 - 8_0.01_1 - INFO - Evaluate on the client1 neighbor set
2025-11-16 09:08:33 - 8_0.01_1 - INFO - => result | total 2,124 | correct 1,126 | acc 53.01% | err 46.99% | macro_f1 42.51%
2025-11-16 09:08:33 - 8_0.01_1 - INFO - Evaluate on the client2 local set
2025-11-16 09:08:35 - 8_0.01_1 - INFO - => result | total 223 | correct 135 | acc 60.54% | err 39.46% | macro_f1 53.84%
2025-11-16 09:08:35 - 8_0.01_1 - INFO - Evaluate on the client2 neighbor set
2025-11-16 09:08:54 - 8_0.01_1 - INFO - => result | total 2,240 | correct 1,135 | acc 50.67% | err 49.33% | macro_f1 42.48%
2025-11-16 09:08:54 - 8_0.01_1 - INFO - Evaluate on the client3 local set
2025-11-16 09:08:56 - 8_0.01_1 - INFO - => result | total 211 | correct 105 | acc 49.76% | err 50.24% | macro_f1 49.21%
2025-11-16 09:08:56 - 8_0.01_1 - INFO - Evaluate on the client3 neighbor set
2025-11-16 09:09:14 - 8_0.01_1 - INFO - => result | total 2,252 | correct 1,166 | acc 51.78% | err 48.22% | macro_f1 43.34%
2025-11-16 09:09:14 - 8_0.01_1 - INFO - Evaluate on the client4 local set
2025-11-16 09:09:15 - 8_0.01_1 - INFO - => result | total 178 | correct 101 | acc 56.74% | err 43.26% | macro_f1 63.22%
2025-11-16 09:09:15 - 8_0.01_1 - INFO - Evaluate on the client4 neighbor set
2025-11-16 09:09:34 - 8_0.01_1 - INFO - => result | total 2,285 | correct 1,169 | acc 51.16% | err 48.84% | macro_f1 42.06%
2025-11-16 09:09:34 - 8_0.01_1 - INFO - Evaluate on the client5 local set
2025-11-16 09:09:36 - 8_0.01_1 - INFO - => result | total 262 | correct 188 | acc 71.76% | err 28.24% | macro_f1 63.49%
2025-11-16 09:09:36 - 8_0.01_1 - INFO - Evaluate on the client5 neighbor set
2025-11-16 09:09:54 - 8_0.01_1 - INFO - => result | total 2,201 | correct 1,083 | acc 49.20% | err 50.80% | macro_f1 41.47%
2025-11-16 09:09:54 - 8_0.01_1 - INFO - Evaluate on the client6 local set
2025-11-16 09:09:56 - 8_0.01_1 - INFO - => result | total 223 | correct 91 | acc 40.81% | err 59.19% | macro_f1 43.24%
2025-11-16 09:09:56 - 8_0.01_1 - INFO - Evaluate on the client6 neighbor set
2025-11-16 09:10:14 - 8_0.01_1 - INFO - => result | total 2,240 | correct 1,178 | acc 52.59% | err 47.41% | macro_f1 43.52%
2025-11-16 09:10:14 - 8_0.01_1 - INFO - Evaluate on the client7 local set
2025-11-16 09:10:16 - 8_0.01_1 - INFO - => result | total 234 | correct 120 | acc 51.28% | err 48.72% | macro_f1 62.21%
2025-11-16 09:10:16 - 8_0.01_1 - INFO - Evaluate on the client7 neighbor set
2025-11-16 09:10:34 - 8_0.01_1 - INFO - => result | total 2,229 | correct 1,147 | acc 51.46% | err 48.54% | macro_f1 41.40%
2025-11-16 09:10:34 - 8_0.01_1 - INFO - Evaluate on the client8 local set
2025-11-16 09:10:35 - 8_0.01_1 - INFO - => result | total 205 | correct 93 | acc 45.37% | err 54.63% | macro_f1 40.12%
2025-11-16 09:10:35 - 8_0.01_1 - INFO - Evaluate on the client8 neighbor set
2025-11-16 09:10:53 - 8_0.01_1 - INFO - => result | total 2,258 | correct 1,174 | acc 51.99% | err 48.01% | macro_f1 44.25%
2025-11-16 09:10:53 - 8_0.01_1 - INFO - Evaluate on the client9 local set
2025-11-16 09:10:56 - 8_0.01_1 - INFO - => result | total 319 | correct 187 | acc 58.62% | err 41.38% | macro_f1 58.69%
2025-11-16 09:10:56 - 8_0.01_1 - INFO - Evaluate on the client9 neighbor set
2025-11-16 09:11:13 - 8_0.01_1 - INFO - => result | total 2,144 | correct 1,082 | acc 50.47% | err 49.53% | macro_f1 42.49%
2025-11-16 09:11:13 - 8_0.01_1 - INFO - Global test local acc: 51.56
2025-11-16 09:11:13 - 8_0.01_1 - INFO - Global test neighbor acc: 51.57
2025-11-16 09:11:13 - 8_0.01_1 - INFO - ------------local test finish-------------
2025-11-16 09:11:13 - 8_0.01_1 - INFO - [Epoch 28/30] 测试耗时: 200.77s
2025-11-16 09:11:38 - 8_0.01_1 - INFO - [Epoch 29/30] 训练耗时: 25.12s | 平均训练准确率: 49.51
2025-11-16 09:11:38 - 8_0.01_1 - INFO - ------------local test start-------------
2025-11-16 09:11:38 - 8_0.01_1 - INFO - Evaluate on the client0 local set
2025-11-16 09:11:41 - 8_0.01_1 - INFO - => result | total 269 | correct 106 | acc 39.41% | err 60.59% | macro_f1 35.71%
2025-11-16 09:11:41 - 8_0.01_1 - INFO - Evaluate on the client0 neighbor set
2025-11-16 09:11:59 - 8_0.01_1 - INFO - => result | total 2,194 | correct 1,165 | acc 53.10% | err 46.90% | macro_f1 43.46%
2025-11-16 09:11:59 - 8_0.01_1 - INFO - Evaluate on the client1 local set
2025-11-16 09:12:02 - 8_0.01_1 - INFO - => result | total 339 | correct 142 | acc 41.89% | err 58.11% | macro_f1 54.36%
2025-11-16 09:12:02 - 8_0.01_1 - INFO - Evaluate on the client1 neighbor set
2025-11-16 09:12:19 - 8_0.01_1 - INFO - => result | total 2,124 | correct 1,137 | acc 53.53% | err 46.47% | macro_f1 42.51%
2025-11-16 09:12:19 - 8_0.01_1 - INFO - Evaluate on the client2 local set
2025-11-16 09:12:21 - 8_0.01_1 - INFO - => result | total 223 | correct 133 | acc 59.64% | err 40.36% | macro_f1 52.08%
2025-11-16 09:12:21 - 8_0.01_1 - INFO - Evaluate on the client2 neighbor set
2025-11-16 09:12:39 - 8_0.01_1 - INFO - => result | total 2,240 | correct 1,153 | acc 51.47% | err 48.53% | macro_f1 42.96%
2025-11-16 09:12:39 - 8_0.01_1 - INFO - Evaluate on the client3 local set
2025-11-16 09:12:40 - 8_0.01_1 - INFO - => result | total 211 | correct 119 | acc 56.40% | err 43.60% | macro_f1 52.00%
2025-11-16 09:12:40 - 8_0.01_1 - INFO - Evaluate on the client3 neighbor set
2025-11-16 09:12:59 - 8_0.01_1 - INFO - => result | total 2,252 | correct 1,168 | acc 51.87% | err 48.13% | macro_f1 43.37%
2025-11-16 09:12:59 - 8_0.01_1 - INFO - Evaluate on the client4 local set
2025-11-16 09:13:00 - 8_0.01_1 - INFO - => result | total 178 | correct 97 | acc 54.49% | err 45.51% | macro_f1 58.95%
2025-11-16 09:13:00 - 8_0.01_1 - INFO - Evaluate on the client4 neighbor set
2025-11-16 09:13:19 - 8_0.01_1 - INFO - => result | total 2,285 | correct 1,193 | acc 52.21% | err 47.79% | macro_f1 42.65%
2025-11-16 09:13:19 - 8_0.01_1 - INFO - Evaluate on the client5 local set
2025-11-16 09:13:21 - 8_0.01_1 - INFO - => result | total 262 | correct 189 | acc 72.14% | err 27.86% | macro_f1 64.47%
2025-11-16 09:13:21 - 8_0.01_1 - INFO - Evaluate on the client5 neighbor set
2025-11-16 09:13:39 - 8_0.01_1 - INFO - => result | total 2,201 | correct 1,105 | acc 50.20% | err 49.80% | macro_f1 42.13%
2025-11-16 09:13:39 - 8_0.01_1 - INFO - Evaluate on the client6 local set
2025-11-16 09:13:41 - 8_0.01_1 - INFO - => result | total 223 | correct 87 | acc 39.01% | err 60.99% | macro_f1 41.99%
2025-11-16 09:13:41 - 8_0.01_1 - INFO - Evaluate on the client6 neighbor set
2025-11-16 09:13:59 - 8_0.01_1 - INFO - => result | total 2,240 | correct 1,209 | acc 53.97% | err 46.03% | macro_f1 44.58%
2025-11-16 09:13:59 - 8_0.01_1 - INFO - Evaluate on the client7 local set
2025-11-16 09:14:01 - 8_0.01_1 - INFO - => result | total 234 | correct 119 | acc 50.85% | err 49.15% | macro_f1 62.31%
2025-11-16 09:14:01 - 8_0.01_1 - INFO - Evaluate on the client7 neighbor set
2025-11-16 09:14:19 - 8_0.01_1 - INFO - => result | total 2,229 | correct 1,175 | acc 52.71% | err 47.29% | macro_f1 42.54%
2025-11-16 09:14:19 - 8_0.01_1 - INFO - Evaluate on the client8 local set
2025-11-16 09:14:21 - 8_0.01_1 - INFO - => result | total 205 | correct 96 | acc 46.83% | err 53.17% | macro_f1 41.15%
2025-11-16 09:14:21 - 8_0.01_1 - INFO - Evaluate on the client8 neighbor set
2025-11-16 09:14:39 - 8_0.01_1 - INFO - => result | total 2,258 | correct 1,199 | acc 53.10% | err 46.90% | macro_f1 45.22%
2025-11-16 09:14:39 - 8_0.01_1 - INFO - Evaluate on the client9 local set
2025-11-16 09:14:42 - 8_0.01_1 - INFO - => result | total 319 | correct 196 | acc 61.44% | err 38.56% | macro_f1 62.62%
2025-11-16 09:14:42 - 8_0.01_1 - INFO - Evaluate on the client9 neighbor set
2025-11-16 09:14:59 - 8_0.01_1 - INFO - => result | total 2,144 | correct 1,100 | acc 51.31% | err 48.69% | macro_f1 43.26%
2025-11-16 09:14:59 - 8_0.01_1 - INFO - Global test local acc: 52.21
2025-11-16 09:14:59 - 8_0.01_1 - INFO - Global test neighbor acc: 52.35
2025-11-16 09:14:59 - 8_0.01_1 - INFO - ------------local test finish-------------
2025-11-16 09:14:59 - 8_0.01_1 - INFO - [Epoch 29/30] 测试耗时: 200.90s
2025-11-16 09:15:25 - 8_0.01_1 - INFO - [Epoch 30/30] 训练耗时: 25.18s | 平均训练准确率: 50.07
2025-11-16 09:15:25 - 8_0.01_1 - INFO - ------------local test start-------------
2025-11-16 09:15:25 - 8_0.01_1 - INFO - Evaluate on the client0 local set
2025-11-16 09:15:27 - 8_0.01_1 - INFO - => result | total 269 | correct 123 | acc 45.72% | err 54.28% | macro_f1 45.29%
2025-11-16 09:15:27 - 8_0.01_1 - INFO - Evaluate on the client0 neighbor set
2025-11-16 09:15:45 - 8_0.01_1 - INFO - => result | total 2,194 | correct 1,215 | acc 55.38% | err 44.62% | macro_f1 46.18%
2025-11-16 09:15:45 - 8_0.01_1 - INFO - Evaluate on the client1 local set
2025-11-16 09:15:47 - 8_0.01_1 - INFO - => result | total 339 | correct 146 | acc 43.07% | err 56.93% | macro_f1 54.15%
2025-11-16 09:15:47 - 8_0.01_1 - INFO - Evaluate on the client1 neighbor set
2025-11-16 09:16:05 - 8_0.01_1 - INFO - => result | total 2,124 | correct 1,189 | acc 55.98% | err 44.02% | macro_f1 45.33%
2025-11-16 09:16:05 - 8_0.01_1 - INFO - Evaluate on the client2 local set
2025-11-16 09:16:07 - 8_0.01_1 - INFO - => result | total 223 | correct 138 | acc 61.88% | err 38.12% | macro_f1 56.18%
2025-11-16 09:16:07 - 8_0.01_1 - INFO - Evaluate on the client2 neighbor set
2025-11-16 09:16:25 - 8_0.01_1 - INFO - => result | total 2,240 | correct 1,197 | acc 53.44% | err 46.56% | macro_f1 45.44%
2025-11-16 09:16:25 - 8_0.01_1 - INFO - Evaluate on the client3 local set
2025-11-16 09:16:27 - 8_0.01_1 - INFO - => result | total 211 | correct 121 | acc 57.35% | err 42.65% | macro_f1 54.28%
2025-11-16 09:16:27 - 8_0.01_1 - INFO - Evaluate on the client3 neighbor set
2025-11-16 09:16:45 - 8_0.01_1 - INFO - => result | total 2,252 | correct 1,212 | acc 53.82% | err 46.18% | macro_f1 45.74%
2025-11-16 09:16:45 - 8_0.01_1 - INFO - Evaluate on the client4 local set
2025-11-16 09:16:46 - 8_0.01_1 - INFO - => result | total 178 | correct 101 | acc 56.74% | err 43.26% | macro_f1 64.89%
2025-11-16 09:16:46 - 8_0.01_1 - INFO - Evaluate on the client4 neighbor set
2025-11-16 09:17:05 - 8_0.01_1 - INFO - => result | total 2,285 | correct 1,234 | acc 54.00% | err 46.00% | macro_f1 44.89%
2025-11-16 09:17:05 - 8_0.01_1 - INFO - Evaluate on the client5 local set
2025-11-16 09:17:07 - 8_0.01_1 - INFO - => result | total 262 | correct 192 | acc 73.28% | err 26.72% | macro_f1 66.30%
2025-11-16 09:17:07 - 8_0.01_1 - INFO - Evaluate on the client5 neighbor set
2025-11-16 09:17:25 - 8_0.01_1 - INFO - => result | total 2,201 | correct 1,146 | acc 52.07% | err 47.93% | macro_f1 44.37%
2025-11-16 09:17:25 - 8_0.01_1 - INFO - Evaluate on the client6 local set
2025-11-16 09:17:27 - 8_0.01_1 - INFO - => result | total 223 | correct 97 | acc 43.50% | err 56.50% | macro_f1 46.04%
2025-11-16 09:17:27 - 8_0.01_1 - INFO - Evaluate on the client6 neighbor set
2025-11-16 09:17:45 - 8_0.01_1 - INFO - => result | total 2,240 | correct 1,237 | acc 55.22% | err 44.78% | macro_f1 46.37%
2025-11-16 09:17:45 - 8_0.01_1 - INFO - Evaluate on the client7 local set
2025-11-16 09:17:47 - 8_0.01_1 - INFO - => result | total 234 | correct 116 | acc 49.57% | err 50.43% | macro_f1 61.96%
2025-11-16 09:17:47 - 8_0.01_1 - INFO - Evaluate on the client7 neighbor set
2025-11-16 09:18:06 - 8_0.01_1 - INFO - => result | total 2,229 | correct 1,220 | acc 54.73% | err 45.27% | macro_f1 44.87%
2025-11-16 09:18:06 - 8_0.01_1 - INFO - Evaluate on the client8 local set
2025-11-16 09:18:07 - 8_0.01_1 - INFO - => result | total 205 | correct 95 | acc 46.34% | err 53.66% | macro_f1 39.02%
2025-11-16 09:18:07 - 8_0.01_1 - INFO - Evaluate on the client8 neighbor set
2025-11-16 09:18:27 - 8_0.01_1 - INFO - => result | total 2,258 | correct 1,238 | acc 54.83% | err 45.17% | macro_f1 47.44%
2025-11-16 09:18:27 - 8_0.01_1 - INFO - Evaluate on the client9 local set
2025-11-16 09:18:29 - 8_0.01_1 - INFO - => result | total 319 | correct 202 | acc 63.32% | err 36.68% | macro_f1 66.37%
2025-11-16 09:18:29 - 8_0.01_1 - INFO - Evaluate on the client9 neighbor set
2025-11-16 09:18:47 - 8_0.01_1 - INFO - => result | total 2,144 | correct 1,130 | acc 52.71% | err 47.29% | macro_f1 44.59%
2025-11-16 09:18:47 - 8_0.01_1 - INFO - Global test local acc: 54.08
2025-11-16 09:18:47 - 8_0.01_1 - INFO - Global test neighbor acc: 54.22
2025-11-16 09:18:47 - 8_0.01_1 - INFO - ------------local test finish-------------
2025-11-16 09:18:47 - 8_0.01_1 - INFO - [Epoch 30/30] 测试耗时: 202.20s
2025-11-16 09:18:47 - 8_0.01_1 - INFO - maximum test local acc: 54.078
2025-11-16 09:18:47 - 8_0.01_1 - INFO - mean of local acc: 52.615
2025-11-16 09:18:47 - 8_0.01_1 - INFO - maximum test neighbor acc: 54.217
2025-11-16 09:18:47 - 8_0.01_1 - INFO - mean of neighbor acc: 52.710
