2025-11-16 01:02:05 - 8_0.0_1 - INFO - 日志文件已创建: logs/oxford_flowers/fedotp/8_0.0_1_20251116_010205.log
2025-11-16 01:02:05 - 8_0.0_1 - INFO - Loading trainer: DP_FPL
2025-11-16 01:02:05 - 8_0.0_1 - INFO - Loading dataset: OxfordFlowers
2025-11-16 01:02:05 - 8_0.0_1 - INFO - Reading split from /home/liuxin25/dataset/oxford_flowers/split_zhou_OxfordFlowers.json
2025-11-16 01:02:05 - 8_0.0_1 - INFO - Creating a baseline federated dataset
2025-11-16 01:02:05 - 8_0.0_1 - INFO - class_num 102
2025-11-16 01:02:05 - 8_0.0_1 - INFO - user class dict total [90, 54, 31, 35, 55, 72, 92, 42, 95, 84]
2025-11-16 01:02:05 - 8_0.0_1 - INFO - idx: 0, output_dict_len: 451
2025-11-16 01:02:05 - 8_0.0_1 - INFO - user class dict total [74, 0, 1, 80, 27, 20, 77, 50, 66, 45]
2025-11-16 01:02:05 - 8_0.0_1 - INFO - idx: 1, output_dict_len: 562
2025-11-16 01:02:05 - 8_0.0_1 - INFO - user class dict total [44, 82, 14, 32, 52, 70, 28, 51, 10, 21]
2025-11-16 01:02:05 - 8_0.0_1 - INFO - idx: 2, output_dict_len: 373
2025-11-16 01:02:05 - 8_0.0_1 - INFO - user class dict total [33, 75, 5, 48, 87, 98, 23, 69, 62, 7]
2025-11-16 01:02:05 - 8_0.0_1 - INFO - idx: 3, output_dict_len: 350
2025-11-16 01:02:05 - 8_0.0_1 - INFO - user class dict total [17, 18, 60, 34, 11, 58, 86, 13, 41, 30]
2025-11-16 01:02:05 - 8_0.0_1 - INFO - idx: 4, output_dict_len: 302
2025-11-16 01:02:05 - 8_0.0_1 - INFO - user class dict total [24, 71, 56, 76, 37, 6, 53, 79, 97, 39]
2025-11-16 01:02:05 - 8_0.0_1 - INFO - idx: 5, output_dict_len: 433
2025-11-16 01:02:05 - 8_0.0_1 - INFO - user class dict total [47, 65, 36, 91, 3, 63, 59, 9, 96, 64]
2025-11-16 01:02:05 - 8_0.0_1 - INFO - idx: 6, output_dict_len: 367
2025-11-16 01:02:05 - 8_0.0_1 - INFO - user class dict total [94, 88, 99, 61, 19, 25, 4, 16, 8, 46]
2025-11-16 01:02:05 - 8_0.0_1 - INFO - idx: 7, output_dict_len: 387
2025-11-16 01:02:05 - 8_0.0_1 - INFO - user class dict total [26, 2, 93, 85, 29, 22, 100, 67, 68, 38]
2025-11-16 01:02:05 - 8_0.0_1 - INFO - idx: 8, output_dict_len: 341
2025-11-16 01:02:05 - 8_0.0_1 - INFO - user class dict total [83, 15, 12, 81, 43, 73, 78, 40, 101, 57, 89, 49]
2025-11-16 01:02:05 - 8_0.0_1 - INFO - idx: 9, output_dict_len: 527
2025-11-16 01:02:05 - 8_0.0_1 - INFO - Creating a baseline federated dataset
2025-11-16 01:02:05 - 8_0.0_1 - INFO - class_num 102
2025-11-16 01:02:05 - 8_0.0_1 - INFO - user class dict total [90, 54, 31, 35, 55, 72, 92, 42, 95, 84]
2025-11-16 01:02:05 - 8_0.0_1 - INFO - idx: 0, output_dict_len: 269
2025-11-16 01:02:05 - 8_0.0_1 - INFO - user class dict total [74, 0, 1, 80, 27, 20, 77, 50, 66, 45]
2025-11-16 01:02:05 - 8_0.0_1 - INFO - idx: 1, output_dict_len: 339
2025-11-16 01:02:05 - 8_0.0_1 - INFO - user class dict total [44, 82, 14, 32, 52, 70, 28, 51, 10, 21]
2025-11-16 01:02:05 - 8_0.0_1 - INFO - idx: 2, output_dict_len: 223
2025-11-16 01:02:05 - 8_0.0_1 - INFO - user class dict total [33, 75, 5, 48, 87, 98, 23, 69, 62, 7]
2025-11-16 01:02:05 - 8_0.0_1 - INFO - idx: 3, output_dict_len: 211
2025-11-16 01:02:05 - 8_0.0_1 - INFO - user class dict total [17, 18, 60, 34, 11, 58, 86, 13, 41, 30]
2025-11-16 01:02:05 - 8_0.0_1 - INFO - idx: 4, output_dict_len: 178
2025-11-16 01:02:05 - 8_0.0_1 - INFO - user class dict total [24, 71, 56, 76, 37, 6, 53, 79, 97, 39]
2025-11-16 01:02:05 - 8_0.0_1 - INFO - idx: 5, output_dict_len: 262
2025-11-16 01:02:05 - 8_0.0_1 - INFO - user class dict total [47, 65, 36, 91, 3, 63, 59, 9, 96, 64]
2025-11-16 01:02:05 - 8_0.0_1 - INFO - idx: 6, output_dict_len: 223
2025-11-16 01:02:05 - 8_0.0_1 - INFO - user class dict total [94, 88, 99, 61, 19, 25, 4, 16, 8, 46]
2025-11-16 01:02:05 - 8_0.0_1 - INFO - idx: 7, output_dict_len: 234
2025-11-16 01:02:05 - 8_0.0_1 - INFO - user class dict total [26, 2, 93, 85, 29, 22, 100, 67, 68, 38]
2025-11-16 01:02:05 - 8_0.0_1 - INFO - idx: 8, output_dict_len: 205
2025-11-16 01:02:05 - 8_0.0_1 - INFO - user class dict total [83, 15, 12, 81, 43, 73, 78, 40, 101, 57, 89, 49]
2025-11-16 01:02:05 - 8_0.0_1 - INFO - idx: 9, output_dict_len: 319
2025-11-16 01:02:05 - 8_0.0_1 - INFO - Loading CLIP (backbone: ViT-B/16)
2025-11-16 01:02:07 - 8_0.0_1 - INFO - Building custom CLIP
2025-11-16 01:02:07 - 8_0.0_1 - INFO - Turning off gradients in both the image and the text encoder
2025-11-16 01:02:36 - 8_0.0_1 - INFO - [Epoch 1/30] 训练耗时: 28.86s | 平均训练准确率: 7.43
2025-11-16 01:03:01 - 8_0.0_1 - INFO - [Epoch 2/30] 训练耗时: 24.84s | 平均训练准确率: 36.08
2025-11-16 01:03:25 - 8_0.0_1 - INFO - [Epoch 3/30] 训练耗时: 24.70s | 平均训练准确率: 61.53
2025-11-16 01:03:51 - 8_0.0_1 - INFO - [Epoch 4/30] 训练耗时: 25.37s | 平均训练准确率: 65.24
2025-11-16 01:04:16 - 8_0.0_1 - INFO - [Epoch 5/30] 训练耗时: 25.47s | 平均训练准确率: 68.61
2025-11-16 01:04:42 - 8_0.0_1 - INFO - [Epoch 6/30] 训练耗时: 25.45s | 平均训练准确率: 72.47
2025-11-16 01:05:07 - 8_0.0_1 - INFO - [Epoch 7/30] 训练耗时: 25.56s | 平均训练准确率: 77.08
2025-11-16 01:05:34 - 8_0.0_1 - INFO - [Epoch 8/30] 训练耗时: 27.26s | 平均训练准确率: 77.36
2025-11-16 01:06:03 - 8_0.0_1 - INFO - [Epoch 9/30] 训练耗时: 28.65s | 平均训练准确率: 79.83
2025-11-16 01:06:29 - 8_0.0_1 - INFO - [Epoch 10/30] 训练耗时: 25.46s | 平均训练准确率: 82.50
2025-11-16 01:06:54 - 8_0.0_1 - INFO - [Epoch 11/30] 训练耗时: 25.50s | 平均训练准确率: 82.67
2025-11-16 01:07:20 - 8_0.0_1 - INFO - [Epoch 12/30] 训练耗时: 25.69s | 平均训练准确率: 83.75
2025-11-16 01:07:45 - 8_0.0_1 - INFO - [Epoch 13/30] 训练耗时: 25.61s | 平均训练准确率: 85.24
2025-11-16 01:08:11 - 8_0.0_1 - INFO - [Epoch 14/30] 训练耗时: 25.31s | 平均训练准确率: 86.42
2025-11-16 01:08:36 - 8_0.0_1 - INFO - [Epoch 15/30] 训练耗时: 25.60s | 平均训练准确率: 86.91
2025-11-16 01:09:02 - 8_0.0_1 - INFO - [Epoch 16/30] 训练耗时: 25.98s | 平均训练准确率: 87.12
2025-11-16 01:09:28 - 8_0.0_1 - INFO - [Epoch 17/30] 训练耗时: 25.29s | 平均训练准确率: 88.47
2025-11-16 01:09:52 - 8_0.0_1 - INFO - [Epoch 18/30] 训练耗时: 24.46s | 平均训练准确率: 88.33
2025-11-16 01:10:17 - 8_0.0_1 - INFO - [Epoch 19/30] 训练耗时: 25.00s | 平均训练准确率: 89.86
2025-11-16 01:10:42 - 8_0.0_1 - INFO - [Epoch 20/30] 训练耗时: 25.46s | 平均训练准确率: 89.90
2025-11-16 01:11:08 - 8_0.0_1 - INFO - [Epoch 21/30] 训练耗时: 25.56s | 平均训练准确率: 90.14
2025-11-16 01:11:33 - 8_0.0_1 - INFO - [Epoch 22/30] 训练耗时: 25.44s | 平均训练准确率: 90.87
2025-11-16 01:11:59 - 8_0.0_1 - INFO - [Epoch 23/30] 训练耗时: 25.43s | 平均训练准确率: 91.46
2025-11-16 01:12:24 - 8_0.0_1 - INFO - [Epoch 24/30] 训练耗时: 25.39s | 平均训练准确率: 91.39
2025-11-16 01:12:50 - 8_0.0_1 - INFO - [Epoch 25/30] 训练耗时: 25.42s | 平均训练准确率: 85.49
2025-11-16 01:13:15 - 8_0.0_1 - INFO - [Epoch 26/30] 训练耗时: 25.40s | 平均训练准确率: 84.69
2025-11-16 01:13:41 - 8_0.0_1 - INFO - [Epoch 27/30] 训练耗时: 25.47s | 平均训练准确率: 88.61
2025-11-16 01:14:06 - 8_0.0_1 - INFO - [Epoch 28/30] 训练耗时: 25.47s | 平均训练准确率: 90.97
2025-11-16 01:14:06 - 8_0.0_1 - INFO - ------------local test start-------------
2025-11-16 01:14:06 - 8_0.0_1 - INFO - Evaluate on the client0 local set
2025-11-16 01:14:08 - 8_0.0_1 - INFO - => result | total 269 | correct 182 | acc 67.66% | err 32.34% | macro_f1 54.32%
2025-11-16 01:14:08 - 8_0.0_1 - INFO - Evaluate on the client0 neighbor set
2025-11-16 01:14:26 - 8_0.0_1 - INFO - => result | total 2,194 | correct 1,370 | acc 62.44% | err 37.56% | macro_f1 56.29%
2025-11-16 01:14:26 - 8_0.0_1 - INFO - Evaluate on the client1 local set
2025-11-16 01:14:29 - 8_0.0_1 - INFO - => result | total 339 | correct 225 | acc 66.37% | err 33.63% | macro_f1 54.55%
2025-11-16 01:14:29 - 8_0.0_1 - INFO - Evaluate on the client1 neighbor set
2025-11-16 01:14:47 - 8_0.0_1 - INFO - => result | total 2,124 | correct 1,471 | acc 69.26% | err 30.74% | macro_f1 61.79%
2025-11-16 01:14:47 - 8_0.0_1 - INFO - Evaluate on the client2 local set
2025-11-16 01:14:49 - 8_0.0_1 - INFO - => result | total 223 | correct 188 | acc 84.30% | err 15.70% | macro_f1 76.68%
2025-11-16 01:14:49 - 8_0.0_1 - INFO - Evaluate on the client2 neighbor set
2025-11-16 01:15:07 - 8_0.0_1 - INFO - => result | total 2,240 | correct 1,604 | acc 71.61% | err 28.39% | macro_f1 63.22%
2025-11-16 01:15:07 - 8_0.0_1 - INFO - Evaluate on the client3 local set
2025-11-16 01:15:09 - 8_0.0_1 - INFO - => result | total 211 | correct 182 | acc 86.26% | err 13.74% | macro_f1 81.66%
2025-11-16 01:15:09 - 8_0.0_1 - INFO - Evaluate on the client3 neighbor set
2025-11-16 01:15:28 - 8_0.0_1 - INFO - => result | total 2,252 | correct 1,702 | acc 75.58% | err 24.42% | macro_f1 66.36%
2025-11-16 01:15:28 - 8_0.0_1 - INFO - Evaluate on the client4 local set
2025-11-16 01:15:30 - 8_0.0_1 - INFO - => result | total 178 | correct 166 | acc 93.26% | err 6.74% | macro_f1 96.60%
2025-11-16 01:15:30 - 8_0.0_1 - INFO - Evaluate on the client4 neighbor set
2025-11-16 01:15:48 - 8_0.0_1 - INFO - => result | total 2,285 | correct 1,746 | acc 76.41% | err 23.59% | macro_f1 67.29%
2025-11-16 01:15:48 - 8_0.0_1 - INFO - Evaluate on the client5 local set
2025-11-16 01:15:51 - 8_0.0_1 - INFO - => result | total 262 | correct 199 | acc 75.95% | err 24.05% | macro_f1 67.91%
2025-11-16 01:15:51 - 8_0.0_1 - INFO - Evaluate on the client5 neighbor set
2025-11-16 01:16:09 - 8_0.0_1 - INFO - => result | total 2,201 | correct 1,668 | acc 75.78% | err 24.22% | macro_f1 68.18%
2025-11-16 01:16:09 - 8_0.0_1 - INFO - Evaluate on the client6 local set
2025-11-16 01:16:10 - 8_0.0_1 - INFO - => result | total 223 | correct 184 | acc 82.51% | err 17.49% | macro_f1 83.02%
2025-11-16 01:16:10 - 8_0.0_1 - INFO - Evaluate on the client6 neighbor set
2025-11-16 01:16:29 - 8_0.0_1 - INFO - => result | total 2,240 | correct 1,549 | acc 69.15% | err 30.85% | macro_f1 62.16%
2025-11-16 01:16:29 - 8_0.0_1 - INFO - Evaluate on the client7 local set
2025-11-16 01:16:31 - 8_0.0_1 - INFO - => result | total 234 | correct 196 | acc 83.76% | err 16.24% | macro_f1 89.41%
2025-11-16 01:16:31 - 8_0.0_1 - INFO - Evaluate on the client7 neighbor set
2025-11-16 01:16:49 - 8_0.0_1 - INFO - => result | total 2,229 | correct 1,377 | acc 61.78% | err 38.22% | macro_f1 54.68%
2025-11-16 01:16:49 - 8_0.0_1 - INFO - Evaluate on the client8 local set
2025-11-16 01:16:51 - 8_0.0_1 - INFO - => result | total 205 | correct 178 | acc 86.83% | err 13.17% | macro_f1 83.93%
2025-11-16 01:16:51 - 8_0.0_1 - INFO - Evaluate on the client8 neighbor set
2025-11-16 01:17:10 - 8_0.0_1 - INFO - => result | total 2,258 | correct 1,268 | acc 56.16% | err 43.84% | macro_f1 51.47%
2025-11-16 01:17:10 - 8_0.0_1 - INFO - Evaluate on the client9 local set
2025-11-16 01:17:13 - 8_0.0_1 - INFO - => result | total 319 | correct 244 | acc 76.49% | err 23.51% | macro_f1 61.88%
2025-11-16 01:17:13 - 8_0.0_1 - INFO - Evaluate on the client9 neighbor set
2025-11-16 01:17:30 - 8_0.0_1 - INFO - => result | total 2,144 | correct 1,131 | acc 52.75% | err 47.25% | macro_f1 49.43%
2025-11-16 01:17:30 - 8_0.0_1 - INFO - Global test local acc: 80.34
2025-11-16 01:17:30 - 8_0.0_1 - INFO - Global test neighbor acc: 67.09
2025-11-16 01:17:30 - 8_0.0_1 - INFO - ------------local test finish-------------
2025-11-16 01:17:30 - 8_0.0_1 - INFO - [Epoch 28/30] 测试耗时: 204.45s
2025-11-16 01:17:56 - 8_0.0_1 - INFO - [Epoch 29/30] 训练耗时: 25.29s | 平均训练准确率: 90.03
2025-11-16 01:17:56 - 8_0.0_1 - INFO - ------------local test start-------------
2025-11-16 01:17:56 - 8_0.0_1 - INFO - Evaluate on the client0 local set
2025-11-16 01:17:58 - 8_0.0_1 - INFO - => result | total 269 | correct 183 | acc 68.03% | err 31.97% | macro_f1 58.06%
2025-11-16 01:17:58 - 8_0.0_1 - INFO - Evaluate on the client0 neighbor set
2025-11-16 01:18:16 - 8_0.0_1 - INFO - => result | total 2,194 | correct 1,495 | acc 68.14% | err 31.86% | macro_f1 60.11%
2025-11-16 01:18:16 - 8_0.0_1 - INFO - Evaluate on the client1 local set
2025-11-16 01:18:19 - 8_0.0_1 - INFO - => result | total 339 | correct 226 | acc 66.67% | err 33.33% | macro_f1 56.01%
2025-11-16 01:18:19 - 8_0.0_1 - INFO - Evaluate on the client1 neighbor set
2025-11-16 01:18:36 - 8_0.0_1 - INFO - => result | total 2,124 | correct 1,562 | acc 73.54% | err 26.46% | macro_f1 65.18%
2025-11-16 01:18:36 - 8_0.0_1 - INFO - Evaluate on the client2 local set
2025-11-16 01:18:38 - 8_0.0_1 - INFO - => result | total 223 | correct 190 | acc 85.20% | err 14.80% | macro_f1 76.58%
2025-11-16 01:18:38 - 8_0.0_1 - INFO - Evaluate on the client2 neighbor set
2025-11-16 01:18:57 - 8_0.0_1 - INFO - => result | total 2,240 | correct 1,693 | acc 75.58% | err 24.42% | macro_f1 66.56%
2025-11-16 01:18:57 - 8_0.0_1 - INFO - Evaluate on the client3 local set
2025-11-16 01:18:58 - 8_0.0_1 - INFO - => result | total 211 | correct 185 | acc 87.68% | err 12.32% | macro_f1 82.92%
2025-11-16 01:18:58 - 8_0.0_1 - INFO - Evaluate on the client3 neighbor set
2025-11-16 01:19:17 - 8_0.0_1 - INFO - => result | total 2,252 | correct 1,670 | acc 74.16% | err 25.84% | macro_f1 65.30%
2025-11-16 01:19:17 - 8_0.0_1 - INFO - Evaluate on the client4 local set
2025-11-16 01:19:18 - 8_0.0_1 - INFO - => result | total 178 | correct 158 | acc 88.76% | err 11.24% | macro_f1 93.76%
2025-11-16 01:19:18 - 8_0.0_1 - INFO - Evaluate on the client4 neighbor set
2025-11-16 01:19:37 - 8_0.0_1 - INFO - => result | total 2,285 | correct 1,637 | acc 71.64% | err 28.36% | macro_f1 63.69%
2025-11-16 01:19:37 - 8_0.0_1 - INFO - Evaluate on the client5 local set
2025-11-16 01:19:39 - 8_0.0_1 - INFO - => result | total 262 | correct 197 | acc 75.19% | err 24.81% | macro_f1 67.99%
2025-11-16 01:19:39 - 8_0.0_1 - INFO - Evaluate on the client5 neighbor set
2025-11-16 01:19:57 - 8_0.0_1 - INFO - => result | total 2,201 | correct 1,537 | acc 69.83% | err 30.17% | macro_f1 63.50%
2025-11-16 01:19:57 - 8_0.0_1 - INFO - Evaluate on the client6 local set
2025-11-16 01:19:59 - 8_0.0_1 - INFO - => result | total 223 | correct 172 | acc 77.13% | err 22.87% | macro_f1 80.39%
2025-11-16 01:19:59 - 8_0.0_1 - INFO - Evaluate on the client6 neighbor set
2025-11-16 01:20:17 - 8_0.0_1 - INFO - => result | total 2,240 | correct 1,525 | acc 68.08% | err 31.92% | macro_f1 61.14%
2025-11-16 01:20:17 - 8_0.0_1 - INFO - Evaluate on the client7 local set
2025-11-16 01:20:19 - 8_0.0_1 - INFO - => result | total 234 | correct 195 | acc 83.33% | err 16.67% | macro_f1 90.02%
2025-11-16 01:20:19 - 8_0.0_1 - INFO - Evaluate on the client7 neighbor set
2025-11-16 01:20:37 - 8_0.0_1 - INFO - => result | total 2,229 | correct 1,470 | acc 65.95% | err 34.05% | macro_f1 59.34%
2025-11-16 01:20:37 - 8_0.0_1 - INFO - Evaluate on the client8 local set
2025-11-16 01:20:39 - 8_0.0_1 - INFO - => result | total 205 | correct 178 | acc 86.83% | err 13.17% | macro_f1 85.43%
2025-11-16 01:20:39 - 8_0.0_1 - INFO - Evaluate on the client8 neighbor set
2025-11-16 01:20:58 - 8_0.0_1 - INFO - => result | total 2,258 | correct 1,451 | acc 64.26% | err 35.74% | macro_f1 59.47%
2025-11-16 01:20:58 - 8_0.0_1 - INFO - Evaluate on the client9 local set
2025-11-16 01:21:00 - 8_0.0_1 - INFO - => result | total 319 | correct 254 | acc 79.62% | err 20.38% | macro_f1 67.13%
2025-11-16 01:21:00 - 8_0.0_1 - INFO - Evaluate on the client9 neighbor set
2025-11-16 01:21:18 - 8_0.0_1 - INFO - => result | total 2,144 | correct 1,341 | acc 62.55% | err 37.45% | macro_f1 59.32%
2025-11-16 01:21:18 - 8_0.0_1 - INFO - Global test local acc: 79.84
2025-11-16 01:21:18 - 8_0.0_1 - INFO - Global test neighbor acc: 69.37
2025-11-16 01:21:18 - 8_0.0_1 - INFO - ------------local test finish-------------
2025-11-16 01:21:18 - 8_0.0_1 - INFO - [Epoch 29/30] 测试耗时: 202.43s
2025-11-16 01:21:46 - 8_0.0_1 - INFO - [Epoch 30/30] 训练耗时: 28.21s | 平均训练准确率: 90.28
2025-11-16 01:21:46 - 8_0.0_1 - INFO - ------------local test start-------------
2025-11-16 01:21:46 - 8_0.0_1 - INFO - Evaluate on the client0 local set
2025-11-16 01:21:49 - 8_0.0_1 - INFO - => result | total 269 | correct 184 | acc 68.40% | err 31.60% | macro_f1 54.76%
2025-11-16 01:21:49 - 8_0.0_1 - INFO - Evaluate on the client0 neighbor set
2025-11-16 01:22:07 - 8_0.0_1 - INFO - => result | total 2,194 | correct 1,423 | acc 64.86% | err 35.14% | macro_f1 57.85%
2025-11-16 01:22:07 - 8_0.0_1 - INFO - Evaluate on the client1 local set
2025-11-16 01:22:10 - 8_0.0_1 - INFO - => result | total 339 | correct 234 | acc 69.03% | err 30.97% | macro_f1 55.83%
2025-11-16 01:22:10 - 8_0.0_1 - INFO - Evaluate on the client1 neighbor set
2025-11-16 01:22:27 - 8_0.0_1 - INFO - => result | total 2,124 | correct 1,523 | acc 71.70% | err 28.30% | macro_f1 63.93%
2025-11-16 01:22:27 - 8_0.0_1 - INFO - Evaluate on the client2 local set
2025-11-16 01:22:29 - 8_0.0_1 - INFO - => result | total 223 | correct 190 | acc 85.20% | err 14.80% | macro_f1 75.82%
2025-11-16 01:22:29 - 8_0.0_1 - INFO - Evaluate on the client2 neighbor set
2025-11-16 01:22:47 - 8_0.0_1 - INFO - => result | total 2,240 | correct 1,668 | acc 74.46% | err 25.54% | macro_f1 65.69%
2025-11-16 01:22:47 - 8_0.0_1 - INFO - Evaluate on the client3 local set
2025-11-16 01:22:49 - 8_0.0_1 - INFO - => result | total 211 | correct 188 | acc 89.10% | err 10.90% | macro_f1 84.47%
2025-11-16 01:22:49 - 8_0.0_1 - INFO - Evaluate on the client3 neighbor set
2025-11-16 01:23:08 - 8_0.0_1 - INFO - => result | total 2,252 | correct 1,719 | acc 76.33% | err 23.67% | macro_f1 66.87%
2025-11-16 01:23:08 - 8_0.0_1 - INFO - Evaluate on the client4 local set
2025-11-16 01:23:10 - 8_0.0_1 - INFO - => result | total 178 | correct 165 | acc 92.70% | err 7.30% | macro_f1 95.94%
2025-11-16 01:23:10 - 8_0.0_1 - INFO - Evaluate on the client4 neighbor set
2025-11-16 01:23:28 - 8_0.0_1 - INFO - => result | total 2,285 | correct 1,751 | acc 76.63% | err 23.37% | macro_f1 67.14%
2025-11-16 01:23:28 - 8_0.0_1 - INFO - Evaluate on the client5 local set
2025-11-16 01:23:31 - 8_0.0_1 - INFO - => result | total 262 | correct 198 | acc 75.57% | err 24.43% | macro_f1 67.58%
2025-11-16 01:23:31 - 8_0.0_1 - INFO - Evaluate on the client5 neighbor set
2025-11-16 01:23:49 - 8_0.0_1 - INFO - => result | total 2,201 | correct 1,698 | acc 77.15% | err 22.85% | macro_f1 68.62%
2025-11-16 01:23:49 - 8_0.0_1 - INFO - Evaluate on the client6 local set
2025-11-16 01:23:51 - 8_0.0_1 - INFO - => result | total 223 | correct 186 | acc 83.41% | err 16.59% | macro_f1 83.55%
2025-11-16 01:23:51 - 8_0.0_1 - INFO - Evaluate on the client6 neighbor set
2025-11-16 01:24:09 - 8_0.0_1 - INFO - => result | total 2,240 | correct 1,638 | acc 73.12% | err 26.88% | macro_f1 65.40%
2025-11-16 01:24:09 - 8_0.0_1 - INFO - Evaluate on the client7 local set
2025-11-16 01:24:11 - 8_0.0_1 - INFO - => result | total 234 | correct 198 | acc 84.62% | err 15.38% | macro_f1 89.60%
2025-11-16 01:24:11 - 8_0.0_1 - INFO - Evaluate on the client7 neighbor set
2025-11-16 01:24:29 - 8_0.0_1 - INFO - => result | total 2,229 | correct 1,459 | acc 65.46% | err 34.54% | macro_f1 57.82%
2025-11-16 01:24:29 - 8_0.0_1 - INFO - Evaluate on the client8 local set
2025-11-16 01:24:31 - 8_0.0_1 - INFO - => result | total 205 | correct 180 | acc 87.80% | err 12.20% | macro_f1 86.12%
2025-11-16 01:24:31 - 8_0.0_1 - INFO - Evaluate on the client8 neighbor set
2025-11-16 01:24:50 - 8_0.0_1 - INFO - => result | total 2,258 | correct 1,383 | acc 61.25% | err 38.75% | macro_f1 55.56%
2025-11-16 01:24:50 - 8_0.0_1 - INFO - Evaluate on the client9 local set
2025-11-16 01:24:53 - 8_0.0_1 - INFO - => result | total 319 | correct 243 | acc 76.18% | err 23.82% | macro_f1 62.46%
2025-11-16 01:24:53 - 8_0.0_1 - INFO - Evaluate on the client9 neighbor set
2025-11-16 01:25:10 - 8_0.0_1 - INFO - => result | total 2,144 | correct 1,236 | acc 57.65% | err 42.35% | macro_f1 54.03%
2025-11-16 01:25:10 - 8_0.0_1 - INFO - Global test local acc: 81.20
2025-11-16 01:25:10 - 8_0.0_1 - INFO - Global test neighbor acc: 69.86
2025-11-16 01:25:10 - 8_0.0_1 - INFO - ------------local test finish-------------
2025-11-16 01:25:10 - 8_0.0_1 - INFO - [Epoch 30/30] 测试耗时: 203.91s
2025-11-16 01:25:10 - 8_0.0_1 - INFO - maximum test local acc: 81.200
2025-11-16 01:25:10 - 8_0.0_1 - INFO - mean of local acc: 80.461
2025-11-16 01:25:10 - 8_0.0_1 - INFO - maximum test neighbor acc: 69.861
2025-11-16 01:25:10 - 8_0.0_1 - INFO - mean of neighbor acc: 68.775
