2025-11-17 00:25:10 - 8_0.2_1 - INFO - 日志文件已创建: logs/food-101/dpfpl/8_0.2_1_20251117_002510.log
2025-11-17 00:25:10 - 8_0.2_1 - INFO - Loading trainer: DP_FPL
2025-11-17 00:25:10 - 8_0.2_1 - INFO - Loading dataset: Food101
2025-11-17 00:25:10 - 8_0.2_1 - INFO - Reading split from /home/liuxin25/dataset/food-101/split_zhou_Food101.json
2025-11-17 00:25:10 - 8_0.2_1 - INFO - Creating a baseline federated dataset
2025-11-17 00:25:10 - 8_0.2_1 - INFO - class_num 101
2025-11-17 00:25:10 - 8_0.2_1 - INFO - user class dict total [20, 79, 94, 54, 52, 65, 0, 1, 48, 74]
2025-11-17 00:25:10 - 8_0.2_1 - INFO - idx: 0, output_dict_len: 500
2025-11-17 00:25:10 - 8_0.2_1 - INFO - user class dict total [44, 99, 35, 69, 82, 42, 33, 14, 5, 62]
2025-11-17 00:25:10 - 8_0.2_1 - INFO - idx: 1, output_dict_len: 500
2025-11-17 00:25:10 - 8_0.2_1 - INFO - user class dict total [32, 55, 97, 10, 21, 31, 91, 27, 28, 76]
2025-11-17 00:25:10 - 8_0.2_1 - INFO - idx: 2, output_dict_len: 500
2025-11-17 00:25:10 - 8_0.2_1 - INFO - user class dict total [80, 71, 66, 58, 23, 70, 60, 72, 17, 18]
2025-11-17 00:25:10 - 8_0.2_1 - INFO - idx: 3, output_dict_len: 500
2025-11-17 00:25:10 - 8_0.2_1 - INFO - user class dict total [45, 34, 11, 56, 85, 13, 41, 30, 24, 86]
2025-11-17 00:25:10 - 8_0.2_1 - INFO - idx: 4, output_dict_len: 500
2025-11-17 00:25:10 - 8_0.2_1 - INFO - user class dict total [51, 75, 37, 6, 53, 95, 96, 39, 47, 90]
2025-11-17 00:25:10 - 8_0.2_1 - INFO - idx: 5, output_dict_len: 500
2025-11-17 00:25:10 - 8_0.2_1 - INFO - user class dict total [36, 7, 50, 3, 63, 59, 9, 77, 64, 93]
2025-11-17 00:25:10 - 8_0.2_1 - INFO - idx: 6, output_dict_len: 500
2025-11-17 00:25:10 - 8_0.2_1 - INFO - user class dict total [87, 98, 61, 19, 25, 4, 16, 8, 46, 26]
2025-11-17 00:25:10 - 8_0.2_1 - INFO - idx: 7, output_dict_len: 500
2025-11-17 00:25:10 - 8_0.2_1 - INFO - user class dict total [2, 92, 84, 29, 22, 88, 67, 68, 38, 83]
2025-11-17 00:25:10 - 8_0.2_1 - INFO - idx: 8, output_dict_len: 500
2025-11-17 00:25:10 - 8_0.2_1 - INFO - user class dict total [15, 12, 81, 43, 73, 78, 40, 100, 57, 89, 49]
2025-11-17 00:25:10 - 8_0.2_1 - INFO - idx: 9, output_dict_len: 550
2025-11-17 00:25:10 - 8_0.2_1 - INFO - Creating a baseline federated dataset
2025-11-17 00:25:10 - 8_0.2_1 - INFO - class_num 101
2025-11-17 00:25:10 - 8_0.2_1 - INFO - user class dict total [20, 79, 94, 54, 52, 65, 0, 1, 48, 74]
2025-11-17 00:25:10 - 8_0.2_1 - INFO - idx: 0, output_dict_len: 300
2025-11-17 00:25:10 - 8_0.2_1 - INFO - user class dict total [44, 99, 35, 69, 82, 42, 33, 14, 5, 62]
2025-11-17 00:25:10 - 8_0.2_1 - INFO - idx: 1, output_dict_len: 300
2025-11-17 00:25:10 - 8_0.2_1 - INFO - user class dict total [32, 55, 97, 10, 21, 31, 91, 27, 28, 76]
2025-11-17 00:25:10 - 8_0.2_1 - INFO - idx: 2, output_dict_len: 300
2025-11-17 00:25:10 - 8_0.2_1 - INFO - user class dict total [80, 71, 66, 58, 23, 70, 60, 72, 17, 18]
2025-11-17 00:25:10 - 8_0.2_1 - INFO - idx: 3, output_dict_len: 300
2025-11-17 00:25:10 - 8_0.2_1 - INFO - user class dict total [45, 34, 11, 56, 85, 13, 41, 30, 24, 86]
2025-11-17 00:25:10 - 8_0.2_1 - INFO - idx: 4, output_dict_len: 300
2025-11-17 00:25:10 - 8_0.2_1 - INFO - user class dict total [51, 75, 37, 6, 53, 95, 96, 39, 47, 90]
2025-11-17 00:25:10 - 8_0.2_1 - INFO - idx: 5, output_dict_len: 300
2025-11-17 00:25:10 - 8_0.2_1 - INFO - user class dict total [36, 7, 50, 3, 63, 59, 9, 77, 64, 93]
2025-11-17 00:25:10 - 8_0.2_1 - INFO - idx: 6, output_dict_len: 300
2025-11-17 00:25:10 - 8_0.2_1 - INFO - user class dict total [87, 98, 61, 19, 25, 4, 16, 8, 46, 26]
2025-11-17 00:25:10 - 8_0.2_1 - INFO - idx: 7, output_dict_len: 300
2025-11-17 00:25:10 - 8_0.2_1 - INFO - user class dict total [2, 92, 84, 29, 22, 88, 67, 68, 38, 83]
2025-11-17 00:25:10 - 8_0.2_1 - INFO - idx: 8, output_dict_len: 300
2025-11-17 00:25:10 - 8_0.2_1 - INFO - user class dict total [15, 12, 81, 43, 73, 78, 40, 100, 57, 89, 49]
2025-11-17 00:25:10 - 8_0.2_1 - INFO - idx: 9, output_dict_len: 330
2025-11-17 00:25:10 - 8_0.2_1 - INFO - Loading CLIP (backbone: ViT-B/16)
2025-11-17 00:25:12 - 8_0.2_1 - INFO - Building custom CLIP
2025-11-17 00:25:12 - 8_0.2_1 - INFO - Turning off gradients in both the image and the text encoder
2025-11-17 00:25:57 - 8_0.2_1 - INFO - [Epoch 1/30] 训练耗时: 44.92s | 平均训练准确率: 28.15
2025-11-17 00:26:41 - 8_0.2_1 - INFO - [Epoch 2/30] 训练耗时: 43.82s | 平均训练准确率: 71.54
2025-11-17 00:27:25 - 8_0.2_1 - INFO - [Epoch 3/30] 训练耗时: 43.52s | 平均训练准确率: 76.77
2025-11-17 00:28:08 - 8_0.2_1 - INFO - [Epoch 4/30] 训练耗时: 43.42s | 平均训练准确率: 77.19
2025-11-17 00:28:52 - 8_0.2_1 - INFO - [Epoch 5/30] 训练耗时: 43.60s | 平均训练准确率: 77.46
2025-11-17 00:29:35 - 8_0.2_1 - INFO - [Epoch 6/30] 训练耗时: 43.39s | 平均训练准确率: 77.04
2025-11-17 00:30:18 - 8_0.2_1 - INFO - [Epoch 7/30] 训练耗时: 42.70s | 平均训练准确率: 77.67
2025-11-17 00:31:01 - 8_0.2_1 - INFO - [Epoch 8/30] 训练耗时: 43.52s | 平均训练准确率: 77.35
2025-11-17 00:31:45 - 8_0.2_1 - INFO - [Epoch 9/30] 训练耗时: 43.80s | 平均训练准确率: 77.58
2025-11-17 00:32:29 - 8_0.2_1 - INFO - [Epoch 10/30] 训练耗时: 43.55s | 平均训练准确率: 77.29
2025-11-17 00:33:12 - 8_0.2_1 - INFO - [Epoch 11/30] 训练耗时: 43.39s | 平均训练准确率: 77.60
2025-11-17 00:33:56 - 8_0.2_1 - INFO - [Epoch 12/30] 训练耗时: 43.58s | 平均训练准确率: 77.21
2025-11-17 00:34:39 - 8_0.2_1 - INFO - [Epoch 13/30] 训练耗时: 43.35s | 平均训练准确率: 77.60
2025-11-17 00:35:22 - 8_0.2_1 - INFO - [Epoch 14/30] 训练耗时: 43.32s | 平均训练准确率: 77.48
2025-11-17 00:36:05 - 8_0.2_1 - INFO - [Epoch 15/30] 训练耗时: 42.32s | 平均训练准确率: 76.98
2025-11-17 00:36:48 - 8_0.2_1 - INFO - [Epoch 16/30] 训练耗时: 43.53s | 平均训练准确率: 77.65
2025-11-17 00:37:32 - 8_0.2_1 - INFO - [Epoch 17/30] 训练耗时: 43.60s | 平均训练准确率: 77.38
2025-11-17 00:38:15 - 8_0.2_1 - INFO - [Epoch 18/30] 训练耗时: 43.73s | 平均训练准确率: 76.77
2025-11-17 00:38:59 - 8_0.2_1 - INFO - [Epoch 19/30] 训练耗时: 43.18s | 平均训练准确率: 77.50
2025-11-17 00:39:42 - 8_0.2_1 - INFO - [Epoch 20/30] 训练耗时: 43.55s | 平均训练准确率: 77.40
2025-11-17 00:40:26 - 8_0.2_1 - INFO - [Epoch 21/30] 训练耗时: 43.46s | 平均训练准确率: 76.92
2025-11-17 00:41:09 - 8_0.2_1 - INFO - [Epoch 22/30] 训练耗时: 43.64s | 平均训练准确率: 77.85
2025-11-17 00:41:52 - 8_0.2_1 - INFO - [Epoch 23/30] 训练耗时: 42.99s | 平均训练准确率: 77.67
2025-11-17 00:42:35 - 8_0.2_1 - INFO - [Epoch 24/30] 训练耗时: 43.15s | 平均训练准确率: 77.46
2025-11-17 00:43:19 - 8_0.2_1 - INFO - [Epoch 25/30] 训练耗时: 43.60s | 平均训练准确率: 76.81
2025-11-17 00:44:03 - 8_0.2_1 - INFO - [Epoch 26/30] 训练耗时: 43.67s | 平均训练准确率: 77.96
2025-11-17 00:44:46 - 8_0.2_1 - INFO - [Epoch 27/30] 训练耗时: 43.69s | 平均训练准确率: 77.81
2025-11-17 00:45:30 - 8_0.2_1 - INFO - [Epoch 28/30] 训练耗时: 43.55s | 平均训练准确率: 77.25
2025-11-17 00:45:30 - 8_0.2_1 - INFO - ------------local test start-------------
2025-11-17 00:45:30 - 8_0.2_1 - INFO - Evaluate on the client0 local set
2025-11-17 00:45:32 - 8_0.2_1 - INFO - => result | total 300 | correct 245 | acc 81.67% | err 18.33% | macro_f1 88.61%
2025-11-17 00:45:32 - 8_0.2_1 - INFO - Evaluate on the client0 neighbor set
2025-11-17 00:45:51 - 8_0.2_1 - INFO - => result | total 2,730 | correct 2,366 | acc 86.67% | err 13.33% | macro_f1 86.97%
2025-11-17 00:45:51 - 8_0.2_1 - INFO - Evaluate on the client1 local set
2025-11-17 00:45:54 - 8_0.2_1 - INFO - => result | total 300 | correct 250 | acc 83.33% | err 16.67% | macro_f1 90.22%
2025-11-17 00:45:54 - 8_0.2_1 - INFO - Evaluate on the client1 neighbor set
2025-11-17 00:46:12 - 8_0.2_1 - INFO - => result | total 2,730 | correct 2,360 | acc 86.45% | err 13.55% | macro_f1 86.81%
2025-11-17 00:46:12 - 8_0.2_1 - INFO - Evaluate on the client2 local set
2025-11-17 00:46:14 - 8_0.2_1 - INFO - => result | total 300 | correct 276 | acc 92.00% | err 8.00% | macro_f1 95.59%
2025-11-17 00:46:14 - 8_0.2_1 - INFO - Evaluate on the client2 neighbor set
2025-11-17 00:46:33 - 8_0.2_1 - INFO - => result | total 2,730 | correct 2,334 | acc 85.49% | err 14.51% | macro_f1 85.93%
2025-11-17 00:46:33 - 8_0.2_1 - INFO - Evaluate on the client3 local set
2025-11-17 00:46:35 - 8_0.2_1 - INFO - => result | total 300 | correct 253 | acc 84.33% | err 15.67% | macro_f1 90.74%
2025-11-17 00:46:35 - 8_0.2_1 - INFO - Evaluate on the client3 neighbor set
2025-11-17 00:46:55 - 8_0.2_1 - INFO - => result | total 2,730 | correct 2,357 | acc 86.34% | err 13.66% | macro_f1 86.89%
2025-11-17 00:46:55 - 8_0.2_1 - INFO - Evaluate on the client4 local set
2025-11-17 00:46:57 - 8_0.2_1 - INFO - => result | total 300 | correct 277 | acc 92.33% | err 7.67% | macro_f1 95.66%
2025-11-17 00:46:57 - 8_0.2_1 - INFO - Evaluate on the client4 neighbor set
2025-11-17 00:47:16 - 8_0.2_1 - INFO - => result | total 2,730 | correct 2,333 | acc 85.46% | err 14.54% | macro_f1 86.14%
2025-11-17 00:47:16 - 8_0.2_1 - INFO - Evaluate on the client5 local set
2025-11-17 00:47:18 - 8_0.2_1 - INFO - => result | total 300 | correct 256 | acc 85.33% | err 14.67% | macro_f1 91.46%
2025-11-17 00:47:18 - 8_0.2_1 - INFO - Evaluate on the client5 neighbor set
2025-11-17 00:47:37 - 8_0.2_1 - INFO - => result | total 2,730 | correct 2,354 | acc 86.23% | err 13.77% | macro_f1 86.73%
2025-11-17 00:47:37 - 8_0.2_1 - INFO - Evaluate on the client6 local set
2025-11-17 00:47:39 - 8_0.2_1 - INFO - => result | total 300 | correct 253 | acc 84.33% | err 15.67% | macro_f1 89.44%
2025-11-17 00:47:39 - 8_0.2_1 - INFO - Evaluate on the client6 neighbor set
2025-11-17 00:47:58 - 8_0.2_1 - INFO - => result | total 2,730 | correct 2,357 | acc 86.34% | err 13.66% | macro_f1 87.02%
2025-11-17 00:47:58 - 8_0.2_1 - INFO - Evaluate on the client7 local set
2025-11-17 00:48:00 - 8_0.2_1 - INFO - => result | total 300 | correct 261 | acc 87.00% | err 13.00% | macro_f1 92.08%
2025-11-17 00:48:00 - 8_0.2_1 - INFO - Evaluate on the client7 neighbor set
2025-11-17 00:48:19 - 8_0.2_1 - INFO - => result | total 2,730 | correct 2,349 | acc 86.04% | err 13.96% | macro_f1 86.78%
2025-11-17 00:48:19 - 8_0.2_1 - INFO - Evaluate on the client8 local set
2025-11-17 00:48:21 - 8_0.2_1 - INFO - => result | total 300 | correct 266 | acc 88.67% | err 11.33% | macro_f1 92.25%
2025-11-17 00:48:21 - 8_0.2_1 - INFO - Evaluate on the client8 neighbor set
2025-11-17 00:48:41 - 8_0.2_1 - INFO - => result | total 2,730 | correct 2,342 | acc 85.79% | err 14.21% | macro_f1 86.40%
2025-11-17 00:48:41 - 8_0.2_1 - INFO - Evaluate on the client9 local set
2025-11-17 00:48:43 - 8_0.2_1 - INFO - => result | total 330 | correct 275 | acc 83.33% | err 16.67% | macro_f1 90.08%
2025-11-17 00:48:43 - 8_0.2_1 - INFO - Evaluate on the client9 neighbor set
2025-11-17 00:49:02 - 8_0.2_1 - INFO - => result | total 2,700 | correct 2,331 | acc 86.33% | err 13.67% | macro_f1 86.77%
2025-11-17 00:49:02 - 8_0.2_1 - INFO - Global test local acc: 86.23
2025-11-17 00:49:02 - 8_0.2_1 - INFO - Global test neighbor acc: 86.11
2025-11-17 00:49:02 - 8_0.2_1 - INFO - ------------local test finish-------------
2025-11-17 00:49:02 - 8_0.2_1 - INFO - [Epoch 28/30] 测试耗时: 211.93s
2025-11-17 00:49:41 - 8_0.2_1 - INFO - [Epoch 29/30] 训练耗时: 39.41s | 平均训练准确率: 77.23
2025-11-17 00:49:41 - 8_0.2_1 - INFO - ------------local test start-------------
2025-11-17 00:49:41 - 8_0.2_1 - INFO - Evaluate on the client0 local set
2025-11-17 00:49:43 - 8_0.2_1 - INFO - => result | total 300 | correct 247 | acc 82.33% | err 17.67% | macro_f1 89.21%
2025-11-17 00:49:43 - 8_0.2_1 - INFO - Evaluate on the client0 neighbor set
2025-11-17 00:50:02 - 8_0.2_1 - INFO - => result | total 2,730 | correct 2,366 | acc 86.67% | err 13.33% | macro_f1 86.99%
2025-11-17 00:50:02 - 8_0.2_1 - INFO - Evaluate on the client1 local set
2025-11-17 00:50:04 - 8_0.2_1 - INFO - => result | total 300 | correct 247 | acc 82.33% | err 17.67% | macro_f1 89.65%
2025-11-17 00:50:04 - 8_0.2_1 - INFO - Evaluate on the client1 neighbor set
2025-11-17 00:50:23 - 8_0.2_1 - INFO - => result | total 2,730 | correct 2,365 | acc 86.63% | err 13.37% | macro_f1 86.96%
2025-11-17 00:50:23 - 8_0.2_1 - INFO - Evaluate on the client2 local set
2025-11-17 00:50:25 - 8_0.2_1 - INFO - => result | total 300 | correct 275 | acc 91.67% | err 8.33% | macro_f1 95.39%
2025-11-17 00:50:25 - 8_0.2_1 - INFO - Evaluate on the client2 neighbor set
2025-11-17 00:50:44 - 8_0.2_1 - INFO - => result | total 2,730 | correct 2,336 | acc 85.57% | err 14.43% | macro_f1 86.03%
2025-11-17 00:50:44 - 8_0.2_1 - INFO - Evaluate on the client3 local set
2025-11-17 00:50:46 - 8_0.2_1 - INFO - => result | total 300 | correct 254 | acc 84.67% | err 15.33% | macro_f1 91.17%
2025-11-17 00:50:46 - 8_0.2_1 - INFO - Evaluate on the client3 neighbor set
2025-11-17 00:51:05 - 8_0.2_1 - INFO - => result | total 2,730 | correct 2,357 | acc 86.34% | err 13.66% | macro_f1 86.89%
2025-11-17 00:51:05 - 8_0.2_1 - INFO - Evaluate on the client4 local set
2025-11-17 00:51:07 - 8_0.2_1 - INFO - => result | total 300 | correct 276 | acc 92.00% | err 8.00% | macro_f1 95.47%
2025-11-17 00:51:07 - 8_0.2_1 - INFO - Evaluate on the client4 neighbor set
2025-11-17 00:51:26 - 8_0.2_1 - INFO - => result | total 2,730 | correct 2,332 | acc 85.42% | err 14.58% | macro_f1 86.16%
2025-11-17 00:51:26 - 8_0.2_1 - INFO - Evaluate on the client5 local set
2025-11-17 00:51:28 - 8_0.2_1 - INFO - => result | total 300 | correct 257 | acc 85.67% | err 14.33% | macro_f1 91.71%
2025-11-17 00:51:28 - 8_0.2_1 - INFO - Evaluate on the client5 neighbor set
2025-11-17 00:51:47 - 8_0.2_1 - INFO - => result | total 2,730 | correct 2,351 | acc 86.12% | err 13.88% | macro_f1 86.68%
2025-11-17 00:51:47 - 8_0.2_1 - INFO - Evaluate on the client6 local set
2025-11-17 00:51:49 - 8_0.2_1 - INFO - => result | total 300 | correct 251 | acc 83.67% | err 16.33% | macro_f1 88.82%
2025-11-17 00:51:49 - 8_0.2_1 - INFO - Evaluate on the client6 neighbor set
2025-11-17 00:52:08 - 8_0.2_1 - INFO - => result | total 2,730 | correct 2,356 | acc 86.30% | err 13.70% | macro_f1 87.04%
2025-11-17 00:52:08 - 8_0.2_1 - INFO - Evaluate on the client7 local set
2025-11-17 00:52:10 - 8_0.2_1 - INFO - => result | total 300 | correct 263 | acc 87.67% | err 12.33% | macro_f1 92.46%
2025-11-17 00:52:10 - 8_0.2_1 - INFO - Evaluate on the client7 neighbor set
2025-11-17 00:52:29 - 8_0.2_1 - INFO - => result | total 2,730 | correct 2,344 | acc 85.86% | err 14.14% | macro_f1 86.61%
2025-11-17 00:52:29 - 8_0.2_1 - INFO - Evaluate on the client8 local set
2025-11-17 00:52:31 - 8_0.2_1 - INFO - => result | total 300 | correct 265 | acc 88.33% | err 11.67% | macro_f1 92.21%
2025-11-17 00:52:31 - 8_0.2_1 - INFO - Evaluate on the client8 neighbor set
2025-11-17 00:52:50 - 8_0.2_1 - INFO - => result | total 2,730 | correct 2,342 | acc 85.79% | err 14.21% | macro_f1 86.36%
2025-11-17 00:52:50 - 8_0.2_1 - INFO - Evaluate on the client9 local set
2025-11-17 00:52:52 - 8_0.2_1 - INFO - => result | total 330 | correct 277 | acc 83.94% | err 16.06% | macro_f1 90.14%
2025-11-17 00:52:52 - 8_0.2_1 - INFO - Evaluate on the client9 neighbor set
2025-11-17 00:53:10 - 8_0.2_1 - INFO - => result | total 2,700 | correct 2,328 | acc 86.22% | err 13.78% | macro_f1 86.65%
2025-11-17 00:53:10 - 8_0.2_1 - INFO - Global test local acc: 86.23
2025-11-17 00:53:10 - 8_0.2_1 - INFO - Global test neighbor acc: 86.09
2025-11-17 00:53:10 - 8_0.2_1 - INFO - ------------local test finish-------------
2025-11-17 00:53:10 - 8_0.2_1 - INFO - [Epoch 29/30] 测试耗时: 209.20s
2025-11-17 00:53:50 - 8_0.2_1 - INFO - [Epoch 30/30] 训练耗时: 39.21s | 平均训练准确率: 76.90
2025-11-17 00:53:50 - 8_0.2_1 - INFO - ------------local test start-------------
2025-11-17 00:53:50 - 8_0.2_1 - INFO - Evaluate on the client0 local set
2025-11-17 00:53:52 - 8_0.2_1 - INFO - => result | total 300 | correct 246 | acc 82.00% | err 18.00% | macro_f1 88.86%
2025-11-17 00:53:52 - 8_0.2_1 - INFO - Evaluate on the client0 neighbor set
2025-11-17 00:54:10 - 8_0.2_1 - INFO - => result | total 2,730 | correct 2,363 | acc 86.56% | err 13.44% | macro_f1 86.93%
2025-11-17 00:54:10 - 8_0.2_1 - INFO - Evaluate on the client1 local set
2025-11-17 00:54:12 - 8_0.2_1 - INFO - => result | total 300 | correct 251 | acc 83.67% | err 16.33% | macro_f1 90.26%
2025-11-17 00:54:12 - 8_0.2_1 - INFO - Evaluate on the client1 neighbor set
2025-11-17 00:54:31 - 8_0.2_1 - INFO - => result | total 2,730 | correct 2,358 | acc 86.37% | err 13.63% | macro_f1 86.76%
2025-11-17 00:54:31 - 8_0.2_1 - INFO - Evaluate on the client2 local set
2025-11-17 00:54:33 - 8_0.2_1 - INFO - => result | total 300 | correct 273 | acc 91.00% | err 9.00% | macro_f1 94.99%
2025-11-17 00:54:33 - 8_0.2_1 - INFO - Evaluate on the client2 neighbor set
2025-11-17 00:54:52 - 8_0.2_1 - INFO - => result | total 2,730 | correct 2,337 | acc 85.60% | err 14.40% | macro_f1 86.11%
2025-11-17 00:54:52 - 8_0.2_1 - INFO - Evaluate on the client3 local set
2025-11-17 00:54:54 - 8_0.2_1 - INFO - => result | total 300 | correct 254 | acc 84.67% | err 15.33% | macro_f1 91.20%
2025-11-17 00:54:54 - 8_0.2_1 - INFO - Evaluate on the client3 neighbor set
2025-11-17 00:55:13 - 8_0.2_1 - INFO - => result | total 2,730 | correct 2,354 | acc 86.23% | err 13.77% | macro_f1 86.75%
2025-11-17 00:55:13 - 8_0.2_1 - INFO - Evaluate on the client4 local set
2025-11-17 00:55:15 - 8_0.2_1 - INFO - => result | total 300 | correct 276 | acc 92.00% | err 8.00% | macro_f1 95.48%
2025-11-17 00:55:15 - 8_0.2_1 - INFO - Evaluate on the client4 neighbor set
2025-11-17 00:55:33 - 8_0.2_1 - INFO - => result | total 2,730 | correct 2,334 | acc 85.49% | err 14.51% | macro_f1 86.20%
2025-11-17 00:55:33 - 8_0.2_1 - INFO - Evaluate on the client5 local set
2025-11-17 00:55:35 - 8_0.2_1 - INFO - => result | total 300 | correct 254 | acc 84.67% | err 15.33% | macro_f1 91.06%
2025-11-17 00:55:35 - 8_0.2_1 - INFO - Evaluate on the client5 neighbor set
2025-11-17 00:55:54 - 8_0.2_1 - INFO - => result | total 2,730 | correct 2,356 | acc 86.30% | err 13.70% | macro_f1 86.86%
2025-11-17 00:55:54 - 8_0.2_1 - INFO - Evaluate on the client6 local set
2025-11-17 00:55:56 - 8_0.2_1 - INFO - => result | total 300 | correct 254 | acc 84.67% | err 15.33% | macro_f1 90.01%
2025-11-17 00:55:56 - 8_0.2_1 - INFO - Evaluate on the client6 neighbor set
2025-11-17 00:56:15 - 8_0.2_1 - INFO - => result | total 2,730 | correct 2,355 | acc 86.26% | err 13.74% | macro_f1 87.02%
2025-11-17 00:56:15 - 8_0.2_1 - INFO - Evaluate on the client7 local set
2025-11-17 00:56:17 - 8_0.2_1 - INFO - => result | total 300 | correct 262 | acc 87.33% | err 12.67% | macro_f1 92.23%
2025-11-17 00:56:17 - 8_0.2_1 - INFO - Evaluate on the client7 neighbor set
2025-11-17 00:56:36 - 8_0.2_1 - INFO - => result | total 2,730 | correct 2,347 | acc 85.97% | err 14.03% | macro_f1 86.66%
2025-11-17 00:56:36 - 8_0.2_1 - INFO - Evaluate on the client8 local set
2025-11-17 00:56:38 - 8_0.2_1 - INFO - => result | total 300 | correct 266 | acc 88.67% | err 11.33% | macro_f1 92.50%
2025-11-17 00:56:38 - 8_0.2_1 - INFO - Evaluate on the client8 neighbor set
2025-11-17 00:56:57 - 8_0.2_1 - INFO - => result | total 2,730 | correct 2,343 | acc 85.82% | err 14.18% | macro_f1 86.43%
2025-11-17 00:56:57 - 8_0.2_1 - INFO - Evaluate on the client9 local set
2025-11-17 00:56:59 - 8_0.2_1 - INFO - => result | total 330 | correct 278 | acc 84.24% | err 15.76% | macro_f1 90.20%
2025-11-17 00:56:59 - 8_0.2_1 - INFO - Evaluate on the client9 neighbor set
2025-11-17 00:57:18 - 8_0.2_1 - INFO - => result | total 2,700 | correct 2,331 | acc 86.33% | err 13.67% | macro_f1 86.70%
2025-11-17 00:57:18 - 8_0.2_1 - INFO - Global test local acc: 86.29
2025-11-17 00:57:18 - 8_0.2_1 - INFO - Global test neighbor acc: 86.09
2025-11-17 00:57:18 - 8_0.2_1 - INFO - ------------local test finish-------------
2025-11-17 00:57:18 - 8_0.2_1 - INFO - [Epoch 30/30] 测试耗时: 207.86s
2025-11-17 00:57:18 - 8_0.2_1 - INFO - maximum test local acc: 86.291
2025-11-17 00:57:18 - 8_0.2_1 - INFO - mean of local acc: 86.251
2025-11-17 00:57:18 - 8_0.2_1 - INFO - maximum test neighbor acc: 86.113
2025-11-17 00:57:18 - 8_0.2_1 - INFO - mean of neighbor acc: 86.100
