2025-11-17 02:32:31 - 8_0.1_1 - INFO - 日志文件已创建: logs/food-101/dpfpl/8_0.1_1_20251117_023231.log
2025-11-17 02:32:31 - 8_0.1_1 - INFO - Loading trainer: DP_FPL
2025-11-17 02:32:31 - 8_0.1_1 - INFO - Loading dataset: Food101
2025-11-17 02:32:31 - 8_0.1_1 - INFO - Reading split from /home/liuxin25/dataset/food-101/split_zhou_Food101.json
2025-11-17 02:32:31 - 8_0.1_1 - INFO - Creating a baseline federated dataset
2025-11-17 02:32:31 - 8_0.1_1 - INFO - class_num 101
2025-11-17 02:32:31 - 8_0.1_1 - INFO - user class dict total [20, 79, 94, 54, 52, 65, 0, 1, 48, 74]
2025-11-17 02:32:31 - 8_0.1_1 - INFO - idx: 0, output_dict_len: 500
2025-11-17 02:32:31 - 8_0.1_1 - INFO - user class dict total [44, 99, 35, 69, 82, 42, 33, 14, 5, 62]
2025-11-17 02:32:31 - 8_0.1_1 - INFO - idx: 1, output_dict_len: 500
2025-11-17 02:32:31 - 8_0.1_1 - INFO - user class dict total [32, 55, 97, 10, 21, 31, 91, 27, 28, 76]
2025-11-17 02:32:31 - 8_0.1_1 - INFO - idx: 2, output_dict_len: 500
2025-11-17 02:32:31 - 8_0.1_1 - INFO - user class dict total [80, 71, 66, 58, 23, 70, 60, 72, 17, 18]
2025-11-17 02:32:31 - 8_0.1_1 - INFO - idx: 3, output_dict_len: 500
2025-11-17 02:32:31 - 8_0.1_1 - INFO - user class dict total [45, 34, 11, 56, 85, 13, 41, 30, 24, 86]
2025-11-17 02:32:31 - 8_0.1_1 - INFO - idx: 4, output_dict_len: 500
2025-11-17 02:32:31 - 8_0.1_1 - INFO - user class dict total [51, 75, 37, 6, 53, 95, 96, 39, 47, 90]
2025-11-17 02:32:31 - 8_0.1_1 - INFO - idx: 5, output_dict_len: 500
2025-11-17 02:32:31 - 8_0.1_1 - INFO - user class dict total [36, 7, 50, 3, 63, 59, 9, 77, 64, 93]
2025-11-17 02:32:31 - 8_0.1_1 - INFO - idx: 6, output_dict_len: 500
2025-11-17 02:32:31 - 8_0.1_1 - INFO - user class dict total [87, 98, 61, 19, 25, 4, 16, 8, 46, 26]
2025-11-17 02:32:31 - 8_0.1_1 - INFO - idx: 7, output_dict_len: 500
2025-11-17 02:32:31 - 8_0.1_1 - INFO - user class dict total [2, 92, 84, 29, 22, 88, 67, 68, 38, 83]
2025-11-17 02:32:31 - 8_0.1_1 - INFO - idx: 8, output_dict_len: 500
2025-11-17 02:32:31 - 8_0.1_1 - INFO - user class dict total [15, 12, 81, 43, 73, 78, 40, 100, 57, 89, 49]
2025-11-17 02:32:31 - 8_0.1_1 - INFO - idx: 9, output_dict_len: 550
2025-11-17 02:32:31 - 8_0.1_1 - INFO - Creating a baseline federated dataset
2025-11-17 02:32:31 - 8_0.1_1 - INFO - class_num 101
2025-11-17 02:32:31 - 8_0.1_1 - INFO - user class dict total [20, 79, 94, 54, 52, 65, 0, 1, 48, 74]
2025-11-17 02:32:31 - 8_0.1_1 - INFO - idx: 0, output_dict_len: 300
2025-11-17 02:32:31 - 8_0.1_1 - INFO - user class dict total [44, 99, 35, 69, 82, 42, 33, 14, 5, 62]
2025-11-17 02:32:31 - 8_0.1_1 - INFO - idx: 1, output_dict_len: 300
2025-11-17 02:32:31 - 8_0.1_1 - INFO - user class dict total [32, 55, 97, 10, 21, 31, 91, 27, 28, 76]
2025-11-17 02:32:31 - 8_0.1_1 - INFO - idx: 2, output_dict_len: 300
2025-11-17 02:32:31 - 8_0.1_1 - INFO - user class dict total [80, 71, 66, 58, 23, 70, 60, 72, 17, 18]
2025-11-17 02:32:31 - 8_0.1_1 - INFO - idx: 3, output_dict_len: 300
2025-11-17 02:32:31 - 8_0.1_1 - INFO - user class dict total [45, 34, 11, 56, 85, 13, 41, 30, 24, 86]
2025-11-17 02:32:31 - 8_0.1_1 - INFO - idx: 4, output_dict_len: 300
2025-11-17 02:32:31 - 8_0.1_1 - INFO - user class dict total [51, 75, 37, 6, 53, 95, 96, 39, 47, 90]
2025-11-17 02:32:31 - 8_0.1_1 - INFO - idx: 5, output_dict_len: 300
2025-11-17 02:32:31 - 8_0.1_1 - INFO - user class dict total [36, 7, 50, 3, 63, 59, 9, 77, 64, 93]
2025-11-17 02:32:31 - 8_0.1_1 - INFO - idx: 6, output_dict_len: 300
2025-11-17 02:32:31 - 8_0.1_1 - INFO - user class dict total [87, 98, 61, 19, 25, 4, 16, 8, 46, 26]
2025-11-17 02:32:31 - 8_0.1_1 - INFO - idx: 7, output_dict_len: 300
2025-11-17 02:32:31 - 8_0.1_1 - INFO - user class dict total [2, 92, 84, 29, 22, 88, 67, 68, 38, 83]
2025-11-17 02:32:31 - 8_0.1_1 - INFO - idx: 8, output_dict_len: 300
2025-11-17 02:32:31 - 8_0.1_1 - INFO - user class dict total [15, 12, 81, 43, 73, 78, 40, 100, 57, 89, 49]
2025-11-17 02:32:31 - 8_0.1_1 - INFO - idx: 9, output_dict_len: 330
2025-11-17 02:32:31 - 8_0.1_1 - INFO - Loading CLIP (backbone: ViT-B/16)
2025-11-17 02:32:33 - 8_0.1_1 - INFO - Building custom CLIP
2025-11-17 02:32:33 - 8_0.1_1 - INFO - Turning off gradients in both the image and the text encoder
2025-11-17 02:33:18 - 8_0.1_1 - INFO - [Epoch 1/30] 训练耗时: 44.84s | 平均训练准确率: 28.15
2025-11-17 02:34:02 - 8_0.1_1 - INFO - [Epoch 2/30] 训练耗时: 43.87s | 平均训练准确率: 70.98
2025-11-17 02:34:46 - 8_0.1_1 - INFO - [Epoch 3/30] 训练耗时: 43.76s | 平均训练准确率: 75.96
2025-11-17 02:35:30 - 8_0.1_1 - INFO - [Epoch 4/30] 训练耗时: 43.90s | 平均训练准确率: 76.69
2025-11-17 02:36:14 - 8_0.1_1 - INFO - [Epoch 5/30] 训练耗时: 43.83s | 平均训练准确率: 76.81
2025-11-17 02:36:57 - 8_0.1_1 - INFO - [Epoch 6/30] 训练耗时: 43.91s | 平均训练准确率: 76.33
2025-11-17 02:37:41 - 8_0.1_1 - INFO - [Epoch 7/30] 训练耗时: 43.89s | 平均训练准确率: 76.85
2025-11-17 02:38:24 - 8_0.1_1 - INFO - [Epoch 8/30] 训练耗时: 42.98s | 平均训练准确率: 77.21
2025-11-17 02:39:08 - 8_0.1_1 - INFO - [Epoch 9/30] 训练耗时: 43.84s | 平均训练准确率: 76.94
2025-11-17 02:39:52 - 8_0.1_1 - INFO - [Epoch 10/30] 训练耗时: 43.82s | 平均训练准确率: 76.73
2025-11-17 02:40:36 - 8_0.1_1 - INFO - [Epoch 11/30] 训练耗时: 43.78s | 平均训练准确率: 76.29
2025-11-17 02:41:20 - 8_0.1_1 - INFO - [Epoch 12/30] 训练耗时: 43.93s | 平均训练准确率: 76.88
2025-11-17 02:42:03 - 8_0.1_1 - INFO - [Epoch 13/30] 训练耗时: 43.67s | 平均训练准确率: 76.77
2025-11-17 02:42:47 - 8_0.1_1 - INFO - [Epoch 14/30] 训练耗时: 43.62s | 平均训练准确率: 76.42
2025-11-17 02:43:31 - 8_0.1_1 - INFO - [Epoch 15/30] 训练耗时: 43.60s | 平均训练准确率: 76.06
2025-11-17 02:44:13 - 8_0.1_1 - INFO - [Epoch 16/30] 训练耗时: 42.79s | 平均训练准确率: 77.29
2025-11-17 02:44:57 - 8_0.1_1 - INFO - [Epoch 17/30] 训练耗时: 43.23s | 平均训练准确率: 76.19
2025-11-17 02:45:40 - 8_0.1_1 - INFO - [Epoch 18/30] 训练耗时: 43.38s | 平均训练准确率: 75.67
2025-11-17 02:46:23 - 8_0.1_1 - INFO - [Epoch 19/30] 训练耗时: 43.42s | 平均训练准确率: 76.69
2025-11-17 02:47:07 - 8_0.1_1 - INFO - [Epoch 20/30] 训练耗时: 43.43s | 平均训练准确率: 76.65
2025-11-17 02:47:50 - 8_0.1_1 - INFO - [Epoch 21/30] 训练耗时: 43.42s | 平均训练准确率: 76.48
2025-11-17 02:48:34 - 8_0.1_1 - INFO - [Epoch 22/30] 训练耗时: 43.36s | 平均训练准确率: 76.56
2025-11-17 02:49:17 - 8_0.1_1 - INFO - [Epoch 23/30] 训练耗时: 43.37s | 平均训练准确率: 76.98
2025-11-17 02:50:00 - 8_0.1_1 - INFO - [Epoch 24/30] 训练耗时: 43.06s | 平均训练准确率: 76.58
2025-11-17 02:50:43 - 8_0.1_1 - INFO - [Epoch 25/30] 训练耗时: 42.88s | 平均训练准确率: 75.90
2025-11-17 02:51:25 - 8_0.1_1 - INFO - [Epoch 26/30] 训练耗时: 41.75s | 平均训练准确率: 77.06
2025-11-17 02:52:04 - 8_0.1_1 - INFO - [Epoch 27/30] 训练耗时: 39.56s | 平均训练准确率: 76.67
2025-11-17 02:52:44 - 8_0.1_1 - INFO - [Epoch 28/30] 训练耗时: 39.65s | 平均训练准确率: 76.29
2025-11-17 02:52:44 - 8_0.1_1 - INFO - ------------local test start-------------
2025-11-17 02:52:44 - 8_0.1_1 - INFO - Evaluate on the client0 local set
2025-11-17 02:52:46 - 8_0.1_1 - INFO - => result | total 300 | correct 241 | acc 80.33% | err 19.67% | macro_f1 87.73%
2025-11-17 02:52:46 - 8_0.1_1 - INFO - Evaluate on the client0 neighbor set
2025-11-17 02:53:07 - 8_0.1_1 - INFO - => result | total 2,730 | correct 2,344 | acc 85.86% | err 14.14% | macro_f1 86.09%
2025-11-17 02:53:07 - 8_0.1_1 - INFO - Evaluate on the client1 local set
2025-11-17 02:53:10 - 8_0.1_1 - INFO - => result | total 300 | correct 250 | acc 83.33% | err 16.67% | macro_f1 89.76%
2025-11-17 02:53:10 - 8_0.1_1 - INFO - Evaluate on the client1 neighbor set
2025-11-17 02:53:30 - 8_0.1_1 - INFO - => result | total 2,730 | correct 2,334 | acc 85.49% | err 14.51% | macro_f1 85.98%
2025-11-17 02:53:30 - 8_0.1_1 - INFO - Evaluate on the client2 local set
2025-11-17 02:53:32 - 8_0.1_1 - INFO - => result | total 300 | correct 268 | acc 89.33% | err 10.67% | macro_f1 94.20%
2025-11-17 02:53:32 - 8_0.1_1 - INFO - Evaluate on the client2 neighbor set
2025-11-17 02:53:51 - 8_0.1_1 - INFO - => result | total 2,730 | correct 2,315 | acc 84.80% | err 15.20% | macro_f1 85.34%
2025-11-17 02:53:51 - 8_0.1_1 - INFO - Evaluate on the client3 local set
2025-11-17 02:53:53 - 8_0.1_1 - INFO - => result | total 300 | correct 254 | acc 84.67% | err 15.33% | macro_f1 91.14%
2025-11-17 02:53:53 - 8_0.1_1 - INFO - Evaluate on the client3 neighbor set
2025-11-17 02:54:12 - 8_0.1_1 - INFO - => result | total 2,730 | correct 2,327 | acc 85.24% | err 14.76% | macro_f1 85.80%
2025-11-17 02:54:12 - 8_0.1_1 - INFO - Evaluate on the client4 local set
2025-11-17 02:54:14 - 8_0.1_1 - INFO - => result | total 300 | correct 276 | acc 92.00% | err 8.00% | macro_f1 95.28%
2025-11-17 02:54:14 - 8_0.1_1 - INFO - Evaluate on the client4 neighbor set
2025-11-17 02:54:33 - 8_0.1_1 - INFO - => result | total 2,730 | correct 2,304 | acc 84.40% | err 15.60% | macro_f1 85.14%
2025-11-17 02:54:33 - 8_0.1_1 - INFO - Evaluate on the client5 local set
2025-11-17 02:54:35 - 8_0.1_1 - INFO - => result | total 300 | correct 262 | acc 87.33% | err 12.67% | macro_f1 92.59%
2025-11-17 02:54:35 - 8_0.1_1 - INFO - Evaluate on the client5 neighbor set
2025-11-17 02:54:54 - 8_0.1_1 - INFO - => result | total 2,730 | correct 2,313 | acc 84.73% | err 15.27% | macro_f1 85.48%
2025-11-17 02:54:54 - 8_0.1_1 - INFO - Evaluate on the client6 local set
2025-11-17 02:54:56 - 8_0.1_1 - INFO - => result | total 300 | correct 241 | acc 80.33% | err 19.67% | macro_f1 86.46%
2025-11-17 02:54:56 - 8_0.1_1 - INFO - Evaluate on the client6 neighbor set
2025-11-17 02:55:15 - 8_0.1_1 - INFO - => result | total 2,730 | correct 2,334 | acc 85.49% | err 14.51% | macro_f1 86.17%
2025-11-17 02:55:15 - 8_0.1_1 - INFO - Evaluate on the client7 local set
2025-11-17 02:55:17 - 8_0.1_1 - INFO - => result | total 300 | correct 253 | acc 84.33% | err 15.67% | macro_f1 90.06%
2025-11-17 02:55:17 - 8_0.1_1 - INFO - Evaluate on the client7 neighbor set
2025-11-17 02:55:36 - 8_0.1_1 - INFO - => result | total 2,730 | correct 2,318 | acc 84.91% | err 15.09% | macro_f1 85.58%
2025-11-17 02:55:36 - 8_0.1_1 - INFO - Evaluate on the client8 local set
2025-11-17 02:55:38 - 8_0.1_1 - INFO - => result | total 300 | correct 266 | acc 88.67% | err 11.33% | macro_f1 92.49%
2025-11-17 02:55:38 - 8_0.1_1 - INFO - Evaluate on the client8 neighbor set
2025-11-17 02:55:57 - 8_0.1_1 - INFO - => result | total 2,730 | correct 2,303 | acc 84.36% | err 15.64% | macro_f1 84.99%
2025-11-17 02:55:57 - 8_0.1_1 - INFO - Evaluate on the client9 local set
2025-11-17 02:56:00 - 8_0.1_1 - INFO - => result | total 330 | correct 270 | acc 81.82% | err 18.18% | macro_f1 88.38%
2025-11-17 02:56:00 - 8_0.1_1 - INFO - Evaluate on the client9 neighbor set
2025-11-17 02:56:18 - 8_0.1_1 - INFO - => result | total 2,700 | correct 2,300 | acc 85.19% | err 14.81% | macro_f1 85.55%
2025-11-17 02:56:18 - 8_0.1_1 - INFO - Global test local acc: 85.22
2025-11-17 02:56:18 - 8_0.1_1 - INFO - Global test neighbor acc: 85.05
2025-11-17 02:56:18 - 8_0.1_1 - INFO - ------------local test finish-------------
2025-11-17 02:56:18 - 8_0.1_1 - INFO - [Epoch 28/30] 测试耗时: 213.97s
2025-11-17 02:56:57 - 8_0.1_1 - INFO - [Epoch 29/30] 训练耗时: 39.37s | 平均训练准确率: 76.46
2025-11-17 02:56:57 - 8_0.1_1 - INFO - ------------local test start-------------
2025-11-17 02:56:57 - 8_0.1_1 - INFO - Evaluate on the client0 local set
2025-11-17 02:56:59 - 8_0.1_1 - INFO - => result | total 300 | correct 236 | acc 78.67% | err 21.33% | macro_f1 86.62%
2025-11-17 02:56:59 - 8_0.1_1 - INFO - Evaluate on the client0 neighbor set
2025-11-17 02:57:18 - 8_0.1_1 - INFO - => result | total 2,730 | correct 2,333 | acc 85.46% | err 14.54% | macro_f1 85.78%
2025-11-17 02:57:18 - 8_0.1_1 - INFO - Evaluate on the client1 local set
2025-11-17 02:57:20 - 8_0.1_1 - INFO - => result | total 300 | correct 246 | acc 82.00% | err 18.00% | macro_f1 89.24%
2025-11-17 02:57:20 - 8_0.1_1 - INFO - Evaluate on the client1 neighbor set
2025-11-17 02:57:39 - 8_0.1_1 - INFO - => result | total 2,730 | correct 2,321 | acc 85.02% | err 14.98% | macro_f1 85.45%
2025-11-17 02:57:39 - 8_0.1_1 - INFO - Evaluate on the client2 local set
2025-11-17 02:57:41 - 8_0.1_1 - INFO - => result | total 300 | correct 265 | acc 88.33% | err 11.67% | macro_f1 93.61%
2025-11-17 02:57:41 - 8_0.1_1 - INFO - Evaluate on the client2 neighbor set
2025-11-17 02:58:00 - 8_0.1_1 - INFO - => result | total 2,730 | correct 2,302 | acc 84.32% | err 15.68% | macro_f1 84.85%
2025-11-17 02:58:00 - 8_0.1_1 - INFO - Evaluate on the client3 local set
2025-11-17 02:58:02 - 8_0.1_1 - INFO - => result | total 300 | correct 249 | acc 83.00% | err 17.00% | macro_f1 89.50%
2025-11-17 02:58:02 - 8_0.1_1 - INFO - Evaluate on the client3 neighbor set
2025-11-17 02:58:21 - 8_0.1_1 - INFO - => result | total 2,730 | correct 2,317 | acc 84.87% | err 15.13% | macro_f1 85.44%
2025-11-17 02:58:21 - 8_0.1_1 - INFO - Evaluate on the client4 local set
2025-11-17 02:58:23 - 8_0.1_1 - INFO - => result | total 300 | correct 274 | acc 91.33% | err 8.67% | macro_f1 95.08%
2025-11-17 02:58:23 - 8_0.1_1 - INFO - Evaluate on the client4 neighbor set
2025-11-17 02:58:42 - 8_0.1_1 - INFO - => result | total 2,730 | correct 2,291 | acc 83.92% | err 16.08% | macro_f1 84.64%
2025-11-17 02:58:42 - 8_0.1_1 - INFO - Evaluate on the client5 local set
2025-11-17 02:58:44 - 8_0.1_1 - INFO - => result | total 300 | correct 263 | acc 87.67% | err 12.33% | macro_f1 92.65%
2025-11-17 02:58:44 - 8_0.1_1 - INFO - Evaluate on the client5 neighbor set
2025-11-17 02:59:03 - 8_0.1_1 - INFO - => result | total 2,730 | correct 2,303 | acc 84.36% | err 15.64% | macro_f1 85.08%
2025-11-17 02:59:03 - 8_0.1_1 - INFO - Evaluate on the client6 local set
2025-11-17 02:59:05 - 8_0.1_1 - INFO - => result | total 300 | correct 245 | acc 81.67% | err 18.33% | macro_f1 87.68%
2025-11-17 02:59:05 - 8_0.1_1 - INFO - Evaluate on the client6 neighbor set
2025-11-17 02:59:24 - 8_0.1_1 - INFO - => result | total 2,730 | correct 2,321 | acc 85.02% | err 14.98% | macro_f1 85.69%
2025-11-17 02:59:24 - 8_0.1_1 - INFO - Evaluate on the client7 local set
2025-11-17 02:59:26 - 8_0.1_1 - INFO - => result | total 300 | correct 254 | acc 84.67% | err 15.33% | macro_f1 90.03%
2025-11-17 02:59:26 - 8_0.1_1 - INFO - Evaluate on the client7 neighbor set
2025-11-17 02:59:44 - 8_0.1_1 - INFO - => result | total 2,730 | correct 2,313 | acc 84.73% | err 15.27% | macro_f1 85.45%
2025-11-17 02:59:44 - 8_0.1_1 - INFO - Evaluate on the client8 local set
2025-11-17 02:59:47 - 8_0.1_1 - INFO - => result | total 300 | correct 264 | acc 88.00% | err 12.00% | macro_f1 92.11%
2025-11-17 02:59:47 - 8_0.1_1 - INFO - Evaluate on the client8 neighbor set
2025-11-17 03:00:05 - 8_0.1_1 - INFO - => result | total 2,730 | correct 2,299 | acc 84.21% | err 15.79% | macro_f1 84.81%
2025-11-17 03:00:05 - 8_0.1_1 - INFO - Evaluate on the client9 local set
2025-11-17 03:00:08 - 8_0.1_1 - INFO - => result | total 330 | correct 271 | acc 82.12% | err 17.88% | macro_f1 88.54%
2025-11-17 03:00:08 - 8_0.1_1 - INFO - Evaluate on the client9 neighbor set
2025-11-17 03:00:26 - 8_0.1_1 - INFO - => result | total 2,700 | correct 2,292 | acc 84.89% | err 15.11% | macro_f1 85.27%
2025-11-17 03:00:26 - 8_0.1_1 - INFO - Global test local acc: 84.75
2025-11-17 03:00:26 - 8_0.1_1 - INFO - Global test neighbor acc: 84.68
2025-11-17 03:00:26 - 8_0.1_1 - INFO - ------------local test finish-------------
2025-11-17 03:00:26 - 8_0.1_1 - INFO - [Epoch 29/30] 测试耗时: 209.05s
2025-11-17 03:01:08 - 8_0.1_1 - INFO - [Epoch 30/30] 训练耗时: 41.62s | 平均训练准确率: 76.06
2025-11-17 03:01:08 - 8_0.1_1 - INFO - ------------local test start-------------
2025-11-17 03:01:08 - 8_0.1_1 - INFO - Evaluate on the client0 local set
2025-11-17 03:01:10 - 8_0.1_1 - INFO - => result | total 300 | correct 235 | acc 78.33% | err 21.67% | macro_f1 86.55%
2025-11-17 03:01:10 - 8_0.1_1 - INFO - Evaluate on the client0 neighbor set
2025-11-17 03:01:30 - 8_0.1_1 - INFO - => result | total 2,730 | correct 2,329 | acc 85.31% | err 14.69% | macro_f1 85.60%
2025-11-17 03:01:30 - 8_0.1_1 - INFO - Evaluate on the client1 local set
2025-11-17 03:01:32 - 8_0.1_1 - INFO - => result | total 300 | correct 241 | acc 80.33% | err 19.67% | macro_f1 87.89%
2025-11-17 03:01:32 - 8_0.1_1 - INFO - Evaluate on the client1 neighbor set
2025-11-17 03:01:51 - 8_0.1_1 - INFO - => result | total 2,730 | correct 2,323 | acc 85.09% | err 14.91% | macro_f1 85.49%
2025-11-17 03:01:51 - 8_0.1_1 - INFO - Evaluate on the client2 local set
2025-11-17 03:01:53 - 8_0.1_1 - INFO - => result | total 300 | correct 266 | acc 88.67% | err 11.33% | macro_f1 93.81%
2025-11-17 03:01:53 - 8_0.1_1 - INFO - Evaluate on the client2 neighbor set
2025-11-17 03:02:12 - 8_0.1_1 - INFO - => result | total 2,730 | correct 2,297 | acc 84.14% | err 15.86% | macro_f1 84.66%
2025-11-17 03:02:12 - 8_0.1_1 - INFO - Evaluate on the client3 local set
2025-11-17 03:02:14 - 8_0.1_1 - INFO - => result | total 300 | correct 251 | acc 83.67% | err 16.33% | macro_f1 90.12%
2025-11-17 03:02:14 - 8_0.1_1 - INFO - Evaluate on the client3 neighbor set
2025-11-17 03:02:33 - 8_0.1_1 - INFO - => result | total 2,730 | correct 2,310 | acc 84.62% | err 15.38% | macro_f1 85.16%
2025-11-17 03:02:33 - 8_0.1_1 - INFO - Evaluate on the client4 local set
2025-11-17 03:02:35 - 8_0.1_1 - INFO - => result | total 300 | correct 273 | acc 91.00% | err 9.00% | macro_f1 94.93%
2025-11-17 03:02:35 - 8_0.1_1 - INFO - Evaluate on the client4 neighbor set
2025-11-17 03:02:54 - 8_0.1_1 - INFO - => result | total 2,730 | correct 2,286 | acc 83.74% | err 16.26% | macro_f1 84.48%
2025-11-17 03:02:54 - 8_0.1_1 - INFO - Evaluate on the client5 local set
2025-11-17 03:02:56 - 8_0.1_1 - INFO - => result | total 300 | correct 261 | acc 87.00% | err 13.00% | macro_f1 92.09%
2025-11-17 03:02:56 - 8_0.1_1 - INFO - Evaluate on the client5 neighbor set
2025-11-17 03:03:15 - 8_0.1_1 - INFO - => result | total 2,730 | correct 2,299 | acc 84.21% | err 15.79% | macro_f1 84.92%
2025-11-17 03:03:15 - 8_0.1_1 - INFO - Evaluate on the client6 local set
2025-11-17 03:03:17 - 8_0.1_1 - INFO - => result | total 300 | correct 244 | acc 81.33% | err 18.67% | macro_f1 87.20%
2025-11-17 03:03:17 - 8_0.1_1 - INFO - Evaluate on the client6 neighbor set
2025-11-17 03:03:37 - 8_0.1_1 - INFO - => result | total 2,730 | correct 2,316 | acc 84.84% | err 15.16% | macro_f1 85.54%
2025-11-17 03:03:37 - 8_0.1_1 - INFO - Evaluate on the client7 local set
2025-11-17 03:03:39 - 8_0.1_1 - INFO - => result | total 300 | correct 256 | acc 85.33% | err 14.67% | macro_f1 90.59%
2025-11-17 03:03:39 - 8_0.1_1 - INFO - Evaluate on the client7 neighbor set
2025-11-17 03:03:58 - 8_0.1_1 - INFO - => result | total 2,730 | correct 2,305 | acc 84.43% | err 15.57% | macro_f1 85.20%
2025-11-17 03:03:58 - 8_0.1_1 - INFO - Evaluate on the client8 local set
2025-11-17 03:04:00 - 8_0.1_1 - INFO - => result | total 300 | correct 261 | acc 87.00% | err 13.00% | macro_f1 91.67%
2025-11-17 03:04:00 - 8_0.1_1 - INFO - Evaluate on the client8 neighbor set
2025-11-17 03:04:19 - 8_0.1_1 - INFO - => result | total 2,730 | correct 2,301 | acc 84.29% | err 15.71% | macro_f1 84.92%
2025-11-17 03:04:19 - 8_0.1_1 - INFO - Evaluate on the client9 local set
2025-11-17 03:04:21 - 8_0.1_1 - INFO - => result | total 330 | correct 272 | acc 82.42% | err 17.58% | macro_f1 88.73%
2025-11-17 03:04:21 - 8_0.1_1 - INFO - Evaluate on the client9 neighbor set
2025-11-17 03:04:40 - 8_0.1_1 - INFO - => result | total 2,700 | correct 2,290 | acc 84.81% | err 15.19% | macro_f1 85.20%
2025-11-17 03:04:40 - 8_0.1_1 - INFO - Global test local acc: 84.51
2025-11-17 03:04:40 - 8_0.1_1 - INFO - Global test neighbor acc: 84.55
2025-11-17 03:04:40 - 8_0.1_1 - INFO - ------------local test finish-------------
2025-11-17 03:04:40 - 8_0.1_1 - INFO - [Epoch 30/30] 测试耗时: 212.12s
2025-11-17 03:04:40 - 8_0.1_1 - INFO - maximum test local acc: 85.215
2025-11-17 03:04:40 - 8_0.1_1 - INFO - mean of local acc: 84.823
2025-11-17 03:04:40 - 8_0.1_1 - INFO - maximum test neighbor acc: 85.046
2025-11-17 03:04:40 - 8_0.1_1 - INFO - mean of neighbor acc: 84.758
