2025-11-17 06:47:21 - 8_0.01_1 - INFO - 日志文件已创建: logs/food-101/dpfpl/8_0.01_1_20251117_064721.log
2025-11-17 06:47:21 - 8_0.01_1 - INFO - Loading trainer: DP_FPL
2025-11-17 06:47:21 - 8_0.01_1 - INFO - Loading dataset: Food101
2025-11-17 06:47:21 - 8_0.01_1 - INFO - Reading split from /home/liuxin25/dataset/food-101/split_zhou_Food101.json
2025-11-17 06:47:21 - 8_0.01_1 - INFO - Creating a baseline federated dataset
2025-11-17 06:47:21 - 8_0.01_1 - INFO - class_num 101
2025-11-17 06:47:21 - 8_0.01_1 - INFO - user class dict total [20, 79, 94, 54, 52, 65, 0, 1, 48, 74]
2025-11-17 06:47:21 - 8_0.01_1 - INFO - idx: 0, output_dict_len: 500
2025-11-17 06:47:21 - 8_0.01_1 - INFO - user class dict total [44, 99, 35, 69, 82, 42, 33, 14, 5, 62]
2025-11-17 06:47:21 - 8_0.01_1 - INFO - idx: 1, output_dict_len: 500
2025-11-17 06:47:21 - 8_0.01_1 - INFO - user class dict total [32, 55, 97, 10, 21, 31, 91, 27, 28, 76]
2025-11-17 06:47:21 - 8_0.01_1 - INFO - idx: 2, output_dict_len: 500
2025-11-17 06:47:21 - 8_0.01_1 - INFO - user class dict total [80, 71, 66, 58, 23, 70, 60, 72, 17, 18]
2025-11-17 06:47:21 - 8_0.01_1 - INFO - idx: 3, output_dict_len: 500
2025-11-17 06:47:21 - 8_0.01_1 - INFO - user class dict total [45, 34, 11, 56, 85, 13, 41, 30, 24, 86]
2025-11-17 06:47:21 - 8_0.01_1 - INFO - idx: 4, output_dict_len: 500
2025-11-17 06:47:21 - 8_0.01_1 - INFO - user class dict total [51, 75, 37, 6, 53, 95, 96, 39, 47, 90]
2025-11-17 06:47:21 - 8_0.01_1 - INFO - idx: 5, output_dict_len: 500
2025-11-17 06:47:21 - 8_0.01_1 - INFO - user class dict total [36, 7, 50, 3, 63, 59, 9, 77, 64, 93]
2025-11-17 06:47:21 - 8_0.01_1 - INFO - idx: 6, output_dict_len: 500
2025-11-17 06:47:21 - 8_0.01_1 - INFO - user class dict total [87, 98, 61, 19, 25, 4, 16, 8, 46, 26]
2025-11-17 06:47:21 - 8_0.01_1 - INFO - idx: 7, output_dict_len: 500
2025-11-17 06:47:21 - 8_0.01_1 - INFO - user class dict total [2, 92, 84, 29, 22, 88, 67, 68, 38, 83]
2025-11-17 06:47:21 - 8_0.01_1 - INFO - idx: 8, output_dict_len: 500
2025-11-17 06:47:21 - 8_0.01_1 - INFO - user class dict total [15, 12, 81, 43, 73, 78, 40, 100, 57, 89, 49]
2025-11-17 06:47:21 - 8_0.01_1 - INFO - idx: 9, output_dict_len: 550
2025-11-17 06:47:21 - 8_0.01_1 - INFO - Creating a baseline federated dataset
2025-11-17 06:47:21 - 8_0.01_1 - INFO - class_num 101
2025-11-17 06:47:21 - 8_0.01_1 - INFO - user class dict total [20, 79, 94, 54, 52, 65, 0, 1, 48, 74]
2025-11-17 06:47:21 - 8_0.01_1 - INFO - idx: 0, output_dict_len: 300
2025-11-17 06:47:21 - 8_0.01_1 - INFO - user class dict total [44, 99, 35, 69, 82, 42, 33, 14, 5, 62]
2025-11-17 06:47:21 - 8_0.01_1 - INFO - idx: 1, output_dict_len: 300
2025-11-17 06:47:21 - 8_0.01_1 - INFO - user class dict total [32, 55, 97, 10, 21, 31, 91, 27, 28, 76]
2025-11-17 06:47:21 - 8_0.01_1 - INFO - idx: 2, output_dict_len: 300
2025-11-17 06:47:21 - 8_0.01_1 - INFO - user class dict total [80, 71, 66, 58, 23, 70, 60, 72, 17, 18]
2025-11-17 06:47:21 - 8_0.01_1 - INFO - idx: 3, output_dict_len: 300
2025-11-17 06:47:21 - 8_0.01_1 - INFO - user class dict total [45, 34, 11, 56, 85, 13, 41, 30, 24, 86]
2025-11-17 06:47:21 - 8_0.01_1 - INFO - idx: 4, output_dict_len: 300
2025-11-17 06:47:21 - 8_0.01_1 - INFO - user class dict total [51, 75, 37, 6, 53, 95, 96, 39, 47, 90]
2025-11-17 06:47:21 - 8_0.01_1 - INFO - idx: 5, output_dict_len: 300
2025-11-17 06:47:21 - 8_0.01_1 - INFO - user class dict total [36, 7, 50, 3, 63, 59, 9, 77, 64, 93]
2025-11-17 06:47:21 - 8_0.01_1 - INFO - idx: 6, output_dict_len: 300
2025-11-17 06:47:21 - 8_0.01_1 - INFO - user class dict total [87, 98, 61, 19, 25, 4, 16, 8, 46, 26]
2025-11-17 06:47:21 - 8_0.01_1 - INFO - idx: 7, output_dict_len: 300
2025-11-17 06:47:21 - 8_0.01_1 - INFO - user class dict total [2, 92, 84, 29, 22, 88, 67, 68, 38, 83]
2025-11-17 06:47:21 - 8_0.01_1 - INFO - idx: 8, output_dict_len: 300
2025-11-17 06:47:21 - 8_0.01_1 - INFO - user class dict total [15, 12, 81, 43, 73, 78, 40, 100, 57, 89, 49]
2025-11-17 06:47:21 - 8_0.01_1 - INFO - idx: 9, output_dict_len: 330
2025-11-17 06:47:21 - 8_0.01_1 - INFO - Loading CLIP (backbone: ViT-B/16)
2025-11-17 06:47:23 - 8_0.01_1 - INFO - Building custom CLIP
2025-11-17 06:47:23 - 8_0.01_1 - INFO - Turning off gradients in both the image and the text encoder
2025-11-17 06:48:07 - 8_0.01_1 - INFO - [Epoch 1/30] 训练耗时: 43.36s | 平均训练准确率: 28.15
2025-11-17 06:48:50 - 8_0.01_1 - INFO - [Epoch 2/30] 训练耗时: 43.75s | 平均训练准确率: 64.27
2025-11-17 06:49:34 - 8_0.01_1 - INFO - [Epoch 3/30] 训练耗时: 43.53s | 平均训练准确率: 73.15
2025-11-17 06:50:14 - 8_0.01_1 - INFO - [Epoch 4/30] 训练耗时: 40.47s | 平均训练准确率: 73.10
2025-11-17 06:50:54 - 8_0.01_1 - INFO - [Epoch 5/30] 训练耗时: 39.54s | 平均训练准确率: 72.50
2025-11-17 06:51:34 - 8_0.01_1 - INFO - [Epoch 6/30] 训练耗时: 39.64s | 平均训练准确率: 73.31
2025-11-17 06:52:13 - 8_0.01_1 - INFO - [Epoch 7/30] 训练耗时: 39.46s | 平均训练准确率: 71.98
2025-11-17 06:52:53 - 8_0.01_1 - INFO - [Epoch 8/30] 训练耗时: 39.49s | 平均训练准确率: 71.29
2025-11-17 06:53:35 - 8_0.01_1 - INFO - [Epoch 9/30] 训练耗时: 41.94s | 平均训练准确率: 71.98
2025-11-17 06:54:17 - 8_0.01_1 - INFO - [Epoch 10/30] 训练耗时: 42.66s | 平均训练准确率: 72.19
2025-11-17 06:54:57 - 8_0.01_1 - INFO - [Epoch 11/30] 训练耗时: 39.85s | 平均训练准确率: 72.92
2025-11-17 06:55:37 - 8_0.01_1 - INFO - [Epoch 12/30] 训练耗时: 39.73s | 平均训练准确率: 72.60
2025-11-17 06:56:17 - 8_0.01_1 - INFO - [Epoch 13/30] 训练耗时: 39.72s | 平均训练准确率: 72.69
2025-11-17 06:56:56 - 8_0.01_1 - INFO - [Epoch 14/30] 训练耗时: 39.67s | 平均训练准确率: 71.25
2025-11-17 06:57:36 - 8_0.01_1 - INFO - [Epoch 15/30] 训练耗时: 39.77s | 平均训练准确率: 70.15
2025-11-17 06:58:16 - 8_0.01_1 - INFO - [Epoch 16/30] 训练耗时: 39.69s | 平均训练准确率: 71.40
2025-11-17 06:58:55 - 8_0.01_1 - INFO - [Epoch 17/30] 训练耗时: 39.63s | 平均训练准确率: 71.83
2025-11-17 06:59:35 - 8_0.01_1 - INFO - [Epoch 18/30] 训练耗时: 39.49s | 平均训练准确率: 71.33
2025-11-17 07:00:13 - 8_0.01_1 - INFO - [Epoch 19/30] 训练耗时: 38.50s | 平均训练准确率: 72.75
2025-11-17 07:00:53 - 8_0.01_1 - INFO - [Epoch 20/30] 训练耗时: 39.67s | 平均训练准确率: 72.38
2025-11-17 07:01:33 - 8_0.01_1 - INFO - [Epoch 21/30] 训练耗时: 40.46s | 平均训练准确率: 71.46
2025-11-17 07:02:17 - 8_0.01_1 - INFO - [Epoch 22/30] 训练耗时: 43.54s | 平均训练准确率: 72.19
2025-11-17 07:03:00 - 8_0.01_1 - INFO - [Epoch 23/30] 训练耗时: 43.37s | 平均训练准确率: 73.10
2025-11-17 07:03:44 - 8_0.01_1 - INFO - [Epoch 24/30] 训练耗时: 43.53s | 平均训练准确率: 73.54
2025-11-17 07:04:27 - 8_0.01_1 - INFO - [Epoch 25/30] 训练耗时: 43.35s | 平均训练准确率: 72.21
2025-11-17 07:05:11 - 8_0.01_1 - INFO - [Epoch 26/30] 训练耗时: 43.37s | 平均训练准确率: 73.33
2025-11-17 07:05:53 - 8_0.01_1 - INFO - [Epoch 27/30] 训练耗时: 42.84s | 平均训练准确率: 73.06
2025-11-17 07:06:36 - 8_0.01_1 - INFO - [Epoch 28/30] 训练耗时: 43.03s | 平均训练准确率: 73.62
2025-11-17 07:06:36 - 8_0.01_1 - INFO - ------------local test start-------------
2025-11-17 07:06:36 - 8_0.01_1 - INFO - Evaluate on the client0 local set
2025-11-17 07:06:39 - 8_0.01_1 - INFO - => result | total 300 | correct 238 | acc 79.33% | err 20.67% | macro_f1 86.38%
2025-11-17 07:06:39 - 8_0.01_1 - INFO - Evaluate on the client0 neighbor set
2025-11-17 07:06:58 - 8_0.01_1 - INFO - => result | total 2,730 | correct 2,251 | acc 82.45% | err 17.55% | macro_f1 82.91%
2025-11-17 07:06:58 - 8_0.01_1 - INFO - Evaluate on the client1 local set
2025-11-17 07:07:00 - 8_0.01_1 - INFO - => result | total 300 | correct 229 | acc 76.33% | err 23.67% | macro_f1 85.02%
2025-11-17 07:07:00 - 8_0.01_1 - INFO - Evaluate on the client1 neighbor set
2025-11-17 07:07:19 - 8_0.01_1 - INFO - => result | total 2,730 | correct 2,259 | acc 82.75% | err 17.25% | macro_f1 82.97%
2025-11-17 07:07:19 - 8_0.01_1 - INFO - Evaluate on the client2 local set
2025-11-17 07:07:21 - 8_0.01_1 - INFO - => result | total 300 | correct 255 | acc 85.00% | err 15.00% | macro_f1 91.19%
2025-11-17 07:07:21 - 8_0.01_1 - INFO - Evaluate on the client2 neighbor set
2025-11-17 07:07:39 - 8_0.01_1 - INFO - => result | total 2,730 | correct 2,234 | acc 81.83% | err 18.17% | macro_f1 81.96%
2025-11-17 07:07:39 - 8_0.01_1 - INFO - Evaluate on the client3 local set
2025-11-17 07:07:41 - 8_0.01_1 - INFO - => result | total 300 | correct 243 | acc 81.00% | err 19.00% | macro_f1 88.53%
2025-11-17 07:07:41 - 8_0.01_1 - INFO - Evaluate on the client3 neighbor set
2025-11-17 07:08:00 - 8_0.01_1 - INFO - => result | total 2,730 | correct 2,245 | acc 82.23% | err 17.77% | macro_f1 82.85%
2025-11-17 07:08:00 - 8_0.01_1 - INFO - Evaluate on the client4 local set
2025-11-17 07:08:02 - 8_0.01_1 - INFO - => result | total 300 | correct 266 | acc 88.67% | err 11.33% | macro_f1 93.34%
2025-11-17 07:08:02 - 8_0.01_1 - INFO - Evaluate on the client4 neighbor set
2025-11-17 07:08:21 - 8_0.01_1 - INFO - => result | total 2,730 | correct 2,222 | acc 81.39% | err 18.61% | macro_f1 82.16%
2025-11-17 07:08:21 - 8_0.01_1 - INFO - Evaluate on the client5 local set
2025-11-17 07:08:23 - 8_0.01_1 - INFO - => result | total 300 | correct 253 | acc 84.33% | err 15.67% | macro_f1 90.71%
2025-11-17 07:08:23 - 8_0.01_1 - INFO - Evaluate on the client5 neighbor set
2025-11-17 07:08:42 - 8_0.01_1 - INFO - => result | total 2,730 | correct 2,235 | acc 81.87% | err 18.13% | macro_f1 82.39%
2025-11-17 07:08:42 - 8_0.01_1 - INFO - Evaluate on the client6 local set
2025-11-17 07:08:44 - 8_0.01_1 - INFO - => result | total 300 | correct 239 | acc 79.67% | err 20.33% | macro_f1 86.19%
2025-11-17 07:08:44 - 8_0.01_1 - INFO - Evaluate on the client6 neighbor set
2025-11-17 07:09:03 - 8_0.01_1 - INFO - => result | total 2,730 | correct 2,250 | acc 82.42% | err 17.58% | macro_f1 83.06%
2025-11-17 07:09:03 - 8_0.01_1 - INFO - Evaluate on the client7 local set
2025-11-17 07:09:05 - 8_0.01_1 - INFO - => result | total 300 | correct 235 | acc 78.33% | err 21.67% | macro_f1 85.72%
2025-11-17 07:09:05 - 8_0.01_1 - INFO - Evaluate on the client7 neighbor set
2025-11-17 07:09:24 - 8_0.01_1 - INFO - => result | total 2,730 | correct 2,254 | acc 82.56% | err 17.44% | macro_f1 82.94%
2025-11-17 07:09:24 - 8_0.01_1 - INFO - Evaluate on the client8 local set
2025-11-17 07:09:26 - 8_0.01_1 - INFO - => result | total 300 | correct 258 | acc 86.00% | err 14.00% | macro_f1 90.97%
2025-11-17 07:09:26 - 8_0.01_1 - INFO - Evaluate on the client8 neighbor set
2025-11-17 07:09:45 - 8_0.01_1 - INFO - => result | total 2,730 | correct 2,232 | acc 81.76% | err 18.24% | macro_f1 82.29%
2025-11-17 07:09:45 - 8_0.01_1 - INFO - Evaluate on the client9 local set
2025-11-17 07:09:47 - 8_0.01_1 - INFO - => result | total 330 | correct 273 | acc 82.73% | err 17.27% | macro_f1 88.85%
2025-11-17 07:09:47 - 8_0.01_1 - INFO - Evaluate on the client9 neighbor set
2025-11-17 07:10:06 - 8_0.01_1 - INFO - => result | total 2,700 | correct 2,217 | acc 82.11% | err 17.89% | macro_f1 82.69%
2025-11-17 07:10:06 - 8_0.01_1 - INFO - Global test local acc: 82.14
2025-11-17 07:10:06 - 8_0.01_1 - INFO - Global test neighbor acc: 82.14
2025-11-17 07:10:06 - 8_0.01_1 - INFO - ------------local test finish-------------
2025-11-17 07:10:06 - 8_0.01_1 - INFO - [Epoch 28/30] 测试耗时: 209.48s
2025-11-17 07:10:45 - 8_0.01_1 - INFO - [Epoch 29/30] 训练耗时: 39.26s | 平均训练准确率: 73.79
2025-11-17 07:10:45 - 8_0.01_1 - INFO - ------------local test start-------------
2025-11-17 07:10:45 - 8_0.01_1 - INFO - Evaluate on the client0 local set
2025-11-17 07:10:47 - 8_0.01_1 - INFO - => result | total 300 | correct 232 | acc 77.33% | err 22.67% | macro_f1 84.57%
2025-11-17 07:10:47 - 8_0.01_1 - INFO - Evaluate on the client0 neighbor set
2025-11-17 07:11:06 - 8_0.01_1 - INFO - => result | total 2,730 | correct 2,271 | acc 83.19% | err 16.81% | macro_f1 83.57%
2025-11-17 07:11:06 - 8_0.01_1 - INFO - Evaluate on the client1 local set
2025-11-17 07:11:08 - 8_0.01_1 - INFO - => result | total 300 | correct 230 | acc 76.67% | err 23.33% | macro_f1 85.30%
2025-11-17 07:11:08 - 8_0.01_1 - INFO - Evaluate on the client1 neighbor set
2025-11-17 07:11:27 - 8_0.01_1 - INFO - => result | total 2,730 | correct 2,273 | acc 83.26% | err 16.74% | macro_f1 83.49%
2025-11-17 07:11:27 - 8_0.01_1 - INFO - Evaluate on the client2 local set
2025-11-17 07:11:29 - 8_0.01_1 - INFO - => result | total 300 | correct 260 | acc 86.67% | err 13.33% | macro_f1 92.27%
2025-11-17 07:11:29 - 8_0.01_1 - INFO - Evaluate on the client2 neighbor set
2025-11-17 07:11:47 - 8_0.01_1 - INFO - => result | total 2,730 | correct 2,244 | acc 82.20% | err 17.80% | macro_f1 82.33%
2025-11-17 07:11:47 - 8_0.01_1 - INFO - Evaluate on the client3 local set
2025-11-17 07:11:49 - 8_0.01_1 - INFO - => result | total 300 | correct 245 | acc 81.67% | err 18.33% | macro_f1 88.97%
2025-11-17 07:11:49 - 8_0.01_1 - INFO - Evaluate on the client3 neighbor set
2025-11-17 07:12:08 - 8_0.01_1 - INFO - => result | total 2,730 | correct 2,260 | acc 82.78% | err 17.22% | macro_f1 83.23%
2025-11-17 07:12:08 - 8_0.01_1 - INFO - Evaluate on the client4 local set
2025-11-17 07:12:10 - 8_0.01_1 - INFO - => result | total 300 | correct 267 | acc 89.00% | err 11.00% | macro_f1 93.37%
2025-11-17 07:12:10 - 8_0.01_1 - INFO - Evaluate on the client4 neighbor set
2025-11-17 07:12:28 - 8_0.01_1 - INFO - => result | total 2,730 | correct 2,238 | acc 81.98% | err 18.02% | macro_f1 82.68%
2025-11-17 07:12:28 - 8_0.01_1 - INFO - Evaluate on the client5 local set
2025-11-17 07:12:31 - 8_0.01_1 - INFO - => result | total 300 | correct 254 | acc 84.67% | err 15.33% | macro_f1 91.02%
2025-11-17 07:12:31 - 8_0.01_1 - INFO - Evaluate on the client5 neighbor set
2025-11-17 07:12:49 - 8_0.01_1 - INFO - => result | total 2,730 | correct 2,251 | acc 82.45% | err 17.55% | macro_f1 82.79%
2025-11-17 07:12:49 - 8_0.01_1 - INFO - Evaluate on the client6 local set
2025-11-17 07:12:51 - 8_0.01_1 - INFO - => result | total 300 | correct 244 | acc 81.33% | err 18.67% | macro_f1 87.49%
2025-11-17 07:12:51 - 8_0.01_1 - INFO - Evaluate on the client6 neighbor set
2025-11-17 07:13:10 - 8_0.01_1 - INFO - => result | total 2,730 | correct 2,262 | acc 82.86% | err 17.14% | macro_f1 83.55%
2025-11-17 07:13:10 - 8_0.01_1 - INFO - Evaluate on the client7 local set
2025-11-17 07:13:12 - 8_0.01_1 - INFO - => result | total 300 | correct 239 | acc 79.67% | err 20.33% | macro_f1 86.60%
2025-11-17 07:13:12 - 8_0.01_1 - INFO - Evaluate on the client7 neighbor set
2025-11-17 07:13:31 - 8_0.01_1 - INFO - => result | total 2,730 | correct 2,269 | acc 83.11% | err 16.89% | macro_f1 83.49%
2025-11-17 07:13:31 - 8_0.01_1 - INFO - Evaluate on the client8 local set
2025-11-17 07:13:33 - 8_0.01_1 - INFO - => result | total 300 | correct 259 | acc 86.33% | err 13.67% | macro_f1 91.34%
2025-11-17 07:13:33 - 8_0.01_1 - INFO - Evaluate on the client8 neighbor set
2025-11-17 07:13:52 - 8_0.01_1 - INFO - => result | total 2,730 | correct 2,250 | acc 82.42% | err 17.58% | macro_f1 82.86%
2025-11-17 07:13:52 - 8_0.01_1 - INFO - Evaluate on the client9 local set
2025-11-17 07:13:54 - 8_0.01_1 - INFO - => result | total 330 | correct 275 | acc 83.33% | err 16.67% | macro_f1 89.11%
2025-11-17 07:13:54 - 8_0.01_1 - INFO - Evaluate on the client9 neighbor set
2025-11-17 07:14:13 - 8_0.01_1 - INFO - => result | total 2,700 | correct 2,234 | acc 82.74% | err 17.26% | macro_f1 83.27%
2025-11-17 07:14:13 - 8_0.01_1 - INFO - Global test local acc: 82.67
2025-11-17 07:14:13 - 8_0.01_1 - INFO - Global test neighbor acc: 82.70
2025-11-17 07:14:13 - 8_0.01_1 - INFO - ------------local test finish-------------
2025-11-17 07:14:13 - 8_0.01_1 - INFO - [Epoch 29/30] 测试耗时: 207.79s
2025-11-17 07:14:53 - 8_0.01_1 - INFO - [Epoch 30/30] 训练耗时: 39.76s | 平均训练准确率: 73.62
2025-11-17 07:14:53 - 8_0.01_1 - INFO - ------------local test start-------------
2025-11-17 07:14:53 - 8_0.01_1 - INFO - Evaluate on the client0 local set
2025-11-17 07:14:55 - 8_0.01_1 - INFO - => result | total 300 | correct 239 | acc 79.67% | err 20.33% | macro_f1 86.08%
2025-11-17 07:14:55 - 8_0.01_1 - INFO - Evaluate on the client0 neighbor set
2025-11-17 07:15:14 - 8_0.01_1 - INFO - => result | total 2,730 | correct 2,255 | acc 82.60% | err 17.40% | macro_f1 82.94%
2025-11-17 07:15:14 - 8_0.01_1 - INFO - Evaluate on the client1 local set
2025-11-17 07:15:16 - 8_0.01_1 - INFO - => result | total 300 | correct 233 | acc 77.67% | err 22.33% | macro_f1 86.35%
2025-11-17 07:15:16 - 8_0.01_1 - INFO - Evaluate on the client1 neighbor set
2025-11-17 07:15:35 - 8_0.01_1 - INFO - => result | total 2,730 | correct 2,261 | acc 82.82% | err 17.18% | macro_f1 83.01%
2025-11-17 07:15:35 - 8_0.01_1 - INFO - Evaluate on the client2 local set
2025-11-17 07:15:37 - 8_0.01_1 - INFO - => result | total 300 | correct 258 | acc 86.00% | err 14.00% | macro_f1 91.86%
2025-11-17 07:15:37 - 8_0.01_1 - INFO - Evaluate on the client2 neighbor set
2025-11-17 07:15:56 - 8_0.01_1 - INFO - => result | total 2,730 | correct 2,234 | acc 81.83% | err 18.17% | macro_f1 81.98%
2025-11-17 07:15:56 - 8_0.01_1 - INFO - Evaluate on the client3 local set
2025-11-17 07:15:58 - 8_0.01_1 - INFO - => result | total 300 | correct 242 | acc 80.67% | err 19.33% | macro_f1 88.28%
2025-11-17 07:15:58 - 8_0.01_1 - INFO - Evaluate on the client3 neighbor set
2025-11-17 07:16:17 - 8_0.01_1 - INFO - => result | total 2,730 | correct 2,253 | acc 82.53% | err 17.47% | macro_f1 82.90%
2025-11-17 07:16:17 - 8_0.01_1 - INFO - Evaluate on the client4 local set
2025-11-17 07:16:19 - 8_0.01_1 - INFO - => result | total 300 | correct 268 | acc 89.33% | err 10.67% | macro_f1 93.66%
2025-11-17 07:16:19 - 8_0.01_1 - INFO - Evaluate on the client4 neighbor set
2025-11-17 07:16:38 - 8_0.01_1 - INFO - => result | total 2,730 | correct 2,229 | acc 81.65% | err 18.35% | macro_f1 82.37%
2025-11-17 07:16:38 - 8_0.01_1 - INFO - Evaluate on the client5 local set
2025-11-17 07:16:40 - 8_0.01_1 - INFO - => result | total 300 | correct 240 | acc 80.00% | err 20.00% | macro_f1 86.92%
2025-11-17 07:16:40 - 8_0.01_1 - INFO - Evaluate on the client5 neighbor set
2025-11-17 07:16:59 - 8_0.01_1 - INFO - => result | total 2,730 | correct 2,258 | acc 82.71% | err 17.29% | macro_f1 83.12%
2025-11-17 07:16:59 - 8_0.01_1 - INFO - Evaluate on the client6 local set
2025-11-17 07:17:01 - 8_0.01_1 - INFO - => result | total 300 | correct 240 | acc 80.00% | err 20.00% | macro_f1 86.57%
2025-11-17 07:17:01 - 8_0.01_1 - INFO - Evaluate on the client6 neighbor set
2025-11-17 07:17:20 - 8_0.01_1 - INFO - => result | total 2,730 | correct 2,259 | acc 82.75% | err 17.25% | macro_f1 83.33%
2025-11-17 07:17:20 - 8_0.01_1 - INFO - Evaluate on the client7 local set
2025-11-17 07:17:22 - 8_0.01_1 - INFO - => result | total 300 | correct 242 | acc 80.67% | err 19.33% | macro_f1 87.41%
2025-11-17 07:17:22 - 8_0.01_1 - INFO - Evaluate on the client7 neighbor set
2025-11-17 07:17:41 - 8_0.01_1 - INFO - => result | total 2,730 | correct 2,258 | acc 82.71% | err 17.29% | macro_f1 83.07%
2025-11-17 07:17:41 - 8_0.01_1 - INFO - Evaluate on the client8 local set
2025-11-17 07:17:43 - 8_0.01_1 - INFO - => result | total 300 | correct 262 | acc 87.33% | err 12.67% | macro_f1 92.08%
2025-11-17 07:17:43 - 8_0.01_1 - INFO - Evaluate on the client8 neighbor set
2025-11-17 07:18:02 - 8_0.01_1 - INFO - => result | total 2,730 | correct 2,239 | acc 82.01% | err 17.99% | macro_f1 82.47%
2025-11-17 07:18:02 - 8_0.01_1 - INFO - Evaluate on the client9 local set
2025-11-17 07:18:04 - 8_0.01_1 - INFO - => result | total 330 | correct 276 | acc 83.64% | err 16.36% | macro_f1 89.32%
2025-11-17 07:18:04 - 8_0.01_1 - INFO - Evaluate on the client9 neighbor set
2025-11-17 07:18:23 - 8_0.01_1 - INFO - => result | total 2,700 | correct 2,224 | acc 82.37% | err 17.63% | macro_f1 83.13%
2025-11-17 07:18:23 - 8_0.01_1 - INFO - Global test local acc: 82.50
2025-11-17 07:18:23 - 8_0.01_1 - INFO - Global test neighbor acc: 82.40
2025-11-17 07:18:23 - 8_0.01_1 - INFO - ------------local test finish-------------
2025-11-17 07:18:23 - 8_0.01_1 - INFO - [Epoch 30/30] 测试耗时: 209.95s
2025-11-17 07:18:23 - 8_0.01_1 - INFO - maximum test local acc: 82.667
2025-11-17 07:18:23 - 8_0.01_1 - INFO - mean of local acc: 82.434
2025-11-17 07:18:23 - 8_0.01_1 - INFO - maximum test neighbor acc: 82.699
2025-11-17 07:18:23 - 8_0.01_1 - INFO - mean of neighbor acc: 82.412
