2025-11-16 20:12:39 - 8_0.0_1 - INFO - 日志文件已创建: logs/food-101/dpfpl/8_0.0_1_20251116_201239.log
2025-11-16 20:12:39 - 8_0.0_1 - INFO - Loading trainer: DP_FPL
2025-11-16 20:12:39 - 8_0.0_1 - INFO - Loading dataset: Food101
2025-11-16 20:12:39 - 8_0.0_1 - INFO - Reading split from /home/liuxin25/dataset/food-101/split_zhou_Food101.json
2025-11-16 20:12:39 - 8_0.0_1 - INFO - Creating a baseline federated dataset
2025-11-16 20:12:39 - 8_0.0_1 - INFO - class_num 101
2025-11-16 20:12:39 - 8_0.0_1 - INFO - user class dict total [20, 79, 94, 54, 52, 65, 0, 1, 48, 74]
2025-11-16 20:12:39 - 8_0.0_1 - INFO - idx: 0, output_dict_len: 500
2025-11-16 20:12:39 - 8_0.0_1 - INFO - user class dict total [44, 99, 35, 69, 82, 42, 33, 14, 5, 62]
2025-11-16 20:12:39 - 8_0.0_1 - INFO - idx: 1, output_dict_len: 500
2025-11-16 20:12:39 - 8_0.0_1 - INFO - user class dict total [32, 55, 97, 10, 21, 31, 91, 27, 28, 76]
2025-11-16 20:12:39 - 8_0.0_1 - INFO - idx: 2, output_dict_len: 500
2025-11-16 20:12:39 - 8_0.0_1 - INFO - user class dict total [80, 71, 66, 58, 23, 70, 60, 72, 17, 18]
2025-11-16 20:12:39 - 8_0.0_1 - INFO - idx: 3, output_dict_len: 500
2025-11-16 20:12:39 - 8_0.0_1 - INFO - user class dict total [45, 34, 11, 56, 85, 13, 41, 30, 24, 86]
2025-11-16 20:12:39 - 8_0.0_1 - INFO - idx: 4, output_dict_len: 500
2025-11-16 20:12:39 - 8_0.0_1 - INFO - user class dict total [51, 75, 37, 6, 53, 95, 96, 39, 47, 90]
2025-11-16 20:12:39 - 8_0.0_1 - INFO - idx: 5, output_dict_len: 500
2025-11-16 20:12:39 - 8_0.0_1 - INFO - user class dict total [36, 7, 50, 3, 63, 59, 9, 77, 64, 93]
2025-11-16 20:12:39 - 8_0.0_1 - INFO - idx: 6, output_dict_len: 500
2025-11-16 20:12:39 - 8_0.0_1 - INFO - user class dict total [87, 98, 61, 19, 25, 4, 16, 8, 46, 26]
2025-11-16 20:12:39 - 8_0.0_1 - INFO - idx: 7, output_dict_len: 500
2025-11-16 20:12:39 - 8_0.0_1 - INFO - user class dict total [2, 92, 84, 29, 22, 88, 67, 68, 38, 83]
2025-11-16 20:12:39 - 8_0.0_1 - INFO - idx: 8, output_dict_len: 500
2025-11-16 20:12:39 - 8_0.0_1 - INFO - user class dict total [15, 12, 81, 43, 73, 78, 40, 100, 57, 89, 49]
2025-11-16 20:12:39 - 8_0.0_1 - INFO - idx: 9, output_dict_len: 550
2025-11-16 20:12:39 - 8_0.0_1 - INFO - Creating a baseline federated dataset
2025-11-16 20:12:39 - 8_0.0_1 - INFO - class_num 101
2025-11-16 20:12:39 - 8_0.0_1 - INFO - user class dict total [20, 79, 94, 54, 52, 65, 0, 1, 48, 74]
2025-11-16 20:12:39 - 8_0.0_1 - INFO - idx: 0, output_dict_len: 300
2025-11-16 20:12:39 - 8_0.0_1 - INFO - user class dict total [44, 99, 35, 69, 82, 42, 33, 14, 5, 62]
2025-11-16 20:12:39 - 8_0.0_1 - INFO - idx: 1, output_dict_len: 300
2025-11-16 20:12:39 - 8_0.0_1 - INFO - user class dict total [32, 55, 97, 10, 21, 31, 91, 27, 28, 76]
2025-11-16 20:12:39 - 8_0.0_1 - INFO - idx: 2, output_dict_len: 300
2025-11-16 20:12:39 - 8_0.0_1 - INFO - user class dict total [80, 71, 66, 58, 23, 70, 60, 72, 17, 18]
2025-11-16 20:12:39 - 8_0.0_1 - INFO - idx: 3, output_dict_len: 300
2025-11-16 20:12:39 - 8_0.0_1 - INFO - user class dict total [45, 34, 11, 56, 85, 13, 41, 30, 24, 86]
2025-11-16 20:12:39 - 8_0.0_1 - INFO - idx: 4, output_dict_len: 300
2025-11-16 20:12:39 - 8_0.0_1 - INFO - user class dict total [51, 75, 37, 6, 53, 95, 96, 39, 47, 90]
2025-11-16 20:12:39 - 8_0.0_1 - INFO - idx: 5, output_dict_len: 300
2025-11-16 20:12:39 - 8_0.0_1 - INFO - user class dict total [36, 7, 50, 3, 63, 59, 9, 77, 64, 93]
2025-11-16 20:12:39 - 8_0.0_1 - INFO - idx: 6, output_dict_len: 300
2025-11-16 20:12:39 - 8_0.0_1 - INFO - user class dict total [87, 98, 61, 19, 25, 4, 16, 8, 46, 26]
2025-11-16 20:12:39 - 8_0.0_1 - INFO - idx: 7, output_dict_len: 300
2025-11-16 20:12:39 - 8_0.0_1 - INFO - user class dict total [2, 92, 84, 29, 22, 88, 67, 68, 38, 83]
2025-11-16 20:12:39 - 8_0.0_1 - INFO - idx: 8, output_dict_len: 300
2025-11-16 20:12:39 - 8_0.0_1 - INFO - user class dict total [15, 12, 81, 43, 73, 78, 40, 100, 57, 89, 49]
2025-11-16 20:12:39 - 8_0.0_1 - INFO - idx: 9, output_dict_len: 330
2025-11-16 20:12:39 - 8_0.0_1 - INFO - Loading CLIP (backbone: ViT-B/16)
2025-11-16 20:12:41 - 8_0.0_1 - INFO - Building custom CLIP
2025-11-16 20:12:41 - 8_0.0_1 - INFO - Turning off gradients in both the image and the text encoder
2025-11-16 20:13:26 - 8_0.0_1 - INFO - [Epoch 1/30] 训练耗时: 44.59s | 平均训练准确率: 28.15
2025-11-16 20:14:10 - 8_0.0_1 - INFO - [Epoch 2/30] 训练耗时: 43.70s | 平均训练准确率: 70.90
2025-11-16 20:14:53 - 8_0.0_1 - INFO - [Epoch 3/30] 训练耗时: 43.47s | 平均训练准确率: 76.73
2025-11-16 20:15:37 - 8_0.0_1 - INFO - [Epoch 4/30] 训练耗时: 43.52s | 平均训练准确率: 77.65
2025-11-16 20:16:20 - 8_0.0_1 - INFO - [Epoch 5/30] 训练耗时: 43.08s | 平均训练准确率: 77.71
2025-11-16 20:17:03 - 8_0.0_1 - INFO - [Epoch 6/30] 训练耗时: 43.10s | 平均训练准确率: 77.69
2025-11-16 20:17:46 - 8_0.0_1 - INFO - [Epoch 7/30] 训练耗时: 43.61s | 平均训练准确率: 78.21
2025-11-16 20:18:30 - 8_0.0_1 - INFO - [Epoch 8/30] 训练耗时: 43.74s | 平均训练准确率: 79.10
2025-11-16 20:19:14 - 8_0.0_1 - INFO - [Epoch 9/30] 训练耗时: 43.44s | 平均训练准确率: 79.02
2025-11-16 20:19:57 - 8_0.0_1 - INFO - [Epoch 10/30] 训练耗时: 43.41s | 平均训练准确率: 79.08
2025-11-16 20:20:41 - 8_0.0_1 - INFO - [Epoch 11/30] 训练耗时: 43.54s | 平均训练准确率: 79.25
2025-11-16 20:21:24 - 8_0.0_1 - INFO - [Epoch 12/30] 训练耗时: 43.59s | 平均训练准确率: 79.25
2025-11-16 20:22:08 - 8_0.0_1 - INFO - [Epoch 13/30] 训练耗时: 43.41s | 平均训练准确率: 79.23
2025-11-16 20:22:50 - 8_0.0_1 - INFO - [Epoch 14/30] 训练耗时: 42.53s | 平均训练准确率: 79.92
2025-11-16 20:23:34 - 8_0.0_1 - INFO - [Epoch 15/30] 训练耗时: 43.54s | 平均训练准确率: 79.73
2025-11-16 20:24:17 - 8_0.0_1 - INFO - [Epoch 16/30] 训练耗时: 43.68s | 平均训练准确率: 80.62
2025-11-16 20:25:01 - 8_0.0_1 - INFO - [Epoch 17/30] 训练耗时: 43.50s | 平均训练准确率: 79.98
2025-11-16 20:25:44 - 8_0.0_1 - INFO - [Epoch 18/30] 训练耗时: 43.63s | 平均训练准确率: 79.69
2025-11-16 20:26:28 - 8_0.0_1 - INFO - [Epoch 19/30] 训练耗时: 43.46s | 平均训练准确率: 80.10
2025-11-16 20:27:11 - 8_0.0_1 - INFO - [Epoch 20/30] 训练耗时: 43.48s | 平均训练准确率: 81.06
2025-11-16 20:27:55 - 8_0.0_1 - INFO - [Epoch 21/30] 训练耗时: 43.41s | 平均训练准确率: 80.77
2025-11-16 20:28:37 - 8_0.0_1 - INFO - [Epoch 22/30] 训练耗时: 42.54s | 平均训练准确率: 81.58
2025-11-16 20:29:21 - 8_0.0_1 - INFO - [Epoch 23/30] 训练耗时: 43.46s | 平均训练准确率: 81.88
2025-11-16 20:30:04 - 8_0.0_1 - INFO - [Epoch 24/30] 训练耗时: 43.63s | 平均训练准确率: 81.02
2025-11-16 20:30:48 - 8_0.0_1 - INFO - [Epoch 25/30] 训练耗时: 43.57s | 平均训练准确率: 81.21
2025-11-16 20:31:32 - 8_0.0_1 - INFO - [Epoch 26/30] 训练耗时: 43.60s | 平均训练准确率: 82.29
2025-11-16 20:32:15 - 8_0.0_1 - INFO - [Epoch 27/30] 训练耗时: 43.61s | 平均训练准确率: 82.60
2025-11-16 20:32:59 - 8_0.0_1 - INFO - [Epoch 28/30] 训练耗时: 43.53s | 平均训练准确率: 82.38
2025-11-16 20:32:59 - 8_0.0_1 - INFO - ------------local test start-------------
2025-11-16 20:32:59 - 8_0.0_1 - INFO - Evaluate on the client0 local set
2025-11-16 20:33:01 - 8_0.0_1 - INFO - => result | total 300 | correct 284 | acc 94.67% | err 5.33% | macro_f1 96.09%
2025-11-16 20:33:01 - 8_0.0_1 - INFO - Evaluate on the client0 neighbor set
2025-11-16 20:33:21 - 8_0.0_1 - INFO - => result | total 2,730 | correct 2,182 | acc 79.93% | err 20.07% | macro_f1 82.53%
2025-11-16 20:33:21 - 8_0.0_1 - INFO - Evaluate on the client1 local set
2025-11-16 20:33:23 - 8_0.0_1 - INFO - => result | total 300 | correct 266 | acc 88.67% | err 11.33% | macro_f1 92.85%
2025-11-16 20:33:23 - 8_0.0_1 - INFO - Evaluate on the client1 neighbor set
2025-11-16 20:33:41 - 8_0.0_1 - INFO - => result | total 2,730 | correct 2,217 | acc 81.21% | err 18.79% | macro_f1 82.37%
2025-11-16 20:33:41 - 8_0.0_1 - INFO - Evaluate on the client2 local set
2025-11-16 20:33:44 - 8_0.0_1 - INFO - => result | total 300 | correct 274 | acc 91.33% | err 8.67% | macro_f1 94.99%
2025-11-16 20:33:44 - 8_0.0_1 - INFO - Evaluate on the client2 neighbor set
2025-11-16 20:34:02 - 8_0.0_1 - INFO - => result | total 2,730 | correct 2,278 | acc 83.44% | err 16.56% | macro_f1 84.13%
2025-11-16 20:34:02 - 8_0.0_1 - INFO - Evaluate on the client3 local set
2025-11-16 20:34:04 - 8_0.0_1 - INFO - => result | total 300 | correct 262 | acc 87.33% | err 12.67% | macro_f1 92.58%
2025-11-16 20:34:04 - 8_0.0_1 - INFO - Evaluate on the client3 neighbor set
2025-11-16 20:34:23 - 8_0.0_1 - INFO - => result | total 2,730 | correct 2,338 | acc 85.64% | err 14.36% | macro_f1 86.49%
2025-11-16 20:34:23 - 8_0.0_1 - INFO - Evaluate on the client4 local set
2025-11-16 20:34:25 - 8_0.0_1 - INFO - => result | total 300 | correct 277 | acc 92.33% | err 7.67% | macro_f1 95.65%
2025-11-16 20:34:25 - 8_0.0_1 - INFO - Evaluate on the client4 neighbor set
2025-11-16 20:34:44 - 8_0.0_1 - INFO - => result | total 2,730 | correct 2,296 | acc 84.10% | err 15.90% | macro_f1 84.62%
2025-11-16 20:34:44 - 8_0.0_1 - INFO - Evaluate on the client5 local set
2025-11-16 20:34:46 - 8_0.0_1 - INFO - => result | total 300 | correct 253 | acc 84.33% | err 15.67% | macro_f1 90.61%
2025-11-16 20:34:46 - 8_0.0_1 - INFO - Evaluate on the client5 neighbor set
2025-11-16 20:35:05 - 8_0.0_1 - INFO - => result | total 2,730 | correct 2,267 | acc 83.04% | err 16.96% | macro_f1 83.14%
2025-11-16 20:35:05 - 8_0.0_1 - INFO - Evaluate on the client6 local set
2025-11-16 20:35:07 - 8_0.0_1 - INFO - => result | total 300 | correct 263 | acc 87.67% | err 12.33% | macro_f1 90.83%
2025-11-16 20:35:07 - 8_0.0_1 - INFO - Evaluate on the client6 neighbor set
2025-11-16 20:35:25 - 8_0.0_1 - INFO - => result | total 2,730 | correct 2,220 | acc 81.32% | err 18.68% | macro_f1 81.88%
2025-11-16 20:35:25 - 8_0.0_1 - INFO - Evaluate on the client7 local set
2025-11-16 20:35:27 - 8_0.0_1 - INFO - => result | total 300 | correct 270 | acc 90.00% | err 10.00% | macro_f1 93.65%
2025-11-16 20:35:27 - 8_0.0_1 - INFO - Evaluate on the client7 neighbor set
2025-11-16 20:35:46 - 8_0.0_1 - INFO - => result | total 2,730 | correct 2,209 | acc 80.92% | err 19.08% | macro_f1 81.62%
2025-11-16 20:35:46 - 8_0.0_1 - INFO - Evaluate on the client8 local set
2025-11-16 20:35:48 - 8_0.0_1 - INFO - => result | total 300 | correct 269 | acc 89.67% | err 10.33% | macro_f1 93.83%
2025-11-16 20:35:48 - 8_0.0_1 - INFO - Evaluate on the client8 neighbor set
2025-11-16 20:36:07 - 8_0.0_1 - INFO - => result | total 2,730 | correct 2,201 | acc 80.62% | err 19.38% | macro_f1 80.92%
2025-11-16 20:36:07 - 8_0.0_1 - INFO - Evaluate on the client9 local set
2025-11-16 20:36:09 - 8_0.0_1 - INFO - => result | total 330 | correct 298 | acc 90.30% | err 9.70% | macro_f1 93.82%
2025-11-16 20:36:09 - 8_0.0_1 - INFO - Evaluate on the client9 neighbor set
2025-11-16 20:36:28 - 8_0.0_1 - INFO - => result | total 2,700 | correct 2,163 | acc 80.11% | err 19.89% | macro_f1 81.06%
2025-11-16 20:36:28 - 8_0.0_1 - INFO - Global test local acc: 89.63
2025-11-16 20:36:28 - 8_0.0_1 - INFO - Global test neighbor acc: 82.03
2025-11-16 20:36:28 - 8_0.0_1 - INFO - ------------local test finish-------------
2025-11-16 20:36:28 - 8_0.0_1 - INFO - [Epoch 28/30] 测试耗时: 208.88s
2025-11-16 20:37:07 - 8_0.0_1 - INFO - [Epoch 29/30] 训练耗时: 39.34s | 平均训练准确率: 82.27
2025-11-16 20:37:07 - 8_0.0_1 - INFO - ------------local test start-------------
2025-11-16 20:37:07 - 8_0.0_1 - INFO - Evaluate on the client0 local set
2025-11-16 20:37:09 - 8_0.0_1 - INFO - => result | total 300 | correct 277 | acc 92.33% | err 7.67% | macro_f1 95.12%
2025-11-16 20:37:09 - 8_0.0_1 - INFO - Evaluate on the client0 neighbor set
2025-11-16 20:37:28 - 8_0.0_1 - INFO - => result | total 2,730 | correct 2,271 | acc 83.19% | err 16.81% | macro_f1 84.68%
2025-11-16 20:37:28 - 8_0.0_1 - INFO - Evaluate on the client1 local set
2025-11-16 20:37:30 - 8_0.0_1 - INFO - => result | total 300 | correct 261 | acc 87.00% | err 13.00% | macro_f1 91.73%
2025-11-16 20:37:30 - 8_0.0_1 - INFO - Evaluate on the client1 neighbor set
2025-11-16 20:37:49 - 8_0.0_1 - INFO - => result | total 2,730 | correct 2,306 | acc 84.47% | err 15.53% | macro_f1 85.28%
2025-11-16 20:37:49 - 8_0.0_1 - INFO - Evaluate on the client2 local set
2025-11-16 20:37:51 - 8_0.0_1 - INFO - => result | total 300 | correct 278 | acc 92.67% | err 7.33% | macro_f1 95.61%
2025-11-16 20:37:51 - 8_0.0_1 - INFO - Evaluate on the client2 neighbor set
2025-11-16 20:38:10 - 8_0.0_1 - INFO - => result | total 2,730 | correct 2,304 | acc 84.40% | err 15.60% | macro_f1 85.16%
2025-11-16 20:38:10 - 8_0.0_1 - INFO - Evaluate on the client3 local set
2025-11-16 20:38:12 - 8_0.0_1 - INFO - => result | total 300 | correct 259 | acc 86.33% | err 13.67% | macro_f1 91.84%
2025-11-16 20:38:12 - 8_0.0_1 - INFO - Evaluate on the client3 neighbor set
2025-11-16 20:38:31 - 8_0.0_1 - INFO - => result | total 2,730 | correct 2,329 | acc 85.31% | err 14.69% | macro_f1 86.15%
2025-11-16 20:38:31 - 8_0.0_1 - INFO - Evaluate on the client4 local set
2025-11-16 20:38:33 - 8_0.0_1 - INFO - => result | total 300 | correct 276 | acc 92.00% | err 8.00% | macro_f1 95.46%
2025-11-16 20:38:33 - 8_0.0_1 - INFO - Evaluate on the client4 neighbor set
2025-11-16 20:38:52 - 8_0.0_1 - INFO - => result | total 2,730 | correct 2,302 | acc 84.32% | err 15.68% | macro_f1 84.97%
2025-11-16 20:38:52 - 8_0.0_1 - INFO - Evaluate on the client5 local set
2025-11-16 20:38:54 - 8_0.0_1 - INFO - => result | total 300 | correct 254 | acc 84.67% | err 15.33% | macro_f1 90.84%
2025-11-16 20:38:54 - 8_0.0_1 - INFO - Evaluate on the client5 neighbor set
2025-11-16 20:39:13 - 8_0.0_1 - INFO - => result | total 2,730 | correct 2,267 | acc 83.04% | err 16.96% | macro_f1 83.29%
2025-11-16 20:39:13 - 8_0.0_1 - INFO - Evaluate on the client6 local set
2025-11-16 20:39:15 - 8_0.0_1 - INFO - => result | total 300 | correct 263 | acc 87.67% | err 12.33% | macro_f1 90.88%
2025-11-16 20:39:15 - 8_0.0_1 - INFO - Evaluate on the client6 neighbor set
2025-11-16 20:39:34 - 8_0.0_1 - INFO - => result | total 2,730 | correct 2,199 | acc 80.55% | err 19.45% | macro_f1 81.48%
2025-11-16 20:39:34 - 8_0.0_1 - INFO - Evaluate on the client7 local set
2025-11-16 20:39:36 - 8_0.0_1 - INFO - => result | total 300 | correct 266 | acc 88.67% | err 11.33% | macro_f1 92.41%
2025-11-16 20:39:36 - 8_0.0_1 - INFO - Evaluate on the client7 neighbor set
2025-11-16 20:39:55 - 8_0.0_1 - INFO - => result | total 2,730 | correct 2,155 | acc 78.94% | err 21.06% | macro_f1 79.90%
2025-11-16 20:39:55 - 8_0.0_1 - INFO - Evaluate on the client8 local set
2025-11-16 20:39:57 - 8_0.0_1 - INFO - => result | total 300 | correct 272 | acc 90.67% | err 9.33% | macro_f1 94.38%
2025-11-16 20:39:57 - 8_0.0_1 - INFO - Evaluate on the client8 neighbor set
2025-11-16 20:40:16 - 8_0.0_1 - INFO - => result | total 2,730 | correct 2,127 | acc 77.91% | err 22.09% | macro_f1 78.59%
2025-11-16 20:40:16 - 8_0.0_1 - INFO - Evaluate on the client9 local set
2025-11-16 20:40:19 - 8_0.0_1 - INFO - => result | total 330 | correct 298 | acc 90.30% | err 9.70% | macro_f1 93.92%
2025-11-16 20:40:19 - 8_0.0_1 - INFO - Evaluate on the client9 neighbor set
2025-11-16 20:40:37 - 8_0.0_1 - INFO - => result | total 2,700 | correct 2,100 | acc 77.78% | err 22.22% | macro_f1 78.73%
2025-11-16 20:40:37 - 8_0.0_1 - INFO - Global test local acc: 89.23
2025-11-16 20:40:37 - 8_0.0_1 - INFO - Global test neighbor acc: 81.99
2025-11-16 20:40:37 - 8_0.0_1 - INFO - ------------local test finish-------------
2025-11-16 20:40:37 - 8_0.0_1 - INFO - [Epoch 29/30] 测试耗时: 210.11s
2025-11-16 20:41:16 - 8_0.0_1 - INFO - [Epoch 30/30] 训练耗时: 38.71s | 平均训练准确率: 82.21
2025-11-16 20:41:16 - 8_0.0_1 - INFO - ------------local test start-------------
2025-11-16 20:41:16 - 8_0.0_1 - INFO - Evaluate on the client0 local set
2025-11-16 20:41:18 - 8_0.0_1 - INFO - => result | total 300 | correct 281 | acc 93.67% | err 6.33% | macro_f1 95.85%
2025-11-16 20:41:18 - 8_0.0_1 - INFO - Evaluate on the client0 neighbor set
2025-11-16 20:41:37 - 8_0.0_1 - INFO - => result | total 2,730 | correct 2,203 | acc 80.70% | err 19.30% | macro_f1 82.61%
2025-11-16 20:41:37 - 8_0.0_1 - INFO - Evaluate on the client1 local set
2025-11-16 20:41:39 - 8_0.0_1 - INFO - => result | total 300 | correct 268 | acc 89.33% | err 10.67% | macro_f1 92.94%
2025-11-16 20:41:39 - 8_0.0_1 - INFO - Evaluate on the client1 neighbor set
2025-11-16 20:41:58 - 8_0.0_1 - INFO - => result | total 2,730 | correct 2,226 | acc 81.54% | err 18.46% | macro_f1 82.51%
2025-11-16 20:41:58 - 8_0.0_1 - INFO - Evaluate on the client2 local set
2025-11-16 20:42:00 - 8_0.0_1 - INFO - => result | total 300 | correct 275 | acc 91.67% | err 8.33% | macro_f1 94.79%
2025-11-16 20:42:00 - 8_0.0_1 - INFO - Evaluate on the client2 neighbor set
2025-11-16 20:42:19 - 8_0.0_1 - INFO - => result | total 2,730 | correct 2,249 | acc 82.38% | err 17.62% | macro_f1 83.26%
2025-11-16 20:42:19 - 8_0.0_1 - INFO - Evaluate on the client3 local set
2025-11-16 20:42:21 - 8_0.0_1 - INFO - => result | total 300 | correct 263 | acc 87.67% | err 12.33% | macro_f1 92.75%
2025-11-16 20:42:21 - 8_0.0_1 - INFO - Evaluate on the client3 neighbor set
2025-11-16 20:42:40 - 8_0.0_1 - INFO - => result | total 2,730 | correct 2,296 | acc 84.10% | err 15.90% | macro_f1 84.99%
2025-11-16 20:42:40 - 8_0.0_1 - INFO - Evaluate on the client4 local set
2025-11-16 20:42:42 - 8_0.0_1 - INFO - => result | total 300 | correct 271 | acc 90.33% | err 9.67% | macro_f1 94.50%
2025-11-16 20:42:42 - 8_0.0_1 - INFO - Evaluate on the client4 neighbor set
2025-11-16 20:43:01 - 8_0.0_1 - INFO - => result | total 2,730 | correct 2,323 | acc 85.09% | err 14.91% | macro_f1 85.68%
2025-11-16 20:43:01 - 8_0.0_1 - INFO - Evaluate on the client5 local set
2025-11-16 20:43:03 - 8_0.0_1 - INFO - => result | total 300 | correct 256 | acc 85.33% | err 14.67% | macro_f1 91.19%
2025-11-16 20:43:03 - 8_0.0_1 - INFO - Evaluate on the client5 neighbor set
2025-11-16 20:43:22 - 8_0.0_1 - INFO - => result | total 2,730 | correct 2,347 | acc 85.97% | err 14.03% | macro_f1 86.61%
2025-11-16 20:43:22 - 8_0.0_1 - INFO - Evaluate on the client6 local set
2025-11-16 20:43:24 - 8_0.0_1 - INFO - => result | total 300 | correct 262 | acc 87.33% | err 12.67% | macro_f1 91.46%
2025-11-16 20:43:24 - 8_0.0_1 - INFO - Evaluate on the client6 neighbor set
2025-11-16 20:43:43 - 8_0.0_1 - INFO - => result | total 2,730 | correct 2,334 | acc 85.49% | err 14.51% | macro_f1 86.31%
2025-11-16 20:43:43 - 8_0.0_1 - INFO - Evaluate on the client7 local set
2025-11-16 20:43:45 - 8_0.0_1 - INFO - => result | total 300 | correct 267 | acc 89.00% | err 11.00% | macro_f1 93.25%
2025-11-16 20:43:45 - 8_0.0_1 - INFO - Evaluate on the client7 neighbor set
2025-11-16 20:44:04 - 8_0.0_1 - INFO - => result | total 2,730 | correct 2,294 | acc 84.03% | err 15.97% | macro_f1 84.92%
2025-11-16 20:44:04 - 8_0.0_1 - INFO - Evaluate on the client8 local set
2025-11-16 20:44:06 - 8_0.0_1 - INFO - => result | total 300 | correct 271 | acc 90.33% | err 9.67% | macro_f1 94.03%
2025-11-16 20:44:06 - 8_0.0_1 - INFO - Evaluate on the client8 neighbor set
2025-11-16 20:44:25 - 8_0.0_1 - INFO - => result | total 2,730 | correct 2,271 | acc 83.19% | err 16.81% | macro_f1 83.90%
2025-11-16 20:44:25 - 8_0.0_1 - INFO - Evaluate on the client9 local set
2025-11-16 20:44:28 - 8_0.0_1 - INFO - => result | total 330 | correct 290 | acc 87.88% | err 12.12% | macro_f1 92.17%
2025-11-16 20:44:28 - 8_0.0_1 - INFO - Evaluate on the client9 neighbor set
2025-11-16 20:44:47 - 8_0.0_1 - INFO - => result | total 2,700 | correct 2,220 | acc 82.22% | err 17.78% | macro_f1 83.16%
2025-11-16 20:44:47 - 8_0.0_1 - INFO - Global test local acc: 89.25
2025-11-16 20:44:47 - 8_0.0_1 - INFO - Global test neighbor acc: 83.47
2025-11-16 20:44:47 - 8_0.0_1 - INFO - ------------local test finish-------------
2025-11-16 20:44:47 - 8_0.0_1 - INFO - [Epoch 30/30] 测试耗时: 210.87s
2025-11-16 20:44:47 - 8_0.0_1 - INFO - maximum test local acc: 89.630
2025-11-16 20:44:47 - 8_0.0_1 - INFO - mean of local acc: 89.372
2025-11-16 20:44:47 - 8_0.0_1 - INFO - maximum test neighbor acc: 83.471
2025-11-16 20:44:47 - 8_0.0_1 - INFO - mean of neighbor acc: 82.498
