2025-11-17 04:39:49 - 8_0.05_1 - INFO - 日志文件已创建: logs/food-101/dpfpl/8_0.05_1_20251117_043949.log
2025-11-17 04:39:49 - 8_0.05_1 - INFO - Loading trainer: DP_FPL
2025-11-17 04:39:49 - 8_0.05_1 - INFO - Loading dataset: Food101
2025-11-17 04:39:49 - 8_0.05_1 - INFO - Reading split from /home/liuxin25/dataset/food-101/split_zhou_Food101.json
2025-11-17 04:39:50 - 8_0.05_1 - INFO - Creating a baseline federated dataset
2025-11-17 04:39:50 - 8_0.05_1 - INFO - class_num 101
2025-11-17 04:39:50 - 8_0.05_1 - INFO - user class dict total [20, 79, 94, 54, 52, 65, 0, 1, 48, 74]
2025-11-17 04:39:50 - 8_0.05_1 - INFO - idx: 0, output_dict_len: 500
2025-11-17 04:39:50 - 8_0.05_1 - INFO - user class dict total [44, 99, 35, 69, 82, 42, 33, 14, 5, 62]
2025-11-17 04:39:50 - 8_0.05_1 - INFO - idx: 1, output_dict_len: 500
2025-11-17 04:39:50 - 8_0.05_1 - INFO - user class dict total [32, 55, 97, 10, 21, 31, 91, 27, 28, 76]
2025-11-17 04:39:50 - 8_0.05_1 - INFO - idx: 2, output_dict_len: 500
2025-11-17 04:39:50 - 8_0.05_1 - INFO - user class dict total [80, 71, 66, 58, 23, 70, 60, 72, 17, 18]
2025-11-17 04:39:50 - 8_0.05_1 - INFO - idx: 3, output_dict_len: 500
2025-11-17 04:39:50 - 8_0.05_1 - INFO - user class dict total [45, 34, 11, 56, 85, 13, 41, 30, 24, 86]
2025-11-17 04:39:50 - 8_0.05_1 - INFO - idx: 4, output_dict_len: 500
2025-11-17 04:39:50 - 8_0.05_1 - INFO - user class dict total [51, 75, 37, 6, 53, 95, 96, 39, 47, 90]
2025-11-17 04:39:50 - 8_0.05_1 - INFO - idx: 5, output_dict_len: 500
2025-11-17 04:39:50 - 8_0.05_1 - INFO - user class dict total [36, 7, 50, 3, 63, 59, 9, 77, 64, 93]
2025-11-17 04:39:50 - 8_0.05_1 - INFO - idx: 6, output_dict_len: 500
2025-11-17 04:39:50 - 8_0.05_1 - INFO - user class dict total [87, 98, 61, 19, 25, 4, 16, 8, 46, 26]
2025-11-17 04:39:50 - 8_0.05_1 - INFO - idx: 7, output_dict_len: 500
2025-11-17 04:39:50 - 8_0.05_1 - INFO - user class dict total [2, 92, 84, 29, 22, 88, 67, 68, 38, 83]
2025-11-17 04:39:50 - 8_0.05_1 - INFO - idx: 8, output_dict_len: 500
2025-11-17 04:39:50 - 8_0.05_1 - INFO - user class dict total [15, 12, 81, 43, 73, 78, 40, 100, 57, 89, 49]
2025-11-17 04:39:50 - 8_0.05_1 - INFO - idx: 9, output_dict_len: 550
2025-11-17 04:39:50 - 8_0.05_1 - INFO - Creating a baseline federated dataset
2025-11-17 04:39:50 - 8_0.05_1 - INFO - class_num 101
2025-11-17 04:39:50 - 8_0.05_1 - INFO - user class dict total [20, 79, 94, 54, 52, 65, 0, 1, 48, 74]
2025-11-17 04:39:50 - 8_0.05_1 - INFO - idx: 0, output_dict_len: 300
2025-11-17 04:39:50 - 8_0.05_1 - INFO - user class dict total [44, 99, 35, 69, 82, 42, 33, 14, 5, 62]
2025-11-17 04:39:50 - 8_0.05_1 - INFO - idx: 1, output_dict_len: 300
2025-11-17 04:39:50 - 8_0.05_1 - INFO - user class dict total [32, 55, 97, 10, 21, 31, 91, 27, 28, 76]
2025-11-17 04:39:50 - 8_0.05_1 - INFO - idx: 2, output_dict_len: 300
2025-11-17 04:39:50 - 8_0.05_1 - INFO - user class dict total [80, 71, 66, 58, 23, 70, 60, 72, 17, 18]
2025-11-17 04:39:50 - 8_0.05_1 - INFO - idx: 3, output_dict_len: 300
2025-11-17 04:39:50 - 8_0.05_1 - INFO - user class dict total [45, 34, 11, 56, 85, 13, 41, 30, 24, 86]
2025-11-17 04:39:50 - 8_0.05_1 - INFO - idx: 4, output_dict_len: 300
2025-11-17 04:39:50 - 8_0.05_1 - INFO - user class dict total [51, 75, 37, 6, 53, 95, 96, 39, 47, 90]
2025-11-17 04:39:50 - 8_0.05_1 - INFO - idx: 5, output_dict_len: 300
2025-11-17 04:39:50 - 8_0.05_1 - INFO - user class dict total [36, 7, 50, 3, 63, 59, 9, 77, 64, 93]
2025-11-17 04:39:50 - 8_0.05_1 - INFO - idx: 6, output_dict_len: 300
2025-11-17 04:39:50 - 8_0.05_1 - INFO - user class dict total [87, 98, 61, 19, 25, 4, 16, 8, 46, 26]
2025-11-17 04:39:50 - 8_0.05_1 - INFO - idx: 7, output_dict_len: 300
2025-11-17 04:39:50 - 8_0.05_1 - INFO - user class dict total [2, 92, 84, 29, 22, 88, 67, 68, 38, 83]
2025-11-17 04:39:50 - 8_0.05_1 - INFO - idx: 8, output_dict_len: 300
2025-11-17 04:39:50 - 8_0.05_1 - INFO - user class dict total [15, 12, 81, 43, 73, 78, 40, 100, 57, 89, 49]
2025-11-17 04:39:50 - 8_0.05_1 - INFO - idx: 9, output_dict_len: 330
2025-11-17 04:39:50 - 8_0.05_1 - INFO - Loading CLIP (backbone: ViT-B/16)
2025-11-17 04:39:52 - 8_0.05_1 - INFO - Building custom CLIP
2025-11-17 04:39:52 - 8_0.05_1 - INFO - Turning off gradients in both the image and the text encoder
2025-11-17 04:40:35 - 8_0.05_1 - INFO - [Epoch 1/30] 训练耗时: 43.77s | 平均训练准确率: 28.15
2025-11-17 04:41:19 - 8_0.05_1 - INFO - [Epoch 2/30] 训练耗时: 43.36s | 平均训练准确率: 70.33
2025-11-17 04:42:02 - 8_0.05_1 - INFO - [Epoch 3/30] 训练耗时: 43.32s | 平均训练准确率: 75.62
2025-11-17 04:42:45 - 8_0.05_1 - INFO - [Epoch 4/30] 训练耗时: 43.25s | 平均训练准确率: 75.65
2025-11-17 04:43:29 - 8_0.05_1 - INFO - [Epoch 5/30] 训练耗时: 43.39s | 平均训练准确率: 75.56
2025-11-17 04:44:12 - 8_0.05_1 - INFO - [Epoch 6/30] 训练耗时: 43.37s | 平均训练准确率: 75.00
2025-11-17 04:44:55 - 8_0.05_1 - INFO - [Epoch 7/30] 训练耗时: 43.22s | 平均训练准确率: 75.06
2025-11-17 04:45:38 - 8_0.05_1 - INFO - [Epoch 8/30] 训练耗时: 43.10s | 平均训练准确率: 75.31
2025-11-17 04:46:21 - 8_0.05_1 - INFO - [Epoch 9/30] 训练耗时: 42.62s | 平均训练准确率: 75.83
2025-11-17 04:47:04 - 8_0.05_1 - INFO - [Epoch 10/30] 训练耗时: 43.12s | 平均训练准确率: 75.10
2025-11-17 04:47:47 - 8_0.05_1 - INFO - [Epoch 11/30] 训练耗时: 43.20s | 平均训练准确率: 75.69
2025-11-17 04:48:31 - 8_0.05_1 - INFO - [Epoch 12/30] 训练耗时: 43.28s | 平均训练准确率: 75.94
2025-11-17 04:49:14 - 8_0.05_1 - INFO - [Epoch 13/30] 训练耗时: 43.33s | 平均训练准确率: 76.62
2025-11-17 04:49:57 - 8_0.05_1 - INFO - [Epoch 14/30] 训练耗时: 43.14s | 平均训练准确率: 75.79
2025-11-17 04:50:40 - 8_0.05_1 - INFO - [Epoch 15/30] 训练耗时: 43.22s | 平均训练准确率: 75.60
2025-11-17 04:51:24 - 8_0.05_1 - INFO - [Epoch 16/30] 训练耗时: 43.37s | 平均训练准确率: 76.73
2025-11-17 04:52:06 - 8_0.05_1 - INFO - [Epoch 17/30] 训练耗时: 42.35s | 平均训练准确率: 75.92
2025-11-17 04:52:50 - 8_0.05_1 - INFO - [Epoch 18/30] 训练耗时: 43.53s | 平均训练准确率: 75.38
2025-11-17 04:53:33 - 8_0.05_1 - INFO - [Epoch 19/30] 训练耗时: 43.57s | 平均训练准确率: 76.08
2025-11-17 04:54:17 - 8_0.05_1 - INFO - [Epoch 20/30] 训练耗时: 43.47s | 平均训练准确率: 75.38
2025-11-17 04:55:00 - 8_0.05_1 - INFO - [Epoch 21/30] 训练耗时: 43.36s | 平均训练准确率: 75.60
2025-11-17 04:55:44 - 8_0.05_1 - INFO - [Epoch 22/30] 训练耗时: 43.49s | 平均训练准确率: 76.08
2025-11-17 04:56:27 - 8_0.05_1 - INFO - [Epoch 23/30] 训练耗时: 43.31s | 平均训练准确率: 76.35
2025-11-17 04:57:07 - 8_0.05_1 - INFO - [Epoch 24/30] 训练耗时: 40.48s | 平均训练准确率: 75.85
2025-11-17 04:57:46 - 8_0.05_1 - INFO - [Epoch 25/30] 训练耗时: 38.94s | 平均训练准确率: 75.35
2025-11-17 04:58:25 - 8_0.05_1 - INFO - [Epoch 26/30] 训练耗时: 38.25s | 平均训练准确率: 76.27
2025-11-17 04:59:04 - 8_0.05_1 - INFO - [Epoch 27/30] 训练耗时: 39.41s | 平均训练准确率: 76.08
2025-11-17 04:59:47 - 8_0.05_1 - INFO - [Epoch 28/30] 训练耗时: 43.08s | 平均训练准确率: 75.75
2025-11-17 04:59:47 - 8_0.05_1 - INFO - ------------local test start-------------
2025-11-17 04:59:47 - 8_0.05_1 - INFO - Evaluate on the client0 local set
2025-11-17 04:59:49 - 8_0.05_1 - INFO - => result | total 300 | correct 237 | acc 79.00% | err 21.00% | macro_f1 86.78%
2025-11-17 04:59:49 - 8_0.05_1 - INFO - Evaluate on the client0 neighbor set
2025-11-17 05:00:10 - 8_0.05_1 - INFO - => result | total 2,730 | correct 2,323 | acc 85.09% | err 14.91% | macro_f1 85.36%
2025-11-17 05:00:10 - 8_0.05_1 - INFO - Evaluate on the client1 local set
2025-11-17 05:00:13 - 8_0.05_1 - INFO - => result | total 300 | correct 244 | acc 81.33% | err 18.67% | macro_f1 88.73%
2025-11-17 05:00:13 - 8_0.05_1 - INFO - Evaluate on the client1 neighbor set
2025-11-17 05:00:32 - 8_0.05_1 - INFO - => result | total 2,730 | correct 2,319 | acc 84.95% | err 15.05% | macro_f1 85.20%
2025-11-17 05:00:32 - 8_0.05_1 - INFO - Evaluate on the client2 local set
2025-11-17 05:00:34 - 8_0.05_1 - INFO - => result | total 300 | correct 268 | acc 89.33% | err 10.67% | macro_f1 94.01%
2025-11-17 05:00:34 - 8_0.05_1 - INFO - Evaluate on the client2 neighbor set
2025-11-17 05:00:53 - 8_0.05_1 - INFO - => result | total 2,730 | correct 2,297 | acc 84.14% | err 15.86% | macro_f1 84.59%
2025-11-17 05:00:53 - 8_0.05_1 - INFO - Evaluate on the client3 local set
2025-11-17 05:00:55 - 8_0.05_1 - INFO - => result | total 300 | correct 249 | acc 83.00% | err 17.00% | macro_f1 89.57%
2025-11-17 05:00:55 - 8_0.05_1 - INFO - Evaluate on the client3 neighbor set
2025-11-17 05:01:13 - 8_0.05_1 - INFO - => result | total 2,730 | correct 2,316 | acc 84.84% | err 15.16% | macro_f1 85.30%
2025-11-17 05:01:13 - 8_0.05_1 - INFO - Evaluate on the client4 local set
2025-11-17 05:01:15 - 8_0.05_1 - INFO - => result | total 300 | correct 272 | acc 90.67% | err 9.33% | macro_f1 94.66%
2025-11-17 05:01:15 - 8_0.05_1 - INFO - Evaluate on the client4 neighbor set
2025-11-17 05:01:34 - 8_0.05_1 - INFO - => result | total 2,730 | correct 2,292 | acc 83.96% | err 16.04% | macro_f1 84.79%
2025-11-17 05:01:34 - 8_0.05_1 - INFO - Evaluate on the client5 local set
2025-11-17 05:01:36 - 8_0.05_1 - INFO - => result | total 300 | correct 264 | acc 88.00% | err 12.00% | macro_f1 92.98%
2025-11-17 05:01:36 - 8_0.05_1 - INFO - Evaluate on the client5 neighbor set
2025-11-17 05:01:55 - 8_0.05_1 - INFO - => result | total 2,730 | correct 2,299 | acc 84.21% | err 15.79% | macro_f1 84.83%
2025-11-17 05:01:55 - 8_0.05_1 - INFO - Evaluate on the client6 local set
2025-11-17 05:01:57 - 8_0.05_1 - INFO - => result | total 300 | correct 240 | acc 80.00% | err 20.00% | macro_f1 85.88%
2025-11-17 05:01:57 - 8_0.05_1 - INFO - Evaluate on the client6 neighbor set
2025-11-17 05:02:16 - 8_0.05_1 - INFO - => result | total 2,730 | correct 2,322 | acc 85.05% | err 14.95% | macro_f1 85.59%
2025-11-17 05:02:16 - 8_0.05_1 - INFO - Evaluate on the client7 local set
2025-11-17 05:02:18 - 8_0.05_1 - INFO - => result | total 300 | correct 252 | acc 84.00% | err 16.00% | macro_f1 89.85%
2025-11-17 05:02:18 - 8_0.05_1 - INFO - Evaluate on the client7 neighbor set
2025-11-17 05:02:37 - 8_0.05_1 - INFO - => result | total 2,730 | correct 2,311 | acc 84.65% | err 15.35% | macro_f1 85.17%
2025-11-17 05:02:37 - 8_0.05_1 - INFO - Evaluate on the client8 local set
2025-11-17 05:02:39 - 8_0.05_1 - INFO - => result | total 300 | correct 263 | acc 87.67% | err 12.33% | macro_f1 92.14%
2025-11-17 05:02:39 - 8_0.05_1 - INFO - Evaluate on the client8 neighbor set
2025-11-17 05:02:58 - 8_0.05_1 - INFO - => result | total 2,730 | correct 2,300 | acc 84.25% | err 15.75% | macro_f1 84.82%
2025-11-17 05:02:58 - 8_0.05_1 - INFO - Evaluate on the client9 local set
2025-11-17 05:03:00 - 8_0.05_1 - INFO - => result | total 330 | correct 274 | acc 83.03% | err 16.97% | macro_f1 89.16%
2025-11-17 05:03:00 - 8_0.05_1 - INFO - Evaluate on the client9 neighbor set
2025-11-17 05:03:19 - 8_0.05_1 - INFO - => result | total 2,700 | correct 2,290 | acc 84.81% | err 15.19% | macro_f1 85.30%
2025-11-17 05:03:19 - 8_0.05_1 - INFO - Global test local acc: 84.60
2025-11-17 05:03:19 - 8_0.05_1 - INFO - Global test neighbor acc: 84.60
2025-11-17 05:03:19 - 8_0.05_1 - INFO - ------------local test finish-------------
2025-11-17 05:03:19 - 8_0.05_1 - INFO - [Epoch 28/30] 测试耗时: 212.00s
2025-11-17 05:03:58 - 8_0.05_1 - INFO - [Epoch 29/30] 训练耗时: 39.35s | 平均训练准确率: 75.25
2025-11-17 05:03:58 - 8_0.05_1 - INFO - ------------local test start-------------
2025-11-17 05:03:58 - 8_0.05_1 - INFO - Evaluate on the client0 local set
2025-11-17 05:04:00 - 8_0.05_1 - INFO - => result | total 300 | correct 225 | acc 75.00% | err 25.00% | macro_f1 83.06%
2025-11-17 05:04:00 - 8_0.05_1 - INFO - Evaluate on the client0 neighbor set
2025-11-17 05:04:19 - 8_0.05_1 - INFO - => result | total 2,730 | correct 2,307 | acc 84.51% | err 15.49% | macro_f1 84.69%
2025-11-17 05:04:19 - 8_0.05_1 - INFO - Evaluate on the client1 local set
2025-11-17 05:04:21 - 8_0.05_1 - INFO - => result | total 300 | correct 238 | acc 79.33% | err 20.67% | macro_f1 87.49%
2025-11-17 05:04:21 - 8_0.05_1 - INFO - Evaluate on the client1 neighbor set
2025-11-17 05:04:40 - 8_0.05_1 - INFO - => result | total 2,730 | correct 2,297 | acc 84.14% | err 15.86% | macro_f1 84.32%
2025-11-17 05:04:40 - 8_0.05_1 - INFO - Evaluate on the client2 local set
2025-11-17 05:04:42 - 8_0.05_1 - INFO - => result | total 300 | correct 266 | acc 88.67% | err 11.33% | macro_f1 93.61%
2025-11-17 05:04:42 - 8_0.05_1 - INFO - Evaluate on the client2 neighbor set
2025-11-17 05:05:01 - 8_0.05_1 - INFO - => result | total 2,730 | correct 2,271 | acc 83.19% | err 16.81% | macro_f1 83.43%
2025-11-17 05:05:01 - 8_0.05_1 - INFO - Evaluate on the client3 local set
2025-11-17 05:05:03 - 8_0.05_1 - INFO - => result | total 300 | correct 251 | acc 83.67% | err 16.33% | macro_f1 90.16%
2025-11-17 05:05:03 - 8_0.05_1 - INFO - Evaluate on the client3 neighbor set
2025-11-17 05:05:21 - 8_0.05_1 - INFO - => result | total 2,730 | correct 2,286 | acc 83.74% | err 16.26% | macro_f1 84.17%
2025-11-17 05:05:21 - 8_0.05_1 - INFO - Evaluate on the client4 local set
2025-11-17 05:05:23 - 8_0.05_1 - INFO - => result | total 300 | correct 272 | acc 90.67% | err 9.33% | macro_f1 94.62%
2025-11-17 05:05:23 - 8_0.05_1 - INFO - Evaluate on the client4 neighbor set
2025-11-17 05:05:42 - 8_0.05_1 - INFO - => result | total 2,730 | correct 2,266 | acc 83.00% | err 17.00% | macro_f1 83.79%
2025-11-17 05:05:42 - 8_0.05_1 - INFO - Evaluate on the client5 local set
2025-11-17 05:05:44 - 8_0.05_1 - INFO - => result | total 300 | correct 260 | acc 86.67% | err 13.33% | macro_f1 92.08%
2025-11-17 05:05:44 - 8_0.05_1 - INFO - Evaluate on the client5 neighbor set
2025-11-17 05:06:03 - 8_0.05_1 - INFO - => result | total 2,730 | correct 2,279 | acc 83.48% | err 16.52% | macro_f1 83.84%
2025-11-17 05:06:03 - 8_0.05_1 - INFO - Evaluate on the client6 local set
2025-11-17 05:06:05 - 8_0.05_1 - INFO - => result | total 300 | correct 240 | acc 80.00% | err 20.00% | macro_f1 85.47%
2025-11-17 05:06:05 - 8_0.05_1 - INFO - Evaluate on the client6 neighbor set
2025-11-17 05:06:24 - 8_0.05_1 - INFO - => result | total 2,730 | correct 2,297 | acc 84.14% | err 15.86% | macro_f1 84.75%
2025-11-17 05:06:24 - 8_0.05_1 - INFO - Evaluate on the client7 local set
2025-11-17 05:06:26 - 8_0.05_1 - INFO - => result | total 300 | correct 252 | acc 84.00% | err 16.00% | macro_f1 89.85%
2025-11-17 05:06:26 - 8_0.05_1 - INFO - Evaluate on the client7 neighbor set
2025-11-17 05:06:44 - 8_0.05_1 - INFO - => result | total 2,730 | correct 2,284 | acc 83.66% | err 16.34% | macro_f1 84.09%
2025-11-17 05:06:44 - 8_0.05_1 - INFO - Evaluate on the client8 local set
2025-11-17 05:06:46 - 8_0.05_1 - INFO - => result | total 300 | correct 259 | acc 86.33% | err 13.67% | macro_f1 91.09%
2025-11-17 05:06:46 - 8_0.05_1 - INFO - Evaluate on the client8 neighbor set
2025-11-17 05:07:05 - 8_0.05_1 - INFO - => result | total 2,730 | correct 2,280 | acc 83.52% | err 16.48% | macro_f1 83.92%
2025-11-17 05:07:05 - 8_0.05_1 - INFO - Evaluate on the client9 local set
2025-11-17 05:07:08 - 8_0.05_1 - INFO - => result | total 330 | correct 273 | acc 82.73% | err 17.27% | macro_f1 88.67%
2025-11-17 05:07:08 - 8_0.05_1 - INFO - Evaluate on the client9 neighbor set
2025-11-17 05:07:26 - 8_0.05_1 - INFO - => result | total 2,700 | correct 2,265 | acc 83.89% | err 16.11% | macro_f1 84.25%
2025-11-17 05:07:26 - 8_0.05_1 - INFO - Global test local acc: 83.71
2025-11-17 05:07:26 - 8_0.05_1 - INFO - Global test neighbor acc: 83.73
2025-11-17 05:07:26 - 8_0.05_1 - INFO - ------------local test finish-------------
2025-11-17 05:07:26 - 8_0.05_1 - INFO - [Epoch 29/30] 测试耗时: 207.65s
2025-11-17 05:08:05 - 8_0.05_1 - INFO - [Epoch 30/30] 训练耗时: 39.40s | 平均训练准确率: 75.00
2025-11-17 05:08:05 - 8_0.05_1 - INFO - ------------local test start-------------
2025-11-17 05:08:05 - 8_0.05_1 - INFO - Evaluate on the client0 local set
2025-11-17 05:08:08 - 8_0.05_1 - INFO - => result | total 300 | correct 229 | acc 76.33% | err 23.67% | macro_f1 83.95%
2025-11-17 05:08:08 - 8_0.05_1 - INFO - Evaluate on the client0 neighbor set
2025-11-17 05:08:26 - 8_0.05_1 - INFO - => result | total 2,730 | correct 2,327 | acc 85.24% | err 14.76% | macro_f1 85.44%
2025-11-17 05:08:26 - 8_0.05_1 - INFO - Evaluate on the client1 local set
2025-11-17 05:08:29 - 8_0.05_1 - INFO - => result | total 300 | correct 240 | acc 80.00% | err 20.00% | macro_f1 88.00%
2025-11-17 05:08:29 - 8_0.05_1 - INFO - Evaluate on the client1 neighbor set
2025-11-17 05:08:48 - 8_0.05_1 - INFO - => result | total 2,730 | correct 2,315 | acc 84.80% | err 15.20% | macro_f1 85.00%
2025-11-17 05:08:48 - 8_0.05_1 - INFO - Evaluate on the client2 local set
2025-11-17 05:08:50 - 8_0.05_1 - INFO - => result | total 300 | correct 268 | acc 89.33% | err 10.67% | macro_f1 94.03%
2025-11-17 05:08:50 - 8_0.05_1 - INFO - Evaluate on the client2 neighbor set
2025-11-17 05:09:09 - 8_0.05_1 - INFO - => result | total 2,730 | correct 2,286 | acc 83.74% | err 16.26% | macro_f1 83.99%
2025-11-17 05:09:09 - 8_0.05_1 - INFO - Evaluate on the client3 local set
2025-11-17 05:09:11 - 8_0.05_1 - INFO - => result | total 300 | correct 249 | acc 83.00% | err 17.00% | macro_f1 89.59%
2025-11-17 05:09:11 - 8_0.05_1 - INFO - Evaluate on the client3 neighbor set
2025-11-17 05:09:30 - 8_0.05_1 - INFO - => result | total 2,730 | correct 2,305 | acc 84.43% | err 15.57% | macro_f1 84.80%
2025-11-17 05:09:30 - 8_0.05_1 - INFO - Evaluate on the client4 local set
2025-11-17 05:09:32 - 8_0.05_1 - INFO - => result | total 300 | correct 274 | acc 91.33% | err 8.67% | macro_f1 95.06%
2025-11-17 05:09:32 - 8_0.05_1 - INFO - Evaluate on the client4 neighbor set
2025-11-17 05:09:51 - 8_0.05_1 - INFO - => result | total 2,730 | correct 2,279 | acc 83.48% | err 16.52% | macro_f1 84.15%
2025-11-17 05:09:51 - 8_0.05_1 - INFO - Evaluate on the client5 local set
2025-11-17 05:09:53 - 8_0.05_1 - INFO - => result | total 300 | correct 264 | acc 88.00% | err 12.00% | macro_f1 93.00%
2025-11-17 05:09:53 - 8_0.05_1 - INFO - Evaluate on the client5 neighbor set
2025-11-17 05:10:12 - 8_0.05_1 - INFO - => result | total 2,730 | correct 2,289 | acc 83.85% | err 16.15% | macro_f1 84.35%
2025-11-17 05:10:12 - 8_0.05_1 - INFO - Evaluate on the client6 local set
2025-11-17 05:10:14 - 8_0.05_1 - INFO - => result | total 300 | correct 243 | acc 81.00% | err 19.00% | macro_f1 86.26%
2025-11-17 05:10:14 - 8_0.05_1 - INFO - Evaluate on the client6 neighbor set
2025-11-17 05:10:32 - 8_0.05_1 - INFO - => result | total 2,730 | correct 2,312 | acc 84.69% | err 15.31% | macro_f1 85.25%
2025-11-17 05:10:32 - 8_0.05_1 - INFO - Evaluate on the client7 local set
2025-11-17 05:10:34 - 8_0.05_1 - INFO - => result | total 300 | correct 252 | acc 84.00% | err 16.00% | macro_f1 89.78%
2025-11-17 05:10:34 - 8_0.05_1 - INFO - Evaluate on the client7 neighbor set
2025-11-17 05:10:53 - 8_0.05_1 - INFO - => result | total 2,730 | correct 2,304 | acc 84.40% | err 15.60% | macro_f1 84.75%
2025-11-17 05:10:53 - 8_0.05_1 - INFO - Evaluate on the client8 local set
2025-11-17 05:10:55 - 8_0.05_1 - INFO - => result | total 300 | correct 259 | acc 86.33% | err 13.67% | macro_f1 91.18%
2025-11-17 05:10:55 - 8_0.05_1 - INFO - Evaluate on the client8 neighbor set
2025-11-17 05:11:14 - 8_0.05_1 - INFO - => result | total 2,730 | correct 2,298 | acc 84.18% | err 15.82% | macro_f1 84.52%
2025-11-17 05:11:14 - 8_0.05_1 - INFO - Evaluate on the client9 local set
2025-11-17 05:11:17 - 8_0.05_1 - INFO - => result | total 330 | correct 276 | acc 83.64% | err 16.36% | macro_f1 89.08%
2025-11-17 05:11:17 - 8_0.05_1 - INFO - Evaluate on the client9 neighbor set
2025-11-17 05:11:35 - 8_0.05_1 - INFO - => result | total 2,700 | correct 2,282 | acc 84.52% | err 15.48% | macro_f1 84.81%
2025-11-17 05:11:35 - 8_0.05_1 - INFO - Global test local acc: 84.30
2025-11-17 05:11:35 - 8_0.05_1 - INFO - Global test neighbor acc: 84.33
2025-11-17 05:11:35 - 8_0.05_1 - INFO - ------------local test finish-------------
2025-11-17 05:11:35 - 8_0.05_1 - INFO - [Epoch 30/30] 测试耗时: 210.06s
2025-11-17 05:11:35 - 8_0.05_1 - INFO - maximum test local acc: 84.603
2025-11-17 05:11:35 - 8_0.05_1 - INFO - mean of local acc: 84.202
2025-11-17 05:11:35 - 8_0.05_1 - INFO - maximum test neighbor acc: 84.595
2025-11-17 05:11:35 - 8_0.05_1 - INFO - mean of neighbor acc: 84.217
