2025-11-15 16:03:51 - 8_0.01_1 - INFO - 日志文件已创建: logs/caltech-101/sepfpl/8_0.01_1_20251115_160351.log
2025-11-15 16:03:51 - 8_0.01_1 - INFO - Loading trainer: DP_FPL
2025-11-15 16:03:51 - 8_0.01_1 - INFO - Loading dataset: Caltech101
2025-11-15 16:03:51 - 8_0.01_1 - INFO - Reading split from /home/liuxin25/dataset/caltech-101/split_zhou_Caltech101.json
2025-11-15 16:03:51 - 8_0.01_1 - INFO - Creating a baseline federated dataset
2025-11-15 16:03:51 - 8_0.01_1 - INFO - class_num 100
2025-11-15 16:03:51 - 8_0.01_1 - INFO - user class dict total [20, 79, 93, 54, 52, 65, 0, 1, 48, 74]
2025-11-15 16:03:51 - 8_0.01_1 - INFO - idx: 0, output_dict_len: 673
2025-11-15 16:03:51 - 8_0.01_1 - INFO - user class dict total [44, 82, 35, 69, 91, 42, 33, 14, 5, 62]
2025-11-15 16:03:51 - 8_0.01_1 - INFO - idx: 1, output_dict_len: 296
2025-11-15 16:03:51 - 8_0.01_1 - INFO - user class dict total [32, 55, 96, 10, 21, 31, 90, 27, 28, 76]
2025-11-15 16:03:51 - 8_0.01_1 - INFO - idx: 2, output_dict_len: 251
2025-11-15 16:03:51 - 8_0.01_1 - INFO - user class dict total [80, 71, 66, 58, 23, 70, 60, 72, 17, 18]
2025-11-15 16:03:51 - 8_0.01_1 - INFO - idx: 3, output_dict_len: 275
2025-11-15 16:03:51 - 8_0.01_1 - INFO - user class dict total [45, 34, 11, 56, 84, 13, 41, 30, 24, 85]
2025-11-15 16:03:51 - 8_0.01_1 - INFO - idx: 4, output_dict_len: 369
2025-11-15 16:03:51 - 8_0.01_1 - INFO - user class dict total [51, 75, 37, 6, 53, 94, 95, 39, 47, 98]
2025-11-15 16:03:51 - 8_0.01_1 - INFO - idx: 5, output_dict_len: 265
2025-11-15 16:03:51 - 8_0.01_1 - INFO - user class dict total [36, 7, 50, 3, 63, 59, 9, 77, 64, 92]
2025-11-15 16:03:51 - 8_0.01_1 - INFO - idx: 6, output_dict_len: 286
2025-11-15 16:03:51 - 8_0.01_1 - INFO - user class dict total [86, 97, 61, 19, 25, 4, 16, 8, 46, 26]
2025-11-15 16:03:51 - 8_0.01_1 - INFO - idx: 7, output_dict_len: 675
2025-11-15 16:03:51 - 8_0.01_1 - INFO - user class dict total [2, 88, 29, 22, 87, 67, 68, 38, 83, 15]
2025-11-15 16:03:51 - 8_0.01_1 - INFO - idx: 8, output_dict_len: 695
2025-11-15 16:03:51 - 8_0.01_1 - INFO - user class dict total [12, 81, 43, 73, 78, 40, 99, 57, 89, 49]
2025-11-15 16:03:51 - 8_0.01_1 - INFO - idx: 9, output_dict_len: 343
2025-11-15 16:03:51 - 8_0.01_1 - INFO - Creating a baseline federated dataset
2025-11-15 16:03:51 - 8_0.01_1 - INFO - class_num 100
2025-11-15 16:03:51 - 8_0.01_1 - INFO - user class dict total [20, 79, 93, 54, 52, 65, 0, 1, 48, 74]
2025-11-15 16:03:51 - 8_0.01_1 - INFO - idx: 0, output_dict_len: 399
2025-11-15 16:03:51 - 8_0.01_1 - INFO - user class dict total [44, 82, 35, 69, 91, 42, 33, 14, 5, 62]
2025-11-15 16:03:51 - 8_0.01_1 - INFO - idx: 1, output_dict_len: 176
2025-11-15 16:03:51 - 8_0.01_1 - INFO - user class dict total [32, 55, 96, 10, 21, 31, 90, 27, 28, 76]
2025-11-15 16:03:51 - 8_0.01_1 - INFO - idx: 2, output_dict_len: 154
2025-11-15 16:03:51 - 8_0.01_1 - INFO - user class dict total [80, 71, 66, 58, 23, 70, 60, 72, 17, 18]
2025-11-15 16:03:51 - 8_0.01_1 - INFO - idx: 3, output_dict_len: 162
2025-11-15 16:03:51 - 8_0.01_1 - INFO - user class dict total [45, 34, 11, 56, 84, 13, 41, 30, 24, 85]
2025-11-15 16:03:51 - 8_0.01_1 - INFO - idx: 4, output_dict_len: 221
2025-11-15 16:03:51 - 8_0.01_1 - INFO - user class dict total [51, 75, 37, 6, 53, 94, 95, 39, 47, 98]
2025-11-15 16:03:51 - 8_0.01_1 - INFO - idx: 5, output_dict_len: 157
2025-11-15 16:03:51 - 8_0.01_1 - INFO - user class dict total [36, 7, 50, 3, 63, 59, 9, 77, 64, 92]
2025-11-15 16:03:51 - 8_0.01_1 - INFO - idx: 6, output_dict_len: 171
2025-11-15 16:03:51 - 8_0.01_1 - INFO - user class dict total [86, 97, 61, 19, 25, 4, 16, 8, 46, 26]
2025-11-15 16:03:51 - 8_0.01_1 - INFO - idx: 7, output_dict_len: 404
2025-11-15 16:03:51 - 8_0.01_1 - INFO - user class dict total [2, 88, 29, 22, 87, 67, 68, 38, 83, 15]
2025-11-15 16:03:51 - 8_0.01_1 - INFO - idx: 8, output_dict_len: 415
2025-11-15 16:03:51 - 8_0.01_1 - INFO - user class dict total [12, 81, 43, 73, 78, 40, 99, 57, 89, 49]
2025-11-15 16:03:51 - 8_0.01_1 - INFO - idx: 9, output_dict_len: 206
2025-11-15 16:03:51 - 8_0.01_1 - INFO - Loading CLIP (backbone: ViT-B/16)
2025-11-15 16:03:53 - 8_0.01_1 - INFO - Building custom CLIP
2025-11-15 16:03:53 - 8_0.01_1 - INFO - Turning off gradients in both the image and the text encoder
2025-11-15 16:03:53 - 8_0.01_1 - INFO - [RDP-sepfpl] 轮次 1: ε=0.000016, std=78.020559
2025-11-15 16:04:11 - 8_0.01_1 - INFO - [Epoch 1/30] 训练耗时: 17.69s | 平均训练准确率: 66.56
2025-11-15 16:04:27 - 8_0.01_1 - INFO - [Epoch 2/30] 训练耗时: 16.27s | 平均训练准确率: 63.17
2025-11-15 16:04:44 - 8_0.01_1 - INFO - [Epoch 3/30] 训练耗时: 16.24s | 平均训练准确率: 70.22
2025-11-15 16:05:00 - 8_0.01_1 - INFO - [Epoch 4/30] 训练耗时: 16.28s | 平均训练准确率: 69.96
2025-11-15 16:05:16 - 8_0.01_1 - INFO - [Epoch 5/30] 训练耗时: 16.28s | 平均训练准确率: 71.92
2025-11-15 16:05:32 - 8_0.01_1 - INFO - [Epoch 6/30] 训练耗时: 16.35s | 平均训练准确率: 73.12
2025-11-15 16:05:49 - 8_0.01_1 - INFO - [Epoch 7/30] 训练耗时: 16.24s | 平均训练准确率: 74.11
2025-11-15 16:06:05 - 8_0.01_1 - INFO - [Epoch 8/30] 训练耗时: 16.28s | 平均训练准确率: 73.79
2025-11-15 16:06:21 - 8_0.01_1 - INFO - [Epoch 9/30] 训练耗时: 16.33s | 平均训练准确率: 75.40
2025-11-15 16:06:21 - 8_0.01_1 - INFO - [RDP-sepfpl] 轮次 10: ε=0.000202, std=21.989181
2025-11-15 16:06:38 - 8_0.01_1 - INFO - [Epoch 10/30] 训练耗时: 16.27s | 平均训练准确率: 75.94
2025-11-15 16:06:54 - 8_0.01_1 - INFO - [Epoch 11/30] 训练耗时: 16.35s | 平均训练准确率: 75.31
2025-11-15 16:07:10 - 8_0.01_1 - INFO - [Epoch 12/30] 训练耗时: 16.07s | 平均训练准确率: 77.50
2025-11-15 16:07:25 - 8_0.01_1 - INFO - [Epoch 13/30] 训练耗时: 15.21s | 平均训练准确率: 76.03
2025-11-15 16:07:41 - 8_0.01_1 - INFO - [Epoch 14/30] 训练耗时: 15.29s | 平均训练准确率: 75.54
2025-11-15 16:07:55 - 8_0.01_1 - INFO - [Epoch 15/30] 训练耗时: 14.73s | 平均训练准确率: 74.42
2025-11-15 16:08:10 - 8_0.01_1 - INFO - [Epoch 16/30] 训练耗时: 14.50s | 平均训练准确率: 75.89
2025-11-15 16:08:25 - 8_0.01_1 - INFO - [Epoch 17/30] 训练耗时: 14.93s | 平均训练准确率: 76.52
2025-11-15 16:08:41 - 8_0.01_1 - INFO - [Epoch 18/30] 训练耗时: 16.21s | 平均训练准确率: 77.01
2025-11-15 16:08:57 - 8_0.01_1 - INFO - [Epoch 19/30] 训练耗时: 16.34s | 平均训练准确率: 77.72
2025-11-15 16:08:57 - 8_0.01_1 - INFO - [RDP-sepfpl] 轮次 20: ε=0.000433, std=15.019053
2025-11-15 16:09:14 - 8_0.01_1 - INFO - [Epoch 20/30] 训练耗时: 16.29s | 平均训练准确率: 75.22
2025-11-15 16:09:30 - 8_0.01_1 - INFO - [Epoch 21/30] 训练耗时: 16.23s | 平均训练准确率: 75.58
2025-11-15 16:09:46 - 8_0.01_1 - INFO - [Epoch 22/30] 训练耗时: 16.17s | 平均训练准确率: 75.58
2025-11-15 16:10:02 - 8_0.01_1 - INFO - [Epoch 23/30] 训练耗时: 16.28s | 平均训练准确率: 75.40
2025-11-15 16:10:18 - 8_0.01_1 - INFO - [Epoch 24/30] 训练耗时: 16.09s | 平均训练准确率: 74.60
2025-11-15 16:10:35 - 8_0.01_1 - INFO - [Epoch 25/30] 训练耗时: 16.35s | 平均训练准确率: 75.67
2025-11-15 16:10:51 - 8_0.01_1 - INFO - [Epoch 26/30] 训练耗时: 16.32s | 平均训练准确率: 75.62
2025-11-15 16:11:07 - 8_0.01_1 - INFO - [Epoch 27/30] 训练耗时: 16.23s | 平均训练准确率: 75.71
2025-11-15 16:11:24 - 8_0.01_1 - INFO - [Epoch 28/30] 训练耗时: 16.38s | 平均训练准确率: 73.71
2025-11-15 16:11:24 - 8_0.01_1 - INFO - ------------local test start-------------
2025-11-15 16:11:24 - 8_0.01_1 - INFO - Evaluate on the client0 local set
2025-11-15 16:11:26 - 8_0.01_1 - INFO - => result | total 399 | correct 295 | acc 73.93% | err 26.07% | macro_f1 85.32%
2025-11-15 16:11:26 - 8_0.01_1 - INFO - Evaluate on the client0 neighbor set
2025-11-15 16:11:38 - 8_0.01_1 - INFO - => result | total 2,066 | correct 1,820 | acc 88.09% | err 11.91% | macro_f1 81.72%
2025-11-15 16:11:38 - 8_0.01_1 - INFO - Evaluate on the client1 local set
2025-11-15 16:11:39 - 8_0.01_1 - INFO - => result | total 176 | correct 158 | acc 89.77% | err 10.23% | macro_f1 91.36%
2025-11-15 16:11:39 - 8_0.01_1 - INFO - Evaluate on the client1 neighbor set
2025-11-15 16:11:51 - 8_0.01_1 - INFO - => result | total 2,289 | correct 1,952 | acc 85.28% | err 14.72% | macro_f1 79.69%
2025-11-15 16:11:51 - 8_0.01_1 - INFO - Evaluate on the client2 local set
2025-11-15 16:11:52 - 8_0.01_1 - INFO - => result | total 154 | correct 109 | acc 70.78% | err 29.22% | macro_f1 73.52%
2025-11-15 16:11:52 - 8_0.01_1 - INFO - Evaluate on the client2 neighbor set
2025-11-15 16:12:05 - 8_0.01_1 - INFO - => result | total 2,311 | correct 2,005 | acc 86.76% | err 13.24% | macro_f1 82.18%
2025-11-15 16:12:05 - 8_0.01_1 - INFO - Evaluate on the client3 local set
2025-11-15 16:12:06 - 8_0.01_1 - INFO - => result | total 162 | correct 130 | acc 80.25% | err 19.75% | macro_f1 81.45%
2025-11-15 16:12:06 - 8_0.01_1 - INFO - Evaluate on the client3 neighbor set
2025-11-15 16:12:18 - 8_0.01_1 - INFO - => result | total 2,303 | correct 1,976 | acc 85.80% | err 14.20% | macro_f1 80.29%
2025-11-15 16:12:18 - 8_0.01_1 - INFO - Evaluate on the client4 local set
2025-11-15 16:12:20 - 8_0.01_1 - INFO - => result | total 221 | correct 182 | acc 82.35% | err 17.65% | macro_f1 81.43%
2025-11-15 16:12:20 - 8_0.01_1 - INFO - Evaluate on the client4 neighbor set
2025-11-15 16:12:32 - 8_0.01_1 - INFO - => result | total 2,244 | correct 1,925 | acc 85.78% | err 14.22% | macro_f1 81.01%
2025-11-15 16:12:32 - 8_0.01_1 - INFO - Evaluate on the client5 local set
2025-11-15 16:12:33 - 8_0.01_1 - INFO - => result | total 157 | correct 141 | acc 89.81% | err 10.19% | macro_f1 93.91%
2025-11-15 16:12:33 - 8_0.01_1 - INFO - Evaluate on the client5 neighbor set
2025-11-15 16:12:46 - 8_0.01_1 - INFO - => result | total 2,308 | correct 1,969 | acc 85.31% | err 14.69% | macro_f1 80.03%
2025-11-15 16:12:46 - 8_0.01_1 - INFO - Evaluate on the client6 local set
2025-11-15 16:12:47 - 8_0.01_1 - INFO - => result | total 171 | correct 139 | acc 81.29% | err 18.71% | macro_f1 84.00%
2025-11-15 16:12:47 - 8_0.01_1 - INFO - Evaluate on the client6 neighbor set
2025-11-15 16:12:58 - 8_0.01_1 - INFO - => result | total 2,294 | correct 1,972 | acc 85.96% | err 14.04% | macro_f1 80.42%
2025-11-15 16:12:58 - 8_0.01_1 - INFO - Evaluate on the client7 local set
2025-11-15 16:13:00 - 8_0.01_1 - INFO - => result | total 404 | correct 373 | acc 92.33% | err 7.67% | macro_f1 85.52%
2025-11-15 16:13:00 - 8_0.01_1 - INFO - Evaluate on the client7 neighbor set
2025-11-15 16:13:09 - 8_0.01_1 - INFO - => result | total 2,061 | correct 1,739 | acc 84.38% | err 15.62% | macro_f1 80.93%
2025-11-15 16:13:09 - 8_0.01_1 - INFO - Evaluate on the client8 local set
2025-11-15 16:13:11 - 8_0.01_1 - INFO - => result | total 415 | correct 382 | acc 92.05% | err 7.95% | macro_f1 84.84%
2025-11-15 16:13:11 - 8_0.01_1 - INFO - Evaluate on the client8 neighbor set
2025-11-15 16:13:21 - 8_0.01_1 - INFO - => result | total 2,050 | correct 1,730 | acc 84.39% | err 15.61% | macro_f1 79.83%
2025-11-15 16:13:21 - 8_0.01_1 - INFO - Evaluate on the client9 local set
2025-11-15 16:13:22 - 8_0.01_1 - INFO - => result | total 206 | correct 195 | acc 94.66% | err 5.34% | macro_f1 95.51%
2025-11-15 16:13:22 - 8_0.01_1 - INFO - Evaluate on the client9 neighbor set
2025-11-15 16:13:33 - 8_0.01_1 - INFO - => result | total 2,259 | correct 1,916 | acc 84.82% | err 15.18% | macro_f1 79.76%
2025-11-15 16:13:33 - 8_0.01_1 - INFO - Global test local acc: 84.72
2025-11-15 16:13:33 - 8_0.01_1 - INFO - Global test neighbor acc: 85.66
2025-11-15 16:13:33 - 8_0.01_1 - INFO - ------------local test finish-------------
2025-11-15 16:13:33 - 8_0.01_1 - INFO - [Epoch 28/30] 测试耗时: 129.46s
2025-11-15 16:13:48 - 8_0.01_1 - INFO - [Epoch 29/30] 训练耗时: 15.28s | 平均训练准确率: 72.41
2025-11-15 16:13:48 - 8_0.01_1 - INFO - ------------local test start-------------
2025-11-15 16:13:48 - 8_0.01_1 - INFO - Evaluate on the client0 local set
2025-11-15 16:13:50 - 8_0.01_1 - INFO - => result | total 399 | correct 307 | acc 76.94% | err 23.06% | macro_f1 85.83%
2025-11-15 16:13:50 - 8_0.01_1 - INFO - Evaluate on the client0 neighbor set
2025-11-15 16:14:00 - 8_0.01_1 - INFO - => result | total 2,066 | correct 1,822 | acc 88.19% | err 11.81% | macro_f1 81.87%
2025-11-15 16:14:00 - 8_0.01_1 - INFO - Evaluate on the client1 local set
2025-11-15 16:14:01 - 8_0.01_1 - INFO - => result | total 176 | correct 159 | acc 90.34% | err 9.66% | macro_f1 91.48%
2025-11-15 16:14:01 - 8_0.01_1 - INFO - Evaluate on the client1 neighbor set
2025-11-15 16:14:12 - 8_0.01_1 - INFO - => result | total 2,289 | correct 1,968 | acc 85.98% | err 14.02% | macro_f1 80.26%
2025-11-15 16:14:12 - 8_0.01_1 - INFO - Evaluate on the client2 local set
2025-11-15 16:14:12 - 8_0.01_1 - INFO - => result | total 154 | correct 110 | acc 71.43% | err 28.57% | macro_f1 73.89%
2025-11-15 16:14:12 - 8_0.01_1 - INFO - Evaluate on the client2 neighbor set
2025-11-15 16:14:25 - 8_0.01_1 - INFO - => result | total 2,311 | correct 2,016 | acc 87.23% | err 12.77% | macro_f1 82.43%
2025-11-15 16:14:25 - 8_0.01_1 - INFO - Evaluate on the client3 local set
2025-11-15 16:14:26 - 8_0.01_1 - INFO - => result | total 162 | correct 131 | acc 80.86% | err 19.14% | macro_f1 82.30%
2025-11-15 16:14:26 - 8_0.01_1 - INFO - Evaluate on the client3 neighbor set
2025-11-15 16:14:38 - 8_0.01_1 - INFO - => result | total 2,303 | correct 1,991 | acc 86.45% | err 13.55% | macro_f1 80.73%
2025-11-15 16:14:38 - 8_0.01_1 - INFO - Evaluate on the client4 local set
2025-11-15 16:14:39 - 8_0.01_1 - INFO - => result | total 221 | correct 181 | acc 81.90% | err 18.10% | macro_f1 79.83%
2025-11-15 16:14:39 - 8_0.01_1 - INFO - Evaluate on the client4 neighbor set
2025-11-15 16:14:51 - 8_0.01_1 - INFO - => result | total 2,244 | correct 1,942 | acc 86.54% | err 13.46% | macro_f1 81.43%
2025-11-15 16:14:51 - 8_0.01_1 - INFO - Evaluate on the client5 local set
2025-11-15 16:14:52 - 8_0.01_1 - INFO - => result | total 157 | correct 140 | acc 89.17% | err 10.83% | macro_f1 93.44%
2025-11-15 16:14:52 - 8_0.01_1 - INFO - Evaluate on the client5 neighbor set
2025-11-15 16:15:03 - 8_0.01_1 - INFO - => result | total 2,308 | correct 1,981 | acc 85.83% | err 14.17% | macro_f1 80.43%
2025-11-15 16:15:03 - 8_0.01_1 - INFO - Evaluate on the client6 local set
2025-11-15 16:15:04 - 8_0.01_1 - INFO - => result | total 171 | correct 139 | acc 81.29% | err 18.71% | macro_f1 84.23%
2025-11-15 16:15:04 - 8_0.01_1 - INFO - Evaluate on the client6 neighbor set
2025-11-15 16:15:15 - 8_0.01_1 - INFO - => result | total 2,294 | correct 1,986 | acc 86.57% | err 13.43% | macro_f1 80.78%
2025-11-15 16:15:15 - 8_0.01_1 - INFO - Evaluate on the client7 local set
2025-11-15 16:15:17 - 8_0.01_1 - INFO - => result | total 404 | correct 373 | acc 92.33% | err 7.67% | macro_f1 85.25%
2025-11-15 16:15:17 - 8_0.01_1 - INFO - Evaluate on the client7 neighbor set
2025-11-15 16:15:27 - 8_0.01_1 - INFO - => result | total 2,061 | correct 1,755 | acc 85.15% | err 14.85% | macro_f1 81.53%
2025-11-15 16:15:27 - 8_0.01_1 - INFO - Evaluate on the client8 local set
2025-11-15 16:15:29 - 8_0.01_1 - INFO - => result | total 415 | correct 383 | acc 92.29% | err 7.71% | macro_f1 84.86%
2025-11-15 16:15:29 - 8_0.01_1 - INFO - Evaluate on the client8 neighbor set
2025-11-15 16:15:38 - 8_0.01_1 - INFO - => result | total 2,050 | correct 1,742 | acc 84.98% | err 15.02% | macro_f1 80.07%
2025-11-15 16:15:38 - 8_0.01_1 - INFO - Evaluate on the client9 local set
2025-11-15 16:15:39 - 8_0.01_1 - INFO - => result | total 206 | correct 195 | acc 94.66% | err 5.34% | macro_f1 95.51%
2025-11-15 16:15:39 - 8_0.01_1 - INFO - Evaluate on the client9 neighbor set
2025-11-15 16:15:50 - 8_0.01_1 - INFO - => result | total 2,259 | correct 1,931 | acc 85.48% | err 14.52% | macro_f1 80.27%
2025-11-15 16:15:50 - 8_0.01_1 - INFO - Global test local acc: 85.12
2025-11-15 16:15:50 - 8_0.01_1 - INFO - Global test neighbor acc: 86.24
2025-11-15 16:15:50 - 8_0.01_1 - INFO - ------------local test finish-------------
2025-11-15 16:15:50 - 8_0.01_1 - INFO - [Epoch 29/30] 测试耗时: 121.83s
2025-11-15 16:15:50 - 8_0.01_1 - INFO - [RDP-sepfpl] 轮次 30: ε=0.000676, std=12.016898
2025-11-15 16:16:05 - 8_0.01_1 - INFO - [Epoch 30/30] 训练耗时: 15.17s | 平均训练准确率: 75.09
2025-11-15 16:16:05 - 8_0.01_1 - INFO - ------------local test start-------------
2025-11-15 16:16:05 - 8_0.01_1 - INFO - Evaluate on the client0 local set
2025-11-15 16:16:07 - 8_0.01_1 - INFO - => result | total 399 | correct 310 | acc 77.69% | err 22.31% | macro_f1 86.01%
2025-11-15 16:16:07 - 8_0.01_1 - INFO - Evaluate on the client0 neighbor set
2025-11-15 16:16:17 - 8_0.01_1 - INFO - => result | total 2,066 | correct 1,815 | acc 87.85% | err 12.15% | macro_f1 81.36%
2025-11-15 16:16:17 - 8_0.01_1 - INFO - Evaluate on the client1 local set
2025-11-15 16:16:18 - 8_0.01_1 - INFO - => result | total 176 | correct 160 | acc 90.91% | err 9.09% | macro_f1 91.81%
2025-11-15 16:16:18 - 8_0.01_1 - INFO - Evaluate on the client1 neighbor set
2025-11-15 16:16:29 - 8_0.01_1 - INFO - => result | total 2,289 | correct 1,968 | acc 85.98% | err 14.02% | macro_f1 80.23%
2025-11-15 16:16:29 - 8_0.01_1 - INFO - Evaluate on the client2 local set
2025-11-15 16:16:29 - 8_0.01_1 - INFO - => result | total 154 | correct 110 | acc 71.43% | err 28.57% | macro_f1 74.77%
2025-11-15 16:16:29 - 8_0.01_1 - INFO - Evaluate on the client2 neighbor set
2025-11-15 16:16:40 - 8_0.01_1 - INFO - => result | total 2,311 | correct 2,015 | acc 87.19% | err 12.81% | macro_f1 82.39%
2025-11-15 16:16:40 - 8_0.01_1 - INFO - Evaluate on the client3 local set
2025-11-15 16:16:41 - 8_0.01_1 - INFO - => result | total 162 | correct 133 | acc 82.10% | err 17.90% | macro_f1 84.23%
2025-11-15 16:16:41 - 8_0.01_1 - INFO - Evaluate on the client3 neighbor set
2025-11-15 16:16:52 - 8_0.01_1 - INFO - => result | total 2,303 | correct 1,986 | acc 86.24% | err 13.76% | macro_f1 80.46%
2025-11-15 16:16:52 - 8_0.01_1 - INFO - Evaluate on the client4 local set
2025-11-15 16:16:53 - 8_0.01_1 - INFO - => result | total 221 | correct 176 | acc 79.64% | err 20.36% | macro_f1 76.50%
2025-11-15 16:16:53 - 8_0.01_1 - INFO - Evaluate on the client4 neighbor set
2025-11-15 16:17:04 - 8_0.01_1 - INFO - => result | total 2,244 | correct 1,945 | acc 86.68% | err 13.32% | macro_f1 81.74%
2025-11-15 16:17:04 - 8_0.01_1 - INFO - Evaluate on the client5 local set
2025-11-15 16:17:05 - 8_0.01_1 - INFO - => result | total 157 | correct 144 | acc 91.72% | err 8.28% | macro_f1 95.86%
2025-11-15 16:17:05 - 8_0.01_1 - INFO - Evaluate on the client5 neighbor set
2025-11-15 16:17:16 - 8_0.01_1 - INFO - => result | total 2,308 | correct 1,981 | acc 85.83% | err 14.17% | macro_f1 80.38%
2025-11-15 16:17:16 - 8_0.01_1 - INFO - Evaluate on the client6 local set
2025-11-15 16:17:16 - 8_0.01_1 - INFO - => result | total 171 | correct 137 | acc 80.12% | err 19.88% | macro_f1 82.42%
2025-11-15 16:17:16 - 8_0.01_1 - INFO - Evaluate on the client6 neighbor set
2025-11-15 16:17:27 - 8_0.01_1 - INFO - => result | total 2,294 | correct 1,989 | acc 86.70% | err 13.30% | macro_f1 80.86%
2025-11-15 16:17:27 - 8_0.01_1 - INFO - Evaluate on the client7 local set
2025-11-15 16:17:29 - 8_0.01_1 - INFO - => result | total 404 | correct 371 | acc 91.83% | err 8.17% | macro_f1 84.21%
2025-11-15 16:17:29 - 8_0.01_1 - INFO - Evaluate on the client7 neighbor set
2025-11-15 16:17:39 - 8_0.01_1 - INFO - => result | total 2,061 | correct 1,752 | acc 85.01% | err 14.99% | macro_f1 81.10%
2025-11-15 16:17:39 - 8_0.01_1 - INFO - Evaluate on the client8 local set
2025-11-15 16:17:41 - 8_0.01_1 - INFO - => result | total 415 | correct 384 | acc 92.53% | err 7.47% | macro_f1 84.88%
2025-11-15 16:17:41 - 8_0.01_1 - INFO - Evaluate on the client8 neighbor set
2025-11-15 16:17:51 - 8_0.01_1 - INFO - => result | total 2,050 | correct 1,749 | acc 85.32% | err 14.68% | macro_f1 80.68%
2025-11-15 16:17:51 - 8_0.01_1 - INFO - Evaluate on the client9 local set
2025-11-15 16:17:52 - 8_0.01_1 - INFO - => result | total 206 | correct 195 | acc 94.66% | err 5.34% | macro_f1 95.51%
2025-11-15 16:17:52 - 8_0.01_1 - INFO - Evaluate on the client9 neighbor set
2025-11-15 16:18:04 - 8_0.01_1 - INFO - => result | total 2,259 | correct 1,931 | acc 85.48% | err 14.52% | macro_f1 80.20%
2025-11-15 16:18:04 - 8_0.01_1 - INFO - Global test local acc: 85.26
2025-11-15 16:18:04 - 8_0.01_1 - INFO - Global test neighbor acc: 86.23
2025-11-15 16:18:04 - 8_0.01_1 - INFO - ------------local test finish-------------
2025-11-15 16:18:04 - 8_0.01_1 - INFO - [Epoch 30/30] 测试耗时: 118.30s
2025-11-15 16:18:04 - 8_0.01_1 - INFO - maximum test local acc: 85.263
2025-11-15 16:18:04 - 8_0.01_1 - INFO - mean of local acc: 85.035
2025-11-15 16:18:04 - 8_0.01_1 - INFO - maximum test neighbor acc: 86.241
2025-11-15 16:18:04 - 8_0.01_1 - INFO - mean of neighbor acc: 86.042
