2025-11-15 14:50:09 - 8_0.0_1 - INFO - 日志文件已创建: logs/caltech-101/sepfpl/8_0.0_1_20251115_145009.log
2025-11-15 14:50:09 - 8_0.0_1 - INFO - Loading trainer: DP_FPL
2025-11-15 14:50:09 - 8_0.0_1 - INFO - Loading dataset: Caltech101
2025-11-15 14:50:09 - 8_0.0_1 - INFO - Reading split from /home/liuxin25/dataset/caltech-101/split_zhou_Caltech101.json
2025-11-15 14:50:09 - 8_0.0_1 - INFO - Creating a baseline federated dataset
2025-11-15 14:50:09 - 8_0.0_1 - INFO - class_num 100
2025-11-15 14:50:09 - 8_0.0_1 - INFO - user class dict total [20, 79, 93, 54, 52, 65, 0, 1, 48, 74]
2025-11-15 14:50:09 - 8_0.0_1 - INFO - idx: 0, output_dict_len: 673
2025-11-15 14:50:09 - 8_0.0_1 - INFO - user class dict total [44, 82, 35, 69, 91, 42, 33, 14, 5, 62]
2025-11-15 14:50:09 - 8_0.0_1 - INFO - idx: 1, output_dict_len: 296
2025-11-15 14:50:09 - 8_0.0_1 - INFO - user class dict total [32, 55, 96, 10, 21, 31, 90, 27, 28, 76]
2025-11-15 14:50:09 - 8_0.0_1 - INFO - idx: 2, output_dict_len: 251
2025-11-15 14:50:09 - 8_0.0_1 - INFO - user class dict total [80, 71, 66, 58, 23, 70, 60, 72, 17, 18]
2025-11-15 14:50:09 - 8_0.0_1 - INFO - idx: 3, output_dict_len: 275
2025-11-15 14:50:09 - 8_0.0_1 - INFO - user class dict total [45, 34, 11, 56, 84, 13, 41, 30, 24, 85]
2025-11-15 14:50:09 - 8_0.0_1 - INFO - idx: 4, output_dict_len: 369
2025-11-15 14:50:09 - 8_0.0_1 - INFO - user class dict total [51, 75, 37, 6, 53, 94, 95, 39, 47, 98]
2025-11-15 14:50:09 - 8_0.0_1 - INFO - idx: 5, output_dict_len: 265
2025-11-15 14:50:09 - 8_0.0_1 - INFO - user class dict total [36, 7, 50, 3, 63, 59, 9, 77, 64, 92]
2025-11-15 14:50:09 - 8_0.0_1 - INFO - idx: 6, output_dict_len: 286
2025-11-15 14:50:09 - 8_0.0_1 - INFO - user class dict total [86, 97, 61, 19, 25, 4, 16, 8, 46, 26]
2025-11-15 14:50:09 - 8_0.0_1 - INFO - idx: 7, output_dict_len: 675
2025-11-15 14:50:09 - 8_0.0_1 - INFO - user class dict total [2, 88, 29, 22, 87, 67, 68, 38, 83, 15]
2025-11-15 14:50:09 - 8_0.0_1 - INFO - idx: 8, output_dict_len: 695
2025-11-15 14:50:09 - 8_0.0_1 - INFO - user class dict total [12, 81, 43, 73, 78, 40, 99, 57, 89, 49]
2025-11-15 14:50:09 - 8_0.0_1 - INFO - idx: 9, output_dict_len: 343
2025-11-15 14:50:09 - 8_0.0_1 - INFO - Creating a baseline federated dataset
2025-11-15 14:50:09 - 8_0.0_1 - INFO - class_num 100
2025-11-15 14:50:09 - 8_0.0_1 - INFO - user class dict total [20, 79, 93, 54, 52, 65, 0, 1, 48, 74]
2025-11-15 14:50:09 - 8_0.0_1 - INFO - idx: 0, output_dict_len: 399
2025-11-15 14:50:09 - 8_0.0_1 - INFO - user class dict total [44, 82, 35, 69, 91, 42, 33, 14, 5, 62]
2025-11-15 14:50:09 - 8_0.0_1 - INFO - idx: 1, output_dict_len: 176
2025-11-15 14:50:09 - 8_0.0_1 - INFO - user class dict total [32, 55, 96, 10, 21, 31, 90, 27, 28, 76]
2025-11-15 14:50:09 - 8_0.0_1 - INFO - idx: 2, output_dict_len: 154
2025-11-15 14:50:09 - 8_0.0_1 - INFO - user class dict total [80, 71, 66, 58, 23, 70, 60, 72, 17, 18]
2025-11-15 14:50:09 - 8_0.0_1 - INFO - idx: 3, output_dict_len: 162
2025-11-15 14:50:09 - 8_0.0_1 - INFO - user class dict total [45, 34, 11, 56, 84, 13, 41, 30, 24, 85]
2025-11-15 14:50:09 - 8_0.0_1 - INFO - idx: 4, output_dict_len: 221
2025-11-15 14:50:09 - 8_0.0_1 - INFO - user class dict total [51, 75, 37, 6, 53, 94, 95, 39, 47, 98]
2025-11-15 14:50:09 - 8_0.0_1 - INFO - idx: 5, output_dict_len: 157
2025-11-15 14:50:09 - 8_0.0_1 - INFO - user class dict total [36, 7, 50, 3, 63, 59, 9, 77, 64, 92]
2025-11-15 14:50:09 - 8_0.0_1 - INFO - idx: 6, output_dict_len: 171
2025-11-15 14:50:09 - 8_0.0_1 - INFO - user class dict total [86, 97, 61, 19, 25, 4, 16, 8, 46, 26]
2025-11-15 14:50:09 - 8_0.0_1 - INFO - idx: 7, output_dict_len: 404
2025-11-15 14:50:09 - 8_0.0_1 - INFO - user class dict total [2, 88, 29, 22, 87, 67, 68, 38, 83, 15]
2025-11-15 14:50:09 - 8_0.0_1 - INFO - idx: 8, output_dict_len: 415
2025-11-15 14:50:09 - 8_0.0_1 - INFO - user class dict total [12, 81, 43, 73, 78, 40, 99, 57, 89, 49]
2025-11-15 14:50:09 - 8_0.0_1 - INFO - idx: 9, output_dict_len: 206
2025-11-15 14:50:09 - 8_0.0_1 - INFO - Loading CLIP (backbone: ViT-B/16)
2025-11-15 14:50:11 - 8_0.0_1 - INFO - Building custom CLIP
2025-11-15 14:50:11 - 8_0.0_1 - INFO - Turning off gradients in both the image and the text encoder
2025-11-15 14:50:28 - 8_0.0_1 - INFO - [Epoch 1/30] 训练耗时: 16.97s | 平均训练准确率: 66.56
2025-11-15 14:50:44 - 8_0.0_1 - INFO - [Epoch 2/30] 训练耗时: 15.92s | 平均训练准确率: 80.18
2025-11-15 14:51:00 - 8_0.0_1 - INFO - [Epoch 3/30] 训练耗时: 15.97s | 平均训练准确率: 83.79
2025-11-15 14:51:16 - 8_0.0_1 - INFO - [Epoch 4/30] 训练耗时: 16.13s | 平均训练准确率: 84.33
2025-11-15 14:51:32 - 8_0.0_1 - INFO - [Epoch 5/30] 训练耗时: 16.05s | 平均训练准确率: 85.31
2025-11-15 14:51:48 - 8_0.0_1 - INFO - [Epoch 6/30] 训练耗时: 16.08s | 平均训练准确率: 86.70
2025-11-15 14:52:04 - 8_0.0_1 - INFO - [Epoch 7/30] 训练耗时: 15.83s | 平均训练准确率: 86.79
2025-11-15 14:52:19 - 8_0.0_1 - INFO - [Epoch 8/30] 训练耗时: 15.17s | 平均训练准确率: 88.53
2025-11-15 14:52:34 - 8_0.0_1 - INFO - [Epoch 9/30] 训练耗时: 15.20s | 平均训练准确率: 86.88
2025-11-15 14:52:49 - 8_0.0_1 - INFO - [Epoch 10/30] 训练耗时: 15.12s | 平均训练准确率: 88.21
2025-11-15 14:53:04 - 8_0.0_1 - INFO - [Epoch 11/30] 训练耗时: 14.60s | 平均训练准确率: 88.44
2025-11-15 14:53:18 - 8_0.0_1 - INFO - [Epoch 12/30] 训练耗时: 14.33s | 平均训练准确率: 88.53
2025-11-15 14:53:33 - 8_0.0_1 - INFO - [Epoch 13/30] 训练耗时: 14.33s | 平均训练准确率: 89.02
2025-11-15 14:53:48 - 8_0.0_1 - INFO - [Epoch 14/30] 训练耗时: 15.05s | 平均训练准确率: 89.42
2025-11-15 14:54:03 - 8_0.0_1 - INFO - [Epoch 15/30] 训练耗时: 15.17s | 平均训练准确率: 87.77
2025-11-15 14:54:18 - 8_0.0_1 - INFO - [Epoch 16/30] 训练耗时: 15.13s | 平均训练准确率: 87.50
2025-11-15 14:54:33 - 8_0.0_1 - INFO - [Epoch 17/30] 训练耗时: 15.15s | 平均训练准确率: 87.99
2025-11-15 14:54:48 - 8_0.0_1 - INFO - [Epoch 18/30] 训练耗时: 15.13s | 平均训练准确率: 90.22
2025-11-15 14:55:03 - 8_0.0_1 - INFO - [Epoch 19/30] 训练耗时: 15.19s | 平均训练准确率: 90.94
2025-11-15 14:55:19 - 8_0.0_1 - INFO - [Epoch 20/30] 训练耗时: 15.14s | 平均训练准确率: 90.18
2025-11-15 14:55:34 - 8_0.0_1 - INFO - [Epoch 21/30] 训练耗时: 15.41s | 平均训练准确率: 91.16
2025-11-15 14:55:50 - 8_0.0_1 - INFO - [Epoch 22/30] 训练耗时: 16.18s | 平均训练准确率: 91.21
2025-11-15 14:56:06 - 8_0.0_1 - INFO - [Epoch 23/30] 训练耗时: 15.64s | 平均训练准确率: 91.47
2025-11-15 14:56:22 - 8_0.0_1 - INFO - [Epoch 24/30] 训练耗时: 16.23s | 平均训练准确率: 90.71
2025-11-15 14:56:38 - 8_0.0_1 - INFO - [Epoch 25/30] 训练耗时: 16.27s | 平均训练准确率: 93.21
2025-11-15 14:56:54 - 8_0.0_1 - INFO - [Epoch 26/30] 训练耗时: 16.14s | 平均训练准确率: 91.83
2025-11-15 14:57:11 - 8_0.0_1 - INFO - [Epoch 27/30] 训练耗时: 16.17s | 平均训练准确率: 91.88
2025-11-15 14:57:27 - 8_0.0_1 - INFO - [Epoch 28/30] 训练耗时: 16.17s | 平均训练准确率: 91.25
2025-11-15 14:57:27 - 8_0.0_1 - INFO - ------------local test start-------------
2025-11-15 14:57:27 - 8_0.0_1 - INFO - Evaluate on the client0 local set
2025-11-15 14:57:29 - 8_0.0_1 - INFO - => result | total 399 | correct 363 | acc 90.98% | err 9.02% | macro_f1 89.33%
2025-11-15 14:57:29 - 8_0.0_1 - INFO - Evaluate on the client0 neighbor set
2025-11-15 14:57:41 - 8_0.0_1 - INFO - => result | total 2,066 | correct 1,869 | acc 90.46% | err 9.54% | macro_f1 86.02%
2025-11-15 14:57:41 - 8_0.0_1 - INFO - Evaluate on the client1 local set
2025-11-15 14:57:42 - 8_0.0_1 - INFO - => result | total 176 | correct 172 | acc 97.73% | err 2.27% | macro_f1 98.43%
2025-11-15 14:57:42 - 8_0.0_1 - INFO - Evaluate on the client1 neighbor set
2025-11-15 14:57:54 - 8_0.0_1 - INFO - => result | total 2,289 | correct 2,043 | acc 89.25% | err 10.75% | macro_f1 84.13%
2025-11-15 14:57:54 - 8_0.0_1 - INFO - Evaluate on the client2 local set
2025-11-15 14:57:55 - 8_0.0_1 - INFO - => result | total 154 | correct 134 | acc 87.01% | err 12.99% | macro_f1 88.26%
2025-11-15 14:57:55 - 8_0.0_1 - INFO - Evaluate on the client2 neighbor set
2025-11-15 14:58:08 - 8_0.0_1 - INFO - => result | total 2,311 | correct 2,111 | acc 91.35% | err 8.65% | macro_f1 87.23%
2025-11-15 14:58:08 - 8_0.0_1 - INFO - Evaluate on the client3 local set
2025-11-15 14:58:09 - 8_0.0_1 - INFO - => result | total 162 | correct 155 | acc 95.68% | err 4.32% | macro_f1 95.76%
2025-11-15 14:58:09 - 8_0.0_1 - INFO - Evaluate on the client3 neighbor set
2025-11-15 14:58:22 - 8_0.0_1 - INFO - => result | total 2,303 | correct 2,050 | acc 89.01% | err 10.99% | macro_f1 84.99%
2025-11-15 14:58:22 - 8_0.0_1 - INFO - Evaluate on the client4 local set
2025-11-15 14:58:23 - 8_0.0_1 - INFO - => result | total 221 | correct 197 | acc 89.14% | err 10.86% | macro_f1 88.95%
2025-11-15 14:58:23 - 8_0.0_1 - INFO - Evaluate on the client4 neighbor set
2025-11-15 14:58:35 - 8_0.0_1 - INFO - => result | total 2,244 | correct 2,064 | acc 91.98% | err 8.02% | macro_f1 88.23%
2025-11-15 14:58:35 - 8_0.0_1 - INFO - Evaluate on the client5 local set
2025-11-15 14:58:36 - 8_0.0_1 - INFO - => result | total 157 | correct 150 | acc 95.54% | err 4.46% | macro_f1 97.69%
2025-11-15 14:58:36 - 8_0.0_1 - INFO - Evaluate on the client5 neighbor set
2025-11-15 14:58:49 - 8_0.0_1 - INFO - => result | total 2,308 | correct 2,100 | acc 90.99% | err 9.01% | macro_f1 87.06%
2025-11-15 14:58:49 - 8_0.0_1 - INFO - Evaluate on the client6 local set
2025-11-15 14:58:50 - 8_0.0_1 - INFO - => result | total 171 | correct 163 | acc 95.32% | err 4.68% | macro_f1 97.39%
2025-11-15 14:58:50 - 8_0.0_1 - INFO - Evaluate on the client6 neighbor set
2025-11-15 14:59:02 - 8_0.0_1 - INFO - => result | total 2,294 | correct 2,076 | acc 90.50% | err 9.50% | macro_f1 85.66%
2025-11-15 14:59:02 - 8_0.0_1 - INFO - Evaluate on the client7 local set
2025-11-15 14:59:05 - 8_0.0_1 - INFO - => result | total 404 | correct 367 | acc 90.84% | err 9.16% | macro_f1 85.93%
2025-11-15 14:59:05 - 8_0.0_1 - INFO - Evaluate on the client7 neighbor set
2025-11-15 14:59:16 - 8_0.0_1 - INFO - => result | total 2,061 | correct 1,875 | acc 90.98% | err 9.02% | macro_f1 87.67%
2025-11-15 14:59:16 - 8_0.0_1 - INFO - Evaluate on the client8 local set
2025-11-15 14:59:18 - 8_0.0_1 - INFO - => result | total 415 | correct 389 | acc 93.73% | err 6.27% | macro_f1 89.43%
2025-11-15 14:59:18 - 8_0.0_1 - INFO - Evaluate on the client8 neighbor set
2025-11-15 14:59:28 - 8_0.0_1 - INFO - => result | total 2,050 | correct 1,854 | acc 90.44% | err 9.56% | macro_f1 86.88%
2025-11-15 14:59:28 - 8_0.0_1 - INFO - Evaluate on the client9 local set
2025-11-15 14:59:29 - 8_0.0_1 - INFO - => result | total 206 | correct 204 | acc 99.03% | err 0.97% | macro_f1 99.41%
2025-11-15 14:59:29 - 8_0.0_1 - INFO - Evaluate on the client9 neighbor set
2025-11-15 14:59:39 - 8_0.0_1 - INFO - => result | total 2,259 | correct 2,019 | acc 89.38% | err 10.62% | macro_f1 85.98%
2025-11-15 14:59:39 - 8_0.0_1 - INFO - Global test local acc: 93.50
2025-11-15 14:59:39 - 8_0.0_1 - INFO - Global test neighbor acc: 90.43
2025-11-15 14:59:39 - 8_0.0_1 - INFO - ------------local test finish-------------
2025-11-15 14:59:39 - 8_0.0_1 - INFO - [Epoch 28/30] 测试耗时: 132.57s
2025-11-15 14:59:54 - 8_0.0_1 - INFO - [Epoch 29/30] 训练耗时: 14.91s | 平均训练准确率: 90.09
2025-11-15 14:59:54 - 8_0.0_1 - INFO - ------------local test start-------------
2025-11-15 14:59:54 - 8_0.0_1 - INFO - Evaluate on the client0 local set
2025-11-15 14:59:56 - 8_0.0_1 - INFO - => result | total 399 | correct 356 | acc 89.22% | err 10.78% | macro_f1 87.70%
2025-11-15 14:59:56 - 8_0.0_1 - INFO - Evaluate on the client0 neighbor set
2025-11-15 15:00:07 - 8_0.0_1 - INFO - => result | total 2,066 | correct 1,821 | acc 88.14% | err 11.86% | macro_f1 83.94%
2025-11-15 15:00:07 - 8_0.0_1 - INFO - Evaluate on the client1 local set
2025-11-15 15:00:08 - 8_0.0_1 - INFO - => result | total 176 | correct 173 | acc 98.30% | err 1.70% | macro_f1 98.22%
2025-11-15 15:00:08 - 8_0.0_1 - INFO - Evaluate on the client1 neighbor set
2025-11-15 15:00:20 - 8_0.0_1 - INFO - => result | total 2,289 | correct 2,057 | acc 89.86% | err 10.14% | macro_f1 85.44%
2025-11-15 15:00:20 - 8_0.0_1 - INFO - Evaluate on the client2 local set
2025-11-15 15:00:21 - 8_0.0_1 - INFO - => result | total 154 | correct 142 | acc 92.21% | err 7.79% | macro_f1 90.65%
2025-11-15 15:00:21 - 8_0.0_1 - INFO - Evaluate on the client2 neighbor set
2025-11-15 15:00:34 - 8_0.0_1 - INFO - => result | total 2,311 | correct 1,922 | acc 83.17% | err 16.83% | macro_f1 78.08%
2025-11-15 15:00:34 - 8_0.0_1 - INFO - Evaluate on the client3 local set
2025-11-15 15:00:35 - 8_0.0_1 - INFO - => result | total 162 | correct 154 | acc 95.06% | err 4.94% | macro_f1 95.55%
2025-11-15 15:00:35 - 8_0.0_1 - INFO - Evaluate on the client3 neighbor set
2025-11-15 15:00:47 - 8_0.0_1 - INFO - => result | total 2,303 | correct 2,031 | acc 88.19% | err 11.81% | macro_f1 83.76%
2025-11-15 15:00:47 - 8_0.0_1 - INFO - Evaluate on the client4 local set
2025-11-15 15:00:49 - 8_0.0_1 - INFO - => result | total 221 | correct 212 | acc 95.93% | err 4.07% | macro_f1 96.59%
2025-11-15 15:00:49 - 8_0.0_1 - INFO - Evaluate on the client4 neighbor set
2025-11-15 15:01:01 - 8_0.0_1 - INFO - => result | total 2,244 | correct 1,936 | acc 86.27% | err 13.73% | macro_f1 79.84%
2025-11-15 15:01:01 - 8_0.0_1 - INFO - Evaluate on the client5 local set
2025-11-15 15:01:02 - 8_0.0_1 - INFO - => result | total 157 | correct 150 | acc 95.54% | err 4.46% | macro_f1 97.01%
2025-11-15 15:01:02 - 8_0.0_1 - INFO - Evaluate on the client5 neighbor set
2025-11-15 15:01:14 - 8_0.0_1 - INFO - => result | total 2,308 | correct 2,080 | acc 90.12% | err 9.88% | macro_f1 85.64%
2025-11-15 15:01:14 - 8_0.0_1 - INFO - Evaluate on the client6 local set
2025-11-15 15:01:15 - 8_0.0_1 - INFO - => result | total 171 | correct 168 | acc 98.25% | err 1.75% | macro_f1 98.85%
2025-11-15 15:01:15 - 8_0.0_1 - INFO - Evaluate on the client6 neighbor set
2025-11-15 15:01:28 - 8_0.0_1 - INFO - => result | total 2,294 | correct 2,058 | acc 89.71% | err 10.29% | macro_f1 84.86%
2025-11-15 15:01:28 - 8_0.0_1 - INFO - Evaluate on the client7 local set
2025-11-15 15:01:30 - 8_0.0_1 - INFO - => result | total 404 | correct 368 | acc 91.09% | err 8.91% | macro_f1 83.64%
2025-11-15 15:01:30 - 8_0.0_1 - INFO - Evaluate on the client7 neighbor set
2025-11-15 15:01:42 - 8_0.0_1 - INFO - => result | total 2,061 | correct 1,856 | acc 90.05% | err 9.95% | macro_f1 87.17%
2025-11-15 15:01:42 - 8_0.0_1 - INFO - Evaluate on the client8 local set
2025-11-15 15:01:44 - 8_0.0_1 - INFO - => result | total 415 | correct 375 | acc 90.36% | err 9.64% | macro_f1 85.22%
2025-11-15 15:01:44 - 8_0.0_1 - INFO - Evaluate on the client8 neighbor set
2025-11-15 15:01:55 - 8_0.0_1 - INFO - => result | total 2,050 | correct 1,839 | acc 89.71% | err 10.29% | macro_f1 86.55%
2025-11-15 15:01:55 - 8_0.0_1 - INFO - Evaluate on the client9 local set
2025-11-15 15:01:56 - 8_0.0_1 - INFO - => result | total 206 | correct 206 | acc 100.00% | err 0.00% | macro_f1 100.00%
2025-11-15 15:01:56 - 8_0.0_1 - INFO - Evaluate on the client9 neighbor set
2025-11-15 15:02:09 - 8_0.0_1 - INFO - => result | total 2,259 | correct 1,908 | acc 84.46% | err 15.54% | macro_f1 82.98%
2025-11-15 15:02:09 - 8_0.0_1 - INFO - Global test local acc: 94.60
2025-11-15 15:02:09 - 8_0.0_1 - INFO - Global test neighbor acc: 87.97
2025-11-15 15:02:09 - 8_0.0_1 - INFO - ------------local test finish-------------
2025-11-15 15:02:09 - 8_0.0_1 - INFO - [Epoch 29/30] 测试耗时: 134.27s
2025-11-15 15:02:25 - 8_0.0_1 - INFO - [Epoch 30/30] 训练耗时: 16.04s | 平均训练准确率: 93.30
2025-11-15 15:02:25 - 8_0.0_1 - INFO - ------------local test start-------------
2025-11-15 15:02:25 - 8_0.0_1 - INFO - Evaluate on the client0 local set
2025-11-15 15:02:27 - 8_0.0_1 - INFO - => result | total 399 | correct 359 | acc 89.97% | err 10.03% | macro_f1 88.26%
2025-11-15 15:02:27 - 8_0.0_1 - INFO - Evaluate on the client0 neighbor set
2025-11-15 15:02:38 - 8_0.0_1 - INFO - => result | total 2,066 | correct 1,772 | acc 85.77% | err 14.23% | macro_f1 80.64%
2025-11-15 15:02:38 - 8_0.0_1 - INFO - Evaluate on the client1 local set
2025-11-15 15:02:39 - 8_0.0_1 - INFO - => result | total 176 | correct 173 | acc 98.30% | err 1.70% | macro_f1 98.22%
2025-11-15 15:02:39 - 8_0.0_1 - INFO - Evaluate on the client1 neighbor set
2025-11-15 15:02:51 - 8_0.0_1 - INFO - => result | total 2,289 | correct 2,036 | acc 88.95% | err 11.05% | macro_f1 84.07%
2025-11-15 15:02:51 - 8_0.0_1 - INFO - Evaluate on the client2 local set
2025-11-15 15:02:52 - 8_0.0_1 - INFO - => result | total 154 | correct 145 | acc 94.16% | err 5.84% | macro_f1 93.61%
2025-11-15 15:02:52 - 8_0.0_1 - INFO - Evaluate on the client2 neighbor set
2025-11-15 15:03:05 - 8_0.0_1 - INFO - => result | total 2,311 | correct 1,927 | acc 83.38% | err 16.62% | macro_f1 78.32%
2025-11-15 15:03:05 - 8_0.0_1 - INFO - Evaluate on the client3 local set
2025-11-15 15:03:06 - 8_0.0_1 - INFO - => result | total 162 | correct 156 | acc 96.30% | err 3.70% | macro_f1 96.11%
2025-11-15 15:03:06 - 8_0.0_1 - INFO - Evaluate on the client3 neighbor set
2025-11-15 15:03:18 - 8_0.0_1 - INFO - => result | total 2,303 | correct 1,974 | acc 85.71% | err 14.29% | macro_f1 82.67%
2025-11-15 15:03:18 - 8_0.0_1 - INFO - Evaluate on the client4 local set
2025-11-15 15:03:19 - 8_0.0_1 - INFO - => result | total 221 | correct 211 | acc 95.48% | err 4.52% | macro_f1 96.35%
2025-11-15 15:03:19 - 8_0.0_1 - INFO - Evaluate on the client4 neighbor set
2025-11-15 15:03:29 - 8_0.0_1 - INFO - => result | total 2,244 | correct 1,884 | acc 83.96% | err 16.04% | macro_f1 77.10%
2025-11-15 15:03:29 - 8_0.0_1 - INFO - Evaluate on the client5 local set
2025-11-15 15:03:30 - 8_0.0_1 - INFO - => result | total 157 | correct 150 | acc 95.54% | err 4.46% | macro_f1 96.75%
2025-11-15 15:03:30 - 8_0.0_1 - INFO - Evaluate on the client5 neighbor set
2025-11-15 15:03:41 - 8_0.0_1 - INFO - => result | total 2,308 | correct 2,075 | acc 89.90% | err 10.10% | macro_f1 85.32%
2025-11-15 15:03:41 - 8_0.0_1 - INFO - Evaluate on the client6 local set
2025-11-15 15:03:42 - 8_0.0_1 - INFO - => result | total 171 | correct 167 | acc 97.66% | err 2.34% | macro_f1 98.64%
2025-11-15 15:03:42 - 8_0.0_1 - INFO - Evaluate on the client6 neighbor set
2025-11-15 15:03:53 - 8_0.0_1 - INFO - => result | total 2,294 | correct 2,041 | acc 88.97% | err 11.03% | macro_f1 83.81%
2025-11-15 15:03:53 - 8_0.0_1 - INFO - Evaluate on the client7 local set
2025-11-15 15:03:55 - 8_0.0_1 - INFO - => result | total 404 | correct 368 | acc 91.09% | err 8.91% | macro_f1 83.35%
2025-11-15 15:03:55 - 8_0.0_1 - INFO - Evaluate on the client7 neighbor set
2025-11-15 15:04:06 - 8_0.0_1 - INFO - => result | total 2,061 | correct 1,850 | acc 89.76% | err 10.24% | macro_f1 86.00%
2025-11-15 15:04:06 - 8_0.0_1 - INFO - Evaluate on the client8 local set
2025-11-15 15:04:08 - 8_0.0_1 - INFO - => result | total 415 | correct 373 | acc 89.88% | err 10.12% | macro_f1 84.03%
2025-11-15 15:04:08 - 8_0.0_1 - INFO - Evaluate on the client8 neighbor set
2025-11-15 15:04:18 - 8_0.0_1 - INFO - => result | total 2,050 | correct 1,831 | acc 89.32% | err 10.68% | macro_f1 86.07%
2025-11-15 15:04:18 - 8_0.0_1 - INFO - Evaluate on the client9 local set
2025-11-15 15:04:19 - 8_0.0_1 - INFO - => result | total 206 | correct 205 | acc 99.51% | err 0.49% | macro_f1 99.30%
2025-11-15 15:04:19 - 8_0.0_1 - INFO - Evaluate on the client9 neighbor set
2025-11-15 15:04:30 - 8_0.0_1 - INFO - => result | total 2,259 | correct 1,916 | acc 84.82% | err 15.18% | macro_f1 83.72%
2025-11-15 15:04:30 - 8_0.0_1 - INFO - Global test local acc: 94.79
2025-11-15 15:04:30 - 8_0.0_1 - INFO - Global test neighbor acc: 87.05
2025-11-15 15:04:30 - 8_0.0_1 - INFO - ------------local test finish-------------
2025-11-15 15:04:30 - 8_0.0_1 - INFO - [Epoch 30/30] 测试耗时: 125.05s
2025-11-15 15:04:30 - 8_0.0_1 - INFO - maximum test local acc: 94.788
2025-11-15 15:04:30 - 8_0.0_1 - INFO - mean of local acc: 94.295
2025-11-15 15:04:30 - 8_0.0_1 - INFO - maximum test neighbor acc: 90.433
2025-11-15 15:04:30 - 8_0.0_1 - INFO - mean of neighbor acc: 88.486
