2025-11-17 19:27:06 - 8_0.2_1 - INFO - 日志文件已创建: logs/caltech-101/sepfpl/8_0.2_1_20251117_192706.log
2025-11-17 19:27:06 - 8_0.2_1 - INFO - Loading trainer: DP_FPL
2025-11-17 19:27:06 - 8_0.2_1 - INFO - Loading dataset: Caltech101
2025-11-17 19:27:06 - 8_0.2_1 - INFO - Reading split from /home/liuxin25/dataset/caltech-101/split_zhou_Caltech101.json
2025-11-17 19:27:06 - 8_0.2_1 - INFO - Creating a baseline federated dataset
2025-11-17 19:27:06 - 8_0.2_1 - INFO - class_num 100
2025-11-17 19:27:06 - 8_0.2_1 - INFO - user class dict total [20, 79, 93, 54, 52, 65, 0, 1, 48, 74]
2025-11-17 19:27:06 - 8_0.2_1 - INFO - idx: 0, output_dict_len: 673
2025-11-17 19:27:06 - 8_0.2_1 - INFO - user class dict total [44, 82, 35, 69, 91, 42, 33, 14, 5, 62]
2025-11-17 19:27:06 - 8_0.2_1 - INFO - idx: 1, output_dict_len: 296
2025-11-17 19:27:06 - 8_0.2_1 - INFO - user class dict total [32, 55, 96, 10, 21, 31, 90, 27, 28, 76]
2025-11-17 19:27:06 - 8_0.2_1 - INFO - idx: 2, output_dict_len: 251
2025-11-17 19:27:06 - 8_0.2_1 - INFO - user class dict total [80, 71, 66, 58, 23, 70, 60, 72, 17, 18]
2025-11-17 19:27:06 - 8_0.2_1 - INFO - idx: 3, output_dict_len: 275
2025-11-17 19:27:06 - 8_0.2_1 - INFO - user class dict total [45, 34, 11, 56, 84, 13, 41, 30, 24, 85]
2025-11-17 19:27:06 - 8_0.2_1 - INFO - idx: 4, output_dict_len: 369
2025-11-17 19:27:06 - 8_0.2_1 - INFO - user class dict total [51, 75, 37, 6, 53, 94, 95, 39, 47, 98]
2025-11-17 19:27:06 - 8_0.2_1 - INFO - idx: 5, output_dict_len: 265
2025-11-17 19:27:06 - 8_0.2_1 - INFO - user class dict total [36, 7, 50, 3, 63, 59, 9, 77, 64, 92]
2025-11-17 19:27:06 - 8_0.2_1 - INFO - idx: 6, output_dict_len: 286
2025-11-17 19:27:06 - 8_0.2_1 - INFO - user class dict total [86, 97, 61, 19, 25, 4, 16, 8, 46, 26]
2025-11-17 19:27:06 - 8_0.2_1 - INFO - idx: 7, output_dict_len: 675
2025-11-17 19:27:06 - 8_0.2_1 - INFO - user class dict total [2, 88, 29, 22, 87, 67, 68, 38, 83, 15]
2025-11-17 19:27:06 - 8_0.2_1 - INFO - idx: 8, output_dict_len: 695
2025-11-17 19:27:06 - 8_0.2_1 - INFO - user class dict total [12, 81, 43, 73, 78, 40, 99, 57, 89, 49]
2025-11-17 19:27:06 - 8_0.2_1 - INFO - idx: 9, output_dict_len: 343
2025-11-17 19:27:06 - 8_0.2_1 - INFO - Creating a baseline federated dataset
2025-11-17 19:27:06 - 8_0.2_1 - INFO - class_num 100
2025-11-17 19:27:06 - 8_0.2_1 - INFO - user class dict total [20, 79, 93, 54, 52, 65, 0, 1, 48, 74]
2025-11-17 19:27:06 - 8_0.2_1 - INFO - idx: 0, output_dict_len: 399
2025-11-17 19:27:06 - 8_0.2_1 - INFO - user class dict total [44, 82, 35, 69, 91, 42, 33, 14, 5, 62]
2025-11-17 19:27:06 - 8_0.2_1 - INFO - idx: 1, output_dict_len: 176
2025-11-17 19:27:06 - 8_0.2_1 - INFO - user class dict total [32, 55, 96, 10, 21, 31, 90, 27, 28, 76]
2025-11-17 19:27:06 - 8_0.2_1 - INFO - idx: 2, output_dict_len: 154
2025-11-17 19:27:06 - 8_0.2_1 - INFO - user class dict total [80, 71, 66, 58, 23, 70, 60, 72, 17, 18]
2025-11-17 19:27:06 - 8_0.2_1 - INFO - idx: 3, output_dict_len: 162
2025-11-17 19:27:06 - 8_0.2_1 - INFO - user class dict total [45, 34, 11, 56, 84, 13, 41, 30, 24, 85]
2025-11-17 19:27:06 - 8_0.2_1 - INFO - idx: 4, output_dict_len: 221
2025-11-17 19:27:06 - 8_0.2_1 - INFO - user class dict total [51, 75, 37, 6, 53, 94, 95, 39, 47, 98]
2025-11-17 19:27:06 - 8_0.2_1 - INFO - idx: 5, output_dict_len: 157
2025-11-17 19:27:06 - 8_0.2_1 - INFO - user class dict total [36, 7, 50, 3, 63, 59, 9, 77, 64, 92]
2025-11-17 19:27:06 - 8_0.2_1 - INFO - idx: 6, output_dict_len: 171
2025-11-17 19:27:06 - 8_0.2_1 - INFO - user class dict total [86, 97, 61, 19, 25, 4, 16, 8, 46, 26]
2025-11-17 19:27:06 - 8_0.2_1 - INFO - idx: 7, output_dict_len: 404
2025-11-17 19:27:06 - 8_0.2_1 - INFO - user class dict total [2, 88, 29, 22, 87, 67, 68, 38, 83, 15]
2025-11-17 19:27:06 - 8_0.2_1 - INFO - idx: 8, output_dict_len: 415
2025-11-17 19:27:06 - 8_0.2_1 - INFO - user class dict total [12, 81, 43, 73, 78, 40, 99, 57, 89, 49]
2025-11-17 19:27:06 - 8_0.2_1 - INFO - idx: 9, output_dict_len: 206
2025-11-17 19:27:06 - 8_0.2_1 - INFO - Loading CLIP (backbone: ViT-B/16)
2025-11-17 19:27:08 - 8_0.2_1 - INFO - Building custom CLIP
2025-11-17 19:27:08 - 8_0.2_1 - INFO - Turning off gradients in both the image and the text encoder
2025-11-17 19:27:08 - 8_0.2_1 - INFO - [RDP-sepfpl] 轮次 1: ε=0.000372, std=16.211160
2025-11-17 19:27:33 - 8_0.2_1 - INFO - [Epoch 1/30] 训练耗时: 25.28s | 平均训练准确率: 66.61
2025-11-17 19:27:58 - 8_0.2_1 - INFO - [Epoch 2/30] 训练耗时: 24.14s | 平均训练准确率: 70.18
2025-11-17 19:28:21 - 8_0.2_1 - INFO - [Epoch 3/30] 训练耗时: 23.86s | 平均训练准确率: 74.60
2025-11-17 19:28:45 - 8_0.2_1 - INFO - [Epoch 4/30] 训练耗时: 24.02s | 平均训练准确率: 75.85
2025-11-17 19:29:10 - 8_0.2_1 - INFO - [Epoch 5/30] 训练耗时: 24.10s | 平均训练准确率: 76.70
2025-11-17 19:29:33 - 8_0.2_1 - INFO - [Epoch 6/30] 训练耗时: 23.31s | 平均训练准确率: 76.56
2025-11-17 19:29:57 - 8_0.2_1 - INFO - [Epoch 7/30] 训练耗时: 24.10s | 平均训练准确率: 77.19
2025-11-17 19:30:21 - 8_0.2_1 - INFO - [Epoch 8/30] 训练耗时: 23.99s | 平均训练准确率: 77.23
2025-11-17 19:30:45 - 8_0.2_1 - INFO - [Epoch 9/30] 训练耗时: 23.78s | 平均训练准确率: 78.53
2025-11-17 19:30:45 - 8_0.2_1 - INFO - [RDP-sepfpl] 轮次 10: ε=0.004169, std=4.839651
2025-11-17 19:31:08 - 8_0.2_1 - INFO - [Epoch 10/30] 训练耗时: 23.40s | 平均训练准确率: 80.13
2025-11-17 19:31:32 - 8_0.2_1 - INFO - [Epoch 11/30] 训练耗时: 24.34s | 平均训练准确率: 80.80
2025-11-17 19:31:57 - 8_0.2_1 - INFO - [Epoch 12/30] 训练耗时: 24.03s | 平均训练准确率: 79.29
2025-11-17 19:32:20 - 8_0.2_1 - INFO - [Epoch 13/30] 训练耗时: 23.70s | 平均训练准确率: 77.72
2025-11-17 19:32:44 - 8_0.2_1 - INFO - [Epoch 14/30] 训练耗时: 23.95s | 平均训练准确率: 79.02
2025-11-17 19:33:08 - 8_0.2_1 - INFO - [Epoch 15/30] 训练耗时: 23.71s | 平均训练准确率: 79.51
2025-11-17 19:33:32 - 8_0.2_1 - INFO - [Epoch 16/30] 训练耗时: 23.81s | 平均训练准确率: 80.49
2025-11-17 19:33:56 - 8_0.2_1 - INFO - [Epoch 17/30] 训练耗时: 24.44s | 平均训练准确率: 81.47
2025-11-17 19:34:23 - 8_0.2_1 - INFO - [Epoch 18/30] 训练耗时: 26.59s | 平均训练准确率: 81.47
2025-11-17 19:34:53 - 8_0.2_1 - INFO - [Epoch 19/30] 训练耗时: 30.38s | 平均训练准确率: 81.92
2025-11-17 19:34:53 - 8_0.2_1 - INFO - [RDP-sepfpl] 轮次 20: ε=0.008633, std=3.363360
2025-11-17 19:35:23 - 8_0.2_1 - INFO - [Epoch 20/30] 训练耗时: 29.79s | 平均训练准确率: 79.46
2025-11-17 19:35:53 - 8_0.2_1 - INFO - [Epoch 21/30] 训练耗时: 30.38s | 平均训练准确率: 80.58
2025-11-17 19:36:24 - 8_0.2_1 - INFO - [Epoch 22/30] 训练耗时: 30.96s | 平均训练准确率: 80.71
2025-11-17 19:36:54 - 8_0.2_1 - INFO - [Epoch 23/30] 训练耗时: 30.12s | 平均训练准确率: 80.40
2025-11-17 19:37:21 - 8_0.2_1 - INFO - [Epoch 24/30] 训练耗时: 26.19s | 平均训练准确率: 81.61
2025-11-17 19:37:48 - 8_0.2_1 - INFO - [Epoch 25/30] 训练耗时: 27.70s | 平均训练准确率: 83.04
2025-11-17 19:38:18 - 8_0.2_1 - INFO - [Epoch 26/30] 训练耗时: 30.10s | 平均训练准确率: 81.21
2025-11-17 19:38:50 - 8_0.2_1 - INFO - [Epoch 27/30] 训练耗时: 31.50s | 平均训练准确率: 82.46
2025-11-17 19:39:19 - 8_0.2_1 - INFO - [Epoch 28/30] 训练耗时: 29.64s | 平均训练准确率: 82.41
2025-11-17 19:39:19 - 8_0.2_1 - INFO - ------------local test start-------------
2025-11-17 19:39:19 - 8_0.2_1 - INFO - Evaluate on the client0 local set
2025-11-17 19:39:23 - 8_0.2_1 - INFO - => result | total 399 | correct 353 | acc 88.47% | err 11.53% | macro_f1 87.97%
2025-11-17 19:39:23 - 8_0.2_1 - INFO - Evaluate on the client0 neighbor set
2025-11-17 19:39:41 - 8_0.2_1 - INFO - => result | total 2,066 | correct 1,933 | acc 93.56% | err 6.44% | macro_f1 90.95%
2025-11-17 19:39:41 - 8_0.2_1 - INFO - Evaluate on the client1 local set
2025-11-17 19:39:42 - 8_0.2_1 - INFO - => result | total 176 | correct 160 | acc 90.91% | err 9.09% | macro_f1 93.16%
2025-11-17 19:39:42 - 8_0.2_1 - INFO - Evaluate on the client1 neighbor set
2025-11-17 19:40:01 - 8_0.2_1 - INFO - => result | total 2,289 | correct 2,130 | acc 93.05% | err 6.95% | macro_f1 90.45%
2025-11-17 19:40:01 - 8_0.2_1 - INFO - Evaluate on the client2 local set
2025-11-17 19:40:03 - 8_0.2_1 - INFO - => result | total 154 | correct 130 | acc 84.42% | err 15.58% | macro_f1 88.68%
2025-11-17 19:40:03 - 8_0.2_1 - INFO - Evaluate on the client2 neighbor set
2025-11-17 19:40:23 - 8_0.2_1 - INFO - => result | total 2,311 | correct 2,155 | acc 93.25% | err 6.75% | macro_f1 90.18%
2025-11-17 19:40:23 - 8_0.2_1 - INFO - Evaluate on the client3 local set
2025-11-17 19:40:24 - 8_0.2_1 - INFO - => result | total 162 | correct 144 | acc 88.89% | err 11.11% | macro_f1 91.44%
2025-11-17 19:40:24 - 8_0.2_1 - INFO - Evaluate on the client3 neighbor set
2025-11-17 19:40:43 - 8_0.2_1 - INFO - => result | total 2,303 | correct 2,127 | acc 92.36% | err 7.64% | macro_f1 89.33%
2025-11-17 19:40:43 - 8_0.2_1 - INFO - Evaluate on the client4 local set
2025-11-17 19:40:45 - 8_0.2_1 - INFO - => result | total 221 | correct 211 | acc 95.48% | err 4.52% | macro_f1 96.00%
2025-11-17 19:40:45 - 8_0.2_1 - INFO - Evaluate on the client4 neighbor set
2025-11-17 19:41:04 - 8_0.2_1 - INFO - => result | total 2,244 | correct 2,075 | acc 92.47% | err 7.53% | macro_f1 89.69%
2025-11-17 19:41:04 - 8_0.2_1 - INFO - Evaluate on the client5 local set
2025-11-17 19:41:06 - 8_0.2_1 - INFO - => result | total 157 | correct 149 | acc 94.90% | err 5.10% | macro_f1 97.32%
2025-11-17 19:41:06 - 8_0.2_1 - INFO - Evaluate on the client5 neighbor set
2025-11-17 19:41:30 - 8_0.2_1 - INFO - => result | total 2,308 | correct 2,136 | acc 92.55% | err 7.45% | macro_f1 89.82%
2025-11-17 19:41:30 - 8_0.2_1 - INFO - Evaluate on the client6 local set
2025-11-17 19:41:32 - 8_0.2_1 - INFO - => result | total 171 | correct 155 | acc 90.64% | err 9.36% | macro_f1 95.17%
2025-11-17 19:41:32 - 8_0.2_1 - INFO - Evaluate on the client6 neighbor set
2025-11-17 19:41:56 - 8_0.2_1 - INFO - => result | total 2,294 | correct 2,113 | acc 92.11% | err 7.89% | macro_f1 88.44%
2025-11-17 19:41:56 - 8_0.2_1 - INFO - Evaluate on the client7 local set
2025-11-17 19:42:02 - 8_0.2_1 - INFO - => result | total 404 | correct 396 | acc 98.02% | err 1.98% | macro_f1 97.62%
2025-11-17 19:42:02 - 8_0.2_1 - INFO - Evaluate on the client7 neighbor set
2025-11-17 19:42:23 - 8_0.2_1 - INFO - => result | total 2,061 | correct 1,875 | acc 90.98% | err 9.02% | macro_f1 88.68%
2025-11-17 19:42:23 - 8_0.2_1 - INFO - Evaluate on the client8 local set
2025-11-17 19:42:28 - 8_0.2_1 - INFO - => result | total 415 | correct 388 | acc 93.49% | err 6.51% | macro_f1 88.64%
2025-11-17 19:42:28 - 8_0.2_1 - INFO - Evaluate on the client8 neighbor set
2025-11-17 19:42:50 - 8_0.2_1 - INFO - => result | total 2,050 | correct 1,878 | acc 91.61% | err 8.39% | macro_f1 89.02%
2025-11-17 19:42:50 - 8_0.2_1 - INFO - Evaluate on the client9 local set
2025-11-17 19:42:54 - 8_0.2_1 - INFO - => result | total 206 | correct 199 | acc 96.60% | err 3.40% | macro_f1 97.39%
2025-11-17 19:42:54 - 8_0.2_1 - INFO - Evaluate on the client9 neighbor set
2025-11-17 19:43:21 - 8_0.2_1 - INFO - => result | total 2,259 | correct 2,072 | acc 91.72% | err 8.28% | macro_f1 89.44%
2025-11-17 19:43:21 - 8_0.2_1 - INFO - Global test local acc: 92.18
2025-11-17 19:43:21 - 8_0.2_1 - INFO - Global test neighbor acc: 92.37
2025-11-17 19:43:21 - 8_0.2_1 - INFO - ------------local test finish-------------
2025-11-17 19:43:21 - 8_0.2_1 - INFO - [Epoch 28/30] 测试耗时: 241.06s
2025-11-17 19:43:57 - 8_0.2_1 - INFO - [Epoch 29/30] 训练耗时: 36.78s | 平均训练准确率: 81.65
2025-11-17 19:43:57 - 8_0.2_1 - INFO - ------------local test start-------------
2025-11-17 19:43:57 - 8_0.2_1 - INFO - Evaluate on the client0 local set
2025-11-17 19:44:02 - 8_0.2_1 - INFO - => result | total 399 | correct 349 | acc 87.47% | err 12.53% | macro_f1 87.23%
2025-11-17 19:44:02 - 8_0.2_1 - INFO - Evaluate on the client0 neighbor set
2025-11-17 19:44:25 - 8_0.2_1 - INFO - => result | total 2,066 | correct 1,944 | acc 94.09% | err 5.91% | macro_f1 91.58%
2025-11-17 19:44:25 - 8_0.2_1 - INFO - Evaluate on the client1 local set
2025-11-17 19:44:27 - 8_0.2_1 - INFO - => result | total 176 | correct 159 | acc 90.34% | err 9.66% | macro_f1 92.79%
2025-11-17 19:44:27 - 8_0.2_1 - INFO - Evaluate on the client1 neighbor set
2025-11-17 19:44:44 - 8_0.2_1 - INFO - => result | total 2,289 | correct 2,133 | acc 93.18% | err 6.82% | macro_f1 90.55%
2025-11-17 19:44:44 - 8_0.2_1 - INFO - Evaluate on the client2 local set
2025-11-17 19:44:46 - 8_0.2_1 - INFO - => result | total 154 | correct 130 | acc 84.42% | err 15.58% | macro_f1 88.56%
2025-11-17 19:44:46 - 8_0.2_1 - INFO - Evaluate on the client2 neighbor set
2025-11-17 19:45:05 - 8_0.2_1 - INFO - => result | total 2,311 | correct 2,164 | acc 93.64% | err 6.36% | macro_f1 90.94%
2025-11-17 19:45:05 - 8_0.2_1 - INFO - Evaluate on the client3 local set
2025-11-17 19:45:06 - 8_0.2_1 - INFO - => result | total 162 | correct 151 | acc 93.21% | err 6.79% | macro_f1 94.91%
2025-11-17 19:45:06 - 8_0.2_1 - INFO - Evaluate on the client3 neighbor set
2025-11-17 19:45:27 - 8_0.2_1 - INFO - => result | total 2,303 | correct 2,147 | acc 93.23% | err 6.77% | macro_f1 90.75%
2025-11-17 19:45:27 - 8_0.2_1 - INFO - Evaluate on the client4 local set
2025-11-17 19:45:28 - 8_0.2_1 - INFO - => result | total 221 | correct 208 | acc 94.12% | err 5.88% | macro_f1 94.17%
2025-11-17 19:45:28 - 8_0.2_1 - INFO - Evaluate on the client4 neighbor set
2025-11-17 19:45:49 - 8_0.2_1 - INFO - => result | total 2,244 | correct 2,086 | acc 92.96% | err 7.04% | macro_f1 90.41%
2025-11-17 19:45:49 - 8_0.2_1 - INFO - Evaluate on the client5 local set
2025-11-17 19:45:50 - 8_0.2_1 - INFO - => result | total 157 | correct 150 | acc 95.54% | err 4.46% | macro_f1 97.85%
2025-11-17 19:45:50 - 8_0.2_1 - INFO - Evaluate on the client5 neighbor set
2025-11-17 19:46:11 - 8_0.2_1 - INFO - => result | total 2,308 | correct 2,142 | acc 92.81% | err 7.19% | macro_f1 90.19%
2025-11-17 19:46:11 - 8_0.2_1 - INFO - Evaluate on the client6 local set
2025-11-17 19:46:12 - 8_0.2_1 - INFO - => result | total 171 | correct 155 | acc 90.64% | err 9.36% | macro_f1 95.53%
2025-11-17 19:46:12 - 8_0.2_1 - INFO - Evaluate on the client6 neighbor set
2025-11-17 19:46:34 - 8_0.2_1 - INFO - => result | total 2,294 | correct 2,142 | acc 93.37% | err 6.63% | macro_f1 90.53%
2025-11-17 19:46:34 - 8_0.2_1 - INFO - Evaluate on the client7 local set
2025-11-17 19:46:38 - 8_0.2_1 - INFO - => result | total 404 | correct 397 | acc 98.27% | err 1.73% | macro_f1 97.95%
2025-11-17 19:46:38 - 8_0.2_1 - INFO - Evaluate on the client7 neighbor set
2025-11-17 19:46:57 - 8_0.2_1 - INFO - => result | total 2,061 | correct 1,897 | acc 92.04% | err 7.96% | macro_f1 90.15%
2025-11-17 19:46:57 - 8_0.2_1 - INFO - Evaluate on the client8 local set
2025-11-17 19:47:01 - 8_0.2_1 - INFO - => result | total 415 | correct 404 | acc 97.35% | err 2.65% | macro_f1 96.47%
2025-11-17 19:47:01 - 8_0.2_1 - INFO - Evaluate on the client8 neighbor set
2025-11-17 19:47:20 - 8_0.2_1 - INFO - => result | total 2,050 | correct 1,888 | acc 92.10% | err 7.90% | macro_f1 89.92%
2025-11-17 19:47:20 - 8_0.2_1 - INFO - Evaluate on the client9 local set
2025-11-17 19:47:22 - 8_0.2_1 - INFO - => result | total 206 | correct 199 | acc 96.60% | err 3.40% | macro_f1 97.02%
2025-11-17 19:47:22 - 8_0.2_1 - INFO - Evaluate on the client9 neighbor set
2025-11-17 19:47:44 - 8_0.2_1 - INFO - => result | total 2,259 | correct 2,079 | acc 92.03% | err 7.97% | macro_f1 90.10%
2025-11-17 19:47:44 - 8_0.2_1 - INFO - Global test local acc: 92.80
2025-11-17 19:47:44 - 8_0.2_1 - INFO - Global test neighbor acc: 92.95
2025-11-17 19:47:44 - 8_0.2_1 - INFO - ------------local test finish-------------
2025-11-17 19:47:44 - 8_0.2_1 - INFO - [Epoch 29/30] 测试耗时: 226.23s
2025-11-17 19:47:44 - 8_0.2_1 - INFO - [RDP-sepfpl] 轮次 30: ε=0.013214, std=2.718476
2025-11-17 19:48:09 - 8_0.2_1 - INFO - [Epoch 30/30] 训练耗时: 25.92s | 平均训练准确率: 83.12
2025-11-17 19:48:09 - 8_0.2_1 - INFO - ------------local test start-------------
2025-11-17 19:48:09 - 8_0.2_1 - INFO - Evaluate on the client0 local set
2025-11-17 19:48:13 - 8_0.2_1 - INFO - => result | total 399 | correct 333 | acc 83.46% | err 16.54% | macro_f1 86.80%
2025-11-17 19:48:13 - 8_0.2_1 - INFO - Evaluate on the client0 neighbor set
2025-11-17 19:48:31 - 8_0.2_1 - INFO - => result | total 2,066 | correct 1,924 | acc 93.13% | err 6.87% | macro_f1 90.17%
2025-11-17 19:48:31 - 8_0.2_1 - INFO - Evaluate on the client1 local set
2025-11-17 19:48:32 - 8_0.2_1 - INFO - => result | total 176 | correct 157 | acc 89.20% | err 10.80% | macro_f1 90.28%
2025-11-17 19:48:32 - 8_0.2_1 - INFO - Evaluate on the client1 neighbor set
2025-11-17 19:48:55 - 8_0.2_1 - INFO - => result | total 2,289 | correct 2,090 | acc 91.31% | err 8.69% | macro_f1 88.89%
2025-11-17 19:48:55 - 8_0.2_1 - INFO - Evaluate on the client2 local set
2025-11-17 19:48:56 - 8_0.2_1 - INFO - => result | total 154 | correct 124 | acc 80.52% | err 19.48% | macro_f1 85.46%
2025-11-17 19:48:56 - 8_0.2_1 - INFO - Evaluate on the client2 neighbor set
2025-11-17 19:49:17 - 8_0.2_1 - INFO - => result | total 2,311 | correct 2,122 | acc 91.82% | err 8.18% | macro_f1 88.95%
2025-11-17 19:49:17 - 8_0.2_1 - INFO - Evaluate on the client3 local set
2025-11-17 19:49:18 - 8_0.2_1 - INFO - => result | total 162 | correct 133 | acc 82.10% | err 17.90% | macro_f1 87.21%
2025-11-17 19:49:18 - 8_0.2_1 - INFO - Evaluate on the client3 neighbor set
2025-11-17 19:49:39 - 8_0.2_1 - INFO - => result | total 2,303 | correct 2,098 | acc 91.10% | err 8.90% | macro_f1 87.97%
2025-11-17 19:49:39 - 8_0.2_1 - INFO - Evaluate on the client4 local set
2025-11-17 19:49:41 - 8_0.2_1 - INFO - => result | total 221 | correct 207 | acc 93.67% | err 6.33% | macro_f1 93.93%
2025-11-17 19:49:41 - 8_0.2_1 - INFO - Evaluate on the client4 neighbor set
2025-11-17 19:50:02 - 8_0.2_1 - INFO - => result | total 2,244 | correct 2,044 | acc 91.09% | err 8.91% | macro_f1 88.86%
2025-11-17 19:50:02 - 8_0.2_1 - INFO - Evaluate on the client5 local set
2025-11-17 19:50:03 - 8_0.2_1 - INFO - => result | total 157 | correct 150 | acc 95.54% | err 4.46% | macro_f1 97.73%
2025-11-17 19:50:03 - 8_0.2_1 - INFO - Evaluate on the client5 neighbor set
2025-11-17 19:50:24 - 8_0.2_1 - INFO - => result | total 2,308 | correct 2,101 | acc 91.03% | err 8.97% | macro_f1 88.52%
2025-11-17 19:50:24 - 8_0.2_1 - INFO - Evaluate on the client6 local set
2025-11-17 19:50:26 - 8_0.2_1 - INFO - => result | total 171 | correct 154 | acc 90.06% | err 9.94% | macro_f1 94.70%
2025-11-17 19:50:26 - 8_0.2_1 - INFO - Evaluate on the client6 neighbor set
2025-11-17 19:50:47 - 8_0.2_1 - INFO - => result | total 2,294 | correct 2,092 | acc 91.19% | err 8.81% | macro_f1 87.72%
2025-11-17 19:50:47 - 8_0.2_1 - INFO - Evaluate on the client7 local set
2025-11-17 19:50:51 - 8_0.2_1 - INFO - => result | total 404 | correct 397 | acc 98.27% | err 1.73% | macro_f1 97.79%
2025-11-17 19:50:51 - 8_0.2_1 - INFO - Evaluate on the client7 neighbor set
2025-11-17 19:51:10 - 8_0.2_1 - INFO - => result | total 2,061 | correct 1,861 | acc 90.30% | err 9.70% | macro_f1 88.33%
2025-11-17 19:51:10 - 8_0.2_1 - INFO - Evaluate on the client8 local set
2025-11-17 19:51:13 - 8_0.2_1 - INFO - => result | total 415 | correct 394 | acc 94.94% | err 5.06% | macro_f1 91.91%
2025-11-17 19:51:13 - 8_0.2_1 - INFO - Evaluate on the client8 neighbor set
2025-11-17 19:51:32 - 8_0.2_1 - INFO - => result | total 2,050 | correct 1,868 | acc 91.12% | err 8.88% | macro_f1 88.59%
2025-11-17 19:51:32 - 8_0.2_1 - INFO - Evaluate on the client9 local set
2025-11-17 19:51:34 - 8_0.2_1 - INFO - => result | total 206 | correct 200 | acc 97.09% | err 2.91% | macro_f1 97.68%
2025-11-17 19:51:34 - 8_0.2_1 - INFO - Evaluate on the client9 neighbor set
2025-11-17 19:51:56 - 8_0.2_1 - INFO - => result | total 2,259 | correct 2,066 | acc 91.46% | err 8.54% | macro_f1 88.87%
2025-11-17 19:51:56 - 8_0.2_1 - INFO - Global test local acc: 90.48
2025-11-17 19:51:56 - 8_0.2_1 - INFO - Global test neighbor acc: 91.35
2025-11-17 19:51:56 - 8_0.2_1 - INFO - ------------local test finish-------------
2025-11-17 19:51:56 - 8_0.2_1 - INFO - [Epoch 30/30] 测试耗时: 226.25s
2025-11-17 19:51:56 - 8_0.2_1 - INFO - maximum test local acc: 92.796
2025-11-17 19:51:56 - 8_0.2_1 - INFO - mean of local acc: 91.821
2025-11-17 19:51:56 - 8_0.2_1 - INFO - maximum test neighbor acc: 92.946
2025-11-17 19:51:56 - 8_0.2_1 - INFO - mean of neighbor acc: 92.222
