2025-11-17 19:03:29 - 8_0.0_1 - INFO - 日志文件已创建: logs/caltech-101/sepfpl/8_0.0_1_20251117_190329.log
2025-11-17 19:03:29 - 8_0.0_1 - INFO - Loading trainer: DP_FPL
2025-11-17 19:03:29 - 8_0.0_1 - INFO - Loading dataset: Caltech101
2025-11-17 19:03:29 - 8_0.0_1 - INFO - Reading split from /home/liuxin25/dataset/caltech-101/split_zhou_Caltech101.json
2025-11-17 19:03:29 - 8_0.0_1 - INFO - Creating a baseline federated dataset
2025-11-17 19:03:29 - 8_0.0_1 - INFO - class_num 100
2025-11-17 19:03:29 - 8_0.0_1 - INFO - user class dict total [20, 79, 93, 54, 52, 65, 0, 1, 48, 74]
2025-11-17 19:03:29 - 8_0.0_1 - INFO - idx: 0, output_dict_len: 673
2025-11-17 19:03:29 - 8_0.0_1 - INFO - user class dict total [44, 82, 35, 69, 91, 42, 33, 14, 5, 62]
2025-11-17 19:03:29 - 8_0.0_1 - INFO - idx: 1, output_dict_len: 296
2025-11-17 19:03:29 - 8_0.0_1 - INFO - user class dict total [32, 55, 96, 10, 21, 31, 90, 27, 28, 76]
2025-11-17 19:03:29 - 8_0.0_1 - INFO - idx: 2, output_dict_len: 251
2025-11-17 19:03:29 - 8_0.0_1 - INFO - user class dict total [80, 71, 66, 58, 23, 70, 60, 72, 17, 18]
2025-11-17 19:03:29 - 8_0.0_1 - INFO - idx: 3, output_dict_len: 275
2025-11-17 19:03:29 - 8_0.0_1 - INFO - user class dict total [45, 34, 11, 56, 84, 13, 41, 30, 24, 85]
2025-11-17 19:03:29 - 8_0.0_1 - INFO - idx: 4, output_dict_len: 369
2025-11-17 19:03:29 - 8_0.0_1 - INFO - user class dict total [51, 75, 37, 6, 53, 94, 95, 39, 47, 98]
2025-11-17 19:03:29 - 8_0.0_1 - INFO - idx: 5, output_dict_len: 265
2025-11-17 19:03:29 - 8_0.0_1 - INFO - user class dict total [36, 7, 50, 3, 63, 59, 9, 77, 64, 92]
2025-11-17 19:03:29 - 8_0.0_1 - INFO - idx: 6, output_dict_len: 286
2025-11-17 19:03:29 - 8_0.0_1 - INFO - user class dict total [86, 97, 61, 19, 25, 4, 16, 8, 46, 26]
2025-11-17 19:03:29 - 8_0.0_1 - INFO - idx: 7, output_dict_len: 675
2025-11-17 19:03:29 - 8_0.0_1 - INFO - user class dict total [2, 88, 29, 22, 87, 67, 68, 38, 83, 15]
2025-11-17 19:03:29 - 8_0.0_1 - INFO - idx: 8, output_dict_len: 695
2025-11-17 19:03:29 - 8_0.0_1 - INFO - user class dict total [12, 81, 43, 73, 78, 40, 99, 57, 89, 49]
2025-11-17 19:03:29 - 8_0.0_1 - INFO - idx: 9, output_dict_len: 343
2025-11-17 19:03:29 - 8_0.0_1 - INFO - Creating a baseline federated dataset
2025-11-17 19:03:29 - 8_0.0_1 - INFO - class_num 100
2025-11-17 19:03:29 - 8_0.0_1 - INFO - user class dict total [20, 79, 93, 54, 52, 65, 0, 1, 48, 74]
2025-11-17 19:03:29 - 8_0.0_1 - INFO - idx: 0, output_dict_len: 399
2025-11-17 19:03:29 - 8_0.0_1 - INFO - user class dict total [44, 82, 35, 69, 91, 42, 33, 14, 5, 62]
2025-11-17 19:03:29 - 8_0.0_1 - INFO - idx: 1, output_dict_len: 176
2025-11-17 19:03:29 - 8_0.0_1 - INFO - user class dict total [32, 55, 96, 10, 21, 31, 90, 27, 28, 76]
2025-11-17 19:03:29 - 8_0.0_1 - INFO - idx: 2, output_dict_len: 154
2025-11-17 19:03:29 - 8_0.0_1 - INFO - user class dict total [80, 71, 66, 58, 23, 70, 60, 72, 17, 18]
2025-11-17 19:03:29 - 8_0.0_1 - INFO - idx: 3, output_dict_len: 162
2025-11-17 19:03:29 - 8_0.0_1 - INFO - user class dict total [45, 34, 11, 56, 84, 13, 41, 30, 24, 85]
2025-11-17 19:03:29 - 8_0.0_1 - INFO - idx: 4, output_dict_len: 221
2025-11-17 19:03:29 - 8_0.0_1 - INFO - user class dict total [51, 75, 37, 6, 53, 94, 95, 39, 47, 98]
2025-11-17 19:03:29 - 8_0.0_1 - INFO - idx: 5, output_dict_len: 157
2025-11-17 19:03:29 - 8_0.0_1 - INFO - user class dict total [36, 7, 50, 3, 63, 59, 9, 77, 64, 92]
2025-11-17 19:03:29 - 8_0.0_1 - INFO - idx: 6, output_dict_len: 171
2025-11-17 19:03:29 - 8_0.0_1 - INFO - user class dict total [86, 97, 61, 19, 25, 4, 16, 8, 46, 26]
2025-11-17 19:03:29 - 8_0.0_1 - INFO - idx: 7, output_dict_len: 404
2025-11-17 19:03:29 - 8_0.0_1 - INFO - user class dict total [2, 88, 29, 22, 87, 67, 68, 38, 83, 15]
2025-11-17 19:03:29 - 8_0.0_1 - INFO - idx: 8, output_dict_len: 415
2025-11-17 19:03:29 - 8_0.0_1 - INFO - user class dict total [12, 81, 43, 73, 78, 40, 99, 57, 89, 49]
2025-11-17 19:03:29 - 8_0.0_1 - INFO - idx: 9, output_dict_len: 206
2025-11-17 19:03:29 - 8_0.0_1 - INFO - Loading CLIP (backbone: ViT-B/16)
2025-11-17 19:03:32 - 8_0.0_1 - INFO - Building custom CLIP
2025-11-17 19:03:32 - 8_0.0_1 - INFO - Turning off gradients in both the image and the text encoder
2025-11-17 19:04:00 - 8_0.0_1 - INFO - [Epoch 1/30] 训练耗时: 28.05s | 平均训练准确率: 66.61
2025-11-17 19:04:27 - 8_0.0_1 - INFO - [Epoch 2/30] 训练耗时: 26.45s | 平均训练准确率: 75.45
2025-11-17 19:04:53 - 8_0.0_1 - INFO - [Epoch 3/30] 训练耗时: 26.44s | 平均训练准确率: 82.41
2025-11-17 19:05:19 - 8_0.0_1 - INFO - [Epoch 4/30] 训练耗时: 26.23s | 平均训练准确率: 83.17
2025-11-17 19:05:45 - 8_0.0_1 - INFO - [Epoch 5/30] 训练耗时: 25.73s | 平均训练准确率: 85.18
2025-11-17 19:06:11 - 8_0.0_1 - INFO - [Epoch 6/30] 训练耗时: 25.71s | 平均训练准确率: 85.58
2025-11-17 19:06:38 - 8_0.0_1 - INFO - [Epoch 7/30] 训练耗时: 26.68s | 平均训练准确率: 86.34
2025-11-17 19:07:04 - 8_0.0_1 - INFO - [Epoch 8/30] 训练耗时: 26.86s | 平均训练准确率: 87.50
2025-11-17 19:07:29 - 8_0.0_1 - INFO - [Epoch 9/30] 训练耗时: 25.09s | 平均训练准确率: 85.85
2025-11-17 19:07:56 - 8_0.0_1 - INFO - [Epoch 10/30] 训练耗时: 26.63s | 平均训练准确率: 87.77
2025-11-17 19:08:22 - 8_0.0_1 - INFO - [Epoch 11/30] 训练耗时: 25.76s | 平均训练准确率: 88.30
2025-11-17 19:08:47 - 8_0.0_1 - INFO - [Epoch 12/30] 训练耗时: 25.08s | 平均训练准确率: 88.04
2025-11-17 19:09:13 - 8_0.0_1 - INFO - [Epoch 13/30] 训练耗时: 26.42s | 平均训练准确率: 88.26
2025-11-17 19:09:39 - 8_0.0_1 - INFO - [Epoch 14/30] 训练耗时: 25.45s | 平均训练准确率: 88.21
2025-11-17 19:10:03 - 8_0.0_1 - INFO - [Epoch 15/30] 训练耗时: 24.25s | 平均训练准确率: 87.37
2025-11-17 19:10:28 - 8_0.0_1 - INFO - [Epoch 16/30] 训练耗时: 25.26s | 平均训练准确率: 87.90
2025-11-17 19:10:54 - 8_0.0_1 - INFO - [Epoch 17/30] 训练耗时: 25.45s | 平均训练准确率: 88.48
2025-11-17 19:11:18 - 8_0.0_1 - INFO - [Epoch 18/30] 训练耗时: 24.52s | 平均训练准确率: 90.04
2025-11-17 19:11:43 - 8_0.0_1 - INFO - [Epoch 19/30] 训练耗时: 24.59s | 平均训练准确率: 89.29
2025-11-17 19:12:08 - 8_0.0_1 - INFO - [Epoch 20/30] 训练耗时: 24.87s | 平均训练准确率: 88.97
2025-11-17 19:12:33 - 8_0.0_1 - INFO - [Epoch 21/30] 训练耗时: 25.23s | 平均训练准确率: 90.76
2025-11-17 19:12:58 - 8_0.0_1 - INFO - [Epoch 22/30] 训练耗时: 25.16s | 平均训练准确率: 90.22
2025-11-17 19:13:23 - 8_0.0_1 - INFO - [Epoch 23/30] 训练耗时: 25.29s | 平均训练准确率: 90.76
2025-11-17 19:13:48 - 8_0.0_1 - INFO - [Epoch 24/30] 训练耗时: 24.49s | 平均训练准确率: 90.27
2025-11-17 19:14:14 - 8_0.0_1 - INFO - [Epoch 25/30] 训练耗时: 26.30s | 平均训练准确率: 92.41
2025-11-17 19:14:44 - 8_0.0_1 - INFO - [Epoch 26/30] 训练耗时: 29.70s | 平均训练准确率: 90.80
2025-11-17 19:15:17 - 8_0.0_1 - INFO - [Epoch 27/30] 训练耗时: 32.67s | 平均训练准确率: 90.62
2025-11-17 19:15:48 - 8_0.0_1 - INFO - [Epoch 28/30] 训练耗时: 31.21s | 平均训练准确率: 91.79
2025-11-17 19:15:48 - 8_0.0_1 - INFO - ------------local test start-------------
2025-11-17 19:15:48 - 8_0.0_1 - INFO - Evaluate on the client0 local set
2025-11-17 19:15:52 - 8_0.0_1 - INFO - => result | total 399 | correct 337 | acc 84.46% | err 15.54% | macro_f1 86.11%
2025-11-17 19:15:52 - 8_0.0_1 - INFO - Evaluate on the client0 neighbor set
2025-11-17 19:16:10 - 8_0.0_1 - INFO - => result | total 2,066 | correct 1,865 | acc 90.27% | err 9.73% | macro_f1 85.59%
2025-11-17 19:16:10 - 8_0.0_1 - INFO - Evaluate on the client1 local set
2025-11-17 19:16:12 - 8_0.0_1 - INFO - => result | total 176 | correct 173 | acc 98.30% | err 1.70% | macro_f1 98.20%
2025-11-17 19:16:12 - 8_0.0_1 - INFO - Evaluate on the client1 neighbor set
2025-11-17 19:16:31 - 8_0.0_1 - INFO - => result | total 2,289 | correct 2,024 | acc 88.42% | err 11.58% | macro_f1 84.54%
2025-11-17 19:16:31 - 8_0.0_1 - INFO - Evaluate on the client2 local set
2025-11-17 19:16:32 - 8_0.0_1 - INFO - => result | total 154 | correct 140 | acc 90.91% | err 9.09% | macro_f1 92.19%
2025-11-17 19:16:32 - 8_0.0_1 - INFO - Evaluate on the client2 neighbor set
2025-11-17 19:16:52 - 8_0.0_1 - INFO - => result | total 2,311 | correct 2,070 | acc 89.57% | err 10.43% | macro_f1 86.52%
2025-11-17 19:16:52 - 8_0.0_1 - INFO - Evaluate on the client3 local set
2025-11-17 19:16:53 - 8_0.0_1 - INFO - => result | total 162 | correct 157 | acc 96.91% | err 3.09% | macro_f1 97.04%
2025-11-17 19:16:53 - 8_0.0_1 - INFO - Evaluate on the client3 neighbor set
2025-11-17 19:17:13 - 8_0.0_1 - INFO - => result | total 2,303 | correct 2,085 | acc 90.53% | err 9.47% | macro_f1 87.65%
2025-11-17 19:17:13 - 8_0.0_1 - INFO - Evaluate on the client4 local set
2025-11-17 19:17:14 - 8_0.0_1 - INFO - => result | total 221 | correct 216 | acc 97.74% | err 2.26% | macro_f1 98.36%
2025-11-17 19:17:14 - 8_0.0_1 - INFO - Evaluate on the client4 neighbor set
2025-11-17 19:17:32 - 8_0.0_1 - INFO - => result | total 2,244 | correct 1,995 | acc 88.90% | err 11.10% | macro_f1 84.83%
2025-11-17 19:17:32 - 8_0.0_1 - INFO - Evaluate on the client5 local set
2025-11-17 19:17:33 - 8_0.0_1 - INFO - => result | total 157 | correct 153 | acc 97.45% | err 2.55% | macro_f1 98.47%
2025-11-17 19:17:33 - 8_0.0_1 - INFO - Evaluate on the client5 neighbor set
2025-11-17 19:17:52 - 8_0.0_1 - INFO - => result | total 2,308 | correct 2,049 | acc 88.78% | err 11.22% | macro_f1 84.81%
2025-11-17 19:17:52 - 8_0.0_1 - INFO - Evaluate on the client6 local set
2025-11-17 19:17:54 - 8_0.0_1 - INFO - => result | total 171 | correct 167 | acc 97.66% | err 2.34% | macro_f1 98.96%
2025-11-17 19:17:54 - 8_0.0_1 - INFO - Evaluate on the client6 neighbor set
2025-11-17 19:18:15 - 8_0.0_1 - INFO - => result | total 2,294 | correct 1,996 | acc 87.01% | err 12.99% | macro_f1 84.22%
2025-11-17 19:18:15 - 8_0.0_1 - INFO - Evaluate on the client7 local set
2025-11-17 19:18:20 - 8_0.0_1 - INFO - => result | total 404 | correct 374 | acc 92.57% | err 7.43% | macro_f1 85.13%
2025-11-17 19:18:20 - 8_0.0_1 - INFO - Evaluate on the client7 neighbor set
2025-11-17 19:18:36 - 8_0.0_1 - INFO - => result | total 2,061 | correct 1,801 | acc 87.38% | err 12.62% | macro_f1 85.76%
2025-11-17 19:18:36 - 8_0.0_1 - INFO - Evaluate on the client8 local set
2025-11-17 19:18:39 - 8_0.0_1 - INFO - => result | total 415 | correct 384 | acc 92.53% | err 7.47% | macro_f1 86.01%
2025-11-17 19:18:39 - 8_0.0_1 - INFO - Evaluate on the client8 neighbor set
2025-11-17 19:18:55 - 8_0.0_1 - INFO - => result | total 2,050 | correct 1,744 | acc 85.07% | err 14.93% | macro_f1 82.53%
2025-11-17 19:18:55 - 8_0.0_1 - INFO - Evaluate on the client9 local set
2025-11-17 19:18:57 - 8_0.0_1 - INFO - => result | total 206 | correct 204 | acc 99.03% | err 0.97% | macro_f1 99.28%
2025-11-17 19:18:57 - 8_0.0_1 - INFO - Evaluate on the client9 neighbor set
2025-11-17 19:19:18 - 8_0.0_1 - INFO - => result | total 2,259 | correct 1,912 | acc 84.64% | err 15.36% | macro_f1 81.88%
2025-11-17 19:19:18 - 8_0.0_1 - INFO - Global test local acc: 94.76
2025-11-17 19:19:18 - 8_0.0_1 - INFO - Global test neighbor acc: 88.06
2025-11-17 19:19:18 - 8_0.0_1 - INFO - ------------local test finish-------------
2025-11-17 19:19:18 - 8_0.0_1 - INFO - [Epoch 28/30] 测试耗时: 210.07s
2025-11-17 19:19:49 - 8_0.0_1 - INFO - [Epoch 29/30] 训练耗时: 31.04s | 平均训练准确率: 90.58
2025-11-17 19:19:49 - 8_0.0_1 - INFO - ------------local test start-------------
2025-11-17 19:19:49 - 8_0.0_1 - INFO - Evaluate on the client0 local set
2025-11-17 19:19:54 - 8_0.0_1 - INFO - => result | total 399 | correct 334 | acc 83.71% | err 16.29% | macro_f1 85.24%
2025-11-17 19:19:54 - 8_0.0_1 - INFO - Evaluate on the client0 neighbor set
2025-11-17 19:20:11 - 8_0.0_1 - INFO - => result | total 2,066 | correct 1,840 | acc 89.06% | err 10.94% | macro_f1 84.12%
2025-11-17 19:20:11 - 8_0.0_1 - INFO - Evaluate on the client1 local set
2025-11-17 19:20:13 - 8_0.0_1 - INFO - => result | total 176 | correct 168 | acc 95.45% | err 4.55% | macro_f1 97.36%
2025-11-17 19:20:13 - 8_0.0_1 - INFO - Evaluate on the client1 neighbor set
2025-11-17 19:20:34 - 8_0.0_1 - INFO - => result | total 2,289 | correct 1,933 | acc 84.45% | err 15.55% | macro_f1 81.13%
2025-11-17 19:20:34 - 8_0.0_1 - INFO - Evaluate on the client2 local set
2025-11-17 19:20:35 - 8_0.0_1 - INFO - => result | total 154 | correct 141 | acc 91.56% | err 8.44% | macro_f1 91.73%
2025-11-17 19:20:35 - 8_0.0_1 - INFO - Evaluate on the client2 neighbor set
2025-11-17 19:20:54 - 8_0.0_1 - INFO - => result | total 2,311 | correct 1,930 | acc 83.51% | err 16.49% | macro_f1 82.65%
2025-11-17 19:20:54 - 8_0.0_1 - INFO - Evaluate on the client3 local set
2025-11-17 19:20:55 - 8_0.0_1 - INFO - => result | total 162 | correct 156 | acc 96.30% | err 3.70% | macro_f1 96.69%
2025-11-17 19:20:55 - 8_0.0_1 - INFO - Evaluate on the client3 neighbor set
2025-11-17 19:21:14 - 8_0.0_1 - INFO - => result | total 2,303 | correct 1,957 | acc 84.98% | err 15.02% | macro_f1 83.71%
2025-11-17 19:21:14 - 8_0.0_1 - INFO - Evaluate on the client4 local set
2025-11-17 19:21:16 - 8_0.0_1 - INFO - => result | total 221 | correct 213 | acc 96.38% | err 3.62% | macro_f1 97.03%
2025-11-17 19:21:16 - 8_0.0_1 - INFO - Evaluate on the client4 neighbor set
2025-11-17 19:21:34 - 8_0.0_1 - INFO - => result | total 2,244 | correct 2,010 | acc 89.57% | err 10.43% | macro_f1 86.87%
2025-11-17 19:21:34 - 8_0.0_1 - INFO - Evaluate on the client5 local set
2025-11-17 19:21:35 - 8_0.0_1 - INFO - => result | total 157 | correct 153 | acc 97.45% | err 2.55% | macro_f1 98.47%
2025-11-17 19:21:35 - 8_0.0_1 - INFO - Evaluate on the client5 neighbor set
2025-11-17 19:21:55 - 8_0.0_1 - INFO - => result | total 2,308 | correct 2,064 | acc 89.43% | err 10.57% | macro_f1 86.57%
2025-11-17 19:21:55 - 8_0.0_1 - INFO - Evaluate on the client6 local set
2025-11-17 19:21:56 - 8_0.0_1 - INFO - => result | total 171 | correct 167 | acc 97.66% | err 2.34% | macro_f1 99.01%
2025-11-17 19:21:56 - 8_0.0_1 - INFO - Evaluate on the client6 neighbor set
2025-11-17 19:22:17 - 8_0.0_1 - INFO - => result | total 2,294 | correct 1,907 | acc 83.13% | err 16.87% | macro_f1 80.81%
2025-11-17 19:22:17 - 8_0.0_1 - INFO - Evaluate on the client7 local set
2025-11-17 19:22:21 - 8_0.0_1 - INFO - => result | total 404 | correct 372 | acc 92.08% | err 7.92% | macro_f1 84.34%
2025-11-17 19:22:21 - 8_0.0_1 - INFO - Evaluate on the client7 neighbor set
2025-11-17 19:22:39 - 8_0.0_1 - INFO - => result | total 2,061 | correct 1,707 | acc 82.82% | err 17.18% | macro_f1 81.75%
2025-11-17 19:22:39 - 8_0.0_1 - INFO - Evaluate on the client8 local set
2025-11-17 19:22:42 - 8_0.0_1 - INFO - => result | total 415 | correct 384 | acc 92.53% | err 7.47% | macro_f1 85.76%
2025-11-17 19:22:42 - 8_0.0_1 - INFO - Evaluate on the client8 neighbor set
2025-11-17 19:22:58 - 8_0.0_1 - INFO - => result | total 2,050 | correct 1,683 | acc 82.10% | err 17.90% | macro_f1 79.31%
2025-11-17 19:22:58 - 8_0.0_1 - INFO - Evaluate on the client9 local set
2025-11-17 19:23:00 - 8_0.0_1 - INFO - => result | total 206 | correct 204 | acc 99.03% | err 0.97% | macro_f1 99.11%
2025-11-17 19:23:00 - 8_0.0_1 - INFO - Evaluate on the client9 neighbor set
2025-11-17 19:23:19 - 8_0.0_1 - INFO - => result | total 2,259 | correct 1,873 | acc 82.91% | err 17.09% | macro_f1 79.70%
2025-11-17 19:23:19 - 8_0.0_1 - INFO - Global test local acc: 94.22
2025-11-17 19:23:19 - 8_0.0_1 - INFO - Global test neighbor acc: 85.20
2025-11-17 19:23:19 - 8_0.0_1 - INFO - ------------local test finish-------------
2025-11-17 19:23:19 - 8_0.0_1 - INFO - [Epoch 29/30] 测试耗时: 209.85s
2025-11-17 19:23:50 - 8_0.0_1 - INFO - [Epoch 30/30] 训练耗时: 31.19s | 平均训练准确率: 91.07
2025-11-17 19:23:50 - 8_0.0_1 - INFO - ------------local test start-------------
2025-11-17 19:23:50 - 8_0.0_1 - INFO - Evaluate on the client0 local set
2025-11-17 19:23:53 - 8_0.0_1 - INFO - => result | total 399 | correct 331 | acc 82.96% | err 17.04% | macro_f1 84.33%
2025-11-17 19:23:53 - 8_0.0_1 - INFO - Evaluate on the client0 neighbor set
2025-11-17 19:24:10 - 8_0.0_1 - INFO - => result | total 2,066 | correct 1,894 | acc 91.67% | err 8.33% | macro_f1 87.93%
2025-11-17 19:24:10 - 8_0.0_1 - INFO - Evaluate on the client1 local set
2025-11-17 19:24:11 - 8_0.0_1 - INFO - => result | total 176 | correct 172 | acc 97.73% | err 2.27% | macro_f1 98.43%
2025-11-17 19:24:11 - 8_0.0_1 - INFO - Evaluate on the client1 neighbor set
2025-11-17 19:24:27 - 8_0.0_1 - INFO - => result | total 2,289 | correct 2,070 | acc 90.43% | err 9.57% | macro_f1 87.49%
2025-11-17 19:24:27 - 8_0.0_1 - INFO - Evaluate on the client2 local set
2025-11-17 19:24:28 - 8_0.0_1 - INFO - => result | total 154 | correct 146 | acc 94.81% | err 5.19% | macro_f1 94.93%
2025-11-17 19:24:28 - 8_0.0_1 - INFO - Evaluate on the client2 neighbor set
2025-11-17 19:24:47 - 8_0.0_1 - INFO - => result | total 2,311 | correct 2,003 | acc 86.67% | err 13.33% | macro_f1 85.25%
2025-11-17 19:24:47 - 8_0.0_1 - INFO - Evaluate on the client3 local set
2025-11-17 19:24:48 - 8_0.0_1 - INFO - => result | total 162 | correct 155 | acc 95.68% | err 4.32% | macro_f1 96.30%
2025-11-17 19:24:48 - 8_0.0_1 - INFO - Evaluate on the client3 neighbor set
2025-11-17 19:25:06 - 8_0.0_1 - INFO - => result | total 2,303 | correct 2,062 | acc 89.54% | err 10.46% | macro_f1 87.20%
2025-11-17 19:25:06 - 8_0.0_1 - INFO - Evaluate on the client4 local set
2025-11-17 19:25:07 - 8_0.0_1 - INFO - => result | total 221 | correct 216 | acc 97.74% | err 2.26% | macro_f1 98.36%
2025-11-17 19:25:07 - 8_0.0_1 - INFO - Evaluate on the client4 neighbor set
2025-11-17 19:25:24 - 8_0.0_1 - INFO - => result | total 2,244 | correct 2,013 | acc 89.71% | err 10.29% | macro_f1 86.34%
2025-11-17 19:25:24 - 8_0.0_1 - INFO - Evaluate on the client5 local set
2025-11-17 19:25:26 - 8_0.0_1 - INFO - => result | total 157 | correct 153 | acc 97.45% | err 2.55% | macro_f1 98.47%
2025-11-17 19:25:26 - 8_0.0_1 - INFO - Evaluate on the client5 neighbor set
2025-11-17 19:25:44 - 8_0.0_1 - INFO - => result | total 2,308 | correct 2,049 | acc 88.78% | err 11.22% | macro_f1 85.76%
2025-11-17 19:25:44 - 8_0.0_1 - INFO - Evaluate on the client6 local set
2025-11-17 19:25:45 - 8_0.0_1 - INFO - => result | total 171 | correct 167 | acc 97.66% | err 2.34% | macro_f1 99.00%
2025-11-17 19:25:45 - 8_0.0_1 - INFO - Evaluate on the client6 neighbor set
2025-11-17 19:26:03 - 8_0.0_1 - INFO - => result | total 2,294 | correct 1,986 | acc 86.57% | err 13.43% | macro_f1 83.89%
2025-11-17 19:26:03 - 8_0.0_1 - INFO - Evaluate on the client7 local set
2025-11-17 19:26:06 - 8_0.0_1 - INFO - => result | total 404 | correct 370 | acc 91.58% | err 8.42% | macro_f1 83.85%
2025-11-17 19:26:06 - 8_0.0_1 - INFO - Evaluate on the client7 neighbor set
2025-11-17 19:26:22 - 8_0.0_1 - INFO - => result | total 2,061 | correct 1,796 | acc 87.14% | err 12.86% | macro_f1 84.90%
2025-11-17 19:26:22 - 8_0.0_1 - INFO - Evaluate on the client8 local set
2025-11-17 19:26:25 - 8_0.0_1 - INFO - => result | total 415 | correct 385 | acc 92.77% | err 7.23% | macro_f1 87.05%
2025-11-17 19:26:25 - 8_0.0_1 - INFO - Evaluate on the client8 neighbor set
2025-11-17 19:26:42 - 8_0.0_1 - INFO - => result | total 2,050 | correct 1,735 | acc 84.63% | err 15.37% | macro_f1 81.57%
2025-11-17 19:26:42 - 8_0.0_1 - INFO - Evaluate on the client9 local set
2025-11-17 19:26:43 - 8_0.0_1 - INFO - => result | total 206 | correct 204 | acc 99.03% | err 0.97% | macro_f1 99.11%
2025-11-17 19:26:43 - 8_0.0_1 - INFO - Evaluate on the client9 neighbor set
2025-11-17 19:27:01 - 8_0.0_1 - INFO - => result | total 2,259 | correct 1,882 | acc 83.31% | err 16.69% | macro_f1 80.05%
2025-11-17 19:27:01 - 8_0.0_1 - INFO - Global test local acc: 94.74
2025-11-17 19:27:01 - 8_0.0_1 - INFO - Global test neighbor acc: 87.85
2025-11-17 19:27:01 - 8_0.0_1 - INFO - ------------local test finish-------------
2025-11-17 19:27:01 - 8_0.0_1 - INFO - [Epoch 30/30] 测试耗时: 190.96s
2025-11-17 19:27:01 - 8_0.0_1 - INFO - maximum test local acc: 94.756
2025-11-17 19:27:01 - 8_0.0_1 - INFO - mean of local acc: 94.571
2025-11-17 19:27:01 - 8_0.0_1 - INFO - maximum test neighbor acc: 88.059
2025-11-17 19:27:01 - 8_0.0_1 - INFO - mean of neighbor acc: 87.034
