2025-11-15 12:11:48 - 8_0.1_1 - INFO - 日志文件已创建: logs/caltech-101/sepfpl/8_0.1_1_20251115_121148.log
2025-11-15 12:11:48 - 8_0.1_1 - INFO - Loading trainer: DP_FPL
2025-11-15 12:11:48 - 8_0.1_1 - INFO - Loading dataset: Caltech101
2025-11-15 12:11:48 - 8_0.1_1 - INFO - Reading split from /home/liuxin25/dataset/caltech-101/split_zhou_Caltech101.json
2025-11-15 12:11:48 - 8_0.1_1 - INFO - Creating a baseline federated dataset
2025-11-15 12:11:48 - 8_0.1_1 - INFO - class_num 100
2025-11-15 12:11:48 - 8_0.1_1 - INFO - user class dict total [20, 79, 93, 54, 52, 65, 0, 1, 48, 74]
2025-11-15 12:11:48 - 8_0.1_1 - INFO - idx: 0, output_dict_len: 673
2025-11-15 12:11:48 - 8_0.1_1 - INFO - user class dict total [44, 82, 35, 69, 91, 42, 33, 14, 5, 62]
2025-11-15 12:11:48 - 8_0.1_1 - INFO - idx: 1, output_dict_len: 296
2025-11-15 12:11:48 - 8_0.1_1 - INFO - user class dict total [32, 55, 96, 10, 21, 31, 90, 27, 28, 76]
2025-11-15 12:11:48 - 8_0.1_1 - INFO - idx: 2, output_dict_len: 251
2025-11-15 12:11:48 - 8_0.1_1 - INFO - user class dict total [80, 71, 66, 58, 23, 70, 60, 72, 17, 18]
2025-11-15 12:11:48 - 8_0.1_1 - INFO - idx: 3, output_dict_len: 275
2025-11-15 12:11:48 - 8_0.1_1 - INFO - user class dict total [45, 34, 11, 56, 84, 13, 41, 30, 24, 85]
2025-11-15 12:11:48 - 8_0.1_1 - INFO - idx: 4, output_dict_len: 369
2025-11-15 12:11:48 - 8_0.1_1 - INFO - user class dict total [51, 75, 37, 6, 53, 94, 95, 39, 47, 98]
2025-11-15 12:11:48 - 8_0.1_1 - INFO - idx: 5, output_dict_len: 265
2025-11-15 12:11:48 - 8_0.1_1 - INFO - user class dict total [36, 7, 50, 3, 63, 59, 9, 77, 64, 92]
2025-11-15 12:11:48 - 8_0.1_1 - INFO - idx: 6, output_dict_len: 286
2025-11-15 12:11:48 - 8_0.1_1 - INFO - user class dict total [86, 97, 61, 19, 25, 4, 16, 8, 46, 26]
2025-11-15 12:11:48 - 8_0.1_1 - INFO - idx: 7, output_dict_len: 675
2025-11-15 12:11:48 - 8_0.1_1 - INFO - user class dict total [2, 88, 29, 22, 87, 67, 68, 38, 83, 15]
2025-11-15 12:11:48 - 8_0.1_1 - INFO - idx: 8, output_dict_len: 695
2025-11-15 12:11:48 - 8_0.1_1 - INFO - user class dict total [12, 81, 43, 73, 78, 40, 99, 57, 89, 49]
2025-11-15 12:11:48 - 8_0.1_1 - INFO - idx: 9, output_dict_len: 343
2025-11-15 12:11:48 - 8_0.1_1 - INFO - Creating a baseline federated dataset
2025-11-15 12:11:48 - 8_0.1_1 - INFO - class_num 100
2025-11-15 12:11:48 - 8_0.1_1 - INFO - user class dict total [20, 79, 93, 54, 52, 65, 0, 1, 48, 74]
2025-11-15 12:11:48 - 8_0.1_1 - INFO - idx: 0, output_dict_len: 399
2025-11-15 12:11:48 - 8_0.1_1 - INFO - user class dict total [44, 82, 35, 69, 91, 42, 33, 14, 5, 62]
2025-11-15 12:11:48 - 8_0.1_1 - INFO - idx: 1, output_dict_len: 176
2025-11-15 12:11:48 - 8_0.1_1 - INFO - user class dict total [32, 55, 96, 10, 21, 31, 90, 27, 28, 76]
2025-11-15 12:11:48 - 8_0.1_1 - INFO - idx: 2, output_dict_len: 154
2025-11-15 12:11:48 - 8_0.1_1 - INFO - user class dict total [80, 71, 66, 58, 23, 70, 60, 72, 17, 18]
2025-11-15 12:11:48 - 8_0.1_1 - INFO - idx: 3, output_dict_len: 162
2025-11-15 12:11:48 - 8_0.1_1 - INFO - user class dict total [45, 34, 11, 56, 84, 13, 41, 30, 24, 85]
2025-11-15 12:11:48 - 8_0.1_1 - INFO - idx: 4, output_dict_len: 221
2025-11-15 12:11:48 - 8_0.1_1 - INFO - user class dict total [51, 75, 37, 6, 53, 94, 95, 39, 47, 98]
2025-11-15 12:11:48 - 8_0.1_1 - INFO - idx: 5, output_dict_len: 157
2025-11-15 12:11:48 - 8_0.1_1 - INFO - user class dict total [36, 7, 50, 3, 63, 59, 9, 77, 64, 92]
2025-11-15 12:11:48 - 8_0.1_1 - INFO - idx: 6, output_dict_len: 171
2025-11-15 12:11:48 - 8_0.1_1 - INFO - user class dict total [86, 97, 61, 19, 25, 4, 16, 8, 46, 26]
2025-11-15 12:11:48 - 8_0.1_1 - INFO - idx: 7, output_dict_len: 404
2025-11-15 12:11:48 - 8_0.1_1 - INFO - user class dict total [2, 88, 29, 22, 87, 67, 68, 38, 83, 15]
2025-11-15 12:11:48 - 8_0.1_1 - INFO - idx: 8, output_dict_len: 415
2025-11-15 12:11:48 - 8_0.1_1 - INFO - user class dict total [12, 81, 43, 73, 78, 40, 99, 57, 89, 49]
2025-11-15 12:11:48 - 8_0.1_1 - INFO - idx: 9, output_dict_len: 206
2025-11-15 12:11:48 - 8_0.1_1 - INFO - Loading CLIP (backbone: ViT-B/16)
2025-11-15 12:11:50 - 8_0.1_1 - INFO - Building custom CLIP
2025-11-15 12:11:50 - 8_0.1_1 - INFO - Turning off gradients in both the image and the text encoder
2025-11-15 12:11:50 - 8_0.1_1 - INFO - [RDP-sepfpl] 轮次 1: ε=0.000160, std=24.672267
2025-11-15 12:12:08 - 8_0.1_1 - INFO - [Epoch 1/30] 训练耗时: 17.62s | 平均训练准确率: 62.54
2025-11-15 12:12:24 - 8_0.1_1 - INFO - [Epoch 2/30] 训练耗时: 16.29s | 平均训练准确率: 63.79
2025-11-15 12:12:41 - 8_0.1_1 - INFO - [Epoch 3/30] 训练耗时: 16.31s | 平均训练准确率: 64.55
2025-11-15 12:12:57 - 8_0.1_1 - INFO - [Epoch 4/30] 训练耗时: 16.31s | 平均训练准确率: 71.29
2025-11-15 12:13:13 - 8_0.1_1 - INFO - [Epoch 5/30] 训练耗时: 16.30s | 平均训练准确率: 74.24
2025-11-15 12:13:30 - 8_0.1_1 - INFO - [Epoch 6/30] 训练耗时: 16.39s | 平均训练准确率: 75.40
2025-11-15 12:13:46 - 8_0.1_1 - INFO - [Epoch 7/30] 训练耗时: 15.89s | 平均训练准确率: 77.05
2025-11-15 12:14:00 - 8_0.1_1 - INFO - [Epoch 8/30] 训练耗时: 14.61s | 平均训练准确率: 77.81
2025-11-15 12:14:15 - 8_0.1_1 - INFO - [Epoch 9/30] 训练耗时: 15.29s | 平均训练准确率: 77.14
2025-11-15 12:14:15 - 8_0.1_1 - INFO - [RDP-sepfpl] 轮次 10: ε=0.002020, std=6.953590
2025-11-15 12:14:31 - 8_0.1_1 - INFO - [Epoch 10/30] 训练耗时: 15.85s | 平均训练准确率: 78.12
2025-11-15 12:14:48 - 8_0.1_1 - INFO - [Epoch 11/30] 训练耗时: 16.50s | 平均训练准确率: 78.17
2025-11-15 12:15:04 - 8_0.1_1 - INFO - [Epoch 12/30] 训练耗时: 16.51s | 平均训练准确率: 79.87
2025-11-15 12:15:21 - 8_0.1_1 - INFO - [Epoch 13/30] 训练耗时: 16.49s | 平均训练准确率: 78.26
2025-11-15 12:15:36 - 8_0.1_1 - INFO - [Epoch 14/30] 训练耗时: 15.44s | 平均训练准确率: 79.24
2025-11-15 12:15:52 - 8_0.1_1 - INFO - [Epoch 15/30] 训练耗时: 15.41s | 平均训练准确率: 78.04
2025-11-15 12:16:07 - 8_0.1_1 - INFO - [Epoch 16/30] 训练耗时: 15.39s | 平均训练准确率: 79.02
2025-11-15 12:16:22 - 8_0.1_1 - INFO - [Epoch 17/30] 训练耗时: 15.36s | 平均训练准确率: 80.31
2025-11-15 12:16:38 - 8_0.1_1 - INFO - [Epoch 18/30] 训练耗时: 15.26s | 平均训练准确率: 79.15
2025-11-15 12:16:53 - 8_0.1_1 - INFO - [Epoch 19/30] 训练耗时: 15.16s | 平均训练准确率: 80.54
2025-11-15 12:16:53 - 8_0.1_1 - INFO - [RDP-sepfpl] 轮次 20: ε=0.004329, std=4.749442
2025-11-15 12:17:08 - 8_0.1_1 - INFO - [Epoch 20/30] 训练耗时: 15.26s | 平均训练准确率: 78.39
2025-11-15 12:17:23 - 8_0.1_1 - INFO - [Epoch 21/30] 训练耗时: 15.24s | 平均训练准确率: 78.26
2025-11-15 12:17:39 - 8_0.1_1 - INFO - [Epoch 22/30] 训练耗时: 15.22s | 平均训练准确率: 79.55
2025-11-15 12:17:54 - 8_0.1_1 - INFO - [Epoch 23/30] 训练耗时: 15.30s | 平均训练准确率: 78.53
2025-11-15 12:18:09 - 8_0.1_1 - INFO - [Epoch 24/30] 训练耗时: 15.20s | 平均训练准确率: 79.11
2025-11-15 12:18:24 - 8_0.1_1 - INFO - [Epoch 25/30] 训练耗时: 15.20s | 平均训练准确率: 79.11
2025-11-15 12:18:40 - 8_0.1_1 - INFO - [Epoch 26/30] 训练耗时: 15.32s | 平均训练准确率: 78.44
2025-11-15 12:18:55 - 8_0.1_1 - INFO - [Epoch 27/30] 训练耗时: 15.26s | 平均训练准确率: 78.93
2025-11-15 12:19:10 - 8_0.1_1 - INFO - [Epoch 28/30] 训练耗时: 15.17s | 平均训练准确率: 78.17
2025-11-15 12:19:10 - 8_0.1_1 - INFO - ------------local test start-------------
2025-11-15 12:19:10 - 8_0.1_1 - INFO - Evaluate on the client0 local set
2025-11-15 12:19:12 - 8_0.1_1 - INFO - => result | total 399 | correct 318 | acc 79.70% | err 20.30% | macro_f1 87.90%
2025-11-15 12:19:12 - 8_0.1_1 - INFO - Evaluate on the client0 neighbor set
2025-11-15 12:19:22 - 8_0.1_1 - INFO - => result | total 2,066 | correct 1,890 | acc 91.48% | err 8.52% | macro_f1 86.89%
2025-11-15 12:19:22 - 8_0.1_1 - INFO - Evaluate on the client1 local set
2025-11-15 12:19:23 - 8_0.1_1 - INFO - => result | total 176 | correct 163 | acc 92.61% | err 7.39% | macro_f1 93.62%
2025-11-15 12:19:23 - 8_0.1_1 - INFO - Evaluate on the client1 neighbor set
2025-11-15 12:19:34 - 8_0.1_1 - INFO - => result | total 2,289 | correct 2,042 | acc 89.21% | err 10.79% | macro_f1 85.83%
2025-11-15 12:19:34 - 8_0.1_1 - INFO - Evaluate on the client2 local set
2025-11-15 12:19:35 - 8_0.1_1 - INFO - => result | total 154 | correct 115 | acc 74.68% | err 25.32% | macro_f1 79.91%
2025-11-15 12:19:35 - 8_0.1_1 - INFO - Evaluate on the client2 neighbor set
2025-11-15 12:19:46 - 8_0.1_1 - INFO - => result | total 2,311 | correct 2,089 | acc 90.39% | err 9.61% | macro_f1 87.49%
2025-11-15 12:19:46 - 8_0.1_1 - INFO - Evaluate on the client3 local set
2025-11-15 12:19:47 - 8_0.1_1 - INFO - => result | total 162 | correct 133 | acc 82.10% | err 17.90% | macro_f1 85.11%
2025-11-15 12:19:47 - 8_0.1_1 - INFO - Evaluate on the client3 neighbor set
2025-11-15 12:19:58 - 8_0.1_1 - INFO - => result | total 2,303 | correct 2,060 | acc 89.45% | err 10.55% | macro_f1 86.14%
2025-11-15 12:19:58 - 8_0.1_1 - INFO - Evaluate on the client4 local set
2025-11-15 12:20:00 - 8_0.1_1 - INFO - => result | total 221 | correct 195 | acc 88.24% | err 11.76% | macro_f1 86.14%
2025-11-15 12:20:00 - 8_0.1_1 - INFO - Evaluate on the client4 neighbor set
2025-11-15 12:20:10 - 8_0.1_1 - INFO - => result | total 2,244 | correct 2,003 | acc 89.26% | err 10.74% | macro_f1 85.99%
2025-11-15 12:20:10 - 8_0.1_1 - INFO - Evaluate on the client5 local set
2025-11-15 12:20:11 - 8_0.1_1 - INFO - => result | total 157 | correct 145 | acc 92.36% | err 7.64% | macro_f1 94.47%
2025-11-15 12:20:11 - 8_0.1_1 - INFO - Evaluate on the client5 neighbor set
2025-11-15 12:20:22 - 8_0.1_1 - INFO - => result | total 2,308 | correct 2,066 | acc 89.51% | err 10.49% | macro_f1 86.41%
2025-11-15 12:20:22 - 8_0.1_1 - INFO - Evaluate on the client6 local set
2025-11-15 12:20:23 - 8_0.1_1 - INFO - => result | total 171 | correct 148 | acc 86.55% | err 13.45% | macro_f1 91.14%
2025-11-15 12:20:23 - 8_0.1_1 - INFO - Evaluate on the client6 neighbor set
2025-11-15 12:20:33 - 8_0.1_1 - INFO - => result | total 2,294 | correct 2,057 | acc 89.67% | err 10.33% | macro_f1 86.15%
2025-11-15 12:20:33 - 8_0.1_1 - INFO - Evaluate on the client7 local set
2025-11-15 12:20:35 - 8_0.1_1 - INFO - => result | total 404 | correct 388 | acc 96.04% | err 3.96% | macro_f1 95.03%
2025-11-15 12:20:35 - 8_0.1_1 - INFO - Evaluate on the client7 neighbor set
2025-11-15 12:20:45 - 8_0.1_1 - INFO - => result | total 2,061 | correct 1,816 | acc 88.11% | err 11.89% | macro_f1 85.38%
2025-11-15 12:20:45 - 8_0.1_1 - INFO - Evaluate on the client8 local set
2025-11-15 12:20:47 - 8_0.1_1 - INFO - => result | total 415 | correct 393 | acc 94.70% | err 5.30% | macro_f1 91.57%
2025-11-15 12:20:47 - 8_0.1_1 - INFO - Evaluate on the client8 neighbor set
2025-11-15 12:20:57 - 8_0.1_1 - INFO - => result | total 2,050 | correct 1,810 | acc 88.29% | err 11.71% | macro_f1 85.27%
2025-11-15 12:20:57 - 8_0.1_1 - INFO - Evaluate on the client9 local set
2025-11-15 12:20:58 - 8_0.1_1 - INFO - => result | total 206 | correct 198 | acc 96.12% | err 3.88% | macro_f1 96.51%
2025-11-15 12:20:58 - 8_0.1_1 - INFO - Evaluate on the client9 neighbor set
2025-11-15 12:21:09 - 8_0.1_1 - INFO - => result | total 2,259 | correct 2,005 | acc 88.76% | err 11.24% | macro_f1 86.01%
2025-11-15 12:21:09 - 8_0.1_1 - INFO - Global test local acc: 88.31
2025-11-15 12:21:09 - 8_0.1_1 - INFO - Global test neighbor acc: 89.41
2025-11-15 12:21:09 - 8_0.1_1 - INFO - ------------local test finish-------------
2025-11-15 12:21:09 - 8_0.1_1 - INFO - [Epoch 28/30] 测试耗时: 118.93s
2025-11-15 12:21:24 - 8_0.1_1 - INFO - [Epoch 29/30] 训练耗时: 15.20s | 平均训练准确率: 77.50
2025-11-15 12:21:24 - 8_0.1_1 - INFO - ------------local test start-------------
2025-11-15 12:21:24 - 8_0.1_1 - INFO - Evaluate on the client0 local set
2025-11-15 12:21:26 - 8_0.1_1 - INFO - => result | total 399 | correct 321 | acc 80.45% | err 19.55% | macro_f1 87.38%
2025-11-15 12:21:26 - 8_0.1_1 - INFO - Evaluate on the client0 neighbor set
2025-11-15 12:21:36 - 8_0.1_1 - INFO - => result | total 2,066 | correct 1,886 | acc 91.29% | err 8.71% | macro_f1 87.24%
2025-11-15 12:21:36 - 8_0.1_1 - INFO - Evaluate on the client1 local set
2025-11-15 12:21:37 - 8_0.1_1 - INFO - => result | total 176 | correct 161 | acc 91.48% | err 8.52% | macro_f1 93.01%
2025-11-15 12:21:37 - 8_0.1_1 - INFO - Evaluate on the client1 neighbor set
2025-11-15 12:21:48 - 8_0.1_1 - INFO - => result | total 2,289 | correct 2,041 | acc 89.17% | err 10.83% | macro_f1 85.57%
2025-11-15 12:21:48 - 8_0.1_1 - INFO - Evaluate on the client2 local set
2025-11-15 12:21:48 - 8_0.1_1 - INFO - => result | total 154 | correct 115 | acc 74.68% | err 25.32% | macro_f1 79.91%
2025-11-15 12:21:48 - 8_0.1_1 - INFO - Evaluate on the client2 neighbor set
2025-11-15 12:21:59 - 8_0.1_1 - INFO - => result | total 2,311 | correct 2,080 | acc 90.00% | err 10.00% | macro_f1 86.79%
2025-11-15 12:21:59 - 8_0.1_1 - INFO - Evaluate on the client3 local set
2025-11-15 12:22:00 - 8_0.1_1 - INFO - => result | total 162 | correct 133 | acc 82.10% | err 17.90% | macro_f1 84.50%
2025-11-15 12:22:00 - 8_0.1_1 - INFO - Evaluate on the client3 neighbor set
2025-11-15 12:22:12 - 8_0.1_1 - INFO - => result | total 2,303 | correct 2,062 | acc 89.54% | err 10.46% | macro_f1 86.02%
2025-11-15 12:22:12 - 8_0.1_1 - INFO - Evaluate on the client4 local set
2025-11-15 12:22:13 - 8_0.1_1 - INFO - => result | total 221 | correct 195 | acc 88.24% | err 11.76% | macro_f1 86.14%
2025-11-15 12:22:13 - 8_0.1_1 - INFO - Evaluate on the client4 neighbor set
2025-11-15 12:22:25 - 8_0.1_1 - INFO - => result | total 2,244 | correct 2,002 | acc 89.22% | err 10.78% | macro_f1 86.34%
2025-11-15 12:22:25 - 8_0.1_1 - INFO - Evaluate on the client5 local set
2025-11-15 12:22:26 - 8_0.1_1 - INFO - => result | total 157 | correct 141 | acc 89.81% | err 10.19% | macro_f1 93.42%
2025-11-15 12:22:26 - 8_0.1_1 - INFO - Evaluate on the client5 neighbor set
2025-11-15 12:22:39 - 8_0.1_1 - INFO - => result | total 2,308 | correct 2,054 | acc 88.99% | err 11.01% | macro_f1 85.35%
2025-11-15 12:22:39 - 8_0.1_1 - INFO - Evaluate on the client6 local set
2025-11-15 12:22:40 - 8_0.1_1 - INFO - => result | total 171 | correct 149 | acc 87.13% | err 12.87% | macro_f1 91.37%
2025-11-15 12:22:40 - 8_0.1_1 - INFO - Evaluate on the client6 neighbor set
2025-11-15 12:22:52 - 8_0.1_1 - INFO - => result | total 2,294 | correct 2,045 | acc 89.15% | err 10.85% | macro_f1 85.20%
2025-11-15 12:22:52 - 8_0.1_1 - INFO - Evaluate on the client7 local set
2025-11-15 12:22:55 - 8_0.1_1 - INFO - => result | total 404 | correct 388 | acc 96.04% | err 3.96% | macro_f1 95.03%
2025-11-15 12:22:55 - 8_0.1_1 - INFO - Evaluate on the client7 neighbor set
2025-11-15 12:23:06 - 8_0.1_1 - INFO - => result | total 2,061 | correct 1,810 | acc 87.82% | err 12.18% | macro_f1 84.94%
2025-11-15 12:23:06 - 8_0.1_1 - INFO - Evaluate on the client8 local set
2025-11-15 12:23:08 - 8_0.1_1 - INFO - => result | total 415 | correct 391 | acc 94.22% | err 5.78% | macro_f1 90.31%
2025-11-15 12:23:08 - 8_0.1_1 - INFO - Evaluate on the client8 neighbor set
2025-11-15 12:23:19 - 8_0.1_1 - INFO - => result | total 2,050 | correct 1,805 | acc 88.05% | err 11.95% | macro_f1 84.86%
2025-11-15 12:23:19 - 8_0.1_1 - INFO - Evaluate on the client9 local set
2025-11-15 12:23:21 - 8_0.1_1 - INFO - => result | total 206 | correct 197 | acc 95.63% | err 4.37% | macro_f1 95.83%
2025-11-15 12:23:21 - 8_0.1_1 - INFO - Evaluate on the client9 neighbor set
2025-11-15 12:23:33 - 8_0.1_1 - INFO - => result | total 2,259 | correct 1,997 | acc 88.40% | err 11.60% | macro_f1 85.44%
2025-11-15 12:23:33 - 8_0.1_1 - INFO - Global test local acc: 87.98
2025-11-15 12:23:33 - 8_0.1_1 - INFO - Global test neighbor acc: 89.16
2025-11-15 12:23:33 - 8_0.1_1 - INFO - ------------local test finish-------------
2025-11-15 12:23:33 - 8_0.1_1 - INFO - [Epoch 29/30] 测试耗时: 128.83s
2025-11-15 12:23:33 - 8_0.1_1 - INFO - [RDP-sepfpl] 轮次 30: ε=0.006763, std=3.800077
2025-11-15 12:23:49 - 8_0.1_1 - INFO - [Epoch 30/30] 训练耗时: 16.22s | 平均训练准确率: 79.64
2025-11-15 12:23:49 - 8_0.1_1 - INFO - ------------local test start-------------
2025-11-15 12:23:49 - 8_0.1_1 - INFO - Evaluate on the client0 local set
2025-11-15 12:23:51 - 8_0.1_1 - INFO - => result | total 399 | correct 322 | acc 80.70% | err 19.30% | macro_f1 86.66%
2025-11-15 12:23:51 - 8_0.1_1 - INFO - Evaluate on the client0 neighbor set
2025-11-15 12:24:01 - 8_0.1_1 - INFO - => result | total 2,066 | correct 1,878 | acc 90.90% | err 9.10% | macro_f1 86.33%
2025-11-15 12:24:01 - 8_0.1_1 - INFO - Evaluate on the client1 local set
2025-11-15 12:24:02 - 8_0.1_1 - INFO - => result | total 176 | correct 161 | acc 91.48% | err 8.52% | macro_f1 92.37%
2025-11-15 12:24:02 - 8_0.1_1 - INFO - Evaluate on the client1 neighbor set
2025-11-15 12:24:13 - 8_0.1_1 - INFO - => result | total 2,289 | correct 2,038 | acc 89.03% | err 10.97% | macro_f1 85.21%
2025-11-15 12:24:13 - 8_0.1_1 - INFO - Evaluate on the client2 local set
2025-11-15 12:24:13 - 8_0.1_1 - INFO - => result | total 154 | correct 115 | acc 74.68% | err 25.32% | macro_f1 79.91%
2025-11-15 12:24:13 - 8_0.1_1 - INFO - Evaluate on the client2 neighbor set
2025-11-15 12:24:24 - 8_0.1_1 - INFO - => result | total 2,311 | correct 2,073 | acc 89.70% | err 10.30% | macro_f1 86.02%
2025-11-15 12:24:24 - 8_0.1_1 - INFO - Evaluate on the client3 local set
2025-11-15 12:24:25 - 8_0.1_1 - INFO - => result | total 162 | correct 135 | acc 83.33% | err 16.67% | macro_f1 87.21%
2025-11-15 12:24:25 - 8_0.1_1 - INFO - Evaluate on the client3 neighbor set
2025-11-15 12:24:36 - 8_0.1_1 - INFO - => result | total 2,303 | correct 2,053 | acc 89.14% | err 10.86% | macro_f1 85.05%
2025-11-15 12:24:36 - 8_0.1_1 - INFO - Evaluate on the client4 local set
2025-11-15 12:24:37 - 8_0.1_1 - INFO - => result | total 221 | correct 195 | acc 88.24% | err 11.76% | macro_f1 86.14%
2025-11-15 12:24:37 - 8_0.1_1 - INFO - Evaluate on the client4 neighbor set
2025-11-15 12:24:48 - 8_0.1_1 - INFO - => result | total 2,244 | correct 1,999 | acc 89.08% | err 10.92% | macro_f1 85.86%
2025-11-15 12:24:48 - 8_0.1_1 - INFO - Evaluate on the client5 local set
2025-11-15 12:24:49 - 8_0.1_1 - INFO - => result | total 157 | correct 141 | acc 89.81% | err 10.19% | macro_f1 93.76%
2025-11-15 12:24:49 - 8_0.1_1 - INFO - Evaluate on the client5 neighbor set
2025-11-15 12:24:59 - 8_0.1_1 - INFO - => result | total 2,308 | correct 2,053 | acc 88.95% | err 11.05% | macro_f1 85.04%
2025-11-15 12:24:59 - 8_0.1_1 - INFO - Evaluate on the client6 local set
2025-11-15 12:25:00 - 8_0.1_1 - INFO - => result | total 171 | correct 148 | acc 86.55% | err 13.45% | macro_f1 91.14%
2025-11-15 12:25:00 - 8_0.1_1 - INFO - Evaluate on the client6 neighbor set
2025-11-15 12:25:11 - 8_0.1_1 - INFO - => result | total 2,294 | correct 2,043 | acc 89.06% | err 10.94% | macro_f1 84.94%
2025-11-15 12:25:11 - 8_0.1_1 - INFO - Evaluate on the client7 local set
2025-11-15 12:25:13 - 8_0.1_1 - INFO - => result | total 404 | correct 389 | acc 96.29% | err 3.71% | macro_f1 95.05%
2025-11-15 12:25:13 - 8_0.1_1 - INFO - Evaluate on the client7 neighbor set
2025-11-15 12:25:23 - 8_0.1_1 - INFO - => result | total 2,061 | correct 1,809 | acc 87.77% | err 12.23% | macro_f1 85.04%
2025-11-15 12:25:23 - 8_0.1_1 - INFO - Evaluate on the client8 local set
2025-11-15 12:25:25 - 8_0.1_1 - INFO - => result | total 415 | correct 384 | acc 92.53% | err 7.47% | macro_f1 85.30%
2025-11-15 12:25:25 - 8_0.1_1 - INFO - Evaluate on the client8 neighbor set
2025-11-15 12:25:35 - 8_0.1_1 - INFO - => result | total 2,050 | correct 1,810 | acc 88.29% | err 11.71% | macro_f1 85.48%
2025-11-15 12:25:35 - 8_0.1_1 - INFO - Evaluate on the client9 local set
2025-11-15 12:25:36 - 8_0.1_1 - INFO - => result | total 206 | correct 197 | acc 95.63% | err 4.37% | macro_f1 95.83%
2025-11-15 12:25:36 - 8_0.1_1 - INFO - Evaluate on the client9 neighbor set
2025-11-15 12:25:46 - 8_0.1_1 - INFO - => result | total 2,259 | correct 1,992 | acc 88.18% | err 11.82% | macro_f1 85.10%
2025-11-15 12:25:46 - 8_0.1_1 - INFO - Global test local acc: 87.92
2025-11-15 12:25:46 - 8_0.1_1 - INFO - Global test neighbor acc: 89.01
2025-11-15 12:25:46 - 8_0.1_1 - INFO - ------------local test finish-------------
2025-11-15 12:25:46 - 8_0.1_1 - INFO - [Epoch 30/30] 测试耗时: 117.12s
2025-11-15 12:25:46 - 8_0.1_1 - INFO - maximum test local acc: 88.308
2025-11-15 12:25:46 - 8_0.1_1 - INFO - mean of local acc: 88.069
2025-11-15 12:25:46 - 8_0.1_1 - INFO - maximum test neighbor acc: 89.414
2025-11-15 12:25:46 - 8_0.1_1 - INFO - mean of neighbor acc: 89.196
