2025-11-15 01:14:04 - 8_0.0_1 - INFO - 日志文件已创建: logs/caltech-101/sepfpl/8_0.0_1_20251115_011404.log
2025-11-15 01:14:04 - 8_0.0_1 - INFO - Loading trainer: DP_FPL
2025-11-15 01:14:04 - 8_0.0_1 - INFO - Loading dataset: Caltech101
2025-11-15 01:14:04 - 8_0.0_1 - INFO - Reading split from /home/liuxin25/dataset/caltech-101/split_zhou_Caltech101.json
2025-11-15 01:14:04 - 8_0.0_1 - INFO - Creating a baseline federated dataset
2025-11-15 01:14:04 - 8_0.0_1 - INFO - class_num 100
2025-11-15 01:14:04 - 8_0.0_1 - INFO - user class dict total [20, 79, 93, 54, 52, 65, 0, 1, 48, 74]
2025-11-15 01:14:04 - 8_0.0_1 - INFO - idx: 0, output_dict_len: 673
2025-11-15 01:14:04 - 8_0.0_1 - INFO - user class dict total [44, 82, 35, 69, 91, 42, 33, 14, 5, 62]
2025-11-15 01:14:04 - 8_0.0_1 - INFO - idx: 1, output_dict_len: 296
2025-11-15 01:14:04 - 8_0.0_1 - INFO - user class dict total [32, 55, 96, 10, 21, 31, 90, 27, 28, 76]
2025-11-15 01:14:04 - 8_0.0_1 - INFO - idx: 2, output_dict_len: 251
2025-11-15 01:14:04 - 8_0.0_1 - INFO - user class dict total [80, 71, 66, 58, 23, 70, 60, 72, 17, 18]
2025-11-15 01:14:04 - 8_0.0_1 - INFO - idx: 3, output_dict_len: 275
2025-11-15 01:14:04 - 8_0.0_1 - INFO - user class dict total [45, 34, 11, 56, 84, 13, 41, 30, 24, 85]
2025-11-15 01:14:04 - 8_0.0_1 - INFO - idx: 4, output_dict_len: 369
2025-11-15 01:14:04 - 8_0.0_1 - INFO - user class dict total [51, 75, 37, 6, 53, 94, 95, 39, 47, 98]
2025-11-15 01:14:04 - 8_0.0_1 - INFO - idx: 5, output_dict_len: 265
2025-11-15 01:14:04 - 8_0.0_1 - INFO - user class dict total [36, 7, 50, 3, 63, 59, 9, 77, 64, 92]
2025-11-15 01:14:04 - 8_0.0_1 - INFO - idx: 6, output_dict_len: 286
2025-11-15 01:14:04 - 8_0.0_1 - INFO - user class dict total [86, 97, 61, 19, 25, 4, 16, 8, 46, 26]
2025-11-15 01:14:04 - 8_0.0_1 - INFO - idx: 7, output_dict_len: 675
2025-11-15 01:14:04 - 8_0.0_1 - INFO - user class dict total [2, 88, 29, 22, 87, 67, 68, 38, 83, 15]
2025-11-15 01:14:04 - 8_0.0_1 - INFO - idx: 8, output_dict_len: 695
2025-11-15 01:14:04 - 8_0.0_1 - INFO - user class dict total [12, 81, 43, 73, 78, 40, 99, 57, 89, 49]
2025-11-15 01:14:04 - 8_0.0_1 - INFO - idx: 9, output_dict_len: 343
2025-11-15 01:14:04 - 8_0.0_1 - INFO - Creating a baseline federated dataset
2025-11-15 01:14:04 - 8_0.0_1 - INFO - class_num 100
2025-11-15 01:14:04 - 8_0.0_1 - INFO - user class dict total [20, 79, 93, 54, 52, 65, 0, 1, 48, 74]
2025-11-15 01:14:04 - 8_0.0_1 - INFO - idx: 0, output_dict_len: 399
2025-11-15 01:14:04 - 8_0.0_1 - INFO - user class dict total [44, 82, 35, 69, 91, 42, 33, 14, 5, 62]
2025-11-15 01:14:04 - 8_0.0_1 - INFO - idx: 1, output_dict_len: 176
2025-11-15 01:14:04 - 8_0.0_1 - INFO - user class dict total [32, 55, 96, 10, 21, 31, 90, 27, 28, 76]
2025-11-15 01:14:04 - 8_0.0_1 - INFO - idx: 2, output_dict_len: 154
2025-11-15 01:14:04 - 8_0.0_1 - INFO - user class dict total [80, 71, 66, 58, 23, 70, 60, 72, 17, 18]
2025-11-15 01:14:04 - 8_0.0_1 - INFO - idx: 3, output_dict_len: 162
2025-11-15 01:14:04 - 8_0.0_1 - INFO - user class dict total [45, 34, 11, 56, 84, 13, 41, 30, 24, 85]
2025-11-15 01:14:04 - 8_0.0_1 - INFO - idx: 4, output_dict_len: 221
2025-11-15 01:14:04 - 8_0.0_1 - INFO - user class dict total [51, 75, 37, 6, 53, 94, 95, 39, 47, 98]
2025-11-15 01:14:04 - 8_0.0_1 - INFO - idx: 5, output_dict_len: 157
2025-11-15 01:14:04 - 8_0.0_1 - INFO - user class dict total [36, 7, 50, 3, 63, 59, 9, 77, 64, 92]
2025-11-15 01:14:04 - 8_0.0_1 - INFO - idx: 6, output_dict_len: 171
2025-11-15 01:14:04 - 8_0.0_1 - INFO - user class dict total [86, 97, 61, 19, 25, 4, 16, 8, 46, 26]
2025-11-15 01:14:04 - 8_0.0_1 - INFO - idx: 7, output_dict_len: 404
2025-11-15 01:14:04 - 8_0.0_1 - INFO - user class dict total [2, 88, 29, 22, 87, 67, 68, 38, 83, 15]
2025-11-15 01:14:04 - 8_0.0_1 - INFO - idx: 8, output_dict_len: 415
2025-11-15 01:14:04 - 8_0.0_1 - INFO - user class dict total [12, 81, 43, 73, 78, 40, 99, 57, 89, 49]
2025-11-15 01:14:04 - 8_0.0_1 - INFO - idx: 9, output_dict_len: 206
2025-11-15 01:14:04 - 8_0.0_1 - INFO - Loading CLIP (backbone: ViT-B/16)
2025-11-15 01:14:06 - 8_0.0_1 - INFO - Building custom CLIP
2025-11-15 01:14:06 - 8_0.0_1 - INFO - Turning off gradients in both the image and the text encoder
2025-11-15 01:14:26 - 8_0.0_1 - INFO - [Epoch 1/50] 训练耗时: 18.87s | 平均训练准确率: 62.54
2025-11-15 01:14:42 - 8_0.0_1 - INFO - [Epoch 2/50] 训练耗时: 15.96s | 平均训练准确率: 79.78
2025-11-15 01:14:57 - 8_0.0_1 - INFO - [Epoch 3/50] 训练耗时: 15.76s | 平均训练准确率: 83.75
2025-11-15 01:15:13 - 8_0.0_1 - INFO - [Epoch 4/50] 训练耗时: 15.73s | 平均训练准确率: 83.44
2025-11-15 01:15:29 - 8_0.0_1 - INFO - [Epoch 5/50] 训练耗时: 15.82s | 平均训练准确率: 84.15
2025-11-15 01:15:44 - 8_0.0_1 - INFO - [Epoch 6/50] 训练耗时: 14.99s | 平均训练准确率: 83.79
2025-11-15 01:15:59 - 8_0.0_1 - INFO - [Epoch 7/50] 训练耗时: 15.08s | 平均训练准确率: 84.82
2025-11-15 01:16:14 - 8_0.0_1 - INFO - [Epoch 8/50] 训练耗时: 15.11s | 平均训练准确率: 85.45
2025-11-15 01:16:29 - 8_0.0_1 - INFO - [Epoch 9/50] 训练耗时: 15.02s | 平均训练准确率: 85.40
2025-11-15 01:16:44 - 8_0.0_1 - INFO - [Epoch 10/50] 训练耗时: 15.12s | 平均训练准确率: 86.29
2025-11-15 01:17:00 - 8_0.0_1 - INFO - [Epoch 11/50] 训练耗时: 15.19s | 平均训练准确率: 85.85
2025-11-15 01:17:15 - 8_0.0_1 - INFO - [Epoch 12/50] 训练耗时: 15.13s | 平均训练准确率: 86.70
2025-11-15 01:17:30 - 8_0.0_1 - INFO - [Epoch 13/50] 训练耗时: 15.06s | 平均训练准确率: 85.31
2025-11-15 01:17:45 - 8_0.0_1 - INFO - [Epoch 14/50] 训练耗时: 15.11s | 平均训练准确率: 86.70
2025-11-15 01:18:00 - 8_0.0_1 - INFO - [Epoch 15/50] 训练耗时: 15.15s | 平均训练准确率: 85.85
2025-11-15 01:18:15 - 8_0.0_1 - INFO - [Epoch 16/50] 训练耗时: 15.11s | 平均训练准确率: 85.49
2025-11-15 01:18:30 - 8_0.0_1 - INFO - [Epoch 17/50] 训练耗时: 15.12s | 平均训练准确率: 86.61
2025-11-15 01:18:45 - 8_0.0_1 - INFO - [Epoch 18/50] 训练耗时: 14.87s | 平均训练准确率: 87.77
2025-11-15 01:19:00 - 8_0.0_1 - INFO - [Epoch 19/50] 训练耗时: 14.44s | 平均训练准确率: 88.62
2025-11-15 01:19:14 - 8_0.0_1 - INFO - [Epoch 20/50] 训练耗时: 14.40s | 平均训练准确率: 87.41
2025-11-15 01:19:29 - 8_0.0_1 - INFO - [Epoch 21/50] 训练耗时: 14.60s | 平均训练准确率: 87.90
2025-11-15 01:19:44 - 8_0.0_1 - INFO - [Epoch 22/50] 训练耗时: 15.07s | 平均训练准确率: 88.35
2025-11-15 01:19:59 - 8_0.0_1 - INFO - [Epoch 23/50] 训练耗时: 15.06s | 平均训练准确率: 88.30
2025-11-15 01:20:14 - 8_0.0_1 - INFO - [Epoch 24/50] 训练耗时: 15.05s | 平均训练准确率: 87.41
2025-11-15 01:20:29 - 8_0.0_1 - INFO - [Epoch 25/50] 训练耗时: 14.99s | 平均训练准确率: 89.51
2025-11-15 01:20:44 - 8_0.0_1 - INFO - [Epoch 26/50] 训练耗时: 15.07s | 平均训练准确率: 87.81
2025-11-15 01:20:59 - 8_0.0_1 - INFO - [Epoch 27/50] 训练耗时: 15.10s | 平均训练准确率: 89.38
2025-11-15 01:21:14 - 8_0.0_1 - INFO - [Epoch 28/50] 训练耗时: 15.08s | 平均训练准确率: 88.26
2025-11-15 01:21:29 - 8_0.0_1 - INFO - [Epoch 29/50] 训练耗时: 15.04s | 平均训练准确率: 88.62
2025-11-15 01:21:44 - 8_0.0_1 - INFO - [Epoch 30/50] 训练耗时: 15.13s | 平均训练准确率: 89.06
2025-11-15 01:21:59 - 8_0.0_1 - INFO - [Epoch 31/50] 训练耗时: 15.19s | 平均训练准确率: 89.51
2025-11-15 01:22:14 - 8_0.0_1 - INFO - [Epoch 32/50] 训练耗时: 15.13s | 平均训练准确率: 89.69
2025-11-15 01:22:29 - 8_0.0_1 - INFO - [Epoch 33/50] 训练耗时: 15.08s | 平均训练准确率: 90.31
2025-11-15 01:22:45 - 8_0.0_1 - INFO - [Epoch 34/50] 训练耗时: 15.09s | 平均训练准确率: 89.42
2025-11-15 01:23:00 - 8_0.0_1 - INFO - [Epoch 35/50] 训练耗时: 15.11s | 平均训练准确率: 90.04
2025-11-15 01:23:15 - 8_0.0_1 - INFO - [Epoch 36/50] 训练耗时: 15.10s | 平均训练准确率: 90.54
2025-11-15 01:23:30 - 8_0.0_1 - INFO - [Epoch 37/50] 训练耗时: 15.06s | 平均训练准确率: 89.82
2025-11-15 01:23:45 - 8_0.0_1 - INFO - [Epoch 38/50] 训练耗时: 15.10s | 平均训练准确率: 90.31
2025-11-15 01:24:00 - 8_0.0_1 - INFO - [Epoch 39/50] 训练耗时: 15.15s | 平均训练准确率: 89.87
2025-11-15 01:24:15 - 8_0.0_1 - INFO - [Epoch 40/50] 训练耗时: 15.09s | 平均训练准确率: 91.38
2025-11-15 01:24:30 - 8_0.0_1 - INFO - [Epoch 41/50] 训练耗时: 15.11s | 平均训练准确率: 90.54
2025-11-15 01:24:45 - 8_0.0_1 - INFO - [Epoch 42/50] 训练耗时: 15.06s | 平均训练准确率: 91.25
2025-11-15 01:25:00 - 8_0.0_1 - INFO - [Epoch 43/50] 训练耗时: 15.05s | 平均训练准确率: 91.16
2025-11-15 01:25:15 - 8_0.0_1 - INFO - [Epoch 44/50] 训练耗时: 14.50s | 平均训练准确率: 91.47
2025-11-15 01:25:29 - 8_0.0_1 - INFO - [Epoch 45/50] 训练耗时: 14.26s | 平均训练准确率: 92.59
2025-11-15 01:25:43 - 8_0.0_1 - INFO - [Epoch 46/50] 训练耗时: 14.22s | 平均训练准确率: 92.32
2025-11-15 01:25:43 - 8_0.0_1 - INFO - ------------local test start-------------
2025-11-15 01:25:43 - 8_0.0_1 - INFO - Evaluate on the client0 local set
2025-11-15 01:25:46 - 8_0.0_1 - INFO - => result | total 399 | correct 335 | acc 83.96% | err 16.04% | macro_f1 79.73%
2025-11-15 01:25:46 - 8_0.0_1 - INFO - Evaluate on the client0 neighbor set
2025-11-15 01:25:56 - 8_0.0_1 - INFO - => result | total 2,066 | correct 1,818 | acc 88.00% | err 12.00% | macro_f1 81.49%
2025-11-15 01:25:56 - 8_0.0_1 - INFO - Evaluate on the client1 local set
2025-11-15 01:25:56 - 8_0.0_1 - INFO - => result | total 176 | correct 171 | acc 97.16% | err 2.84% | macro_f1 97.14%
2025-11-15 01:25:56 - 8_0.0_1 - INFO - Evaluate on the client1 neighbor set
2025-11-15 01:26:07 - 8_0.0_1 - INFO - => result | total 2,289 | correct 2,048 | acc 89.47% | err 10.53% | macro_f1 83.85%
2025-11-15 01:26:07 - 8_0.0_1 - INFO - Evaluate on the client2 local set
2025-11-15 01:26:08 - 8_0.0_1 - INFO - => result | total 154 | correct 142 | acc 92.21% | err 7.79% | macro_f1 92.77%
2025-11-15 01:26:08 - 8_0.0_1 - INFO - Evaluate on the client2 neighbor set
2025-11-15 01:26:19 - 8_0.0_1 - INFO - => result | total 2,311 | correct 2,034 | acc 88.01% | err 11.99% | macro_f1 84.37%
2025-11-15 01:26:19 - 8_0.0_1 - INFO - Evaluate on the client3 local set
2025-11-15 01:26:20 - 8_0.0_1 - INFO - => result | total 162 | correct 155 | acc 95.68% | err 4.32% | macro_f1 95.80%
2025-11-15 01:26:20 - 8_0.0_1 - INFO - Evaluate on the client3 neighbor set
2025-11-15 01:26:31 - 8_0.0_1 - INFO - => result | total 2,303 | correct 2,066 | acc 89.71% | err 10.29% | macro_f1 84.87%
2025-11-15 01:26:31 - 8_0.0_1 - INFO - Evaluate on the client4 local set
2025-11-15 01:26:32 - 8_0.0_1 - INFO - => result | total 221 | correct 210 | acc 95.02% | err 4.98% | macro_f1 95.98%
2025-11-15 01:26:32 - 8_0.0_1 - INFO - Evaluate on the client4 neighbor set
2025-11-15 01:26:43 - 8_0.0_1 - INFO - => result | total 2,244 | correct 1,971 | acc 87.83% | err 12.17% | macro_f1 83.58%
2025-11-15 01:26:43 - 8_0.0_1 - INFO - Evaluate on the client5 local set
2025-11-15 01:26:44 - 8_0.0_1 - INFO - => result | total 157 | correct 154 | acc 98.09% | err 1.91% | macro_f1 98.89%
2025-11-15 01:26:44 - 8_0.0_1 - INFO - Evaluate on the client5 neighbor set
2025-11-15 01:26:55 - 8_0.0_1 - INFO - => result | total 2,308 | correct 2,024 | acc 87.69% | err 12.31% | macro_f1 83.29%
2025-11-15 01:26:55 - 8_0.0_1 - INFO - Evaluate on the client6 local set
2025-11-15 01:26:56 - 8_0.0_1 - INFO - => result | total 171 | correct 167 | acc 97.66% | err 2.34% | macro_f1 98.99%
2025-11-15 01:26:56 - 8_0.0_1 - INFO - Evaluate on the client6 neighbor set
2025-11-15 01:27:07 - 8_0.0_1 - INFO - => result | total 2,294 | correct 2,084 | acc 90.85% | err 9.15% | macro_f1 85.59%
2025-11-15 01:27:07 - 8_0.0_1 - INFO - Evaluate on the client7 local set
2025-11-15 01:27:09 - 8_0.0_1 - INFO - => result | total 404 | correct 347 | acc 85.89% | err 14.11% | macro_f1 72.27%
2025-11-15 01:27:09 - 8_0.0_1 - INFO - Evaluate on the client7 neighbor set
2025-11-15 01:27:19 - 8_0.0_1 - INFO - => result | total 2,061 | correct 1,691 | acc 82.05% | err 17.95% | macro_f1 81.38%
2025-11-15 01:27:19 - 8_0.0_1 - INFO - Evaluate on the client8 local set
2025-11-15 01:27:21 - 8_0.0_1 - INFO - => result | total 415 | correct 370 | acc 89.16% | err 10.84% | macro_f1 81.03%
2025-11-15 01:27:21 - 8_0.0_1 - INFO - Evaluate on the client8 neighbor set
2025-11-15 01:27:30 - 8_0.0_1 - INFO - => result | total 2,050 | correct 1,631 | acc 79.56% | err 20.44% | macro_f1 76.99%
2025-11-15 01:27:30 - 8_0.0_1 - INFO - Evaluate on the client9 local set
2025-11-15 01:27:32 - 8_0.0_1 - INFO - => result | total 206 | correct 205 | acc 99.51% | err 0.49% | macro_f1 99.71%
2025-11-15 01:27:32 - 8_0.0_1 - INFO - Evaluate on the client9 neighbor set
2025-11-15 01:27:42 - 8_0.0_1 - INFO - => result | total 2,259 | correct 1,771 | acc 78.40% | err 21.60% | macro_f1 77.05%
2025-11-15 01:27:42 - 8_0.0_1 - INFO - Global test local acc: 93.43
2025-11-15 01:27:42 - 8_0.0_1 - INFO - Global test neighbor acc: 86.16
2025-11-15 01:27:42 - 8_0.0_1 - INFO - ------------local test finish-------------
2025-11-15 01:27:42 - 8_0.0_1 - INFO - [Epoch 46/50] 测试耗时: 118.94s
2025-11-15 01:27:57 - 8_0.0_1 - INFO - [Epoch 47/50] 训练耗时: 15.15s | 平均训练准确率: 90.62
2025-11-15 01:27:57 - 8_0.0_1 - INFO - ------------local test start-------------
2025-11-15 01:27:57 - 8_0.0_1 - INFO - Evaluate on the client0 local set
2025-11-15 01:28:00 - 8_0.0_1 - INFO - => result | total 399 | correct 354 | acc 88.72% | err 11.28% | macro_f1 86.50%
2025-11-15 01:28:00 - 8_0.0_1 - INFO - Evaluate on the client0 neighbor set
2025-11-15 01:28:09 - 8_0.0_1 - INFO - => result | total 2,066 | correct 1,900 | acc 91.97% | err 8.03% | macro_f1 87.54%
2025-11-15 01:28:09 - 8_0.0_1 - INFO - Evaluate on the client1 local set
2025-11-15 01:28:10 - 8_0.0_1 - INFO - => result | total 176 | correct 171 | acc 97.16% | err 2.84% | macro_f1 97.67%
2025-11-15 01:28:10 - 8_0.0_1 - INFO - Evaluate on the client1 neighbor set
2025-11-15 01:28:21 - 8_0.0_1 - INFO - => result | total 2,289 | correct 2,090 | acc 91.31% | err 8.69% | macro_f1 86.34%
2025-11-15 01:28:21 - 8_0.0_1 - INFO - Evaluate on the client2 local set
2025-11-15 01:28:21 - 8_0.0_1 - INFO - => result | total 154 | correct 143 | acc 92.86% | err 7.14% | macro_f1 93.37%
2025-11-15 01:28:21 - 8_0.0_1 - INFO - Evaluate on the client2 neighbor set
2025-11-15 01:28:32 - 8_0.0_1 - INFO - => result | total 2,311 | correct 2,120 | acc 91.74% | err 8.26% | macro_f1 89.55%
2025-11-15 01:28:32 - 8_0.0_1 - INFO - Evaluate on the client3 local set
2025-11-15 01:28:33 - 8_0.0_1 - INFO - => result | total 162 | correct 156 | acc 96.30% | err 3.70% | macro_f1 96.83%
2025-11-15 01:28:33 - 8_0.0_1 - INFO - Evaluate on the client3 neighbor set
2025-11-15 01:28:44 - 8_0.0_1 - INFO - => result | total 2,303 | correct 2,101 | acc 91.23% | err 8.77% | macro_f1 86.83%
2025-11-15 01:28:44 - 8_0.0_1 - INFO - Evaluate on the client4 local set
2025-11-15 01:28:45 - 8_0.0_1 - INFO - => result | total 221 | correct 214 | acc 96.83% | err 3.17% | macro_f1 97.95%
2025-11-15 01:28:45 - 8_0.0_1 - INFO - Evaluate on the client4 neighbor set
2025-11-15 01:28:56 - 8_0.0_1 - INFO - => result | total 2,244 | correct 2,042 | acc 91.00% | err 9.00% | macro_f1 87.91%
2025-11-15 01:28:56 - 8_0.0_1 - INFO - Evaluate on the client5 local set
2025-11-15 01:28:56 - 8_0.0_1 - INFO - => result | total 157 | correct 153 | acc 97.45% | err 2.55% | macro_f1 98.60%
2025-11-15 01:28:56 - 8_0.0_1 - INFO - Evaluate on the client5 neighbor set
2025-11-15 01:29:07 - 8_0.0_1 - INFO - => result | total 2,308 | correct 2,107 | acc 91.29% | err 8.71% | macro_f1 88.13%
2025-11-15 01:29:07 - 8_0.0_1 - INFO - Evaluate on the client6 local set
2025-11-15 01:29:08 - 8_0.0_1 - INFO - => result | total 171 | correct 164 | acc 95.91% | err 4.09% | macro_f1 98.25%
2025-11-15 01:29:08 - 8_0.0_1 - INFO - Evaluate on the client6 neighbor set
2025-11-15 01:29:19 - 8_0.0_1 - INFO - => result | total 2,294 | correct 2,121 | acc 92.46% | err 7.54% | macro_f1 88.67%
2025-11-15 01:29:19 - 8_0.0_1 - INFO - Evaluate on the client7 local set
2025-11-15 01:29:21 - 8_0.0_1 - INFO - => result | total 404 | correct 366 | acc 90.59% | err 9.41% | macro_f1 82.37%
2025-11-15 01:29:21 - 8_0.0_1 - INFO - Evaluate on the client7 neighbor set
2025-11-15 01:29:31 - 8_0.0_1 - INFO - => result | total 2,061 | correct 1,905 | acc 92.43% | err 7.57% | macro_f1 89.93%
2025-11-15 01:29:31 - 8_0.0_1 - INFO - Evaluate on the client8 local set
2025-11-15 01:29:32 - 8_0.0_1 - INFO - => result | total 415 | correct 390 | acc 93.98% | err 6.02% | macro_f1 89.16%
2025-11-15 01:29:32 - 8_0.0_1 - INFO - Evaluate on the client8 neighbor set
2025-11-15 01:29:42 - 8_0.0_1 - INFO - => result | total 2,050 | correct 1,876 | acc 91.51% | err 8.49% | macro_f1 88.96%
2025-11-15 01:29:42 - 8_0.0_1 - INFO - Evaluate on the client9 local set
2025-11-15 01:29:43 - 8_0.0_1 - INFO - => result | total 206 | correct 201 | acc 97.57% | err 2.43% | macro_f1 98.31%
2025-11-15 01:29:43 - 8_0.0_1 - INFO - Evaluate on the client9 neighbor set
2025-11-15 01:29:54 - 8_0.0_1 - INFO - => result | total 2,259 | correct 2,061 | acc 91.24% | err 8.76% | macro_f1 87.92%
2025-11-15 01:29:54 - 8_0.0_1 - INFO - Global test local acc: 94.74
2025-11-15 01:29:54 - 8_0.0_1 - INFO - Global test neighbor acc: 91.62
2025-11-15 01:29:54 - 8_0.0_1 - INFO - ------------local test finish-------------
2025-11-15 01:29:54 - 8_0.0_1 - INFO - [Epoch 47/50] 测试耗时: 116.41s
2025-11-15 01:30:09 - 8_0.0_1 - INFO - [Epoch 48/50] 训练耗时: 15.02s | 平均训练准确率: 88.44
2025-11-15 01:30:09 - 8_0.0_1 - INFO - ------------local test start-------------
2025-11-15 01:30:09 - 8_0.0_1 - INFO - Evaluate on the client0 local set
2025-11-15 01:30:11 - 8_0.0_1 - INFO - => result | total 399 | correct 359 | acc 89.97% | err 10.03% | macro_f1 88.18%
2025-11-15 01:30:11 - 8_0.0_1 - INFO - Evaluate on the client0 neighbor set
2025-11-15 01:30:21 - 8_0.0_1 - INFO - => result | total 2,066 | correct 1,922 | acc 93.03% | err 6.97% | macro_f1 89.48%
2025-11-15 01:30:21 - 8_0.0_1 - INFO - Evaluate on the client1 local set
2025-11-15 01:30:21 - 8_0.0_1 - INFO - => result | total 176 | correct 168 | acc 95.45% | err 4.55% | macro_f1 97.26%
2025-11-15 01:30:21 - 8_0.0_1 - INFO - Evaluate on the client1 neighbor set
2025-11-15 01:30:32 - 8_0.0_1 - INFO - => result | total 2,289 | correct 2,110 | acc 92.18% | err 7.82% | macro_f1 87.76%
2025-11-15 01:30:32 - 8_0.0_1 - INFO - Evaluate on the client2 local set
2025-11-15 01:30:33 - 8_0.0_1 - INFO - => result | total 154 | correct 134 | acc 87.01% | err 12.99% | macro_f1 86.93%
2025-11-15 01:30:33 - 8_0.0_1 - INFO - Evaluate on the client2 neighbor set
2025-11-15 01:30:44 - 8_0.0_1 - INFO - => result | total 2,311 | correct 2,120 | acc 91.74% | err 8.26% | macro_f1 88.31%
2025-11-15 01:30:44 - 8_0.0_1 - INFO - Evaluate on the client3 local set
2025-11-15 01:30:45 - 8_0.0_1 - INFO - => result | total 162 | correct 152 | acc 93.83% | err 6.17% | macro_f1 94.33%
2025-11-15 01:30:45 - 8_0.0_1 - INFO - Evaluate on the client3 neighbor set
2025-11-15 01:30:56 - 8_0.0_1 - INFO - => result | total 2,303 | correct 2,114 | acc 91.79% | err 8.21% | macro_f1 88.01%
2025-11-15 01:30:56 - 8_0.0_1 - INFO - Evaluate on the client4 local set
2025-11-15 01:30:57 - 8_0.0_1 - INFO - => result | total 221 | correct 198 | acc 89.59% | err 10.41% | macro_f1 86.83%
2025-11-15 01:30:57 - 8_0.0_1 - INFO - Evaluate on the client4 neighbor set
2025-11-15 01:31:07 - 8_0.0_1 - INFO - => result | total 2,244 | correct 2,063 | acc 91.93% | err 8.07% | macro_f1 87.91%
2025-11-15 01:31:07 - 8_0.0_1 - INFO - Evaluate on the client5 local set
2025-11-15 01:31:08 - 8_0.0_1 - INFO - => result | total 157 | correct 150 | acc 95.54% | err 4.46% | macro_f1 97.72%
2025-11-15 01:31:08 - 8_0.0_1 - INFO - Evaluate on the client5 neighbor set
2025-11-15 01:31:19 - 8_0.0_1 - INFO - => result | total 2,308 | correct 2,095 | acc 90.77% | err 9.23% | macro_f1 86.12%
2025-11-15 01:31:19 - 8_0.0_1 - INFO - Evaluate on the client6 local set
2025-11-15 01:31:20 - 8_0.0_1 - INFO - => result | total 171 | correct 161 | acc 94.15% | err 5.85% | macro_f1 97.06%
2025-11-15 01:31:20 - 8_0.0_1 - INFO - Evaluate on the client6 neighbor set
2025-11-15 01:31:31 - 8_0.0_1 - INFO - => result | total 2,294 | correct 2,111 | acc 92.02% | err 7.98% | macro_f1 87.47%
2025-11-15 01:31:31 - 8_0.0_1 - INFO - Evaluate on the client7 local set
2025-11-15 01:31:33 - 8_0.0_1 - INFO - => result | total 404 | correct 361 | acc 89.36% | err 10.64% | macro_f1 80.70%
2025-11-15 01:31:33 - 8_0.0_1 - INFO - Evaluate on the client7 neighbor set
2025-11-15 01:31:42 - 8_0.0_1 - INFO - => result | total 2,061 | correct 1,872 | acc 90.83% | err 9.17% | macro_f1 87.38%
2025-11-15 01:31:42 - 8_0.0_1 - INFO - Evaluate on the client8 local set
2025-11-15 01:31:44 - 8_0.0_1 - INFO - => result | total 415 | correct 384 | acc 92.53% | err 7.47% | macro_f1 84.54%
2025-11-15 01:31:44 - 8_0.0_1 - INFO - Evaluate on the client8 neighbor set
2025-11-15 01:31:53 - 8_0.0_1 - INFO - => result | total 2,050 | correct 1,833 | acc 89.41% | err 10.59% | macro_f1 85.88%
2025-11-15 01:31:53 - 8_0.0_1 - INFO - Evaluate on the client9 local set
2025-11-15 01:31:54 - 8_0.0_1 - INFO - => result | total 206 | correct 206 | acc 100.00% | err 0.00% | macro_f1 100.00%
2025-11-15 01:31:54 - 8_0.0_1 - INFO - Evaluate on the client9 neighbor set
2025-11-15 01:32:05 - 8_0.0_1 - INFO - => result | total 2,259 | correct 2,010 | acc 88.98% | err 11.02% | macro_f1 85.79%
2025-11-15 01:32:05 - 8_0.0_1 - INFO - Global test local acc: 92.74
2025-11-15 01:32:05 - 8_0.0_1 - INFO - Global test neighbor acc: 91.27
2025-11-15 01:32:05 - 8_0.0_1 - INFO - ------------local test finish-------------
2025-11-15 01:32:05 - 8_0.0_1 - INFO - [Epoch 48/50] 测试耗时: 115.86s
2025-11-15 01:32:20 - 8_0.0_1 - INFO - [Epoch 49/50] 训练耗时: 15.08s | 平均训练准确率: 89.06
2025-11-15 01:32:20 - 8_0.0_1 - INFO - ------------local test start-------------
2025-11-15 01:32:20 - 8_0.0_1 - INFO - Evaluate on the client0 local set
2025-11-15 01:32:22 - 8_0.0_1 - INFO - => result | total 399 | correct 355 | acc 88.97% | err 11.03% | macro_f1 86.71%
2025-11-15 01:32:22 - 8_0.0_1 - INFO - Evaluate on the client0 neighbor set
2025-11-15 01:32:32 - 8_0.0_1 - INFO - => result | total 2,066 | correct 1,924 | acc 93.13% | err 6.87% | macro_f1 89.80%
2025-11-15 01:32:32 - 8_0.0_1 - INFO - Evaluate on the client1 local set
2025-11-15 01:32:32 - 8_0.0_1 - INFO - => result | total 176 | correct 171 | acc 97.16% | err 2.84% | macro_f1 97.91%
2025-11-15 01:32:32 - 8_0.0_1 - INFO - Evaluate on the client1 neighbor set
2025-11-15 01:32:43 - 8_0.0_1 - INFO - => result | total 2,289 | correct 2,118 | acc 92.53% | err 7.47% | macro_f1 88.95%
2025-11-15 01:32:43 - 8_0.0_1 - INFO - Evaluate on the client2 local set
2025-11-15 01:32:44 - 8_0.0_1 - INFO - => result | total 154 | correct 143 | acc 92.86% | err 7.14% | macro_f1 93.43%
2025-11-15 01:32:44 - 8_0.0_1 - INFO - Evaluate on the client2 neighbor set
2025-11-15 01:32:55 - 8_0.0_1 - INFO - => result | total 2,311 | correct 2,128 | acc 92.08% | err 7.92% | macro_f1 89.71%
2025-11-15 01:32:55 - 8_0.0_1 - INFO - Evaluate on the client3 local set
2025-11-15 01:32:56 - 8_0.0_1 - INFO - => result | total 162 | correct 153 | acc 94.44% | err 5.56% | macro_f1 95.24%
2025-11-15 01:32:56 - 8_0.0_1 - INFO - Evaluate on the client3 neighbor set
2025-11-15 01:33:07 - 8_0.0_1 - INFO - => result | total 2,303 | correct 2,135 | acc 92.71% | err 7.29% | macro_f1 89.40%
2025-11-15 01:33:07 - 8_0.0_1 - INFO - Evaluate on the client4 local set
2025-11-15 01:33:08 - 8_0.0_1 - INFO - => result | total 221 | correct 208 | acc 94.12% | err 5.88% | macro_f1 94.36%
2025-11-15 01:33:08 - 8_0.0_1 - INFO - Evaluate on the client4 neighbor set
2025-11-15 01:33:18 - 8_0.0_1 - INFO - => result | total 2,244 | correct 2,058 | acc 91.71% | err 8.29% | macro_f1 87.99%
2025-11-15 01:33:18 - 8_0.0_1 - INFO - Evaluate on the client5 local set
2025-11-15 01:33:19 - 8_0.0_1 - INFO - => result | total 157 | correct 151 | acc 96.18% | err 3.82% | macro_f1 97.93%
2025-11-15 01:33:19 - 8_0.0_1 - INFO - Evaluate on the client5 neighbor set
2025-11-15 01:33:30 - 8_0.0_1 - INFO - => result | total 2,308 | correct 2,066 | acc 89.51% | err 10.49% | macro_f1 85.30%
2025-11-15 01:33:30 - 8_0.0_1 - INFO - Evaluate on the client6 local set
2025-11-15 01:33:31 - 8_0.0_1 - INFO - => result | total 171 | correct 162 | acc 94.74% | err 5.26% | macro_f1 97.34%
2025-11-15 01:33:31 - 8_0.0_1 - INFO - Evaluate on the client6 neighbor set
2025-11-15 01:33:42 - 8_0.0_1 - INFO - => result | total 2,294 | correct 2,110 | acc 91.98% | err 8.02% | macro_f1 87.31%
2025-11-15 01:33:42 - 8_0.0_1 - INFO - Evaluate on the client7 local set
2025-11-15 01:33:44 - 8_0.0_1 - INFO - => result | total 404 | correct 359 | acc 88.86% | err 11.14% | macro_f1 78.72%
2025-11-15 01:33:44 - 8_0.0_1 - INFO - Evaluate on the client7 neighbor set
2025-11-15 01:33:54 - 8_0.0_1 - INFO - => result | total 2,061 | correct 1,799 | acc 87.29% | err 12.71% | macro_f1 84.16%
2025-11-15 01:33:54 - 8_0.0_1 - INFO - Evaluate on the client8 local set
2025-11-15 01:33:56 - 8_0.0_1 - INFO - => result | total 415 | correct 381 | acc 91.81% | err 8.19% | macro_f1 84.70%
2025-11-15 01:33:56 - 8_0.0_1 - INFO - Evaluate on the client8 neighbor set
2025-11-15 01:34:05 - 8_0.0_1 - INFO - => result | total 2,050 | correct 1,739 | acc 84.83% | err 15.17% | macro_f1 81.10%
2025-11-15 01:34:05 - 8_0.0_1 - INFO - Evaluate on the client9 local set
2025-11-15 01:34:06 - 8_0.0_1 - INFO - => result | total 206 | correct 206 | acc 100.00% | err 0.00% | macro_f1 100.00%
2025-11-15 01:34:06 - 8_0.0_1 - INFO - Evaluate on the client9 neighbor set
2025-11-15 01:34:17 - 8_0.0_1 - INFO - => result | total 2,259 | correct 1,908 | acc 84.46% | err 15.54% | macro_f1 81.34%
2025-11-15 01:34:17 - 8_0.0_1 - INFO - Global test local acc: 93.91
2025-11-15 01:34:17 - 8_0.0_1 - INFO - Global test neighbor acc: 90.02
2025-11-15 01:34:17 - 8_0.0_1 - INFO - ------------local test finish-------------
2025-11-15 01:34:17 - 8_0.0_1 - INFO - [Epoch 49/50] 测试耗时: 117.24s
2025-11-15 01:34:33 - 8_0.0_1 - INFO - [Epoch 50/50] 训练耗时: 15.46s | 平均训练准确率: 90.94
2025-11-15 01:34:33 - 8_0.0_1 - INFO - ------------local test start-------------
2025-11-15 01:34:33 - 8_0.0_1 - INFO - Evaluate on the client0 local set
2025-11-15 01:34:35 - 8_0.0_1 - INFO - => result | total 399 | correct 354 | acc 88.72% | err 11.28% | macro_f1 85.65%
2025-11-15 01:34:35 - 8_0.0_1 - INFO - Evaluate on the client0 neighbor set
2025-11-15 01:34:46 - 8_0.0_1 - INFO - => result | total 2,066 | correct 1,892 | acc 91.58% | err 8.42% | macro_f1 87.29%
2025-11-15 01:34:46 - 8_0.0_1 - INFO - Evaluate on the client1 local set
2025-11-15 01:34:47 - 8_0.0_1 - INFO - => result | total 176 | correct 174 | acc 98.86% | err 1.14% | macro_f1 98.92%
2025-11-15 01:34:47 - 8_0.0_1 - INFO - Evaluate on the client1 neighbor set
2025-11-15 01:34:59 - 8_0.0_1 - INFO - => result | total 2,289 | correct 2,072 | acc 90.52% | err 9.48% | macro_f1 85.23%
2025-11-15 01:34:59 - 8_0.0_1 - INFO - Evaluate on the client2 local set
2025-11-15 01:35:00 - 8_0.0_1 - INFO - => result | total 154 | correct 140 | acc 90.91% | err 9.09% | macro_f1 92.21%
2025-11-15 01:35:00 - 8_0.0_1 - INFO - Evaluate on the client2 neighbor set
2025-11-15 01:35:13 - 8_0.0_1 - INFO - => result | total 2,311 | correct 2,142 | acc 92.69% | err 7.31% | macro_f1 90.12%
2025-11-15 01:35:13 - 8_0.0_1 - INFO - Evaluate on the client3 local set
2025-11-15 01:35:14 - 8_0.0_1 - INFO - => result | total 162 | correct 155 | acc 95.68% | err 4.32% | macro_f1 96.24%
2025-11-15 01:35:14 - 8_0.0_1 - INFO - Evaluate on the client3 neighbor set
2025-11-15 01:35:26 - 8_0.0_1 - INFO - => result | total 2,303 | correct 2,082 | acc 90.40% | err 9.60% | macro_f1 85.53%
2025-11-15 01:35:26 - 8_0.0_1 - INFO - Evaluate on the client4 local set
2025-11-15 01:35:27 - 8_0.0_1 - INFO - => result | total 221 | correct 211 | acc 95.48% | err 4.52% | macro_f1 96.03%
2025-11-15 01:35:27 - 8_0.0_1 - INFO - Evaluate on the client4 neighbor set
2025-11-15 01:35:39 - 8_0.0_1 - INFO - => result | total 2,244 | correct 2,071 | acc 92.29% | err 7.71% | macro_f1 89.20%
2025-11-15 01:35:39 - 8_0.0_1 - INFO - Evaluate on the client5 local set
2025-11-15 01:35:40 - 8_0.0_1 - INFO - => result | total 157 | correct 145 | acc 92.36% | err 7.64% | macro_f1 94.70%
2025-11-15 01:35:40 - 8_0.0_1 - INFO - Evaluate on the client5 neighbor set
2025-11-15 01:35:52 - 8_0.0_1 - INFO - => result | total 2,308 | correct 2,127 | acc 92.16% | err 7.84% | macro_f1 88.53%
2025-11-15 01:35:52 - 8_0.0_1 - INFO - Evaluate on the client6 local set
2025-11-15 01:35:52 - 8_0.0_1 - INFO - => result | total 171 | correct 167 | acc 97.66% | err 2.34% | macro_f1 98.94%
2025-11-15 01:35:52 - 8_0.0_1 - INFO - Evaluate on the client6 neighbor set
2025-11-15 01:36:03 - 8_0.0_1 - INFO - => result | total 2,294 | correct 2,076 | acc 90.50% | err 9.50% | macro_f1 84.94%
2025-11-15 01:36:03 - 8_0.0_1 - INFO - Evaluate on the client7 local set
2025-11-15 01:36:05 - 8_0.0_1 - INFO - => result | total 404 | correct 358 | acc 88.61% | err 11.39% | macro_f1 79.01%
2025-11-15 01:36:05 - 8_0.0_1 - INFO - Evaluate on the client7 neighbor set
2025-11-15 01:36:15 - 8_0.0_1 - INFO - => result | total 2,061 | correct 1,868 | acc 90.64% | err 9.36% | macro_f1 86.99%
2025-11-15 01:36:15 - 8_0.0_1 - INFO - Evaluate on the client8 local set
2025-11-15 01:36:16 - 8_0.0_1 - INFO - => result | total 415 | correct 385 | acc 92.77% | err 7.23% | macro_f1 88.13%
2025-11-15 01:36:16 - 8_0.0_1 - INFO - Evaluate on the client8 neighbor set
2025-11-15 01:36:26 - 8_0.0_1 - INFO - => result | total 2,050 | correct 1,829 | acc 89.22% | err 10.78% | macro_f1 85.26%
2025-11-15 01:36:26 - 8_0.0_1 - INFO - Evaluate on the client9 local set
2025-11-15 01:36:27 - 8_0.0_1 - INFO - => result | total 206 | correct 201 | acc 97.57% | err 2.43% | macro_f1 97.60%
2025-11-15 01:36:27 - 8_0.0_1 - INFO - Evaluate on the client9 neighbor set
2025-11-15 01:36:38 - 8_0.0_1 - INFO - => result | total 2,259 | correct 2,006 | acc 88.80% | err 11.20% | macro_f1 85.40%
2025-11-15 01:36:38 - 8_0.0_1 - INFO - Global test local acc: 93.86
2025-11-15 01:36:38 - 8_0.0_1 - INFO - Global test neighbor acc: 90.88
2025-11-15 01:36:38 - 8_0.0_1 - INFO - ------------local test finish-------------
2025-11-15 01:36:38 - 8_0.0_1 - INFO - [Epoch 50/50] 测试耗时: 125.26s
2025-11-15 01:36:38 - 8_0.0_1 - INFO - maximum test local acc: 94.737
2025-11-15 01:36:38 - 8_0.0_1 - INFO - mean of local acc: 93.738
2025-11-15 01:36:38 - 8_0.0_1 - INFO - maximum test neighbor acc: 91.616
2025-11-15 01:36:38 - 8_0.0_1 - INFO - mean of neighbor acc: 89.989
