2025-11-15 11:43:31 - 8_0.4_1 - INFO - 日志文件已创建: logs/caltech-101/sepfpl/8_0.4_1_20251115_114331.log
2025-11-15 11:43:31 - 8_0.4_1 - INFO - Loading trainer: DP_FPL
2025-11-15 11:43:31 - 8_0.4_1 - INFO - Loading dataset: Caltech101
2025-11-15 11:43:31 - 8_0.4_1 - INFO - Reading split from /home/liuxin25/dataset/caltech-101/split_zhou_Caltech101.json
2025-11-15 11:43:32 - 8_0.4_1 - INFO - Creating a baseline federated dataset
2025-11-15 11:43:32 - 8_0.4_1 - INFO - class_num 100
2025-11-15 11:43:32 - 8_0.4_1 - INFO - user class dict total [20, 79, 93, 54, 52, 65, 0, 1, 48, 74]
2025-11-15 11:43:32 - 8_0.4_1 - INFO - idx: 0, output_dict_len: 673
2025-11-15 11:43:32 - 8_0.4_1 - INFO - user class dict total [44, 82, 35, 69, 91, 42, 33, 14, 5, 62]
2025-11-15 11:43:32 - 8_0.4_1 - INFO - idx: 1, output_dict_len: 296
2025-11-15 11:43:32 - 8_0.4_1 - INFO - user class dict total [32, 55, 96, 10, 21, 31, 90, 27, 28, 76]
2025-11-15 11:43:32 - 8_0.4_1 - INFO - idx: 2, output_dict_len: 251
2025-11-15 11:43:32 - 8_0.4_1 - INFO - user class dict total [80, 71, 66, 58, 23, 70, 60, 72, 17, 18]
2025-11-15 11:43:32 - 8_0.4_1 - INFO - idx: 3, output_dict_len: 275
2025-11-15 11:43:32 - 8_0.4_1 - INFO - user class dict total [45, 34, 11, 56, 84, 13, 41, 30, 24, 85]
2025-11-15 11:43:32 - 8_0.4_1 - INFO - idx: 4, output_dict_len: 369
2025-11-15 11:43:32 - 8_0.4_1 - INFO - user class dict total [51, 75, 37, 6, 53, 94, 95, 39, 47, 98]
2025-11-15 11:43:32 - 8_0.4_1 - INFO - idx: 5, output_dict_len: 265
2025-11-15 11:43:32 - 8_0.4_1 - INFO - user class dict total [36, 7, 50, 3, 63, 59, 9, 77, 64, 92]
2025-11-15 11:43:32 - 8_0.4_1 - INFO - idx: 6, output_dict_len: 286
2025-11-15 11:43:32 - 8_0.4_1 - INFO - user class dict total [86, 97, 61, 19, 25, 4, 16, 8, 46, 26]
2025-11-15 11:43:32 - 8_0.4_1 - INFO - idx: 7, output_dict_len: 675
2025-11-15 11:43:32 - 8_0.4_1 - INFO - user class dict total [2, 88, 29, 22, 87, 67, 68, 38, 83, 15]
2025-11-15 11:43:32 - 8_0.4_1 - INFO - idx: 8, output_dict_len: 695
2025-11-15 11:43:32 - 8_0.4_1 - INFO - user class dict total [12, 81, 43, 73, 78, 40, 99, 57, 89, 49]
2025-11-15 11:43:32 - 8_0.4_1 - INFO - idx: 9, output_dict_len: 343
2025-11-15 11:43:32 - 8_0.4_1 - INFO - Creating a baseline federated dataset
2025-11-15 11:43:32 - 8_0.4_1 - INFO - class_num 100
2025-11-15 11:43:32 - 8_0.4_1 - INFO - user class dict total [20, 79, 93, 54, 52, 65, 0, 1, 48, 74]
2025-11-15 11:43:32 - 8_0.4_1 - INFO - idx: 0, output_dict_len: 399
2025-11-15 11:43:32 - 8_0.4_1 - INFO - user class dict total [44, 82, 35, 69, 91, 42, 33, 14, 5, 62]
2025-11-15 11:43:32 - 8_0.4_1 - INFO - idx: 1, output_dict_len: 176
2025-11-15 11:43:32 - 8_0.4_1 - INFO - user class dict total [32, 55, 96, 10, 21, 31, 90, 27, 28, 76]
2025-11-15 11:43:32 - 8_0.4_1 - INFO - idx: 2, output_dict_len: 154
2025-11-15 11:43:32 - 8_0.4_1 - INFO - user class dict total [80, 71, 66, 58, 23, 70, 60, 72, 17, 18]
2025-11-15 11:43:32 - 8_0.4_1 - INFO - idx: 3, output_dict_len: 162
2025-11-15 11:43:32 - 8_0.4_1 - INFO - user class dict total [45, 34, 11, 56, 84, 13, 41, 30, 24, 85]
2025-11-15 11:43:32 - 8_0.4_1 - INFO - idx: 4, output_dict_len: 221
2025-11-15 11:43:32 - 8_0.4_1 - INFO - user class dict total [51, 75, 37, 6, 53, 94, 95, 39, 47, 98]
2025-11-15 11:43:32 - 8_0.4_1 - INFO - idx: 5, output_dict_len: 157
2025-11-15 11:43:32 - 8_0.4_1 - INFO - user class dict total [36, 7, 50, 3, 63, 59, 9, 77, 64, 92]
2025-11-15 11:43:32 - 8_0.4_1 - INFO - idx: 6, output_dict_len: 171
2025-11-15 11:43:32 - 8_0.4_1 - INFO - user class dict total [86, 97, 61, 19, 25, 4, 16, 8, 46, 26]
2025-11-15 11:43:32 - 8_0.4_1 - INFO - idx: 7, output_dict_len: 404
2025-11-15 11:43:32 - 8_0.4_1 - INFO - user class dict total [2, 88, 29, 22, 87, 67, 68, 38, 83, 15]
2025-11-15 11:43:32 - 8_0.4_1 - INFO - idx: 8, output_dict_len: 415
2025-11-15 11:43:32 - 8_0.4_1 - INFO - user class dict total [12, 81, 43, 73, 78, 40, 99, 57, 89, 49]
2025-11-15 11:43:32 - 8_0.4_1 - INFO - idx: 9, output_dict_len: 206
2025-11-15 11:43:32 - 8_0.4_1 - INFO - Loading CLIP (backbone: ViT-B/16)
2025-11-15 11:43:34 - 8_0.4_1 - INFO - Building custom CLIP
2025-11-15 11:43:34 - 8_0.4_1 - INFO - Turning off gradients in both the image and the text encoder
2025-11-15 11:43:34 - 8_0.4_1 - INFO - [RDP-sepfpl] 轮次 1: ε=0.000642, std=12.336133
2025-11-15 11:43:52 - 8_0.4_1 - INFO - [Epoch 1/30] 训练耗时: 18.03s | 平均训练准确率: 62.54
2025-11-15 11:44:08 - 8_0.4_1 - INFO - [Epoch 2/30] 训练耗时: 16.14s | 平均训练准确率: 66.88
2025-11-15 11:44:24 - 8_0.4_1 - INFO - [Epoch 3/30] 训练耗时: 16.15s | 平均训练准确率: 67.50
2025-11-15 11:44:40 - 8_0.4_1 - INFO - [Epoch 4/30] 训练耗时: 16.09s | 平均训练准确率: 69.06
2025-11-15 11:44:56 - 8_0.4_1 - INFO - [Epoch 5/30] 训练耗时: 16.08s | 平均训练准确率: 73.97
2025-11-15 11:45:12 - 8_0.4_1 - INFO - [Epoch 6/30] 训练耗时: 15.54s | 平均训练准确率: 74.38
2025-11-15 11:45:28 - 8_0.4_1 - INFO - [Epoch 7/30] 训练耗时: 16.13s | 平均训练准确率: 73.84
2025-11-15 11:45:44 - 8_0.4_1 - INFO - [Epoch 8/30] 训练耗时: 16.26s | 平均训练准确率: 76.92
2025-11-15 11:46:00 - 8_0.4_1 - INFO - [Epoch 9/30] 训练耗时: 16.08s | 平均训练准确率: 75.04
2025-11-15 11:46:00 - 8_0.4_1 - INFO - [RDP-sepfpl] 轮次 10: ε=0.008079, std=3.476795
2025-11-15 11:46:15 - 8_0.4_1 - INFO - [Epoch 10/30] 训练耗时: 15.17s | 平均训练准确率: 77.63
2025-11-15 11:46:31 - 8_0.4_1 - INFO - [Epoch 11/30] 训练耗时: 15.18s | 平均训练准确率: 76.56
2025-11-15 11:46:46 - 8_0.4_1 - INFO - [Epoch 12/30] 训练耗时: 15.16s | 平均训练准确率: 79.78
2025-11-15 11:47:01 - 8_0.4_1 - INFO - [Epoch 13/30] 训练耗时: 15.21s | 平均训练准确率: 77.37
2025-11-15 11:47:16 - 8_0.4_1 - INFO - [Epoch 14/30] 训练耗时: 15.16s | 平均训练准确率: 78.30
2025-11-15 11:47:31 - 8_0.4_1 - INFO - [Epoch 15/30] 训练耗时: 15.19s | 平均训练准确率: 78.48
2025-11-15 11:47:46 - 8_0.4_1 - INFO - [Epoch 16/30] 训练耗时: 15.06s | 平均训练准确率: 79.82
2025-11-15 11:48:01 - 8_0.4_1 - INFO - [Epoch 17/30] 训练耗时: 14.30s | 平均训练准确率: 81.38
2025-11-15 11:48:15 - 8_0.4_1 - INFO - [Epoch 18/30] 训练耗时: 14.30s | 平均训练准确率: 80.67
2025-11-15 11:48:29 - 8_0.4_1 - INFO - [Epoch 19/30] 训练耗时: 14.31s | 平均训练准确率: 80.85
2025-11-15 11:48:29 - 8_0.4_1 - INFO - [RDP-sepfpl] 轮次 20: ε=0.017317, std=2.374721
2025-11-15 11:48:44 - 8_0.4_1 - INFO - [Epoch 20/30] 训练耗时: 15.02s | 平均训练准确率: 79.87
2025-11-15 11:49:00 - 8_0.4_1 - INFO - [Epoch 21/30] 训练耗时: 15.24s | 平均训练准确率: 79.20
2025-11-15 11:49:15 - 8_0.4_1 - INFO - [Epoch 22/30] 训练耗时: 15.32s | 平均训练准确率: 79.82
2025-11-15 11:49:30 - 8_0.4_1 - INFO - [Epoch 23/30] 训练耗时: 15.33s | 平均训练准确率: 78.08
2025-11-15 11:49:45 - 8_0.4_1 - INFO - [Epoch 24/30] 训练耗时: 15.30s | 平均训练准确率: 79.06
2025-11-15 11:50:02 - 8_0.4_1 - INFO - [Epoch 25/30] 训练耗时: 16.36s | 平均训练准确率: 79.91
2025-11-15 11:50:18 - 8_0.4_1 - INFO - [Epoch 26/30] 训练耗时: 16.38s | 平均训练准确率: 78.75
2025-11-15 11:50:35 - 8_0.4_1 - INFO - [Epoch 27/30] 训练耗时: 16.35s | 平均训练准确率: 79.06
2025-11-15 11:50:51 - 8_0.4_1 - INFO - [Epoch 28/30] 训练耗时: 16.40s | 平均训练准确率: 80.04
2025-11-15 11:50:51 - 8_0.4_1 - INFO - ------------local test start-------------
2025-11-15 11:50:51 - 8_0.4_1 - INFO - Evaluate on the client0 local set
2025-11-15 11:50:54 - 8_0.4_1 - INFO - => result | total 399 | correct 320 | acc 80.20% | err 19.80% | macro_f1 87.33%
2025-11-15 11:50:54 - 8_0.4_1 - INFO - Evaluate on the client0 neighbor set
2025-11-15 11:51:05 - 8_0.4_1 - INFO - => result | total 2,066 | correct 1,885 | acc 91.24% | err 8.76% | macro_f1 87.75%
2025-11-15 11:51:05 - 8_0.4_1 - INFO - Evaluate on the client1 local set
2025-11-15 11:51:06 - 8_0.4_1 - INFO - => result | total 176 | correct 161 | acc 91.48% | err 8.52% | macro_f1 93.01%
2025-11-15 11:51:06 - 8_0.4_1 - INFO - Evaluate on the client1 neighbor set
2025-11-15 11:51:19 - 8_0.4_1 - INFO - => result | total 2,289 | correct 2,044 | acc 89.30% | err 10.70% | macro_f1 86.32%
2025-11-15 11:51:19 - 8_0.4_1 - INFO - Evaluate on the client2 local set
2025-11-15 11:51:20 - 8_0.4_1 - INFO - => result | total 154 | correct 130 | acc 84.42% | err 15.58% | macro_f1 86.78%
2025-11-15 11:51:20 - 8_0.4_1 - INFO - Evaluate on the client2 neighbor set
2025-11-15 11:51:33 - 8_0.4_1 - INFO - => result | total 2,311 | correct 2,069 | acc 89.53% | err 10.47% | macro_f1 86.60%
2025-11-15 11:51:33 - 8_0.4_1 - INFO - Evaluate on the client3 local set
2025-11-15 11:51:34 - 8_0.4_1 - INFO - => result | total 162 | correct 146 | acc 90.12% | err 9.88% | macro_f1 92.17%
2025-11-15 11:51:34 - 8_0.4_1 - INFO - Evaluate on the client3 neighbor set
2025-11-15 11:51:46 - 8_0.4_1 - INFO - => result | total 2,303 | correct 2,056 | acc 89.27% | err 10.73% | macro_f1 86.21%
2025-11-15 11:51:46 - 8_0.4_1 - INFO - Evaluate on the client4 local set
2025-11-15 11:51:47 - 8_0.4_1 - INFO - => result | total 221 | correct 201 | acc 90.95% | err 9.05% | macro_f1 89.39%
2025-11-15 11:51:47 - 8_0.4_1 - INFO - Evaluate on the client4 neighbor set
2025-11-15 11:51:58 - 8_0.4_1 - INFO - => result | total 2,244 | correct 2,004 | acc 89.30% | err 10.70% | macro_f1 86.82%
2025-11-15 11:51:58 - 8_0.4_1 - INFO - Evaluate on the client5 local set
2025-11-15 11:51:59 - 8_0.4_1 - INFO - => result | total 157 | correct 143 | acc 91.08% | err 8.92% | macro_f1 93.96%
2025-11-15 11:51:59 - 8_0.4_1 - INFO - Evaluate on the client5 neighbor set
2025-11-15 11:52:10 - 8_0.4_1 - INFO - => result | total 2,308 | correct 2,060 | acc 89.25% | err 10.75% | macro_f1 86.63%
2025-11-15 11:52:10 - 8_0.4_1 - INFO - Evaluate on the client6 local set
2025-11-15 11:52:11 - 8_0.4_1 - INFO - => result | total 171 | correct 144 | acc 84.21% | err 15.79% | macro_f1 89.90%
2025-11-15 11:52:11 - 8_0.4_1 - INFO - Evaluate on the client6 neighbor set
2025-11-15 11:52:22 - 8_0.4_1 - INFO - => result | total 2,294 | correct 2,053 | acc 89.49% | err 10.51% | macro_f1 86.53%
2025-11-15 11:52:22 - 8_0.4_1 - INFO - Evaluate on the client7 local set
2025-11-15 11:52:24 - 8_0.4_1 - INFO - => result | total 404 | correct 377 | acc 93.32% | err 6.68% | macro_f1 91.02%
2025-11-15 11:52:24 - 8_0.4_1 - INFO - Evaluate on the client7 neighbor set
2025-11-15 11:52:34 - 8_0.4_1 - INFO - => result | total 2,061 | correct 1,829 | acc 88.74% | err 11.26% | macro_f1 86.85%
2025-11-15 11:52:34 - 8_0.4_1 - INFO - Evaluate on the client8 local set
2025-11-15 11:52:36 - 8_0.4_1 - INFO - => result | total 415 | correct 382 | acc 92.05% | err 7.95% | macro_f1 87.47%
2025-11-15 11:52:36 - 8_0.4_1 - INFO - Evaluate on the client8 neighbor set
2025-11-15 11:52:46 - 8_0.4_1 - INFO - => result | total 2,050 | correct 1,821 | acc 88.83% | err 11.17% | macro_f1 86.28%
2025-11-15 11:52:46 - 8_0.4_1 - INFO - Evaluate on the client9 local set
2025-11-15 11:52:47 - 8_0.4_1 - INFO - => result | total 206 | correct 196 | acc 95.15% | err 4.85% | macro_f1 96.23%
2025-11-15 11:52:47 - 8_0.4_1 - INFO - Evaluate on the client9 neighbor set
2025-11-15 11:52:58 - 8_0.4_1 - INFO - => result | total 2,259 | correct 2,007 | acc 88.84% | err 11.16% | macro_f1 86.43%
2025-11-15 11:52:58 - 8_0.4_1 - INFO - Global test local acc: 89.30
2025-11-15 11:52:58 - 8_0.4_1 - INFO - Global test neighbor acc: 89.38
2025-11-15 11:52:58 - 8_0.4_1 - INFO - ------------local test finish-------------
2025-11-15 11:52:58 - 8_0.4_1 - INFO - [Epoch 28/30] 测试耗时: 127.01s
2025-11-15 11:53:13 - 8_0.4_1 - INFO - [Epoch 29/30] 训练耗时: 15.28s | 平均训练准确率: 78.21
2025-11-15 11:53:13 - 8_0.4_1 - INFO - ------------local test start-------------
2025-11-15 11:53:13 - 8_0.4_1 - INFO - Evaluate on the client0 local set
2025-11-15 11:53:15 - 8_0.4_1 - INFO - => result | total 399 | correct 326 | acc 81.70% | err 18.30% | macro_f1 87.65%
2025-11-15 11:53:15 - 8_0.4_1 - INFO - Evaluate on the client0 neighbor set
2025-11-15 11:53:25 - 8_0.4_1 - INFO - => result | total 2,066 | correct 1,885 | acc 91.24% | err 8.76% | macro_f1 87.75%
2025-11-15 11:53:25 - 8_0.4_1 - INFO - Evaluate on the client1 local set
2025-11-15 11:53:26 - 8_0.4_1 - INFO - => result | total 176 | correct 161 | acc 91.48% | err 8.52% | macro_f1 93.01%
2025-11-15 11:53:26 - 8_0.4_1 - INFO - Evaluate on the client1 neighbor set
2025-11-15 11:53:37 - 8_0.4_1 - INFO - => result | total 2,289 | correct 2,050 | acc 89.56% | err 10.44% | macro_f1 86.49%
2025-11-15 11:53:37 - 8_0.4_1 - INFO - Evaluate on the client2 local set
2025-11-15 11:53:38 - 8_0.4_1 - INFO - => result | total 154 | correct 131 | acc 85.06% | err 14.94% | macro_f1 87.85%
2025-11-15 11:53:38 - 8_0.4_1 - INFO - Evaluate on the client2 neighbor set
2025-11-15 11:53:49 - 8_0.4_1 - INFO - => result | total 2,311 | correct 2,076 | acc 89.83% | err 10.17% | macro_f1 86.76%
2025-11-15 11:53:49 - 8_0.4_1 - INFO - Evaluate on the client3 local set
2025-11-15 11:53:50 - 8_0.4_1 - INFO - => result | total 162 | correct 147 | acc 90.74% | err 9.26% | macro_f1 92.78%
2025-11-15 11:53:50 - 8_0.4_1 - INFO - Evaluate on the client3 neighbor set
2025-11-15 11:54:01 - 8_0.4_1 - INFO - => result | total 2,303 | correct 2,064 | acc 89.62% | err 10.38% | macro_f1 86.47%
2025-11-15 11:54:01 - 8_0.4_1 - INFO - Evaluate on the client4 local set
2025-11-15 11:54:02 - 8_0.4_1 - INFO - => result | total 221 | correct 203 | acc 91.86% | err 8.14% | macro_f1 90.66%
2025-11-15 11:54:02 - 8_0.4_1 - INFO - Evaluate on the client4 neighbor set
2025-11-15 11:54:12 - 8_0.4_1 - INFO - => result | total 2,244 | correct 2,012 | acc 89.66% | err 10.34% | macro_f1 87.07%
2025-11-15 11:54:12 - 8_0.4_1 - INFO - Evaluate on the client5 local set
2025-11-15 11:54:13 - 8_0.4_1 - INFO - => result | total 157 | correct 145 | acc 92.36% | err 7.64% | macro_f1 94.57%
2025-11-15 11:54:13 - 8_0.4_1 - INFO - Evaluate on the client5 neighbor set
2025-11-15 11:54:24 - 8_0.4_1 - INFO - => result | total 2,308 | correct 2,072 | acc 89.77% | err 10.23% | macro_f1 87.16%
2025-11-15 11:54:24 - 8_0.4_1 - INFO - Evaluate on the client6 local set
2025-11-15 11:54:25 - 8_0.4_1 - INFO - => result | total 171 | correct 144 | acc 84.21% | err 15.79% | macro_f1 89.90%
2025-11-15 11:54:25 - 8_0.4_1 - INFO - Evaluate on the client6 neighbor set
2025-11-15 11:54:35 - 8_0.4_1 - INFO - => result | total 2,294 | correct 2,069 | acc 90.19% | err 9.81% | macro_f1 87.10%
2025-11-15 11:54:35 - 8_0.4_1 - INFO - Evaluate on the client7 local set
2025-11-15 11:54:37 - 8_0.4_1 - INFO - => result | total 404 | correct 373 | acc 92.33% | err 7.67% | macro_f1 88.94%
2025-11-15 11:54:37 - 8_0.4_1 - INFO - Evaluate on the client7 neighbor set
2025-11-15 11:54:46 - 8_0.4_1 - INFO - => result | total 2,061 | correct 1,841 | acc 89.33% | err 10.67% | macro_f1 87.57%
2025-11-15 11:54:46 - 8_0.4_1 - INFO - Evaluate on the client8 local set
2025-11-15 11:54:48 - 8_0.4_1 - INFO - => result | total 415 | correct 380 | acc 91.57% | err 8.43% | macro_f1 86.95%
2025-11-15 11:54:48 - 8_0.4_1 - INFO - Evaluate on the client8 neighbor set
2025-11-15 11:54:58 - 8_0.4_1 - INFO - => result | total 2,050 | correct 1,834 | acc 89.46% | err 10.54% | macro_f1 86.90%
2025-11-15 11:54:58 - 8_0.4_1 - INFO - Evaluate on the client9 local set
2025-11-15 11:54:59 - 8_0.4_1 - INFO - => result | total 206 | correct 195 | acc 94.66% | err 5.34% | macro_f1 95.99%
2025-11-15 11:54:59 - 8_0.4_1 - INFO - Evaluate on the client9 neighbor set
2025-11-15 11:55:10 - 8_0.4_1 - INFO - => result | total 2,259 | correct 2,018 | acc 89.33% | err 10.67% | macro_f1 87.12%
2025-11-15 11:55:10 - 8_0.4_1 - INFO - Global test local acc: 89.60
2025-11-15 11:55:10 - 8_0.4_1 - INFO - Global test neighbor acc: 89.80
2025-11-15 11:55:10 - 8_0.4_1 - INFO - ------------local test finish-------------
2025-11-15 11:55:10 - 8_0.4_1 - INFO - [Epoch 29/30] 测试耗时: 116.33s
2025-11-15 11:55:10 - 8_0.4_1 - INFO - [RDP-sepfpl] 轮次 30: ε=0.027051, std=1.900038
2025-11-15 11:55:25 - 8_0.4_1 - INFO - [Epoch 30/30] 训练耗时: 15.23s | 平均训练准确率: 80.62
2025-11-15 11:55:25 - 8_0.4_1 - INFO - ------------local test start-------------
2025-11-15 11:55:25 - 8_0.4_1 - INFO - Evaluate on the client0 local set
2025-11-15 11:55:27 - 8_0.4_1 - INFO - => result | total 399 | correct 328 | acc 82.21% | err 17.79% | macro_f1 87.79%
2025-11-15 11:55:27 - 8_0.4_1 - INFO - Evaluate on the client0 neighbor set
2025-11-15 11:55:37 - 8_0.4_1 - INFO - => result | total 2,066 | correct 1,880 | acc 91.00% | err 9.00% | macro_f1 86.96%
2025-11-15 11:55:37 - 8_0.4_1 - INFO - Evaluate on the client1 local set
2025-11-15 11:55:37 - 8_0.4_1 - INFO - => result | total 176 | correct 161 | acc 91.48% | err 8.52% | macro_f1 93.01%
2025-11-15 11:55:37 - 8_0.4_1 - INFO - Evaluate on the client1 neighbor set
2025-11-15 11:55:48 - 8_0.4_1 - INFO - => result | total 2,289 | correct 2,043 | acc 89.25% | err 10.75% | macro_f1 85.66%
2025-11-15 11:55:48 - 8_0.4_1 - INFO - Evaluate on the client2 local set
2025-11-15 11:55:49 - 8_0.4_1 - INFO - => result | total 154 | correct 132 | acc 85.71% | err 14.29% | macro_f1 88.36%
2025-11-15 11:55:49 - 8_0.4_1 - INFO - Evaluate on the client2 neighbor set
2025-11-15 11:56:00 - 8_0.4_1 - INFO - => result | total 2,311 | correct 2,072 | acc 89.66% | err 10.34% | macro_f1 86.14%
2025-11-15 11:56:00 - 8_0.4_1 - INFO - Evaluate on the client3 local set
2025-11-15 11:56:01 - 8_0.4_1 - INFO - => result | total 162 | correct 147 | acc 90.74% | err 9.26% | macro_f1 92.71%
2025-11-15 11:56:01 - 8_0.4_1 - INFO - Evaluate on the client3 neighbor set
2025-11-15 11:56:12 - 8_0.4_1 - INFO - => result | total 2,303 | correct 2,056 | acc 89.27% | err 10.73% | macro_f1 85.71%
2025-11-15 11:56:12 - 8_0.4_1 - INFO - Evaluate on the client4 local set
2025-11-15 11:56:13 - 8_0.4_1 - INFO - => result | total 221 | correct 202 | acc 91.40% | err 8.60% | macro_f1 90.42%
2025-11-15 11:56:13 - 8_0.4_1 - INFO - Evaluate on the client4 neighbor set
2025-11-15 11:56:24 - 8_0.4_1 - INFO - => result | total 2,244 | correct 2,006 | acc 89.39% | err 10.61% | macro_f1 86.42%
2025-11-15 11:56:24 - 8_0.4_1 - INFO - Evaluate on the client5 local set
2025-11-15 11:56:25 - 8_0.4_1 - INFO - => result | total 157 | correct 146 | acc 92.99% | err 7.01% | macro_f1 94.86%
2025-11-15 11:56:25 - 8_0.4_1 - INFO - Evaluate on the client5 neighbor set
2025-11-15 11:56:36 - 8_0.4_1 - INFO - => result | total 2,308 | correct 2,065 | acc 89.47% | err 10.53% | macro_f1 86.26%
2025-11-15 11:56:36 - 8_0.4_1 - INFO - Evaluate on the client6 local set
2025-11-15 11:56:37 - 8_0.4_1 - INFO - => result | total 171 | correct 145 | acc 84.80% | err 15.20% | macro_f1 90.30%
2025-11-15 11:56:37 - 8_0.4_1 - INFO - Evaluate on the client6 neighbor set
2025-11-15 11:56:47 - 8_0.4_1 - INFO - => result | total 2,294 | correct 2,059 | acc 89.76% | err 10.24% | macro_f1 86.16%
2025-11-15 11:56:47 - 8_0.4_1 - INFO - Evaluate on the client7 local set
2025-11-15 11:56:50 - 8_0.4_1 - INFO - => result | total 404 | correct 369 | acc 91.34% | err 8.66% | macro_f1 87.31%
2025-11-15 11:56:50 - 8_0.4_1 - INFO - Evaluate on the client7 neighbor set
2025-11-15 11:56:59 - 8_0.4_1 - INFO - => result | total 2,061 | correct 1,837 | acc 89.13% | err 10.87% | macro_f1 87.01%
2025-11-15 11:56:59 - 8_0.4_1 - INFO - Evaluate on the client8 local set
2025-11-15 11:57:01 - 8_0.4_1 - INFO - => result | total 415 | correct 383 | acc 92.29% | err 7.71% | macro_f1 85.14%
2025-11-15 11:57:01 - 8_0.4_1 - INFO - Evaluate on the client8 neighbor set
2025-11-15 11:57:11 - 8_0.4_1 - INFO - => result | total 2,050 | correct 1,826 | acc 89.07% | err 10.93% | macro_f1 86.32%
2025-11-15 11:57:11 - 8_0.4_1 - INFO - Evaluate on the client9 local set
2025-11-15 11:57:12 - 8_0.4_1 - INFO - => result | total 206 | correct 194 | acc 94.17% | err 5.83% | macro_f1 95.75%
2025-11-15 11:57:12 - 8_0.4_1 - INFO - Evaluate on the client9 neighbor set
2025-11-15 11:57:23 - 8_0.4_1 - INFO - => result | total 2,259 | correct 2,019 | acc 89.38% | err 10.62% | macro_f1 86.52%
2025-11-15 11:57:23 - 8_0.4_1 - INFO - Global test local acc: 89.71
2025-11-15 11:57:23 - 8_0.4_1 - INFO - Global test neighbor acc: 89.54
2025-11-15 11:57:23 - 8_0.4_1 - INFO - ------------local test finish-------------
2025-11-15 11:57:23 - 8_0.4_1 - INFO - [Epoch 30/30] 测试耗时: 118.04s
2025-11-15 11:57:23 - 8_0.4_1 - INFO - maximum test local acc: 89.713
2025-11-15 11:57:23 - 8_0.4_1 - INFO - mean of local acc: 89.535
2025-11-15 11:57:23 - 8_0.4_1 - INFO - maximum test neighbor acc: 89.800
2025-11-15 11:57:23 - 8_0.4_1 - INFO - mean of neighbor acc: 89.573
