2025-11-12 02:45:36 - caltech-101_dpfpl_8_0.2_1 - INFO - 日志文件已创建: logs/caltech-101_dpfpl_8_0.2_1_20251112_024536.log
2025-11-12 02:45:36 - caltech-101_dpfpl_8_0.2_1 - INFO - Loading trainer: DP_FPL
2025-11-12 02:45:36 - caltech-101_dpfpl_8_0.2_1 - INFO - Loading dataset: Caltech101
2025-11-12 02:45:36 - caltech-101_dpfpl_8_0.2_1 - INFO - Reading split from /home/liuxin25/dataset/caltech-101/split_zhou_Caltech101.json
2025-11-12 02:45:36 - caltech-101_dpfpl_8_0.2_1 - INFO - Creating a baseline federated dataset
2025-11-12 02:45:36 - caltech-101_dpfpl_8_0.2_1 - INFO - class_num 100
2025-11-12 02:45:36 - caltech-101_dpfpl_8_0.2_1 - INFO - user class dict total [20, 79, 93, 54, 52, 65, 0, 1, 48, 74]
2025-11-12 02:45:36 - caltech-101_dpfpl_8_0.2_1 - INFO - idx: 0, output_dict_len: 673
2025-11-12 02:45:36 - caltech-101_dpfpl_8_0.2_1 - INFO - user class dict total [44, 82, 35, 69, 91, 42, 33, 14, 5, 62]
2025-11-12 02:45:36 - caltech-101_dpfpl_8_0.2_1 - INFO - idx: 1, output_dict_len: 296
2025-11-12 02:45:36 - caltech-101_dpfpl_8_0.2_1 - INFO - user class dict total [32, 55, 96, 10, 21, 31, 90, 27, 28, 76]
2025-11-12 02:45:36 - caltech-101_dpfpl_8_0.2_1 - INFO - idx: 2, output_dict_len: 251
2025-11-12 02:45:36 - caltech-101_dpfpl_8_0.2_1 - INFO - user class dict total [80, 71, 66, 58, 23, 70, 60, 72, 17, 18]
2025-11-12 02:45:36 - caltech-101_dpfpl_8_0.2_1 - INFO - idx: 3, output_dict_len: 275
2025-11-12 02:45:36 - caltech-101_dpfpl_8_0.2_1 - INFO - user class dict total [45, 34, 11, 56, 84, 13, 41, 30, 24, 85]
2025-11-12 02:45:36 - caltech-101_dpfpl_8_0.2_1 - INFO - idx: 4, output_dict_len: 369
2025-11-12 02:45:36 - caltech-101_dpfpl_8_0.2_1 - INFO - user class dict total [51, 75, 37, 6, 53, 94, 95, 39, 47, 98]
2025-11-12 02:45:36 - caltech-101_dpfpl_8_0.2_1 - INFO - idx: 5, output_dict_len: 265
2025-11-12 02:45:36 - caltech-101_dpfpl_8_0.2_1 - INFO - user class dict total [36, 7, 50, 3, 63, 59, 9, 77, 64, 92]
2025-11-12 02:45:36 - caltech-101_dpfpl_8_0.2_1 - INFO - idx: 6, output_dict_len: 286
2025-11-12 02:45:36 - caltech-101_dpfpl_8_0.2_1 - INFO - user class dict total [86, 97, 61, 19, 25, 4, 16, 8, 46, 26]
2025-11-12 02:45:36 - caltech-101_dpfpl_8_0.2_1 - INFO - idx: 7, output_dict_len: 675
2025-11-12 02:45:36 - caltech-101_dpfpl_8_0.2_1 - INFO - user class dict total [2, 88, 29, 22, 87, 67, 68, 38, 83, 15]
2025-11-12 02:45:36 - caltech-101_dpfpl_8_0.2_1 - INFO - idx: 8, output_dict_len: 695
2025-11-12 02:45:36 - caltech-101_dpfpl_8_0.2_1 - INFO - user class dict total [12, 81, 43, 73, 78, 40, 99, 57, 89, 49]
2025-11-12 02:45:36 - caltech-101_dpfpl_8_0.2_1 - INFO - idx: 9, output_dict_len: 343
2025-11-12 02:45:36 - caltech-101_dpfpl_8_0.2_1 - INFO - Creating a baseline federated dataset
2025-11-12 02:45:36 - caltech-101_dpfpl_8_0.2_1 - INFO - class_num 100
2025-11-12 02:45:36 - caltech-101_dpfpl_8_0.2_1 - INFO - user class dict total [20, 79, 93, 54, 52, 65, 0, 1, 48, 74]
2025-11-12 02:45:36 - caltech-101_dpfpl_8_0.2_1 - INFO - idx: 0, output_dict_len: 399
2025-11-12 02:45:36 - caltech-101_dpfpl_8_0.2_1 - INFO - user class dict total [44, 82, 35, 69, 91, 42, 33, 14, 5, 62]
2025-11-12 02:45:36 - caltech-101_dpfpl_8_0.2_1 - INFO - idx: 1, output_dict_len: 176
2025-11-12 02:45:36 - caltech-101_dpfpl_8_0.2_1 - INFO - user class dict total [32, 55, 96, 10, 21, 31, 90, 27, 28, 76]
2025-11-12 02:45:36 - caltech-101_dpfpl_8_0.2_1 - INFO - idx: 2, output_dict_len: 154
2025-11-12 02:45:36 - caltech-101_dpfpl_8_0.2_1 - INFO - user class dict total [80, 71, 66, 58, 23, 70, 60, 72, 17, 18]
2025-11-12 02:45:36 - caltech-101_dpfpl_8_0.2_1 - INFO - idx: 3, output_dict_len: 162
2025-11-12 02:45:36 - caltech-101_dpfpl_8_0.2_1 - INFO - user class dict total [45, 34, 11, 56, 84, 13, 41, 30, 24, 85]
2025-11-12 02:45:36 - caltech-101_dpfpl_8_0.2_1 - INFO - idx: 4, output_dict_len: 221
2025-11-12 02:45:36 - caltech-101_dpfpl_8_0.2_1 - INFO - user class dict total [51, 75, 37, 6, 53, 94, 95, 39, 47, 98]
2025-11-12 02:45:36 - caltech-101_dpfpl_8_0.2_1 - INFO - idx: 5, output_dict_len: 157
2025-11-12 02:45:36 - caltech-101_dpfpl_8_0.2_1 - INFO - user class dict total [36, 7, 50, 3, 63, 59, 9, 77, 64, 92]
2025-11-12 02:45:36 - caltech-101_dpfpl_8_0.2_1 - INFO - idx: 6, output_dict_len: 171
2025-11-12 02:45:36 - caltech-101_dpfpl_8_0.2_1 - INFO - user class dict total [86, 97, 61, 19, 25, 4, 16, 8, 46, 26]
2025-11-12 02:45:36 - caltech-101_dpfpl_8_0.2_1 - INFO - idx: 7, output_dict_len: 404
2025-11-12 02:45:36 - caltech-101_dpfpl_8_0.2_1 - INFO - user class dict total [2, 88, 29, 22, 87, 67, 68, 38, 83, 15]
2025-11-12 02:45:36 - caltech-101_dpfpl_8_0.2_1 - INFO - idx: 8, output_dict_len: 415
2025-11-12 02:45:36 - caltech-101_dpfpl_8_0.2_1 - INFO - user class dict total [12, 81, 43, 73, 78, 40, 99, 57, 89, 49]
2025-11-12 02:45:36 - caltech-101_dpfpl_8_0.2_1 - INFO - idx: 9, output_dict_len: 206
2025-11-12 02:45:36 - caltech-101_dpfpl_8_0.2_1 - INFO - Loading CLIP (backbone: ViT-B/16)
2025-11-12 02:45:39 - caltech-101_dpfpl_8_0.2_1 - INFO - Building custom CLIP
2025-11-12 02:45:39 - caltech-101_dpfpl_8_0.2_1 - INFO - Turning off gradients in both the image and the text encoder
2025-11-12 02:45:57 - caltech-101_dpfpl_8_0.2_1 - INFO - [Epoch 1/30] 训练耗时: 17.86s | 平均训练准确率: 52.95
2025-11-12 02:46:13 - caltech-101_dpfpl_8_0.2_1 - INFO - [Epoch 2/30] 训练耗时: 15.49s | 平均训练准确率: 74.55
2025-11-12 02:46:29 - caltech-101_dpfpl_8_0.2_1 - INFO - [Epoch 3/30] 训练耗时: 15.56s | 平均训练准确率: 84.06
2025-11-12 02:46:44 - caltech-101_dpfpl_8_0.2_1 - INFO - [Epoch 4/30] 训练耗时: 15.11s | 平均训练准确率: 83.53
2025-11-12 02:46:59 - caltech-101_dpfpl_8_0.2_1 - INFO - [Epoch 5/30] 训练耗时: 15.33s | 平均训练准确率: 84.78
2025-11-12 02:47:14 - caltech-101_dpfpl_8_0.2_1 - INFO - [Epoch 6/30] 训练耗时: 15.44s | 平均训练准确率: 85.13
2025-11-12 02:47:29 - caltech-101_dpfpl_8_0.2_1 - INFO - [Epoch 7/30] 训练耗时: 15.01s | 平均训练准确率: 86.83
2025-11-12 02:47:45 - caltech-101_dpfpl_8_0.2_1 - INFO - [Epoch 8/30] 训练耗时: 15.25s | 平均训练准确率: 85.18
2025-11-12 02:48:02 - caltech-101_dpfpl_8_0.2_1 - INFO - [Epoch 9/30] 训练耗时: 17.29s | 平均训练准确率: 86.56
2025-11-12 02:48:17 - caltech-101_dpfpl_8_0.2_1 - INFO - [Epoch 10/30] 训练耗时: 15.48s | 平均训练准确率: 85.31
2025-11-12 02:48:32 - caltech-101_dpfpl_8_0.2_1 - INFO - [Epoch 11/30] 训练耗时: 15.06s | 平均训练准确率: 87.37
2025-11-12 02:48:48 - caltech-101_dpfpl_8_0.2_1 - INFO - [Epoch 12/30] 训练耗时: 15.14s | 平均训练准确率: 86.83
2025-11-12 02:49:03 - caltech-101_dpfpl_8_0.2_1 - INFO - [Epoch 13/30] 训练耗时: 15.08s | 平均训练准确率: 86.79
2025-11-12 02:49:17 - caltech-101_dpfpl_8_0.2_1 - INFO - [Epoch 14/30] 训练耗时: 14.71s | 平均训练准确率: 84.87
2025-11-12 02:49:32 - caltech-101_dpfpl_8_0.2_1 - INFO - [Epoch 15/30] 训练耗时: 14.79s | 平均训练准确率: 86.79
2025-11-12 02:49:47 - caltech-101_dpfpl_8_0.2_1 - INFO - [Epoch 16/30] 训练耗时: 15.21s | 平均训练准确率: 86.83
2025-11-12 02:50:02 - caltech-101_dpfpl_8_0.2_1 - INFO - [Epoch 17/30] 训练耗时: 14.61s | 平均训练准确率: 86.92
2025-11-12 02:50:17 - caltech-101_dpfpl_8_0.2_1 - INFO - [Epoch 18/30] 训练耗时: 15.20s | 平均训练准确率: 88.17
2025-11-12 02:50:33 - caltech-101_dpfpl_8_0.2_1 - INFO - [Epoch 19/30] 训练耗时: 15.55s | 平均训练准确率: 87.54
2025-11-12 02:50:49 - caltech-101_dpfpl_8_0.2_1 - INFO - [Epoch 20/30] 训练耗时: 15.72s | 平均训练准确率: 87.37
2025-11-12 02:51:05 - caltech-101_dpfpl_8_0.2_1 - INFO - [Epoch 21/30] 训练耗时: 16.12s | 平均训练准确率: 87.90
2025-11-12 02:51:20 - caltech-101_dpfpl_8_0.2_1 - INFO - [Epoch 22/30] 训练耗时: 15.40s | 平均训练准确率: 85.94
2025-11-12 02:51:35 - caltech-101_dpfpl_8_0.2_1 - INFO - [Epoch 23/30] 训练耗时: 15.29s | 平均训练准确率: 86.34
2025-11-12 02:51:51 - caltech-101_dpfpl_8_0.2_1 - INFO - [Epoch 24/30] 训练耗时: 15.67s | 平均训练准确率: 87.37
2025-11-12 02:52:06 - caltech-101_dpfpl_8_0.2_1 - INFO - [Epoch 25/30] 训练耗时: 15.11s | 平均训练准确率: 88.26
2025-11-12 02:52:22 - caltech-101_dpfpl_8_0.2_1 - INFO - [Epoch 26/30] 训练耗时: 15.43s | 平均训练准确率: 87.72
2025-11-12 02:52:37 - caltech-101_dpfpl_8_0.2_1 - INFO - [Epoch 27/30] 训练耗时: 15.59s | 平均训练准确率: 88.30
2025-11-12 02:52:57 - caltech-101_dpfpl_8_0.2_1 - INFO - [Epoch 28/30] 训练耗时: 20.09s | 平均训练准确率: 87.05
2025-11-12 02:52:57 - caltech-101_dpfpl_8_0.2_1 - INFO - ------------local test start-------------
2025-11-12 02:52:57 - caltech-101_dpfpl_8_0.2_1 - INFO - Evaluate on the client0 local set
2025-11-12 02:53:01 - caltech-101_dpfpl_8_0.2_1 - INFO - => result | total: 399 | correct: 366 | accuracy: 91.7% | error: 8.3% | macro_f1: 92.1%
2025-11-12 02:53:01 - caltech-101_dpfpl_8_0.2_1 - INFO - Evaluate on the client0 neighbor set
2025-11-12 02:53:16 - caltech-101_dpfpl_8_0.2_1 - INFO - => result | total: 2,066 | correct: 1,939 | accuracy: 93.9% | error: 6.1% | macro_f1: 90.9%
2025-11-12 02:53:16 - caltech-101_dpfpl_8_0.2_1 - INFO - Evaluate on the client1 local set
2025-11-12 02:53:17 - caltech-101_dpfpl_8_0.2_1 - INFO - => result | total: 176 | correct: 171 | accuracy: 97.2% | error: 2.8% | macro_f1: 97.7%
2025-11-12 02:53:17 - caltech-101_dpfpl_8_0.2_1 - INFO - Evaluate on the client1 neighbor set
2025-11-12 02:53:35 - caltech-101_dpfpl_8_0.2_1 - INFO - => result | total: 2,289 | correct: 2,135 | accuracy: 93.3% | error: 6.7% | macro_f1: 90.3%
2025-11-12 02:53:35 - caltech-101_dpfpl_8_0.2_1 - INFO - Evaluate on the client2 local set
2025-11-12 02:53:36 - caltech-101_dpfpl_8_0.2_1 - INFO - => result | total: 154 | correct: 143 | accuracy: 92.9% | error: 7.1% | macro_f1: 93.4%
2025-11-12 02:53:36 - caltech-101_dpfpl_8_0.2_1 - INFO - Evaluate on the client2 neighbor set
2025-11-12 02:53:52 - caltech-101_dpfpl_8_0.2_1 - INFO - => result | total: 2,311 | correct: 2,162 | accuracy: 93.6% | error: 6.4% | macro_f1: 90.8%
2025-11-12 02:53:52 - caltech-101_dpfpl_8_0.2_1 - INFO - Evaluate on the client3 local set
2025-11-12 02:53:53 - caltech-101_dpfpl_8_0.2_1 - INFO - => result | total: 162 | correct: 153 | accuracy: 94.4% | error: 5.6% | macro_f1: 95.3%
2025-11-12 02:53:53 - caltech-101_dpfpl_8_0.2_1 - INFO - Evaluate on the client3 neighbor set
2025-11-12 02:54:11 - caltech-101_dpfpl_8_0.2_1 - INFO - => result | total: 2,303 | correct: 2,153 | accuracy: 93.5% | error: 6.5% | macro_f1: 90.9%
2025-11-12 02:54:11 - caltech-101_dpfpl_8_0.2_1 - INFO - Evaluate on the client4 local set
2025-11-12 02:54:12 - caltech-101_dpfpl_8_0.2_1 - INFO - => result | total: 221 | correct: 200 | accuracy: 90.5% | error: 9.5% | macro_f1: 89.6%
2025-11-12 02:54:12 - caltech-101_dpfpl_8_0.2_1 - INFO - Evaluate on the client4 neighbor set
2025-11-12 02:54:28 - caltech-101_dpfpl_8_0.2_1 - INFO - => result | total: 2,244 | correct: 2,105 | accuracy: 93.8% | error: 6.2% | macro_f1: 91.3%
2025-11-12 02:54:28 - caltech-101_dpfpl_8_0.2_1 - INFO - Evaluate on the client5 local set
2025-11-12 02:54:29 - caltech-101_dpfpl_8_0.2_1 - INFO - => result | total: 157 | correct: 143 | accuracy: 91.1% | error: 8.9% | macro_f1: 94.3%
2025-11-12 02:54:29 - caltech-101_dpfpl_8_0.2_1 - INFO - Evaluate on the client5 neighbor set
2025-11-12 02:54:47 - caltech-101_dpfpl_8_0.2_1 - INFO - => result | total: 2,308 | correct: 2,165 | accuracy: 93.8% | error: 6.2% | macro_f1: 91.0%
2025-11-12 02:54:47 - caltech-101_dpfpl_8_0.2_1 - INFO - Evaluate on the client6 local set
2025-11-12 02:54:48 - caltech-101_dpfpl_8_0.2_1 - INFO - => result | total: 171 | correct: 163 | accuracy: 95.3% | error: 4.7% | macro_f1: 97.5%
2025-11-12 02:54:48 - caltech-101_dpfpl_8_0.2_1 - INFO - Evaluate on the client6 neighbor set
2025-11-12 02:55:05 - caltech-101_dpfpl_8_0.2_1 - INFO - => result | total: 2,294 | correct: 2,143 | accuracy: 93.4% | error: 6.6% | macro_f1: 90.5%
2025-11-12 02:55:05 - caltech-101_dpfpl_8_0.2_1 - INFO - Evaluate on the client7 local set
2025-11-12 02:55:08 - caltech-101_dpfpl_8_0.2_1 - INFO - => result | total: 404 | correct: 378 | accuracy: 93.6% | error: 6.4% | macro_f1: 90.3%
2025-11-12 02:55:08 - caltech-101_dpfpl_8_0.2_1 - INFO - Evaluate on the client7 neighbor set
2025-11-12 02:55:23 - caltech-101_dpfpl_8_0.2_1 - INFO - => result | total: 2,061 | correct: 1,929 | accuracy: 93.6% | error: 6.4% | macro_f1: 91.8%
2025-11-12 02:55:23 - caltech-101_dpfpl_8_0.2_1 - INFO - Evaluate on the client8 local set
2025-11-12 02:55:26 - caltech-101_dpfpl_8_0.2_1 - INFO - => result | total: 415 | correct: 403 | accuracy: 97.1% | error: 2.9% | macro_f1: 96.6%
2025-11-12 02:55:26 - caltech-101_dpfpl_8_0.2_1 - INFO - Evaluate on the client8 neighbor set
2025-11-12 02:55:41 - caltech-101_dpfpl_8_0.2_1 - INFO - => result | total: 2,050 | correct: 1,905 | accuracy: 92.9% | error: 7.1% | macro_f1: 90.8%
2025-11-12 02:55:41 - caltech-101_dpfpl_8_0.2_1 - INFO - Evaluate on the client9 local set
2025-11-12 02:55:43 - caltech-101_dpfpl_8_0.2_1 - INFO - => result | total: 206 | correct: 203 | accuracy: 98.5% | error: 1.5% | macro_f1: 99.0%
2025-11-12 02:55:43 - caltech-101_dpfpl_8_0.2_1 - INFO - Evaluate on the client9 neighbor set
2025-11-12 02:55:58 - caltech-101_dpfpl_8_0.2_1 - INFO - => result | total: 2,259 | correct: 2,103 | accuracy: 93.1% | error: 6.9% | macro_f1: 91.3%
2025-11-12 02:55:58 - caltech-101_dpfpl_8_0.2_1 - INFO - Global test local acc: 94.23
2025-11-12 02:55:58 - caltech-101_dpfpl_8_0.2_1 - INFO - Global test neighbor acc: 93.48
2025-11-12 02:55:58 - caltech-101_dpfpl_8_0.2_1 - INFO - ------------local test finish-------------
2025-11-12 02:55:58 - caltech-101_dpfpl_8_0.2_1 - INFO - [Epoch 28/30] 测试耗时: 180.66s
2025-11-12 02:56:19 - caltech-101_dpfpl_8_0.2_1 - INFO - [Epoch 29/30] 训练耗时: 20.59s | 平均训练准确率: 87.59
2025-11-12 02:56:19 - caltech-101_dpfpl_8_0.2_1 - INFO - ------------local test start-------------
2025-11-12 02:56:19 - caltech-101_dpfpl_8_0.2_1 - INFO - Evaluate on the client0 local set
2025-11-12 02:56:22 - caltech-101_dpfpl_8_0.2_1 - INFO - => result | total: 399 | correct: 360 | accuracy: 90.2% | error: 9.8% | macro_f1: 88.9%
2025-11-12 02:56:22 - caltech-101_dpfpl_8_0.2_1 - INFO - Evaluate on the client0 neighbor set
2025-11-12 02:56:38 - caltech-101_dpfpl_8_0.2_1 - INFO - => result | total: 2,066 | correct: 1,952 | accuracy: 94.5% | error: 5.5% | macro_f1: 92.0%
2025-11-12 02:56:38 - caltech-101_dpfpl_8_0.2_1 - INFO - Evaluate on the client1 local set
2025-11-12 02:56:39 - caltech-101_dpfpl_8_0.2_1 - INFO - => result | total: 176 | correct: 171 | accuracy: 97.2% | error: 2.8% | macro_f1: 97.7%
2025-11-12 02:56:39 - caltech-101_dpfpl_8_0.2_1 - INFO - Evaluate on the client1 neighbor set
2025-11-12 02:56:57 - caltech-101_dpfpl_8_0.2_1 - INFO - => result | total: 2,289 | correct: 2,142 | accuracy: 93.6% | error: 6.4% | macro_f1: 90.9%
2025-11-12 02:56:57 - caltech-101_dpfpl_8_0.2_1 - INFO - Evaluate on the client2 local set
2025-11-12 02:56:57 - caltech-101_dpfpl_8_0.2_1 - INFO - => result | total: 154 | correct: 138 | accuracy: 89.6% | error: 10.4% | macro_f1: 92.2%
2025-11-12 02:56:57 - caltech-101_dpfpl_8_0.2_1 - INFO - Evaluate on the client2 neighbor set
2025-11-12 02:57:14 - caltech-101_dpfpl_8_0.2_1 - INFO - => result | total: 2,311 | correct: 2,176 | accuracy: 94.2% | error: 5.8% | macro_f1: 91.6%
2025-11-12 02:57:14 - caltech-101_dpfpl_8_0.2_1 - INFO - Evaluate on the client3 local set
2025-11-12 02:57:16 - caltech-101_dpfpl_8_0.2_1 - INFO - => result | total: 162 | correct: 151 | accuracy: 93.2% | error: 6.8% | macro_f1: 94.3%
2025-11-12 02:57:16 - caltech-101_dpfpl_8_0.2_1 - INFO - Evaluate on the client3 neighbor set
2025-11-12 02:57:32 - caltech-101_dpfpl_8_0.2_1 - INFO - => result | total: 2,303 | correct: 2,162 | accuracy: 93.9% | error: 6.1% | macro_f1: 91.6%
2025-11-12 02:57:32 - caltech-101_dpfpl_8_0.2_1 - INFO - Evaluate on the client4 local set
2025-11-12 02:57:34 - caltech-101_dpfpl_8_0.2_1 - INFO - => result | total: 221 | correct: 202 | accuracy: 91.4% | error: 8.6% | macro_f1: 90.3%
2025-11-12 02:57:34 - caltech-101_dpfpl_8_0.2_1 - INFO - Evaluate on the client4 neighbor set
2025-11-12 02:57:48 - caltech-101_dpfpl_8_0.2_1 - INFO - => result | total: 2,244 | correct: 2,111 | accuracy: 94.1% | error: 5.9% | macro_f1: 91.8%
2025-11-12 02:57:48 - caltech-101_dpfpl_8_0.2_1 - INFO - Evaluate on the client5 local set
2025-11-12 02:57:50 - caltech-101_dpfpl_8_0.2_1 - INFO - => result | total: 157 | correct: 147 | accuracy: 93.6% | error: 6.4% | macro_f1: 96.0%
2025-11-12 02:57:50 - caltech-101_dpfpl_8_0.2_1 - INFO - Evaluate on the client5 neighbor set
2025-11-12 02:58:07 - caltech-101_dpfpl_8_0.2_1 - INFO - => result | total: 2,308 | correct: 2,167 | accuracy: 93.9% | error: 6.1% | macro_f1: 91.3%
2025-11-12 02:58:07 - caltech-101_dpfpl_8_0.2_1 - INFO - Evaluate on the client6 local set
2025-11-12 02:58:09 - caltech-101_dpfpl_8_0.2_1 - INFO - => result | total: 171 | correct: 160 | accuracy: 93.6% | error: 6.4% | macro_f1: 96.4%
2025-11-12 02:58:09 - caltech-101_dpfpl_8_0.2_1 - INFO - Evaluate on the client6 neighbor set
2025-11-12 02:58:24 - caltech-101_dpfpl_8_0.2_1 - INFO - => result | total: 2,294 | correct: 2,152 | accuracy: 93.8% | error: 6.2% | macro_f1: 91.1%
2025-11-12 02:58:24 - caltech-101_dpfpl_8_0.2_1 - INFO - Evaluate on the client7 local set
2025-11-12 02:58:29 - caltech-101_dpfpl_8_0.2_1 - INFO - => result | total: 404 | correct: 382 | accuracy: 94.6% | error: 5.4% | macro_f1: 92.3%
2025-11-12 02:58:29 - caltech-101_dpfpl_8_0.2_1 - INFO - Evaluate on the client7 neighbor set
2025-11-12 02:58:42 - caltech-101_dpfpl_8_0.2_1 - INFO - => result | total: 2,061 | correct: 1,930 | accuracy: 93.6% | error: 6.4% | macro_f1: 92.0%
2025-11-12 02:58:42 - caltech-101_dpfpl_8_0.2_1 - INFO - Evaluate on the client8 local set
2025-11-12 02:58:45 - caltech-101_dpfpl_8_0.2_1 - INFO - => result | total: 415 | correct: 405 | accuracy: 97.6% | error: 2.4% | macro_f1: 97.3%
2025-11-12 02:58:45 - caltech-101_dpfpl_8_0.2_1 - INFO - Evaluate on the client8 neighbor set
2025-11-12 02:58:59 - caltech-101_dpfpl_8_0.2_1 - INFO - => result | total: 2,050 | correct: 1,907 | accuracy: 93.0% | error: 7.0% | macro_f1: 90.9%
2025-11-12 02:58:59 - caltech-101_dpfpl_8_0.2_1 - INFO - Evaluate on the client9 local set
2025-11-12 02:59:01 - caltech-101_dpfpl_8_0.2_1 - INFO - => result | total: 206 | correct: 204 | accuracy: 99.0% | error: 1.0% | macro_f1: 98.8%
2025-11-12 02:59:01 - caltech-101_dpfpl_8_0.2_1 - INFO - Evaluate on the client9 neighbor set
2025-11-12 02:59:17 - caltech-101_dpfpl_8_0.2_1 - INFO - => result | total: 2,259 | correct: 2,108 | accuracy: 93.3% | error: 6.7% | macro_f1: 91.5%
2025-11-12 02:59:17 - caltech-101_dpfpl_8_0.2_1 - INFO - Global test local acc: 94.00
2025-11-12 02:59:17 - caltech-101_dpfpl_8_0.2_1 - INFO - Global test neighbor acc: 93.79
2025-11-12 02:59:17 - caltech-101_dpfpl_8_0.2_1 - INFO - ------------local test finish-------------
2025-11-12 02:59:17 - caltech-101_dpfpl_8_0.2_1 - INFO - [Epoch 29/30] 测试耗时: 178.93s
2025-11-12 02:59:36 - caltech-101_dpfpl_8_0.2_1 - INFO - [Epoch 30/30] 训练耗时: 18.27s | 平均训练准确率: 87.81
2025-11-12 02:59:36 - caltech-101_dpfpl_8_0.2_1 - INFO - ------------local test start-------------
2025-11-12 02:59:36 - caltech-101_dpfpl_8_0.2_1 - INFO - Evaluate on the client0 local set
2025-11-12 02:59:41 - caltech-101_dpfpl_8_0.2_1 - INFO - => result | total: 399 | correct: 367 | accuracy: 92.0% | error: 8.0% | macro_f1: 92.2%
2025-11-12 02:59:41 - caltech-101_dpfpl_8_0.2_1 - INFO - Evaluate on the client0 neighbor set
2025-11-12 02:59:55 - caltech-101_dpfpl_8_0.2_1 - INFO - => result | total: 2,066 | correct: 1,933 | accuracy: 93.6% | error: 6.4% | macro_f1: 90.7%
2025-11-12 02:59:55 - caltech-101_dpfpl_8_0.2_1 - INFO - Evaluate on the client1 local set
2025-11-12 02:59:56 - caltech-101_dpfpl_8_0.2_1 - INFO - => result | total: 176 | correct: 171 | accuracy: 97.2% | error: 2.8% | macro_f1: 97.7%
2025-11-12 02:59:56 - caltech-101_dpfpl_8_0.2_1 - INFO - Evaluate on the client1 neighbor set
2025-11-12 03:00:14 - caltech-101_dpfpl_8_0.2_1 - INFO - => result | total: 2,289 | correct: 2,131 | accuracy: 93.1% | error: 6.9% | macro_f1: 89.8%
2025-11-12 03:00:14 - caltech-101_dpfpl_8_0.2_1 - INFO - Evaluate on the client2 local set
2025-11-12 03:00:16 - caltech-101_dpfpl_8_0.2_1 - INFO - => result | total: 154 | correct: 143 | accuracy: 92.9% | error: 7.1% | macro_f1: 93.3%
2025-11-12 03:00:16 - caltech-101_dpfpl_8_0.2_1 - INFO - Evaluate on the client2 neighbor set
2025-11-12 03:00:34 - caltech-101_dpfpl_8_0.2_1 - INFO - => result | total: 2,311 | correct: 2,161 | accuracy: 93.5% | error: 6.5% | macro_f1: 90.8%
2025-11-12 03:00:34 - caltech-101_dpfpl_8_0.2_1 - INFO - Evaluate on the client3 local set
2025-11-12 03:00:35 - caltech-101_dpfpl_8_0.2_1 - INFO - => result | total: 162 | correct: 154 | accuracy: 95.1% | error: 4.9% | macro_f1: 95.9%
2025-11-12 03:00:35 - caltech-101_dpfpl_8_0.2_1 - INFO - Evaluate on the client3 neighbor set
2025-11-12 03:00:49 - caltech-101_dpfpl_8_0.2_1 - INFO - => result | total: 2,303 | correct: 2,151 | accuracy: 93.4% | error: 6.6% | macro_f1: 90.6%
2025-11-12 03:00:49 - caltech-101_dpfpl_8_0.2_1 - INFO - Evaluate on the client4 local set
2025-11-12 03:00:50 - caltech-101_dpfpl_8_0.2_1 - INFO - => result | total: 221 | correct: 201 | accuracy: 91.0% | error: 9.0% | macro_f1: 89.2%
2025-11-12 03:00:50 - caltech-101_dpfpl_8_0.2_1 - INFO - Evaluate on the client4 neighbor set
2025-11-12 03:01:07 - caltech-101_dpfpl_8_0.2_1 - INFO - => result | total: 2,244 | correct: 2,103 | accuracy: 93.7% | error: 6.3% | macro_f1: 91.0%
2025-11-12 03:01:07 - caltech-101_dpfpl_8_0.2_1 - INFO - Evaluate on the client5 local set
2025-11-12 03:01:08 - caltech-101_dpfpl_8_0.2_1 - INFO - => result | total: 157 | correct: 144 | accuracy: 91.7% | error: 8.3% | macro_f1: 94.8%
2025-11-12 03:01:08 - caltech-101_dpfpl_8_0.2_1 - INFO - Evaluate on the client5 neighbor set
2025-11-12 03:01:26 - caltech-101_dpfpl_8_0.2_1 - INFO - => result | total: 2,308 | correct: 2,159 | accuracy: 93.5% | error: 6.5% | macro_f1: 90.4%
2025-11-12 03:01:26 - caltech-101_dpfpl_8_0.2_1 - INFO - Evaluate on the client6 local set
2025-11-12 03:01:27 - caltech-101_dpfpl_8_0.2_1 - INFO - => result | total: 171 | correct: 164 | accuracy: 95.9% | error: 4.1% | macro_f1: 97.8%
2025-11-12 03:01:27 - caltech-101_dpfpl_8_0.2_1 - INFO - Evaluate on the client6 neighbor set
2025-11-12 03:01:42 - caltech-101_dpfpl_8_0.2_1 - INFO - => result | total: 2,294 | correct: 2,143 | accuracy: 93.4% | error: 6.6% | macro_f1: 90.1%
2025-11-12 03:01:42 - caltech-101_dpfpl_8_0.2_1 - INFO - Evaluate on the client7 local set
2025-11-12 03:01:45 - caltech-101_dpfpl_8_0.2_1 - INFO - => result | total: 404 | correct: 368 | accuracy: 91.1% | error: 8.9% | macro_f1: 84.7%
2025-11-12 03:01:45 - caltech-101_dpfpl_8_0.2_1 - INFO - Evaluate on the client7 neighbor set
2025-11-12 03:02:00 - caltech-101_dpfpl_8_0.2_1 - INFO - => result | total: 2,061 | correct: 1,938 | accuracy: 94.0% | error: 6.0% | macro_f1: 92.0%
2025-11-12 03:02:00 - caltech-101_dpfpl_8_0.2_1 - INFO - Evaluate on the client8 local set
2025-11-12 03:02:03 - caltech-101_dpfpl_8_0.2_1 - INFO - => result | total: 415 | correct: 402 | accuracy: 96.9% | error: 3.1% | macro_f1: 96.1%
2025-11-12 03:02:03 - caltech-101_dpfpl_8_0.2_1 - INFO - Evaluate on the client8 neighbor set
2025-11-12 03:02:20 - caltech-101_dpfpl_8_0.2_1 - INFO - => result | total: 2,050 | correct: 1,906 | accuracy: 93.0% | error: 7.0% | macro_f1: 90.3%
2025-11-12 03:02:20 - caltech-101_dpfpl_8_0.2_1 - INFO - Evaluate on the client9 local set
2025-11-12 03:02:22 - caltech-101_dpfpl_8_0.2_1 - INFO - => result | total: 206 | correct: 204 | accuracy: 99.0% | error: 1.0% | macro_f1: 99.3%
2025-11-12 03:02:22 - caltech-101_dpfpl_8_0.2_1 - INFO - Evaluate on the client9 neighbor set
2025-11-12 03:02:36 - caltech-101_dpfpl_8_0.2_1 - INFO - => result | total: 2,259 | correct: 2,105 | accuracy: 93.2% | error: 6.8% | macro_f1: 90.9%
2025-11-12 03:02:36 - caltech-101_dpfpl_8_0.2_1 - INFO - Global test local acc: 94.26
2025-11-12 03:02:36 - caltech-101_dpfpl_8_0.2_1 - INFO - Global test neighbor acc: 93.44
2025-11-12 03:02:36 - caltech-101_dpfpl_8_0.2_1 - INFO - ------------local test finish-------------
2025-11-12 03:02:36 - caltech-101_dpfpl_8_0.2_1 - INFO - [Epoch 30/30] 测试耗时: 180.53s
2025-11-12 03:02:36 - caltech-101_dpfpl_8_0.2_1 - INFO - maximum test local acc: 94.262
2025-11-12 03:02:36 - caltech-101_dpfpl_8_0.2_1 - INFO - mean of local acc: 94.164
2025-11-12 03:02:36 - caltech-101_dpfpl_8_0.2_1 - INFO - maximum test neighbor acc: 93.785
2025-11-12 03:02:36 - caltech-101_dpfpl_8_0.2_1 - INFO - mean of neighbor acc: 93.570
