2025-11-07 13:59:51 - caltech-101_dpfpl_8_0.2_1 - INFO - 日志文件已创建: logs/caltech-101_dpfpl_8_0.2_1_20251107_135951.log
2025-11-07 13:59:55 - caltech-101_dpfpl_8_0.2_1 - INFO - ------------local train start epoch: 0 -------------
2025-11-07 14:00:13 - caltech-101_dpfpl_8_0.2_1 - INFO - Epoch: 0/3	finished batch : 6/7 (skip test)
2025-11-07 14:00:13 - caltech-101_dpfpl_8_0.2_1 - INFO - ------------epoch 0 完成，用时: 18.66s-------------
2025-11-07 14:00:13 - caltech-101_dpfpl_8_0.2_1 - INFO - ------------已完成 1 个epoch | 平均用时: 18.66s | 上一个epoch: 18.66s | 预计剩余时间: 37.31s (0.6分钟)-------------
2025-11-07 14:00:13 - caltech-101_dpfpl_8_0.2_1 - INFO - ------------local train start epoch: 1 -------------
2025-11-07 14:00:31 - caltech-101_dpfpl_8_0.2_1 - INFO - Epoch: 1/3	finished batch : 6/7 (skip test)
2025-11-07 14:00:31 - caltech-101_dpfpl_8_0.2_1 - INFO - ------------epoch 1 完成，用时: 17.27s-------------
2025-11-07 14:00:31 - caltech-101_dpfpl_8_0.2_1 - INFO - ------------已完成 2 个epoch | 平均用时: 17.96s | 上一个epoch: 17.27s | 预计剩余时间: 17.96s (0.3分钟)-------------
2025-11-07 14:00:31 - caltech-101_dpfpl_8_0.2_1 - INFO - ------------local train start epoch: 2 -------------
2025-11-07 14:00:48 - caltech-101_dpfpl_8_0.2_1 - INFO - ------------local test start-------------
2025-11-07 14:03:15 - caltech-101_dpfpl_8_0.2_1 - INFO - Global test local acc: 85.06041257869637
2025-11-07 14:03:15 - caltech-101_dpfpl_8_0.2_1 - INFO - Global test neighbor acc: 86.5354245311198
2025-11-07 14:03:15 - caltech-101_dpfpl_8_0.2_1 - INFO - ------------local test finish-------------
2025-11-07 14:03:15 - caltech-101_dpfpl_8_0.2_1 - INFO - Epoch: 2/3	finished batch : 6/7
2025-11-07 14:03:15 - caltech-101_dpfpl_8_0.2_1 - INFO - ------------epoch 2 完成，用时: 164.71s-------------
2025-11-07 14:03:15 - caltech-101_dpfpl_8_0.2_1 - INFO - maximum test local acc: 85.06041257869637
2025-11-07 14:03:15 - caltech-101_dpfpl_8_0.2_1 - INFO - mean of local acc: 85.06041257869637
2025-11-07 14:03:15 - caltech-101_dpfpl_8_0.2_1 - INFO - maximum test neighbor acc: 86.5354245311198
2025-11-07 14:03:15 - caltech-101_dpfpl_8_0.2_1 - INFO - mean of neighbor acc: 86.5354245311198
