2025-11-07 17:39:34 - caltech-101_dpfpl_8_0.4_1 - INFO - 日志文件已创建: logs/caltech-101_dpfpl_8_0.4_1_20251107_173934.log
2025-11-07 17:39:37 - caltech-101_dpfpl_8_0.4_1 - INFO - ------------local train start epoch: 0 -------------
2025-11-07 17:39:54 - caltech-101_dpfpl_8_0.4_1 - INFO - Epoch: 0/3	finished batch : 6/7 (skip test)
2025-11-07 17:39:54 - caltech-101_dpfpl_8_0.4_1 - INFO - ------------epoch 0 完成，用时: 17.18s-------------
2025-11-07 17:39:54 - caltech-101_dpfpl_8_0.4_1 - INFO - ------------已完成 1 个epoch | 平均用时: 17.18s | 上一个epoch: 17.18s | 预计剩余时间: 34.36s (0.6分钟)-------------
2025-11-07 17:39:54 - caltech-101_dpfpl_8_0.4_1 - INFO - ------------local train start epoch: 1 -------------
2025-11-07 17:40:11 - caltech-101_dpfpl_8_0.4_1 - INFO - Epoch: 1/3	finished batch : 6/7 (skip test)
2025-11-07 17:40:11 - caltech-101_dpfpl_8_0.4_1 - INFO - ------------epoch 1 完成，用时: 16.54s-------------
2025-11-07 17:40:11 - caltech-101_dpfpl_8_0.4_1 - INFO - ------------已完成 2 个epoch | 平均用时: 16.86s | 上一个epoch: 16.54s | 预计剩余时间: 16.86s (0.3分钟)-------------
2025-11-07 17:40:11 - caltech-101_dpfpl_8_0.4_1 - INFO - ------------local train start epoch: 2 -------------
2025-11-07 17:40:27 - caltech-101_dpfpl_8_0.4_1 - INFO - ------------local test start-------------
2025-11-07 17:42:40 - caltech-101_dpfpl_8_0.4_1 - INFO - Global test local acc: 87.53057516380127
2025-11-07 17:42:40 - caltech-101_dpfpl_8_0.4_1 - INFO - Global test neighbor acc: 88.78255306070555
2025-11-07 17:42:40 - caltech-101_dpfpl_8_0.4_1 - INFO - ------------local test finish-------------
2025-11-07 17:42:40 - caltech-101_dpfpl_8_0.4_1 - INFO - Epoch: 2/3	finished batch : 6/7
2025-11-07 17:42:40 - caltech-101_dpfpl_8_0.4_1 - INFO - ------------epoch 2 完成，用时: 149.43s-------------
2025-11-07 17:42:40 - caltech-101_dpfpl_8_0.4_1 - INFO - maximum test local acc: 87.53057516380127
2025-11-07 17:42:40 - caltech-101_dpfpl_8_0.4_1 - INFO - mean of local acc: 87.53057516380127
2025-11-07 17:42:40 - caltech-101_dpfpl_8_0.4_1 - INFO - maximum test neighbor acc: 88.78255306070555
2025-11-07 17:42:40 - caltech-101_dpfpl_8_0.4_1 - INFO - mean of neighbor acc: 88.78255306070555
