2025-11-12 04:06:56 - caltech-101_promptfl_8_0.01_1 - INFO - 日志文件已创建: logs/caltech-101_promptfl_8_0.01_1_20251112_040656.log
2025-11-12 04:06:56 - caltech-101_promptfl_8_0.01_1 - INFO - Loading trainer: DP_FPL
2025-11-12 04:06:56 - caltech-101_promptfl_8_0.01_1 - INFO - Loading dataset: Caltech101
2025-11-12 04:06:56 - caltech-101_promptfl_8_0.01_1 - INFO - Reading split from /home/liuxin25/dataset/caltech-101/split_zhou_Caltech101.json
2025-11-12 04:06:56 - caltech-101_promptfl_8_0.01_1 - INFO - Creating a baseline federated dataset
2025-11-12 04:06:56 - caltech-101_promptfl_8_0.01_1 - INFO - class_num 100
2025-11-12 04:06:56 - caltech-101_promptfl_8_0.01_1 - INFO - user class dict total [20, 79, 93, 54, 52, 65, 0, 1, 48, 74]
2025-11-12 04:06:56 - caltech-101_promptfl_8_0.01_1 - INFO - idx: 0, output_dict_len: 673
2025-11-12 04:06:56 - caltech-101_promptfl_8_0.01_1 - INFO - user class dict total [44, 82, 35, 69, 91, 42, 33, 14, 5, 62]
2025-11-12 04:06:56 - caltech-101_promptfl_8_0.01_1 - INFO - idx: 1, output_dict_len: 296
2025-11-12 04:06:56 - caltech-101_promptfl_8_0.01_1 - INFO - user class dict total [32, 55, 96, 10, 21, 31, 90, 27, 28, 76]
2025-11-12 04:06:56 - caltech-101_promptfl_8_0.01_1 - INFO - idx: 2, output_dict_len: 251
2025-11-12 04:06:56 - caltech-101_promptfl_8_0.01_1 - INFO - user class dict total [80, 71, 66, 58, 23, 70, 60, 72, 17, 18]
2025-11-12 04:06:56 - caltech-101_promptfl_8_0.01_1 - INFO - idx: 3, output_dict_len: 275
2025-11-12 04:06:56 - caltech-101_promptfl_8_0.01_1 - INFO - user class dict total [45, 34, 11, 56, 84, 13, 41, 30, 24, 85]
2025-11-12 04:06:56 - caltech-101_promptfl_8_0.01_1 - INFO - idx: 4, output_dict_len: 369
2025-11-12 04:06:56 - caltech-101_promptfl_8_0.01_1 - INFO - user class dict total [51, 75, 37, 6, 53, 94, 95, 39, 47, 98]
2025-11-12 04:06:56 - caltech-101_promptfl_8_0.01_1 - INFO - idx: 5, output_dict_len: 265
2025-11-12 04:06:56 - caltech-101_promptfl_8_0.01_1 - INFO - user class dict total [36, 7, 50, 3, 63, 59, 9, 77, 64, 92]
2025-11-12 04:06:56 - caltech-101_promptfl_8_0.01_1 - INFO - idx: 6, output_dict_len: 286
2025-11-12 04:06:56 - caltech-101_promptfl_8_0.01_1 - INFO - user class dict total [86, 97, 61, 19, 25, 4, 16, 8, 46, 26]
2025-11-12 04:06:56 - caltech-101_promptfl_8_0.01_1 - INFO - idx: 7, output_dict_len: 675
2025-11-12 04:06:56 - caltech-101_promptfl_8_0.01_1 - INFO - user class dict total [2, 88, 29, 22, 87, 67, 68, 38, 83, 15]
2025-11-12 04:06:56 - caltech-101_promptfl_8_0.01_1 - INFO - idx: 8, output_dict_len: 695
2025-11-12 04:06:56 - caltech-101_promptfl_8_0.01_1 - INFO - user class dict total [12, 81, 43, 73, 78, 40, 99, 57, 89, 49]
2025-11-12 04:06:56 - caltech-101_promptfl_8_0.01_1 - INFO - idx: 9, output_dict_len: 343
2025-11-12 04:06:56 - caltech-101_promptfl_8_0.01_1 - INFO - Creating a baseline federated dataset
2025-11-12 04:06:56 - caltech-101_promptfl_8_0.01_1 - INFO - class_num 100
2025-11-12 04:06:56 - caltech-101_promptfl_8_0.01_1 - INFO - user class dict total [20, 79, 93, 54, 52, 65, 0, 1, 48, 74]
2025-11-12 04:06:56 - caltech-101_promptfl_8_0.01_1 - INFO - idx: 0, output_dict_len: 399
2025-11-12 04:06:56 - caltech-101_promptfl_8_0.01_1 - INFO - user class dict total [44, 82, 35, 69, 91, 42, 33, 14, 5, 62]
2025-11-12 04:06:56 - caltech-101_promptfl_8_0.01_1 - INFO - idx: 1, output_dict_len: 176
2025-11-12 04:06:56 - caltech-101_promptfl_8_0.01_1 - INFO - user class dict total [32, 55, 96, 10, 21, 31, 90, 27, 28, 76]
2025-11-12 04:06:56 - caltech-101_promptfl_8_0.01_1 - INFO - idx: 2, output_dict_len: 154
2025-11-12 04:06:56 - caltech-101_promptfl_8_0.01_1 - INFO - user class dict total [80, 71, 66, 58, 23, 70, 60, 72, 17, 18]
2025-11-12 04:06:56 - caltech-101_promptfl_8_0.01_1 - INFO - idx: 3, output_dict_len: 162
2025-11-12 04:06:56 - caltech-101_promptfl_8_0.01_1 - INFO - user class dict total [45, 34, 11, 56, 84, 13, 41, 30, 24, 85]
2025-11-12 04:06:56 - caltech-101_promptfl_8_0.01_1 - INFO - idx: 4, output_dict_len: 221
2025-11-12 04:06:56 - caltech-101_promptfl_8_0.01_1 - INFO - user class dict total [51, 75, 37, 6, 53, 94, 95, 39, 47, 98]
2025-11-12 04:06:56 - caltech-101_promptfl_8_0.01_1 - INFO - idx: 5, output_dict_len: 157
2025-11-12 04:06:56 - caltech-101_promptfl_8_0.01_1 - INFO - user class dict total [36, 7, 50, 3, 63, 59, 9, 77, 64, 92]
2025-11-12 04:06:56 - caltech-101_promptfl_8_0.01_1 - INFO - idx: 6, output_dict_len: 171
2025-11-12 04:06:56 - caltech-101_promptfl_8_0.01_1 - INFO - user class dict total [86, 97, 61, 19, 25, 4, 16, 8, 46, 26]
2025-11-12 04:06:56 - caltech-101_promptfl_8_0.01_1 - INFO - idx: 7, output_dict_len: 404
2025-11-12 04:06:56 - caltech-101_promptfl_8_0.01_1 - INFO - user class dict total [2, 88, 29, 22, 87, 67, 68, 38, 83, 15]
2025-11-12 04:06:56 - caltech-101_promptfl_8_0.01_1 - INFO - idx: 8, output_dict_len: 415
2025-11-12 04:06:56 - caltech-101_promptfl_8_0.01_1 - INFO - user class dict total [12, 81, 43, 73, 78, 40, 99, 57, 89, 49]
2025-11-12 04:06:56 - caltech-101_promptfl_8_0.01_1 - INFO - idx: 9, output_dict_len: 206
2025-11-12 04:06:56 - caltech-101_promptfl_8_0.01_1 - INFO - Loading CLIP (backbone: ViT-B/16)
2025-11-12 04:07:00 - caltech-101_promptfl_8_0.01_1 - INFO - Building custom CLIP
2025-11-12 04:07:00 - caltech-101_promptfl_8_0.01_1 - INFO - Turning off gradients in both the image and the text encoder
2025-11-12 04:07:17 - caltech-101_promptfl_8_0.01_1 - INFO - [Epoch 1/30] 训练耗时: 16.62s | 平均训练准确率: 54.33
2025-11-12 04:07:32 - caltech-101_promptfl_8_0.01_1 - INFO - [Epoch 2/30] 训练耗时: 15.41s | 平均训练准确率: 71.25
2025-11-12 04:07:47 - caltech-101_promptfl_8_0.01_1 - INFO - [Epoch 3/30] 训练耗时: 15.26s | 平均训练准确率: 74.02
2025-11-12 04:08:03 - caltech-101_promptfl_8_0.01_1 - INFO - [Epoch 4/30] 训练耗时: 15.54s | 平均训练准确率: 77.86
2025-11-12 04:08:18 - caltech-101_promptfl_8_0.01_1 - INFO - [Epoch 5/30] 训练耗时: 15.20s | 平均训练准确率: 80.18
2025-11-12 04:08:34 - caltech-101_promptfl_8_0.01_1 - INFO - [Epoch 6/30] 训练耗时: 15.33s | 平均训练准确率: 78.88
2025-11-12 04:08:48 - caltech-101_promptfl_8_0.01_1 - INFO - [Epoch 7/30] 训练耗时: 14.92s | 平均训练准确率: 81.79
2025-11-12 04:09:04 - caltech-101_promptfl_8_0.01_1 - INFO - [Epoch 8/30] 训练耗时: 15.23s | 平均训练准确率: 83.21
2025-11-12 04:09:19 - caltech-101_promptfl_8_0.01_1 - INFO - [Epoch 9/30] 训练耗时: 15.43s | 平均训练准确率: 82.41
2025-11-12 04:09:34 - caltech-101_promptfl_8_0.01_1 - INFO - [Epoch 10/30] 训练耗时: 15.31s | 平均训练准确率: 83.04
2025-11-12 04:09:50 - caltech-101_promptfl_8_0.01_1 - INFO - [Epoch 11/30] 训练耗时: 15.57s | 平均训练准确率: 82.41
2025-11-12 04:10:06 - caltech-101_promptfl_8_0.01_1 - INFO - [Epoch 12/30] 训练耗时: 15.66s | 平均训练准确率: 84.46
2025-11-12 04:10:21 - caltech-101_promptfl_8_0.01_1 - INFO - [Epoch 13/30] 训练耗时: 15.31s | 平均训练准确率: 83.17
2025-11-12 04:10:37 - caltech-101_promptfl_8_0.01_1 - INFO - [Epoch 14/30] 训练耗时: 15.78s | 平均训练准确率: 82.68
2025-11-12 04:10:52 - caltech-101_promptfl_8_0.01_1 - INFO - [Epoch 15/30] 训练耗时: 15.73s | 平均训练准确率: 82.63
2025-11-12 04:11:08 - caltech-101_promptfl_8_0.01_1 - INFO - [Epoch 16/30] 训练耗时: 15.67s | 平均训练准确率: 81.92
2025-11-12 04:11:25 - caltech-101_promptfl_8_0.01_1 - INFO - [Epoch 17/30] 训练耗时: 16.44s | 平均训练准确率: 81.29
2025-11-12 04:11:41 - caltech-101_promptfl_8_0.01_1 - INFO - [Epoch 18/30] 训练耗时: 16.29s | 平均训练准确率: 80.00
2025-11-12 04:11:57 - caltech-101_promptfl_8_0.01_1 - INFO - [Epoch 19/30] 训练耗时: 16.43s | 平均训练准确率: 82.59
2025-11-12 04:12:16 - caltech-101_promptfl_8_0.01_1 - INFO - [Epoch 20/30] 训练耗时: 18.51s | 平均训练准确率: 81.25
2025-11-12 04:12:33 - caltech-101_promptfl_8_0.01_1 - INFO - [Epoch 21/30] 训练耗时: 17.48s | 平均训练准确率: 82.46
2025-11-12 04:12:51 - caltech-101_promptfl_8_0.01_1 - INFO - [Epoch 22/30] 训练耗时: 17.55s | 平均训练准确率: 81.88
2025-11-12 04:13:07 - caltech-101_promptfl_8_0.01_1 - INFO - [Epoch 23/30] 训练耗时: 15.84s | 平均训练准确率: 82.72
2025-11-12 04:13:23 - caltech-101_promptfl_8_0.01_1 - INFO - [Epoch 24/30] 训练耗时: 16.35s | 平均训练准确率: 82.41
2025-11-12 04:13:39 - caltech-101_promptfl_8_0.01_1 - INFO - [Epoch 25/30] 训练耗时: 15.53s | 平均训练准确率: 81.88
2025-11-12 04:13:55 - caltech-101_promptfl_8_0.01_1 - INFO - [Epoch 26/30] 训练耗时: 15.97s | 平均训练准确率: 82.59
2025-11-12 04:14:10 - caltech-101_promptfl_8_0.01_1 - INFO - [Epoch 27/30] 训练耗时: 15.10s | 平均训练准确率: 83.44
2025-11-12 04:14:25 - caltech-101_promptfl_8_0.01_1 - INFO - [Epoch 28/30] 训练耗时: 15.65s | 平均训练准确率: 82.95
2025-11-12 04:14:25 - caltech-101_promptfl_8_0.01_1 - INFO - ------------local test start-------------
2025-11-12 04:14:25 - caltech-101_promptfl_8_0.01_1 - INFO - Evaluate on the client0 local set
2025-11-12 04:14:28 - caltech-101_promptfl_8_0.01_1 - INFO - => result | total: 399 | correct: 360 | accuracy: 90.2% | error: 9.8% | macro_f1: 89.5%
2025-11-12 04:14:28 - caltech-101_promptfl_8_0.01_1 - INFO - Evaluate on the client0 neighbor set
2025-11-12 04:14:39 - caltech-101_promptfl_8_0.01_1 - INFO - => result | total: 2,066 | correct: 1,914 | accuracy: 92.6% | error: 7.4% | macro_f1: 89.5%
2025-11-12 04:14:39 - caltech-101_promptfl_8_0.01_1 - INFO - Evaluate on the client1 local set
2025-11-12 04:14:40 - caltech-101_promptfl_8_0.01_1 - INFO - => result | total: 176 | correct: 165 | accuracy: 93.8% | error: 6.2% | macro_f1: 96.1%
2025-11-12 04:14:40 - caltech-101_promptfl_8_0.01_1 - INFO - Evaluate on the client1 neighbor set
2025-11-12 04:14:52 - caltech-101_promptfl_8_0.01_1 - INFO - => result | total: 2,289 | correct: 2,111 | accuracy: 92.2% | error: 7.8% | macro_f1: 88.6%
2025-11-12 04:14:52 - caltech-101_promptfl_8_0.01_1 - INFO - Evaluate on the client2 local set
2025-11-12 04:14:53 - caltech-101_promptfl_8_0.01_1 - INFO - => result | total: 154 | correct: 128 | accuracy: 83.1% | error: 16.9% | macro_f1: 86.9%
2025-11-12 04:14:53 - caltech-101_promptfl_8_0.01_1 - INFO - Evaluate on the client2 neighbor set
2025-11-12 04:15:06 - caltech-101_promptfl_8_0.01_1 - INFO - => result | total: 2,311 | correct: 2,147 | accuracy: 92.9% | error: 7.1% | macro_f1: 89.7%
2025-11-12 04:15:06 - caltech-101_promptfl_8_0.01_1 - INFO - Evaluate on the client3 local set
2025-11-12 04:15:07 - caltech-101_promptfl_8_0.01_1 - INFO - => result | total: 162 | correct: 139 | accuracy: 85.8% | error: 14.2% | macro_f1: 88.5%
2025-11-12 04:15:07 - caltech-101_promptfl_8_0.01_1 - INFO - Evaluate on the client3 neighbor set
2025-11-12 04:15:20 - caltech-101_promptfl_8_0.01_1 - INFO - => result | total: 2,303 | correct: 2,135 | accuracy: 92.7% | error: 7.3% | macro_f1: 89.7%
2025-11-12 04:15:20 - caltech-101_promptfl_8_0.01_1 - INFO - Evaluate on the client4 local set
2025-11-12 04:15:21 - caltech-101_promptfl_8_0.01_1 - INFO - => result | total: 221 | correct: 205 | accuracy: 92.8% | error: 7.2% | macro_f1: 93.0%
2025-11-12 04:15:21 - caltech-101_promptfl_8_0.01_1 - INFO - Evaluate on the client4 neighbor set
2025-11-12 04:15:34 - caltech-101_promptfl_8_0.01_1 - INFO - => result | total: 2,244 | correct: 2,072 | accuracy: 92.3% | error: 7.7% | macro_f1: 89.0%
2025-11-12 04:15:34 - caltech-101_promptfl_8_0.01_1 - INFO - Evaluate on the client5 local set
2025-11-12 04:15:34 - caltech-101_promptfl_8_0.01_1 - INFO - => result | total: 157 | correct: 146 | accuracy: 93.0% | error: 7.0% | macro_f1: 95.9%
2025-11-12 04:15:34 - caltech-101_promptfl_8_0.01_1 - INFO - Evaluate on the client5 neighbor set
2025-11-12 04:15:48 - caltech-101_promptfl_8_0.01_1 - INFO - => result | total: 2,308 | correct: 2,132 | accuracy: 92.4% | error: 7.6% | macro_f1: 88.9%
2025-11-12 04:15:48 - caltech-101_promptfl_8_0.01_1 - INFO - Evaluate on the client6 local set
2025-11-12 04:15:48 - caltech-101_promptfl_8_0.01_1 - INFO - => result | total: 171 | correct: 151 | accuracy: 88.3% | error: 11.7% | macro_f1: 93.3%
2025-11-12 04:15:48 - caltech-101_promptfl_8_0.01_1 - INFO - Evaluate on the client6 neighbor set
2025-11-12 04:16:01 - caltech-101_promptfl_8_0.01_1 - INFO - => result | total: 2,294 | correct: 2,127 | accuracy: 92.7% | error: 7.3% | macro_f1: 89.1%
2025-11-12 04:16:01 - caltech-101_promptfl_8_0.01_1 - INFO - Evaluate on the client7 local set
2025-11-12 04:16:03 - caltech-101_promptfl_8_0.01_1 - INFO - => result | total: 404 | correct: 383 | accuracy: 94.8% | error: 5.2% | macro_f1: 92.7%
2025-11-12 04:16:03 - caltech-101_promptfl_8_0.01_1 - INFO - Evaluate on the client7 neighbor set
2025-11-12 04:16:14 - caltech-101_promptfl_8_0.01_1 - INFO - => result | total: 2,061 | correct: 1,895 | accuracy: 91.9% | error: 8.1% | macro_f1: 89.3%
2025-11-12 04:16:14 - caltech-101_promptfl_8_0.01_1 - INFO - Evaluate on the client8 local set
2025-11-12 04:16:16 - caltech-101_promptfl_8_0.01_1 - INFO - => result | total: 415 | correct: 399 | accuracy: 96.1% | error: 3.9% | macro_f1: 93.7%
2025-11-12 04:16:16 - caltech-101_promptfl_8_0.01_1 - INFO - Evaluate on the client8 neighbor set
2025-11-12 04:16:28 - caltech-101_promptfl_8_0.01_1 - INFO - => result | total: 2,050 | correct: 1,879 | accuracy: 91.7% | error: 8.3% | macro_f1: 88.7%
2025-11-12 04:16:28 - caltech-101_promptfl_8_0.01_1 - INFO - Evaluate on the client9 local set
2025-11-12 04:16:29 - caltech-101_promptfl_8_0.01_1 - INFO - => result | total: 206 | correct: 199 | accuracy: 96.6% | error: 3.4% | macro_f1: 97.6%
2025-11-12 04:16:29 - caltech-101_promptfl_8_0.01_1 - INFO - Evaluate on the client9 neighbor set
2025-11-12 04:16:41 - caltech-101_promptfl_8_0.01_1 - INFO - => result | total: 2,259 | correct: 2,080 | accuracy: 92.1% | error: 7.9% | macro_f1: 88.9%
2025-11-12 04:16:41 - caltech-101_promptfl_8_0.01_1 - INFO - Global test local acc: 91.45
2025-11-12 04:16:41 - caltech-101_promptfl_8_0.01_1 - INFO - Global test neighbor acc: 92.36
2025-11-12 04:16:41 - caltech-101_promptfl_8_0.01_1 - INFO - ------------local test finish-------------
2025-11-12 04:16:41 - caltech-101_promptfl_8_0.01_1 - INFO - [Epoch 28/30] 测试耗时: 135.64s
2025-11-12 04:16:56 - caltech-101_promptfl_8_0.01_1 - INFO - [Epoch 29/30] 训练耗时: 14.79s | 平均训练准确率: 82.23
2025-11-12 04:16:56 - caltech-101_promptfl_8_0.01_1 - INFO - ------------local test start-------------
2025-11-12 04:16:56 - caltech-101_promptfl_8_0.01_1 - INFO - Evaluate on the client0 local set
2025-11-12 04:16:58 - caltech-101_promptfl_8_0.01_1 - INFO - => result | total: 399 | correct: 360 | accuracy: 90.2% | error: 9.8% | macro_f1: 88.9%
2025-11-12 04:16:58 - caltech-101_promptfl_8_0.01_1 - INFO - Evaluate on the client0 neighbor set
2025-11-12 04:17:09 - caltech-101_promptfl_8_0.01_1 - INFO - => result | total: 2,066 | correct: 1,918 | accuracy: 92.8% | error: 7.2% | macro_f1: 89.7%
2025-11-12 04:17:09 - caltech-101_promptfl_8_0.01_1 - INFO - Evaluate on the client1 local set
2025-11-12 04:17:10 - caltech-101_promptfl_8_0.01_1 - INFO - => result | total: 176 | correct: 166 | accuracy: 94.3% | error: 5.7% | macro_f1: 96.3%
2025-11-12 04:17:10 - caltech-101_promptfl_8_0.01_1 - INFO - Evaluate on the client1 neighbor set
2025-11-12 04:17:23 - caltech-101_promptfl_8_0.01_1 - INFO - => result | total: 2,289 | correct: 2,110 | accuracy: 92.2% | error: 7.8% | macro_f1: 88.5%
2025-11-12 04:17:23 - caltech-101_promptfl_8_0.01_1 - INFO - Evaluate on the client2 local set
2025-11-12 04:17:24 - caltech-101_promptfl_8_0.01_1 - INFO - => result | total: 154 | correct: 131 | accuracy: 85.1% | error: 14.9% | macro_f1: 87.8%
2025-11-12 04:17:24 - caltech-101_promptfl_8_0.01_1 - INFO - Evaluate on the client2 neighbor set
2025-11-12 04:17:38 - caltech-101_promptfl_8_0.01_1 - INFO - => result | total: 2,311 | correct: 2,147 | accuracy: 92.9% | error: 7.1% | macro_f1: 89.7%
2025-11-12 04:17:38 - caltech-101_promptfl_8_0.01_1 - INFO - Evaluate on the client3 local set
2025-11-12 04:17:39 - caltech-101_promptfl_8_0.01_1 - INFO - => result | total: 162 | correct: 142 | accuracy: 87.7% | error: 12.3% | macro_f1: 90.2%
2025-11-12 04:17:39 - caltech-101_promptfl_8_0.01_1 - INFO - Evaluate on the client3 neighbor set
2025-11-12 04:17:51 - caltech-101_promptfl_8_0.01_1 - INFO - => result | total: 2,303 | correct: 2,136 | accuracy: 92.7% | error: 7.3% | macro_f1: 89.7%
2025-11-12 04:17:51 - caltech-101_promptfl_8_0.01_1 - INFO - Evaluate on the client4 local set
2025-11-12 04:17:52 - caltech-101_promptfl_8_0.01_1 - INFO - => result | total: 221 | correct: 206 | accuracy: 93.2% | error: 6.8% | macro_f1: 93.4%
2025-11-12 04:17:52 - caltech-101_promptfl_8_0.01_1 - INFO - Evaluate on the client4 neighbor set
2025-11-12 04:18:05 - caltech-101_promptfl_8_0.01_1 - INFO - => result | total: 2,244 | correct: 2,072 | accuracy: 92.3% | error: 7.7% | macro_f1: 89.0%
2025-11-12 04:18:05 - caltech-101_promptfl_8_0.01_1 - INFO - Evaluate on the client5 local set
2025-11-12 04:18:06 - caltech-101_promptfl_8_0.01_1 - INFO - => result | total: 157 | correct: 144 | accuracy: 91.7% | error: 8.3% | macro_f1: 94.9%
2025-11-12 04:18:06 - caltech-101_promptfl_8_0.01_1 - INFO - Evaluate on the client5 neighbor set
2025-11-12 04:18:19 - caltech-101_promptfl_8_0.01_1 - INFO - => result | total: 2,308 | correct: 2,135 | accuracy: 92.5% | error: 7.5% | macro_f1: 89.2%
2025-11-12 04:18:19 - caltech-101_promptfl_8_0.01_1 - INFO - Evaluate on the client6 local set
2025-11-12 04:18:20 - caltech-101_promptfl_8_0.01_1 - INFO - => result | total: 171 | correct: 150 | accuracy: 87.7% | error: 12.3% | macro_f1: 92.4%
2025-11-12 04:18:20 - caltech-101_promptfl_8_0.01_1 - INFO - Evaluate on the client6 neighbor set
2025-11-12 04:18:33 - caltech-101_promptfl_8_0.01_1 - INFO - => result | total: 2,294 | correct: 2,129 | accuracy: 92.8% | error: 7.2% | macro_f1: 89.2%
2025-11-12 04:18:33 - caltech-101_promptfl_8_0.01_1 - INFO - Evaluate on the client7 local set
2025-11-12 04:18:36 - caltech-101_promptfl_8_0.01_1 - INFO - => result | total: 404 | correct: 383 | accuracy: 94.8% | error: 5.2% | macro_f1: 92.7%
2025-11-12 04:18:36 - caltech-101_promptfl_8_0.01_1 - INFO - Evaluate on the client7 neighbor set
2025-11-12 04:18:47 - caltech-101_promptfl_8_0.01_1 - INFO - => result | total: 2,061 | correct: 1,894 | accuracy: 91.9% | error: 8.1% | macro_f1: 89.1%
2025-11-12 04:18:47 - caltech-101_promptfl_8_0.01_1 - INFO - Evaluate on the client8 local set
2025-11-12 04:18:49 - caltech-101_promptfl_8_0.01_1 - INFO - => result | total: 415 | correct: 398 | accuracy: 95.9% | error: 4.1% | macro_f1: 93.4%
2025-11-12 04:18:49 - caltech-101_promptfl_8_0.01_1 - INFO - Evaluate on the client8 neighbor set
2025-11-12 04:19:00 - caltech-101_promptfl_8_0.01_1 - INFO - => result | total: 2,050 | correct: 1,881 | accuracy: 91.8% | error: 8.2% | macro_f1: 88.8%
2025-11-12 04:19:00 - caltech-101_promptfl_8_0.01_1 - INFO - Evaluate on the client9 local set
2025-11-12 04:19:01 - caltech-101_promptfl_8_0.01_1 - INFO - => result | total: 206 | correct: 200 | accuracy: 97.1% | error: 2.9% | macro_f1: 97.9%
2025-11-12 04:19:01 - caltech-101_promptfl_8_0.01_1 - INFO - Evaluate on the client9 neighbor set
2025-11-12 04:19:13 - caltech-101_promptfl_8_0.01_1 - INFO - => result | total: 2,259 | correct: 2,078 | accuracy: 92.0% | error: 8.0% | macro_f1: 88.8%
2025-11-12 04:19:13 - caltech-101_promptfl_8_0.01_1 - INFO - Global test local acc: 91.77
2025-11-12 04:19:13 - caltech-101_promptfl_8_0.01_1 - INFO - Global test neighbor acc: 92.40
2025-11-12 04:19:13 - caltech-101_promptfl_8_0.01_1 - INFO - ------------local test finish-------------
2025-11-12 04:19:13 - caltech-101_promptfl_8_0.01_1 - INFO - [Epoch 29/30] 测试耗时: 137.55s
2025-11-12 04:19:28 - caltech-101_promptfl_8_0.01_1 - INFO - [Epoch 30/30] 训练耗时: 14.89s | 平均训练准确率: 82.90
2025-11-12 04:19:28 - caltech-101_promptfl_8_0.01_1 - INFO - ------------local test start-------------
2025-11-12 04:19:28 - caltech-101_promptfl_8_0.01_1 - INFO - Evaluate on the client0 local set
2025-11-12 04:19:31 - caltech-101_promptfl_8_0.01_1 - INFO - => result | total: 399 | correct: 359 | accuracy: 90.0% | error: 10.0% | macro_f1: 88.7%
2025-11-12 04:19:31 - caltech-101_promptfl_8_0.01_1 - INFO - Evaluate on the client0 neighbor set
2025-11-12 04:19:42 - caltech-101_promptfl_8_0.01_1 - INFO - => result | total: 2,066 | correct: 1,916 | accuracy: 92.7% | error: 7.3% | macro_f1: 89.2%
2025-11-12 04:19:42 - caltech-101_promptfl_8_0.01_1 - INFO - Evaluate on the client1 local set
2025-11-12 04:19:42 - caltech-101_promptfl_8_0.01_1 - INFO - => result | total: 176 | correct: 165 | accuracy: 93.8% | error: 6.2% | macro_f1: 95.7%
2025-11-12 04:19:42 - caltech-101_promptfl_8_0.01_1 - INFO - Evaluate on the client1 neighbor set
2025-11-12 04:19:56 - caltech-101_promptfl_8_0.01_1 - INFO - => result | total: 2,289 | correct: 2,113 | accuracy: 92.3% | error: 7.7% | macro_f1: 88.5%
2025-11-12 04:19:56 - caltech-101_promptfl_8_0.01_1 - INFO - Evaluate on the client2 local set
2025-11-12 04:19:56 - caltech-101_promptfl_8_0.01_1 - INFO - => result | total: 154 | correct: 124 | accuracy: 80.5% | error: 19.5% | macro_f1: 83.1%
2025-11-12 04:19:56 - caltech-101_promptfl_8_0.01_1 - INFO - Evaluate on the client2 neighbor set
2025-11-12 04:20:10 - caltech-101_promptfl_8_0.01_1 - INFO - => result | total: 2,311 | correct: 2,154 | accuracy: 93.2% | error: 6.8% | macro_f1: 90.1%
2025-11-12 04:20:10 - caltech-101_promptfl_8_0.01_1 - INFO - Evaluate on the client3 local set
2025-11-12 04:20:11 - caltech-101_promptfl_8_0.01_1 - INFO - => result | total: 162 | correct: 143 | accuracy: 88.3% | error: 11.7% | macro_f1: 90.8%
2025-11-12 04:20:11 - caltech-101_promptfl_8_0.01_1 - INFO - Evaluate on the client3 neighbor set
2025-11-12 04:20:23 - caltech-101_promptfl_8_0.01_1 - INFO - => result | total: 2,303 | correct: 2,134 | accuracy: 92.7% | error: 7.3% | macro_f1: 89.5%
2025-11-12 04:20:23 - caltech-101_promptfl_8_0.01_1 - INFO - Evaluate on the client4 local set
2025-11-12 04:20:24 - caltech-101_promptfl_8_0.01_1 - INFO - => result | total: 221 | correct: 204 | accuracy: 92.3% | error: 7.7% | macro_f1: 92.2%
2025-11-12 04:20:24 - caltech-101_promptfl_8_0.01_1 - INFO - Evaluate on the client4 neighbor set
2025-11-12 04:20:37 - caltech-101_promptfl_8_0.01_1 - INFO - => result | total: 2,244 | correct: 2,075 | accuracy: 92.5% | error: 7.5% | macro_f1: 89.0%
2025-11-12 04:20:37 - caltech-101_promptfl_8_0.01_1 - INFO - Evaluate on the client5 local set
2025-11-12 04:20:38 - caltech-101_promptfl_8_0.01_1 - INFO - => result | total: 157 | correct: 148 | accuracy: 94.3% | error: 5.7% | macro_f1: 96.8%
2025-11-12 04:20:38 - caltech-101_promptfl_8_0.01_1 - INFO - Evaluate on the client5 neighbor set
2025-11-12 04:20:51 - caltech-101_promptfl_8_0.01_1 - INFO - => result | total: 2,308 | correct: 2,130 | accuracy: 92.3% | error: 7.7% | macro_f1: 88.7%
2025-11-12 04:20:51 - caltech-101_promptfl_8_0.01_1 - INFO - Evaluate on the client6 local set
2025-11-12 04:20:52 - caltech-101_promptfl_8_0.01_1 - INFO - => result | total: 171 | correct: 157 | accuracy: 91.8% | error: 8.2% | macro_f1: 95.7%
2025-11-12 04:20:52 - caltech-101_promptfl_8_0.01_1 - INFO - Evaluate on the client6 neighbor set
2025-11-12 04:21:04 - caltech-101_promptfl_8_0.01_1 - INFO - => result | total: 2,294 | correct: 2,120 | accuracy: 92.4% | error: 7.6% | macro_f1: 88.3%
2025-11-12 04:21:04 - caltech-101_promptfl_8_0.01_1 - INFO - Evaluate on the client7 local set
2025-11-12 04:21:06 - caltech-101_promptfl_8_0.01_1 - INFO - => result | total: 404 | correct: 380 | accuracy: 94.1% | error: 5.9% | macro_f1: 91.5%
2025-11-12 04:21:06 - caltech-101_promptfl_8_0.01_1 - INFO - Evaluate on the client7 neighbor set
2025-11-12 04:21:18 - caltech-101_promptfl_8_0.01_1 - INFO - => result | total: 2,061 | correct: 1,895 | accuracy: 91.9% | error: 8.1% | macro_f1: 89.1%
2025-11-12 04:21:18 - caltech-101_promptfl_8_0.01_1 - INFO - Evaluate on the client8 local set
2025-11-12 04:21:21 - caltech-101_promptfl_8_0.01_1 - INFO - => result | total: 415 | correct: 397 | accuracy: 95.7% | error: 4.3% | macro_f1: 92.9%
2025-11-12 04:21:21 - caltech-101_promptfl_8_0.01_1 - INFO - Evaluate on the client8 neighbor set
2025-11-12 04:21:32 - caltech-101_promptfl_8_0.01_1 - INFO - => result | total: 2,050 | correct: 1,879 | accuracy: 91.7% | error: 8.3% | macro_f1: 88.5%
2025-11-12 04:21:32 - caltech-101_promptfl_8_0.01_1 - INFO - Evaluate on the client9 local set
2025-11-12 04:21:33 - caltech-101_promptfl_8_0.01_1 - INFO - => result | total: 206 | correct: 199 | accuracy: 96.6% | error: 3.4% | macro_f1: 97.2%
2025-11-12 04:21:33 - caltech-101_promptfl_8_0.01_1 - INFO - Evaluate on the client9 neighbor set
2025-11-12 04:21:46 - caltech-101_promptfl_8_0.01_1 - INFO - => result | total: 2,259 | correct: 2,076 | accuracy: 91.9% | error: 8.1% | macro_f1: 88.7%
2025-11-12 04:21:46 - caltech-101_promptfl_8_0.01_1 - INFO - Global test local acc: 91.72
2025-11-12 04:21:46 - caltech-101_promptfl_8_0.01_1 - INFO - Global test neighbor acc: 92.36
2025-11-12 04:21:46 - caltech-101_promptfl_8_0.01_1 - INFO - ------------local test finish-------------
2025-11-12 04:21:46 - caltech-101_promptfl_8_0.01_1 - INFO - [Epoch 30/30] 测试耗时: 138.25s
2025-11-12 04:21:46 - caltech-101_promptfl_8_0.01_1 - INFO - maximum test local acc: 91.771
2025-11-12 04:21:46 - caltech-101_promptfl_8_0.01_1 - INFO - mean of local acc: 91.648
2025-11-12 04:21:46 - caltech-101_promptfl_8_0.01_1 - INFO - maximum test neighbor acc: 92.396
2025-11-12 04:21:46 - caltech-101_promptfl_8_0.01_1 - INFO - mean of neighbor acc: 92.371
