2025-11-12 04:21:52 - caltech-101_fedpgp_8_0.01_1 - INFO - 日志文件已创建: logs/caltech-101_fedpgp_8_0.01_1_20251112_042152.log
2025-11-12 04:21:52 - caltech-101_fedpgp_8_0.01_1 - INFO - Loading trainer: DP_FPL
2025-11-12 04:21:52 - caltech-101_fedpgp_8_0.01_1 - INFO - Loading dataset: Caltech101
2025-11-12 04:21:52 - caltech-101_fedpgp_8_0.01_1 - INFO - Reading split from /home/liuxin25/dataset/caltech-101/split_zhou_Caltech101.json
2025-11-12 04:21:52 - caltech-101_fedpgp_8_0.01_1 - INFO - Creating a baseline federated dataset
2025-11-12 04:21:52 - caltech-101_fedpgp_8_0.01_1 - INFO - class_num 100
2025-11-12 04:21:52 - caltech-101_fedpgp_8_0.01_1 - INFO - user class dict total [20, 79, 93, 54, 52, 65, 0, 1, 48, 74]
2025-11-12 04:21:52 - caltech-101_fedpgp_8_0.01_1 - INFO - idx: 0, output_dict_len: 673
2025-11-12 04:21:52 - caltech-101_fedpgp_8_0.01_1 - INFO - user class dict total [44, 82, 35, 69, 91, 42, 33, 14, 5, 62]
2025-11-12 04:21:52 - caltech-101_fedpgp_8_0.01_1 - INFO - idx: 1, output_dict_len: 296
2025-11-12 04:21:52 - caltech-101_fedpgp_8_0.01_1 - INFO - user class dict total [32, 55, 96, 10, 21, 31, 90, 27, 28, 76]
2025-11-12 04:21:52 - caltech-101_fedpgp_8_0.01_1 - INFO - idx: 2, output_dict_len: 251
2025-11-12 04:21:52 - caltech-101_fedpgp_8_0.01_1 - INFO - user class dict total [80, 71, 66, 58, 23, 70, 60, 72, 17, 18]
2025-11-12 04:21:52 - caltech-101_fedpgp_8_0.01_1 - INFO - idx: 3, output_dict_len: 275
2025-11-12 04:21:52 - caltech-101_fedpgp_8_0.01_1 - INFO - user class dict total [45, 34, 11, 56, 84, 13, 41, 30, 24, 85]
2025-11-12 04:21:52 - caltech-101_fedpgp_8_0.01_1 - INFO - idx: 4, output_dict_len: 369
2025-11-12 04:21:52 - caltech-101_fedpgp_8_0.01_1 - INFO - user class dict total [51, 75, 37, 6, 53, 94, 95, 39, 47, 98]
2025-11-12 04:21:52 - caltech-101_fedpgp_8_0.01_1 - INFO - idx: 5, output_dict_len: 265
2025-11-12 04:21:52 - caltech-101_fedpgp_8_0.01_1 - INFO - user class dict total [36, 7, 50, 3, 63, 59, 9, 77, 64, 92]
2025-11-12 04:21:52 - caltech-101_fedpgp_8_0.01_1 - INFO - idx: 6, output_dict_len: 286
2025-11-12 04:21:52 - caltech-101_fedpgp_8_0.01_1 - INFO - user class dict total [86, 97, 61, 19, 25, 4, 16, 8, 46, 26]
2025-11-12 04:21:52 - caltech-101_fedpgp_8_0.01_1 - INFO - idx: 7, output_dict_len: 675
2025-11-12 04:21:52 - caltech-101_fedpgp_8_0.01_1 - INFO - user class dict total [2, 88, 29, 22, 87, 67, 68, 38, 83, 15]
2025-11-12 04:21:52 - caltech-101_fedpgp_8_0.01_1 - INFO - idx: 8, output_dict_len: 695
2025-11-12 04:21:52 - caltech-101_fedpgp_8_0.01_1 - INFO - user class dict total [12, 81, 43, 73, 78, 40, 99, 57, 89, 49]
2025-11-12 04:21:52 - caltech-101_fedpgp_8_0.01_1 - INFO - idx: 9, output_dict_len: 343
2025-11-12 04:21:52 - caltech-101_fedpgp_8_0.01_1 - INFO - Creating a baseline federated dataset
2025-11-12 04:21:52 - caltech-101_fedpgp_8_0.01_1 - INFO - class_num 100
2025-11-12 04:21:52 - caltech-101_fedpgp_8_0.01_1 - INFO - user class dict total [20, 79, 93, 54, 52, 65, 0, 1, 48, 74]
2025-11-12 04:21:52 - caltech-101_fedpgp_8_0.01_1 - INFO - idx: 0, output_dict_len: 399
2025-11-12 04:21:52 - caltech-101_fedpgp_8_0.01_1 - INFO - user class dict total [44, 82, 35, 69, 91, 42, 33, 14, 5, 62]
2025-11-12 04:21:52 - caltech-101_fedpgp_8_0.01_1 - INFO - idx: 1, output_dict_len: 176
2025-11-12 04:21:52 - caltech-101_fedpgp_8_0.01_1 - INFO - user class dict total [32, 55, 96, 10, 21, 31, 90, 27, 28, 76]
2025-11-12 04:21:52 - caltech-101_fedpgp_8_0.01_1 - INFO - idx: 2, output_dict_len: 154
2025-11-12 04:21:52 - caltech-101_fedpgp_8_0.01_1 - INFO - user class dict total [80, 71, 66, 58, 23, 70, 60, 72, 17, 18]
2025-11-12 04:21:52 - caltech-101_fedpgp_8_0.01_1 - INFO - idx: 3, output_dict_len: 162
2025-11-12 04:21:52 - caltech-101_fedpgp_8_0.01_1 - INFO - user class dict total [45, 34, 11, 56, 84, 13, 41, 30, 24, 85]
2025-11-12 04:21:52 - caltech-101_fedpgp_8_0.01_1 - INFO - idx: 4, output_dict_len: 221
2025-11-12 04:21:52 - caltech-101_fedpgp_8_0.01_1 - INFO - user class dict total [51, 75, 37, 6, 53, 94, 95, 39, 47, 98]
2025-11-12 04:21:52 - caltech-101_fedpgp_8_0.01_1 - INFO - idx: 5, output_dict_len: 157
2025-11-12 04:21:52 - caltech-101_fedpgp_8_0.01_1 - INFO - user class dict total [36, 7, 50, 3, 63, 59, 9, 77, 64, 92]
2025-11-12 04:21:52 - caltech-101_fedpgp_8_0.01_1 - INFO - idx: 6, output_dict_len: 171
2025-11-12 04:21:52 - caltech-101_fedpgp_8_0.01_1 - INFO - user class dict total [86, 97, 61, 19, 25, 4, 16, 8, 46, 26]
2025-11-12 04:21:52 - caltech-101_fedpgp_8_0.01_1 - INFO - idx: 7, output_dict_len: 404
2025-11-12 04:21:52 - caltech-101_fedpgp_8_0.01_1 - INFO - user class dict total [2, 88, 29, 22, 87, 67, 68, 38, 83, 15]
2025-11-12 04:21:52 - caltech-101_fedpgp_8_0.01_1 - INFO - idx: 8, output_dict_len: 415
2025-11-12 04:21:52 - caltech-101_fedpgp_8_0.01_1 - INFO - user class dict total [12, 81, 43, 73, 78, 40, 99, 57, 89, 49]
2025-11-12 04:21:52 - caltech-101_fedpgp_8_0.01_1 - INFO - idx: 9, output_dict_len: 206
2025-11-12 04:21:52 - caltech-101_fedpgp_8_0.01_1 - INFO - Loading CLIP (backbone: ViT-B/16)
2025-11-12 04:21:56 - caltech-101_fedpgp_8_0.01_1 - INFO - Building custom CLIP
2025-11-12 04:21:56 - caltech-101_fedpgp_8_0.01_1 - INFO - Turning off gradients in both the image and the text encoder
2025-11-12 04:22:12 - caltech-101_fedpgp_8_0.01_1 - INFO - [Epoch 1/30] 训练耗时: 16.25s | 平均训练准确率: 53.48
2025-11-12 04:22:27 - caltech-101_fedpgp_8_0.01_1 - INFO - [Epoch 2/30] 训练耗时: 14.69s | 平均训练准确率: 70.18
2025-11-12 04:22:42 - caltech-101_fedpgp_8_0.01_1 - INFO - [Epoch 3/30] 训练耗时: 15.11s | 平均训练准确率: 72.99
2025-11-12 04:22:57 - caltech-101_fedpgp_8_0.01_1 - INFO - [Epoch 4/30] 训练耗时: 15.06s | 平均训练准确率: 79.15
2025-11-12 04:23:12 - caltech-101_fedpgp_8_0.01_1 - INFO - [Epoch 5/30] 训练耗时: 14.80s | 平均训练准确率: 75.09
2025-11-12 04:23:27 - caltech-101_fedpgp_8_0.01_1 - INFO - [Epoch 6/30] 训练耗时: 14.80s | 平均训练准确率: 77.99
2025-11-12 04:23:42 - caltech-101_fedpgp_8_0.01_1 - INFO - [Epoch 7/30] 训练耗时: 15.28s | 平均训练准确率: 80.31
2025-11-12 04:23:59 - caltech-101_fedpgp_8_0.01_1 - INFO - [Epoch 8/30] 训练耗时: 16.63s | 平均训练准确率: 78.44
2025-11-12 04:24:17 - caltech-101_fedpgp_8_0.01_1 - INFO - [Epoch 9/30] 训练耗时: 17.81s | 平均训练准确率: 81.12
2025-11-12 04:24:32 - caltech-101_fedpgp_8_0.01_1 - INFO - [Epoch 10/30] 训练耗时: 15.05s | 平均训练准确率: 79.51
2025-11-12 04:24:46 - caltech-101_fedpgp_8_0.01_1 - INFO - [Epoch 11/30] 训练耗时: 14.73s | 平均训练准确率: 75.22
2025-11-12 04:25:01 - caltech-101_fedpgp_8_0.01_1 - INFO - [Epoch 12/30] 训练耗时: 14.91s | 平均训练准确率: 78.57
2025-11-12 04:25:17 - caltech-101_fedpgp_8_0.01_1 - INFO - [Epoch 13/30] 训练耗时: 15.26s | 平均训练准确率: 78.57
2025-11-12 04:25:32 - caltech-101_fedpgp_8_0.01_1 - INFO - [Epoch 14/30] 训练耗时: 15.34s | 平均训练准确率: 76.25
2025-11-12 04:25:47 - caltech-101_fedpgp_8_0.01_1 - INFO - [Epoch 15/30] 训练耗时: 14.92s | 平均训练准确率: 78.21
2025-11-12 04:26:02 - caltech-101_fedpgp_8_0.01_1 - INFO - [Epoch 16/30] 训练耗时: 15.09s | 平均训练准确率: 80.09
2025-11-12 04:26:17 - caltech-101_fedpgp_8_0.01_1 - INFO - [Epoch 17/30] 训练耗时: 14.98s | 平均训练准确率: 80.45
2025-11-12 04:26:32 - caltech-101_fedpgp_8_0.01_1 - INFO - [Epoch 18/30] 训练耗时: 14.97s | 平均训练准确率: 79.15
2025-11-12 04:26:47 - caltech-101_fedpgp_8_0.01_1 - INFO - [Epoch 19/30] 训练耗时: 15.18s | 平均训练准确率: 76.74
2025-11-12 04:27:02 - caltech-101_fedpgp_8_0.01_1 - INFO - [Epoch 20/30] 训练耗时: 14.83s | 平均训练准确率: 78.53
2025-11-12 04:27:17 - caltech-101_fedpgp_8_0.01_1 - INFO - [Epoch 21/30] 训练耗时: 14.98s | 平均训练准确率: 79.46
2025-11-12 04:27:31 - caltech-101_fedpgp_8_0.01_1 - INFO - [Epoch 22/30] 训练耗时: 14.63s | 平均训练准确率: 75.62
2025-11-12 04:27:47 - caltech-101_fedpgp_8_0.01_1 - INFO - [Epoch 23/30] 训练耗时: 15.58s | 平均训练准确率: 76.74
2025-11-12 04:28:02 - caltech-101_fedpgp_8_0.01_1 - INFO - [Epoch 24/30] 训练耗时: 15.00s | 平均训练准确率: 77.37
2025-11-12 04:28:17 - caltech-101_fedpgp_8_0.01_1 - INFO - [Epoch 25/30] 训练耗时: 15.39s | 平均训练准确率: 77.81
2025-11-12 04:28:32 - caltech-101_fedpgp_8_0.01_1 - INFO - [Epoch 26/30] 训练耗时: 14.87s | 平均训练准确率: 74.33
2025-11-12 04:28:47 - caltech-101_fedpgp_8_0.01_1 - INFO - [Epoch 27/30] 训练耗时: 14.75s | 平均训练准确率: 74.11
2025-11-12 04:29:02 - caltech-101_fedpgp_8_0.01_1 - INFO - [Epoch 28/30] 训练耗时: 14.68s | 平均训练准确率: 73.26
2025-11-12 04:29:02 - caltech-101_fedpgp_8_0.01_1 - INFO - ------------local test start-------------
2025-11-12 04:29:02 - caltech-101_fedpgp_8_0.01_1 - INFO - Evaluate on the client0 local set
2025-11-12 04:29:05 - caltech-101_fedpgp_8_0.01_1 - INFO - => result | total: 399 | correct: 237 | accuracy: 59.4% | error: 40.6% | macro_f1: 73.8%
2025-11-12 04:29:05 - caltech-101_fedpgp_8_0.01_1 - INFO - Evaluate on the client0 neighbor set
2025-11-12 04:29:16 - caltech-101_fedpgp_8_0.01_1 - INFO - => result | total: 2,066 | correct: 1,883 | accuracy: 91.1% | error: 8.9% | macro_f1: 86.8%
2025-11-12 04:29:16 - caltech-101_fedpgp_8_0.01_1 - INFO - Evaluate on the client1 local set
2025-11-12 04:29:17 - caltech-101_fedpgp_8_0.01_1 - INFO - => result | total: 176 | correct: 161 | accuracy: 91.5% | error: 8.5% | macro_f1: 94.1%
2025-11-12 04:29:17 - caltech-101_fedpgp_8_0.01_1 - INFO - Evaluate on the client1 neighbor set
2025-11-12 04:29:29 - caltech-101_fedpgp_8_0.01_1 - INFO - => result | total: 2,289 | correct: 1,959 | accuracy: 85.6% | error: 14.4% | macro_f1: 82.7%
2025-11-12 04:29:29 - caltech-101_fedpgp_8_0.01_1 - INFO - Evaluate on the client2 local set
2025-11-12 04:29:30 - caltech-101_fedpgp_8_0.01_1 - INFO - => result | total: 154 | correct: 107 | accuracy: 69.5% | error: 30.5% | macro_f1: 75.0%
2025-11-12 04:29:30 - caltech-101_fedpgp_8_0.01_1 - INFO - Evaluate on the client2 neighbor set
2025-11-12 04:29:43 - caltech-101_fedpgp_8_0.01_1 - INFO - => result | total: 2,311 | correct: 2,012 | accuracy: 87.1% | error: 12.9% | macro_f1: 84.5%
2025-11-12 04:29:43 - caltech-101_fedpgp_8_0.01_1 - INFO - Evaluate on the client3 local set
2025-11-12 04:29:44 - caltech-101_fedpgp_8_0.01_1 - INFO - => result | total: 162 | correct: 147 | accuracy: 90.7% | error: 9.3% | macro_f1: 90.9%
2025-11-12 04:29:44 - caltech-101_fedpgp_8_0.01_1 - INFO - Evaluate on the client3 neighbor set
2025-11-12 04:29:57 - caltech-101_fedpgp_8_0.01_1 - INFO - => result | total: 2,303 | correct: 1,974 | accuracy: 85.7% | error: 14.3% | macro_f1: 83.2%
2025-11-12 04:29:57 - caltech-101_fedpgp_8_0.01_1 - INFO - Evaluate on the client4 local set
2025-11-12 04:29:58 - caltech-101_fedpgp_8_0.01_1 - INFO - => result | total: 221 | correct: 205 | accuracy: 92.8% | error: 7.2% | macro_f1: 93.0%
2025-11-12 04:29:58 - caltech-101_fedpgp_8_0.01_1 - INFO - Evaluate on the client4 neighbor set
2025-11-12 04:30:11 - caltech-101_fedpgp_8_0.01_1 - INFO - => result | total: 2,244 | correct: 1,917 | accuracy: 85.4% | error: 14.6% | macro_f1: 83.3%
2025-11-12 04:30:11 - caltech-101_fedpgp_8_0.01_1 - INFO - Evaluate on the client5 local set
2025-11-12 04:30:12 - caltech-101_fedpgp_8_0.01_1 - INFO - => result | total: 157 | correct: 147 | accuracy: 93.6% | error: 6.4% | macro_f1: 96.7%
2025-11-12 04:30:12 - caltech-101_fedpgp_8_0.01_1 - INFO - Evaluate on the client5 neighbor set
2025-11-12 04:30:26 - caltech-101_fedpgp_8_0.01_1 - INFO - => result | total: 2,308 | correct: 1,975 | accuracy: 85.6% | error: 14.4% | macro_f1: 83.1%
2025-11-12 04:30:26 - caltech-101_fedpgp_8_0.01_1 - INFO - Evaluate on the client6 local set
2025-11-12 04:30:27 - caltech-101_fedpgp_8_0.01_1 - INFO - => result | total: 171 | correct: 147 | accuracy: 86.0% | error: 14.0% | macro_f1: 91.7%
2025-11-12 04:30:27 - caltech-101_fedpgp_8_0.01_1 - INFO - Evaluate on the client6 neighbor set
2025-11-12 04:30:40 - caltech-101_fedpgp_8_0.01_1 - INFO - => result | total: 2,294 | correct: 1,973 | accuracy: 86.0% | error: 14.0% | macro_f1: 83.2%
2025-11-12 04:30:40 - caltech-101_fedpgp_8_0.01_1 - INFO - Evaluate on the client7 local set
2025-11-12 04:30:43 - caltech-101_fedpgp_8_0.01_1 - INFO - => result | total: 404 | correct: 384 | accuracy: 95.0% | error: 5.0% | macro_f1: 91.5%
2025-11-12 04:30:43 - caltech-101_fedpgp_8_0.01_1 - INFO - Evaluate on the client7 neighbor set
2025-11-12 04:30:54 - caltech-101_fedpgp_8_0.01_1 - INFO - => result | total: 2,061 | correct: 1,735 | accuracy: 84.2% | error: 15.8% | macro_f1: 83.3%
2025-11-12 04:30:54 - caltech-101_fedpgp_8_0.01_1 - INFO - Evaluate on the client8 local set
2025-11-12 04:30:57 - caltech-101_fedpgp_8_0.01_1 - INFO - => result | total: 415 | correct: 390 | accuracy: 94.0% | error: 6.0% | macro_f1: 88.8%
2025-11-12 04:30:57 - caltech-101_fedpgp_8_0.01_1 - INFO - Evaluate on the client8 neighbor set
2025-11-12 04:31:08 - caltech-101_fedpgp_8_0.01_1 - INFO - => result | total: 2,050 | correct: 1,729 | accuracy: 84.3% | error: 15.7% | macro_f1: 83.0%
2025-11-12 04:31:08 - caltech-101_fedpgp_8_0.01_1 - INFO - Evaluate on the client9 local set
2025-11-12 04:31:09 - caltech-101_fedpgp_8_0.01_1 - INFO - => result | total: 206 | correct: 197 | accuracy: 95.6% | error: 4.4% | macro_f1: 96.8%
2025-11-12 04:31:09 - caltech-101_fedpgp_8_0.01_1 - INFO - Evaluate on the client9 neighbor set
2025-11-12 04:31:21 - caltech-101_fedpgp_8_0.01_1 - INFO - => result | total: 2,259 | correct: 1,923 | accuracy: 85.1% | error: 14.9% | macro_f1: 82.7%
2025-11-12 04:31:21 - caltech-101_fedpgp_8_0.01_1 - INFO - Global test local acc: 86.81
2025-11-12 04:31:21 - caltech-101_fedpgp_8_0.01_1 - INFO - Global test neighbor acc: 86.02
2025-11-12 04:31:21 - caltech-101_fedpgp_8_0.01_1 - INFO - ------------local test finish-------------
2025-11-12 04:31:21 - caltech-101_fedpgp_8_0.01_1 - INFO - [Epoch 28/30] 测试耗时: 139.55s
2025-11-12 04:31:36 - caltech-101_fedpgp_8_0.01_1 - INFO - [Epoch 29/30] 训练耗时: 14.79s | 平均训练准确率: 76.03
2025-11-12 04:31:36 - caltech-101_fedpgp_8_0.01_1 - INFO - ------------local test start-------------
2025-11-12 04:31:36 - caltech-101_fedpgp_8_0.01_1 - INFO - Evaluate on the client0 local set
2025-11-12 04:31:39 - caltech-101_fedpgp_8_0.01_1 - INFO - => result | total: 399 | correct: 276 | accuracy: 69.2% | error: 30.8% | macro_f1: 79.3%
2025-11-12 04:31:39 - caltech-101_fedpgp_8_0.01_1 - INFO - Evaluate on the client0 neighbor set
2025-11-12 04:31:49 - caltech-101_fedpgp_8_0.01_1 - INFO - => result | total: 2,066 | correct: 1,888 | accuracy: 91.4% | error: 8.6% | macro_f1: 87.4%
2025-11-12 04:31:49 - caltech-101_fedpgp_8_0.01_1 - INFO - Evaluate on the client1 local set
2025-11-12 04:31:50 - caltech-101_fedpgp_8_0.01_1 - INFO - => result | total: 176 | correct: 162 | accuracy: 92.0% | error: 8.0% | macro_f1: 94.8%
2025-11-12 04:31:50 - caltech-101_fedpgp_8_0.01_1 - INFO - Evaluate on the client1 neighbor set
2025-11-12 04:32:03 - caltech-101_fedpgp_8_0.01_1 - INFO - => result | total: 2,289 | correct: 2,001 | accuracy: 87.4% | error: 12.6% | macro_f1: 84.0%
2025-11-12 04:32:03 - caltech-101_fedpgp_8_0.01_1 - INFO - Evaluate on the client2 local set
2025-11-12 04:32:04 - caltech-101_fedpgp_8_0.01_1 - INFO - => result | total: 154 | correct: 108 | accuracy: 70.1% | error: 29.9% | macro_f1: 75.7%
2025-11-12 04:32:04 - caltech-101_fedpgp_8_0.01_1 - INFO - Evaluate on the client2 neighbor set
2025-11-12 04:32:16 - caltech-101_fedpgp_8_0.01_1 - INFO - => result | total: 2,311 | correct: 2,056 | accuracy: 89.0% | error: 11.0% | macro_f1: 86.1%
2025-11-12 04:32:16 - caltech-101_fedpgp_8_0.01_1 - INFO - Evaluate on the client3 local set
2025-11-12 04:32:17 - caltech-101_fedpgp_8_0.01_1 - INFO - => result | total: 162 | correct: 149 | accuracy: 92.0% | error: 8.0% | macro_f1: 92.9%
2025-11-12 04:32:17 - caltech-101_fedpgp_8_0.01_1 - INFO - Evaluate on the client3 neighbor set
2025-11-12 04:32:29 - caltech-101_fedpgp_8_0.01_1 - INFO - => result | total: 2,303 | correct: 2,015 | accuracy: 87.5% | error: 12.5% | macro_f1: 84.3%
2025-11-12 04:32:29 - caltech-101_fedpgp_8_0.01_1 - INFO - Evaluate on the client4 local set
2025-11-12 04:32:30 - caltech-101_fedpgp_8_0.01_1 - INFO - => result | total: 221 | correct: 202 | accuracy: 91.4% | error: 8.6% | macro_f1: 91.1%
2025-11-12 04:32:30 - caltech-101_fedpgp_8_0.01_1 - INFO - Evaluate on the client4 neighbor set
2025-11-12 04:32:44 - caltech-101_fedpgp_8_0.01_1 - INFO - => result | total: 2,244 | correct: 1,959 | accuracy: 87.3% | error: 12.7% | macro_f1: 84.6%
2025-11-12 04:32:44 - caltech-101_fedpgp_8_0.01_1 - INFO - Evaluate on the client5 local set
2025-11-12 04:32:45 - caltech-101_fedpgp_8_0.01_1 - INFO - => result | total: 157 | correct: 148 | accuracy: 94.3% | error: 5.7% | macro_f1: 96.8%
2025-11-12 04:32:45 - caltech-101_fedpgp_8_0.01_1 - INFO - Evaluate on the client5 neighbor set
2025-11-12 04:32:58 - caltech-101_fedpgp_8_0.01_1 - INFO - => result | total: 2,308 | correct: 2,013 | accuracy: 87.2% | error: 12.8% | macro_f1: 84.3%
2025-11-12 04:32:58 - caltech-101_fedpgp_8_0.01_1 - INFO - Evaluate on the client6 local set
2025-11-12 04:32:58 - caltech-101_fedpgp_8_0.01_1 - INFO - => result | total: 171 | correct: 146 | accuracy: 85.4% | error: 14.6% | macro_f1: 91.6%
2025-11-12 04:32:58 - caltech-101_fedpgp_8_0.01_1 - INFO - Evaluate on the client6 neighbor set
2025-11-12 04:33:11 - caltech-101_fedpgp_8_0.01_1 - INFO - => result | total: 2,294 | correct: 2,015 | accuracy: 87.8% | error: 12.2% | macro_f1: 84.7%
2025-11-12 04:33:11 - caltech-101_fedpgp_8_0.01_1 - INFO - Evaluate on the client7 local set
2025-11-12 04:33:13 - caltech-101_fedpgp_8_0.01_1 - INFO - => result | total: 404 | correct: 386 | accuracy: 95.5% | error: 4.5% | macro_f1: 92.7%
2025-11-12 04:33:13 - caltech-101_fedpgp_8_0.01_1 - INFO - Evaluate on the client7 neighbor set
2025-11-12 04:33:25 - caltech-101_fedpgp_8_0.01_1 - INFO - => result | total: 2,061 | correct: 1,773 | accuracy: 86.0% | error: 14.0% | macro_f1: 84.5%
2025-11-12 04:33:25 - caltech-101_fedpgp_8_0.01_1 - INFO - Evaluate on the client8 local set
2025-11-12 04:33:27 - caltech-101_fedpgp_8_0.01_1 - INFO - => result | total: 415 | correct: 390 | accuracy: 94.0% | error: 6.0% | macro_f1: 88.1%
2025-11-12 04:33:27 - caltech-101_fedpgp_8_0.01_1 - INFO - Evaluate on the client8 neighbor set
2025-11-12 04:33:39 - caltech-101_fedpgp_8_0.01_1 - INFO - => result | total: 2,050 | correct: 1,767 | accuracy: 86.2% | error: 13.8% | macro_f1: 84.2%
2025-11-12 04:33:39 - caltech-101_fedpgp_8_0.01_1 - INFO - Evaluate on the client9 local set
2025-11-12 04:33:40 - caltech-101_fedpgp_8_0.01_1 - INFO - => result | total: 206 | correct: 197 | accuracy: 95.6% | error: 4.4% | macro_f1: 96.4%
2025-11-12 04:33:40 - caltech-101_fedpgp_8_0.01_1 - INFO - Evaluate on the client9 neighbor set
2025-11-12 04:33:53 - caltech-101_fedpgp_8_0.01_1 - INFO - => result | total: 2,259 | correct: 1,956 | accuracy: 86.6% | error: 13.4% | macro_f1: 84.0%
2025-11-12 04:33:53 - caltech-101_fedpgp_8_0.01_1 - INFO - Global test local acc: 87.95
2025-11-12 04:33:53 - caltech-101_fedpgp_8_0.01_1 - INFO - Global test neighbor acc: 87.64
2025-11-12 04:33:53 - caltech-101_fedpgp_8_0.01_1 - INFO - ------------local test finish-------------
2025-11-12 04:33:53 - caltech-101_fedpgp_8_0.01_1 - INFO - [Epoch 29/30] 测试耗时: 137.11s
2025-11-12 04:34:08 - caltech-101_fedpgp_8_0.01_1 - INFO - [Epoch 30/30] 训练耗时: 14.66s | 平均训练准确率: 77.99
2025-11-12 04:34:08 - caltech-101_fedpgp_8_0.01_1 - INFO - ------------local test start-------------
2025-11-12 04:34:08 - caltech-101_fedpgp_8_0.01_1 - INFO - Evaluate on the client0 local set
2025-11-12 04:34:11 - caltech-101_fedpgp_8_0.01_1 - INFO - => result | total: 399 | correct: 314 | accuracy: 78.7% | error: 21.3% | macro_f1: 83.5%
2025-11-12 04:34:11 - caltech-101_fedpgp_8_0.01_1 - INFO - Evaluate on the client0 neighbor set
2025-11-12 04:34:22 - caltech-101_fedpgp_8_0.01_1 - INFO - => result | total: 2,066 | correct: 1,886 | accuracy: 91.3% | error: 8.7% | macro_f1: 87.0%
2025-11-12 04:34:22 - caltech-101_fedpgp_8_0.01_1 - INFO - Evaluate on the client1 local set
2025-11-12 04:34:22 - caltech-101_fedpgp_8_0.01_1 - INFO - => result | total: 176 | correct: 162 | accuracy: 92.0% | error: 8.0% | macro_f1: 95.3%
2025-11-12 04:34:22 - caltech-101_fedpgp_8_0.01_1 - INFO - Evaluate on the client1 neighbor set
2025-11-12 04:34:35 - caltech-101_fedpgp_8_0.01_1 - INFO - => result | total: 2,289 | correct: 2,037 | accuracy: 89.0% | error: 11.0% | macro_f1: 84.9%
2025-11-12 04:34:35 - caltech-101_fedpgp_8_0.01_1 - INFO - Evaluate on the client2 local set
2025-11-12 04:34:36 - caltech-101_fedpgp_8_0.01_1 - INFO - => result | total: 154 | correct: 113 | accuracy: 73.4% | error: 26.6% | macro_f1: 78.2%
2025-11-12 04:34:36 - caltech-101_fedpgp_8_0.01_1 - INFO - Evaluate on the client2 neighbor set
2025-11-12 04:34:49 - caltech-101_fedpgp_8_0.01_1 - INFO - => result | total: 2,311 | correct: 2,083 | accuracy: 90.1% | error: 9.9% | macro_f1: 86.5%
2025-11-12 04:34:49 - caltech-101_fedpgp_8_0.01_1 - INFO - Evaluate on the client3 local set
2025-11-12 04:34:50 - caltech-101_fedpgp_8_0.01_1 - INFO - => result | total: 162 | correct: 148 | accuracy: 91.4% | error: 8.6% | macro_f1: 92.1%
2025-11-12 04:34:50 - caltech-101_fedpgp_8_0.01_1 - INFO - Evaluate on the client3 neighbor set
2025-11-12 04:35:02 - caltech-101_fedpgp_8_0.01_1 - INFO - => result | total: 2,303 | correct: 2,048 | accuracy: 88.9% | error: 11.1% | macro_f1: 85.0%
2025-11-12 04:35:02 - caltech-101_fedpgp_8_0.01_1 - INFO - Evaluate on the client4 local set
2025-11-12 04:35:03 - caltech-101_fedpgp_8_0.01_1 - INFO - => result | total: 221 | correct: 197 | accuracy: 89.1% | error: 10.9% | macro_f1: 85.9%
2025-11-12 04:35:03 - caltech-101_fedpgp_8_0.01_1 - INFO - Evaluate on the client4 neighbor set
2025-11-12 04:35:16 - caltech-101_fedpgp_8_0.01_1 - INFO - => result | total: 2,244 | correct: 1,996 | accuracy: 88.9% | error: 11.1% | macro_f1: 85.6%
2025-11-12 04:35:16 - caltech-101_fedpgp_8_0.01_1 - INFO - Evaluate on the client5 local set
2025-11-12 04:35:17 - caltech-101_fedpgp_8_0.01_1 - INFO - => result | total: 157 | correct: 148 | accuracy: 94.3% | error: 5.7% | macro_f1: 97.1%
2025-11-12 04:35:17 - caltech-101_fedpgp_8_0.01_1 - INFO - Evaluate on the client5 neighbor set
2025-11-12 04:35:30 - caltech-101_fedpgp_8_0.01_1 - INFO - => result | total: 2,308 | correct: 2,044 | accuracy: 88.6% | error: 11.4% | macro_f1: 84.7%
2025-11-12 04:35:30 - caltech-101_fedpgp_8_0.01_1 - INFO - Evaluate on the client6 local set
2025-11-12 04:35:30 - caltech-101_fedpgp_8_0.01_1 - INFO - => result | total: 171 | correct: 144 | accuracy: 84.2% | error: 15.8% | macro_f1: 90.8%
2025-11-12 04:35:30 - caltech-101_fedpgp_8_0.01_1 - INFO - Evaluate on the client6 neighbor set
2025-11-12 04:35:43 - caltech-101_fedpgp_8_0.01_1 - INFO - => result | total: 2,294 | correct: 2,048 | accuracy: 89.3% | error: 10.7% | macro_f1: 85.4%
2025-11-12 04:35:43 - caltech-101_fedpgp_8_0.01_1 - INFO - Evaluate on the client7 local set
2025-11-12 04:35:46 - caltech-101_fedpgp_8_0.01_1 - INFO - => result | total: 404 | correct: 386 | accuracy: 95.5% | error: 4.5% | macro_f1: 92.3%
2025-11-12 04:35:46 - caltech-101_fedpgp_8_0.01_1 - INFO - Evaluate on the client7 neighbor set
2025-11-12 04:35:57 - caltech-101_fedpgp_8_0.01_1 - INFO - => result | total: 2,061 | correct: 1,804 | accuracy: 87.5% | error: 12.5% | macro_f1: 85.1%
2025-11-12 04:35:57 - caltech-101_fedpgp_8_0.01_1 - INFO - Evaluate on the client8 local set
2025-11-12 04:35:59 - caltech-101_fedpgp_8_0.01_1 - INFO - => result | total: 415 | correct: 387 | accuracy: 93.3% | error: 6.7% | macro_f1: 85.2%
2025-11-12 04:35:59 - caltech-101_fedpgp_8_0.01_1 - INFO - Evaluate on the client8 neighbor set
2025-11-12 04:36:11 - caltech-101_fedpgp_8_0.01_1 - INFO - => result | total: 2,050 | correct: 1,800 | accuracy: 87.8% | error: 12.2% | macro_f1: 84.9%
2025-11-12 04:36:11 - caltech-101_fedpgp_8_0.01_1 - INFO - Evaluate on the client9 local set
2025-11-12 04:36:12 - caltech-101_fedpgp_8_0.01_1 - INFO - => result | total: 206 | correct: 199 | accuracy: 96.6% | error: 3.4% | macro_f1: 97.1%
2025-11-12 04:36:12 - caltech-101_fedpgp_8_0.01_1 - INFO - Evaluate on the client9 neighbor set
2025-11-12 04:36:24 - caltech-101_fedpgp_8_0.01_1 - INFO - => result | total: 2,259 | correct: 1,988 | accuracy: 88.0% | error: 12.0% | macro_f1: 84.5%
2025-11-12 04:36:24 - caltech-101_fedpgp_8_0.01_1 - INFO - Global test local acc: 88.85
2025-11-12 04:36:24 - caltech-101_fedpgp_8_0.01_1 - INFO - Global test neighbor acc: 88.95
2025-11-12 04:36:24 - caltech-101_fedpgp_8_0.01_1 - INFO - ------------local test finish-------------
2025-11-12 04:36:24 - caltech-101_fedpgp_8_0.01_1 - INFO - [Epoch 30/30] 测试耗时: 136.12s
2025-11-12 04:36:24 - caltech-101_fedpgp_8_0.01_1 - INFO - maximum test local acc: 88.849
2025-11-12 04:36:24 - caltech-101_fedpgp_8_0.01_1 - INFO - mean of local acc: 87.871
2025-11-12 04:36:24 - caltech-101_fedpgp_8_0.01_1 - INFO - maximum test neighbor acc: 88.946
2025-11-12 04:36:24 - caltech-101_fedpgp_8_0.01_1 - INFO - mean of neighbor acc: 87.535
