2025-11-12 02:45:26 - caltech-101_fedotp_8_0.2_1 - INFO - 日志文件已创建: logs/caltech-101_fedotp_8_0.2_1_20251112_024526.log
2025-11-12 02:45:26 - caltech-101_fedotp_8_0.2_1 - INFO - Loading trainer: DP_FPL
2025-11-12 02:45:26 - caltech-101_fedotp_8_0.2_1 - INFO - Loading dataset: Caltech101
2025-11-12 02:45:26 - caltech-101_fedotp_8_0.2_1 - INFO - Reading split from /home/liuxin25/dataset/caltech-101/split_zhou_Caltech101.json
2025-11-12 02:45:26 - caltech-101_fedotp_8_0.2_1 - INFO - Creating a baseline federated dataset
2025-11-12 02:45:26 - caltech-101_fedotp_8_0.2_1 - INFO - class_num 100
2025-11-12 02:45:26 - caltech-101_fedotp_8_0.2_1 - INFO - user class dict total [20, 79, 93, 54, 52, 65, 0, 1, 48, 74]
2025-11-12 02:45:26 - caltech-101_fedotp_8_0.2_1 - INFO - idx: 0, output_dict_len: 673
2025-11-12 02:45:26 - caltech-101_fedotp_8_0.2_1 - INFO - user class dict total [44, 82, 35, 69, 91, 42, 33, 14, 5, 62]
2025-11-12 02:45:26 - caltech-101_fedotp_8_0.2_1 - INFO - idx: 1, output_dict_len: 296
2025-11-12 02:45:26 - caltech-101_fedotp_8_0.2_1 - INFO - user class dict total [32, 55, 96, 10, 21, 31, 90, 27, 28, 76]
2025-11-12 02:45:26 - caltech-101_fedotp_8_0.2_1 - INFO - idx: 2, output_dict_len: 251
2025-11-12 02:45:26 - caltech-101_fedotp_8_0.2_1 - INFO - user class dict total [80, 71, 66, 58, 23, 70, 60, 72, 17, 18]
2025-11-12 02:45:26 - caltech-101_fedotp_8_0.2_1 - INFO - idx: 3, output_dict_len: 275
2025-11-12 02:45:26 - caltech-101_fedotp_8_0.2_1 - INFO - user class dict total [45, 34, 11, 56, 84, 13, 41, 30, 24, 85]
2025-11-12 02:45:26 - caltech-101_fedotp_8_0.2_1 - INFO - idx: 4, output_dict_len: 369
2025-11-12 02:45:26 - caltech-101_fedotp_8_0.2_1 - INFO - user class dict total [51, 75, 37, 6, 53, 94, 95, 39, 47, 98]
2025-11-12 02:45:26 - caltech-101_fedotp_8_0.2_1 - INFO - idx: 5, output_dict_len: 265
2025-11-12 02:45:26 - caltech-101_fedotp_8_0.2_1 - INFO - user class dict total [36, 7, 50, 3, 63, 59, 9, 77, 64, 92]
2025-11-12 02:45:26 - caltech-101_fedotp_8_0.2_1 - INFO - idx: 6, output_dict_len: 286
2025-11-12 02:45:26 - caltech-101_fedotp_8_0.2_1 - INFO - user class dict total [86, 97, 61, 19, 25, 4, 16, 8, 46, 26]
2025-11-12 02:45:26 - caltech-101_fedotp_8_0.2_1 - INFO - idx: 7, output_dict_len: 675
2025-11-12 02:45:26 - caltech-101_fedotp_8_0.2_1 - INFO - user class dict total [2, 88, 29, 22, 87, 67, 68, 38, 83, 15]
2025-11-12 02:45:26 - caltech-101_fedotp_8_0.2_1 - INFO - idx: 8, output_dict_len: 695
2025-11-12 02:45:26 - caltech-101_fedotp_8_0.2_1 - INFO - user class dict total [12, 81, 43, 73, 78, 40, 99, 57, 89, 49]
2025-11-12 02:45:26 - caltech-101_fedotp_8_0.2_1 - INFO - idx: 9, output_dict_len: 343
2025-11-12 02:45:26 - caltech-101_fedotp_8_0.2_1 - INFO - Creating a baseline federated dataset
2025-11-12 02:45:26 - caltech-101_fedotp_8_0.2_1 - INFO - class_num 100
2025-11-12 02:45:26 - caltech-101_fedotp_8_0.2_1 - INFO - user class dict total [20, 79, 93, 54, 52, 65, 0, 1, 48, 74]
2025-11-12 02:45:26 - caltech-101_fedotp_8_0.2_1 - INFO - idx: 0, output_dict_len: 399
2025-11-12 02:45:26 - caltech-101_fedotp_8_0.2_1 - INFO - user class dict total [44, 82, 35, 69, 91, 42, 33, 14, 5, 62]
2025-11-12 02:45:26 - caltech-101_fedotp_8_0.2_1 - INFO - idx: 1, output_dict_len: 176
2025-11-12 02:45:26 - caltech-101_fedotp_8_0.2_1 - INFO - user class dict total [32, 55, 96, 10, 21, 31, 90, 27, 28, 76]
2025-11-12 02:45:26 - caltech-101_fedotp_8_0.2_1 - INFO - idx: 2, output_dict_len: 154
2025-11-12 02:45:26 - caltech-101_fedotp_8_0.2_1 - INFO - user class dict total [80, 71, 66, 58, 23, 70, 60, 72, 17, 18]
2025-11-12 02:45:26 - caltech-101_fedotp_8_0.2_1 - INFO - idx: 3, output_dict_len: 162
2025-11-12 02:45:26 - caltech-101_fedotp_8_0.2_1 - INFO - user class dict total [45, 34, 11, 56, 84, 13, 41, 30, 24, 85]
2025-11-12 02:45:26 - caltech-101_fedotp_8_0.2_1 - INFO - idx: 4, output_dict_len: 221
2025-11-12 02:45:26 - caltech-101_fedotp_8_0.2_1 - INFO - user class dict total [51, 75, 37, 6, 53, 94, 95, 39, 47, 98]
2025-11-12 02:45:26 - caltech-101_fedotp_8_0.2_1 - INFO - idx: 5, output_dict_len: 157
2025-11-12 02:45:26 - caltech-101_fedotp_8_0.2_1 - INFO - user class dict total [36, 7, 50, 3, 63, 59, 9, 77, 64, 92]
2025-11-12 02:45:26 - caltech-101_fedotp_8_0.2_1 - INFO - idx: 6, output_dict_len: 171
2025-11-12 02:45:26 - caltech-101_fedotp_8_0.2_1 - INFO - user class dict total [86, 97, 61, 19, 25, 4, 16, 8, 46, 26]
2025-11-12 02:45:26 - caltech-101_fedotp_8_0.2_1 - INFO - idx: 7, output_dict_len: 404
2025-11-12 02:45:26 - caltech-101_fedotp_8_0.2_1 - INFO - user class dict total [2, 88, 29, 22, 87, 67, 68, 38, 83, 15]
2025-11-12 02:45:26 - caltech-101_fedotp_8_0.2_1 - INFO - idx: 8, output_dict_len: 415
2025-11-12 02:45:26 - caltech-101_fedotp_8_0.2_1 - INFO - user class dict total [12, 81, 43, 73, 78, 40, 99, 57, 89, 49]
2025-11-12 02:45:26 - caltech-101_fedotp_8_0.2_1 - INFO - idx: 9, output_dict_len: 206
2025-11-12 02:45:26 - caltech-101_fedotp_8_0.2_1 - INFO - Loading CLIP (backbone: ViT-B/16)
2025-11-12 02:45:30 - caltech-101_fedotp_8_0.2_1 - INFO - Building custom CLIP
2025-11-12 02:45:30 - caltech-101_fedotp_8_0.2_1 - INFO - Turning off gradients in both the image and the text encoder
