2025-11-07 12:46:49 - caltech-101_sepfpl_8_0.4_1 - INFO - 日志文件已创建: logs/caltech-101_sepfpl_8_0.4_1_20251107_124649.log
2025-11-07 12:46:52 - caltech-101_sepfpl_8_0.4_1 - INFO - ------------local train start epoch: 0 -------------
2025-11-07 12:47:12 - caltech-101_sepfpl_8_0.4_1 - INFO - Epoch: 0/3	finished batch : 6/7 (skip test)
2025-11-07 12:47:12 - caltech-101_sepfpl_8_0.4_1 - INFO - ------------epoch 0 完成，用时: 19.82s-------------
2025-11-07 12:47:12 - caltech-101_sepfpl_8_0.4_1 - INFO - ------------已完成 1 个epoch | 平均用时: 19.82s | 上一个epoch: 19.82s | 预计剩余时间: 39.64s (0.7分钟)-------------
2025-11-07 12:47:12 - caltech-101_sepfpl_8_0.4_1 - INFO - ------------local train start epoch: 1 -------------
2025-11-07 12:47:29 - caltech-101_sepfpl_8_0.4_1 - INFO - Epoch: 1/3	finished batch : 6/7 (skip test)
2025-11-07 12:47:29 - caltech-101_sepfpl_8_0.4_1 - INFO - ------------epoch 1 完成，用时: 17.42s-------------
2025-11-07 12:47:29 - caltech-101_sepfpl_8_0.4_1 - INFO - ------------已完成 2 个epoch | 平均用时: 18.62s | 上一个epoch: 17.42s | 预计剩余时间: 18.62s (0.3分钟)-------------
2025-11-07 12:47:29 - caltech-101_sepfpl_8_0.4_1 - INFO - ------------local train start epoch: 2 -------------
2025-11-07 12:47:47 - caltech-101_sepfpl_8_0.4_1 - INFO - ------------local test start-------------
2025-11-07 12:50:18 - caltech-101_sepfpl_8_0.4_1 - INFO - Global test local acc: 90.74495526411377
2025-11-07 12:50:18 - caltech-101_sepfpl_8_0.4_1 - INFO - Global test neighbor acc: 89.4337478302081
2025-11-07 12:50:18 - caltech-101_sepfpl_8_0.4_1 - INFO - ------------local test finish-------------
2025-11-07 12:50:18 - caltech-101_sepfpl_8_0.4_1 - INFO - Epoch: 2/3	finished batch : 6/7
2025-11-07 12:50:18 - caltech-101_sepfpl_8_0.4_1 - INFO - ------------epoch 2 完成，用时: 168.62s-------------
2025-11-07 12:50:18 - caltech-101_sepfpl_8_0.4_1 - INFO - maximum test local acc: 90.74495526411377
2025-11-07 12:50:18 - caltech-101_sepfpl_8_0.4_1 - INFO - mean of local acc: 90.74495526411377
2025-11-07 12:50:18 - caltech-101_sepfpl_8_0.4_1 - INFO - maximum test neighbor acc: 89.4337478302081
2025-11-07 12:50:18 - caltech-101_sepfpl_8_0.4_1 - INFO - mean of neighbor acc: 89.4337478302081
