2025-11-12 01:52:51 - caltech-101_fedpgp_8_0.0_1 - INFO - 日志文件已创建: logs/caltech-101_fedpgp_8_0.0_1_20251112_015251.log
2025-11-12 01:52:51 - caltech-101_fedpgp_8_0.0_1 - INFO - Loading trainer: DP_FPL
2025-11-12 01:52:51 - caltech-101_fedpgp_8_0.0_1 - INFO - Loading dataset: Caltech101
2025-11-12 01:52:51 - caltech-101_fedpgp_8_0.0_1 - INFO - Reading split from /home/liuxin25/dataset/caltech-101/split_zhou_Caltech101.json
2025-11-12 01:52:51 - caltech-101_fedpgp_8_0.0_1 - INFO - Creating a baseline federated dataset
2025-11-12 01:52:51 - caltech-101_fedpgp_8_0.0_1 - INFO - class_num 100
2025-11-12 01:52:51 - caltech-101_fedpgp_8_0.0_1 - INFO - user class dict total [20, 79, 93, 54, 52, 65, 0, 1, 48, 74]
2025-11-12 01:52:51 - caltech-101_fedpgp_8_0.0_1 - INFO - idx: 0, output_dict_len: 673
2025-11-12 01:52:51 - caltech-101_fedpgp_8_0.0_1 - INFO - user class dict total [44, 82, 35, 69, 91, 42, 33, 14, 5, 62]
2025-11-12 01:52:51 - caltech-101_fedpgp_8_0.0_1 - INFO - idx: 1, output_dict_len: 296
2025-11-12 01:52:51 - caltech-101_fedpgp_8_0.0_1 - INFO - user class dict total [32, 55, 96, 10, 21, 31, 90, 27, 28, 76]
2025-11-12 01:52:51 - caltech-101_fedpgp_8_0.0_1 - INFO - idx: 2, output_dict_len: 251
2025-11-12 01:52:51 - caltech-101_fedpgp_8_0.0_1 - INFO - user class dict total [80, 71, 66, 58, 23, 70, 60, 72, 17, 18]
2025-11-12 01:52:51 - caltech-101_fedpgp_8_0.0_1 - INFO - idx: 3, output_dict_len: 275
2025-11-12 01:52:51 - caltech-101_fedpgp_8_0.0_1 - INFO - user class dict total [45, 34, 11, 56, 84, 13, 41, 30, 24, 85]
2025-11-12 01:52:51 - caltech-101_fedpgp_8_0.0_1 - INFO - idx: 4, output_dict_len: 369
2025-11-12 01:52:51 - caltech-101_fedpgp_8_0.0_1 - INFO - user class dict total [51, 75, 37, 6, 53, 94, 95, 39, 47, 98]
2025-11-12 01:52:51 - caltech-101_fedpgp_8_0.0_1 - INFO - idx: 5, output_dict_len: 265
2025-11-12 01:52:51 - caltech-101_fedpgp_8_0.0_1 - INFO - user class dict total [36, 7, 50, 3, 63, 59, 9, 77, 64, 92]
2025-11-12 01:52:51 - caltech-101_fedpgp_8_0.0_1 - INFO - idx: 6, output_dict_len: 286
2025-11-12 01:52:51 - caltech-101_fedpgp_8_0.0_1 - INFO - user class dict total [86, 97, 61, 19, 25, 4, 16, 8, 46, 26]
2025-11-12 01:52:51 - caltech-101_fedpgp_8_0.0_1 - INFO - idx: 7, output_dict_len: 675
2025-11-12 01:52:51 - caltech-101_fedpgp_8_0.0_1 - INFO - user class dict total [2, 88, 29, 22, 87, 67, 68, 38, 83, 15]
2025-11-12 01:52:51 - caltech-101_fedpgp_8_0.0_1 - INFO - idx: 8, output_dict_len: 695
2025-11-12 01:52:51 - caltech-101_fedpgp_8_0.0_1 - INFO - user class dict total [12, 81, 43, 73, 78, 40, 99, 57, 89, 49]
2025-11-12 01:52:51 - caltech-101_fedpgp_8_0.0_1 - INFO - idx: 9, output_dict_len: 343
2025-11-12 01:52:51 - caltech-101_fedpgp_8_0.0_1 - INFO - Creating a baseline federated dataset
2025-11-12 01:52:51 - caltech-101_fedpgp_8_0.0_1 - INFO - class_num 100
2025-11-12 01:52:51 - caltech-101_fedpgp_8_0.0_1 - INFO - user class dict total [20, 79, 93, 54, 52, 65, 0, 1, 48, 74]
2025-11-12 01:52:51 - caltech-101_fedpgp_8_0.0_1 - INFO - idx: 0, output_dict_len: 399
2025-11-12 01:52:51 - caltech-101_fedpgp_8_0.0_1 - INFO - user class dict total [44, 82, 35, 69, 91, 42, 33, 14, 5, 62]
2025-11-12 01:52:51 - caltech-101_fedpgp_8_0.0_1 - INFO - idx: 1, output_dict_len: 176
2025-11-12 01:52:51 - caltech-101_fedpgp_8_0.0_1 - INFO - user class dict total [32, 55, 96, 10, 21, 31, 90, 27, 28, 76]
2025-11-12 01:52:51 - caltech-101_fedpgp_8_0.0_1 - INFO - idx: 2, output_dict_len: 154
2025-11-12 01:52:51 - caltech-101_fedpgp_8_0.0_1 - INFO - user class dict total [80, 71, 66, 58, 23, 70, 60, 72, 17, 18]
2025-11-12 01:52:51 - caltech-101_fedpgp_8_0.0_1 - INFO - idx: 3, output_dict_len: 162
2025-11-12 01:52:51 - caltech-101_fedpgp_8_0.0_1 - INFO - user class dict total [45, 34, 11, 56, 84, 13, 41, 30, 24, 85]
2025-11-12 01:52:51 - caltech-101_fedpgp_8_0.0_1 - INFO - idx: 4, output_dict_len: 221
2025-11-12 01:52:51 - caltech-101_fedpgp_8_0.0_1 - INFO - user class dict total [51, 75, 37, 6, 53, 94, 95, 39, 47, 98]
2025-11-12 01:52:51 - caltech-101_fedpgp_8_0.0_1 - INFO - idx: 5, output_dict_len: 157
2025-11-12 01:52:51 - caltech-101_fedpgp_8_0.0_1 - INFO - user class dict total [36, 7, 50, 3, 63, 59, 9, 77, 64, 92]
2025-11-12 01:52:51 - caltech-101_fedpgp_8_0.0_1 - INFO - idx: 6, output_dict_len: 171
2025-11-12 01:52:51 - caltech-101_fedpgp_8_0.0_1 - INFO - user class dict total [86, 97, 61, 19, 25, 4, 16, 8, 46, 26]
2025-11-12 01:52:51 - caltech-101_fedpgp_8_0.0_1 - INFO - idx: 7, output_dict_len: 404
2025-11-12 01:52:51 - caltech-101_fedpgp_8_0.0_1 - INFO - user class dict total [2, 88, 29, 22, 87, 67, 68, 38, 83, 15]
2025-11-12 01:52:51 - caltech-101_fedpgp_8_0.0_1 - INFO - idx: 8, output_dict_len: 415
2025-11-12 01:52:51 - caltech-101_fedpgp_8_0.0_1 - INFO - user class dict total [12, 81, 43, 73, 78, 40, 99, 57, 89, 49]
2025-11-12 01:52:51 - caltech-101_fedpgp_8_0.0_1 - INFO - idx: 9, output_dict_len: 206
2025-11-12 01:52:51 - caltech-101_fedpgp_8_0.0_1 - INFO - Loading CLIP (backbone: ViT-B/16)
2025-11-12 01:52:55 - caltech-101_fedpgp_8_0.0_1 - INFO - Building custom CLIP
2025-11-12 01:52:55 - caltech-101_fedpgp_8_0.0_1 - INFO - Turning off gradients in both the image and the text encoder
2025-11-12 01:53:16 - caltech-101_fedpgp_8_0.0_1 - INFO - [Epoch 1/30] 训练耗时: 20.82s | 平均训练准确率: 53.48
2025-11-12 01:53:32 - caltech-101_fedpgp_8_0.0_1 - INFO - [Epoch 2/30] 训练耗时: 15.94s | 平均训练准确率: 76.47
2025-11-12 01:53:48 - caltech-101_fedpgp_8_0.0_1 - INFO - [Epoch 3/30] 训练耗时: 16.08s | 平均训练准确率: 83.97
2025-11-12 01:54:04 - caltech-101_fedpgp_8_0.0_1 - INFO - [Epoch 4/30] 训练耗时: 15.94s | 平均训练准确率: 85.04
2025-11-12 01:54:20 - caltech-101_fedpgp_8_0.0_1 - INFO - [Epoch 5/30] 训练耗时: 15.88s | 平均训练准确率: 85.31
2025-11-12 01:54:36 - caltech-101_fedpgp_8_0.0_1 - INFO - [Epoch 6/30] 训练耗时: 16.08s | 平均训练准确率: 85.22
2025-11-12 01:54:51 - caltech-101_fedpgp_8_0.0_1 - INFO - [Epoch 7/30] 训练耗时: 15.37s | 平均训练准确率: 84.46
2025-11-12 01:55:07 - caltech-101_fedpgp_8_0.0_1 - INFO - [Epoch 8/30] 训练耗时: 15.52s | 平均训练准确率: 86.88
2025-11-12 01:55:22 - caltech-101_fedpgp_8_0.0_1 - INFO - [Epoch 9/30] 训练耗时: 15.62s | 平均训练准确率: 86.79
2025-11-12 01:55:37 - caltech-101_fedpgp_8_0.0_1 - INFO - [Epoch 10/30] 训练耗时: 15.22s | 平均训练准确率: 86.74
2025-11-12 01:55:53 - caltech-101_fedpgp_8_0.0_1 - INFO - [Epoch 11/30] 训练耗时: 15.18s | 平均训练准确率: 87.37
2025-11-12 01:56:08 - caltech-101_fedpgp_8_0.0_1 - INFO - [Epoch 12/30] 训练耗时: 15.37s | 平均训练准确率: 87.86
2025-11-12 01:56:22 - caltech-101_fedpgp_8_0.0_1 - INFO - [Epoch 13/30] 训练耗时: 14.33s | 平均训练准确率: 86.61
2025-11-12 01:56:37 - caltech-101_fedpgp_8_0.0_1 - INFO - [Epoch 14/30] 训练耗时: 15.05s | 平均训练准确率: 86.34
2025-11-12 01:56:53 - caltech-101_fedpgp_8_0.0_1 - INFO - [Epoch 15/30] 训练耗时: 15.54s | 平均训练准确率: 88.53
2025-11-12 01:57:08 - caltech-101_fedpgp_8_0.0_1 - INFO - [Epoch 16/30] 训练耗时: 15.36s | 平均训练准确率: 87.81
2025-11-12 01:57:23 - caltech-101_fedpgp_8_0.0_1 - INFO - [Epoch 17/30] 训练耗时: 15.11s | 平均训练准确率: 89.38
2025-11-12 01:57:39 - caltech-101_fedpgp_8_0.0_1 - INFO - [Epoch 18/30] 训练耗时: 15.61s | 平均训练准确率: 88.66
2025-11-12 01:57:55 - caltech-101_fedpgp_8_0.0_1 - INFO - [Epoch 19/30] 训练耗时: 15.69s | 平均训练准确率: 86.92
2025-11-12 01:58:10 - caltech-101_fedpgp_8_0.0_1 - INFO - [Epoch 20/30] 训练耗时: 15.09s | 平均训练准确率: 88.12
2025-11-12 01:58:25 - caltech-101_fedpgp_8_0.0_1 - INFO - [Epoch 21/30] 训练耗时: 15.01s | 平均训练准确率: 89.51
2025-11-12 01:58:40 - caltech-101_fedpgp_8_0.0_1 - INFO - [Epoch 22/30] 训练耗时: 15.08s | 平均训练准确率: 88.26
2025-11-12 01:58:55 - caltech-101_fedpgp_8_0.0_1 - INFO - [Epoch 23/30] 训练耗时: 14.74s | 平均训练准确率: 88.48
2025-11-12 01:59:09 - caltech-101_fedpgp_8_0.0_1 - INFO - [Epoch 24/30] 训练耗时: 14.81s | 平均训练准确率: 88.35
2025-11-12 01:59:26 - caltech-101_fedpgp_8_0.0_1 - INFO - [Epoch 25/30] 训练耗时: 16.99s | 平均训练准确率: 89.38
2025-11-12 01:59:43 - caltech-101_fedpgp_8_0.0_1 - INFO - [Epoch 26/30] 训练耗时: 16.30s | 平均训练准确率: 88.48
2025-11-12 01:59:57 - caltech-101_fedpgp_8_0.0_1 - INFO - [Epoch 27/30] 训练耗时: 14.77s | 平均训练准确率: 89.64
2025-11-12 02:00:13 - caltech-101_fedpgp_8_0.0_1 - INFO - [Epoch 28/30] 训练耗时: 15.19s | 平均训练准确率: 88.88
2025-11-12 02:00:13 - caltech-101_fedpgp_8_0.0_1 - INFO - ------------local test start-------------
2025-11-12 02:00:13 - caltech-101_fedpgp_8_0.0_1 - INFO - Evaluate on the client0 local set
2025-11-12 02:00:16 - caltech-101_fedpgp_8_0.0_1 - INFO - => result | total: 399 | correct: 348 | accuracy: 87.2% | error: 12.8% | macro_f1: 83.6%
2025-11-12 02:00:16 - caltech-101_fedpgp_8_0.0_1 - INFO - Evaluate on the client0 neighbor set
2025-11-12 02:00:27 - caltech-101_fedpgp_8_0.0_1 - INFO - => result | total: 2,066 | correct: 1,867 | accuracy: 90.4% | error: 9.6% | macro_f1: 85.9%
2025-11-12 02:00:27 - caltech-101_fedpgp_8_0.0_1 - INFO - Evaluate on the client1 local set
2025-11-12 02:00:28 - caltech-101_fedpgp_8_0.0_1 - INFO - => result | total: 176 | correct: 166 | accuracy: 94.3% | error: 5.7% | macro_f1: 96.4%
2025-11-12 02:00:28 - caltech-101_fedpgp_8_0.0_1 - INFO - Evaluate on the client1 neighbor set
2025-11-12 02:00:41 - caltech-101_fedpgp_8_0.0_1 - INFO - => result | total: 2,289 | correct: 2,051 | accuracy: 89.6% | error: 10.4% | macro_f1: 84.5%
2025-11-12 02:00:41 - caltech-101_fedpgp_8_0.0_1 - INFO - Evaluate on the client2 local set
2025-11-12 02:00:42 - caltech-101_fedpgp_8_0.0_1 - INFO - => result | total: 154 | correct: 142 | accuracy: 92.2% | error: 7.8% | macro_f1: 92.7%
2025-11-12 02:00:42 - caltech-101_fedpgp_8_0.0_1 - INFO - Evaluate on the client2 neighbor set
2025-11-12 02:00:56 - caltech-101_fedpgp_8_0.0_1 - INFO - => result | total: 2,311 | correct: 2,091 | accuracy: 90.5% | error: 9.5% | macro_f1: 86.0%
2025-11-12 02:00:56 - caltech-101_fedpgp_8_0.0_1 - INFO - Evaluate on the client3 local set
2025-11-12 02:00:57 - caltech-101_fedpgp_8_0.0_1 - INFO - => result | total: 162 | correct: 154 | accuracy: 95.1% | error: 4.9% | macro_f1: 95.6%
2025-11-12 02:00:57 - caltech-101_fedpgp_8_0.0_1 - INFO - Evaluate on the client3 neighbor set
2025-11-12 02:01:15 - caltech-101_fedpgp_8_0.0_1 - INFO - => result | total: 2,303 | correct: 2,087 | accuracy: 90.6% | error: 9.4% | macro_f1: 86.2%
2025-11-12 02:01:15 - caltech-101_fedpgp_8_0.0_1 - INFO - Evaluate on the client4 local set
2025-11-12 02:01:16 - caltech-101_fedpgp_8_0.0_1 - INFO - => result | total: 221 | correct: 202 | accuracy: 91.4% | error: 8.6% | macro_f1: 91.5%
2025-11-12 02:01:16 - caltech-101_fedpgp_8_0.0_1 - INFO - Evaluate on the client4 neighbor set
2025-11-12 02:01:32 - caltech-101_fedpgp_8_0.0_1 - INFO - => result | total: 2,244 | correct: 2,043 | accuracy: 91.0% | error: 9.0% | macro_f1: 86.4%
2025-11-12 02:01:32 - caltech-101_fedpgp_8_0.0_1 - INFO - Evaluate on the client5 local set
2025-11-12 02:01:34 - caltech-101_fedpgp_8_0.0_1 - INFO - => result | total: 157 | correct: 145 | accuracy: 92.4% | error: 7.6% | macro_f1: 95.4%
2025-11-12 02:01:34 - caltech-101_fedpgp_8_0.0_1 - INFO - Evaluate on the client5 neighbor set
2025-11-12 02:01:50 - caltech-101_fedpgp_8_0.0_1 - INFO - => result | total: 2,308 | correct: 2,093 | accuracy: 90.7% | error: 9.3% | macro_f1: 85.5%
2025-11-12 02:01:50 - caltech-101_fedpgp_8_0.0_1 - INFO - Evaluate on the client6 local set
2025-11-12 02:01:51 - caltech-101_fedpgp_8_0.0_1 - INFO - => result | total: 171 | correct: 161 | accuracy: 94.2% | error: 5.8% | macro_f1: 96.8%
2025-11-12 02:01:51 - caltech-101_fedpgp_8_0.0_1 - INFO - Evaluate on the client6 neighbor set
2025-11-12 02:02:08 - caltech-101_fedpgp_8_0.0_1 - INFO - => result | total: 2,294 | correct: 2,077 | accuracy: 90.5% | error: 9.5% | macro_f1: 85.4%
2025-11-12 02:02:08 - caltech-101_fedpgp_8_0.0_1 - INFO - Evaluate on the client7 local set
2025-11-12 02:02:11 - caltech-101_fedpgp_8_0.0_1 - INFO - => result | total: 404 | correct: 360 | accuracy: 89.1% | error: 10.9% | macro_f1: 81.2%
2025-11-12 02:02:11 - caltech-101_fedpgp_8_0.0_1 - INFO - Evaluate on the client7 neighbor set
2025-11-12 02:02:25 - caltech-101_fedpgp_8_0.0_1 - INFO - => result | total: 2,061 | correct: 1,882 | accuracy: 91.3% | error: 8.7% | macro_f1: 88.3%
2025-11-12 02:02:25 - caltech-101_fedpgp_8_0.0_1 - INFO - Evaluate on the client8 local set
2025-11-12 02:02:28 - caltech-101_fedpgp_8_0.0_1 - INFO - => result | total: 415 | correct: 377 | accuracy: 90.8% | error: 9.2% | macro_f1: 85.7%
2025-11-12 02:02:28 - caltech-101_fedpgp_8_0.0_1 - INFO - Evaluate on the client8 neighbor set
2025-11-12 02:02:42 - caltech-101_fedpgp_8_0.0_1 - INFO - => result | total: 2,050 | correct: 1,862 | accuracy: 90.8% | error: 9.2% | macro_f1: 87.6%
2025-11-12 02:02:42 - caltech-101_fedpgp_8_0.0_1 - INFO - Evaluate on the client9 local set
2025-11-12 02:02:44 - caltech-101_fedpgp_8_0.0_1 - INFO - => result | total: 206 | correct: 203 | accuracy: 98.5% | error: 1.5% | macro_f1: 98.6%
2025-11-12 02:02:44 - caltech-101_fedpgp_8_0.0_1 - INFO - Evaluate on the client9 neighbor set
2025-11-12 02:03:00 - caltech-101_fedpgp_8_0.0_1 - INFO - => result | total: 2,259 | correct: 2,033 | accuracy: 90.0% | error: 10.0% | macro_f1: 86.8%
2025-11-12 02:03:00 - caltech-101_fedpgp_8_0.0_1 - INFO - Global test local acc: 92.52
2025-11-12 02:03:00 - caltech-101_fedpgp_8_0.0_1 - INFO - Global test neighbor acc: 90.55
2025-11-12 02:03:00 - caltech-101_fedpgp_8_0.0_1 - INFO - ------------local test finish-------------
2025-11-12 02:03:00 - caltech-101_fedpgp_8_0.0_1 - INFO - [Epoch 28/30] 测试耗时: 167.15s
2025-11-12 02:03:24 - caltech-101_fedpgp_8_0.0_1 - INFO - [Epoch 29/30] 训练耗时: 23.67s | 平均训练准确率: 87.95
2025-11-12 02:03:24 - caltech-101_fedpgp_8_0.0_1 - INFO - ------------local test start-------------
2025-11-12 02:03:24 - caltech-101_fedpgp_8_0.0_1 - INFO - Evaluate on the client0 local set
2025-11-12 02:03:27 - caltech-101_fedpgp_8_0.0_1 - INFO - => result | total: 399 | correct: 350 | accuracy: 87.7% | error: 12.3% | macro_f1: 83.9%
2025-11-12 02:03:27 - caltech-101_fedpgp_8_0.0_1 - INFO - Evaluate on the client0 neighbor set
2025-11-12 02:03:40 - caltech-101_fedpgp_8_0.0_1 - INFO - => result | total: 2,066 | correct: 1,864 | accuracy: 90.2% | error: 9.8% | macro_f1: 85.8%
2025-11-12 02:03:40 - caltech-101_fedpgp_8_0.0_1 - INFO - Evaluate on the client1 local set
2025-11-12 02:03:41 - caltech-101_fedpgp_8_0.0_1 - INFO - => result | total: 176 | correct: 165 | accuracy: 93.8% | error: 6.2% | macro_f1: 96.4%
2025-11-12 02:03:41 - caltech-101_fedpgp_8_0.0_1 - INFO - Evaluate on the client1 neighbor set
2025-11-12 02:03:55 - caltech-101_fedpgp_8_0.0_1 - INFO - => result | total: 2,289 | correct: 2,052 | accuracy: 89.6% | error: 10.4% | macro_f1: 84.3%
2025-11-12 02:03:55 - caltech-101_fedpgp_8_0.0_1 - INFO - Evaluate on the client2 local set
2025-11-12 02:03:56 - caltech-101_fedpgp_8_0.0_1 - INFO - => result | total: 154 | correct: 138 | accuracy: 89.6% | error: 10.4% | macro_f1: 90.2%
2025-11-12 02:03:56 - caltech-101_fedpgp_8_0.0_1 - INFO - Evaluate on the client2 neighbor set
2025-11-12 02:04:09 - caltech-101_fedpgp_8_0.0_1 - INFO - => result | total: 2,311 | correct: 2,086 | accuracy: 90.3% | error: 9.7% | macro_f1: 85.4%
2025-11-12 02:04:09 - caltech-101_fedpgp_8_0.0_1 - INFO - Evaluate on the client3 local set
2025-11-12 02:04:10 - caltech-101_fedpgp_8_0.0_1 - INFO - => result | total: 162 | correct: 152 | accuracy: 93.8% | error: 6.2% | macro_f1: 93.9%
2025-11-12 02:04:10 - caltech-101_fedpgp_8_0.0_1 - INFO - Evaluate on the client3 neighbor set
2025-11-12 02:04:26 - caltech-101_fedpgp_8_0.0_1 - INFO - => result | total: 2,303 | correct: 2,079 | accuracy: 90.3% | error: 9.7% | macro_f1: 85.3%
2025-11-12 02:04:26 - caltech-101_fedpgp_8_0.0_1 - INFO - Evaluate on the client4 local set
2025-11-12 02:04:27 - caltech-101_fedpgp_8_0.0_1 - INFO - => result | total: 221 | correct: 201 | accuracy: 91.0% | error: 9.0% | macro_f1: 88.3%
2025-11-12 02:04:27 - caltech-101_fedpgp_8_0.0_1 - INFO - Evaluate on the client4 neighbor set
2025-11-12 02:04:45 - caltech-101_fedpgp_8_0.0_1 - INFO - => result | total: 2,244 | correct: 2,035 | accuracy: 90.7% | error: 9.3% | macro_f1: 85.8%
2025-11-12 02:04:45 - caltech-101_fedpgp_8_0.0_1 - INFO - Evaluate on the client5 local set
2025-11-12 02:04:46 - caltech-101_fedpgp_8_0.0_1 - INFO - => result | total: 157 | correct: 138 | accuracy: 87.9% | error: 12.1% | macro_f1: 89.4%
2025-11-12 02:04:46 - caltech-101_fedpgp_8_0.0_1 - INFO - Evaluate on the client5 neighbor set
2025-11-12 02:05:05 - caltech-101_fedpgp_8_0.0_1 - INFO - => result | total: 2,308 | correct: 2,094 | accuracy: 90.7% | error: 9.3% | macro_f1: 85.4%
2025-11-12 02:05:05 - caltech-101_fedpgp_8_0.0_1 - INFO - Evaluate on the client6 local set
2025-11-12 02:05:05 - caltech-101_fedpgp_8_0.0_1 - INFO - => result | total: 171 | correct: 163 | accuracy: 95.3% | error: 4.7% | macro_f1: 97.4%
2025-11-12 02:05:05 - caltech-101_fedpgp_8_0.0_1 - INFO - Evaluate on the client6 neighbor set
2025-11-12 02:05:23 - caltech-101_fedpgp_8_0.0_1 - INFO - => result | total: 2,294 | correct: 2,063 | accuracy: 89.9% | error: 10.1% | macro_f1: 84.5%
2025-11-12 02:05:23 - caltech-101_fedpgp_8_0.0_1 - INFO - Evaluate on the client7 local set
2025-11-12 02:05:26 - caltech-101_fedpgp_8_0.0_1 - INFO - => result | total: 404 | correct: 363 | accuracy: 89.9% | error: 10.1% | macro_f1: 80.2%
2025-11-12 02:05:26 - caltech-101_fedpgp_8_0.0_1 - INFO - Evaluate on the client7 neighbor set
2025-11-12 02:05:41 - caltech-101_fedpgp_8_0.0_1 - INFO - => result | total: 2,061 | correct: 1,869 | accuracy: 90.7% | error: 9.3% | macro_f1: 87.3%
2025-11-12 02:05:41 - caltech-101_fedpgp_8_0.0_1 - INFO - Evaluate on the client8 local set
2025-11-12 02:05:43 - caltech-101_fedpgp_8_0.0_1 - INFO - => result | total: 415 | correct: 377 | accuracy: 90.8% | error: 9.2% | macro_f1: 83.1%
2025-11-12 02:05:43 - caltech-101_fedpgp_8_0.0_1 - INFO - Evaluate on the client8 neighbor set
2025-11-12 02:05:58 - caltech-101_fedpgp_8_0.0_1 - INFO - => result | total: 2,050 | correct: 1,849 | accuracy: 90.2% | error: 9.8% | macro_f1: 86.3%
2025-11-12 02:05:58 - caltech-101_fedpgp_8_0.0_1 - INFO - Evaluate on the client9 local set
2025-11-12 02:06:00 - caltech-101_fedpgp_8_0.0_1 - INFO - => result | total: 206 | correct: 202 | accuracy: 98.1% | error: 1.9% | macro_f1: 98.3%
2025-11-12 02:06:00 - caltech-101_fedpgp_8_0.0_1 - INFO - Evaluate on the client9 neighbor set
2025-11-12 02:06:20 - caltech-101_fedpgp_8_0.0_1 - INFO - => result | total: 2,259 | correct: 2,002 | accuracy: 88.6% | error: 11.4% | macro_f1: 84.0%
2025-11-12 02:06:20 - caltech-101_fedpgp_8_0.0_1 - INFO - Global test local acc: 91.78
2025-11-12 02:06:20 - caltech-101_fedpgp_8_0.0_1 - INFO - Global test neighbor acc: 90.13
2025-11-12 02:06:20 - caltech-101_fedpgp_8_0.0_1 - INFO - ------------local test finish-------------
2025-11-12 02:06:20 - caltech-101_fedpgp_8_0.0_1 - INFO - [Epoch 29/30] 测试耗时: 176.41s
2025-11-12 02:06:44 - caltech-101_fedpgp_8_0.0_1 - INFO - [Epoch 30/30] 训练耗时: 24.16s | 平均训练准确率: 87.95
2025-11-12 02:06:44 - caltech-101_fedpgp_8_0.0_1 - INFO - ------------local test start-------------
2025-11-12 02:06:44 - caltech-101_fedpgp_8_0.0_1 - INFO - Evaluate on the client0 local set
2025-11-12 02:06:48 - caltech-101_fedpgp_8_0.0_1 - INFO - => result | total: 399 | correct: 350 | accuracy: 87.7% | error: 12.3% | macro_f1: 84.6%
2025-11-12 02:06:48 - caltech-101_fedpgp_8_0.0_1 - INFO - Evaluate on the client0 neighbor set
2025-11-12 02:07:03 - caltech-101_fedpgp_8_0.0_1 - INFO - => result | total: 2,066 | correct: 1,885 | accuracy: 91.2% | error: 8.8% | macro_f1: 86.4%
2025-11-12 02:07:03 - caltech-101_fedpgp_8_0.0_1 - INFO - Evaluate on the client1 local set
2025-11-12 02:07:04 - caltech-101_fedpgp_8_0.0_1 - INFO - => result | total: 176 | correct: 168 | accuracy: 95.5% | error: 4.5% | macro_f1: 96.9%
2025-11-12 02:07:04 - caltech-101_fedpgp_8_0.0_1 - INFO - Evaluate on the client1 neighbor set
2025-11-12 02:07:18 - caltech-101_fedpgp_8_0.0_1 - INFO - => result | total: 2,289 | correct: 2,074 | accuracy: 90.6% | error: 9.4% | macro_f1: 85.4%
2025-11-12 02:07:18 - caltech-101_fedpgp_8_0.0_1 - INFO - Evaluate on the client2 local set
2025-11-12 02:07:19 - caltech-101_fedpgp_8_0.0_1 - INFO - => result | total: 154 | correct: 140 | accuracy: 90.9% | error: 9.1% | macro_f1: 91.3%
2025-11-12 02:07:19 - caltech-101_fedpgp_8_0.0_1 - INFO - Evaluate on the client2 neighbor set
2025-11-12 02:07:33 - caltech-101_fedpgp_8_0.0_1 - INFO - => result | total: 2,311 | correct: 2,105 | accuracy: 91.1% | error: 8.9% | macro_f1: 86.7%
2025-11-12 02:07:33 - caltech-101_fedpgp_8_0.0_1 - INFO - Evaluate on the client3 local set
2025-11-12 02:07:34 - caltech-101_fedpgp_8_0.0_1 - INFO - => result | total: 162 | correct: 155 | accuracy: 95.7% | error: 4.3% | macro_f1: 96.0%
2025-11-12 02:07:34 - caltech-101_fedpgp_8_0.0_1 - INFO - Evaluate on the client3 neighbor set
2025-11-12 02:07:52 - caltech-101_fedpgp_8_0.0_1 - INFO - => result | total: 2,303 | correct: 2,098 | accuracy: 91.1% | error: 8.9% | macro_f1: 86.4%
2025-11-12 02:07:52 - caltech-101_fedpgp_8_0.0_1 - INFO - Evaluate on the client4 local set
2025-11-12 02:07:54 - caltech-101_fedpgp_8_0.0_1 - INFO - => result | total: 221 | correct: 205 | accuracy: 92.8% | error: 7.2% | macro_f1: 91.5%
2025-11-12 02:07:54 - caltech-101_fedpgp_8_0.0_1 - INFO - Evaluate on the client4 neighbor set
2025-11-12 02:08:11 - caltech-101_fedpgp_8_0.0_1 - INFO - => result | total: 2,244 | correct: 2,057 | accuracy: 91.7% | error: 8.3% | macro_f1: 87.4%
2025-11-12 02:08:11 - caltech-101_fedpgp_8_0.0_1 - INFO - Evaluate on the client5 local set
2025-11-12 02:08:13 - caltech-101_fedpgp_8_0.0_1 - INFO - => result | total: 157 | correct: 138 | accuracy: 87.9% | error: 12.1% | macro_f1: 89.7%
2025-11-12 02:08:13 - caltech-101_fedpgp_8_0.0_1 - INFO - Evaluate on the client5 neighbor set
2025-11-12 02:08:32 - caltech-101_fedpgp_8_0.0_1 - INFO - => result | total: 2,308 | correct: 2,132 | accuracy: 92.4% | error: 7.6% | macro_f1: 88.7%
2025-11-12 02:08:32 - caltech-101_fedpgp_8_0.0_1 - INFO - Evaluate on the client6 local set
2025-11-12 02:08:33 - caltech-101_fedpgp_8_0.0_1 - INFO - => result | total: 171 | correct: 165 | accuracy: 96.5% | error: 3.5% | macro_f1: 98.1%
2025-11-12 02:08:33 - caltech-101_fedpgp_8_0.0_1 - INFO - Evaluate on the client6 neighbor set
2025-11-12 02:08:50 - caltech-101_fedpgp_8_0.0_1 - INFO - => result | total: 2,294 | correct: 2,102 | accuracy: 91.6% | error: 8.4% | macro_f1: 87.3%
2025-11-12 02:08:50 - caltech-101_fedpgp_8_0.0_1 - INFO - Evaluate on the client7 local set
2025-11-12 02:08:53 - caltech-101_fedpgp_8_0.0_1 - INFO - => result | total: 404 | correct: 375 | accuracy: 92.8% | error: 7.2% | macro_f1: 88.1%
2025-11-12 02:08:53 - caltech-101_fedpgp_8_0.0_1 - INFO - Evaluate on the client7 neighbor set
2025-11-12 02:09:09 - caltech-101_fedpgp_8_0.0_1 - INFO - => result | total: 2,061 | correct: 1,893 | accuracy: 91.8% | error: 8.2% | macro_f1: 88.9%
2025-11-12 02:09:09 - caltech-101_fedpgp_8_0.0_1 - INFO - Evaluate on the client8 local set
2025-11-12 02:09:13 - caltech-101_fedpgp_8_0.0_1 - INFO - => result | total: 415 | correct: 385 | accuracy: 92.8% | error: 7.2% | macro_f1: 90.3%
2025-11-12 02:09:13 - caltech-101_fedpgp_8_0.0_1 - INFO - Evaluate on the client8 neighbor set
2025-11-12 02:09:27 - caltech-101_fedpgp_8_0.0_1 - INFO - => result | total: 2,050 | correct: 1,883 | accuracy: 91.9% | error: 8.1% | macro_f1: 88.7%
2025-11-12 02:09:27 - caltech-101_fedpgp_8_0.0_1 - INFO - Evaluate on the client9 local set
2025-11-12 02:09:29 - caltech-101_fedpgp_8_0.0_1 - INFO - => result | total: 206 | correct: 202 | accuracy: 98.1% | error: 1.9% | macro_f1: 98.3%
2025-11-12 02:09:29 - caltech-101_fedpgp_8_0.0_1 - INFO - Evaluate on the client9 neighbor set
2025-11-12 02:09:47 - caltech-101_fedpgp_8_0.0_1 - INFO - => result | total: 2,259 | correct: 2,065 | accuracy: 91.4% | error: 8.6% | macro_f1: 88.1%
2025-11-12 02:09:47 - caltech-101_fedpgp_8_0.0_1 - INFO - Global test local acc: 93.06
2025-11-12 02:09:47 - caltech-101_fedpgp_8_0.0_1 - INFO - Global test neighbor acc: 91.48
2025-11-12 02:09:47 - caltech-101_fedpgp_8_0.0_1 - INFO - ------------local test finish-------------
2025-11-12 02:09:47 - caltech-101_fedpgp_8_0.0_1 - INFO - [Epoch 30/30] 测试耗时: 182.49s
2025-11-12 02:09:47 - caltech-101_fedpgp_8_0.0_1 - INFO - maximum test local acc: 93.056
2025-11-12 02:09:47 - caltech-101_fedpgp_8_0.0_1 - INFO - mean of local acc: 92.454
2025-11-12 02:09:47 - caltech-101_fedpgp_8_0.0_1 - INFO - maximum test neighbor acc: 91.482
2025-11-12 02:09:47 - caltech-101_fedpgp_8_0.0_1 - INFO - mean of neighbor acc: 90.718
