2025-11-12 03:19:03 - caltech-101_dpfpl_8_0.01_1 - INFO - 日志文件已创建: logs/caltech-101_dpfpl_8_0.01_1_20251112_031903.log
2025-11-12 03:19:03 - caltech-101_dpfpl_8_0.01_1 - INFO - Loading trainer: DP_FPL
2025-11-12 03:19:03 - caltech-101_dpfpl_8_0.01_1 - INFO - Loading dataset: Caltech101
2025-11-12 03:19:03 - caltech-101_dpfpl_8_0.01_1 - INFO - Reading split from /home/liuxin25/dataset/caltech-101/split_zhou_Caltech101.json
2025-11-12 03:19:03 - caltech-101_dpfpl_8_0.01_1 - INFO - Creating a baseline federated dataset
2025-11-12 03:19:03 - caltech-101_dpfpl_8_0.01_1 - INFO - class_num 100
2025-11-12 03:19:03 - caltech-101_dpfpl_8_0.01_1 - INFO - user class dict total [20, 79, 93, 54, 52, 65, 0, 1, 48, 74]
2025-11-12 03:19:03 - caltech-101_dpfpl_8_0.01_1 - INFO - idx: 0, output_dict_len: 673
2025-11-12 03:19:03 - caltech-101_dpfpl_8_0.01_1 - INFO - user class dict total [44, 82, 35, 69, 91, 42, 33, 14, 5, 62]
2025-11-12 03:19:03 - caltech-101_dpfpl_8_0.01_1 - INFO - idx: 1, output_dict_len: 296
2025-11-12 03:19:03 - caltech-101_dpfpl_8_0.01_1 - INFO - user class dict total [32, 55, 96, 10, 21, 31, 90, 27, 28, 76]
2025-11-12 03:19:03 - caltech-101_dpfpl_8_0.01_1 - INFO - idx: 2, output_dict_len: 251
2025-11-12 03:19:03 - caltech-101_dpfpl_8_0.01_1 - INFO - user class dict total [80, 71, 66, 58, 23, 70, 60, 72, 17, 18]
2025-11-12 03:19:03 - caltech-101_dpfpl_8_0.01_1 - INFO - idx: 3, output_dict_len: 275
2025-11-12 03:19:03 - caltech-101_dpfpl_8_0.01_1 - INFO - user class dict total [45, 34, 11, 56, 84, 13, 41, 30, 24, 85]
2025-11-12 03:19:03 - caltech-101_dpfpl_8_0.01_1 - INFO - idx: 4, output_dict_len: 369
2025-11-12 03:19:03 - caltech-101_dpfpl_8_0.01_1 - INFO - user class dict total [51, 75, 37, 6, 53, 94, 95, 39, 47, 98]
2025-11-12 03:19:03 - caltech-101_dpfpl_8_0.01_1 - INFO - idx: 5, output_dict_len: 265
2025-11-12 03:19:03 - caltech-101_dpfpl_8_0.01_1 - INFO - user class dict total [36, 7, 50, 3, 63, 59, 9, 77, 64, 92]
2025-11-12 03:19:03 - caltech-101_dpfpl_8_0.01_1 - INFO - idx: 6, output_dict_len: 286
2025-11-12 03:19:03 - caltech-101_dpfpl_8_0.01_1 - INFO - user class dict total [86, 97, 61, 19, 25, 4, 16, 8, 46, 26]
2025-11-12 03:19:03 - caltech-101_dpfpl_8_0.01_1 - INFO - idx: 7, output_dict_len: 675
2025-11-12 03:19:03 - caltech-101_dpfpl_8_0.01_1 - INFO - user class dict total [2, 88, 29, 22, 87, 67, 68, 38, 83, 15]
2025-11-12 03:19:03 - caltech-101_dpfpl_8_0.01_1 - INFO - idx: 8, output_dict_len: 695
2025-11-12 03:19:03 - caltech-101_dpfpl_8_0.01_1 - INFO - user class dict total [12, 81, 43, 73, 78, 40, 99, 57, 89, 49]
2025-11-12 03:19:03 - caltech-101_dpfpl_8_0.01_1 - INFO - idx: 9, output_dict_len: 343
2025-11-12 03:19:03 - caltech-101_dpfpl_8_0.01_1 - INFO - Creating a baseline federated dataset
2025-11-12 03:19:03 - caltech-101_dpfpl_8_0.01_1 - INFO - class_num 100
2025-11-12 03:19:03 - caltech-101_dpfpl_8_0.01_1 - INFO - user class dict total [20, 79, 93, 54, 52, 65, 0, 1, 48, 74]
2025-11-12 03:19:03 - caltech-101_dpfpl_8_0.01_1 - INFO - idx: 0, output_dict_len: 399
2025-11-12 03:19:03 - caltech-101_dpfpl_8_0.01_1 - INFO - user class dict total [44, 82, 35, 69, 91, 42, 33, 14, 5, 62]
2025-11-12 03:19:03 - caltech-101_dpfpl_8_0.01_1 - INFO - idx: 1, output_dict_len: 176
2025-11-12 03:19:03 - caltech-101_dpfpl_8_0.01_1 - INFO - user class dict total [32, 55, 96, 10, 21, 31, 90, 27, 28, 76]
2025-11-12 03:19:03 - caltech-101_dpfpl_8_0.01_1 - INFO - idx: 2, output_dict_len: 154
2025-11-12 03:19:03 - caltech-101_dpfpl_8_0.01_1 - INFO - user class dict total [80, 71, 66, 58, 23, 70, 60, 72, 17, 18]
2025-11-12 03:19:03 - caltech-101_dpfpl_8_0.01_1 - INFO - idx: 3, output_dict_len: 162
2025-11-12 03:19:03 - caltech-101_dpfpl_8_0.01_1 - INFO - user class dict total [45, 34, 11, 56, 84, 13, 41, 30, 24, 85]
2025-11-12 03:19:03 - caltech-101_dpfpl_8_0.01_1 - INFO - idx: 4, output_dict_len: 221
2025-11-12 03:19:03 - caltech-101_dpfpl_8_0.01_1 - INFO - user class dict total [51, 75, 37, 6, 53, 94, 95, 39, 47, 98]
2025-11-12 03:19:03 - caltech-101_dpfpl_8_0.01_1 - INFO - idx: 5, output_dict_len: 157
2025-11-12 03:19:03 - caltech-101_dpfpl_8_0.01_1 - INFO - user class dict total [36, 7, 50, 3, 63, 59, 9, 77, 64, 92]
2025-11-12 03:19:03 - caltech-101_dpfpl_8_0.01_1 - INFO - idx: 6, output_dict_len: 171
2025-11-12 03:19:03 - caltech-101_dpfpl_8_0.01_1 - INFO - user class dict total [86, 97, 61, 19, 25, 4, 16, 8, 46, 26]
2025-11-12 03:19:03 - caltech-101_dpfpl_8_0.01_1 - INFO - idx: 7, output_dict_len: 404
2025-11-12 03:19:03 - caltech-101_dpfpl_8_0.01_1 - INFO - user class dict total [2, 88, 29, 22, 87, 67, 68, 38, 83, 15]
2025-11-12 03:19:03 - caltech-101_dpfpl_8_0.01_1 - INFO - idx: 8, output_dict_len: 415
2025-11-12 03:19:03 - caltech-101_dpfpl_8_0.01_1 - INFO - user class dict total [12, 81, 43, 73, 78, 40, 99, 57, 89, 49]
2025-11-12 03:19:03 - caltech-101_dpfpl_8_0.01_1 - INFO - idx: 9, output_dict_len: 206
2025-11-12 03:19:03 - caltech-101_dpfpl_8_0.01_1 - INFO - Loading CLIP (backbone: ViT-B/16)
2025-11-12 03:19:07 - caltech-101_dpfpl_8_0.01_1 - INFO - Building custom CLIP
2025-11-12 03:19:07 - caltech-101_dpfpl_8_0.01_1 - INFO - Turning off gradients in both the image and the text encoder
2025-11-12 03:19:34 - caltech-101_dpfpl_8_0.01_1 - INFO - [Epoch 1/30] 训练耗时: 27.31s | 平均训练准确率: 52.95
2025-11-12 03:19:56 - caltech-101_dpfpl_8_0.01_1 - INFO - [Epoch 2/30] 训练耗时: 21.58s | 平均训练准确率: 73.21
2025-11-12 03:20:11 - caltech-101_dpfpl_8_0.01_1 - INFO - [Epoch 3/30] 训练耗时: 15.45s | 平均训练准确率: 84.20
2025-11-12 03:20:27 - caltech-101_dpfpl_8_0.01_1 - INFO - [Epoch 4/30] 训练耗时: 15.54s | 平均训练准确率: 82.46
2025-11-12 03:20:42 - caltech-101_dpfpl_8_0.01_1 - INFO - [Epoch 5/30] 训练耗时: 15.79s | 平均训练准确率: 83.79
2025-11-12 03:20:58 - caltech-101_dpfpl_8_0.01_1 - INFO - [Epoch 6/30] 训练耗时: 15.94s | 平均训练准确率: 84.60
2025-11-12 03:21:15 - caltech-101_dpfpl_8_0.01_1 - INFO - [Epoch 7/30] 训练耗时: 16.22s | 平均训练准确率: 86.21
2025-11-12 03:21:30 - caltech-101_dpfpl_8_0.01_1 - INFO - [Epoch 8/30] 训练耗时: 15.82s | 平均训练准确率: 84.11
2025-11-12 03:21:46 - caltech-101_dpfpl_8_0.01_1 - INFO - [Epoch 9/30] 训练耗时: 15.10s | 平均训练准确率: 85.04
2025-11-12 03:22:01 - caltech-101_dpfpl_8_0.01_1 - INFO - [Epoch 10/30] 训练耗时: 14.99s | 平均训练准确率: 85.13
2025-11-12 03:22:17 - caltech-101_dpfpl_8_0.01_1 - INFO - [Epoch 11/30] 训练耗时: 16.43s | 平均训练准确率: 85.62
2025-11-12 03:22:32 - caltech-101_dpfpl_8_0.01_1 - INFO - [Epoch 12/30] 训练耗时: 15.33s | 平均训练准确率: 85.54
2025-11-12 03:22:48 - caltech-101_dpfpl_8_0.01_1 - INFO - [Epoch 13/30] 训练耗时: 15.33s | 平均训练准确率: 84.29
2025-11-12 03:23:03 - caltech-101_dpfpl_8_0.01_1 - INFO - [Epoch 14/30] 训练耗时: 15.53s | 平均训练准确率: 83.17
2025-11-12 03:23:18 - caltech-101_dpfpl_8_0.01_1 - INFO - [Epoch 15/30] 训练耗时: 15.26s | 平均训练准确率: 85.31
2025-11-12 03:23:33 - caltech-101_dpfpl_8_0.01_1 - INFO - [Epoch 16/30] 训练耗时: 15.03s | 平均训练准确率: 85.36
2025-11-12 03:23:49 - caltech-101_dpfpl_8_0.01_1 - INFO - [Epoch 17/30] 训练耗时: 15.55s | 平均训练准确率: 85.27
2025-11-12 03:24:04 - caltech-101_dpfpl_8_0.01_1 - INFO - [Epoch 18/30] 训练耗时: 15.10s | 平均训练准确率: 85.76
2025-11-12 03:24:19 - caltech-101_dpfpl_8_0.01_1 - INFO - [Epoch 19/30] 训练耗时: 15.01s | 平均训练准确率: 85.13
2025-11-12 03:24:35 - caltech-101_dpfpl_8_0.01_1 - INFO - [Epoch 20/30] 训练耗时: 15.44s | 平均训练准确率: 85.18
2025-11-12 03:24:50 - caltech-101_dpfpl_8_0.01_1 - INFO - [Epoch 21/30] 训练耗时: 14.99s | 平均训练准确率: 85.45
2025-11-12 03:25:05 - caltech-101_dpfpl_8_0.01_1 - INFO - [Epoch 22/30] 训练耗时: 15.41s | 平均训练准确率: 83.21
2025-11-12 03:25:20 - caltech-101_dpfpl_8_0.01_1 - INFO - [Epoch 23/30] 训练耗时: 15.01s | 平均训练准确率: 84.11
2025-11-12 03:25:35 - caltech-101_dpfpl_8_0.01_1 - INFO - [Epoch 24/30] 训练耗时: 15.11s | 平均训练准确率: 85.49
2025-11-12 03:25:50 - caltech-101_dpfpl_8_0.01_1 - INFO - [Epoch 25/30] 训练耗时: 14.92s | 平均训练准确率: 85.40
2025-11-12 03:26:05 - caltech-101_dpfpl_8_0.01_1 - INFO - [Epoch 26/30] 训练耗时: 15.08s | 平均训练准确率: 85.94
2025-11-12 03:26:20 - caltech-101_dpfpl_8_0.01_1 - INFO - [Epoch 27/30] 训练耗时: 14.59s | 平均训练准确率: 85.49
2025-11-12 03:26:35 - caltech-101_dpfpl_8_0.01_1 - INFO - [Epoch 28/30] 训练耗时: 15.11s | 平均训练准确率: 85.09
2025-11-12 03:26:35 - caltech-101_dpfpl_8_0.01_1 - INFO - ------------local test start-------------
2025-11-12 03:26:35 - caltech-101_dpfpl_8_0.01_1 - INFO - Evaluate on the client0 local set
2025-11-12 03:26:38 - caltech-101_dpfpl_8_0.01_1 - INFO - => result | total: 399 | correct: 361 | accuracy: 90.5% | error: 9.5% | macro_f1: 90.0%
2025-11-12 03:26:38 - caltech-101_dpfpl_8_0.01_1 - INFO - Evaluate on the client0 neighbor set
2025-11-12 03:26:49 - caltech-101_dpfpl_8_0.01_1 - INFO - => result | total: 2,066 | correct: 1,944 | accuracy: 94.1% | error: 5.9% | macro_f1: 91.1%
2025-11-12 03:26:49 - caltech-101_dpfpl_8_0.01_1 - INFO - Evaluate on the client1 local set
2025-11-12 03:26:50 - caltech-101_dpfpl_8_0.01_1 - INFO - => result | total: 176 | correct: 168 | accuracy: 95.5% | error: 4.5% | macro_f1: 96.9%
2025-11-12 03:26:50 - caltech-101_dpfpl_8_0.01_1 - INFO - Evaluate on the client1 neighbor set
2025-11-12 03:27:04 - caltech-101_dpfpl_8_0.01_1 - INFO - => result | total: 2,289 | correct: 2,138 | accuracy: 93.4% | error: 6.6% | macro_f1: 90.1%
2025-11-12 03:27:04 - caltech-101_dpfpl_8_0.01_1 - INFO - Evaluate on the client2 local set
2025-11-12 03:27:05 - caltech-101_dpfpl_8_0.01_1 - INFO - => result | total: 154 | correct: 134 | accuracy: 87.0% | error: 13.0% | macro_f1: 89.0%
2025-11-12 03:27:05 - caltech-101_dpfpl_8_0.01_1 - INFO - Evaluate on the client2 neighbor set
2025-11-12 03:27:18 - caltech-101_dpfpl_8_0.01_1 - INFO - => result | total: 2,311 | correct: 2,177 | accuracy: 94.2% | error: 5.8% | macro_f1: 91.4%
2025-11-12 03:27:18 - caltech-101_dpfpl_8_0.01_1 - INFO - Evaluate on the client3 local set
2025-11-12 03:27:19 - caltech-101_dpfpl_8_0.01_1 - INFO - => result | total: 162 | correct: 148 | accuracy: 91.4% | error: 8.6% | macro_f1: 92.7%
2025-11-12 03:27:19 - caltech-101_dpfpl_8_0.01_1 - INFO - Evaluate on the client3 neighbor set
2025-11-12 03:27:35 - caltech-101_dpfpl_8_0.01_1 - INFO - => result | total: 2,303 | correct: 2,160 | accuracy: 93.8% | error: 6.2% | macro_f1: 91.1%
2025-11-12 03:27:35 - caltech-101_dpfpl_8_0.01_1 - INFO - Evaluate on the client4 local set
2025-11-12 03:27:37 - caltech-101_dpfpl_8_0.01_1 - INFO - => result | total: 221 | correct: 202 | accuracy: 91.4% | error: 8.6% | macro_f1: 89.9%
2025-11-12 03:27:37 - caltech-101_dpfpl_8_0.01_1 - INFO - Evaluate on the client4 neighbor set
2025-11-12 03:27:52 - caltech-101_dpfpl_8_0.01_1 - INFO - => result | total: 2,244 | correct: 2,105 | accuracy: 93.8% | error: 6.2% | macro_f1: 91.2%
2025-11-12 03:27:52 - caltech-101_dpfpl_8_0.01_1 - INFO - Evaluate on the client5 local set
2025-11-12 03:27:54 - caltech-101_dpfpl_8_0.01_1 - INFO - => result | total: 157 | correct: 140 | accuracy: 89.2% | error: 10.8% | macro_f1: 91.2%
2025-11-12 03:27:54 - caltech-101_dpfpl_8_0.01_1 - INFO - Evaluate on the client5 neighbor set
2025-11-12 03:28:11 - caltech-101_dpfpl_8_0.01_1 - INFO - => result | total: 2,308 | correct: 2,165 | accuracy: 93.8% | error: 6.2% | macro_f1: 91.2%
2025-11-12 03:28:11 - caltech-101_dpfpl_8_0.01_1 - INFO - Evaluate on the client6 local set
2025-11-12 03:28:12 - caltech-101_dpfpl_8_0.01_1 - INFO - => result | total: 171 | correct: 166 | accuracy: 97.1% | error: 2.9% | macro_f1: 98.6%
2025-11-12 03:28:12 - caltech-101_dpfpl_8_0.01_1 - INFO - Evaluate on the client6 neighbor set
2025-11-12 03:28:33 - caltech-101_dpfpl_8_0.01_1 - INFO - => result | total: 2,294 | correct: 2,136 | accuracy: 93.1% | error: 6.9% | macro_f1: 89.8%
2025-11-12 03:28:33 - caltech-101_dpfpl_8_0.01_1 - INFO - Evaluate on the client7 local set
2025-11-12 03:28:36 - caltech-101_dpfpl_8_0.01_1 - INFO - => result | total: 404 | correct: 389 | accuracy: 96.3% | error: 3.7% | macro_f1: 94.9%
2025-11-12 03:28:36 - caltech-101_dpfpl_8_0.01_1 - INFO - Evaluate on the client7 neighbor set
2025-11-12 03:28:53 - caltech-101_dpfpl_8_0.01_1 - INFO - => result | total: 2,061 | correct: 1,914 | accuracy: 92.9% | error: 7.1% | macro_f1: 90.7%
2025-11-12 03:28:53 - caltech-101_dpfpl_8_0.01_1 - INFO - Evaluate on the client8 local set
2025-11-12 03:28:56 - caltech-101_dpfpl_8_0.01_1 - INFO - => result | total: 415 | correct: 409 | accuracy: 98.6% | error: 1.4% | macro_f1: 98.3%
2025-11-12 03:28:56 - caltech-101_dpfpl_8_0.01_1 - INFO - Evaluate on the client8 neighbor set
2025-11-12 03:29:11 - caltech-101_dpfpl_8_0.01_1 - INFO - => result | total: 2,050 | correct: 1,894 | accuracy: 92.4% | error: 7.6% | macro_f1: 89.7%
2025-11-12 03:29:11 - caltech-101_dpfpl_8_0.01_1 - INFO - Evaluate on the client9 local set
2025-11-12 03:29:12 - caltech-101_dpfpl_8_0.01_1 - INFO - => result | total: 206 | correct: 199 | accuracy: 96.6% | error: 3.4% | macro_f1: 97.9%
2025-11-12 03:29:12 - caltech-101_dpfpl_8_0.01_1 - INFO - Evaluate on the client9 neighbor set
2025-11-12 03:29:31 - caltech-101_dpfpl_8_0.01_1 - INFO - => result | total: 2,259 | correct: 2,102 | accuracy: 93.1% | error: 6.9% | macro_f1: 90.6%
2025-11-12 03:29:31 - caltech-101_dpfpl_8_0.01_1 - INFO - Global test local acc: 93.34
2025-11-12 03:29:31 - caltech-101_dpfpl_8_0.01_1 - INFO - Global test neighbor acc: 93.45
2025-11-12 03:29:31 - caltech-101_dpfpl_8_0.01_1 - INFO - ------------local test finish-------------
2025-11-12 03:29:31 - caltech-101_dpfpl_8_0.01_1 - INFO - [Epoch 28/30] 测试耗时: 175.75s
2025-11-12 03:29:55 - caltech-101_dpfpl_8_0.01_1 - INFO - [Epoch 29/30] 训练耗时: 24.58s | 平均训练准确率: 85.13
2025-11-12 03:29:55 - caltech-101_dpfpl_8_0.01_1 - INFO - ------------local test start-------------
2025-11-12 03:29:55 - caltech-101_dpfpl_8_0.01_1 - INFO - Evaluate on the client0 local set
2025-11-12 03:29:59 - caltech-101_dpfpl_8_0.01_1 - INFO - => result | total: 399 | correct: 347 | accuracy: 87.0% | error: 13.0% | macro_f1: 87.9%
2025-11-12 03:29:59 - caltech-101_dpfpl_8_0.01_1 - INFO - Evaluate on the client0 neighbor set
2025-11-12 03:30:17 - caltech-101_dpfpl_8_0.01_1 - INFO - => result | total: 2,066 | correct: 1,947 | accuracy: 94.2% | error: 5.8% | macro_f1: 91.6%
2025-11-12 03:30:17 - caltech-101_dpfpl_8_0.01_1 - INFO - Evaluate on the client1 local set
2025-11-12 03:30:18 - caltech-101_dpfpl_8_0.01_1 - INFO - => result | total: 176 | correct: 168 | accuracy: 95.5% | error: 4.5% | macro_f1: 96.9%
2025-11-12 03:30:18 - caltech-101_dpfpl_8_0.01_1 - INFO - Evaluate on the client1 neighbor set
2025-11-12 03:30:37 - caltech-101_dpfpl_8_0.01_1 - INFO - => result | total: 2,289 | correct: 2,130 | accuracy: 93.1% | error: 6.9% | macro_f1: 90.3%
2025-11-12 03:30:37 - caltech-101_dpfpl_8_0.01_1 - INFO - Evaluate on the client2 local set
2025-11-12 03:30:38 - caltech-101_dpfpl_8_0.01_1 - INFO - => result | total: 154 | correct: 131 | accuracy: 85.1% | error: 14.9% | macro_f1: 89.0%
2025-11-12 03:30:38 - caltech-101_dpfpl_8_0.01_1 - INFO - Evaluate on the client2 neighbor set
2025-11-12 03:30:52 - caltech-101_dpfpl_8_0.01_1 - INFO - => result | total: 2,311 | correct: 2,170 | accuracy: 93.9% | error: 6.1% | macro_f1: 91.7%
2025-11-12 03:30:52 - caltech-101_dpfpl_8_0.01_1 - INFO - Evaluate on the client3 local set
2025-11-12 03:30:53 - caltech-101_dpfpl_8_0.01_1 - INFO - => result | total: 162 | correct: 149 | accuracy: 92.0% | error: 8.0% | macro_f1: 92.7%
2025-11-12 03:30:53 - caltech-101_dpfpl_8_0.01_1 - INFO - Evaluate on the client3 neighbor set
2025-11-12 03:31:07 - caltech-101_dpfpl_8_0.01_1 - INFO - => result | total: 2,303 | correct: 2,151 | accuracy: 93.4% | error: 6.6% | macro_f1: 91.2%
2025-11-12 03:31:07 - caltech-101_dpfpl_8_0.01_1 - INFO - Evaluate on the client4 local set
2025-11-12 03:31:09 - caltech-101_dpfpl_8_0.01_1 - INFO - => result | total: 221 | correct: 206 | accuracy: 93.2% | error: 6.8% | macro_f1: 93.1%
2025-11-12 03:31:09 - caltech-101_dpfpl_8_0.01_1 - INFO - Evaluate on the client4 neighbor set
2025-11-12 03:31:25 - caltech-101_dpfpl_8_0.01_1 - INFO - => result | total: 2,244 | correct: 2,097 | accuracy: 93.4% | error: 6.6% | macro_f1: 91.1%
2025-11-12 03:31:25 - caltech-101_dpfpl_8_0.01_1 - INFO - Evaluate on the client5 local set
2025-11-12 03:31:26 - caltech-101_dpfpl_8_0.01_1 - INFO - => result | total: 157 | correct: 145 | accuracy: 92.4% | error: 7.6% | macro_f1: 95.1%
2025-11-12 03:31:26 - caltech-101_dpfpl_8_0.01_1 - INFO - Evaluate on the client5 neighbor set
2025-11-12 03:31:43 - caltech-101_dpfpl_8_0.01_1 - INFO - => result | total: 2,308 | correct: 2,160 | accuracy: 93.6% | error: 6.4% | macro_f1: 91.3%
2025-11-12 03:31:43 - caltech-101_dpfpl_8_0.01_1 - INFO - Evaluate on the client6 local set
2025-11-12 03:31:44 - caltech-101_dpfpl_8_0.01_1 - INFO - => result | total: 171 | correct: 163 | accuracy: 95.3% | error: 4.7% | macro_f1: 97.5%
2025-11-12 03:31:44 - caltech-101_dpfpl_8_0.01_1 - INFO - Evaluate on the client6 neighbor set
2025-11-12 03:32:03 - caltech-101_dpfpl_8_0.01_1 - INFO - => result | total: 2,294 | correct: 2,146 | accuracy: 93.5% | error: 6.5% | macro_f1: 90.9%
2025-11-12 03:32:03 - caltech-101_dpfpl_8_0.01_1 - INFO - Evaluate on the client7 local set
2025-11-12 03:32:06 - caltech-101_dpfpl_8_0.01_1 - INFO - => result | total: 404 | correct: 390 | accuracy: 96.5% | error: 3.5% | macro_f1: 95.0%
2025-11-12 03:32:06 - caltech-101_dpfpl_8_0.01_1 - INFO - Evaluate on the client7 neighbor set
2025-11-12 03:32:22 - caltech-101_dpfpl_8_0.01_1 - INFO - => result | total: 2,061 | correct: 1,919 | accuracy: 93.1% | error: 6.9% | macro_f1: 91.6%
2025-11-12 03:32:22 - caltech-101_dpfpl_8_0.01_1 - INFO - Evaluate on the client8 local set
2025-11-12 03:32:25 - caltech-101_dpfpl_8_0.01_1 - INFO - => result | total: 415 | correct: 410 | accuracy: 98.8% | error: 1.2% | macro_f1: 98.4%
2025-11-12 03:32:25 - caltech-101_dpfpl_8_0.01_1 - INFO - Evaluate on the client8 neighbor set
2025-11-12 03:32:43 - caltech-101_dpfpl_8_0.01_1 - INFO - => result | total: 2,050 | correct: 1,905 | accuracy: 92.9% | error: 7.1% | macro_f1: 90.9%
2025-11-12 03:32:43 - caltech-101_dpfpl_8_0.01_1 - INFO - Evaluate on the client9 local set
2025-11-12 03:32:45 - caltech-101_dpfpl_8_0.01_1 - INFO - => result | total: 206 | correct: 198 | accuracy: 96.1% | error: 3.9% | macro_f1: 97.5%
2025-11-12 03:32:45 - caltech-101_dpfpl_8_0.01_1 - INFO - Evaluate on the client9 neighbor set
2025-11-12 03:33:03 - caltech-101_dpfpl_8_0.01_1 - INFO - => result | total: 2,259 | correct: 2,118 | accuracy: 93.8% | error: 6.2% | macro_f1: 92.0%
2025-11-12 03:33:03 - caltech-101_dpfpl_8_0.01_1 - INFO - Global test local acc: 93.18
2025-11-12 03:33:03 - caltech-101_dpfpl_8_0.01_1 - INFO - Global test neighbor acc: 93.50
2025-11-12 03:33:03 - caltech-101_dpfpl_8_0.01_1 - INFO - ------------local test finish-------------
2025-11-12 03:33:03 - caltech-101_dpfpl_8_0.01_1 - INFO - [Epoch 29/30] 测试耗时: 187.78s
2025-11-12 03:33:26 - caltech-101_dpfpl_8_0.01_1 - INFO - [Epoch 30/30] 训练耗时: 22.90s | 平均训练准确率: 84.82
2025-11-12 03:33:26 - caltech-101_dpfpl_8_0.01_1 - INFO - ------------local test start-------------
2025-11-12 03:33:26 - caltech-101_dpfpl_8_0.01_1 - INFO - Evaluate on the client0 local set
2025-11-12 03:33:29 - caltech-101_dpfpl_8_0.01_1 - INFO - => result | total: 399 | correct: 356 | accuracy: 89.2% | error: 10.8% | macro_f1: 88.6%
2025-11-12 03:33:29 - caltech-101_dpfpl_8_0.01_1 - INFO - Evaluate on the client0 neighbor set
2025-11-12 03:33:43 - caltech-101_dpfpl_8_0.01_1 - INFO - => result | total: 2,066 | correct: 1,956 | accuracy: 94.7% | error: 5.3% | macro_f1: 92.3%
2025-11-12 03:33:43 - caltech-101_dpfpl_8_0.01_1 - INFO - Evaluate on the client1 local set
2025-11-12 03:33:45 - caltech-101_dpfpl_8_0.01_1 - INFO - => result | total: 176 | correct: 168 | accuracy: 95.5% | error: 4.5% | macro_f1: 96.9%
2025-11-12 03:33:45 - caltech-101_dpfpl_8_0.01_1 - INFO - Evaluate on the client1 neighbor set
2025-11-12 03:33:59 - caltech-101_dpfpl_8_0.01_1 - INFO - => result | total: 2,289 | correct: 2,143 | accuracy: 93.6% | error: 6.4% | macro_f1: 90.9%
2025-11-12 03:33:59 - caltech-101_dpfpl_8_0.01_1 - INFO - Evaluate on the client2 local set
2025-11-12 03:34:00 - caltech-101_dpfpl_8_0.01_1 - INFO - => result | total: 154 | correct: 127 | accuracy: 82.5% | error: 17.5% | macro_f1: 86.2%
2025-11-12 03:34:00 - caltech-101_dpfpl_8_0.01_1 - INFO - Evaluate on the client2 neighbor set
2025-11-12 03:34:19 - caltech-101_dpfpl_8_0.01_1 - INFO - => result | total: 2,311 | correct: 2,185 | accuracy: 94.5% | error: 5.5% | macro_f1: 92.2%
2025-11-12 03:34:19 - caltech-101_dpfpl_8_0.01_1 - INFO - Evaluate on the client3 local set
2025-11-12 03:34:20 - caltech-101_dpfpl_8_0.01_1 - INFO - => result | total: 162 | correct: 150 | accuracy: 92.6% | error: 7.4% | macro_f1: 93.5%
2025-11-12 03:34:20 - caltech-101_dpfpl_8_0.01_1 - INFO - Evaluate on the client3 neighbor set
2025-11-12 03:34:35 - caltech-101_dpfpl_8_0.01_1 - INFO - => result | total: 2,303 | correct: 2,161 | accuracy: 93.8% | error: 6.2% | macro_f1: 91.4%
2025-11-12 03:34:35 - caltech-101_dpfpl_8_0.01_1 - INFO - Evaluate on the client4 local set
2025-11-12 03:34:36 - caltech-101_dpfpl_8_0.01_1 - INFO - => result | total: 221 | correct: 203 | accuracy: 91.9% | error: 8.1% | macro_f1: 91.5%
2025-11-12 03:34:36 - caltech-101_dpfpl_8_0.01_1 - INFO - Evaluate on the client4 neighbor set
2025-11-12 03:34:51 - caltech-101_dpfpl_8_0.01_1 - INFO - => result | total: 2,244 | correct: 2,106 | accuracy: 93.9% | error: 6.1% | macro_f1: 91.3%
2025-11-12 03:34:51 - caltech-101_dpfpl_8_0.01_1 - INFO - Evaluate on the client5 local set
2025-11-12 03:34:53 - caltech-101_dpfpl_8_0.01_1 - INFO - => result | total: 157 | correct: 145 | accuracy: 92.4% | error: 7.6% | macro_f1: 94.8%
2025-11-12 03:34:53 - caltech-101_dpfpl_8_0.01_1 - INFO - Evaluate on the client5 neighbor set
2025-11-12 03:35:10 - caltech-101_dpfpl_8_0.01_1 - INFO - => result | total: 2,308 | correct: 2,162 | accuracy: 93.7% | error: 6.3% | macro_f1: 90.9%
2025-11-12 03:35:10 - caltech-101_dpfpl_8_0.01_1 - INFO - Evaluate on the client6 local set
2025-11-12 03:35:11 - caltech-101_dpfpl_8_0.01_1 - INFO - => result | total: 171 | correct: 162 | accuracy: 94.7% | error: 5.3% | macro_f1: 97.2%
2025-11-12 03:35:11 - caltech-101_dpfpl_8_0.01_1 - INFO - Evaluate on the client6 neighbor set
2025-11-12 03:35:26 - caltech-101_dpfpl_8_0.01_1 - INFO - => result | total: 2,294 | correct: 2,144 | accuracy: 93.5% | error: 6.5% | macro_f1: 90.4%
2025-11-12 03:35:26 - caltech-101_dpfpl_8_0.01_1 - INFO - Evaluate on the client7 local set
2025-11-12 03:35:30 - caltech-101_dpfpl_8_0.01_1 - INFO - => result | total: 404 | correct: 392 | accuracy: 97.0% | error: 3.0% | macro_f1: 95.7%
2025-11-12 03:35:30 - caltech-101_dpfpl_8_0.01_1 - INFO - Evaluate on the client7 neighbor set
2025-11-12 03:35:46 - caltech-101_dpfpl_8_0.01_1 - INFO - => result | total: 2,061 | correct: 1,915 | accuracy: 92.9% | error: 7.1% | macro_f1: 91.0%
2025-11-12 03:35:46 - caltech-101_dpfpl_8_0.01_1 - INFO - Evaluate on the client8 local set
2025-11-12 03:35:49 - caltech-101_dpfpl_8_0.01_1 - INFO - => result | total: 415 | correct: 407 | accuracy: 98.1% | error: 1.9% | macro_f1: 97.9%
2025-11-12 03:35:49 - caltech-101_dpfpl_8_0.01_1 - INFO - Evaluate on the client8 neighbor set
2025-11-12 03:36:03 - caltech-101_dpfpl_8_0.01_1 - INFO - => result | total: 2,050 | correct: 1,900 | accuracy: 92.7% | error: 7.3% | macro_f1: 90.1%
2025-11-12 03:36:03 - caltech-101_dpfpl_8_0.01_1 - INFO - Evaluate on the client9 local set
2025-11-12 03:36:06 - caltech-101_dpfpl_8_0.01_1 - INFO - => result | total: 206 | correct: 199 | accuracy: 96.6% | error: 3.4% | macro_f1: 97.9%
2025-11-12 03:36:06 - caltech-101_dpfpl_8_0.01_1 - INFO - Evaluate on the client9 neighbor set
2025-11-12 03:36:24 - caltech-101_dpfpl_8_0.01_1 - INFO - => result | total: 2,259 | correct: 2,106 | accuracy: 93.2% | error: 6.8% | macro_f1: 90.8%
2025-11-12 03:36:24 - caltech-101_dpfpl_8_0.01_1 - INFO - Global test local acc: 93.04
2025-11-12 03:36:24 - caltech-101_dpfpl_8_0.01_1 - INFO - Global test neighbor acc: 93.65
2025-11-12 03:36:24 - caltech-101_dpfpl_8_0.01_1 - INFO - ------------local test finish-------------
2025-11-12 03:36:24 - caltech-101_dpfpl_8_0.01_1 - INFO - [Epoch 30/30] 测试耗时: 178.18s
2025-11-12 03:36:24 - caltech-101_dpfpl_8_0.01_1 - INFO - maximum test local acc: 93.340
2025-11-12 03:36:24 - caltech-101_dpfpl_8_0.01_1 - INFO - mean of local acc: 93.186
2025-11-12 03:36:24 - caltech-101_dpfpl_8_0.01_1 - INFO - maximum test neighbor acc: 93.649
2025-11-12 03:36:24 - caltech-101_dpfpl_8_0.01_1 - INFO - mean of neighbor acc: 93.533
