2025-11-12 03:02:42 - caltech-101_promptfl_8_0.1_1 - INFO - 日志文件已创建: logs/caltech-101_promptfl_8_0.1_1_20251112_030242.log
2025-11-12 03:02:42 - caltech-101_promptfl_8_0.1_1 - INFO - Loading trainer: DP_FPL
2025-11-12 03:02:42 - caltech-101_promptfl_8_0.1_1 - INFO - Loading dataset: Caltech101
2025-11-12 03:02:42 - caltech-101_promptfl_8_0.1_1 - INFO - Reading split from /home/liuxin25/dataset/caltech-101/split_zhou_Caltech101.json
2025-11-12 03:02:42 - caltech-101_promptfl_8_0.1_1 - INFO - Creating a baseline federated dataset
2025-11-12 03:02:42 - caltech-101_promptfl_8_0.1_1 - INFO - class_num 100
2025-11-12 03:02:42 - caltech-101_promptfl_8_0.1_1 - INFO - user class dict total [20, 79, 93, 54, 52, 65, 0, 1, 48, 74]
2025-11-12 03:02:42 - caltech-101_promptfl_8_0.1_1 - INFO - idx: 0, output_dict_len: 673
2025-11-12 03:02:42 - caltech-101_promptfl_8_0.1_1 - INFO - user class dict total [44, 82, 35, 69, 91, 42, 33, 14, 5, 62]
2025-11-12 03:02:42 - caltech-101_promptfl_8_0.1_1 - INFO - idx: 1, output_dict_len: 296
2025-11-12 03:02:42 - caltech-101_promptfl_8_0.1_1 - INFO - user class dict total [32, 55, 96, 10, 21, 31, 90, 27, 28, 76]
2025-11-12 03:02:42 - caltech-101_promptfl_8_0.1_1 - INFO - idx: 2, output_dict_len: 251
2025-11-12 03:02:42 - caltech-101_promptfl_8_0.1_1 - INFO - user class dict total [80, 71, 66, 58, 23, 70, 60, 72, 17, 18]
2025-11-12 03:02:42 - caltech-101_promptfl_8_0.1_1 - INFO - idx: 3, output_dict_len: 275
2025-11-12 03:02:42 - caltech-101_promptfl_8_0.1_1 - INFO - user class dict total [45, 34, 11, 56, 84, 13, 41, 30, 24, 85]
2025-11-12 03:02:42 - caltech-101_promptfl_8_0.1_1 - INFO - idx: 4, output_dict_len: 369
2025-11-12 03:02:42 - caltech-101_promptfl_8_0.1_1 - INFO - user class dict total [51, 75, 37, 6, 53, 94, 95, 39, 47, 98]
2025-11-12 03:02:42 - caltech-101_promptfl_8_0.1_1 - INFO - idx: 5, output_dict_len: 265
2025-11-12 03:02:42 - caltech-101_promptfl_8_0.1_1 - INFO - user class dict total [36, 7, 50, 3, 63, 59, 9, 77, 64, 92]
2025-11-12 03:02:42 - caltech-101_promptfl_8_0.1_1 - INFO - idx: 6, output_dict_len: 286
2025-11-12 03:02:42 - caltech-101_promptfl_8_0.1_1 - INFO - user class dict total [86, 97, 61, 19, 25, 4, 16, 8, 46, 26]
2025-11-12 03:02:42 - caltech-101_promptfl_8_0.1_1 - INFO - idx: 7, output_dict_len: 675
2025-11-12 03:02:42 - caltech-101_promptfl_8_0.1_1 - INFO - user class dict total [2, 88, 29, 22, 87, 67, 68, 38, 83, 15]
2025-11-12 03:02:42 - caltech-101_promptfl_8_0.1_1 - INFO - idx: 8, output_dict_len: 695
2025-11-12 03:02:42 - caltech-101_promptfl_8_0.1_1 - INFO - user class dict total [12, 81, 43, 73, 78, 40, 99, 57, 89, 49]
2025-11-12 03:02:42 - caltech-101_promptfl_8_0.1_1 - INFO - idx: 9, output_dict_len: 343
2025-11-12 03:02:42 - caltech-101_promptfl_8_0.1_1 - INFO - Creating a baseline federated dataset
2025-11-12 03:02:42 - caltech-101_promptfl_8_0.1_1 - INFO - class_num 100
2025-11-12 03:02:42 - caltech-101_promptfl_8_0.1_1 - INFO - user class dict total [20, 79, 93, 54, 52, 65, 0, 1, 48, 74]
2025-11-12 03:02:42 - caltech-101_promptfl_8_0.1_1 - INFO - idx: 0, output_dict_len: 399
2025-11-12 03:02:42 - caltech-101_promptfl_8_0.1_1 - INFO - user class dict total [44, 82, 35, 69, 91, 42, 33, 14, 5, 62]
2025-11-12 03:02:42 - caltech-101_promptfl_8_0.1_1 - INFO - idx: 1, output_dict_len: 176
2025-11-12 03:02:42 - caltech-101_promptfl_8_0.1_1 - INFO - user class dict total [32, 55, 96, 10, 21, 31, 90, 27, 28, 76]
2025-11-12 03:02:42 - caltech-101_promptfl_8_0.1_1 - INFO - idx: 2, output_dict_len: 154
2025-11-12 03:02:42 - caltech-101_promptfl_8_0.1_1 - INFO - user class dict total [80, 71, 66, 58, 23, 70, 60, 72, 17, 18]
2025-11-12 03:02:42 - caltech-101_promptfl_8_0.1_1 - INFO - idx: 3, output_dict_len: 162
2025-11-12 03:02:42 - caltech-101_promptfl_8_0.1_1 - INFO - user class dict total [45, 34, 11, 56, 84, 13, 41, 30, 24, 85]
2025-11-12 03:02:42 - caltech-101_promptfl_8_0.1_1 - INFO - idx: 4, output_dict_len: 221
2025-11-12 03:02:42 - caltech-101_promptfl_8_0.1_1 - INFO - user class dict total [51, 75, 37, 6, 53, 94, 95, 39, 47, 98]
2025-11-12 03:02:42 - caltech-101_promptfl_8_0.1_1 - INFO - idx: 5, output_dict_len: 157
2025-11-12 03:02:42 - caltech-101_promptfl_8_0.1_1 - INFO - user class dict total [36, 7, 50, 3, 63, 59, 9, 77, 64, 92]
2025-11-12 03:02:42 - caltech-101_promptfl_8_0.1_1 - INFO - idx: 6, output_dict_len: 171
2025-11-12 03:02:42 - caltech-101_promptfl_8_0.1_1 - INFO - user class dict total [86, 97, 61, 19, 25, 4, 16, 8, 46, 26]
2025-11-12 03:02:42 - caltech-101_promptfl_8_0.1_1 - INFO - idx: 7, output_dict_len: 404
2025-11-12 03:02:42 - caltech-101_promptfl_8_0.1_1 - INFO - user class dict total [2, 88, 29, 22, 87, 67, 68, 38, 83, 15]
2025-11-12 03:02:42 - caltech-101_promptfl_8_0.1_1 - INFO - idx: 8, output_dict_len: 415
2025-11-12 03:02:42 - caltech-101_promptfl_8_0.1_1 - INFO - user class dict total [12, 81, 43, 73, 78, 40, 99, 57, 89, 49]
2025-11-12 03:02:42 - caltech-101_promptfl_8_0.1_1 - INFO - idx: 9, output_dict_len: 206
2025-11-12 03:02:42 - caltech-101_promptfl_8_0.1_1 - INFO - Loading CLIP (backbone: ViT-B/16)
2025-11-12 03:02:46 - caltech-101_promptfl_8_0.1_1 - INFO - Building custom CLIP
2025-11-12 03:02:46 - caltech-101_promptfl_8_0.1_1 - INFO - Turning off gradients in both the image and the text encoder
2025-11-12 03:03:03 - caltech-101_promptfl_8_0.1_1 - INFO - [Epoch 1/30] 训练耗时: 16.91s | 平均训练准确率: 54.33
2025-11-12 03:03:18 - caltech-101_promptfl_8_0.1_1 - INFO - [Epoch 2/30] 训练耗时: 15.43s | 平均训练准确率: 75.18
2025-11-12 03:03:34 - caltech-101_promptfl_8_0.1_1 - INFO - [Epoch 3/30] 训练耗时: 15.37s | 平均训练准确率: 81.83
2025-11-12 03:03:49 - caltech-101_promptfl_8_0.1_1 - INFO - [Epoch 4/30] 训练耗时: 14.92s | 平均训练准确率: 84.96
2025-11-12 03:04:04 - caltech-101_promptfl_8_0.1_1 - INFO - [Epoch 5/30] 训练耗时: 15.15s | 平均训练准确率: 84.15
2025-11-12 03:04:19 - caltech-101_promptfl_8_0.1_1 - INFO - [Epoch 6/30] 训练耗时: 15.11s | 平均训练准确率: 84.87
2025-11-12 03:04:34 - caltech-101_promptfl_8_0.1_1 - INFO - [Epoch 7/30] 训练耗时: 15.05s | 平均训练准确率: 85.49
2025-11-12 03:04:49 - caltech-101_promptfl_8_0.1_1 - INFO - [Epoch 8/30] 训练耗时: 14.98s | 平均训练准确率: 85.76
2025-11-12 03:05:04 - caltech-101_promptfl_8_0.1_1 - INFO - [Epoch 9/30] 训练耗时: 14.93s | 平均训练准确率: 85.18
2025-11-12 03:05:18 - caltech-101_promptfl_8_0.1_1 - INFO - [Epoch 10/30] 训练耗时: 14.26s | 平均训练准确率: 85.71
2025-11-12 03:05:32 - caltech-101_promptfl_8_0.1_1 - INFO - [Epoch 11/30] 训练耗时: 14.31s | 平均训练准确率: 85.89
2025-11-12 03:05:47 - caltech-101_promptfl_8_0.1_1 - INFO - [Epoch 12/30] 训练耗时: 14.37s | 平均训练准确率: 86.34
2025-11-12 03:06:02 - caltech-101_promptfl_8_0.1_1 - INFO - [Epoch 13/30] 训练耗时: 14.87s | 平均训练准确率: 86.29
2025-11-12 03:06:16 - caltech-101_promptfl_8_0.1_1 - INFO - [Epoch 14/30] 训练耗时: 14.00s | 平均训练准确率: 84.73
2025-11-12 03:06:31 - caltech-101_promptfl_8_0.1_1 - INFO - [Epoch 15/30] 训练耗时: 15.16s | 平均训练准确率: 84.87
2025-11-12 03:06:45 - caltech-101_promptfl_8_0.1_1 - INFO - [Epoch 16/30] 训练耗时: 14.49s | 平均训练准确率: 85.18
2025-11-12 03:07:01 - caltech-101_promptfl_8_0.1_1 - INFO - [Epoch 17/30] 训练耗时: 15.29s | 平均训练准确率: 85.18
2025-11-12 03:07:15 - caltech-101_promptfl_8_0.1_1 - INFO - [Epoch 18/30] 训练耗时: 14.47s | 平均训练准确率: 84.55
2025-11-12 03:07:30 - caltech-101_promptfl_8_0.1_1 - INFO - [Epoch 19/30] 训练耗时: 14.87s | 平均训练准确率: 85.62
2025-11-12 03:07:45 - caltech-101_promptfl_8_0.1_1 - INFO - [Epoch 20/30] 训练耗时: 14.71s | 平均训练准确率: 86.07
2025-11-12 03:08:00 - caltech-101_promptfl_8_0.1_1 - INFO - [Epoch 21/30] 训练耗时: 15.36s | 平均训练准确率: 86.65
2025-11-12 03:08:15 - caltech-101_promptfl_8_0.1_1 - INFO - [Epoch 22/30] 训练耗时: 14.57s | 平均训练准确率: 85.27
2025-11-12 03:08:29 - caltech-101_promptfl_8_0.1_1 - INFO - [Epoch 23/30] 训练耗时: 14.81s | 平均训练准确率: 85.89
2025-11-12 03:08:44 - caltech-101_promptfl_8_0.1_1 - INFO - [Epoch 24/30] 训练耗时: 14.99s | 平均训练准确率: 86.03
2025-11-12 03:09:00 - caltech-101_promptfl_8_0.1_1 - INFO - [Epoch 25/30] 训练耗时: 15.31s | 平均训练准确率: 85.36
2025-11-12 03:09:18 - caltech-101_promptfl_8_0.1_1 - INFO - [Epoch 26/30] 训练耗时: 18.06s | 平均训练准确率: 85.94
2025-11-12 03:09:33 - caltech-101_promptfl_8_0.1_1 - INFO - [Epoch 27/30] 训练耗时: 15.56s | 平均训练准确率: 86.12
2025-11-12 03:09:49 - caltech-101_promptfl_8_0.1_1 - INFO - [Epoch 28/30] 训练耗时: 15.62s | 平均训练准确率: 86.74
2025-11-12 03:09:49 - caltech-101_promptfl_8_0.1_1 - INFO - ------------local test start-------------
2025-11-12 03:09:49 - caltech-101_promptfl_8_0.1_1 - INFO - Evaluate on the client0 local set
2025-11-12 03:09:52 - caltech-101_promptfl_8_0.1_1 - INFO - => result | total: 399 | correct: 361 | accuracy: 90.5% | error: 9.5% | macro_f1: 89.0%
2025-11-12 03:09:52 - caltech-101_promptfl_8_0.1_1 - INFO - Evaluate on the client0 neighbor set
2025-11-12 03:10:08 - caltech-101_promptfl_8_0.1_1 - INFO - => result | total: 2,066 | correct: 1,949 | accuracy: 94.3% | error: 5.7% | macro_f1: 91.5%
2025-11-12 03:10:08 - caltech-101_promptfl_8_0.1_1 - INFO - Evaluate on the client1 local set
2025-11-12 03:10:10 - caltech-101_promptfl_8_0.1_1 - INFO - => result | total: 176 | correct: 170 | accuracy: 96.6% | error: 3.4% | macro_f1: 97.7%
2025-11-12 03:10:10 - caltech-101_promptfl_8_0.1_1 - INFO - Evaluate on the client1 neighbor set
2025-11-12 03:10:28 - caltech-101_promptfl_8_0.1_1 - INFO - => result | total: 2,289 | correct: 2,143 | accuracy: 93.6% | error: 6.4% | macro_f1: 90.4%
2025-11-12 03:10:28 - caltech-101_promptfl_8_0.1_1 - INFO - Evaluate on the client2 local set
2025-11-12 03:10:29 - caltech-101_promptfl_8_0.1_1 - INFO - => result | total: 154 | correct: 136 | accuracy: 88.3% | error: 11.7% | macro_f1: 90.0%
2025-11-12 03:10:29 - caltech-101_promptfl_8_0.1_1 - INFO - Evaluate on the client2 neighbor set
2025-11-12 03:10:49 - caltech-101_promptfl_8_0.1_1 - INFO - => result | total: 2,311 | correct: 2,179 | accuracy: 94.3% | error: 5.7% | macro_f1: 91.5%
2025-11-12 03:10:49 - caltech-101_promptfl_8_0.1_1 - INFO - Evaluate on the client3 local set
2025-11-12 03:10:50 - caltech-101_promptfl_8_0.1_1 - INFO - => result | total: 162 | correct: 151 | accuracy: 93.2% | error: 6.8% | macro_f1: 94.6%
2025-11-12 03:10:50 - caltech-101_promptfl_8_0.1_1 - INFO - Evaluate on the client3 neighbor set
2025-11-12 03:11:07 - caltech-101_promptfl_8_0.1_1 - INFO - => result | total: 2,303 | correct: 2,165 | accuracy: 94.0% | error: 6.0% | macro_f1: 91.2%
2025-11-12 03:11:07 - caltech-101_promptfl_8_0.1_1 - INFO - Evaluate on the client4 local set
2025-11-12 03:11:08 - caltech-101_promptfl_8_0.1_1 - INFO - => result | total: 221 | correct: 207 | accuracy: 93.7% | error: 6.3% | macro_f1: 92.8%
2025-11-12 03:11:08 - caltech-101_promptfl_8_0.1_1 - INFO - Evaluate on the client4 neighbor set
2025-11-12 03:11:28 - caltech-101_promptfl_8_0.1_1 - INFO - => result | total: 2,244 | correct: 2,110 | accuracy: 94.0% | error: 6.0% | macro_f1: 91.1%
2025-11-12 03:11:28 - caltech-101_promptfl_8_0.1_1 - INFO - Evaluate on the client5 local set
2025-11-12 03:11:30 - caltech-101_promptfl_8_0.1_1 - INFO - => result | total: 157 | correct: 149 | accuracy: 94.9% | error: 5.1% | macro_f1: 96.8%
2025-11-12 03:11:30 - caltech-101_promptfl_8_0.1_1 - INFO - Evaluate on the client5 neighbor set
2025-11-12 03:11:49 - caltech-101_promptfl_8_0.1_1 - INFO - => result | total: 2,308 | correct: 2,167 | accuracy: 93.9% | error: 6.1% | macro_f1: 90.8%
2025-11-12 03:11:49 - caltech-101_promptfl_8_0.1_1 - INFO - Evaluate on the client6 local set
2025-11-12 03:11:50 - caltech-101_promptfl_8_0.1_1 - INFO - => result | total: 171 | correct: 161 | accuracy: 94.2% | error: 5.8% | macro_f1: 96.9%
2025-11-12 03:11:50 - caltech-101_promptfl_8_0.1_1 - INFO - Evaluate on the client6 neighbor set
2025-11-12 03:12:08 - caltech-101_promptfl_8_0.1_1 - INFO - => result | total: 2,294 | correct: 2,155 | accuracy: 93.9% | error: 6.1% | macro_f1: 90.7%
2025-11-12 03:12:08 - caltech-101_promptfl_8_0.1_1 - INFO - Evaluate on the client7 local set
2025-11-12 03:12:10 - caltech-101_promptfl_8_0.1_1 - INFO - => result | total: 404 | correct: 371 | accuracy: 91.8% | error: 8.2% | macro_f1: 84.2%
2025-11-12 03:12:10 - caltech-101_promptfl_8_0.1_1 - INFO - Evaluate on the client7 neighbor set
2025-11-12 03:12:27 - caltech-101_promptfl_8_0.1_1 - INFO - => result | total: 2,061 | correct: 1,945 | accuracy: 94.4% | error: 5.6% | macro_f1: 92.5%
2025-11-12 03:12:27 - caltech-101_promptfl_8_0.1_1 - INFO - Evaluate on the client8 local set
2025-11-12 03:12:31 - caltech-101_promptfl_8_0.1_1 - INFO - => result | total: 415 | correct: 407 | accuracy: 98.1% | error: 1.9% | macro_f1: 97.7%
2025-11-12 03:12:31 - caltech-101_promptfl_8_0.1_1 - INFO - Evaluate on the client8 neighbor set
2025-11-12 03:12:44 - caltech-101_promptfl_8_0.1_1 - INFO - => result | total: 2,050 | correct: 1,911 | accuracy: 93.2% | error: 6.8% | macro_f1: 90.6%
2025-11-12 03:12:44 - caltech-101_promptfl_8_0.1_1 - INFO - Evaluate on the client9 local set
2025-11-12 03:12:45 - caltech-101_promptfl_8_0.1_1 - INFO - => result | total: 206 | correct: 203 | accuracy: 98.5% | error: 1.5% | macro_f1: 98.9%
2025-11-12 03:12:45 - caltech-101_promptfl_8_0.1_1 - INFO - Evaluate on the client9 neighbor set
2025-11-12 03:12:59 - caltech-101_promptfl_8_0.1_1 - INFO - => result | total: 2,259 | correct: 2,116 | accuracy: 93.7% | error: 6.3% | macro_f1: 91.4%
2025-11-12 03:12:59 - caltech-101_promptfl_8_0.1_1 - INFO - Global test local acc: 93.98
2025-11-12 03:12:59 - caltech-101_promptfl_8_0.1_1 - INFO - Global test neighbor acc: 93.94
2025-11-12 03:12:59 - caltech-101_promptfl_8_0.1_1 - INFO - ------------local test finish-------------
2025-11-12 03:12:59 - caltech-101_promptfl_8_0.1_1 - INFO - [Epoch 28/30] 测试耗时: 190.54s
2025-11-12 03:13:26 - caltech-101_promptfl_8_0.1_1 - INFO - [Epoch 29/30] 训练耗时: 26.00s | 平均训练准确率: 86.29
2025-11-12 03:13:26 - caltech-101_promptfl_8_0.1_1 - INFO - ------------local test start-------------
2025-11-12 03:13:26 - caltech-101_promptfl_8_0.1_1 - INFO - Evaluate on the client0 local set
2025-11-12 03:13:29 - caltech-101_promptfl_8_0.1_1 - INFO - => result | total: 399 | correct: 362 | accuracy: 90.7% | error: 9.3% | macro_f1: 89.3%
2025-11-12 03:13:29 - caltech-101_promptfl_8_0.1_1 - INFO - Evaluate on the client0 neighbor set
2025-11-12 03:13:46 - caltech-101_promptfl_8_0.1_1 - INFO - => result | total: 2,066 | correct: 1,959 | accuracy: 94.8% | error: 5.2% | macro_f1: 92.5%
2025-11-12 03:13:46 - caltech-101_promptfl_8_0.1_1 - INFO - Evaluate on the client1 local set
2025-11-12 03:13:47 - caltech-101_promptfl_8_0.1_1 - INFO - => result | total: 176 | correct: 170 | accuracy: 96.6% | error: 3.4% | macro_f1: 97.7%
2025-11-12 03:13:47 - caltech-101_promptfl_8_0.1_1 - INFO - Evaluate on the client1 neighbor set
2025-11-12 03:14:06 - caltech-101_promptfl_8_0.1_1 - INFO - => result | total: 2,289 | correct: 2,151 | accuracy: 94.0% | error: 6.0% | macro_f1: 91.3%
2025-11-12 03:14:06 - caltech-101_promptfl_8_0.1_1 - INFO - Evaluate on the client2 local set
2025-11-12 03:14:07 - caltech-101_promptfl_8_0.1_1 - INFO - => result | total: 154 | correct: 138 | accuracy: 89.6% | error: 10.4% | macro_f1: 91.8%
2025-11-12 03:14:07 - caltech-101_promptfl_8_0.1_1 - INFO - Evaluate on the client2 neighbor set
2025-11-12 03:14:25 - caltech-101_promptfl_8_0.1_1 - INFO - => result | total: 2,311 | correct: 2,184 | accuracy: 94.5% | error: 5.5% | macro_f1: 92.3%
2025-11-12 03:14:25 - caltech-101_promptfl_8_0.1_1 - INFO - Evaluate on the client3 local set
2025-11-12 03:14:26 - caltech-101_promptfl_8_0.1_1 - INFO - => result | total: 162 | correct: 154 | accuracy: 95.1% | error: 4.9% | macro_f1: 96.1%
2025-11-12 03:14:26 - caltech-101_promptfl_8_0.1_1 - INFO - Evaluate on the client3 neighbor set
2025-11-12 03:14:43 - caltech-101_promptfl_8_0.1_1 - INFO - => result | total: 2,303 | correct: 2,167 | accuracy: 94.1% | error: 5.9% | macro_f1: 91.7%
2025-11-12 03:14:43 - caltech-101_promptfl_8_0.1_1 - INFO - Evaluate on the client4 local set
2025-11-12 03:14:45 - caltech-101_promptfl_8_0.1_1 - INFO - => result | total: 221 | correct: 206 | accuracy: 93.2% | error: 6.8% | macro_f1: 93.0%
2025-11-12 03:14:45 - caltech-101_promptfl_8_0.1_1 - INFO - Evaluate on the client4 neighbor set
2025-11-12 03:15:02 - caltech-101_promptfl_8_0.1_1 - INFO - => result | total: 2,244 | correct: 2,115 | accuracy: 94.3% | error: 5.7% | macro_f1: 91.9%
2025-11-12 03:15:02 - caltech-101_promptfl_8_0.1_1 - INFO - Evaluate on the client5 local set
2025-11-12 03:15:03 - caltech-101_promptfl_8_0.1_1 - INFO - => result | total: 157 | correct: 147 | accuracy: 93.6% | error: 6.4% | macro_f1: 96.1%
2025-11-12 03:15:03 - caltech-101_promptfl_8_0.1_1 - INFO - Evaluate on the client5 neighbor set
2025-11-12 03:15:20 - caltech-101_promptfl_8_0.1_1 - INFO - => result | total: 2,308 | correct: 2,175 | accuracy: 94.2% | error: 5.8% | macro_f1: 91.8%
2025-11-12 03:15:20 - caltech-101_promptfl_8_0.1_1 - INFO - Evaluate on the client6 local set
2025-11-12 03:15:22 - caltech-101_promptfl_8_0.1_1 - INFO - => result | total: 171 | correct: 159 | accuracy: 93.0% | error: 7.0% | macro_f1: 96.2%
2025-11-12 03:15:22 - caltech-101_promptfl_8_0.1_1 - INFO - Evaluate on the client6 neighbor set
2025-11-12 03:15:40 - caltech-101_promptfl_8_0.1_1 - INFO - => result | total: 2,294 | correct: 2,162 | accuracy: 94.2% | error: 5.8% | macro_f1: 91.5%
2025-11-12 03:15:40 - caltech-101_promptfl_8_0.1_1 - INFO - Evaluate on the client7 local set
2025-11-12 03:15:43 - caltech-101_promptfl_8_0.1_1 - INFO - => result | total: 404 | correct: 377 | accuracy: 93.3% | error: 6.7% | macro_f1: 88.7%
2025-11-12 03:15:43 - caltech-101_promptfl_8_0.1_1 - INFO - Evaluate on the client7 neighbor set
2025-11-12 03:15:56 - caltech-101_promptfl_8_0.1_1 - INFO - => result | total: 2,061 | correct: 1,944 | accuracy: 94.3% | error: 5.7% | macro_f1: 92.5%
2025-11-12 03:15:56 - caltech-101_promptfl_8_0.1_1 - INFO - Evaluate on the client8 local set
2025-11-12 03:15:59 - caltech-101_promptfl_8_0.1_1 - INFO - => result | total: 415 | correct: 406 | accuracy: 97.8% | error: 2.2% | macro_f1: 96.9%
2025-11-12 03:15:59 - caltech-101_promptfl_8_0.1_1 - INFO - Evaluate on the client8 neighbor set
2025-11-12 03:16:12 - caltech-101_promptfl_8_0.1_1 - INFO - => result | total: 2,050 | correct: 1,915 | accuracy: 93.4% | error: 6.6% | macro_f1: 91.1%
2025-11-12 03:16:12 - caltech-101_promptfl_8_0.1_1 - INFO - Evaluate on the client9 local set
2025-11-12 03:16:13 - caltech-101_promptfl_8_0.1_1 - INFO - => result | total: 206 | correct: 202 | accuracy: 98.1% | error: 1.9% | macro_f1: 98.6%
2025-11-12 03:16:13 - caltech-101_promptfl_8_0.1_1 - INFO - Evaluate on the client9 neighbor set
2025-11-12 03:16:30 - caltech-101_promptfl_8_0.1_1 - INFO - => result | total: 2,259 | correct: 2,120 | accuracy: 93.8% | error: 6.2% | macro_f1: 91.8%
2025-11-12 03:16:30 - caltech-101_promptfl_8_0.1_1 - INFO - Global test local acc: 94.10
2025-11-12 03:16:30 - caltech-101_promptfl_8_0.1_1 - INFO - Global test neighbor acc: 94.17
2025-11-12 03:16:30 - caltech-101_promptfl_8_0.1_1 - INFO - ------------local test finish-------------
2025-11-12 03:16:30 - caltech-101_promptfl_8_0.1_1 - INFO - [Epoch 29/30] 测试耗时: 184.85s
2025-11-12 03:16:59 - caltech-101_promptfl_8_0.1_1 - INFO - [Epoch 30/30] 训练耗时: 28.68s | 平均训练准确率: 86.88
2025-11-12 03:16:59 - caltech-101_promptfl_8_0.1_1 - INFO - ------------local test start-------------
2025-11-12 03:16:59 - caltech-101_promptfl_8_0.1_1 - INFO - Evaluate on the client0 local set
2025-11-12 03:17:03 - caltech-101_promptfl_8_0.1_1 - INFO - => result | total: 399 | correct: 364 | accuracy: 91.2% | error: 8.8% | macro_f1: 90.4%
2025-11-12 03:17:03 - caltech-101_promptfl_8_0.1_1 - INFO - Evaluate on the client0 neighbor set
2025-11-12 03:17:19 - caltech-101_promptfl_8_0.1_1 - INFO - => result | total: 2,066 | correct: 1,952 | accuracy: 94.5% | error: 5.5% | macro_f1: 91.6%
2025-11-12 03:17:19 - caltech-101_promptfl_8_0.1_1 - INFO - Evaluate on the client1 local set
2025-11-12 03:17:21 - caltech-101_promptfl_8_0.1_1 - INFO - => result | total: 176 | correct: 170 | accuracy: 96.6% | error: 3.4% | macro_f1: 97.7%
2025-11-12 03:17:21 - caltech-101_promptfl_8_0.1_1 - INFO - Evaluate on the client1 neighbor set
2025-11-12 03:17:39 - caltech-101_promptfl_8_0.1_1 - INFO - => result | total: 2,289 | correct: 2,144 | accuracy: 93.7% | error: 6.3% | macro_f1: 90.5%
2025-11-12 03:17:39 - caltech-101_promptfl_8_0.1_1 - INFO - Evaluate on the client2 local set
2025-11-12 03:17:41 - caltech-101_promptfl_8_0.1_1 - INFO - => result | total: 154 | correct: 138 | accuracy: 89.6% | error: 10.4% | macro_f1: 91.2%
2025-11-12 03:17:41 - caltech-101_promptfl_8_0.1_1 - INFO - Evaluate on the client2 neighbor set
2025-11-12 03:18:00 - caltech-101_promptfl_8_0.1_1 - INFO - => result | total: 2,311 | correct: 2,179 | accuracy: 94.3% | error: 5.7% | macro_f1: 91.8%
2025-11-12 03:18:00 - caltech-101_promptfl_8_0.1_1 - INFO - Evaluate on the client3 local set
2025-11-12 03:18:01 - caltech-101_promptfl_8_0.1_1 - INFO - => result | total: 162 | correct: 152 | accuracy: 93.8% | error: 6.2% | macro_f1: 94.3%
2025-11-12 03:18:01 - caltech-101_promptfl_8_0.1_1 - INFO - Evaluate on the client3 neighbor set
2025-11-12 03:18:18 - caltech-101_promptfl_8_0.1_1 - INFO - => result | total: 2,303 | correct: 2,167 | accuracy: 94.1% | error: 5.9% | macro_f1: 91.5%
2025-11-12 03:18:18 - caltech-101_promptfl_8_0.1_1 - INFO - Evaluate on the client4 local set
2025-11-12 03:18:19 - caltech-101_promptfl_8_0.1_1 - INFO - => result | total: 221 | correct: 205 | accuracy: 92.8% | error: 7.2% | macro_f1: 92.1%
2025-11-12 03:18:19 - caltech-101_promptfl_8_0.1_1 - INFO - Evaluate on the client4 neighbor set
2025-11-12 03:18:36 - caltech-101_promptfl_8_0.1_1 - INFO - => result | total: 2,244 | correct: 2,114 | accuracy: 94.2% | error: 5.8% | macro_f1: 91.7%
2025-11-12 03:18:36 - caltech-101_promptfl_8_0.1_1 - INFO - Evaluate on the client5 local set
2025-11-12 03:18:37 - caltech-101_promptfl_8_0.1_1 - INFO - => result | total: 157 | correct: 144 | accuracy: 91.7% | error: 8.3% | macro_f1: 94.2%
2025-11-12 03:18:37 - caltech-101_promptfl_8_0.1_1 - INFO - Evaluate on the client5 neighbor set
2025-11-12 03:18:55 - caltech-101_promptfl_8_0.1_1 - INFO - => result | total: 2,308 | correct: 2,174 | accuracy: 94.2% | error: 5.8% | macro_f1: 91.3%
2025-11-12 03:18:55 - caltech-101_promptfl_8_0.1_1 - INFO - Evaluate on the client6 local set
2025-11-12 03:18:57 - caltech-101_promptfl_8_0.1_1 - INFO - => result | total: 171 | correct: 165 | accuracy: 96.5% | error: 3.5% | macro_f1: 97.9%
2025-11-12 03:18:57 - caltech-101_promptfl_8_0.1_1 - INFO - Evaluate on the client6 neighbor set
2025-11-12 03:19:08 - caltech-101_promptfl_8_0.1_1 - INFO - => result | total: 2,294 | correct: 2,154 | accuracy: 93.9% | error: 6.1% | macro_f1: 90.7%
2025-11-12 03:19:08 - caltech-101_promptfl_8_0.1_1 - INFO - Evaluate on the client7 local set
2025-11-12 03:19:10 - caltech-101_promptfl_8_0.1_1 - INFO - => result | total: 404 | correct: 373 | accuracy: 92.3% | error: 7.7% | macro_f1: 85.6%
2025-11-12 03:19:10 - caltech-101_promptfl_8_0.1_1 - INFO - Evaluate on the client7 neighbor set
2025-11-12 03:19:22 - caltech-101_promptfl_8_0.1_1 - INFO - => result | total: 2,061 | correct: 1,946 | accuracy: 94.4% | error: 5.6% | macro_f1: 92.6%
2025-11-12 03:19:22 - caltech-101_promptfl_8_0.1_1 - INFO - Evaluate on the client8 local set
2025-11-12 03:19:24 - caltech-101_promptfl_8_0.1_1 - INFO - => result | total: 415 | correct: 409 | accuracy: 98.6% | error: 1.4% | macro_f1: 98.4%
2025-11-12 03:19:24 - caltech-101_promptfl_8_0.1_1 - INFO - Evaluate on the client8 neighbor set
2025-11-12 03:19:36 - caltech-101_promptfl_8_0.1_1 - INFO - => result | total: 2,050 | correct: 1,911 | accuracy: 93.2% | error: 6.8% | macro_f1: 90.6%
2025-11-12 03:19:36 - caltech-101_promptfl_8_0.1_1 - INFO - Evaluate on the client9 local set
2025-11-12 03:19:37 - caltech-101_promptfl_8_0.1_1 - INFO - => result | total: 206 | correct: 201 | accuracy: 97.6% | error: 2.4% | macro_f1: 98.4%
2025-11-12 03:19:37 - caltech-101_promptfl_8_0.1_1 - INFO - Evaluate on the client9 neighbor set
2025-11-12 03:19:50 - caltech-101_promptfl_8_0.1_1 - INFO - => result | total: 2,259 | correct: 2,119 | accuracy: 93.8% | error: 6.2% | macro_f1: 91.5%
2025-11-12 03:19:50 - caltech-101_promptfl_8_0.1_1 - INFO - Global test local acc: 94.07
2025-11-12 03:19:50 - caltech-101_promptfl_8_0.1_1 - INFO - Global test neighbor acc: 94.03
2025-11-12 03:19:50 - caltech-101_promptfl_8_0.1_1 - INFO - ------------local test finish-------------
2025-11-12 03:19:50 - caltech-101_promptfl_8_0.1_1 - INFO - [Epoch 30/30] 测试耗时: 171.28s
2025-11-12 03:19:50 - caltech-101_promptfl_8_0.1_1 - INFO - maximum test local acc: 94.102
2025-11-12 03:19:50 - caltech-101_promptfl_8_0.1_1 - INFO - mean of local acc: 94.049
2025-11-12 03:19:50 - caltech-101_promptfl_8_0.1_1 - INFO - maximum test neighbor acc: 94.171
2025-11-12 03:19:50 - caltech-101_promptfl_8_0.1_1 - INFO - mean of neighbor acc: 94.045
