2025-11-12 02:45:14 - caltech-101_sepfpl_8_0.05_1 - INFO - 日志文件已创建: logs/caltech-101_sepfpl_8_0.05_1_20251112_024514.log
2025-11-12 02:45:14 - caltech-101_sepfpl_8_0.05_1 - INFO - Loading trainer: DP_FPL
2025-11-12 02:45:14 - caltech-101_sepfpl_8_0.05_1 - INFO - Loading dataset: Caltech101
2025-11-12 02:45:14 - caltech-101_sepfpl_8_0.05_1 - INFO - Reading split from /home/liuxin25/dataset/caltech-101/split_zhou_Caltech101.json
2025-11-12 02:45:14 - caltech-101_sepfpl_8_0.05_1 - INFO - Creating a baseline federated dataset
2025-11-12 02:45:14 - caltech-101_sepfpl_8_0.05_1 - INFO - class_num 100
2025-11-12 02:45:14 - caltech-101_sepfpl_8_0.05_1 - INFO - user class dict total [20, 79, 93, 54, 52, 65, 0, 1, 48, 74]
2025-11-12 02:45:14 - caltech-101_sepfpl_8_0.05_1 - INFO - idx: 0, output_dict_len: 673
2025-11-12 02:45:14 - caltech-101_sepfpl_8_0.05_1 - INFO - user class dict total [44, 82, 35, 69, 91, 42, 33, 14, 5, 62]
2025-11-12 02:45:14 - caltech-101_sepfpl_8_0.05_1 - INFO - idx: 1, output_dict_len: 296
2025-11-12 02:45:14 - caltech-101_sepfpl_8_0.05_1 - INFO - user class dict total [32, 55, 96, 10, 21, 31, 90, 27, 28, 76]
2025-11-12 02:45:14 - caltech-101_sepfpl_8_0.05_1 - INFO - idx: 2, output_dict_len: 251
2025-11-12 02:45:14 - caltech-101_sepfpl_8_0.05_1 - INFO - user class dict total [80, 71, 66, 58, 23, 70, 60, 72, 17, 18]
2025-11-12 02:45:14 - caltech-101_sepfpl_8_0.05_1 - INFO - idx: 3, output_dict_len: 275
2025-11-12 02:45:14 - caltech-101_sepfpl_8_0.05_1 - INFO - user class dict total [45, 34, 11, 56, 84, 13, 41, 30, 24, 85]
2025-11-12 02:45:14 - caltech-101_sepfpl_8_0.05_1 - INFO - idx: 4, output_dict_len: 369
2025-11-12 02:45:14 - caltech-101_sepfpl_8_0.05_1 - INFO - user class dict total [51, 75, 37, 6, 53, 94, 95, 39, 47, 98]
2025-11-12 02:45:14 - caltech-101_sepfpl_8_0.05_1 - INFO - idx: 5, output_dict_len: 265
2025-11-12 02:45:14 - caltech-101_sepfpl_8_0.05_1 - INFO - user class dict total [36, 7, 50, 3, 63, 59, 9, 77, 64, 92]
2025-11-12 02:45:14 - caltech-101_sepfpl_8_0.05_1 - INFO - idx: 6, output_dict_len: 286
2025-11-12 02:45:14 - caltech-101_sepfpl_8_0.05_1 - INFO - user class dict total [86, 97, 61, 19, 25, 4, 16, 8, 46, 26]
2025-11-12 02:45:14 - caltech-101_sepfpl_8_0.05_1 - INFO - idx: 7, output_dict_len: 675
2025-11-12 02:45:14 - caltech-101_sepfpl_8_0.05_1 - INFO - user class dict total [2, 88, 29, 22, 87, 67, 68, 38, 83, 15]
2025-11-12 02:45:14 - caltech-101_sepfpl_8_0.05_1 - INFO - idx: 8, output_dict_len: 695
2025-11-12 02:45:14 - caltech-101_sepfpl_8_0.05_1 - INFO - user class dict total [12, 81, 43, 73, 78, 40, 99, 57, 89, 49]
2025-11-12 02:45:14 - caltech-101_sepfpl_8_0.05_1 - INFO - idx: 9, output_dict_len: 343
2025-11-12 02:45:14 - caltech-101_sepfpl_8_0.05_1 - INFO - Creating a baseline federated dataset
2025-11-12 02:45:14 - caltech-101_sepfpl_8_0.05_1 - INFO - class_num 100
2025-11-12 02:45:14 - caltech-101_sepfpl_8_0.05_1 - INFO - user class dict total [20, 79, 93, 54, 52, 65, 0, 1, 48, 74]
2025-11-12 02:45:14 - caltech-101_sepfpl_8_0.05_1 - INFO - idx: 0, output_dict_len: 399
2025-11-12 02:45:14 - caltech-101_sepfpl_8_0.05_1 - INFO - user class dict total [44, 82, 35, 69, 91, 42, 33, 14, 5, 62]
2025-11-12 02:45:14 - caltech-101_sepfpl_8_0.05_1 - INFO - idx: 1, output_dict_len: 176
2025-11-12 02:45:14 - caltech-101_sepfpl_8_0.05_1 - INFO - user class dict total [32, 55, 96, 10, 21, 31, 90, 27, 28, 76]
2025-11-12 02:45:14 - caltech-101_sepfpl_8_0.05_1 - INFO - idx: 2, output_dict_len: 154
2025-11-12 02:45:14 - caltech-101_sepfpl_8_0.05_1 - INFO - user class dict total [80, 71, 66, 58, 23, 70, 60, 72, 17, 18]
2025-11-12 02:45:14 - caltech-101_sepfpl_8_0.05_1 - INFO - idx: 3, output_dict_len: 162
2025-11-12 02:45:14 - caltech-101_sepfpl_8_0.05_1 - INFO - user class dict total [45, 34, 11, 56, 84, 13, 41, 30, 24, 85]
2025-11-12 02:45:14 - caltech-101_sepfpl_8_0.05_1 - INFO - idx: 4, output_dict_len: 221
2025-11-12 02:45:14 - caltech-101_sepfpl_8_0.05_1 - INFO - user class dict total [51, 75, 37, 6, 53, 94, 95, 39, 47, 98]
2025-11-12 02:45:14 - caltech-101_sepfpl_8_0.05_1 - INFO - idx: 5, output_dict_len: 157
2025-11-12 02:45:14 - caltech-101_sepfpl_8_0.05_1 - INFO - user class dict total [36, 7, 50, 3, 63, 59, 9, 77, 64, 92]
2025-11-12 02:45:14 - caltech-101_sepfpl_8_0.05_1 - INFO - idx: 6, output_dict_len: 171
2025-11-12 02:45:14 - caltech-101_sepfpl_8_0.05_1 - INFO - user class dict total [86, 97, 61, 19, 25, 4, 16, 8, 46, 26]
2025-11-12 02:45:14 - caltech-101_sepfpl_8_0.05_1 - INFO - idx: 7, output_dict_len: 404
2025-11-12 02:45:14 - caltech-101_sepfpl_8_0.05_1 - INFO - user class dict total [2, 88, 29, 22, 87, 67, 68, 38, 83, 15]
2025-11-12 02:45:14 - caltech-101_sepfpl_8_0.05_1 - INFO - idx: 8, output_dict_len: 415
2025-11-12 02:45:14 - caltech-101_sepfpl_8_0.05_1 - INFO - user class dict total [12, 81, 43, 73, 78, 40, 99, 57, 89, 49]
2025-11-12 02:45:14 - caltech-101_sepfpl_8_0.05_1 - INFO - idx: 9, output_dict_len: 206
2025-11-12 02:45:14 - caltech-101_sepfpl_8_0.05_1 - INFO - Loading CLIP (backbone: ViT-B/16)
2025-11-12 02:45:18 - caltech-101_sepfpl_8_0.05_1 - INFO - Building custom CLIP
2025-11-12 02:45:18 - caltech-101_sepfpl_8_0.05_1 - INFO - Turning off gradients in both the image and the text encoder
2025-11-12 02:45:18 - caltech-101_sepfpl_8_0.05_1 - INFO - [RDP-sepfpl] 轮次 1: ε=0.016845, std=2.407767
2025-11-12 02:45:44 - caltech-101_sepfpl_8_0.05_1 - INFO - [Epoch 1/30] 训练耗时: 26.15s | 平均训练准确率: 62.54
2025-11-12 02:46:00 - caltech-101_sepfpl_8_0.05_1 - INFO - [Epoch 2/30] 训练耗时: 16.05s | 平均训练准确率: 74.11
2025-11-12 02:46:16 - caltech-101_sepfpl_8_0.05_1 - INFO - [Epoch 3/30] 训练耗时: 15.87s | 平均训练准确率: 76.03
2025-11-12 02:46:31 - caltech-101_sepfpl_8_0.05_1 - INFO - [Epoch 4/30] 训练耗时: 15.36s | 平均训练准确率: 79.55
2025-11-12 02:46:48 - caltech-101_sepfpl_8_0.05_1 - INFO - [Epoch 5/30] 训练耗时: 16.13s | 平均训练准确率: 80.89
2025-11-12 02:47:03 - caltech-101_sepfpl_8_0.05_1 - INFO - [Epoch 6/30] 训练耗时: 15.57s | 平均训练准确率: 82.23
2025-11-12 02:47:19 - caltech-101_sepfpl_8_0.05_1 - INFO - [Epoch 7/30] 训练耗时: 16.19s | 平均训练准确率: 83.53
2025-11-12 02:47:35 - caltech-101_sepfpl_8_0.05_1 - INFO - [Epoch 8/30] 训练耗时: 15.72s | 平均训练准确率: 83.57
2025-11-12 02:47:51 - caltech-101_sepfpl_8_0.05_1 - INFO - [Epoch 9/30] 训练耗时: 15.57s | 平均训练准确率: 82.72
2025-11-12 02:47:51 - caltech-101_sepfpl_8_0.05_1 - INFO - [RDP-sepfpl] 轮次 10: ε=0.212066, std=0.678601
2025-11-12 02:48:08 - caltech-101_sepfpl_8_0.05_1 - INFO - [Epoch 10/30] 训练耗时: 16.99s | 平均训练准确率: 84.60
2025-11-12 02:48:23 - caltech-101_sepfpl_8_0.05_1 - INFO - [Epoch 11/30] 训练耗时: 15.62s | 平均训练准确率: 83.88
2025-11-12 02:48:39 - caltech-101_sepfpl_8_0.05_1 - INFO - [Epoch 12/30] 训练耗时: 15.28s | 平均训练准确率: 84.64
2025-11-12 02:48:54 - caltech-101_sepfpl_8_0.05_1 - INFO - [Epoch 13/30] 训练耗时: 15.33s | 平均训练准确率: 83.17
2025-11-12 02:49:09 - caltech-101_sepfpl_8_0.05_1 - INFO - [Epoch 14/30] 训练耗时: 14.89s | 平均训练准确率: 83.75
2025-11-12 02:49:24 - caltech-101_sepfpl_8_0.05_1 - INFO - [Epoch 15/30] 训练耗时: 15.28s | 平均训练准确率: 82.81
2025-11-12 02:49:39 - caltech-101_sepfpl_8_0.05_1 - INFO - [Epoch 16/30] 训练耗时: 15.05s | 平均训练准确率: 82.86
2025-11-12 02:49:54 - caltech-101_sepfpl_8_0.05_1 - INFO - [Epoch 17/30] 训练耗时: 14.64s | 平均训练准确率: 83.35
2025-11-12 02:50:09 - caltech-101_sepfpl_8_0.05_1 - INFO - [Epoch 18/30] 训练耗时: 14.95s | 平均训练准确率: 84.11
2025-11-12 02:50:24 - caltech-101_sepfpl_8_0.05_1 - INFO - [Epoch 19/30] 训练耗时: 15.72s | 平均训练准确率: 85.00
2025-11-12 02:50:24 - caltech-101_sepfpl_8_0.05_1 - INFO - [RDP-sepfpl] 轮次 20: ε=0.454574, std=0.463498
2025-11-12 02:50:40 - caltech-101_sepfpl_8_0.05_1 - INFO - [Epoch 20/30] 训练耗时: 15.88s | 平均训练准确率: 83.66
2025-11-12 02:50:56 - caltech-101_sepfpl_8_0.05_1 - INFO - [Epoch 21/30] 训练耗时: 15.79s | 平均训练准确率: 83.39
2025-11-12 02:51:12 - caltech-101_sepfpl_8_0.05_1 - INFO - [Epoch 22/30] 训练耗时: 15.85s | 平均训练准确率: 83.79
2025-11-12 02:51:27 - caltech-101_sepfpl_8_0.05_1 - INFO - [Epoch 23/30] 训练耗时: 15.52s | 平均训练准确率: 83.79
2025-11-12 02:51:43 - caltech-101_sepfpl_8_0.05_1 - INFO - [Epoch 24/30] 训练耗时: 15.86s | 平均训练准确率: 83.53
2025-11-12 02:51:59 - caltech-101_sepfpl_8_0.05_1 - INFO - [Epoch 25/30] 训练耗时: 15.84s | 平均训练准确率: 85.36
2025-11-12 02:52:15 - caltech-101_sepfpl_8_0.05_1 - INFO - [Epoch 26/30] 训练耗时: 15.59s | 平均训练准确率: 83.35
2025-11-12 02:52:31 - caltech-101_sepfpl_8_0.05_1 - INFO - [Epoch 27/30] 训练耗时: 16.19s | 平均训练准确率: 84.82
2025-11-12 02:52:46 - caltech-101_sepfpl_8_0.05_1 - INFO - [Epoch 28/30] 训练耗时: 15.05s | 平均训练准确率: 84.91
2025-11-12 02:52:46 - caltech-101_sepfpl_8_0.05_1 - INFO - ------------local test start-------------
2025-11-12 02:52:46 - caltech-101_sepfpl_8_0.05_1 - INFO - Evaluate on the client0 local set
2025-11-12 02:52:49 - caltech-101_sepfpl_8_0.05_1 - INFO - => result | total: 399 | correct: 362 | accuracy: 90.7% | error: 9.3% | macro_f1: 89.5%
2025-11-12 02:52:49 - caltech-101_sepfpl_8_0.05_1 - INFO - Evaluate on the client0 neighbor set
2025-11-12 02:53:00 - caltech-101_sepfpl_8_0.05_1 - INFO - => result | total: 2,066 | correct: 1,933 | accuracy: 93.6% | error: 6.4% | macro_f1: 90.0%
2025-11-12 02:53:00 - caltech-101_sepfpl_8_0.05_1 - INFO - Evaluate on the client1 local set
2025-11-12 02:53:02 - caltech-101_sepfpl_8_0.05_1 - INFO - => result | total: 176 | correct: 169 | accuracy: 96.0% | error: 4.0% | macro_f1: 96.8%
2025-11-12 02:53:02 - caltech-101_sepfpl_8_0.05_1 - INFO - Evaluate on the client1 neighbor set
2025-11-12 02:53:18 - caltech-101_sepfpl_8_0.05_1 - INFO - => result | total: 2,289 | correct: 2,119 | accuracy: 92.6% | error: 7.4% | macro_f1: 88.7%
2025-11-12 02:53:18 - caltech-101_sepfpl_8_0.05_1 - INFO - Evaluate on the client2 local set
2025-11-12 02:53:19 - caltech-101_sepfpl_8_0.05_1 - INFO - => result | total: 154 | correct: 127 | accuracy: 82.5% | error: 17.5% | macro_f1: 86.2%
2025-11-12 02:53:19 - caltech-101_sepfpl_8_0.05_1 - INFO - Evaluate on the client2 neighbor set
2025-11-12 02:53:34 - caltech-101_sepfpl_8_0.05_1 - INFO - => result | total: 2,311 | correct: 2,166 | accuracy: 93.7% | error: 6.3% | macro_f1: 90.9%
2025-11-12 02:53:34 - caltech-101_sepfpl_8_0.05_1 - INFO - Evaluate on the client3 local set
2025-11-12 02:53:35 - caltech-101_sepfpl_8_0.05_1 - INFO - => result | total: 162 | correct: 148 | accuracy: 91.4% | error: 8.6% | macro_f1: 92.7%
2025-11-12 02:53:35 - caltech-101_sepfpl_8_0.05_1 - INFO - Evaluate on the client3 neighbor set
2025-11-12 02:53:53 - caltech-101_sepfpl_8_0.05_1 - INFO - => result | total: 2,303 | correct: 2,143 | accuracy: 93.1% | error: 6.9% | macro_f1: 89.8%
2025-11-12 02:53:53 - caltech-101_sepfpl_8_0.05_1 - INFO - Evaluate on the client4 local set
2025-11-12 02:53:54 - caltech-101_sepfpl_8_0.05_1 - INFO - => result | total: 221 | correct: 202 | accuracy: 91.4% | error: 8.6% | macro_f1: 88.3%
2025-11-12 02:53:54 - caltech-101_sepfpl_8_0.05_1 - INFO - Evaluate on the client4 neighbor set
2025-11-12 02:54:10 - caltech-101_sepfpl_8_0.05_1 - INFO - => result | total: 2,244 | correct: 2,090 | accuracy: 93.1% | error: 6.9% | macro_f1: 90.1%
2025-11-12 02:54:10 - caltech-101_sepfpl_8_0.05_1 - INFO - Evaluate on the client5 local set
2025-11-12 02:54:11 - caltech-101_sepfpl_8_0.05_1 - INFO - => result | total: 157 | correct: 145 | accuracy: 92.4% | error: 7.6% | macro_f1: 95.3%
2025-11-12 02:54:11 - caltech-101_sepfpl_8_0.05_1 - INFO - Evaluate on the client5 neighbor set
2025-11-12 02:54:30 - caltech-101_sepfpl_8_0.05_1 - INFO - => result | total: 2,308 | correct: 2,144 | accuracy: 92.9% | error: 7.1% | macro_f1: 89.5%
2025-11-12 02:54:30 - caltech-101_sepfpl_8_0.05_1 - INFO - Evaluate on the client6 local set
2025-11-12 02:54:31 - caltech-101_sepfpl_8_0.05_1 - INFO - => result | total: 171 | correct: 162 | accuracy: 94.7% | error: 5.3% | macro_f1: 97.4%
2025-11-12 02:54:31 - caltech-101_sepfpl_8_0.05_1 - INFO - Evaluate on the client6 neighbor set
2025-11-12 02:54:47 - caltech-101_sepfpl_8_0.05_1 - INFO - => result | total: 2,294 | correct: 2,127 | accuracy: 92.7% | error: 7.3% | macro_f1: 88.8%
2025-11-12 02:54:47 - caltech-101_sepfpl_8_0.05_1 - INFO - Evaluate on the client7 local set
2025-11-12 02:54:50 - caltech-101_sepfpl_8_0.05_1 - INFO - => result | total: 404 | correct: 384 | accuracy: 95.0% | error: 5.0% | macro_f1: 92.6%
2025-11-12 02:54:50 - caltech-101_sepfpl_8_0.05_1 - INFO - Evaluate on the client7 neighbor set
2025-11-12 02:55:07 - caltech-101_sepfpl_8_0.05_1 - INFO - => result | total: 2,061 | correct: 1,909 | accuracy: 92.6% | error: 7.4% | macro_f1: 89.9%
2025-11-12 02:55:07 - caltech-101_sepfpl_8_0.05_1 - INFO - Evaluate on the client8 local set
2025-11-12 02:55:11 - caltech-101_sepfpl_8_0.05_1 - INFO - => result | total: 415 | correct: 407 | accuracy: 98.1% | error: 1.9% | macro_f1: 96.9%
2025-11-12 02:55:11 - caltech-101_sepfpl_8_0.05_1 - INFO - Evaluate on the client8 neighbor set
2025-11-12 02:55:28 - caltech-101_sepfpl_8_0.05_1 - INFO - => result | total: 2,050 | correct: 1,879 | accuracy: 91.7% | error: 8.3% | macro_f1: 88.5%
2025-11-12 02:55:28 - caltech-101_sepfpl_8_0.05_1 - INFO - Evaluate on the client9 local set
2025-11-12 02:55:29 - caltech-101_sepfpl_8_0.05_1 - INFO - => result | total: 206 | correct: 201 | accuracy: 97.6% | error: 2.4% | macro_f1: 97.6%
2025-11-12 02:55:29 - caltech-101_sepfpl_8_0.05_1 - INFO - Evaluate on the client9 neighbor set
2025-11-12 02:55:45 - caltech-101_sepfpl_8_0.05_1 - INFO - => result | total: 2,259 | correct: 2,078 | accuracy: 92.0% | error: 8.0% | macro_f1: 89.1%
2025-11-12 02:55:45 - caltech-101_sepfpl_8_0.05_1 - INFO - Global test local acc: 92.98
2025-11-12 02:55:45 - caltech-101_sepfpl_8_0.05_1 - INFO - Global test neighbor acc: 92.79
2025-11-12 02:55:45 - caltech-101_sepfpl_8_0.05_1 - INFO - ------------local test finish-------------
2025-11-12 02:55:45 - caltech-101_sepfpl_8_0.05_1 - INFO - [Epoch 28/30] 测试耗时: 179.14s
2025-11-12 02:56:07 - caltech-101_sepfpl_8_0.05_1 - INFO - [Epoch 29/30] 训练耗时: 21.53s | 平均训练准确率: 84.24
2025-11-12 02:56:07 - caltech-101_sepfpl_8_0.05_1 - INFO - ------------local test start-------------
2025-11-12 02:56:07 - caltech-101_sepfpl_8_0.05_1 - INFO - Evaluate on the client0 local set
2025-11-12 02:56:09 - caltech-101_sepfpl_8_0.05_1 - INFO - => result | total: 399 | correct: 363 | accuracy: 91.0% | error: 9.0% | macro_f1: 90.1%
2025-11-12 02:56:09 - caltech-101_sepfpl_8_0.05_1 - INFO - Evaluate on the client0 neighbor set
2025-11-12 02:56:21 - caltech-101_sepfpl_8_0.05_1 - INFO - => result | total: 2,066 | correct: 1,931 | accuracy: 93.5% | error: 6.5% | macro_f1: 90.3%
2025-11-12 02:56:21 - caltech-101_sepfpl_8_0.05_1 - INFO - Evaluate on the client1 local set
2025-11-12 02:56:23 - caltech-101_sepfpl_8_0.05_1 - INFO - => result | total: 176 | correct: 168 | accuracy: 95.5% | error: 4.5% | macro_f1: 96.2%
2025-11-12 02:56:23 - caltech-101_sepfpl_8_0.05_1 - INFO - Evaluate on the client1 neighbor set
2025-11-12 02:56:38 - caltech-101_sepfpl_8_0.05_1 - INFO - => result | total: 2,289 | correct: 2,122 | accuracy: 92.7% | error: 7.3% | macro_f1: 89.1%
2025-11-12 02:56:38 - caltech-101_sepfpl_8_0.05_1 - INFO - Evaluate on the client2 local set
2025-11-12 02:56:39 - caltech-101_sepfpl_8_0.05_1 - INFO - => result | total: 154 | correct: 128 | accuracy: 83.1% | error: 16.9% | macro_f1: 87.1%
2025-11-12 02:56:39 - caltech-101_sepfpl_8_0.05_1 - INFO - Evaluate on the client2 neighbor set
2025-11-12 02:56:57 - caltech-101_sepfpl_8_0.05_1 - INFO - => result | total: 2,311 | correct: 2,156 | accuracy: 93.3% | error: 6.7% | macro_f1: 90.2%
2025-11-12 02:56:57 - caltech-101_sepfpl_8_0.05_1 - INFO - Evaluate on the client3 local set
2025-11-12 02:56:58 - caltech-101_sepfpl_8_0.05_1 - INFO - => result | total: 162 | correct: 150 | accuracy: 92.6% | error: 7.4% | macro_f1: 94.1%
2025-11-12 02:56:58 - caltech-101_sepfpl_8_0.05_1 - INFO - Evaluate on the client3 neighbor set
2025-11-12 02:57:15 - caltech-101_sepfpl_8_0.05_1 - INFO - => result | total: 2,303 | correct: 2,142 | accuracy: 93.0% | error: 7.0% | macro_f1: 89.8%
2025-11-12 02:57:15 - caltech-101_sepfpl_8_0.05_1 - INFO - Evaluate on the client4 local set
2025-11-12 02:57:16 - caltech-101_sepfpl_8_0.05_1 - INFO - => result | total: 221 | correct: 200 | accuracy: 90.5% | error: 9.5% | macro_f1: 87.9%
2025-11-12 02:57:16 - caltech-101_sepfpl_8_0.05_1 - INFO - Evaluate on the client4 neighbor set
2025-11-12 02:57:33 - caltech-101_sepfpl_8_0.05_1 - INFO - => result | total: 2,244 | correct: 2,095 | accuracy: 93.4% | error: 6.6% | macro_f1: 90.6%
2025-11-12 02:57:33 - caltech-101_sepfpl_8_0.05_1 - INFO - Evaluate on the client5 local set
2025-11-12 02:57:34 - caltech-101_sepfpl_8_0.05_1 - INFO - => result | total: 157 | correct: 142 | accuracy: 90.4% | error: 9.6% | macro_f1: 94.0%
2025-11-12 02:57:34 - caltech-101_sepfpl_8_0.05_1 - INFO - Evaluate on the client5 neighbor set
2025-11-12 02:57:54 - caltech-101_sepfpl_8_0.05_1 - INFO - => result | total: 2,308 | correct: 2,148 | accuracy: 93.1% | error: 6.9% | macro_f1: 90.0%
2025-11-12 02:57:54 - caltech-101_sepfpl_8_0.05_1 - INFO - Evaluate on the client6 local set
2025-11-12 02:57:55 - caltech-101_sepfpl_8_0.05_1 - INFO - => result | total: 171 | correct: 162 | accuracy: 94.7% | error: 5.3% | macro_f1: 97.5%
2025-11-12 02:57:55 - caltech-101_sepfpl_8_0.05_1 - INFO - Evaluate on the client6 neighbor set
2025-11-12 02:58:11 - caltech-101_sepfpl_8_0.05_1 - INFO - => result | total: 2,294 | correct: 2,128 | accuracy: 92.8% | error: 7.2% | macro_f1: 88.8%
2025-11-12 02:58:11 - caltech-101_sepfpl_8_0.05_1 - INFO - Evaluate on the client7 local set
2025-11-12 02:58:14 - caltech-101_sepfpl_8_0.05_1 - INFO - => result | total: 404 | correct: 383 | accuracy: 94.8% | error: 5.2% | macro_f1: 92.3%
2025-11-12 02:58:14 - caltech-101_sepfpl_8_0.05_1 - INFO - Evaluate on the client7 neighbor set
2025-11-12 02:58:30 - caltech-101_sepfpl_8_0.05_1 - INFO - => result | total: 2,061 | correct: 1,910 | accuracy: 92.7% | error: 7.3% | macro_f1: 90.0%
2025-11-12 02:58:30 - caltech-101_sepfpl_8_0.05_1 - INFO - Evaluate on the client8 local set
2025-11-12 02:58:33 - caltech-101_sepfpl_8_0.05_1 - INFO - => result | total: 415 | correct: 405 | accuracy: 97.6% | error: 2.4% | macro_f1: 95.8%
2025-11-12 02:58:33 - caltech-101_sepfpl_8_0.05_1 - INFO - Evaluate on the client8 neighbor set
2025-11-12 02:58:48 - caltech-101_sepfpl_8_0.05_1 - INFO - => result | total: 2,050 | correct: 1,884 | accuracy: 91.9% | error: 8.1% | macro_f1: 89.0%
2025-11-12 02:58:48 - caltech-101_sepfpl_8_0.05_1 - INFO - Evaluate on the client9 local set
2025-11-12 02:58:51 - caltech-101_sepfpl_8_0.05_1 - INFO - => result | total: 206 | correct: 201 | accuracy: 97.6% | error: 2.4% | macro_f1: 97.6%
2025-11-12 02:58:51 - caltech-101_sepfpl_8_0.05_1 - INFO - Evaluate on the client9 neighbor set
2025-11-12 02:59:08 - caltech-101_sepfpl_8_0.05_1 - INFO - => result | total: 2,259 | correct: 2,075 | accuracy: 91.9% | error: 8.1% | macro_f1: 89.2%
2025-11-12 02:59:08 - caltech-101_sepfpl_8_0.05_1 - INFO - Global test local acc: 92.78
2025-11-12 02:59:08 - caltech-101_sepfpl_8_0.05_1 - INFO - Global test neighbor acc: 92.81
2025-11-12 02:59:08 - caltech-101_sepfpl_8_0.05_1 - INFO - ------------local test finish-------------
2025-11-12 02:59:08 - caltech-101_sepfpl_8_0.05_1 - INFO - [Epoch 29/30] 测试耗时: 181.79s
2025-11-12 02:59:08 - caltech-101_sepfpl_8_0.05_1 - INFO - [RDP-sepfpl] 轮次 30: ε=0.710076, std=0.370850
2025-11-12 02:59:28 - caltech-101_sepfpl_8_0.05_1 - INFO - [Epoch 30/30] 训练耗时: 19.66s | 平均训练准确率: 86.12
2025-11-12 02:59:28 - caltech-101_sepfpl_8_0.05_1 - INFO - ------------local test start-------------
2025-11-12 02:59:28 - caltech-101_sepfpl_8_0.05_1 - INFO - Evaluate on the client0 local set
2025-11-12 02:59:31 - caltech-101_sepfpl_8_0.05_1 - INFO - => result | total: 399 | correct: 360 | accuracy: 90.2% | error: 9.8% | macro_f1: 88.6%
2025-11-12 02:59:31 - caltech-101_sepfpl_8_0.05_1 - INFO - Evaluate on the client0 neighbor set
2025-11-12 02:59:43 - caltech-101_sepfpl_8_0.05_1 - INFO - => result | total: 2,066 | correct: 1,937 | accuracy: 93.8% | error: 6.2% | macro_f1: 90.5%
2025-11-12 02:59:43 - caltech-101_sepfpl_8_0.05_1 - INFO - Evaluate on the client1 local set
2025-11-12 02:59:45 - caltech-101_sepfpl_8_0.05_1 - INFO - => result | total: 176 | correct: 170 | accuracy: 96.6% | error: 3.4% | macro_f1: 97.4%
2025-11-12 02:59:45 - caltech-101_sepfpl_8_0.05_1 - INFO - Evaluate on the client1 neighbor set
2025-11-12 03:00:01 - caltech-101_sepfpl_8_0.05_1 - INFO - => result | total: 2,289 | correct: 2,126 | accuracy: 92.9% | error: 7.1% | macro_f1: 89.3%
2025-11-12 03:00:01 - caltech-101_sepfpl_8_0.05_1 - INFO - Evaluate on the client2 local set
2025-11-12 03:00:03 - caltech-101_sepfpl_8_0.05_1 - INFO - => result | total: 154 | correct: 128 | accuracy: 83.1% | error: 16.9% | macro_f1: 86.7%
2025-11-12 03:00:03 - caltech-101_sepfpl_8_0.05_1 - INFO - Evaluate on the client2 neighbor set
2025-11-12 03:00:21 - caltech-101_sepfpl_8_0.05_1 - INFO - => result | total: 2,311 | correct: 2,159 | accuracy: 93.4% | error: 6.6% | macro_f1: 90.6%
2025-11-12 03:00:21 - caltech-101_sepfpl_8_0.05_1 - INFO - Evaluate on the client3 local set
2025-11-12 03:00:21 - caltech-101_sepfpl_8_0.05_1 - INFO - => result | total: 162 | correct: 151 | accuracy: 93.2% | error: 6.8% | macro_f1: 94.8%
2025-11-12 03:00:21 - caltech-101_sepfpl_8_0.05_1 - INFO - Evaluate on the client3 neighbor set
2025-11-12 03:00:37 - caltech-101_sepfpl_8_0.05_1 - INFO - => result | total: 2,303 | correct: 2,144 | accuracy: 93.1% | error: 6.9% | macro_f1: 90.0%
2025-11-12 03:00:37 - caltech-101_sepfpl_8_0.05_1 - INFO - Evaluate on the client4 local set
2025-11-12 03:00:39 - caltech-101_sepfpl_8_0.05_1 - INFO - => result | total: 221 | correct: 201 | accuracy: 91.0% | error: 9.0% | macro_f1: 88.1%
2025-11-12 03:00:39 - caltech-101_sepfpl_8_0.05_1 - INFO - Evaluate on the client4 neighbor set
2025-11-12 03:01:00 - caltech-101_sepfpl_8_0.05_1 - INFO - => result | total: 2,244 | correct: 2,092 | accuracy: 93.2% | error: 6.8% | macro_f1: 90.5%
2025-11-12 03:01:00 - caltech-101_sepfpl_8_0.05_1 - INFO - Evaluate on the client5 local set
2025-11-12 03:01:01 - caltech-101_sepfpl_8_0.05_1 - INFO - => result | total: 157 | correct: 146 | accuracy: 93.0% | error: 7.0% | macro_f1: 95.3%
2025-11-12 03:01:01 - caltech-101_sepfpl_8_0.05_1 - INFO - Evaluate on the client5 neighbor set
2025-11-12 03:01:18 - caltech-101_sepfpl_8_0.05_1 - INFO - => result | total: 2,308 | correct: 2,141 | accuracy: 92.8% | error: 7.2% | macro_f1: 89.6%
2025-11-12 03:01:18 - caltech-101_sepfpl_8_0.05_1 - INFO - Evaluate on the client6 local set
2025-11-12 03:01:19 - caltech-101_sepfpl_8_0.05_1 - INFO - => result | total: 171 | correct: 161 | accuracy: 94.2% | error: 5.8% | macro_f1: 97.3%
2025-11-12 03:01:19 - caltech-101_sepfpl_8_0.05_1 - INFO - Evaluate on the client6 neighbor set
2025-11-12 03:01:39 - caltech-101_sepfpl_8_0.05_1 - INFO - => result | total: 2,294 | correct: 2,125 | accuracy: 92.6% | error: 7.4% | macro_f1: 88.8%
2025-11-12 03:01:39 - caltech-101_sepfpl_8_0.05_1 - INFO - Evaluate on the client7 local set
2025-11-12 03:01:44 - caltech-101_sepfpl_8_0.05_1 - INFO - => result | total: 404 | correct: 383 | accuracy: 94.8% | error: 5.2% | macro_f1: 92.3%
2025-11-12 03:01:44 - caltech-101_sepfpl_8_0.05_1 - INFO - Evaluate on the client7 neighbor set
2025-11-12 03:02:00 - caltech-101_sepfpl_8_0.05_1 - INFO - => result | total: 2,061 | correct: 1,903 | accuracy: 92.3% | error: 7.7% | macro_f1: 89.6%
2025-11-12 03:02:00 - caltech-101_sepfpl_8_0.05_1 - INFO - Evaluate on the client8 local set
2025-11-12 03:02:03 - caltech-101_sepfpl_8_0.05_1 - INFO - => result | total: 415 | correct: 405 | accuracy: 97.6% | error: 2.4% | macro_f1: 95.9%
2025-11-12 03:02:03 - caltech-101_sepfpl_8_0.05_1 - INFO - Evaluate on the client8 neighbor set
2025-11-12 03:02:21 - caltech-101_sepfpl_8_0.05_1 - INFO - => result | total: 2,050 | correct: 1,879 | accuracy: 91.7% | error: 8.3% | macro_f1: 88.6%
2025-11-12 03:02:21 - caltech-101_sepfpl_8_0.05_1 - INFO - Evaluate on the client9 local set
2025-11-12 03:02:22 - caltech-101_sepfpl_8_0.05_1 - INFO - => result | total: 206 | correct: 201 | accuracy: 97.6% | error: 2.4% | macro_f1: 97.6%
2025-11-12 03:02:22 - caltech-101_sepfpl_8_0.05_1 - INFO - Evaluate on the client9 neighbor set
2025-11-12 03:02:40 - caltech-101_sepfpl_8_0.05_1 - INFO - => result | total: 2,259 | correct: 2,067 | accuracy: 91.5% | error: 8.5% | macro_f1: 88.5%
2025-11-12 03:02:40 - caltech-101_sepfpl_8_0.05_1 - INFO - Global test local acc: 93.12
2025-11-12 03:02:40 - caltech-101_sepfpl_8_0.05_1 - INFO - Global test neighbor acc: 92.73
2025-11-12 03:02:40 - caltech-101_sepfpl_8_0.05_1 - INFO - ------------local test finish-------------
2025-11-12 03:02:40 - caltech-101_sepfpl_8_0.05_1 - INFO - [Epoch 30/30] 测试耗时: 191.82s
2025-11-12 03:02:40 - caltech-101_sepfpl_8_0.05_1 - INFO - maximum test local acc: 93.120
2025-11-12 03:02:40 - caltech-101_sepfpl_8_0.05_1 - INFO - mean of local acc: 92.959
2025-11-12 03:02:40 - caltech-101_sepfpl_8_0.05_1 - INFO - maximum test neighbor acc: 92.809
2025-11-12 03:02:40 - caltech-101_sepfpl_8_0.05_1 - INFO - mean of neighbor acc: 92.777
