2025-11-12 03:02:46 - caltech-101_fedotp_8_0.01_1 - INFO - 日志文件已创建: logs/caltech-101_fedotp_8_0.01_1_20251112_030246.log
2025-11-12 03:02:46 - caltech-101_fedotp_8_0.01_1 - INFO - Loading trainer: DP_FPL
2025-11-12 03:02:46 - caltech-101_fedotp_8_0.01_1 - INFO - Loading dataset: Caltech101
2025-11-12 03:02:46 - caltech-101_fedotp_8_0.01_1 - INFO - Reading split from /home/liuxin25/dataset/caltech-101/split_zhou_Caltech101.json
2025-11-12 03:02:46 - caltech-101_fedotp_8_0.01_1 - INFO - Creating a baseline federated dataset
2025-11-12 03:02:46 - caltech-101_fedotp_8_0.01_1 - INFO - class_num 100
2025-11-12 03:02:46 - caltech-101_fedotp_8_0.01_1 - INFO - user class dict total [20, 79, 93, 54, 52, 65, 0, 1, 48, 74]
2025-11-12 03:02:46 - caltech-101_fedotp_8_0.01_1 - INFO - idx: 0, output_dict_len: 673
2025-11-12 03:02:46 - caltech-101_fedotp_8_0.01_1 - INFO - user class dict total [44, 82, 35, 69, 91, 42, 33, 14, 5, 62]
2025-11-12 03:02:46 - caltech-101_fedotp_8_0.01_1 - INFO - idx: 1, output_dict_len: 296
2025-11-12 03:02:46 - caltech-101_fedotp_8_0.01_1 - INFO - user class dict total [32, 55, 96, 10, 21, 31, 90, 27, 28, 76]
2025-11-12 03:02:46 - caltech-101_fedotp_8_0.01_1 - INFO - idx: 2, output_dict_len: 251
2025-11-12 03:02:46 - caltech-101_fedotp_8_0.01_1 - INFO - user class dict total [80, 71, 66, 58, 23, 70, 60, 72, 17, 18]
2025-11-12 03:02:46 - caltech-101_fedotp_8_0.01_1 - INFO - idx: 3, output_dict_len: 275
2025-11-12 03:02:46 - caltech-101_fedotp_8_0.01_1 - INFO - user class dict total [45, 34, 11, 56, 84, 13, 41, 30, 24, 85]
2025-11-12 03:02:46 - caltech-101_fedotp_8_0.01_1 - INFO - idx: 4, output_dict_len: 369
2025-11-12 03:02:46 - caltech-101_fedotp_8_0.01_1 - INFO - user class dict total [51, 75, 37, 6, 53, 94, 95, 39, 47, 98]
2025-11-12 03:02:46 - caltech-101_fedotp_8_0.01_1 - INFO - idx: 5, output_dict_len: 265
2025-11-12 03:02:46 - caltech-101_fedotp_8_0.01_1 - INFO - user class dict total [36, 7, 50, 3, 63, 59, 9, 77, 64, 92]
2025-11-12 03:02:46 - caltech-101_fedotp_8_0.01_1 - INFO - idx: 6, output_dict_len: 286
2025-11-12 03:02:46 - caltech-101_fedotp_8_0.01_1 - INFO - user class dict total [86, 97, 61, 19, 25, 4, 16, 8, 46, 26]
2025-11-12 03:02:46 - caltech-101_fedotp_8_0.01_1 - INFO - idx: 7, output_dict_len: 675
2025-11-12 03:02:46 - caltech-101_fedotp_8_0.01_1 - INFO - user class dict total [2, 88, 29, 22, 87, 67, 68, 38, 83, 15]
2025-11-12 03:02:46 - caltech-101_fedotp_8_0.01_1 - INFO - idx: 8, output_dict_len: 695
2025-11-12 03:02:46 - caltech-101_fedotp_8_0.01_1 - INFO - user class dict total [12, 81, 43, 73, 78, 40, 99, 57, 89, 49]
2025-11-12 03:02:46 - caltech-101_fedotp_8_0.01_1 - INFO - idx: 9, output_dict_len: 343
2025-11-12 03:02:46 - caltech-101_fedotp_8_0.01_1 - INFO - Creating a baseline federated dataset
2025-11-12 03:02:46 - caltech-101_fedotp_8_0.01_1 - INFO - class_num 100
2025-11-12 03:02:46 - caltech-101_fedotp_8_0.01_1 - INFO - user class dict total [20, 79, 93, 54, 52, 65, 0, 1, 48, 74]
2025-11-12 03:02:46 - caltech-101_fedotp_8_0.01_1 - INFO - idx: 0, output_dict_len: 399
2025-11-12 03:02:46 - caltech-101_fedotp_8_0.01_1 - INFO - user class dict total [44, 82, 35, 69, 91, 42, 33, 14, 5, 62]
2025-11-12 03:02:46 - caltech-101_fedotp_8_0.01_1 - INFO - idx: 1, output_dict_len: 176
2025-11-12 03:02:46 - caltech-101_fedotp_8_0.01_1 - INFO - user class dict total [32, 55, 96, 10, 21, 31, 90, 27, 28, 76]
2025-11-12 03:02:46 - caltech-101_fedotp_8_0.01_1 - INFO - idx: 2, output_dict_len: 154
2025-11-12 03:02:46 - caltech-101_fedotp_8_0.01_1 - INFO - user class dict total [80, 71, 66, 58, 23, 70, 60, 72, 17, 18]
2025-11-12 03:02:46 - caltech-101_fedotp_8_0.01_1 - INFO - idx: 3, output_dict_len: 162
2025-11-12 03:02:46 - caltech-101_fedotp_8_0.01_1 - INFO - user class dict total [45, 34, 11, 56, 84, 13, 41, 30, 24, 85]
2025-11-12 03:02:46 - caltech-101_fedotp_8_0.01_1 - INFO - idx: 4, output_dict_len: 221
2025-11-12 03:02:46 - caltech-101_fedotp_8_0.01_1 - INFO - user class dict total [51, 75, 37, 6, 53, 94, 95, 39, 47, 98]
2025-11-12 03:02:46 - caltech-101_fedotp_8_0.01_1 - INFO - idx: 5, output_dict_len: 157
2025-11-12 03:02:46 - caltech-101_fedotp_8_0.01_1 - INFO - user class dict total [36, 7, 50, 3, 63, 59, 9, 77, 64, 92]
2025-11-12 03:02:46 - caltech-101_fedotp_8_0.01_1 - INFO - idx: 6, output_dict_len: 171
2025-11-12 03:02:46 - caltech-101_fedotp_8_0.01_1 - INFO - user class dict total [86, 97, 61, 19, 25, 4, 16, 8, 46, 26]
2025-11-12 03:02:46 - caltech-101_fedotp_8_0.01_1 - INFO - idx: 7, output_dict_len: 404
2025-11-12 03:02:46 - caltech-101_fedotp_8_0.01_1 - INFO - user class dict total [2, 88, 29, 22, 87, 67, 68, 38, 83, 15]
2025-11-12 03:02:46 - caltech-101_fedotp_8_0.01_1 - INFO - idx: 8, output_dict_len: 415
2025-11-12 03:02:46 - caltech-101_fedotp_8_0.01_1 - INFO - user class dict total [12, 81, 43, 73, 78, 40, 99, 57, 89, 49]
2025-11-12 03:02:46 - caltech-101_fedotp_8_0.01_1 - INFO - idx: 9, output_dict_len: 206
2025-11-12 03:02:46 - caltech-101_fedotp_8_0.01_1 - INFO - Loading CLIP (backbone: ViT-B/16)
2025-11-12 03:02:50 - caltech-101_fedotp_8_0.01_1 - INFO - Building custom CLIP
2025-11-12 03:02:50 - caltech-101_fedotp_8_0.01_1 - INFO - Turning off gradients in both the image and the text encoder
2025-11-12 03:03:06 - caltech-101_fedotp_8_0.01_1 - INFO - [Epoch 1/30] 训练耗时: 15.98s | 平均训练准确率: 52.86
2025-11-12 03:03:21 - caltech-101_fedotp_8_0.01_1 - INFO - [Epoch 2/30] 训练耗时: 15.57s | 平均训练准确率: 67.86
2025-11-12 03:03:37 - caltech-101_fedotp_8_0.01_1 - INFO - [Epoch 3/30] 训练耗时: 15.46s | 平均训练准确率: 76.88
2025-11-12 03:03:52 - caltech-101_fedotp_8_0.01_1 - INFO - [Epoch 4/30] 训练耗时: 15.19s | 平均训练准确率: 73.71
2025-11-12 03:04:08 - caltech-101_fedotp_8_0.01_1 - INFO - [Epoch 5/30] 训练耗时: 15.51s | 平均训练准确率: 74.91
2025-11-12 03:04:23 - caltech-101_fedotp_8_0.01_1 - INFO - [Epoch 6/30] 训练耗时: 15.14s | 平均训练准确率: 75.58
2025-11-12 03:04:38 - caltech-101_fedotp_8_0.01_1 - INFO - [Epoch 7/30] 训练耗时: 15.09s | 平均训练准确率: 75.80
2025-11-12 03:04:52 - caltech-101_fedotp_8_0.01_1 - INFO - [Epoch 8/30] 训练耗时: 14.50s | 平均训练准确率: 77.19
2025-11-12 03:05:07 - caltech-101_fedotp_8_0.01_1 - INFO - [Epoch 9/30] 训练耗时: 15.16s | 平均训练准确率: 78.30
2025-11-12 03:05:22 - caltech-101_fedotp_8_0.01_1 - INFO - [Epoch 10/30] 训练耗时: 14.52s | 平均训练准确率: 79.55
2025-11-12 03:05:36 - caltech-101_fedotp_8_0.01_1 - INFO - [Epoch 11/30] 训练耗时: 14.29s | 平均训练准确率: 79.78
2025-11-12 03:05:51 - caltech-101_fedotp_8_0.01_1 - INFO - [Epoch 12/30] 训练耗时: 14.68s | 平均训练准确率: 78.35
2025-11-12 03:06:06 - caltech-101_fedotp_8_0.01_1 - INFO - [Epoch 13/30] 训练耗时: 14.78s | 平均训练准确率: 80.09
2025-11-12 03:06:20 - caltech-101_fedotp_8_0.01_1 - INFO - [Epoch 14/30] 训练耗时: 14.53s | 平均训练准确率: 78.75
2025-11-12 03:06:35 - caltech-101_fedotp_8_0.01_1 - INFO - [Epoch 15/30] 训练耗时: 14.51s | 平均训练准确率: 80.27
2025-11-12 03:06:49 - caltech-101_fedotp_8_0.01_1 - INFO - [Epoch 16/30] 训练耗时: 14.69s | 平均训练准确率: 80.31
2025-11-12 03:07:04 - caltech-101_fedotp_8_0.01_1 - INFO - [Epoch 17/30] 训练耗时: 14.68s | 平均训练准确率: 80.22
2025-11-12 03:07:19 - caltech-101_fedotp_8_0.01_1 - INFO - [Epoch 18/30] 训练耗时: 15.28s | 平均训练准确率: 80.62
2025-11-12 03:07:35 - caltech-101_fedotp_8_0.01_1 - INFO - [Epoch 19/30] 训练耗时: 15.36s | 平均训练准确率: 79.42
2025-11-12 03:07:50 - caltech-101_fedotp_8_0.01_1 - INFO - [Epoch 20/30] 训练耗时: 14.81s | 平均训练准确率: 79.78
2025-11-12 03:08:05 - caltech-101_fedotp_8_0.01_1 - INFO - [Epoch 21/30] 训练耗时: 15.34s | 平均训练准确率: 77.72
2025-11-12 03:08:20 - caltech-101_fedotp_8_0.01_1 - INFO - [Epoch 22/30] 训练耗时: 14.71s | 平均训练准确率: 75.80
2025-11-12 03:08:35 - caltech-101_fedotp_8_0.01_1 - INFO - [Epoch 23/30] 训练耗时: 14.86s | 平均训练准确率: 78.08
2025-11-12 03:08:49 - caltech-101_fedotp_8_0.01_1 - INFO - [Epoch 24/30] 训练耗时: 14.79s | 平均训练准确率: 77.37
2025-11-12 03:09:04 - caltech-101_fedotp_8_0.01_1 - INFO - [Epoch 25/30] 训练耗时: 14.86s | 平均训练准确率: 78.26
2025-11-12 03:09:21 - caltech-101_fedotp_8_0.01_1 - INFO - [Epoch 26/30] 训练耗时: 16.76s | 平均训练准确率: 77.90
2025-11-12 03:09:36 - caltech-101_fedotp_8_0.01_1 - INFO - [Epoch 27/30] 训练耗时: 15.49s | 平均训练准确率: 77.23
2025-11-12 03:09:52 - caltech-101_fedotp_8_0.01_1 - INFO - [Epoch 28/30] 训练耗时: 15.14s | 平均训练准确率: 77.95
2025-11-12 03:09:52 - caltech-101_fedotp_8_0.01_1 - INFO - ------------local test start-------------
2025-11-12 03:09:52 - caltech-101_fedotp_8_0.01_1 - INFO - Evaluate on the client0 local set
2025-11-12 03:09:55 - caltech-101_fedotp_8_0.01_1 - INFO - => result | total: 399 | correct: 299 | accuracy: 74.9% | error: 25.1% | macro_f1: 84.6%
2025-11-12 03:09:55 - caltech-101_fedotp_8_0.01_1 - INFO - Evaluate on the client0 neighbor set
2025-11-12 03:10:09 - caltech-101_fedotp_8_0.01_1 - INFO - => result | total: 2,066 | correct: 1,883 | accuracy: 91.1% | error: 8.9% | macro_f1: 87.0%
2025-11-12 03:10:09 - caltech-101_fedotp_8_0.01_1 - INFO - Evaluate on the client1 local set
2025-11-12 03:10:10 - caltech-101_fedotp_8_0.01_1 - INFO - => result | total: 176 | correct: 169 | accuracy: 96.0% | error: 4.0% | macro_f1: 96.5%
2025-11-12 03:10:10 - caltech-101_fedotp_8_0.01_1 - INFO - Evaluate on the client1 neighbor set
2025-11-12 03:10:25 - caltech-101_fedotp_8_0.01_1 - INFO - => result | total: 2,289 | correct: 2,013 | accuracy: 87.9% | error: 12.1% | macro_f1: 84.3%
2025-11-12 03:10:25 - caltech-101_fedotp_8_0.01_1 - INFO - Evaluate on the client2 local set
2025-11-12 03:10:26 - caltech-101_fedotp_8_0.01_1 - INFO - => result | total: 154 | correct: 104 | accuracy: 67.5% | error: 32.5% | macro_f1: 72.4%
2025-11-12 03:10:26 - caltech-101_fedotp_8_0.01_1 - INFO - Evaluate on the client2 neighbor set
2025-11-12 03:10:41 - caltech-101_fedotp_8_0.01_1 - INFO - => result | total: 2,311 | correct: 2,081 | accuracy: 90.0% | error: 10.0% | macro_f1: 87.5%
2025-11-12 03:10:41 - caltech-101_fedotp_8_0.01_1 - INFO - Evaluate on the client3 local set
2025-11-12 03:10:42 - caltech-101_fedotp_8_0.01_1 - INFO - => result | total: 162 | correct: 141 | accuracy: 87.0% | error: 13.0% | macro_f1: 88.4%
2025-11-12 03:10:42 - caltech-101_fedotp_8_0.01_1 - INFO - Evaluate on the client3 neighbor set
2025-11-12 03:10:57 - caltech-101_fedotp_8_0.01_1 - INFO - => result | total: 2,303 | correct: 2,041 | accuracy: 88.6% | error: 11.4% | macro_f1: 85.3%
2025-11-12 03:10:57 - caltech-101_fedotp_8_0.01_1 - INFO - Evaluate on the client4 local set
2025-11-12 03:10:59 - caltech-101_fedotp_8_0.01_1 - INFO - => result | total: 221 | correct: 208 | accuracy: 94.1% | error: 5.9% | macro_f1: 94.0%
2025-11-12 03:10:59 - caltech-101_fedotp_8_0.01_1 - INFO - Evaluate on the client4 neighbor set
2025-11-12 03:11:14 - caltech-101_fedotp_8_0.01_1 - INFO - => result | total: 2,244 | correct: 1,974 | accuracy: 88.0% | error: 12.0% | macro_f1: 84.6%
2025-11-12 03:11:14 - caltech-101_fedotp_8_0.01_1 - INFO - Evaluate on the client5 local set
2025-11-12 03:11:15 - caltech-101_fedotp_8_0.01_1 - INFO - => result | total: 157 | correct: 146 | accuracy: 93.0% | error: 7.0% | macro_f1: 95.1%
2025-11-12 03:11:15 - caltech-101_fedotp_8_0.01_1 - INFO - Evaluate on the client5 neighbor set
2025-11-12 03:11:30 - caltech-101_fedotp_8_0.01_1 - INFO - => result | total: 2,308 | correct: 2,036 | accuracy: 88.2% | error: 11.8% | macro_f1: 84.7%
2025-11-12 03:11:30 - caltech-101_fedotp_8_0.01_1 - INFO - Evaluate on the client6 local set
2025-11-12 03:11:31 - caltech-101_fedotp_8_0.01_1 - INFO - => result | total: 171 | correct: 147 | accuracy: 86.0% | error: 14.0% | macro_f1: 92.3%
2025-11-12 03:11:31 - caltech-101_fedotp_8_0.01_1 - INFO - Evaluate on the client6 neighbor set
2025-11-12 03:11:46 - caltech-101_fedotp_8_0.01_1 - INFO - => result | total: 2,294 | correct: 2,036 | accuracy: 88.8% | error: 11.2% | macro_f1: 84.8%
2025-11-12 03:11:46 - caltech-101_fedotp_8_0.01_1 - INFO - Evaluate on the client7 local set
2025-11-12 03:11:49 - caltech-101_fedotp_8_0.01_1 - INFO - => result | total: 404 | correct: 378 | accuracy: 93.6% | error: 6.4% | macro_f1: 89.3%
2025-11-12 03:11:49 - caltech-101_fedotp_8_0.01_1 - INFO - Evaluate on the client7 neighbor set
2025-11-12 03:12:00 - caltech-101_fedotp_8_0.01_1 - INFO - => result | total: 2,061 | correct: 1,804 | accuracy: 87.5% | error: 12.5% | macro_f1: 85.2%
2025-11-12 03:12:00 - caltech-101_fedotp_8_0.01_1 - INFO - Evaluate on the client8 local set
2025-11-12 03:12:04 - caltech-101_fedotp_8_0.01_1 - INFO - => result | total: 415 | correct: 388 | accuracy: 93.5% | error: 6.5% | macro_f1: 87.7%
2025-11-12 03:12:04 - caltech-101_fedotp_8_0.01_1 - INFO - Evaluate on the client8 neighbor set
2025-11-12 03:12:19 - caltech-101_fedotp_8_0.01_1 - INFO - => result | total: 2,050 | correct: 1,795 | accuracy: 87.6% | error: 12.4% | macro_f1: 84.7%
2025-11-12 03:12:19 - caltech-101_fedotp_8_0.01_1 - INFO - Evaluate on the client9 local set
2025-11-12 03:12:21 - caltech-101_fedotp_8_0.01_1 - INFO - => result | total: 206 | correct: 199 | accuracy: 96.6% | error: 3.4% | macro_f1: 97.3%
2025-11-12 03:12:21 - caltech-101_fedotp_8_0.01_1 - INFO - Evaluate on the client9 neighbor set
2025-11-12 03:12:36 - caltech-101_fedotp_8_0.01_1 - INFO - => result | total: 2,259 | correct: 1,982 | accuracy: 87.7% | error: 12.3% | macro_f1: 84.7%
2025-11-12 03:12:36 - caltech-101_fedotp_8_0.01_1 - INFO - Global test local acc: 88.23
2025-11-12 03:12:36 - caltech-101_fedotp_8_0.01_1 - INFO - Global test neighbor acc: 88.55
2025-11-12 03:12:36 - caltech-101_fedotp_8_0.01_1 - INFO - ------------local test finish-------------
2025-11-12 03:12:36 - caltech-101_fedotp_8_0.01_1 - INFO - [Epoch 28/30] 测试耗时: 164.64s
2025-11-12 03:12:59 - caltech-101_fedotp_8_0.01_1 - INFO - [Epoch 29/30] 训练耗时: 23.21s | 平均训练准确率: 78.97
2025-11-12 03:12:59 - caltech-101_fedotp_8_0.01_1 - INFO - ------------local test start-------------
2025-11-12 03:12:59 - caltech-101_fedotp_8_0.01_1 - INFO - Evaluate on the client0 local set
2025-11-12 03:13:02 - caltech-101_fedotp_8_0.01_1 - INFO - => result | total: 399 | correct: 303 | accuracy: 75.9% | error: 24.1% | macro_f1: 84.8%
2025-11-12 03:13:02 - caltech-101_fedotp_8_0.01_1 - INFO - Evaluate on the client0 neighbor set
2025-11-12 03:13:14 - caltech-101_fedotp_8_0.01_1 - INFO - => result | total: 2,066 | correct: 1,873 | accuracy: 90.7% | error: 9.3% | macro_f1: 86.6%
2025-11-12 03:13:14 - caltech-101_fedotp_8_0.01_1 - INFO - Evaluate on the client1 local set
2025-11-12 03:13:15 - caltech-101_fedotp_8_0.01_1 - INFO - => result | total: 176 | correct: 169 | accuracy: 96.0% | error: 4.0% | macro_f1: 96.7%
2025-11-12 03:13:15 - caltech-101_fedotp_8_0.01_1 - INFO - Evaluate on the client1 neighbor set
2025-11-12 03:13:28 - caltech-101_fedotp_8_0.01_1 - INFO - => result | total: 2,289 | correct: 2,006 | accuracy: 87.6% | error: 12.4% | macro_f1: 84.4%
2025-11-12 03:13:28 - caltech-101_fedotp_8_0.01_1 - INFO - Evaluate on the client2 local set
2025-11-12 03:13:29 - caltech-101_fedotp_8_0.01_1 - INFO - => result | total: 154 | correct: 112 | accuracy: 72.7% | error: 27.3% | macro_f1: 77.0%
2025-11-12 03:13:29 - caltech-101_fedotp_8_0.01_1 - INFO - Evaluate on the client2 neighbor set
2025-11-12 03:13:48 - caltech-101_fedotp_8_0.01_1 - INFO - => result | total: 2,311 | correct: 2,063 | accuracy: 89.3% | error: 10.7% | macro_f1: 87.3%
2025-11-12 03:13:48 - caltech-101_fedotp_8_0.01_1 - INFO - Evaluate on the client3 local set
2025-11-12 03:13:48 - caltech-101_fedotp_8_0.01_1 - INFO - => result | total: 162 | correct: 141 | accuracy: 87.0% | error: 13.0% | macro_f1: 88.9%
2025-11-12 03:13:48 - caltech-101_fedotp_8_0.01_1 - INFO - Evaluate on the client3 neighbor set
2025-11-12 03:14:04 - caltech-101_fedotp_8_0.01_1 - INFO - => result | total: 2,303 | correct: 2,033 | accuracy: 88.3% | error: 11.7% | macro_f1: 85.0%
2025-11-12 03:14:04 - caltech-101_fedotp_8_0.01_1 - INFO - Evaluate on the client4 local set
2025-11-12 03:14:05 - caltech-101_fedotp_8_0.01_1 - INFO - => result | total: 221 | correct: 206 | accuracy: 93.2% | error: 6.8% | macro_f1: 93.7%
2025-11-12 03:14:05 - caltech-101_fedotp_8_0.01_1 - INFO - Evaluate on the client4 neighbor set
2025-11-12 03:14:20 - caltech-101_fedotp_8_0.01_1 - INFO - => result | total: 2,244 | correct: 1,968 | accuracy: 87.7% | error: 12.3% | macro_f1: 84.4%
2025-11-12 03:14:20 - caltech-101_fedotp_8_0.01_1 - INFO - Evaluate on the client5 local set
2025-11-12 03:14:21 - caltech-101_fedotp_8_0.01_1 - INFO - => result | total: 157 | correct: 138 | accuracy: 87.9% | error: 12.1% | macro_f1: 93.1%
2025-11-12 03:14:21 - caltech-101_fedotp_8_0.01_1 - INFO - Evaluate on the client5 neighbor set
2025-11-12 03:14:38 - caltech-101_fedotp_8_0.01_1 - INFO - => result | total: 2,308 | correct: 2,034 | accuracy: 88.1% | error: 11.9% | macro_f1: 85.0%
2025-11-12 03:14:38 - caltech-101_fedotp_8_0.01_1 - INFO - Evaluate on the client6 local set
2025-11-12 03:14:39 - caltech-101_fedotp_8_0.01_1 - INFO - => result | total: 171 | correct: 136 | accuracy: 79.5% | error: 20.5% | macro_f1: 87.6%
2025-11-12 03:14:39 - caltech-101_fedotp_8_0.01_1 - INFO - Evaluate on the client6 neighbor set
2025-11-12 03:14:54 - caltech-101_fedotp_8_0.01_1 - INFO - => result | total: 2,294 | correct: 2,035 | accuracy: 88.7% | error: 11.3% | macro_f1: 85.4%
2025-11-12 03:14:54 - caltech-101_fedotp_8_0.01_1 - INFO - Evaluate on the client7 local set
2025-11-12 03:14:58 - caltech-101_fedotp_8_0.01_1 - INFO - => result | total: 404 | correct: 376 | accuracy: 93.1% | error: 6.9% | macro_f1: 90.6%
2025-11-12 03:14:58 - caltech-101_fedotp_8_0.01_1 - INFO - Evaluate on the client7 neighbor set
2025-11-12 03:15:12 - caltech-101_fedotp_8_0.01_1 - INFO - => result | total: 2,061 | correct: 1,795 | accuracy: 87.1% | error: 12.9% | macro_f1: 85.1%
2025-11-12 03:15:12 - caltech-101_fedotp_8_0.01_1 - INFO - Evaluate on the client8 local set
2025-11-12 03:15:14 - caltech-101_fedotp_8_0.01_1 - INFO - => result | total: 415 | correct: 394 | accuracy: 94.9% | error: 5.1% | macro_f1: 92.6%
2025-11-12 03:15:14 - caltech-101_fedotp_8_0.01_1 - INFO - Evaluate on the client8 neighbor set
2025-11-12 03:15:31 - caltech-101_fedotp_8_0.01_1 - INFO - => result | total: 2,050 | correct: 1,777 | accuracy: 86.7% | error: 13.3% | macro_f1: 84.2%
2025-11-12 03:15:31 - caltech-101_fedotp_8_0.01_1 - INFO - Evaluate on the client9 local set
2025-11-12 03:15:33 - caltech-101_fedotp_8_0.01_1 - INFO - => result | total: 206 | correct: 198 | accuracy: 96.1% | error: 3.9% | macro_f1: 97.0%
2025-11-12 03:15:33 - caltech-101_fedotp_8_0.01_1 - INFO - Evaluate on the client9 neighbor set
2025-11-12 03:15:50 - caltech-101_fedotp_8_0.01_1 - INFO - => result | total: 2,259 | correct: 1,972 | accuracy: 87.3% | error: 12.7% | macro_f1: 85.0%
2025-11-12 03:15:50 - caltech-101_fedotp_8_0.01_1 - INFO - Global test local acc: 87.65
2025-11-12 03:15:50 - caltech-101_fedotp_8_0.01_1 - INFO - Global test neighbor acc: 88.14
2025-11-12 03:15:50 - caltech-101_fedotp_8_0.01_1 - INFO - ------------local test finish-------------
2025-11-12 03:15:50 - caltech-101_fedotp_8_0.01_1 - INFO - [Epoch 29/30] 测试耗时: 170.64s
2025-11-12 03:16:13 - caltech-101_fedotp_8_0.01_1 - INFO - [Epoch 30/30] 训练耗时: 22.80s | 平均训练准确率: 79.06
2025-11-12 03:16:13 - caltech-101_fedotp_8_0.01_1 - INFO - ------------local test start-------------
2025-11-12 03:16:13 - caltech-101_fedotp_8_0.01_1 - INFO - Evaluate on the client0 local set
2025-11-12 03:16:16 - caltech-101_fedotp_8_0.01_1 - INFO - => result | total: 399 | correct: 319 | accuracy: 79.9% | error: 20.1% | macro_f1: 85.8%
2025-11-12 03:16:16 - caltech-101_fedotp_8_0.01_1 - INFO - Evaluate on the client0 neighbor set
2025-11-12 03:16:32 - caltech-101_fedotp_8_0.01_1 - INFO - => result | total: 2,066 | correct: 1,877 | accuracy: 90.9% | error: 9.1% | macro_f1: 86.8%
2025-11-12 03:16:32 - caltech-101_fedotp_8_0.01_1 - INFO - Evaluate on the client1 local set
2025-11-12 03:16:32 - caltech-101_fedotp_8_0.01_1 - INFO - => result | total: 176 | correct: 169 | accuracy: 96.0% | error: 4.0% | macro_f1: 97.2%
2025-11-12 03:16:32 - caltech-101_fedotp_8_0.01_1 - INFO - Evaluate on the client1 neighbor set
2025-11-12 03:16:45 - caltech-101_fedotp_8_0.01_1 - INFO - => result | total: 2,289 | correct: 2,027 | accuracy: 88.6% | error: 11.4% | macro_f1: 84.7%
2025-11-12 03:16:45 - caltech-101_fedotp_8_0.01_1 - INFO - Evaluate on the client2 local set
2025-11-12 03:16:46 - caltech-101_fedotp_8_0.01_1 - INFO - => result | total: 154 | correct: 107 | accuracy: 69.5% | error: 30.5% | macro_f1: 74.5%
2025-11-12 03:16:46 - caltech-101_fedotp_8_0.01_1 - INFO - Evaluate on the client2 neighbor set
2025-11-12 03:16:59 - caltech-101_fedotp_8_0.01_1 - INFO - => result | total: 2,311 | correct: 2,090 | accuracy: 90.4% | error: 9.6% | macro_f1: 87.7%
2025-11-12 03:16:59 - caltech-101_fedotp_8_0.01_1 - INFO - Evaluate on the client3 local set
2025-11-12 03:17:00 - caltech-101_fedotp_8_0.01_1 - INFO - => result | total: 162 | correct: 143 | accuracy: 88.3% | error: 11.7% | macro_f1: 90.0%
2025-11-12 03:17:00 - caltech-101_fedotp_8_0.01_1 - INFO - Evaluate on the client3 neighbor set
2025-11-12 03:17:15 - caltech-101_fedotp_8_0.01_1 - INFO - => result | total: 2,303 | correct: 2,054 | accuracy: 89.2% | error: 10.8% | macro_f1: 85.4%
2025-11-12 03:17:15 - caltech-101_fedotp_8_0.01_1 - INFO - Evaluate on the client4 local set
2025-11-12 03:17:16 - caltech-101_fedotp_8_0.01_1 - INFO - => result | total: 221 | correct: 208 | accuracy: 94.1% | error: 5.9% | macro_f1: 93.4%
2025-11-12 03:17:16 - caltech-101_fedotp_8_0.01_1 - INFO - Evaluate on the client4 neighbor set
2025-11-12 03:17:32 - caltech-101_fedotp_8_0.01_1 - INFO - => result | total: 2,244 | correct: 1,988 | accuracy: 88.6% | error: 11.4% | macro_f1: 85.1%
2025-11-12 03:17:32 - caltech-101_fedotp_8_0.01_1 - INFO - Evaluate on the client5 local set
2025-11-12 03:17:33 - caltech-101_fedotp_8_0.01_1 - INFO - => result | total: 157 | correct: 145 | accuracy: 92.4% | error: 7.6% | macro_f1: 94.5%
2025-11-12 03:17:33 - caltech-101_fedotp_8_0.01_1 - INFO - Evaluate on the client5 neighbor set
2025-11-12 03:17:47 - caltech-101_fedotp_8_0.01_1 - INFO - => result | total: 2,308 | correct: 2,053 | accuracy: 89.0% | error: 11.0% | macro_f1: 85.2%
2025-11-12 03:17:47 - caltech-101_fedotp_8_0.01_1 - INFO - Evaluate on the client6 local set
2025-11-12 03:17:48 - caltech-101_fedotp_8_0.01_1 - INFO - => result | total: 171 | correct: 150 | accuracy: 87.7% | error: 12.3% | macro_f1: 93.4%
2025-11-12 03:17:48 - caltech-101_fedotp_8_0.01_1 - INFO - Evaluate on the client6 neighbor set
2025-11-12 03:18:04 - caltech-101_fedotp_8_0.01_1 - INFO - => result | total: 2,294 | correct: 2,048 | accuracy: 89.3% | error: 10.7% | macro_f1: 85.1%
2025-11-12 03:18:04 - caltech-101_fedotp_8_0.01_1 - INFO - Evaluate on the client7 local set
2025-11-12 03:18:07 - caltech-101_fedotp_8_0.01_1 - INFO - => result | total: 404 | correct: 374 | accuracy: 92.6% | error: 7.4% | macro_f1: 89.8%
2025-11-12 03:18:07 - caltech-101_fedotp_8_0.01_1 - INFO - Evaluate on the client7 neighbor set
2025-11-12 03:18:22 - caltech-101_fedotp_8_0.01_1 - INFO - => result | total: 2,061 | correct: 1,824 | accuracy: 88.5% | error: 11.5% | macro_f1: 85.7%
2025-11-12 03:18:22 - caltech-101_fedotp_8_0.01_1 - INFO - Evaluate on the client8 local set
2025-11-12 03:18:24 - caltech-101_fedotp_8_0.01_1 - INFO - => result | total: 415 | correct: 384 | accuracy: 92.5% | error: 7.5% | macro_f1: 87.2%
2025-11-12 03:18:24 - caltech-101_fedotp_8_0.01_1 - INFO - Evaluate on the client8 neighbor set
2025-11-12 03:18:40 - caltech-101_fedotp_8_0.01_1 - INFO - => result | total: 2,050 | correct: 1,813 | accuracy: 88.4% | error: 11.6% | macro_f1: 85.5%
2025-11-12 03:18:40 - caltech-101_fedotp_8_0.01_1 - INFO - Evaluate on the client9 local set
2025-11-12 03:18:42 - caltech-101_fedotp_8_0.01_1 - INFO - => result | total: 206 | correct: 197 | accuracy: 95.6% | error: 4.4% | macro_f1: 96.6%
2025-11-12 03:18:42 - caltech-101_fedotp_8_0.01_1 - INFO - Evaluate on the client9 neighbor set
2025-11-12 03:18:57 - caltech-101_fedotp_8_0.01_1 - INFO - => result | total: 2,259 | correct: 2,000 | accuracy: 88.5% | error: 11.5% | macro_f1: 85.4%
2025-11-12 03:18:57 - caltech-101_fedotp_8_0.01_1 - INFO - Global test local acc: 88.87
2025-11-12 03:18:57 - caltech-101_fedotp_8_0.01_1 - INFO - Global test neighbor acc: 89.13
2025-11-12 03:18:57 - caltech-101_fedotp_8_0.01_1 - INFO - ------------local test finish-------------
2025-11-12 03:18:57 - caltech-101_fedotp_8_0.01_1 - INFO - [Epoch 30/30] 测试耗时: 164.18s
2025-11-12 03:18:57 - caltech-101_fedotp_8_0.01_1 - INFO - maximum test local acc: 88.865
2025-11-12 03:18:57 - caltech-101_fedotp_8_0.01_1 - INFO - mean of local acc: 88.247
2025-11-12 03:18:57 - caltech-101_fedotp_8_0.01_1 - INFO - maximum test neighbor acc: 89.133
2025-11-12 03:18:57 - caltech-101_fedotp_8_0.01_1 - INFO - mean of neighbor acc: 88.610
