2025-11-07 07:05:09 - caltech-101_fedpgp_8_0.1_1 - INFO - 日志文件已创建: logs/caltech-101_fedpgp_8_0.1_1_20251107_070509.log
2025-11-07 07:05:12 - caltech-101_fedpgp_8_0.1_1 - INFO - ------------local train start epoch: 0 -------------
2025-11-07 07:05:30 - caltech-101_fedpgp_8_0.1_1 - INFO - Epoch: 0/3	finished batch : 6/7 (skip test)
2025-11-07 07:05:30 - caltech-101_fedpgp_8_0.1_1 - INFO - ------------epoch 0 完成，用时: 17.77s-------------
2025-11-07 07:05:30 - caltech-101_fedpgp_8_0.1_1 - INFO - ------------已完成 1 个epoch | 平均用时: 17.77s | 上一个epoch: 17.77s | 预计剩余时间: 35.55s (0.6分钟)-------------
2025-11-07 07:05:30 - caltech-101_fedpgp_8_0.1_1 - INFO - ------------local train start epoch: 1 -------------
2025-11-07 07:05:46 - caltech-101_fedpgp_8_0.1_1 - INFO - Epoch: 1/3	finished batch : 6/7 (skip test)
2025-11-07 07:05:46 - caltech-101_fedpgp_8_0.1_1 - INFO - ------------epoch 1 完成，用时: 16.77s-------------
2025-11-07 07:05:46 - caltech-101_fedpgp_8_0.1_1 - INFO - ------------已完成 2 个epoch | 平均用时: 17.27s | 上一个epoch: 16.77s | 预计剩余时间: 17.27s (0.3分钟)-------------
2025-11-07 07:05:46 - caltech-101_fedpgp_8_0.1_1 - INFO - ------------local train start epoch: 2 -------------
2025-11-07 07:06:04 - caltech-101_fedpgp_8_0.1_1 - INFO - ------------local test start-------------
2025-11-07 07:08:30 - caltech-101_fedpgp_8_0.1_1 - INFO - Global test local acc: 85.2903096044857
2025-11-07 07:08:30 - caltech-101_fedpgp_8_0.1_1 - INFO - Global test neighbor acc: 87.2314822918678
2025-11-07 07:08:30 - caltech-101_fedpgp_8_0.1_1 - INFO - ------------local test finish-------------
2025-11-07 07:08:30 - caltech-101_fedpgp_8_0.1_1 - INFO - Epoch: 2/3	finished batch : 6/7
2025-11-07 07:08:30 - caltech-101_fedpgp_8_0.1_1 - INFO - ------------epoch 2 完成，用时: 163.69s-------------
2025-11-07 07:08:30 - caltech-101_fedpgp_8_0.1_1 - INFO - maximum test local acc: 85.2903096044857
2025-11-07 07:08:30 - caltech-101_fedpgp_8_0.1_1 - INFO - mean of local acc: 85.2903096044857
2025-11-07 07:08:30 - caltech-101_fedpgp_8_0.1_1 - INFO - maximum test neighbor acc: 87.2314822918678
2025-11-07 07:08:30 - caltech-101_fedpgp_8_0.1_1 - INFO - mean of neighbor acc: 87.2314822918678
