2025-11-12 01:35:48 - caltech-101_promptfl_8_0.0_1 - INFO - 日志文件已创建: logs/caltech-101_promptfl_8_0.0_1_20251112_013548.log
2025-11-12 01:35:48 - caltech-101_promptfl_8_0.0_1 - INFO - Loading trainer: DP_FPL
2025-11-12 01:35:48 - caltech-101_promptfl_8_0.0_1 - INFO - Loading dataset: Caltech101
2025-11-12 01:35:48 - caltech-101_promptfl_8_0.0_1 - INFO - Reading split from /home/liuxin25/dataset/caltech-101/split_zhou_Caltech101.json
2025-11-12 01:35:48 - caltech-101_promptfl_8_0.0_1 - INFO - Creating a baseline federated dataset
2025-11-12 01:35:48 - caltech-101_promptfl_8_0.0_1 - INFO - class_num 100
2025-11-12 01:35:48 - caltech-101_promptfl_8_0.0_1 - INFO - user class dict total [20, 79, 93, 54, 52, 65, 0, 1, 48, 74]
2025-11-12 01:35:48 - caltech-101_promptfl_8_0.0_1 - INFO - idx: 0, output_dict_len: 673
2025-11-12 01:35:48 - caltech-101_promptfl_8_0.0_1 - INFO - user class dict total [44, 82, 35, 69, 91, 42, 33, 14, 5, 62]
2025-11-12 01:35:48 - caltech-101_promptfl_8_0.0_1 - INFO - idx: 1, output_dict_len: 296
2025-11-12 01:35:48 - caltech-101_promptfl_8_0.0_1 - INFO - user class dict total [32, 55, 96, 10, 21, 31, 90, 27, 28, 76]
2025-11-12 01:35:48 - caltech-101_promptfl_8_0.0_1 - INFO - idx: 2, output_dict_len: 251
2025-11-12 01:35:48 - caltech-101_promptfl_8_0.0_1 - INFO - user class dict total [80, 71, 66, 58, 23, 70, 60, 72, 17, 18]
2025-11-12 01:35:48 - caltech-101_promptfl_8_0.0_1 - INFO - idx: 3, output_dict_len: 275
2025-11-12 01:35:48 - caltech-101_promptfl_8_0.0_1 - INFO - user class dict total [45, 34, 11, 56, 84, 13, 41, 30, 24, 85]
2025-11-12 01:35:48 - caltech-101_promptfl_8_0.0_1 - INFO - idx: 4, output_dict_len: 369
2025-11-12 01:35:48 - caltech-101_promptfl_8_0.0_1 - INFO - user class dict total [51, 75, 37, 6, 53, 94, 95, 39, 47, 98]
2025-11-12 01:35:48 - caltech-101_promptfl_8_0.0_1 - INFO - idx: 5, output_dict_len: 265
2025-11-12 01:35:48 - caltech-101_promptfl_8_0.0_1 - INFO - user class dict total [36, 7, 50, 3, 63, 59, 9, 77, 64, 92]
2025-11-12 01:35:48 - caltech-101_promptfl_8_0.0_1 - INFO - idx: 6, output_dict_len: 286
2025-11-12 01:35:48 - caltech-101_promptfl_8_0.0_1 - INFO - user class dict total [86, 97, 61, 19, 25, 4, 16, 8, 46, 26]
2025-11-12 01:35:48 - caltech-101_promptfl_8_0.0_1 - INFO - idx: 7, output_dict_len: 675
2025-11-12 01:35:48 - caltech-101_promptfl_8_0.0_1 - INFO - user class dict total [2, 88, 29, 22, 87, 67, 68, 38, 83, 15]
2025-11-12 01:35:48 - caltech-101_promptfl_8_0.0_1 - INFO - idx: 8, output_dict_len: 695
2025-11-12 01:35:48 - caltech-101_promptfl_8_0.0_1 - INFO - user class dict total [12, 81, 43, 73, 78, 40, 99, 57, 89, 49]
2025-11-12 01:35:48 - caltech-101_promptfl_8_0.0_1 - INFO - idx: 9, output_dict_len: 343
2025-11-12 01:35:48 - caltech-101_promptfl_8_0.0_1 - INFO - Creating a baseline federated dataset
2025-11-12 01:35:48 - caltech-101_promptfl_8_0.0_1 - INFO - class_num 100
2025-11-12 01:35:48 - caltech-101_promptfl_8_0.0_1 - INFO - user class dict total [20, 79, 93, 54, 52, 65, 0, 1, 48, 74]
2025-11-12 01:35:48 - caltech-101_promptfl_8_0.0_1 - INFO - idx: 0, output_dict_len: 399
2025-11-12 01:35:48 - caltech-101_promptfl_8_0.0_1 - INFO - user class dict total [44, 82, 35, 69, 91, 42, 33, 14, 5, 62]
2025-11-12 01:35:48 - caltech-101_promptfl_8_0.0_1 - INFO - idx: 1, output_dict_len: 176
2025-11-12 01:35:48 - caltech-101_promptfl_8_0.0_1 - INFO - user class dict total [32, 55, 96, 10, 21, 31, 90, 27, 28, 76]
2025-11-12 01:35:48 - caltech-101_promptfl_8_0.0_1 - INFO - idx: 2, output_dict_len: 154
2025-11-12 01:35:48 - caltech-101_promptfl_8_0.0_1 - INFO - user class dict total [80, 71, 66, 58, 23, 70, 60, 72, 17, 18]
2025-11-12 01:35:48 - caltech-101_promptfl_8_0.0_1 - INFO - idx: 3, output_dict_len: 162
2025-11-12 01:35:48 - caltech-101_promptfl_8_0.0_1 - INFO - user class dict total [45, 34, 11, 56, 84, 13, 41, 30, 24, 85]
2025-11-12 01:35:48 - caltech-101_promptfl_8_0.0_1 - INFO - idx: 4, output_dict_len: 221
2025-11-12 01:35:48 - caltech-101_promptfl_8_0.0_1 - INFO - user class dict total [51, 75, 37, 6, 53, 94, 95, 39, 47, 98]
2025-11-12 01:35:48 - caltech-101_promptfl_8_0.0_1 - INFO - idx: 5, output_dict_len: 157
2025-11-12 01:35:48 - caltech-101_promptfl_8_0.0_1 - INFO - user class dict total [36, 7, 50, 3, 63, 59, 9, 77, 64, 92]
2025-11-12 01:35:48 - caltech-101_promptfl_8_0.0_1 - INFO - idx: 6, output_dict_len: 171
2025-11-12 01:35:48 - caltech-101_promptfl_8_0.0_1 - INFO - user class dict total [86, 97, 61, 19, 25, 4, 16, 8, 46, 26]
2025-11-12 01:35:48 - caltech-101_promptfl_8_0.0_1 - INFO - idx: 7, output_dict_len: 404
2025-11-12 01:35:48 - caltech-101_promptfl_8_0.0_1 - INFO - user class dict total [2, 88, 29, 22, 87, 67, 68, 38, 83, 15]
2025-11-12 01:35:48 - caltech-101_promptfl_8_0.0_1 - INFO - idx: 8, output_dict_len: 415
2025-11-12 01:35:48 - caltech-101_promptfl_8_0.0_1 - INFO - user class dict total [12, 81, 43, 73, 78, 40, 99, 57, 89, 49]
2025-11-12 01:35:48 - caltech-101_promptfl_8_0.0_1 - INFO - idx: 9, output_dict_len: 206
2025-11-12 01:35:48 - caltech-101_promptfl_8_0.0_1 - INFO - Loading CLIP (backbone: ViT-B/16)
2025-11-12 01:35:52 - caltech-101_promptfl_8_0.0_1 - INFO - Building custom CLIP
2025-11-12 01:35:52 - caltech-101_promptfl_8_0.0_1 - INFO - Turning off gradients in both the image and the text encoder
2025-11-12 01:36:09 - caltech-101_promptfl_8_0.0_1 - INFO - [Epoch 1/30] 训练耗时: 16.75s | 平均训练准确率: 54.33
2025-11-12 01:36:25 - caltech-101_promptfl_8_0.0_1 - INFO - [Epoch 2/30] 训练耗时: 15.77s | 平均训练准确率: 76.52
2025-11-12 01:36:40 - caltech-101_promptfl_8_0.0_1 - INFO - [Epoch 3/30] 训练耗时: 15.37s | 平均训练准确率: 83.88
2025-11-12 01:36:56 - caltech-101_promptfl_8_0.0_1 - INFO - [Epoch 4/30] 训练耗时: 15.70s | 平均训练准确率: 85.54
2025-11-12 01:37:11 - caltech-101_promptfl_8_0.0_1 - INFO - [Epoch 5/30] 训练耗时: 15.39s | 平均训练准确率: 85.40
2025-11-12 01:37:27 - caltech-101_promptfl_8_0.0_1 - INFO - [Epoch 6/30] 训练耗时: 15.68s | 平均训练准确率: 85.54
2025-11-12 01:37:42 - caltech-101_promptfl_8_0.0_1 - INFO - [Epoch 7/30] 训练耗时: 15.48s | 平均训练准确率: 86.43
2025-11-12 01:37:58 - caltech-101_promptfl_8_0.0_1 - INFO - [Epoch 8/30] 训练耗时: 15.50s | 平均训练准确率: 86.92
2025-11-12 01:38:13 - caltech-101_promptfl_8_0.0_1 - INFO - [Epoch 9/30] 训练耗时: 15.74s | 平均训练准确率: 86.29
2025-11-12 01:38:28 - caltech-101_promptfl_8_0.0_1 - INFO - [Epoch 10/30] 训练耗时: 14.58s | 平均训练准确率: 87.28
2025-11-12 01:38:43 - caltech-101_promptfl_8_0.0_1 - INFO - [Epoch 11/30] 训练耗时: 15.01s | 平均训练准确率: 86.96
2025-11-12 01:38:58 - caltech-101_promptfl_8_0.0_1 - INFO - [Epoch 12/30] 训练耗时: 14.79s | 平均训练准确率: 88.04
2025-11-12 01:39:13 - caltech-101_promptfl_8_0.0_1 - INFO - [Epoch 13/30] 训练耗时: 14.99s | 平均训练准确率: 88.30
2025-11-12 01:39:29 - caltech-101_promptfl_8_0.0_1 - INFO - [Epoch 14/30] 训练耗时: 16.41s | 平均训练准确率: 88.39
2025-11-12 01:39:45 - caltech-101_promptfl_8_0.0_1 - INFO - [Epoch 15/30] 训练耗时: 15.43s | 平均训练准确率: 87.28
2025-11-12 01:40:00 - caltech-101_promptfl_8_0.0_1 - INFO - [Epoch 16/30] 训练耗时: 15.08s | 平均训练准确率: 86.83
2025-11-12 01:40:15 - caltech-101_promptfl_8_0.0_1 - INFO - [Epoch 17/30] 训练耗时: 15.15s | 平均训练准确率: 87.81
2025-11-12 01:40:30 - caltech-101_promptfl_8_0.0_1 - INFO - [Epoch 18/30] 训练耗时: 15.43s | 平均训练准确率: 87.41
2025-11-12 01:40:45 - caltech-101_promptfl_8_0.0_1 - INFO - [Epoch 19/30] 训练耗时: 14.70s | 平均训练准确率: 87.72
2025-11-12 01:41:00 - caltech-101_promptfl_8_0.0_1 - INFO - [Epoch 20/30] 训练耗时: 15.30s | 平均训练准确率: 89.06
2025-11-12 01:41:16 - caltech-101_promptfl_8_0.0_1 - INFO - [Epoch 21/30] 训练耗时: 15.87s | 平均训练准确率: 88.88
2025-11-12 01:41:31 - caltech-101_promptfl_8_0.0_1 - INFO - [Epoch 22/30] 训练耗时: 14.79s | 平均训练准确率: 88.12
2025-11-12 01:41:46 - caltech-101_promptfl_8_0.0_1 - INFO - [Epoch 23/30] 训练耗时: 15.44s | 平均训练准确率: 88.53
2025-11-12 01:42:02 - caltech-101_promptfl_8_0.0_1 - INFO - [Epoch 24/30] 训练耗时: 15.36s | 平均训练准确率: 89.20
2025-11-12 01:42:17 - caltech-101_promptfl_8_0.0_1 - INFO - [Epoch 25/30] 训练耗时: 14.99s | 平均训练准确率: 88.93
2025-11-12 01:42:32 - caltech-101_promptfl_8_0.0_1 - INFO - [Epoch 26/30] 训练耗时: 15.62s | 平均训练准确率: 88.66
2025-11-12 01:42:48 - caltech-101_promptfl_8_0.0_1 - INFO - [Epoch 27/30] 训练耗时: 15.54s | 平均训练准确率: 88.08
2025-11-12 01:43:03 - caltech-101_promptfl_8_0.0_1 - INFO - [Epoch 28/30] 训练耗时: 15.03s | 平均训练准确率: 89.42
2025-11-12 01:43:03 - caltech-101_promptfl_8_0.0_1 - INFO - ------------local test start-------------
2025-11-12 01:43:03 - caltech-101_promptfl_8_0.0_1 - INFO - Evaluate on the client0 local set
2025-11-12 01:43:06 - caltech-101_promptfl_8_0.0_1 - INFO - => result | total: 399 | correct: 368 | accuracy: 92.2% | error: 7.8% | macro_f1: 92.5%
2025-11-12 01:43:06 - caltech-101_promptfl_8_0.0_1 - INFO - Evaluate on the client0 neighbor set
2025-11-12 01:43:17 - caltech-101_promptfl_8_0.0_1 - INFO - => result | total: 2,066 | correct: 1,899 | accuracy: 91.9% | error: 8.1% | macro_f1: 88.4%
2025-11-12 01:43:17 - caltech-101_promptfl_8_0.0_1 - INFO - Evaluate on the client1 local set
2025-11-12 01:43:18 - caltech-101_promptfl_8_0.0_1 - INFO - => result | total: 176 | correct: 173 | accuracy: 98.3% | error: 1.7% | macro_f1: 98.5%
2025-11-12 01:43:18 - caltech-101_promptfl_8_0.0_1 - INFO - Evaluate on the client1 neighbor set
2025-11-12 01:43:33 - caltech-101_promptfl_8_0.0_1 - INFO - => result | total: 2,289 | correct: 2,095 | accuracy: 91.5% | error: 8.5% | macro_f1: 87.7%
2025-11-12 01:43:33 - caltech-101_promptfl_8_0.0_1 - INFO - Evaluate on the client2 local set
2025-11-12 01:43:34 - caltech-101_promptfl_8_0.0_1 - INFO - => result | total: 154 | correct: 140 | accuracy: 90.9% | error: 9.1% | macro_f1: 91.4%
2025-11-12 01:43:34 - caltech-101_promptfl_8_0.0_1 - INFO - Evaluate on the client2 neighbor set
2025-11-12 01:43:49 - caltech-101_promptfl_8_0.0_1 - INFO - => result | total: 2,311 | correct: 2,128 | accuracy: 92.1% | error: 7.9% | macro_f1: 88.7%
2025-11-12 01:43:49 - caltech-101_promptfl_8_0.0_1 - INFO - Evaluate on the client3 local set
2025-11-12 01:43:50 - caltech-101_promptfl_8_0.0_1 - INFO - => result | total: 162 | correct: 156 | accuracy: 96.3% | error: 3.7% | macro_f1: 96.7%
2025-11-12 01:43:50 - caltech-101_promptfl_8_0.0_1 - INFO - Evaluate on the client3 neighbor set
2025-11-12 01:44:10 - caltech-101_promptfl_8_0.0_1 - INFO - => result | total: 2,303 | correct: 2,115 | accuracy: 91.8% | error: 8.2% | macro_f1: 88.1%
2025-11-12 01:44:10 - caltech-101_promptfl_8_0.0_1 - INFO - Evaluate on the client4 local set
2025-11-12 01:44:12 - caltech-101_promptfl_8_0.0_1 - INFO - => result | total: 221 | correct: 208 | accuracy: 94.1% | error: 5.9% | macro_f1: 94.1%
2025-11-12 01:44:12 - caltech-101_promptfl_8_0.0_1 - INFO - Evaluate on the client4 neighbor set
2025-11-12 01:44:28 - caltech-101_promptfl_8_0.0_1 - INFO - => result | total: 2,244 | correct: 2,065 | accuracy: 92.0% | error: 8.0% | macro_f1: 88.1%
2025-11-12 01:44:28 - caltech-101_promptfl_8_0.0_1 - INFO - Evaluate on the client5 local set
2025-11-12 01:44:29 - caltech-101_promptfl_8_0.0_1 - INFO - => result | total: 157 | correct: 149 | accuracy: 94.9% | error: 5.1% | macro_f1: 97.1%
2025-11-12 01:44:29 - caltech-101_promptfl_8_0.0_1 - INFO - Evaluate on the client5 neighbor set
2025-11-12 01:44:47 - caltech-101_promptfl_8_0.0_1 - INFO - => result | total: 2,308 | correct: 2,130 | accuracy: 92.3% | error: 7.7% | macro_f1: 88.4%
2025-11-12 01:44:47 - caltech-101_promptfl_8_0.0_1 - INFO - Evaluate on the client6 local set
2025-11-12 01:44:48 - caltech-101_promptfl_8_0.0_1 - INFO - => result | total: 171 | correct: 160 | accuracy: 93.6% | error: 6.4% | macro_f1: 96.4%
2025-11-12 01:44:48 - caltech-101_promptfl_8_0.0_1 - INFO - Evaluate on the client6 neighbor set
2025-11-12 01:45:04 - caltech-101_promptfl_8_0.0_1 - INFO - => result | total: 2,294 | correct: 2,114 | accuracy: 92.2% | error: 7.8% | macro_f1: 88.1%
2025-11-12 01:45:04 - caltech-101_promptfl_8_0.0_1 - INFO - Evaluate on the client7 local set
2025-11-12 01:45:07 - caltech-101_promptfl_8_0.0_1 - INFO - => result | total: 404 | correct: 367 | accuracy: 90.8% | error: 9.2% | macro_f1: 82.0%
2025-11-12 01:45:07 - caltech-101_promptfl_8_0.0_1 - INFO - Evaluate on the client7 neighbor set
2025-11-12 01:45:23 - caltech-101_promptfl_8_0.0_1 - INFO - => result | total: 2,061 | correct: 1,902 | accuracy: 92.3% | error: 7.7% | macro_f1: 89.2%
2025-11-12 01:45:23 - caltech-101_promptfl_8_0.0_1 - INFO - Evaluate on the client8 local set
2025-11-12 01:45:26 - caltech-101_promptfl_8_0.0_1 - INFO - => result | total: 415 | correct: 367 | accuracy: 88.4% | error: 11.6% | macro_f1: 81.5%
2025-11-12 01:45:26 - caltech-101_promptfl_8_0.0_1 - INFO - Evaluate on the client8 neighbor set
2025-11-12 01:45:41 - caltech-101_promptfl_8_0.0_1 - INFO - => result | total: 2,050 | correct: 1,901 | accuracy: 92.7% | error: 7.3% | macro_f1: 89.6%
2025-11-12 01:45:41 - caltech-101_promptfl_8_0.0_1 - INFO - Evaluate on the client9 local set
2025-11-12 01:45:43 - caltech-101_promptfl_8_0.0_1 - INFO - => result | total: 206 | correct: 204 | accuracy: 99.0% | error: 1.0% | macro_f1: 99.2%
2025-11-12 01:45:43 - caltech-101_promptfl_8_0.0_1 - INFO - Evaluate on the client9 neighbor set
2025-11-12 01:46:01 - caltech-101_promptfl_8_0.0_1 - INFO - => result | total: 2,259 | correct: 2,063 | accuracy: 91.3% | error: 8.7% | macro_f1: 87.5%
2025-11-12 01:46:01 - caltech-101_promptfl_8_0.0_1 - INFO - Global test local acc: 93.86
2025-11-12 01:46:01 - caltech-101_promptfl_8_0.0_1 - INFO - Global test neighbor acc: 92.02
2025-11-12 01:46:01 - caltech-101_promptfl_8_0.0_1 - INFO - ------------local test finish-------------
2025-11-12 01:46:01 - caltech-101_promptfl_8_0.0_1 - INFO - [Epoch 28/30] 测试耗时: 178.03s
2025-11-12 01:46:24 - caltech-101_promptfl_8_0.0_1 - INFO - [Epoch 29/30] 训练耗时: 23.52s | 平均训练准确率: 89.73
2025-11-12 01:46:24 - caltech-101_promptfl_8_0.0_1 - INFO - ------------local test start-------------
2025-11-12 01:46:24 - caltech-101_promptfl_8_0.0_1 - INFO - Evaluate on the client0 local set
2025-11-12 01:46:28 - caltech-101_promptfl_8_0.0_1 - INFO - => result | total: 399 | correct: 352 | accuracy: 88.2% | error: 11.8% | macro_f1: 86.9%
2025-11-12 01:46:28 - caltech-101_promptfl_8_0.0_1 - INFO - Evaluate on the client0 neighbor set
2025-11-12 01:46:39 - caltech-101_promptfl_8_0.0_1 - INFO - => result | total: 2,066 | correct: 1,901 | accuracy: 92.0% | error: 8.0% | macro_f1: 88.8%
2025-11-12 01:46:39 - caltech-101_promptfl_8_0.0_1 - INFO - Evaluate on the client1 local set
2025-11-12 01:46:40 - caltech-101_promptfl_8_0.0_1 - INFO - => result | total: 176 | correct: 173 | accuracy: 98.3% | error: 1.7% | macro_f1: 98.7%
2025-11-12 01:46:40 - caltech-101_promptfl_8_0.0_1 - INFO - Evaluate on the client1 neighbor set
2025-11-12 01:46:54 - caltech-101_promptfl_8_0.0_1 - INFO - => result | total: 2,289 | correct: 2,083 | accuracy: 91.0% | error: 9.0% | macro_f1: 87.1%
2025-11-12 01:46:54 - caltech-101_promptfl_8_0.0_1 - INFO - Evaluate on the client2 local set
2025-11-12 01:46:55 - caltech-101_promptfl_8_0.0_1 - INFO - => result | total: 154 | correct: 144 | accuracy: 93.5% | error: 6.5% | macro_f1: 93.9%
2025-11-12 01:46:55 - caltech-101_promptfl_8_0.0_1 - INFO - Evaluate on the client2 neighbor set
2025-11-12 01:47:18 - caltech-101_promptfl_8_0.0_1 - INFO - => result | total: 2,311 | correct: 2,109 | accuracy: 91.3% | error: 8.7% | macro_f1: 88.0%
2025-11-12 01:47:18 - caltech-101_promptfl_8_0.0_1 - INFO - Evaluate on the client3 local set
2025-11-12 01:47:19 - caltech-101_promptfl_8_0.0_1 - INFO - => result | total: 162 | correct: 153 | accuracy: 94.4% | error: 5.6% | macro_f1: 94.7%
2025-11-12 01:47:19 - caltech-101_promptfl_8_0.0_1 - INFO - Evaluate on the client3 neighbor set
2025-11-12 01:47:38 - caltech-101_promptfl_8_0.0_1 - INFO - => result | total: 2,303 | correct: 2,104 | accuracy: 91.4% | error: 8.6% | macro_f1: 87.6%
2025-11-12 01:47:38 - caltech-101_promptfl_8_0.0_1 - INFO - Evaluate on the client4 local set
2025-11-12 01:47:40 - caltech-101_promptfl_8_0.0_1 - INFO - => result | total: 221 | correct: 210 | accuracy: 95.0% | error: 5.0% | macro_f1: 95.4%
2025-11-12 01:47:40 - caltech-101_promptfl_8_0.0_1 - INFO - Evaluate on the client4 neighbor set
2025-11-12 01:48:02 - caltech-101_promptfl_8_0.0_1 - INFO - => result | total: 2,244 | correct: 2,055 | accuracy: 91.6% | error: 8.4% | macro_f1: 87.8%
2025-11-12 01:48:02 - caltech-101_promptfl_8_0.0_1 - INFO - Evaluate on the client5 local set
2025-11-12 01:48:04 - caltech-101_promptfl_8_0.0_1 - INFO - => result | total: 157 | correct: 150 | accuracy: 95.5% | error: 4.5% | macro_f1: 97.6%
2025-11-12 01:48:04 - caltech-101_promptfl_8_0.0_1 - INFO - Evaluate on the client5 neighbor set
2025-11-12 01:48:19 - caltech-101_promptfl_8_0.0_1 - INFO - => result | total: 2,308 | correct: 2,120 | accuracy: 91.9% | error: 8.1% | macro_f1: 87.9%
2025-11-12 01:48:19 - caltech-101_promptfl_8_0.0_1 - INFO - Evaluate on the client6 local set
2025-11-12 01:48:20 - caltech-101_promptfl_8_0.0_1 - INFO - => result | total: 171 | correct: 157 | accuracy: 91.8% | error: 8.2% | macro_f1: 95.4%
2025-11-12 01:48:20 - caltech-101_promptfl_8_0.0_1 - INFO - Evaluate on the client6 neighbor set
2025-11-12 01:48:38 - caltech-101_promptfl_8_0.0_1 - INFO - => result | total: 2,294 | correct: 2,112 | accuracy: 92.1% | error: 7.9% | macro_f1: 88.1%
2025-11-12 01:48:38 - caltech-101_promptfl_8_0.0_1 - INFO - Evaluate on the client7 local set
2025-11-12 01:48:41 - caltech-101_promptfl_8_0.0_1 - INFO - => result | total: 404 | correct: 366 | accuracy: 90.6% | error: 9.4% | macro_f1: 83.7%
2025-11-12 01:48:41 - caltech-101_promptfl_8_0.0_1 - INFO - Evaluate on the client7 neighbor set
2025-11-12 01:48:55 - caltech-101_promptfl_8_0.0_1 - INFO - => result | total: 2,061 | correct: 1,902 | accuracy: 92.3% | error: 7.7% | macro_f1: 89.7%
2025-11-12 01:48:55 - caltech-101_promptfl_8_0.0_1 - INFO - Evaluate on the client8 local set
2025-11-12 01:48:57 - caltech-101_promptfl_8_0.0_1 - INFO - => result | total: 415 | correct: 371 | accuracy: 89.4% | error: 10.6% | macro_f1: 83.1%
2025-11-12 01:48:57 - caltech-101_promptfl_8_0.0_1 - INFO - Evaluate on the client8 neighbor set
2025-11-12 01:49:11 - caltech-101_promptfl_8_0.0_1 - INFO - => result | total: 2,050 | correct: 1,894 | accuracy: 92.4% | error: 7.6% | macro_f1: 89.8%
2025-11-12 01:49:11 - caltech-101_promptfl_8_0.0_1 - INFO - Evaluate on the client9 local set
2025-11-12 01:49:12 - caltech-101_promptfl_8_0.0_1 - INFO - => result | total: 206 | correct: 200 | accuracy: 97.1% | error: 2.9% | macro_f1: 97.5%
2025-11-12 01:49:12 - caltech-101_promptfl_8_0.0_1 - INFO - Evaluate on the client9 neighbor set
2025-11-12 01:49:29 - caltech-101_promptfl_8_0.0_1 - INFO - => result | total: 2,259 | correct: 2,063 | accuracy: 91.3% | error: 8.7% | macro_f1: 88.0%
2025-11-12 01:49:29 - caltech-101_promptfl_8_0.0_1 - INFO - Global test local acc: 93.39
2025-11-12 01:49:29 - caltech-101_promptfl_8_0.0_1 - INFO - Global test neighbor acc: 91.71
2025-11-12 01:49:29 - caltech-101_promptfl_8_0.0_1 - INFO - ------------local test finish-------------
2025-11-12 01:49:29 - caltech-101_promptfl_8_0.0_1 - INFO - [Epoch 29/30] 测试耗时: 184.43s
2025-11-12 01:49:49 - caltech-101_promptfl_8_0.0_1 - INFO - [Epoch 30/30] 训练耗时: 20.49s | 平均训练准确率: 89.38
2025-11-12 01:49:49 - caltech-101_promptfl_8_0.0_1 - INFO - ------------local test start-------------
2025-11-12 01:49:49 - caltech-101_promptfl_8_0.0_1 - INFO - Evaluate on the client0 local set
2025-11-12 01:49:52 - caltech-101_promptfl_8_0.0_1 - INFO - => result | total: 399 | correct: 364 | accuracy: 91.2% | error: 8.8% | macro_f1: 90.7%
2025-11-12 01:49:52 - caltech-101_promptfl_8_0.0_1 - INFO - Evaluate on the client0 neighbor set
2025-11-12 01:50:03 - caltech-101_promptfl_8_0.0_1 - INFO - => result | total: 2,066 | correct: 1,899 | accuracy: 91.9% | error: 8.1% | macro_f1: 88.5%
2025-11-12 01:50:03 - caltech-101_promptfl_8_0.0_1 - INFO - Evaluate on the client1 local set
2025-11-12 01:50:04 - caltech-101_promptfl_8_0.0_1 - INFO - => result | total: 176 | correct: 172 | accuracy: 97.7% | error: 2.3% | macro_f1: 98.2%
2025-11-12 01:50:04 - caltech-101_promptfl_8_0.0_1 - INFO - Evaluate on the client1 neighbor set
2025-11-12 01:50:22 - caltech-101_promptfl_8_0.0_1 - INFO - => result | total: 2,289 | correct: 2,089 | accuracy: 91.3% | error: 8.7% | macro_f1: 87.4%
2025-11-12 01:50:22 - caltech-101_promptfl_8_0.0_1 - INFO - Evaluate on the client2 local set
2025-11-12 01:50:23 - caltech-101_promptfl_8_0.0_1 - INFO - => result | total: 154 | correct: 137 | accuracy: 89.0% | error: 11.0% | macro_f1: 90.6%
2025-11-12 01:50:23 - caltech-101_promptfl_8_0.0_1 - INFO - Evaluate on the client2 neighbor set
2025-11-12 01:50:40 - caltech-101_promptfl_8_0.0_1 - INFO - => result | total: 2,311 | correct: 2,124 | accuracy: 91.9% | error: 8.1% | macro_f1: 88.5%
2025-11-12 01:50:40 - caltech-101_promptfl_8_0.0_1 - INFO - Evaluate on the client3 local set
2025-11-12 01:50:41 - caltech-101_promptfl_8_0.0_1 - INFO - => result | total: 162 | correct: 157 | accuracy: 96.9% | error: 3.1% | macro_f1: 97.3%
2025-11-12 01:50:41 - caltech-101_promptfl_8_0.0_1 - INFO - Evaluate on the client3 neighbor set
2025-11-12 01:51:00 - caltech-101_promptfl_8_0.0_1 - INFO - => result | total: 2,303 | correct: 2,109 | accuracy: 91.6% | error: 8.4% | macro_f1: 88.1%
2025-11-12 01:51:00 - caltech-101_promptfl_8_0.0_1 - INFO - Evaluate on the client4 local set
2025-11-12 01:51:01 - caltech-101_promptfl_8_0.0_1 - INFO - => result | total: 221 | correct: 206 | accuracy: 93.2% | error: 6.8% | macro_f1: 93.4%
2025-11-12 01:51:01 - caltech-101_promptfl_8_0.0_1 - INFO - Evaluate on the client4 neighbor set
2025-11-12 01:51:19 - caltech-101_promptfl_8_0.0_1 - INFO - => result | total: 2,244 | correct: 2,058 | accuracy: 91.7% | error: 8.3% | macro_f1: 87.8%
2025-11-12 01:51:19 - caltech-101_promptfl_8_0.0_1 - INFO - Evaluate on the client5 local set
2025-11-12 01:51:20 - caltech-101_promptfl_8_0.0_1 - INFO - => result | total: 157 | correct: 149 | accuracy: 94.9% | error: 5.1% | macro_f1: 96.5%
2025-11-12 01:51:20 - caltech-101_promptfl_8_0.0_1 - INFO - Evaluate on the client5 neighbor set
2025-11-12 01:51:36 - caltech-101_promptfl_8_0.0_1 - INFO - => result | total: 2,308 | correct: 2,107 | accuracy: 91.3% | error: 8.7% | macro_f1: 86.8%
2025-11-12 01:51:36 - caltech-101_promptfl_8_0.0_1 - INFO - Evaluate on the client6 local set
2025-11-12 01:51:37 - caltech-101_promptfl_8_0.0_1 - INFO - => result | total: 171 | correct: 158 | accuracy: 92.4% | error: 7.6% | macro_f1: 96.0%
2025-11-12 01:51:37 - caltech-101_promptfl_8_0.0_1 - INFO - Evaluate on the client6 neighbor set
2025-11-12 01:51:53 - caltech-101_promptfl_8_0.0_1 - INFO - => result | total: 2,294 | correct: 2,090 | accuracy: 91.1% | error: 8.9% | macro_f1: 86.3%
2025-11-12 01:51:53 - caltech-101_promptfl_8_0.0_1 - INFO - Evaluate on the client7 local set
2025-11-12 01:51:55 - caltech-101_promptfl_8_0.0_1 - INFO - => result | total: 404 | correct: 360 | accuracy: 89.1% | error: 10.9% | macro_f1: 81.5%
2025-11-12 01:51:55 - caltech-101_promptfl_8_0.0_1 - INFO - Evaluate on the client7 neighbor set
2025-11-12 01:52:09 - caltech-101_promptfl_8_0.0_1 - INFO - => result | total: 2,061 | correct: 1,884 | accuracy: 91.4% | error: 8.6% | macro_f1: 88.0%
2025-11-12 01:52:09 - caltech-101_promptfl_8_0.0_1 - INFO - Evaluate on the client8 local set
2025-11-12 01:52:12 - caltech-101_promptfl_8_0.0_1 - INFO - => result | total: 415 | correct: 367 | accuracy: 88.4% | error: 11.6% | macro_f1: 81.7%
2025-11-12 01:52:12 - caltech-101_promptfl_8_0.0_1 - INFO - Evaluate on the client8 neighbor set
2025-11-12 01:52:27 - caltech-101_promptfl_8_0.0_1 - INFO - => result | total: 2,050 | correct: 1,874 | accuracy: 91.4% | error: 8.6% | macro_f1: 88.1%
2025-11-12 01:52:27 - caltech-101_promptfl_8_0.0_1 - INFO - Evaluate on the client9 local set
2025-11-12 01:52:28 - caltech-101_promptfl_8_0.0_1 - INFO - => result | total: 206 | correct: 202 | accuracy: 98.1% | error: 1.9% | macro_f1: 98.7%
2025-11-12 01:52:28 - caltech-101_promptfl_8_0.0_1 - INFO - Evaluate on the client9 neighbor set
2025-11-12 01:52:43 - caltech-101_promptfl_8_0.0_1 - INFO - => result | total: 2,259 | correct: 2,043 | accuracy: 90.4% | error: 9.6% | macro_f1: 86.5%
2025-11-12 01:52:45 - caltech-101_promptfl_8_0.0_1 - INFO - Global test local acc: 93.09
2025-11-12 01:52:45 - caltech-101_promptfl_8_0.0_1 - INFO - Global test neighbor acc: 91.40
2025-11-12 01:52:45 - caltech-101_promptfl_8_0.0_1 - INFO - ------------local test finish-------------
2025-11-12 01:52:45 - caltech-101_promptfl_8_0.0_1 - INFO - [Epoch 30/30] 测试耗时: 175.15s
2025-11-12 01:52:45 - caltech-101_promptfl_8_0.0_1 - INFO - maximum test local acc: 93.863
2025-11-12 01:52:45 - caltech-101_promptfl_8_0.0_1 - INFO - mean of local acc: 93.450
2025-11-12 01:52:45 - caltech-101_promptfl_8_0.0_1 - INFO - maximum test neighbor acc: 92.016
2025-11-12 01:52:45 - caltech-101_promptfl_8_0.0_1 - INFO - mean of neighbor acc: 91.711
