2025-11-07 14:03:21 - caltech-101_promptfl_8_0.2_1 - INFO - 日志文件已创建: logs/caltech-101_promptfl_8_0.2_1_20251107_140321.log
2025-11-07 14:03:25 - caltech-101_promptfl_8_0.2_1 - INFO - ------------local train start epoch: 0 -------------
2025-11-07 14:03:43 - caltech-101_promptfl_8_0.2_1 - INFO - Epoch: 0/3	finished batch : 6/7 (skip test)
2025-11-07 14:03:43 - caltech-101_promptfl_8_0.2_1 - INFO - ------------epoch 0 完成，用时: 17.86s-------------
2025-11-07 14:03:43 - caltech-101_promptfl_8_0.2_1 - INFO - ------------已完成 1 个epoch | 平均用时: 17.86s | 上一个epoch: 17.86s | 预计剩余时间: 35.73s (0.6分钟)-------------
2025-11-07 14:03:43 - caltech-101_promptfl_8_0.2_1 - INFO - ------------local train start epoch: 1 -------------
2025-11-07 14:04:00 - caltech-101_promptfl_8_0.2_1 - INFO - Epoch: 1/3	finished batch : 6/7 (skip test)
2025-11-07 14:04:00 - caltech-101_promptfl_8_0.2_1 - INFO - ------------epoch 1 完成，用时: 17.02s-------------
2025-11-07 14:04:00 - caltech-101_promptfl_8_0.2_1 - INFO - ------------已完成 2 个epoch | 平均用时: 17.44s | 上一个epoch: 17.02s | 预计剩余时间: 17.44s (0.3分钟)-------------
2025-11-07 14:04:00 - caltech-101_promptfl_8_0.2_1 - INFO - ------------local train start epoch: 2 -------------
2025-11-07 14:04:18 - caltech-101_promptfl_8_0.2_1 - INFO - ------------local test start-------------
2025-11-07 14:06:58 - caltech-101_promptfl_8_0.2_1 - INFO - Global test local acc: 72.11571852143584
2025-11-07 14:06:58 - caltech-101_promptfl_8_0.2_1 - INFO - Global test neighbor acc: 71.77452835840204
2025-11-07 14:06:58 - caltech-101_promptfl_8_0.2_1 - INFO - ------------local test finish-------------
2025-11-07 14:06:58 - caltech-101_promptfl_8_0.2_1 - INFO - Epoch: 2/3	finished batch : 6/7
2025-11-07 14:06:58 - caltech-101_promptfl_8_0.2_1 - INFO - ------------epoch 2 完成，用时: 178.35s-------------
2025-11-07 14:06:58 - caltech-101_promptfl_8_0.2_1 - INFO - maximum test local acc: 72.11571852143584
2025-11-07 14:06:58 - caltech-101_promptfl_8_0.2_1 - INFO - mean of local acc: 72.11571852143584
2025-11-07 14:06:58 - caltech-101_promptfl_8_0.2_1 - INFO - maximum test neighbor acc: 71.77452835840204
2025-11-07 14:06:58 - caltech-101_promptfl_8_0.2_1 - INFO - mean of neighbor acc: 71.77452835840204
