2025-11-07 17:42:45 - caltech-101_promptfl_8_0.4_1 - INFO - 日志文件已创建: logs/caltech-101_promptfl_8_0.4_1_20251107_174245.log
2025-11-07 17:42:48 - caltech-101_promptfl_8_0.4_1 - INFO - ------------local train start epoch: 0 -------------
2025-11-07 17:43:05 - caltech-101_promptfl_8_0.4_1 - INFO - Epoch: 0/3	finished batch : 6/7 (skip test)
2025-11-07 17:43:05 - caltech-101_promptfl_8_0.4_1 - INFO - ------------epoch 0 完成，用时: 17.31s-------------
2025-11-07 17:43:05 - caltech-101_promptfl_8_0.4_1 - INFO - ------------已完成 1 个epoch | 平均用时: 17.31s | 上一个epoch: 17.31s | 预计剩余时间: 34.63s (0.6分钟)-------------
2025-11-07 17:43:05 - caltech-101_promptfl_8_0.4_1 - INFO - ------------local train start epoch: 1 -------------
2025-11-07 17:43:21 - caltech-101_promptfl_8_0.4_1 - INFO - Epoch: 1/3	finished batch : 6/7 (skip test)
2025-11-07 17:43:21 - caltech-101_promptfl_8_0.4_1 - INFO - ------------epoch 1 完成，用时: 15.92s-------------
2025-11-07 17:43:21 - caltech-101_promptfl_8_0.4_1 - INFO - ------------已完成 2 个epoch | 平均用时: 16.62s | 上一个epoch: 15.92s | 预计剩余时间: 16.62s (0.3分钟)-------------
2025-11-07 17:43:21 - caltech-101_promptfl_8_0.4_1 - INFO - ------------local train start epoch: 2 -------------
2025-11-07 17:43:37 - caltech-101_promptfl_8_0.4_1 - INFO - ------------local test start-------------
2025-11-07 17:45:49 - caltech-101_promptfl_8_0.4_1 - INFO - Global test local acc: 71.78484624336606
2025-11-07 17:45:49 - caltech-101_promptfl_8_0.4_1 - INFO - Global test neighbor acc: 71.45760263689246
2025-11-07 17:45:49 - caltech-101_promptfl_8_0.4_1 - INFO - ------------local test finish-------------
2025-11-07 17:45:49 - caltech-101_promptfl_8_0.4_1 - INFO - Epoch: 2/3	finished batch : 6/7
2025-11-07 17:45:49 - caltech-101_promptfl_8_0.4_1 - INFO - ------------epoch 2 完成，用时: 147.99s-------------
2025-11-07 17:45:49 - caltech-101_promptfl_8_0.4_1 - INFO - maximum test local acc: 71.78484624336606
2025-11-07 17:45:49 - caltech-101_promptfl_8_0.4_1 - INFO - mean of local acc: 71.78484624336606
2025-11-07 17:45:49 - caltech-101_promptfl_8_0.4_1 - INFO - maximum test neighbor acc: 71.45760263689246
2025-11-07 17:45:49 - caltech-101_promptfl_8_0.4_1 - INFO - mean of neighbor acc: 71.45760263689246
