2025-11-07 12:50:24 - caltech-101_fedpgp_8_0.4_1 - INFO - 日志文件已创建: logs/caltech-101_fedpgp_8_0.4_1_20251107_125024.log
2025-11-07 12:50:27 - caltech-101_fedpgp_8_0.4_1 - INFO - ------------local train start epoch: 0 -------------
2025-11-07 12:50:45 - caltech-101_fedpgp_8_0.4_1 - INFO - Epoch: 0/3	finished batch : 6/7 (skip test)
2025-11-07 12:50:45 - caltech-101_fedpgp_8_0.4_1 - INFO - ------------epoch 0 完成，用时: 18.14s-------------
2025-11-07 12:50:45 - caltech-101_fedpgp_8_0.4_1 - INFO - ------------已完成 1 个epoch | 平均用时: 18.14s | 上一个epoch: 18.14s | 预计剩余时间: 36.28s (0.6分钟)-------------
2025-11-07 12:50:45 - caltech-101_fedpgp_8_0.4_1 - INFO - ------------local train start epoch: 1 -------------
2025-11-07 12:51:02 - caltech-101_fedpgp_8_0.4_1 - INFO - Epoch: 1/3	finished batch : 6/7 (skip test)
2025-11-07 12:51:02 - caltech-101_fedpgp_8_0.4_1 - INFO - ------------epoch 1 完成，用时: 17.02s-------------
2025-11-07 12:51:02 - caltech-101_fedpgp_8_0.4_1 - INFO - ------------已完成 2 个epoch | 平均用时: 17.58s | 上一个epoch: 17.02s | 预计剩余时间: 17.58s (0.3分钟)-------------
2025-11-07 12:51:02 - caltech-101_fedpgp_8_0.4_1 - INFO - ------------local train start epoch: 2 -------------
2025-11-07 12:51:20 - caltech-101_fedpgp_8_0.4_1 - INFO - ------------local test start-------------
2025-11-07 12:53:49 - caltech-101_fedpgp_8_0.4_1 - INFO - Global test local acc: 83.94131008884499
2025-11-07 12:53:49 - caltech-101_fedpgp_8_0.4_1 - INFO - Global test neighbor acc: 84.48189094154793
2025-11-07 12:53:49 - caltech-101_fedpgp_8_0.4_1 - INFO - ------------local test finish-------------
2025-11-07 12:53:49 - caltech-101_fedpgp_8_0.4_1 - INFO - Epoch: 2/3	finished batch : 6/7
2025-11-07 12:53:49 - caltech-101_fedpgp_8_0.4_1 - INFO - ------------epoch 2 完成，用时: 166.95s-------------
2025-11-07 12:53:49 - caltech-101_fedpgp_8_0.4_1 - INFO - maximum test local acc: 83.94131008884499
2025-11-07 12:53:49 - caltech-101_fedpgp_8_0.4_1 - INFO - mean of local acc: 83.94131008884499
2025-11-07 12:53:49 - caltech-101_fedpgp_8_0.4_1 - INFO - maximum test neighbor acc: 84.48189094154793
2025-11-07 12:53:49 - caltech-101_fedpgp_8_0.4_1 - INFO - mean of neighbor acc: 84.48189094154793
