2025-11-07 12:53:55 - caltech-101_fedotp_8_0.4_1 - INFO - 日志文件已创建: logs/caltech-101_fedotp_8_0.4_1_20251107_125355.log
2025-11-07 12:53:58 - caltech-101_fedotp_8_0.4_1 - INFO - ------------local train start epoch: 0 -------------
2025-11-07 12:54:16 - caltech-101_fedotp_8_0.4_1 - INFO - Epoch: 0/3	finished batch : 6/7 (skip test)
2025-11-07 12:54:16 - caltech-101_fedotp_8_0.4_1 - INFO - ------------epoch 0 完成，用时: 18.04s-------------
2025-11-07 12:54:16 - caltech-101_fedotp_8_0.4_1 - INFO - ------------已完成 1 个epoch | 平均用时: 18.04s | 上一个epoch: 18.04s | 预计剩余时间: 36.09s (0.6分钟)-------------
2025-11-07 12:54:16 - caltech-101_fedotp_8_0.4_1 - INFO - ------------local train start epoch: 1 -------------
2025-11-07 12:54:33 - caltech-101_fedotp_8_0.4_1 - INFO - Epoch: 1/3	finished batch : 6/7 (skip test)
2025-11-07 12:54:33 - caltech-101_fedotp_8_0.4_1 - INFO - ------------epoch 1 完成，用时: 16.96s-------------
2025-11-07 12:54:33 - caltech-101_fedotp_8_0.4_1 - INFO - ------------已完成 2 个epoch | 平均用时: 17.50s | 上一个epoch: 16.96s | 预计剩余时间: 17.50s (0.3分钟)-------------
2025-11-07 12:54:33 - caltech-101_fedotp_8_0.4_1 - INFO - ------------local train start epoch: 2 -------------
2025-11-07 12:54:51 - caltech-101_fedotp_8_0.4_1 - INFO - ------------local test start-------------
2025-11-07 12:57:18 - caltech-101_fedotp_8_0.4_1 - INFO - Global test local acc: 84.42208952304216
2025-11-07 12:57:18 - caltech-101_fedotp_8_0.4_1 - INFO - Global test neighbor acc: 85.07560530321062
2025-11-07 12:57:18 - caltech-101_fedotp_8_0.4_1 - INFO - ------------local test finish-------------
2025-11-07 12:57:18 - caltech-101_fedotp_8_0.4_1 - INFO - Epoch: 2/3	finished batch : 6/7
2025-11-07 12:57:18 - caltech-101_fedotp_8_0.4_1 - INFO - ------------epoch 2 完成，用时: 164.58s-------------
2025-11-07 12:57:18 - caltech-101_fedotp_8_0.4_1 - INFO - maximum test local acc: 84.42208952304216
2025-11-07 12:57:18 - caltech-101_fedotp_8_0.4_1 - INFO - mean of local acc: 84.42208952304216
2025-11-07 12:57:18 - caltech-101_fedotp_8_0.4_1 - INFO - maximum test neighbor acc: 85.07560530321062
2025-11-07 12:57:18 - caltech-101_fedotp_8_0.4_1 - INFO - mean of neighbor acc: 85.07560530321062
