2025-11-07 07:01:36 - caltech-101_sepfpl_8_0.1_1 - INFO - 日志文件已创建: logs/caltech-101_sepfpl_8_0.1_1_20251107_070136.log
2025-11-07 07:01:39 - caltech-101_sepfpl_8_0.1_1 - INFO - ------------local train start epoch: 0 -------------
2025-11-07 07:01:58 - caltech-101_sepfpl_8_0.1_1 - INFO - Epoch: 0/3	finished batch : 6/7 (skip test)
2025-11-07 07:01:58 - caltech-101_sepfpl_8_0.1_1 - INFO - ------------epoch 0 完成，用时: 18.76s-------------
2025-11-07 07:01:58 - caltech-101_sepfpl_8_0.1_1 - INFO - ------------已完成 1 个epoch | 平均用时: 18.76s | 上一个epoch: 18.76s | 预计剩余时间: 37.52s (0.6分钟)-------------
2025-11-07 07:01:58 - caltech-101_sepfpl_8_0.1_1 - INFO - ------------local train start epoch: 1 -------------
2025-11-07 07:02:16 - caltech-101_sepfpl_8_0.1_1 - INFO - Epoch: 1/3	finished batch : 6/7 (skip test)
2025-11-07 07:02:16 - caltech-101_sepfpl_8_0.1_1 - INFO - ------------epoch 1 完成，用时: 17.97s-------------
2025-11-07 07:02:16 - caltech-101_sepfpl_8_0.1_1 - INFO - ------------已完成 2 个epoch | 平均用时: 18.37s | 上一个epoch: 17.97s | 预计剩余时间: 18.37s (0.3分钟)-------------
2025-11-07 07:02:16 - caltech-101_sepfpl_8_0.1_1 - INFO - ------------local train start epoch: 2 -------------
2025-11-07 07:02:33 - caltech-101_sepfpl_8_0.1_1 - INFO - ------------local test start-------------
2025-11-07 07:05:03 - caltech-101_sepfpl_8_0.1_1 - INFO - Global test local acc: 91.39677352869286
2025-11-07 07:05:03 - caltech-101_sepfpl_8_0.1_1 - INFO - Global test neighbor acc: 90.25294095709849
2025-11-07 07:05:03 - caltech-101_sepfpl_8_0.1_1 - INFO - ------------local test finish-------------
2025-11-07 07:05:03 - caltech-101_sepfpl_8_0.1_1 - INFO - Epoch: 2/3	finished batch : 6/7
2025-11-07 07:05:03 - caltech-101_sepfpl_8_0.1_1 - INFO - ------------epoch 2 完成，用时: 166.82s-------------
2025-11-07 07:05:03 - caltech-101_sepfpl_8_0.1_1 - INFO - maximum test local acc: 91.39677352869286
2025-11-07 07:05:03 - caltech-101_sepfpl_8_0.1_1 - INFO - mean of local acc: 91.39677352869286
2025-11-07 07:05:03 - caltech-101_sepfpl_8_0.1_1 - INFO - maximum test neighbor acc: 90.25294095709849
2025-11-07 07:05:03 - caltech-101_sepfpl_8_0.1_1 - INFO - mean of neighbor acc: 90.25294095709849
