2025-11-06 22:20:37 - caltech-101_sepfpl_8_0.0_1 - INFO - 日志文件已创建: logs/caltech-101_sepfpl_8_0.0_1_20251106_222037.log
2025-11-06 22:20:41 - caltech-101_sepfpl_8_0.0_1 - INFO - ------------local train start epoch: 0 -------------
2025-11-06 22:20:59 - caltech-101_sepfpl_8_0.0_1 - INFO - Epoch: 0/3	finished batch : 6/7 (skip test)
2025-11-06 22:20:59 - caltech-101_sepfpl_8_0.0_1 - INFO - ------------epoch 0 完成，用时: 18.11s-------------
2025-11-06 22:20:59 - caltech-101_sepfpl_8_0.0_1 - INFO - ------------已完成 1 个epoch | 平均用时: 18.11s | 上一个epoch: 18.11s | 预计剩余时间: 36.22s (0.6分钟)-------------
2025-11-06 22:20:59 - caltech-101_sepfpl_8_0.0_1 - INFO - ------------local train start epoch: 1 -------------
2025-11-06 22:21:15 - caltech-101_sepfpl_8_0.0_1 - INFO - Epoch: 1/3	finished batch : 6/7 (skip test)
2025-11-06 22:21:15 - caltech-101_sepfpl_8_0.0_1 - INFO - ------------epoch 1 完成，用时: 16.73s-------------
2025-11-06 22:21:15 - caltech-101_sepfpl_8_0.0_1 - INFO - ------------已完成 2 个epoch | 平均用时: 17.42s | 上一个epoch: 16.73s | 预计剩余时间: 17.42s (0.3分钟)-------------
2025-11-06 22:21:15 - caltech-101_sepfpl_8_0.0_1 - INFO - ------------local train start epoch: 2 -------------
2025-11-06 22:21:32 - caltech-101_sepfpl_8_0.0_1 - INFO - ------------local test start-------------
2025-11-06 22:24:04 - caltech-101_sepfpl_8_0.0_1 - INFO - Global test local acc: 90.734661609687
2025-11-06 22:24:04 - caltech-101_sepfpl_8_0.0_1 - INFO - Global test neighbor acc: 87.78768232289482
2025-11-06 22:24:04 - caltech-101_sepfpl_8_0.0_1 - INFO - ------------local test finish-------------
2025-11-06 22:24:04 - caltech-101_sepfpl_8_0.0_1 - INFO - Epoch: 2/3	finished batch : 6/7
2025-11-06 22:24:04 - caltech-101_sepfpl_8_0.0_1 - INFO - ------------epoch 2 完成，用时: 168.80s-------------
2025-11-06 22:24:04 - caltech-101_sepfpl_8_0.0_1 - INFO - maximum test local acc: 90.734661609687
2025-11-06 22:24:04 - caltech-101_sepfpl_8_0.0_1 - INFO - mean of local acc: 90.734661609687
2025-11-06 22:24:04 - caltech-101_sepfpl_8_0.0_1 - INFO - maximum test neighbor acc: 87.78768232289482
2025-11-06 22:24:04 - caltech-101_sepfpl_8_0.0_1 - INFO - mean of neighbor acc: 87.78768232289482
