2025-11-06 22:27:45 - caltech-101_fedotp_8_0.0_1 - INFO - 日志文件已创建: logs/caltech-101_fedotp_8_0.0_1_20251106_222745.log
2025-11-06 22:27:49 - caltech-101_fedotp_8_0.0_1 - INFO - ------------local train start epoch: 0 -------------
2025-11-06 22:28:07 - caltech-101_fedotp_8_0.0_1 - INFO - Epoch: 0/3	finished batch : 6/7 (skip test)
2025-11-06 22:28:07 - caltech-101_fedotp_8_0.0_1 - INFO - ------------epoch 0 完成，用时: 17.94s-------------
2025-11-06 22:28:07 - caltech-101_fedotp_8_0.0_1 - INFO - ------------已完成 1 个epoch | 平均用时: 17.94s | 上一个epoch: 17.94s | 预计剩余时间: 35.89s (0.6分钟)-------------
2025-11-06 22:28:07 - caltech-101_fedotp_8_0.0_1 - INFO - ------------local train start epoch: 1 -------------
2025-11-06 22:28:24 - caltech-101_fedotp_8_0.0_1 - INFO - Epoch: 1/3	finished batch : 6/7 (skip test)
2025-11-06 22:28:24 - caltech-101_fedotp_8_0.0_1 - INFO - ------------epoch 1 完成，用时: 17.11s-------------
2025-11-06 22:28:24 - caltech-101_fedotp_8_0.0_1 - INFO - ------------已完成 2 个epoch | 平均用时: 17.53s | 上一个epoch: 17.11s | 预计剩余时间: 17.53s (0.3分钟)-------------
2025-11-06 22:28:24 - caltech-101_fedotp_8_0.0_1 - INFO - ------------local train start epoch: 2 -------------
2025-11-06 22:28:42 - caltech-101_fedotp_8_0.0_1 - INFO - ------------local test start-------------
2025-11-06 22:31:32 - caltech-101_fedotp_8_0.0_1 - INFO - Global test local acc: 87.89147334592315
2025-11-06 22:31:32 - caltech-101_fedotp_8_0.0_1 - INFO - Global test neighbor acc: 88.39773078207767
2025-11-06 22:31:32 - caltech-101_fedotp_8_0.0_1 - INFO - ------------local test finish-------------
2025-11-06 22:31:32 - caltech-101_fedotp_8_0.0_1 - INFO - Epoch: 2/3	finished batch : 6/7
2025-11-06 22:31:32 - caltech-101_fedotp_8_0.0_1 - INFO - ------------epoch 2 完成，用时: 188.46s-------------
2025-11-06 22:31:32 - caltech-101_fedotp_8_0.0_1 - INFO - maximum test local acc: 87.89147334592315
2025-11-06 22:31:32 - caltech-101_fedotp_8_0.0_1 - INFO - mean of local acc: 87.89147334592315
2025-11-06 22:31:32 - caltech-101_fedotp_8_0.0_1 - INFO - maximum test neighbor acc: 88.39773078207767
2025-11-06 22:31:32 - caltech-101_fedotp_8_0.0_1 - INFO - mean of neighbor acc: 88.39773078207767
