2025-11-07 06:47:51 - food-101_sepfpl_8_0.05_1 - INFO - 日志文件已创建: logs/food-101_sepfpl_8_0.05_1_20251107_064751.log
2025-11-07 06:47:55 - food-101_sepfpl_8_0.05_1 - INFO - ------------local train start epoch: 0 -------------
2025-11-07 06:56:06 - food-101_sepfpl_8_0.05_1 - INFO - Epoch: 0/3	finished batch : 155/156 (skip test)
2025-11-07 06:56:06 - food-101_sepfpl_8_0.05_1 - INFO - ------------epoch 0 完成，用时: 490.24s-------------
2025-11-07 06:56:06 - food-101_sepfpl_8_0.05_1 - INFO - ------------已完成 1 个epoch | 平均用时: 490.24s | 上一个epoch: 490.24s | 预计剩余时间: 980.47s (16.3分钟)-------------
2025-11-07 06:56:06 - food-101_sepfpl_8_0.05_1 - INFO - ------------local train start epoch: 1 -------------
2025-11-07 07:04:09 - food-101_sepfpl_8_0.05_1 - INFO - Epoch: 1/3	finished batch : 155/156 (skip test)
2025-11-07 07:04:09 - food-101_sepfpl_8_0.05_1 - INFO - ------------epoch 1 完成，用时: 482.87s-------------
2025-11-07 07:04:09 - food-101_sepfpl_8_0.05_1 - INFO - ------------已完成 2 个epoch | 平均用时: 486.55s | 上一个epoch: 482.87s | 预计剩余时间: 486.55s (8.1分钟)-------------
2025-11-07 07:04:09 - food-101_sepfpl_8_0.05_1 - INFO - ------------local train start epoch: 2 -------------
2025-11-07 07:11:46 - food-101_sepfpl_8_0.05_1 - INFO - ------------local test start-------------
2025-11-07 07:53:23 - food-101_sepfpl_8_0.05_1 - INFO - Global test local acc: 81.85363636363637
2025-11-07 07:53:23 - food-101_sepfpl_8_0.05_1 - INFO - Global test neighbor acc: 67.77115588115589
2025-11-07 07:53:23 - food-101_sepfpl_8_0.05_1 - INFO - ------------local test finish-------------
2025-11-07 07:53:23 - food-101_sepfpl_8_0.05_1 - INFO - Epoch: 2/3	finished batch : 155/156
2025-11-07 07:53:23 - food-101_sepfpl_8_0.05_1 - INFO - ------------epoch 2 完成，用时: 2954.41s-------------
2025-11-07 07:53:23 - food-101_sepfpl_8_0.05_1 - INFO - maximum test local acc: 81.85363636363637
2025-11-07 07:53:23 - food-101_sepfpl_8_0.05_1 - INFO - mean of local acc: 81.85363636363637
2025-11-07 07:53:23 - food-101_sepfpl_8_0.05_1 - INFO - maximum test neighbor acc: 67.77115588115589
2025-11-07 07:53:23 - food-101_sepfpl_8_0.05_1 - INFO - mean of neighbor acc: 67.77115588115589
