2025-11-07 15:42:24 - food-101_fedpgp_8_0.2_1 - INFO - 日志文件已创建: logs/food-101_fedpgp_8_0.2_1_20251107_154224.log
2025-11-07 15:42:28 - food-101_fedpgp_8_0.2_1 - INFO - ------------local train start epoch: 0 -------------
2025-11-07 15:49:46 - food-101_fedpgp_8_0.2_1 - INFO - Epoch: 0/3	finished batch : 155/156 (skip test)
2025-11-07 15:49:46 - food-101_fedpgp_8_0.2_1 - INFO - ------------epoch 0 完成，用时: 437.95s-------------
2025-11-07 15:49:46 - food-101_fedpgp_8_0.2_1 - INFO - ------------已完成 1 个epoch | 平均用时: 437.95s | 上一个epoch: 437.95s | 预计剩余时间: 875.90s (14.6分钟)-------------
2025-11-07 15:49:46 - food-101_fedpgp_8_0.2_1 - INFO - ------------local train start epoch: 1 -------------
2025-11-07 15:56:52 - food-101_fedpgp_8_0.2_1 - INFO - Epoch: 1/3	finished batch : 155/156 (skip test)
2025-11-07 15:56:52 - food-101_fedpgp_8_0.2_1 - INFO - ------------epoch 1 完成，用时: 425.47s-------------
2025-11-07 15:56:52 - food-101_fedpgp_8_0.2_1 - INFO - ------------已完成 2 个epoch | 平均用时: 431.71s | 上一个epoch: 425.47s | 预计剩余时间: 431.71s (7.2分钟)-------------
2025-11-07 15:56:52 - food-101_fedpgp_8_0.2_1 - INFO - ------------local train start epoch: 2 -------------
2025-11-07 16:03:53 - food-101_fedpgp_8_0.2_1 - INFO - ------------local test start-------------
2025-11-07 16:41:01 - food-101_fedpgp_8_0.2_1 - INFO - Global test local acc: 78.46363636363637
2025-11-07 16:41:01 - food-101_fedpgp_8_0.2_1 - INFO - Global test neighbor acc: 78.54997964997966
2025-11-07 16:41:01 - food-101_fedpgp_8_0.2_1 - INFO - ------------local test finish-------------
2025-11-07 16:41:01 - food-101_fedpgp_8_0.2_1 - INFO - Epoch: 2/3	finished batch : 155/156
2025-11-07 16:41:01 - food-101_fedpgp_8_0.2_1 - INFO - ------------epoch 2 完成，用时: 2648.76s-------------
2025-11-07 16:41:01 - food-101_fedpgp_8_0.2_1 - INFO - maximum test local acc: 78.46363636363637
2025-11-07 16:41:01 - food-101_fedpgp_8_0.2_1 - INFO - mean of local acc: 78.46363636363637
2025-11-07 16:41:01 - food-101_fedpgp_8_0.2_1 - INFO - maximum test neighbor acc: 78.54997964997966
2025-11-07 16:41:01 - food-101_fedpgp_8_0.2_1 - INFO - mean of neighbor acc: 78.54997964997966
