2025-11-07 10:41:27 - food-101_sepfpl_8_0.1_1 - INFO - 日志文件已创建: logs/food-101_sepfpl_8_0.1_1_20251107_104127.log
2025-11-07 10:41:32 - food-101_sepfpl_8_0.1_1 - INFO - ------------local train start epoch: 0 -------------
2025-11-07 10:49:03 - food-101_sepfpl_8_0.1_1 - INFO - Epoch: 0/3	finished batch : 155/156 (skip test)
2025-11-07 10:49:03 - food-101_sepfpl_8_0.1_1 - INFO - ------------epoch 0 完成，用时: 451.28s-------------
2025-11-07 10:49:03 - food-101_sepfpl_8_0.1_1 - INFO - ------------已完成 1 个epoch | 平均用时: 451.28s | 上一个epoch: 451.28s | 预计剩余时间: 902.56s (15.0分钟)-------------
2025-11-07 10:49:03 - food-101_sepfpl_8_0.1_1 - INFO - ------------local train start epoch: 1 -------------
2025-11-07 10:56:31 - food-101_sepfpl_8_0.1_1 - INFO - Epoch: 1/3	finished batch : 155/156 (skip test)
2025-11-07 10:56:31 - food-101_sepfpl_8_0.1_1 - INFO - ------------epoch 1 完成，用时: 447.90s-------------
2025-11-07 10:56:31 - food-101_sepfpl_8_0.1_1 - INFO - ------------已完成 2 个epoch | 平均用时: 449.59s | 上一个epoch: 447.90s | 预计剩余时间: 449.59s (7.5分钟)-------------
2025-11-07 10:56:31 - food-101_sepfpl_8_0.1_1 - INFO - ------------local train start epoch: 2 -------------
2025-11-07 11:04:21 - food-101_sepfpl_8_0.1_1 - INFO - ------------local test start-------------
2025-11-07 11:47:16 - food-101_sepfpl_8_0.1_1 - INFO - Global test local acc: 81.84848484848484
2025-11-07 11:47:16 - food-101_sepfpl_8_0.1_1 - INFO - Global test neighbor acc: 66.23960520960522
2025-11-07 11:47:16 - food-101_sepfpl_8_0.1_1 - INFO - ------------local test finish-------------
2025-11-07 11:47:16 - food-101_sepfpl_8_0.1_1 - INFO - Epoch: 2/3	finished batch : 155/156
2025-11-07 11:47:16 - food-101_sepfpl_8_0.1_1 - INFO - ------------epoch 2 完成，用时: 3045.26s-------------
2025-11-07 11:47:16 - food-101_sepfpl_8_0.1_1 - INFO - maximum test local acc: 81.84848484848484
2025-11-07 11:47:16 - food-101_sepfpl_8_0.1_1 - INFO - mean of local acc: 81.84848484848484
2025-11-07 11:47:16 - food-101_sepfpl_8_0.1_1 - INFO - maximum test neighbor acc: 66.23960520960522
2025-11-07 11:47:16 - food-101_sepfpl_8_0.1_1 - INFO - mean of neighbor acc: 66.23960520960522
