2025-11-07 10:33:17 - food-101_dpfpl_8_0.2_1 - INFO - 日志文件已创建: logs/food-101_dpfpl_8_0.2_1_20251107_103317.log
2025-11-07 10:33:22 - food-101_dpfpl_8_0.2_1 - INFO - ------------local train start epoch: 0 -------------
2025-11-07 10:42:00 - food-101_dpfpl_8_0.2_1 - INFO - Epoch: 0/3	finished batch : 155/156 (skip test)
2025-11-07 10:42:00 - food-101_dpfpl_8_0.2_1 - INFO - ------------epoch 0 完成，用时: 518.42s-------------
2025-11-07 10:42:00 - food-101_dpfpl_8_0.2_1 - INFO - ------------已完成 1 个epoch | 平均用时: 518.42s | 上一个epoch: 518.42s | 预计剩余时间: 1036.84s (17.3分钟)-------------
2025-11-07 10:42:00 - food-101_dpfpl_8_0.2_1 - INFO - ------------local train start epoch: 1 -------------
2025-11-07 10:49:28 - food-101_dpfpl_8_0.2_1 - INFO - Epoch: 1/3	finished batch : 155/156 (skip test)
2025-11-07 10:49:28 - food-101_dpfpl_8_0.2_1 - INFO - ------------epoch 1 完成，用时: 448.14s-------------
2025-11-07 10:49:28 - food-101_dpfpl_8_0.2_1 - INFO - ------------已完成 2 个epoch | 平均用时: 483.28s | 上一个epoch: 448.14s | 预计剩余时间: 483.28s (8.1分钟)-------------
2025-11-07 10:49:28 - food-101_dpfpl_8_0.2_1 - INFO - ------------local train start epoch: 2 -------------
2025-11-07 10:56:58 - food-101_dpfpl_8_0.2_1 - INFO - ------------local test start-------------
2025-11-07 11:39:48 - food-101_dpfpl_8_0.2_1 - INFO - Global test local acc: 69.33878787878788
2025-11-07 11:39:48 - food-101_dpfpl_8_0.2_1 - INFO - Global test neighbor acc: 69.55862433862434
2025-11-07 11:39:48 - food-101_dpfpl_8_0.2_1 - INFO - ------------local test finish-------------
2025-11-07 11:39:48 - food-101_dpfpl_8_0.2_1 - INFO - Epoch: 2/3	finished batch : 155/156
2025-11-07 11:39:48 - food-101_dpfpl_8_0.2_1 - INFO - ------------epoch 2 完成，用时: 3019.54s-------------
2025-11-07 11:39:48 - food-101_dpfpl_8_0.2_1 - INFO - maximum test local acc: 69.33878787878788
2025-11-07 11:39:48 - food-101_dpfpl_8_0.2_1 - INFO - mean of local acc: 69.33878787878788
2025-11-07 11:39:48 - food-101_dpfpl_8_0.2_1 - INFO - maximum test neighbor acc: 69.55862433862434
2025-11-07 11:39:48 - food-101_dpfpl_8_0.2_1 - INFO - mean of neighbor acc: 69.55862433862434
