2025-11-07 01:09:48 - food-101_fedotp_8_0.0_1 - INFO - 日志文件已创建: logs/food-101_fedotp_8_0.0_1_20251107_010948.log
2025-11-07 01:09:52 - food-101_fedotp_8_0.0_1 - INFO - ------------local train start epoch: 0 -------------
2025-11-07 01:18:13 - food-101_fedotp_8_0.0_1 - INFO - Epoch: 0/3	finished batch : 155/156 (skip test)
2025-11-07 01:18:13 - food-101_fedotp_8_0.0_1 - INFO - ------------epoch 0 完成，用时: 500.80s-------------
2025-11-07 01:18:13 - food-101_fedotp_8_0.0_1 - INFO - ------------已完成 1 个epoch | 平均用时: 500.80s | 上一个epoch: 500.80s | 预计剩余时间: 1001.60s (16.7分钟)-------------
2025-11-07 01:18:13 - food-101_fedotp_8_0.0_1 - INFO - ------------local train start epoch: 1 -------------
2025-11-07 01:25:57 - food-101_fedotp_8_0.0_1 - INFO - Epoch: 1/3	finished batch : 155/156 (skip test)
2025-11-07 01:25:57 - food-101_fedotp_8_0.0_1 - INFO - ------------epoch 1 完成，用时: 463.93s-------------
2025-11-07 01:25:57 - food-101_fedotp_8_0.0_1 - INFO - ------------已完成 2 个epoch | 平均用时: 482.37s | 上一个epoch: 463.93s | 预计剩余时间: 482.37s (8.0分钟)-------------
2025-11-07 01:25:57 - food-101_fedotp_8_0.0_1 - INFO - ------------local train start epoch: 2 -------------
2025-11-07 01:33:47 - food-101_fedotp_8_0.0_1 - INFO - ------------local test start-------------
2025-11-07 02:16:11 - food-101_fedotp_8_0.0_1 - INFO - Global test local acc: 33.80333333333333
2025-11-07 02:16:11 - food-101_fedotp_8_0.0_1 - INFO - Global test neighbor acc: 34.4458892958893
2025-11-07 02:16:11 - food-101_fedotp_8_0.0_1 - INFO - ------------local test finish-------------
2025-11-07 02:16:11 - food-101_fedotp_8_0.0_1 - INFO - Epoch: 2/3	finished batch : 155/156
2025-11-07 02:16:11 - food-101_fedotp_8_0.0_1 - INFO - ------------epoch 2 完成，用时: 3014.11s-------------
2025-11-07 02:16:11 - food-101_fedotp_8_0.0_1 - INFO - maximum test local acc: 33.80333333333333
2025-11-07 02:16:11 - food-101_fedotp_8_0.0_1 - INFO - mean of local acc: 33.80333333333333
2025-11-07 02:16:11 - food-101_fedotp_8_0.0_1 - INFO - maximum test neighbor acc: 34.4458892958893
2025-11-07 02:16:11 - food-101_fedotp_8_0.0_1 - INFO - mean of neighbor acc: 34.4458892958893
