2025-11-07 05:54:05 - food-101_promptfl_8_0.05_1 - INFO - 日志文件已创建: logs/food-101_promptfl_8_0.05_1_20251107_055405.log
2025-11-07 05:54:10 - food-101_promptfl_8_0.05_1 - INFO - ------------local train start epoch: 0 -------------
2025-11-07 06:01:58 - food-101_promptfl_8_0.05_1 - INFO - Epoch: 0/3	finished batch : 155/156 (skip test)
2025-11-07 06:01:58 - food-101_promptfl_8_0.05_1 - INFO - ------------epoch 0 完成，用时: 468.42s-------------
2025-11-07 06:01:58 - food-101_promptfl_8_0.05_1 - INFO - ------------已完成 1 个epoch | 平均用时: 468.42s | 上一个epoch: 468.42s | 预计剩余时间: 936.84s (15.6分钟)-------------
2025-11-07 06:01:58 - food-101_promptfl_8_0.05_1 - INFO - ------------local train start epoch: 1 -------------
2025-11-07 06:09:43 - food-101_promptfl_8_0.05_1 - INFO - Epoch: 1/3	finished batch : 155/156 (skip test)
2025-11-07 06:09:43 - food-101_promptfl_8_0.05_1 - INFO - ------------epoch 1 完成，用时: 465.09s-------------
2025-11-07 06:09:43 - food-101_promptfl_8_0.05_1 - INFO - ------------已完成 2 个epoch | 平均用时: 466.75s | 上一个epoch: 465.09s | 预计剩余时间: 466.75s (7.8分钟)-------------
2025-11-07 06:09:43 - food-101_promptfl_8_0.05_1 - INFO - ------------local train start epoch: 2 -------------
2025-11-07 06:17:15 - food-101_promptfl_8_0.05_1 - INFO - ------------local test start-------------
2025-11-07 07:01:30 - food-101_promptfl_8_0.05_1 - INFO - Global test local acc: 61.18090909090908
2025-11-07 07:01:30 - food-101_promptfl_8_0.05_1 - INFO - Global test neighbor acc: 60.98884818884818
2025-11-07 07:01:30 - food-101_promptfl_8_0.05_1 - INFO - ------------local test finish-------------
2025-11-07 07:01:30 - food-101_promptfl_8_0.05_1 - INFO - Epoch: 2/3	finished batch : 155/156
2025-11-07 07:01:30 - food-101_promptfl_8_0.05_1 - INFO - ------------epoch 2 完成，用时: 3106.88s-------------
2025-11-07 07:01:30 - food-101_promptfl_8_0.05_1 - INFO - maximum test local acc: 61.18090909090908
2025-11-07 07:01:30 - food-101_promptfl_8_0.05_1 - INFO - mean of local acc: 61.18090909090908
2025-11-07 07:01:30 - food-101_promptfl_8_0.05_1 - INFO - maximum test neighbor acc: 60.98884818884818
2025-11-07 07:01:30 - food-101_promptfl_8_0.05_1 - INFO - mean of neighbor acc: 60.98884818884818
