2025-11-07 00:07:37 - food-101_promptfl_8_0.0_1 - INFO - 日志文件已创建: logs/food-101_promptfl_8_0.0_1_20251107_000737.log
2025-11-07 00:07:41 - food-101_promptfl_8_0.0_1 - INFO - ------------local train start epoch: 0 -------------
2025-11-07 00:15:21 - food-101_promptfl_8_0.0_1 - INFO - Epoch: 0/3	finished batch : 155/156 (skip test)
2025-11-07 00:15:21 - food-101_promptfl_8_0.0_1 - INFO - ------------epoch 0 完成，用时: 460.45s-------------
2025-11-07 00:15:21 - food-101_promptfl_8_0.0_1 - INFO - ------------已完成 1 个epoch | 平均用时: 460.45s | 上一个epoch: 460.45s | 预计剩余时间: 920.90s (15.3分钟)-------------
2025-11-07 00:15:21 - food-101_promptfl_8_0.0_1 - INFO - ------------local train start epoch: 1 -------------
2025-11-07 00:22:54 - food-101_promptfl_8_0.0_1 - INFO - Epoch: 1/3	finished batch : 155/156 (skip test)
2025-11-07 00:22:54 - food-101_promptfl_8_0.0_1 - INFO - ------------epoch 1 完成，用时: 452.46s-------------
2025-11-07 00:22:54 - food-101_promptfl_8_0.0_1 - INFO - ------------已完成 2 个epoch | 平均用时: 456.45s | 上一个epoch: 452.46s | 预计剩余时间: 456.45s (7.6分钟)-------------
2025-11-07 00:22:54 - food-101_promptfl_8_0.0_1 - INFO - ------------local train start epoch: 2 -------------
2025-11-07 00:31:02 - food-101_promptfl_8_0.0_1 - INFO - ------------local test start-------------
2025-11-07 01:13:57 - food-101_promptfl_8_0.0_1 - INFO - Global test local acc: 69.7048484848485
2025-11-07 01:13:57 - food-101_promptfl_8_0.0_1 - INFO - Global test neighbor acc: 69.23758241758242
2025-11-07 01:13:57 - food-101_promptfl_8_0.0_1 - INFO - ------------local test finish-------------
2025-11-07 01:13:57 - food-101_promptfl_8_0.0_1 - INFO - Epoch: 2/3	finished batch : 155/156
2025-11-07 01:13:57 - food-101_promptfl_8_0.0_1 - INFO - ------------epoch 2 完成，用时: 3063.71s-------------
2025-11-07 01:13:57 - food-101_promptfl_8_0.0_1 - INFO - maximum test local acc: 69.7048484848485
2025-11-07 01:13:57 - food-101_promptfl_8_0.0_1 - INFO - mean of local acc: 69.7048484848485
2025-11-07 01:13:57 - food-101_promptfl_8_0.0_1 - INFO - maximum test neighbor acc: 69.23758241758242
2025-11-07 01:13:57 - food-101_promptfl_8_0.0_1 - INFO - mean of neighbor acc: 69.23758241758242
