2025-11-07 02:59:35 - food-101_promptfl_8_0.01_1 - INFO - 日志文件已创建: logs/food-101_promptfl_8_0.01_1_20251107_025935.log
2025-11-07 02:59:40 - food-101_promptfl_8_0.01_1 - INFO - ------------local train start epoch: 0 -------------
2025-11-07 03:07:27 - food-101_promptfl_8_0.01_1 - INFO - Epoch: 0/3	finished batch : 155/156 (skip test)
2025-11-07 03:07:27 - food-101_promptfl_8_0.01_1 - INFO - ------------epoch 0 完成，用时: 467.34s-------------
2025-11-07 03:07:27 - food-101_promptfl_8_0.01_1 - INFO - ------------已完成 1 个epoch | 平均用时: 467.34s | 上一个epoch: 467.34s | 预计剩余时间: 934.69s (15.6分钟)-------------
2025-11-07 03:07:27 - food-101_promptfl_8_0.01_1 - INFO - ------------local train start epoch: 1 -------------
2025-11-07 03:15:05 - food-101_promptfl_8_0.01_1 - INFO - Epoch: 1/3	finished batch : 155/156 (skip test)
2025-11-07 03:15:05 - food-101_promptfl_8_0.01_1 - INFO - ------------epoch 1 完成，用时: 457.28s-------------
2025-11-07 03:15:05 - food-101_promptfl_8_0.01_1 - INFO - ------------已完成 2 个epoch | 平均用时: 462.31s | 上一个epoch: 457.28s | 预计剩余时间: 462.31s (7.7分钟)-------------
2025-11-07 03:15:05 - food-101_promptfl_8_0.01_1 - INFO - ------------local train start epoch: 2 -------------
2025-11-07 03:23:56 - food-101_promptfl_8_0.01_1 - INFO - ------------local test start-------------
2025-11-07 04:07:57 - food-101_promptfl_8_0.01_1 - INFO - Global test local acc: 57.041818181818186
2025-11-07 04:07:57 - food-101_promptfl_8_0.01_1 - INFO - Global test neighbor acc: 56.93904761904762
2025-11-07 04:07:57 - food-101_promptfl_8_0.01_1 - INFO - ------------local test finish-------------
2025-11-07 04:07:57 - food-101_promptfl_8_0.01_1 - INFO - Epoch: 2/3	finished batch : 155/156
2025-11-07 04:07:57 - food-101_promptfl_8_0.01_1 - INFO - ------------epoch 2 完成，用时: 3172.33s-------------
2025-11-07 04:07:57 - food-101_promptfl_8_0.01_1 - INFO - maximum test local acc: 57.041818181818186
2025-11-07 04:07:57 - food-101_promptfl_8_0.01_1 - INFO - mean of local acc: 57.041818181818186
2025-11-07 04:07:57 - food-101_promptfl_8_0.01_1 - INFO - maximum test neighbor acc: 56.93904761904762
2025-11-07 04:07:57 - food-101_promptfl_8_0.01_1 - INFO - mean of neighbor acc: 56.93904761904762
