2025-11-07 18:11:06 - food-101_sepfpl_8_0.4_1 - INFO - 日志文件已创建: logs/food-101_sepfpl_8_0.4_1_20251107_181106.log
2025-11-07 18:11:10 - food-101_sepfpl_8_0.4_1 - INFO - ------------local train start epoch: 0 -------------
2025-11-07 18:18:25 - food-101_sepfpl_8_0.4_1 - INFO - Epoch: 0/3	finished batch : 155/156 (skip test)
2025-11-07 18:18:25 - food-101_sepfpl_8_0.4_1 - INFO - ------------epoch 0 完成，用时: 435.33s-------------
2025-11-07 18:18:25 - food-101_sepfpl_8_0.4_1 - INFO - ------------已完成 1 个epoch | 平均用时: 435.33s | 上一个epoch: 435.33s | 预计剩余时间: 870.66s (14.5分钟)-------------
2025-11-07 18:18:25 - food-101_sepfpl_8_0.4_1 - INFO - ------------local train start epoch: 1 -------------
2025-11-07 18:25:30 - food-101_sepfpl_8_0.4_1 - INFO - Epoch: 1/3	finished batch : 155/156 (skip test)
2025-11-07 18:25:30 - food-101_sepfpl_8_0.4_1 - INFO - ------------epoch 1 完成，用时: 424.52s-------------
2025-11-07 18:25:30 - food-101_sepfpl_8_0.4_1 - INFO - ------------已完成 2 个epoch | 平均用时: 429.92s | 上一个epoch: 424.52s | 预计剩余时间: 429.92s (7.2分钟)-------------
2025-11-07 18:25:30 - food-101_sepfpl_8_0.4_1 - INFO - ------------local train start epoch: 2 -------------
2025-11-07 18:32:34 - food-101_sepfpl_8_0.4_1 - INFO - ------------local test start-------------
2025-11-07 19:09:44 - food-101_sepfpl_8_0.4_1 - INFO - Global test local acc: 81.37727272727273
2025-11-07 19:09:44 - food-101_sepfpl_8_0.4_1 - INFO - Global test neighbor acc: 66.16068783068783
2025-11-07 19:09:44 - food-101_sepfpl_8_0.4_1 - INFO - ------------local test finish-------------
2025-11-07 19:09:44 - food-101_sepfpl_8_0.4_1 - INFO - Epoch: 2/3	finished batch : 155/156
2025-11-07 19:09:44 - food-101_sepfpl_8_0.4_1 - INFO - ------------epoch 2 完成，用时: 2654.51s-------------
2025-11-07 19:09:44 - food-101_sepfpl_8_0.4_1 - INFO - maximum test local acc: 81.37727272727273
2025-11-07 19:09:44 - food-101_sepfpl_8_0.4_1 - INFO - mean of local acc: 81.37727272727273
2025-11-07 19:09:44 - food-101_sepfpl_8_0.4_1 - INFO - maximum test neighbor acc: 66.16068783068783
2025-11-07 19:09:44 - food-101_sepfpl_8_0.4_1 - INFO - mean of neighbor acc: 66.16068783068783
