2025-11-07 07:53:29 - food-101_fedpgp_8_0.05_1 - INFO - 日志文件已创建: logs/food-101_fedpgp_8_0.05_1_20251107_075329.log
2025-11-07 07:53:34 - food-101_fedpgp_8_0.05_1 - INFO - ------------local train start epoch: 0 -------------
2025-11-07 08:01:08 - food-101_fedpgp_8_0.05_1 - INFO - Epoch: 0/3	finished batch : 155/156 (skip test)
2025-11-07 08:01:08 - food-101_fedpgp_8_0.05_1 - INFO - ------------epoch 0 完成，用时: 454.94s-------------
2025-11-07 08:01:08 - food-101_fedpgp_8_0.05_1 - INFO - ------------已完成 1 个epoch | 平均用时: 454.94s | 上一个epoch: 454.94s | 预计剩余时间: 909.88s (15.2分钟)-------------
2025-11-07 08:01:08 - food-101_fedpgp_8_0.05_1 - INFO - ------------local train start epoch: 1 -------------
2025-11-07 08:08:48 - food-101_fedpgp_8_0.05_1 - INFO - Epoch: 1/3	finished batch : 155/156 (skip test)
2025-11-07 08:08:48 - food-101_fedpgp_8_0.05_1 - INFO - ------------epoch 1 完成，用时: 459.81s-------------
2025-11-07 08:08:48 - food-101_fedpgp_8_0.05_1 - INFO - ------------已完成 2 个epoch | 平均用时: 457.38s | 上一个epoch: 459.81s | 预计剩余时间: 457.38s (7.6分钟)-------------
2025-11-07 08:08:48 - food-101_fedpgp_8_0.05_1 - INFO - ------------local train start epoch: 2 -------------
2025-11-07 08:16:32 - food-101_fedpgp_8_0.05_1 - INFO - ------------local test start-------------
2025-11-07 08:58:04 - food-101_fedpgp_8_0.05_1 - INFO - Global test local acc: 78.97515151515151
2025-11-07 08:58:04 - food-101_fedpgp_8_0.05_1 - INFO - Global test neighbor acc: 79.0311273911274
2025-11-07 08:58:04 - food-101_fedpgp_8_0.05_1 - INFO - ------------local test finish-------------
2025-11-07 08:58:04 - food-101_fedpgp_8_0.05_1 - INFO - Epoch: 2/3	finished batch : 155/156
2025-11-07 08:58:04 - food-101_fedpgp_8_0.05_1 - INFO - ------------epoch 2 完成，用时: 2955.93s-------------
2025-11-07 08:58:04 - food-101_fedpgp_8_0.05_1 - INFO - maximum test local acc: 78.97515151515151
2025-11-07 08:58:04 - food-101_fedpgp_8_0.05_1 - INFO - mean of local acc: 78.97515151515151
2025-11-07 08:58:04 - food-101_fedpgp_8_0.05_1 - INFO - maximum test neighbor acc: 79.0311273911274
2025-11-07 08:58:04 - food-101_fedpgp_8_0.05_1 - INFO - mean of neighbor acc: 79.0311273911274
