2025-11-07 04:00:23 - food-101_fedpgp_8_0.01_1 - INFO - 日志文件已创建: logs/food-101_fedpgp_8_0.01_1_20251107_040023.log
2025-11-07 04:00:27 - food-101_fedpgp_8_0.01_1 - INFO - ------------local train start epoch: 0 -------------
2025-11-07 04:08:19 - food-101_fedpgp_8_0.01_1 - INFO - Epoch: 0/3	finished batch : 155/156 (skip test)
2025-11-07 04:08:19 - food-101_fedpgp_8_0.01_1 - INFO - ------------epoch 0 完成，用时: 471.97s-------------
2025-11-07 04:08:19 - food-101_fedpgp_8_0.01_1 - INFO - ------------已完成 1 个epoch | 平均用时: 471.97s | 上一个epoch: 471.97s | 预计剩余时间: 943.95s (15.7分钟)-------------
2025-11-07 04:08:19 - food-101_fedpgp_8_0.01_1 - INFO - ------------local train start epoch: 1 -------------
2025-11-07 04:15:54 - food-101_fedpgp_8_0.01_1 - INFO - Epoch: 1/3	finished batch : 155/156 (skip test)
2025-11-07 04:15:54 - food-101_fedpgp_8_0.01_1 - INFO - ------------epoch 1 完成，用时: 455.22s-------------
2025-11-07 04:15:54 - food-101_fedpgp_8_0.01_1 - INFO - ------------已完成 2 个epoch | 平均用时: 463.60s | 上一个epoch: 455.22s | 预计剩余时间: 463.60s (7.7分钟)-------------
2025-11-07 04:15:54 - food-101_fedpgp_8_0.01_1 - INFO - ------------local train start epoch: 2 -------------
2025-11-07 04:23:38 - food-101_fedpgp_8_0.01_1 - INFO - ------------local test start-------------
2025-11-07 05:05:54 - food-101_fedpgp_8_0.01_1 - INFO - Global test local acc: 78.7181818181818
2025-11-07 05:05:54 - food-101_fedpgp_8_0.01_1 - INFO - Global test neighbor acc: 78.76178266178268
2025-11-07 05:05:54 - food-101_fedpgp_8_0.01_1 - INFO - ------------local test finish-------------
2025-11-07 05:05:54 - food-101_fedpgp_8_0.01_1 - INFO - Epoch: 2/3	finished batch : 155/156
2025-11-07 05:05:54 - food-101_fedpgp_8_0.01_1 - INFO - ------------epoch 2 完成，用时: 2999.43s-------------
2025-11-07 05:05:54 - food-101_fedpgp_8_0.01_1 - INFO - maximum test local acc: 78.7181818181818
2025-11-07 05:05:54 - food-101_fedpgp_8_0.01_1 - INFO - mean of local acc: 78.7181818181818
2025-11-07 05:05:54 - food-101_fedpgp_8_0.01_1 - INFO - maximum test neighbor acc: 78.76178266178268
2025-11-07 05:05:54 - food-101_fedpgp_8_0.01_1 - INFO - mean of neighbor acc: 78.76178266178268
