2025-11-07 12:53:37 - food-101_fedotp_8_0.1_1 - INFO - 日志文件已创建: logs/food-101_fedotp_8_0.1_1_20251107_125337.log
2025-11-07 12:53:41 - food-101_fedotp_8_0.1_1 - INFO - ------------local train start epoch: 0 -------------
2025-11-07 13:01:46 - food-101_fedotp_8_0.1_1 - INFO - Epoch: 0/3	finished batch : 155/156 (skip test)
2025-11-07 13:01:46 - food-101_fedotp_8_0.1_1 - INFO - ------------epoch 0 完成，用时: 484.62s-------------
2025-11-07 13:01:46 - food-101_fedotp_8_0.1_1 - INFO - ------------已完成 1 个epoch | 平均用时: 484.62s | 上一个epoch: 484.62s | 预计剩余时间: 969.25s (16.2分钟)-------------
2025-11-07 13:01:46 - food-101_fedotp_8_0.1_1 - INFO - ------------local train start epoch: 1 -------------
2025-11-07 13:09:28 - food-101_fedotp_8_0.1_1 - INFO - Epoch: 1/3	finished batch : 155/156 (skip test)
2025-11-07 13:09:28 - food-101_fedotp_8_0.1_1 - INFO - ------------epoch 1 完成，用时: 461.85s-------------
2025-11-07 13:09:28 - food-101_fedotp_8_0.1_1 - INFO - ------------已完成 2 个epoch | 平均用时: 473.24s | 上一个epoch: 461.85s | 预计剩余时间: 473.24s (7.9分钟)-------------
2025-11-07 13:09:28 - food-101_fedotp_8_0.1_1 - INFO - ------------local train start epoch: 2 -------------
2025-11-07 13:17:30 - food-101_fedotp_8_0.1_1 - INFO - ------------local test start-------------
2025-11-07 13:59:45 - food-101_fedotp_8_0.1_1 - INFO - Global test local acc: 81.86030303030303
2025-11-07 13:59:45 - food-101_fedotp_8_0.1_1 - INFO - Global test neighbor acc: 81.88595034595035
2025-11-07 13:59:45 - food-101_fedotp_8_0.1_1 - INFO - ------------local test finish-------------
2025-11-07 13:59:45 - food-101_fedotp_8_0.1_1 - INFO - Epoch: 2/3	finished batch : 155/156
2025-11-07 13:59:45 - food-101_fedotp_8_0.1_1 - INFO - ------------epoch 2 完成，用时: 3017.56s-------------
2025-11-07 13:59:45 - food-101_fedotp_8_0.1_1 - INFO - maximum test local acc: 81.86030303030303
2025-11-07 13:59:45 - food-101_fedotp_8_0.1_1 - INFO - mean of local acc: 81.86030303030303
2025-11-07 13:59:45 - food-101_fedotp_8_0.1_1 - INFO - maximum test neighbor acc: 81.88595034595035
2025-11-07 13:59:45 - food-101_fedotp_8_0.1_1 - INFO - mean of neighbor acc: 81.88595034595035
