2025-11-07 05:05:59 - food-101_fedotp_8_0.01_1 - INFO - 日志文件已创建: logs/food-101_fedotp_8_0.01_1_20251107_050559.log
2025-11-07 05:06:04 - food-101_fedotp_8_0.01_1 - INFO - ------------local train start epoch: 0 -------------
2025-11-07 05:13:41 - food-101_fedotp_8_0.01_1 - INFO - Epoch: 0/3	finished batch : 155/156 (skip test)
2025-11-07 05:13:41 - food-101_fedotp_8_0.01_1 - INFO - ------------epoch 0 完成，用时: 457.09s-------------
2025-11-07 05:13:41 - food-101_fedotp_8_0.01_1 - INFO - ------------已完成 1 个epoch | 平均用时: 457.09s | 上一个epoch: 457.09s | 预计剩余时间: 914.18s (15.2分钟)-------------
2025-11-07 05:13:41 - food-101_fedotp_8_0.01_1 - INFO - ------------local train start epoch: 1 -------------
2025-11-07 05:21:26 - food-101_fedotp_8_0.01_1 - INFO - Epoch: 1/3	finished batch : 155/156 (skip test)
2025-11-07 05:21:26 - food-101_fedotp_8_0.01_1 - INFO - ------------epoch 1 完成，用时: 465.03s-------------
2025-11-07 05:21:26 - food-101_fedotp_8_0.01_1 - INFO - ------------已完成 2 个epoch | 平均用时: 461.06s | 上一个epoch: 465.03s | 预计剩余时间: 461.06s (7.7分钟)-------------
2025-11-07 05:21:26 - food-101_fedotp_8_0.01_1 - INFO - ------------local train start epoch: 2 -------------
2025-11-07 05:29:16 - food-101_fedotp_8_0.01_1 - INFO - ------------local test start-------------
2025-11-07 06:10:37 - food-101_fedotp_8_0.01_1 - INFO - Global test local acc: 83.26757575757577
2025-11-07 06:10:37 - food-101_fedotp_8_0.01_1 - INFO - Global test neighbor acc: 83.27668701668702
2025-11-07 06:10:37 - food-101_fedotp_8_0.01_1 - INFO - ------------local test finish-------------
2025-11-07 06:10:37 - food-101_fedotp_8_0.01_1 - INFO - Epoch: 2/3	finished batch : 155/156
2025-11-07 06:10:37 - food-101_fedotp_8_0.01_1 - INFO - ------------epoch 2 完成，用时: 2951.80s-------------
2025-11-07 06:10:37 - food-101_fedotp_8_0.01_1 - INFO - maximum test local acc: 83.26757575757577
2025-11-07 06:10:37 - food-101_fedotp_8_0.01_1 - INFO - mean of local acc: 83.26757575757577
2025-11-07 06:10:37 - food-101_fedotp_8_0.01_1 - INFO - maximum test neighbor acc: 83.27668701668702
2025-11-07 06:10:37 - food-101_fedotp_8_0.01_1 - INFO - mean of neighbor acc: 83.27668701668702
