2025-11-12 04:51:31 - oxford_pets_fedotp_8_0.0_1 - INFO - 日志文件已创建: logs/oxford_pets_fedotp_8_0.0_1_20251112_045131.log
2025-11-12 04:51:31 - oxford_pets_fedotp_8_0.0_1 - INFO - Loading trainer: DP_FPL
2025-11-12 04:51:31 - oxford_pets_fedotp_8_0.0_1 - INFO - Loading dataset: OxfordPets
2025-11-12 04:51:31 - oxford_pets_fedotp_8_0.0_1 - INFO - Reading split from /home/liuxin25/dataset/oxford_pets/split_zhou_OxfordPets.json
2025-11-12 04:51:31 - oxford_pets_fedotp_8_0.0_1 - INFO - Creating a baseline federated dataset
2025-11-12 04:51:31 - oxford_pets_fedotp_8_0.0_1 - INFO - class_num 37
2025-11-12 04:51:31 - oxford_pets_fedotp_8_0.0_1 - INFO - user class dict total [18, 14, 23, 10]
2025-11-12 04:51:31 - oxford_pets_fedotp_8_0.0_1 - INFO - idx: 0, output_dict_len: 320
2025-11-12 04:51:31 - oxford_pets_fedotp_8_0.0_1 - INFO - user class dict total [8, 4, 13, 19]
2025-11-12 04:51:31 - oxford_pets_fedotp_8_0.0_1 - INFO - idx: 1, output_dict_len: 320
2025-11-12 04:51:31 - oxford_pets_fedotp_8_0.0_1 - INFO - user class dict total [12, 29, 34, 15]
2025-11-12 04:51:31 - oxford_pets_fedotp_8_0.0_1 - INFO - idx: 2, output_dict_len: 317
2025-11-12 04:51:31 - oxford_pets_fedotp_8_0.0_1 - INFO - user class dict total [2, 32, 1, 11]
2025-11-12 04:51:31 - oxford_pets_fedotp_8_0.0_1 - INFO - idx: 3, output_dict_len: 313
2025-11-12 04:51:31 - oxford_pets_fedotp_8_0.0_1 - INFO - user class dict total [31, 0, 35, 7]
2025-11-12 04:51:31 - oxford_pets_fedotp_8_0.0_1 - INFO - idx: 4, output_dict_len: 317
2025-11-12 04:51:31 - oxford_pets_fedotp_8_0.0_1 - INFO - user class dict total [5, 27, 16, 30]
2025-11-12 04:51:31 - oxford_pets_fedotp_8_0.0_1 - INFO - idx: 5, output_dict_len: 320
2025-11-12 04:51:31 - oxford_pets_fedotp_8_0.0_1 - INFO - user class dict total [17, 22, 26, 9]
2025-11-12 04:51:31 - oxford_pets_fedotp_8_0.0_1 - INFO - idx: 6, output_dict_len: 317
2025-11-12 04:51:31 - oxford_pets_fedotp_8_0.0_1 - INFO - user class dict total [33, 3, 25, 6]
2025-11-12 04:51:31 - oxford_pets_fedotp_8_0.0_1 - INFO - idx: 7, output_dict_len: 320
2025-11-12 04:51:31 - oxford_pets_fedotp_8_0.0_1 - INFO - user class dict total [21, 20, 36, 28]
2025-11-12 04:51:31 - oxford_pets_fedotp_8_0.0_1 - INFO - idx: 8, output_dict_len: 320
2025-11-12 04:51:31 - oxford_pets_fedotp_8_0.0_1 - INFO - user class dict total [24]
2025-11-12 04:51:31 - oxford_pets_fedotp_8_0.0_1 - INFO - idx: 9, output_dict_len: 80
2025-11-12 04:51:31 - oxford_pets_fedotp_8_0.0_1 - INFO - Creating a baseline federated dataset
2025-11-12 04:51:31 - oxford_pets_fedotp_8_0.0_1 - INFO - class_num 37
2025-11-12 04:51:31 - oxford_pets_fedotp_8_0.0_1 - INFO - user class dict total [18, 14, 23, 10]
2025-11-12 04:51:31 - oxford_pets_fedotp_8_0.0_1 - INFO - idx: 0, output_dict_len: 399
2025-11-12 04:51:31 - oxford_pets_fedotp_8_0.0_1 - INFO - user class dict total [8, 4, 13, 19]
2025-11-12 04:51:31 - oxford_pets_fedotp_8_0.0_1 - INFO - idx: 1, output_dict_len: 399
2025-11-12 04:51:31 - oxford_pets_fedotp_8_0.0_1 - INFO - user class dict total [12, 29, 34, 15]
2025-11-12 04:51:31 - oxford_pets_fedotp_8_0.0_1 - INFO - idx: 2, output_dict_len: 389
2025-11-12 04:51:31 - oxford_pets_fedotp_8_0.0_1 - INFO - user class dict total [2, 32, 1, 11]
2025-11-12 04:51:31 - oxford_pets_fedotp_8_0.0_1 - INFO - idx: 3, output_dict_len: 397
2025-11-12 04:51:31 - oxford_pets_fedotp_8_0.0_1 - INFO - user class dict total [31, 0, 35, 7]
2025-11-12 04:51:31 - oxford_pets_fedotp_8_0.0_1 - INFO - idx: 4, output_dict_len: 386
2025-11-12 04:51:31 - oxford_pets_fedotp_8_0.0_1 - INFO - user class dict total [5, 27, 16, 30]
2025-11-12 04:51:31 - oxford_pets_fedotp_8_0.0_1 - INFO - idx: 5, output_dict_len: 399
2025-11-12 04:51:31 - oxford_pets_fedotp_8_0.0_1 - INFO - user class dict total [17, 22, 26, 9]
2025-11-12 04:51:31 - oxford_pets_fedotp_8_0.0_1 - INFO - idx: 6, output_dict_len: 400
2025-11-12 04:51:31 - oxford_pets_fedotp_8_0.0_1 - INFO - user class dict total [33, 3, 25, 6]
2025-11-12 04:51:31 - oxford_pets_fedotp_8_0.0_1 - INFO - idx: 7, output_dict_len: 400
2025-11-12 04:51:31 - oxford_pets_fedotp_8_0.0_1 - INFO - user class dict total [21, 20, 36, 28]
2025-11-12 04:51:31 - oxford_pets_fedotp_8_0.0_1 - INFO - idx: 8, output_dict_len: 400
2025-11-12 04:51:31 - oxford_pets_fedotp_8_0.0_1 - INFO - user class dict total [24]
2025-11-12 04:51:31 - oxford_pets_fedotp_8_0.0_1 - INFO - idx: 9, output_dict_len: 100
2025-11-12 04:51:31 - oxford_pets_fedotp_8_0.0_1 - INFO - Loading CLIP (backbone: ViT-B/16)
2025-11-12 04:51:35 - oxford_pets_fedotp_8_0.0_1 - INFO - Building custom CLIP
2025-11-12 04:51:35 - oxford_pets_fedotp_8_0.0_1 - INFO - Turning off gradients in both the image and the text encoder
2025-11-12 04:51:42 - oxford_pets_fedotp_8_0.0_1 - INFO - [Epoch 1/30] 训练耗时: 7.29s | 平均训练准确率: 51.09
2025-11-12 04:51:50 - oxford_pets_fedotp_8_0.0_1 - INFO - [Epoch 2/30] 训练耗时: 7.34s | 平均训练准确率: 66.41
2025-11-12 04:51:57 - oxford_pets_fedotp_8_0.0_1 - INFO - [Epoch 3/30] 训练耗时: 7.33s | 平均训练准确率: 73.44
2025-11-12 04:52:04 - oxford_pets_fedotp_8_0.0_1 - INFO - [Epoch 4/30] 训练耗时: 7.20s | 平均训练准确率: 79.53
2025-11-12 04:52:11 - oxford_pets_fedotp_8_0.0_1 - INFO - [Epoch 5/30] 训练耗时: 6.91s | 平均训练准确率: 82.03
2025-11-12 04:52:19 - oxford_pets_fedotp_8_0.0_1 - INFO - [Epoch 6/30] 训练耗时: 7.58s | 平均训练准确率: 80.16
2025-11-12 04:52:26 - oxford_pets_fedotp_8_0.0_1 - INFO - [Epoch 7/30] 训练耗时: 6.86s | 平均训练准确率: 82.19
2025-11-12 04:52:33 - oxford_pets_fedotp_8_0.0_1 - INFO - [Epoch 8/30] 训练耗时: 7.01s | 平均训练准确率: 83.28
2025-11-12 04:52:39 - oxford_pets_fedotp_8_0.0_1 - INFO - [Epoch 9/30] 训练耗时: 6.82s | 平均训练准确率: 86.41
2025-11-12 04:52:47 - oxford_pets_fedotp_8_0.0_1 - INFO - [Epoch 10/30] 训练耗时: 7.08s | 平均训练准确率: 85.47
2025-11-12 04:52:53 - oxford_pets_fedotp_8_0.0_1 - INFO - [Epoch 11/30] 训练耗时: 6.25s | 平均训练准确率: 83.91
2025-11-12 04:52:59 - oxford_pets_fedotp_8_0.0_1 - INFO - [Epoch 12/30] 训练耗时: 6.61s | 平均训练准确率: 86.41
2025-11-12 04:53:06 - oxford_pets_fedotp_8_0.0_1 - INFO - [Epoch 13/30] 训练耗时: 6.68s | 平均训练准确率: 86.88
2025-11-12 04:53:13 - oxford_pets_fedotp_8_0.0_1 - INFO - [Epoch 14/30] 训练耗时: 7.34s | 平均训练准确率: 87.03
2025-11-12 04:53:21 - oxford_pets_fedotp_8_0.0_1 - INFO - [Epoch 15/30] 训练耗时: 7.47s | 平均训练准确率: 87.34
2025-11-12 04:53:29 - oxford_pets_fedotp_8_0.0_1 - INFO - [Epoch 16/30] 训练耗时: 8.11s | 平均训练准确率: 87.19
2025-11-12 04:53:37 - oxford_pets_fedotp_8_0.0_1 - INFO - [Epoch 17/30] 训练耗时: 7.85s | 平均训练准确率: 88.75
2025-11-12 04:53:44 - oxford_pets_fedotp_8_0.0_1 - INFO - [Epoch 18/30] 训练耗时: 7.09s | 平均训练准确率: 88.28
2025-11-12 04:53:51 - oxford_pets_fedotp_8_0.0_1 - INFO - [Epoch 19/30] 训练耗时: 7.46s | 平均训练准确率: 88.44
2025-11-12 04:53:59 - oxford_pets_fedotp_8_0.0_1 - INFO - [Epoch 20/30] 训练耗时: 7.63s | 平均训练准确率: 89.84
2025-11-12 04:54:07 - oxford_pets_fedotp_8_0.0_1 - INFO - [Epoch 21/30] 训练耗时: 7.54s | 平均训练准确率: 89.69
2025-11-12 04:54:14 - oxford_pets_fedotp_8_0.0_1 - INFO - [Epoch 22/30] 训练耗时: 7.64s | 平均训练准确率: 87.97
2025-11-12 04:54:22 - oxford_pets_fedotp_8_0.0_1 - INFO - [Epoch 23/30] 训练耗时: 8.15s | 平均训练准确率: 91.09
2025-11-12 04:54:30 - oxford_pets_fedotp_8_0.0_1 - INFO - [Epoch 24/30] 训练耗时: 7.37s | 平均训练准确率: 91.72
2025-11-12 04:54:38 - oxford_pets_fedotp_8_0.0_1 - INFO - [Epoch 25/30] 训练耗时: 8.17s | 平均训练准确率: 91.56
2025-11-12 04:54:47 - oxford_pets_fedotp_8_0.0_1 - INFO - [Epoch 26/30] 训练耗时: 8.96s | 平均训练准确率: 89.84
2025-11-12 04:54:56 - oxford_pets_fedotp_8_0.0_1 - INFO - [Epoch 27/30] 训练耗时: 9.42s | 平均训练准确率: 90.31
2025-11-12 04:55:04 - oxford_pets_fedotp_8_0.0_1 - INFO - [Epoch 28/30] 训练耗时: 7.80s | 平均训练准确率: 90.31
2025-11-12 04:55:04 - oxford_pets_fedotp_8_0.0_1 - INFO - ------------local test start-------------
2025-11-12 04:55:04 - oxford_pets_fedotp_8_0.0_1 - INFO - Evaluate on the client0 local set
2025-11-12 04:55:10 - oxford_pets_fedotp_8_0.0_1 - INFO - => result | total: 399 | correct: 168 | accuracy: 42.1% | error: 57.9% | macro_f1: 48.1%
2025-11-12 04:55:10 - oxford_pets_fedotp_8_0.0_1 - INFO - Evaluate on the client0 neighbor set
2025-11-12 04:55:52 - oxford_pets_fedotp_8_0.0_1 - INFO - => result | total: 3,270 | correct: 2,009 | accuracy: 61.4% | error: 38.6% | macro_f1: 55.1%
2025-11-12 04:55:52 - oxford_pets_fedotp_8_0.0_1 - INFO - Evaluate on the client1 local set
2025-11-12 04:55:58 - oxford_pets_fedotp_8_0.0_1 - INFO - => result | total: 399 | correct: 207 | accuracy: 51.9% | error: 48.1% | macro_f1: 58.5%
2025-11-12 04:55:58 - oxford_pets_fedotp_8_0.0_1 - INFO - Evaluate on the client1 neighbor set
2025-11-12 04:56:42 - oxford_pets_fedotp_8_0.0_1 - INFO - => result | total: 3,270 | correct: 1,919 | accuracy: 58.7% | error: 41.3% | macro_f1: 51.3%
2025-11-12 04:56:42 - oxford_pets_fedotp_8_0.0_1 - INFO - Evaluate on the client2 local set
2025-11-12 04:56:49 - oxford_pets_fedotp_8_0.0_1 - INFO - => result | total: 389 | correct: 287 | accuracy: 73.8% | error: 26.2% | macro_f1: 80.7%
2025-11-12 04:56:49 - oxford_pets_fedotp_8_0.0_1 - INFO - Evaluate on the client2 neighbor set
2025-11-12 04:57:35 - oxford_pets_fedotp_8_0.0_1 - INFO - => result | total: 3,280 | correct: 1,790 | accuracy: 54.6% | error: 45.4% | macro_f1: 48.6%
2025-11-12 04:57:35 - oxford_pets_fedotp_8_0.0_1 - INFO - Evaluate on the client3 local set
2025-11-12 04:57:40 - oxford_pets_fedotp_8_0.0_1 - INFO - => result | total: 397 | correct: 215 | accuracy: 54.2% | error: 45.8% | macro_f1: 52.7%
2025-11-12 04:57:40 - oxford_pets_fedotp_8_0.0_1 - INFO - Evaluate on the client3 neighbor set
2025-11-12 04:58:23 - oxford_pets_fedotp_8_0.0_1 - INFO - => result | total: 3,272 | correct: 1,832 | accuracy: 56.0% | error: 44.0% | macro_f1: 51.6%
2025-11-12 04:58:23 - oxford_pets_fedotp_8_0.0_1 - INFO - Evaluate on the client4 local set
2025-11-12 04:58:27 - oxford_pets_fedotp_8_0.0_1 - INFO - => result | total: 386 | correct: 189 | accuracy: 49.0% | error: 51.0% | macro_f1: 47.3%
2025-11-12 04:58:27 - oxford_pets_fedotp_8_0.0_1 - INFO - Evaluate on the client4 neighbor set
2025-11-12 04:59:08 - oxford_pets_fedotp_8_0.0_1 - INFO - => result | total: 3,283 | correct: 1,843 | accuracy: 56.1% | error: 43.9% | macro_f1: 49.7%
2025-11-12 04:59:08 - oxford_pets_fedotp_8_0.0_1 - INFO - Evaluate on the client5 local set
2025-11-12 04:59:14 - oxford_pets_fedotp_8_0.0_1 - INFO - => result | total: 399 | correct: 254 | accuracy: 63.7% | error: 36.3% | macro_f1: 68.3%
2025-11-12 04:59:14 - oxford_pets_fedotp_8_0.0_1 - INFO - Evaluate on the client5 neighbor set
2025-11-12 04:59:56 - oxford_pets_fedotp_8_0.0_1 - INFO - => result | total: 3,270 | correct: 1,764 | accuracy: 53.9% | error: 46.1% | macro_f1: 47.6%
2025-11-12 04:59:56 - oxford_pets_fedotp_8_0.0_1 - INFO - Evaluate on the client6 local set
2025-11-12 05:00:01 - oxford_pets_fedotp_8_0.0_1 - INFO - => result | total: 400 | correct: 130 | accuracy: 32.5% | error: 67.5% | macro_f1: 37.0%
2025-11-12 05:00:01 - oxford_pets_fedotp_8_0.0_1 - INFO - Evaluate on the client6 neighbor set
2025-11-12 05:00:43 - oxford_pets_fedotp_8_0.0_1 - INFO - => result | total: 3,269 | correct: 1,878 | accuracy: 57.4% | error: 42.6% | macro_f1: 51.2%
2025-11-12 05:00:43 - oxford_pets_fedotp_8_0.0_1 - INFO - Evaluate on the client7 local set
2025-11-12 05:00:48 - oxford_pets_fedotp_8_0.0_1 - INFO - => result | total: 400 | correct: 284 | accuracy: 71.0% | error: 29.0% | macro_f1: 72.9%
2025-11-12 05:00:48 - oxford_pets_fedotp_8_0.0_1 - INFO - Evaluate on the client7 neighbor set
2025-11-12 05:01:30 - oxford_pets_fedotp_8_0.0_1 - INFO - => result | total: 3,269 | correct: 1,667 | accuracy: 51.0% | error: 49.0% | macro_f1: 44.9%
2025-11-12 05:01:30 - oxford_pets_fedotp_8_0.0_1 - INFO - Evaluate on the client8 local set
2025-11-12 05:01:35 - oxford_pets_fedotp_8_0.0_1 - INFO - => result | total: 400 | correct: 273 | accuracy: 68.2% | error: 31.8% | macro_f1: 70.3%
2025-11-12 05:01:35 - oxford_pets_fedotp_8_0.0_1 - INFO - Evaluate on the client8 neighbor set
2025-11-12 05:02:17 - oxford_pets_fedotp_8_0.0_1 - INFO - => result | total: 3,269 | correct: 1,647 | accuracy: 50.4% | error: 49.6% | macro_f1: 45.1%
2025-11-12 05:02:17 - oxford_pets_fedotp_8_0.0_1 - INFO - Evaluate on the client9 local set
2025-11-12 05:02:18 - oxford_pets_fedotp_8_0.0_1 - INFO - => result | total: 100 | correct: 100 | accuracy: 100.0% | error: 0.0% | macro_f1: 100.0%
2025-11-12 05:02:18 - oxford_pets_fedotp_8_0.0_1 - INFO - Evaluate on the client9 neighbor set
2025-11-12 05:03:05 - oxford_pets_fedotp_8_0.0_1 - INFO - => result | total: 3,569 | correct: 1,804 | accuracy: 50.5% | error: 49.5% | macro_f1: 46.7%
2025-11-12 05:03:05 - oxford_pets_fedotp_8_0.0_1 - INFO - Global test local acc: 60.63
2025-11-12 05:03:05 - oxford_pets_fedotp_8_0.0_1 - INFO - Global test neighbor acc: 55.01
2025-11-12 05:03:05 - oxford_pets_fedotp_8_0.0_1 - INFO - ------------local test finish-------------
2025-11-12 05:03:05 - oxford_pets_fedotp_8_0.0_1 - INFO - [Epoch 28/30] 测试耗时: 481.00s
2025-11-12 05:03:15 - oxford_pets_fedotp_8_0.0_1 - INFO - [Epoch 29/30] 训练耗时: 9.50s | 平均训练准确率: 91.88
2025-11-12 05:03:15 - oxford_pets_fedotp_8_0.0_1 - INFO - ------------local test start-------------
2025-11-12 05:03:15 - oxford_pets_fedotp_8_0.0_1 - INFO - Evaluate on the client0 local set
2025-11-12 05:03:20 - oxford_pets_fedotp_8_0.0_1 - INFO - => result | total: 399 | correct: 152 | accuracy: 38.1% | error: 61.9% | macro_f1: 43.2%
2025-11-12 05:03:20 - oxford_pets_fedotp_8_0.0_1 - INFO - Evaluate on the client0 neighbor set
2025-11-12 05:04:09 - oxford_pets_fedotp_8_0.0_1 - INFO - => result | total: 3,270 | correct: 1,971 | accuracy: 60.3% | error: 39.7% | macro_f1: 54.2%
2025-11-12 05:04:09 - oxford_pets_fedotp_8_0.0_1 - INFO - Evaluate on the client1 local set
2025-11-12 05:04:16 - oxford_pets_fedotp_8_0.0_1 - INFO - => result | total: 399 | correct: 203 | accuracy: 50.9% | error: 49.1% | macro_f1: 56.7%
2025-11-12 05:04:16 - oxford_pets_fedotp_8_0.0_1 - INFO - Evaluate on the client1 neighbor set
2025-11-12 05:05:01 - oxford_pets_fedotp_8_0.0_1 - INFO - => result | total: 3,270 | correct: 1,881 | accuracy: 57.5% | error: 42.5% | macro_f1: 50.0%
2025-11-12 05:05:01 - oxford_pets_fedotp_8_0.0_1 - INFO - Evaluate on the client2 local set
2025-11-12 05:05:07 - oxford_pets_fedotp_8_0.0_1 - INFO - => result | total: 389 | correct: 286 | accuracy: 73.5% | error: 26.5% | macro_f1: 80.2%
2025-11-12 05:05:07 - oxford_pets_fedotp_8_0.0_1 - INFO - Evaluate on the client2 neighbor set
2025-11-12 05:05:52 - oxford_pets_fedotp_8_0.0_1 - INFO - => result | total: 3,280 | correct: 1,767 | accuracy: 53.9% | error: 46.1% | macro_f1: 47.7%
2025-11-12 05:05:52 - oxford_pets_fedotp_8_0.0_1 - INFO - Evaluate on the client3 local set
2025-11-12 05:05:57 - oxford_pets_fedotp_8_0.0_1 - INFO - => result | total: 397 | correct: 210 | accuracy: 52.9% | error: 47.1% | macro_f1: 50.6%
2025-11-12 05:05:57 - oxford_pets_fedotp_8_0.0_1 - INFO - Evaluate on the client3 neighbor set
2025-11-12 05:06:41 - oxford_pets_fedotp_8_0.0_1 - INFO - => result | total: 3,272 | correct: 1,827 | accuracy: 55.8% | error: 44.2% | macro_f1: 51.5%
2025-11-12 05:06:41 - oxford_pets_fedotp_8_0.0_1 - INFO - Evaluate on the client4 local set
2025-11-12 05:06:45 - oxford_pets_fedotp_8_0.0_1 - INFO - => result | total: 386 | correct: 188 | accuracy: 48.7% | error: 51.3% | macro_f1: 46.9%
2025-11-12 05:06:45 - oxford_pets_fedotp_8_0.0_1 - INFO - Evaluate on the client4 neighbor set
2025-11-12 05:07:29 - oxford_pets_fedotp_8_0.0_1 - INFO - => result | total: 3,283 | correct: 1,835 | accuracy: 55.9% | error: 44.1% | macro_f1: 50.1%
2025-11-12 05:07:29 - oxford_pets_fedotp_8_0.0_1 - INFO - Evaluate on the client5 local set
2025-11-12 05:07:35 - oxford_pets_fedotp_8_0.0_1 - INFO - => result | total: 399 | correct: 243 | accuracy: 60.9% | error: 39.1% | macro_f1: 66.0%
2025-11-12 05:07:35 - oxford_pets_fedotp_8_0.0_1 - INFO - Evaluate on the client5 neighbor set
2025-11-12 05:08:19 - oxford_pets_fedotp_8_0.0_1 - INFO - => result | total: 3,270 | correct: 1,779 | accuracy: 54.4% | error: 45.6% | macro_f1: 48.7%
2025-11-12 05:08:19 - oxford_pets_fedotp_8_0.0_1 - INFO - Evaluate on the client6 local set
2025-11-12 05:08:25 - oxford_pets_fedotp_8_0.0_1 - INFO - => result | total: 400 | correct: 131 | accuracy: 32.8% | error: 67.2% | macro_f1: 36.7%
2025-11-12 05:08:25 - oxford_pets_fedotp_8_0.0_1 - INFO - Evaluate on the client6 neighbor set
2025-11-12 05:09:07 - oxford_pets_fedotp_8_0.0_1 - INFO - => result | total: 3,269 | correct: 1,885 | accuracy: 57.7% | error: 42.3% | macro_f1: 52.6%
2025-11-12 05:09:07 - oxford_pets_fedotp_8_0.0_1 - INFO - Evaluate on the client7 local set
2025-11-12 05:09:13 - oxford_pets_fedotp_8_0.0_1 - INFO - => result | total: 400 | correct: 291 | accuracy: 72.8% | error: 27.2% | macro_f1: 73.8%
2025-11-12 05:09:13 - oxford_pets_fedotp_8_0.0_1 - INFO - Evaluate on the client7 neighbor set
2025-11-12 05:09:56 - oxford_pets_fedotp_8_0.0_1 - INFO - => result | total: 3,269 | correct: 1,721 | accuracy: 52.6% | error: 47.4% | macro_f1: 46.7%
2025-11-12 05:09:56 - oxford_pets_fedotp_8_0.0_1 - INFO - Evaluate on the client8 local set
2025-11-12 05:10:02 - oxford_pets_fedotp_8_0.0_1 - INFO - => result | total: 400 | correct: 290 | accuracy: 72.5% | error: 27.5% | macro_f1: 80.2%
2025-11-12 05:10:02 - oxford_pets_fedotp_8_0.0_1 - INFO - Evaluate on the client8 neighbor set
2025-11-12 05:10:45 - oxford_pets_fedotp_8_0.0_1 - INFO - => result | total: 3,269 | correct: 1,722 | accuracy: 52.7% | error: 47.3% | macro_f1: 46.1%
2025-11-12 05:10:45 - oxford_pets_fedotp_8_0.0_1 - INFO - Evaluate on the client9 local set
2025-11-12 05:10:46 - oxford_pets_fedotp_8_0.0_1 - INFO - => result | total: 100 | correct: 100 | accuracy: 100.0% | error: 0.0% | macro_f1: 100.0%
2025-11-12 05:10:46 - oxford_pets_fedotp_8_0.0_1 - INFO - Evaluate on the client9 neighbor set
2025-11-12 05:11:31 - oxford_pets_fedotp_8_0.0_1 - INFO - => result | total: 3,569 | correct: 1,916 | accuracy: 53.7% | error: 46.3% | macro_f1: 49.3%
2025-11-12 05:11:31 - oxford_pets_fedotp_8_0.0_1 - INFO - Global test local acc: 60.30
2025-11-12 05:11:31 - oxford_pets_fedotp_8_0.0_1 - INFO - Global test neighbor acc: 55.45
2025-11-12 05:11:31 - oxford_pets_fedotp_8_0.0_1 - INFO - ------------local test finish-------------
2025-11-12 05:11:31 - oxford_pets_fedotp_8_0.0_1 - INFO - [Epoch 29/30] 测试耗时: 496.62s
2025-11-12 05:11:38 - oxford_pets_fedotp_8_0.0_1 - INFO - [Epoch 30/30] 训练耗时: 6.57s | 平均训练准确率: 91.56
2025-11-12 05:11:38 - oxford_pets_fedotp_8_0.0_1 - INFO - ------------local test start-------------
2025-11-12 05:11:38 - oxford_pets_fedotp_8_0.0_1 - INFO - Evaluate on the client0 local set
2025-11-12 05:11:43 - oxford_pets_fedotp_8_0.0_1 - INFO - => result | total: 399 | correct: 168 | accuracy: 42.1% | error: 57.9% | macro_f1: 46.4%
2025-11-12 05:11:43 - oxford_pets_fedotp_8_0.0_1 - INFO - Evaluate on the client0 neighbor set
2025-11-12 05:12:24 - oxford_pets_fedotp_8_0.0_1 - INFO - => result | total: 3,270 | correct: 1,987 | accuracy: 60.8% | error: 39.2% | macro_f1: 53.9%
2025-11-12 05:12:24 - oxford_pets_fedotp_8_0.0_1 - INFO - Evaluate on the client1 local set
2025-11-12 05:12:30 - oxford_pets_fedotp_8_0.0_1 - INFO - => result | total: 399 | correct: 197 | accuracy: 49.4% | error: 50.6% | macro_f1: 54.3%
2025-11-12 05:12:30 - oxford_pets_fedotp_8_0.0_1 - INFO - Evaluate on the client1 neighbor set
2025-11-12 05:13:10 - oxford_pets_fedotp_8_0.0_1 - INFO - => result | total: 3,270 | correct: 1,912 | accuracy: 58.5% | error: 41.5% | macro_f1: 50.5%
2025-11-12 05:13:10 - oxford_pets_fedotp_8_0.0_1 - INFO - Evaluate on the client2 local set
2025-11-12 05:13:16 - oxford_pets_fedotp_8_0.0_1 - INFO - => result | total: 389 | correct: 280 | accuracy: 72.0% | error: 28.0% | macro_f1: 78.5%
2025-11-12 05:13:16 - oxford_pets_fedotp_8_0.0_1 - INFO - Evaluate on the client2 neighbor set
2025-11-12 05:14:03 - oxford_pets_fedotp_8_0.0_1 - INFO - => result | total: 3,280 | correct: 1,788 | accuracy: 54.5% | error: 45.5% | macro_f1: 48.1%
2025-11-12 05:14:03 - oxford_pets_fedotp_8_0.0_1 - INFO - Evaluate on the client3 local set
2025-11-12 05:14:08 - oxford_pets_fedotp_8_0.0_1 - INFO - => result | total: 397 | correct: 198 | accuracy: 49.9% | error: 50.1% | macro_f1: 45.8%
2025-11-12 05:14:08 - oxford_pets_fedotp_8_0.0_1 - INFO - Evaluate on the client3 neighbor set
2025-11-12 05:14:58 - oxford_pets_fedotp_8_0.0_1 - INFO - => result | total: 3,272 | correct: 1,827 | accuracy: 55.8% | error: 44.2% | macro_f1: 51.7%
2025-11-12 05:14:58 - oxford_pets_fedotp_8_0.0_1 - INFO - Evaluate on the client4 local set
2025-11-12 05:15:04 - oxford_pets_fedotp_8_0.0_1 - INFO - => result | total: 386 | correct: 186 | accuracy: 48.2% | error: 51.8% | macro_f1: 47.0%
2025-11-12 05:15:04 - oxford_pets_fedotp_8_0.0_1 - INFO - Evaluate on the client4 neighbor set
2025-11-12 05:15:54 - oxford_pets_fedotp_8_0.0_1 - INFO - => result | total: 3,283 | correct: 1,785 | accuracy: 54.4% | error: 45.6% | macro_f1: 48.2%
2025-11-12 05:15:54 - oxford_pets_fedotp_8_0.0_1 - INFO - Evaluate on the client5 local set
2025-11-12 05:16:00 - oxford_pets_fedotp_8_0.0_1 - INFO - => result | total: 399 | correct: 226 | accuracy: 56.6% | error: 43.4% | macro_f1: 61.8%
2025-11-12 05:16:00 - oxford_pets_fedotp_8_0.0_1 - INFO - Evaluate on the client5 neighbor set
2025-11-12 05:16:43 - oxford_pets_fedotp_8_0.0_1 - INFO - => result | total: 3,270 | correct: 1,720 | accuracy: 52.6% | error: 47.4% | macro_f1: 46.5%
2025-11-12 05:16:43 - oxford_pets_fedotp_8_0.0_1 - INFO - Evaluate on the client6 local set
2025-11-12 05:16:49 - oxford_pets_fedotp_8_0.0_1 - INFO - => result | total: 400 | correct: 121 | accuracy: 30.2% | error: 69.8% | macro_f1: 33.1%
2025-11-12 05:16:49 - oxford_pets_fedotp_8_0.0_1 - INFO - Evaluate on the client6 neighbor set
2025-11-12 05:17:33 - oxford_pets_fedotp_8_0.0_1 - INFO - => result | total: 3,269 | correct: 1,794 | accuracy: 54.9% | error: 45.1% | macro_f1: 49.4%
2025-11-12 05:17:33 - oxford_pets_fedotp_8_0.0_1 - INFO - Evaluate on the client7 local set
2025-11-12 05:17:38 - oxford_pets_fedotp_8_0.0_1 - INFO - => result | total: 400 | correct: 288 | accuracy: 72.0% | error: 28.0% | macro_f1: 73.4%
2025-11-12 05:17:38 - oxford_pets_fedotp_8_0.0_1 - INFO - Evaluate on the client7 neighbor set
2025-11-12 05:18:19 - oxford_pets_fedotp_8_0.0_1 - INFO - => result | total: 3,269 | correct: 1,615 | accuracy: 49.4% | error: 50.6% | macro_f1: 43.2%
2025-11-12 05:18:19 - oxford_pets_fedotp_8_0.0_1 - INFO - Evaluate on the client8 local set
2025-11-12 05:18:24 - oxford_pets_fedotp_8_0.0_1 - INFO - => result | total: 400 | correct: 274 | accuracy: 68.5% | error: 31.5% | macro_f1: 71.5%
2025-11-12 05:18:24 - oxford_pets_fedotp_8_0.0_1 - INFO - Evaluate on the client8 neighbor set
2025-11-12 05:19:05 - oxford_pets_fedotp_8_0.0_1 - INFO - => result | total: 3,269 | correct: 1,588 | accuracy: 48.6% | error: 51.4% | macro_f1: 43.0%
2025-11-12 05:19:05 - oxford_pets_fedotp_8_0.0_1 - INFO - Evaluate on the client9 local set
2025-11-12 05:19:06 - oxford_pets_fedotp_8_0.0_1 - INFO - => result | total: 100 | correct: 100 | accuracy: 100.0% | error: 0.0% | macro_f1: 100.0%
2025-11-12 05:19:06 - oxford_pets_fedotp_8_0.0_1 - INFO - Evaluate on the client9 neighbor set
2025-11-12 05:19:52 - oxford_pets_fedotp_8_0.0_1 - INFO - => result | total: 3,569 | correct: 1,693 | accuracy: 47.4% | error: 52.6% | macro_f1: 44.1%
2025-11-12 05:19:52 - oxford_pets_fedotp_8_0.0_1 - INFO - Global test local acc: 58.89
2025-11-12 05:19:52 - oxford_pets_fedotp_8_0.0_1 - INFO - Global test neighbor acc: 53.69
2025-11-12 05:19:52 - oxford_pets_fedotp_8_0.0_1 - INFO - ------------local test finish-------------
2025-11-12 05:19:52 - oxford_pets_fedotp_8_0.0_1 - INFO - [Epoch 30/30] 测试耗时: 494.68s
2025-11-12 05:19:52 - oxford_pets_fedotp_8_0.0_1 - INFO - maximum test local acc: 60.629
2025-11-12 05:19:52 - oxford_pets_fedotp_8_0.0_1 - INFO - mean of local acc: 59.940
2025-11-12 05:19:52 - oxford_pets_fedotp_8_0.0_1 - INFO - maximum test neighbor acc: 55.448
2025-11-12 05:19:52 - oxford_pets_fedotp_8_0.0_1 - INFO - mean of neighbor acc: 54.716
