2025-11-06 22:51:38 - oxford_flowers_promptfl_8_0.0_1 - INFO - 日志文件已创建: logs/oxford_flowers_promptfl_8_0.0_1_20251106_225138.log
2025-11-06 22:51:42 - oxford_flowers_promptfl_8_0.0_1 - INFO - ------------local train start epoch: 0 -------------
2025-11-06 22:52:12 - oxford_flowers_promptfl_8_0.0_1 - INFO - Epoch: 0/3	finished batch : 8/9 (skip test)
2025-11-06 22:52:12 - oxford_flowers_promptfl_8_0.0_1 - INFO - ------------epoch 0 完成，用时: 30.33s-------------
2025-11-06 22:52:12 - oxford_flowers_promptfl_8_0.0_1 - INFO - ------------已完成 1 个epoch | 平均用时: 30.33s | 上一个epoch: 30.33s | 预计剩余时间: 60.67s (1.0分钟)-------------
2025-11-06 22:52:12 - oxford_flowers_promptfl_8_0.0_1 - INFO - ------------local train start epoch: 1 -------------
2025-11-06 22:52:41 - oxford_flowers_promptfl_8_0.0_1 - INFO - Epoch: 1/3	finished batch : 8/9 (skip test)
2025-11-06 22:52:41 - oxford_flowers_promptfl_8_0.0_1 - INFO - ------------epoch 1 完成，用时: 29.15s-------------
2025-11-06 22:52:41 - oxford_flowers_promptfl_8_0.0_1 - INFO - ------------已完成 2 个epoch | 平均用时: 29.74s | 上一个epoch: 29.15s | 预计剩余时间: 29.74s (0.5分钟)-------------
2025-11-06 22:52:41 - oxford_flowers_promptfl_8_0.0_1 - INFO - ------------local train start epoch: 2 -------------
2025-11-06 22:53:09 - oxford_flowers_promptfl_8_0.0_1 - INFO - ------------local test start-------------
2025-11-06 22:57:11 - oxford_flowers_promptfl_8_0.0_1 - INFO - Global test local acc: 0.7668977025109894
2025-11-06 22:57:11 - oxford_flowers_promptfl_8_0.0_1 - INFO - Global test neighbor acc: 0.7009733188815155
2025-11-06 22:57:11 - oxford_flowers_promptfl_8_0.0_1 - INFO - ------------local test finish-------------
2025-11-06 22:57:11 - oxford_flowers_promptfl_8_0.0_1 - INFO - Epoch: 2/3	finished batch : 8/9
2025-11-06 22:57:11 - oxford_flowers_promptfl_8_0.0_1 - INFO - ------------epoch 2 完成，用时: 269.59s-------------
2025-11-06 22:57:11 - oxford_flowers_promptfl_8_0.0_1 - INFO - maximum test local acc: 0.7668977025109894
2025-11-06 22:57:11 - oxford_flowers_promptfl_8_0.0_1 - INFO - mean of local acc: 0.7668977025109894
2025-11-06 22:57:11 - oxford_flowers_promptfl_8_0.0_1 - INFO - maximum test neighbor acc: 0.7009733188815155
2025-11-06 22:57:11 - oxford_flowers_promptfl_8_0.0_1 - INFO - mean of neighbor acc: 0.7009733188815155
