2025-11-12 05:19:58 - oxford_pets_dpfpl_8_0.0_1 - INFO - 日志文件已创建: logs/oxford_pets_dpfpl_8_0.0_1_20251112_051958.log
2025-11-12 05:19:58 - oxford_pets_dpfpl_8_0.0_1 - INFO - Loading trainer: DP_FPL
2025-11-12 05:19:58 - oxford_pets_dpfpl_8_0.0_1 - INFO - Loading dataset: OxfordPets
2025-11-12 05:19:58 - oxford_pets_dpfpl_8_0.0_1 - INFO - Reading split from /home/liuxin25/dataset/oxford_pets/split_zhou_OxfordPets.json
2025-11-12 05:19:58 - oxford_pets_dpfpl_8_0.0_1 - INFO - Creating a baseline federated dataset
2025-11-12 05:19:58 - oxford_pets_dpfpl_8_0.0_1 - INFO - class_num 37
2025-11-12 05:19:58 - oxford_pets_dpfpl_8_0.0_1 - INFO - user class dict total [18, 14, 23, 10]
2025-11-12 05:19:58 - oxford_pets_dpfpl_8_0.0_1 - INFO - idx: 0, output_dict_len: 320
2025-11-12 05:19:58 - oxford_pets_dpfpl_8_0.0_1 - INFO - user class dict total [8, 4, 13, 19]
2025-11-12 05:19:58 - oxford_pets_dpfpl_8_0.0_1 - INFO - idx: 1, output_dict_len: 320
2025-11-12 05:19:58 - oxford_pets_dpfpl_8_0.0_1 - INFO - user class dict total [12, 29, 34, 15]
2025-11-12 05:19:58 - oxford_pets_dpfpl_8_0.0_1 - INFO - idx: 2, output_dict_len: 317
2025-11-12 05:19:58 - oxford_pets_dpfpl_8_0.0_1 - INFO - user class dict total [2, 32, 1, 11]
2025-11-12 05:19:58 - oxford_pets_dpfpl_8_0.0_1 - INFO - idx: 3, output_dict_len: 313
2025-11-12 05:19:58 - oxford_pets_dpfpl_8_0.0_1 - INFO - user class dict total [31, 0, 35, 7]
2025-11-12 05:19:58 - oxford_pets_dpfpl_8_0.0_1 - INFO - idx: 4, output_dict_len: 317
2025-11-12 05:19:58 - oxford_pets_dpfpl_8_0.0_1 - INFO - user class dict total [5, 27, 16, 30]
2025-11-12 05:19:58 - oxford_pets_dpfpl_8_0.0_1 - INFO - idx: 5, output_dict_len: 320
2025-11-12 05:19:58 - oxford_pets_dpfpl_8_0.0_1 - INFO - user class dict total [17, 22, 26, 9]
2025-11-12 05:19:58 - oxford_pets_dpfpl_8_0.0_1 - INFO - idx: 6, output_dict_len: 317
2025-11-12 05:19:58 - oxford_pets_dpfpl_8_0.0_1 - INFO - user class dict total [33, 3, 25, 6]
2025-11-12 05:19:58 - oxford_pets_dpfpl_8_0.0_1 - INFO - idx: 7, output_dict_len: 320
2025-11-12 05:19:58 - oxford_pets_dpfpl_8_0.0_1 - INFO - user class dict total [21, 20, 36, 28]
2025-11-12 05:19:58 - oxford_pets_dpfpl_8_0.0_1 - INFO - idx: 8, output_dict_len: 320
2025-11-12 05:19:58 - oxford_pets_dpfpl_8_0.0_1 - INFO - user class dict total [24]
2025-11-12 05:19:58 - oxford_pets_dpfpl_8_0.0_1 - INFO - idx: 9, output_dict_len: 80
2025-11-12 05:19:58 - oxford_pets_dpfpl_8_0.0_1 - INFO - Creating a baseline federated dataset
2025-11-12 05:19:58 - oxford_pets_dpfpl_8_0.0_1 - INFO - class_num 37
2025-11-12 05:19:58 - oxford_pets_dpfpl_8_0.0_1 - INFO - user class dict total [18, 14, 23, 10]
2025-11-12 05:19:58 - oxford_pets_dpfpl_8_0.0_1 - INFO - idx: 0, output_dict_len: 399
2025-11-12 05:19:58 - oxford_pets_dpfpl_8_0.0_1 - INFO - user class dict total [8, 4, 13, 19]
2025-11-12 05:19:58 - oxford_pets_dpfpl_8_0.0_1 - INFO - idx: 1, output_dict_len: 399
2025-11-12 05:19:58 - oxford_pets_dpfpl_8_0.0_1 - INFO - user class dict total [12, 29, 34, 15]
2025-11-12 05:19:58 - oxford_pets_dpfpl_8_0.0_1 - INFO - idx: 2, output_dict_len: 389
2025-11-12 05:19:58 - oxford_pets_dpfpl_8_0.0_1 - INFO - user class dict total [2, 32, 1, 11]
2025-11-12 05:19:58 - oxford_pets_dpfpl_8_0.0_1 - INFO - idx: 3, output_dict_len: 397
2025-11-12 05:19:58 - oxford_pets_dpfpl_8_0.0_1 - INFO - user class dict total [31, 0, 35, 7]
2025-11-12 05:19:58 - oxford_pets_dpfpl_8_0.0_1 - INFO - idx: 4, output_dict_len: 386
2025-11-12 05:19:58 - oxford_pets_dpfpl_8_0.0_1 - INFO - user class dict total [5, 27, 16, 30]
2025-11-12 05:19:58 - oxford_pets_dpfpl_8_0.0_1 - INFO - idx: 5, output_dict_len: 399
2025-11-12 05:19:58 - oxford_pets_dpfpl_8_0.0_1 - INFO - user class dict total [17, 22, 26, 9]
2025-11-12 05:19:58 - oxford_pets_dpfpl_8_0.0_1 - INFO - idx: 6, output_dict_len: 400
2025-11-12 05:19:58 - oxford_pets_dpfpl_8_0.0_1 - INFO - user class dict total [33, 3, 25, 6]
2025-11-12 05:19:58 - oxford_pets_dpfpl_8_0.0_1 - INFO - idx: 7, output_dict_len: 400
2025-11-12 05:19:58 - oxford_pets_dpfpl_8_0.0_1 - INFO - user class dict total [21, 20, 36, 28]
2025-11-12 05:19:58 - oxford_pets_dpfpl_8_0.0_1 - INFO - idx: 8, output_dict_len: 400
2025-11-12 05:19:58 - oxford_pets_dpfpl_8_0.0_1 - INFO - user class dict total [24]
2025-11-12 05:19:58 - oxford_pets_dpfpl_8_0.0_1 - INFO - idx: 9, output_dict_len: 100
2025-11-12 05:19:58 - oxford_pets_dpfpl_8_0.0_1 - INFO - Loading CLIP (backbone: ViT-B/16)
2025-11-12 05:20:02 - oxford_pets_dpfpl_8_0.0_1 - INFO - Building custom CLIP
2025-11-12 05:20:02 - oxford_pets_dpfpl_8_0.0_1 - INFO - Turning off gradients in both the image and the text encoder
2025-11-12 05:20:09 - oxford_pets_dpfpl_8_0.0_1 - INFO - [Epoch 1/30] 训练耗时: 7.36s | 平均训练准确率: 51.41
2025-11-12 05:20:16 - oxford_pets_dpfpl_8_0.0_1 - INFO - [Epoch 2/30] 训练耗时: 6.72s | 平均训练准确率: 78.12
2025-11-12 05:20:24 - oxford_pets_dpfpl_8_0.0_1 - INFO - [Epoch 3/30] 训练耗时: 7.55s | 平均训练准确率: 79.38
2025-11-12 05:20:32 - oxford_pets_dpfpl_8_0.0_1 - INFO - [Epoch 4/30] 训练耗时: 8.65s | 平均训练准确率: 80.78
2025-11-12 05:20:39 - oxford_pets_dpfpl_8_0.0_1 - INFO - [Epoch 5/30] 训练耗时: 6.73s | 平均训练准确率: 86.41
2025-11-12 05:20:46 - oxford_pets_dpfpl_8_0.0_1 - INFO - [Epoch 6/30] 训练耗时: 7.28s | 平均训练准确率: 86.88
2025-11-12 05:20:54 - oxford_pets_dpfpl_8_0.0_1 - INFO - [Epoch 7/30] 训练耗时: 7.16s | 平均训练准确率: 86.72
2025-11-12 05:21:02 - oxford_pets_dpfpl_8_0.0_1 - INFO - [Epoch 8/30] 训练耗时: 8.32s | 平均训练准确率: 86.72
2025-11-12 05:21:08 - oxford_pets_dpfpl_8_0.0_1 - INFO - [Epoch 9/30] 训练耗时: 6.38s | 平均训练准确率: 87.81
2025-11-12 05:21:15 - oxford_pets_dpfpl_8_0.0_1 - INFO - [Epoch 10/30] 训练耗时: 6.46s | 平均训练准确率: 88.91
2025-11-12 05:21:22 - oxford_pets_dpfpl_8_0.0_1 - INFO - [Epoch 11/30] 训练耗时: 7.26s | 平均训练准确率: 89.38
2025-11-12 05:21:29 - oxford_pets_dpfpl_8_0.0_1 - INFO - [Epoch 12/30] 训练耗时: 6.94s | 平均训练准确率: 89.53
2025-11-12 05:21:36 - oxford_pets_dpfpl_8_0.0_1 - INFO - [Epoch 13/30] 训练耗时: 6.66s | 平均训练准确率: 91.41
2025-11-12 05:21:43 - oxford_pets_dpfpl_8_0.0_1 - INFO - [Epoch 14/30] 训练耗时: 7.03s | 平均训练准确率: 92.19
2025-11-12 05:21:49 - oxford_pets_dpfpl_8_0.0_1 - INFO - [Epoch 15/30] 训练耗时: 6.86s | 平均训练准确率: 90.62
2025-11-12 05:21:57 - oxford_pets_dpfpl_8_0.0_1 - INFO - [Epoch 16/30] 训练耗时: 7.99s | 平均训练准确率: 90.78
2025-11-12 05:22:06 - oxford_pets_dpfpl_8_0.0_1 - INFO - [Epoch 17/30] 训练耗时: 8.28s | 平均训练准确率: 91.88
2025-11-12 05:22:13 - oxford_pets_dpfpl_8_0.0_1 - INFO - [Epoch 18/30] 训练耗时: 7.26s | 平均训练准确率: 93.28
2025-11-12 05:22:20 - oxford_pets_dpfpl_8_0.0_1 - INFO - [Epoch 19/30] 训练耗时: 6.88s | 平均训练准确率: 92.50
2025-11-12 05:22:27 - oxford_pets_dpfpl_8_0.0_1 - INFO - [Epoch 20/30] 训练耗时: 7.42s | 平均训练准确率: 91.25
2025-11-12 05:22:35 - oxford_pets_dpfpl_8_0.0_1 - INFO - [Epoch 21/30] 训练耗时: 7.67s | 平均训练准确率: 92.66
2025-11-12 05:22:42 - oxford_pets_dpfpl_8_0.0_1 - INFO - [Epoch 22/30] 训练耗时: 7.24s | 平均训练准确率: 92.81
2025-11-12 05:22:49 - oxford_pets_dpfpl_8_0.0_1 - INFO - [Epoch 23/30] 训练耗时: 7.16s | 平均训练准确率: 92.19
2025-11-12 05:22:56 - oxford_pets_dpfpl_8_0.0_1 - INFO - [Epoch 24/30] 训练耗时: 7.00s | 平均训练准确率: 92.81
2025-11-12 05:23:05 - oxford_pets_dpfpl_8_0.0_1 - INFO - [Epoch 25/30] 训练耗时: 8.90s | 平均训练准确率: 92.19
2025-11-12 05:23:12 - oxford_pets_dpfpl_8_0.0_1 - INFO - [Epoch 26/30] 训练耗时: 6.81s | 平均训练准确率: 93.44
2025-11-12 05:23:20 - oxford_pets_dpfpl_8_0.0_1 - INFO - [Epoch 27/30] 训练耗时: 7.58s | 平均训练准确率: 92.97
2025-11-12 05:23:27 - oxford_pets_dpfpl_8_0.0_1 - INFO - [Epoch 28/30] 训练耗时: 7.49s | 平均训练准确率: 94.38
2025-11-12 05:23:27 - oxford_pets_dpfpl_8_0.0_1 - INFO - ------------local test start-------------
2025-11-12 05:23:27 - oxford_pets_dpfpl_8_0.0_1 - INFO - Evaluate on the client0 local set
2025-11-12 05:23:33 - oxford_pets_dpfpl_8_0.0_1 - INFO - => result | total: 399 | correct: 168 | accuracy: 42.1% | error: 57.9% | macro_f1: 45.2%
2025-11-12 05:23:33 - oxford_pets_dpfpl_8_0.0_1 - INFO - Evaluate on the client0 neighbor set
2025-11-12 05:24:18 - oxford_pets_dpfpl_8_0.0_1 - INFO - => result | total: 3,270 | correct: 1,218 | accuracy: 37.2% | error: 62.8% | macro_f1: 26.3%
2025-11-12 05:24:18 - oxford_pets_dpfpl_8_0.0_1 - INFO - Evaluate on the client1 local set
2025-11-12 05:24:23 - oxford_pets_dpfpl_8_0.0_1 - INFO - => result | total: 399 | correct: 99 | accuracy: 24.8% | error: 75.2% | macro_f1: 24.8%
2025-11-12 05:24:23 - oxford_pets_dpfpl_8_0.0_1 - INFO - Evaluate on the client1 neighbor set
2025-11-12 05:25:07 - oxford_pets_dpfpl_8_0.0_1 - INFO - => result | total: 3,270 | correct: 1,324 | accuracy: 40.5% | error: 59.5% | macro_f1: 29.0%
2025-11-12 05:25:07 - oxford_pets_dpfpl_8_0.0_1 - INFO - Evaluate on the client2 local set
2025-11-12 05:25:13 - oxford_pets_dpfpl_8_0.0_1 - INFO - => result | total: 389 | correct: 272 | accuracy: 69.9% | error: 30.1% | macro_f1: 71.1%
2025-11-12 05:25:13 - oxford_pets_dpfpl_8_0.0_1 - INFO - Evaluate on the client2 neighbor set
2025-11-12 05:25:55 - oxford_pets_dpfpl_8_0.0_1 - INFO - => result | total: 3,280 | correct: 1,197 | accuracy: 36.5% | error: 63.5% | macro_f1: 26.8%
2025-11-12 05:25:55 - oxford_pets_dpfpl_8_0.0_1 - INFO - Evaluate on the client3 local set
2025-11-12 05:26:00 - oxford_pets_dpfpl_8_0.0_1 - INFO - => result | total: 397 | correct: 100 | accuracy: 25.2% | error: 74.8% | macro_f1: 19.8%
2025-11-12 05:26:00 - oxford_pets_dpfpl_8_0.0_1 - INFO - Evaluate on the client3 neighbor set
2025-11-12 05:26:42 - oxford_pets_dpfpl_8_0.0_1 - INFO - => result | total: 3,272 | correct: 1,397 | accuracy: 42.7% | error: 57.3% | macro_f1: 33.2%
2025-11-12 05:26:42 - oxford_pets_dpfpl_8_0.0_1 - INFO - Evaluate on the client4 local set
2025-11-12 05:26:47 - oxford_pets_dpfpl_8_0.0_1 - INFO - => result | total: 386 | correct: 93 | accuracy: 24.1% | error: 75.9% | macro_f1: 19.7%
2025-11-12 05:26:47 - oxford_pets_dpfpl_8_0.0_1 - INFO - Evaluate on the client4 neighbor set
2025-11-12 05:27:28 - oxford_pets_dpfpl_8_0.0_1 - INFO - => result | total: 3,283 | correct: 1,409 | accuracy: 42.9% | error: 57.1% | macro_f1: 32.6%
2025-11-12 05:27:28 - oxford_pets_dpfpl_8_0.0_1 - INFO - Evaluate on the client5 local set
2025-11-12 05:27:33 - oxford_pets_dpfpl_8_0.0_1 - INFO - => result | total: 399 | correct: 198 | accuracy: 49.6% | error: 50.4% | macro_f1: 49.9%
2025-11-12 05:27:33 - oxford_pets_dpfpl_8_0.0_1 - INFO - Evaluate on the client5 neighbor set
2025-11-12 05:28:15 - oxford_pets_dpfpl_8_0.0_1 - INFO - => result | total: 3,270 | correct: 1,297 | accuracy: 39.7% | error: 60.3% | macro_f1: 29.1%
2025-11-12 05:28:15 - oxford_pets_dpfpl_8_0.0_1 - INFO - Evaluate on the client6 local set
2025-11-12 05:28:20 - oxford_pets_dpfpl_8_0.0_1 - INFO - => result | total: 400 | correct: 99 | accuracy: 24.8% | error: 75.2% | macro_f1: 21.0%
2025-11-12 05:28:20 - oxford_pets_dpfpl_8_0.0_1 - INFO - Evaluate on the client6 neighbor set
2025-11-12 05:29:04 - oxford_pets_dpfpl_8_0.0_1 - INFO - => result | total: 3,269 | correct: 1,389 | accuracy: 42.5% | error: 57.5% | macro_f1: 32.1%
2025-11-12 05:29:04 - oxford_pets_dpfpl_8_0.0_1 - INFO - Evaluate on the client7 local set
2025-11-12 05:29:09 - oxford_pets_dpfpl_8_0.0_1 - INFO - => result | total: 400 | correct: 264 | accuracy: 66.0% | error: 34.0% | macro_f1: 70.0%
2025-11-12 05:29:09 - oxford_pets_dpfpl_8_0.0_1 - INFO - Evaluate on the client7 neighbor set
2025-11-12 05:29:52 - oxford_pets_dpfpl_8_0.0_1 - INFO - => result | total: 3,269 | correct: 1,212 | accuracy: 37.1% | error: 62.9% | macro_f1: 25.5%
2025-11-12 05:29:52 - oxford_pets_dpfpl_8_0.0_1 - INFO - Evaluate on the client8 local set
2025-11-12 05:29:57 - oxford_pets_dpfpl_8_0.0_1 - INFO - => result | total: 400 | correct: 151 | accuracy: 37.8% | error: 62.2% | macro_f1: 42.9%
2025-11-12 05:29:57 - oxford_pets_dpfpl_8_0.0_1 - INFO - Evaluate on the client8 neighbor set
2025-11-12 05:30:39 - oxford_pets_dpfpl_8_0.0_1 - INFO - => result | total: 3,269 | correct: 1,315 | accuracy: 40.2% | error: 59.8% | macro_f1: 30.1%
2025-11-12 05:30:39 - oxford_pets_dpfpl_8_0.0_1 - INFO - Evaluate on the client9 local set
2025-11-12 05:30:41 - oxford_pets_dpfpl_8_0.0_1 - INFO - => result | total: 100 | correct: 100 | accuracy: 100.0% | error: 0.0% | macro_f1: 100.0%
2025-11-12 05:30:41 - oxford_pets_dpfpl_8_0.0_1 - INFO - Evaluate on the client9 neighbor set
2025-11-12 05:31:30 - oxford_pets_dpfpl_8_0.0_1 - INFO - => result | total: 3,569 | correct: 1,356 | accuracy: 38.0% | error: 62.0% | macro_f1: 28.1%
2025-11-12 05:31:30 - oxford_pets_dpfpl_8_0.0_1 - INFO - Global test local acc: 46.42
2025-11-12 05:31:30 - oxford_pets_dpfpl_8_0.0_1 - INFO - Global test neighbor acc: 39.73
2025-11-12 05:31:30 - oxford_pets_dpfpl_8_0.0_1 - INFO - ------------local test finish-------------
2025-11-12 05:31:30 - oxford_pets_dpfpl_8_0.0_1 - INFO - [Epoch 28/30] 测试耗时: 482.44s
2025-11-12 05:31:37 - oxford_pets_dpfpl_8_0.0_1 - INFO - [Epoch 29/30] 训练耗时: 7.12s | 平均训练准确率: 93.44
2025-11-12 05:31:37 - oxford_pets_dpfpl_8_0.0_1 - INFO - ------------local test start-------------
2025-11-12 05:31:37 - oxford_pets_dpfpl_8_0.0_1 - INFO - Evaluate on the client0 local set
2025-11-12 05:31:42 - oxford_pets_dpfpl_8_0.0_1 - INFO - => result | total: 399 | correct: 164 | accuracy: 41.1% | error: 58.9% | macro_f1: 44.3%
2025-11-12 05:31:42 - oxford_pets_dpfpl_8_0.0_1 - INFO - Evaluate on the client0 neighbor set
2025-11-12 05:32:25 - oxford_pets_dpfpl_8_0.0_1 - INFO - => result | total: 3,270 | correct: 1,141 | accuracy: 34.9% | error: 65.1% | macro_f1: 23.7%
2025-11-12 05:32:25 - oxford_pets_dpfpl_8_0.0_1 - INFO - Evaluate on the client1 local set
2025-11-12 05:32:30 - oxford_pets_dpfpl_8_0.0_1 - INFO - => result | total: 399 | correct: 100 | accuracy: 25.1% | error: 74.9% | macro_f1: 24.9%
2025-11-12 05:32:30 - oxford_pets_dpfpl_8_0.0_1 - INFO - Evaluate on the client1 neighbor set
2025-11-12 05:33:14 - oxford_pets_dpfpl_8_0.0_1 - INFO - => result | total: 3,270 | correct: 1,225 | accuracy: 37.5% | error: 62.5% | macro_f1: 25.9%
2025-11-12 05:33:14 - oxford_pets_dpfpl_8_0.0_1 - INFO - Evaluate on the client2 local set
2025-11-12 05:33:19 - oxford_pets_dpfpl_8_0.0_1 - INFO - => result | total: 389 | correct: 252 | accuracy: 64.8% | error: 35.2% | macro_f1: 65.0%
2025-11-12 05:33:19 - oxford_pets_dpfpl_8_0.0_1 - INFO - Evaluate on the client2 neighbor set
2025-11-12 05:34:00 - oxford_pets_dpfpl_8_0.0_1 - INFO - => result | total: 3,280 | correct: 1,116 | accuracy: 34.0% | error: 66.0% | macro_f1: 24.3%
2025-11-12 05:34:00 - oxford_pets_dpfpl_8_0.0_1 - INFO - Evaluate on the client3 local set
2025-11-12 05:34:06 - oxford_pets_dpfpl_8_0.0_1 - INFO - => result | total: 397 | correct: 101 | accuracy: 25.4% | error: 74.6% | macro_f1: 20.2%
2025-11-12 05:34:06 - oxford_pets_dpfpl_8_0.0_1 - INFO - Evaluate on the client3 neighbor set
2025-11-12 05:34:47 - oxford_pets_dpfpl_8_0.0_1 - INFO - => result | total: 3,272 | correct: 1,292 | accuracy: 39.5% | error: 60.5% | macro_f1: 30.2%
2025-11-12 05:34:47 - oxford_pets_dpfpl_8_0.0_1 - INFO - Evaluate on the client4 local set
2025-11-12 05:34:52 - oxford_pets_dpfpl_8_0.0_1 - INFO - => result | total: 386 | correct: 94 | accuracy: 24.4% | error: 75.6% | macro_f1: 19.1%
2025-11-12 05:34:52 - oxford_pets_dpfpl_8_0.0_1 - INFO - Evaluate on the client4 neighbor set
2025-11-12 05:35:35 - oxford_pets_dpfpl_8_0.0_1 - INFO - => result | total: 3,283 | correct: 1,309 | accuracy: 39.9% | error: 60.1% | macro_f1: 29.9%
2025-11-12 05:35:35 - oxford_pets_dpfpl_8_0.0_1 - INFO - Evaluate on the client5 local set
2025-11-12 05:35:40 - oxford_pets_dpfpl_8_0.0_1 - INFO - => result | total: 399 | correct: 195 | accuracy: 48.9% | error: 51.1% | macro_f1: 49.5%
2025-11-12 05:35:40 - oxford_pets_dpfpl_8_0.0_1 - INFO - Evaluate on the client5 neighbor set
2025-11-12 05:36:23 - oxford_pets_dpfpl_8_0.0_1 - INFO - => result | total: 3,270 | correct: 1,204 | accuracy: 36.8% | error: 63.2% | macro_f1: 26.6%
2025-11-12 05:36:23 - oxford_pets_dpfpl_8_0.0_1 - INFO - Evaluate on the client6 local set
2025-11-12 05:36:28 - oxford_pets_dpfpl_8_0.0_1 - INFO - => result | total: 400 | correct: 99 | accuracy: 24.8% | error: 75.2% | macro_f1: 21.2%
2025-11-12 05:36:28 - oxford_pets_dpfpl_8_0.0_1 - INFO - Evaluate on the client6 neighbor set
2025-11-12 05:37:12 - oxford_pets_dpfpl_8_0.0_1 - INFO - => result | total: 3,269 | correct: 1,293 | accuracy: 39.6% | error: 60.4% | macro_f1: 29.6%
2025-11-12 05:37:12 - oxford_pets_dpfpl_8_0.0_1 - INFO - Evaluate on the client7 local set
2025-11-12 05:37:17 - oxford_pets_dpfpl_8_0.0_1 - INFO - => result | total: 400 | correct: 217 | accuracy: 54.2% | error: 45.8% | macro_f1: 61.9%
2025-11-12 05:37:17 - oxford_pets_dpfpl_8_0.0_1 - INFO - Evaluate on the client7 neighbor set
2025-11-12 05:38:00 - oxford_pets_dpfpl_8_0.0_1 - INFO - => result | total: 3,269 | correct: 1,163 | accuracy: 35.6% | error: 64.4% | macro_f1: 24.1%
2025-11-12 05:38:00 - oxford_pets_dpfpl_8_0.0_1 - INFO - Evaluate on the client8 local set
2025-11-12 05:38:05 - oxford_pets_dpfpl_8_0.0_1 - INFO - => result | total: 400 | correct: 133 | accuracy: 33.2% | error: 66.8% | macro_f1: 37.8%
2025-11-12 05:38:05 - oxford_pets_dpfpl_8_0.0_1 - INFO - Evaluate on the client8 neighbor set
2025-11-12 05:38:47 - oxford_pets_dpfpl_8_0.0_1 - INFO - => result | total: 3,269 | correct: 1,234 | accuracy: 37.7% | error: 62.3% | macro_f1: 27.7%
2025-11-12 05:38:47 - oxford_pets_dpfpl_8_0.0_1 - INFO - Evaluate on the client9 local set
2025-11-12 05:38:48 - oxford_pets_dpfpl_8_0.0_1 - INFO - => result | total: 100 | correct: 100 | accuracy: 100.0% | error: 0.0% | macro_f1: 100.0%
2025-11-12 05:38:48 - oxford_pets_dpfpl_8_0.0_1 - INFO - Evaluate on the client9 neighbor set
2025-11-12 05:39:32 - oxford_pets_dpfpl_8_0.0_1 - INFO - => result | total: 3,569 | correct: 1,248 | accuracy: 35.0% | error: 65.0% | macro_f1: 25.1%
2025-11-12 05:39:32 - oxford_pets_dpfpl_8_0.0_1 - INFO - Global test local acc: 44.19
2025-11-12 05:39:32 - oxford_pets_dpfpl_8_0.0_1 - INFO - Global test neighbor acc: 37.04
2025-11-12 05:39:32 - oxford_pets_dpfpl_8_0.0_1 - INFO - ------------local test finish-------------
2025-11-12 05:39:32 - oxford_pets_dpfpl_8_0.0_1 - INFO - [Epoch 29/30] 测试耗时: 475.71s
2025-11-12 05:39:39 - oxford_pets_dpfpl_8_0.0_1 - INFO - [Epoch 30/30] 训练耗时: 6.97s | 平均训练准确率: 93.59
2025-11-12 05:39:39 - oxford_pets_dpfpl_8_0.0_1 - INFO - ------------local test start-------------
2025-11-12 05:39:39 - oxford_pets_dpfpl_8_0.0_1 - INFO - Evaluate on the client0 local set
2025-11-12 05:39:45 - oxford_pets_dpfpl_8_0.0_1 - INFO - => result | total: 399 | correct: 167 | accuracy: 41.9% | error: 58.1% | macro_f1: 44.9%
2025-11-12 05:39:45 - oxford_pets_dpfpl_8_0.0_1 - INFO - Evaluate on the client0 neighbor set
2025-11-12 05:40:26 - oxford_pets_dpfpl_8_0.0_1 - INFO - => result | total: 3,270 | correct: 1,164 | accuracy: 35.6% | error: 64.4% | macro_f1: 24.7%
2025-11-12 05:40:26 - oxford_pets_dpfpl_8_0.0_1 - INFO - Evaluate on the client1 local set
2025-11-12 05:40:32 - oxford_pets_dpfpl_8_0.0_1 - INFO - => result | total: 399 | correct: 100 | accuracy: 25.1% | error: 74.9% | macro_f1: 24.9%
2025-11-12 05:40:32 - oxford_pets_dpfpl_8_0.0_1 - INFO - Evaluate on the client1 neighbor set
2025-11-12 05:41:15 - oxford_pets_dpfpl_8_0.0_1 - INFO - => result | total: 3,270 | correct: 1,254 | accuracy: 38.3% | error: 61.7% | macro_f1: 27.2%
2025-11-12 05:41:15 - oxford_pets_dpfpl_8_0.0_1 - INFO - Evaluate on the client2 local set
2025-11-12 05:41:22 - oxford_pets_dpfpl_8_0.0_1 - INFO - => result | total: 389 | correct: 300 | accuracy: 77.1% | error: 22.9% | macro_f1: 82.2%
2025-11-12 05:41:22 - oxford_pets_dpfpl_8_0.0_1 - INFO - Evaluate on the client2 neighbor set
2025-11-12 05:42:10 - oxford_pets_dpfpl_8_0.0_1 - INFO - => result | total: 3,280 | correct: 1,093 | accuracy: 33.3% | error: 66.7% | macro_f1: 23.0%
2025-11-12 05:42:10 - oxford_pets_dpfpl_8_0.0_1 - INFO - Evaluate on the client3 local set
2025-11-12 05:42:16 - oxford_pets_dpfpl_8_0.0_1 - INFO - => result | total: 397 | correct: 100 | accuracy: 25.2% | error: 74.8% | macro_f1: 18.8%
2025-11-12 05:42:16 - oxford_pets_dpfpl_8_0.0_1 - INFO - Evaluate on the client3 neighbor set
2025-11-12 05:43:08 - oxford_pets_dpfpl_8_0.0_1 - INFO - => result | total: 3,272 | correct: 1,344 | accuracy: 41.1% | error: 58.9% | macro_f1: 31.8%
2025-11-12 05:43:08 - oxford_pets_dpfpl_8_0.0_1 - INFO - Evaluate on the client4 local set
2025-11-12 05:43:14 - oxford_pets_dpfpl_8_0.0_1 - INFO - => result | total: 386 | correct: 94 | accuracy: 24.4% | error: 75.6% | macro_f1: 18.2%
2025-11-12 05:43:14 - oxford_pets_dpfpl_8_0.0_1 - INFO - Evaluate on the client4 neighbor set
2025-11-12 05:44:03 - oxford_pets_dpfpl_8_0.0_1 - INFO - => result | total: 3,283 | correct: 1,363 | accuracy: 41.5% | error: 58.5% | macro_f1: 32.1%
2025-11-12 05:44:03 - oxford_pets_dpfpl_8_0.0_1 - INFO - Evaluate on the client5 local set
2025-11-12 05:44:10 - oxford_pets_dpfpl_8_0.0_1 - INFO - => result | total: 399 | correct: 197 | accuracy: 49.4% | error: 50.6% | macro_f1: 49.4%
2025-11-12 05:44:10 - oxford_pets_dpfpl_8_0.0_1 - INFO - Evaluate on the client5 neighbor set
2025-11-12 05:44:56 - oxford_pets_dpfpl_8_0.0_1 - INFO - => result | total: 3,270 | correct: 1,236 | accuracy: 37.8% | error: 62.2% | macro_f1: 28.2%
2025-11-12 05:44:56 - oxford_pets_dpfpl_8_0.0_1 - INFO - Evaluate on the client6 local set
2025-11-12 05:45:01 - oxford_pets_dpfpl_8_0.0_1 - INFO - => result | total: 400 | correct: 99 | accuracy: 24.8% | error: 75.2% | macro_f1: 20.3%
2025-11-12 05:45:01 - oxford_pets_dpfpl_8_0.0_1 - INFO - Evaluate on the client6 neighbor set
2025-11-12 05:45:43 - oxford_pets_dpfpl_8_0.0_1 - INFO - => result | total: 3,269 | correct: 1,308 | accuracy: 40.0% | error: 60.0% | macro_f1: 30.1%
2025-11-12 05:45:43 - oxford_pets_dpfpl_8_0.0_1 - INFO - Evaluate on the client7 local set
2025-11-12 05:45:48 - oxford_pets_dpfpl_8_0.0_1 - INFO - => result | total: 400 | correct: 211 | accuracy: 52.8% | error: 47.2% | macro_f1: 59.6%
2025-11-12 05:45:48 - oxford_pets_dpfpl_8_0.0_1 - INFO - Evaluate on the client7 neighbor set
2025-11-12 05:46:29 - oxford_pets_dpfpl_8_0.0_1 - INFO - => result | total: 3,269 | correct: 1,162 | accuracy: 35.5% | error: 64.5% | macro_f1: 24.1%
2025-11-12 05:46:29 - oxford_pets_dpfpl_8_0.0_1 - INFO - Evaluate on the client8 local set
2025-11-12 05:46:34 - oxford_pets_dpfpl_8_0.0_1 - INFO - => result | total: 400 | correct: 146 | accuracy: 36.5% | error: 63.5% | macro_f1: 41.3%
2025-11-12 05:46:34 - oxford_pets_dpfpl_8_0.0_1 - INFO - Evaluate on the client8 neighbor set
2025-11-12 05:47:16 - oxford_pets_dpfpl_8_0.0_1 - INFO - => result | total: 3,269 | correct: 1,219 | accuracy: 37.3% | error: 62.7% | macro_f1: 26.6%
2025-11-12 05:47:16 - oxford_pets_dpfpl_8_0.0_1 - INFO - Evaluate on the client9 local set
2025-11-12 05:47:17 - oxford_pets_dpfpl_8_0.0_1 - INFO - => result | total: 100 | correct: 100 | accuracy: 100.0% | error: 0.0% | macro_f1: 100.0%
2025-11-12 05:47:17 - oxford_pets_dpfpl_8_0.0_1 - INFO - Evaluate on the client9 neighbor set
2025-11-12 05:48:02 - oxford_pets_dpfpl_8_0.0_1 - INFO - => result | total: 3,569 | correct: 1,248 | accuracy: 35.0% | error: 65.0% | macro_f1: 24.4%
2025-11-12 05:48:02 - oxford_pets_dpfpl_8_0.0_1 - INFO - Global test local acc: 45.70
2025-11-12 05:48:02 - oxford_pets_dpfpl_8_0.0_1 - INFO - Global test neighbor acc: 37.55
2025-11-12 05:48:02 - oxford_pets_dpfpl_8_0.0_1 - INFO - ------------local test finish-------------
2025-11-12 05:48:02 - oxford_pets_dpfpl_8_0.0_1 - INFO - [Epoch 30/30] 测试耗时: 502.31s
2025-11-12 05:48:02 - oxford_pets_dpfpl_8_0.0_1 - INFO - maximum test local acc: 46.425
2025-11-12 05:48:02 - oxford_pets_dpfpl_8_0.0_1 - INFO - mean of local acc: 45.435
2025-11-12 05:48:02 - oxford_pets_dpfpl_8_0.0_1 - INFO - maximum test neighbor acc: 39.729
2025-11-12 05:48:02 - oxford_pets_dpfpl_8_0.0_1 - INFO - mean of neighbor acc: 38.106
