2025-11-06 22:33:44 - oxford_pets_fedpgp_8_0.0_1 - INFO - 日志文件已创建: logs/oxford_pets_fedpgp_8_0.0_1_20251106_223344.log
2025-11-06 22:33:47 - oxford_pets_fedpgp_8_0.0_1 - INFO - ------------local train start epoch: 0 -------------
2025-11-06 22:33:53 - oxford_pets_fedpgp_8_0.0_1 - INFO - Epoch: 0/3	finished batch : 1/2 (skip test)
2025-11-06 22:33:53 - oxford_pets_fedpgp_8_0.0_1 - INFO - ------------epoch 0 完成，用时: 5.77s-------------
2025-11-06 22:33:53 - oxford_pets_fedpgp_8_0.0_1 - INFO - ------------已完成 1 个epoch | 平均用时: 5.77s | 上一个epoch: 5.77s | 预计剩余时间: 11.55s (0.2分钟)-------------
2025-11-06 22:33:53 - oxford_pets_fedpgp_8_0.0_1 - INFO - ------------local train start epoch: 1 -------------
2025-11-06 22:33:58 - oxford_pets_fedpgp_8_0.0_1 - INFO - Epoch: 1/3	finished batch : 1/2 (skip test)
2025-11-06 22:33:58 - oxford_pets_fedpgp_8_0.0_1 - INFO - ------------epoch 1 完成，用时: 5.45s-------------
2025-11-06 22:33:58 - oxford_pets_fedpgp_8_0.0_1 - INFO - ------------已完成 2 个epoch | 平均用时: 5.61s | 上一个epoch: 5.45s | 预计剩余时间: 5.61s (0.1分钟)-------------
2025-11-06 22:33:58 - oxford_pets_fedpgp_8_0.0_1 - INFO - ------------local train start epoch: 2 -------------
2025-11-06 22:34:04 - oxford_pets_fedpgp_8_0.0_1 - INFO - ------------local test start-------------
2025-11-06 22:39:34 - oxford_pets_fedpgp_8_0.0_1 - INFO - Global test local acc: 86.48330217307019
2025-11-06 22:39:34 - oxford_pets_fedpgp_8_0.0_1 - INFO - Global test neighbor acc: 85.65136373440346
2025-11-06 22:39:34 - oxford_pets_fedpgp_8_0.0_1 - INFO - ------------local test finish-------------
2025-11-06 22:39:34 - oxford_pets_fedpgp_8_0.0_1 - INFO - Epoch: 2/3	finished batch : 1/2
2025-11-06 22:39:34 - oxford_pets_fedpgp_8_0.0_1 - INFO - ------------epoch 2 完成，用时: 335.65s-------------
2025-11-06 22:39:34 - oxford_pets_fedpgp_8_0.0_1 - INFO - maximum test local acc: 86.48330217307019
2025-11-06 22:39:34 - oxford_pets_fedpgp_8_0.0_1 - INFO - mean of local acc: 86.48330217307019
2025-11-06 22:39:34 - oxford_pets_fedpgp_8_0.0_1 - INFO - maximum test neighbor acc: 85.65136373440346
2025-11-06 22:39:34 - oxford_pets_fedpgp_8_0.0_1 - INFO - mean of neighbor acc: 85.65136373440346
