2025-11-07 04:30:00 - oxford_flowers_sepfpl_8_0.05_1 - INFO - 日志文件已创建: logs/oxford_flowers_sepfpl_8_0.05_1_20251107_043000.log
2025-11-07 04:30:03 - oxford_flowers_sepfpl_8_0.05_1 - INFO - ------------local train start epoch: 0 -------------
2025-11-07 04:30:42 - oxford_flowers_sepfpl_8_0.05_1 - INFO - Epoch: 0/3	finished batch : 8/9 (skip test)
2025-11-07 04:30:42 - oxford_flowers_sepfpl_8_0.05_1 - INFO - ------------epoch 0 完成，用时: 38.77s-------------
2025-11-07 04:30:42 - oxford_flowers_sepfpl_8_0.05_1 - INFO - ------------已完成 1 个epoch | 平均用时: 38.77s | 上一个epoch: 38.77s | 预计剩余时间: 77.55s (1.3分钟)-------------
2025-11-07 04:30:42 - oxford_flowers_sepfpl_8_0.05_1 - INFO - ------------local train start epoch: 1 -------------
2025-11-07 04:31:17 - oxford_flowers_sepfpl_8_0.05_1 - INFO - Epoch: 1/3	finished batch : 8/9 (skip test)
2025-11-07 04:31:17 - oxford_flowers_sepfpl_8_0.05_1 - INFO - ------------epoch 1 完成，用时: 34.39s-------------
2025-11-07 04:31:17 - oxford_flowers_sepfpl_8_0.05_1 - INFO - ------------已完成 2 个epoch | 平均用时: 36.58s | 上一个epoch: 34.39s | 预计剩余时间: 36.58s (0.6分钟)-------------
2025-11-07 04:31:17 - oxford_flowers_sepfpl_8_0.05_1 - INFO - ------------local train start epoch: 2 -------------
2025-11-07 04:31:53 - oxford_flowers_sepfpl_8_0.05_1 - INFO - ------------local test start-------------
2025-11-07 04:36:22 - oxford_flowers_sepfpl_8_0.05_1 - INFO - Global test local acc: 1.786833855799373
2025-11-07 04:36:22 - oxford_flowers_sepfpl_8_0.05_1 - INFO - Global test neighbor acc: 2.1607743017831966
2025-11-07 04:36:22 - oxford_flowers_sepfpl_8_0.05_1 - INFO - ------------local test finish-------------
2025-11-07 04:36:22 - oxford_flowers_sepfpl_8_0.05_1 - INFO - Epoch: 2/3	finished batch : 8/9
2025-11-07 04:36:22 - oxford_flowers_sepfpl_8_0.05_1 - INFO - ------------epoch 2 完成，用时: 305.23s-------------
2025-11-07 04:36:22 - oxford_flowers_sepfpl_8_0.05_1 - INFO - maximum test local acc: 1.786833855799373
2025-11-07 04:36:22 - oxford_flowers_sepfpl_8_0.05_1 - INFO - mean of local acc: 1.786833855799373
2025-11-07 04:36:22 - oxford_flowers_sepfpl_8_0.05_1 - INFO - maximum test neighbor acc: 2.1607743017831966
2025-11-07 04:36:22 - oxford_flowers_sepfpl_8_0.05_1 - INFO - mean of neighbor acc: 2.1607743017831966
