2025-11-07 18:06:04 - oxford_flowers_promptfl_8_0.4_1 - INFO - 日志文件已创建: logs/oxford_flowers_promptfl_8_0.4_1_20251107_180604.log
2025-11-07 18:06:07 - oxford_flowers_promptfl_8_0.4_1 - INFO - ------------local train start epoch: 0 -------------
2025-11-07 18:06:34 - oxford_flowers_promptfl_8_0.4_1 - INFO - Epoch: 0/3	finished batch : 8/9 (skip test)
2025-11-07 18:06:34 - oxford_flowers_promptfl_8_0.4_1 - INFO - ------------epoch 0 完成，用时: 26.76s-------------
2025-11-07 18:06:34 - oxford_flowers_promptfl_8_0.4_1 - INFO - ------------已完成 1 个epoch | 平均用时: 26.76s | 上一个epoch: 26.76s | 预计剩余时间: 53.53s (0.9分钟)-------------
2025-11-07 18:06:34 - oxford_flowers_promptfl_8_0.4_1 - INFO - ------------local train start epoch: 1 -------------
2025-11-07 18:07:00 - oxford_flowers_promptfl_8_0.4_1 - INFO - Epoch: 1/3	finished batch : 8/9 (skip test)
2025-11-07 18:07:00 - oxford_flowers_promptfl_8_0.4_1 - INFO - ------------epoch 1 完成，用时: 25.90s-------------
2025-11-07 18:07:00 - oxford_flowers_promptfl_8_0.4_1 - INFO - ------------已完成 2 个epoch | 平均用时: 26.33s | 上一个epoch: 25.90s | 预计剩余时间: 26.33s (0.4分钟)-------------
2025-11-07 18:07:00 - oxford_flowers_promptfl_8_0.4_1 - INFO - ------------local train start epoch: 2 -------------
2025-11-07 18:07:25 - oxford_flowers_promptfl_8_0.4_1 - INFO - ------------local test start-------------
2025-11-07 18:11:00 - oxford_flowers_promptfl_8_0.4_1 - INFO - Global test local acc: 0.9026659828913978
2025-11-07 18:11:00 - oxford_flowers_promptfl_8_0.4_1 - INFO - Global test neighbor acc: 0.9808254613807232
2025-11-07 18:11:00 - oxford_flowers_promptfl_8_0.4_1 - INFO - ------------local test finish-------------
2025-11-07 18:11:00 - oxford_flowers_promptfl_8_0.4_1 - INFO - Epoch: 2/3	finished batch : 8/9
2025-11-07 18:11:00 - oxford_flowers_promptfl_8_0.4_1 - INFO - ------------epoch 2 完成，用时: 240.94s-------------
2025-11-07 18:11:00 - oxford_flowers_promptfl_8_0.4_1 - INFO - maximum test local acc: 0.9026659828913978
2025-11-07 18:11:00 - oxford_flowers_promptfl_8_0.4_1 - INFO - mean of local acc: 0.9026659828913978
2025-11-07 18:11:00 - oxford_flowers_promptfl_8_0.4_1 - INFO - maximum test neighbor acc: 0.9808254613807232
2025-11-07 18:11:00 - oxford_flowers_promptfl_8_0.4_1 - INFO - mean of neighbor acc: 0.9808254613807232
