2025-11-07 10:35:46 - oxford_flowers_promptfl_8_0.1_1 - INFO - 日志文件已创建: logs/oxford_flowers_promptfl_8_0.1_1_20251107_103546.log
2025-11-07 10:35:49 - oxford_flowers_promptfl_8_0.1_1 - INFO - ------------local train start epoch: 0 -------------
2025-11-07 10:36:19 - oxford_flowers_promptfl_8_0.1_1 - INFO - Epoch: 0/3	finished batch : 8/9 (skip test)
2025-11-07 10:36:19 - oxford_flowers_promptfl_8_0.1_1 - INFO - ------------epoch 0 完成，用时: 29.71s-------------
2025-11-07 10:36:19 - oxford_flowers_promptfl_8_0.1_1 - INFO - ------------已完成 1 个epoch | 平均用时: 29.71s | 上一个epoch: 29.71s | 预计剩余时间: 59.41s (1.0分钟)-------------
2025-11-07 10:36:19 - oxford_flowers_promptfl_8_0.1_1 - INFO - ------------local train start epoch: 1 -------------
2025-11-07 10:36:48 - oxford_flowers_promptfl_8_0.1_1 - INFO - Epoch: 1/3	finished batch : 8/9 (skip test)
2025-11-07 10:36:48 - oxford_flowers_promptfl_8_0.1_1 - INFO - ------------epoch 1 完成，用时: 29.74s-------------
2025-11-07 10:36:48 - oxford_flowers_promptfl_8_0.1_1 - INFO - ------------已完成 2 个epoch | 平均用时: 29.72s | 上一个epoch: 29.74s | 预计剩余时间: 29.72s (0.5分钟)-------------
2025-11-07 10:36:48 - oxford_flowers_promptfl_8_0.1_1 - INFO - ------------local train start epoch: 2 -------------
2025-11-07 10:37:16 - oxford_flowers_promptfl_8_0.1_1 - INFO - ------------local test start-------------
2025-11-07 10:41:21 - oxford_flowers_promptfl_8_0.1_1 - INFO - Global test local acc: 0.9633042554630296
2025-11-07 10:41:21 - oxford_flowers_promptfl_8_0.1_1 - INFO - Global test neighbor acc: 0.9984838281686885
2025-11-07 10:41:21 - oxford_flowers_promptfl_8_0.1_1 - INFO - ------------local test finish-------------
2025-11-07 10:41:21 - oxford_flowers_promptfl_8_0.1_1 - INFO - Epoch: 2/3	finished batch : 8/9
2025-11-07 10:41:21 - oxford_flowers_promptfl_8_0.1_1 - INFO - ------------epoch 2 完成，用时: 272.25s-------------
2025-11-07 10:41:21 - oxford_flowers_promptfl_8_0.1_1 - INFO - maximum test local acc: 0.9633042554630296
2025-11-07 10:41:21 - oxford_flowers_promptfl_8_0.1_1 - INFO - mean of local acc: 0.9633042554630296
2025-11-07 10:41:21 - oxford_flowers_promptfl_8_0.1_1 - INFO - maximum test neighbor acc: 0.9984838281686885
2025-11-07 10:41:21 - oxford_flowers_promptfl_8_0.1_1 - INFO - mean of neighbor acc: 0.9984838281686885
