2025-11-07 01:41:14 - oxford_flowers_fedpgp_8_0.01_1 - INFO - 日志文件已创建: logs/oxford_flowers_fedpgp_8_0.01_1_20251107_014114.log
2025-11-07 01:41:17 - oxford_flowers_fedpgp_8_0.01_1 - INFO - ------------local train start epoch: 0 -------------
2025-11-07 01:41:48 - oxford_flowers_fedpgp_8_0.01_1 - INFO - Epoch: 0/3	finished batch : 8/9 (skip test)
2025-11-07 01:41:48 - oxford_flowers_fedpgp_8_0.01_1 - INFO - ------------epoch 0 完成，用时: 30.52s-------------
2025-11-07 01:41:48 - oxford_flowers_fedpgp_8_0.01_1 - INFO - ------------已完成 1 个epoch | 平均用时: 30.52s | 上一个epoch: 30.52s | 预计剩余时间: 61.04s (1.0分钟)-------------
2025-11-07 01:41:48 - oxford_flowers_fedpgp_8_0.01_1 - INFO - ------------local train start epoch: 1 -------------
2025-11-07 01:42:17 - oxford_flowers_fedpgp_8_0.01_1 - INFO - Epoch: 1/3	finished batch : 8/9 (skip test)
2025-11-07 01:42:17 - oxford_flowers_fedpgp_8_0.01_1 - INFO - ------------epoch 1 完成，用时: 29.49s-------------
2025-11-07 01:42:17 - oxford_flowers_fedpgp_8_0.01_1 - INFO - ------------已完成 2 个epoch | 平均用时: 30.01s | 上一个epoch: 29.49s | 预计剩余时间: 30.01s (0.5分钟)-------------
2025-11-07 01:42:17 - oxford_flowers_fedpgp_8_0.01_1 - INFO - ------------local train start epoch: 2 -------------
2025-11-07 01:42:48 - oxford_flowers_fedpgp_8_0.01_1 - INFO - ------------local test start-------------
2025-11-07 01:46:59 - oxford_flowers_fedpgp_8_0.01_1 - INFO - Global test local acc: 0.5552760059972373
2025-11-07 01:46:59 - oxford_flowers_fedpgp_8_0.01_1 - INFO - Global test neighbor acc: 0.5283162526705756
2025-11-07 01:46:59 - oxford_flowers_fedpgp_8_0.01_1 - INFO - ------------local test finish-------------
2025-11-07 01:46:59 - oxford_flowers_fedpgp_8_0.01_1 - INFO - Epoch: 2/3	finished batch : 8/9
2025-11-07 01:46:59 - oxford_flowers_fedpgp_8_0.01_1 - INFO - ------------epoch 2 完成，用时: 282.05s-------------
2025-11-07 01:46:59 - oxford_flowers_fedpgp_8_0.01_1 - INFO - maximum test local acc: 0.5552760059972373
2025-11-07 01:46:59 - oxford_flowers_fedpgp_8_0.01_1 - INFO - mean of local acc: 0.5552760059972373
2025-11-07 01:46:59 - oxford_flowers_fedpgp_8_0.01_1 - INFO - maximum test neighbor acc: 0.5283162526705756
2025-11-07 01:46:59 - oxford_flowers_fedpgp_8_0.01_1 - INFO - mean of neighbor acc: 0.5283162526705756
