2025-11-12 04:09:39 - oxford_pets_fedpgp_8_0.0_1 - INFO - 日志文件已创建: logs/oxford_pets_fedpgp_8_0.0_1_20251112_040939.log
2025-11-12 04:09:39 - oxford_pets_fedpgp_8_0.0_1 - INFO - Loading trainer: DP_FPL
2025-11-12 04:09:39 - oxford_pets_fedpgp_8_0.0_1 - INFO - Loading dataset: OxfordPets
2025-11-12 04:09:39 - oxford_pets_fedpgp_8_0.0_1 - INFO - Reading split from /home/liuxin25/dataset/oxford_pets/split_zhou_OxfordPets.json
2025-11-12 04:09:39 - oxford_pets_fedpgp_8_0.0_1 - INFO - Creating a baseline federated dataset
2025-11-12 04:09:39 - oxford_pets_fedpgp_8_0.0_1 - INFO - class_num 37
2025-11-12 04:09:39 - oxford_pets_fedpgp_8_0.0_1 - INFO - user class dict total [18, 14, 23, 10]
2025-11-12 04:09:39 - oxford_pets_fedpgp_8_0.0_1 - INFO - idx: 0, output_dict_len: 320
2025-11-12 04:09:39 - oxford_pets_fedpgp_8_0.0_1 - INFO - user class dict total [8, 4, 13, 19]
2025-11-12 04:09:39 - oxford_pets_fedpgp_8_0.0_1 - INFO - idx: 1, output_dict_len: 320
2025-11-12 04:09:39 - oxford_pets_fedpgp_8_0.0_1 - INFO - user class dict total [12, 29, 34, 15]
2025-11-12 04:09:39 - oxford_pets_fedpgp_8_0.0_1 - INFO - idx: 2, output_dict_len: 317
2025-11-12 04:09:39 - oxford_pets_fedpgp_8_0.0_1 - INFO - user class dict total [2, 32, 1, 11]
2025-11-12 04:09:39 - oxford_pets_fedpgp_8_0.0_1 - INFO - idx: 3, output_dict_len: 313
2025-11-12 04:09:39 - oxford_pets_fedpgp_8_0.0_1 - INFO - user class dict total [31, 0, 35, 7]
2025-11-12 04:09:39 - oxford_pets_fedpgp_8_0.0_1 - INFO - idx: 4, output_dict_len: 317
2025-11-12 04:09:39 - oxford_pets_fedpgp_8_0.0_1 - INFO - user class dict total [5, 27, 16, 30]
2025-11-12 04:09:39 - oxford_pets_fedpgp_8_0.0_1 - INFO - idx: 5, output_dict_len: 320
2025-11-12 04:09:39 - oxford_pets_fedpgp_8_0.0_1 - INFO - user class dict total [17, 22, 26, 9]
2025-11-12 04:09:39 - oxford_pets_fedpgp_8_0.0_1 - INFO - idx: 6, output_dict_len: 317
2025-11-12 04:09:39 - oxford_pets_fedpgp_8_0.0_1 - INFO - user class dict total [33, 3, 25, 6]
2025-11-12 04:09:39 - oxford_pets_fedpgp_8_0.0_1 - INFO - idx: 7, output_dict_len: 320
2025-11-12 04:09:39 - oxford_pets_fedpgp_8_0.0_1 - INFO - user class dict total [21, 20, 36, 28]
2025-11-12 04:09:39 - oxford_pets_fedpgp_8_0.0_1 - INFO - idx: 8, output_dict_len: 320
2025-11-12 04:09:39 - oxford_pets_fedpgp_8_0.0_1 - INFO - user class dict total [24]
2025-11-12 04:09:39 - oxford_pets_fedpgp_8_0.0_1 - INFO - idx: 9, output_dict_len: 80
2025-11-12 04:09:39 - oxford_pets_fedpgp_8_0.0_1 - INFO - Creating a baseline federated dataset
2025-11-12 04:09:39 - oxford_pets_fedpgp_8_0.0_1 - INFO - class_num 37
2025-11-12 04:09:39 - oxford_pets_fedpgp_8_0.0_1 - INFO - user class dict total [18, 14, 23, 10]
2025-11-12 04:09:39 - oxford_pets_fedpgp_8_0.0_1 - INFO - idx: 0, output_dict_len: 399
2025-11-12 04:09:39 - oxford_pets_fedpgp_8_0.0_1 - INFO - user class dict total [8, 4, 13, 19]
2025-11-12 04:09:39 - oxford_pets_fedpgp_8_0.0_1 - INFO - idx: 1, output_dict_len: 399
2025-11-12 04:09:39 - oxford_pets_fedpgp_8_0.0_1 - INFO - user class dict total [12, 29, 34, 15]
2025-11-12 04:09:39 - oxford_pets_fedpgp_8_0.0_1 - INFO - idx: 2, output_dict_len: 389
2025-11-12 04:09:39 - oxford_pets_fedpgp_8_0.0_1 - INFO - user class dict total [2, 32, 1, 11]
2025-11-12 04:09:39 - oxford_pets_fedpgp_8_0.0_1 - INFO - idx: 3, output_dict_len: 397
2025-11-12 04:09:39 - oxford_pets_fedpgp_8_0.0_1 - INFO - user class dict total [31, 0, 35, 7]
2025-11-12 04:09:39 - oxford_pets_fedpgp_8_0.0_1 - INFO - idx: 4, output_dict_len: 386
2025-11-12 04:09:39 - oxford_pets_fedpgp_8_0.0_1 - INFO - user class dict total [5, 27, 16, 30]
2025-11-12 04:09:39 - oxford_pets_fedpgp_8_0.0_1 - INFO - idx: 5, output_dict_len: 399
2025-11-12 04:09:39 - oxford_pets_fedpgp_8_0.0_1 - INFO - user class dict total [17, 22, 26, 9]
2025-11-12 04:09:39 - oxford_pets_fedpgp_8_0.0_1 - INFO - idx: 6, output_dict_len: 400
2025-11-12 04:09:39 - oxford_pets_fedpgp_8_0.0_1 - INFO - user class dict total [33, 3, 25, 6]
2025-11-12 04:09:39 - oxford_pets_fedpgp_8_0.0_1 - INFO - idx: 7, output_dict_len: 400
2025-11-12 04:09:39 - oxford_pets_fedpgp_8_0.0_1 - INFO - user class dict total [21, 20, 36, 28]
2025-11-12 04:09:39 - oxford_pets_fedpgp_8_0.0_1 - INFO - idx: 8, output_dict_len: 400
2025-11-12 04:09:39 - oxford_pets_fedpgp_8_0.0_1 - INFO - user class dict total [24]
2025-11-12 04:09:39 - oxford_pets_fedpgp_8_0.0_1 - INFO - idx: 9, output_dict_len: 100
2025-11-12 04:09:39 - oxford_pets_fedpgp_8_0.0_1 - INFO - Loading CLIP (backbone: ViT-B/16)
2025-11-12 04:09:43 - oxford_pets_fedpgp_8_0.0_1 - INFO - Building custom CLIP
2025-11-12 04:09:43 - oxford_pets_fedpgp_8_0.0_1 - INFO - Turning off gradients in both the image and the text encoder
2025-11-12 04:09:51 - oxford_pets_fedpgp_8_0.0_1 - INFO - [Epoch 1/30] 训练耗时: 8.33s | 平均训练准确率: 60.31
2025-11-12 04:09:59 - oxford_pets_fedpgp_8_0.0_1 - INFO - [Epoch 2/30] 训练耗时: 8.02s | 平均训练准确率: 69.22
2025-11-12 04:10:07 - oxford_pets_fedpgp_8_0.0_1 - INFO - [Epoch 3/30] 训练耗时: 7.74s | 平均训练准确率: 74.38
2025-11-12 04:10:15 - oxford_pets_fedpgp_8_0.0_1 - INFO - [Epoch 4/30] 训练耗时: 7.92s | 平均训练准确率: 86.25
2025-11-12 04:10:22 - oxford_pets_fedpgp_8_0.0_1 - INFO - [Epoch 5/30] 训练耗时: 7.46s | 平均训练准确率: 85.62
2025-11-12 04:10:30 - oxford_pets_fedpgp_8_0.0_1 - INFO - [Epoch 6/30] 训练耗时: 7.54s | 平均训练准确率: 85.16
2025-11-12 04:10:37 - oxford_pets_fedpgp_8_0.0_1 - INFO - [Epoch 7/30] 训练耗时: 7.69s | 平均训练准确率: 85.78
2025-11-12 04:10:45 - oxford_pets_fedpgp_8_0.0_1 - INFO - [Epoch 8/30] 训练耗时: 7.47s | 平均训练准确率: 88.28
2025-11-12 04:10:53 - oxford_pets_fedpgp_8_0.0_1 - INFO - [Epoch 9/30] 训练耗时: 8.40s | 平均训练准确率: 89.69
2025-11-12 04:11:01 - oxford_pets_fedpgp_8_0.0_1 - INFO - [Epoch 10/30] 训练耗时: 8.00s | 平均训练准确率: 90.31
2025-11-12 04:11:10 - oxford_pets_fedpgp_8_0.0_1 - INFO - [Epoch 11/30] 训练耗时: 8.45s | 平均训练准确率: 90.94
2025-11-12 04:11:17 - oxford_pets_fedpgp_8_0.0_1 - INFO - [Epoch 12/30] 训练耗时: 7.56s | 平均训练准确率: 88.91
2025-11-12 04:11:25 - oxford_pets_fedpgp_8_0.0_1 - INFO - [Epoch 13/30] 训练耗时: 7.70s | 平均训练准确率: 88.59
2025-11-12 04:11:33 - oxford_pets_fedpgp_8_0.0_1 - INFO - [Epoch 14/30] 训练耗时: 7.61s | 平均训练准确率: 89.06
2025-11-12 04:11:40 - oxford_pets_fedpgp_8_0.0_1 - INFO - [Epoch 15/30] 训练耗时: 7.75s | 平均训练准确率: 90.00
2025-11-12 04:11:48 - oxford_pets_fedpgp_8_0.0_1 - INFO - [Epoch 16/30] 训练耗时: 7.88s | 平均训练准确率: 86.56
2025-11-12 04:11:57 - oxford_pets_fedpgp_8_0.0_1 - INFO - [Epoch 17/30] 训练耗时: 8.25s | 平均训练准确率: 87.97
2025-11-12 04:12:05 - oxford_pets_fedpgp_8_0.0_1 - INFO - [Epoch 18/30] 训练耗时: 8.36s | 平均训练准确率: 89.06
2025-11-12 04:12:13 - oxford_pets_fedpgp_8_0.0_1 - INFO - [Epoch 19/30] 训练耗时: 7.93s | 平均训练准确率: 89.84
2025-11-12 04:12:20 - oxford_pets_fedpgp_8_0.0_1 - INFO - [Epoch 20/30] 训练耗时: 7.20s | 平均训练准确率: 91.09
2025-11-12 04:12:27 - oxford_pets_fedpgp_8_0.0_1 - INFO - [Epoch 21/30] 训练耗时: 7.34s | 平均训练准确率: 87.97
2025-11-12 04:12:35 - oxford_pets_fedpgp_8_0.0_1 - INFO - [Epoch 22/30] 训练耗时: 7.35s | 平均训练准确率: 88.91
2025-11-12 04:12:42 - oxford_pets_fedpgp_8_0.0_1 - INFO - [Epoch 23/30] 训练耗时: 7.65s | 平均训练准确率: 91.72
2025-11-12 04:12:50 - oxford_pets_fedpgp_8_0.0_1 - INFO - [Epoch 24/30] 训练耗时: 7.81s | 平均训练准确率: 92.34
2025-11-12 04:12:57 - oxford_pets_fedpgp_8_0.0_1 - INFO - [Epoch 25/30] 训练耗时: 7.27s | 平均训练准确率: 91.09
2025-11-12 04:13:05 - oxford_pets_fedpgp_8_0.0_1 - INFO - [Epoch 26/30] 训练耗时: 7.83s | 平均训练准确率: 90.62
2025-11-12 04:13:13 - oxford_pets_fedpgp_8_0.0_1 - INFO - [Epoch 27/30] 训练耗时: 7.47s | 平均训练准确率: 92.19
2025-11-12 04:13:20 - oxford_pets_fedpgp_8_0.0_1 - INFO - [Epoch 28/30] 训练耗时: 7.62s | 平均训练准确率: 92.81
2025-11-12 04:13:20 - oxford_pets_fedpgp_8_0.0_1 - INFO - ------------local test start-------------
2025-11-12 04:13:20 - oxford_pets_fedpgp_8_0.0_1 - INFO - Evaluate on the client0 local set
2025-11-12 04:13:26 - oxford_pets_fedpgp_8_0.0_1 - INFO - => result | total: 399 | correct: 171 | accuracy: 42.9% | error: 57.1% | macro_f1: 45.7%
2025-11-12 04:13:26 - oxford_pets_fedpgp_8_0.0_1 - INFO - Evaluate on the client0 neighbor set
2025-11-12 04:14:11 - oxford_pets_fedpgp_8_0.0_1 - INFO - => result | total: 3,270 | correct: 1,735 | accuracy: 53.1% | error: 46.9% | macro_f1: 44.9%
2025-11-12 04:14:11 - oxford_pets_fedpgp_8_0.0_1 - INFO - Evaluate on the client1 local set
2025-11-12 04:14:17 - oxford_pets_fedpgp_8_0.0_1 - INFO - => result | total: 399 | correct: 98 | accuracy: 24.6% | error: 75.4% | macro_f1: 24.7%
2025-11-12 04:14:17 - oxford_pets_fedpgp_8_0.0_1 - INFO - Evaluate on the client1 neighbor set
2025-11-12 04:15:16 - oxford_pets_fedpgp_8_0.0_1 - INFO - => result | total: 3,270 | correct: 1,803 | accuracy: 55.1% | error: 44.9% | macro_f1: 46.3%
2025-11-12 04:15:16 - oxford_pets_fedpgp_8_0.0_1 - INFO - Evaluate on the client2 local set
2025-11-12 04:15:24 - oxford_pets_fedpgp_8_0.0_1 - INFO - => result | total: 389 | correct: 317 | accuracy: 81.5% | error: 18.5% | macro_f1: 85.8%
2025-11-12 04:15:24 - oxford_pets_fedpgp_8_0.0_1 - INFO - Evaluate on the client2 neighbor set
2025-11-12 04:16:31 - oxford_pets_fedpgp_8_0.0_1 - INFO - => result | total: 3,280 | correct: 1,576 | accuracy: 48.0% | error: 52.0% | macro_f1: 39.8%
2025-11-12 04:16:31 - oxford_pets_fedpgp_8_0.0_1 - INFO - Evaluate on the client3 local set
2025-11-12 04:16:38 - oxford_pets_fedpgp_8_0.0_1 - INFO - => result | total: 397 | correct: 131 | accuracy: 33.0% | error: 67.0% | macro_f1: 30.8%
2025-11-12 04:16:38 - oxford_pets_fedpgp_8_0.0_1 - INFO - Evaluate on the client3 neighbor set
2025-11-12 04:17:37 - oxford_pets_fedpgp_8_0.0_1 - INFO - => result | total: 3,272 | correct: 1,744 | accuracy: 53.3% | error: 46.7% | macro_f1: 45.9%
2025-11-12 04:17:37 - oxford_pets_fedpgp_8_0.0_1 - INFO - Evaluate on the client4 local set
2025-11-12 04:17:44 - oxford_pets_fedpgp_8_0.0_1 - INFO - => result | total: 386 | correct: 211 | accuracy: 54.7% | error: 45.3% | macro_f1: 59.9%
2025-11-12 04:17:44 - oxford_pets_fedpgp_8_0.0_1 - INFO - Evaluate on the client4 neighbor set
2025-11-12 04:18:49 - oxford_pets_fedpgp_8_0.0_1 - INFO - => result | total: 3,283 | correct: 1,641 | accuracy: 50.0% | error: 50.0% | macro_f1: 41.1%
2025-11-12 04:18:49 - oxford_pets_fedpgp_8_0.0_1 - INFO - Evaluate on the client5 local set
2025-11-12 04:18:57 - oxford_pets_fedpgp_8_0.0_1 - INFO - => result | total: 399 | correct: 193 | accuracy: 48.4% | error: 51.6% | macro_f1: 49.0%
2025-11-12 04:18:57 - oxford_pets_fedpgp_8_0.0_1 - INFO - Evaluate on the client5 neighbor set
2025-11-12 04:19:56 - oxford_pets_fedpgp_8_0.0_1 - INFO - => result | total: 3,270 | correct: 1,629 | accuracy: 49.8% | error: 50.2% | macro_f1: 41.8%
2025-11-12 04:19:56 - oxford_pets_fedpgp_8_0.0_1 - INFO - Evaluate on the client6 local set
2025-11-12 04:20:04 - oxford_pets_fedpgp_8_0.0_1 - INFO - => result | total: 400 | correct: 102 | accuracy: 25.5% | error: 74.5% | macro_f1: 22.1%
2025-11-12 04:20:04 - oxford_pets_fedpgp_8_0.0_1 - INFO - Evaluate on the client6 neighbor set
2025-11-12 04:21:10 - oxford_pets_fedpgp_8_0.0_1 - INFO - => result | total: 3,269 | correct: 1,694 | accuracy: 51.8% | error: 48.2% | macro_f1: 44.5%
2025-11-12 04:21:10 - oxford_pets_fedpgp_8_0.0_1 - INFO - Evaluate on the client7 local set
2025-11-12 04:21:18 - oxford_pets_fedpgp_8_0.0_1 - INFO - => result | total: 400 | correct: 285 | accuracy: 71.2% | error: 28.8% | macro_f1: 73.0%
2025-11-12 04:21:18 - oxford_pets_fedpgp_8_0.0_1 - INFO - Evaluate on the client7 neighbor set
2025-11-12 04:22:03 - oxford_pets_fedpgp_8_0.0_1 - INFO - => result | total: 3,269 | correct: 1,484 | accuracy: 45.4% | error: 54.6% | macro_f1: 36.3%
2025-11-12 04:22:03 - oxford_pets_fedpgp_8_0.0_1 - INFO - Evaluate on the client8 local set
2025-11-12 04:22:09 - oxford_pets_fedpgp_8_0.0_1 - INFO - => result | total: 400 | correct: 272 | accuracy: 68.0% | error: 32.0% | macro_f1: 71.2%
2025-11-12 04:22:09 - oxford_pets_fedpgp_8_0.0_1 - INFO - Evaluate on the client8 neighbor set
2025-11-12 04:22:53 - oxford_pets_fedpgp_8_0.0_1 - INFO - => result | total: 3,269 | correct: 1,464 | accuracy: 44.8% | error: 55.2% | macro_f1: 37.1%
2025-11-12 04:22:53 - oxford_pets_fedpgp_8_0.0_1 - INFO - Evaluate on the client9 local set
2025-11-12 04:22:54 - oxford_pets_fedpgp_8_0.0_1 - INFO - => result | total: 100 | correct: 100 | accuracy: 100.0% | error: 0.0% | macro_f1: 100.0%
2025-11-12 04:22:54 - oxford_pets_fedpgp_8_0.0_1 - INFO - Evaluate on the client9 neighbor set
2025-11-12 04:23:43 - oxford_pets_fedpgp_8_0.0_1 - INFO - => result | total: 3,569 | correct: 1,604 | accuracy: 44.9% | error: 55.1% | macro_f1: 36.7%
2025-11-12 04:23:43 - oxford_pets_fedpgp_8_0.0_1 - INFO - Global test local acc: 54.97
2025-11-12 04:23:43 - oxford_pets_fedpgp_8_0.0_1 - INFO - Global test neighbor acc: 49.63
2025-11-12 04:23:43 - oxford_pets_fedpgp_8_0.0_1 - INFO - ------------local test finish-------------
2025-11-12 04:23:43 - oxford_pets_fedpgp_8_0.0_1 - INFO - [Epoch 28/30] 测试耗时: 622.99s
2025-11-12 04:23:51 - oxford_pets_fedpgp_8_0.0_1 - INFO - [Epoch 29/30] 训练耗时: 7.82s | 平均训练准确率: 92.81
2025-11-12 04:23:51 - oxford_pets_fedpgp_8_0.0_1 - INFO - ------------local test start-------------
2025-11-12 04:23:51 - oxford_pets_fedpgp_8_0.0_1 - INFO - Evaluate on the client0 local set
2025-11-12 04:23:57 - oxford_pets_fedpgp_8_0.0_1 - INFO - => result | total: 399 | correct: 176 | accuracy: 44.1% | error: 55.9% | macro_f1: 46.4%
2025-11-12 04:23:57 - oxford_pets_fedpgp_8_0.0_1 - INFO - Evaluate on the client0 neighbor set
2025-11-12 04:24:42 - oxford_pets_fedpgp_8_0.0_1 - INFO - => result | total: 3,270 | correct: 1,553 | accuracy: 47.5% | error: 52.5% | macro_f1: 39.2%
2025-11-12 04:24:42 - oxford_pets_fedpgp_8_0.0_1 - INFO - Evaluate on the client1 local set
2025-11-12 04:24:48 - oxford_pets_fedpgp_8_0.0_1 - INFO - => result | total: 399 | correct: 100 | accuracy: 25.1% | error: 74.9% | macro_f1: 25.0%
2025-11-12 04:24:48 - oxford_pets_fedpgp_8_0.0_1 - INFO - Evaluate on the client1 neighbor set
2025-11-12 04:25:32 - oxford_pets_fedpgp_8_0.0_1 - INFO - => result | total: 3,270 | correct: 1,622 | accuracy: 49.6% | error: 50.4% | macro_f1: 41.4%
2025-11-12 04:25:32 - oxford_pets_fedpgp_8_0.0_1 - INFO - Evaluate on the client2 local set
2025-11-12 04:25:38 - oxford_pets_fedpgp_8_0.0_1 - INFO - => result | total: 389 | correct: 315 | accuracy: 81.0% | error: 19.0% | macro_f1: 85.2%
2025-11-12 04:25:38 - oxford_pets_fedpgp_8_0.0_1 - INFO - Evaluate on the client2 neighbor set
2025-11-12 04:26:23 - oxford_pets_fedpgp_8_0.0_1 - INFO - => result | total: 3,280 | correct: 1,412 | accuracy: 43.0% | error: 57.0% | macro_f1: 35.2%
2025-11-12 04:26:23 - oxford_pets_fedpgp_8_0.0_1 - INFO - Evaluate on the client3 local set
2025-11-12 04:26:29 - oxford_pets_fedpgp_8_0.0_1 - INFO - => result | total: 397 | correct: 132 | accuracy: 33.2% | error: 66.8% | macro_f1: 31.3%
2025-11-12 04:26:29 - oxford_pets_fedpgp_8_0.0_1 - INFO - Evaluate on the client3 neighbor set
2025-11-12 04:27:12 - oxford_pets_fedpgp_8_0.0_1 - INFO - => result | total: 3,272 | correct: 1,579 | accuracy: 48.3% | error: 51.7% | macro_f1: 40.7%
2025-11-12 04:27:12 - oxford_pets_fedpgp_8_0.0_1 - INFO - Evaluate on the client4 local set
2025-11-12 04:27:17 - oxford_pets_fedpgp_8_0.0_1 - INFO - => result | total: 386 | correct: 138 | accuracy: 35.8% | error: 64.2% | macro_f1: 41.4%
2025-11-12 04:27:17 - oxford_pets_fedpgp_8_0.0_1 - INFO - Evaluate on the client4 neighbor set
2025-11-12 04:28:03 - oxford_pets_fedpgp_8_0.0_1 - INFO - => result | total: 3,283 | correct: 1,552 | accuracy: 47.3% | error: 52.7% | macro_f1: 38.3%
2025-11-12 04:28:03 - oxford_pets_fedpgp_8_0.0_1 - INFO - Evaluate on the client5 local set
2025-11-12 04:28:08 - oxford_pets_fedpgp_8_0.0_1 - INFO - => result | total: 399 | correct: 191 | accuracy: 47.9% | error: 52.1% | macro_f1: 48.9%
2025-11-12 04:28:08 - oxford_pets_fedpgp_8_0.0_1 - INFO - Evaluate on the client5 neighbor set
2025-11-12 04:28:52 - oxford_pets_fedpgp_8_0.0_1 - INFO - => result | total: 3,270 | correct: 1,475 | accuracy: 45.1% | error: 54.9% | macro_f1: 36.6%
2025-11-12 04:28:52 - oxford_pets_fedpgp_8_0.0_1 - INFO - Evaluate on the client6 local set
2025-11-12 04:28:58 - oxford_pets_fedpgp_8_0.0_1 - INFO - => result | total: 400 | correct: 100 | accuracy: 25.0% | error: 75.0% | macro_f1: 21.7%
2025-11-12 04:28:58 - oxford_pets_fedpgp_8_0.0_1 - INFO - Evaluate on the client6 neighbor set
2025-11-12 04:30:00 - oxford_pets_fedpgp_8_0.0_1 - INFO - => result | total: 3,269 | correct: 1,531 | accuracy: 46.8% | error: 53.2% | macro_f1: 38.5%
2025-11-12 04:30:00 - oxford_pets_fedpgp_8_0.0_1 - INFO - Evaluate on the client7 local set
2025-11-12 04:30:09 - oxford_pets_fedpgp_8_0.0_1 - INFO - => result | total: 400 | correct: 291 | accuracy: 72.8% | error: 27.2% | macro_f1: 73.8%
2025-11-12 04:30:09 - oxford_pets_fedpgp_8_0.0_1 - INFO - Evaluate on the client7 neighbor set
2025-11-12 04:31:15 - oxford_pets_fedpgp_8_0.0_1 - INFO - => result | total: 3,269 | correct: 1,316 | accuracy: 40.3% | error: 59.7% | macro_f1: 30.9%
2025-11-12 04:31:15 - oxford_pets_fedpgp_8_0.0_1 - INFO - Evaluate on the client8 local set
2025-11-12 04:31:23 - oxford_pets_fedpgp_8_0.0_1 - INFO - => result | total: 400 | correct: 250 | accuracy: 62.5% | error: 37.5% | macro_f1: 67.5%
2025-11-12 04:31:23 - oxford_pets_fedpgp_8_0.0_1 - INFO - Evaluate on the client8 neighbor set
2025-11-12 04:32:23 - oxford_pets_fedpgp_8_0.0_1 - INFO - => result | total: 3,269 | correct: 1,324 | accuracy: 40.5% | error: 59.5% | macro_f1: 31.8%
2025-11-12 04:32:23 - oxford_pets_fedpgp_8_0.0_1 - INFO - Evaluate on the client9 local set
2025-11-12 04:32:25 - oxford_pets_fedpgp_8_0.0_1 - INFO - => result | total: 100 | correct: 100 | accuracy: 100.0% | error: 0.0% | macro_f1: 100.0%
2025-11-12 04:32:25 - oxford_pets_fedpgp_8_0.0_1 - INFO - Evaluate on the client9 neighbor set
2025-11-12 04:33:37 - oxford_pets_fedpgp_8_0.0_1 - INFO - => result | total: 3,569 | correct: 1,451 | accuracy: 40.7% | error: 59.3% | macro_f1: 31.8%
2025-11-12 04:33:37 - oxford_pets_fedpgp_8_0.0_1 - INFO - Global test local acc: 52.73
2025-11-12 04:33:37 - oxford_pets_fedpgp_8_0.0_1 - INFO - Global test neighbor acc: 44.90
2025-11-12 04:33:37 - oxford_pets_fedpgp_8_0.0_1 - INFO - ------------local test finish-------------
2025-11-12 04:33:37 - oxford_pets_fedpgp_8_0.0_1 - INFO - [Epoch 29/30] 测试耗时: 585.55s
2025-11-12 04:33:48 - oxford_pets_fedpgp_8_0.0_1 - INFO - [Epoch 30/30] 训练耗时: 11.59s | 平均训练准确率: 92.81
2025-11-12 04:33:48 - oxford_pets_fedpgp_8_0.0_1 - INFO - ------------local test start-------------
2025-11-12 04:33:48 - oxford_pets_fedpgp_8_0.0_1 - INFO - Evaluate on the client0 local set
2025-11-12 04:33:56 - oxford_pets_fedpgp_8_0.0_1 - INFO - => result | total: 399 | correct: 185 | accuracy: 46.4% | error: 53.6% | macro_f1: 47.9%
2025-11-12 04:33:56 - oxford_pets_fedpgp_8_0.0_1 - INFO - Evaluate on the client0 neighbor set
2025-11-12 04:34:54 - oxford_pets_fedpgp_8_0.0_1 - INFO - => result | total: 3,270 | correct: 1,633 | accuracy: 49.9% | error: 50.1% | macro_f1: 41.5%
2025-11-12 04:34:54 - oxford_pets_fedpgp_8_0.0_1 - INFO - Evaluate on the client1 local set
2025-11-12 04:35:03 - oxford_pets_fedpgp_8_0.0_1 - INFO - => result | total: 399 | correct: 100 | accuracy: 25.1% | error: 74.9% | macro_f1: 25.0%
2025-11-12 04:35:03 - oxford_pets_fedpgp_8_0.0_1 - INFO - Evaluate on the client1 neighbor set
2025-11-12 04:36:11 - oxford_pets_fedpgp_8_0.0_1 - INFO - => result | total: 3,270 | correct: 1,709 | accuracy: 52.3% | error: 47.7% | macro_f1: 43.7%
2025-11-12 04:36:11 - oxford_pets_fedpgp_8_0.0_1 - INFO - Evaluate on the client2 local set
2025-11-12 04:36:19 - oxford_pets_fedpgp_8_0.0_1 - INFO - => result | total: 389 | correct: 308 | accuracy: 79.2% | error: 20.8% | macro_f1: 83.4%
2025-11-12 04:36:19 - oxford_pets_fedpgp_8_0.0_1 - INFO - Evaluate on the client2 neighbor set
2025-11-12 04:36:57 - oxford_pets_fedpgp_8_0.0_1 - INFO - => result | total: 3,280 | correct: 1,500 | accuracy: 45.7% | error: 54.3% | macro_f1: 37.3%
2025-11-12 04:36:57 - oxford_pets_fedpgp_8_0.0_1 - INFO - Evaluate on the client3 local set
2025-11-12 04:37:02 - oxford_pets_fedpgp_8_0.0_1 - INFO - => result | total: 397 | correct: 133 | accuracy: 33.5% | error: 66.5% | macro_f1: 31.8%
2025-11-12 04:37:02 - oxford_pets_fedpgp_8_0.0_1 - INFO - Evaluate on the client3 neighbor set
2025-11-12 04:37:46 - oxford_pets_fedpgp_8_0.0_1 - INFO - => result | total: 3,272 | correct: 1,647 | accuracy: 50.3% | error: 49.7% | macro_f1: 42.4%
2025-11-12 04:37:46 - oxford_pets_fedpgp_8_0.0_1 - INFO - Evaluate on the client4 local set
2025-11-12 04:37:51 - oxford_pets_fedpgp_8_0.0_1 - INFO - => result | total: 386 | correct: 177 | accuracy: 45.9% | error: 54.1% | macro_f1: 52.5%
2025-11-12 04:37:51 - oxford_pets_fedpgp_8_0.0_1 - INFO - Evaluate on the client4 neighbor set
2025-11-12 04:38:34 - oxford_pets_fedpgp_8_0.0_1 - INFO - => result | total: 3,283 | correct: 1,576 | accuracy: 48.0% | error: 52.0% | macro_f1: 38.6%
2025-11-12 04:38:34 - oxford_pets_fedpgp_8_0.0_1 - INFO - Evaluate on the client5 local set
2025-11-12 04:38:40 - oxford_pets_fedpgp_8_0.0_1 - INFO - => result | total: 399 | correct: 191 | accuracy: 47.9% | error: 52.1% | macro_f1: 48.7%
2025-11-12 04:38:40 - oxford_pets_fedpgp_8_0.0_1 - INFO - Evaluate on the client5 neighbor set
2025-11-12 04:39:22 - oxford_pets_fedpgp_8_0.0_1 - INFO - => result | total: 3,270 | correct: 1,544 | accuracy: 47.2% | error: 52.8% | macro_f1: 38.6%
2025-11-12 04:39:22 - oxford_pets_fedpgp_8_0.0_1 - INFO - Evaluate on the client6 local set
2025-11-12 04:39:27 - oxford_pets_fedpgp_8_0.0_1 - INFO - => result | total: 400 | correct: 100 | accuracy: 25.0% | error: 75.0% | macro_f1: 21.4%
2025-11-12 04:39:27 - oxford_pets_fedpgp_8_0.0_1 - INFO - Evaluate on the client6 neighbor set
2025-11-12 04:40:10 - oxford_pets_fedpgp_8_0.0_1 - INFO - => result | total: 3,269 | correct: 1,614 | accuracy: 49.4% | error: 50.6% | macro_f1: 41.4%
2025-11-12 04:40:10 - oxford_pets_fedpgp_8_0.0_1 - INFO - Evaluate on the client7 local set
2025-11-12 04:40:15 - oxford_pets_fedpgp_8_0.0_1 - INFO - => result | total: 400 | correct: 286 | accuracy: 71.5% | error: 28.5% | macro_f1: 73.1%
2025-11-12 04:40:15 - oxford_pets_fedpgp_8_0.0_1 - INFO - Evaluate on the client7 neighbor set
2025-11-12 04:40:57 - oxford_pets_fedpgp_8_0.0_1 - INFO - => result | total: 3,269 | correct: 1,410 | accuracy: 43.1% | error: 56.9% | macro_f1: 33.9%
2025-11-12 04:40:57 - oxford_pets_fedpgp_8_0.0_1 - INFO - Evaluate on the client8 local set
2025-11-12 04:41:02 - oxford_pets_fedpgp_8_0.0_1 - INFO - => result | total: 400 | correct: 256 | accuracy: 64.0% | error: 36.0% | macro_f1: 68.8%
2025-11-12 04:41:02 - oxford_pets_fedpgp_8_0.0_1 - INFO - Evaluate on the client8 neighbor set
2025-11-12 04:41:43 - oxford_pets_fedpgp_8_0.0_1 - INFO - => result | total: 3,269 | correct: 1,429 | accuracy: 43.7% | error: 56.3% | macro_f1: 35.3%
2025-11-12 04:41:43 - oxford_pets_fedpgp_8_0.0_1 - INFO - Evaluate on the client9 local set
2025-11-12 04:41:44 - oxford_pets_fedpgp_8_0.0_1 - INFO - => result | total: 100 | correct: 100 | accuracy: 100.0% | error: 0.0% | macro_f1: 100.0%
2025-11-12 04:41:44 - oxford_pets_fedpgp_8_0.0_1 - INFO - Evaluate on the client9 neighbor set
2025-11-12 04:42:29 - oxford_pets_fedpgp_8_0.0_1 - INFO - => result | total: 3,569 | correct: 1,564 | accuracy: 43.8% | error: 56.2% | macro_f1: 35.3%
2025-11-12 04:42:29 - oxford_pets_fedpgp_8_0.0_1 - INFO - Global test local acc: 53.83
2025-11-12 04:42:29 - oxford_pets_fedpgp_8_0.0_1 - INFO - Global test neighbor acc: 47.35
2025-11-12 04:42:29 - oxford_pets_fedpgp_8_0.0_1 - INFO - ------------local test finish-------------
2025-11-12 04:42:29 - oxford_pets_fedpgp_8_0.0_1 - INFO - [Epoch 30/30] 测试耗时: 521.14s
2025-11-12 04:42:29 - oxford_pets_fedpgp_8_0.0_1 - INFO - maximum test local acc: 54.969
2025-11-12 04:42:29 - oxford_pets_fedpgp_8_0.0_1 - INFO - mean of local acc: 53.843
2025-11-12 04:42:29 - oxford_pets_fedpgp_8_0.0_1 - INFO - maximum test neighbor acc: 49.629
2025-11-12 04:42:29 - oxford_pets_fedpgp_8_0.0_1 - INFO - mean of neighbor acc: 47.295
