2025-11-12 05:40:47 - oxford_pets_dpfpl_8_0.4_1 - INFO - 日志文件已创建: logs/oxford_pets_dpfpl_8_0.4_1_20251112_054047.log
2025-11-12 05:40:47 - oxford_pets_dpfpl_8_0.4_1 - INFO - Loading trainer: DP_FPL
2025-11-12 05:40:47 - oxford_pets_dpfpl_8_0.4_1 - INFO - Loading dataset: OxfordPets
2025-11-12 05:40:47 - oxford_pets_dpfpl_8_0.4_1 - INFO - Reading split from /home/liuxin25/dataset/oxford_pets/split_zhou_OxfordPets.json
2025-11-12 05:40:47 - oxford_pets_dpfpl_8_0.4_1 - INFO - Creating a baseline federated dataset
2025-11-12 05:40:47 - oxford_pets_dpfpl_8_0.4_1 - INFO - class_num 37
2025-11-12 05:40:47 - oxford_pets_dpfpl_8_0.4_1 - INFO - user class dict total [18, 14, 23, 10]
2025-11-12 05:40:47 - oxford_pets_dpfpl_8_0.4_1 - INFO - idx: 0, output_dict_len: 320
2025-11-12 05:40:47 - oxford_pets_dpfpl_8_0.4_1 - INFO - user class dict total [8, 4, 13, 19]
2025-11-12 05:40:47 - oxford_pets_dpfpl_8_0.4_1 - INFO - idx: 1, output_dict_len: 320
2025-11-12 05:40:47 - oxford_pets_dpfpl_8_0.4_1 - INFO - user class dict total [12, 29, 34, 15]
2025-11-12 05:40:47 - oxford_pets_dpfpl_8_0.4_1 - INFO - idx: 2, output_dict_len: 317
2025-11-12 05:40:47 - oxford_pets_dpfpl_8_0.4_1 - INFO - user class dict total [2, 32, 1, 11]
2025-11-12 05:40:47 - oxford_pets_dpfpl_8_0.4_1 - INFO - idx: 3, output_dict_len: 313
2025-11-12 05:40:47 - oxford_pets_dpfpl_8_0.4_1 - INFO - user class dict total [31, 0, 35, 7]
2025-11-12 05:40:47 - oxford_pets_dpfpl_8_0.4_1 - INFO - idx: 4, output_dict_len: 317
2025-11-12 05:40:47 - oxford_pets_dpfpl_8_0.4_1 - INFO - user class dict total [5, 27, 16, 30]
2025-11-12 05:40:47 - oxford_pets_dpfpl_8_0.4_1 - INFO - idx: 5, output_dict_len: 320
2025-11-12 05:40:47 - oxford_pets_dpfpl_8_0.4_1 - INFO - user class dict total [17, 22, 26, 9]
2025-11-12 05:40:47 - oxford_pets_dpfpl_8_0.4_1 - INFO - idx: 6, output_dict_len: 317
2025-11-12 05:40:47 - oxford_pets_dpfpl_8_0.4_1 - INFO - user class dict total [33, 3, 25, 6]
2025-11-12 05:40:47 - oxford_pets_dpfpl_8_0.4_1 - INFO - idx: 7, output_dict_len: 320
2025-11-12 05:40:47 - oxford_pets_dpfpl_8_0.4_1 - INFO - user class dict total [21, 20, 36, 28]
2025-11-12 05:40:47 - oxford_pets_dpfpl_8_0.4_1 - INFO - idx: 8, output_dict_len: 320
2025-11-12 05:40:47 - oxford_pets_dpfpl_8_0.4_1 - INFO - user class dict total [24]
2025-11-12 05:40:47 - oxford_pets_dpfpl_8_0.4_1 - INFO - idx: 9, output_dict_len: 80
2025-11-12 05:40:47 - oxford_pets_dpfpl_8_0.4_1 - INFO - Creating a baseline federated dataset
2025-11-12 05:40:47 - oxford_pets_dpfpl_8_0.4_1 - INFO - class_num 37
2025-11-12 05:40:47 - oxford_pets_dpfpl_8_0.4_1 - INFO - user class dict total [18, 14, 23, 10]
2025-11-12 05:40:47 - oxford_pets_dpfpl_8_0.4_1 - INFO - idx: 0, output_dict_len: 399
2025-11-12 05:40:47 - oxford_pets_dpfpl_8_0.4_1 - INFO - user class dict total [8, 4, 13, 19]
2025-11-12 05:40:47 - oxford_pets_dpfpl_8_0.4_1 - INFO - idx: 1, output_dict_len: 399
2025-11-12 05:40:47 - oxford_pets_dpfpl_8_0.4_1 - INFO - user class dict total [12, 29, 34, 15]
2025-11-12 05:40:47 - oxford_pets_dpfpl_8_0.4_1 - INFO - idx: 2, output_dict_len: 389
2025-11-12 05:40:47 - oxford_pets_dpfpl_8_0.4_1 - INFO - user class dict total [2, 32, 1, 11]
2025-11-12 05:40:47 - oxford_pets_dpfpl_8_0.4_1 - INFO - idx: 3, output_dict_len: 397
2025-11-12 05:40:47 - oxford_pets_dpfpl_8_0.4_1 - INFO - user class dict total [31, 0, 35, 7]
2025-11-12 05:40:47 - oxford_pets_dpfpl_8_0.4_1 - INFO - idx: 4, output_dict_len: 386
2025-11-12 05:40:47 - oxford_pets_dpfpl_8_0.4_1 - INFO - user class dict total [5, 27, 16, 30]
2025-11-12 05:40:47 - oxford_pets_dpfpl_8_0.4_1 - INFO - idx: 5, output_dict_len: 399
2025-11-12 05:40:47 - oxford_pets_dpfpl_8_0.4_1 - INFO - user class dict total [17, 22, 26, 9]
2025-11-12 05:40:47 - oxford_pets_dpfpl_8_0.4_1 - INFO - idx: 6, output_dict_len: 400
2025-11-12 05:40:47 - oxford_pets_dpfpl_8_0.4_1 - INFO - user class dict total [33, 3, 25, 6]
2025-11-12 05:40:47 - oxford_pets_dpfpl_8_0.4_1 - INFO - idx: 7, output_dict_len: 400
2025-11-12 05:40:47 - oxford_pets_dpfpl_8_0.4_1 - INFO - user class dict total [21, 20, 36, 28]
2025-11-12 05:40:47 - oxford_pets_dpfpl_8_0.4_1 - INFO - idx: 8, output_dict_len: 400
2025-11-12 05:40:47 - oxford_pets_dpfpl_8_0.4_1 - INFO - user class dict total [24]
2025-11-12 05:40:47 - oxford_pets_dpfpl_8_0.4_1 - INFO - idx: 9, output_dict_len: 100
2025-11-12 05:40:47 - oxford_pets_dpfpl_8_0.4_1 - INFO - Loading CLIP (backbone: ViT-B/16)
2025-11-12 05:40:51 - oxford_pets_dpfpl_8_0.4_1 - INFO - Building custom CLIP
2025-11-12 05:40:51 - oxford_pets_dpfpl_8_0.4_1 - INFO - Turning off gradients in both the image and the text encoder
2025-11-12 05:40:58 - oxford_pets_dpfpl_8_0.4_1 - INFO - [Epoch 1/30] 训练耗时: 7.18s | 平均训练准确率: 51.41
2025-11-12 05:41:04 - oxford_pets_dpfpl_8_0.4_1 - INFO - [Epoch 2/30] 训练耗时: 6.28s | 平均训练准确率: 77.19
2025-11-12 05:41:11 - oxford_pets_dpfpl_8_0.4_1 - INFO - [Epoch 3/30] 训练耗时: 6.79s | 平均训练准确率: 77.81
2025-11-12 05:41:18 - oxford_pets_dpfpl_8_0.4_1 - INFO - [Epoch 4/30] 训练耗时: 7.17s | 平均训练准确率: 81.09
2025-11-12 05:41:25 - oxford_pets_dpfpl_8_0.4_1 - INFO - [Epoch 5/30] 训练耗时: 7.09s | 平均训练准确率: 84.06
2025-11-12 05:41:32 - oxford_pets_dpfpl_8_0.4_1 - INFO - [Epoch 6/30] 训练耗时: 6.33s | 平均训练准确率: 85.31
2025-11-12 05:41:39 - oxford_pets_dpfpl_8_0.4_1 - INFO - [Epoch 7/30] 训练耗时: 7.21s | 平均训练准确率: 83.28
2025-11-12 05:41:46 - oxford_pets_dpfpl_8_0.4_1 - INFO - [Epoch 8/30] 训练耗时: 7.01s | 平均训练准确率: 86.25
2025-11-12 05:41:53 - oxford_pets_dpfpl_8_0.4_1 - INFO - [Epoch 9/30] 训练耗时: 7.10s | 平均训练准确率: 87.03
2025-11-12 05:42:00 - oxford_pets_dpfpl_8_0.4_1 - INFO - [Epoch 10/30] 训练耗时: 7.24s | 平均训练准确率: 86.41
2025-11-12 05:42:07 - oxford_pets_dpfpl_8_0.4_1 - INFO - [Epoch 11/30] 训练耗时: 6.81s | 平均训练准确率: 86.88
2025-11-12 05:42:15 - oxford_pets_dpfpl_8_0.4_1 - INFO - [Epoch 12/30] 训练耗时: 7.96s | 平均训练准确率: 88.12
2025-11-12 05:42:21 - oxford_pets_dpfpl_8_0.4_1 - INFO - [Epoch 13/30] 训练耗时: 6.14s | 平均训练准确率: 90.47
2025-11-12 05:42:27 - oxford_pets_dpfpl_8_0.4_1 - INFO - [Epoch 14/30] 训练耗时: 6.07s | 平均训练准确率: 89.38
2025-11-12 05:42:34 - oxford_pets_dpfpl_8_0.4_1 - INFO - [Epoch 15/30] 训练耗时: 6.20s | 平均训练准确率: 87.19
2025-11-12 05:42:40 - oxford_pets_dpfpl_8_0.4_1 - INFO - [Epoch 16/30] 训练耗时: 6.76s | 平均训练准确率: 86.72
2025-11-12 05:42:48 - oxford_pets_dpfpl_8_0.4_1 - INFO - [Epoch 17/30] 训练耗时: 7.47s | 平均训练准确率: 88.91
2025-11-12 05:42:55 - oxford_pets_dpfpl_8_0.4_1 - INFO - [Epoch 18/30] 训练耗时: 7.12s | 平均训练准确率: 89.06
2025-11-12 05:43:03 - oxford_pets_dpfpl_8_0.4_1 - INFO - [Epoch 19/30] 训练耗时: 7.88s | 平均训练准确率: 89.69
2025-11-12 05:43:10 - oxford_pets_dpfpl_8_0.4_1 - INFO - [Epoch 20/30] 训练耗时: 7.47s | 平均训练准确率: 89.53
2025-11-12 05:43:18 - oxford_pets_dpfpl_8_0.4_1 - INFO - [Epoch 21/30] 训练耗时: 7.59s | 平均训练准确率: 88.75
2025-11-12 05:43:25 - oxford_pets_dpfpl_8_0.4_1 - INFO - [Epoch 22/30] 训练耗时: 7.65s | 平均训练准确率: 90.00
2025-11-12 05:43:32 - oxford_pets_dpfpl_8_0.4_1 - INFO - [Epoch 23/30] 训练耗时: 7.02s | 平均训练准确率: 89.38
2025-11-12 05:43:40 - oxford_pets_dpfpl_8_0.4_1 - INFO - [Epoch 24/30] 训练耗时: 7.95s | 平均训练准确率: 90.31
2025-11-12 05:43:48 - oxford_pets_dpfpl_8_0.4_1 - INFO - [Epoch 25/30] 训练耗时: 7.08s | 平均训练准确率: 88.12
2025-11-12 05:43:54 - oxford_pets_dpfpl_8_0.4_1 - INFO - [Epoch 26/30] 训练耗时: 6.62s | 平均训练准确率: 90.62
2025-11-12 05:44:01 - oxford_pets_dpfpl_8_0.4_1 - INFO - [Epoch 27/30] 训练耗时: 6.97s | 平均训练准确率: 88.91
2025-11-12 05:44:10 - oxford_pets_dpfpl_8_0.4_1 - INFO - [Epoch 28/30] 训练耗时: 8.59s | 平均训练准确率: 90.94
2025-11-12 05:44:10 - oxford_pets_dpfpl_8_0.4_1 - INFO - ------------local test start-------------
2025-11-12 05:44:10 - oxford_pets_dpfpl_8_0.4_1 - INFO - Evaluate on the client0 local set
2025-11-12 05:44:17 - oxford_pets_dpfpl_8_0.4_1 - INFO - => result | total: 399 | correct: 229 | accuracy: 57.4% | error: 42.6% | macro_f1: 64.6%
2025-11-12 05:44:17 - oxford_pets_dpfpl_8_0.4_1 - INFO - Evaluate on the client0 neighbor set
2025-11-12 05:45:05 - oxford_pets_dpfpl_8_0.4_1 - INFO - => result | total: 3,270 | correct: 2,238 | accuracy: 68.4% | error: 31.6% | macro_f1: 63.7%
2025-11-12 05:45:05 - oxford_pets_dpfpl_8_0.4_1 - INFO - Evaluate on the client1 local set
2025-11-12 05:45:11 - oxford_pets_dpfpl_8_0.4_1 - INFO - => result | total: 399 | correct: 205 | accuracy: 51.4% | error: 48.6% | macro_f1: 54.8%
2025-11-12 05:45:11 - oxford_pets_dpfpl_8_0.4_1 - INFO - Evaluate on the client1 neighbor set
2025-11-12 05:45:55 - oxford_pets_dpfpl_8_0.4_1 - INFO - => result | total: 3,270 | correct: 2,217 | accuracy: 67.8% | error: 32.2% | macro_f1: 62.3%
2025-11-12 05:45:55 - oxford_pets_dpfpl_8_0.4_1 - INFO - Evaluate on the client2 local set
2025-11-12 05:46:01 - oxford_pets_dpfpl_8_0.4_1 - INFO - => result | total: 389 | correct: 316 | accuracy: 81.2% | error: 18.8% | macro_f1: 85.5%
2025-11-12 05:46:01 - oxford_pets_dpfpl_8_0.4_1 - INFO - Evaluate on the client2 neighbor set
2025-11-12 05:46:45 - oxford_pets_dpfpl_8_0.4_1 - INFO - => result | total: 3,280 | correct: 2,075 | accuracy: 63.3% | error: 36.7% | macro_f1: 58.3%
2025-11-12 05:46:45 - oxford_pets_dpfpl_8_0.4_1 - INFO - Evaluate on the client3 local set
2025-11-12 05:46:50 - oxford_pets_dpfpl_8_0.4_1 - INFO - => result | total: 397 | correct: 223 | accuracy: 56.2% | error: 43.8% | macro_f1: 55.7%
2025-11-12 05:46:50 - oxford_pets_dpfpl_8_0.4_1 - INFO - Evaluate on the client3 neighbor set
2025-11-12 05:47:33 - oxford_pets_dpfpl_8_0.4_1 - INFO - => result | total: 3,272 | correct: 2,153 | accuracy: 65.8% | error: 34.2% | macro_f1: 62.1%
2025-11-12 05:47:33 - oxford_pets_dpfpl_8_0.4_1 - INFO - Evaluate on the client4 local set
2025-11-12 05:47:39 - oxford_pets_dpfpl_8_0.4_1 - INFO - => result | total: 386 | correct: 282 | accuracy: 73.1% | error: 26.9% | macro_f1: 70.5%
2025-11-12 05:47:39 - oxford_pets_dpfpl_8_0.4_1 - INFO - Evaluate on the client4 neighbor set
2025-11-12 05:48:15 - oxford_pets_dpfpl_8_0.4_1 - INFO - => result | total: 3,283 | correct: 2,097 | accuracy: 63.9% | error: 36.1% | macro_f1: 58.2%
2025-11-12 05:48:15 - oxford_pets_dpfpl_8_0.4_1 - INFO - Evaluate on the client5 local set
2025-11-12 05:48:22 - oxford_pets_dpfpl_8_0.4_1 - INFO - => result | total: 399 | correct: 261 | accuracy: 65.4% | error: 34.6% | macro_f1: 69.4%
2025-11-12 05:48:22 - oxford_pets_dpfpl_8_0.4_1 - INFO - Evaluate on the client5 neighbor set
2025-11-12 05:49:09 - oxford_pets_dpfpl_8_0.4_1 - INFO - => result | total: 3,270 | correct: 2,111 | accuracy: 64.6% | error: 35.4% | macro_f1: 58.9%
2025-11-12 05:49:09 - oxford_pets_dpfpl_8_0.4_1 - INFO - Evaluate on the client6 local set
2025-11-12 05:49:14 - oxford_pets_dpfpl_8_0.4_1 - INFO - => result | total: 400 | correct: 182 | accuracy: 45.5% | error: 54.5% | macro_f1: 45.4%
2025-11-12 05:49:14 - oxford_pets_dpfpl_8_0.4_1 - INFO - Evaluate on the client6 neighbor set
2025-11-12 05:49:58 - oxford_pets_dpfpl_8_0.4_1 - INFO - => result | total: 3,269 | correct: 2,192 | accuracy: 67.1% | error: 32.9% | macro_f1: 62.7%
2025-11-12 05:49:58 - oxford_pets_dpfpl_8_0.4_1 - INFO - Evaluate on the client7 local set
2025-11-12 05:50:03 - oxford_pets_dpfpl_8_0.4_1 - INFO - => result | total: 400 | correct: 285 | accuracy: 71.2% | error: 28.8% | macro_f1: 73.0%
2025-11-12 05:50:03 - oxford_pets_dpfpl_8_0.4_1 - INFO - Evaluate on the client7 neighbor set
2025-11-12 05:50:49 - oxford_pets_dpfpl_8_0.4_1 - INFO - => result | total: 3,269 | correct: 2,083 | accuracy: 63.7% | error: 36.3% | macro_f1: 58.1%
2025-11-12 05:50:49 - oxford_pets_dpfpl_8_0.4_1 - INFO - Evaluate on the client8 local set
2025-11-12 05:50:55 - oxford_pets_dpfpl_8_0.4_1 - INFO - => result | total: 400 | correct: 336 | accuracy: 84.0% | error: 16.0% | macro_f1: 90.3%
2025-11-12 05:50:55 - oxford_pets_dpfpl_8_0.4_1 - INFO - Evaluate on the client8 neighbor set
2025-11-12 05:51:43 - oxford_pets_dpfpl_8_0.4_1 - INFO - => result | total: 3,269 | correct: 2,035 | accuracy: 62.3% | error: 37.7% | macro_f1: 56.5%
2025-11-12 05:51:43 - oxford_pets_dpfpl_8_0.4_1 - INFO - Evaluate on the client9 local set
2025-11-12 05:51:44 - oxford_pets_dpfpl_8_0.4_1 - INFO - => result | total: 100 | correct: 100 | accuracy: 100.0% | error: 0.0% | macro_f1: 100.0%
2025-11-12 05:51:44 - oxford_pets_dpfpl_8_0.4_1 - INFO - Evaluate on the client9 neighbor set
2025-11-12 05:52:30 - oxford_pets_dpfpl_8_0.4_1 - INFO - => result | total: 3,569 | correct: 2,268 | accuracy: 63.5% | error: 36.5% | macro_f1: 58.1%
2025-11-12 05:52:30 - oxford_pets_dpfpl_8_0.4_1 - INFO - Global test local acc: 68.54
2025-11-12 05:52:30 - oxford_pets_dpfpl_8_0.4_1 - INFO - Global test neighbor acc: 65.03
2025-11-12 05:52:30 - oxford_pets_dpfpl_8_0.4_1 - INFO - ------------local test finish-------------
2025-11-12 05:52:30 - oxford_pets_dpfpl_8_0.4_1 - INFO - [Epoch 28/30] 测试耗时: 500.58s
2025-11-12 05:52:37 - oxford_pets_dpfpl_8_0.4_1 - INFO - [Epoch 29/30] 训练耗时: 6.62s | 平均训练准确率: 92.34
2025-11-12 05:52:37 - oxford_pets_dpfpl_8_0.4_1 - INFO - ------------local test start-------------
2025-11-12 05:52:37 - oxford_pets_dpfpl_8_0.4_1 - INFO - Evaluate on the client0 local set
2025-11-12 05:52:42 - oxford_pets_dpfpl_8_0.4_1 - INFO - => result | total: 399 | correct: 184 | accuracy: 46.1% | error: 53.9% | macro_f1: 54.5%
2025-11-12 05:52:42 - oxford_pets_dpfpl_8_0.4_1 - INFO - Evaluate on the client0 neighbor set
2025-11-12 05:53:23 - oxford_pets_dpfpl_8_0.4_1 - INFO - => result | total: 3,270 | correct: 2,070 | accuracy: 63.3% | error: 36.7% | macro_f1: 58.2%
2025-11-12 05:53:23 - oxford_pets_dpfpl_8_0.4_1 - INFO - Evaluate on the client1 local set
2025-11-12 05:53:28 - oxford_pets_dpfpl_8_0.4_1 - INFO - => result | total: 399 | correct: 183 | accuracy: 45.9% | error: 54.1% | macro_f1: 47.7%
2025-11-12 05:53:28 - oxford_pets_dpfpl_8_0.4_1 - INFO - Evaluate on the client1 neighbor set
2025-11-12 05:54:08 - oxford_pets_dpfpl_8_0.4_1 - INFO - => result | total: 3,270 | correct: 2,057 | accuracy: 62.9% | error: 37.1% | macro_f1: 57.0%
2025-11-12 05:54:08 - oxford_pets_dpfpl_8_0.4_1 - INFO - Evaluate on the client2 local set
2025-11-12 05:54:14 - oxford_pets_dpfpl_8_0.4_1 - INFO - => result | total: 389 | correct: 291 | accuracy: 74.8% | error: 25.2% | macro_f1: 78.6%
2025-11-12 05:54:14 - oxford_pets_dpfpl_8_0.4_1 - INFO - Evaluate on the client2 neighbor set
2025-11-12 05:54:54 - oxford_pets_dpfpl_8_0.4_1 - INFO - => result | total: 3,280 | correct: 1,946 | accuracy: 59.3% | error: 40.7% | macro_f1: 54.4%
2025-11-12 05:54:54 - oxford_pets_dpfpl_8_0.4_1 - INFO - Evaluate on the client3 local set
2025-11-12 05:54:59 - oxford_pets_dpfpl_8_0.4_1 - INFO - => result | total: 397 | correct: 226 | accuracy: 56.9% | error: 43.1% | macro_f1: 55.9%
2025-11-12 05:54:59 - oxford_pets_dpfpl_8_0.4_1 - INFO - Evaluate on the client3 neighbor set
2025-11-12 05:55:40 - oxford_pets_dpfpl_8_0.4_1 - INFO - => result | total: 3,272 | correct: 2,003 | accuracy: 61.2% | error: 38.8% | macro_f1: 57.6%
2025-11-12 05:55:40 - oxford_pets_dpfpl_8_0.4_1 - INFO - Evaluate on the client4 local set
2025-11-12 05:55:44 - oxford_pets_dpfpl_8_0.4_1 - INFO - => result | total: 386 | correct: 263 | accuracy: 68.1% | error: 31.9% | macro_f1: 69.5%
2025-11-12 05:55:44 - oxford_pets_dpfpl_8_0.4_1 - INFO - Evaluate on the client4 neighbor set
2025-11-12 05:56:27 - oxford_pets_dpfpl_8_0.4_1 - INFO - => result | total: 3,283 | correct: 1,969 | accuracy: 60.0% | error: 40.0% | macro_f1: 53.9%
2025-11-12 05:56:27 - oxford_pets_dpfpl_8_0.4_1 - INFO - Evaluate on the client5 local set
2025-11-12 05:56:33 - oxford_pets_dpfpl_8_0.4_1 - INFO - => result | total: 399 | correct: 262 | accuracy: 65.7% | error: 34.3% | macro_f1: 69.4%
2025-11-12 05:56:33 - oxford_pets_dpfpl_8_0.4_1 - INFO - Evaluate on the client5 neighbor set
2025-11-12 05:57:18 - oxford_pets_dpfpl_8_0.4_1 - INFO - => result | total: 3,270 | correct: 1,969 | accuracy: 60.2% | error: 39.8% | macro_f1: 54.8%
2025-11-12 05:57:18 - oxford_pets_dpfpl_8_0.4_1 - INFO - Evaluate on the client6 local set
2025-11-12 05:57:24 - oxford_pets_dpfpl_8_0.4_1 - INFO - => result | total: 400 | correct: 168 | accuracy: 42.0% | error: 58.0% | macro_f1: 43.4%
2025-11-12 05:57:24 - oxford_pets_dpfpl_8_0.4_1 - INFO - Evaluate on the client6 neighbor set
2025-11-12 05:58:05 - oxford_pets_dpfpl_8_0.4_1 - INFO - => result | total: 3,269 | correct: 2,068 | accuracy: 63.3% | error: 36.7% | macro_f1: 58.7%
2025-11-12 05:58:05 - oxford_pets_dpfpl_8_0.4_1 - INFO - Evaluate on the client7 local set
2025-11-12 05:58:10 - oxford_pets_dpfpl_8_0.4_1 - INFO - => result | total: 400 | correct: 282 | accuracy: 70.5% | error: 29.5% | macro_f1: 72.7%
2025-11-12 05:58:10 - oxford_pets_dpfpl_8_0.4_1 - INFO - Evaluate on the client7 neighbor set
2025-11-12 05:58:51 - oxford_pets_dpfpl_8_0.4_1 - INFO - => result | total: 3,269 | correct: 1,957 | accuracy: 59.9% | error: 40.1% | macro_f1: 54.2%
2025-11-12 05:58:51 - oxford_pets_dpfpl_8_0.4_1 - INFO - Evaluate on the client8 local set
2025-11-12 05:58:56 - oxford_pets_dpfpl_8_0.4_1 - INFO - => result | total: 400 | correct: 301 | accuracy: 75.2% | error: 24.8% | macro_f1: 82.5%
2025-11-12 05:58:56 - oxford_pets_dpfpl_8_0.4_1 - INFO - Evaluate on the client8 neighbor set
2025-11-12 05:59:38 - oxford_pets_dpfpl_8_0.4_1 - INFO - => result | total: 3,269 | correct: 1,945 | accuracy: 59.5% | error: 40.5% | macro_f1: 54.0%
2025-11-12 05:59:38 - oxford_pets_dpfpl_8_0.4_1 - INFO - Evaluate on the client9 local set
2025-11-12 05:59:39 - oxford_pets_dpfpl_8_0.4_1 - INFO - => result | total: 100 | correct: 100 | accuracy: 100.0% | error: 0.0% | macro_f1: 100.0%
2025-11-12 05:59:39 - oxford_pets_dpfpl_8_0.4_1 - INFO - Evaluate on the client9 neighbor set
2025-11-12 06:00:25 - oxford_pets_dpfpl_8_0.4_1 - INFO - => result | total: 3,569 | correct: 2,157 | accuracy: 60.4% | error: 39.6% | macro_f1: 55.6%
2025-11-12 06:00:25 - oxford_pets_dpfpl_8_0.4_1 - INFO - Global test local acc: 64.53
2025-11-12 06:00:25 - oxford_pets_dpfpl_8_0.4_1 - INFO - Global test neighbor acc: 61.00
2025-11-12 06:00:25 - oxford_pets_dpfpl_8_0.4_1 - INFO - ------------local test finish-------------
2025-11-12 06:00:25 - oxford_pets_dpfpl_8_0.4_1 - INFO - [Epoch 29/30] 测试耗时: 468.10s
2025-11-12 06:00:31 - oxford_pets_dpfpl_8_0.4_1 - INFO - [Epoch 30/30] 训练耗时: 6.32s | 平均训练准确率: 90.78
2025-11-12 06:00:31 - oxford_pets_dpfpl_8_0.4_1 - INFO - ------------local test start-------------
2025-11-12 06:00:31 - oxford_pets_dpfpl_8_0.4_1 - INFO - Evaluate on the client0 local set
2025-11-12 06:00:37 - oxford_pets_dpfpl_8_0.4_1 - INFO - => result | total: 399 | correct: 234 | accuracy: 58.6% | error: 41.4% | macro_f1: 65.2%
2025-11-12 06:00:37 - oxford_pets_dpfpl_8_0.4_1 - INFO - Evaluate on the client0 neighbor set
2025-11-12 06:01:17 - oxford_pets_dpfpl_8_0.4_1 - INFO - => result | total: 3,270 | correct: 2,188 | accuracy: 66.9% | error: 33.1% | macro_f1: 61.9%
2025-11-12 06:01:17 - oxford_pets_dpfpl_8_0.4_1 - INFO - Evaluate on the client1 local set
2025-11-12 06:01:22 - oxford_pets_dpfpl_8_0.4_1 - INFO - => result | total: 399 | correct: 185 | accuracy: 46.4% | error: 53.6% | macro_f1: 48.0%
2025-11-12 06:01:22 - oxford_pets_dpfpl_8_0.4_1 - INFO - Evaluate on the client1 neighbor set
2025-11-12 06:02:05 - oxford_pets_dpfpl_8_0.4_1 - INFO - => result | total: 3,270 | correct: 2,217 | accuracy: 67.8% | error: 32.2% | macro_f1: 62.5%
2025-11-12 06:02:05 - oxford_pets_dpfpl_8_0.4_1 - INFO - Evaluate on the client2 local set
2025-11-12 06:02:11 - oxford_pets_dpfpl_8_0.4_1 - INFO - => result | total: 389 | correct: 317 | accuracy: 81.5% | error: 18.5% | macro_f1: 85.6%
2025-11-12 06:02:11 - oxford_pets_dpfpl_8_0.4_1 - INFO - Evaluate on the client2 neighbor set
2025-11-12 06:02:54 - oxford_pets_dpfpl_8_0.4_1 - INFO - => result | total: 3,280 | correct: 2,075 | accuracy: 63.3% | error: 36.7% | macro_f1: 58.7%
2025-11-12 06:02:54 - oxford_pets_dpfpl_8_0.4_1 - INFO - Evaluate on the client3 local set
2025-11-12 06:02:59 - oxford_pets_dpfpl_8_0.4_1 - INFO - => result | total: 397 | correct: 206 | accuracy: 51.9% | error: 48.1% | macro_f1: 52.1%
2025-11-12 06:02:59 - oxford_pets_dpfpl_8_0.4_1 - INFO - Evaluate on the client3 neighbor set
2025-11-12 06:03:41 - oxford_pets_dpfpl_8_0.4_1 - INFO - => result | total: 3,272 | correct: 2,180 | accuracy: 66.6% | error: 33.4% | macro_f1: 63.2%
2025-11-12 06:03:41 - oxford_pets_dpfpl_8_0.4_1 - INFO - Evaluate on the client4 local set
2025-11-12 06:03:46 - oxford_pets_dpfpl_8_0.4_1 - INFO - => result | total: 386 | correct: 282 | accuracy: 73.1% | error: 26.9% | macro_f1: 71.4%
2025-11-12 06:03:46 - oxford_pets_dpfpl_8_0.4_1 - INFO - Evaluate on the client4 neighbor set
2025-11-12 06:04:30 - oxford_pets_dpfpl_8_0.4_1 - INFO - => result | total: 3,283 | correct: 2,095 | accuracy: 63.8% | error: 36.2% | macro_f1: 58.6%
2025-11-12 06:04:30 - oxford_pets_dpfpl_8_0.4_1 - INFO - Evaluate on the client5 local set
2025-11-12 06:04:34 - oxford_pets_dpfpl_8_0.4_1 - INFO - => result | total: 399 | correct: 279 | accuracy: 69.9% | error: 30.1% | macro_f1: 72.3%
2025-11-12 06:04:34 - oxford_pets_dpfpl_8_0.4_1 - INFO - Evaluate on the client5 neighbor set
2025-11-12 06:05:16 - oxford_pets_dpfpl_8_0.4_1 - INFO - => result | total: 3,270 | correct: 2,100 | accuracy: 64.2% | error: 35.8% | macro_f1: 58.8%
2025-11-12 06:05:16 - oxford_pets_dpfpl_8_0.4_1 - INFO - Evaluate on the client6 local set
2025-11-12 06:05:21 - oxford_pets_dpfpl_8_0.4_1 - INFO - => result | total: 400 | correct: 178 | accuracy: 44.5% | error: 55.5% | macro_f1: 43.5%
2025-11-12 06:05:21 - oxford_pets_dpfpl_8_0.4_1 - INFO - Evaluate on the client6 neighbor set
2025-11-12 06:06:04 - oxford_pets_dpfpl_8_0.4_1 - INFO - => result | total: 3,269 | correct: 2,208 | accuracy: 67.5% | error: 32.5% | macro_f1: 63.5%
2025-11-12 06:06:04 - oxford_pets_dpfpl_8_0.4_1 - INFO - Evaluate on the client7 local set
2025-11-12 06:06:10 - oxford_pets_dpfpl_8_0.4_1 - INFO - => result | total: 400 | correct: 286 | accuracy: 71.5% | error: 28.5% | macro_f1: 73.2%
2025-11-12 06:06:10 - oxford_pets_dpfpl_8_0.4_1 - INFO - Evaluate on the client7 neighbor set
2025-11-12 06:06:53 - oxford_pets_dpfpl_8_0.4_1 - INFO - => result | total: 3,269 | correct: 2,104 | accuracy: 64.4% | error: 35.6% | macro_f1: 58.9%
2025-11-12 06:06:53 - oxford_pets_dpfpl_8_0.4_1 - INFO - Evaluate on the client8 local set
2025-11-12 06:06:58 - oxford_pets_dpfpl_8_0.4_1 - INFO - => result | total: 400 | correct: 350 | accuracy: 87.5% | error: 12.5% | macro_f1: 92.9%
2025-11-12 06:06:58 - oxford_pets_dpfpl_8_0.4_1 - INFO - Evaluate on the client8 neighbor set
2025-11-12 06:07:41 - oxford_pets_dpfpl_8_0.4_1 - INFO - => result | total: 3,269 | correct: 2,028 | accuracy: 62.0% | error: 38.0% | macro_f1: 56.6%
2025-11-12 06:07:41 - oxford_pets_dpfpl_8_0.4_1 - INFO - Evaluate on the client9 local set
2025-11-12 06:07:43 - oxford_pets_dpfpl_8_0.4_1 - INFO - => result | total: 100 | correct: 100 | accuracy: 100.0% | error: 0.0% | macro_f1: 100.0%
2025-11-12 06:07:43 - oxford_pets_dpfpl_8_0.4_1 - INFO - Evaluate on the client9 neighbor set
2025-11-12 06:08:33 - oxford_pets_dpfpl_8_0.4_1 - INFO - => result | total: 3,569 | correct: 2,270 | accuracy: 63.6% | error: 36.4% | macro_f1: 58.4%
2025-11-12 06:08:33 - oxford_pets_dpfpl_8_0.4_1 - INFO - Global test local acc: 68.49
2025-11-12 06:08:33 - oxford_pets_dpfpl_8_0.4_1 - INFO - Global test neighbor acc: 65.02
2025-11-12 06:08:33 - oxford_pets_dpfpl_8_0.4_1 - INFO - ------------local test finish-------------
2025-11-12 06:08:33 - oxford_pets_dpfpl_8_0.4_1 - INFO - [Epoch 30/30] 测试耗时: 482.12s
2025-11-12 06:08:33 - oxford_pets_dpfpl_8_0.4_1 - INFO - maximum test local acc: 68.540
2025-11-12 06:08:33 - oxford_pets_dpfpl_8_0.4_1 - INFO - mean of local acc: 67.185
2025-11-12 06:08:33 - oxford_pets_dpfpl_8_0.4_1 - INFO - maximum test neighbor acc: 65.031
2025-11-12 06:08:33 - oxford_pets_dpfpl_8_0.4_1 - INFO - mean of neighbor acc: 63.683
