2025-11-12 05:12:39 - oxford_pets_fedotp_8_0.4_1 - INFO - 日志文件已创建: logs/oxford_pets_fedotp_8_0.4_1_20251112_051239.log
2025-11-12 05:12:39 - oxford_pets_fedotp_8_0.4_1 - INFO - Loading trainer: DP_FPL
2025-11-12 05:12:39 - oxford_pets_fedotp_8_0.4_1 - INFO - Loading dataset: OxfordPets
2025-11-12 05:12:39 - oxford_pets_fedotp_8_0.4_1 - INFO - Reading split from /home/liuxin25/dataset/oxford_pets/split_zhou_OxfordPets.json
2025-11-12 05:12:39 - oxford_pets_fedotp_8_0.4_1 - INFO - Creating a baseline federated dataset
2025-11-12 05:12:39 - oxford_pets_fedotp_8_0.4_1 - INFO - class_num 37
2025-11-12 05:12:39 - oxford_pets_fedotp_8_0.4_1 - INFO - user class dict total [18, 14, 23, 10]
2025-11-12 05:12:39 - oxford_pets_fedotp_8_0.4_1 - INFO - idx: 0, output_dict_len: 320
2025-11-12 05:12:39 - oxford_pets_fedotp_8_0.4_1 - INFO - user class dict total [8, 4, 13, 19]
2025-11-12 05:12:39 - oxford_pets_fedotp_8_0.4_1 - INFO - idx: 1, output_dict_len: 320
2025-11-12 05:12:39 - oxford_pets_fedotp_8_0.4_1 - INFO - user class dict total [12, 29, 34, 15]
2025-11-12 05:12:39 - oxford_pets_fedotp_8_0.4_1 - INFO - idx: 2, output_dict_len: 317
2025-11-12 05:12:39 - oxford_pets_fedotp_8_0.4_1 - INFO - user class dict total [2, 32, 1, 11]
2025-11-12 05:12:39 - oxford_pets_fedotp_8_0.4_1 - INFO - idx: 3, output_dict_len: 313
2025-11-12 05:12:39 - oxford_pets_fedotp_8_0.4_1 - INFO - user class dict total [31, 0, 35, 7]
2025-11-12 05:12:39 - oxford_pets_fedotp_8_0.4_1 - INFO - idx: 4, output_dict_len: 317
2025-11-12 05:12:39 - oxford_pets_fedotp_8_0.4_1 - INFO - user class dict total [5, 27, 16, 30]
2025-11-12 05:12:39 - oxford_pets_fedotp_8_0.4_1 - INFO - idx: 5, output_dict_len: 320
2025-11-12 05:12:39 - oxford_pets_fedotp_8_0.4_1 - INFO - user class dict total [17, 22, 26, 9]
2025-11-12 05:12:39 - oxford_pets_fedotp_8_0.4_1 - INFO - idx: 6, output_dict_len: 317
2025-11-12 05:12:39 - oxford_pets_fedotp_8_0.4_1 - INFO - user class dict total [33, 3, 25, 6]
2025-11-12 05:12:39 - oxford_pets_fedotp_8_0.4_1 - INFO - idx: 7, output_dict_len: 320
2025-11-12 05:12:39 - oxford_pets_fedotp_8_0.4_1 - INFO - user class dict total [21, 20, 36, 28]
2025-11-12 05:12:39 - oxford_pets_fedotp_8_0.4_1 - INFO - idx: 8, output_dict_len: 320
2025-11-12 05:12:39 - oxford_pets_fedotp_8_0.4_1 - INFO - user class dict total [24]
2025-11-12 05:12:39 - oxford_pets_fedotp_8_0.4_1 - INFO - idx: 9, output_dict_len: 80
2025-11-12 05:12:39 - oxford_pets_fedotp_8_0.4_1 - INFO - Creating a baseline federated dataset
2025-11-12 05:12:39 - oxford_pets_fedotp_8_0.4_1 - INFO - class_num 37
2025-11-12 05:12:39 - oxford_pets_fedotp_8_0.4_1 - INFO - user class dict total [18, 14, 23, 10]
2025-11-12 05:12:39 - oxford_pets_fedotp_8_0.4_1 - INFO - idx: 0, output_dict_len: 399
2025-11-12 05:12:39 - oxford_pets_fedotp_8_0.4_1 - INFO - user class dict total [8, 4, 13, 19]
2025-11-12 05:12:39 - oxford_pets_fedotp_8_0.4_1 - INFO - idx: 1, output_dict_len: 399
2025-11-12 05:12:39 - oxford_pets_fedotp_8_0.4_1 - INFO - user class dict total [12, 29, 34, 15]
2025-11-12 05:12:39 - oxford_pets_fedotp_8_0.4_1 - INFO - idx: 2, output_dict_len: 389
2025-11-12 05:12:39 - oxford_pets_fedotp_8_0.4_1 - INFO - user class dict total [2, 32, 1, 11]
2025-11-12 05:12:39 - oxford_pets_fedotp_8_0.4_1 - INFO - idx: 3, output_dict_len: 397
2025-11-12 05:12:39 - oxford_pets_fedotp_8_0.4_1 - INFO - user class dict total [31, 0, 35, 7]
2025-11-12 05:12:39 - oxford_pets_fedotp_8_0.4_1 - INFO - idx: 4, output_dict_len: 386
2025-11-12 05:12:39 - oxford_pets_fedotp_8_0.4_1 - INFO - user class dict total [5, 27, 16, 30]
2025-11-12 05:12:39 - oxford_pets_fedotp_8_0.4_1 - INFO - idx: 5, output_dict_len: 399
2025-11-12 05:12:39 - oxford_pets_fedotp_8_0.4_1 - INFO - user class dict total [17, 22, 26, 9]
2025-11-12 05:12:39 - oxford_pets_fedotp_8_0.4_1 - INFO - idx: 6, output_dict_len: 400
2025-11-12 05:12:39 - oxford_pets_fedotp_8_0.4_1 - INFO - user class dict total [33, 3, 25, 6]
2025-11-12 05:12:39 - oxford_pets_fedotp_8_0.4_1 - INFO - idx: 7, output_dict_len: 400
2025-11-12 05:12:39 - oxford_pets_fedotp_8_0.4_1 - INFO - user class dict total [21, 20, 36, 28]
2025-11-12 05:12:39 - oxford_pets_fedotp_8_0.4_1 - INFO - idx: 8, output_dict_len: 400
2025-11-12 05:12:39 - oxford_pets_fedotp_8_0.4_1 - INFO - user class dict total [24]
2025-11-12 05:12:39 - oxford_pets_fedotp_8_0.4_1 - INFO - idx: 9, output_dict_len: 100
2025-11-12 05:12:39 - oxford_pets_fedotp_8_0.4_1 - INFO - Loading CLIP (backbone: ViT-B/16)
2025-11-12 05:12:43 - oxford_pets_fedotp_8_0.4_1 - INFO - Building custom CLIP
2025-11-12 05:12:43 - oxford_pets_fedotp_8_0.4_1 - INFO - Turning off gradients in both the image and the text encoder
2025-11-12 05:12:51 - oxford_pets_fedotp_8_0.4_1 - INFO - [Epoch 1/30] 训练耗时: 7.71s | 平均训练准确率: 51.09
2025-11-12 05:12:58 - oxford_pets_fedotp_8_0.4_1 - INFO - [Epoch 2/30] 训练耗时: 6.89s | 平均训练准确率: 68.59
2025-11-12 05:13:05 - oxford_pets_fedotp_8_0.4_1 - INFO - [Epoch 3/30] 训练耗时: 7.51s | 平均训练准确率: 77.19
2025-11-12 05:13:13 - oxford_pets_fedotp_8_0.4_1 - INFO - [Epoch 4/30] 训练耗时: 7.66s | 平均训练准确率: 77.19
2025-11-12 05:13:20 - oxford_pets_fedotp_8_0.4_1 - INFO - [Epoch 5/30] 训练耗时: 7.22s | 平均训练准确率: 78.44
2025-11-12 05:13:28 - oxford_pets_fedotp_8_0.4_1 - INFO - [Epoch 6/30] 训练耗时: 7.83s | 平均训练准确率: 80.00
2025-11-12 05:13:36 - oxford_pets_fedotp_8_0.4_1 - INFO - [Epoch 7/30] 训练耗时: 7.76s | 平均训练准确率: 82.97
2025-11-12 05:13:44 - oxford_pets_fedotp_8_0.4_1 - INFO - [Epoch 8/30] 训练耗时: 8.15s | 平均训练准确率: 80.47
2025-11-12 05:13:51 - oxford_pets_fedotp_8_0.4_1 - INFO - [Epoch 9/30] 训练耗时: 7.43s | 平均训练准确率: 82.34
2025-11-12 05:13:59 - oxford_pets_fedotp_8_0.4_1 - INFO - [Epoch 10/30] 训练耗时: 7.83s | 平均训练准确率: 74.69
2025-11-12 05:14:08 - oxford_pets_fedotp_8_0.4_1 - INFO - [Epoch 11/30] 训练耗时: 9.29s | 平均训练准确率: 79.53
2025-11-12 05:14:15 - oxford_pets_fedotp_8_0.4_1 - INFO - [Epoch 12/30] 训练耗时: 6.98s | 平均训练准确率: 80.62
2025-11-12 05:14:22 - oxford_pets_fedotp_8_0.4_1 - INFO - [Epoch 13/30] 训练耗时: 6.64s | 平均训练准确率: 87.19
2025-11-12 05:14:30 - oxford_pets_fedotp_8_0.4_1 - INFO - [Epoch 14/30] 训练耗时: 7.72s | 平均训练准确率: 82.03
2025-11-12 05:14:37 - oxford_pets_fedotp_8_0.4_1 - INFO - [Epoch 15/30] 训练耗时: 6.89s | 平均训练准确率: 81.41
2025-11-12 05:14:43 - oxford_pets_fedotp_8_0.4_1 - INFO - [Epoch 16/30] 训练耗时: 6.70s | 平均训练准确率: 84.22
2025-11-12 05:14:51 - oxford_pets_fedotp_8_0.4_1 - INFO - [Epoch 17/30] 训练耗时: 7.93s | 平均训练准确率: 85.00
2025-11-12 05:14:58 - oxford_pets_fedotp_8_0.4_1 - INFO - [Epoch 18/30] 训练耗时: 7.15s | 平均训练准确率: 81.72
2025-11-12 05:15:07 - oxford_pets_fedotp_8_0.4_1 - INFO - [Epoch 19/30] 训练耗时: 8.14s | 平均训练准确率: 82.97
2025-11-12 05:15:13 - oxford_pets_fedotp_8_0.4_1 - INFO - [Epoch 20/30] 训练耗时: 6.52s | 平均训练准确率: 78.59
2025-11-12 05:15:20 - oxford_pets_fedotp_8_0.4_1 - INFO - [Epoch 21/30] 训练耗时: 6.46s | 平均训练准确率: 87.19
2025-11-12 05:15:27 - oxford_pets_fedotp_8_0.4_1 - INFO - [Epoch 22/30] 训练耗时: 7.34s | 平均训练准确率: 83.44
2025-11-12 05:15:34 - oxford_pets_fedotp_8_0.4_1 - INFO - [Epoch 23/30] 训练耗时: 7.35s | 平均训练准确率: 82.97
2025-11-12 05:15:42 - oxford_pets_fedotp_8_0.4_1 - INFO - [Epoch 24/30] 训练耗时: 7.81s | 平均训练准确率: 75.78
2025-11-12 05:15:50 - oxford_pets_fedotp_8_0.4_1 - INFO - [Epoch 25/30] 训练耗时: 8.37s | 平均训练准确率: 86.88
2025-11-12 05:15:58 - oxford_pets_fedotp_8_0.4_1 - INFO - [Epoch 26/30] 训练耗时: 7.32s | 平均训练准确率: 78.75
2025-11-12 05:16:06 - oxford_pets_fedotp_8_0.4_1 - INFO - [Epoch 27/30] 训练耗时: 8.34s | 平均训练准确率: 76.09
2025-11-12 05:16:15 - oxford_pets_fedotp_8_0.4_1 - INFO - [Epoch 28/30] 训练耗时: 8.47s | 平均训练准确率: 80.31
2025-11-12 05:16:15 - oxford_pets_fedotp_8_0.4_1 - INFO - ------------local test start-------------
2025-11-12 05:16:15 - oxford_pets_fedotp_8_0.4_1 - INFO - Evaluate on the client0 local set
2025-11-12 05:16:20 - oxford_pets_fedotp_8_0.4_1 - INFO - => result | total: 399 | correct: 181 | accuracy: 45.4% | error: 54.6% | macro_f1: 52.5%
2025-11-12 05:16:20 - oxford_pets_fedotp_8_0.4_1 - INFO - Evaluate on the client0 neighbor set
2025-11-12 05:17:07 - oxford_pets_fedotp_8_0.4_1 - INFO - => result | total: 3,270 | correct: 2,337 | accuracy: 71.5% | error: 28.5% | macro_f1: 67.6%
2025-11-12 05:17:07 - oxford_pets_fedotp_8_0.4_1 - INFO - Evaluate on the client1 local set
2025-11-12 05:17:13 - oxford_pets_fedotp_8_0.4_1 - INFO - => result | total: 399 | correct: 237 | accuracy: 59.4% | error: 40.6% | macro_f1: 65.4%
2025-11-12 05:17:13 - oxford_pets_fedotp_8_0.4_1 - INFO - Evaluate on the client1 neighbor set
2025-11-12 05:17:57 - oxford_pets_fedotp_8_0.4_1 - INFO - => result | total: 3,270 | correct: 2,108 | accuracy: 64.5% | error: 35.5% | macro_f1: 60.4%
2025-11-12 05:17:57 - oxford_pets_fedotp_8_0.4_1 - INFO - Evaluate on the client2 local set
2025-11-12 05:18:03 - oxford_pets_fedotp_8_0.4_1 - INFO - => result | total: 389 | correct: 315 | accuracy: 81.0% | error: 19.0% | macro_f1: 87.9%
2025-11-12 05:18:03 - oxford_pets_fedotp_8_0.4_1 - INFO - Evaluate on the client2 neighbor set
2025-11-12 05:18:44 - oxford_pets_fedotp_8_0.4_1 - INFO - => result | total: 3,280 | correct: 1,893 | accuracy: 57.7% | error: 42.3% | macro_f1: 53.1%
2025-11-12 05:18:44 - oxford_pets_fedotp_8_0.4_1 - INFO - Evaluate on the client3 local set
2025-11-12 05:18:49 - oxford_pets_fedotp_8_0.4_1 - INFO - => result | total: 397 | correct: 203 | accuracy: 51.1% | error: 48.9% | macro_f1: 56.8%
2025-11-12 05:18:49 - oxford_pets_fedotp_8_0.4_1 - INFO - Evaluate on the client3 neighbor set
2025-11-12 05:19:30 - oxford_pets_fedotp_8_0.4_1 - INFO - => result | total: 3,272 | correct: 1,906 | accuracy: 58.3% | error: 41.7% | macro_f1: 52.9%
2025-11-12 05:19:30 - oxford_pets_fedotp_8_0.4_1 - INFO - Evaluate on the client4 local set
2025-11-12 05:19:35 - oxford_pets_fedotp_8_0.4_1 - INFO - => result | total: 386 | correct: 261 | accuracy: 67.6% | error: 32.4% | macro_f1: 65.0%
2025-11-12 05:19:35 - oxford_pets_fedotp_8_0.4_1 - INFO - Evaluate on the client4 neighbor set
2025-11-12 05:20:12 - oxford_pets_fedotp_8_0.4_1 - INFO - => result | total: 3,283 | correct: 1,795 | accuracy: 54.7% | error: 45.3% | macro_f1: 49.4%
2025-11-12 05:20:12 - oxford_pets_fedotp_8_0.4_1 - INFO - Evaluate on the client5 local set
2025-11-12 05:20:18 - oxford_pets_fedotp_8_0.4_1 - INFO - => result | total: 399 | correct: 152 | accuracy: 38.1% | error: 61.9% | macro_f1: 43.3%
2025-11-12 05:20:18 - oxford_pets_fedotp_8_0.4_1 - INFO - Evaluate on the client5 neighbor set
2025-11-12 05:21:08 - oxford_pets_fedotp_8_0.4_1 - INFO - => result | total: 3,270 | correct: 1,893 | accuracy: 57.9% | error: 42.1% | macro_f1: 50.6%
2025-11-12 05:21:08 - oxford_pets_fedotp_8_0.4_1 - INFO - Evaluate on the client6 local set
2025-11-12 05:21:15 - oxford_pets_fedotp_8_0.4_1 - INFO - => result | total: 400 | correct: 162 | accuracy: 40.5% | error: 59.5% | macro_f1: 39.6%
2025-11-12 05:21:15 - oxford_pets_fedotp_8_0.4_1 - INFO - Evaluate on the client6 neighbor set
2025-11-12 05:22:07 - oxford_pets_fedotp_8_0.4_1 - INFO - => result | total: 3,269 | correct: 1,868 | accuracy: 57.1% | error: 42.9% | macro_f1: 51.9%
2025-11-12 05:22:07 - oxford_pets_fedotp_8_0.4_1 - INFO - Evaluate on the client7 local set
2025-11-12 05:22:14 - oxford_pets_fedotp_8_0.4_1 - INFO - => result | total: 400 | correct: 197 | accuracy: 49.2% | error: 50.8% | macro_f1: 49.6%
2025-11-12 05:22:14 - oxford_pets_fedotp_8_0.4_1 - INFO - Evaluate on the client7 neighbor set
2025-11-12 05:23:04 - oxford_pets_fedotp_8_0.4_1 - INFO - => result | total: 3,269 | correct: 1,828 | accuracy: 55.9% | error: 44.1% | macro_f1: 49.3%
2025-11-12 05:23:04 - oxford_pets_fedotp_8_0.4_1 - INFO - Evaluate on the client8 local set
2025-11-12 05:23:09 - oxford_pets_fedotp_8_0.4_1 - INFO - => result | total: 400 | correct: 369 | accuracy: 92.2% | error: 7.8% | macro_f1: 95.9%
2025-11-12 05:23:09 - oxford_pets_fedotp_8_0.4_1 - INFO - Evaluate on the client8 neighbor set
2025-11-12 05:23:52 - oxford_pets_fedotp_8_0.4_1 - INFO - => result | total: 3,269 | correct: 1,658 | accuracy: 50.7% | error: 49.3% | macro_f1: 43.8%
2025-11-12 05:23:52 - oxford_pets_fedotp_8_0.4_1 - INFO - Evaluate on the client9 local set
2025-11-12 05:23:53 - oxford_pets_fedotp_8_0.4_1 - INFO - => result | total: 100 | correct: 100 | accuracy: 100.0% | error: 0.0% | macro_f1: 100.0%
2025-11-12 05:23:53 - oxford_pets_fedotp_8_0.4_1 - INFO - Evaluate on the client9 neighbor set
2025-11-12 05:24:39 - oxford_pets_fedotp_8_0.4_1 - INFO - => result | total: 3,569 | correct: 1,929 | accuracy: 54.0% | error: 46.0% | macro_f1: 48.1%
2025-11-12 05:24:39 - oxford_pets_fedotp_8_0.4_1 - INFO - Global test local acc: 62.46
2025-11-12 05:24:39 - oxford_pets_fedotp_8_0.4_1 - INFO - Global test neighbor acc: 58.23
2025-11-12 05:24:39 - oxford_pets_fedotp_8_0.4_1 - INFO - ------------local test finish-------------
2025-11-12 05:24:39 - oxford_pets_fedotp_8_0.4_1 - INFO - [Epoch 28/30] 测试耗时: 504.50s
2025-11-12 05:24:47 - oxford_pets_fedotp_8_0.4_1 - INFO - [Epoch 29/30] 训练耗时: 7.41s | 平均训练准确率: 72.19
2025-11-12 05:24:47 - oxford_pets_fedotp_8_0.4_1 - INFO - ------------local test start-------------
2025-11-12 05:24:47 - oxford_pets_fedotp_8_0.4_1 - INFO - Evaluate on the client0 local set
2025-11-12 05:24:52 - oxford_pets_fedotp_8_0.4_1 - INFO - => result | total: 399 | correct: 199 | accuracy: 49.9% | error: 50.1% | macro_f1: 57.8%
2025-11-12 05:24:52 - oxford_pets_fedotp_8_0.4_1 - INFO - Evaluate on the client0 neighbor set
2025-11-12 05:25:32 - oxford_pets_fedotp_8_0.4_1 - INFO - => result | total: 3,270 | correct: 2,265 | accuracy: 69.3% | error: 30.7% | macro_f1: 65.1%
2025-11-12 05:25:32 - oxford_pets_fedotp_8_0.4_1 - INFO - Evaluate on the client1 local set
2025-11-12 05:25:38 - oxford_pets_fedotp_8_0.4_1 - INFO - => result | total: 399 | correct: 259 | accuracy: 64.9% | error: 35.1% | macro_f1: 69.3%
2025-11-12 05:25:38 - oxford_pets_fedotp_8_0.4_1 - INFO - Evaluate on the client1 neighbor set
2025-11-12 05:26:19 - oxford_pets_fedotp_8_0.4_1 - INFO - => result | total: 3,270 | correct: 2,239 | accuracy: 68.5% | error: 31.5% | macro_f1: 64.6%
2025-11-12 05:26:19 - oxford_pets_fedotp_8_0.4_1 - INFO - Evaluate on the client2 local set
2025-11-12 05:26:24 - oxford_pets_fedotp_8_0.4_1 - INFO - => result | total: 389 | correct: 342 | accuracy: 87.9% | error: 12.1% | macro_f1: 92.6%
2025-11-12 05:26:24 - oxford_pets_fedotp_8_0.4_1 - INFO - Evaluate on the client2 neighbor set
2025-11-12 05:27:06 - oxford_pets_fedotp_8_0.4_1 - INFO - => result | total: 3,280 | correct: 2,199 | accuracy: 67.0% | error: 33.0% | macro_f1: 63.0%
2025-11-12 05:27:06 - oxford_pets_fedotp_8_0.4_1 - INFO - Evaluate on the client3 local set
2025-11-12 05:27:11 - oxford_pets_fedotp_8_0.4_1 - INFO - => result | total: 397 | correct: 243 | accuracy: 61.2% | error: 38.8% | macro_f1: 70.7%
2025-11-12 05:27:11 - oxford_pets_fedotp_8_0.4_1 - INFO - Evaluate on the client3 neighbor set
2025-11-12 05:27:54 - oxford_pets_fedotp_8_0.4_1 - INFO - => result | total: 3,272 | correct: 2,324 | accuracy: 71.0% | error: 29.0% | macro_f1: 66.7%
2025-11-12 05:27:54 - oxford_pets_fedotp_8_0.4_1 - INFO - Evaluate on the client4 local set
2025-11-12 05:27:59 - oxford_pets_fedotp_8_0.4_1 - INFO - => result | total: 386 | correct: 289 | accuracy: 74.9% | error: 25.1% | macro_f1: 68.6%
2025-11-12 05:27:59 - oxford_pets_fedotp_8_0.4_1 - INFO - Evaluate on the client4 neighbor set
2025-11-12 05:28:41 - oxford_pets_fedotp_8_0.4_1 - INFO - => result | total: 3,283 | correct: 2,308 | accuracy: 70.3% | error: 29.7% | macro_f1: 66.2%
2025-11-12 05:28:41 - oxford_pets_fedotp_8_0.4_1 - INFO - Evaluate on the client5 local set
2025-11-12 05:28:46 - oxford_pets_fedotp_8_0.4_1 - INFO - => result | total: 399 | correct: 290 | accuracy: 72.7% | error: 27.3% | macro_f1: 73.8%
2025-11-12 05:28:46 - oxford_pets_fedotp_8_0.4_1 - INFO - Evaluate on the client5 neighbor set
2025-11-12 05:29:28 - oxford_pets_fedotp_8_0.4_1 - INFO - => result | total: 3,270 | correct: 2,320 | accuracy: 70.9% | error: 29.1% | macro_f1: 66.4%
2025-11-12 05:29:28 - oxford_pets_fedotp_8_0.4_1 - INFO - Evaluate on the client6 local set
2025-11-12 05:29:33 - oxford_pets_fedotp_8_0.4_1 - INFO - => result | total: 400 | correct: 231 | accuracy: 57.8% | error: 42.2% | macro_f1: 64.2%
2025-11-12 05:29:33 - oxford_pets_fedotp_8_0.4_1 - INFO - Evaluate on the client6 neighbor set
2025-11-12 05:30:15 - oxford_pets_fedotp_8_0.4_1 - INFO - => result | total: 3,269 | correct: 2,395 | accuracy: 73.3% | error: 26.7% | macro_f1: 70.0%
2025-11-12 05:30:15 - oxford_pets_fedotp_8_0.4_1 - INFO - Evaluate on the client7 local set
2025-11-12 05:30:20 - oxford_pets_fedotp_8_0.4_1 - INFO - => result | total: 400 | correct: 282 | accuracy: 70.5% | error: 29.5% | macro_f1: 72.6%
2025-11-12 05:30:20 - oxford_pets_fedotp_8_0.4_1 - INFO - Evaluate on the client7 neighbor set
2025-11-12 05:31:02 - oxford_pets_fedotp_8_0.4_1 - INFO - => result | total: 3,269 | correct: 2,356 | accuracy: 72.1% | error: 27.9% | macro_f1: 66.7%
2025-11-12 05:31:02 - oxford_pets_fedotp_8_0.4_1 - INFO - Evaluate on the client8 local set
2025-11-12 05:31:07 - oxford_pets_fedotp_8_0.4_1 - INFO - => result | total: 400 | correct: 358 | accuracy: 89.5% | error: 10.5% | macro_f1: 94.2%
2025-11-12 05:31:07 - oxford_pets_fedotp_8_0.4_1 - INFO - Evaluate on the client8 neighbor set
2025-11-12 05:31:50 - oxford_pets_fedotp_8_0.4_1 - INFO - => result | total: 3,269 | correct: 2,292 | accuracy: 70.1% | error: 29.9% | macro_f1: 64.5%
2025-11-12 05:31:50 - oxford_pets_fedotp_8_0.4_1 - INFO - Evaluate on the client9 local set
2025-11-12 05:31:51 - oxford_pets_fedotp_8_0.4_1 - INFO - => result | total: 100 | correct: 100 | accuracy: 100.0% | error: 0.0% | macro_f1: 100.0%
2025-11-12 05:31:51 - oxford_pets_fedotp_8_0.4_1 - INFO - Evaluate on the client9 neighbor set
2025-11-12 05:32:36 - oxford_pets_fedotp_8_0.4_1 - INFO - => result | total: 3,569 | correct: 2,563 | accuracy: 71.8% | error: 28.2% | macro_f1: 67.0%
2025-11-12 05:32:36 - oxford_pets_fedotp_8_0.4_1 - INFO - Global test local acc: 72.92
2025-11-12 05:32:36 - oxford_pets_fedotp_8_0.4_1 - INFO - Global test neighbor acc: 70.43
2025-11-12 05:32:36 - oxford_pets_fedotp_8_0.4_1 - INFO - ------------local test finish-------------
2025-11-12 05:32:36 - oxford_pets_fedotp_8_0.4_1 - INFO - [Epoch 29/30] 测试耗时: 469.74s
2025-11-12 05:32:43 - oxford_pets_fedotp_8_0.4_1 - INFO - [Epoch 30/30] 训练耗时: 7.18s | 平均训练准确率: 86.72
2025-11-12 05:32:43 - oxford_pets_fedotp_8_0.4_1 - INFO - ------------local test start-------------
2025-11-12 05:32:43 - oxford_pets_fedotp_8_0.4_1 - INFO - Evaluate on the client0 local set
2025-11-12 05:32:49 - oxford_pets_fedotp_8_0.4_1 - INFO - => result | total: 399 | correct: 200 | accuracy: 50.1% | error: 49.9% | macro_f1: 58.3%
2025-11-12 05:32:49 - oxford_pets_fedotp_8_0.4_1 - INFO - Evaluate on the client0 neighbor set
2025-11-12 05:33:32 - oxford_pets_fedotp_8_0.4_1 - INFO - => result | total: 3,270 | correct: 2,343 | accuracy: 71.7% | error: 28.3% | macro_f1: 67.5%
2025-11-12 05:33:32 - oxford_pets_fedotp_8_0.4_1 - INFO - Evaluate on the client1 local set
2025-11-12 05:33:38 - oxford_pets_fedotp_8_0.4_1 - INFO - => result | total: 399 | correct: 259 | accuracy: 64.9% | error: 35.1% | macro_f1: 69.4%
2025-11-12 05:33:38 - oxford_pets_fedotp_8_0.4_1 - INFO - Evaluate on the client1 neighbor set
2025-11-12 05:34:19 - oxford_pets_fedotp_8_0.4_1 - INFO - => result | total: 3,270 | correct: 2,236 | accuracy: 68.4% | error: 31.6% | macro_f1: 64.6%
2025-11-12 05:34:19 - oxford_pets_fedotp_8_0.4_1 - INFO - Evaluate on the client2 local set
2025-11-12 05:34:24 - oxford_pets_fedotp_8_0.4_1 - INFO - => result | total: 389 | correct: 344 | accuracy: 88.4% | error: 11.6% | macro_f1: 92.7%
2025-11-12 05:34:24 - oxford_pets_fedotp_8_0.4_1 - INFO - Evaluate on the client2 neighbor set
2025-11-12 05:35:08 - oxford_pets_fedotp_8_0.4_1 - INFO - => result | total: 3,280 | correct: 2,116 | accuracy: 64.5% | error: 35.5% | macro_f1: 61.1%
2025-11-12 05:35:08 - oxford_pets_fedotp_8_0.4_1 - INFO - Evaluate on the client3 local set
2025-11-12 05:35:14 - oxford_pets_fedotp_8_0.4_1 - INFO - => result | total: 397 | correct: 234 | accuracy: 58.9% | error: 41.1% | macro_f1: 67.6%
2025-11-12 05:35:14 - oxford_pets_fedotp_8_0.4_1 - INFO - Evaluate on the client3 neighbor set
2025-11-12 05:35:57 - oxford_pets_fedotp_8_0.4_1 - INFO - => result | total: 3,272 | correct: 2,167 | accuracy: 66.2% | error: 33.8% | macro_f1: 62.4%
2025-11-12 05:35:57 - oxford_pets_fedotp_8_0.4_1 - INFO - Evaluate on the client4 local set
2025-11-12 05:36:02 - oxford_pets_fedotp_8_0.4_1 - INFO - => result | total: 386 | correct: 271 | accuracy: 70.2% | error: 29.8% | macro_f1: 66.1%
2025-11-12 05:36:02 - oxford_pets_fedotp_8_0.4_1 - INFO - Evaluate on the client4 neighbor set
2025-11-12 05:36:43 - oxford_pets_fedotp_8_0.4_1 - INFO - => result | total: 3,283 | correct: 2,085 | accuracy: 63.5% | error: 36.5% | macro_f1: 61.0%
2025-11-12 05:36:43 - oxford_pets_fedotp_8_0.4_1 - INFO - Evaluate on the client5 local set
2025-11-12 05:36:48 - oxford_pets_fedotp_8_0.4_1 - INFO - => result | total: 399 | correct: 236 | accuracy: 59.1% | error: 40.9% | macro_f1: 66.0%
2025-11-12 05:36:48 - oxford_pets_fedotp_8_0.4_1 - INFO - Evaluate on the client5 neighbor set
2025-11-12 05:37:30 - oxford_pets_fedotp_8_0.4_1 - INFO - => result | total: 3,270 | correct: 2,080 | accuracy: 63.6% | error: 36.4% | macro_f1: 59.5%
2025-11-12 05:37:30 - oxford_pets_fedotp_8_0.4_1 - INFO - Evaluate on the client6 local set
2025-11-12 05:37:35 - oxford_pets_fedotp_8_0.4_1 - INFO - => result | total: 400 | correct: 158 | accuracy: 39.5% | error: 60.5% | macro_f1: 42.8%
2025-11-12 05:37:35 - oxford_pets_fedotp_8_0.4_1 - INFO - Evaluate on the client6 neighbor set
2025-11-12 05:38:17 - oxford_pets_fedotp_8_0.4_1 - INFO - => result | total: 3,269 | correct: 2,110 | accuracy: 64.5% | error: 35.5% | macro_f1: 62.5%
2025-11-12 05:38:17 - oxford_pets_fedotp_8_0.4_1 - INFO - Evaluate on the client7 local set
2025-11-12 05:38:22 - oxford_pets_fedotp_8_0.4_1 - INFO - => result | total: 400 | correct: 216 | accuracy: 54.0% | error: 46.0% | macro_f1: 57.4%
2025-11-12 05:38:22 - oxford_pets_fedotp_8_0.4_1 - INFO - Evaluate on the client7 neighbor set
2025-11-12 05:39:04 - oxford_pets_fedotp_8_0.4_1 - INFO - => result | total: 3,269 | correct: 2,024 | accuracy: 61.9% | error: 38.1% | macro_f1: 58.2%
2025-11-12 05:39:04 - oxford_pets_fedotp_8_0.4_1 - INFO - Evaluate on the client8 local set
2025-11-12 05:39:11 - oxford_pets_fedotp_8_0.4_1 - INFO - => result | total: 400 | correct: 329 | accuracy: 82.2% | error: 17.8% | macro_f1: 89.2%
2025-11-12 05:39:11 - oxford_pets_fedotp_8_0.4_1 - INFO - Evaluate on the client8 neighbor set
2025-11-12 05:39:54 - oxford_pets_fedotp_8_0.4_1 - INFO - => result | total: 3,269 | correct: 1,883 | accuracy: 57.6% | error: 42.4% | macro_f1: 53.9%
2025-11-12 05:39:54 - oxford_pets_fedotp_8_0.4_1 - INFO - Evaluate on the client9 local set
2025-11-12 05:39:55 - oxford_pets_fedotp_8_0.4_1 - INFO - => result | total: 100 | correct: 100 | accuracy: 100.0% | error: 0.0% | macro_f1: 100.0%
2025-11-12 05:39:55 - oxford_pets_fedotp_8_0.4_1 - INFO - Evaluate on the client9 neighbor set
2025-11-12 05:40:41 - oxford_pets_fedotp_8_0.4_1 - INFO - => result | total: 3,569 | correct: 2,085 | accuracy: 58.4% | error: 41.6% | macro_f1: 56.2%
2025-11-12 05:40:41 - oxford_pets_fedotp_8_0.4_1 - INFO - Global test local acc: 66.75
2025-11-12 05:40:41 - oxford_pets_fedotp_8_0.4_1 - INFO - Global test neighbor acc: 64.04
2025-11-12 05:40:41 - oxford_pets_fedotp_8_0.4_1 - INFO - ------------local test finish-------------
2025-11-12 05:40:41 - oxford_pets_fedotp_8_0.4_1 - INFO - [Epoch 30/30] 测试耗时: 477.96s
2025-11-12 05:40:41 - oxford_pets_fedotp_8_0.4_1 - INFO - maximum test local acc: 72.922
2025-11-12 05:40:41 - oxford_pets_fedotp_8_0.4_1 - INFO - mean of local acc: 67.377
2025-11-12 05:40:41 - oxford_pets_fedotp_8_0.4_1 - INFO - maximum test neighbor acc: 70.432
2025-11-12 05:40:41 - oxford_pets_fedotp_8_0.4_1 - INFO - mean of neighbor acc: 64.233
