2025-11-06 22:55:22 - oxford_flowers_fedotp_8_0.0_1 - INFO - 日志文件已创建: logs/oxford_flowers_fedotp_8_0.0_1_20251106_225522.log
2025-11-06 22:55:25 - oxford_flowers_fedotp_8_0.0_1 - INFO - ------------local train start epoch: 0 -------------
2025-11-06 22:55:56 - oxford_flowers_fedotp_8_0.0_1 - INFO - Epoch: 0/3	finished batch : 8/9 (skip test)
2025-11-06 22:55:56 - oxford_flowers_fedotp_8_0.0_1 - INFO - ------------epoch 0 完成，用时: 31.17s-------------
2025-11-06 22:55:56 - oxford_flowers_fedotp_8_0.0_1 - INFO - ------------已完成 1 个epoch | 平均用时: 31.17s | 上一个epoch: 31.17s | 预计剩余时间: 62.35s (1.0分钟)-------------
2025-11-06 22:55:56 - oxford_flowers_fedotp_8_0.0_1 - INFO - ------------local train start epoch: 1 -------------
2025-11-06 22:56:27 - oxford_flowers_fedotp_8_0.0_1 - INFO - Epoch: 1/3	finished batch : 8/9 (skip test)
2025-11-06 22:56:27 - oxford_flowers_fedotp_8_0.0_1 - INFO - ------------epoch 1 完成，用时: 30.39s-------------
2025-11-06 22:56:27 - oxford_flowers_fedotp_8_0.0_1 - INFO - ------------已完成 2 个epoch | 平均用时: 30.78s | 上一个epoch: 30.39s | 预计剩余时间: 30.78s (0.5分钟)-------------
2025-11-06 22:56:27 - oxford_flowers_fedotp_8_0.0_1 - INFO - ------------local train start epoch: 2 -------------
2025-11-06 22:56:56 - oxford_flowers_fedotp_8_0.0_1 - INFO - ------------local test start-------------
2025-11-06 23:00:55 - oxford_flowers_fedotp_8_0.0_1 - INFO - Global test local acc: 1.1912225705329154
2025-11-06 23:00:55 - oxford_flowers_fedotp_8_0.0_1 - INFO - Global test neighbor acc: 1.7456447559315502
2025-11-06 23:00:55 - oxford_flowers_fedotp_8_0.0_1 - INFO - ------------local test finish-------------
2025-11-06 23:00:55 - oxford_flowers_fedotp_8_0.0_1 - INFO - Epoch: 2/3	finished batch : 8/9
2025-11-06 23:00:55 - oxford_flowers_fedotp_8_0.0_1 - INFO - ------------epoch 2 完成，用时: 268.31s-------------
2025-11-06 23:00:55 - oxford_flowers_fedotp_8_0.0_1 - INFO - maximum test local acc: 1.1912225705329154
2025-11-06 23:00:55 - oxford_flowers_fedotp_8_0.0_1 - INFO - mean of local acc: 1.1912225705329154
2025-11-06 23:00:55 - oxford_flowers_fedotp_8_0.0_1 - INFO - maximum test neighbor acc: 1.7456447559315502
2025-11-06 23:00:55 - oxford_flowers_fedotp_8_0.0_1 - INFO - mean of neighbor acc: 1.7456447559315502
