2025-11-12 06:41:48 - oxford_pets_sepfpl_8_0.4_1 - INFO - 日志文件已创建: logs/oxford_pets_sepfpl_8_0.4_1_20251112_064148.log
2025-11-12 06:41:48 - oxford_pets_sepfpl_8_0.4_1 - INFO - Loading trainer: DP_FPL
2025-11-12 06:41:48 - oxford_pets_sepfpl_8_0.4_1 - INFO - Loading dataset: OxfordPets
2025-11-12 06:41:48 - oxford_pets_sepfpl_8_0.4_1 - INFO - Reading split from /home/liuxin25/dataset/oxford_pets/split_zhou_OxfordPets.json
2025-11-12 06:41:48 - oxford_pets_sepfpl_8_0.4_1 - INFO - Creating a baseline federated dataset
2025-11-12 06:41:48 - oxford_pets_sepfpl_8_0.4_1 - INFO - class_num 37
2025-11-12 06:41:48 - oxford_pets_sepfpl_8_0.4_1 - INFO - user class dict total [18, 14, 23, 10]
2025-11-12 06:41:48 - oxford_pets_sepfpl_8_0.4_1 - INFO - idx: 0, output_dict_len: 320
2025-11-12 06:41:48 - oxford_pets_sepfpl_8_0.4_1 - INFO - user class dict total [8, 4, 13, 19]
2025-11-12 06:41:48 - oxford_pets_sepfpl_8_0.4_1 - INFO - idx: 1, output_dict_len: 320
2025-11-12 06:41:48 - oxford_pets_sepfpl_8_0.4_1 - INFO - user class dict total [12, 29, 34, 15]
2025-11-12 06:41:48 - oxford_pets_sepfpl_8_0.4_1 - INFO - idx: 2, output_dict_len: 317
2025-11-12 06:41:48 - oxford_pets_sepfpl_8_0.4_1 - INFO - user class dict total [2, 32, 1, 11]
2025-11-12 06:41:48 - oxford_pets_sepfpl_8_0.4_1 - INFO - idx: 3, output_dict_len: 313
2025-11-12 06:41:48 - oxford_pets_sepfpl_8_0.4_1 - INFO - user class dict total [31, 0, 35, 7]
2025-11-12 06:41:48 - oxford_pets_sepfpl_8_0.4_1 - INFO - idx: 4, output_dict_len: 317
2025-11-12 06:41:48 - oxford_pets_sepfpl_8_0.4_1 - INFO - user class dict total [5, 27, 16, 30]
2025-11-12 06:41:48 - oxford_pets_sepfpl_8_0.4_1 - INFO - idx: 5, output_dict_len: 320
2025-11-12 06:41:48 - oxford_pets_sepfpl_8_0.4_1 - INFO - user class dict total [17, 22, 26, 9]
2025-11-12 06:41:48 - oxford_pets_sepfpl_8_0.4_1 - INFO - idx: 6, output_dict_len: 317
2025-11-12 06:41:48 - oxford_pets_sepfpl_8_0.4_1 - INFO - user class dict total [33, 3, 25, 6]
2025-11-12 06:41:48 - oxford_pets_sepfpl_8_0.4_1 - INFO - idx: 7, output_dict_len: 320
2025-11-12 06:41:48 - oxford_pets_sepfpl_8_0.4_1 - INFO - user class dict total [21, 20, 36, 28]
2025-11-12 06:41:48 - oxford_pets_sepfpl_8_0.4_1 - INFO - idx: 8, output_dict_len: 320
2025-11-12 06:41:48 - oxford_pets_sepfpl_8_0.4_1 - INFO - user class dict total [24]
2025-11-12 06:41:48 - oxford_pets_sepfpl_8_0.4_1 - INFO - idx: 9, output_dict_len: 80
2025-11-12 06:41:48 - oxford_pets_sepfpl_8_0.4_1 - INFO - Creating a baseline federated dataset
2025-11-12 06:41:48 - oxford_pets_sepfpl_8_0.4_1 - INFO - class_num 37
2025-11-12 06:41:48 - oxford_pets_sepfpl_8_0.4_1 - INFO - user class dict total [18, 14, 23, 10]
2025-11-12 06:41:48 - oxford_pets_sepfpl_8_0.4_1 - INFO - idx: 0, output_dict_len: 399
2025-11-12 06:41:48 - oxford_pets_sepfpl_8_0.4_1 - INFO - user class dict total [8, 4, 13, 19]
2025-11-12 06:41:48 - oxford_pets_sepfpl_8_0.4_1 - INFO - idx: 1, output_dict_len: 399
2025-11-12 06:41:48 - oxford_pets_sepfpl_8_0.4_1 - INFO - user class dict total [12, 29, 34, 15]
2025-11-12 06:41:48 - oxford_pets_sepfpl_8_0.4_1 - INFO - idx: 2, output_dict_len: 389
2025-11-12 06:41:48 - oxford_pets_sepfpl_8_0.4_1 - INFO - user class dict total [2, 32, 1, 11]
2025-11-12 06:41:48 - oxford_pets_sepfpl_8_0.4_1 - INFO - idx: 3, output_dict_len: 397
2025-11-12 06:41:48 - oxford_pets_sepfpl_8_0.4_1 - INFO - user class dict total [31, 0, 35, 7]
2025-11-12 06:41:48 - oxford_pets_sepfpl_8_0.4_1 - INFO - idx: 4, output_dict_len: 386
2025-11-12 06:41:48 - oxford_pets_sepfpl_8_0.4_1 - INFO - user class dict total [5, 27, 16, 30]
2025-11-12 06:41:48 - oxford_pets_sepfpl_8_0.4_1 - INFO - idx: 5, output_dict_len: 399
2025-11-12 06:41:48 - oxford_pets_sepfpl_8_0.4_1 - INFO - user class dict total [17, 22, 26, 9]
2025-11-12 06:41:48 - oxford_pets_sepfpl_8_0.4_1 - INFO - idx: 6, output_dict_len: 400
2025-11-12 06:41:48 - oxford_pets_sepfpl_8_0.4_1 - INFO - user class dict total [33, 3, 25, 6]
2025-11-12 06:41:48 - oxford_pets_sepfpl_8_0.4_1 - INFO - idx: 7, output_dict_len: 400
2025-11-12 06:41:48 - oxford_pets_sepfpl_8_0.4_1 - INFO - user class dict total [21, 20, 36, 28]
2025-11-12 06:41:48 - oxford_pets_sepfpl_8_0.4_1 - INFO - idx: 8, output_dict_len: 400
2025-11-12 06:41:48 - oxford_pets_sepfpl_8_0.4_1 - INFO - user class dict total [24]
2025-11-12 06:41:48 - oxford_pets_sepfpl_8_0.4_1 - INFO - idx: 9, output_dict_len: 100
2025-11-12 06:41:48 - oxford_pets_sepfpl_8_0.4_1 - INFO - Loading CLIP (backbone: ViT-B/16)
2025-11-12 06:41:51 - oxford_pets_sepfpl_8_0.4_1 - INFO - Building custom CLIP
2025-11-12 06:41:51 - oxford_pets_sepfpl_8_0.4_1 - INFO - Turning off gradients in both the image and the text encoder
2025-11-12 06:41:52 - oxford_pets_sepfpl_8_0.4_1 - INFO - [RDP-sepfpl] 轮次 1: ε=0.038503, std=1.592588
2025-11-12 06:42:00 - oxford_pets_sepfpl_8_0.4_1 - INFO - [Epoch 1/30] 训练耗时: 8.20s | 平均训练准确率: 52.34
2025-11-12 06:42:06 - oxford_pets_sepfpl_8_0.4_1 - INFO - [Epoch 2/30] 训练耗时: 6.69s | 平均训练准确率: 74.69
2025-11-12 06:42:13 - oxford_pets_sepfpl_8_0.4_1 - INFO - [Epoch 3/30] 训练耗时: 6.91s | 平均训练准确率: 79.22
2025-11-12 06:42:20 - oxford_pets_sepfpl_8_0.4_1 - INFO - [Epoch 4/30] 训练耗时: 7.00s | 平均训练准确率: 74.38
2025-11-12 06:42:28 - oxford_pets_sepfpl_8_0.4_1 - INFO - [Epoch 5/30] 训练耗时: 7.69s | 平均训练准确率: 84.53
2025-11-12 06:42:35 - oxford_pets_sepfpl_8_0.4_1 - INFO - [Epoch 6/30] 训练耗时: 7.12s | 平均训练准确率: 82.50
2025-11-12 06:42:42 - oxford_pets_sepfpl_8_0.4_1 - INFO - [Epoch 7/30] 训练耗时: 6.61s | 平均训练准确率: 87.19
2025-11-12 06:42:50 - oxford_pets_sepfpl_8_0.4_1 - INFO - [Epoch 8/30] 训练耗时: 8.47s | 平均训练准确率: 85.94
2025-11-12 06:42:57 - oxford_pets_sepfpl_8_0.4_1 - INFO - [Epoch 9/30] 训练耗时: 6.99s | 平均训练准确率: 70.00
2025-11-12 06:42:57 - oxford_pets_sepfpl_8_0.4_1 - INFO - [RDP-sepfpl] 轮次 10: ε=0.484722, std=0.448852
2025-11-12 06:43:04 - oxford_pets_sepfpl_8_0.4_1 - INFO - [Epoch 10/30] 训练耗时: 7.28s | 平均训练准确率: 84.06
2025-11-12 06:43:12 - oxford_pets_sepfpl_8_0.4_1 - INFO - [Epoch 11/30] 训练耗时: 7.07s | 平均训练准确率: 88.59
2025-11-12 06:43:18 - oxford_pets_sepfpl_8_0.4_1 - INFO - [Epoch 12/30] 训练耗时: 6.86s | 平均训练准确率: 87.03
2025-11-12 06:43:26 - oxford_pets_sepfpl_8_0.4_1 - INFO - [Epoch 13/30] 训练耗时: 7.45s | 平均训练准确率: 88.28
2025-11-12 06:43:36 - oxford_pets_sepfpl_8_0.4_1 - INFO - [Epoch 14/30] 训练耗时: 9.77s | 平均训练准确率: 91.09
2025-11-12 06:43:42 - oxford_pets_sepfpl_8_0.4_1 - INFO - [Epoch 15/30] 训练耗时: 6.64s | 平均训练准确率: 92.50
2025-11-12 06:43:50 - oxford_pets_sepfpl_8_0.4_1 - INFO - [Epoch 16/30] 训练耗时: 7.80s | 平均训练准确率: 90.47
2025-11-12 06:43:57 - oxford_pets_sepfpl_8_0.4_1 - INFO - [Epoch 17/30] 训练耗时: 7.14s | 平均训练准确率: 92.19
2025-11-12 06:44:04 - oxford_pets_sepfpl_8_0.4_1 - INFO - [Epoch 18/30] 训练耗时: 7.07s | 平均训练准确率: 94.22
2025-11-12 06:44:12 - oxford_pets_sepfpl_8_0.4_1 - INFO - [Epoch 19/30] 训练耗时: 7.80s | 平均训练准确率: 93.44
2025-11-12 06:44:12 - oxford_pets_sepfpl_8_0.4_1 - INFO - [RDP-sepfpl] 轮次 20: ε=1.039025, std=0.306575
2025-11-12 06:44:20 - oxford_pets_sepfpl_8_0.4_1 - INFO - [Epoch 20/30] 训练耗时: 7.61s | 平均训练准确率: 94.53
2025-11-12 06:44:27 - oxford_pets_sepfpl_8_0.4_1 - INFO - [Epoch 21/30] 训练耗时: 7.10s | 平均训练准确率: 92.66
2025-11-12 06:44:35 - oxford_pets_sepfpl_8_0.4_1 - INFO - [Epoch 22/30] 训练耗时: 7.94s | 平均训练准确率: 92.50
2025-11-12 06:44:43 - oxford_pets_sepfpl_8_0.4_1 - INFO - [Epoch 23/30] 训练耗时: 7.90s | 平均训练准确率: 89.69
2025-11-12 06:44:50 - oxford_pets_sepfpl_8_0.4_1 - INFO - [Epoch 24/30] 训练耗时: 7.52s | 平均训练准确率: 92.81
2025-11-12 06:44:56 - oxford_pets_sepfpl_8_0.4_1 - INFO - [Epoch 25/30] 训练耗时: 6.29s | 平均训练准确率: 95.31
2025-11-12 06:45:03 - oxford_pets_sepfpl_8_0.4_1 - INFO - [Epoch 26/30] 训练耗时: 6.64s | 平均训练准确率: 89.38
2025-11-12 06:45:10 - oxford_pets_sepfpl_8_0.4_1 - INFO - [Epoch 27/30] 训练耗时: 6.89s | 平均训练准确率: 90.62
2025-11-12 06:45:16 - oxford_pets_sepfpl_8_0.4_1 - INFO - [Epoch 28/30] 训练耗时: 6.50s | 平均训练准确率: 93.12
2025-11-12 06:45:16 - oxford_pets_sepfpl_8_0.4_1 - INFO - ------------local test start-------------
2025-11-12 06:45:16 - oxford_pets_sepfpl_8_0.4_1 - INFO - Evaluate on the client0 local set
2025-11-12 06:45:22 - oxford_pets_sepfpl_8_0.4_1 - INFO - => result | total: 399 | correct: 190 | accuracy: 47.6% | error: 52.4% | macro_f1: 48.6%
2025-11-12 06:45:22 - oxford_pets_sepfpl_8_0.4_1 - INFO - Evaluate on the client0 neighbor set
2025-11-12 06:46:03 - oxford_pets_sepfpl_8_0.4_1 - INFO - => result | total: 3,270 | correct: 1,869 | accuracy: 57.2% | error: 42.8% | macro_f1: 50.6%
2025-11-12 06:46:03 - oxford_pets_sepfpl_8_0.4_1 - INFO - Evaluate on the client1 local set
2025-11-12 06:46:09 - oxford_pets_sepfpl_8_0.4_1 - INFO - => result | total: 399 | correct: 244 | accuracy: 61.2% | error: 38.8% | macro_f1: 66.2%
2025-11-12 06:46:09 - oxford_pets_sepfpl_8_0.4_1 - INFO - Evaluate on the client1 neighbor set
2025-11-12 06:46:49 - oxford_pets_sepfpl_8_0.4_1 - INFO - => result | total: 3,270 | correct: 2,078 | accuracy: 63.5% | error: 36.5% | macro_f1: 57.3%
2025-11-12 06:46:49 - oxford_pets_sepfpl_8_0.4_1 - INFO - Evaluate on the client2 local set
2025-11-12 06:46:54 - oxford_pets_sepfpl_8_0.4_1 - INFO - => result | total: 389 | correct: 268 | accuracy: 68.9% | error: 31.1% | macro_f1: 76.5%
2025-11-12 06:46:54 - oxford_pets_sepfpl_8_0.4_1 - INFO - Evaluate on the client2 neighbor set
2025-11-12 06:47:36 - oxford_pets_sepfpl_8_0.4_1 - INFO - => result | total: 3,280 | correct: 1,321 | accuracy: 40.3% | error: 59.7% | macro_f1: 35.9%
2025-11-12 06:47:36 - oxford_pets_sepfpl_8_0.4_1 - INFO - Evaluate on the client3 local set
2025-11-12 06:47:42 - oxford_pets_sepfpl_8_0.4_1 - INFO - => result | total: 397 | correct: 261 | accuracy: 65.7% | error: 34.3% | macro_f1: 73.0%
2025-11-12 06:47:42 - oxford_pets_sepfpl_8_0.4_1 - INFO - Evaluate on the client3 neighbor set
2025-11-12 06:48:27 - oxford_pets_sepfpl_8_0.4_1 - INFO - => result | total: 3,272 | correct: 2,031 | accuracy: 62.1% | error: 37.9% | macro_f1: 55.6%
2025-11-12 06:48:27 - oxford_pets_sepfpl_8_0.4_1 - INFO - Evaluate on the client4 local set
2025-11-12 06:48:31 - oxford_pets_sepfpl_8_0.4_1 - INFO - => result | total: 386 | correct: 287 | accuracy: 74.4% | error: 25.6% | macro_f1: 66.8%
2025-11-12 06:48:31 - oxford_pets_sepfpl_8_0.4_1 - INFO - Evaluate on the client4 neighbor set
2025-11-12 06:49:13 - oxford_pets_sepfpl_8_0.4_1 - INFO - => result | total: 3,283 | correct: 1,988 | accuracy: 60.6% | error: 39.4% | macro_f1: 54.7%
2025-11-12 06:49:14 - oxford_pets_sepfpl_8_0.4_1 - INFO - Evaluate on the client5 local set
2025-11-12 06:49:19 - oxford_pets_sepfpl_8_0.4_1 - INFO - => result | total: 399 | correct: 198 | accuracy: 49.6% | error: 50.4% | macro_f1: 44.1%
2025-11-12 06:49:19 - oxford_pets_sepfpl_8_0.4_1 - INFO - Evaluate on the client5 neighbor set
2025-11-12 06:49:59 - oxford_pets_sepfpl_8_0.4_1 - INFO - => result | total: 3,270 | correct: 1,641 | accuracy: 50.2% | error: 49.8% | macro_f1: 45.7%
2025-11-12 06:49:59 - oxford_pets_sepfpl_8_0.4_1 - INFO - Evaluate on the client6 local set
2025-11-12 06:50:04 - oxford_pets_sepfpl_8_0.4_1 - INFO - => result | total: 400 | correct: 100 | accuracy: 25.0% | error: 75.0% | macro_f1: 16.7%
2025-11-12 06:50:04 - oxford_pets_sepfpl_8_0.4_1 - INFO - Evaluate on the client6 neighbor set
2025-11-12 06:50:42 - oxford_pets_sepfpl_8_0.4_1 - INFO - => result | total: 3,269 | correct: 1,257 | accuracy: 38.5% | error: 61.5% | macro_f1: 35.3%
2025-11-12 06:50:42 - oxford_pets_sepfpl_8_0.4_1 - INFO - Evaluate on the client7 local set
2025-11-12 06:50:45 - oxford_pets_sepfpl_8_0.4_1 - INFO - => result | total: 400 | correct: 115 | accuracy: 28.8% | error: 71.2% | macro_f1: 31.5%
2025-11-12 06:50:45 - oxford_pets_sepfpl_8_0.4_1 - INFO - Evaluate on the client7 neighbor set
2025-11-12 06:51:30 - oxford_pets_sepfpl_8_0.4_1 - INFO - => result | total: 3,269 | correct: 1,042 | accuracy: 31.9% | error: 68.1% | macro_f1: 27.5%
2025-11-12 06:51:30 - oxford_pets_sepfpl_8_0.4_1 - INFO - Evaluate on the client8 local set
2025-11-12 06:51:37 - oxford_pets_sepfpl_8_0.4_1 - INFO - => result | total: 400 | correct: 341 | accuracy: 85.2% | error: 14.8% | macro_f1: 91.5%
2025-11-12 06:51:37 - oxford_pets_sepfpl_8_0.4_1 - INFO - Evaluate on the client8 neighbor set
2025-11-12 06:52:30 - oxford_pets_sepfpl_8_0.4_1 - INFO - => result | total: 3,269 | correct: 1,121 | accuracy: 34.3% | error: 65.7% | macro_f1: 28.9%
2025-11-12 06:52:30 - oxford_pets_sepfpl_8_0.4_1 - INFO - Evaluate on the client9 local set
2025-11-12 06:52:31 - oxford_pets_sepfpl_8_0.4_1 - INFO - => result | total: 100 | correct: 100 | accuracy: 100.0% | error: 0.0% | macro_f1: 100.0%
2025-11-12 06:52:31 - oxford_pets_sepfpl_8_0.4_1 - INFO - Evaluate on the client9 neighbor set
2025-11-12 06:53:21 - oxford_pets_sepfpl_8_0.4_1 - INFO - => result | total: 3,569 | correct: 972 | accuracy: 27.2% | error: 72.8% | macro_f1: 24.7%
2025-11-12 06:53:21 - oxford_pets_sepfpl_8_0.4_1 - INFO - Global test local acc: 60.64
2025-11-12 06:53:21 - oxford_pets_sepfpl_8_0.4_1 - INFO - Global test neighbor acc: 46.56
2025-11-12 06:53:21 - oxford_pets_sepfpl_8_0.4_1 - INFO - ------------local test finish-------------
2025-11-12 06:53:21 - oxford_pets_sepfpl_8_0.4_1 - INFO - [Epoch 28/30] 测试耗时: 484.15s
2025-11-12 06:53:29 - oxford_pets_sepfpl_8_0.4_1 - INFO - [Epoch 29/30] 训练耗时: 8.12s | 平均训练准确率: 95.78
2025-11-12 06:53:29 - oxford_pets_sepfpl_8_0.4_1 - INFO - ------------local test start-------------
2025-11-12 06:53:29 - oxford_pets_sepfpl_8_0.4_1 - INFO - Evaluate on the client0 local set
2025-11-12 06:53:34 - oxford_pets_sepfpl_8_0.4_1 - INFO - => result | total: 399 | correct: 192 | accuracy: 48.1% | error: 51.9% | macro_f1: 48.7%
2025-11-12 06:53:34 - oxford_pets_sepfpl_8_0.4_1 - INFO - Evaluate on the client0 neighbor set
2025-11-12 06:54:19 - oxford_pets_sepfpl_8_0.4_1 - INFO - => result | total: 3,270 | correct: 2,024 | accuracy: 61.9% | error: 38.1% | macro_f1: 55.4%
2025-11-12 06:54:19 - oxford_pets_sepfpl_8_0.4_1 - INFO - Evaluate on the client1 local set
2025-11-12 06:54:24 - oxford_pets_sepfpl_8_0.4_1 - INFO - => result | total: 399 | correct: 267 | accuracy: 66.9% | error: 33.1% | macro_f1: 70.1%
2025-11-12 06:54:24 - oxford_pets_sepfpl_8_0.4_1 - INFO - Evaluate on the client1 neighbor set
2025-11-12 06:55:10 - oxford_pets_sepfpl_8_0.4_1 - INFO - => result | total: 3,270 | correct: 2,024 | accuracy: 61.9% | error: 38.1% | macro_f1: 55.8%
2025-11-12 06:55:10 - oxford_pets_sepfpl_8_0.4_1 - INFO - Evaluate on the client2 local set
2025-11-12 06:55:16 - oxford_pets_sepfpl_8_0.4_1 - INFO - => result | total: 389 | correct: 308 | accuracy: 79.2% | error: 20.8% | macro_f1: 85.8%
2025-11-12 06:55:16 - oxford_pets_sepfpl_8_0.4_1 - INFO - Evaluate on the client2 neighbor set
2025-11-12 06:56:01 - oxford_pets_sepfpl_8_0.4_1 - INFO - => result | total: 3,280 | correct: 1,496 | accuracy: 45.6% | error: 54.4% | macro_f1: 41.2%
2025-11-12 06:56:01 - oxford_pets_sepfpl_8_0.4_1 - INFO - Evaluate on the client3 local set
2025-11-12 06:56:06 - oxford_pets_sepfpl_8_0.4_1 - INFO - => result | total: 397 | correct: 263 | accuracy: 66.2% | error: 33.8% | macro_f1: 73.1%
2025-11-12 06:56:06 - oxford_pets_sepfpl_8_0.4_1 - INFO - Evaluate on the client3 neighbor set
2025-11-12 06:56:50 - oxford_pets_sepfpl_8_0.4_1 - INFO - => result | total: 3,272 | correct: 2,180 | accuracy: 66.6% | error: 33.4% | macro_f1: 60.8%
2025-11-12 06:56:50 - oxford_pets_sepfpl_8_0.4_1 - INFO - Evaluate on the client4 local set
2025-11-12 06:56:55 - oxford_pets_sepfpl_8_0.4_1 - INFO - => result | total: 386 | correct: 289 | accuracy: 74.9% | error: 25.1% | macro_f1: 66.3%
2025-11-12 06:56:55 - oxford_pets_sepfpl_8_0.4_1 - INFO - Evaluate on the client4 neighbor set
2025-11-12 06:57:44 - oxford_pets_sepfpl_8_0.4_1 - INFO - => result | total: 3,283 | correct: 2,297 | accuracy: 70.0% | error: 30.0% | macro_f1: 66.8%
2025-11-12 06:57:44 - oxford_pets_sepfpl_8_0.4_1 - INFO - Evaluate on the client5 local set
2025-11-12 06:57:50 - oxford_pets_sepfpl_8_0.4_1 - INFO - => result | total: 399 | correct: 199 | accuracy: 49.9% | error: 50.1% | macro_f1: 41.8%
2025-11-12 06:57:50 - oxford_pets_sepfpl_8_0.4_1 - INFO - Evaluate on the client5 neighbor set
2025-11-12 06:58:33 - oxford_pets_sepfpl_8_0.4_1 - INFO - => result | total: 3,270 | correct: 1,721 | accuracy: 52.6% | error: 47.4% | macro_f1: 48.0%
2025-11-12 06:58:33 - oxford_pets_sepfpl_8_0.4_1 - INFO - Evaluate on the client6 local set
2025-11-12 06:58:40 - oxford_pets_sepfpl_8_0.4_1 - INFO - => result | total: 400 | correct: 100 | accuracy: 25.0% | error: 75.0% | macro_f1: 16.7%
2025-11-12 06:58:40 - oxford_pets_sepfpl_8_0.4_1 - INFO - Evaluate on the client6 neighbor set
2025-11-12 06:59:24 - oxford_pets_sepfpl_8_0.4_1 - INFO - => result | total: 3,269 | correct: 1,468 | accuracy: 44.9% | error: 55.1% | macro_f1: 41.7%
2025-11-12 06:59:24 - oxford_pets_sepfpl_8_0.4_1 - INFO - Evaluate on the client7 local set
2025-11-12 06:59:29 - oxford_pets_sepfpl_8_0.4_1 - INFO - => result | total: 400 | correct: 162 | accuracy: 40.5% | error: 59.5% | macro_f1: 43.9%
2025-11-12 06:59:29 - oxford_pets_sepfpl_8_0.4_1 - INFO - Evaluate on the client7 neighbor set
2025-11-12 07:00:12 - oxford_pets_sepfpl_8_0.4_1 - INFO - => result | total: 3,269 | correct: 1,253 | accuracy: 38.3% | error: 61.7% | macro_f1: 33.7%
2025-11-12 07:00:12 - oxford_pets_sepfpl_8_0.4_1 - INFO - Evaluate on the client8 local set
2025-11-12 07:00:18 - oxford_pets_sepfpl_8_0.4_1 - INFO - => result | total: 400 | correct: 339 | accuracy: 84.8% | error: 15.2% | macro_f1: 91.5%
2025-11-12 07:00:18 - oxford_pets_sepfpl_8_0.4_1 - INFO - Evaluate on the client8 neighbor set
2025-11-12 07:01:03 - oxford_pets_sepfpl_8_0.4_1 - INFO - => result | total: 3,269 | correct: 1,349 | accuracy: 41.3% | error: 58.7% | macro_f1: 34.5%
2025-11-12 07:01:03 - oxford_pets_sepfpl_8_0.4_1 - INFO - Evaluate on the client9 local set
2025-11-12 07:01:04 - oxford_pets_sepfpl_8_0.4_1 - INFO - => result | total: 100 | correct: 100 | accuracy: 100.0% | error: 0.0% | macro_f1: 100.0%
2025-11-12 07:01:04 - oxford_pets_sepfpl_8_0.4_1 - INFO - Evaluate on the client9 neighbor set
2025-11-12 07:01:58 - oxford_pets_sepfpl_8_0.4_1 - INFO - => result | total: 3,569 | correct: 1,074 | accuracy: 30.1% | error: 69.9% | macro_f1: 27.3%
2025-11-12 07:01:58 - oxford_pets_sepfpl_8_0.4_1 - INFO - Global test local acc: 63.55
2025-11-12 07:01:58 - oxford_pets_sepfpl_8_0.4_1 - INFO - Global test neighbor acc: 51.32
2025-11-12 07:01:58 - oxford_pets_sepfpl_8_0.4_1 - INFO - ------------local test finish-------------
2025-11-12 07:01:58 - oxford_pets_sepfpl_8_0.4_1 - INFO - [Epoch 29/30] 测试耗时: 509.45s
2025-11-12 07:01:58 - oxford_pets_sepfpl_8_0.4_1 - INFO - [RDP-sepfpl] 轮次 30: ε=1.623030, std=0.245294
2025-11-12 07:02:08 - oxford_pets_sepfpl_8_0.4_1 - INFO - [Epoch 30/30] 训练耗时: 9.43s | 平均训练准确率: 96.56
2025-11-12 07:02:08 - oxford_pets_sepfpl_8_0.4_1 - INFO - ------------local test start-------------
2025-11-12 07:02:08 - oxford_pets_sepfpl_8_0.4_1 - INFO - Evaluate on the client0 local set
2025-11-12 07:02:14 - oxford_pets_sepfpl_8_0.4_1 - INFO - => result | total: 399 | correct: 194 | accuracy: 48.6% | error: 51.4% | macro_f1: 49.0%
2025-11-12 07:02:14 - oxford_pets_sepfpl_8_0.4_1 - INFO - Evaluate on the client0 neighbor set
2025-11-12 07:03:01 - oxford_pets_sepfpl_8_0.4_1 - INFO - => result | total: 3,270 | correct: 2,219 | accuracy: 67.9% | error: 32.1% | macro_f1: 63.0%
2025-11-12 07:03:01 - oxford_pets_sepfpl_8_0.4_1 - INFO - Evaluate on the client1 local set
2025-11-12 07:03:07 - oxford_pets_sepfpl_8_0.4_1 - INFO - => result | total: 399 | correct: 274 | accuracy: 68.7% | error: 31.3% | macro_f1: 70.7%
2025-11-12 07:03:07 - oxford_pets_sepfpl_8_0.4_1 - INFO - Evaluate on the client1 neighbor set
2025-11-12 07:03:51 - oxford_pets_sepfpl_8_0.4_1 - INFO - => result | total: 3,270 | correct: 2,022 | accuracy: 61.8% | error: 38.2% | macro_f1: 55.9%
2025-11-12 07:03:51 - oxford_pets_sepfpl_8_0.4_1 - INFO - Evaluate on the client2 local set
2025-11-12 07:03:56 - oxford_pets_sepfpl_8_0.4_1 - INFO - => result | total: 389 | correct: 334 | accuracy: 85.9% | error: 14.1% | macro_f1: 90.5%
2025-11-12 07:03:56 - oxford_pets_sepfpl_8_0.4_1 - INFO - Evaluate on the client2 neighbor set
2025-11-12 07:04:40 - oxford_pets_sepfpl_8_0.4_1 - INFO - => result | total: 3,280 | correct: 1,572 | accuracy: 47.9% | error: 52.1% | macro_f1: 43.2%
2025-11-12 07:04:40 - oxford_pets_sepfpl_8_0.4_1 - INFO - Evaluate on the client3 local set
2025-11-12 07:04:45 - oxford_pets_sepfpl_8_0.4_1 - INFO - => result | total: 397 | correct: 259 | accuracy: 65.2% | error: 34.8% | macro_f1: 72.1%
2025-11-12 07:04:45 - oxford_pets_sepfpl_8_0.4_1 - INFO - Evaluate on the client3 neighbor set
2025-11-12 07:05:27 - oxford_pets_sepfpl_8_0.4_1 - INFO - => result | total: 3,272 | correct: 2,212 | accuracy: 67.6% | error: 32.4% | macro_f1: 61.5%
2025-11-12 07:05:27 - oxford_pets_sepfpl_8_0.4_1 - INFO - Evaluate on the client4 local set
2025-11-12 07:05:31 - oxford_pets_sepfpl_8_0.4_1 - INFO - => result | total: 386 | correct: 291 | accuracy: 75.4% | error: 24.6% | macro_f1: 66.5%
2025-11-12 07:05:31 - oxford_pets_sepfpl_8_0.4_1 - INFO - Evaluate on the client4 neighbor set
2025-11-12 07:06:15 - oxford_pets_sepfpl_8_0.4_1 - INFO - => result | total: 3,283 | correct: 2,252 | accuracy: 68.6% | error: 31.4% | macro_f1: 65.2%
2025-11-12 07:06:15 - oxford_pets_sepfpl_8_0.4_1 - INFO - Evaluate on the client5 local set
2025-11-12 07:06:20 - oxford_pets_sepfpl_8_0.4_1 - INFO - => result | total: 399 | correct: 198 | accuracy: 49.6% | error: 50.4% | macro_f1: 41.3%
2025-11-12 07:06:20 - oxford_pets_sepfpl_8_0.4_1 - INFO - Evaluate on the client5 neighbor set
2025-11-12 07:07:03 - oxford_pets_sepfpl_8_0.4_1 - INFO - => result | total: 3,270 | correct: 1,679 | accuracy: 51.3% | error: 48.7% | macro_f1: 46.8%
2025-11-12 07:07:03 - oxford_pets_sepfpl_8_0.4_1 - INFO - Evaluate on the client6 local set
2025-11-12 07:07:08 - oxford_pets_sepfpl_8_0.4_1 - INFO - => result | total: 400 | correct: 100 | accuracy: 25.0% | error: 75.0% | macro_f1: 16.7%
2025-11-12 07:07:08 - oxford_pets_sepfpl_8_0.4_1 - INFO - Evaluate on the client6 neighbor set
2025-11-12 07:07:50 - oxford_pets_sepfpl_8_0.4_1 - INFO - => result | total: 3,269 | correct: 1,373 | accuracy: 42.0% | error: 58.0% | macro_f1: 38.3%
2025-11-12 07:07:50 - oxford_pets_sepfpl_8_0.4_1 - INFO - Evaluate on the client7 local set
2025-11-12 07:07:55 - oxford_pets_sepfpl_8_0.4_1 - INFO - => result | total: 400 | correct: 134 | accuracy: 33.5% | error: 66.5% | macro_f1: 37.4%
2025-11-12 07:07:55 - oxford_pets_sepfpl_8_0.4_1 - INFO - Evaluate on the client7 neighbor set
2025-11-12 07:08:38 - oxford_pets_sepfpl_8_0.4_1 - INFO - => result | total: 3,269 | correct: 1,106 | accuracy: 33.8% | error: 66.2% | macro_f1: 29.9%
2025-11-12 07:08:38 - oxford_pets_sepfpl_8_0.4_1 - INFO - Evaluate on the client8 local set
2025-11-12 07:08:44 - oxford_pets_sepfpl_8_0.4_1 - INFO - => result | total: 400 | correct: 346 | accuracy: 86.5% | error: 13.5% | macro_f1: 92.4%
2025-11-12 07:08:44 - oxford_pets_sepfpl_8_0.4_1 - INFO - Evaluate on the client8 neighbor set
2025-11-12 07:09:28 - oxford_pets_sepfpl_8_0.4_1 - INFO - => result | total: 3,269 | correct: 1,219 | accuracy: 37.3% | error: 62.7% | macro_f1: 30.8%
2025-11-12 07:09:28 - oxford_pets_sepfpl_8_0.4_1 - INFO - Evaluate on the client9 local set
2025-11-12 07:09:30 - oxford_pets_sepfpl_8_0.4_1 - INFO - => result | total: 100 | correct: 100 | accuracy: 100.0% | error: 0.0% | macro_f1: 100.0%
2025-11-12 07:09:30 - oxford_pets_sepfpl_8_0.4_1 - INFO - Evaluate on the client9 neighbor set
2025-11-12 07:10:20 - oxford_pets_sepfpl_8_0.4_1 - INFO - => result | total: 3,569 | correct: 910 | accuracy: 25.5% | error: 74.5% | macro_f1: 22.8%
2025-11-12 07:10:20 - oxford_pets_sepfpl_8_0.4_1 - INFO - Global test local acc: 63.84
2025-11-12 07:10:20 - oxford_pets_sepfpl_8_0.4_1 - INFO - Global test neighbor acc: 50.38
2025-11-12 07:10:20 - oxford_pets_sepfpl_8_0.4_1 - INFO - ------------local test finish-------------
2025-11-12 07:10:20 - oxford_pets_sepfpl_8_0.4_1 - INFO - [Epoch 30/30] 测试耗时: 491.94s
2025-11-12 07:10:20 - oxford_pets_sepfpl_8_0.4_1 - INFO - maximum test local acc: 63.841
2025-11-12 07:10:20 - oxford_pets_sepfpl_8_0.4_1 - INFO - mean of local acc: 62.675
2025-11-12 07:10:20 - oxford_pets_sepfpl_8_0.4_1 - INFO - maximum test neighbor acc: 51.322
2025-11-12 07:10:20 - oxford_pets_sepfpl_8_0.4_1 - INFO - mean of neighbor acc: 49.422
