2025-11-07 01:29:56 - oxford_pets_promptfl_8_0.01_1 - INFO - 日志文件已创建: logs/oxford_pets_promptfl_8_0.01_1_20251107_012956.log
2025-11-07 01:30:00 - oxford_pets_promptfl_8_0.01_1 - INFO - ------------local train start epoch: 0 -------------
2025-11-07 01:30:06 - oxford_pets_promptfl_8_0.01_1 - INFO - Epoch: 0/3	finished batch : 1/2 (skip test)
2025-11-07 01:30:06 - oxford_pets_promptfl_8_0.01_1 - INFO - ------------epoch 0 完成，用时: 5.64s-------------
2025-11-07 01:30:06 - oxford_pets_promptfl_8_0.01_1 - INFO - ------------已完成 1 个epoch | 平均用时: 5.64s | 上一个epoch: 5.64s | 预计剩余时间: 11.29s (0.2分钟)-------------
2025-11-07 01:30:06 - oxford_pets_promptfl_8_0.01_1 - INFO - ------------local train start epoch: 1 -------------
2025-11-07 01:30:10 - oxford_pets_promptfl_8_0.01_1 - INFO - Epoch: 1/3	finished batch : 1/2 (skip test)
2025-11-07 01:30:10 - oxford_pets_promptfl_8_0.01_1 - INFO - ------------epoch 1 完成，用时: 4.82s-------------
2025-11-07 01:30:10 - oxford_pets_promptfl_8_0.01_1 - INFO - ------------已完成 2 个epoch | 平均用时: 5.23s | 上一个epoch: 4.82s | 预计剩余时间: 5.23s (0.1分钟)-------------
2025-11-07 01:30:10 - oxford_pets_promptfl_8_0.01_1 - INFO - ------------local train start epoch: 2 -------------
2025-11-07 01:30:15 - oxford_pets_promptfl_8_0.01_1 - INFO - ------------local test start-------------
2025-11-07 01:35:18 - oxford_pets_promptfl_8_0.01_1 - INFO - Global test local acc: 81.4375909544107
2025-11-07 01:35:18 - oxford_pets_promptfl_8_0.01_1 - INFO - Global test neighbor acc: 79.19817132134975
2025-11-07 01:35:18 - oxford_pets_promptfl_8_0.01_1 - INFO - ------------local test finish-------------
2025-11-07 01:35:18 - oxford_pets_promptfl_8_0.01_1 - INFO - Epoch: 2/3	finished batch : 1/2
2025-11-07 01:35:18 - oxford_pets_promptfl_8_0.01_1 - INFO - ------------epoch 2 完成，用时: 307.37s-------------
2025-11-07 01:35:18 - oxford_pets_promptfl_8_0.01_1 - INFO - maximum test local acc: 81.4375909544107
2025-11-07 01:35:18 - oxford_pets_promptfl_8_0.01_1 - INFO - mean of local acc: 81.4375909544107
2025-11-07 01:35:18 - oxford_pets_promptfl_8_0.01_1 - INFO - maximum test neighbor acc: 79.19817132134975
2025-11-07 01:35:18 - oxford_pets_promptfl_8_0.01_1 - INFO - mean of neighbor acc: 79.19817132134975
