2025-11-12 03:36:30 - oxford_pets_promptfl_8_0.0_1 - INFO - 日志文件已创建: logs/oxford_pets_promptfl_8_0.0_1_20251112_033630.log
2025-11-12 03:36:30 - oxford_pets_promptfl_8_0.0_1 - INFO - Loading trainer: DP_FPL
2025-11-12 03:36:30 - oxford_pets_promptfl_8_0.0_1 - INFO - Loading dataset: OxfordPets
2025-11-12 03:36:30 - oxford_pets_promptfl_8_0.0_1 - INFO - Reading split from /home/liuxin25/dataset/oxford_pets/split_zhou_OxfordPets.json
2025-11-12 03:36:30 - oxford_pets_promptfl_8_0.0_1 - INFO - Creating a baseline federated dataset
2025-11-12 03:36:30 - oxford_pets_promptfl_8_0.0_1 - INFO - class_num 37
2025-11-12 03:36:30 - oxford_pets_promptfl_8_0.0_1 - INFO - user class dict total [18, 14, 23, 10]
2025-11-12 03:36:30 - oxford_pets_promptfl_8_0.0_1 - INFO - idx: 0, output_dict_len: 320
2025-11-12 03:36:30 - oxford_pets_promptfl_8_0.0_1 - INFO - user class dict total [8, 4, 13, 19]
2025-11-12 03:36:30 - oxford_pets_promptfl_8_0.0_1 - INFO - idx: 1, output_dict_len: 320
2025-11-12 03:36:30 - oxford_pets_promptfl_8_0.0_1 - INFO - user class dict total [12, 29, 34, 15]
2025-11-12 03:36:30 - oxford_pets_promptfl_8_0.0_1 - INFO - idx: 2, output_dict_len: 317
2025-11-12 03:36:30 - oxford_pets_promptfl_8_0.0_1 - INFO - user class dict total [2, 32, 1, 11]
2025-11-12 03:36:30 - oxford_pets_promptfl_8_0.0_1 - INFO - idx: 3, output_dict_len: 313
2025-11-12 03:36:30 - oxford_pets_promptfl_8_0.0_1 - INFO - user class dict total [31, 0, 35, 7]
2025-11-12 03:36:30 - oxford_pets_promptfl_8_0.0_1 - INFO - idx: 4, output_dict_len: 317
2025-11-12 03:36:30 - oxford_pets_promptfl_8_0.0_1 - INFO - user class dict total [5, 27, 16, 30]
2025-11-12 03:36:30 - oxford_pets_promptfl_8_0.0_1 - INFO - idx: 5, output_dict_len: 320
2025-11-12 03:36:30 - oxford_pets_promptfl_8_0.0_1 - INFO - user class dict total [17, 22, 26, 9]
2025-11-12 03:36:30 - oxford_pets_promptfl_8_0.0_1 - INFO - idx: 6, output_dict_len: 317
2025-11-12 03:36:30 - oxford_pets_promptfl_8_0.0_1 - INFO - user class dict total [33, 3, 25, 6]
2025-11-12 03:36:30 - oxford_pets_promptfl_8_0.0_1 - INFO - idx: 7, output_dict_len: 320
2025-11-12 03:36:30 - oxford_pets_promptfl_8_0.0_1 - INFO - user class dict total [21, 20, 36, 28]
2025-11-12 03:36:30 - oxford_pets_promptfl_8_0.0_1 - INFO - idx: 8, output_dict_len: 320
2025-11-12 03:36:30 - oxford_pets_promptfl_8_0.0_1 - INFO - user class dict total [24]
2025-11-12 03:36:30 - oxford_pets_promptfl_8_0.0_1 - INFO - idx: 9, output_dict_len: 80
2025-11-12 03:36:30 - oxford_pets_promptfl_8_0.0_1 - INFO - Creating a baseline federated dataset
2025-11-12 03:36:30 - oxford_pets_promptfl_8_0.0_1 - INFO - class_num 37
2025-11-12 03:36:30 - oxford_pets_promptfl_8_0.0_1 - INFO - user class dict total [18, 14, 23, 10]
2025-11-12 03:36:30 - oxford_pets_promptfl_8_0.0_1 - INFO - idx: 0, output_dict_len: 399
2025-11-12 03:36:30 - oxford_pets_promptfl_8_0.0_1 - INFO - user class dict total [8, 4, 13, 19]
2025-11-12 03:36:30 - oxford_pets_promptfl_8_0.0_1 - INFO - idx: 1, output_dict_len: 399
2025-11-12 03:36:30 - oxford_pets_promptfl_8_0.0_1 - INFO - user class dict total [12, 29, 34, 15]
2025-11-12 03:36:30 - oxford_pets_promptfl_8_0.0_1 - INFO - idx: 2, output_dict_len: 389
2025-11-12 03:36:30 - oxford_pets_promptfl_8_0.0_1 - INFO - user class dict total [2, 32, 1, 11]
2025-11-12 03:36:30 - oxford_pets_promptfl_8_0.0_1 - INFO - idx: 3, output_dict_len: 397
2025-11-12 03:36:30 - oxford_pets_promptfl_8_0.0_1 - INFO - user class dict total [31, 0, 35, 7]
2025-11-12 03:36:30 - oxford_pets_promptfl_8_0.0_1 - INFO - idx: 4, output_dict_len: 386
2025-11-12 03:36:30 - oxford_pets_promptfl_8_0.0_1 - INFO - user class dict total [5, 27, 16, 30]
2025-11-12 03:36:30 - oxford_pets_promptfl_8_0.0_1 - INFO - idx: 5, output_dict_len: 399
2025-11-12 03:36:30 - oxford_pets_promptfl_8_0.0_1 - INFO - user class dict total [17, 22, 26, 9]
2025-11-12 03:36:30 - oxford_pets_promptfl_8_0.0_1 - INFO - idx: 6, output_dict_len: 400
2025-11-12 03:36:30 - oxford_pets_promptfl_8_0.0_1 - INFO - user class dict total [33, 3, 25, 6]
2025-11-12 03:36:30 - oxford_pets_promptfl_8_0.0_1 - INFO - idx: 7, output_dict_len: 400
2025-11-12 03:36:30 - oxford_pets_promptfl_8_0.0_1 - INFO - user class dict total [21, 20, 36, 28]
2025-11-12 03:36:30 - oxford_pets_promptfl_8_0.0_1 - INFO - idx: 8, output_dict_len: 400
2025-11-12 03:36:30 - oxford_pets_promptfl_8_0.0_1 - INFO - user class dict total [24]
2025-11-12 03:36:30 - oxford_pets_promptfl_8_0.0_1 - INFO - idx: 9, output_dict_len: 100
2025-11-12 03:36:30 - oxford_pets_promptfl_8_0.0_1 - INFO - Loading CLIP (backbone: ViT-B/16)
2025-11-12 03:36:33 - oxford_pets_promptfl_8_0.0_1 - INFO - Building custom CLIP
2025-11-12 03:36:34 - oxford_pets_promptfl_8_0.0_1 - INFO - Turning off gradients in both the image and the text encoder
2025-11-12 03:36:47 - oxford_pets_promptfl_8_0.0_1 - INFO - [Epoch 1/30] 训练耗时: 12.80s | 平均训练准确率: 54.06
2025-11-12 03:36:58 - oxford_pets_promptfl_8_0.0_1 - INFO - [Epoch 2/30] 训练耗时: 11.95s | 平均训练准确率: 67.66
2025-11-12 03:37:10 - oxford_pets_promptfl_8_0.0_1 - INFO - [Epoch 3/30] 训练耗时: 11.05s | 平均训练准确率: 77.66
2025-11-12 03:37:22 - oxford_pets_promptfl_8_0.0_1 - INFO - [Epoch 4/30] 训练耗时: 12.74s | 平均训练准确率: 82.34
2025-11-12 03:37:35 - oxford_pets_promptfl_8_0.0_1 - INFO - [Epoch 5/30] 训练耗时: 12.38s | 平均训练准确率: 85.16
2025-11-12 03:37:42 - oxford_pets_promptfl_8_0.0_1 - INFO - [Epoch 6/30] 训练耗时: 7.68s | 平均训练准确率: 87.34
2025-11-12 03:37:48 - oxford_pets_promptfl_8_0.0_1 - INFO - [Epoch 7/30] 训练耗时: 5.68s | 平均训练准确率: 88.75
2025-11-12 03:37:55 - oxford_pets_promptfl_8_0.0_1 - INFO - [Epoch 8/30] 训练耗时: 7.23s | 平均训练准确率: 88.59
2025-11-12 03:38:03 - oxford_pets_promptfl_8_0.0_1 - INFO - [Epoch 9/30] 训练耗时: 7.37s | 平均训练准确率: 88.44
2025-11-12 03:38:11 - oxford_pets_promptfl_8_0.0_1 - INFO - [Epoch 10/30] 训练耗时: 8.26s | 平均训练准确率: 88.28
2025-11-12 03:38:19 - oxford_pets_promptfl_8_0.0_1 - INFO - [Epoch 11/30] 训练耗时: 8.29s | 平均训练准确率: 89.38
2025-11-12 03:38:27 - oxford_pets_promptfl_8_0.0_1 - INFO - [Epoch 12/30] 训练耗时: 8.19s | 平均训练准确率: 88.59
2025-11-12 03:38:36 - oxford_pets_promptfl_8_0.0_1 - INFO - [Epoch 13/30] 训练耗时: 8.17s | 平均训练准确率: 89.38
2025-11-12 03:38:43 - oxford_pets_promptfl_8_0.0_1 - INFO - [Epoch 14/30] 训练耗时: 7.76s | 平均训练准确率: 91.88
2025-11-12 03:38:50 - oxford_pets_promptfl_8_0.0_1 - INFO - [Epoch 15/30] 训练耗时: 7.14s | 平均训练准确率: 91.41
2025-11-12 03:38:58 - oxford_pets_promptfl_8_0.0_1 - INFO - [Epoch 16/30] 训练耗时: 7.89s | 平均训练准确率: 92.19
2025-11-12 03:39:06 - oxford_pets_promptfl_8_0.0_1 - INFO - [Epoch 17/30] 训练耗时: 8.21s | 平均训练准确率: 92.19
2025-11-12 03:39:14 - oxford_pets_promptfl_8_0.0_1 - INFO - [Epoch 18/30] 训练耗时: 7.52s | 平均训练准确率: 91.72
2025-11-12 03:39:22 - oxford_pets_promptfl_8_0.0_1 - INFO - [Epoch 19/30] 训练耗时: 7.69s | 平均训练准确率: 92.50
2025-11-12 03:39:30 - oxford_pets_promptfl_8_0.0_1 - INFO - [Epoch 20/30] 训练耗时: 8.53s | 平均训练准确率: 93.91
2025-11-12 03:39:39 - oxford_pets_promptfl_8_0.0_1 - INFO - [Epoch 21/30] 训练耗时: 8.26s | 平均训练准确率: 89.53
2025-11-12 03:39:47 - oxford_pets_promptfl_8_0.0_1 - INFO - [Epoch 22/30] 训练耗时: 8.53s | 平均训练准确率: 92.03
2025-11-12 03:39:55 - oxford_pets_promptfl_8_0.0_1 - INFO - [Epoch 23/30] 训练耗时: 7.51s | 平均训练准确率: 93.28
2025-11-12 03:40:03 - oxford_pets_promptfl_8_0.0_1 - INFO - [Epoch 24/30] 训练耗时: 8.61s | 平均训练准确率: 92.34
2025-11-12 03:40:11 - oxford_pets_promptfl_8_0.0_1 - INFO - [Epoch 25/30] 训练耗时: 8.13s | 平均训练准确率: 91.41
2025-11-12 03:40:19 - oxford_pets_promptfl_8_0.0_1 - INFO - [Epoch 26/30] 训练耗时: 8.00s | 平均训练准确率: 94.69
2025-11-12 03:40:27 - oxford_pets_promptfl_8_0.0_1 - INFO - [Epoch 27/30] 训练耗时: 8.03s | 平均训练准确率: 91.72
2025-11-12 03:40:35 - oxford_pets_promptfl_8_0.0_1 - INFO - [Epoch 28/30] 训练耗时: 7.41s | 平均训练准确率: 92.50
2025-11-12 03:40:35 - oxford_pets_promptfl_8_0.0_1 - INFO - ------------local test start-------------
2025-11-12 03:40:35 - oxford_pets_promptfl_8_0.0_1 - INFO - Evaluate on the client0 local set
2025-11-12 03:40:40 - oxford_pets_promptfl_8_0.0_1 - INFO - => result | total: 399 | correct: 130 | accuracy: 32.6% | error: 67.4% | macro_f1: 36.5%
2025-11-12 03:40:40 - oxford_pets_promptfl_8_0.0_1 - INFO - Evaluate on the client0 neighbor set
2025-11-12 03:41:24 - oxford_pets_promptfl_8_0.0_1 - INFO - => result | total: 3,270 | correct: 1,712 | accuracy: 52.4% | error: 47.6% | macro_f1: 45.6%
2025-11-12 03:41:24 - oxford_pets_promptfl_8_0.0_1 - INFO - Evaluate on the client1 local set
2025-11-12 03:41:29 - oxford_pets_promptfl_8_0.0_1 - INFO - => result | total: 399 | correct: 99 | accuracy: 24.8% | error: 75.2% | macro_f1: 24.9%
2025-11-12 03:41:29 - oxford_pets_promptfl_8_0.0_1 - INFO - Evaluate on the client1 neighbor set
2025-11-12 03:42:13 - oxford_pets_promptfl_8_0.0_1 - INFO - => result | total: 3,270 | correct: 1,638 | accuracy: 50.1% | error: 49.9% | macro_f1: 41.2%
2025-11-12 03:42:13 - oxford_pets_promptfl_8_0.0_1 - INFO - Evaluate on the client2 local set
2025-11-12 03:42:19 - oxford_pets_promptfl_8_0.0_1 - INFO - => result | total: 389 | correct: 208 | accuracy: 53.5% | error: 46.5% | macro_f1: 47.6%
2025-11-12 03:42:19 - oxford_pets_promptfl_8_0.0_1 - INFO - Evaluate on the client2 neighbor set
2025-11-12 03:43:03 - oxford_pets_promptfl_8_0.0_1 - INFO - => result | total: 3,280 | correct: 1,461 | accuracy: 44.5% | error: 55.5% | macro_f1: 36.8%
2025-11-12 03:43:03 - oxford_pets_promptfl_8_0.0_1 - INFO - Evaluate on the client3 local set
2025-11-12 03:43:08 - oxford_pets_promptfl_8_0.0_1 - INFO - => result | total: 397 | correct: 102 | accuracy: 25.7% | error: 74.3% | macro_f1: 17.9%
2025-11-12 03:43:08 - oxford_pets_promptfl_8_0.0_1 - INFO - Evaluate on the client3 neighbor set
2025-11-12 03:43:52 - oxford_pets_promptfl_8_0.0_1 - INFO - => result | total: 3,272 | correct: 1,536 | accuracy: 46.9% | error: 53.1% | macro_f1: 38.8%
2025-11-12 03:43:52 - oxford_pets_promptfl_8_0.0_1 - INFO - Evaluate on the client4 local set
2025-11-12 03:43:57 - oxford_pets_promptfl_8_0.0_1 - INFO - => result | total: 386 | correct: 110 | accuracy: 28.5% | error: 71.5% | macro_f1: 26.3%
2025-11-12 03:43:57 - oxford_pets_promptfl_8_0.0_1 - INFO - Evaluate on the client4 neighbor set
2025-11-12 03:44:41 - oxford_pets_promptfl_8_0.0_1 - INFO - => result | total: 3,283 | correct: 1,505 | accuracy: 45.8% | error: 54.2% | macro_f1: 35.7%
2025-11-12 03:44:41 - oxford_pets_promptfl_8_0.0_1 - INFO - Evaluate on the client5 local set
2025-11-12 03:44:46 - oxford_pets_promptfl_8_0.0_1 - INFO - => result | total: 399 | correct: 198 | accuracy: 49.6% | error: 50.4% | macro_f1: 49.5%
2025-11-12 03:44:46 - oxford_pets_promptfl_8_0.0_1 - INFO - Evaluate on the client5 neighbor set
2025-11-12 03:45:40 - oxford_pets_promptfl_8_0.0_1 - INFO - => result | total: 3,270 | correct: 1,390 | accuracy: 42.5% | error: 57.5% | macro_f1: 32.9%
2025-11-12 03:45:40 - oxford_pets_promptfl_8_0.0_1 - INFO - Evaluate on the client6 local set
2025-11-12 03:45:49 - oxford_pets_promptfl_8_0.0_1 - INFO - => result | total: 400 | correct: 237 | accuracy: 59.2% | error: 40.8% | macro_f1: 65.0%
2025-11-12 03:45:49 - oxford_pets_promptfl_8_0.0_1 - INFO - Evaluate on the client6 neighbor set
2025-11-12 03:46:54 - oxford_pets_promptfl_8_0.0_1 - INFO - => result | total: 3,269 | correct: 1,297 | accuracy: 39.7% | error: 60.3% | macro_f1: 29.3%
2025-11-12 03:46:54 - oxford_pets_promptfl_8_0.0_1 - INFO - Evaluate on the client7 local set
2025-11-12 03:47:01 - oxford_pets_promptfl_8_0.0_1 - INFO - => result | total: 400 | correct: 281 | accuracy: 70.2% | error: 29.8% | macro_f1: 72.5%
2025-11-12 03:47:01 - oxford_pets_promptfl_8_0.0_1 - INFO - Evaluate on the client7 neighbor set
2025-11-12 03:47:57 - oxford_pets_promptfl_8_0.0_1 - INFO - => result | total: 3,269 | correct: 1,216 | accuracy: 37.2% | error: 62.8% | macro_f1: 26.7%
2025-11-12 03:47:57 - oxford_pets_promptfl_8_0.0_1 - INFO - Evaluate on the client8 local set
2025-11-12 03:48:06 - oxford_pets_promptfl_8_0.0_1 - INFO - => result | total: 400 | correct: 176 | accuracy: 44.0% | error: 56.0% | macro_f1: 51.3%
2025-11-12 03:48:06 - oxford_pets_promptfl_8_0.0_1 - INFO - Evaluate on the client8 neighbor set
2025-11-12 03:49:10 - oxford_pets_promptfl_8_0.0_1 - INFO - => result | total: 3,269 | correct: 1,297 | accuracy: 39.7% | error: 60.3% | macro_f1: 29.1%
2025-11-12 03:49:10 - oxford_pets_promptfl_8_0.0_1 - INFO - Evaluate on the client9 local set
2025-11-12 03:49:12 - oxford_pets_promptfl_8_0.0_1 - INFO - => result | total: 100 | correct: 100 | accuracy: 100.0% | error: 0.0% | macro_f1: 100.0%
2025-11-12 03:49:12 - oxford_pets_promptfl_8_0.0_1 - INFO - Evaluate on the client9 neighbor set
2025-11-12 03:50:15 - oxford_pets_promptfl_8_0.0_1 - INFO - => result | total: 3,569 | correct: 1,346 | accuracy: 37.7% | error: 62.3% | macro_f1: 27.8%
2025-11-12 03:50:15 - oxford_pets_promptfl_8_0.0_1 - INFO - Global test local acc: 48.82
2025-11-12 03:50:15 - oxford_pets_promptfl_8_0.0_1 - INFO - Global test neighbor acc: 43.65
2025-11-12 03:50:15 - oxford_pets_promptfl_8_0.0_1 - INFO - ------------local test finish-------------
2025-11-12 03:50:15 - oxford_pets_promptfl_8_0.0_1 - INFO - [Epoch 28/30] 测试耗时: 580.47s
2025-11-12 03:50:27 - oxford_pets_promptfl_8_0.0_1 - INFO - [Epoch 29/30] 训练耗时: 11.38s | 平均训练准确率: 92.03
2025-11-12 03:50:27 - oxford_pets_promptfl_8_0.0_1 - INFO - ------------local test start-------------
2025-11-12 03:50:27 - oxford_pets_promptfl_8_0.0_1 - INFO - Evaluate on the client0 local set
2025-11-12 03:50:35 - oxford_pets_promptfl_8_0.0_1 - INFO - => result | total: 399 | correct: 204 | accuracy: 51.1% | error: 48.9% | macro_f1: 53.9%
2025-11-12 03:50:35 - oxford_pets_promptfl_8_0.0_1 - INFO - Evaluate on the client0 neighbor set
2025-11-12 03:51:40 - oxford_pets_promptfl_8_0.0_1 - INFO - => result | total: 3,270 | correct: 1,781 | accuracy: 54.5% | error: 45.5% | macro_f1: 48.1%
2025-11-12 03:51:40 - oxford_pets_promptfl_8_0.0_1 - INFO - Evaluate on the client1 local set
2025-11-12 03:51:48 - oxford_pets_promptfl_8_0.0_1 - INFO - => result | total: 399 | correct: 98 | accuracy: 24.6% | error: 75.4% | macro_f1: 24.7%
2025-11-12 03:51:48 - oxford_pets_promptfl_8_0.0_1 - INFO - Evaluate on the client1 neighbor set
2025-11-12 03:52:35 - oxford_pets_promptfl_8_0.0_1 - INFO - => result | total: 3,270 | correct: 1,845 | accuracy: 56.4% | error: 43.6% | macro_f1: 48.4%
2025-11-12 03:52:35 - oxford_pets_promptfl_8_0.0_1 - INFO - Evaluate on the client2 local set
2025-11-12 03:52:41 - oxford_pets_promptfl_8_0.0_1 - INFO - => result | total: 389 | correct: 241 | accuracy: 62.0% | error: 38.0% | macro_f1: 60.1%
2025-11-12 03:52:41 - oxford_pets_promptfl_8_0.0_1 - INFO - Evaluate on the client2 neighbor set
2025-11-12 03:53:25 - oxford_pets_promptfl_8_0.0_1 - INFO - => result | total: 3,280 | correct: 1,651 | accuracy: 50.3% | error: 49.7% | macro_f1: 43.8%
2025-11-12 03:53:25 - oxford_pets_promptfl_8_0.0_1 - INFO - Evaluate on the client3 local set
2025-11-12 03:53:30 - oxford_pets_promptfl_8_0.0_1 - INFO - => result | total: 397 | correct: 123 | accuracy: 31.0% | error: 69.0% | macro_f1: 27.9%
2025-11-12 03:53:30 - oxford_pets_promptfl_8_0.0_1 - INFO - Evaluate on the client3 neighbor set
2025-11-12 03:54:14 - oxford_pets_promptfl_8_0.0_1 - INFO - => result | total: 3,272 | correct: 1,739 | accuracy: 53.1% | error: 46.9% | macro_f1: 46.4%
2025-11-12 03:54:14 - oxford_pets_promptfl_8_0.0_1 - INFO - Evaluate on the client4 local set
2025-11-12 03:54:19 - oxford_pets_promptfl_8_0.0_1 - INFO - => result | total: 386 | correct: 186 | accuracy: 48.2% | error: 51.8% | macro_f1: 50.4%
2025-11-12 03:54:19 - oxford_pets_promptfl_8_0.0_1 - INFO - Evaluate on the client4 neighbor set
2025-11-12 03:55:02 - oxford_pets_promptfl_8_0.0_1 - INFO - => result | total: 3,283 | correct: 1,647 | accuracy: 50.2% | error: 49.8% | macro_f1: 41.8%
2025-11-12 03:55:02 - oxford_pets_promptfl_8_0.0_1 - INFO - Evaluate on the client5 local set
2025-11-12 03:55:07 - oxford_pets_promptfl_8_0.0_1 - INFO - => result | total: 399 | correct: 194 | accuracy: 48.6% | error: 51.4% | macro_f1: 49.1%
2025-11-12 03:55:07 - oxford_pets_promptfl_8_0.0_1 - INFO - Evaluate on the client5 neighbor set
2025-11-12 03:55:50 - oxford_pets_promptfl_8_0.0_1 - INFO - => result | total: 3,270 | correct: 1,615 | accuracy: 49.4% | error: 50.6% | macro_f1: 41.5%
2025-11-12 03:55:50 - oxford_pets_promptfl_8_0.0_1 - INFO - Evaluate on the client6 local set
2025-11-12 03:55:55 - oxford_pets_promptfl_8_0.0_1 - INFO - => result | total: 400 | correct: 224 | accuracy: 56.0% | error: 44.0% | macro_f1: 58.4%
2025-11-12 03:55:55 - oxford_pets_promptfl_8_0.0_1 - INFO - Evaluate on the client6 neighbor set
2025-11-12 03:56:39 - oxford_pets_promptfl_8_0.0_1 - INFO - => result | total: 3,269 | correct: 1,572 | accuracy: 48.1% | error: 51.9% | macro_f1: 40.5%
2025-11-12 03:56:39 - oxford_pets_promptfl_8_0.0_1 - INFO - Evaluate on the client7 local set
2025-11-12 03:56:45 - oxford_pets_promptfl_8_0.0_1 - INFO - => result | total: 400 | correct: 284 | accuracy: 71.0% | error: 29.0% | macro_f1: 72.9%
2025-11-12 03:56:45 - oxford_pets_promptfl_8_0.0_1 - INFO - Evaluate on the client7 neighbor set
2025-11-12 03:57:29 - oxford_pets_promptfl_8_0.0_1 - INFO - => result | total: 3,269 | correct: 1,505 | accuracy: 46.0% | error: 54.0% | macro_f1: 37.0%
2025-11-12 03:57:29 - oxford_pets_promptfl_8_0.0_1 - INFO - Evaluate on the client8 local set
2025-11-12 03:57:34 - oxford_pets_promptfl_8_0.0_1 - INFO - => result | total: 400 | correct: 230 | accuracy: 57.5% | error: 42.5% | macro_f1: 63.5%
2025-11-12 03:57:34 - oxford_pets_promptfl_8_0.0_1 - INFO - Evaluate on the client8 neighbor set
2025-11-12 03:58:17 - oxford_pets_promptfl_8_0.0_1 - INFO - => result | total: 3,269 | correct: 1,539 | accuracy: 47.1% | error: 52.9% | macro_f1: 38.7%
2025-11-12 03:58:17 - oxford_pets_promptfl_8_0.0_1 - INFO - Evaluate on the client9 local set
2025-11-12 03:58:18 - oxford_pets_promptfl_8_0.0_1 - INFO - => result | total: 100 | correct: 100 | accuracy: 100.0% | error: 0.0% | macro_f1: 100.0%
2025-11-12 03:58:18 - oxford_pets_promptfl_8_0.0_1 - INFO - Evaluate on the client9 neighbor set
2025-11-12 03:59:04 - oxford_pets_promptfl_8_0.0_1 - INFO - => result | total: 3,569 | correct: 1,652 | accuracy: 46.3% | error: 53.7% | macro_f1: 38.3%
2025-11-12 03:59:04 - oxford_pets_promptfl_8_0.0_1 - INFO - Global test local acc: 54.99
2025-11-12 03:59:04 - oxford_pets_promptfl_8_0.0_1 - INFO - Global test neighbor acc: 50.14
2025-11-12 03:59:04 - oxford_pets_promptfl_8_0.0_1 - INFO - ------------local test finish-------------
2025-11-12 03:59:04 - oxford_pets_promptfl_8_0.0_1 - INFO - [Epoch 29/30] 测试耗时: 517.69s
2025-11-12 03:59:12 - oxford_pets_promptfl_8_0.0_1 - INFO - [Epoch 30/30] 训练耗时: 7.68s | 平均训练准确率: 93.28
2025-11-12 03:59:12 - oxford_pets_promptfl_8_0.0_1 - INFO - ------------local test start-------------
2025-11-12 03:59:12 - oxford_pets_promptfl_8_0.0_1 - INFO - Evaluate on the client0 local set
2025-11-12 03:59:17 - oxford_pets_promptfl_8_0.0_1 - INFO - => result | total: 399 | correct: 182 | accuracy: 45.6% | error: 54.4% | macro_f1: 47.5%
2025-11-12 03:59:17 - oxford_pets_promptfl_8_0.0_1 - INFO - Evaluate on the client0 neighbor set
2025-11-12 04:00:13 - oxford_pets_promptfl_8_0.0_1 - INFO - => result | total: 3,270 | correct: 1,776 | accuracy: 54.3% | error: 45.7% | macro_f1: 47.6%
2025-11-12 04:00:13 - oxford_pets_promptfl_8_0.0_1 - INFO - Evaluate on the client1 local set
2025-11-12 04:00:21 - oxford_pets_promptfl_8_0.0_1 - INFO - => result | total: 399 | correct: 99 | accuracy: 24.8% | error: 75.2% | macro_f1: 24.8%
2025-11-12 04:00:21 - oxford_pets_promptfl_8_0.0_1 - INFO - Evaluate on the client1 neighbor set
2025-11-12 04:01:25 - oxford_pets_promptfl_8_0.0_1 - INFO - => result | total: 3,270 | correct: 1,773 | accuracy: 54.2% | error: 45.8% | macro_f1: 46.2%
2025-11-12 04:01:25 - oxford_pets_promptfl_8_0.0_1 - INFO - Evaluate on the client2 local set
2025-11-12 04:01:33 - oxford_pets_promptfl_8_0.0_1 - INFO - => result | total: 389 | correct: 226 | accuracy: 58.1% | error: 41.9% | macro_f1: 54.9%
2025-11-12 04:01:33 - oxford_pets_promptfl_8_0.0_1 - INFO - Evaluate on the client2 neighbor set
2025-11-12 04:02:31 - oxford_pets_promptfl_8_0.0_1 - INFO - => result | total: 3,280 | correct: 1,534 | accuracy: 46.8% | error: 53.2% | macro_f1: 39.8%
2025-11-12 04:02:31 - oxford_pets_promptfl_8_0.0_1 - INFO - Evaluate on the client3 local set
2025-11-12 04:02:39 - oxford_pets_promptfl_8_0.0_1 - INFO - => result | total: 397 | correct: 108 | accuracy: 27.2% | error: 72.8% | macro_f1: 21.0%
2025-11-12 04:02:39 - oxford_pets_promptfl_8_0.0_1 - INFO - Evaluate on the client3 neighbor set
2025-11-12 04:03:49 - oxford_pets_promptfl_8_0.0_1 - INFO - => result | total: 3,272 | correct: 1,577 | accuracy: 48.2% | error: 51.8% | macro_f1: 40.4%
2025-11-12 04:03:49 - oxford_pets_promptfl_8_0.0_1 - INFO - Evaluate on the client4 local set
2025-11-12 04:03:58 - oxford_pets_promptfl_8_0.0_1 - INFO - => result | total: 386 | correct: 114 | accuracy: 29.5% | error: 70.5% | macro_f1: 24.9%
2025-11-12 04:03:58 - oxford_pets_promptfl_8_0.0_1 - INFO - Evaluate on the client4 neighbor set
2025-11-12 04:05:03 - oxford_pets_promptfl_8_0.0_1 - INFO - => result | total: 3,283 | correct: 1,501 | accuracy: 45.7% | error: 54.3% | macro_f1: 36.4%
2025-11-12 04:05:03 - oxford_pets_promptfl_8_0.0_1 - INFO - Evaluate on the client5 local set
2025-11-12 04:05:11 - oxford_pets_promptfl_8_0.0_1 - INFO - => result | total: 399 | correct: 198 | accuracy: 49.6% | error: 50.4% | macro_f1: 49.5%
2025-11-12 04:05:11 - oxford_pets_promptfl_8_0.0_1 - INFO - Evaluate on the client5 neighbor set
2025-11-12 04:06:20 - oxford_pets_promptfl_8_0.0_1 - INFO - => result | total: 3,270 | correct: 1,369 | accuracy: 41.9% | error: 58.1% | macro_f1: 32.7%
2025-11-12 04:06:20 - oxford_pets_promptfl_8_0.0_1 - INFO - Evaluate on the client6 local set
2025-11-12 04:06:29 - oxford_pets_promptfl_8_0.0_1 - INFO - => result | total: 400 | correct: 194 | accuracy: 48.5% | error: 51.5% | macro_f1: 51.0%
2025-11-12 04:06:29 - oxford_pets_promptfl_8_0.0_1 - INFO - Evaluate on the client6 neighbor set
2025-11-12 04:07:06 - oxford_pets_promptfl_8_0.0_1 - INFO - => result | total: 3,269 | correct: 1,292 | accuracy: 39.5% | error: 60.5% | macro_f1: 29.2%
2025-11-12 04:07:06 - oxford_pets_promptfl_8_0.0_1 - INFO - Evaluate on the client7 local set
2025-11-12 04:07:11 - oxford_pets_promptfl_8_0.0_1 - INFO - => result | total: 400 | correct: 278 | accuracy: 69.5% | error: 30.5% | macro_f1: 72.0%
2025-11-12 04:07:11 - oxford_pets_promptfl_8_0.0_1 - INFO - Evaluate on the client7 neighbor set
2025-11-12 04:07:54 - oxford_pets_promptfl_8_0.0_1 - INFO - => result | total: 3,269 | correct: 1,161 | accuracy: 35.5% | error: 64.5% | macro_f1: 25.1%
2025-11-12 04:07:54 - oxford_pets_promptfl_8_0.0_1 - INFO - Evaluate on the client8 local set
2025-11-12 04:08:00 - oxford_pets_promptfl_8_0.0_1 - INFO - => result | total: 400 | correct: 190 | accuracy: 47.5% | error: 52.5% | macro_f1: 54.3%
2025-11-12 04:08:00 - oxford_pets_promptfl_8_0.0_1 - INFO - Evaluate on the client8 neighbor set
2025-11-12 04:08:44 - oxford_pets_promptfl_8_0.0_1 - INFO - => result | total: 3,269 | correct: 1,211 | accuracy: 37.0% | error: 63.0% | macro_f1: 26.9%
2025-11-12 04:08:44 - oxford_pets_promptfl_8_0.0_1 - INFO - Evaluate on the client9 local set
2025-11-12 04:08:45 - oxford_pets_promptfl_8_0.0_1 - INFO - => result | total: 100 | correct: 100 | accuracy: 100.0% | error: 0.0% | macro_f1: 100.0%
2025-11-12 04:08:45 - oxford_pets_promptfl_8_0.0_1 - INFO - Evaluate on the client9 neighbor set
2025-11-12 04:09:33 - oxford_pets_promptfl_8_0.0_1 - INFO - => result | total: 3,569 | correct: 1,264 | accuracy: 35.4% | error: 64.6% | macro_f1: 25.5%
2025-11-12 04:09:33 - oxford_pets_promptfl_8_0.0_1 - INFO - Global test local acc: 50.04
2025-11-12 04:09:33 - oxford_pets_promptfl_8_0.0_1 - INFO - Global test neighbor acc: 43.86
2025-11-12 04:09:33 - oxford_pets_promptfl_8_0.0_1 - INFO - ------------local test finish-------------
2025-11-12 04:09:33 - oxford_pets_promptfl_8_0.0_1 - INFO - [Epoch 30/30] 测试耗时: 621.27s
2025-11-12 04:09:33 - oxford_pets_promptfl_8_0.0_1 - INFO - maximum test local acc: 54.993
2025-11-12 04:09:33 - oxford_pets_promptfl_8_0.0_1 - INFO - mean of local acc: 51.283
2025-11-12 04:09:33 - oxford_pets_promptfl_8_0.0_1 - INFO - maximum test neighbor acc: 50.142
2025-11-12 04:09:33 - oxford_pets_promptfl_8_0.0_1 - INFO - mean of neighbor acc: 45.885
