2025-11-06 22:43:28 - oxford_flowers_sepfpl_8_0.0_1 - INFO - 日志文件已创建: logs/oxford_flowers_sepfpl_8_0.0_1_20251106_224328.log
2025-11-06 22:43:31 - oxford_flowers_sepfpl_8_0.0_1 - INFO - ------------local train start epoch: 0 -------------
2025-11-06 22:44:08 - oxford_flowers_sepfpl_8_0.0_1 - INFO - Epoch: 0/3	finished batch : 8/9 (skip test)
2025-11-06 22:44:08 - oxford_flowers_sepfpl_8_0.0_1 - INFO - ------------epoch 0 完成，用时: 36.59s-------------
2025-11-06 22:44:08 - oxford_flowers_sepfpl_8_0.0_1 - INFO - ------------已完成 1 个epoch | 平均用时: 36.59s | 上一个epoch: 36.59s | 预计剩余时间: 73.18s (1.2分钟)-------------
2025-11-06 22:44:08 - oxford_flowers_sepfpl_8_0.0_1 - INFO - ------------local train start epoch: 1 -------------
2025-11-06 22:44:44 - oxford_flowers_sepfpl_8_0.0_1 - INFO - Epoch: 1/3	finished batch : 8/9 (skip test)
2025-11-06 22:44:44 - oxford_flowers_sepfpl_8_0.0_1 - INFO - ------------epoch 1 完成，用时: 36.04s-------------
2025-11-06 22:44:44 - oxford_flowers_sepfpl_8_0.0_1 - INFO - ------------已完成 2 个epoch | 平均用时: 36.31s | 上一个epoch: 36.04s | 预计剩余时间: 36.31s (0.6分钟)-------------
2025-11-06 22:44:44 - oxford_flowers_sepfpl_8_0.0_1 - INFO - ------------local train start epoch: 2 -------------
2025-11-06 22:45:14 - oxford_flowers_sepfpl_8_0.0_1 - INFO - ------------local test start-------------
2025-11-06 22:49:36 - oxford_flowers_sepfpl_8_0.0_1 - INFO - Global test local acc: 2.633228840125392
2025-11-06 22:49:36 - oxford_flowers_sepfpl_8_0.0_1 - INFO - Global test neighbor acc: 2.8859385587110826
2025-11-06 22:49:36 - oxford_flowers_sepfpl_8_0.0_1 - INFO - ------------local test finish-------------
2025-11-06 22:49:36 - oxford_flowers_sepfpl_8_0.0_1 - INFO - Epoch: 2/3	finished batch : 8/9
2025-11-06 22:49:36 - oxford_flowers_sepfpl_8_0.0_1 - INFO - ------------epoch 2 完成，用时: 291.51s-------------
2025-11-06 22:49:36 - oxford_flowers_sepfpl_8_0.0_1 - INFO - maximum test local acc: 2.633228840125392
2025-11-06 22:49:36 - oxford_flowers_sepfpl_8_0.0_1 - INFO - mean of local acc: 2.633228840125392
2025-11-06 22:49:36 - oxford_flowers_sepfpl_8_0.0_1 - INFO - maximum test neighbor acc: 2.8859385587110826
2025-11-06 22:49:36 - oxford_flowers_sepfpl_8_0.0_1 - INFO - mean of neighbor acc: 2.8859385587110826
