2025-11-12 10:02:00 - oxford_flowers_fedotp_8_0.0_1 - INFO - 日志文件已创建: logs/oxford_flowers_fedotp_8_0.0_1_20251112_100200.log
2025-11-12 10:02:00 - oxford_flowers_fedotp_8_0.0_1 - INFO - Loading trainer: DP_FPL
2025-11-12 10:02:00 - oxford_flowers_fedotp_8_0.0_1 - INFO - Loading dataset: OxfordFlowers
2025-11-12 10:02:00 - oxford_flowers_fedotp_8_0.0_1 - INFO - Reading split from /home/liuxin25/dataset/oxford_flowers/split_zhou_OxfordFlowers.json
2025-11-12 10:02:00 - oxford_flowers_fedotp_8_0.0_1 - INFO - Creating a baseline federated dataset
2025-11-12 10:02:00 - oxford_flowers_fedotp_8_0.0_1 - INFO - class_num 102
2025-11-12 10:02:00 - oxford_flowers_fedotp_8_0.0_1 - INFO - user class dict total [90, 54, 31, 35, 55, 72, 92, 42, 95, 84]
2025-11-12 10:02:00 - oxford_flowers_fedotp_8_0.0_1 - INFO - idx: 0, output_dict_len: 451
2025-11-12 10:02:00 - oxford_flowers_fedotp_8_0.0_1 - INFO - user class dict total [74, 0, 1, 80, 27, 20, 77, 50, 66, 45]
2025-11-12 10:02:00 - oxford_flowers_fedotp_8_0.0_1 - INFO - idx: 1, output_dict_len: 562
2025-11-12 10:02:00 - oxford_flowers_fedotp_8_0.0_1 - INFO - user class dict total [44, 82, 14, 32, 52, 70, 28, 51, 10, 21]
2025-11-12 10:02:00 - oxford_flowers_fedotp_8_0.0_1 - INFO - idx: 2, output_dict_len: 373
2025-11-12 10:02:00 - oxford_flowers_fedotp_8_0.0_1 - INFO - user class dict total [33, 75, 5, 48, 87, 98, 23, 69, 62, 7]
2025-11-12 10:02:00 - oxford_flowers_fedotp_8_0.0_1 - INFO - idx: 3, output_dict_len: 350
2025-11-12 10:02:00 - oxford_flowers_fedotp_8_0.0_1 - INFO - user class dict total [17, 18, 60, 34, 11, 58, 86, 13, 41, 30]
2025-11-12 10:02:00 - oxford_flowers_fedotp_8_0.0_1 - INFO - idx: 4, output_dict_len: 302
2025-11-12 10:02:00 - oxford_flowers_fedotp_8_0.0_1 - INFO - user class dict total [24, 71, 56, 76, 37, 6, 53, 79, 97, 39]
2025-11-12 10:02:00 - oxford_flowers_fedotp_8_0.0_1 - INFO - idx: 5, output_dict_len: 433
2025-11-12 10:02:00 - oxford_flowers_fedotp_8_0.0_1 - INFO - user class dict total [47, 65, 36, 91, 3, 63, 59, 9, 96, 64]
2025-11-12 10:02:00 - oxford_flowers_fedotp_8_0.0_1 - INFO - idx: 6, output_dict_len: 367
2025-11-12 10:02:00 - oxford_flowers_fedotp_8_0.0_1 - INFO - user class dict total [94, 88, 99, 61, 19, 25, 4, 16, 8, 46]
2025-11-12 10:02:00 - oxford_flowers_fedotp_8_0.0_1 - INFO - idx: 7, output_dict_len: 387
2025-11-12 10:02:00 - oxford_flowers_fedotp_8_0.0_1 - INFO - user class dict total [26, 2, 93, 85, 29, 22, 100, 67, 68, 38]
2025-11-12 10:02:00 - oxford_flowers_fedotp_8_0.0_1 - INFO - idx: 8, output_dict_len: 341
2025-11-12 10:02:00 - oxford_flowers_fedotp_8_0.0_1 - INFO - user class dict total [83, 15, 12, 81, 43, 73, 78, 40, 101, 57, 89, 49]
2025-11-12 10:02:00 - oxford_flowers_fedotp_8_0.0_1 - INFO - idx: 9, output_dict_len: 527
2025-11-12 10:02:00 - oxford_flowers_fedotp_8_0.0_1 - INFO - Creating a baseline federated dataset
2025-11-12 10:02:00 - oxford_flowers_fedotp_8_0.0_1 - INFO - class_num 102
2025-11-12 10:02:00 - oxford_flowers_fedotp_8_0.0_1 - INFO - user class dict total [90, 54, 31, 35, 55, 72, 92, 42, 95, 84]
2025-11-12 10:02:00 - oxford_flowers_fedotp_8_0.0_1 - INFO - idx: 0, output_dict_len: 269
2025-11-12 10:02:00 - oxford_flowers_fedotp_8_0.0_1 - INFO - user class dict total [74, 0, 1, 80, 27, 20, 77, 50, 66, 45]
2025-11-12 10:02:00 - oxford_flowers_fedotp_8_0.0_1 - INFO - idx: 1, output_dict_len: 339
2025-11-12 10:02:00 - oxford_flowers_fedotp_8_0.0_1 - INFO - user class dict total [44, 82, 14, 32, 52, 70, 28, 51, 10, 21]
2025-11-12 10:02:00 - oxford_flowers_fedotp_8_0.0_1 - INFO - idx: 2, output_dict_len: 223
2025-11-12 10:02:00 - oxford_flowers_fedotp_8_0.0_1 - INFO - user class dict total [33, 75, 5, 48, 87, 98, 23, 69, 62, 7]
2025-11-12 10:02:00 - oxford_flowers_fedotp_8_0.0_1 - INFO - idx: 3, output_dict_len: 211
2025-11-12 10:02:00 - oxford_flowers_fedotp_8_0.0_1 - INFO - user class dict total [17, 18, 60, 34, 11, 58, 86, 13, 41, 30]
2025-11-12 10:02:00 - oxford_flowers_fedotp_8_0.0_1 - INFO - idx: 4, output_dict_len: 178
2025-11-12 10:02:00 - oxford_flowers_fedotp_8_0.0_1 - INFO - user class dict total [24, 71, 56, 76, 37, 6, 53, 79, 97, 39]
2025-11-12 10:02:00 - oxford_flowers_fedotp_8_0.0_1 - INFO - idx: 5, output_dict_len: 262
2025-11-12 10:02:00 - oxford_flowers_fedotp_8_0.0_1 - INFO - user class dict total [47, 65, 36, 91, 3, 63, 59, 9, 96, 64]
2025-11-12 10:02:00 - oxford_flowers_fedotp_8_0.0_1 - INFO - idx: 6, output_dict_len: 223
2025-11-12 10:02:00 - oxford_flowers_fedotp_8_0.0_1 - INFO - user class dict total [94, 88, 99, 61, 19, 25, 4, 16, 8, 46]
2025-11-12 10:02:00 - oxford_flowers_fedotp_8_0.0_1 - INFO - idx: 7, output_dict_len: 234
2025-11-12 10:02:00 - oxford_flowers_fedotp_8_0.0_1 - INFO - user class dict total [26, 2, 93, 85, 29, 22, 100, 67, 68, 38]
2025-11-12 10:02:00 - oxford_flowers_fedotp_8_0.0_1 - INFO - idx: 8, output_dict_len: 205
2025-11-12 10:02:00 - oxford_flowers_fedotp_8_0.0_1 - INFO - user class dict total [83, 15, 12, 81, 43, 73, 78, 40, 101, 57, 89, 49]
2025-11-12 10:02:00 - oxford_flowers_fedotp_8_0.0_1 - INFO - idx: 9, output_dict_len: 319
2025-11-12 10:02:00 - oxford_flowers_fedotp_8_0.0_1 - INFO - Loading CLIP (backbone: ViT-B/16)
2025-11-12 10:02:04 - oxford_flowers_fedotp_8_0.0_1 - INFO - Building custom CLIP
2025-11-12 10:02:04 - oxford_flowers_fedotp_8_0.0_1 - INFO - Turning off gradients in both the image and the text encoder
2025-11-12 10:02:30 - oxford_flowers_fedotp_8_0.0_1 - INFO - [Epoch 1/30] 训练耗时: 26.31s | 平均训练准确率: 7.43
2025-11-12 10:02:55 - oxford_flowers_fedotp_8_0.0_1 - INFO - [Epoch 2/30] 训练耗时: 24.87s | 平均训练准确率: 36.08
2025-11-12 10:03:20 - oxford_flowers_fedotp_8_0.0_1 - INFO - [Epoch 3/30] 训练耗时: 24.65s | 平均训练准确率: 61.53
2025-11-12 10:03:46 - oxford_flowers_fedotp_8_0.0_1 - INFO - [Epoch 4/30] 训练耗时: 25.99s | 平均训练准确率: 65.24
2025-11-12 10:04:11 - oxford_flowers_fedotp_8_0.0_1 - INFO - [Epoch 5/30] 训练耗时: 24.96s | 平均训练准确率: 68.61
2025-11-12 10:04:36 - oxford_flowers_fedotp_8_0.0_1 - INFO - [Epoch 6/30] 训练耗时: 25.13s | 平均训练准确率: 72.47
2025-11-12 10:05:01 - oxford_flowers_fedotp_8_0.0_1 - INFO - [Epoch 7/30] 训练耗时: 25.06s | 平均训练准确率: 77.01
2025-11-12 10:05:26 - oxford_flowers_fedotp_8_0.0_1 - INFO - [Epoch 8/30] 训练耗时: 24.79s | 平均训练准确率: 77.50
2025-11-12 10:05:50 - oxford_flowers_fedotp_8_0.0_1 - INFO - [Epoch 9/30] 训练耗时: 24.71s | 平均训练准确率: 79.76
2025-11-12 10:06:15 - oxford_flowers_fedotp_8_0.0_1 - INFO - [Epoch 10/30] 训练耗时: 25.00s | 平均训练准确率: 82.67
2025-11-12 10:06:40 - oxford_flowers_fedotp_8_0.0_1 - INFO - [Epoch 11/30] 训练耗时: 24.95s | 平均训练准确率: 82.95
2025-11-12 10:07:06 - oxford_flowers_fedotp_8_0.0_1 - INFO - [Epoch 12/30] 训练耗时: 25.40s | 平均训练准确率: 82.57
2025-11-12 10:07:32 - oxford_flowers_fedotp_8_0.0_1 - INFO - [Epoch 13/30] 训练耗时: 26.06s | 平均训练准确率: 85.76
2025-11-12 10:07:56 - oxford_flowers_fedotp_8_0.0_1 - INFO - [Epoch 14/30] 训练耗时: 24.59s | 平均训练准确率: 86.77
2025-11-12 10:08:21 - oxford_flowers_fedotp_8_0.0_1 - INFO - [Epoch 15/30] 训练耗时: 24.70s | 平均训练准确率: 85.66
2025-11-12 10:08:46 - oxford_flowers_fedotp_8_0.0_1 - INFO - [Epoch 16/30] 训练耗时: 24.89s | 平均训练准确率: 87.99
2025-11-12 10:09:11 - oxford_flowers_fedotp_8_0.0_1 - INFO - [Epoch 17/30] 训练耗时: 24.91s | 平均训练准确率: 88.33
2025-11-12 10:09:35 - oxford_flowers_fedotp_8_0.0_1 - INFO - [Epoch 18/30] 训练耗时: 24.59s | 平均训练准确率: 87.88
2025-11-12 10:10:00 - oxford_flowers_fedotp_8_0.0_1 - INFO - [Epoch 19/30] 训练耗时: 24.99s | 平均训练准确率: 89.31
2025-11-12 10:10:25 - oxford_flowers_fedotp_8_0.0_1 - INFO - [Epoch 20/30] 训练耗时: 25.04s | 平均训练准确率: 90.24
2025-11-12 10:10:51 - oxford_flowers_fedotp_8_0.0_1 - INFO - [Epoch 21/30] 训练耗时: 25.32s | 平均训练准确率: 89.41
2025-11-12 10:11:16 - oxford_flowers_fedotp_8_0.0_1 - INFO - [Epoch 22/30] 训练耗时: 24.88s | 平均训练准确率: 90.35
2025-11-12 10:11:40 - oxford_flowers_fedotp_8_0.0_1 - INFO - [Epoch 23/30] 训练耗时: 24.82s | 平均训练准确率: 91.22
2025-11-12 10:12:05 - oxford_flowers_fedotp_8_0.0_1 - INFO - [Epoch 24/30] 训练耗时: 24.73s | 平均训练准确率: 89.69
2025-11-12 10:12:30 - oxford_flowers_fedotp_8_0.0_1 - INFO - [Epoch 25/30] 训练耗时: 25.05s | 平均训练准确率: 88.37
2025-11-12 10:12:55 - oxford_flowers_fedotp_8_0.0_1 - INFO - [Epoch 26/30] 训练耗时: 24.69s | 平均训练准确率: 89.93
2025-11-12 10:13:20 - oxford_flowers_fedotp_8_0.0_1 - INFO - [Epoch 27/30] 训练耗时: 24.73s | 平均训练准确率: 88.54
2025-11-12 10:13:46 - oxford_flowers_fedotp_8_0.0_1 - INFO - [Epoch 28/30] 训练耗时: 25.95s | 平均训练准确率: 89.51
2025-11-12 10:13:46 - oxford_flowers_fedotp_8_0.0_1 - INFO - ------------local test start-------------
2025-11-12 10:13:46 - oxford_flowers_fedotp_8_0.0_1 - INFO - Evaluate on the client0 local set
2025-11-12 10:13:48 - oxford_flowers_fedotp_8_0.0_1 - INFO - => result | total: 269 | correct: 188 | accuracy: 69.9% | error: 30.1% | macro_f1: 57.9%
2025-11-12 10:13:48 - oxford_flowers_fedotp_8_0.0_1 - INFO - Evaluate on the client0 neighbor set
2025-11-12 10:14:08 - oxford_flowers_fedotp_8_0.0_1 - INFO - => result | total: 2,194 | correct: 1,324 | accuracy: 60.3% | error: 39.7% | macro_f1: 55.0%
2025-11-12 10:14:08 - oxford_flowers_fedotp_8_0.0_1 - INFO - Evaluate on the client1 local set
2025-11-12 10:14:11 - oxford_flowers_fedotp_8_0.0_1 - INFO - => result | total: 339 | correct: 213 | accuracy: 62.8% | error: 37.2% | macro_f1: 49.2%
2025-11-12 10:14:11 - oxford_flowers_fedotp_8_0.0_1 - INFO - Evaluate on the client1 neighbor set
2025-11-12 10:14:30 - oxford_flowers_fedotp_8_0.0_1 - INFO - => result | total: 2,124 | correct: 1,416 | accuracy: 66.7% | error: 33.3% | macro_f1: 60.7%
2025-11-12 10:14:30 - oxford_flowers_fedotp_8_0.0_1 - INFO - Evaluate on the client2 local set
2025-11-12 10:14:32 - oxford_flowers_fedotp_8_0.0_1 - INFO - => result | total: 223 | correct: 187 | accuracy: 83.9% | error: 16.1% | macro_f1: 77.4%
2025-11-12 10:14:32 - oxford_flowers_fedotp_8_0.0_1 - INFO - Evaluate on the client2 neighbor set
2025-11-12 10:14:52 - oxford_flowers_fedotp_8_0.0_1 - INFO - => result | total: 2,240 | correct: 1,573 | accuracy: 70.2% | error: 29.8% | macro_f1: 62.2%
2025-11-12 10:14:52 - oxford_flowers_fedotp_8_0.0_1 - INFO - Evaluate on the client3 local set
2025-11-12 10:14:54 - oxford_flowers_fedotp_8_0.0_1 - INFO - => result | total: 211 | correct: 186 | accuracy: 88.2% | error: 11.8% | macro_f1: 83.7%
2025-11-12 10:14:54 - oxford_flowers_fedotp_8_0.0_1 - INFO - Evaluate on the client3 neighbor set
2025-11-12 10:15:13 - oxford_flowers_fedotp_8_0.0_1 - INFO - => result | total: 2,252 | correct: 1,689 | accuracy: 75.0% | error: 25.0% | macro_f1: 66.3%
2025-11-12 10:15:13 - oxford_flowers_fedotp_8_0.0_1 - INFO - Evaluate on the client4 local set
2025-11-12 10:15:15 - oxford_flowers_fedotp_8_0.0_1 - INFO - => result | total: 178 | correct: 165 | accuracy: 92.7% | error: 7.3% | macro_f1: 96.4%
2025-11-12 10:15:15 - oxford_flowers_fedotp_8_0.0_1 - INFO - Evaluate on the client4 neighbor set
2025-11-12 10:15:35 - oxford_flowers_fedotp_8_0.0_1 - INFO - => result | total: 2,285 | correct: 1,724 | accuracy: 75.4% | error: 24.6% | macro_f1: 66.1%
2025-11-12 10:15:35 - oxford_flowers_fedotp_8_0.0_1 - INFO - Evaluate on the client5 local set
2025-11-12 10:15:37 - oxford_flowers_fedotp_8_0.0_1 - INFO - => result | total: 262 | correct: 198 | accuracy: 75.6% | error: 24.4% | macro_f1: 67.7%
2025-11-12 10:15:37 - oxford_flowers_fedotp_8_0.0_1 - INFO - Evaluate on the client5 neighbor set
2025-11-12 10:15:57 - oxford_flowers_fedotp_8_0.0_1 - INFO - => result | total: 2,201 | correct: 1,662 | accuracy: 75.5% | error: 24.5% | macro_f1: 67.5%
2025-11-12 10:15:57 - oxford_flowers_fedotp_8_0.0_1 - INFO - Evaluate on the client6 local set
2025-11-12 10:15:59 - oxford_flowers_fedotp_8_0.0_1 - INFO - => result | total: 223 | correct: 188 | accuracy: 84.3% | error: 15.7% | macro_f1: 83.2%
2025-11-12 10:15:59 - oxford_flowers_fedotp_8_0.0_1 - INFO - Evaluate on the client6 neighbor set
2025-11-12 10:16:18 - oxford_flowers_fedotp_8_0.0_1 - INFO - => result | total: 2,240 | correct: 1,590 | accuracy: 71.0% | error: 29.0% | macro_f1: 63.8%
2025-11-12 10:16:18 - oxford_flowers_fedotp_8_0.0_1 - INFO - Evaluate on the client7 local set
2025-11-12 10:16:20 - oxford_flowers_fedotp_8_0.0_1 - INFO - => result | total: 234 | correct: 198 | accuracy: 84.6% | error: 15.4% | macro_f1: 88.5%
2025-11-12 10:16:20 - oxford_flowers_fedotp_8_0.0_1 - INFO - Evaluate on the client7 neighbor set
2025-11-12 10:16:41 - oxford_flowers_fedotp_8_0.0_1 - INFO - => result | total: 2,229 | correct: 1,484 | accuracy: 66.6% | error: 33.4% | macro_f1: 59.1%
2025-11-12 10:16:41 - oxford_flowers_fedotp_8_0.0_1 - INFO - Evaluate on the client8 local set
2025-11-12 10:16:43 - oxford_flowers_fedotp_8_0.0_1 - INFO - => result | total: 205 | correct: 178 | accuracy: 86.8% | error: 13.2% | macro_f1: 85.1%
2025-11-12 10:16:43 - oxford_flowers_fedotp_8_0.0_1 - INFO - Evaluate on the client8 neighbor set
2025-11-12 10:17:03 - oxford_flowers_fedotp_8_0.0_1 - INFO - => result | total: 2,258 | correct: 1,393 | accuracy: 61.7% | error: 38.3% | macro_f1: 57.0%
2025-11-12 10:17:03 - oxford_flowers_fedotp_8_0.0_1 - INFO - Evaluate on the client9 local set
2025-11-12 10:17:06 - oxford_flowers_fedotp_8_0.0_1 - INFO - => result | total: 319 | correct: 248 | accuracy: 77.7% | error: 22.3% | macro_f1: 67.6%
2025-11-12 10:17:06 - oxford_flowers_fedotp_8_0.0_1 - INFO - Evaluate on the client9 neighbor set
2025-11-12 10:17:24 - oxford_flowers_fedotp_8_0.0_1 - INFO - => result | total: 2,144 | correct: 1,249 | accuracy: 58.3% | error: 41.7% | macro_f1: 55.5%
2025-11-12 10:17:24 - oxford_flowers_fedotp_8_0.0_1 - INFO - Global test local acc: 80.65
2025-11-12 10:17:24 - oxford_flowers_fedotp_8_0.0_1 - INFO - Global test neighbor acc: 68.07
2025-11-12 10:17:24 - oxford_flowers_fedotp_8_0.0_1 - INFO - ------------local test finish-------------
2025-11-12 10:17:24 - oxford_flowers_fedotp_8_0.0_1 - INFO - [Epoch 28/30] 测试耗时: 218.83s
2025-11-12 10:17:49 - oxford_flowers_fedotp_8_0.0_1 - INFO - [Epoch 29/30] 训练耗时: 24.93s | 平均训练准确率: 90.35
2025-11-12 10:17:49 - oxford_flowers_fedotp_8_0.0_1 - INFO - ------------local test start-------------
2025-11-12 10:17:49 - oxford_flowers_fedotp_8_0.0_1 - INFO - Evaluate on the client0 local set
2025-11-12 10:17:52 - oxford_flowers_fedotp_8_0.0_1 - INFO - => result | total: 269 | correct: 185 | accuracy: 68.8% | error: 31.2% | macro_f1: 57.7%
2025-11-12 10:17:52 - oxford_flowers_fedotp_8_0.0_1 - INFO - Evaluate on the client0 neighbor set
2025-11-12 10:18:11 - oxford_flowers_fedotp_8_0.0_1 - INFO - => result | total: 2,194 | correct: 1,489 | accuracy: 67.9% | error: 32.1% | macro_f1: 61.3%
2025-11-12 10:18:11 - oxford_flowers_fedotp_8_0.0_1 - INFO - Evaluate on the client1 local set
2025-11-12 10:18:15 - oxford_flowers_fedotp_8_0.0_1 - INFO - => result | total: 339 | correct: 230 | accuracy: 67.8% | error: 32.2% | macro_f1: 57.5%
2025-11-12 10:18:15 - oxford_flowers_fedotp_8_0.0_1 - INFO - Evaluate on the client1 neighbor set
2025-11-12 10:18:33 - oxford_flowers_fedotp_8_0.0_1 - INFO - => result | total: 2,124 | correct: 1,561 | accuracy: 73.5% | error: 26.5% | macro_f1: 65.2%
2025-11-12 10:18:33 - oxford_flowers_fedotp_8_0.0_1 - INFO - Evaluate on the client2 local set
2025-11-12 10:18:35 - oxford_flowers_fedotp_8_0.0_1 - INFO - => result | total: 223 | correct: 193 | accuracy: 86.5% | error: 13.5% | macro_f1: 76.6%
2025-11-12 10:18:35 - oxford_flowers_fedotp_8_0.0_1 - INFO - Evaluate on the client2 neighbor set
2025-11-12 10:18:55 - oxford_flowers_fedotp_8_0.0_1 - INFO - => result | total: 2,240 | correct: 1,677 | accuracy: 74.9% | error: 25.1% | macro_f1: 65.8%
2025-11-12 10:18:55 - oxford_flowers_fedotp_8_0.0_1 - INFO - Evaluate on the client3 local set
2025-11-12 10:18:57 - oxford_flowers_fedotp_8_0.0_1 - INFO - => result | total: 211 | correct: 183 | accuracy: 86.7% | error: 13.3% | macro_f1: 82.8%
2025-11-12 10:18:57 - oxford_flowers_fedotp_8_0.0_1 - INFO - Evaluate on the client3 neighbor set
2025-11-12 10:19:16 - oxford_flowers_fedotp_8_0.0_1 - INFO - => result | total: 2,252 | correct: 1,648 | accuracy: 73.2% | error: 26.8% | macro_f1: 64.2%
2025-11-12 10:19:16 - oxford_flowers_fedotp_8_0.0_1 - INFO - Evaluate on the client4 local set
2025-11-12 10:19:18 - oxford_flowers_fedotp_8_0.0_1 - INFO - => result | total: 178 | correct: 157 | accuracy: 88.2% | error: 11.8% | macro_f1: 93.3%
2025-11-12 10:19:18 - oxford_flowers_fedotp_8_0.0_1 - INFO - Evaluate on the client4 neighbor set
2025-11-12 10:19:39 - oxford_flowers_fedotp_8_0.0_1 - INFO - => result | total: 2,285 | correct: 1,572 | accuracy: 68.8% | error: 31.2% | macro_f1: 61.5%
2025-11-12 10:19:39 - oxford_flowers_fedotp_8_0.0_1 - INFO - Evaluate on the client5 local set
2025-11-12 10:19:41 - oxford_flowers_fedotp_8_0.0_1 - INFO - => result | total: 262 | correct: 195 | accuracy: 74.4% | error: 25.6% | macro_f1: 67.4%
2025-11-12 10:19:41 - oxford_flowers_fedotp_8_0.0_1 - INFO - Evaluate on the client5 neighbor set
2025-11-12 10:20:02 - oxford_flowers_fedotp_8_0.0_1 - INFO - => result | total: 2,201 | correct: 1,455 | accuracy: 66.1% | error: 33.9% | macro_f1: 60.5%
2025-11-12 10:20:02 - oxford_flowers_fedotp_8_0.0_1 - INFO - Evaluate on the client6 local set
2025-11-12 10:20:04 - oxford_flowers_fedotp_8_0.0_1 - INFO - => result | total: 223 | correct: 178 | accuracy: 79.8% | error: 20.2% | macro_f1: 82.3%
2025-11-12 10:20:04 - oxford_flowers_fedotp_8_0.0_1 - INFO - Evaluate on the client6 neighbor set
2025-11-12 10:20:23 - oxford_flowers_fedotp_8_0.0_1 - INFO - => result | total: 2,240 | correct: 1,417 | accuracy: 63.3% | error: 36.7% | macro_f1: 57.2%
2025-11-12 10:20:23 - oxford_flowers_fedotp_8_0.0_1 - INFO - Evaluate on the client7 local set
2025-11-12 10:20:25 - oxford_flowers_fedotp_8_0.0_1 - INFO - => result | total: 234 | correct: 184 | accuracy: 78.6% | error: 21.4% | macro_f1: 85.5%
2025-11-12 10:20:25 - oxford_flowers_fedotp_8_0.0_1 - INFO - Evaluate on the client7 neighbor set
2025-11-12 10:20:45 - oxford_flowers_fedotp_8_0.0_1 - INFO - => result | total: 2,229 | correct: 1,349 | accuracy: 60.5% | error: 39.5% | macro_f1: 54.7%
2025-11-12 10:20:45 - oxford_flowers_fedotp_8_0.0_1 - INFO - Evaluate on the client8 local set
2025-11-12 10:20:47 - oxford_flowers_fedotp_8_0.0_1 - INFO - => result | total: 205 | correct: 174 | accuracy: 84.9% | error: 15.1% | macro_f1: 81.9%
2025-11-12 10:20:47 - oxford_flowers_fedotp_8_0.0_1 - INFO - Evaluate on the client8 neighbor set
2025-11-12 10:21:07 - oxford_flowers_fedotp_8_0.0_1 - INFO - => result | total: 2,258 | correct: 1,320 | accuracy: 58.5% | error: 41.5% | macro_f1: 55.0%
2025-11-12 10:21:07 - oxford_flowers_fedotp_8_0.0_1 - INFO - Evaluate on the client9 local set
2025-11-12 10:21:10 - oxford_flowers_fedotp_8_0.0_1 - INFO - => result | total: 319 | correct: 253 | accuracy: 79.3% | error: 20.7% | macro_f1: 68.4%
2025-11-12 10:21:10 - oxford_flowers_fedotp_8_0.0_1 - INFO - Evaluate on the client9 neighbor set
2025-11-12 10:21:28 - oxford_flowers_fedotp_8_0.0_1 - INFO - => result | total: 2,144 | correct: 1,207 | accuracy: 56.3% | error: 43.7% | macro_f1: 54.5%
2025-11-12 10:21:28 - oxford_flowers_fedotp_8_0.0_1 - INFO - Global test local acc: 79.52
2025-11-12 10:21:28 - oxford_flowers_fedotp_8_0.0_1 - INFO - Global test neighbor acc: 66.28
2025-11-12 10:21:28 - oxford_flowers_fedotp_8_0.0_1 - INFO - ------------local test finish-------------
2025-11-12 10:21:28 - oxford_flowers_fedotp_8_0.0_1 - INFO - [Epoch 29/30] 测试耗时: 219.04s
2025-11-12 10:21:54 - oxford_flowers_fedotp_8_0.0_1 - INFO - [Epoch 30/30] 训练耗时: 25.50s | 平均训练准确率: 90.69
2025-11-12 10:21:54 - oxford_flowers_fedotp_8_0.0_1 - INFO - ------------local test start-------------
2025-11-12 10:21:54 - oxford_flowers_fedotp_8_0.0_1 - INFO - Evaluate on the client0 local set
2025-11-12 10:21:56 - oxford_flowers_fedotp_8_0.0_1 - INFO - => result | total: 269 | correct: 190 | accuracy: 70.6% | error: 29.4% | macro_f1: 58.1%
2025-11-12 10:21:56 - oxford_flowers_fedotp_8_0.0_1 - INFO - Evaluate on the client0 neighbor set
2025-11-12 10:22:16 - oxford_flowers_fedotp_8_0.0_1 - INFO - => result | total: 2,194 | correct: 1,352 | accuracy: 61.6% | error: 38.4% | macro_f1: 56.2%
2025-11-12 10:22:16 - oxford_flowers_fedotp_8_0.0_1 - INFO - Evaluate on the client1 local set
2025-11-12 10:22:19 - oxford_flowers_fedotp_8_0.0_1 - INFO - => result | total: 339 | correct: 215 | accuracy: 63.4% | error: 36.6% | macro_f1: 50.0%
2025-11-12 10:22:19 - oxford_flowers_fedotp_8_0.0_1 - INFO - Evaluate on the client1 neighbor set
2025-11-12 10:22:37 - oxford_flowers_fedotp_8_0.0_1 - INFO - => result | total: 2,124 | correct: 1,471 | accuracy: 69.3% | error: 30.7% | macro_f1: 63.0%
2025-11-12 10:22:37 - oxford_flowers_fedotp_8_0.0_1 - INFO - Evaluate on the client2 local set
2025-11-12 10:22:39 - oxford_flowers_fedotp_8_0.0_1 - INFO - => result | total: 223 | correct: 191 | accuracy: 85.7% | error: 14.3% | macro_f1: 75.8%
2025-11-12 10:22:39 - oxford_flowers_fedotp_8_0.0_1 - INFO - Evaluate on the client2 neighbor set
2025-11-12 10:22:59 - oxford_flowers_fedotp_8_0.0_1 - INFO - => result | total: 2,240 | correct: 1,618 | accuracy: 72.2% | error: 27.8% | macro_f1: 64.4%
2025-11-12 10:22:59 - oxford_flowers_fedotp_8_0.0_1 - INFO - Evaluate on the client3 local set
2025-11-12 10:23:01 - oxford_flowers_fedotp_8_0.0_1 - INFO - => result | total: 211 | correct: 186 | accuracy: 88.2% | error: 11.8% | macro_f1: 83.0%
2025-11-12 10:23:01 - oxford_flowers_fedotp_8_0.0_1 - INFO - Evaluate on the client3 neighbor set
2025-11-12 10:23:21 - oxford_flowers_fedotp_8_0.0_1 - INFO - => result | total: 2,252 | correct: 1,700 | accuracy: 75.5% | error: 24.5% | macro_f1: 66.3%
2025-11-12 10:23:21 - oxford_flowers_fedotp_8_0.0_1 - INFO - Evaluate on the client4 local set
2025-11-12 10:23:23 - oxford_flowers_fedotp_8_0.0_1 - INFO - => result | total: 178 | correct: 167 | accuracy: 93.8% | error: 6.2% | macro_f1: 97.0%
2025-11-12 10:23:23 - oxford_flowers_fedotp_8_0.0_1 - INFO - Evaluate on the client4 neighbor set
2025-11-12 10:23:43 - oxford_flowers_fedotp_8_0.0_1 - INFO - => result | total: 2,285 | correct: 1,751 | accuracy: 76.6% | error: 23.4% | macro_f1: 67.2%
2025-11-12 10:23:43 - oxford_flowers_fedotp_8_0.0_1 - INFO - Evaluate on the client5 local set
2025-11-12 10:23:45 - oxford_flowers_fedotp_8_0.0_1 - INFO - => result | total: 262 | correct: 200 | accuracy: 76.3% | error: 23.7% | macro_f1: 68.3%
2025-11-12 10:23:45 - oxford_flowers_fedotp_8_0.0_1 - INFO - Evaluate on the client5 neighbor set
2025-11-12 10:24:05 - oxford_flowers_fedotp_8_0.0_1 - INFO - => result | total: 2,201 | correct: 1,637 | accuracy: 74.4% | error: 25.6% | macro_f1: 67.0%
2025-11-12 10:24:05 - oxford_flowers_fedotp_8_0.0_1 - INFO - Evaluate on the client6 local set
2025-11-12 10:24:07 - oxford_flowers_fedotp_8_0.0_1 - INFO - => result | total: 223 | correct: 184 | accuracy: 82.5% | error: 17.5% | macro_f1: 82.6%
2025-11-12 10:24:07 - oxford_flowers_fedotp_8_0.0_1 - INFO - Evaluate on the client6 neighbor set
2025-11-12 10:24:27 - oxford_flowers_fedotp_8_0.0_1 - INFO - => result | total: 2,240 | correct: 1,522 | accuracy: 67.9% | error: 32.1% | macro_f1: 61.3%
2025-11-12 10:24:27 - oxford_flowers_fedotp_8_0.0_1 - INFO - Evaluate on the client7 local set
2025-11-12 10:24:29 - oxford_flowers_fedotp_8_0.0_1 - INFO - => result | total: 234 | correct: 188 | accuracy: 80.3% | error: 19.7% | macro_f1: 85.0%
2025-11-12 10:24:29 - oxford_flowers_fedotp_8_0.0_1 - INFO - Evaluate on the client7 neighbor set
2025-11-12 10:24:49 - oxford_flowers_fedotp_8_0.0_1 - INFO - => result | total: 2,229 | correct: 1,353 | accuracy: 60.7% | error: 39.3% | macro_f1: 54.1%
2025-11-12 10:24:49 - oxford_flowers_fedotp_8_0.0_1 - INFO - Evaluate on the client8 local set
2025-11-12 10:24:51 - oxford_flowers_fedotp_8_0.0_1 - INFO - => result | total: 205 | correct: 179 | accuracy: 87.3% | error: 12.7% | macro_f1: 85.0%
2025-11-12 10:24:51 - oxford_flowers_fedotp_8_0.0_1 - INFO - Evaluate on the client8 neighbor set
2025-11-12 10:25:12 - oxford_flowers_fedotp_8_0.0_1 - INFO - => result | total: 2,258 | correct: 1,229 | accuracy: 54.4% | error: 45.6% | macro_f1: 50.8%
2025-11-12 10:25:12 - oxford_flowers_fedotp_8_0.0_1 - INFO - Evaluate on the client9 local set
2025-11-12 10:25:16 - oxford_flowers_fedotp_8_0.0_1 - INFO - => result | total: 319 | correct: 235 | accuracy: 73.7% | error: 26.3% | macro_f1: 59.3%
2025-11-12 10:25:16 - oxford_flowers_fedotp_8_0.0_1 - INFO - Evaluate on the client9 neighbor set
2025-11-12 10:25:34 - oxford_flowers_fedotp_8_0.0_1 - INFO - => result | total: 2,144 | correct: 1,075 | accuracy: 50.1% | error: 49.9% | macro_f1: 48.6%
2025-11-12 10:25:34 - oxford_flowers_fedotp_8_0.0_1 - INFO - Global test local acc: 80.18
2025-11-12 10:25:34 - oxford_flowers_fedotp_8_0.0_1 - INFO - Global test neighbor acc: 66.28
2025-11-12 10:25:34 - oxford_flowers_fedotp_8_0.0_1 - INFO - ------------local test finish-------------
2025-11-12 10:25:34 - oxford_flowers_fedotp_8_0.0_1 - INFO - [Epoch 30/30] 测试耗时: 220.49s
2025-11-12 10:25:34 - oxford_flowers_fedotp_8_0.0_1 - INFO - maximum test local acc: 80.649
2025-11-12 10:25:34 - oxford_flowers_fedotp_8_0.0_1 - INFO - mean of local acc: 80.117
2025-11-12 10:25:34 - oxford_flowers_fedotp_8_0.0_1 - INFO - maximum test neighbor acc: 68.070
2025-11-12 10:25:34 - oxford_flowers_fedotp_8_0.0_1 - INFO - mean of neighbor acc: 66.879
