2025-11-07 10:11:26 - oxford_pets_sepfpl_8_0.1_1 - INFO - 日志文件已创建: logs/oxford_pets_sepfpl_8_0.1_1_20251107_101126.log
2025-11-07 10:11:30 - oxford_pets_sepfpl_8_0.1_1 - INFO - ------------local train start epoch: 0 -------------
2025-11-07 10:11:38 - oxford_pets_sepfpl_8_0.1_1 - INFO - Epoch: 0/3	finished batch : 1/2 (skip test)
2025-11-07 10:11:38 - oxford_pets_sepfpl_8_0.1_1 - INFO - ------------epoch 0 完成，用时: 8.14s-------------
2025-11-07 10:11:38 - oxford_pets_sepfpl_8_0.1_1 - INFO - ------------已完成 1 个epoch | 平均用时: 8.14s | 上一个epoch: 8.14s | 预计剩余时间: 16.29s (0.3分钟)-------------
2025-11-07 10:11:38 - oxford_pets_sepfpl_8_0.1_1 - INFO - ------------local train start epoch: 1 -------------
2025-11-07 10:11:43 - oxford_pets_sepfpl_8_0.1_1 - INFO - Epoch: 1/3	finished batch : 1/2 (skip test)
2025-11-07 10:11:43 - oxford_pets_sepfpl_8_0.1_1 - INFO - ------------epoch 1 完成，用时: 5.20s-------------
2025-11-07 10:11:43 - oxford_pets_sepfpl_8_0.1_1 - INFO - ------------已完成 2 个epoch | 平均用时: 6.67s | 上一个epoch: 5.20s | 预计剩余时间: 6.67s (0.1分钟)-------------
2025-11-07 10:11:43 - oxford_pets_sepfpl_8_0.1_1 - INFO - ------------local train start epoch: 2 -------------
2025-11-07 10:11:48 - oxford_pets_sepfpl_8_0.1_1 - INFO - ------------local test start-------------
2025-11-07 10:17:18 - oxford_pets_sepfpl_8_0.1_1 - INFO - Global test local acc: 85.71476093130923
2025-11-07 10:17:18 - oxford_pets_sepfpl_8_0.1_1 - INFO - Global test neighbor acc: 81.71165618399638
2025-11-07 10:17:18 - oxford_pets_sepfpl_8_0.1_1 - INFO - ------------local test finish-------------
2025-11-07 10:17:18 - oxford_pets_sepfpl_8_0.1_1 - INFO - Epoch: 2/3	finished batch : 1/2
2025-11-07 10:17:18 - oxford_pets_sepfpl_8_0.1_1 - INFO - ------------epoch 2 完成，用时: 334.98s-------------
2025-11-07 10:17:18 - oxford_pets_sepfpl_8_0.1_1 - INFO - maximum test local acc: 85.71476093130923
2025-11-07 10:17:18 - oxford_pets_sepfpl_8_0.1_1 - INFO - mean of local acc: 85.71476093130923
2025-11-07 10:17:18 - oxford_pets_sepfpl_8_0.1_1 - INFO - maximum test neighbor acc: 81.71165618399638
2025-11-07 10:17:18 - oxford_pets_sepfpl_8_0.1_1 - INFO - mean of neighbor acc: 81.71165618399638
