2025-11-07 10:29:38 - oxford_flowers_dpfpl_8_0.1_1 - INFO - 日志文件已创建: logs/oxford_flowers_dpfpl_8_0.1_1_20251107_102938.log
2025-11-07 10:29:44 - oxford_flowers_dpfpl_8_0.1_1 - INFO - ------------local train start epoch: 0 -------------
2025-11-07 10:30:15 - oxford_flowers_dpfpl_8_0.1_1 - INFO - Epoch: 0/3	finished batch : 8/9 (skip test)
2025-11-07 10:30:15 - oxford_flowers_dpfpl_8_0.1_1 - INFO - ------------epoch 0 完成，用时: 31.17s-------------
2025-11-07 10:30:15 - oxford_flowers_dpfpl_8_0.1_1 - INFO - ------------已完成 1 个epoch | 平均用时: 31.17s | 上一个epoch: 31.17s | 预计剩余时间: 62.33s (1.0分钟)-------------
2025-11-07 10:30:15 - oxford_flowers_dpfpl_8_0.1_1 - INFO - ------------local train start epoch: 1 -------------
2025-11-07 10:30:49 - oxford_flowers_dpfpl_8_0.1_1 - INFO - Epoch: 1/3	finished batch : 8/9 (skip test)
2025-11-07 10:30:49 - oxford_flowers_dpfpl_8_0.1_1 - INFO - ------------epoch 1 完成，用时: 34.24s-------------
2025-11-07 10:30:49 - oxford_flowers_dpfpl_8_0.1_1 - INFO - ------------已完成 2 个epoch | 平均用时: 32.70s | 上一个epoch: 34.24s | 预计剩余时间: 32.70s (0.5分钟)-------------
2025-11-07 10:30:49 - oxford_flowers_dpfpl_8_0.1_1 - INFO - ------------local train start epoch: 2 -------------
2025-11-07 10:31:26 - oxford_flowers_dpfpl_8_0.1_1 - INFO - ------------local test start-------------
2025-11-07 10:35:40 - oxford_flowers_dpfpl_8_0.1_1 - INFO - Global test local acc: 0.859984676069128
2025-11-07 10:35:40 - oxford_flowers_dpfpl_8_0.1_1 - INFO - Global test neighbor acc: 0.9470683810746561
2025-11-07 10:35:40 - oxford_flowers_dpfpl_8_0.1_1 - INFO - ------------local test finish-------------
2025-11-07 10:35:40 - oxford_flowers_dpfpl_8_0.1_1 - INFO - Epoch: 2/3	finished batch : 8/9
2025-11-07 10:35:40 - oxford_flowers_dpfpl_8_0.1_1 - INFO - ------------epoch 2 完成，用时: 290.92s-------------
2025-11-07 10:35:40 - oxford_flowers_dpfpl_8_0.1_1 - INFO - maximum test local acc: 0.859984676069128
2025-11-07 10:35:40 - oxford_flowers_dpfpl_8_0.1_1 - INFO - mean of local acc: 0.859984676069128
2025-11-07 10:35:40 - oxford_flowers_dpfpl_8_0.1_1 - INFO - maximum test neighbor acc: 0.9470683810746561
2025-11-07 10:35:40 - oxford_flowers_dpfpl_8_0.1_1 - INFO - mean of neighbor acc: 0.9470683810746561
