2025-11-06 22:37:34 - oxford_pets_promptfl_8_0.0_1 - INFO - 日志文件已创建: logs/oxford_pets_promptfl_8_0.0_1_20251106_223734.log
2025-11-06 22:37:38 - oxford_pets_promptfl_8_0.0_1 - INFO - ------------local train start epoch: 0 -------------
2025-11-06 22:37:44 - oxford_pets_promptfl_8_0.0_1 - INFO - Epoch: 0/3	finished batch : 1/2 (skip test)
2025-11-06 22:37:44 - oxford_pets_promptfl_8_0.0_1 - INFO - ------------epoch 0 完成，用时: 6.32s-------------
2025-11-06 22:37:44 - oxford_pets_promptfl_8_0.0_1 - INFO - ------------已完成 1 个epoch | 平均用时: 6.32s | 上一个epoch: 6.32s | 预计剩余时间: 12.64s (0.2分钟)-------------
2025-11-06 22:37:44 - oxford_pets_promptfl_8_0.0_1 - INFO - ------------local train start epoch: 1 -------------
2025-11-06 22:37:49 - oxford_pets_promptfl_8_0.0_1 - INFO - Epoch: 1/3	finished batch : 1/2 (skip test)
2025-11-06 22:37:49 - oxford_pets_promptfl_8_0.0_1 - INFO - ------------epoch 1 完成，用时: 4.94s-------------
2025-11-06 22:37:49 - oxford_pets_promptfl_8_0.0_1 - INFO - ------------已完成 2 个epoch | 平均用时: 5.63s | 上一个epoch: 4.94s | 预计剩余时间: 5.63s (0.1分钟)-------------
2025-11-06 22:37:49 - oxford_pets_promptfl_8_0.0_1 - INFO - ------------local train start epoch: 2 -------------
2025-11-06 22:37:55 - oxford_pets_promptfl_8_0.0_1 - INFO - ------------local test start-------------
2025-11-06 22:43:22 - oxford_pets_promptfl_8_0.0_1 - INFO - Global test local acc: 77.94862738129942
2025-11-06 22:43:22 - oxford_pets_promptfl_8_0.0_1 - INFO - Global test neighbor acc: 77.00870633167447
2025-11-06 22:43:22 - oxford_pets_promptfl_8_0.0_1 - INFO - ------------local test finish-------------
2025-11-06 22:43:22 - oxford_pets_promptfl_8_0.0_1 - INFO - Epoch: 2/3	finished batch : 1/2
2025-11-06 22:43:22 - oxford_pets_promptfl_8_0.0_1 - INFO - ------------epoch 2 完成，用时: 333.35s-------------
2025-11-06 22:43:22 - oxford_pets_promptfl_8_0.0_1 - INFO - maximum test local acc: 77.94862738129942
2025-11-06 22:43:22 - oxford_pets_promptfl_8_0.0_1 - INFO - mean of local acc: 77.94862738129942
2025-11-06 22:43:22 - oxford_pets_promptfl_8_0.0_1 - INFO - maximum test neighbor acc: 77.00870633167447
2025-11-06 22:43:22 - oxford_pets_promptfl_8_0.0_1 - INFO - mean of neighbor acc: 77.00870633167447
