2025-11-07 17:55:57 - oxford_pets_fedotp_8_0.4_1 - INFO - 日志文件已创建: logs/oxford_pets_fedotp_8_0.4_1_20251107_175557.log
2025-11-07 17:56:00 - oxford_pets_fedotp_8_0.4_1 - INFO - ------------local train start epoch: 0 -------------
2025-11-07 17:56:06 - oxford_pets_fedotp_8_0.4_1 - INFO - Epoch: 0/3	finished batch : 1/2 (skip test)
2025-11-07 17:56:06 - oxford_pets_fedotp_8_0.4_1 - INFO - ------------epoch 0 完成，用时: 5.52s-------------
2025-11-07 17:56:06 - oxford_pets_fedotp_8_0.4_1 - INFO - ------------已完成 1 个epoch | 平均用时: 5.52s | 上一个epoch: 5.52s | 预计剩余时间: 11.03s (0.2分钟)-------------
2025-11-07 17:56:06 - oxford_pets_fedotp_8_0.4_1 - INFO - ------------local train start epoch: 1 -------------
2025-11-07 17:56:10 - oxford_pets_fedotp_8_0.4_1 - INFO - Epoch: 1/3	finished batch : 1/2 (skip test)
2025-11-07 17:56:10 - oxford_pets_fedotp_8_0.4_1 - INFO - ------------epoch 1 完成，用时: 4.92s-------------
2025-11-07 17:56:10 - oxford_pets_fedotp_8_0.4_1 - INFO - ------------已完成 2 个epoch | 平均用时: 5.22s | 上一个epoch: 4.92s | 预计剩余时间: 5.22s (0.1分钟)-------------
2025-11-07 17:56:10 - oxford_pets_fedotp_8_0.4_1 - INFO - ------------local train start epoch: 2 -------------
2025-11-07 17:56:15 - oxford_pets_fedotp_8_0.4_1 - INFO - ------------local test start-------------
2025-11-07 18:00:54 - oxford_pets_fedotp_8_0.4_1 - INFO - Global test local acc: 83.9544779700036
2025-11-07 18:00:54 - oxford_pets_fedotp_8_0.4_1 - INFO - Global test neighbor acc: 82.76319079381565
2025-11-07 18:00:54 - oxford_pets_fedotp_8_0.4_1 - INFO - ------------local test finish-------------
2025-11-07 18:00:54 - oxford_pets_fedotp_8_0.4_1 - INFO - Epoch: 2/3	finished batch : 1/2
2025-11-07 18:00:54 - oxford_pets_fedotp_8_0.4_1 - INFO - ------------epoch 2 完成，用时: 283.96s-------------
2025-11-07 18:00:54 - oxford_pets_fedotp_8_0.4_1 - INFO - maximum test local acc: 83.9544779700036
2025-11-07 18:00:54 - oxford_pets_fedotp_8_0.4_1 - INFO - mean of local acc: 83.9544779700036
2025-11-07 18:00:54 - oxford_pets_fedotp_8_0.4_1 - INFO - maximum test neighbor acc: 82.76319079381565
2025-11-07 18:00:54 - oxford_pets_fedotp_8_0.4_1 - INFO - mean of neighbor acc: 82.76319079381565
