2025-11-07 12:57:24 - oxford_pets_dpfpl_8_0.4_1 - INFO - 日志文件已创建: logs/oxford_pets_dpfpl_8_0.4_1_20251107_125724.log
2025-11-07 12:57:27 - oxford_pets_dpfpl_8_0.4_1 - INFO - ------------local train start epoch: 0 -------------
2025-11-07 12:57:33 - oxford_pets_dpfpl_8_0.4_1 - INFO - Epoch: 0/3	finished batch : 1/2 (skip test)
2025-11-07 12:57:33 - oxford_pets_dpfpl_8_0.4_1 - INFO - ------------epoch 0 完成，用时: 5.65s-------------
2025-11-07 12:57:33 - oxford_pets_dpfpl_8_0.4_1 - INFO - ------------已完成 1 个epoch | 平均用时: 5.65s | 上一个epoch: 5.65s | 预计剩余时间: 11.31s (0.2分钟)-------------
2025-11-07 12:57:33 - oxford_pets_dpfpl_8_0.4_1 - INFO - ------------local train start epoch: 1 -------------
2025-11-07 12:57:38 - oxford_pets_dpfpl_8_0.4_1 - INFO - Epoch: 1/3	finished batch : 1/2 (skip test)
2025-11-07 12:57:38 - oxford_pets_dpfpl_8_0.4_1 - INFO - ------------epoch 1 完成，用时: 4.95s-------------
2025-11-07 12:57:38 - oxford_pets_dpfpl_8_0.4_1 - INFO - ------------已完成 2 个epoch | 平均用时: 5.30s | 上一个epoch: 4.95s | 预计剩余时间: 5.30s (0.1分钟)-------------
2025-11-07 12:57:38 - oxford_pets_dpfpl_8_0.4_1 - INFO - ------------local train start epoch: 2 -------------
2025-11-07 12:57:42 - oxford_pets_dpfpl_8_0.4_1 - INFO - ------------local test start-------------
2025-11-07 13:02:53 - oxford_pets_dpfpl_8_0.4_1 - INFO - Global test local acc: 82.51973824315712
2025-11-07 13:02:53 - oxford_pets_dpfpl_8_0.4_1 - INFO - Global test neighbor acc: 81.1046724772474
2025-11-07 13:02:53 - oxford_pets_dpfpl_8_0.4_1 - INFO - ------------local test finish-------------
2025-11-07 13:02:53 - oxford_pets_dpfpl_8_0.4_1 - INFO - Epoch: 2/3	finished batch : 1/2
2025-11-07 13:02:53 - oxford_pets_dpfpl_8_0.4_1 - INFO - ------------epoch 2 完成，用时: 315.87s-------------
2025-11-07 13:02:53 - oxford_pets_dpfpl_8_0.4_1 - INFO - maximum test local acc: 82.51973824315712
2025-11-07 13:02:53 - oxford_pets_dpfpl_8_0.4_1 - INFO - mean of local acc: 82.51973824315712
2025-11-07 13:02:53 - oxford_pets_dpfpl_8_0.4_1 - INFO - maximum test neighbor acc: 81.1046724772474
2025-11-07 13:02:53 - oxford_pets_dpfpl_8_0.4_1 - INFO - mean of neighbor acc: 81.1046724772474
