2025-11-07 10:23:34 - oxford_pets_fedotp_8_0.1_1 - INFO - 日志文件已创建: logs/oxford_pets_fedotp_8_0.1_1_20251107_102334.log
2025-11-07 10:23:38 - oxford_pets_fedotp_8_0.1_1 - INFO - ------------local train start epoch: 0 -------------
2025-11-07 10:23:45 - oxford_pets_fedotp_8_0.1_1 - INFO - Epoch: 0/3	finished batch : 1/2 (skip test)
2025-11-07 10:23:45 - oxford_pets_fedotp_8_0.1_1 - INFO - ------------epoch 0 完成，用时: 6.75s-------------
2025-11-07 10:23:45 - oxford_pets_fedotp_8_0.1_1 - INFO - ------------已完成 1 个epoch | 平均用时: 6.75s | 上一个epoch: 6.75s | 预计剩余时间: 13.50s (0.2分钟)-------------
2025-11-07 10:23:45 - oxford_pets_fedotp_8_0.1_1 - INFO - ------------local train start epoch: 1 -------------
2025-11-07 10:23:49 - oxford_pets_fedotp_8_0.1_1 - INFO - Epoch: 1/3	finished batch : 1/2 (skip test)
2025-11-07 10:23:49 - oxford_pets_fedotp_8_0.1_1 - INFO - ------------epoch 1 完成，用时: 4.82s-------------
2025-11-07 10:23:49 - oxford_pets_fedotp_8_0.1_1 - INFO - ------------已完成 2 个epoch | 平均用时: 5.79s | 上一个epoch: 4.82s | 预计剩余时间: 5.79s (0.1分钟)-------------
2025-11-07 10:23:49 - oxford_pets_fedotp_8_0.1_1 - INFO - ------------local train start epoch: 2 -------------
2025-11-07 10:23:55 - oxford_pets_fedotp_8_0.1_1 - INFO - ------------local test start-------------
2025-11-07 10:29:32 - oxford_pets_fedotp_8_0.1_1 - INFO - Global test local acc: 79.69286405070356
2025-11-07 10:29:32 - oxford_pets_fedotp_8_0.1_1 - INFO - Global test neighbor acc: 78.17543901530954
2025-11-07 10:29:32 - oxford_pets_fedotp_8_0.1_1 - INFO - ------------local test finish-------------
2025-11-07 10:29:32 - oxford_pets_fedotp_8_0.1_1 - INFO - Epoch: 2/3	finished batch : 1/2
2025-11-07 10:29:32 - oxford_pets_fedotp_8_0.1_1 - INFO - ------------epoch 2 完成，用时: 342.76s-------------
2025-11-07 10:29:32 - oxford_pets_fedotp_8_0.1_1 - INFO - maximum test local acc: 79.69286405070356
2025-11-07 10:29:32 - oxford_pets_fedotp_8_0.1_1 - INFO - mean of local acc: 79.69286405070356
2025-11-07 10:29:32 - oxford_pets_fedotp_8_0.1_1 - INFO - maximum test neighbor acc: 78.17543901530954
2025-11-07 10:29:32 - oxford_pets_fedotp_8_0.1_1 - INFO - mean of neighbor acc: 78.17543901530954
