2025-11-12 06:12:07 - oxford_flowers_sepfpl_8_0.05_1 - INFO - 日志文件已创建: logs/oxford_flowers_sepfpl_8_0.05_1_20251112_061207.log
2025-11-12 06:12:07 - oxford_flowers_sepfpl_8_0.05_1 - INFO - Loading trainer: DP_FPL
2025-11-12 06:12:07 - oxford_flowers_sepfpl_8_0.05_1 - INFO - Loading dataset: OxfordFlowers
2025-11-12 06:12:07 - oxford_flowers_sepfpl_8_0.05_1 - INFO - Reading split from /home/liuxin25/dataset/oxford_flowers/split_zhou_OxfordFlowers.json
2025-11-12 06:12:07 - oxford_flowers_sepfpl_8_0.05_1 - INFO - Creating a baseline federated dataset
2025-11-12 06:12:07 - oxford_flowers_sepfpl_8_0.05_1 - INFO - class_num 102
2025-11-12 06:12:07 - oxford_flowers_sepfpl_8_0.05_1 - INFO - user class dict total [90, 54, 31, 35, 55, 72, 92, 42, 95, 84]
2025-11-12 06:12:07 - oxford_flowers_sepfpl_8_0.05_1 - INFO - idx: 0, output_dict_len: 451
2025-11-12 06:12:07 - oxford_flowers_sepfpl_8_0.05_1 - INFO - user class dict total [74, 0, 1, 80, 27, 20, 77, 50, 66, 45]
2025-11-12 06:12:07 - oxford_flowers_sepfpl_8_0.05_1 - INFO - idx: 1, output_dict_len: 562
2025-11-12 06:12:07 - oxford_flowers_sepfpl_8_0.05_1 - INFO - user class dict total [44, 82, 14, 32, 52, 70, 28, 51, 10, 21]
2025-11-12 06:12:07 - oxford_flowers_sepfpl_8_0.05_1 - INFO - idx: 2, output_dict_len: 373
2025-11-12 06:12:07 - oxford_flowers_sepfpl_8_0.05_1 - INFO - user class dict total [33, 75, 5, 48, 87, 98, 23, 69, 62, 7]
2025-11-12 06:12:07 - oxford_flowers_sepfpl_8_0.05_1 - INFO - idx: 3, output_dict_len: 350
2025-11-12 06:12:07 - oxford_flowers_sepfpl_8_0.05_1 - INFO - user class dict total [17, 18, 60, 34, 11, 58, 86, 13, 41, 30]
2025-11-12 06:12:07 - oxford_flowers_sepfpl_8_0.05_1 - INFO - idx: 4, output_dict_len: 302
2025-11-12 06:12:07 - oxford_flowers_sepfpl_8_0.05_1 - INFO - user class dict total [24, 71, 56, 76, 37, 6, 53, 79, 97, 39]
2025-11-12 06:12:07 - oxford_flowers_sepfpl_8_0.05_1 - INFO - idx: 5, output_dict_len: 433
2025-11-12 06:12:07 - oxford_flowers_sepfpl_8_0.05_1 - INFO - user class dict total [47, 65, 36, 91, 3, 63, 59, 9, 96, 64]
2025-11-12 06:12:07 - oxford_flowers_sepfpl_8_0.05_1 - INFO - idx: 6, output_dict_len: 367
2025-11-12 06:12:07 - oxford_flowers_sepfpl_8_0.05_1 - INFO - user class dict total [94, 88, 99, 61, 19, 25, 4, 16, 8, 46]
2025-11-12 06:12:07 - oxford_flowers_sepfpl_8_0.05_1 - INFO - idx: 7, output_dict_len: 387
2025-11-12 06:12:07 - oxford_flowers_sepfpl_8_0.05_1 - INFO - user class dict total [26, 2, 93, 85, 29, 22, 100, 67, 68, 38]
2025-11-12 06:12:07 - oxford_flowers_sepfpl_8_0.05_1 - INFO - idx: 8, output_dict_len: 341
2025-11-12 06:12:07 - oxford_flowers_sepfpl_8_0.05_1 - INFO - user class dict total [83, 15, 12, 81, 43, 73, 78, 40, 101, 57, 89, 49]
2025-11-12 06:12:07 - oxford_flowers_sepfpl_8_0.05_1 - INFO - idx: 9, output_dict_len: 527
2025-11-12 06:12:07 - oxford_flowers_sepfpl_8_0.05_1 - INFO - Creating a baseline federated dataset
2025-11-12 06:12:07 - oxford_flowers_sepfpl_8_0.05_1 - INFO - class_num 102
2025-11-12 06:12:07 - oxford_flowers_sepfpl_8_0.05_1 - INFO - user class dict total [90, 54, 31, 35, 55, 72, 92, 42, 95, 84]
2025-11-12 06:12:07 - oxford_flowers_sepfpl_8_0.05_1 - INFO - idx: 0, output_dict_len: 269
2025-11-12 06:12:07 - oxford_flowers_sepfpl_8_0.05_1 - INFO - user class dict total [74, 0, 1, 80, 27, 20, 77, 50, 66, 45]
2025-11-12 06:12:07 - oxford_flowers_sepfpl_8_0.05_1 - INFO - idx: 1, output_dict_len: 339
2025-11-12 06:12:07 - oxford_flowers_sepfpl_8_0.05_1 - INFO - user class dict total [44, 82, 14, 32, 52, 70, 28, 51, 10, 21]
2025-11-12 06:12:07 - oxford_flowers_sepfpl_8_0.05_1 - INFO - idx: 2, output_dict_len: 223
2025-11-12 06:12:07 - oxford_flowers_sepfpl_8_0.05_1 - INFO - user class dict total [33, 75, 5, 48, 87, 98, 23, 69, 62, 7]
2025-11-12 06:12:07 - oxford_flowers_sepfpl_8_0.05_1 - INFO - idx: 3, output_dict_len: 211
2025-11-12 06:12:07 - oxford_flowers_sepfpl_8_0.05_1 - INFO - user class dict total [17, 18, 60, 34, 11, 58, 86, 13, 41, 30]
2025-11-12 06:12:07 - oxford_flowers_sepfpl_8_0.05_1 - INFO - idx: 4, output_dict_len: 178
2025-11-12 06:12:07 - oxford_flowers_sepfpl_8_0.05_1 - INFO - user class dict total [24, 71, 56, 76, 37, 6, 53, 79, 97, 39]
2025-11-12 06:12:07 - oxford_flowers_sepfpl_8_0.05_1 - INFO - idx: 5, output_dict_len: 262
2025-11-12 06:12:07 - oxford_flowers_sepfpl_8_0.05_1 - INFO - user class dict total [47, 65, 36, 91, 3, 63, 59, 9, 96, 64]
2025-11-12 06:12:07 - oxford_flowers_sepfpl_8_0.05_1 - INFO - idx: 6, output_dict_len: 223
2025-11-12 06:12:07 - oxford_flowers_sepfpl_8_0.05_1 - INFO - user class dict total [94, 88, 99, 61, 19, 25, 4, 16, 8, 46]
2025-11-12 06:12:07 - oxford_flowers_sepfpl_8_0.05_1 - INFO - idx: 7, output_dict_len: 234
2025-11-12 06:12:07 - oxford_flowers_sepfpl_8_0.05_1 - INFO - user class dict total [26, 2, 93, 85, 29, 22, 100, 67, 68, 38]
2025-11-12 06:12:07 - oxford_flowers_sepfpl_8_0.05_1 - INFO - idx: 8, output_dict_len: 205
2025-11-12 06:12:07 - oxford_flowers_sepfpl_8_0.05_1 - INFO - user class dict total [83, 15, 12, 81, 43, 73, 78, 40, 101, 57, 89, 49]
2025-11-12 06:12:07 - oxford_flowers_sepfpl_8_0.05_1 - INFO - idx: 9, output_dict_len: 319
2025-11-12 06:12:07 - oxford_flowers_sepfpl_8_0.05_1 - INFO - Loading CLIP (backbone: ViT-B/16)
2025-11-12 06:12:11 - oxford_flowers_sepfpl_8_0.05_1 - INFO - Building custom CLIP
2025-11-12 06:12:11 - oxford_flowers_sepfpl_8_0.05_1 - INFO - Turning off gradients in both the image and the text encoder
2025-11-12 06:12:11 - oxford_flowers_sepfpl_8_0.05_1 - INFO - [RDP-sepfpl] 轮次 1: ε=0.021658, std=2.123451
2025-11-12 06:12:51 - oxford_flowers_sepfpl_8_0.05_1 - INFO - [Epoch 1/30] 训练耗时: 40.39s | 平均训练准确率: 13.85
2025-11-12 06:13:31 - oxford_flowers_sepfpl_8_0.05_1 - INFO - [Epoch 2/30] 训练耗时: 40.02s | 平均训练准确率: 51.88
2025-11-12 06:14:08 - oxford_flowers_sepfpl_8_0.05_1 - INFO - [Epoch 3/30] 训练耗时: 36.54s | 平均训练准确率: 63.47
2025-11-12 06:14:50 - oxford_flowers_sepfpl_8_0.05_1 - INFO - [Epoch 4/30] 训练耗时: 42.38s | 平均训练准确率: 64.34
2025-11-12 06:15:36 - oxford_flowers_sepfpl_8_0.05_1 - INFO - [Epoch 5/30] 训练耗时: 45.92s | 平均训练准确率: 66.25
2025-11-12 06:16:35 - oxford_flowers_sepfpl_8_0.05_1 - INFO - [Epoch 6/30] 训练耗时: 59.04s | 平均训练准确率: 64.48
2025-11-12 06:17:28 - oxford_flowers_sepfpl_8_0.05_1 - INFO - [Epoch 7/30] 训练耗时: 53.10s | 平均训练准确率: 65.52
2025-11-12 06:18:08 - oxford_flowers_sepfpl_8_0.05_1 - INFO - [Epoch 8/30] 训练耗时: 39.56s | 平均训练准确率: 66.67
2025-11-12 06:18:54 - oxford_flowers_sepfpl_8_0.05_1 - INFO - [Epoch 9/30] 训练耗时: 46.26s | 平均训练准确率: 68.89
2025-11-12 06:18:54 - oxford_flowers_sepfpl_8_0.05_1 - INFO - [RDP-sepfpl] 轮次 10: ε=0.272656, std=0.598470
2025-11-12 06:19:36 - oxford_flowers_sepfpl_8_0.05_1 - INFO - [Epoch 10/30] 训练耗时: 41.66s | 平均训练准确率: 69.38
2025-11-12 06:20:13 - oxford_flowers_sepfpl_8_0.05_1 - INFO - [Epoch 11/30] 训练耗时: 37.56s | 平均训练准确率: 69.79
2025-11-12 06:20:54 - oxford_flowers_sepfpl_8_0.05_1 - INFO - [Epoch 12/30] 训练耗时: 40.29s | 平均训练准确率: 70.45
2025-11-12 06:21:32 - oxford_flowers_sepfpl_8_0.05_1 - INFO - [Epoch 13/30] 训练耗时: 38.69s | 平均训练准确率: 72.57
2025-11-12 06:22:14 - oxford_flowers_sepfpl_8_0.05_1 - INFO - [Epoch 14/30] 训练耗时: 42.23s | 平均训练准确率: 72.88
2025-11-12 06:22:53 - oxford_flowers_sepfpl_8_0.05_1 - INFO - [Epoch 15/30] 训练耗时: 38.43s | 平均训练准确率: 75.17
2025-11-12 06:23:34 - oxford_flowers_sepfpl_8_0.05_1 - INFO - [Epoch 16/30] 训练耗时: 40.73s | 平均训练准确率: 77.50
2025-11-12 06:24:20 - oxford_flowers_sepfpl_8_0.05_1 - INFO - [Epoch 17/30] 训练耗时: 46.12s | 平均训练准确率: 77.64
2025-11-12 06:25:07 - oxford_flowers_sepfpl_8_0.05_1 - INFO - [Epoch 18/30] 训练耗时: 47.20s | 平均训练准确率: 79.41
2025-11-12 06:25:52 - oxford_flowers_sepfpl_8_0.05_1 - INFO - [Epoch 19/30] 训练耗时: 45.34s | 平均训练准确率: 79.58
2025-11-12 06:25:52 - oxford_flowers_sepfpl_8_0.05_1 - INFO - [RDP-sepfpl] 轮次 20: ε=0.584452, std=0.408767
2025-11-12 06:26:34 - oxford_flowers_sepfpl_8_0.05_1 - INFO - [Epoch 20/30] 训练耗时: 42.10s | 平均训练准确率: 79.55
2025-11-12 06:27:15 - oxford_flowers_sepfpl_8_0.05_1 - INFO - [Epoch 21/30] 训练耗时: 40.14s | 平均训练准确率: 80.35
2025-11-12 06:27:55 - oxford_flowers_sepfpl_8_0.05_1 - INFO - [Epoch 22/30] 训练耗时: 40.51s | 平均训练准确率: 80.87
2025-11-12 06:28:34 - oxford_flowers_sepfpl_8_0.05_1 - INFO - [Epoch 23/30] 训练耗时: 38.90s | 平均训练准确率: 82.53
2025-11-12 06:29:14 - oxford_flowers_sepfpl_8_0.05_1 - INFO - [Epoch 24/30] 训练耗时: 40.03s | 平均训练准确率: 82.12
2025-11-12 06:29:58 - oxford_flowers_sepfpl_8_0.05_1 - INFO - [Epoch 25/30] 训练耗时: 44.33s | 平均训练准确率: 84.62
2025-11-12 06:30:37 - oxford_flowers_sepfpl_8_0.05_1 - INFO - [Epoch 26/30] 训练耗时: 38.53s | 平均训练准确率: 84.06
2025-11-12 06:31:16 - oxford_flowers_sepfpl_8_0.05_1 - INFO - [Epoch 27/30] 训练耗时: 39.43s | 平均训练准确率: 82.01
2025-11-12 06:31:54 - oxford_flowers_sepfpl_8_0.05_1 - INFO - [Epoch 28/30] 训练耗时: 37.31s | 平均训练准确率: 85.21
2025-11-12 06:31:54 - oxford_flowers_sepfpl_8_0.05_1 - INFO - ------------local test start-------------
2025-11-12 06:31:54 - oxford_flowers_sepfpl_8_0.05_1 - INFO - Evaluate on the client0 local set
2025-11-12 06:31:58 - oxford_flowers_sepfpl_8_0.05_1 - INFO - => result | total: 269 | correct: 195 | accuracy: 72.5% | error: 27.5% | macro_f1: 65.1%
2025-11-12 06:31:58 - oxford_flowers_sepfpl_8_0.05_1 - INFO - Evaluate on the client0 neighbor set
2025-11-12 06:32:27 - oxford_flowers_sepfpl_8_0.05_1 - INFO - => result | total: 2,194 | correct: 1,180 | accuracy: 53.8% | error: 46.2% | macro_f1: 49.9%
2025-11-12 06:32:27 - oxford_flowers_sepfpl_8_0.05_1 - INFO - Evaluate on the client1 local set
2025-11-12 06:32:32 - oxford_flowers_sepfpl_8_0.05_1 - INFO - => result | total: 339 | correct: 232 | accuracy: 68.4% | error: 31.6% | macro_f1: 53.7%
2025-11-12 06:32:32 - oxford_flowers_sepfpl_8_0.05_1 - INFO - Evaluate on the client1 neighbor set
2025-11-12 06:33:01 - oxford_flowers_sepfpl_8_0.05_1 - INFO - => result | total: 2,124 | correct: 1,420 | accuracy: 66.9% | error: 33.1% | macro_f1: 62.3%
2025-11-12 06:33:01 - oxford_flowers_sepfpl_8_0.05_1 - INFO - Evaluate on the client2 local set
2025-11-12 06:33:04 - oxford_flowers_sepfpl_8_0.05_1 - INFO - => result | total: 223 | correct: 186 | accuracy: 83.4% | error: 16.6% | macro_f1: 75.9%
2025-11-12 06:33:04 - oxford_flowers_sepfpl_8_0.05_1 - INFO - Evaluate on the client2 neighbor set
2025-11-12 06:33:34 - oxford_flowers_sepfpl_8_0.05_1 - INFO - => result | total: 2,240 | correct: 1,476 | accuracy: 65.9% | error: 34.1% | macro_f1: 58.0%
2025-11-12 06:33:34 - oxford_flowers_sepfpl_8_0.05_1 - INFO - Evaluate on the client3 local set
2025-11-12 06:33:37 - oxford_flowers_sepfpl_8_0.05_1 - INFO - => result | total: 211 | correct: 189 | accuracy: 89.6% | error: 10.4% | macro_f1: 87.7%
2025-11-12 06:33:37 - oxford_flowers_sepfpl_8_0.05_1 - INFO - Evaluate on the client3 neighbor set
2025-11-12 06:34:08 - oxford_flowers_sepfpl_8_0.05_1 - INFO - => result | total: 2,252 | correct: 1,456 | accuracy: 64.7% | error: 35.3% | macro_f1: 58.2%
2025-11-12 06:34:08 - oxford_flowers_sepfpl_8_0.05_1 - INFO - Evaluate on the client4 local set
2025-11-12 06:34:10 - oxford_flowers_sepfpl_8_0.05_1 - INFO - => result | total: 178 | correct: 169 | accuracy: 94.9% | error: 5.1% | macro_f1: 97.2%
2025-11-12 06:34:10 - oxford_flowers_sepfpl_8_0.05_1 - INFO - Evaluate on the client4 neighbor set
2025-11-12 06:34:44 - oxford_flowers_sepfpl_8_0.05_1 - INFO - => result | total: 2,285 | correct: 1,182 | accuracy: 51.7% | error: 48.3% | macro_f1: 46.2%
2025-11-12 06:34:44 - oxford_flowers_sepfpl_8_0.05_1 - INFO - Evaluate on the client5 local set
2025-11-12 06:34:47 - oxford_flowers_sepfpl_8_0.05_1 - INFO - => result | total: 262 | correct: 208 | accuracy: 79.4% | error: 20.6% | macro_f1: 77.6%
2025-11-12 06:34:47 - oxford_flowers_sepfpl_8_0.05_1 - INFO - Evaluate on the client5 neighbor set
2025-11-12 06:35:17 - oxford_flowers_sepfpl_8_0.05_1 - INFO - => result | total: 2,201 | correct: 1,337 | accuracy: 60.7% | error: 39.3% | macro_f1: 53.1%
2025-11-12 06:35:17 - oxford_flowers_sepfpl_8_0.05_1 - INFO - Evaluate on the client6 local set
2025-11-12 06:35:21 - oxford_flowers_sepfpl_8_0.05_1 - INFO - => result | total: 223 | correct: 168 | accuracy: 75.3% | error: 24.7% | macro_f1: 80.0%
2025-11-12 06:35:21 - oxford_flowers_sepfpl_8_0.05_1 - INFO - Evaluate on the client6 neighbor set
2025-11-12 06:35:51 - oxford_flowers_sepfpl_8_0.05_1 - INFO - => result | total: 2,240 | correct: 1,432 | accuracy: 63.9% | error: 36.1% | macro_f1: 56.7%
2025-11-12 06:35:51 - oxford_flowers_sepfpl_8_0.05_1 - INFO - Evaluate on the client7 local set
2025-11-12 06:35:54 - oxford_flowers_sepfpl_8_0.05_1 - INFO - => result | total: 234 | correct: 187 | accuracy: 79.9% | error: 20.1% | macro_f1: 79.5%
2025-11-12 06:35:54 - oxford_flowers_sepfpl_8_0.05_1 - INFO - Evaluate on the client7 neighbor set
2025-11-12 06:36:24 - oxford_flowers_sepfpl_8_0.05_1 - INFO - => result | total: 2,229 | correct: 1,107 | accuracy: 49.7% | error: 50.3% | macro_f1: 47.3%
2025-11-12 06:36:24 - oxford_flowers_sepfpl_8_0.05_1 - INFO - Evaluate on the client8 local set
2025-11-12 06:36:27 - oxford_flowers_sepfpl_8_0.05_1 - INFO - => result | total: 205 | correct: 169 | accuracy: 82.4% | error: 17.6% | macro_f1: 81.8%
2025-11-12 06:36:27 - oxford_flowers_sepfpl_8_0.05_1 - INFO - Evaluate on the client8 neighbor set
2025-11-12 06:36:58 - oxford_flowers_sepfpl_8_0.05_1 - INFO - => result | total: 2,258 | correct: 1,483 | accuracy: 65.7% | error: 34.3% | macro_f1: 60.3%
2025-11-12 06:36:58 - oxford_flowers_sepfpl_8_0.05_1 - INFO - Evaluate on the client9 local set
2025-11-12 06:37:03 - oxford_flowers_sepfpl_8_0.05_1 - INFO - => result | total: 319 | correct: 258 | accuracy: 80.9% | error: 19.1% | macro_f1: 72.5%
2025-11-12 06:37:03 - oxford_flowers_sepfpl_8_0.05_1 - INFO - Evaluate on the client9 neighbor set
2025-11-12 06:37:32 - oxford_flowers_sepfpl_8_0.05_1 - INFO - => result | total: 2,144 | correct: 1,211 | accuracy: 56.5% | error: 43.5% | macro_f1: 51.7%
2025-11-12 06:37:32 - oxford_flowers_sepfpl_8_0.05_1 - INFO - Global test local acc: 80.68
2025-11-12 06:37:32 - oxford_flowers_sepfpl_8_0.05_1 - INFO - Global test neighbor acc: 59.94
2025-11-12 06:37:32 - oxford_flowers_sepfpl_8_0.05_1 - INFO - ------------local test finish-------------
2025-11-12 06:37:32 - oxford_flowers_sepfpl_8_0.05_1 - INFO - [Epoch 28/30] 测试耗时: 338.71s
2025-11-12 06:38:11 - oxford_flowers_sepfpl_8_0.05_1 - INFO - [Epoch 29/30] 训练耗时: 39.02s | 平均训练准确率: 86.53
2025-11-12 06:38:11 - oxford_flowers_sepfpl_8_0.05_1 - INFO - ------------local test start-------------
2025-11-12 06:38:11 - oxford_flowers_sepfpl_8_0.05_1 - INFO - Evaluate on the client0 local set
2025-11-12 06:38:15 - oxford_flowers_sepfpl_8_0.05_1 - INFO - => result | total: 269 | correct: 195 | accuracy: 72.5% | error: 27.5% | macro_f1: 57.8%
2025-11-12 06:38:15 - oxford_flowers_sepfpl_8_0.05_1 - INFO - Evaluate on the client0 neighbor set
2025-11-12 06:38:45 - oxford_flowers_sepfpl_8_0.05_1 - INFO - => result | total: 2,194 | correct: 969 | accuracy: 44.2% | error: 55.8% | macro_f1: 44.8%
2025-11-12 06:38:45 - oxford_flowers_sepfpl_8_0.05_1 - INFO - Evaluate on the client1 local set
2025-11-12 06:38:50 - oxford_flowers_sepfpl_8_0.05_1 - INFO - => result | total: 339 | correct: 237 | accuracy: 69.9% | error: 30.1% | macro_f1: 54.1%
2025-11-12 06:38:50 - oxford_flowers_sepfpl_8_0.05_1 - INFO - Evaluate on the client1 neighbor set
2025-11-12 06:39:20 - oxford_flowers_sepfpl_8_0.05_1 - INFO - => result | total: 2,124 | correct: 1,328 | accuracy: 62.5% | error: 37.5% | macro_f1: 57.8%
2025-11-12 06:39:20 - oxford_flowers_sepfpl_8_0.05_1 - INFO - Evaluate on the client2 local set
2025-11-12 06:39:22 - oxford_flowers_sepfpl_8_0.05_1 - INFO - => result | total: 223 | correct: 190 | accuracy: 85.2% | error: 14.8% | macro_f1: 76.8%
2025-11-12 06:39:22 - oxford_flowers_sepfpl_8_0.05_1 - INFO - Evaluate on the client2 neighbor set
2025-11-12 06:39:53 - oxford_flowers_sepfpl_8_0.05_1 - INFO - => result | total: 2,240 | correct: 1,406 | accuracy: 62.8% | error: 37.2% | macro_f1: 54.2%
2025-11-12 06:39:53 - oxford_flowers_sepfpl_8_0.05_1 - INFO - Evaluate on the client3 local set
2025-11-12 06:39:56 - oxford_flowers_sepfpl_8_0.05_1 - INFO - => result | total: 211 | correct: 186 | accuracy: 88.2% | error: 11.8% | macro_f1: 86.4%
2025-11-12 06:39:56 - oxford_flowers_sepfpl_8_0.05_1 - INFO - Evaluate on the client3 neighbor set
2025-11-12 06:40:26 - oxford_flowers_sepfpl_8_0.05_1 - INFO - => result | total: 2,252 | correct: 1,449 | accuracy: 64.3% | error: 35.7% | macro_f1: 58.0%
2025-11-12 06:40:26 - oxford_flowers_sepfpl_8_0.05_1 - INFO - Evaluate on the client4 local set
2025-11-12 06:40:28 - oxford_flowers_sepfpl_8_0.05_1 - INFO - => result | total: 178 | correct: 168 | accuracy: 94.4% | error: 5.6% | macro_f1: 96.5%
2025-11-12 06:40:28 - oxford_flowers_sepfpl_8_0.05_1 - INFO - Evaluate on the client4 neighbor set
2025-11-12 06:41:01 - oxford_flowers_sepfpl_8_0.05_1 - INFO - => result | total: 2,285 | correct: 1,157 | accuracy: 50.6% | error: 49.4% | macro_f1: 46.4%
2025-11-12 06:41:01 - oxford_flowers_sepfpl_8_0.05_1 - INFO - Evaluate on the client5 local set
2025-11-12 06:41:05 - oxford_flowers_sepfpl_8_0.05_1 - INFO - => result | total: 262 | correct: 216 | accuracy: 82.4% | error: 17.6% | macro_f1: 80.4%
2025-11-12 06:41:05 - oxford_flowers_sepfpl_8_0.05_1 - INFO - Evaluate on the client5 neighbor set
2025-11-12 06:41:35 - oxford_flowers_sepfpl_8_0.05_1 - INFO - => result | total: 2,201 | correct: 1,303 | accuracy: 59.2% | error: 40.8% | macro_f1: 53.4%
2025-11-12 06:41:35 - oxford_flowers_sepfpl_8_0.05_1 - INFO - Evaluate on the client6 local set
2025-11-12 06:41:38 - oxford_flowers_sepfpl_8_0.05_1 - INFO - => result | total: 223 | correct: 174 | accuracy: 78.0% | error: 22.0% | macro_f1: 82.4%
2025-11-12 06:41:38 - oxford_flowers_sepfpl_8_0.05_1 - INFO - Evaluate on the client6 neighbor set
2025-11-12 06:42:05 - oxford_flowers_sepfpl_8_0.05_1 - INFO - => result | total: 2,240 | correct: 1,445 | accuracy: 64.5% | error: 35.5% | macro_f1: 57.1%
2025-11-12 06:42:05 - oxford_flowers_sepfpl_8_0.05_1 - INFO - Evaluate on the client7 local set
2025-11-12 06:42:09 - oxford_flowers_sepfpl_8_0.05_1 - INFO - => result | total: 234 | correct: 186 | accuracy: 79.5% | error: 20.5% | macro_f1: 78.9%
2025-11-12 06:42:09 - oxford_flowers_sepfpl_8_0.05_1 - INFO - Evaluate on the client7 neighbor set
2025-11-12 06:42:48 - oxford_flowers_sepfpl_8_0.05_1 - INFO - => result | total: 2,229 | correct: 1,054 | accuracy: 47.3% | error: 52.7% | macro_f1: 45.3%
2025-11-12 06:42:48 - oxford_flowers_sepfpl_8_0.05_1 - INFO - Evaluate on the client8 local set
2025-11-12 06:42:51 - oxford_flowers_sepfpl_8_0.05_1 - INFO - => result | total: 205 | correct: 174 | accuracy: 84.9% | error: 15.1% | macro_f1: 83.5%
2025-11-12 06:42:51 - oxford_flowers_sepfpl_8_0.05_1 - INFO - Evaluate on the client8 neighbor set
2025-11-12 06:43:26 - oxford_flowers_sepfpl_8_0.05_1 - INFO - => result | total: 2,258 | correct: 1,466 | accuracy: 64.9% | error: 35.1% | macro_f1: 60.0%
2025-11-12 06:43:26 - oxford_flowers_sepfpl_8_0.05_1 - INFO - Evaluate on the client9 local set
2025-11-12 06:43:31 - oxford_flowers_sepfpl_8_0.05_1 - INFO - => result | total: 319 | correct: 256 | accuracy: 80.3% | error: 19.7% | macro_f1: 72.2%
2025-11-12 06:43:31 - oxford_flowers_sepfpl_8_0.05_1 - INFO - Evaluate on the client9 neighbor set
2025-11-12 06:44:05 - oxford_flowers_sepfpl_8_0.05_1 - INFO - => result | total: 2,144 | correct: 1,156 | accuracy: 53.9% | error: 46.1% | macro_f1: 49.1%
2025-11-12 06:44:05 - oxford_flowers_sepfpl_8_0.05_1 - INFO - Global test local acc: 81.52
2025-11-12 06:44:05 - oxford_flowers_sepfpl_8_0.05_1 - INFO - Global test neighbor acc: 57.43
2025-11-12 06:44:05 - oxford_flowers_sepfpl_8_0.05_1 - INFO - ------------local test finish-------------
2025-11-12 06:44:05 - oxford_flowers_sepfpl_8_0.05_1 - INFO - [Epoch 29/30] 测试耗时: 353.22s
2025-11-12 06:44:05 - oxford_flowers_sepfpl_8_0.05_1 - INFO - [RDP-sepfpl] 轮次 30: ε=0.912954, std=0.327059
2025-11-12 06:44:48 - oxford_flowers_sepfpl_8_0.05_1 - INFO - [Epoch 30/30] 训练耗时: 43.86s | 平均训练准确率: 87.36
2025-11-12 06:44:48 - oxford_flowers_sepfpl_8_0.05_1 - INFO - ------------local test start-------------
2025-11-12 06:44:48 - oxford_flowers_sepfpl_8_0.05_1 - INFO - Evaluate on the client0 local set
2025-11-12 06:44:54 - oxford_flowers_sepfpl_8_0.05_1 - INFO - => result | total: 269 | correct: 196 | accuracy: 72.9% | error: 27.1% | macro_f1: 58.5%
2025-11-12 06:44:54 - oxford_flowers_sepfpl_8_0.05_1 - INFO - Evaluate on the client0 neighbor set
2025-11-12 06:45:29 - oxford_flowers_sepfpl_8_0.05_1 - INFO - => result | total: 2,194 | correct: 853 | accuracy: 38.9% | error: 61.1% | macro_f1: 38.3%
2025-11-12 06:45:29 - oxford_flowers_sepfpl_8_0.05_1 - INFO - Evaluate on the client1 local set
2025-11-12 06:45:34 - oxford_flowers_sepfpl_8_0.05_1 - INFO - => result | total: 339 | correct: 230 | accuracy: 67.8% | error: 32.2% | macro_f1: 51.8%
2025-11-12 06:45:34 - oxford_flowers_sepfpl_8_0.05_1 - INFO - Evaluate on the client1 neighbor set
2025-11-12 06:46:03 - oxford_flowers_sepfpl_8_0.05_1 - INFO - => result | total: 2,124 | correct: 1,282 | accuracy: 60.4% | error: 39.6% | macro_f1: 54.4%
2025-11-12 06:46:03 - oxford_flowers_sepfpl_8_0.05_1 - INFO - Evaluate on the client2 local set
2025-11-12 06:46:06 - oxford_flowers_sepfpl_8_0.05_1 - INFO - => result | total: 223 | correct: 187 | accuracy: 83.9% | error: 16.1% | macro_f1: 75.8%
2025-11-12 06:46:06 - oxford_flowers_sepfpl_8_0.05_1 - INFO - Evaluate on the client2 neighbor set
2025-11-12 06:46:35 - oxford_flowers_sepfpl_8_0.05_1 - INFO - => result | total: 2,240 | correct: 1,402 | accuracy: 62.6% | error: 37.4% | macro_f1: 53.8%
2025-11-12 06:46:35 - oxford_flowers_sepfpl_8_0.05_1 - INFO - Evaluate on the client3 local set
2025-11-12 06:46:38 - oxford_flowers_sepfpl_8_0.05_1 - INFO - => result | total: 211 | correct: 185 | accuracy: 87.7% | error: 12.3% | macro_f1: 85.5%
2025-11-12 06:46:38 - oxford_flowers_sepfpl_8_0.05_1 - INFO - Evaluate on the client3 neighbor set
2025-11-12 06:47:09 - oxford_flowers_sepfpl_8_0.05_1 - INFO - => result | total: 2,252 | correct: 1,438 | accuracy: 63.9% | error: 36.1% | macro_f1: 58.1%
2025-11-12 06:47:09 - oxford_flowers_sepfpl_8_0.05_1 - INFO - Evaluate on the client4 local set
2025-11-12 06:47:11 - oxford_flowers_sepfpl_8_0.05_1 - INFO - => result | total: 178 | correct: 167 | accuracy: 93.8% | error: 6.2% | macro_f1: 96.9%
2025-11-12 06:47:11 - oxford_flowers_sepfpl_8_0.05_1 - INFO - Evaluate on the client4 neighbor set
2025-11-12 06:47:43 - oxford_flowers_sepfpl_8_0.05_1 - INFO - => result | total: 2,285 | correct: 1,288 | accuracy: 56.4% | error: 43.6% | macro_f1: 49.8%
2025-11-12 06:47:43 - oxford_flowers_sepfpl_8_0.05_1 - INFO - Evaluate on the client5 local set
2025-11-12 06:47:47 - oxford_flowers_sepfpl_8_0.05_1 - INFO - => result | total: 262 | correct: 217 | accuracy: 82.8% | error: 17.2% | macro_f1: 81.5%
2025-11-12 06:47:47 - oxford_flowers_sepfpl_8_0.05_1 - INFO - Evaluate on the client5 neighbor set
2025-11-12 06:48:18 - oxford_flowers_sepfpl_8_0.05_1 - INFO - => result | total: 2,201 | correct: 1,277 | accuracy: 58.0% | error: 42.0% | macro_f1: 52.3%
2025-11-12 06:48:18 - oxford_flowers_sepfpl_8_0.05_1 - INFO - Evaluate on the client6 local set
2025-11-12 06:48:22 - oxford_flowers_sepfpl_8_0.05_1 - INFO - => result | total: 223 | correct: 171 | accuracy: 76.7% | error: 23.3% | macro_f1: 81.7%
2025-11-12 06:48:22 - oxford_flowers_sepfpl_8_0.05_1 - INFO - Evaluate on the client6 neighbor set
2025-11-12 06:48:53 - oxford_flowers_sepfpl_8_0.05_1 - INFO - => result | total: 2,240 | correct: 1,469 | accuracy: 65.6% | error: 34.4% | macro_f1: 58.8%
2025-11-12 06:48:53 - oxford_flowers_sepfpl_8_0.05_1 - INFO - Evaluate on the client7 local set
2025-11-12 06:48:56 - oxford_flowers_sepfpl_8_0.05_1 - INFO - => result | total: 234 | correct: 189 | accuracy: 80.8% | error: 19.2% | macro_f1: 80.0%
2025-11-12 06:48:56 - oxford_flowers_sepfpl_8_0.05_1 - INFO - Evaluate on the client7 neighbor set
2025-11-12 06:49:28 - oxford_flowers_sepfpl_8_0.05_1 - INFO - => result | total: 2,229 | correct: 1,126 | accuracy: 50.5% | error: 49.5% | macro_f1: 47.2%
2025-11-12 06:49:28 - oxford_flowers_sepfpl_8_0.05_1 - INFO - Evaluate on the client8 local set
2025-11-12 06:49:31 - oxford_flowers_sepfpl_8_0.05_1 - INFO - => result | total: 205 | correct: 180 | accuracy: 87.8% | error: 12.2% | macro_f1: 87.8%
2025-11-12 06:49:31 - oxford_flowers_sepfpl_8_0.05_1 - INFO - Evaluate on the client8 neighbor set
2025-11-12 06:50:02 - oxford_flowers_sepfpl_8_0.05_1 - INFO - => result | total: 2,258 | correct: 1,481 | accuracy: 65.6% | error: 34.4% | macro_f1: 60.3%
2025-11-12 06:50:02 - oxford_flowers_sepfpl_8_0.05_1 - INFO - Evaluate on the client9 local set
2025-11-12 06:50:06 - oxford_flowers_sepfpl_8_0.05_1 - INFO - => result | total: 319 | correct: 257 | accuracy: 80.6% | error: 19.4% | macro_f1: 72.2%
2025-11-12 06:50:06 - oxford_flowers_sepfpl_8_0.05_1 - INFO - Evaluate on the client9 neighbor set
2025-11-12 06:50:36 - oxford_flowers_sepfpl_8_0.05_1 - INFO - => result | total: 2,144 | correct: 1,192 | accuracy: 55.6% | error: 44.4% | macro_f1: 51.0%
2025-11-12 06:50:36 - oxford_flowers_sepfpl_8_0.05_1 - INFO - Global test local acc: 81.47
2025-11-12 06:50:36 - oxford_flowers_sepfpl_8_0.05_1 - INFO - Global test neighbor acc: 57.73
2025-11-12 06:50:36 - oxford_flowers_sepfpl_8_0.05_1 - INFO - ------------local test finish-------------
2025-11-12 06:50:36 - oxford_flowers_sepfpl_8_0.05_1 - INFO - [Epoch 30/30] 测试耗时: 347.74s
2025-11-12 06:50:36 - oxford_flowers_sepfpl_8_0.05_1 - INFO - maximum test local acc: 81.522
2025-11-12 06:50:36 - oxford_flowers_sepfpl_8_0.05_1 - INFO - mean of local acc: 81.225
2025-11-12 06:50:36 - oxford_flowers_sepfpl_8_0.05_1 - INFO - maximum test neighbor acc: 59.941
2025-11-12 06:50:36 - oxford_flowers_sepfpl_8_0.05_1 - INFO - mean of neighbor acc: 58.368
