2025-11-12 06:50:42 - oxford_flowers_fedotp_8_0.01_1 - INFO - 日志文件已创建: logs/oxford_flowers_fedotp_8_0.01_1_20251112_065042.log
2025-11-12 06:50:42 - oxford_flowers_fedotp_8_0.01_1 - INFO - Loading trainer: DP_FPL
2025-11-12 06:50:42 - oxford_flowers_fedotp_8_0.01_1 - INFO - Loading dataset: OxfordFlowers
2025-11-12 06:50:42 - oxford_flowers_fedotp_8_0.01_1 - INFO - Reading split from /home/liuxin25/dataset/oxford_flowers/split_zhou_OxfordFlowers.json
2025-11-12 06:50:42 - oxford_flowers_fedotp_8_0.01_1 - INFO - Creating a baseline federated dataset
2025-11-12 06:50:42 - oxford_flowers_fedotp_8_0.01_1 - INFO - class_num 102
2025-11-12 06:50:42 - oxford_flowers_fedotp_8_0.01_1 - INFO - user class dict total [90, 54, 31, 35, 55, 72, 92, 42, 95, 84]
2025-11-12 06:50:42 - oxford_flowers_fedotp_8_0.01_1 - INFO - idx: 0, output_dict_len: 451
2025-11-12 06:50:42 - oxford_flowers_fedotp_8_0.01_1 - INFO - user class dict total [74, 0, 1, 80, 27, 20, 77, 50, 66, 45]
2025-11-12 06:50:42 - oxford_flowers_fedotp_8_0.01_1 - INFO - idx: 1, output_dict_len: 562
2025-11-12 06:50:42 - oxford_flowers_fedotp_8_0.01_1 - INFO - user class dict total [44, 82, 14, 32, 52, 70, 28, 51, 10, 21]
2025-11-12 06:50:42 - oxford_flowers_fedotp_8_0.01_1 - INFO - idx: 2, output_dict_len: 373
2025-11-12 06:50:42 - oxford_flowers_fedotp_8_0.01_1 - INFO - user class dict total [33, 75, 5, 48, 87, 98, 23, 69, 62, 7]
2025-11-12 06:50:42 - oxford_flowers_fedotp_8_0.01_1 - INFO - idx: 3, output_dict_len: 350
2025-11-12 06:50:42 - oxford_flowers_fedotp_8_0.01_1 - INFO - user class dict total [17, 18, 60, 34, 11, 58, 86, 13, 41, 30]
2025-11-12 06:50:42 - oxford_flowers_fedotp_8_0.01_1 - INFO - idx: 4, output_dict_len: 302
2025-11-12 06:50:42 - oxford_flowers_fedotp_8_0.01_1 - INFO - user class dict total [24, 71, 56, 76, 37, 6, 53, 79, 97, 39]
2025-11-12 06:50:42 - oxford_flowers_fedotp_8_0.01_1 - INFO - idx: 5, output_dict_len: 433
2025-11-12 06:50:42 - oxford_flowers_fedotp_8_0.01_1 - INFO - user class dict total [47, 65, 36, 91, 3, 63, 59, 9, 96, 64]
2025-11-12 06:50:42 - oxford_flowers_fedotp_8_0.01_1 - INFO - idx: 6, output_dict_len: 367
2025-11-12 06:50:42 - oxford_flowers_fedotp_8_0.01_1 - INFO - user class dict total [94, 88, 99, 61, 19, 25, 4, 16, 8, 46]
2025-11-12 06:50:42 - oxford_flowers_fedotp_8_0.01_1 - INFO - idx: 7, output_dict_len: 387
2025-11-12 06:50:42 - oxford_flowers_fedotp_8_0.01_1 - INFO - user class dict total [26, 2, 93, 85, 29, 22, 100, 67, 68, 38]
2025-11-12 06:50:42 - oxford_flowers_fedotp_8_0.01_1 - INFO - idx: 8, output_dict_len: 341
2025-11-12 06:50:42 - oxford_flowers_fedotp_8_0.01_1 - INFO - user class dict total [83, 15, 12, 81, 43, 73, 78, 40, 101, 57, 89, 49]
2025-11-12 06:50:42 - oxford_flowers_fedotp_8_0.01_1 - INFO - idx: 9, output_dict_len: 527
2025-11-12 06:50:42 - oxford_flowers_fedotp_8_0.01_1 - INFO - Creating a baseline federated dataset
2025-11-12 06:50:42 - oxford_flowers_fedotp_8_0.01_1 - INFO - class_num 102
2025-11-12 06:50:42 - oxford_flowers_fedotp_8_0.01_1 - INFO - user class dict total [90, 54, 31, 35, 55, 72, 92, 42, 95, 84]
2025-11-12 06:50:42 - oxford_flowers_fedotp_8_0.01_1 - INFO - idx: 0, output_dict_len: 269
2025-11-12 06:50:42 - oxford_flowers_fedotp_8_0.01_1 - INFO - user class dict total [74, 0, 1, 80, 27, 20, 77, 50, 66, 45]
2025-11-12 06:50:42 - oxford_flowers_fedotp_8_0.01_1 - INFO - idx: 1, output_dict_len: 339
2025-11-12 06:50:42 - oxford_flowers_fedotp_8_0.01_1 - INFO - user class dict total [44, 82, 14, 32, 52, 70, 28, 51, 10, 21]
2025-11-12 06:50:42 - oxford_flowers_fedotp_8_0.01_1 - INFO - idx: 2, output_dict_len: 223
2025-11-12 06:50:42 - oxford_flowers_fedotp_8_0.01_1 - INFO - user class dict total [33, 75, 5, 48, 87, 98, 23, 69, 62, 7]
2025-11-12 06:50:42 - oxford_flowers_fedotp_8_0.01_1 - INFO - idx: 3, output_dict_len: 211
2025-11-12 06:50:42 - oxford_flowers_fedotp_8_0.01_1 - INFO - user class dict total [17, 18, 60, 34, 11, 58, 86, 13, 41, 30]
2025-11-12 06:50:42 - oxford_flowers_fedotp_8_0.01_1 - INFO - idx: 4, output_dict_len: 178
2025-11-12 06:50:42 - oxford_flowers_fedotp_8_0.01_1 - INFO - user class dict total [24, 71, 56, 76, 37, 6, 53, 79, 97, 39]
2025-11-12 06:50:42 - oxford_flowers_fedotp_8_0.01_1 - INFO - idx: 5, output_dict_len: 262
2025-11-12 06:50:42 - oxford_flowers_fedotp_8_0.01_1 - INFO - user class dict total [47, 65, 36, 91, 3, 63, 59, 9, 96, 64]
2025-11-12 06:50:42 - oxford_flowers_fedotp_8_0.01_1 - INFO - idx: 6, output_dict_len: 223
2025-11-12 06:50:42 - oxford_flowers_fedotp_8_0.01_1 - INFO - user class dict total [94, 88, 99, 61, 19, 25, 4, 16, 8, 46]
2025-11-12 06:50:42 - oxford_flowers_fedotp_8_0.01_1 - INFO - idx: 7, output_dict_len: 234
2025-11-12 06:50:42 - oxford_flowers_fedotp_8_0.01_1 - INFO - user class dict total [26, 2, 93, 85, 29, 22, 100, 67, 68, 38]
2025-11-12 06:50:42 - oxford_flowers_fedotp_8_0.01_1 - INFO - idx: 8, output_dict_len: 205
2025-11-12 06:50:42 - oxford_flowers_fedotp_8_0.01_1 - INFO - user class dict total [83, 15, 12, 81, 43, 73, 78, 40, 101, 57, 89, 49]
2025-11-12 06:50:42 - oxford_flowers_fedotp_8_0.01_1 - INFO - idx: 9, output_dict_len: 319
2025-11-12 06:50:42 - oxford_flowers_fedotp_8_0.01_1 - INFO - Loading CLIP (backbone: ViT-B/16)
2025-11-12 06:50:46 - oxford_flowers_fedotp_8_0.01_1 - INFO - Building custom CLIP
2025-11-12 06:50:46 - oxford_flowers_fedotp_8_0.01_1 - INFO - Turning off gradients in both the image and the text encoder
2025-11-12 06:51:25 - oxford_flowers_fedotp_8_0.01_1 - INFO - [Epoch 1/30] 训练耗时: 38.47s | 平均训练准确率: 7.43
2025-11-12 06:52:01 - oxford_flowers_fedotp_8_0.01_1 - INFO - [Epoch 2/30] 训练耗时: 36.10s | 平均训练准确率: 47.12
2025-11-12 06:52:38 - oxford_flowers_fedotp_8_0.01_1 - INFO - [Epoch 3/30] 训练耗时: 37.55s | 平均训练准确率: 58.54
2025-11-12 06:53:21 - oxford_flowers_fedotp_8_0.01_1 - INFO - [Epoch 4/30] 训练耗时: 42.18s | 平均训练准确率: 54.62
2025-11-12 06:54:01 - oxford_flowers_fedotp_8_0.01_1 - INFO - [Epoch 5/30] 训练耗时: 40.35s | 平均训练准确率: 56.56
2025-11-12 06:54:45 - oxford_flowers_fedotp_8_0.01_1 - INFO - [Epoch 6/30] 训练耗时: 44.02s | 平均训练准确率: 57.81
2025-11-12 06:55:26 - oxford_flowers_fedotp_8_0.01_1 - INFO - [Epoch 7/30] 训练耗时: 40.95s | 平均训练准确率: 57.95
2025-11-12 06:56:06 - oxford_flowers_fedotp_8_0.01_1 - INFO - [Epoch 8/30] 训练耗时: 39.66s | 平均训练准确率: 57.50
2025-11-12 06:56:49 - oxford_flowers_fedotp_8_0.01_1 - INFO - [Epoch 9/30] 训练耗时: 43.09s | 平均训练准确率: 55.56
2025-11-12 06:57:29 - oxford_flowers_fedotp_8_0.01_1 - INFO - [Epoch 10/30] 训练耗时: 39.95s | 平均训练准确率: 57.08
2025-11-12 06:58:07 - oxford_flowers_fedotp_8_0.01_1 - INFO - [Epoch 11/30] 训练耗时: 38.47s | 平均训练准确率: 56.49
2025-11-12 06:58:48 - oxford_flowers_fedotp_8_0.01_1 - INFO - [Epoch 12/30] 训练耗时: 41.25s | 平均训练准确率: 56.94
2025-11-12 06:59:29 - oxford_flowers_fedotp_8_0.01_1 - INFO - [Epoch 13/30] 训练耗时: 40.84s | 平均训练准确率: 55.49
2025-11-12 07:00:12 - oxford_flowers_fedotp_8_0.01_1 - INFO - [Epoch 14/30] 训练耗时: 42.48s | 平均训练准确率: 55.94
2025-11-12 07:00:52 - oxford_flowers_fedotp_8_0.01_1 - INFO - [Epoch 15/30] 训练耗时: 39.96s | 平均训练准确率: 53.72
2025-11-12 07:01:31 - oxford_flowers_fedotp_8_0.01_1 - INFO - [Epoch 16/30] 训练耗时: 39.57s | 平均训练准确率: 56.49
2025-11-12 07:02:07 - oxford_flowers_fedotp_8_0.01_1 - INFO - [Epoch 17/30] 训练耗时: 36.20s | 平均训练准确率: 56.42
2025-11-12 07:02:44 - oxford_flowers_fedotp_8_0.01_1 - INFO - [Epoch 18/30] 训练耗时: 36.74s | 平均训练准确率: 57.05
2025-11-12 07:03:23 - oxford_flowers_fedotp_8_0.01_1 - INFO - [Epoch 19/30] 训练耗时: 38.61s | 平均训练准确率: 55.83
2025-11-12 07:04:06 - oxford_flowers_fedotp_8_0.01_1 - INFO - [Epoch 20/30] 训练耗时: 43.00s | 平均训练准确率: 55.00
2025-11-12 07:04:50 - oxford_flowers_fedotp_8_0.01_1 - INFO - [Epoch 21/30] 训练耗时: 44.29s | 平均训练准确率: 55.69
2025-11-12 07:05:31 - oxford_flowers_fedotp_8_0.01_1 - INFO - [Epoch 22/30] 训练耗时: 41.47s | 平均训练准确率: 56.74
2025-11-12 07:06:13 - oxford_flowers_fedotp_8_0.01_1 - INFO - [Epoch 23/30] 训练耗时: 41.86s | 平均训练准确率: 54.97
2025-11-12 07:06:55 - oxford_flowers_fedotp_8_0.01_1 - INFO - [Epoch 24/30] 训练耗时: 41.61s | 平均训练准确率: 57.22
2025-11-12 07:07:36 - oxford_flowers_fedotp_8_0.01_1 - INFO - [Epoch 25/30] 训练耗时: 41.36s | 平均训练准确率: 56.81
2025-11-12 07:08:16 - oxford_flowers_fedotp_8_0.01_1 - INFO - [Epoch 26/30] 训练耗时: 40.20s | 平均训练准确率: 58.02
2025-11-12 07:08:58 - oxford_flowers_fedotp_8_0.01_1 - INFO - [Epoch 27/30] 训练耗时: 41.90s | 平均训练准确率: 57.33
2025-11-12 07:09:43 - oxford_flowers_fedotp_8_0.01_1 - INFO - [Epoch 28/30] 训练耗时: 44.14s | 平均训练准确率: 58.65
2025-11-12 07:09:43 - oxford_flowers_fedotp_8_0.01_1 - INFO - ------------local test start-------------
2025-11-12 07:09:43 - oxford_flowers_fedotp_8_0.01_1 - INFO - Evaluate on the client0 local set
2025-11-12 07:09:46 - oxford_flowers_fedotp_8_0.01_1 - INFO - => result | total: 269 | correct: 125 | accuracy: 46.5% | error: 53.5% | macro_f1: 46.7%
2025-11-12 07:09:46 - oxford_flowers_fedotp_8_0.01_1 - INFO - Evaluate on the client0 neighbor set
2025-11-12 07:10:17 - oxford_flowers_fedotp_8_0.01_1 - INFO - => result | total: 2,194 | correct: 1,386 | accuracy: 63.2% | error: 36.8% | macro_f1: 56.8%
2025-11-12 07:10:17 - oxford_flowers_fedotp_8_0.01_1 - INFO - Evaluate on the client1 local set
2025-11-12 07:10:21 - oxford_flowers_fedotp_8_0.01_1 - INFO - => result | total: 339 | correct: 179 | accuracy: 52.8% | error: 47.2% | macro_f1: 56.0%
2025-11-12 07:10:21 - oxford_flowers_fedotp_8_0.01_1 - INFO - Evaluate on the client1 neighbor set
2025-11-12 07:10:49 - oxford_flowers_fedotp_8_0.01_1 - INFO - => result | total: 2,124 | correct: 1,332 | accuracy: 62.7% | error: 37.3% | macro_f1: 56.3%
2025-11-12 07:10:49 - oxford_flowers_fedotp_8_0.01_1 - INFO - Evaluate on the client2 local set
2025-11-12 07:10:52 - oxford_flowers_fedotp_8_0.01_1 - INFO - => result | total: 223 | correct: 163 | accuracy: 73.1% | error: 26.9% | macro_f1: 68.0%
2025-11-12 07:10:52 - oxford_flowers_fedotp_8_0.01_1 - INFO - Evaluate on the client2 neighbor set
2025-11-12 07:11:28 - oxford_flowers_fedotp_8_0.01_1 - INFO - => result | total: 2,240 | correct: 1,348 | accuracy: 60.2% | error: 39.8% | macro_f1: 54.5%
2025-11-12 07:11:28 - oxford_flowers_fedotp_8_0.01_1 - INFO - Evaluate on the client3 local set
2025-11-12 07:11:31 - oxford_flowers_fedotp_8_0.01_1 - INFO - => result | total: 211 | correct: 164 | accuracy: 77.7% | error: 22.3% | macro_f1: 79.2%
2025-11-12 07:11:31 - oxford_flowers_fedotp_8_0.01_1 - INFO - Evaluate on the client3 neighbor set
2025-11-12 07:12:10 - oxford_flowers_fedotp_8_0.01_1 - INFO - => result | total: 2,252 | correct: 1,345 | accuracy: 59.7% | error: 40.3% | macro_f1: 54.0%
2025-11-12 07:12:10 - oxford_flowers_fedotp_8_0.01_1 - INFO - Evaluate on the client4 local set
2025-11-12 07:12:13 - oxford_flowers_fedotp_8_0.01_1 - INFO - => result | total: 178 | correct: 117 | accuracy: 65.7% | error: 34.3% | macro_f1: 76.3%
2025-11-12 07:12:13 - oxford_flowers_fedotp_8_0.01_1 - INFO - Evaluate on the client4 neighbor set
2025-11-12 07:12:49 - oxford_flowers_fedotp_8_0.01_1 - INFO - => result | total: 2,285 | correct: 1,390 | accuracy: 60.8% | error: 39.2% | macro_f1: 53.9%
2025-11-12 07:12:49 - oxford_flowers_fedotp_8_0.01_1 - INFO - Evaluate on the client5 local set
2025-11-12 07:12:53 - oxford_flowers_fedotp_8_0.01_1 - INFO - => result | total: 262 | correct: 192 | accuracy: 73.3% | error: 26.7% | macro_f1: 68.6%
2025-11-12 07:12:53 - oxford_flowers_fedotp_8_0.01_1 - INFO - Evaluate on the client5 neighbor set
2025-11-12 07:13:28 - oxford_flowers_fedotp_8_0.01_1 - INFO - => result | total: 2,201 | correct: 1,314 | accuracy: 59.7% | error: 40.3% | macro_f1: 54.3%
2025-11-12 07:13:28 - oxford_flowers_fedotp_8_0.01_1 - INFO - Evaluate on the client6 local set
2025-11-12 07:13:31 - oxford_flowers_fedotp_8_0.01_1 - INFO - => result | total: 223 | correct: 95 | accuracy: 42.6% | error: 57.4% | macro_f1: 50.5%
2025-11-12 07:13:31 - oxford_flowers_fedotp_8_0.01_1 - INFO - Evaluate on the client6 neighbor set
2025-11-12 07:14:05 - oxford_flowers_fedotp_8_0.01_1 - INFO - => result | total: 2,240 | correct: 1,412 | accuracy: 63.0% | error: 37.0% | macro_f1: 56.6%
2025-11-12 07:14:05 - oxford_flowers_fedotp_8_0.01_1 - INFO - Evaluate on the client7 local set
2025-11-12 07:14:08 - oxford_flowers_fedotp_8_0.01_1 - INFO - => result | total: 234 | correct: 132 | accuracy: 56.4% | error: 43.6% | macro_f1: 72.0%
2025-11-12 07:14:08 - oxford_flowers_fedotp_8_0.01_1 - INFO - Evaluate on the client7 neighbor set
2025-11-12 07:14:39 - oxford_flowers_fedotp_8_0.01_1 - INFO - => result | total: 2,229 | correct: 1,377 | accuracy: 61.8% | error: 38.2% | macro_f1: 54.2%
2025-11-12 07:14:39 - oxford_flowers_fedotp_8_0.01_1 - INFO - Evaluate on the client8 local set
2025-11-12 07:14:42 - oxford_flowers_fedotp_8_0.01_1 - INFO - => result | total: 205 | correct: 112 | accuracy: 54.6% | error: 45.4% | macro_f1: 46.9%
2025-11-12 07:14:42 - oxford_flowers_fedotp_8_0.01_1 - INFO - Evaluate on the client8 neighbor set
2025-11-12 07:15:14 - oxford_flowers_fedotp_8_0.01_1 - INFO - => result | total: 2,258 | correct: 1,397 | accuracy: 61.9% | error: 38.1% | macro_f1: 56.6%
2025-11-12 07:15:14 - oxford_flowers_fedotp_8_0.01_1 - INFO - Evaluate on the client9 local set
2025-11-12 07:15:18 - oxford_flowers_fedotp_8_0.01_1 - INFO - => result | total: 319 | correct: 225 | accuracy: 70.5% | error: 29.5% | macro_f1: 66.3%
2025-11-12 07:15:18 - oxford_flowers_fedotp_8_0.01_1 - INFO - Evaluate on the client9 neighbor set
2025-11-12 07:15:47 - oxford_flowers_fedotp_8_0.01_1 - INFO - => result | total: 2,144 | correct: 1,285 | accuracy: 59.9% | error: 40.1% | macro_f1: 54.7%
2025-11-12 07:15:47 - oxford_flowers_fedotp_8_0.01_1 - INFO - Global test local acc: 61.33
2025-11-12 07:15:47 - oxford_flowers_fedotp_8_0.01_1 - INFO - Global test neighbor acc: 61.29
2025-11-12 07:15:47 - oxford_flowers_fedotp_8_0.01_1 - INFO - ------------local test finish-------------
2025-11-12 07:15:47 - oxford_flowers_fedotp_8_0.01_1 - INFO - [Epoch 28/30] 测试耗时: 364.87s
2025-11-12 07:16:25 - oxford_flowers_fedotp_8_0.01_1 - INFO - [Epoch 29/30] 训练耗时: 37.64s | 平均训练准确率: 60.69
2025-11-12 07:16:25 - oxford_flowers_fedotp_8_0.01_1 - INFO - ------------local test start-------------
2025-11-12 07:16:25 - oxford_flowers_fedotp_8_0.01_1 - INFO - Evaluate on the client0 local set
2025-11-12 07:16:29 - oxford_flowers_fedotp_8_0.01_1 - INFO - => result | total: 269 | correct: 133 | accuracy: 49.4% | error: 50.6% | macro_f1: 48.0%
2025-11-12 07:16:29 - oxford_flowers_fedotp_8_0.01_1 - INFO - Evaluate on the client0 neighbor set
2025-11-12 07:16:59 - oxford_flowers_fedotp_8_0.01_1 - INFO - => result | total: 2,194 | correct: 1,432 | accuracy: 65.3% | error: 34.7% | macro_f1: 59.4%
2025-11-12 07:16:59 - oxford_flowers_fedotp_8_0.01_1 - INFO - Evaluate on the client1 local set
2025-11-12 07:17:04 - oxford_flowers_fedotp_8_0.01_1 - INFO - => result | total: 339 | correct: 195 | accuracy: 57.5% | error: 42.5% | macro_f1: 63.4%
2025-11-12 07:17:04 - oxford_flowers_fedotp_8_0.01_1 - INFO - Evaluate on the client1 neighbor set
2025-11-12 07:17:33 - oxford_flowers_fedotp_8_0.01_1 - INFO - => result | total: 2,124 | correct: 1,369 | accuracy: 64.5% | error: 35.5% | macro_f1: 58.4%
2025-11-12 07:17:33 - oxford_flowers_fedotp_8_0.01_1 - INFO - Evaluate on the client2 local set
2025-11-12 07:17:36 - oxford_flowers_fedotp_8_0.01_1 - INFO - => result | total: 223 | correct: 170 | accuracy: 76.2% | error: 23.8% | macro_f1: 71.2%
2025-11-12 07:17:36 - oxford_flowers_fedotp_8_0.01_1 - INFO - Evaluate on the client2 neighbor set
2025-11-12 07:18:07 - oxford_flowers_fedotp_8_0.01_1 - INFO - => result | total: 2,240 | correct: 1,399 | accuracy: 62.5% | error: 37.5% | macro_f1: 57.1%
2025-11-12 07:18:07 - oxford_flowers_fedotp_8_0.01_1 - INFO - Evaluate on the client3 local set
2025-11-12 07:18:10 - oxford_flowers_fedotp_8_0.01_1 - INFO - => result | total: 211 | correct: 170 | accuracy: 80.6% | error: 19.4% | macro_f1: 80.5%
2025-11-12 07:18:10 - oxford_flowers_fedotp_8_0.01_1 - INFO - Evaluate on the client3 neighbor set
2025-11-12 07:18:41 - oxford_flowers_fedotp_8_0.01_1 - INFO - => result | total: 2,252 | correct: 1,401 | accuracy: 62.2% | error: 37.8% | macro_f1: 56.9%
2025-11-12 07:18:41 - oxford_flowers_fedotp_8_0.01_1 - INFO - Evaluate on the client4 local set
2025-11-12 07:18:44 - oxford_flowers_fedotp_8_0.01_1 - INFO - => result | total: 178 | correct: 123 | accuracy: 69.1% | error: 30.9% | macro_f1: 79.0%
2025-11-12 07:18:44 - oxford_flowers_fedotp_8_0.01_1 - INFO - Evaluate on the client4 neighbor set
2025-11-12 07:19:16 - oxford_flowers_fedotp_8_0.01_1 - INFO - => result | total: 2,285 | correct: 1,448 | accuracy: 63.4% | error: 36.6% | macro_f1: 56.6%
2025-11-12 07:19:16 - oxford_flowers_fedotp_8_0.01_1 - INFO - Evaluate on the client5 local set
2025-11-12 07:19:19 - oxford_flowers_fedotp_8_0.01_1 - INFO - => result | total: 262 | correct: 205 | accuracy: 78.2% | error: 21.8% | macro_f1: 74.2%
2025-11-12 07:19:19 - oxford_flowers_fedotp_8_0.01_1 - INFO - Evaluate on the client5 neighbor set
2025-11-12 07:19:48 - oxford_flowers_fedotp_8_0.01_1 - INFO - => result | total: 2,201 | correct: 1,366 | accuracy: 62.1% | error: 37.9% | macro_f1: 56.9%
2025-11-12 07:19:48 - oxford_flowers_fedotp_8_0.01_1 - INFO - Evaluate on the client6 local set
2025-11-12 07:19:51 - oxford_flowers_fedotp_8_0.01_1 - INFO - => result | total: 223 | correct: 96 | accuracy: 43.0% | error: 57.0% | macro_f1: 50.8%
2025-11-12 07:19:51 - oxford_flowers_fedotp_8_0.01_1 - INFO - Evaluate on the client6 neighbor set
2025-11-12 07:20:22 - oxford_flowers_fedotp_8_0.01_1 - INFO - => result | total: 2,240 | correct: 1,473 | accuracy: 65.8% | error: 34.2% | macro_f1: 59.6%
2025-11-12 07:20:22 - oxford_flowers_fedotp_8_0.01_1 - INFO - Evaluate on the client7 local set
2025-11-12 07:20:25 - oxford_flowers_fedotp_8_0.01_1 - INFO - => result | total: 234 | correct: 131 | accuracy: 56.0% | error: 44.0% | macro_f1: 71.1%
2025-11-12 07:20:25 - oxford_flowers_fedotp_8_0.01_1 - INFO - Evaluate on the client7 neighbor set
2025-11-12 07:20:55 - oxford_flowers_fedotp_8_0.01_1 - INFO - => result | total: 2,229 | correct: 1,437 | accuracy: 64.5% | error: 35.5% | macro_f1: 57.2%
2025-11-12 07:20:55 - oxford_flowers_fedotp_8_0.01_1 - INFO - Evaluate on the client8 local set
2025-11-12 07:20:58 - oxford_flowers_fedotp_8_0.01_1 - INFO - => result | total: 205 | correct: 120 | accuracy: 58.5% | error: 41.5% | macro_f1: 51.1%
2025-11-12 07:20:58 - oxford_flowers_fedotp_8_0.01_1 - INFO - Evaluate on the client8 neighbor set
2025-11-12 07:21:29 - oxford_flowers_fedotp_8_0.01_1 - INFO - => result | total: 2,258 | correct: 1,448 | accuracy: 64.1% | error: 35.9% | macro_f1: 59.2%
2025-11-12 07:21:29 - oxford_flowers_fedotp_8_0.01_1 - INFO - Evaluate on the client9 local set
2025-11-12 07:21:33 - oxford_flowers_fedotp_8_0.01_1 - INFO - => result | total: 319 | correct: 226 | accuracy: 70.8% | error: 29.2% | macro_f1: 69.0%
2025-11-12 07:21:33 - oxford_flowers_fedotp_8_0.01_1 - INFO - Evaluate on the client9 neighbor set
2025-11-12 07:22:04 - oxford_flowers_fedotp_8_0.01_1 - INFO - => result | total: 2,144 | correct: 1,339 | accuracy: 62.5% | error: 37.5% | macro_f1: 57.2%
2025-11-12 07:22:04 - oxford_flowers_fedotp_8_0.01_1 - INFO - Global test local acc: 63.95
2025-11-12 07:22:04 - oxford_flowers_fedotp_8_0.01_1 - INFO - Global test neighbor acc: 63.66
2025-11-12 07:22:04 - oxford_flowers_fedotp_8_0.01_1 - INFO - ------------local test finish-------------
2025-11-12 07:22:04 - oxford_flowers_fedotp_8_0.01_1 - INFO - [Epoch 29/30] 测试耗时: 338.90s
2025-11-12 07:22:45 - oxford_flowers_fedotp_8_0.01_1 - INFO - [Epoch 30/30] 训练耗时: 41.55s | 平均训练准确率: 60.66
2025-11-12 07:22:45 - oxford_flowers_fedotp_8_0.01_1 - INFO - ------------local test start-------------
2025-11-12 07:22:45 - oxford_flowers_fedotp_8_0.01_1 - INFO - Evaluate on the client0 local set
2025-11-12 07:22:49 - oxford_flowers_fedotp_8_0.01_1 - INFO - => result | total: 269 | correct: 135 | accuracy: 50.2% | error: 49.8% | macro_f1: 50.3%
2025-11-12 07:22:49 - oxford_flowers_fedotp_8_0.01_1 - INFO - Evaluate on the client0 neighbor set
2025-11-12 07:23:22 - oxford_flowers_fedotp_8_0.01_1 - INFO - => result | total: 2,194 | correct: 1,435 | accuracy: 65.4% | error: 34.6% | macro_f1: 59.3%
2025-11-12 07:23:22 - oxford_flowers_fedotp_8_0.01_1 - INFO - Evaluate on the client1 local set
2025-11-12 07:23:27 - oxford_flowers_fedotp_8_0.01_1 - INFO - => result | total: 339 | correct: 187 | accuracy: 55.2% | error: 44.8% | macro_f1: 60.2%
2025-11-12 07:23:27 - oxford_flowers_fedotp_8_0.01_1 - INFO - Evaluate on the client1 neighbor set
2025-11-12 07:23:56 - oxford_flowers_fedotp_8_0.01_1 - INFO - => result | total: 2,124 | correct: 1,382 | accuracy: 65.1% | error: 34.9% | macro_f1: 58.6%
2025-11-12 07:23:56 - oxford_flowers_fedotp_8_0.01_1 - INFO - Evaluate on the client2 local set
2025-11-12 07:23:59 - oxford_flowers_fedotp_8_0.01_1 - INFO - => result | total: 223 | correct: 170 | accuracy: 76.2% | error: 23.8% | macro_f1: 71.2%
2025-11-12 07:23:59 - oxford_flowers_fedotp_8_0.01_1 - INFO - Evaluate on the client2 neighbor set
2025-11-12 07:24:30 - oxford_flowers_fedotp_8_0.01_1 - INFO - => result | total: 2,240 | correct: 1,402 | accuracy: 62.6% | error: 37.4% | macro_f1: 57.2%
2025-11-12 07:24:30 - oxford_flowers_fedotp_8_0.01_1 - INFO - Evaluate on the client3 local set
2025-11-12 07:24:33 - oxford_flowers_fedotp_8_0.01_1 - INFO - => result | total: 211 | correct: 171 | accuracy: 81.0% | error: 19.0% | macro_f1: 77.1%
2025-11-12 07:24:33 - oxford_flowers_fedotp_8_0.01_1 - INFO - Evaluate on the client3 neighbor set
2025-11-12 07:25:04 - oxford_flowers_fedotp_8_0.01_1 - INFO - => result | total: 2,252 | correct: 1,398 | accuracy: 62.1% | error: 37.9% | macro_f1: 56.9%
2025-11-12 07:25:04 - oxford_flowers_fedotp_8_0.01_1 - INFO - Evaluate on the client4 local set
2025-11-12 07:25:06 - oxford_flowers_fedotp_8_0.01_1 - INFO - => result | total: 178 | correct: 122 | accuracy: 68.5% | error: 31.5% | macro_f1: 79.0%
2025-11-12 07:25:06 - oxford_flowers_fedotp_8_0.01_1 - INFO - Evaluate on the client4 neighbor set
2025-11-12 07:25:36 - oxford_flowers_fedotp_8_0.01_1 - INFO - => result | total: 2,285 | correct: 1,446 | accuracy: 63.3% | error: 36.7% | macro_f1: 56.3%
2025-11-12 07:25:36 - oxford_flowers_fedotp_8_0.01_1 - INFO - Evaluate on the client5 local set
2025-11-12 07:25:39 - oxford_flowers_fedotp_8_0.01_1 - INFO - => result | total: 262 | correct: 204 | accuracy: 77.9% | error: 22.1% | macro_f1: 73.6%
2025-11-12 07:25:39 - oxford_flowers_fedotp_8_0.01_1 - INFO - Evaluate on the client5 neighbor set
2025-11-12 07:26:08 - oxford_flowers_fedotp_8_0.01_1 - INFO - => result | total: 2,201 | correct: 1,362 | accuracy: 61.9% | error: 38.1% | macro_f1: 56.5%
2025-11-12 07:26:08 - oxford_flowers_fedotp_8_0.01_1 - INFO - Evaluate on the client6 local set
2025-11-12 07:26:11 - oxford_flowers_fedotp_8_0.01_1 - INFO - => result | total: 223 | correct: 96 | accuracy: 43.0% | error: 57.0% | macro_f1: 50.2%
2025-11-12 07:26:11 - oxford_flowers_fedotp_8_0.01_1 - INFO - Evaluate on the client6 neighbor set
2025-11-12 07:26:41 - oxford_flowers_fedotp_8_0.01_1 - INFO - => result | total: 2,240 | correct: 1,472 | accuracy: 65.7% | error: 34.3% | macro_f1: 59.5%
2025-11-12 07:26:41 - oxford_flowers_fedotp_8_0.01_1 - INFO - Evaluate on the client7 local set
2025-11-12 07:26:44 - oxford_flowers_fedotp_8_0.01_1 - INFO - => result | total: 234 | correct: 138 | accuracy: 59.0% | error: 41.0% | macro_f1: 73.7%
2025-11-12 07:26:44 - oxford_flowers_fedotp_8_0.01_1 - INFO - Evaluate on the client7 neighbor set
2025-11-12 07:27:13 - oxford_flowers_fedotp_8_0.01_1 - INFO - => result | total: 2,229 | correct: 1,431 | accuracy: 64.2% | error: 35.8% | macro_f1: 56.9%
2025-11-12 07:27:13 - oxford_flowers_fedotp_8_0.01_1 - INFO - Evaluate on the client8 local set
2025-11-12 07:27:17 - oxford_flowers_fedotp_8_0.01_1 - INFO - => result | total: 205 | correct: 124 | accuracy: 60.5% | error: 39.5% | macro_f1: 52.5%
2025-11-12 07:27:17 - oxford_flowers_fedotp_8_0.01_1 - INFO - Evaluate on the client8 neighbor set
2025-11-12 07:27:47 - oxford_flowers_fedotp_8_0.01_1 - INFO - => result | total: 2,258 | correct: 1,443 | accuracy: 63.9% | error: 36.1% | macro_f1: 59.0%
2025-11-12 07:27:47 - oxford_flowers_fedotp_8_0.01_1 - INFO - Evaluate on the client9 local set
2025-11-12 07:27:52 - oxford_flowers_fedotp_8_0.01_1 - INFO - => result | total: 319 | correct: 223 | accuracy: 69.9% | error: 30.1% | macro_f1: 69.0%
2025-11-12 07:27:52 - oxford_flowers_fedotp_8_0.01_1 - INFO - Evaluate on the client9 neighbor set
2025-11-12 07:28:23 - oxford_flowers_fedotp_8_0.01_1 - INFO - => result | total: 2,144 | correct: 1,343 | accuracy: 62.6% | error: 37.4% | macro_f1: 57.2%
2025-11-12 07:28:23 - oxford_flowers_fedotp_8_0.01_1 - INFO - Global test local acc: 64.14
2025-11-12 07:28:23 - oxford_flowers_fedotp_8_0.01_1 - INFO - Global test neighbor acc: 63.68
2025-11-12 07:28:23 - oxford_flowers_fedotp_8_0.01_1 - INFO - ------------local test finish-------------
2025-11-12 07:28:23 - oxford_flowers_fedotp_8_0.01_1 - INFO - [Epoch 30/30] 测试耗时: 337.91s
2025-11-12 07:28:23 - oxford_flowers_fedotp_8_0.01_1 - INFO - maximum test local acc: 64.144
2025-11-12 07:28:23 - oxford_flowers_fedotp_8_0.01_1 - INFO - mean of local acc: 63.142
2025-11-12 07:28:23 - oxford_flowers_fedotp_8_0.01_1 - INFO - maximum test neighbor acc: 63.676
2025-11-12 07:28:23 - oxford_flowers_fedotp_8_0.01_1 - INFO - mean of neighbor acc: 62.878
