2025-11-07 10:08:41 - oxford_pets_promptfl_8_0.2_1 - INFO - 日志文件已创建: logs/oxford_pets_promptfl_8_0.2_1_20251107_100841.log
2025-11-07 10:08:44 - oxford_pets_promptfl_8_0.2_1 - INFO - ------------local train start epoch: 0 -------------
2025-11-07 10:08:50 - oxford_pets_promptfl_8_0.2_1 - INFO - Epoch: 0/3	finished batch : 1/2 (skip test)
2025-11-07 10:08:50 - oxford_pets_promptfl_8_0.2_1 - INFO - ------------epoch 0 完成，用时: 5.97s-------------
2025-11-07 10:08:50 - oxford_pets_promptfl_8_0.2_1 - INFO - ------------已完成 1 个epoch | 平均用时: 5.97s | 上一个epoch: 5.97s | 预计剩余时间: 11.94s (0.2分钟)-------------
2025-11-07 10:08:50 - oxford_pets_promptfl_8_0.2_1 - INFO - ------------local train start epoch: 1 -------------
2025-11-07 10:08:55 - oxford_pets_promptfl_8_0.2_1 - INFO - Epoch: 1/3	finished batch : 1/2 (skip test)
2025-11-07 10:08:55 - oxford_pets_promptfl_8_0.2_1 - INFO - ------------epoch 1 完成，用时: 5.20s-------------
2025-11-07 10:08:55 - oxford_pets_promptfl_8_0.2_1 - INFO - ------------已完成 2 个epoch | 平均用时: 5.58s | 上一个epoch: 5.20s | 预计剩余时间: 5.58s (0.1分钟)-------------
2025-11-07 10:08:55 - oxford_pets_promptfl_8_0.2_1 - INFO - ------------local train start epoch: 2 -------------
2025-11-07 10:09:00 - oxford_pets_promptfl_8_0.2_1 - INFO - ------------local test start-------------
2025-11-07 10:14:26 - oxford_pets_promptfl_8_0.2_1 - INFO - Global test local acc: 86.15349274777179
2025-11-07 10:14:26 - oxford_pets_promptfl_8_0.2_1 - INFO - Global test neighbor acc: 85.01945480376217
2025-11-07 10:14:26 - oxford_pets_promptfl_8_0.2_1 - INFO - ------------local test finish-------------
2025-11-07 10:14:26 - oxford_pets_promptfl_8_0.2_1 - INFO - Epoch: 2/3	finished batch : 1/2
2025-11-07 10:14:26 - oxford_pets_promptfl_8_0.2_1 - INFO - ------------epoch 2 完成，用时: 330.75s-------------
2025-11-07 10:14:26 - oxford_pets_promptfl_8_0.2_1 - INFO - maximum test local acc: 86.15349274777179
2025-11-07 10:14:26 - oxford_pets_promptfl_8_0.2_1 - INFO - mean of local acc: 86.15349274777179
2025-11-07 10:14:26 - oxford_pets_promptfl_8_0.2_1 - INFO - maximum test neighbor acc: 85.01945480376217
2025-11-07 10:14:26 - oxford_pets_promptfl_8_0.2_1 - INFO - mean of neighbor acc: 85.01945480376217
