2025-11-07 13:08:32 - oxford_flowers_sepfpl_8_0.4_1 - INFO - 日志文件已创建: logs/oxford_flowers_sepfpl_8_0.4_1_20251107_130832.log
2025-11-07 13:08:36 - oxford_flowers_sepfpl_8_0.4_1 - INFO - ------------local train start epoch: 0 -------------
2025-11-07 13:09:06 - oxford_flowers_sepfpl_8_0.4_1 - INFO - Epoch: 0/3	finished batch : 8/9 (skip test)
2025-11-07 13:09:06 - oxford_flowers_sepfpl_8_0.4_1 - INFO - ------------epoch 0 完成，用时: 29.92s-------------
2025-11-07 13:09:06 - oxford_flowers_sepfpl_8_0.4_1 - INFO - ------------已完成 1 个epoch | 平均用时: 29.92s | 上一个epoch: 29.92s | 预计剩余时间: 59.84s (1.0分钟)-------------
2025-11-07 13:09:06 - oxford_flowers_sepfpl_8_0.4_1 - INFO - ------------local train start epoch: 1 -------------
2025-11-07 13:09:34 - oxford_flowers_sepfpl_8_0.4_1 - INFO - Epoch: 1/3	finished batch : 8/9 (skip test)
2025-11-07 13:09:34 - oxford_flowers_sepfpl_8_0.4_1 - INFO - ------------epoch 1 完成，用时: 28.10s-------------
2025-11-07 13:09:34 - oxford_flowers_sepfpl_8_0.4_1 - INFO - ------------已完成 2 个epoch | 平均用时: 29.01s | 上一个epoch: 28.10s | 预计剩余时间: 29.01s (0.5分钟)-------------
2025-11-07 13:09:34 - oxford_flowers_sepfpl_8_0.4_1 - INFO - ------------local train start epoch: 2 -------------
2025-11-07 13:10:02 - oxford_flowers_sepfpl_8_0.4_1 - INFO - ------------local test start-------------
2025-11-07 13:14:03 - oxford_flowers_sepfpl_8_0.4_1 - INFO - Global test local acc: 1.0961140532049933
2025-11-07 13:14:03 - oxford_flowers_sepfpl_8_0.4_1 - INFO - Global test neighbor acc: 1.128958354387459
2025-11-07 13:14:03 - oxford_flowers_sepfpl_8_0.4_1 - INFO - ------------local test finish-------------
2025-11-07 13:14:03 - oxford_flowers_sepfpl_8_0.4_1 - INFO - Epoch: 2/3	finished batch : 8/9
2025-11-07 13:14:03 - oxford_flowers_sepfpl_8_0.4_1 - INFO - ------------epoch 2 完成，用时: 269.38s-------------
2025-11-07 13:14:03 - oxford_flowers_sepfpl_8_0.4_1 - INFO - maximum test local acc: 1.0961140532049933
2025-11-07 13:14:03 - oxford_flowers_sepfpl_8_0.4_1 - INFO - mean of local acc: 1.0961140532049933
2025-11-07 13:14:03 - oxford_flowers_sepfpl_8_0.4_1 - INFO - maximum test neighbor acc: 1.128958354387459
2025-11-07 13:14:03 - oxford_flowers_sepfpl_8_0.4_1 - INFO - mean of neighbor acc: 1.128958354387459
