2025-11-06 22:39:40 - oxford_pets_fedotp_8_0.0_1 - INFO - 日志文件已创建: logs/oxford_pets_fedotp_8_0.0_1_20251106_223940.log
2025-11-06 22:39:45 - oxford_pets_fedotp_8_0.0_1 - INFO - ------------local train start epoch: 0 -------------
2025-11-06 22:39:52 - oxford_pets_fedotp_8_0.0_1 - INFO - Epoch: 0/3	finished batch : 1/2 (skip test)
2025-11-06 22:39:52 - oxford_pets_fedotp_8_0.0_1 - INFO - ------------epoch 0 完成，用时: 7.18s-------------
2025-11-06 22:39:52 - oxford_pets_fedotp_8_0.0_1 - INFO - ------------已完成 1 个epoch | 平均用时: 7.18s | 上一个epoch: 7.18s | 预计剩余时间: 14.37s (0.2分钟)-------------
2025-11-06 22:39:52 - oxford_pets_fedotp_8_0.0_1 - INFO - ------------local train start epoch: 1 -------------
2025-11-06 22:39:58 - oxford_pets_fedotp_8_0.0_1 - INFO - Epoch: 1/3	finished batch : 1/2 (skip test)
2025-11-06 22:39:58 - oxford_pets_fedotp_8_0.0_1 - INFO - ------------epoch 1 完成，用时: 5.81s-------------
2025-11-06 22:39:58 - oxford_pets_fedotp_8_0.0_1 - INFO - ------------已完成 2 个epoch | 平均用时: 6.50s | 上一个epoch: 5.81s | 预计剩余时间: 6.50s (0.1分钟)-------------
2025-11-06 22:39:58 - oxford_pets_fedotp_8_0.0_1 - INFO - ------------local train start epoch: 2 -------------
2025-11-06 22:40:03 - oxford_pets_fedotp_8_0.0_1 - INFO - ------------local test start-------------
2025-11-06 22:45:24 - oxford_pets_fedotp_8_0.0_1 - INFO - Global test local acc: 27.47454301463059
2025-11-06 22:45:24 - oxford_pets_fedotp_8_0.0_1 - INFO - Global test neighbor acc: 21.573534176108016
2025-11-06 22:45:24 - oxford_pets_fedotp_8_0.0_1 - INFO - ------------local test finish-------------
2025-11-06 22:45:24 - oxford_pets_fedotp_8_0.0_1 - INFO - Epoch: 2/3	finished batch : 1/2
2025-11-06 22:45:24 - oxford_pets_fedotp_8_0.0_1 - INFO - ------------epoch 2 完成，用时: 325.68s-------------
2025-11-06 22:45:24 - oxford_pets_fedotp_8_0.0_1 - INFO - maximum test local acc: 27.47454301463059
2025-11-06 22:45:24 - oxford_pets_fedotp_8_0.0_1 - INFO - mean of local acc: 27.47454301463059
2025-11-06 22:45:24 - oxford_pets_fedotp_8_0.0_1 - INFO - maximum test neighbor acc: 21.573534176108016
2025-11-06 22:45:24 - oxford_pets_fedotp_8_0.0_1 - INFO - mean of neighbor acc: 21.573534176108016
