2025-11-07 02:46:02 - oxford_flowers_promptfl_8_0.01_1 - INFO - 日志文件已创建: logs/oxford_flowers_promptfl_8_0.01_1_20251107_024602.log
2025-11-07 02:46:06 - oxford_flowers_promptfl_8_0.01_1 - INFO - ------------local train start epoch: 0 -------------
2025-11-07 02:46:36 - oxford_flowers_promptfl_8_0.01_1 - INFO - Epoch: 0/3	finished batch : 8/9 (skip test)
2025-11-07 02:46:36 - oxford_flowers_promptfl_8_0.01_1 - INFO - ------------epoch 0 完成，用时: 30.80s-------------
2025-11-07 02:46:36 - oxford_flowers_promptfl_8_0.01_1 - INFO - ------------已完成 1 个epoch | 平均用时: 30.80s | 上一个epoch: 30.80s | 预计剩余时间: 61.60s (1.0分钟)-------------
2025-11-07 02:46:36 - oxford_flowers_promptfl_8_0.01_1 - INFO - ------------local train start epoch: 1 -------------
2025-11-07 02:47:06 - oxford_flowers_promptfl_8_0.01_1 - INFO - Epoch: 1/3	finished batch : 8/9 (skip test)
2025-11-07 02:47:06 - oxford_flowers_promptfl_8_0.01_1 - INFO - ------------epoch 1 完成，用时: 29.34s-------------
2025-11-07 02:47:06 - oxford_flowers_promptfl_8_0.01_1 - INFO - ------------已完成 2 个epoch | 平均用时: 30.07s | 上一个epoch: 29.34s | 预计剩余时间: 30.07s (0.5分钟)-------------
2025-11-07 02:47:06 - oxford_flowers_promptfl_8_0.01_1 - INFO - ------------local train start epoch: 2 -------------
2025-11-07 02:47:34 - oxford_flowers_promptfl_8_0.01_1 - INFO - ------------local test start-------------
2025-11-07 02:51:43 - oxford_flowers_promptfl_8_0.01_1 - INFO - Global test local acc: 1.4966720083352452
2025-11-07 02:51:43 - oxford_flowers_promptfl_8_0.01_1 - INFO - Global test neighbor acc: 1.306341332086414
2025-11-07 02:51:43 - oxford_flowers_promptfl_8_0.01_1 - INFO - ------------local test finish-------------
2025-11-07 02:51:43 - oxford_flowers_promptfl_8_0.01_1 - INFO - Epoch: 2/3	finished batch : 8/9
2025-11-07 02:51:43 - oxford_flowers_promptfl_8_0.01_1 - INFO - ------------epoch 2 完成，用时: 276.94s-------------
2025-11-07 02:51:43 - oxford_flowers_promptfl_8_0.01_1 - INFO - maximum test local acc: 1.4966720083352452
2025-11-07 02:51:43 - oxford_flowers_promptfl_8_0.01_1 - INFO - mean of local acc: 1.4966720083352452
2025-11-07 02:51:43 - oxford_flowers_promptfl_8_0.01_1 - INFO - maximum test neighbor acc: 1.306341332086414
2025-11-07 02:51:43 - oxford_flowers_promptfl_8_0.01_1 - INFO - mean of neighbor acc: 1.306341332086414
