2025-11-07 14:25:09 - oxford_flowers_dpfpl_8_0.2_1 - INFO - 日志文件已创建: logs/oxford_flowers_dpfpl_8_0.2_1_20251107_142509.log
2025-11-07 14:25:13 - oxford_flowers_dpfpl_8_0.2_1 - INFO - ------------local train start epoch: 0 -------------
2025-11-07 14:25:44 - oxford_flowers_dpfpl_8_0.2_1 - INFO - Epoch: 0/3	finished batch : 8/9 (skip test)
2025-11-07 14:25:44 - oxford_flowers_dpfpl_8_0.2_1 - INFO - ------------epoch 0 完成，用时: 31.41s-------------
2025-11-07 14:25:44 - oxford_flowers_dpfpl_8_0.2_1 - INFO - ------------已完成 1 个epoch | 平均用时: 31.41s | 上一个epoch: 31.41s | 预计剩余时间: 62.81s (1.0分钟)-------------
2025-11-07 14:25:44 - oxford_flowers_dpfpl_8_0.2_1 - INFO - ------------local train start epoch: 1 -------------
2025-11-07 14:26:15 - oxford_flowers_dpfpl_8_0.2_1 - INFO - Epoch: 1/3	finished batch : 8/9 (skip test)
2025-11-07 14:26:15 - oxford_flowers_dpfpl_8_0.2_1 - INFO - ------------epoch 1 完成，用时: 31.03s-------------
2025-11-07 14:26:15 - oxford_flowers_dpfpl_8_0.2_1 - INFO - ------------已完成 2 个epoch | 平均用时: 31.22s | 上一个epoch: 31.03s | 预计剩余时间: 31.22s (0.5分钟)-------------
2025-11-07 14:26:15 - oxford_flowers_dpfpl_8_0.2_1 - INFO - ------------local train start epoch: 2 -------------
2025-11-07 14:26:46 - oxford_flowers_dpfpl_8_0.2_1 - INFO - ------------local test start-------------
2025-11-07 14:31:03 - oxford_flowers_dpfpl_8_0.2_1 - INFO - Global test local acc: 1.6300940438871474
2025-11-07 14:31:03 - oxford_flowers_dpfpl_8_0.2_1 - INFO - Global test neighbor acc: 2.063960999219776
2025-11-07 14:31:03 - oxford_flowers_dpfpl_8_0.2_1 - INFO - ------------local test finish-------------
2025-11-07 14:31:03 - oxford_flowers_dpfpl_8_0.2_1 - INFO - Epoch: 2/3	finished batch : 8/9
2025-11-07 14:31:03 - oxford_flowers_dpfpl_8_0.2_1 - INFO - ------------epoch 2 完成，用时: 287.67s-------------
2025-11-07 14:31:03 - oxford_flowers_dpfpl_8_0.2_1 - INFO - maximum test local acc: 1.6300940438871474
2025-11-07 14:31:03 - oxford_flowers_dpfpl_8_0.2_1 - INFO - mean of local acc: 1.6300940438871474
2025-11-07 14:31:03 - oxford_flowers_dpfpl_8_0.2_1 - INFO - maximum test neighbor acc: 2.063960999219776
2025-11-07 14:31:03 - oxford_flowers_dpfpl_8_0.2_1 - INFO - mean of neighbor acc: 2.063960999219776
