2025-11-12 09:12:40 - oxford_pets_promptfl_8_0.01_1 - INFO - 日志文件已创建: logs/oxford_pets_promptfl_8_0.01_1_20251112_091240.log
2025-11-12 09:12:40 - oxford_pets_promptfl_8_0.01_1 - INFO - Loading trainer: DP_FPL
2025-11-12 09:12:40 - oxford_pets_promptfl_8_0.01_1 - INFO - Loading dataset: OxfordPets
2025-11-12 09:12:40 - oxford_pets_promptfl_8_0.01_1 - INFO - Reading split from /home/liuxin25/dataset/oxford_pets/split_zhou_OxfordPets.json
2025-11-12 09:12:40 - oxford_pets_promptfl_8_0.01_1 - INFO - Creating a baseline federated dataset
2025-11-12 09:12:40 - oxford_pets_promptfl_8_0.01_1 - INFO - class_num 37
2025-11-12 09:12:40 - oxford_pets_promptfl_8_0.01_1 - INFO - user class dict total [18, 14, 23, 10]
2025-11-12 09:12:40 - oxford_pets_promptfl_8_0.01_1 - INFO - idx: 0, output_dict_len: 320
2025-11-12 09:12:40 - oxford_pets_promptfl_8_0.01_1 - INFO - user class dict total [8, 4, 13, 19]
2025-11-12 09:12:40 - oxford_pets_promptfl_8_0.01_1 - INFO - idx: 1, output_dict_len: 320
2025-11-12 09:12:40 - oxford_pets_promptfl_8_0.01_1 - INFO - user class dict total [12, 29, 34, 15]
2025-11-12 09:12:40 - oxford_pets_promptfl_8_0.01_1 - INFO - idx: 2, output_dict_len: 317
2025-11-12 09:12:40 - oxford_pets_promptfl_8_0.01_1 - INFO - user class dict total [2, 32, 1, 11]
2025-11-12 09:12:40 - oxford_pets_promptfl_8_0.01_1 - INFO - idx: 3, output_dict_len: 313
2025-11-12 09:12:40 - oxford_pets_promptfl_8_0.01_1 - INFO - user class dict total [31, 0, 35, 7]
2025-11-12 09:12:40 - oxford_pets_promptfl_8_0.01_1 - INFO - idx: 4, output_dict_len: 317
2025-11-12 09:12:40 - oxford_pets_promptfl_8_0.01_1 - INFO - user class dict total [5, 27, 16, 30]
2025-11-12 09:12:40 - oxford_pets_promptfl_8_0.01_1 - INFO - idx: 5, output_dict_len: 320
2025-11-12 09:12:40 - oxford_pets_promptfl_8_0.01_1 - INFO - user class dict total [17, 22, 26, 9]
2025-11-12 09:12:40 - oxford_pets_promptfl_8_0.01_1 - INFO - idx: 6, output_dict_len: 317
2025-11-12 09:12:40 - oxford_pets_promptfl_8_0.01_1 - INFO - user class dict total [33, 3, 25, 6]
2025-11-12 09:12:40 - oxford_pets_promptfl_8_0.01_1 - INFO - idx: 7, output_dict_len: 320
2025-11-12 09:12:40 - oxford_pets_promptfl_8_0.01_1 - INFO - user class dict total [21, 20, 36, 28]
2025-11-12 09:12:40 - oxford_pets_promptfl_8_0.01_1 - INFO - idx: 8, output_dict_len: 320
2025-11-12 09:12:40 - oxford_pets_promptfl_8_0.01_1 - INFO - user class dict total [24]
2025-11-12 09:12:40 - oxford_pets_promptfl_8_0.01_1 - INFO - idx: 9, output_dict_len: 80
2025-11-12 09:12:40 - oxford_pets_promptfl_8_0.01_1 - INFO - Creating a baseline federated dataset
2025-11-12 09:12:40 - oxford_pets_promptfl_8_0.01_1 - INFO - class_num 37
2025-11-12 09:12:40 - oxford_pets_promptfl_8_0.01_1 - INFO - user class dict total [18, 14, 23, 10]
2025-11-12 09:12:40 - oxford_pets_promptfl_8_0.01_1 - INFO - idx: 0, output_dict_len: 399
2025-11-12 09:12:40 - oxford_pets_promptfl_8_0.01_1 - INFO - user class dict total [8, 4, 13, 19]
2025-11-12 09:12:40 - oxford_pets_promptfl_8_0.01_1 - INFO - idx: 1, output_dict_len: 399
2025-11-12 09:12:40 - oxford_pets_promptfl_8_0.01_1 - INFO - user class dict total [12, 29, 34, 15]
2025-11-12 09:12:40 - oxford_pets_promptfl_8_0.01_1 - INFO - idx: 2, output_dict_len: 389
2025-11-12 09:12:40 - oxford_pets_promptfl_8_0.01_1 - INFO - user class dict total [2, 32, 1, 11]
2025-11-12 09:12:40 - oxford_pets_promptfl_8_0.01_1 - INFO - idx: 3, output_dict_len: 397
2025-11-12 09:12:40 - oxford_pets_promptfl_8_0.01_1 - INFO - user class dict total [31, 0, 35, 7]
2025-11-12 09:12:40 - oxford_pets_promptfl_8_0.01_1 - INFO - idx: 4, output_dict_len: 386
2025-11-12 09:12:40 - oxford_pets_promptfl_8_0.01_1 - INFO - user class dict total [5, 27, 16, 30]
2025-11-12 09:12:40 - oxford_pets_promptfl_8_0.01_1 - INFO - idx: 5, output_dict_len: 399
2025-11-12 09:12:40 - oxford_pets_promptfl_8_0.01_1 - INFO - user class dict total [17, 22, 26, 9]
2025-11-12 09:12:40 - oxford_pets_promptfl_8_0.01_1 - INFO - idx: 6, output_dict_len: 400
2025-11-12 09:12:40 - oxford_pets_promptfl_8_0.01_1 - INFO - user class dict total [33, 3, 25, 6]
2025-11-12 09:12:40 - oxford_pets_promptfl_8_0.01_1 - INFO - idx: 7, output_dict_len: 400
2025-11-12 09:12:40 - oxford_pets_promptfl_8_0.01_1 - INFO - user class dict total [21, 20, 36, 28]
2025-11-12 09:12:40 - oxford_pets_promptfl_8_0.01_1 - INFO - idx: 8, output_dict_len: 400
2025-11-12 09:12:40 - oxford_pets_promptfl_8_0.01_1 - INFO - user class dict total [24]
2025-11-12 09:12:40 - oxford_pets_promptfl_8_0.01_1 - INFO - idx: 9, output_dict_len: 100
2025-11-12 09:12:40 - oxford_pets_promptfl_8_0.01_1 - INFO - Loading CLIP (backbone: ViT-B/16)
2025-11-12 09:12:43 - oxford_pets_promptfl_8_0.01_1 - INFO - Building custom CLIP
2025-11-12 09:12:43 - oxford_pets_promptfl_8_0.01_1 - INFO - Turning off gradients in both the image and the text encoder
2025-11-12 09:12:49 - oxford_pets_promptfl_8_0.01_1 - INFO - [Epoch 1/30] 训练耗时: 5.87s | 平均训练准确率: 54.06
2025-11-12 09:12:54 - oxford_pets_promptfl_8_0.01_1 - INFO - [Epoch 2/30] 训练耗时: 5.01s | 平均训练准确率: 68.91
2025-11-12 09:12:59 - oxford_pets_promptfl_8_0.01_1 - INFO - [Epoch 3/30] 训练耗时: 4.72s | 平均训练准确率: 71.41
2025-11-12 09:13:04 - oxford_pets_promptfl_8_0.01_1 - INFO - [Epoch 4/30] 训练耗时: 4.81s | 平均训练准确率: 73.59
2025-11-12 09:13:09 - oxford_pets_promptfl_8_0.01_1 - INFO - [Epoch 5/30] 训练耗时: 4.91s | 平均训练准确率: 70.31
2025-11-12 09:13:14 - oxford_pets_promptfl_8_0.01_1 - INFO - [Epoch 6/30] 训练耗时: 5.12s | 平均训练准确率: 72.03
2025-11-12 09:13:19 - oxford_pets_promptfl_8_0.01_1 - INFO - [Epoch 7/30] 训练耗时: 5.27s | 平均训练准确率: 72.03
2025-11-12 09:13:24 - oxford_pets_promptfl_8_0.01_1 - INFO - [Epoch 8/30] 训练耗时: 4.78s | 平均训练准确率: 75.47
2025-11-12 09:13:29 - oxford_pets_promptfl_8_0.01_1 - INFO - [Epoch 9/30] 训练耗时: 4.87s | 平均训练准确率: 75.31
2025-11-12 09:13:34 - oxford_pets_promptfl_8_0.01_1 - INFO - [Epoch 10/30] 训练耗时: 4.89s | 平均训练准确率: 66.56
2025-11-12 09:13:38 - oxford_pets_promptfl_8_0.01_1 - INFO - [Epoch 11/30] 训练耗时: 4.78s | 平均训练准确率: 76.88
2025-11-12 09:13:43 - oxford_pets_promptfl_8_0.01_1 - INFO - [Epoch 12/30] 训练耗时: 4.89s | 平均训练准确率: 74.22
2025-11-12 09:13:48 - oxford_pets_promptfl_8_0.01_1 - INFO - [Epoch 13/30] 训练耗时: 4.94s | 平均训练准确率: 74.69
2025-11-12 09:13:53 - oxford_pets_promptfl_8_0.01_1 - INFO - [Epoch 14/30] 训练耗时: 4.81s | 平均训练准确率: 74.53
2025-11-12 09:13:58 - oxford_pets_promptfl_8_0.01_1 - INFO - [Epoch 15/30] 训练耗时: 4.81s | 平均训练准确率: 72.81
2025-11-12 09:14:03 - oxford_pets_promptfl_8_0.01_1 - INFO - [Epoch 16/30] 训练耗时: 4.82s | 平均训练准确率: 75.78
2025-11-12 09:14:07 - oxford_pets_promptfl_8_0.01_1 - INFO - [Epoch 17/30] 训练耗时: 4.76s | 平均训练准确率: 73.59
2025-11-12 09:14:12 - oxford_pets_promptfl_8_0.01_1 - INFO - [Epoch 18/30] 训练耗时: 4.68s | 平均训练准确率: 74.53
2025-11-12 09:14:17 - oxford_pets_promptfl_8_0.01_1 - INFO - [Epoch 19/30] 训练耗时: 4.79s | 平均训练准确率: 76.72
2025-11-12 09:14:22 - oxford_pets_promptfl_8_0.01_1 - INFO - [Epoch 20/30] 训练耗时: 4.79s | 平均训练准确率: 78.91
2025-11-12 09:14:27 - oxford_pets_promptfl_8_0.01_1 - INFO - [Epoch 21/30] 训练耗时: 5.00s | 平均训练准确率: 70.94
2025-11-12 09:14:32 - oxford_pets_promptfl_8_0.01_1 - INFO - [Epoch 22/30] 训练耗时: 4.86s | 平均训练准确率: 79.38
2025-11-12 09:14:36 - oxford_pets_promptfl_8_0.01_1 - INFO - [Epoch 23/30] 训练耗时: 4.82s | 平均训练准确率: 83.44
2025-11-12 09:14:41 - oxford_pets_promptfl_8_0.01_1 - INFO - [Epoch 24/30] 训练耗时: 4.86s | 平均训练准确率: 81.09
2025-11-12 09:14:46 - oxford_pets_promptfl_8_0.01_1 - INFO - [Epoch 25/30] 训练耗时: 4.85s | 平均训练准确率: 79.22
2025-11-12 09:14:51 - oxford_pets_promptfl_8_0.01_1 - INFO - [Epoch 26/30] 训练耗时: 4.85s | 平均训练准确率: 79.84
2025-11-12 09:14:56 - oxford_pets_promptfl_8_0.01_1 - INFO - [Epoch 27/30] 训练耗时: 4.85s | 平均训练准确率: 78.91
2025-11-12 09:15:01 - oxford_pets_promptfl_8_0.01_1 - INFO - [Epoch 28/30] 训练耗时: 4.90s | 平均训练准确率: 80.47
2025-11-12 09:15:01 - oxford_pets_promptfl_8_0.01_1 - INFO - ------------local test start-------------
2025-11-12 09:15:01 - oxford_pets_promptfl_8_0.01_1 - INFO - Evaluate on the client0 local set
2025-11-12 09:15:04 - oxford_pets_promptfl_8_0.01_1 - INFO - => result | total: 399 | correct: 245 | accuracy: 61.4% | error: 38.6% | macro_f1: 66.5%
2025-11-12 09:15:04 - oxford_pets_promptfl_8_0.01_1 - INFO - Evaluate on the client0 neighbor set
2025-11-12 09:15:29 - oxford_pets_promptfl_8_0.01_1 - INFO - => result | total: 3,270 | correct: 2,590 | accuracy: 79.2% | error: 20.8% | macro_f1: 74.7%
2025-11-12 09:15:29 - oxford_pets_promptfl_8_0.01_1 - INFO - Evaluate on the client1 local set
2025-11-12 09:15:32 - oxford_pets_promptfl_8_0.01_1 - INFO - => result | total: 399 | correct: 286 | accuracy: 71.7% | error: 28.3% | macro_f1: 74.5%
2025-11-12 09:15:32 - oxford_pets_promptfl_8_0.01_1 - INFO - Evaluate on the client1 neighbor set
2025-11-12 09:15:56 - oxford_pets_promptfl_8_0.01_1 - INFO - => result | total: 3,270 | correct: 2,531 | accuracy: 77.4% | error: 22.6% | macro_f1: 73.6%
2025-11-12 09:15:56 - oxford_pets_promptfl_8_0.01_1 - INFO - Evaluate on the client2 local set
2025-11-12 09:15:59 - oxford_pets_promptfl_8_0.01_1 - INFO - => result | total: 389 | correct: 363 | accuracy: 93.3% | error: 6.7% | macro_f1: 96.2%
2025-11-12 09:15:59 - oxford_pets_promptfl_8_0.01_1 - INFO - Evaluate on the client2 neighbor set
2025-11-12 09:16:23 - oxford_pets_promptfl_8_0.01_1 - INFO - => result | total: 3,280 | correct: 2,443 | accuracy: 74.5% | error: 25.5% | macro_f1: 69.7%
2025-11-12 09:16:23 - oxford_pets_promptfl_8_0.01_1 - INFO - Evaluate on the client3 local set
2025-11-12 09:16:26 - oxford_pets_promptfl_8_0.01_1 - INFO - => result | total: 397 | correct: 327 | accuracy: 82.4% | error: 17.6% | macro_f1: 88.7%
2025-11-12 09:16:26 - oxford_pets_promptfl_8_0.01_1 - INFO - Evaluate on the client3 neighbor set
2025-11-12 09:16:52 - oxford_pets_promptfl_8_0.01_1 - INFO - => result | total: 3,272 | correct: 2,471 | accuracy: 75.5% | error: 24.5% | macro_f1: 71.9%
2025-11-12 09:16:52 - oxford_pets_promptfl_8_0.01_1 - INFO - Evaluate on the client4 local set
2025-11-12 09:16:55 - oxford_pets_promptfl_8_0.01_1 - INFO - => result | total: 386 | correct: 276 | accuracy: 71.5% | error: 28.5% | macro_f1: 66.3%
2025-11-12 09:16:55 - oxford_pets_promptfl_8_0.01_1 - INFO - Evaluate on the client4 neighbor set
2025-11-12 09:17:19 - oxford_pets_promptfl_8_0.01_1 - INFO - => result | total: 3,283 | correct: 2,519 | accuracy: 76.7% | error: 23.3% | macro_f1: 72.2%
2025-11-12 09:17:19 - oxford_pets_promptfl_8_0.01_1 - INFO - Evaluate on the client5 local set
2025-11-12 09:17:22 - oxford_pets_promptfl_8_0.01_1 - INFO - => result | total: 399 | correct: 234 | accuracy: 58.6% | error: 41.4% | macro_f1: 63.5%
2025-11-12 09:17:22 - oxford_pets_promptfl_8_0.01_1 - INFO - Evaluate on the client5 neighbor set
2025-11-12 09:17:47 - oxford_pets_promptfl_8_0.01_1 - INFO - => result | total: 3,270 | correct: 2,559 | accuracy: 78.3% | error: 21.7% | macro_f1: 73.3%
2025-11-12 09:17:47 - oxford_pets_promptfl_8_0.01_1 - INFO - Evaluate on the client6 local set
2025-11-12 09:17:50 - oxford_pets_promptfl_8_0.01_1 - INFO - => result | total: 400 | correct: 276 | accuracy: 69.0% | error: 31.0% | macro_f1: 71.5%
2025-11-12 09:17:50 - oxford_pets_promptfl_8_0.01_1 - INFO - Evaluate on the client6 neighbor set
2025-11-12 09:18:14 - oxford_pets_promptfl_8_0.01_1 - INFO - => result | total: 3,269 | correct: 2,512 | accuracy: 76.8% | error: 23.2% | macro_f1: 73.6%
2025-11-12 09:18:14 - oxford_pets_promptfl_8_0.01_1 - INFO - Evaluate on the client7 local set
2025-11-12 09:18:17 - oxford_pets_promptfl_8_0.01_1 - INFO - => result | total: 400 | correct: 295 | accuracy: 73.8% | error: 26.2% | macro_f1: 74.4%
2025-11-12 09:18:17 - oxford_pets_promptfl_8_0.01_1 - INFO - Evaluate on the client7 neighbor set
2025-11-12 09:18:42 - oxford_pets_promptfl_8_0.01_1 - INFO - => result | total: 3,269 | correct: 2,488 | accuracy: 76.1% | error: 23.9% | macro_f1: 70.9%
2025-11-12 09:18:42 - oxford_pets_promptfl_8_0.01_1 - INFO - Evaluate on the client8 local set
2025-11-12 09:18:45 - oxford_pets_promptfl_8_0.01_1 - INFO - => result | total: 400 | correct: 380 | accuracy: 95.0% | error: 5.0% | macro_f1: 97.4%
2025-11-12 09:18:45 - oxford_pets_promptfl_8_0.01_1 - INFO - Evaluate on the client8 neighbor set
2025-11-12 09:19:09 - oxford_pets_promptfl_8_0.01_1 - INFO - => result | total: 3,269 | correct: 2,403 | accuracy: 73.5% | error: 26.5% | macro_f1: 68.0%
2025-11-12 09:19:09 - oxford_pets_promptfl_8_0.01_1 - INFO - Evaluate on the client9 local set
2025-11-12 09:19:10 - oxford_pets_promptfl_8_0.01_1 - INFO - => result | total: 100 | correct: 99 | accuracy: 99.0% | error: 1.0% | macro_f1: 99.5%
2025-11-12 09:19:10 - oxford_pets_promptfl_8_0.01_1 - INFO - Evaluate on the client9 neighbor set
2025-11-12 09:19:37 - oxford_pets_promptfl_8_0.01_1 - INFO - => result | total: 3,569 | correct: 2,683 | accuracy: 75.2% | error: 24.8% | macro_f1: 69.5%
2025-11-12 09:19:37 - oxford_pets_promptfl_8_0.01_1 - INFO - Global test local acc: 77.57
2025-11-12 09:19:37 - oxford_pets_promptfl_8_0.01_1 - INFO - Global test neighbor acc: 76.32
2025-11-12 09:19:37 - oxford_pets_promptfl_8_0.01_1 - INFO - ------------local test finish-------------
2025-11-12 09:19:37 - oxford_pets_promptfl_8_0.01_1 - INFO - [Epoch 28/30] 测试耗时: 276.13s
2025-11-12 09:19:42 - oxford_pets_promptfl_8_0.01_1 - INFO - [Epoch 29/30] 训练耗时: 4.78s | 平均训练准确率: 77.03
2025-11-12 09:19:42 - oxford_pets_promptfl_8_0.01_1 - INFO - ------------local test start-------------
2025-11-12 09:19:42 - oxford_pets_promptfl_8_0.01_1 - INFO - Evaluate on the client0 local set
2025-11-12 09:19:45 - oxford_pets_promptfl_8_0.01_1 - INFO - => result | total: 399 | correct: 253 | accuracy: 63.4% | error: 36.6% | macro_f1: 68.0%
2025-11-12 09:19:45 - oxford_pets_promptfl_8_0.01_1 - INFO - Evaluate on the client0 neighbor set
2025-11-12 09:20:09 - oxford_pets_promptfl_8_0.01_1 - INFO - => result | total: 3,270 | correct: 2,533 | accuracy: 77.5% | error: 22.5% | macro_f1: 72.9%
2025-11-12 09:20:09 - oxford_pets_promptfl_8_0.01_1 - INFO - Evaluate on the client1 local set
2025-11-12 09:20:12 - oxford_pets_promptfl_8_0.01_1 - INFO - => result | total: 399 | correct: 291 | accuracy: 72.9% | error: 27.1% | macro_f1: 77.2%
2025-11-12 09:20:12 - oxford_pets_promptfl_8_0.01_1 - INFO - Evaluate on the client1 neighbor set
2025-11-12 09:20:37 - oxford_pets_promptfl_8_0.01_1 - INFO - => result | total: 3,270 | correct: 2,515 | accuracy: 76.9% | error: 23.1% | macro_f1: 73.1%
2025-11-12 09:20:37 - oxford_pets_promptfl_8_0.01_1 - INFO - Evaluate on the client2 local set
2025-11-12 09:20:40 - oxford_pets_promptfl_8_0.01_1 - INFO - => result | total: 389 | correct: 361 | accuracy: 92.8% | error: 7.2% | macro_f1: 95.8%
2025-11-12 09:20:40 - oxford_pets_promptfl_8_0.01_1 - INFO - Evaluate on the client2 neighbor set
2025-11-12 09:21:04 - oxford_pets_promptfl_8_0.01_1 - INFO - => result | total: 3,280 | correct: 2,460 | accuracy: 75.0% | error: 25.0% | macro_f1: 70.8%
2025-11-12 09:21:04 - oxford_pets_promptfl_8_0.01_1 - INFO - Evaluate on the client3 local set
2025-11-12 09:21:07 - oxford_pets_promptfl_8_0.01_1 - INFO - => result | total: 397 | correct: 338 | accuracy: 85.1% | error: 14.9% | macro_f1: 90.3%
2025-11-12 09:21:07 - oxford_pets_promptfl_8_0.01_1 - INFO - Evaluate on the client3 neighbor set
2025-11-12 09:21:32 - oxford_pets_promptfl_8_0.01_1 - INFO - => result | total: 3,272 | correct: 2,507 | accuracy: 76.6% | error: 23.4% | macro_f1: 73.7%
2025-11-12 09:21:32 - oxford_pets_promptfl_8_0.01_1 - INFO - Evaluate on the client4 local set
2025-11-12 09:21:34 - oxford_pets_promptfl_8_0.01_1 - INFO - => result | total: 386 | correct: 279 | accuracy: 72.3% | error: 27.7% | macro_f1: 67.5%
2025-11-12 09:21:34 - oxford_pets_promptfl_8_0.01_1 - INFO - Evaluate on the client4 neighbor set
2025-11-12 09:22:01 - oxford_pets_promptfl_8_0.01_1 - INFO - => result | total: 3,283 | correct: 2,586 | accuracy: 78.8% | error: 21.2% | macro_f1: 75.2%
2025-11-12 09:22:01 - oxford_pets_promptfl_8_0.01_1 - INFO - Evaluate on the client5 local set
2025-11-12 09:22:04 - oxford_pets_promptfl_8_0.01_1 - INFO - => result | total: 399 | correct: 280 | accuracy: 70.2% | error: 29.8% | macro_f1: 75.1%
2025-11-12 09:22:04 - oxford_pets_promptfl_8_0.01_1 - INFO - Evaluate on the client5 neighbor set
2025-11-12 09:22:29 - oxford_pets_promptfl_8_0.01_1 - INFO - => result | total: 3,270 | correct: 2,599 | accuracy: 79.5% | error: 20.5% | macro_f1: 75.7%
2025-11-12 09:22:29 - oxford_pets_promptfl_8_0.01_1 - INFO - Evaluate on the client6 local set
2025-11-12 09:22:32 - oxford_pets_promptfl_8_0.01_1 - INFO - => result | total: 400 | correct: 289 | accuracy: 72.2% | error: 27.8% | macro_f1: 75.0%
2025-11-12 09:22:32 - oxford_pets_promptfl_8_0.01_1 - INFO - Evaluate on the client6 neighbor set
2025-11-12 09:22:56 - oxford_pets_promptfl_8_0.01_1 - INFO - => result | total: 3,269 | correct: 2,603 | accuracy: 79.6% | error: 20.4% | macro_f1: 77.7%
2025-11-12 09:22:56 - oxford_pets_promptfl_8_0.01_1 - INFO - Evaluate on the client7 local set
2025-11-12 09:22:59 - oxford_pets_promptfl_8_0.01_1 - INFO - => result | total: 400 | correct: 295 | accuracy: 73.8% | error: 26.2% | macro_f1: 74.4%
2025-11-12 09:22:59 - oxford_pets_promptfl_8_0.01_1 - INFO - Evaluate on the client7 neighbor set
2025-11-12 09:23:24 - oxford_pets_promptfl_8_0.01_1 - INFO - => result | total: 3,269 | correct: 2,600 | accuracy: 79.5% | error: 20.5% | macro_f1: 75.6%
2025-11-12 09:23:24 - oxford_pets_promptfl_8_0.01_1 - INFO - Evaluate on the client8 local set
2025-11-12 09:23:27 - oxford_pets_promptfl_8_0.01_1 - INFO - => result | total: 400 | correct: 363 | accuracy: 90.8% | error: 9.2% | macro_f1: 95.0%
2025-11-12 09:23:27 - oxford_pets_promptfl_8_0.01_1 - INFO - Evaluate on the client8 neighbor set
2025-11-12 09:23:51 - oxford_pets_promptfl_8_0.01_1 - INFO - => result | total: 3,269 | correct: 2,540 | accuracy: 77.7% | error: 22.3% | macro_f1: 73.4%
2025-11-12 09:23:51 - oxford_pets_promptfl_8_0.01_1 - INFO - Evaluate on the client9 local set
2025-11-12 09:23:52 - oxford_pets_promptfl_8_0.01_1 - INFO - => result | total: 100 | correct: 99 | accuracy: 99.0% | error: 1.0% | macro_f1: 99.5%
2025-11-12 09:23:52 - oxford_pets_promptfl_8_0.01_1 - INFO - Evaluate on the client9 neighbor set
2025-11-12 09:24:19 - oxford_pets_promptfl_8_0.01_1 - INFO - => result | total: 3,569 | correct: 2,810 | accuracy: 78.7% | error: 21.3% | macro_f1: 74.7%
2025-11-12 09:24:19 - oxford_pets_promptfl_8_0.01_1 - INFO - Global test local acc: 79.25
2025-11-12 09:24:19 - oxford_pets_promptfl_8_0.01_1 - INFO - Global test neighbor acc: 77.98
2025-11-12 09:24:19 - oxford_pets_promptfl_8_0.01_1 - INFO - ------------local test finish-------------
2025-11-12 09:24:19 - oxford_pets_promptfl_8_0.01_1 - INFO - [Epoch 29/30] 测试耗时: 277.15s
2025-11-12 09:24:23 - oxford_pets_promptfl_8_0.01_1 - INFO - [Epoch 30/30] 训练耗时: 4.64s | 平均训练准确率: 79.38
2025-11-12 09:24:23 - oxford_pets_promptfl_8_0.01_1 - INFO - ------------local test start-------------
2025-11-12 09:24:23 - oxford_pets_promptfl_8_0.01_1 - INFO - Evaluate on the client0 local set
2025-11-12 09:24:26 - oxford_pets_promptfl_8_0.01_1 - INFO - => result | total: 399 | correct: 269 | accuracy: 67.4% | error: 32.6% | macro_f1: 70.8%
2025-11-12 09:24:26 - oxford_pets_promptfl_8_0.01_1 - INFO - Evaluate on the client0 neighbor set
2025-11-12 09:24:51 - oxford_pets_promptfl_8_0.01_1 - INFO - => result | total: 3,270 | correct: 2,492 | accuracy: 76.2% | error: 23.8% | macro_f1: 71.2%
2025-11-12 09:24:51 - oxford_pets_promptfl_8_0.01_1 - INFO - Evaluate on the client1 local set
2025-11-12 09:24:54 - oxford_pets_promptfl_8_0.01_1 - INFO - => result | total: 399 | correct: 290 | accuracy: 72.7% | error: 27.3% | macro_f1: 76.5%
2025-11-12 09:24:54 - oxford_pets_promptfl_8_0.01_1 - INFO - Evaluate on the client1 neighbor set
2025-11-12 09:25:19 - oxford_pets_promptfl_8_0.01_1 - INFO - => result | total: 3,270 | correct: 2,488 | accuracy: 76.1% | error: 23.9% | macro_f1: 71.6%
2025-11-12 09:25:19 - oxford_pets_promptfl_8_0.01_1 - INFO - Evaluate on the client2 local set
2025-11-12 09:25:22 - oxford_pets_promptfl_8_0.01_1 - INFO - => result | total: 389 | correct: 354 | accuracy: 91.0% | error: 9.0% | macro_f1: 94.7%
2025-11-12 09:25:22 - oxford_pets_promptfl_8_0.01_1 - INFO - Evaluate on the client2 neighbor set
2025-11-12 09:25:47 - oxford_pets_promptfl_8_0.01_1 - INFO - => result | total: 3,280 | correct: 2,434 | accuracy: 74.2% | error: 25.8% | macro_f1: 69.1%
2025-11-12 09:25:47 - oxford_pets_promptfl_8_0.01_1 - INFO - Evaluate on the client3 local set
2025-11-12 09:25:50 - oxford_pets_promptfl_8_0.01_1 - INFO - => result | total: 397 | correct: 351 | accuracy: 88.4% | error: 11.6% | macro_f1: 92.3%
2025-11-12 09:25:50 - oxford_pets_promptfl_8_0.01_1 - INFO - Evaluate on the client3 neighbor set
2025-11-12 09:26:14 - oxford_pets_promptfl_8_0.01_1 - INFO - => result | total: 3,272 | correct: 2,444 | accuracy: 74.7% | error: 25.3% | macro_f1: 71.4%
2025-11-12 09:26:14 - oxford_pets_promptfl_8_0.01_1 - INFO - Evaluate on the client4 local set
2025-11-12 09:26:17 - oxford_pets_promptfl_8_0.01_1 - INFO - => result | total: 386 | correct: 279 | accuracy: 72.3% | error: 27.7% | macro_f1: 67.8%
2025-11-12 09:26:17 - oxford_pets_promptfl_8_0.01_1 - INFO - Evaluate on the client4 neighbor set
2025-11-12 09:26:42 - oxford_pets_promptfl_8_0.01_1 - INFO - => result | total: 3,283 | correct: 2,520 | accuracy: 76.8% | error: 23.2% | macro_f1: 72.2%
2025-11-12 09:26:42 - oxford_pets_promptfl_8_0.01_1 - INFO - Evaluate on the client5 local set
2025-11-12 09:26:45 - oxford_pets_promptfl_8_0.01_1 - INFO - => result | total: 399 | correct: 223 | accuracy: 55.9% | error: 44.1% | macro_f1: 59.7%
2025-11-12 09:26:45 - oxford_pets_promptfl_8_0.01_1 - INFO - Evaluate on the client5 neighbor set
2025-11-12 09:27:10 - oxford_pets_promptfl_8_0.01_1 - INFO - => result | total: 3,270 | correct: 2,574 | accuracy: 78.7% | error: 21.3% | macro_f1: 74.1%
2025-11-12 09:27:10 - oxford_pets_promptfl_8_0.01_1 - INFO - Evaluate on the client6 local set
2025-11-12 09:27:13 - oxford_pets_promptfl_8_0.01_1 - INFO - => result | total: 400 | correct: 260 | accuracy: 65.0% | error: 35.0% | macro_f1: 69.0%
2025-11-12 09:27:13 - oxford_pets_promptfl_8_0.01_1 - INFO - Evaluate on the client6 neighbor set
2025-11-12 09:27:37 - oxford_pets_promptfl_8_0.01_1 - INFO - => result | total: 3,269 | correct: 2,536 | accuracy: 77.6% | error: 22.4% | macro_f1: 74.0%
2025-11-12 09:27:37 - oxford_pets_promptfl_8_0.01_1 - INFO - Evaluate on the client7 local set
2025-11-12 09:27:40 - oxford_pets_promptfl_8_0.01_1 - INFO - => result | total: 400 | correct: 296 | accuracy: 74.0% | error: 26.0% | macro_f1: 74.5%
2025-11-12 09:27:40 - oxford_pets_promptfl_8_0.01_1 - INFO - Evaluate on the client7 neighbor set
2025-11-12 09:28:05 - oxford_pets_promptfl_8_0.01_1 - INFO - => result | total: 3,269 | correct: 2,500 | accuracy: 76.5% | error: 23.5% | macro_f1: 71.3%
2025-11-12 09:28:05 - oxford_pets_promptfl_8_0.01_1 - INFO - Evaluate on the client8 local set
2025-11-12 09:28:08 - oxford_pets_promptfl_8_0.01_1 - INFO - => result | total: 400 | correct: 361 | accuracy: 90.2% | error: 9.8% | macro_f1: 94.6%
2025-11-12 09:28:08 - oxford_pets_promptfl_8_0.01_1 - INFO - Evaluate on the client8 neighbor set
2025-11-12 09:28:33 - oxford_pets_promptfl_8_0.01_1 - INFO - => result | total: 3,269 | correct: 2,436 | accuracy: 74.5% | error: 25.5% | macro_f1: 69.1%
2025-11-12 09:28:33 - oxford_pets_promptfl_8_0.01_1 - INFO - Evaluate on the client9 local set
2025-11-12 09:28:33 - oxford_pets_promptfl_8_0.01_1 - INFO - => result | total: 100 | correct: 100 | accuracy: 100.0% | error: 0.0% | macro_f1: 100.0%
2025-11-12 09:28:33 - oxford_pets_promptfl_8_0.01_1 - INFO - Evaluate on the client9 neighbor set
2025-11-12 09:29:00 - oxford_pets_promptfl_8_0.01_1 - INFO - => result | total: 3,569 | correct: 2,695 | accuracy: 75.5% | error: 24.5% | macro_f1: 70.0%
2025-11-12 09:29:00 - oxford_pets_promptfl_8_0.01_1 - INFO - Global test local acc: 77.69
2025-11-12 09:29:00 - oxford_pets_promptfl_8_0.01_1 - INFO - Global test neighbor acc: 76.08
2025-11-12 09:29:00 - oxford_pets_promptfl_8_0.01_1 - INFO - ------------local test finish-------------
2025-11-12 09:29:00 - oxford_pets_promptfl_8_0.01_1 - INFO - [Epoch 30/30] 测试耗时: 276.56s
2025-11-12 09:29:00 - oxford_pets_promptfl_8_0.01_1 - INFO - maximum test local acc: 79.249
2025-11-12 09:29:00 - oxford_pets_promptfl_8_0.01_1 - INFO - mean of local acc: 78.170
2025-11-12 09:29:00 - oxford_pets_promptfl_8_0.01_1 - INFO - maximum test neighbor acc: 77.984
2025-11-12 09:29:00 - oxford_pets_promptfl_8_0.01_1 - INFO - mean of neighbor acc: 76.794
