2025-11-12 08:39:59 - oxford_pets_fedotp_8_0.05_1 - INFO - 日志文件已创建: logs/oxford_pets_fedotp_8_0.05_1_20251112_083959.log
2025-11-12 08:39:59 - oxford_pets_fedotp_8_0.05_1 - INFO - Loading trainer: DP_FPL
2025-11-12 08:39:59 - oxford_pets_fedotp_8_0.05_1 - INFO - Loading dataset: OxfordPets
2025-11-12 08:39:59 - oxford_pets_fedotp_8_0.05_1 - INFO - Reading split from /home/liuxin25/dataset/oxford_pets/split_zhou_OxfordPets.json
2025-11-12 08:39:59 - oxford_pets_fedotp_8_0.05_1 - INFO - Creating a baseline federated dataset
2025-11-12 08:39:59 - oxford_pets_fedotp_8_0.05_1 - INFO - class_num 37
2025-11-12 08:39:59 - oxford_pets_fedotp_8_0.05_1 - INFO - user class dict total [18, 14, 23, 10]
2025-11-12 08:39:59 - oxford_pets_fedotp_8_0.05_1 - INFO - idx: 0, output_dict_len: 320
2025-11-12 08:39:59 - oxford_pets_fedotp_8_0.05_1 - INFO - user class dict total [8, 4, 13, 19]
2025-11-12 08:39:59 - oxford_pets_fedotp_8_0.05_1 - INFO - idx: 1, output_dict_len: 320
2025-11-12 08:39:59 - oxford_pets_fedotp_8_0.05_1 - INFO - user class dict total [12, 29, 34, 15]
2025-11-12 08:39:59 - oxford_pets_fedotp_8_0.05_1 - INFO - idx: 2, output_dict_len: 317
2025-11-12 08:39:59 - oxford_pets_fedotp_8_0.05_1 - INFO - user class dict total [2, 32, 1, 11]
2025-11-12 08:39:59 - oxford_pets_fedotp_8_0.05_1 - INFO - idx: 3, output_dict_len: 313
2025-11-12 08:39:59 - oxford_pets_fedotp_8_0.05_1 - INFO - user class dict total [31, 0, 35, 7]
2025-11-12 08:39:59 - oxford_pets_fedotp_8_0.05_1 - INFO - idx: 4, output_dict_len: 317
2025-11-12 08:39:59 - oxford_pets_fedotp_8_0.05_1 - INFO - user class dict total [5, 27, 16, 30]
2025-11-12 08:39:59 - oxford_pets_fedotp_8_0.05_1 - INFO - idx: 5, output_dict_len: 320
2025-11-12 08:39:59 - oxford_pets_fedotp_8_0.05_1 - INFO - user class dict total [17, 22, 26, 9]
2025-11-12 08:39:59 - oxford_pets_fedotp_8_0.05_1 - INFO - idx: 6, output_dict_len: 317
2025-11-12 08:39:59 - oxford_pets_fedotp_8_0.05_1 - INFO - user class dict total [33, 3, 25, 6]
2025-11-12 08:39:59 - oxford_pets_fedotp_8_0.05_1 - INFO - idx: 7, output_dict_len: 320
2025-11-12 08:39:59 - oxford_pets_fedotp_8_0.05_1 - INFO - user class dict total [21, 20, 36, 28]
2025-11-12 08:39:59 - oxford_pets_fedotp_8_0.05_1 - INFO - idx: 8, output_dict_len: 320
2025-11-12 08:39:59 - oxford_pets_fedotp_8_0.05_1 - INFO - user class dict total [24]
2025-11-12 08:39:59 - oxford_pets_fedotp_8_0.05_1 - INFO - idx: 9, output_dict_len: 80
2025-11-12 08:39:59 - oxford_pets_fedotp_8_0.05_1 - INFO - Creating a baseline federated dataset
2025-11-12 08:39:59 - oxford_pets_fedotp_8_0.05_1 - INFO - class_num 37
2025-11-12 08:39:59 - oxford_pets_fedotp_8_0.05_1 - INFO - user class dict total [18, 14, 23, 10]
2025-11-12 08:39:59 - oxford_pets_fedotp_8_0.05_1 - INFO - idx: 0, output_dict_len: 399
2025-11-12 08:39:59 - oxford_pets_fedotp_8_0.05_1 - INFO - user class dict total [8, 4, 13, 19]
2025-11-12 08:39:59 - oxford_pets_fedotp_8_0.05_1 - INFO - idx: 1, output_dict_len: 399
2025-11-12 08:39:59 - oxford_pets_fedotp_8_0.05_1 - INFO - user class dict total [12, 29, 34, 15]
2025-11-12 08:39:59 - oxford_pets_fedotp_8_0.05_1 - INFO - idx: 2, output_dict_len: 389
2025-11-12 08:39:59 - oxford_pets_fedotp_8_0.05_1 - INFO - user class dict total [2, 32, 1, 11]
2025-11-12 08:39:59 - oxford_pets_fedotp_8_0.05_1 - INFO - idx: 3, output_dict_len: 397
2025-11-12 08:39:59 - oxford_pets_fedotp_8_0.05_1 - INFO - user class dict total [31, 0, 35, 7]
2025-11-12 08:39:59 - oxford_pets_fedotp_8_0.05_1 - INFO - idx: 4, output_dict_len: 386
2025-11-12 08:39:59 - oxford_pets_fedotp_8_0.05_1 - INFO - user class dict total [5, 27, 16, 30]
2025-11-12 08:39:59 - oxford_pets_fedotp_8_0.05_1 - INFO - idx: 5, output_dict_len: 399
2025-11-12 08:39:59 - oxford_pets_fedotp_8_0.05_1 - INFO - user class dict total [17, 22, 26, 9]
2025-11-12 08:39:59 - oxford_pets_fedotp_8_0.05_1 - INFO - idx: 6, output_dict_len: 400
2025-11-12 08:39:59 - oxford_pets_fedotp_8_0.05_1 - INFO - user class dict total [33, 3, 25, 6]
2025-11-12 08:39:59 - oxford_pets_fedotp_8_0.05_1 - INFO - idx: 7, output_dict_len: 400
2025-11-12 08:39:59 - oxford_pets_fedotp_8_0.05_1 - INFO - user class dict total [21, 20, 36, 28]
2025-11-12 08:39:59 - oxford_pets_fedotp_8_0.05_1 - INFO - idx: 8, output_dict_len: 400
2025-11-12 08:39:59 - oxford_pets_fedotp_8_0.05_1 - INFO - user class dict total [24]
2025-11-12 08:39:59 - oxford_pets_fedotp_8_0.05_1 - INFO - idx: 9, output_dict_len: 100
2025-11-12 08:39:59 - oxford_pets_fedotp_8_0.05_1 - INFO - Loading CLIP (backbone: ViT-B/16)
2025-11-12 08:40:02 - oxford_pets_fedotp_8_0.05_1 - INFO - Building custom CLIP
2025-11-12 08:40:02 - oxford_pets_fedotp_8_0.05_1 - INFO - Turning off gradients in both the image and the text encoder
2025-11-12 08:40:08 - oxford_pets_fedotp_8_0.05_1 - INFO - [Epoch 1/30] 训练耗时: 5.98s | 平均训练准确率: 51.09
2025-11-12 08:40:13 - oxford_pets_fedotp_8_0.05_1 - INFO - [Epoch 2/30] 训练耗时: 4.75s | 平均训练准确率: 68.12
2025-11-12 08:40:18 - oxford_pets_fedotp_8_0.05_1 - INFO - [Epoch 3/30] 训练耗时: 4.92s | 平均训练准确率: 73.12
2025-11-12 08:40:23 - oxford_pets_fedotp_8_0.05_1 - INFO - [Epoch 4/30] 训练耗时: 4.90s | 平均训练准确率: 74.06
2025-11-12 08:40:28 - oxford_pets_fedotp_8_0.05_1 - INFO - [Epoch 5/30] 训练耗时: 4.97s | 平均训练准确率: 71.88
2025-11-12 08:40:33 - oxford_pets_fedotp_8_0.05_1 - INFO - [Epoch 6/30] 训练耗时: 4.95s | 平均训练准确率: 68.91
2025-11-12 08:40:38 - oxford_pets_fedotp_8_0.05_1 - INFO - [Epoch 7/30] 训练耗时: 4.77s | 平均训练准确率: 74.84
2025-11-12 08:40:42 - oxford_pets_fedotp_8_0.05_1 - INFO - [Epoch 8/30] 训练耗时: 4.81s | 平均训练准确率: 75.62
2025-11-12 08:40:47 - oxford_pets_fedotp_8_0.05_1 - INFO - [Epoch 9/30] 训练耗时: 4.85s | 平均训练准确率: 79.84
2025-11-12 08:40:52 - oxford_pets_fedotp_8_0.05_1 - INFO - [Epoch 10/30] 训练耗时: 4.90s | 平均训练准确率: 78.91
2025-11-12 08:40:57 - oxford_pets_fedotp_8_0.05_1 - INFO - [Epoch 11/30] 训练耗时: 4.88s | 平均训练准确率: 76.72
2025-11-12 08:41:02 - oxford_pets_fedotp_8_0.05_1 - INFO - [Epoch 12/30] 训练耗时: 4.71s | 平均训练准确率: 79.53
2025-11-12 08:41:07 - oxford_pets_fedotp_8_0.05_1 - INFO - [Epoch 13/30] 训练耗时: 4.83s | 平均训练准确率: 82.97
2025-11-12 08:41:11 - oxford_pets_fedotp_8_0.05_1 - INFO - [Epoch 14/30] 训练耗时: 4.73s | 平均训练准确率: 80.47
2025-11-12 08:41:16 - oxford_pets_fedotp_8_0.05_1 - INFO - [Epoch 15/30] 训练耗时: 4.86s | 平均训练准确率: 79.38
2025-11-12 08:41:21 - oxford_pets_fedotp_8_0.05_1 - INFO - [Epoch 16/30] 训练耗时: 4.83s | 平均训练准确率: 78.59
2025-11-12 08:41:26 - oxford_pets_fedotp_8_0.05_1 - INFO - [Epoch 17/30] 训练耗时: 4.77s | 平均训练准确率: 82.66
2025-11-12 08:41:30 - oxford_pets_fedotp_8_0.05_1 - INFO - [Epoch 18/30] 训练耗时: 4.69s | 平均训练准确率: 80.94
2025-11-12 08:41:35 - oxford_pets_fedotp_8_0.05_1 - INFO - [Epoch 19/30] 训练耗时: 4.74s | 平均训练准确率: 78.44
2025-11-12 08:41:40 - oxford_pets_fedotp_8_0.05_1 - INFO - [Epoch 20/30] 训练耗时: 4.83s | 平均训练准确率: 76.25
2025-11-12 08:41:45 - oxford_pets_fedotp_8_0.05_1 - INFO - [Epoch 21/30] 训练耗时: 4.68s | 平均训练准确率: 69.53
2025-11-12 08:41:50 - oxford_pets_fedotp_8_0.05_1 - INFO - [Epoch 22/30] 训练耗时: 4.84s | 平均训练准确率: 74.84
2025-11-12 08:41:54 - oxford_pets_fedotp_8_0.05_1 - INFO - [Epoch 23/30] 训练耗时: 4.76s | 平均训练准确率: 77.81
2025-11-12 08:41:59 - oxford_pets_fedotp_8_0.05_1 - INFO - [Epoch 24/30] 训练耗时: 4.72s | 平均训练准确率: 78.91
2025-11-12 08:42:04 - oxford_pets_fedotp_8_0.05_1 - INFO - [Epoch 25/30] 训练耗时: 4.75s | 平均训练准确率: 76.88
2025-11-12 08:42:09 - oxford_pets_fedotp_8_0.05_1 - INFO - [Epoch 26/30] 训练耗时: 4.77s | 平均训练准确率: 77.34
2025-11-12 08:42:13 - oxford_pets_fedotp_8_0.05_1 - INFO - [Epoch 27/30] 训练耗时: 4.84s | 平均训练准确率: 66.72
2025-11-12 08:42:18 - oxford_pets_fedotp_8_0.05_1 - INFO - [Epoch 28/30] 训练耗时: 4.73s | 平均训练准确率: 77.66
2025-11-12 08:42:18 - oxford_pets_fedotp_8_0.05_1 - INFO - ------------local test start-------------
2025-11-12 08:42:18 - oxford_pets_fedotp_8_0.05_1 - INFO - Evaluate on the client0 local set
2025-11-12 08:42:21 - oxford_pets_fedotp_8_0.05_1 - INFO - => result | total: 399 | correct: 229 | accuracy: 57.4% | error: 42.6% | macro_f1: 64.6%
2025-11-12 08:42:21 - oxford_pets_fedotp_8_0.05_1 - INFO - Evaluate on the client0 neighbor set
2025-11-12 08:42:46 - oxford_pets_fedotp_8_0.05_1 - INFO - => result | total: 3,270 | correct: 2,651 | accuracy: 81.1% | error: 18.9% | macro_f1: 77.2%
2025-11-12 08:42:46 - oxford_pets_fedotp_8_0.05_1 - INFO - Evaluate on the client1 local set
2025-11-12 08:42:49 - oxford_pets_fedotp_8_0.05_1 - INFO - => result | total: 399 | correct: 362 | accuracy: 90.7% | error: 9.3% | macro_f1: 95.1%
2025-11-12 08:42:49 - oxford_pets_fedotp_8_0.05_1 - INFO - Evaluate on the client1 neighbor set
2025-11-12 08:43:14 - oxford_pets_fedotp_8_0.05_1 - INFO - => result | total: 3,270 | correct: 2,523 | accuracy: 77.2% | error: 22.8% | macro_f1: 73.1%
2025-11-12 08:43:14 - oxford_pets_fedotp_8_0.05_1 - INFO - Evaluate on the client2 local set
2025-11-12 08:43:17 - oxford_pets_fedotp_8_0.05_1 - INFO - => result | total: 389 | correct: 359 | accuracy: 92.3% | error: 7.7% | macro_f1: 95.3%
2025-11-12 08:43:17 - oxford_pets_fedotp_8_0.05_1 - INFO - Evaluate on the client2 neighbor set
2025-11-12 08:43:41 - oxford_pets_fedotp_8_0.05_1 - INFO - => result | total: 3,280 | correct: 2,523 | accuracy: 76.9% | error: 23.1% | macro_f1: 73.3%
2025-11-12 08:43:41 - oxford_pets_fedotp_8_0.05_1 - INFO - Evaluate on the client3 local set
2025-11-12 08:43:44 - oxford_pets_fedotp_8_0.05_1 - INFO - => result | total: 397 | correct: 322 | accuracy: 81.1% | error: 18.9% | macro_f1: 87.7%
2025-11-12 08:43:44 - oxford_pets_fedotp_8_0.05_1 - INFO - Evaluate on the client3 neighbor set
2025-11-12 08:44:09 - oxford_pets_fedotp_8_0.05_1 - INFO - => result | total: 3,272 | correct: 2,561 | accuracy: 78.3% | error: 21.7% | macro_f1: 75.1%
2025-11-12 08:44:09 - oxford_pets_fedotp_8_0.05_1 - INFO - Evaluate on the client4 local set
2025-11-12 08:44:12 - oxford_pets_fedotp_8_0.05_1 - INFO - => result | total: 386 | correct: 278 | accuracy: 72.0% | error: 28.0% | macro_f1: 70.7%
2025-11-12 08:44:12 - oxford_pets_fedotp_8_0.05_1 - INFO - Evaluate on the client4 neighbor set
2025-11-12 08:44:36 - oxford_pets_fedotp_8_0.05_1 - INFO - => result | total: 3,283 | correct: 2,608 | accuracy: 79.4% | error: 20.6% | macro_f1: 76.2%
2025-11-12 08:44:36 - oxford_pets_fedotp_8_0.05_1 - INFO - Evaluate on the client5 local set
2025-11-12 08:44:39 - oxford_pets_fedotp_8_0.05_1 - INFO - => result | total: 399 | correct: 295 | accuracy: 73.9% | error: 26.1% | macro_f1: 74.7%
2025-11-12 08:44:39 - oxford_pets_fedotp_8_0.05_1 - INFO - Evaluate on the client5 neighbor set
2025-11-12 08:45:04 - oxford_pets_fedotp_8_0.05_1 - INFO - => result | total: 3,270 | correct: 2,596 | accuracy: 79.4% | error: 20.6% | macro_f1: 76.9%
2025-11-12 08:45:04 - oxford_pets_fedotp_8_0.05_1 - INFO - Evaluate on the client6 local set
2025-11-12 08:45:07 - oxford_pets_fedotp_8_0.05_1 - INFO - => result | total: 400 | correct: 206 | accuracy: 51.5% | error: 48.5% | macro_f1: 56.4%
2025-11-12 08:45:07 - oxford_pets_fedotp_8_0.05_1 - INFO - Evaluate on the client6 neighbor set
2025-11-12 08:45:33 - oxford_pets_fedotp_8_0.05_1 - INFO - => result | total: 3,269 | correct: 2,682 | accuracy: 82.0% | error: 18.0% | macro_f1: 79.6%
2025-11-12 08:45:33 - oxford_pets_fedotp_8_0.05_1 - INFO - Evaluate on the client7 local set
2025-11-12 08:45:36 - oxford_pets_fedotp_8_0.05_1 - INFO - => result | total: 400 | correct: 384 | accuracy: 96.0% | error: 4.0% | macro_f1: 97.9%
2025-11-12 08:45:36 - oxford_pets_fedotp_8_0.05_1 - INFO - Evaluate on the client7 neighbor set
2025-11-12 08:46:00 - oxford_pets_fedotp_8_0.05_1 - INFO - => result | total: 3,269 | correct: 2,507 | accuracy: 76.7% | error: 23.3% | macro_f1: 74.0%
2025-11-12 08:46:00 - oxford_pets_fedotp_8_0.05_1 - INFO - Evaluate on the client8 local set
2025-11-12 08:46:03 - oxford_pets_fedotp_8_0.05_1 - INFO - => result | total: 400 | correct: 354 | accuracy: 88.5% | error: 11.5% | macro_f1: 93.9%
2025-11-12 08:46:03 - oxford_pets_fedotp_8_0.05_1 - INFO - Evaluate on the client8 neighbor set
2025-11-12 08:46:28 - oxford_pets_fedotp_8_0.05_1 - INFO - => result | total: 3,269 | correct: 2,538 | accuracy: 77.6% | error: 22.4% | macro_f1: 73.7%
2025-11-12 08:46:28 - oxford_pets_fedotp_8_0.05_1 - INFO - Evaluate on the client9 local set
2025-11-12 08:46:29 - oxford_pets_fedotp_8_0.05_1 - INFO - => result | total: 100 | correct: 99 | accuracy: 99.0% | error: 1.0% | macro_f1: 99.5%
2025-11-12 08:46:29 - oxford_pets_fedotp_8_0.05_1 - INFO - Evaluate on the client9 neighbor set
2025-11-12 08:46:55 - oxford_pets_fedotp_8_0.05_1 - INFO - => result | total: 3,569 | correct: 2,793 | accuracy: 78.3% | error: 21.7% | macro_f1: 75.1%
2025-11-12 08:46:55 - oxford_pets_fedotp_8_0.05_1 - INFO - Global test local acc: 80.25
2025-11-12 08:46:55 - oxford_pets_fedotp_8_0.05_1 - INFO - Global test neighbor acc: 78.69
2025-11-12 08:46:55 - oxford_pets_fedotp_8_0.05_1 - INFO - ------------local test finish-------------
2025-11-12 08:46:55 - oxford_pets_fedotp_8_0.05_1 - INFO - [Epoch 28/30] 测试耗时: 277.16s
2025-11-12 08:47:00 - oxford_pets_fedotp_8_0.05_1 - INFO - [Epoch 29/30] 训练耗时: 4.65s | 平均训练准确率: 79.22
2025-11-12 08:47:00 - oxford_pets_fedotp_8_0.05_1 - INFO - ------------local test start-------------
2025-11-12 08:47:00 - oxford_pets_fedotp_8_0.05_1 - INFO - Evaluate on the client0 local set
2025-11-12 08:47:03 - oxford_pets_fedotp_8_0.05_1 - INFO - => result | total: 399 | correct: 206 | accuracy: 51.6% | error: 48.4% | macro_f1: 60.2%
2025-11-12 08:47:03 - oxford_pets_fedotp_8_0.05_1 - INFO - Evaluate on the client0 neighbor set
2025-11-12 08:47:27 - oxford_pets_fedotp_8_0.05_1 - INFO - => result | total: 3,270 | correct: 2,614 | accuracy: 79.9% | error: 20.1% | macro_f1: 77.7%
2025-11-12 08:47:27 - oxford_pets_fedotp_8_0.05_1 - INFO - Evaluate on the client1 local set
2025-11-12 08:47:30 - oxford_pets_fedotp_8_0.05_1 - INFO - => result | total: 399 | correct: 368 | accuracy: 92.2% | error: 7.8% | macro_f1: 95.9%
2025-11-12 08:47:30 - oxford_pets_fedotp_8_0.05_1 - INFO - Evaluate on the client1 neighbor set
2025-11-12 08:47:54 - oxford_pets_fedotp_8_0.05_1 - INFO - => result | total: 3,270 | correct: 2,438 | accuracy: 74.6% | error: 25.4% | macro_f1: 72.6%
2025-11-12 08:47:54 - oxford_pets_fedotp_8_0.05_1 - INFO - Evaluate on the client2 local set
2025-11-12 08:47:57 - oxford_pets_fedotp_8_0.05_1 - INFO - => result | total: 389 | correct: 344 | accuracy: 88.4% | error: 11.6% | macro_f1: 92.6%
2025-11-12 08:47:57 - oxford_pets_fedotp_8_0.05_1 - INFO - Evaluate on the client2 neighbor set
2025-11-12 08:48:21 - oxford_pets_fedotp_8_0.05_1 - INFO - => result | total: 3,280 | correct: 2,459 | accuracy: 75.0% | error: 25.0% | macro_f1: 72.7%
2025-11-12 08:48:21 - oxford_pets_fedotp_8_0.05_1 - INFO - Evaluate on the client3 local set
2025-11-12 08:48:24 - oxford_pets_fedotp_8_0.05_1 - INFO - => result | total: 397 | correct: 286 | accuracy: 72.0% | error: 28.0% | macro_f1: 81.9%
2025-11-12 08:48:24 - oxford_pets_fedotp_8_0.05_1 - INFO - Evaluate on the client3 neighbor set
2025-11-12 08:48:48 - oxford_pets_fedotp_8_0.05_1 - INFO - => result | total: 3,272 | correct: 2,521 | accuracy: 77.0% | error: 23.0% | macro_f1: 75.0%
2025-11-12 08:48:48 - oxford_pets_fedotp_8_0.05_1 - INFO - Evaluate on the client4 local set
2025-11-12 08:48:51 - oxford_pets_fedotp_8_0.05_1 - INFO - => result | total: 386 | correct: 274 | accuracy: 71.0% | error: 29.0% | macro_f1: 71.0%
2025-11-12 08:48:51 - oxford_pets_fedotp_8_0.05_1 - INFO - Evaluate on the client4 neighbor set
2025-11-12 08:49:15 - oxford_pets_fedotp_8_0.05_1 - INFO - => result | total: 3,283 | correct: 2,536 | accuracy: 77.2% | error: 22.8% | macro_f1: 75.1%
2025-11-12 08:49:15 - oxford_pets_fedotp_8_0.05_1 - INFO - Evaluate on the client5 local set
2025-11-12 08:49:18 - oxford_pets_fedotp_8_0.05_1 - INFO - => result | total: 399 | correct: 323 | accuracy: 81.0% | error: 19.0% | macro_f1: 85.3%
2025-11-12 08:49:18 - oxford_pets_fedotp_8_0.05_1 - INFO - Evaluate on the client5 neighbor set
2025-11-12 08:49:41 - oxford_pets_fedotp_8_0.05_1 - INFO - => result | total: 3,270 | correct: 2,486 | accuracy: 76.0% | error: 24.0% | macro_f1: 74.6%
2025-11-12 08:49:41 - oxford_pets_fedotp_8_0.05_1 - INFO - Evaluate on the client6 local set
2025-11-12 08:49:44 - oxford_pets_fedotp_8_0.05_1 - INFO - => result | total: 400 | correct: 198 | accuracy: 49.5% | error: 50.5% | macro_f1: 56.8%
2025-11-12 08:49:44 - oxford_pets_fedotp_8_0.05_1 - INFO - Evaluate on the client6 neighbor set
2025-11-12 08:50:08 - oxford_pets_fedotp_8_0.05_1 - INFO - => result | total: 3,269 | correct: 2,611 | accuracy: 79.9% | error: 20.1% | macro_f1: 78.1%
2025-11-12 08:50:08 - oxford_pets_fedotp_8_0.05_1 - INFO - Evaluate on the client7 local set
2025-11-12 08:50:11 - oxford_pets_fedotp_8_0.05_1 - INFO - => result | total: 400 | correct: 385 | accuracy: 96.2% | error: 3.8% | macro_f1: 98.1%
2025-11-12 08:50:11 - oxford_pets_fedotp_8_0.05_1 - INFO - Evaluate on the client7 neighbor set
2025-11-12 08:50:35 - oxford_pets_fedotp_8_0.05_1 - INFO - => result | total: 3,269 | correct: 2,426 | accuracy: 74.2% | error: 25.8% | macro_f1: 72.6%
2025-11-12 08:50:35 - oxford_pets_fedotp_8_0.05_1 - INFO - Evaluate on the client8 local set
2025-11-12 08:50:38 - oxford_pets_fedotp_8_0.05_1 - INFO - => result | total: 400 | correct: 336 | accuracy: 84.0% | error: 16.0% | macro_f1: 91.3%
2025-11-12 08:50:38 - oxford_pets_fedotp_8_0.05_1 - INFO - Evaluate on the client8 neighbor set
2025-11-12 08:51:02 - oxford_pets_fedotp_8_0.05_1 - INFO - => result | total: 3,269 | correct: 2,478 | accuracy: 75.8% | error: 24.2% | macro_f1: 72.5%
2025-11-12 08:51:02 - oxford_pets_fedotp_8_0.05_1 - INFO - Evaluate on the client9 local set
2025-11-12 08:51:02 - oxford_pets_fedotp_8_0.05_1 - INFO - => result | total: 100 | correct: 99 | accuracy: 99.0% | error: 1.0% | macro_f1: 99.5%
2025-11-12 08:51:02 - oxford_pets_fedotp_8_0.05_1 - INFO - Evaluate on the client9 neighbor set
2025-11-12 08:51:28 - oxford_pets_fedotp_8_0.05_1 - INFO - => result | total: 3,569 | correct: 2,719 | accuracy: 76.2% | error: 23.8% | macro_f1: 74.0%
2025-11-12 08:51:28 - oxford_pets_fedotp_8_0.05_1 - INFO - Global test local acc: 78.50
2025-11-12 08:51:28 - oxford_pets_fedotp_8_0.05_1 - INFO - Global test neighbor acc: 76.59
2025-11-12 08:51:28 - oxford_pets_fedotp_8_0.05_1 - INFO - ------------local test finish-------------
2025-11-12 08:51:28 - oxford_pets_fedotp_8_0.05_1 - INFO - [Epoch 29/30] 测试耗时: 268.34s
2025-11-12 08:51:33 - oxford_pets_fedotp_8_0.05_1 - INFO - [Epoch 30/30] 训练耗时: 4.60s | 平均训练准确率: 80.31
2025-11-12 08:51:33 - oxford_pets_fedotp_8_0.05_1 - INFO - ------------local test start-------------
2025-11-12 08:51:33 - oxford_pets_fedotp_8_0.05_1 - INFO - Evaluate on the client0 local set
2025-11-12 08:51:36 - oxford_pets_fedotp_8_0.05_1 - INFO - => result | total: 399 | correct: 185 | accuracy: 46.4% | error: 53.6% | macro_f1: 54.8%
2025-11-12 08:51:36 - oxford_pets_fedotp_8_0.05_1 - INFO - Evaluate on the client0 neighbor set
2025-11-12 08:52:00 - oxford_pets_fedotp_8_0.05_1 - INFO - => result | total: 3,270 | correct: 2,593 | accuracy: 79.3% | error: 20.7% | macro_f1: 76.7%
2025-11-12 08:52:00 - oxford_pets_fedotp_8_0.05_1 - INFO - Evaluate on the client1 local set
2025-11-12 08:52:03 - oxford_pets_fedotp_8_0.05_1 - INFO - => result | total: 399 | correct: 369 | accuracy: 92.5% | error: 7.5% | macro_f1: 96.1%
2025-11-12 08:52:03 - oxford_pets_fedotp_8_0.05_1 - INFO - Evaluate on the client1 neighbor set
2025-11-12 08:52:26 - oxford_pets_fedotp_8_0.05_1 - INFO - => result | total: 3,270 | correct: 2,407 | accuracy: 73.6% | error: 26.4% | macro_f1: 70.8%
2025-11-12 08:52:26 - oxford_pets_fedotp_8_0.05_1 - INFO - Evaluate on the client2 local set
2025-11-12 08:52:29 - oxford_pets_fedotp_8_0.05_1 - INFO - => result | total: 389 | correct: 346 | accuracy: 88.9% | error: 11.1% | macro_f1: 92.6%
2025-11-12 08:52:29 - oxford_pets_fedotp_8_0.05_1 - INFO - Evaluate on the client2 neighbor set
2025-11-12 08:52:53 - oxford_pets_fedotp_8_0.05_1 - INFO - => result | total: 3,280 | correct: 2,423 | accuracy: 73.9% | error: 26.1% | macro_f1: 70.9%
2025-11-12 08:52:53 - oxford_pets_fedotp_8_0.05_1 - INFO - Evaluate on the client3 local set
2025-11-12 08:52:56 - oxford_pets_fedotp_8_0.05_1 - INFO - => result | total: 397 | correct: 332 | accuracy: 83.6% | error: 16.4% | macro_f1: 89.3%
2025-11-12 08:52:56 - oxford_pets_fedotp_8_0.05_1 - INFO - Evaluate on the client3 neighbor set
2025-11-12 08:53:20 - oxford_pets_fedotp_8_0.05_1 - INFO - => result | total: 3,272 | correct: 2,425 | accuracy: 74.1% | error: 25.9% | macro_f1: 71.9%
2025-11-12 08:53:20 - oxford_pets_fedotp_8_0.05_1 - INFO - Evaluate on the client4 local set
2025-11-12 08:53:23 - oxford_pets_fedotp_8_0.05_1 - INFO - => result | total: 386 | correct: 271 | accuracy: 70.2% | error: 29.8% | macro_f1: 69.4%
2025-11-12 08:53:23 - oxford_pets_fedotp_8_0.05_1 - INFO - Evaluate on the client4 neighbor set
2025-11-12 08:53:47 - oxford_pets_fedotp_8_0.05_1 - INFO - => result | total: 3,283 | correct: 2,478 | accuracy: 75.5% | error: 24.5% | macro_f1: 72.0%
2025-11-12 08:53:47 - oxford_pets_fedotp_8_0.05_1 - INFO - Evaluate on the client5 local set
2025-11-12 08:53:50 - oxford_pets_fedotp_8_0.05_1 - INFO - => result | total: 399 | correct: 279 | accuracy: 69.9% | error: 30.1% | macro_f1: 73.1%
2025-11-12 08:53:50 - oxford_pets_fedotp_8_0.05_1 - INFO - Evaluate on the client5 neighbor set
2025-11-12 08:54:14 - oxford_pets_fedotp_8_0.05_1 - INFO - => result | total: 3,270 | correct: 2,454 | accuracy: 75.0% | error: 25.0% | macro_f1: 71.5%
2025-11-12 08:54:14 - oxford_pets_fedotp_8_0.05_1 - INFO - Evaluate on the client6 local set
2025-11-12 08:54:17 - oxford_pets_fedotp_8_0.05_1 - INFO - => result | total: 400 | correct: 172 | accuracy: 43.0% | error: 57.0% | macro_f1: 45.3%
2025-11-12 08:54:17 - oxford_pets_fedotp_8_0.05_1 - INFO - Evaluate on the client6 neighbor set
2025-11-12 08:54:40 - oxford_pets_fedotp_8_0.05_1 - INFO - => result | total: 3,269 | correct: 2,553 | accuracy: 78.1% | error: 21.9% | macro_f1: 75.6%
2025-11-12 08:54:40 - oxford_pets_fedotp_8_0.05_1 - INFO - Evaluate on the client7 local set
2025-11-12 08:54:43 - oxford_pets_fedotp_8_0.05_1 - INFO - => result | total: 400 | correct: 309 | accuracy: 77.2% | error: 22.8% | macro_f1: 81.2%
2025-11-12 08:54:43 - oxford_pets_fedotp_8_0.05_1 - INFO - Evaluate on the client7 neighbor set
2025-11-12 08:55:07 - oxford_pets_fedotp_8_0.05_1 - INFO - => result | total: 3,269 | correct: 2,399 | accuracy: 73.4% | error: 26.6% | macro_f1: 69.0%
2025-11-12 08:55:07 - oxford_pets_fedotp_8_0.05_1 - INFO - Evaluate on the client8 local set
2025-11-12 08:55:10 - oxford_pets_fedotp_8_0.05_1 - INFO - => result | total: 400 | correct: 361 | accuracy: 90.2% | error: 9.8% | macro_f1: 94.8%
2025-11-12 08:55:10 - oxford_pets_fedotp_8_0.05_1 - INFO - Evaluate on the client8 neighbor set
2025-11-12 08:55:34 - oxford_pets_fedotp_8_0.05_1 - INFO - => result | total: 3,269 | correct: 2,325 | accuracy: 71.1% | error: 28.9% | macro_f1: 66.9%
2025-11-12 08:55:34 - oxford_pets_fedotp_8_0.05_1 - INFO - Evaluate on the client9 local set
2025-11-12 08:55:35 - oxford_pets_fedotp_8_0.05_1 - INFO - => result | total: 100 | correct: 99 | accuracy: 99.0% | error: 1.0% | macro_f1: 99.5%
2025-11-12 08:55:35 - oxford_pets_fedotp_8_0.05_1 - INFO - Evaluate on the client9 neighbor set
2025-11-12 08:56:01 - oxford_pets_fedotp_8_0.05_1 - INFO - => result | total: 3,569 | correct: 2,570 | accuracy: 72.0% | error: 28.0% | macro_f1: 68.1%
2025-11-12 08:56:01 - oxford_pets_fedotp_8_0.05_1 - INFO - Global test local acc: 76.11
2025-11-12 08:56:01 - oxford_pets_fedotp_8_0.05_1 - INFO - Global test neighbor acc: 74.60
2025-11-12 08:56:01 - oxford_pets_fedotp_8_0.05_1 - INFO - ------------local test finish-------------
2025-11-12 08:56:01 - oxford_pets_fedotp_8_0.05_1 - INFO - [Epoch 30/30] 测试耗时: 267.89s
2025-11-12 08:56:01 - oxford_pets_fedotp_8_0.05_1 - INFO - maximum test local acc: 80.247
2025-11-12 08:56:01 - oxford_pets_fedotp_8_0.05_1 - INFO - mean of local acc: 78.285
2025-11-12 08:56:01 - oxford_pets_fedotp_8_0.05_1 - INFO - maximum test neighbor acc: 78.687
2025-11-12 08:56:01 - oxford_pets_fedotp_8_0.05_1 - INFO - mean of neighbor acc: 76.625
