2025-11-12 08:23:45 - oxford_pets_sepfpl_8_0.1_1 - INFO - 日志文件已创建: logs/oxford_pets_sepfpl_8_0.1_1_20251112_082345.log
2025-11-12 08:23:45 - oxford_pets_sepfpl_8_0.1_1 - INFO - Loading trainer: DP_FPL
2025-11-12 08:23:45 - oxford_pets_sepfpl_8_0.1_1 - INFO - Loading dataset: OxfordPets
2025-11-12 08:23:45 - oxford_pets_sepfpl_8_0.1_1 - INFO - Reading split from /home/liuxin25/dataset/oxford_pets/split_zhou_OxfordPets.json
2025-11-12 08:23:45 - oxford_pets_sepfpl_8_0.1_1 - INFO - Creating a baseline federated dataset
2025-11-12 08:23:45 - oxford_pets_sepfpl_8_0.1_1 - INFO - class_num 37
2025-11-12 08:23:45 - oxford_pets_sepfpl_8_0.1_1 - INFO - user class dict total [18, 14, 23, 10]
2025-11-12 08:23:45 - oxford_pets_sepfpl_8_0.1_1 - INFO - idx: 0, output_dict_len: 320
2025-11-12 08:23:45 - oxford_pets_sepfpl_8_0.1_1 - INFO - user class dict total [8, 4, 13, 19]
2025-11-12 08:23:45 - oxford_pets_sepfpl_8_0.1_1 - INFO - idx: 1, output_dict_len: 320
2025-11-12 08:23:45 - oxford_pets_sepfpl_8_0.1_1 - INFO - user class dict total [12, 29, 34, 15]
2025-11-12 08:23:45 - oxford_pets_sepfpl_8_0.1_1 - INFO - idx: 2, output_dict_len: 317
2025-11-12 08:23:45 - oxford_pets_sepfpl_8_0.1_1 - INFO - user class dict total [2, 32, 1, 11]
2025-11-12 08:23:45 - oxford_pets_sepfpl_8_0.1_1 - INFO - idx: 3, output_dict_len: 313
2025-11-12 08:23:45 - oxford_pets_sepfpl_8_0.1_1 - INFO - user class dict total [31, 0, 35, 7]
2025-11-12 08:23:45 - oxford_pets_sepfpl_8_0.1_1 - INFO - idx: 4, output_dict_len: 317
2025-11-12 08:23:45 - oxford_pets_sepfpl_8_0.1_1 - INFO - user class dict total [5, 27, 16, 30]
2025-11-12 08:23:45 - oxford_pets_sepfpl_8_0.1_1 - INFO - idx: 5, output_dict_len: 320
2025-11-12 08:23:45 - oxford_pets_sepfpl_8_0.1_1 - INFO - user class dict total [17, 22, 26, 9]
2025-11-12 08:23:45 - oxford_pets_sepfpl_8_0.1_1 - INFO - idx: 6, output_dict_len: 317
2025-11-12 08:23:45 - oxford_pets_sepfpl_8_0.1_1 - INFO - user class dict total [33, 3, 25, 6]
2025-11-12 08:23:45 - oxford_pets_sepfpl_8_0.1_1 - INFO - idx: 7, output_dict_len: 320
2025-11-12 08:23:45 - oxford_pets_sepfpl_8_0.1_1 - INFO - user class dict total [21, 20, 36, 28]
2025-11-12 08:23:45 - oxford_pets_sepfpl_8_0.1_1 - INFO - idx: 8, output_dict_len: 320
2025-11-12 08:23:45 - oxford_pets_sepfpl_8_0.1_1 - INFO - user class dict total [24]
2025-11-12 08:23:45 - oxford_pets_sepfpl_8_0.1_1 - INFO - idx: 9, output_dict_len: 80
2025-11-12 08:23:45 - oxford_pets_sepfpl_8_0.1_1 - INFO - Creating a baseline federated dataset
2025-11-12 08:23:45 - oxford_pets_sepfpl_8_0.1_1 - INFO - class_num 37
2025-11-12 08:23:45 - oxford_pets_sepfpl_8_0.1_1 - INFO - user class dict total [18, 14, 23, 10]
2025-11-12 08:23:45 - oxford_pets_sepfpl_8_0.1_1 - INFO - idx: 0, output_dict_len: 399
2025-11-12 08:23:45 - oxford_pets_sepfpl_8_0.1_1 - INFO - user class dict total [8, 4, 13, 19]
2025-11-12 08:23:45 - oxford_pets_sepfpl_8_0.1_1 - INFO - idx: 1, output_dict_len: 399
2025-11-12 08:23:45 - oxford_pets_sepfpl_8_0.1_1 - INFO - user class dict total [12, 29, 34, 15]
2025-11-12 08:23:45 - oxford_pets_sepfpl_8_0.1_1 - INFO - idx: 2, output_dict_len: 389
2025-11-12 08:23:45 - oxford_pets_sepfpl_8_0.1_1 - INFO - user class dict total [2, 32, 1, 11]
2025-11-12 08:23:45 - oxford_pets_sepfpl_8_0.1_1 - INFO - idx: 3, output_dict_len: 397
2025-11-12 08:23:45 - oxford_pets_sepfpl_8_0.1_1 - INFO - user class dict total [31, 0, 35, 7]
2025-11-12 08:23:45 - oxford_pets_sepfpl_8_0.1_1 - INFO - idx: 4, output_dict_len: 386
2025-11-12 08:23:45 - oxford_pets_sepfpl_8_0.1_1 - INFO - user class dict total [5, 27, 16, 30]
2025-11-12 08:23:45 - oxford_pets_sepfpl_8_0.1_1 - INFO - idx: 5, output_dict_len: 399
2025-11-12 08:23:45 - oxford_pets_sepfpl_8_0.1_1 - INFO - user class dict total [17, 22, 26, 9]
2025-11-12 08:23:45 - oxford_pets_sepfpl_8_0.1_1 - INFO - idx: 6, output_dict_len: 400
2025-11-12 08:23:45 - oxford_pets_sepfpl_8_0.1_1 - INFO - user class dict total [33, 3, 25, 6]
2025-11-12 08:23:45 - oxford_pets_sepfpl_8_0.1_1 - INFO - idx: 7, output_dict_len: 400
2025-11-12 08:23:45 - oxford_pets_sepfpl_8_0.1_1 - INFO - user class dict total [21, 20, 36, 28]
2025-11-12 08:23:45 - oxford_pets_sepfpl_8_0.1_1 - INFO - idx: 8, output_dict_len: 400
2025-11-12 08:23:45 - oxford_pets_sepfpl_8_0.1_1 - INFO - user class dict total [24]
2025-11-12 08:23:45 - oxford_pets_sepfpl_8_0.1_1 - INFO - idx: 9, output_dict_len: 100
2025-11-12 08:23:45 - oxford_pets_sepfpl_8_0.1_1 - INFO - Loading CLIP (backbone: ViT-B/16)
2025-11-12 08:23:49 - oxford_pets_sepfpl_8_0.1_1 - INFO - Building custom CLIP
2025-11-12 08:23:49 - oxford_pets_sepfpl_8_0.1_1 - INFO - Turning off gradients in both the image and the text encoder
2025-11-12 08:23:49 - oxford_pets_sepfpl_8_0.1_1 - INFO - [RDP-sepfpl] 轮次 1: ε=0.009626, std=3.185176
2025-11-12 08:23:56 - oxford_pets_sepfpl_8_0.1_1 - INFO - [Epoch 1/30] 训练耗时: 7.00s | 平均训练准确率: 52.34
2025-11-12 08:24:01 - oxford_pets_sepfpl_8_0.1_1 - INFO - [Epoch 2/30] 训练耗时: 4.94s | 平均训练准确率: 63.91
2025-11-12 08:24:06 - oxford_pets_sepfpl_8_0.1_1 - INFO - [Epoch 3/30] 训练耗时: 5.09s | 平均训练准确率: 52.81
2025-11-12 08:24:11 - oxford_pets_sepfpl_8_0.1_1 - INFO - [Epoch 4/30] 训练耗时: 4.97s | 平均训练准确率: 76.88
2025-11-12 08:24:16 - oxford_pets_sepfpl_8_0.1_1 - INFO - [Epoch 5/30] 训练耗时: 4.98s | 平均训练准确率: 78.28
2025-11-12 08:24:21 - oxford_pets_sepfpl_8_0.1_1 - INFO - [Epoch 6/30] 训练耗时: 5.08s | 平均训练准确率: 76.88
2025-11-12 08:24:26 - oxford_pets_sepfpl_8_0.1_1 - INFO - [Epoch 7/30] 训练耗时: 5.03s | 平均训练准确率: 79.22
2025-11-12 08:24:31 - oxford_pets_sepfpl_8_0.1_1 - INFO - [Epoch 8/30] 训练耗时: 4.86s | 平均训练准确率: 81.88
2025-11-12 08:24:36 - oxford_pets_sepfpl_8_0.1_1 - INFO - [Epoch 9/30] 训练耗时: 4.89s | 平均训练准确率: 84.06
2025-11-12 08:24:36 - oxford_pets_sepfpl_8_0.1_1 - INFO - [RDP-sepfpl] 轮次 10: ε=0.121181, std=0.897705
2025-11-12 08:24:41 - oxford_pets_sepfpl_8_0.1_1 - INFO - [Epoch 10/30] 训练耗时: 4.86s | 平均训练准确率: 79.06
2025-11-12 08:24:46 - oxford_pets_sepfpl_8_0.1_1 - INFO - [Epoch 11/30] 训练耗时: 4.94s | 平均训练准确率: 85.16
2025-11-12 08:24:51 - oxford_pets_sepfpl_8_0.1_1 - INFO - [Epoch 12/30] 训练耗时: 5.03s | 平均训练准确率: 81.41
2025-11-12 08:24:56 - oxford_pets_sepfpl_8_0.1_1 - INFO - [Epoch 13/30] 训练耗时: 4.91s | 平均训练准确率: 76.72
2025-11-12 08:25:01 - oxford_pets_sepfpl_8_0.1_1 - INFO - [Epoch 14/30] 训练耗时: 4.99s | 平均训练准确率: 85.62
2025-11-12 08:25:05 - oxford_pets_sepfpl_8_0.1_1 - INFO - [Epoch 15/30] 训练耗时: 4.90s | 平均训练准确率: 77.03
2025-11-12 08:25:10 - oxford_pets_sepfpl_8_0.1_1 - INFO - [Epoch 16/30] 训练耗时: 5.00s | 平均训练准确率: 84.84
2025-11-12 08:25:15 - oxford_pets_sepfpl_8_0.1_1 - INFO - [Epoch 17/30] 训练耗时: 4.93s | 平均训练准确率: 85.00
2025-11-12 08:25:20 - oxford_pets_sepfpl_8_0.1_1 - INFO - [Epoch 18/30] 训练耗时: 4.97s | 平均训练准确率: 87.81
2025-11-12 08:25:25 - oxford_pets_sepfpl_8_0.1_1 - INFO - [Epoch 19/30] 训练耗时: 4.99s | 平均训练准确率: 87.19
2025-11-12 08:25:25 - oxford_pets_sepfpl_8_0.1_1 - INFO - [RDP-sepfpl] 轮次 20: ε=0.259756, std=0.613150
2025-11-12 08:25:30 - oxford_pets_sepfpl_8_0.1_1 - INFO - [Epoch 20/30] 训练耗时: 4.92s | 平均训练准确率: 89.38
2025-11-12 08:25:35 - oxford_pets_sepfpl_8_0.1_1 - INFO - [Epoch 21/30] 训练耗时: 5.06s | 平均训练准确率: 89.69
2025-11-12 08:25:40 - oxford_pets_sepfpl_8_0.1_1 - INFO - [Epoch 22/30] 训练耗时: 4.88s | 平均训练准确率: 89.22
2025-11-12 08:25:45 - oxford_pets_sepfpl_8_0.1_1 - INFO - [Epoch 23/30] 训练耗时: 4.90s | 平均训练准确率: 88.28
2025-11-12 08:25:50 - oxford_pets_sepfpl_8_0.1_1 - INFO - [Epoch 24/30] 训练耗时: 4.84s | 平均训练准确率: 88.44
2025-11-12 08:25:55 - oxford_pets_sepfpl_8_0.1_1 - INFO - [Epoch 25/30] 训练耗时: 4.90s | 平均训练准确率: 88.91
2025-11-12 08:26:00 - oxford_pets_sepfpl_8_0.1_1 - INFO - [Epoch 26/30] 训练耗时: 4.88s | 平均训练准确率: 84.38
2025-11-12 08:26:05 - oxford_pets_sepfpl_8_0.1_1 - INFO - [Epoch 27/30] 训练耗时: 5.00s | 平均训练准确率: 89.69
2025-11-12 08:26:10 - oxford_pets_sepfpl_8_0.1_1 - INFO - [Epoch 28/30] 训练耗时: 5.01s | 平均训练准确率: 89.84
2025-11-12 08:26:10 - oxford_pets_sepfpl_8_0.1_1 - INFO - ------------local test start-------------
2025-11-12 08:26:10 - oxford_pets_sepfpl_8_0.1_1 - INFO - Evaluate on the client0 local set
2025-11-12 08:26:13 - oxford_pets_sepfpl_8_0.1_1 - INFO - => result | total: 399 | correct: 176 | accuracy: 44.1% | error: 55.9% | macro_f1: 46.5%
2025-11-12 08:26:13 - oxford_pets_sepfpl_8_0.1_1 - INFO - Evaluate on the client0 neighbor set
2025-11-12 08:26:37 - oxford_pets_sepfpl_8_0.1_1 - INFO - => result | total: 3,270 | correct: 2,203 | accuracy: 67.4% | error: 32.6% | macro_f1: 61.5%
2025-11-12 08:26:37 - oxford_pets_sepfpl_8_0.1_1 - INFO - Evaluate on the client1 local set
2025-11-12 08:26:40 - oxford_pets_sepfpl_8_0.1_1 - INFO - => result | total: 399 | correct: 174 | accuracy: 43.6% | error: 56.4% | macro_f1: 46.4%
2025-11-12 08:26:40 - oxford_pets_sepfpl_8_0.1_1 - INFO - Evaluate on the client1 neighbor set
2025-11-12 08:27:04 - oxford_pets_sepfpl_8_0.1_1 - INFO - => result | total: 3,270 | correct: 2,236 | accuracy: 68.4% | error: 31.6% | macro_f1: 62.5%
2025-11-12 08:27:04 - oxford_pets_sepfpl_8_0.1_1 - INFO - Evaluate on the client2 local set
2025-11-12 08:27:07 - oxford_pets_sepfpl_8_0.1_1 - INFO - => result | total: 389 | correct: 365 | accuracy: 93.8% | error: 6.2% | macro_f1: 96.0%
2025-11-12 08:27:07 - oxford_pets_sepfpl_8_0.1_1 - INFO - Evaluate on the client2 neighbor set
2025-11-12 08:27:32 - oxford_pets_sepfpl_8_0.1_1 - INFO - => result | total: 3,280 | correct: 1,928 | accuracy: 58.8% | error: 41.2% | macro_f1: 53.7%
2025-11-12 08:27:32 - oxford_pets_sepfpl_8_0.1_1 - INFO - Evaluate on the client3 local set
2025-11-12 08:27:35 - oxford_pets_sepfpl_8_0.1_1 - INFO - => result | total: 397 | correct: 344 | accuracy: 86.6% | error: 13.4% | macro_f1: 90.3%
2025-11-12 08:27:35 - oxford_pets_sepfpl_8_0.1_1 - INFO - Evaluate on the client3 neighbor set
2025-11-12 08:27:59 - oxford_pets_sepfpl_8_0.1_1 - INFO - => result | total: 3,272 | correct: 2,002 | accuracy: 61.2% | error: 38.8% | macro_f1: 56.1%
2025-11-12 08:27:59 - oxford_pets_sepfpl_8_0.1_1 - INFO - Evaluate on the client4 local set
2025-11-12 08:28:03 - oxford_pets_sepfpl_8_0.1_1 - INFO - => result | total: 386 | correct: 291 | accuracy: 75.4% | error: 24.6% | macro_f1: 67.1%
2025-11-12 08:28:03 - oxford_pets_sepfpl_8_0.1_1 - INFO - Evaluate on the client4 neighbor set
2025-11-12 08:28:27 - oxford_pets_sepfpl_8_0.1_1 - INFO - => result | total: 3,283 | correct: 2,252 | accuracy: 68.6% | error: 31.4% | macro_f1: 64.1%
2025-11-12 08:28:27 - oxford_pets_sepfpl_8_0.1_1 - INFO - Evaluate on the client5 local set
2025-11-12 08:28:30 - oxford_pets_sepfpl_8_0.1_1 - INFO - => result | total: 399 | correct: 198 | accuracy: 49.6% | error: 50.4% | macro_f1: 45.8%
2025-11-12 08:28:30 - oxford_pets_sepfpl_8_0.1_1 - INFO - Evaluate on the client5 neighbor set
2025-11-12 08:28:54 - oxford_pets_sepfpl_8_0.1_1 - INFO - => result | total: 3,270 | correct: 2,137 | accuracy: 65.4% | error: 34.6% | macro_f1: 60.0%
2025-11-12 08:28:54 - oxford_pets_sepfpl_8_0.1_1 - INFO - Evaluate on the client6 local set
2025-11-12 08:28:57 - oxford_pets_sepfpl_8_0.1_1 - INFO - => result | total: 400 | correct: 197 | accuracy: 49.2% | error: 50.8% | macro_f1: 43.8%
2025-11-12 08:28:57 - oxford_pets_sepfpl_8_0.1_1 - INFO - Evaluate on the client6 neighbor set
2025-11-12 08:29:22 - oxford_pets_sepfpl_8_0.1_1 - INFO - => result | total: 3,269 | correct: 1,631 | accuracy: 49.9% | error: 50.1% | macro_f1: 43.8%
2025-11-12 08:29:22 - oxford_pets_sepfpl_8_0.1_1 - INFO - Evaluate on the client7 local set
2025-11-12 08:29:25 - oxford_pets_sepfpl_8_0.1_1 - INFO - => result | total: 400 | correct: 112 | accuracy: 28.0% | error: 72.0% | macro_f1: 30.4%
2025-11-12 08:29:25 - oxford_pets_sepfpl_8_0.1_1 - INFO - Evaluate on the client7 neighbor set
2025-11-12 08:29:49 - oxford_pets_sepfpl_8_0.1_1 - INFO - => result | total: 3,269 | correct: 1,496 | accuracy: 45.8% | error: 54.2% | macro_f1: 37.0%
2025-11-12 08:29:49 - oxford_pets_sepfpl_8_0.1_1 - INFO - Evaluate on the client8 local set
2025-11-12 08:29:52 - oxford_pets_sepfpl_8_0.1_1 - INFO - => result | total: 400 | correct: 367 | accuracy: 91.8% | error: 8.2% | macro_f1: 95.4%
2025-11-12 08:29:52 - oxford_pets_sepfpl_8_0.1_1 - INFO - Evaluate on the client8 neighbor set
2025-11-12 08:30:16 - oxford_pets_sepfpl_8_0.1_1 - INFO - => result | total: 3,269 | correct: 1,645 | accuracy: 50.3% | error: 49.7% | macro_f1: 43.0%
2025-11-12 08:30:16 - oxford_pets_sepfpl_8_0.1_1 - INFO - Evaluate on the client9 local set
2025-11-12 08:30:17 - oxford_pets_sepfpl_8_0.1_1 - INFO - => result | total: 100 | correct: 100 | accuracy: 100.0% | error: 0.0% | macro_f1: 100.0%
2025-11-12 08:30:17 - oxford_pets_sepfpl_8_0.1_1 - INFO - Evaluate on the client9 neighbor set
2025-11-12 08:30:43 - oxford_pets_sepfpl_8_0.1_1 - INFO - => result | total: 3,569 | correct: 2,110 | accuracy: 59.1% | error: 40.9% | macro_f1: 52.2%
2025-11-12 08:30:43 - oxford_pets_sepfpl_8_0.1_1 - INFO - Global test local acc: 66.22
2025-11-12 08:30:43 - oxford_pets_sepfpl_8_0.1_1 - INFO - Global test neighbor acc: 59.48
2025-11-12 08:30:43 - oxford_pets_sepfpl_8_0.1_1 - INFO - ------------local test finish-------------
2025-11-12 08:30:43 - oxford_pets_sepfpl_8_0.1_1 - INFO - [Epoch 28/30] 测试耗时: 273.58s
2025-11-12 08:30:48 - oxford_pets_sepfpl_8_0.1_1 - INFO - [Epoch 29/30] 训练耗时: 4.94s | 平均训练准确率: 92.19
2025-11-12 08:30:48 - oxford_pets_sepfpl_8_0.1_1 - INFO - ------------local test start-------------
2025-11-12 08:30:48 - oxford_pets_sepfpl_8_0.1_1 - INFO - Evaluate on the client0 local set
2025-11-12 08:30:51 - oxford_pets_sepfpl_8_0.1_1 - INFO - => result | total: 399 | correct: 150 | accuracy: 37.6% | error: 62.4% | macro_f1: 41.6%
2025-11-12 08:30:51 - oxford_pets_sepfpl_8_0.1_1 - INFO - Evaluate on the client0 neighbor set
2025-11-12 08:31:16 - oxford_pets_sepfpl_8_0.1_1 - INFO - => result | total: 3,270 | correct: 2,160 | accuracy: 66.1% | error: 33.9% | macro_f1: 60.1%
2025-11-12 08:31:16 - oxford_pets_sepfpl_8_0.1_1 - INFO - Evaluate on the client1 local set
2025-11-12 08:31:19 - oxford_pets_sepfpl_8_0.1_1 - INFO - => result | total: 399 | correct: 194 | accuracy: 48.6% | error: 51.4% | macro_f1: 51.0%
2025-11-12 08:31:19 - oxford_pets_sepfpl_8_0.1_1 - INFO - Evaluate on the client1 neighbor set
2025-11-12 08:31:43 - oxford_pets_sepfpl_8_0.1_1 - INFO - => result | total: 3,270 | correct: 2,022 | accuracy: 61.8% | error: 38.2% | macro_f1: 55.1%
2025-11-12 08:31:43 - oxford_pets_sepfpl_8_0.1_1 - INFO - Evaluate on the client2 local set
2025-11-12 08:31:46 - oxford_pets_sepfpl_8_0.1_1 - INFO - => result | total: 389 | correct: 364 | accuracy: 93.6% | error: 6.4% | macro_f1: 95.8%
2025-11-12 08:31:46 - oxford_pets_sepfpl_8_0.1_1 - INFO - Evaluate on the client2 neighbor set
2025-11-12 08:32:10 - oxford_pets_sepfpl_8_0.1_1 - INFO - => result | total: 3,280 | correct: 1,917 | accuracy: 58.4% | error: 41.6% | macro_f1: 53.4%
2025-11-12 08:32:10 - oxford_pets_sepfpl_8_0.1_1 - INFO - Evaluate on the client3 local set
2025-11-12 08:32:13 - oxford_pets_sepfpl_8_0.1_1 - INFO - => result | total: 397 | correct: 347 | accuracy: 87.4% | error: 12.6% | macro_f1: 91.6%
2025-11-12 08:32:13 - oxford_pets_sepfpl_8_0.1_1 - INFO - Evaluate on the client3 neighbor set
2025-11-12 08:32:38 - oxford_pets_sepfpl_8_0.1_1 - INFO - => result | total: 3,272 | correct: 2,034 | accuracy: 62.2% | error: 37.8% | macro_f1: 56.4%
2025-11-12 08:32:38 - oxford_pets_sepfpl_8_0.1_1 - INFO - Evaluate on the client4 local set
2025-11-12 08:32:41 - oxford_pets_sepfpl_8_0.1_1 - INFO - => result | total: 386 | correct: 292 | accuracy: 75.6% | error: 24.4% | macro_f1: 66.7%
2025-11-12 08:32:41 - oxford_pets_sepfpl_8_0.1_1 - INFO - Evaluate on the client4 neighbor set
2025-11-12 08:33:05 - oxford_pets_sepfpl_8_0.1_1 - INFO - => result | total: 3,283 | correct: 2,011 | accuracy: 61.3% | error: 38.7% | macro_f1: 55.8%
2025-11-12 08:33:05 - oxford_pets_sepfpl_8_0.1_1 - INFO - Evaluate on the client5 local set
2025-11-12 08:33:08 - oxford_pets_sepfpl_8_0.1_1 - INFO - => result | total: 399 | correct: 196 | accuracy: 49.1% | error: 50.9% | macro_f1: 47.8%
2025-11-12 08:33:08 - oxford_pets_sepfpl_8_0.1_1 - INFO - Evaluate on the client5 neighbor set
2025-11-12 08:33:33 - oxford_pets_sepfpl_8_0.1_1 - INFO - => result | total: 3,270 | correct: 1,732 | accuracy: 53.0% | error: 47.0% | macro_f1: 46.5%
2025-11-12 08:33:33 - oxford_pets_sepfpl_8_0.1_1 - INFO - Evaluate on the client6 local set
2025-11-12 08:33:36 - oxford_pets_sepfpl_8_0.1_1 - INFO - => result | total: 400 | correct: 175 | accuracy: 43.8% | error: 56.2% | macro_f1: 40.9%
2025-11-12 08:33:36 - oxford_pets_sepfpl_8_0.1_1 - INFO - Evaluate on the client6 neighbor set
2025-11-12 08:34:02 - oxford_pets_sepfpl_8_0.1_1 - INFO - => result | total: 3,269 | correct: 1,271 | accuracy: 38.9% | error: 61.1% | macro_f1: 33.0%
2025-11-12 08:34:02 - oxford_pets_sepfpl_8_0.1_1 - INFO - Evaluate on the client7 local set
2025-11-12 08:34:05 - oxford_pets_sepfpl_8_0.1_1 - INFO - => result | total: 400 | correct: 148 | accuracy: 37.0% | error: 63.0% | macro_f1: 41.2%
2025-11-12 08:34:05 - oxford_pets_sepfpl_8_0.1_1 - INFO - Evaluate on the client7 neighbor set
2025-11-12 08:34:29 - oxford_pets_sepfpl_8_0.1_1 - INFO - => result | total: 3,269 | correct: 1,307 | accuracy: 40.0% | error: 60.0% | macro_f1: 32.0%
2025-11-12 08:34:29 - oxford_pets_sepfpl_8_0.1_1 - INFO - Evaluate on the client8 local set
2025-11-12 08:34:32 - oxford_pets_sepfpl_8_0.1_1 - INFO - => result | total: 400 | correct: 260 | accuracy: 65.0% | error: 35.0% | macro_f1: 69.7%
2025-11-12 08:34:32 - oxford_pets_sepfpl_8_0.1_1 - INFO - Evaluate on the client8 neighbor set
2025-11-12 08:34:56 - oxford_pets_sepfpl_8_0.1_1 - INFO - => result | total: 3,269 | correct: 1,423 | accuracy: 43.5% | error: 56.5% | macro_f1: 37.4%
2025-11-12 08:34:56 - oxford_pets_sepfpl_8_0.1_1 - INFO - Evaluate on the client9 local set
2025-11-12 08:34:56 - oxford_pets_sepfpl_8_0.1_1 - INFO - => result | total: 100 | correct: 100 | accuracy: 100.0% | error: 0.0% | macro_f1: 100.0%
2025-11-12 08:34:56 - oxford_pets_sepfpl_8_0.1_1 - INFO - Evaluate on the client9 neighbor set
2025-11-12 08:35:23 - oxford_pets_sepfpl_8_0.1_1 - INFO - => result | total: 3,569 | correct: 1,996 | accuracy: 55.9% | error: 44.1% | macro_f1: 49.0%
2025-11-12 08:35:23 - oxford_pets_sepfpl_8_0.1_1 - INFO - Global test local acc: 63.77
2025-11-12 08:35:23 - oxford_pets_sepfpl_8_0.1_1 - INFO - Global test neighbor acc: 54.10
2025-11-12 08:35:23 - oxford_pets_sepfpl_8_0.1_1 - INFO - ------------local test finish-------------
2025-11-12 08:35:23 - oxford_pets_sepfpl_8_0.1_1 - INFO - [Epoch 29/30] 测试耗时: 274.31s
2025-11-12 08:35:23 - oxford_pets_sepfpl_8_0.1_1 - INFO - [RDP-sepfpl] 轮次 30: ε=0.405758, std=0.490588
2025-11-12 08:35:27 - oxford_pets_sepfpl_8_0.1_1 - INFO - [Epoch 30/30] 训练耗时: 4.80s | 平均训练准确率: 91.41
2025-11-12 08:35:27 - oxford_pets_sepfpl_8_0.1_1 - INFO - ------------local test start-------------
2025-11-12 08:35:27 - oxford_pets_sepfpl_8_0.1_1 - INFO - Evaluate on the client0 local set
2025-11-12 08:35:30 - oxford_pets_sepfpl_8_0.1_1 - INFO - => result | total: 399 | correct: 109 | accuracy: 27.3% | error: 72.7% | macro_f1: 29.3%
2025-11-12 08:35:30 - oxford_pets_sepfpl_8_0.1_1 - INFO - Evaluate on the client0 neighbor set
2025-11-12 08:35:54 - oxford_pets_sepfpl_8_0.1_1 - INFO - => result | total: 3,270 | correct: 2,081 | accuracy: 63.6% | error: 36.4% | macro_f1: 57.2%
2025-11-12 08:35:54 - oxford_pets_sepfpl_8_0.1_1 - INFO - Evaluate on the client1 local set
2025-11-12 08:35:57 - oxford_pets_sepfpl_8_0.1_1 - INFO - => result | total: 399 | correct: 195 | accuracy: 48.9% | error: 51.1% | macro_f1: 50.7%
2025-11-12 08:35:57 - oxford_pets_sepfpl_8_0.1_1 - INFO - Evaluate on the client1 neighbor set
2025-11-12 08:36:21 - oxford_pets_sepfpl_8_0.1_1 - INFO - => result | total: 3,270 | correct: 1,887 | accuracy: 57.7% | error: 42.3% | macro_f1: 50.5%
2025-11-12 08:36:21 - oxford_pets_sepfpl_8_0.1_1 - INFO - Evaluate on the client2 local set
2025-11-12 08:36:23 - oxford_pets_sepfpl_8_0.1_1 - INFO - => result | total: 389 | correct: 367 | accuracy: 94.3% | error: 5.7% | macro_f1: 96.3%
2025-11-12 08:36:23 - oxford_pets_sepfpl_8_0.1_1 - INFO - Evaluate on the client2 neighbor set
2025-11-12 08:36:47 - oxford_pets_sepfpl_8_0.1_1 - INFO - => result | total: 3,280 | correct: 1,904 | accuracy: 58.0% | error: 42.0% | macro_f1: 53.7%
2025-11-12 08:36:47 - oxford_pets_sepfpl_8_0.1_1 - INFO - Evaluate on the client3 local set
2025-11-12 08:36:50 - oxford_pets_sepfpl_8_0.1_1 - INFO - => result | total: 397 | correct: 290 | accuracy: 73.0% | error: 27.0% | macro_f1: 80.2%
2025-11-12 08:36:50 - oxford_pets_sepfpl_8_0.1_1 - INFO - Evaluate on the client3 neighbor set
2025-11-12 08:37:13 - oxford_pets_sepfpl_8_0.1_1 - INFO - => result | total: 3,272 | correct: 1,998 | accuracy: 61.1% | error: 38.9% | macro_f1: 54.9%
2025-11-12 08:37:13 - oxford_pets_sepfpl_8_0.1_1 - INFO - Evaluate on the client4 local set
2025-11-12 08:37:16 - oxford_pets_sepfpl_8_0.1_1 - INFO - => result | total: 386 | correct: 292 | accuracy: 75.6% | error: 24.4% | macro_f1: 67.3%
2025-11-12 08:37:16 - oxford_pets_sepfpl_8_0.1_1 - INFO - Evaluate on the client4 neighbor set
2025-11-12 08:37:40 - oxford_pets_sepfpl_8_0.1_1 - INFO - => result | total: 3,283 | correct: 2,182 | accuracy: 66.5% | error: 33.5% | macro_f1: 63.3%
2025-11-12 08:37:40 - oxford_pets_sepfpl_8_0.1_1 - INFO - Evaluate on the client5 local set
2025-11-12 08:37:43 - oxford_pets_sepfpl_8_0.1_1 - INFO - => result | total: 399 | correct: 197 | accuracy: 49.4% | error: 50.6% | macro_f1: 44.9%
2025-11-12 08:37:43 - oxford_pets_sepfpl_8_0.1_1 - INFO - Evaluate on the client5 neighbor set
2025-11-12 08:38:07 - oxford_pets_sepfpl_8_0.1_1 - INFO - => result | total: 3,270 | correct: 1,980 | accuracy: 60.6% | error: 39.4% | macro_f1: 55.9%
2025-11-12 08:38:07 - oxford_pets_sepfpl_8_0.1_1 - INFO - Evaluate on the client6 local set
2025-11-12 08:38:09 - oxford_pets_sepfpl_8_0.1_1 - INFO - => result | total: 400 | correct: 171 | accuracy: 42.8% | error: 57.2% | macro_f1: 40.3%
2025-11-12 08:38:09 - oxford_pets_sepfpl_8_0.1_1 - INFO - Evaluate on the client6 neighbor set
2025-11-12 08:38:33 - oxford_pets_sepfpl_8_0.1_1 - INFO - => result | total: 3,269 | correct: 1,320 | accuracy: 40.4% | error: 59.6% | macro_f1: 33.7%
2025-11-12 08:38:33 - oxford_pets_sepfpl_8_0.1_1 - INFO - Evaluate on the client7 local set
2025-11-12 08:38:36 - oxford_pets_sepfpl_8_0.1_1 - INFO - => result | total: 400 | correct: 177 | accuracy: 44.2% | error: 55.8% | macro_f1: 47.1%
2025-11-12 08:38:36 - oxford_pets_sepfpl_8_0.1_1 - INFO - Evaluate on the client7 neighbor set
2025-11-12 08:38:59 - oxford_pets_sepfpl_8_0.1_1 - INFO - => result | total: 3,269 | correct: 1,363 | accuracy: 41.7% | error: 58.3% | macro_f1: 34.7%
2025-11-12 08:38:59 - oxford_pets_sepfpl_8_0.1_1 - INFO - Evaluate on the client8 local set
2025-11-12 08:39:02 - oxford_pets_sepfpl_8_0.1_1 - INFO - => result | total: 400 | correct: 213 | accuracy: 53.2% | error: 46.8% | macro_f1: 60.9%
2025-11-12 08:39:02 - oxford_pets_sepfpl_8_0.1_1 - INFO - Evaluate on the client8 neighbor set
2025-11-12 08:39:26 - oxford_pets_sepfpl_8_0.1_1 - INFO - => result | total: 3,269 | correct: 1,456 | accuracy: 44.5% | error: 55.5% | macro_f1: 38.7%
2025-11-12 08:39:26 - oxford_pets_sepfpl_8_0.1_1 - INFO - Evaluate on the client9 local set
2025-11-12 08:39:27 - oxford_pets_sepfpl_8_0.1_1 - INFO - => result | total: 100 | correct: 100 | accuracy: 100.0% | error: 0.0% | macro_f1: 100.0%
2025-11-12 08:39:27 - oxford_pets_sepfpl_8_0.1_1 - INFO - Evaluate on the client9 neighbor set
2025-11-12 08:39:53 - oxford_pets_sepfpl_8_0.1_1 - INFO - => result | total: 3,569 | correct: 2,269 | accuracy: 63.6% | error: 36.4% | macro_f1: 57.8%
2025-11-12 08:39:53 - oxford_pets_sepfpl_8_0.1_1 - INFO - Global test local acc: 60.89
2025-11-12 08:39:53 - oxford_pets_sepfpl_8_0.1_1 - INFO - Global test neighbor acc: 55.77
2025-11-12 08:39:53 - oxford_pets_sepfpl_8_0.1_1 - INFO - ------------local test finish-------------
2025-11-12 08:39:53 - oxford_pets_sepfpl_8_0.1_1 - INFO - [Epoch 30/30] 测试耗时: 265.17s
2025-11-12 08:39:53 - oxford_pets_sepfpl_8_0.1_1 - INFO - maximum test local acc: 66.221
2025-11-12 08:39:53 - oxford_pets_sepfpl_8_0.1_1 - INFO - mean of local acc: 63.626
2025-11-12 08:39:53 - oxford_pets_sepfpl_8_0.1_1 - INFO - maximum test neighbor acc: 59.476
2025-11-12 08:39:53 - oxford_pets_sepfpl_8_0.1_1 - INFO - mean of neighbor acc: 56.449
