2025-11-07 18:01:00 - oxford_flowers_dpfpl_8_0.4_1 - INFO - 日志文件已创建: logs/oxford_flowers_dpfpl_8_0.4_1_20251107_180100.log
2025-11-07 18:01:03 - oxford_flowers_dpfpl_8_0.4_1 - INFO - ------------local train start epoch: 0 -------------
2025-11-07 18:01:32 - oxford_flowers_dpfpl_8_0.4_1 - INFO - Epoch: 0/3	finished batch : 8/9 (skip test)
2025-11-07 18:01:32 - oxford_flowers_dpfpl_8_0.4_1 - INFO - ------------epoch 0 完成，用时: 29.47s-------------
2025-11-07 18:01:32 - oxford_flowers_dpfpl_8_0.4_1 - INFO - ------------已完成 1 个epoch | 平均用时: 29.47s | 上一个epoch: 29.47s | 预计剩余时间: 58.93s (1.0分钟)-------------
2025-11-07 18:01:32 - oxford_flowers_dpfpl_8_0.4_1 - INFO - ------------local train start epoch: 1 -------------
2025-11-07 18:01:58 - oxford_flowers_dpfpl_8_0.4_1 - INFO - Epoch: 1/3	finished batch : 8/9 (skip test)
2025-11-07 18:01:58 - oxford_flowers_dpfpl_8_0.4_1 - INFO - ------------epoch 1 完成，用时: 25.54s-------------
2025-11-07 18:01:58 - oxford_flowers_dpfpl_8_0.4_1 - INFO - ------------已完成 2 个epoch | 平均用时: 27.50s | 上一个epoch: 25.54s | 预计剩余时间: 27.50s (0.5分钟)-------------
2025-11-07 18:01:58 - oxford_flowers_dpfpl_8_0.4_1 - INFO - ------------local train start epoch: 2 -------------
2025-11-07 18:02:23 - oxford_flowers_dpfpl_8_0.4_1 - INFO - ------------local test start-------------
2025-11-07 18:05:58 - oxford_flowers_dpfpl_8_0.4_1 - INFO - Global test local acc: 1.1912225705329154
2025-11-07 18:05:58 - oxford_flowers_dpfpl_8_0.4_1 - INFO - Global test neighbor acc: 2.0967209975017687
2025-11-07 18:05:58 - oxford_flowers_dpfpl_8_0.4_1 - INFO - ------------local test finish-------------
2025-11-07 18:05:58 - oxford_flowers_dpfpl_8_0.4_1 - INFO - Epoch: 2/3	finished batch : 8/9
2025-11-07 18:05:58 - oxford_flowers_dpfpl_8_0.4_1 - INFO - ------------epoch 2 完成，用时: 240.78s-------------
2025-11-07 18:05:58 - oxford_flowers_dpfpl_8_0.4_1 - INFO - maximum test local acc: 1.1912225705329154
2025-11-07 18:05:58 - oxford_flowers_dpfpl_8_0.4_1 - INFO - mean of local acc: 1.1912225705329154
2025-11-07 18:05:58 - oxford_flowers_dpfpl_8_0.4_1 - INFO - maximum test neighbor acc: 2.0967209975017687
2025-11-07 18:05:58 - oxford_flowers_dpfpl_8_0.4_1 - INFO - mean of neighbor acc: 2.0967209975017687
