2025-11-07 10:17:24 - oxford_pets_fedpgp_8_0.1_1 - INFO - 日志文件已创建: logs/oxford_pets_fedpgp_8_0.1_1_20251107_101724.log
2025-11-07 10:17:27 - oxford_pets_fedpgp_8_0.1_1 - INFO - ------------local train start epoch: 0 -------------
2025-11-07 10:17:35 - oxford_pets_fedpgp_8_0.1_1 - INFO - Epoch: 0/3	finished batch : 1/2 (skip test)
2025-11-07 10:17:35 - oxford_pets_fedpgp_8_0.1_1 - INFO - ------------epoch 0 完成，用时: 7.69s-------------
2025-11-07 10:17:35 - oxford_pets_fedpgp_8_0.1_1 - INFO - ------------已完成 1 个epoch | 平均用时: 7.69s | 上一个epoch: 7.69s | 预计剩余时间: 15.38s (0.3分钟)-------------
2025-11-07 10:17:35 - oxford_pets_fedpgp_8_0.1_1 - INFO - ------------local train start epoch: 1 -------------
2025-11-07 10:17:41 - oxford_pets_fedpgp_8_0.1_1 - INFO - Epoch: 1/3	finished batch : 1/2 (skip test)
2025-11-07 10:17:41 - oxford_pets_fedpgp_8_0.1_1 - INFO - ------------epoch 1 完成，用时: 6.07s-------------
2025-11-07 10:17:41 - oxford_pets_fedpgp_8_0.1_1 - INFO - ------------已完成 2 个epoch | 平均用时: 6.88s | 上一个epoch: 6.07s | 预计剩余时间: 6.88s (0.1分钟)-------------
2025-11-07 10:17:41 - oxford_pets_fedpgp_8_0.1_1 - INFO - ------------local train start epoch: 2 -------------
2025-11-07 10:17:46 - oxford_pets_fedpgp_8_0.1_1 - INFO - ------------local test start-------------
2025-11-07 10:23:28 - oxford_pets_fedpgp_8_0.1_1 - INFO - Global test local acc: 62.95584606250045
2025-11-07 10:23:28 - oxford_pets_fedpgp_8_0.1_1 - INFO - Global test neighbor acc: 61.12993838906245
2025-11-07 10:23:28 - oxford_pets_fedpgp_8_0.1_1 - INFO - ------------local test finish-------------
2025-11-07 10:23:28 - oxford_pets_fedpgp_8_0.1_1 - INFO - Epoch: 2/3	finished batch : 1/2
2025-11-07 10:23:28 - oxford_pets_fedpgp_8_0.1_1 - INFO - ------------epoch 2 完成，用时: 347.08s-------------
2025-11-07 10:23:28 - oxford_pets_fedpgp_8_0.1_1 - INFO - maximum test local acc: 62.95584606250045
2025-11-07 10:23:28 - oxford_pets_fedpgp_8_0.1_1 - INFO - mean of local acc: 62.95584606250045
2025-11-07 10:23:28 - oxford_pets_fedpgp_8_0.1_1 - INFO - maximum test neighbor acc: 61.12993838906245
2025-11-07 10:23:28 - oxford_pets_fedpgp_8_0.1_1 - INFO - mean of neighbor acc: 61.12993838906245
