2025-11-12 09:29:06 - oxford_pets_fedpgp_8_0.01_1 - INFO - 日志文件已创建: logs/oxford_pets_fedpgp_8_0.01_1_20251112_092906.log
2025-11-12 09:29:06 - oxford_pets_fedpgp_8_0.01_1 - INFO - Loading trainer: DP_FPL
2025-11-12 09:29:06 - oxford_pets_fedpgp_8_0.01_1 - INFO - Loading dataset: OxfordPets
2025-11-12 09:29:06 - oxford_pets_fedpgp_8_0.01_1 - INFO - Reading split from /home/liuxin25/dataset/oxford_pets/split_zhou_OxfordPets.json
2025-11-12 09:29:06 - oxford_pets_fedpgp_8_0.01_1 - INFO - Creating a baseline federated dataset
2025-11-12 09:29:06 - oxford_pets_fedpgp_8_0.01_1 - INFO - class_num 37
2025-11-12 09:29:06 - oxford_pets_fedpgp_8_0.01_1 - INFO - user class dict total [18, 14, 23, 10]
2025-11-12 09:29:06 - oxford_pets_fedpgp_8_0.01_1 - INFO - idx: 0, output_dict_len: 320
2025-11-12 09:29:06 - oxford_pets_fedpgp_8_0.01_1 - INFO - user class dict total [8, 4, 13, 19]
2025-11-12 09:29:06 - oxford_pets_fedpgp_8_0.01_1 - INFO - idx: 1, output_dict_len: 320
2025-11-12 09:29:06 - oxford_pets_fedpgp_8_0.01_1 - INFO - user class dict total [12, 29, 34, 15]
2025-11-12 09:29:06 - oxford_pets_fedpgp_8_0.01_1 - INFO - idx: 2, output_dict_len: 317
2025-11-12 09:29:06 - oxford_pets_fedpgp_8_0.01_1 - INFO - user class dict total [2, 32, 1, 11]
2025-11-12 09:29:06 - oxford_pets_fedpgp_8_0.01_1 - INFO - idx: 3, output_dict_len: 313
2025-11-12 09:29:06 - oxford_pets_fedpgp_8_0.01_1 - INFO - user class dict total [31, 0, 35, 7]
2025-11-12 09:29:06 - oxford_pets_fedpgp_8_0.01_1 - INFO - idx: 4, output_dict_len: 317
2025-11-12 09:29:06 - oxford_pets_fedpgp_8_0.01_1 - INFO - user class dict total [5, 27, 16, 30]
2025-11-12 09:29:06 - oxford_pets_fedpgp_8_0.01_1 - INFO - idx: 5, output_dict_len: 320
2025-11-12 09:29:06 - oxford_pets_fedpgp_8_0.01_1 - INFO - user class dict total [17, 22, 26, 9]
2025-11-12 09:29:06 - oxford_pets_fedpgp_8_0.01_1 - INFO - idx: 6, output_dict_len: 317
2025-11-12 09:29:06 - oxford_pets_fedpgp_8_0.01_1 - INFO - user class dict total [33, 3, 25, 6]
2025-11-12 09:29:06 - oxford_pets_fedpgp_8_0.01_1 - INFO - idx: 7, output_dict_len: 320
2025-11-12 09:29:06 - oxford_pets_fedpgp_8_0.01_1 - INFO - user class dict total [21, 20, 36, 28]
2025-11-12 09:29:06 - oxford_pets_fedpgp_8_0.01_1 - INFO - idx: 8, output_dict_len: 320
2025-11-12 09:29:06 - oxford_pets_fedpgp_8_0.01_1 - INFO - user class dict total [24]
2025-11-12 09:29:06 - oxford_pets_fedpgp_8_0.01_1 - INFO - idx: 9, output_dict_len: 80
2025-11-12 09:29:06 - oxford_pets_fedpgp_8_0.01_1 - INFO - Creating a baseline federated dataset
2025-11-12 09:29:06 - oxford_pets_fedpgp_8_0.01_1 - INFO - class_num 37
2025-11-12 09:29:06 - oxford_pets_fedpgp_8_0.01_1 - INFO - user class dict total [18, 14, 23, 10]
2025-11-12 09:29:06 - oxford_pets_fedpgp_8_0.01_1 - INFO - idx: 0, output_dict_len: 399
2025-11-12 09:29:06 - oxford_pets_fedpgp_8_0.01_1 - INFO - user class dict total [8, 4, 13, 19]
2025-11-12 09:29:06 - oxford_pets_fedpgp_8_0.01_1 - INFO - idx: 1, output_dict_len: 399
2025-11-12 09:29:06 - oxford_pets_fedpgp_8_0.01_1 - INFO - user class dict total [12, 29, 34, 15]
2025-11-12 09:29:06 - oxford_pets_fedpgp_8_0.01_1 - INFO - idx: 2, output_dict_len: 389
2025-11-12 09:29:06 - oxford_pets_fedpgp_8_0.01_1 - INFO - user class dict total [2, 32, 1, 11]
2025-11-12 09:29:06 - oxford_pets_fedpgp_8_0.01_1 - INFO - idx: 3, output_dict_len: 397
2025-11-12 09:29:06 - oxford_pets_fedpgp_8_0.01_1 - INFO - user class dict total [31, 0, 35, 7]
2025-11-12 09:29:06 - oxford_pets_fedpgp_8_0.01_1 - INFO - idx: 4, output_dict_len: 386
2025-11-12 09:29:06 - oxford_pets_fedpgp_8_0.01_1 - INFO - user class dict total [5, 27, 16, 30]
2025-11-12 09:29:06 - oxford_pets_fedpgp_8_0.01_1 - INFO - idx: 5, output_dict_len: 399
2025-11-12 09:29:06 - oxford_pets_fedpgp_8_0.01_1 - INFO - user class dict total [17, 22, 26, 9]
2025-11-12 09:29:06 - oxford_pets_fedpgp_8_0.01_1 - INFO - idx: 6, output_dict_len: 400
2025-11-12 09:29:06 - oxford_pets_fedpgp_8_0.01_1 - INFO - user class dict total [33, 3, 25, 6]
2025-11-12 09:29:06 - oxford_pets_fedpgp_8_0.01_1 - INFO - idx: 7, output_dict_len: 400
2025-11-12 09:29:06 - oxford_pets_fedpgp_8_0.01_1 - INFO - user class dict total [21, 20, 36, 28]
2025-11-12 09:29:06 - oxford_pets_fedpgp_8_0.01_1 - INFO - idx: 8, output_dict_len: 400
2025-11-12 09:29:06 - oxford_pets_fedpgp_8_0.01_1 - INFO - user class dict total [24]
2025-11-12 09:29:06 - oxford_pets_fedpgp_8_0.01_1 - INFO - idx: 9, output_dict_len: 100
2025-11-12 09:29:06 - oxford_pets_fedpgp_8_0.01_1 - INFO - Loading CLIP (backbone: ViT-B/16)
2025-11-12 09:29:09 - oxford_pets_fedpgp_8_0.01_1 - INFO - Building custom CLIP
2025-11-12 09:29:09 - oxford_pets_fedpgp_8_0.01_1 - INFO - Turning off gradients in both the image and the text encoder
2025-11-12 09:29:15 - oxford_pets_fedpgp_8_0.01_1 - INFO - [Epoch 1/30] 训练耗时: 5.64s | 平均训练准确率: 60.31
2025-11-12 09:29:20 - oxford_pets_fedpgp_8_0.01_1 - INFO - [Epoch 2/30] 训练耗时: 4.78s | 平均训练准确率: 75.00
2025-11-12 09:29:24 - oxford_pets_fedpgp_8_0.01_1 - INFO - [Epoch 3/30] 训练耗时: 4.90s | 平均训练准确率: 75.94
2025-11-12 09:29:29 - oxford_pets_fedpgp_8_0.01_1 - INFO - [Epoch 4/30] 训练耗时: 4.83s | 平均训练准确率: 77.03
2025-11-12 09:29:34 - oxford_pets_fedpgp_8_0.01_1 - INFO - [Epoch 5/30] 训练耗时: 4.83s | 平均训练准确率: 75.78
2025-11-12 09:29:39 - oxford_pets_fedpgp_8_0.01_1 - INFO - [Epoch 6/30] 训练耗时: 4.72s | 平均训练准确率: 60.78
2025-11-12 09:29:44 - oxford_pets_fedpgp_8_0.01_1 - INFO - [Epoch 7/30] 训练耗时: 4.86s | 平均训练准确率: 70.47
2025-11-12 09:29:48 - oxford_pets_fedpgp_8_0.01_1 - INFO - [Epoch 8/30] 训练耗时: 4.76s | 平均训练准确率: 72.66
2025-11-12 09:29:53 - oxford_pets_fedpgp_8_0.01_1 - INFO - [Epoch 9/30] 训练耗时: 4.83s | 平均训练准确率: 74.38
2025-11-12 09:29:58 - oxford_pets_fedpgp_8_0.01_1 - INFO - [Epoch 10/30] 训练耗时: 4.85s | 平均训练准确率: 73.75
2025-11-12 09:30:03 - oxford_pets_fedpgp_8_0.01_1 - INFO - [Epoch 11/30] 训练耗时: 4.88s | 平均训练准确率: 73.12
2025-11-12 09:30:08 - oxford_pets_fedpgp_8_0.01_1 - INFO - [Epoch 12/30] 训练耗时: 4.87s | 平均训练准确率: 67.34
2025-11-12 09:30:13 - oxford_pets_fedpgp_8_0.01_1 - INFO - [Epoch 13/30] 训练耗时: 4.75s | 平均训练准确率: 72.97
2025-11-12 09:30:18 - oxford_pets_fedpgp_8_0.01_1 - INFO - [Epoch 14/30] 训练耗时: 5.15s | 平均训练准确率: 69.06
2025-11-12 09:30:23 - oxford_pets_fedpgp_8_0.01_1 - INFO - [Epoch 15/30] 训练耗时: 5.01s | 平均训练准确率: 76.09
2025-11-12 09:30:28 - oxford_pets_fedpgp_8_0.01_1 - INFO - [Epoch 16/30] 训练耗时: 4.83s | 平均训练准确率: 75.31
2025-11-12 09:30:32 - oxford_pets_fedpgp_8_0.01_1 - INFO - [Epoch 17/30] 训练耗时: 4.81s | 平均训练准确率: 70.94
2025-11-12 09:30:37 - oxford_pets_fedpgp_8_0.01_1 - INFO - [Epoch 18/30] 训练耗时: 4.71s | 平均训练准确率: 72.19
2025-11-12 09:30:42 - oxford_pets_fedpgp_8_0.01_1 - INFO - [Epoch 19/30] 训练耗时: 4.97s | 平均训练准确率: 76.09
2025-11-12 09:30:47 - oxford_pets_fedpgp_8_0.01_1 - INFO - [Epoch 20/30] 训练耗时: 4.80s | 平均训练准确率: 77.97
2025-11-12 09:30:52 - oxford_pets_fedpgp_8_0.01_1 - INFO - [Epoch 21/30] 训练耗时: 4.82s | 平均训练准确率: 70.16
2025-11-12 09:30:57 - oxford_pets_fedpgp_8_0.01_1 - INFO - [Epoch 22/30] 训练耗时: 4.83s | 平均训练准确率: 70.00
2025-11-12 09:31:01 - oxford_pets_fedpgp_8_0.01_1 - INFO - [Epoch 23/30] 训练耗时: 4.84s | 平均训练准确率: 70.16
2025-11-12 09:31:06 - oxford_pets_fedpgp_8_0.01_1 - INFO - [Epoch 24/30] 训练耗时: 4.85s | 平均训练准确率: 70.47
2025-11-12 09:31:11 - oxford_pets_fedpgp_8_0.01_1 - INFO - [Epoch 25/30] 训练耗时: 4.80s | 平均训练准确率: 70.94
2025-11-12 09:31:16 - oxford_pets_fedpgp_8_0.01_1 - INFO - [Epoch 26/30] 训练耗时: 4.79s | 平均训练准确率: 66.41
2025-11-12 09:31:21 - oxford_pets_fedpgp_8_0.01_1 - INFO - [Epoch 27/30] 训练耗时: 4.81s | 平均训练准确率: 73.91
2025-11-12 09:31:25 - oxford_pets_fedpgp_8_0.01_1 - INFO - [Epoch 28/30] 训练耗时: 4.80s | 平均训练准确率: 77.66
2025-11-12 09:31:25 - oxford_pets_fedpgp_8_0.01_1 - INFO - ------------local test start-------------
2025-11-12 09:31:25 - oxford_pets_fedpgp_8_0.01_1 - INFO - Evaluate on the client0 local set
2025-11-12 09:31:29 - oxford_pets_fedpgp_8_0.01_1 - INFO - => result | total: 399 | correct: 256 | accuracy: 64.2% | error: 35.8% | macro_f1: 68.9%
2025-11-12 09:31:29 - oxford_pets_fedpgp_8_0.01_1 - INFO - Evaluate on the client0 neighbor set
2025-11-12 09:31:53 - oxford_pets_fedpgp_8_0.01_1 - INFO - => result | total: 3,270 | correct: 2,651 | accuracy: 81.1% | error: 18.9% | macro_f1: 79.1%
2025-11-12 09:31:53 - oxford_pets_fedpgp_8_0.01_1 - INFO - Evaluate on the client1 local set
2025-11-12 09:31:56 - oxford_pets_fedpgp_8_0.01_1 - INFO - => result | total: 399 | correct: 369 | accuracy: 92.5% | error: 7.5% | macro_f1: 96.0%
2025-11-12 09:31:56 - oxford_pets_fedpgp_8_0.01_1 - INFO - Evaluate on the client1 neighbor set
2025-11-12 09:32:23 - oxford_pets_fedpgp_8_0.01_1 - INFO - => result | total: 3,270 | correct: 2,516 | accuracy: 76.9% | error: 23.1% | macro_f1: 74.6%
2025-11-12 09:32:23 - oxford_pets_fedpgp_8_0.01_1 - INFO - Evaluate on the client2 local set
2025-11-12 09:32:26 - oxford_pets_fedpgp_8_0.01_1 - INFO - => result | total: 389 | correct: 324 | accuracy: 83.3% | error: 16.7% | macro_f1: 89.3%
2025-11-12 09:32:26 - oxford_pets_fedpgp_8_0.01_1 - INFO - Evaluate on the client2 neighbor set
2025-11-12 09:32:51 - oxford_pets_fedpgp_8_0.01_1 - INFO - => result | total: 3,280 | correct: 2,550 | accuracy: 77.7% | error: 22.3% | macro_f1: 75.2%
2025-11-12 09:32:51 - oxford_pets_fedpgp_8_0.01_1 - INFO - Evaluate on the client3 local set
2025-11-12 09:32:54 - oxford_pets_fedpgp_8_0.01_1 - INFO - => result | total: 397 | correct: 273 | accuracy: 68.8% | error: 31.2% | macro_f1: 76.4%
2025-11-12 09:32:54 - oxford_pets_fedpgp_8_0.01_1 - INFO - Evaluate on the client3 neighbor set
2025-11-12 09:33:18 - oxford_pets_fedpgp_8_0.01_1 - INFO - => result | total: 3,272 | correct: 2,578 | accuracy: 78.8% | error: 21.2% | macro_f1: 77.8%
2025-11-12 09:33:18 - oxford_pets_fedpgp_8_0.01_1 - INFO - Evaluate on the client4 local set
2025-11-12 09:33:21 - oxford_pets_fedpgp_8_0.01_1 - INFO - => result | total: 386 | correct: 262 | accuracy: 67.9% | error: 32.1% | macro_f1: 69.5%
2025-11-12 09:33:21 - oxford_pets_fedpgp_8_0.01_1 - INFO - Evaluate on the client4 neighbor set
2025-11-12 09:33:46 - oxford_pets_fedpgp_8_0.01_1 - INFO - => result | total: 3,283 | correct: 2,572 | accuracy: 78.3% | error: 21.7% | macro_f1: 76.5%
2025-11-12 09:33:46 - oxford_pets_fedpgp_8_0.01_1 - INFO - Evaluate on the client5 local set
2025-11-12 09:33:49 - oxford_pets_fedpgp_8_0.01_1 - INFO - => result | total: 399 | correct: 290 | accuracy: 72.7% | error: 27.3% | macro_f1: 73.7%
2025-11-12 09:33:49 - oxford_pets_fedpgp_8_0.01_1 - INFO - Evaluate on the client5 neighbor set
2025-11-12 09:34:14 - oxford_pets_fedpgp_8_0.01_1 - INFO - => result | total: 3,270 | correct: 2,525 | accuracy: 77.2% | error: 22.8% | macro_f1: 75.1%
2025-11-12 09:34:14 - oxford_pets_fedpgp_8_0.01_1 - INFO - Evaluate on the client6 local set
2025-11-12 09:34:17 - oxford_pets_fedpgp_8_0.01_1 - INFO - => result | total: 400 | correct: 281 | accuracy: 70.2% | error: 29.8% | macro_f1: 71.3%
2025-11-12 09:34:17 - oxford_pets_fedpgp_8_0.01_1 - INFO - Evaluate on the client6 neighbor set
2025-11-12 09:34:41 - oxford_pets_fedpgp_8_0.01_1 - INFO - => result | total: 3,269 | correct: 2,514 | accuracy: 76.9% | error: 23.1% | macro_f1: 75.7%
2025-11-12 09:34:41 - oxford_pets_fedpgp_8_0.01_1 - INFO - Evaluate on the client7 local set
2025-11-12 09:34:44 - oxford_pets_fedpgp_8_0.01_1 - INFO - => result | total: 400 | correct: 312 | accuracy: 78.0% | error: 22.0% | macro_f1: 84.6%
2025-11-12 09:34:44 - oxford_pets_fedpgp_8_0.01_1 - INFO - Evaluate on the client7 neighbor set
2025-11-12 09:35:08 - oxford_pets_fedpgp_8_0.01_1 - INFO - => result | total: 3,269 | correct: 2,456 | accuracy: 75.1% | error: 24.9% | macro_f1: 71.9%
2025-11-12 09:35:08 - oxford_pets_fedpgp_8_0.01_1 - INFO - Evaluate on the client8 local set
2025-11-12 09:35:11 - oxford_pets_fedpgp_8_0.01_1 - INFO - => result | total: 400 | correct: 385 | accuracy: 96.2% | error: 3.8% | macro_f1: 98.1%
2025-11-12 09:35:11 - oxford_pets_fedpgp_8_0.01_1 - INFO - Evaluate on the client8 neighbor set
2025-11-12 09:35:36 - oxford_pets_fedpgp_8_0.01_1 - INFO - => result | total: 3,269 | correct: 2,367 | accuracy: 72.4% | error: 27.6% | macro_f1: 69.8%
2025-11-12 09:35:36 - oxford_pets_fedpgp_8_0.01_1 - INFO - Evaluate on the client9 local set
2025-11-12 09:35:37 - oxford_pets_fedpgp_8_0.01_1 - INFO - => result | total: 100 | correct: 99 | accuracy: 99.0% | error: 1.0% | macro_f1: 99.5%
2025-11-12 09:35:37 - oxford_pets_fedpgp_8_0.01_1 - INFO - Evaluate on the client9 neighbor set
2025-11-12 09:36:04 - oxford_pets_fedpgp_8_0.01_1 - INFO - => result | total: 3,569 | correct: 2,640 | accuracy: 74.0% | error: 26.0% | macro_f1: 71.0%
2025-11-12 09:36:04 - oxford_pets_fedpgp_8_0.01_1 - INFO - Global test local acc: 79.28
2025-11-12 09:36:04 - oxford_pets_fedpgp_8_0.01_1 - INFO - Global test neighbor acc: 76.85
2025-11-12 09:36:04 - oxford_pets_fedpgp_8_0.01_1 - INFO - ------------local test finish-------------
2025-11-12 09:36:04 - oxford_pets_fedpgp_8_0.01_1 - INFO - [Epoch 28/30] 测试耗时: 278.20s
2025-11-12 09:36:08 - oxford_pets_fedpgp_8_0.01_1 - INFO - [Epoch 29/30] 训练耗时: 4.68s | 平均训练准确率: 74.53
2025-11-12 09:36:08 - oxford_pets_fedpgp_8_0.01_1 - INFO - ------------local test start-------------
2025-11-12 09:36:08 - oxford_pets_fedpgp_8_0.01_1 - INFO - Evaluate on the client0 local set
2025-11-12 09:36:11 - oxford_pets_fedpgp_8_0.01_1 - INFO - => result | total: 399 | correct: 259 | accuracy: 64.9% | error: 35.1% | macro_f1: 69.6%
2025-11-12 09:36:11 - oxford_pets_fedpgp_8_0.01_1 - INFO - Evaluate on the client0 neighbor set
2025-11-12 09:36:36 - oxford_pets_fedpgp_8_0.01_1 - INFO - => result | total: 3,270 | correct: 2,438 | accuracy: 74.6% | error: 25.4% | macro_f1: 70.1%
2025-11-12 09:36:36 - oxford_pets_fedpgp_8_0.01_1 - INFO - Evaluate on the client1 local set
2025-11-12 09:36:39 - oxford_pets_fedpgp_8_0.01_1 - INFO - => result | total: 399 | correct: 289 | accuracy: 72.4% | error: 27.6% | macro_f1: 75.5%
2025-11-12 09:36:39 - oxford_pets_fedpgp_8_0.01_1 - INFO - Evaluate on the client1 neighbor set
2025-11-12 09:37:04 - oxford_pets_fedpgp_8_0.01_1 - INFO - => result | total: 3,270 | correct: 2,412 | accuracy: 73.8% | error: 26.2% | macro_f1: 70.4%
2025-11-12 09:37:04 - oxford_pets_fedpgp_8_0.01_1 - INFO - Evaluate on the client2 local set
2025-11-12 09:37:07 - oxford_pets_fedpgp_8_0.01_1 - INFO - => result | total: 389 | correct: 335 | accuracy: 86.1% | error: 13.9% | macro_f1: 91.4%
2025-11-12 09:37:07 - oxford_pets_fedpgp_8_0.01_1 - INFO - Evaluate on the client2 neighbor set
2025-11-12 09:37:33 - oxford_pets_fedpgp_8_0.01_1 - INFO - => result | total: 3,280 | correct: 2,369 | accuracy: 72.2% | error: 27.8% | macro_f1: 67.6%
2025-11-12 09:37:33 - oxford_pets_fedpgp_8_0.01_1 - INFO - Evaluate on the client3 local set
2025-11-12 09:37:35 - oxford_pets_fedpgp_8_0.01_1 - INFO - => result | total: 397 | correct: 244 | accuracy: 61.5% | error: 38.5% | macro_f1: 65.4%
2025-11-12 09:37:35 - oxford_pets_fedpgp_8_0.01_1 - INFO - Evaluate on the client3 neighbor set
2025-11-12 09:38:00 - oxford_pets_fedpgp_8_0.01_1 - INFO - => result | total: 3,272 | correct: 2,461 | accuracy: 75.2% | error: 24.8% | macro_f1: 72.5%
2025-11-12 09:38:00 - oxford_pets_fedpgp_8_0.01_1 - INFO - Evaluate on the client4 local set
2025-11-12 09:38:03 - oxford_pets_fedpgp_8_0.01_1 - INFO - => result | total: 386 | correct: 223 | accuracy: 57.8% | error: 42.2% | macro_f1: 61.0%
2025-11-12 09:38:03 - oxford_pets_fedpgp_8_0.01_1 - INFO - Evaluate on the client4 neighbor set
2025-11-12 09:38:28 - oxford_pets_fedpgp_8_0.01_1 - INFO - => result | total: 3,283 | correct: 2,480 | accuracy: 75.5% | error: 24.5% | macro_f1: 71.1%
2025-11-12 09:38:28 - oxford_pets_fedpgp_8_0.01_1 - INFO - Evaluate on the client5 local set
2025-11-12 09:38:31 - oxford_pets_fedpgp_8_0.01_1 - INFO - => result | total: 399 | correct: 291 | accuracy: 72.9% | error: 27.1% | macro_f1: 73.9%
2025-11-12 09:38:31 - oxford_pets_fedpgp_8_0.01_1 - INFO - Evaluate on the client5 neighbor set
2025-11-12 09:38:55 - oxford_pets_fedpgp_8_0.01_1 - INFO - => result | total: 3,270 | correct: 2,416 | accuracy: 73.9% | error: 26.1% | macro_f1: 69.7%
2025-11-12 09:38:55 - oxford_pets_fedpgp_8_0.01_1 - INFO - Evaluate on the client6 local set
2025-11-12 09:38:58 - oxford_pets_fedpgp_8_0.01_1 - INFO - => result | total: 400 | correct: 224 | accuracy: 56.0% | error: 44.0% | macro_f1: 57.4%
2025-11-12 09:38:58 - oxford_pets_fedpgp_8_0.01_1 - INFO - Evaluate on the client6 neighbor set
2025-11-12 09:39:23 - oxford_pets_fedpgp_8_0.01_1 - INFO - => result | total: 3,269 | correct: 2,484 | accuracy: 76.0% | error: 24.0% | macro_f1: 72.9%
2025-11-12 09:39:23 - oxford_pets_fedpgp_8_0.01_1 - INFO - Evaluate on the client7 local set
2025-11-12 09:39:26 - oxford_pets_fedpgp_8_0.01_1 - INFO - => result | total: 400 | correct: 360 | accuracy: 90.0% | error: 10.0% | macro_f1: 94.5%
2025-11-12 09:39:26 - oxford_pets_fedpgp_8_0.01_1 - INFO - Evaluate on the client7 neighbor set
2025-11-12 09:39:50 - oxford_pets_fedpgp_8_0.01_1 - INFO - => result | total: 3,269 | correct: 2,343 | accuracy: 71.7% | error: 28.3% | macro_f1: 66.8%
2025-11-12 09:39:50 - oxford_pets_fedpgp_8_0.01_1 - INFO - Evaluate on the client8 local set
2025-11-12 09:39:53 - oxford_pets_fedpgp_8_0.01_1 - INFO - => result | total: 400 | correct: 384 | accuracy: 96.0% | error: 4.0% | macro_f1: 97.9%
2025-11-12 09:39:53 - oxford_pets_fedpgp_8_0.01_1 - INFO - Evaluate on the client8 neighbor set
2025-11-12 09:40:18 - oxford_pets_fedpgp_8_0.01_1 - INFO - => result | total: 3,269 | correct: 2,315 | accuracy: 70.8% | error: 29.2% | macro_f1: 66.1%
2025-11-12 09:40:18 - oxford_pets_fedpgp_8_0.01_1 - INFO - Evaluate on the client9 local set
2025-11-12 09:40:19 - oxford_pets_fedpgp_8_0.01_1 - INFO - => result | total: 100 | correct: 100 | accuracy: 100.0% | error: 0.0% | macro_f1: 100.0%
2025-11-12 09:40:19 - oxford_pets_fedpgp_8_0.01_1 - INFO - Evaluate on the client9 neighbor set
2025-11-12 09:40:45 - oxford_pets_fedpgp_8_0.01_1 - INFO - => result | total: 3,569 | correct: 2,597 | accuracy: 72.8% | error: 27.2% | macro_f1: 67.9%
2025-11-12 09:40:45 - oxford_pets_fedpgp_8_0.01_1 - INFO - Global test local acc: 75.76
2025-11-12 09:40:45 - oxford_pets_fedpgp_8_0.01_1 - INFO - Global test neighbor acc: 73.64
2025-11-12 09:40:45 - oxford_pets_fedpgp_8_0.01_1 - INFO - ------------local test finish-------------
2025-11-12 09:40:45 - oxford_pets_fedpgp_8_0.01_1 - INFO - [Epoch 29/30] 测试耗时: 276.81s
2025-11-12 09:40:50 - oxford_pets_fedpgp_8_0.01_1 - INFO - [Epoch 30/30] 训练耗时: 4.77s | 平均训练准确率: 72.81
2025-11-12 09:40:50 - oxford_pets_fedpgp_8_0.01_1 - INFO - ------------local test start-------------
2025-11-12 09:40:50 - oxford_pets_fedpgp_8_0.01_1 - INFO - Evaluate on the client0 local set
2025-11-12 09:40:53 - oxford_pets_fedpgp_8_0.01_1 - INFO - => result | total: 399 | correct: 251 | accuracy: 62.9% | error: 37.1% | macro_f1: 68.1%
2025-11-12 09:40:53 - oxford_pets_fedpgp_8_0.01_1 - INFO - Evaluate on the client0 neighbor set
2025-11-12 09:41:18 - oxford_pets_fedpgp_8_0.01_1 - INFO - => result | total: 3,270 | correct: 2,382 | accuracy: 72.8% | error: 27.2% | macro_f1: 66.9%
2025-11-12 09:41:18 - oxford_pets_fedpgp_8_0.01_1 - INFO - Evaluate on the client1 local set
2025-11-12 09:41:21 - oxford_pets_fedpgp_8_0.01_1 - INFO - => result | total: 399 | correct: 282 | accuracy: 70.7% | error: 29.3% | macro_f1: 72.9%
2025-11-12 09:41:21 - oxford_pets_fedpgp_8_0.01_1 - INFO - Evaluate on the client1 neighbor set
2025-11-12 09:41:45 - oxford_pets_fedpgp_8_0.01_1 - INFO - => result | total: 3,270 | correct: 2,363 | accuracy: 72.3% | error: 27.7% | macro_f1: 67.7%
2025-11-12 09:41:45 - oxford_pets_fedpgp_8_0.01_1 - INFO - Evaluate on the client2 local set
2025-11-12 09:41:48 - oxford_pets_fedpgp_8_0.01_1 - INFO - => result | total: 389 | correct: 337 | accuracy: 86.6% | error: 13.4% | macro_f1: 92.0%
2025-11-12 09:41:48 - oxford_pets_fedpgp_8_0.01_1 - INFO - Evaluate on the client2 neighbor set
2025-11-12 09:42:12 - oxford_pets_fedpgp_8_0.01_1 - INFO - => result | total: 3,280 | correct: 2,313 | accuracy: 70.5% | error: 29.5% | macro_f1: 64.6%
2025-11-12 09:42:12 - oxford_pets_fedpgp_8_0.01_1 - INFO - Evaluate on the client3 local set
2025-11-12 09:42:15 - oxford_pets_fedpgp_8_0.01_1 - INFO - => result | total: 397 | correct: 228 | accuracy: 57.4% | error: 42.6% | macro_f1: 62.4%
2025-11-12 09:42:15 - oxford_pets_fedpgp_8_0.01_1 - INFO - Evaluate on the client3 neighbor set
2025-11-12 09:42:40 - oxford_pets_fedpgp_8_0.01_1 - INFO - => result | total: 3,272 | correct: 2,422 | accuracy: 74.0% | error: 26.0% | macro_f1: 69.6%
2025-11-12 09:42:40 - oxford_pets_fedpgp_8_0.01_1 - INFO - Evaluate on the client4 local set
2025-11-12 09:42:43 - oxford_pets_fedpgp_8_0.01_1 - INFO - => result | total: 386 | correct: 193 | accuracy: 50.0% | error: 50.0% | macro_f1: 49.8%
2025-11-12 09:42:43 - oxford_pets_fedpgp_8_0.01_1 - INFO - Evaluate on the client4 neighbor set
2025-11-12 09:43:08 - oxford_pets_fedpgp_8_0.01_1 - INFO - => result | total: 3,283 | correct: 2,458 | accuracy: 74.9% | error: 25.1% | macro_f1: 69.8%
2025-11-12 09:43:08 - oxford_pets_fedpgp_8_0.01_1 - INFO - Evaluate on the client5 local set
2025-11-12 09:43:11 - oxford_pets_fedpgp_8_0.01_1 - INFO - => result | total: 399 | correct: 292 | accuracy: 73.2% | error: 26.8% | macro_f1: 74.1%
2025-11-12 09:43:11 - oxford_pets_fedpgp_8_0.01_1 - INFO - Evaluate on the client5 neighbor set
2025-11-12 09:43:37 - oxford_pets_fedpgp_8_0.01_1 - INFO - => result | total: 3,270 | correct: 2,363 | accuracy: 72.3% | error: 27.7% | macro_f1: 67.3%
2025-11-12 09:43:37 - oxford_pets_fedpgp_8_0.01_1 - INFO - Evaluate on the client6 local set
2025-11-12 09:43:40 - oxford_pets_fedpgp_8_0.01_1 - INFO - => result | total: 400 | correct: 213 | accuracy: 53.2% | error: 46.8% | macro_f1: 54.5%
2025-11-12 09:43:40 - oxford_pets_fedpgp_8_0.01_1 - INFO - Evaluate on the client6 neighbor set
2025-11-12 09:44:04 - oxford_pets_fedpgp_8_0.01_1 - INFO - => result | total: 3,269 | correct: 2,445 | accuracy: 74.8% | error: 25.2% | macro_f1: 70.9%
2025-11-12 09:44:04 - oxford_pets_fedpgp_8_0.01_1 - INFO - Evaluate on the client7 local set
2025-11-12 09:44:07 - oxford_pets_fedpgp_8_0.01_1 - INFO - => result | total: 400 | correct: 382 | accuracy: 95.5% | error: 4.5% | macro_f1: 97.7%
2025-11-12 09:44:07 - oxford_pets_fedpgp_8_0.01_1 - INFO - Evaluate on the client7 neighbor set
2025-11-12 09:44:31 - oxford_pets_fedpgp_8_0.01_1 - INFO - => result | total: 3,269 | correct: 2,276 | accuracy: 69.6% | error: 30.4% | macro_f1: 64.4%
2025-11-12 09:44:31 - oxford_pets_fedpgp_8_0.01_1 - INFO - Evaluate on the client8 local set
2025-11-12 09:44:34 - oxford_pets_fedpgp_8_0.01_1 - INFO - => result | total: 400 | correct: 385 | accuracy: 96.2% | error: 3.8% | macro_f1: 98.1%
2025-11-12 09:44:34 - oxford_pets_fedpgp_8_0.01_1 - INFO - Evaluate on the client8 neighbor set
2025-11-12 09:44:59 - oxford_pets_fedpgp_8_0.01_1 - INFO - => result | total: 3,269 | correct: 2,272 | accuracy: 69.5% | error: 30.5% | macro_f1: 63.9%
2025-11-12 09:44:59 - oxford_pets_fedpgp_8_0.01_1 - INFO - Evaluate on the client9 local set
2025-11-12 09:44:59 - oxford_pets_fedpgp_8_0.01_1 - INFO - => result | total: 100 | correct: 100 | accuracy: 100.0% | error: 0.0% | macro_f1: 100.0%
2025-11-12 09:44:59 - oxford_pets_fedpgp_8_0.01_1 - INFO - Evaluate on the client9 neighbor set
2025-11-12 09:45:26 - oxford_pets_fedpgp_8_0.01_1 - INFO - => result | total: 3,569 | correct: 2,560 | accuracy: 71.7% | error: 28.3% | macro_f1: 66.2%
2025-11-12 09:45:26 - oxford_pets_fedpgp_8_0.01_1 - INFO - Global test local acc: 74.58
2025-11-12 09:45:26 - oxford_pets_fedpgp_8_0.01_1 - INFO - Global test neighbor acc: 72.24
2025-11-12 09:45:26 - oxford_pets_fedpgp_8_0.01_1 - INFO - ------------local test finish-------------
2025-11-12 09:45:26 - oxford_pets_fedpgp_8_0.01_1 - INFO - [Epoch 30/30] 测试耗时: 276.44s
2025-11-12 09:45:26 - oxford_pets_fedpgp_8_0.01_1 - INFO - maximum test local acc: 79.276
2025-11-12 09:45:26 - oxford_pets_fedpgp_8_0.01_1 - INFO - mean of local acc: 76.540
2025-11-12 09:45:26 - oxford_pets_fedpgp_8_0.01_1 - INFO - maximum test neighbor acc: 76.852
2025-11-12 09:45:26 - oxford_pets_fedpgp_8_0.01_1 - INFO - mean of neighbor acc: 74.246
