2025-11-07 02:34:39 - oxford_pets_fedotp_8_0.01_1 - INFO - 日志文件已创建: logs/oxford_pets_fedotp_8_0.01_1_20251107_023439.log
2025-11-07 02:34:42 - oxford_pets_fedotp_8_0.01_1 - INFO - ------------local train start epoch: 0 -------------
2025-11-07 02:34:48 - oxford_pets_fedotp_8_0.01_1 - INFO - Epoch: 0/3	finished batch : 1/2 (skip test)
2025-11-07 02:34:48 - oxford_pets_fedotp_8_0.01_1 - INFO - ------------epoch 0 完成，用时: 5.74s-------------
2025-11-07 02:34:48 - oxford_pets_fedotp_8_0.01_1 - INFO - ------------已完成 1 个epoch | 平均用时: 5.74s | 上一个epoch: 5.74s | 预计剩余时间: 11.48s (0.2分钟)-------------
2025-11-07 02:34:48 - oxford_pets_fedotp_8_0.01_1 - INFO - ------------local train start epoch: 1 -------------
2025-11-07 02:34:53 - oxford_pets_fedotp_8_0.01_1 - INFO - Epoch: 1/3	finished batch : 1/2 (skip test)
2025-11-07 02:34:53 - oxford_pets_fedotp_8_0.01_1 - INFO - ------------epoch 1 完成，用时: 5.03s-------------
2025-11-07 02:34:53 - oxford_pets_fedotp_8_0.01_1 - INFO - ------------已完成 2 个epoch | 平均用时: 5.38s | 上一个epoch: 5.03s | 预计剩余时间: 5.38s (0.1分钟)-------------
2025-11-07 02:34:53 - oxford_pets_fedotp_8_0.01_1 - INFO - ------------local train start epoch: 2 -------------
2025-11-07 02:34:58 - oxford_pets_fedotp_8_0.01_1 - INFO - ------------local test start-------------
2025-11-07 02:40:14 - oxford_pets_fedotp_8_0.01_1 - INFO - Global test local acc: 65.87777834944293
2025-11-07 02:40:14 - oxford_pets_fedotp_8_0.01_1 - INFO - Global test neighbor acc: 63.1873755228297
2025-11-07 02:40:14 - oxford_pets_fedotp_8_0.01_1 - INFO - ------------local test finish-------------
2025-11-07 02:40:14 - oxford_pets_fedotp_8_0.01_1 - INFO - Epoch: 2/3	finished batch : 1/2
2025-11-07 02:40:14 - oxford_pets_fedotp_8_0.01_1 - INFO - ------------epoch 2 完成，用时: 321.08s-------------
2025-11-07 02:40:14 - oxford_pets_fedotp_8_0.01_1 - INFO - maximum test local acc: 65.87777834944293
2025-11-07 02:40:14 - oxford_pets_fedotp_8_0.01_1 - INFO - mean of local acc: 65.87777834944293
2025-11-07 02:40:14 - oxford_pets_fedotp_8_0.01_1 - INFO - maximum test neighbor acc: 63.1873755228297
2025-11-07 02:40:14 - oxford_pets_fedotp_8_0.01_1 - INFO - mean of neighbor acc: 63.1873755228297
