2025-11-19 17:13:08 - 8_0.0_1_25 - INFO - ================================================
2025-11-19 17:13:08 - 8_0.0_1_25 - INFO - цЧех┐ЧцЦЗф╗╢х╖▓хИЫх╗║: logs/cifar-100/fedotp/8_0.0_1_25_20251119_171308.log
2025-11-19 17:13:08 - 8_0.0_1_25 - INFO - ================================================
2025-11-19 17:13:08 - 8_0.0_1_25 - INFO - 
2025-11-19 17:13:08 - 8_0.0_1_25 - INFO - ======================================================================
2025-11-19 17:13:08 - 8_0.0_1_25 - INFO - ЁЯУЛ хоЮщкМщЕНч╜оцСШшжБ
2025-11-19 17:13:08 - 8_0.0_1_25 - INFO - ======================================================================
2025-11-19 17:13:08 - 8_0.0_1_25 - INFO -   Task ID:      [2/60]
2025-11-19 17:13:08 - 8_0.0_1_25 - INFO -   цХ░цНощЫЖ:       cifar-100
2025-11-19 17:13:08 - 8_0.0_1_25 - INFO -   цибхЮЛцЦ╣ц│Х:     fedotp
2025-11-19 17:13:08 - 8_0.0_1_25 - INFO -   Rank:         8
2025-11-19 17:13:08 - 8_0.0_1_25 - INFO -   хЩкхг░ч║зхИл:     0.0
2025-11-19 17:13:08 - 8_0.0_1_25 - INFO -   щЪПцЬ║чзНхнР:     1
2025-11-19 17:13:08 - 8_0.0_1_25 - INFO -   ховцИ╖члпцХ░щЗП:   25
2025-11-19 17:13:08 - 8_0.0_1_25 - INFO -   цХ░цНохИТхИЖ:     noniid-labeldir
2025-11-19 17:13:08 - 8_0.0_1_25 - INFO -   шонч╗Гш╜оцмб:     30
2025-11-19 17:13:08 - 8_0.0_1_25 - INFO - ======================================================================
2025-11-19 17:13:08 - 8_0.0_1_25 - INFO - 
2025-11-19 17:13:08 - 8_0.0_1_25 - INFO - Loading trainer: DP_FPL
2025-11-19 17:13:08 - 8_0.0_1_25 - INFO - Loading dataset: Cifar100
2025-11-19 17:13:10 - 8_0.0_1_25 - INFO - Loading CLIP (backbone: ViT-B/16)
2025-11-19 17:13:12 - 8_0.0_1_25 - INFO - Building custom CLIP
2025-11-19 17:13:13 - 8_0.0_1_25 - INFO - Turning off gradients in both the image and the text encoder
2025-11-19 17:14:09 - 8_0.0_1_25 - INFO - [Epoch 1/30] шонч╗ГшАЧцЧ╢: 55.18s | х╣│хЭЗшонч╗ГхЗЖчбочОЗ: 35.35
2025-11-19 17:15:01 - 8_0.0_1_25 - INFO - [Epoch 2/30] шонч╗ГшАЧцЧ╢: 52.16s | х╣│хЭЗшонч╗ГхЗЖчбочОЗ: 58.80
2025-11-19 17:15:53 - 8_0.0_1_25 - INFO - [Epoch 3/30] шонч╗ГшАЧцЧ╢: 52.43s | х╣│хЭЗшонч╗ГхЗЖчбочОЗ: 66.72
