2025-11-19 19:48:15 - 8_0.4_1_25 - INFO - ================================================
2025-11-19 19:48:15 - 8_0.4_1_25 - INFO - цЧех┐ЧцЦЗф╗╢х╖▓хИЫх╗║: logs/cifar-100/fedotp/8_0.4_1_25_20251119_194815.log
2025-11-19 19:48:15 - 8_0.4_1_25 - INFO - ================================================
2025-11-19 19:48:15 - 8_0.4_1_25 - INFO - 
2025-11-19 19:48:15 - 8_0.4_1_25 - INFO - ======================================================================
2025-11-19 19:48:15 - 8_0.4_1_25 - INFO - ЁЯУЛ хоЮщкМщЕНч╜оцСШшжБ
2025-11-19 19:48:15 - 8_0.4_1_25 - INFO - ======================================================================
2025-11-19 19:48:15 - 8_0.4_1_25 - INFO -   Task ID:      [7/60]
2025-11-19 19:48:15 - 8_0.4_1_25 - INFO -   цХ░цНощЫЖ:       cifar-100
2025-11-19 19:48:15 - 8_0.4_1_25 - INFO -   цибхЮЛцЦ╣ц│Х:     fedotp
2025-11-19 19:48:15 - 8_0.4_1_25 - INFO -   Rank:         8
2025-11-19 19:48:15 - 8_0.4_1_25 - INFO -   хЩкхг░ч║зхИл:     0.4
2025-11-19 19:48:15 - 8_0.4_1_25 - INFO -   щЪПцЬ║чзНхнР:     1
2025-11-19 19:48:15 - 8_0.4_1_25 - INFO -   ховцИ╖члпцХ░щЗП:   25
2025-11-19 19:48:15 - 8_0.4_1_25 - INFO -   цХ░цНохИТхИЖ:     noniid-labeldir
2025-11-19 19:48:15 - 8_0.4_1_25 - INFO -   шонч╗Гш╜оцмб:     30
2025-11-19 19:48:15 - 8_0.4_1_25 - INFO - ======================================================================
2025-11-19 19:48:15 - 8_0.4_1_25 - INFO - 
2025-11-19 19:48:15 - 8_0.4_1_25 - INFO - Loading trainer: DP_FPL
2025-11-19 19:48:15 - 8_0.4_1_25 - INFO - Loading dataset: Cifar100
2025-11-19 19:48:17 - 8_0.4_1_25 - INFO - Loading CLIP (backbone: ViT-B/16)
2025-11-19 19:48:19 - 8_0.4_1_25 - INFO - Building custom CLIP
2025-11-19 19:48:19 - 8_0.4_1_25 - INFO - Turning off gradients in both the image and the text encoder
2025-11-19 19:48:43 - 8_0.4_1_25 - INFO - [Epoch 1/30] шонч╗ГшАЧцЧ╢: 24.33s | х╣│хЭЗшонч╗ГхЗЖчбочОЗ: 35.36
2025-11-19 19:49:06 - 8_0.4_1_25 - INFO - [Epoch 2/30] шонч╗ГшАЧцЧ╢: 23.00s | х╣│хЭЗшонч╗ГхЗЖчбочОЗ: 60.46
2025-11-19 19:49:29 - 8_0.4_1_25 - INFO - [Epoch 3/30] шонч╗ГшАЧцЧ╢: 22.90s | х╣│хЭЗшонч╗ГхЗЖчбочОЗ: 63.98
2025-11-19 19:49:52 - 8_0.4_1_25 - INFO - [Epoch 4/30] шонч╗ГшАЧцЧ╢: 22.91s | х╣│хЭЗшонч╗ГхЗЖчбочОЗ: 65.51
2025-11-19 19:50:15 - 8_0.4_1_25 - INFO - [Epoch 5/30] шонч╗ГшАЧцЧ╢: 22.85s | х╣│хЭЗшонч╗ГхЗЖчбочОЗ: 65.44
2025-11-19 19:50:38 - 8_0.4_1_25 - INFO - [Epoch 6/30] шонч╗ГшАЧцЧ╢: 22.91s | х╣│хЭЗшонч╗ГхЗЖчбочОЗ: 65.53
2025-11-19 19:51:01 - 8_0.4_1_25 - INFO - [Epoch 7/30] шонч╗ГшАЧцЧ╢: 22.86s | х╣│хЭЗшонч╗ГхЗЖчбочОЗ: 66.14
2025-11-19 19:51:24 - 8_0.4_1_25 - INFO - [Epoch 8/30] шонч╗ГшАЧцЧ╢: 22.91s | х╣│хЭЗшонч╗ГхЗЖчбочОЗ: 65.94
2025-11-19 19:51:46 - 8_0.4_1_25 - INFO - [Epoch 9/30] шонч╗ГшАЧцЧ╢: 22.77s | х╣│хЭЗшонч╗ГхЗЖчбочОЗ: 66.24
2025-11-19 19:52:09 - 8_0.4_1_25 - INFO - [Epoch 10/30] шонч╗ГшАЧцЧ╢: 22.93s | х╣│хЭЗшонч╗ГхЗЖчбочОЗ: 65.99
2025-11-19 19:52:32 - 8_0.4_1_25 - INFO - [Epoch 11/30] шонч╗ГшАЧцЧ╢: 22.88s | х╣│хЭЗшонч╗ГхЗЖчбочОЗ: 66.38
2025-11-19 19:52:55 - 8_0.4_1_25 - INFO - [Epoch 12/30] шонч╗ГшАЧцЧ╢: 22.88s | х╣│хЭЗшонч╗ГхЗЖчбочОЗ: 66.55
2025-11-19 19:53:18 - 8_0.4_1_25 - INFO - [Epoch 13/30] шонч╗ГшАЧцЧ╢: 22.84s | х╣│хЭЗшонч╗ГхЗЖчбочОЗ: 66.51
2025-11-19 19:53:41 - 8_0.4_1_25 - INFO - [Epoch 14/30] шонч╗ГшАЧцЧ╢: 22.91s | х╣│хЭЗшонч╗ГхЗЖчбочОЗ: 66.66
2025-11-19 19:54:04 - 8_0.4_1_25 - INFO - [Epoch 15/30] шонч╗ГшАЧцЧ╢: 22.85s | х╣│хЭЗшонч╗ГхЗЖчбочОЗ: 66.71
2025-11-19 19:54:27 - 8_0.4_1_25 - INFO - [Epoch 16/30] шонч╗ГшАЧцЧ╢: 22.84s | х╣│хЭЗшонч╗ГхЗЖчбочОЗ: 66.51
2025-11-19 19:54:49 - 8_0.4_1_25 - INFO - [Epoch 17/30] шонч╗ГшАЧцЧ╢: 22.78s | х╣│хЭЗшонч╗ГхЗЖчбочОЗ: 66.66
2025-11-19 19:55:12 - 8_0.4_1_25 - INFO - [Epoch 18/30] шонч╗ГшАЧцЧ╢: 22.96s | х╣│хЭЗшонч╗ГхЗЖчбочОЗ: 66.92
2025-11-19 19:55:35 - 8_0.4_1_25 - INFO - [Epoch 19/30] шонч╗ГшАЧцЧ╢: 22.90s | х╣│хЭЗшонч╗ГхЗЖчбочОЗ: 66.81
2025-11-19 19:55:58 - 8_0.4_1_25 - INFO - [Epoch 20/30] шонч╗ГшАЧцЧ╢: 22.86s | х╣│хЭЗшонч╗ГхЗЖчбочОЗ: 66.70
2025-11-19 19:56:21 - 8_0.4_1_25 - INFO - [Epoch 21/30] шонч╗ГшАЧцЧ╢: 22.84s | х╣│хЭЗшонч╗ГхЗЖчбочОЗ: 66.84
2025-11-19 19:56:44 - 8_0.4_1_25 - INFO - [Epoch 22/30] шонч╗ГшАЧцЧ╢: 22.92s | х╣│хЭЗшонч╗ГхЗЖчбочОЗ: 66.51
