2025-11-22 08:34:27 | INFO | oxford_pets_sepfpl_hcse_1_0.01_10_[51/60] | Loading trainer: DP_FPL
2025-11-22 08:34:27 | INFO | oxford_pets_sepfpl_hcse_1_0.01_10_[51/60] | Loading dataset: OxfordPets
2025-11-22 08:34:27 | INFO | oxford_pets_sepfpl_hcse_1_0.01_10_[51/60] | Reading split from %s
2025-11-22 08:34:27 | INFO | oxford_pets_sepfpl_hcse_1_0.01_10_[51/60] | Creating a baseline federated dataset
2025-11-22 08:34:27 | INFO | oxford_pets_sepfpl_hcse_1_0.01_10_[51/60] | class_num %d
2025-11-22 08:34:27 | INFO | oxford_pets_sepfpl_hcse_1_0.01_10_[51/60] | user class dict total %s
2025-11-22 08:34:27 | INFO | oxford_pets_sepfpl_hcse_1_0.01_10_[51/60] | idx: %s, output_dict_len: %d
2025-11-22 08:34:27 | INFO | oxford_pets_sepfpl_hcse_1_0.01_10_[51/60] | user class dict total %s
2025-11-22 08:34:27 | INFO | oxford_pets_sepfpl_hcse_1_0.01_10_[51/60] | idx: %s, output_dict_len: %d
2025-11-22 08:34:27 | INFO | oxford_pets_sepfpl_hcse_1_0.01_10_[51/60] | user class dict total %s
2025-11-22 08:34:27 | INFO | oxford_pets_sepfpl_hcse_1_0.01_10_[51/60] | idx: %s, output_dict_len: %d
2025-11-22 08:34:27 | INFO | oxford_pets_sepfpl_hcse_1_0.01_10_[51/60] | user class dict total %s
2025-11-22 08:34:27 | INFO | oxford_pets_sepfpl_hcse_1_0.01_10_[51/60] | idx: %s, output_dict_len: %d
2025-11-22 08:34:27 | INFO | oxford_pets_sepfpl_hcse_1_0.01_10_[51/60] | user class dict total %s
2025-11-22 08:34:27 | INFO | oxford_pets_sepfpl_hcse_1_0.01_10_[51/60] | idx: %s, output_dict_len: %d
2025-11-22 08:34:27 | INFO | oxford_pets_sepfpl_hcse_1_0.01_10_[51/60] | user class dict total %s
2025-11-22 08:34:27 | INFO | oxford_pets_sepfpl_hcse_1_0.01_10_[51/60] | idx: %s, output_dict_len: %d
2025-11-22 08:34:27 | INFO | oxford_pets_sepfpl_hcse_1_0.01_10_[51/60] | user class dict total %s
2025-11-22 08:34:27 | INFO | oxford_pets_sepfpl_hcse_1_0.01_10_[51/60] | idx: %s, output_dict_len: %d
2025-11-22 08:34:27 | INFO | oxford_pets_sepfpl_hcse_1_0.01_10_[51/60] | user class dict total %s
2025-11-22 08:34:27 | INFO | oxford_pets_sepfpl_hcse_1_0.01_10_[51/60] | idx: %s, output_dict_len: %d
2025-11-22 08:34:27 | INFO | oxford_pets_sepfpl_hcse_1_0.01_10_[51/60] | user class dict total %s
2025-11-22 08:34:27 | INFO | oxford_pets_sepfpl_hcse_1_0.01_10_[51/60] | idx: %s, output_dict_len: %d
2025-11-22 08:34:27 | INFO | oxford_pets_sepfpl_hcse_1_0.01_10_[51/60] | user class dict total %s
2025-11-22 08:34:27 | INFO | oxford_pets_sepfpl_hcse_1_0.01_10_[51/60] | idx: %s, output_dict_len: %d
2025-11-22 08:34:27 | INFO | oxford_pets_sepfpl_hcse_1_0.01_10_[51/60] | Creating a baseline federated dataset
2025-11-22 08:34:27 | INFO | oxford_pets_sepfpl_hcse_1_0.01_10_[51/60] | class_num %d
2025-11-22 08:34:27 | INFO | oxford_pets_sepfpl_hcse_1_0.01_10_[51/60] | user class dict total %s
2025-11-22 08:34:27 | INFO | oxford_pets_sepfpl_hcse_1_0.01_10_[51/60] | idx: %s, output_dict_len: %d
2025-11-22 08:34:27 | INFO | oxford_pets_sepfpl_hcse_1_0.01_10_[51/60] | user class dict total %s
2025-11-22 08:34:27 | INFO | oxford_pets_sepfpl_hcse_1_0.01_10_[51/60] | idx: %s, output_dict_len: %d
2025-11-22 08:34:27 | INFO | oxford_pets_sepfpl_hcse_1_0.01_10_[51/60] | user class dict total %s
2025-11-22 08:34:27 | INFO | oxford_pets_sepfpl_hcse_1_0.01_10_[51/60] | idx: %s, output_dict_len: %d
2025-11-22 08:34:27 | INFO | oxford_pets_sepfpl_hcse_1_0.01_10_[51/60] | user class dict total %s
2025-11-22 08:34:27 | INFO | oxford_pets_sepfpl_hcse_1_0.01_10_[51/60] | idx: %s, output_dict_len: %d
2025-11-22 08:34:27 | INFO | oxford_pets_sepfpl_hcse_1_0.01_10_[51/60] | user class dict total %s
2025-11-22 08:34:27 | INFO | oxford_pets_sepfpl_hcse_1_0.01_10_[51/60] | idx: %s, output_dict_len: %d
2025-11-22 08:34:27 | INFO | oxford_pets_sepfpl_hcse_1_0.01_10_[51/60] | user class dict total %s
2025-11-22 08:34:27 | INFO | oxford_pets_sepfpl_hcse_1_0.01_10_[51/60] | idx: %s, output_dict_len: %d
2025-11-22 08:34:27 | INFO | oxford_pets_sepfpl_hcse_1_0.01_10_[51/60] | user class dict total %s
2025-11-22 08:34:27 | INFO | oxford_pets_sepfpl_hcse_1_0.01_10_[51/60] | idx: %s, output_dict_len: %d
2025-11-22 08:34:27 | INFO | oxford_pets_sepfpl_hcse_1_0.01_10_[51/60] | user class dict total %s
2025-11-22 08:34:27 | INFO | oxford_pets_sepfpl_hcse_1_0.01_10_[51/60] | idx: %s, output_dict_len: %d
2025-11-22 08:34:27 | INFO | oxford_pets_sepfpl_hcse_1_0.01_10_[51/60] | user class dict total %s
2025-11-22 08:34:27 | INFO | oxford_pets_sepfpl_hcse_1_0.01_10_[51/60] | idx: %s, output_dict_len: %d
2025-11-22 08:34:27 | INFO | oxford_pets_sepfpl_hcse_1_0.01_10_[51/60] | user class dict total %s
2025-11-22 08:34:27 | INFO | oxford_pets_sepfpl_hcse_1_0.01_10_[51/60] | idx: %s, output_dict_len: %d
2025-11-22 08:34:27 | INFO | oxford_pets_sepfpl_hcse_1_0.01_10_[51/60] | Loading CLIP (backbone: ViT-B/16)
2025-11-22 08:34:29 | INFO | oxford_pets_sepfpl_hcse_1_0.01_10_[51/60] | Building custom CLIP
2025-11-22 08:34:29 | INFO | oxford_pets_sepfpl_hcse_1_0.01_10_[51/60] | Turning off gradients in both the image and the text encoder
2025-11-22 08:34:29 | INFO | oxford_pets_sepfpl_hcse_1_0.01_10_[51/60] | [wandb] 正在初始化实验：project=SepFPL, name=oxford_pets-sepfpl_hcse-rank1-noise0.01-seed1-users10-51/60, mode=offline
2025-11-22 08:34:42 | INFO | oxford_pets_sepfpl_hcse_1_0.01_10_[51/60] | [Epoch 1/30] 训练耗时: 9.89s | 平均训练准确率: 53.59
2025-11-22 08:34:51 | INFO | oxford_pets_sepfpl_hcse_1_0.01_10_[51/60] | [Epoch 2/30] 训练耗时: 9.27s | 平均训练准确率: 54.84
2025-11-22 08:34:59 | INFO | oxford_pets_sepfpl_hcse_1_0.01_10_[51/60] | [Epoch 3/30] 训练耗时: 8.00s | 平均训练准确率: 54.53
2025-11-22 08:35:07 | INFO | oxford_pets_sepfpl_hcse_1_0.01_10_[51/60] | [Epoch 4/30] 训练耗时: 8.07s | 平均训练准确率: 54.06
2025-11-22 08:35:15 | INFO | oxford_pets_sepfpl_hcse_1_0.01_10_[51/60] | [Epoch 5/30] 训练耗时: 7.47s | 平均训练准确率: 54.69
2025-11-22 08:35:24 | INFO | oxford_pets_sepfpl_hcse_1_0.01_10_[51/60] | [Epoch 6/30] 训练耗时: 8.62s | 平均训练准确率: 55.00
2025-11-22 08:35:31 | INFO | oxford_pets_sepfpl_hcse_1_0.01_10_[51/60] | [Epoch 7/30] 训练耗时: 7.33s | 平均训练准确率: 57.19
2025-11-22 08:35:39 | INFO | oxford_pets_sepfpl_hcse_1_0.01_10_[51/60] | [Epoch 8/30] 训练耗时: 7.65s | 平均训练准确率: 54.69
2025-11-22 08:35:46 | INFO | oxford_pets_sepfpl_hcse_1_0.01_10_[51/60] | [Epoch 9/30] 训练耗时: 7.26s | 平均训练准确率: 53.91
2025-11-22 08:35:54 | INFO | oxford_pets_sepfpl_hcse_1_0.01_10_[51/60] | [Epoch 10/30] 训练耗时: 8.04s | 平均训练准确率: 52.19
2025-11-22 08:36:01 | INFO | oxford_pets_sepfpl_hcse_1_0.01_10_[51/60] | [Epoch 11/30] 训练耗时: 7.05s | 平均训练准确率: 54.84
2025-11-22 08:36:08 | INFO | oxford_pets_sepfpl_hcse_1_0.01_10_[51/60] | [Epoch 12/30] 训练耗时: 7.62s | 平均训练准确率: 54.06
2025-11-22 08:36:15 | INFO | oxford_pets_sepfpl_hcse_1_0.01_10_[51/60] | [Epoch 13/30] 训练耗时: 6.98s | 平均训练准确率: 55.00
2025-11-22 08:36:24 | INFO | oxford_pets_sepfpl_hcse_1_0.01_10_[51/60] | [Epoch 14/30] 训练耗时: 8.22s | 平均训练准确率: 55.62
2025-11-22 08:36:31 | INFO | oxford_pets_sepfpl_hcse_1_0.01_10_[51/60] | [Epoch 15/30] 训练耗时: 7.43s | 平均训练准确率: 55.47
2025-11-22 08:36:39 | INFO | oxford_pets_sepfpl_hcse_1_0.01_10_[51/60] | [Epoch 16/30] 训练耗时: 7.68s | 平均训练准确率: 55.62
2025-11-22 08:36:47 | INFO | oxford_pets_sepfpl_hcse_1_0.01_10_[51/60] | [Epoch 17/30] 训练耗时: 7.79s | 平均训练准确率: 53.44
2025-11-22 08:36:55 | INFO | oxford_pets_sepfpl_hcse_1_0.01_10_[51/60] | [Epoch 18/30] 训练耗时: 7.93s | 平均训练准确率: 56.25
2025-11-22 08:37:03 | INFO | oxford_pets_sepfpl_hcse_1_0.01_10_[51/60] | [Epoch 19/30] 训练耗时: 8.06s | 平均训练准确率: 58.75
2025-11-22 08:37:10 | INFO | oxford_pets_sepfpl_hcse_1_0.01_10_[51/60] | [Epoch 20/30] 训练耗时: 7.85s | 平均训练准确率: 53.75
2025-11-22 08:37:18 | INFO | oxford_pets_sepfpl_hcse_1_0.01_10_[51/60] | [Epoch 21/30] 训练耗时: 8.03s | 平均训练准确率: 54.53
2025-11-22 08:37:27 | INFO | oxford_pets_sepfpl_hcse_1_0.01_10_[51/60] | [Epoch 22/30] 训练耗时: 8.17s | 平均训练准确率: 52.50
2025-11-22 08:37:35 | INFO | oxford_pets_sepfpl_hcse_1_0.01_10_[51/60] | [Epoch 23/30] 训练耗时: 8.03s | 平均训练准确率: 55.16
2025-11-22 08:37:42 | INFO | oxford_pets_sepfpl_hcse_1_0.01_10_[51/60] | [Epoch 24/30] 训练耗时: 7.44s | 平均训练准确率: 53.59
2025-11-22 08:37:50 | INFO | oxford_pets_sepfpl_hcse_1_0.01_10_[51/60] | [Epoch 25/30] 训练耗时: 7.81s | 平均训练准确率: 55.47
2025-11-22 08:37:58 | INFO | oxford_pets_sepfpl_hcse_1_0.01_10_[51/60] | [Epoch 26/30] 训练耗时: 8.00s | 平均训练准确率: 53.28
2025-11-22 08:38:06 | INFO | oxford_pets_sepfpl_hcse_1_0.01_10_[51/60] | [Epoch 27/30] 训练耗时: 7.70s | 平均训练准确率: 52.81
2025-11-22 08:38:14 | INFO | oxford_pets_sepfpl_hcse_1_0.01_10_[51/60] | [Epoch 28/30] 训练耗时: 7.90s | 平均训练准确率: 55.31
2025-11-22 08:38:14 | INFO | oxford_pets_sepfpl_hcse_1_0.01_10_[51/60] | 
2025-11-22 08:38:14 | INFO | oxford_pets_sepfpl_hcse_1_0.01_10_[51/60] | ================================================================================
2025-11-22 08:38:14 | INFO | oxford_pets_sepfpl_hcse_1_0.01_10_[51/60] |                     TEST START - Epoch 28/30
2025-11-22 08:38:14 | INFO | oxford_pets_sepfpl_hcse_1_0.01_10_[51/60] | ================================================================================
2025-11-22 08:38:14 | INFO | oxford_pets_sepfpl_hcse_1_0.01_10_[51/60] | 
2025-11-22 08:47:55 | INFO | oxford_pets_sepfpl_hcse_1_0.01_10_[51/60] | 
================= Local Test Results ==================
+----------+----------+------------+----------+
| Client   | Accuracy | Error Rate | Macro F1 |
+----------+----------+------------+----------+
| Client 0 |    72.43 |      27.57 |    73.59 |
| Client 1 |    86.22 |      13.78 |    91.68 |
| Client 2 |    90.23 |       9.77 |    94.55 |
| Client 3 |    61.96 |      38.04 |    64.86 |
| Client 4 |    74.09 |      25.91 |    69.49 |
| Client 5 |    57.89 |      42.11 |    62.99 |
| Client 6 |    49.50 |      50.50 |    46.02 |
| Client 7 |    74.50 |      25.50 |    74.75 |
| Client 8 |    88.75 |      11.25 |    92.92 |
| Client 9 |    99.00 |       1.00 |    99.50 |
| Average  |    75.46 |      24.54 |    77.04 |
+----------+----------+------------+----------+

2025-11-22 08:47:55 | INFO | oxford_pets_sepfpl_hcse_1_0.01_10_[51/60] | 
================= Neighbor Test Results ==================
+----------+----------+------------+----------+
| Client   | Accuracy | Error Rate | Macro F1 |
+----------+----------+------------+----------+
| Client 0 |    76.33 |      23.67 |    71.86 |
| Client 1 |    76.76 |      23.24 |    73.10 |
| Client 2 |    74.79 |      25.21 |    70.14 |
| Client 3 |    79.68 |      20.32 |    76.12 |
| Client 4 |    76.85 |      23.15 |    73.23 |
| Client 5 |    73.73 |      26.27 |    67.67 |
| Client 6 |    67.15 |      32.85 |    62.44 |
| Client 7 |    70.57 |      29.43 |    65.95 |
| Client 8 |    66.75 |      33.25 |    62.38 |
| Client 9 |    66.94 |      33.06 |    61.05 |
| Average  |    72.95 |      27.05 |    68.40 |
+----------+----------+------------+----------+

2025-11-22 08:47:55 | INFO | oxford_pets_sepfpl_hcse_1_0.01_10_[51/60] | 
2025-11-22 08:47:55 | INFO | oxford_pets_sepfpl_hcse_1_0.01_10_[51/60] | ================================================================================
2025-11-22 08:47:55 | INFO | oxford_pets_sepfpl_hcse_1_0.01_10_[51/60] |                     TEST FINISH - Epoch 28/30
2025-11-22 08:47:55 | INFO | oxford_pets_sepfpl_hcse_1_0.01_10_[51/60] |                     测试耗时: 581.08s
2025-11-22 08:47:55 | INFO | oxford_pets_sepfpl_hcse_1_0.01_10_[51/60] | ================================================================================
2025-11-22 08:47:55 | INFO | oxford_pets_sepfpl_hcse_1_0.01_10_[51/60] | 
2025-11-22 08:48:03 | INFO | oxford_pets_sepfpl_hcse_1_0.01_10_[51/60] | [Epoch 29/30] 训练耗时: 8.14s | 平均训练准确率: 71.41
2025-11-22 08:48:03 | INFO | oxford_pets_sepfpl_hcse_1_0.01_10_[51/60] | 
2025-11-22 08:48:03 | INFO | oxford_pets_sepfpl_hcse_1_0.01_10_[51/60] | ================================================================================
2025-11-22 08:48:03 | INFO | oxford_pets_sepfpl_hcse_1_0.01_10_[51/60] |                     TEST START - Epoch 29/30
2025-11-22 08:48:03 | INFO | oxford_pets_sepfpl_hcse_1_0.01_10_[51/60] | ================================================================================
2025-11-22 08:48:03 | INFO | oxford_pets_sepfpl_hcse_1_0.01_10_[51/60] | 
2025-11-22 08:57:45 | INFO | oxford_pets_sepfpl_hcse_1_0.01_10_[51/60] | 
================= Local Test Results ==================
+----------+----------+------------+----------+
| Client   | Accuracy | Error Rate | Macro F1 |
+----------+----------+------------+----------+
| Client 0 |    73.18 |      26.82 |    73.98 |
| Client 1 |    94.24 |       5.76 |    97.01 |
| Client 2 |    86.12 |      13.88 |    91.85 |
| Client 3 |    86.40 |      13.60 |    91.37 |
| Client 4 |    73.83 |      26.17 |    69.54 |
| Client 5 |    65.66 |      34.34 |    69.69 |
| Client 6 |    57.00 |      43.00 |    59.92 |
| Client 7 |    74.50 |      25.50 |    74.75 |
| Client 8 |    96.25 |       3.75 |    98.08 |
| Client 9 |    98.00 |       2.00 |    98.99 |
| Average  |    80.52 |      19.48 |    82.52 |
+----------+----------+------------+----------+

2025-11-22 08:57:45 | INFO | oxford_pets_sepfpl_hcse_1_0.01_10_[51/60] | 
================= Neighbor Test Results ==================
+----------+----------+------------+----------+
| Client   | Accuracy | Error Rate | Macro F1 |
+----------+----------+------------+----------+
| Client 0 |    84.16 |      15.84 |    81.97 |
| Client 1 |    82.63 |      17.37 |    80.81 |
| Client 2 |    79.63 |      20.37 |    76.90 |
| Client 3 |    82.98 |      17.02 |    81.96 |
| Client 4 |    82.52 |      17.48 |    80.77 |
| Client 5 |    76.09 |      23.91 |    70.96 |
| Client 6 |    75.93 |      24.07 |    72.82 |
| Client 7 |    75.65 |      24.35 |    70.90 |
| Client 8 |    70.33 |      29.67 |    65.91 |
| Client 9 |    69.57 |      30.43 |    63.22 |
| Average  |    77.95 |      22.05 |    74.62 |
+----------+----------+------------+----------+

2025-11-22 08:57:45 | INFO | oxford_pets_sepfpl_hcse_1_0.01_10_[51/60] | 
2025-11-22 08:57:45 | INFO | oxford_pets_sepfpl_hcse_1_0.01_10_[51/60] | ================================================================================
2025-11-22 08:57:45 | INFO | oxford_pets_sepfpl_hcse_1_0.01_10_[51/60] |                     TEST FINISH - Epoch 29/30
2025-11-22 08:57:45 | INFO | oxford_pets_sepfpl_hcse_1_0.01_10_[51/60] |                     测试耗时: 582.21s
2025-11-22 08:57:45 | INFO | oxford_pets_sepfpl_hcse_1_0.01_10_[51/60] | ================================================================================
2025-11-22 08:57:45 | INFO | oxford_pets_sepfpl_hcse_1_0.01_10_[51/60] | 
2025-11-22 08:57:53 | INFO | oxford_pets_sepfpl_hcse_1_0.01_10_[51/60] | [Epoch 30/30] 训练耗时: 7.57s | 平均训练准确率: 68.12
2025-11-22 08:57:53 | INFO | oxford_pets_sepfpl_hcse_1_0.01_10_[51/60] | 
2025-11-22 08:57:53 | INFO | oxford_pets_sepfpl_hcse_1_0.01_10_[51/60] | ================================================================================
2025-11-22 08:57:53 | INFO | oxford_pets_sepfpl_hcse_1_0.01_10_[51/60] |                     TEST START - Epoch 30/30
2025-11-22 08:57:53 | INFO | oxford_pets_sepfpl_hcse_1_0.01_10_[51/60] | ================================================================================
2025-11-22 08:57:53 | INFO | oxford_pets_sepfpl_hcse_1_0.01_10_[51/60] | 
2025-11-22 09:07:20 | INFO | oxford_pets_sepfpl_hcse_1_0.01_10_[51/60] | 
================= Local Test Results ==================
+----------+----------+------------+----------+
| Client   | Accuracy | Error Rate | Macro F1 |
+----------+----------+------------+----------+
| Client 0 |    70.68 |      29.32 |    72.80 |
| Client 1 |    81.70 |      18.30 |    89.63 |
| Client 2 |    83.80 |      16.20 |    89.69 |
| Client 3 |    52.39 |      47.61 |    56.01 |
| Client 4 |    70.21 |      29.79 |    68.67 |
| Client 5 |    49.12 |      50.88 |    49.98 |
| Client 6 |    57.25 |      42.75 |    61.01 |
| Client 7 |    74.25 |      25.75 |    74.62 |
| Client 8 |    97.25 |       2.75 |    98.60 |
| Client 9 |    99.00 |       1.00 |    99.50 |
| Average  |    73.57 |      26.43 |    76.05 |
+----------+----------+------------+----------+

2025-11-22 09:07:20 | INFO | oxford_pets_sepfpl_hcse_1_0.01_10_[51/60] | 
================= Neighbor Test Results ==================
+----------+----------+------------+----------+
| Client   | Accuracy | Error Rate | Macro F1 |
+----------+----------+------------+----------+
| Client 0 |    78.81 |      21.19 |    77.35 |
| Client 1 |    79.57 |      20.43 |    77.09 |
| Client 2 |    72.93 |      27.07 |    67.60 |
| Client 3 |    71.79 |      28.21 |    66.76 |
| Client 4 |    73.38 |      26.62 |    67.50 |
| Client 5 |    73.43 |      26.57 |    67.81 |
| Client 6 |    83.88 |      16.12 |    82.77 |
| Client 7 |    81.80 |      18.20 |    77.61 |
| Client 8 |    78.49 |      21.51 |    74.76 |
| Client 9 |    78.93 |      21.07 |    74.73 |
| Average  |    77.30 |      22.70 |    73.40 |
+----------+----------+------------+----------+

2025-11-22 09:07:20 | INFO | oxford_pets_sepfpl_hcse_1_0.01_10_[51/60] | 
2025-11-22 09:07:20 | INFO | oxford_pets_sepfpl_hcse_1_0.01_10_[51/60] | ================================================================================
2025-11-22 09:07:20 | INFO | oxford_pets_sepfpl_hcse_1_0.01_10_[51/60] |                     TEST FINISH - Epoch 30/30
2025-11-22 09:07:20 | INFO | oxford_pets_sepfpl_hcse_1_0.01_10_[51/60] |                     测试耗时: 567.03s
2025-11-22 09:07:20 | INFO | oxford_pets_sepfpl_hcse_1_0.01_10_[51/60] | ================================================================================
2025-11-22 09:07:20 | INFO | oxford_pets_sepfpl_hcse_1_0.01_10_[51/60] | 
2025-11-22 09:07:20 | INFO | oxford_pets_sepfpl_hcse_1_0.01_10_[51/60] | maximum test local acc: 80.518
2025-11-22 09:07:20 | INFO | oxford_pets_sepfpl_hcse_1_0.01_10_[51/60] | mean of local acc: 76.514
2025-11-22 09:07:20 | INFO | oxford_pets_sepfpl_hcse_1_0.01_10_[51/60] | maximum test neighbor acc: 77.948
2025-11-22 09:07:20 | INFO | oxford_pets_sepfpl_hcse_1_0.01_10_[51/60] | mean of neighbor acc: 76.067
