2025-11-22 09:07:27 | INFO | oxford_pets_sepfpl_hcse_2_0.01_10_[53/60] | Loading trainer: DP_FPL
2025-11-22 09:07:27 | INFO | oxford_pets_sepfpl_hcse_2_0.01_10_[53/60] | Loading dataset: OxfordPets
2025-11-22 09:07:27 | INFO | oxford_pets_sepfpl_hcse_2_0.01_10_[53/60] | Reading split from %s
2025-11-22 09:07:27 | INFO | oxford_pets_sepfpl_hcse_2_0.01_10_[53/60] | Creating a baseline federated dataset
2025-11-22 09:07:27 | INFO | oxford_pets_sepfpl_hcse_2_0.01_10_[53/60] | class_num %d
2025-11-22 09:07:27 | INFO | oxford_pets_sepfpl_hcse_2_0.01_10_[53/60] | user class dict total %s
2025-11-22 09:07:27 | INFO | oxford_pets_sepfpl_hcse_2_0.01_10_[53/60] | idx: %s, output_dict_len: %d
2025-11-22 09:07:27 | INFO | oxford_pets_sepfpl_hcse_2_0.01_10_[53/60] | user class dict total %s
2025-11-22 09:07:27 | INFO | oxford_pets_sepfpl_hcse_2_0.01_10_[53/60] | idx: %s, output_dict_len: %d
2025-11-22 09:07:27 | INFO | oxford_pets_sepfpl_hcse_2_0.01_10_[53/60] | user class dict total %s
2025-11-22 09:07:27 | INFO | oxford_pets_sepfpl_hcse_2_0.01_10_[53/60] | idx: %s, output_dict_len: %d
2025-11-22 09:07:27 | INFO | oxford_pets_sepfpl_hcse_2_0.01_10_[53/60] | user class dict total %s
2025-11-22 09:07:27 | INFO | oxford_pets_sepfpl_hcse_2_0.01_10_[53/60] | idx: %s, output_dict_len: %d
2025-11-22 09:07:27 | INFO | oxford_pets_sepfpl_hcse_2_0.01_10_[53/60] | user class dict total %s
2025-11-22 09:07:27 | INFO | oxford_pets_sepfpl_hcse_2_0.01_10_[53/60] | idx: %s, output_dict_len: %d
2025-11-22 09:07:27 | INFO | oxford_pets_sepfpl_hcse_2_0.01_10_[53/60] | user class dict total %s
2025-11-22 09:07:27 | INFO | oxford_pets_sepfpl_hcse_2_0.01_10_[53/60] | idx: %s, output_dict_len: %d
2025-11-22 09:07:27 | INFO | oxford_pets_sepfpl_hcse_2_0.01_10_[53/60] | user class dict total %s
2025-11-22 09:07:27 | INFO | oxford_pets_sepfpl_hcse_2_0.01_10_[53/60] | idx: %s, output_dict_len: %d
2025-11-22 09:07:27 | INFO | oxford_pets_sepfpl_hcse_2_0.01_10_[53/60] | user class dict total %s
2025-11-22 09:07:27 | INFO | oxford_pets_sepfpl_hcse_2_0.01_10_[53/60] | idx: %s, output_dict_len: %d
2025-11-22 09:07:27 | INFO | oxford_pets_sepfpl_hcse_2_0.01_10_[53/60] | user class dict total %s
2025-11-22 09:07:27 | INFO | oxford_pets_sepfpl_hcse_2_0.01_10_[53/60] | idx: %s, output_dict_len: %d
2025-11-22 09:07:27 | INFO | oxford_pets_sepfpl_hcse_2_0.01_10_[53/60] | user class dict total %s
2025-11-22 09:07:27 | INFO | oxford_pets_sepfpl_hcse_2_0.01_10_[53/60] | idx: %s, output_dict_len: %d
2025-11-22 09:07:27 | INFO | oxford_pets_sepfpl_hcse_2_0.01_10_[53/60] | Creating a baseline federated dataset
2025-11-22 09:07:27 | INFO | oxford_pets_sepfpl_hcse_2_0.01_10_[53/60] | class_num %d
2025-11-22 09:07:27 | INFO | oxford_pets_sepfpl_hcse_2_0.01_10_[53/60] | user class dict total %s
2025-11-22 09:07:27 | INFO | oxford_pets_sepfpl_hcse_2_0.01_10_[53/60] | idx: %s, output_dict_len: %d
2025-11-22 09:07:27 | INFO | oxford_pets_sepfpl_hcse_2_0.01_10_[53/60] | user class dict total %s
2025-11-22 09:07:27 | INFO | oxford_pets_sepfpl_hcse_2_0.01_10_[53/60] | idx: %s, output_dict_len: %d
2025-11-22 09:07:27 | INFO | oxford_pets_sepfpl_hcse_2_0.01_10_[53/60] | user class dict total %s
2025-11-22 09:07:27 | INFO | oxford_pets_sepfpl_hcse_2_0.01_10_[53/60] | idx: %s, output_dict_len: %d
2025-11-22 09:07:27 | INFO | oxford_pets_sepfpl_hcse_2_0.01_10_[53/60] | user class dict total %s
2025-11-22 09:07:27 | INFO | oxford_pets_sepfpl_hcse_2_0.01_10_[53/60] | idx: %s, output_dict_len: %d
2025-11-22 09:07:27 | INFO | oxford_pets_sepfpl_hcse_2_0.01_10_[53/60] | user class dict total %s
2025-11-22 09:07:27 | INFO | oxford_pets_sepfpl_hcse_2_0.01_10_[53/60] | idx: %s, output_dict_len: %d
2025-11-22 09:07:27 | INFO | oxford_pets_sepfpl_hcse_2_0.01_10_[53/60] | user class dict total %s
2025-11-22 09:07:27 | INFO | oxford_pets_sepfpl_hcse_2_0.01_10_[53/60] | idx: %s, output_dict_len: %d
2025-11-22 09:07:27 | INFO | oxford_pets_sepfpl_hcse_2_0.01_10_[53/60] | user class dict total %s
2025-11-22 09:07:27 | INFO | oxford_pets_sepfpl_hcse_2_0.01_10_[53/60] | idx: %s, output_dict_len: %d
2025-11-22 09:07:27 | INFO | oxford_pets_sepfpl_hcse_2_0.01_10_[53/60] | user class dict total %s
2025-11-22 09:07:27 | INFO | oxford_pets_sepfpl_hcse_2_0.01_10_[53/60] | idx: %s, output_dict_len: %d
2025-11-22 09:07:27 | INFO | oxford_pets_sepfpl_hcse_2_0.01_10_[53/60] | user class dict total %s
2025-11-22 09:07:27 | INFO | oxford_pets_sepfpl_hcse_2_0.01_10_[53/60] | idx: %s, output_dict_len: %d
2025-11-22 09:07:27 | INFO | oxford_pets_sepfpl_hcse_2_0.01_10_[53/60] | user class dict total %s
2025-11-22 09:07:27 | INFO | oxford_pets_sepfpl_hcse_2_0.01_10_[53/60] | idx: %s, output_dict_len: %d
2025-11-22 09:07:27 | INFO | oxford_pets_sepfpl_hcse_2_0.01_10_[53/60] | Loading CLIP (backbone: ViT-B/16)
2025-11-22 09:07:30 | INFO | oxford_pets_sepfpl_hcse_2_0.01_10_[53/60] | Building custom CLIP
2025-11-22 09:07:30 | INFO | oxford_pets_sepfpl_hcse_2_0.01_10_[53/60] | Turning off gradients in both the image and the text encoder
2025-11-22 09:07:30 | INFO | oxford_pets_sepfpl_hcse_2_0.01_10_[53/60] | [wandb] 正在初始化实验：project=SepFPL, name=oxford_pets-sepfpl_hcse-rank2-noise0.01-seed1-users10-53/60, mode=offline
2025-11-22 09:07:42 | INFO | oxford_pets_sepfpl_hcse_2_0.01_10_[53/60] | [Epoch 1/30] 训练耗时: 8.71s | 平均训练准确率: 53.28
2025-11-22 09:07:50 | INFO | oxford_pets_sepfpl_hcse_2_0.01_10_[53/60] | [Epoch 2/30] 训练耗时: 8.11s | 平均训练准确率: 55.94
2025-11-22 09:07:58 | INFO | oxford_pets_sepfpl_hcse_2_0.01_10_[53/60] | [Epoch 3/30] 训练耗时: 7.93s | 平均训练准确率: 55.16
2025-11-22 09:08:06 | INFO | oxford_pets_sepfpl_hcse_2_0.01_10_[53/60] | [Epoch 4/30] 训练耗时: 7.81s | 平均训练准确率: 56.41
2025-11-22 09:08:14 | INFO | oxford_pets_sepfpl_hcse_2_0.01_10_[53/60] | [Epoch 5/30] 训练耗时: 7.98s | 平均训练准确率: 54.06
2025-11-22 09:08:21 | INFO | oxford_pets_sepfpl_hcse_2_0.01_10_[53/60] | [Epoch 6/30] 训练耗时: 7.66s | 平均训练准确率: 54.38
2025-11-22 09:08:29 | INFO | oxford_pets_sepfpl_hcse_2_0.01_10_[53/60] | [Epoch 7/30] 训练耗时: 7.95s | 平均训练准确率: 55.16
2025-11-22 09:08:37 | INFO | oxford_pets_sepfpl_hcse_2_0.01_10_[53/60] | [Epoch 8/30] 训练耗时: 7.61s | 平均训练准确率: 54.53
2025-11-22 09:08:45 | INFO | oxford_pets_sepfpl_hcse_2_0.01_10_[53/60] | [Epoch 9/30] 训练耗时: 7.99s | 平均训练准确率: 55.47
2025-11-22 09:08:53 | INFO | oxford_pets_sepfpl_hcse_2_0.01_10_[53/60] | [Epoch 10/30] 训练耗时: 8.29s | 平均训练准确率: 56.72
2025-11-22 09:09:01 | INFO | oxford_pets_sepfpl_hcse_2_0.01_10_[53/60] | [Epoch 11/30] 训练耗时: 7.92s | 平均训练准确率: 54.53
2025-11-22 09:09:09 | INFO | oxford_pets_sepfpl_hcse_2_0.01_10_[53/60] | [Epoch 12/30] 训练耗时: 8.14s | 平均训练准确率: 54.38
2025-11-22 09:09:17 | INFO | oxford_pets_sepfpl_hcse_2_0.01_10_[53/60] | [Epoch 13/30] 训练耗时: 8.31s | 平均训练准确率: 55.47
2025-11-22 09:09:25 | INFO | oxford_pets_sepfpl_hcse_2_0.01_10_[53/60] | [Epoch 14/30] 训练耗时: 8.00s | 平均训练准确率: 53.75
2025-11-22 09:09:34 | INFO | oxford_pets_sepfpl_hcse_2_0.01_10_[53/60] | [Epoch 15/30] 训练耗时: 8.34s | 平均训练准确率: 54.53
2025-11-22 09:09:42 | INFO | oxford_pets_sepfpl_hcse_2_0.01_10_[53/60] | [Epoch 16/30] 训练耗时: 8.20s | 平均训练准确率: 54.22
2025-11-22 09:09:50 | INFO | oxford_pets_sepfpl_hcse_2_0.01_10_[53/60] | [Epoch 17/30] 训练耗时: 7.92s | 平均训练准确率: 55.00
2025-11-22 09:09:58 | INFO | oxford_pets_sepfpl_hcse_2_0.01_10_[53/60] | [Epoch 18/30] 训练耗时: 7.74s | 平均训练准确率: 53.75
2025-11-22 09:10:06 | INFO | oxford_pets_sepfpl_hcse_2_0.01_10_[53/60] | [Epoch 19/30] 训练耗时: 8.03s | 平均训练准确率: 54.38
2025-11-22 09:10:13 | INFO | oxford_pets_sepfpl_hcse_2_0.01_10_[53/60] | [Epoch 20/30] 训练耗时: 7.41s | 平均训练准确率: 52.34
2025-11-22 09:10:21 | INFO | oxford_pets_sepfpl_hcse_2_0.01_10_[53/60] | [Epoch 21/30] 训练耗时: 8.12s | 平均训练准确率: 56.72
2025-11-22 09:10:30 | INFO | oxford_pets_sepfpl_hcse_2_0.01_10_[53/60] | [Epoch 22/30] 训练耗时: 8.62s | 平均训练准确率: 54.38
2025-11-22 09:10:38 | INFO | oxford_pets_sepfpl_hcse_2_0.01_10_[53/60] | [Epoch 23/30] 训练耗时: 7.96s | 平均训练准确率: 55.62
2025-11-22 09:10:46 | INFO | oxford_pets_sepfpl_hcse_2_0.01_10_[53/60] | [Epoch 24/30] 训练耗时: 8.07s | 平均训练准确率: 53.75
2025-11-22 09:10:54 | INFO | oxford_pets_sepfpl_hcse_2_0.01_10_[53/60] | [Epoch 25/30] 训练耗时: 8.23s | 平均训练准确率: 54.22
2025-11-22 09:11:02 | INFO | oxford_pets_sepfpl_hcse_2_0.01_10_[53/60] | [Epoch 26/30] 训练耗时: 7.77s | 平均训练准确率: 55.16
2025-11-22 09:11:10 | INFO | oxford_pets_sepfpl_hcse_2_0.01_10_[53/60] | [Epoch 27/30] 训练耗时: 8.25s | 平均训练准确率: 56.09
2025-11-22 09:11:18 | INFO | oxford_pets_sepfpl_hcse_2_0.01_10_[53/60] | [Epoch 28/30] 训练耗时: 7.92s | 平均训练准确率: 52.97
2025-11-22 09:11:18 | INFO | oxford_pets_sepfpl_hcse_2_0.01_10_[53/60] | 
2025-11-22 09:11:18 | INFO | oxford_pets_sepfpl_hcse_2_0.01_10_[53/60] | ================================================================================
2025-11-22 09:11:18 | INFO | oxford_pets_sepfpl_hcse_2_0.01_10_[53/60] |                     TEST START - Epoch 28/30
2025-11-22 09:11:18 | INFO | oxford_pets_sepfpl_hcse_2_0.01_10_[53/60] | ================================================================================
2025-11-22 09:11:18 | INFO | oxford_pets_sepfpl_hcse_2_0.01_10_[53/60] | 
2025-11-22 09:20:47 | INFO | oxford_pets_sepfpl_hcse_2_0.01_10_[53/60] | 
================= Local Test Results ==================
+----------+----------+------------+----------+
| Client   | Accuracy | Error Rate | Macro F1 |
+----------+----------+------------+----------+
| Client 0 |    72.43 |      27.57 |    73.59 |
| Client 1 |    85.96 |      14.04 |    91.55 |
| Client 2 |    89.97 |      10.03 |    94.43 |
| Client 3 |    60.96 |      39.04 |    64.55 |
| Client 4 |    73.83 |      26.17 |    69.63 |
| Client 5 |    53.13 |      46.87 |    57.78 |
| Client 6 |    49.50 |      50.50 |    45.90 |
| Client 7 |    74.50 |      25.50 |    74.75 |
| Client 8 |    87.75 |      12.25 |    92.11 |
| Client 9 |    99.00 |       1.00 |    99.50 |
| Average  |    74.70 |      25.30 |    76.38 |
+----------+----------+------------+----------+

2025-11-22 09:20:47 | INFO | oxford_pets_sepfpl_hcse_2_0.01_10_[53/60] | 
================= Neighbor Test Results ==================
+----------+----------+------------+----------+
| Client   | Accuracy | Error Rate | Macro F1 |
+----------+----------+------------+----------+
| Client 0 |    76.54 |      23.46 |    72.12 |
| Client 1 |    76.67 |      23.33 |    73.01 |
| Client 2 |    74.97 |      25.03 |    70.34 |
| Client 3 |    81.23 |      18.77 |    77.68 |
| Client 4 |    78.07 |      21.93 |    75.04 |
| Client 5 |    72.60 |      27.40 |    66.25 |
| Client 6 |    67.39 |      32.61 |    62.77 |
| Client 7 |    70.82 |      29.18 |    66.22 |
| Client 8 |    66.60 |      33.40 |    62.20 |
| Client 9 |    66.63 |      33.37 |    60.75 |
| Average  |    73.15 |      26.85 |    68.64 |
+----------+----------+------------+----------+

2025-11-22 09:20:47 | INFO | oxford_pets_sepfpl_hcse_2_0.01_10_[53/60] | 
2025-11-22 09:20:47 | INFO | oxford_pets_sepfpl_hcse_2_0.01_10_[53/60] | ================================================================================
2025-11-22 09:20:47 | INFO | oxford_pets_sepfpl_hcse_2_0.01_10_[53/60] |                     TEST FINISH - Epoch 28/30
2025-11-22 09:20:47 | INFO | oxford_pets_sepfpl_hcse_2_0.01_10_[53/60] |                     测试耗时: 569.46s
2025-11-22 09:20:47 | INFO | oxford_pets_sepfpl_hcse_2_0.01_10_[53/60] | ================================================================================
2025-11-22 09:20:47 | INFO | oxford_pets_sepfpl_hcse_2_0.01_10_[53/60] | 
2025-11-22 09:20:55 | INFO | oxford_pets_sepfpl_hcse_2_0.01_10_[53/60] | [Epoch 29/30] 训练耗时: 7.85s | 平均训练准确率: 72.03
2025-11-22 09:20:55 | INFO | oxford_pets_sepfpl_hcse_2_0.01_10_[53/60] | 
2025-11-22 09:20:55 | INFO | oxford_pets_sepfpl_hcse_2_0.01_10_[53/60] | ================================================================================
2025-11-22 09:20:55 | INFO | oxford_pets_sepfpl_hcse_2_0.01_10_[53/60] |                     TEST START - Epoch 29/30
2025-11-22 09:20:55 | INFO | oxford_pets_sepfpl_hcse_2_0.01_10_[53/60] | ================================================================================
2025-11-22 09:20:55 | INFO | oxford_pets_sepfpl_hcse_2_0.01_10_[53/60] | 
2025-11-22 09:30:39 | INFO | oxford_pets_sepfpl_hcse_2_0.01_10_[53/60] | 
================= Local Test Results ==================
+----------+----------+------------+----------+
| Client   | Accuracy | Error Rate | Macro F1 |
+----------+----------+------------+----------+
| Client 0 |    73.18 |      26.82 |    73.98 |
| Client 1 |    94.24 |       5.76 |    97.01 |
| Client 2 |    89.46 |      10.54 |    93.92 |
| Client 3 |    60.20 |      39.80 |    65.05 |
| Client 4 |    73.83 |      26.17 |    67.80 |
| Client 5 |    73.18 |      26.82 |    75.16 |
| Client 6 |    62.00 |      38.00 |    65.54 |
| Client 7 |    74.25 |      25.75 |    74.62 |
| Client 8 |    96.00 |       4.00 |    97.95 |
| Client 9 |    98.00 |       2.00 |    98.99 |
| Average  |    79.43 |      20.57 |    81.00 |
+----------+----------+------------+----------+

2025-11-22 09:30:39 | INFO | oxford_pets_sepfpl_hcse_2_0.01_10_[53/60] | 
================= Neighbor Test Results ==================
+----------+----------+------------+----------+
| Client   | Accuracy | Error Rate | Macro F1 |
+----------+----------+------------+----------+
| Client 0 |    84.13 |      15.87 |    82.00 |
| Client 1 |    82.51 |      17.49 |    80.68 |
| Client 2 |    82.47 |      17.53 |    80.33 |
| Client 3 |    76.53 |      23.47 |    72.44 |
| Client 4 |    80.29 |      19.71 |    77.70 |
| Client 5 |    77.98 |      22.02 |    73.46 |
| Client 6 |    77.52 |      22.48 |    74.62 |
| Client 7 |    78.16 |      21.84 |    73.40 |
| Client 8 |    71.73 |      28.27 |    67.40 |
| Client 9 |    69.94 |      30.06 |    63.94 |
| Average  |    78.13 |      21.87 |    74.60 |
+----------+----------+------------+----------+

2025-11-22 09:30:39 | INFO | oxford_pets_sepfpl_hcse_2_0.01_10_[53/60] | 
2025-11-22 09:30:39 | INFO | oxford_pets_sepfpl_hcse_2_0.01_10_[53/60] | ================================================================================
2025-11-22 09:30:39 | INFO | oxford_pets_sepfpl_hcse_2_0.01_10_[53/60] |                     TEST FINISH - Epoch 29/30
2025-11-22 09:30:39 | INFO | oxford_pets_sepfpl_hcse_2_0.01_10_[53/60] |                     测试耗时: 583.51s
2025-11-22 09:30:39 | INFO | oxford_pets_sepfpl_hcse_2_0.01_10_[53/60] | ================================================================================
2025-11-22 09:30:39 | INFO | oxford_pets_sepfpl_hcse_2_0.01_10_[53/60] | 
2025-11-22 09:30:46 | INFO | oxford_pets_sepfpl_hcse_2_0.01_10_[53/60] | [Epoch 30/30] 训练耗时: 7.60s | 平均训练准确率: 73.44
2025-11-22 09:30:46 | INFO | oxford_pets_sepfpl_hcse_2_0.01_10_[53/60] | 
2025-11-22 09:30:46 | INFO | oxford_pets_sepfpl_hcse_2_0.01_10_[53/60] | ================================================================================
2025-11-22 09:30:46 | INFO | oxford_pets_sepfpl_hcse_2_0.01_10_[53/60] |                     TEST START - Epoch 30/30
2025-11-22 09:30:46 | INFO | oxford_pets_sepfpl_hcse_2_0.01_10_[53/60] | ================================================================================
2025-11-22 09:30:46 | INFO | oxford_pets_sepfpl_hcse_2_0.01_10_[53/60] | 
2025-11-22 09:40:08 | INFO | oxford_pets_sepfpl_hcse_2_0.01_10_[53/60] | 
================= Local Test Results ==================
+----------+----------+------------+----------+
| Client   | Accuracy | Error Rate | Macro F1 |
+----------+----------+------------+----------+
| Client 0 |    70.93 |      29.07 |    72.94 |
| Client 1 |    76.19 |      23.81 |    85.68 |
| Client 2 |    85.35 |      14.65 |    91.15 |
| Client 3 |    47.10 |      52.90 |    50.17 |
| Client 4 |    56.48 |      43.52 |    58.79 |
| Client 5 |    67.17 |      32.83 |    72.47 |
| Client 6 |    50.75 |      49.25 |    51.76 |
| Client 7 |    76.00 |      24.00 |    77.58 |
| Client 8 |    95.75 |       4.25 |    97.82 |
| Client 9 |    99.00 |       1.00 |    99.50 |
| Average  |    72.47 |      27.53 |    75.78 |
+----------+----------+------------+----------+

2025-11-22 09:40:08 | INFO | oxford_pets_sepfpl_hcse_2_0.01_10_[53/60] | 
================= Neighbor Test Results ==================
+----------+----------+------------+----------+
| Client   | Accuracy | Error Rate | Macro F1 |
+----------+----------+------------+----------+
| Client 0 |    80.12 |      19.88 |    78.58 |
| Client 1 |    76.27 |      23.73 |    72.70 |
| Client 2 |    71.74 |      28.26 |    66.46 |
| Client 3 |    72.13 |      27.87 |    66.99 |
| Client 4 |    73.38 |      26.62 |    67.75 |
| Client 5 |    69.60 |      30.40 |    63.63 |
| Client 6 |    80.82 |      19.18 |    78.56 |
| Client 7 |    75.80 |      24.20 |    72.07 |
| Client 8 |    76.14 |      23.86 |    72.94 |
| Client 9 |    80.27 |      19.73 |    76.85 |
| Average  |    75.63 |      24.37 |    71.65 |
+----------+----------+------------+----------+

2025-11-22 09:40:08 | INFO | oxford_pets_sepfpl_hcse_2_0.01_10_[53/60] | 
2025-11-22 09:40:08 | INFO | oxford_pets_sepfpl_hcse_2_0.01_10_[53/60] | ================================================================================
2025-11-22 09:40:08 | INFO | oxford_pets_sepfpl_hcse_2_0.01_10_[53/60] |                     TEST FINISH - Epoch 30/30
2025-11-22 09:40:08 | INFO | oxford_pets_sepfpl_hcse_2_0.01_10_[53/60] |                     测试耗时: 561.35s
2025-11-22 09:40:08 | INFO | oxford_pets_sepfpl_hcse_2_0.01_10_[53/60] | ================================================================================
2025-11-22 09:40:08 | INFO | oxford_pets_sepfpl_hcse_2_0.01_10_[53/60] | 
2025-11-22 09:40:08 | INFO | oxford_pets_sepfpl_hcse_2_0.01_10_[53/60] | maximum test local acc: 79.435
2025-11-22 09:40:08 | INFO | oxford_pets_sepfpl_hcse_2_0.01_10_[53/60] | mean of local acc: 75.537
2025-11-22 09:40:08 | INFO | oxford_pets_sepfpl_hcse_2_0.01_10_[53/60] | maximum test neighbor acc: 78.125
2025-11-22 09:40:08 | INFO | oxford_pets_sepfpl_hcse_2_0.01_10_[53/60] | mean of neighbor acc: 75.635
