2025-11-22 09:40:15 | INFO | oxford_pets_sepfpl_hcse_4_0.01_10_[55/60] | Loading trainer: DP_FPL
2025-11-22 09:40:15 | INFO | oxford_pets_sepfpl_hcse_4_0.01_10_[55/60] | Loading dataset: OxfordPets
2025-11-22 09:40:15 | INFO | oxford_pets_sepfpl_hcse_4_0.01_10_[55/60] | Reading split from %s
2025-11-22 09:40:15 | INFO | oxford_pets_sepfpl_hcse_4_0.01_10_[55/60] | Creating a baseline federated dataset
2025-11-22 09:40:15 | INFO | oxford_pets_sepfpl_hcse_4_0.01_10_[55/60] | class_num %d
2025-11-22 09:40:15 | INFO | oxford_pets_sepfpl_hcse_4_0.01_10_[55/60] | user class dict total %s
2025-11-22 09:40:15 | INFO | oxford_pets_sepfpl_hcse_4_0.01_10_[55/60] | idx: %s, output_dict_len: %d
2025-11-22 09:40:15 | INFO | oxford_pets_sepfpl_hcse_4_0.01_10_[55/60] | user class dict total %s
2025-11-22 09:40:15 | INFO | oxford_pets_sepfpl_hcse_4_0.01_10_[55/60] | idx: %s, output_dict_len: %d
2025-11-22 09:40:15 | INFO | oxford_pets_sepfpl_hcse_4_0.01_10_[55/60] | user class dict total %s
2025-11-22 09:40:15 | INFO | oxford_pets_sepfpl_hcse_4_0.01_10_[55/60] | idx: %s, output_dict_len: %d
2025-11-22 09:40:15 | INFO | oxford_pets_sepfpl_hcse_4_0.01_10_[55/60] | user class dict total %s
2025-11-22 09:40:15 | INFO | oxford_pets_sepfpl_hcse_4_0.01_10_[55/60] | idx: %s, output_dict_len: %d
2025-11-22 09:40:15 | INFO | oxford_pets_sepfpl_hcse_4_0.01_10_[55/60] | user class dict total %s
2025-11-22 09:40:15 | INFO | oxford_pets_sepfpl_hcse_4_0.01_10_[55/60] | idx: %s, output_dict_len: %d
2025-11-22 09:40:15 | INFO | oxford_pets_sepfpl_hcse_4_0.01_10_[55/60] | user class dict total %s
2025-11-22 09:40:15 | INFO | oxford_pets_sepfpl_hcse_4_0.01_10_[55/60] | idx: %s, output_dict_len: %d
2025-11-22 09:40:15 | INFO | oxford_pets_sepfpl_hcse_4_0.01_10_[55/60] | user class dict total %s
2025-11-22 09:40:15 | INFO | oxford_pets_sepfpl_hcse_4_0.01_10_[55/60] | idx: %s, output_dict_len: %d
2025-11-22 09:40:15 | INFO | oxford_pets_sepfpl_hcse_4_0.01_10_[55/60] | user class dict total %s
2025-11-22 09:40:15 | INFO | oxford_pets_sepfpl_hcse_4_0.01_10_[55/60] | idx: %s, output_dict_len: %d
2025-11-22 09:40:15 | INFO | oxford_pets_sepfpl_hcse_4_0.01_10_[55/60] | user class dict total %s
2025-11-22 09:40:15 | INFO | oxford_pets_sepfpl_hcse_4_0.01_10_[55/60] | idx: %s, output_dict_len: %d
2025-11-22 09:40:15 | INFO | oxford_pets_sepfpl_hcse_4_0.01_10_[55/60] | user class dict total %s
2025-11-22 09:40:15 | INFO | oxford_pets_sepfpl_hcse_4_0.01_10_[55/60] | idx: %s, output_dict_len: %d
2025-11-22 09:40:15 | INFO | oxford_pets_sepfpl_hcse_4_0.01_10_[55/60] | Creating a baseline federated dataset
2025-11-22 09:40:15 | INFO | oxford_pets_sepfpl_hcse_4_0.01_10_[55/60] | class_num %d
2025-11-22 09:40:15 | INFO | oxford_pets_sepfpl_hcse_4_0.01_10_[55/60] | user class dict total %s
2025-11-22 09:40:15 | INFO | oxford_pets_sepfpl_hcse_4_0.01_10_[55/60] | idx: %s, output_dict_len: %d
2025-11-22 09:40:15 | INFO | oxford_pets_sepfpl_hcse_4_0.01_10_[55/60] | user class dict total %s
2025-11-22 09:40:15 | INFO | oxford_pets_sepfpl_hcse_4_0.01_10_[55/60] | idx: %s, output_dict_len: %d
2025-11-22 09:40:15 | INFO | oxford_pets_sepfpl_hcse_4_0.01_10_[55/60] | user class dict total %s
2025-11-22 09:40:15 | INFO | oxford_pets_sepfpl_hcse_4_0.01_10_[55/60] | idx: %s, output_dict_len: %d
2025-11-22 09:40:15 | INFO | oxford_pets_sepfpl_hcse_4_0.01_10_[55/60] | user class dict total %s
2025-11-22 09:40:15 | INFO | oxford_pets_sepfpl_hcse_4_0.01_10_[55/60] | idx: %s, output_dict_len: %d
2025-11-22 09:40:15 | INFO | oxford_pets_sepfpl_hcse_4_0.01_10_[55/60] | user class dict total %s
2025-11-22 09:40:15 | INFO | oxford_pets_sepfpl_hcse_4_0.01_10_[55/60] | idx: %s, output_dict_len: %d
2025-11-22 09:40:15 | INFO | oxford_pets_sepfpl_hcse_4_0.01_10_[55/60] | user class dict total %s
2025-11-22 09:40:15 | INFO | oxford_pets_sepfpl_hcse_4_0.01_10_[55/60] | idx: %s, output_dict_len: %d
2025-11-22 09:40:15 | INFO | oxford_pets_sepfpl_hcse_4_0.01_10_[55/60] | user class dict total %s
2025-11-22 09:40:15 | INFO | oxford_pets_sepfpl_hcse_4_0.01_10_[55/60] | idx: %s, output_dict_len: %d
2025-11-22 09:40:15 | INFO | oxford_pets_sepfpl_hcse_4_0.01_10_[55/60] | user class dict total %s
2025-11-22 09:40:15 | INFO | oxford_pets_sepfpl_hcse_4_0.01_10_[55/60] | idx: %s, output_dict_len: %d
2025-11-22 09:40:15 | INFO | oxford_pets_sepfpl_hcse_4_0.01_10_[55/60] | user class dict total %s
2025-11-22 09:40:15 | INFO | oxford_pets_sepfpl_hcse_4_0.01_10_[55/60] | idx: %s, output_dict_len: %d
2025-11-22 09:40:15 | INFO | oxford_pets_sepfpl_hcse_4_0.01_10_[55/60] | user class dict total %s
2025-11-22 09:40:15 | INFO | oxford_pets_sepfpl_hcse_4_0.01_10_[55/60] | idx: %s, output_dict_len: %d
2025-11-22 09:40:15 | INFO | oxford_pets_sepfpl_hcse_4_0.01_10_[55/60] | Loading CLIP (backbone: ViT-B/16)
2025-11-22 09:40:17 | INFO | oxford_pets_sepfpl_hcse_4_0.01_10_[55/60] | Building custom CLIP
2025-11-22 09:40:17 | INFO | oxford_pets_sepfpl_hcse_4_0.01_10_[55/60] | Turning off gradients in both the image and the text encoder
2025-11-22 09:40:18 | INFO | oxford_pets_sepfpl_hcse_4_0.01_10_[55/60] | [wandb] 正在初始化实验：project=SepFPL, name=oxford_pets-sepfpl_hcse-rank4-noise0.01-seed1-users10-55/60, mode=offline
2025-11-22 09:40:30 | INFO | oxford_pets_sepfpl_hcse_4_0.01_10_[55/60] | [Epoch 1/30] 训练耗时: 9.18s | 平均训练准确率: 52.50
2025-11-22 09:40:37 | INFO | oxford_pets_sepfpl_hcse_4_0.01_10_[55/60] | [Epoch 2/30] 训练耗时: 7.68s | 平均训练准确率: 54.06
2025-11-22 09:40:45 | INFO | oxford_pets_sepfpl_hcse_4_0.01_10_[55/60] | [Epoch 3/30] 训练耗时: 7.95s | 平均训练准确率: 56.56
2025-11-22 09:40:53 | INFO | oxford_pets_sepfpl_hcse_4_0.01_10_[55/60] | [Epoch 4/30] 训练耗时: 7.38s | 平均训练准确率: 54.53
2025-11-22 09:41:01 | INFO | oxford_pets_sepfpl_hcse_4_0.01_10_[55/60] | [Epoch 5/30] 训练耗时: 8.16s | 平均训练准确率: 54.06
2025-11-22 09:41:09 | INFO | oxford_pets_sepfpl_hcse_4_0.01_10_[55/60] | [Epoch 6/30] 训练耗时: 8.10s | 平均训练准确率: 55.16
2025-11-22 09:41:17 | INFO | oxford_pets_sepfpl_hcse_4_0.01_10_[55/60] | [Epoch 7/30] 训练耗时: 8.17s | 平均训练准确率: 55.94
2025-11-22 09:41:25 | INFO | oxford_pets_sepfpl_hcse_4_0.01_10_[55/60] | [Epoch 8/30] 训练耗时: 7.75s | 平均训练准确率: 53.44
2025-11-22 09:41:33 | INFO | oxford_pets_sepfpl_hcse_4_0.01_10_[55/60] | [Epoch 9/30] 训练耗时: 7.76s | 平均训练准确率: 56.25
2025-11-22 09:41:41 | INFO | oxford_pets_sepfpl_hcse_4_0.01_10_[55/60] | [Epoch 10/30] 训练耗时: 8.03s | 平均训练准确率: 53.59
2025-11-22 09:41:48 | INFO | oxford_pets_sepfpl_hcse_4_0.01_10_[55/60] | [Epoch 11/30] 训练耗时: 7.64s | 平均训练准确率: 54.69
2025-11-22 09:41:56 | INFO | oxford_pets_sepfpl_hcse_4_0.01_10_[55/60] | [Epoch 12/30] 训练耗时: 8.04s | 平均训练准确率: 53.28
2025-11-22 09:42:04 | INFO | oxford_pets_sepfpl_hcse_4_0.01_10_[55/60] | [Epoch 13/30] 训练耗时: 7.61s | 平均训练准确率: 53.59
2025-11-22 09:42:12 | INFO | oxford_pets_sepfpl_hcse_4_0.01_10_[55/60] | [Epoch 14/30] 训练耗时: 8.00s | 平均训练准确率: 56.56
2025-11-22 09:42:20 | INFO | oxford_pets_sepfpl_hcse_4_0.01_10_[55/60] | [Epoch 15/30] 训练耗时: 7.79s | 平均训练准确率: 54.69
2025-11-22 09:42:28 | INFO | oxford_pets_sepfpl_hcse_4_0.01_10_[55/60] | [Epoch 16/30] 训练耗时: 7.99s | 平均训练准确率: 53.91
2025-11-22 09:42:36 | INFO | oxford_pets_sepfpl_hcse_4_0.01_10_[55/60] | [Epoch 17/30] 训练耗时: 7.94s | 平均训练准确率: 54.53
2025-11-22 09:42:44 | INFO | oxford_pets_sepfpl_hcse_4_0.01_10_[55/60] | [Epoch 18/30] 训练耗时: 7.82s | 平均训练准确率: 53.75
2025-11-22 09:42:52 | INFO | oxford_pets_sepfpl_hcse_4_0.01_10_[55/60] | [Epoch 19/30] 训练耗时: 7.97s | 平均训练准确率: 55.94
2025-11-22 09:42:59 | INFO | oxford_pets_sepfpl_hcse_4_0.01_10_[55/60] | [Epoch 20/30] 训练耗时: 7.90s | 平均训练准确率: 55.78
2025-11-22 09:43:07 | INFO | oxford_pets_sepfpl_hcse_4_0.01_10_[55/60] | [Epoch 21/30] 训练耗时: 7.79s | 平均训练准确率: 53.75
2025-11-22 09:43:15 | INFO | oxford_pets_sepfpl_hcse_4_0.01_10_[55/60] | [Epoch 22/30] 训练耗时: 7.68s | 平均训练准确率: 53.59
2025-11-22 09:43:23 | INFO | oxford_pets_sepfpl_hcse_4_0.01_10_[55/60] | [Epoch 23/30] 训练耗时: 7.73s | 平均训练准确率: 53.28
2025-11-22 09:43:31 | INFO | oxford_pets_sepfpl_hcse_4_0.01_10_[55/60] | [Epoch 24/30] 训练耗时: 8.32s | 平均训练准确率: 55.16
2025-11-22 09:43:39 | INFO | oxford_pets_sepfpl_hcse_4_0.01_10_[55/60] | [Epoch 25/30] 训练耗时: 7.82s | 平均训练准确率: 53.91
2025-11-22 09:43:47 | INFO | oxford_pets_sepfpl_hcse_4_0.01_10_[55/60] | [Epoch 26/30] 训练耗时: 7.98s | 平均训练准确率: 55.47
2025-11-22 09:43:54 | INFO | oxford_pets_sepfpl_hcse_4_0.01_10_[55/60] | [Epoch 27/30] 训练耗时: 7.76s | 平均训练准确率: 54.84
2025-11-22 09:44:03 | INFO | oxford_pets_sepfpl_hcse_4_0.01_10_[55/60] | [Epoch 28/30] 训练耗时: 8.07s | 平均训练准确率: 55.16
2025-11-22 09:44:03 | INFO | oxford_pets_sepfpl_hcse_4_0.01_10_[55/60] | 
2025-11-22 09:44:03 | INFO | oxford_pets_sepfpl_hcse_4_0.01_10_[55/60] | ================================================================================
2025-11-22 09:44:03 | INFO | oxford_pets_sepfpl_hcse_4_0.01_10_[55/60] |                     TEST START - Epoch 28/30
2025-11-22 09:44:03 | INFO | oxford_pets_sepfpl_hcse_4_0.01_10_[55/60] | ================================================================================
2025-11-22 09:44:03 | INFO | oxford_pets_sepfpl_hcse_4_0.01_10_[55/60] | 
2025-11-22 09:53:39 | INFO | oxford_pets_sepfpl_hcse_4_0.01_10_[55/60] | 
================= Local Test Results ==================
+----------+----------+------------+----------+
| Client   | Accuracy | Error Rate | Macro F1 |
+----------+----------+------------+----------+
| Client 0 |    72.43 |      27.57 |    73.59 |
| Client 1 |    86.22 |      13.78 |    91.68 |
| Client 2 |    89.97 |      10.03 |    94.40 |
| Client 3 |    63.22 |      36.78 |    65.94 |
| Client 4 |    74.35 |      25.65 |    69.80 |
| Client 5 |    65.16 |      34.84 |    69.08 |
| Client 6 |    49.50 |      50.50 |    46.40 |
| Client 7 |    74.50 |      25.50 |    74.75 |
| Client 8 |    87.25 |      12.75 |    91.73 |
| Client 9 |    99.00 |       1.00 |    99.50 |
| Average  |    76.16 |      23.84 |    77.69 |
+----------+----------+------------+----------+

2025-11-22 09:53:39 | INFO | oxford_pets_sepfpl_hcse_4_0.01_10_[55/60] | 
================= Neighbor Test Results ==================
+----------+----------+------------+----------+
| Client   | Accuracy | Error Rate | Macro F1 |
+----------+----------+------------+----------+
| Client 0 |    76.09 |      23.91 |    71.48 |
| Client 1 |    76.42 |      23.58 |    72.68 |
| Client 2 |    74.66 |      25.34 |    69.96 |
| Client 3 |    78.94 |      21.06 |    75.16 |
| Client 4 |    76.67 |      23.33 |    72.85 |
| Client 5 |    75.63 |      24.37 |    70.53 |
| Client 6 |    66.53 |      33.47 |    61.52 |
| Client 7 |    70.02 |      29.98 |    65.36 |
| Client 8 |    66.32 |      33.68 |    61.83 |
| Client 9 |    66.60 |      33.40 |    60.61 |
| Average  |    72.79 |      27.21 |    68.20 |
+----------+----------+------------+----------+

2025-11-22 09:53:39 | INFO | oxford_pets_sepfpl_hcse_4_0.01_10_[55/60] | 
2025-11-22 09:53:39 | INFO | oxford_pets_sepfpl_hcse_4_0.01_10_[55/60] | ================================================================================
2025-11-22 09:53:39 | INFO | oxford_pets_sepfpl_hcse_4_0.01_10_[55/60] |                     TEST FINISH - Epoch 28/30
2025-11-22 09:53:39 | INFO | oxford_pets_sepfpl_hcse_4_0.01_10_[55/60] |                     测试耗时: 576.36s
2025-11-22 09:53:39 | INFO | oxford_pets_sepfpl_hcse_4_0.01_10_[55/60] | ================================================================================
2025-11-22 09:53:39 | INFO | oxford_pets_sepfpl_hcse_4_0.01_10_[55/60] | 
2025-11-22 09:53:47 | INFO | oxford_pets_sepfpl_hcse_4_0.01_10_[55/60] | [Epoch 29/30] 训练耗时: 7.78s | 平均训练准确率: 69.84
2025-11-22 09:53:47 | INFO | oxford_pets_sepfpl_hcse_4_0.01_10_[55/60] | 
2025-11-22 09:53:47 | INFO | oxford_pets_sepfpl_hcse_4_0.01_10_[55/60] | ================================================================================
2025-11-22 09:53:47 | INFO | oxford_pets_sepfpl_hcse_4_0.01_10_[55/60] |                     TEST START - Epoch 29/30
2025-11-22 09:53:47 | INFO | oxford_pets_sepfpl_hcse_4_0.01_10_[55/60] | ================================================================================
2025-11-22 09:53:47 | INFO | oxford_pets_sepfpl_hcse_4_0.01_10_[55/60] | 
2025-11-22 10:03:21 | INFO | oxford_pets_sepfpl_hcse_4_0.01_10_[55/60] | 
================= Local Test Results ==================
+----------+----------+------------+----------+
| Client   | Accuracy | Error Rate | Macro F1 |
+----------+----------+------------+----------+
| Client 0 |    73.18 |      26.82 |    73.98 |
| Client 1 |    94.24 |       5.76 |    97.01 |
| Client 2 |    85.86 |      14.14 |    91.67 |
| Client 3 |    85.89 |      14.11 |    91.00 |
| Client 4 |    73.32 |      26.68 |    71.35 |
| Client 5 |    90.73 |       9.27 |    94.50 |
| Client 6 |    57.00 |      43.00 |    59.55 |
| Client 7 |    73.75 |      26.25 |    74.74 |
| Client 8 |    96.75 |       3.25 |    98.35 |
| Client 9 |    98.00 |       2.00 |    98.99 |
| Average  |    82.87 |      17.13 |    85.11 |
+----------+----------+------------+----------+

2025-11-22 10:03:21 | INFO | oxford_pets_sepfpl_hcse_4_0.01_10_[55/60] | 
================= Neighbor Test Results ==================
+----------+----------+------------+----------+
| Client   | Accuracy | Error Rate | Macro F1 |
+----------+----------+------------+----------+
| Client 0 |    84.13 |      15.87 |    81.96 |
| Client 1 |    82.51 |      17.49 |    80.73 |
| Client 2 |    80.27 |      19.73 |    77.62 |
| Client 3 |    80.13 |      19.87 |    76.91 |
| Client 4 |    83.70 |      16.30 |    82.51 |
| Client 5 |    82.94 |      17.06 |    80.48 |
| Client 6 |    75.28 |      24.72 |    71.90 |
| Client 7 |    85.10 |      14.90 |    83.15 |
| Client 8 |    68.25 |      31.75 |    62.78 |
| Client 9 |    69.12 |      30.88 |    62.50 |
| Average  |    79.14 |      20.86 |    76.05 |
+----------+----------+------------+----------+

2025-11-22 10:03:21 | INFO | oxford_pets_sepfpl_hcse_4_0.01_10_[55/60] | 
2025-11-22 10:03:21 | INFO | oxford_pets_sepfpl_hcse_4_0.01_10_[55/60] | ================================================================================
2025-11-22 10:03:21 | INFO | oxford_pets_sepfpl_hcse_4_0.01_10_[55/60] |                     TEST FINISH - Epoch 29/30
2025-11-22 10:03:21 | INFO | oxford_pets_sepfpl_hcse_4_0.01_10_[55/60] |                     测试耗时: 574.39s
2025-11-22 10:03:21 | INFO | oxford_pets_sepfpl_hcse_4_0.01_10_[55/60] | ================================================================================
2025-11-22 10:03:21 | INFO | oxford_pets_sepfpl_hcse_4_0.01_10_[55/60] | 
2025-11-22 10:03:29 | INFO | oxford_pets_sepfpl_hcse_4_0.01_10_[55/60] | [Epoch 30/30] 训练耗时: 7.78s | 平均训练准确率: 75.16
2025-11-22 10:03:29 | INFO | oxford_pets_sepfpl_hcse_4_0.01_10_[55/60] | 
2025-11-22 10:03:29 | INFO | oxford_pets_sepfpl_hcse_4_0.01_10_[55/60] | ================================================================================
2025-11-22 10:03:29 | INFO | oxford_pets_sepfpl_hcse_4_0.01_10_[55/60] |                     TEST START - Epoch 30/30
2025-11-22 10:03:29 | INFO | oxford_pets_sepfpl_hcse_4_0.01_10_[55/60] | ================================================================================
2025-11-22 10:03:29 | INFO | oxford_pets_sepfpl_hcse_4_0.01_10_[55/60] | 
2025-11-22 10:09:27 | INFO | oxford_pets_sepfpl_hcse_4_0.01_10_[55/60] | 
================= Local Test Results ==================
+----------+----------+------------+----------+
| Client   | Accuracy | Error Rate | Macro F1 |
+----------+----------+------------+----------+
| Client 0 |    70.93 |      29.07 |    72.94 |
| Client 1 |    78.70 |      21.30 |    87.60 |
| Client 2 |    87.92 |      12.08 |    92.62 |
| Client 3 |    65.49 |      34.51 |    68.75 |
| Client 4 |    69.69 |      30.31 |    67.81 |
| Client 5 |    66.42 |      33.58 |    71.35 |
| Client 6 |    50.00 |      50.00 |    49.88 |
| Client 7 |    75.50 |      24.50 |    76.67 |
| Client 8 |    96.50 |       3.50 |    98.21 |
| Client 9 |    99.00 |       1.00 |    99.50 |
| Average  |    76.01 |      23.99 |    78.53 |
+----------+----------+------------+----------+

2025-11-22 10:09:27 | INFO | oxford_pets_sepfpl_hcse_4_0.01_10_[55/60] | 
================= Neighbor Test Results ==================
+----------+----------+------------+----------+
| Client   | Accuracy | Error Rate | Macro F1 |
+----------+----------+------------+----------+
| Client 0 |    81.10 |      18.90 |    79.81 |
| Client 1 |    76.73 |      23.27 |    73.33 |
| Client 2 |    71.92 |      28.08 |    66.57 |
| Client 3 |    76.34 |      23.66 |    73.23 |
| Client 4 |    76.82 |      23.18 |    72.66 |
| Client 5 |    71.80 |      28.20 |    66.10 |
| Client 6 |    78.49 |      21.51 |    76.11 |
| Client 7 |    75.74 |      24.26 |    71.91 |
| Client 8 |    71.43 |      28.57 |    68.07 |
| Client 9 |    75.09 |      24.91 |    71.56 |
| Average  |    75.55 |      24.45 |    71.93 |
+----------+----------+------------+----------+

2025-11-22 10:09:27 | INFO | oxford_pets_sepfpl_hcse_4_0.01_10_[55/60] | 
2025-11-22 10:09:27 | INFO | oxford_pets_sepfpl_hcse_4_0.01_10_[55/60] | ================================================================================
2025-11-22 10:09:27 | INFO | oxford_pets_sepfpl_hcse_4_0.01_10_[55/60] |                     TEST FINISH - Epoch 30/30
2025-11-22 10:09:27 | INFO | oxford_pets_sepfpl_hcse_4_0.01_10_[55/60] |                     测试耗时: 358.60s
2025-11-22 10:09:27 | INFO | oxford_pets_sepfpl_hcse_4_0.01_10_[55/60] | ================================================================================
2025-11-22 10:09:27 | INFO | oxford_pets_sepfpl_hcse_4_0.01_10_[55/60] | 
2025-11-22 10:09:27 | INFO | oxford_pets_sepfpl_hcse_4_0.01_10_[55/60] | maximum test local acc: 82.872
2025-11-22 10:09:27 | INFO | oxford_pets_sepfpl_hcse_4_0.01_10_[55/60] | mean of local acc: 78.349
2025-11-22 10:09:27 | INFO | oxford_pets_sepfpl_hcse_4_0.01_10_[55/60] | maximum test neighbor acc: 79.144
2025-11-22 10:09:27 | INFO | oxford_pets_sepfpl_hcse_4_0.01_10_[55/60] | mean of neighbor acc: 75.827
