2025-11-22 10:09:36 | INFO | oxford_pets_sepfpl_hcse_8_0.01_10_[57/60] | Loading trainer: DP_FPL
2025-11-22 10:09:36 | INFO | oxford_pets_sepfpl_hcse_8_0.01_10_[57/60] | Loading dataset: OxfordPets
2025-11-22 10:09:36 | INFO | oxford_pets_sepfpl_hcse_8_0.01_10_[57/60] | Reading split from %s
2025-11-22 10:09:36 | INFO | oxford_pets_sepfpl_hcse_8_0.01_10_[57/60] | Creating a baseline federated dataset
2025-11-22 10:09:36 | INFO | oxford_pets_sepfpl_hcse_8_0.01_10_[57/60] | class_num %d
2025-11-22 10:09:36 | INFO | oxford_pets_sepfpl_hcse_8_0.01_10_[57/60] | user class dict total %s
2025-11-22 10:09:36 | INFO | oxford_pets_sepfpl_hcse_8_0.01_10_[57/60] | idx: %s, output_dict_len: %d
2025-11-22 10:09:36 | INFO | oxford_pets_sepfpl_hcse_8_0.01_10_[57/60] | user class dict total %s
2025-11-22 10:09:36 | INFO | oxford_pets_sepfpl_hcse_8_0.01_10_[57/60] | idx: %s, output_dict_len: %d
2025-11-22 10:09:36 | INFO | oxford_pets_sepfpl_hcse_8_0.01_10_[57/60] | user class dict total %s
2025-11-22 10:09:36 | INFO | oxford_pets_sepfpl_hcse_8_0.01_10_[57/60] | idx: %s, output_dict_len: %d
2025-11-22 10:09:36 | INFO | oxford_pets_sepfpl_hcse_8_0.01_10_[57/60] | user class dict total %s
2025-11-22 10:09:36 | INFO | oxford_pets_sepfpl_hcse_8_0.01_10_[57/60] | idx: %s, output_dict_len: %d
2025-11-22 10:09:36 | INFO | oxford_pets_sepfpl_hcse_8_0.01_10_[57/60] | user class dict total %s
2025-11-22 10:09:36 | INFO | oxford_pets_sepfpl_hcse_8_0.01_10_[57/60] | idx: %s, output_dict_len: %d
2025-11-22 10:09:36 | INFO | oxford_pets_sepfpl_hcse_8_0.01_10_[57/60] | user class dict total %s
2025-11-22 10:09:36 | INFO | oxford_pets_sepfpl_hcse_8_0.01_10_[57/60] | idx: %s, output_dict_len: %d
2025-11-22 10:09:36 | INFO | oxford_pets_sepfpl_hcse_8_0.01_10_[57/60] | user class dict total %s
2025-11-22 10:09:36 | INFO | oxford_pets_sepfpl_hcse_8_0.01_10_[57/60] | idx: %s, output_dict_len: %d
2025-11-22 10:09:36 | INFO | oxford_pets_sepfpl_hcse_8_0.01_10_[57/60] | user class dict total %s
2025-11-22 10:09:36 | INFO | oxford_pets_sepfpl_hcse_8_0.01_10_[57/60] | idx: %s, output_dict_len: %d
2025-11-22 10:09:36 | INFO | oxford_pets_sepfpl_hcse_8_0.01_10_[57/60] | user class dict total %s
2025-11-22 10:09:36 | INFO | oxford_pets_sepfpl_hcse_8_0.01_10_[57/60] | idx: %s, output_dict_len: %d
2025-11-22 10:09:36 | INFO | oxford_pets_sepfpl_hcse_8_0.01_10_[57/60] | user class dict total %s
2025-11-22 10:09:36 | INFO | oxford_pets_sepfpl_hcse_8_0.01_10_[57/60] | idx: %s, output_dict_len: %d
2025-11-22 10:09:36 | INFO | oxford_pets_sepfpl_hcse_8_0.01_10_[57/60] | Creating a baseline federated dataset
2025-11-22 10:09:36 | INFO | oxford_pets_sepfpl_hcse_8_0.01_10_[57/60] | class_num %d
2025-11-22 10:09:36 | INFO | oxford_pets_sepfpl_hcse_8_0.01_10_[57/60] | user class dict total %s
2025-11-22 10:09:36 | INFO | oxford_pets_sepfpl_hcse_8_0.01_10_[57/60] | idx: %s, output_dict_len: %d
2025-11-22 10:09:36 | INFO | oxford_pets_sepfpl_hcse_8_0.01_10_[57/60] | user class dict total %s
2025-11-22 10:09:36 | INFO | oxford_pets_sepfpl_hcse_8_0.01_10_[57/60] | idx: %s, output_dict_len: %d
2025-11-22 10:09:36 | INFO | oxford_pets_sepfpl_hcse_8_0.01_10_[57/60] | user class dict total %s
2025-11-22 10:09:36 | INFO | oxford_pets_sepfpl_hcse_8_0.01_10_[57/60] | idx: %s, output_dict_len: %d
2025-11-22 10:09:36 | INFO | oxford_pets_sepfpl_hcse_8_0.01_10_[57/60] | user class dict total %s
2025-11-22 10:09:36 | INFO | oxford_pets_sepfpl_hcse_8_0.01_10_[57/60] | idx: %s, output_dict_len: %d
2025-11-22 10:09:36 | INFO | oxford_pets_sepfpl_hcse_8_0.01_10_[57/60] | user class dict total %s
2025-11-22 10:09:36 | INFO | oxford_pets_sepfpl_hcse_8_0.01_10_[57/60] | idx: %s, output_dict_len: %d
2025-11-22 10:09:36 | INFO | oxford_pets_sepfpl_hcse_8_0.01_10_[57/60] | user class dict total %s
2025-11-22 10:09:36 | INFO | oxford_pets_sepfpl_hcse_8_0.01_10_[57/60] | idx: %s, output_dict_len: %d
2025-11-22 10:09:36 | INFO | oxford_pets_sepfpl_hcse_8_0.01_10_[57/60] | user class dict total %s
2025-11-22 10:09:36 | INFO | oxford_pets_sepfpl_hcse_8_0.01_10_[57/60] | idx: %s, output_dict_len: %d
2025-11-22 10:09:36 | INFO | oxford_pets_sepfpl_hcse_8_0.01_10_[57/60] | user class dict total %s
2025-11-22 10:09:36 | INFO | oxford_pets_sepfpl_hcse_8_0.01_10_[57/60] | idx: %s, output_dict_len: %d
2025-11-22 10:09:36 | INFO | oxford_pets_sepfpl_hcse_8_0.01_10_[57/60] | user class dict total %s
2025-11-22 10:09:36 | INFO | oxford_pets_sepfpl_hcse_8_0.01_10_[57/60] | idx: %s, output_dict_len: %d
2025-11-22 10:09:36 | INFO | oxford_pets_sepfpl_hcse_8_0.01_10_[57/60] | user class dict total %s
2025-11-22 10:09:36 | INFO | oxford_pets_sepfpl_hcse_8_0.01_10_[57/60] | idx: %s, output_dict_len: %d
2025-11-22 10:09:36 | INFO | oxford_pets_sepfpl_hcse_8_0.01_10_[57/60] | Loading CLIP (backbone: ViT-B/16)
2025-11-22 10:09:38 | INFO | oxford_pets_sepfpl_hcse_8_0.01_10_[57/60] | Building custom CLIP
2025-11-22 10:09:38 | INFO | oxford_pets_sepfpl_hcse_8_0.01_10_[57/60] | Turning off gradients in both the image and the text encoder
2025-11-22 10:09:38 | INFO | oxford_pets_sepfpl_hcse_8_0.01_10_[57/60] | [wandb] 正在初始化实验：project=SepFPL, name=oxford_pets-sepfpl_hcse-rank8-noise0.01-seed1-users10-57/60, mode=offline
2025-11-22 10:09:50 | INFO | oxford_pets_sepfpl_hcse_8_0.01_10_[57/60] | [Epoch 1/30] 训练耗时: 7.72s | 平均训练准确率: 55.16
2025-11-22 10:09:56 | INFO | oxford_pets_sepfpl_hcse_8_0.01_10_[57/60] | [Epoch 2/30] 训练耗时: 6.11s | 平均训练准确率: 54.69
2025-11-22 10:10:02 | INFO | oxford_pets_sepfpl_hcse_8_0.01_10_[57/60] | [Epoch 3/30] 训练耗时: 6.26s | 平均训练准确率: 55.16
2025-11-22 10:10:08 | INFO | oxford_pets_sepfpl_hcse_8_0.01_10_[57/60] | [Epoch 4/30] 训练耗时: 5.74s | 平均训练准确率: 53.91
2025-11-22 10:10:14 | INFO | oxford_pets_sepfpl_hcse_8_0.01_10_[57/60] | [Epoch 5/30] 训练耗时: 5.69s | 平均训练准确率: 56.56
2025-11-22 10:10:19 | INFO | oxford_pets_sepfpl_hcse_8_0.01_10_[57/60] | [Epoch 6/30] 训练耗时: 5.59s | 平均训练准确率: 54.53
2025-11-22 10:10:25 | INFO | oxford_pets_sepfpl_hcse_8_0.01_10_[57/60] | [Epoch 7/30] 训练耗时: 5.44s | 平均训练准确率: 53.75
2025-11-22 10:10:31 | INFO | oxford_pets_sepfpl_hcse_8_0.01_10_[57/60] | [Epoch 8/30] 训练耗时: 5.93s | 平均训练准确率: 55.16
2025-11-22 10:10:37 | INFO | oxford_pets_sepfpl_hcse_8_0.01_10_[57/60] | [Epoch 9/30] 训练耗时: 6.06s | 平均训练准确率: 54.84
2025-11-22 10:10:43 | INFO | oxford_pets_sepfpl_hcse_8_0.01_10_[57/60] | [Epoch 10/30] 训练耗时: 5.94s | 平均训练准确率: 55.00
2025-11-22 10:10:48 | INFO | oxford_pets_sepfpl_hcse_8_0.01_10_[57/60] | [Epoch 11/30] 训练耗时: 5.73s | 平均训练准确率: 54.69
2025-11-22 10:10:55 | INFO | oxford_pets_sepfpl_hcse_8_0.01_10_[57/60] | [Epoch 12/30] 训练耗时: 6.30s | 平均训练准确率: 56.09
2025-11-22 10:11:01 | INFO | oxford_pets_sepfpl_hcse_8_0.01_10_[57/60] | [Epoch 13/30] 训练耗时: 6.16s | 平均训练准确率: 55.00
2025-11-22 10:11:07 | INFO | oxford_pets_sepfpl_hcse_8_0.01_10_[57/60] | [Epoch 14/30] 训练耗时: 6.26s | 平均训练准确率: 52.97
2025-11-22 10:11:13 | INFO | oxford_pets_sepfpl_hcse_8_0.01_10_[57/60] | [Epoch 15/30] 训练耗时: 5.92s | 平均训练准确率: 55.47
2025-11-22 10:11:19 | INFO | oxford_pets_sepfpl_hcse_8_0.01_10_[57/60] | [Epoch 16/30] 训练耗时: 5.67s | 平均训练准确率: 54.69
2025-11-22 10:11:24 | INFO | oxford_pets_sepfpl_hcse_8_0.01_10_[57/60] | [Epoch 17/30] 训练耗时: 5.52s | 平均训练准确率: 55.47
2025-11-22 10:11:30 | INFO | oxford_pets_sepfpl_hcse_8_0.01_10_[57/60] | [Epoch 18/30] 训练耗时: 5.58s | 平均训练准确率: 55.47
2025-11-22 10:11:36 | INFO | oxford_pets_sepfpl_hcse_8_0.01_10_[57/60] | [Epoch 19/30] 训练耗时: 5.82s | 平均训练准确率: 52.97
2025-11-22 10:11:42 | INFO | oxford_pets_sepfpl_hcse_8_0.01_10_[57/60] | [Epoch 20/30] 训练耗时: 6.04s | 平均训练准确率: 54.22
2025-11-22 10:11:47 | INFO | oxford_pets_sepfpl_hcse_8_0.01_10_[57/60] | [Epoch 21/30] 训练耗时: 5.40s | 平均训练准确率: 56.41
2025-11-22 10:11:52 | INFO | oxford_pets_sepfpl_hcse_8_0.01_10_[57/60] | [Epoch 22/30] 训练耗时: 5.51s | 平均训练准确率: 54.06
2025-11-22 10:11:58 | INFO | oxford_pets_sepfpl_hcse_8_0.01_10_[57/60] | [Epoch 23/30] 训练耗时: 5.55s | 平均训练准确率: 55.78
2025-11-22 10:12:04 | INFO | oxford_pets_sepfpl_hcse_8_0.01_10_[57/60] | [Epoch 24/30] 训练耗时: 5.73s | 平均训练准确率: 52.97
2025-11-22 10:12:10 | INFO | oxford_pets_sepfpl_hcse_8_0.01_10_[57/60] | [Epoch 25/30] 训练耗时: 5.74s | 平均训练准确率: 57.19
2025-11-22 10:12:15 | INFO | oxford_pets_sepfpl_hcse_8_0.01_10_[57/60] | [Epoch 26/30] 训练耗时: 5.66s | 平均训练准确率: 52.81
2025-11-22 10:12:21 | INFO | oxford_pets_sepfpl_hcse_8_0.01_10_[57/60] | [Epoch 27/30] 训练耗时: 5.70s | 平均训练准确率: 53.91
2025-11-22 10:12:27 | INFO | oxford_pets_sepfpl_hcse_8_0.01_10_[57/60] | [Epoch 28/30] 训练耗时: 6.05s | 平均训练准确率: 55.78
2025-11-22 10:12:27 | INFO | oxford_pets_sepfpl_hcse_8_0.01_10_[57/60] | 
2025-11-22 10:12:27 | INFO | oxford_pets_sepfpl_hcse_8_0.01_10_[57/60] | ================================================================================
2025-11-22 10:12:27 | INFO | oxford_pets_sepfpl_hcse_8_0.01_10_[57/60] |                     TEST START - Epoch 28/30
2025-11-22 10:12:27 | INFO | oxford_pets_sepfpl_hcse_8_0.01_10_[57/60] | ================================================================================
2025-11-22 10:12:27 | INFO | oxford_pets_sepfpl_hcse_8_0.01_10_[57/60] | 
2025-11-22 10:17:39 | INFO | oxford_pets_sepfpl_hcse_8_0.01_10_[57/60] | 
================= Local Test Results ==================
+----------+----------+------------+----------+
| Client   | Accuracy | Error Rate | Macro F1 |
+----------+----------+------------+----------+
| Client 0 |    72.43 |      27.57 |    73.59 |
| Client 1 |    85.96 |      14.04 |    91.55 |
| Client 2 |    89.97 |      10.03 |    94.43 |
| Client 3 |    61.21 |      38.79 |    64.85 |
| Client 4 |    73.58 |      26.42 |    69.68 |
| Client 5 |    50.88 |      49.12 |    54.82 |
| Client 6 |    50.00 |      50.00 |    47.33 |
| Client 7 |    74.50 |      25.50 |    74.75 |
| Client 8 |    93.25 |       6.75 |    96.18 |
| Client 9 |    98.00 |       2.00 |    98.99 |
| Average  |    74.98 |      25.02 |    76.62 |
+----------+----------+------------+----------+

2025-11-22 10:17:39 | INFO | oxford_pets_sepfpl_hcse_8_0.01_10_[57/60] | 
================= Neighbor Test Results ==================
+----------+----------+------------+----------+
| Client   | Accuracy | Error Rate | Macro F1 |
+----------+----------+------------+----------+
| Client 0 |    76.48 |      23.52 |    72.02 |
| Client 1 |    76.64 |      23.36 |    72.93 |
| Client 2 |    74.76 |      25.24 |    70.06 |
| Client 3 |    81.14 |      18.86 |    77.27 |
| Client 4 |    79.62 |      20.38 |    76.96 |
| Client 5 |    71.38 |      28.62 |    65.04 |
| Client 6 |    68.83 |      31.17 |    65.04 |
| Client 7 |    73.05 |      26.95 |    68.07 |
| Client 8 |    67.54 |      32.46 |    63.51 |
| Client 9 |    68.03 |      31.97 |    62.31 |
| Average  |    73.75 |      26.25 |    69.32 |
+----------+----------+------------+----------+

2025-11-22 10:17:39 | INFO | oxford_pets_sepfpl_hcse_8_0.01_10_[57/60] | 
2025-11-22 10:17:39 | INFO | oxford_pets_sepfpl_hcse_8_0.01_10_[57/60] | ================================================================================
2025-11-22 10:17:39 | INFO | oxford_pets_sepfpl_hcse_8_0.01_10_[57/60] |                     TEST FINISH - Epoch 28/30
2025-11-22 10:17:39 | INFO | oxford_pets_sepfpl_hcse_8_0.01_10_[57/60] |                     测试耗时: 312.24s
2025-11-22 10:17:39 | INFO | oxford_pets_sepfpl_hcse_8_0.01_10_[57/60] | ================================================================================
2025-11-22 10:17:39 | INFO | oxford_pets_sepfpl_hcse_8_0.01_10_[57/60] | 
2025-11-22 10:17:45 | INFO | oxford_pets_sepfpl_hcse_8_0.01_10_[57/60] | [Epoch 29/30] 训练耗时: 5.51s | 平均训练准确率: 70.78
2025-11-22 10:17:45 | INFO | oxford_pets_sepfpl_hcse_8_0.01_10_[57/60] | 
2025-11-22 10:17:45 | INFO | oxford_pets_sepfpl_hcse_8_0.01_10_[57/60] | ================================================================================
2025-11-22 10:17:45 | INFO | oxford_pets_sepfpl_hcse_8_0.01_10_[57/60] |                     TEST START - Epoch 29/30
2025-11-22 10:17:45 | INFO | oxford_pets_sepfpl_hcse_8_0.01_10_[57/60] | ================================================================================
2025-11-22 10:17:45 | INFO | oxford_pets_sepfpl_hcse_8_0.01_10_[57/60] | 
2025-11-22 10:22:51 | INFO | oxford_pets_sepfpl_hcse_8_0.01_10_[57/60] | 
================= Local Test Results ==================
+----------+----------+------------+----------+
| Client   | Accuracy | Error Rate | Macro F1 |
+----------+----------+------------+----------+
| Client 0 |    73.18 |      26.82 |    74.11 |
| Client 1 |    92.98 |       7.02 |    96.36 |
| Client 2 |    91.26 |       8.74 |    94.75 |
| Client 3 |    63.48 |      36.52 |    66.93 |
| Client 4 |    73.83 |      26.17 |    67.12 |
| Client 5 |    72.43 |      27.57 |    73.71 |
| Client 6 |    63.75 |      36.25 |    67.03 |
| Client 7 |    74.50 |      25.50 |    74.75 |
| Client 8 |    97.00 |       3.00 |    98.47 |
| Client 9 |    93.00 |       7.00 |    96.37 |
| Average  |    79.54 |      20.46 |    80.96 |
+----------+----------+------------+----------+

2025-11-22 10:22:51 | INFO | oxford_pets_sepfpl_hcse_8_0.01_10_[57/60] | 
================= Neighbor Test Results ==================
+----------+----------+------------+----------+
| Client   | Accuracy | Error Rate | Macro F1 |
+----------+----------+------------+----------+
| Client 0 |    81.13 |      18.87 |    78.29 |
| Client 1 |    82.91 |      17.09 |    81.19 |
| Client 2 |    78.35 |      21.65 |    74.81 |
| Client 3 |    78.88 |      21.12 |    74.85 |
| Client 4 |    79.20 |      20.80 |    76.28 |
| Client 5 |    76.51 |      23.49 |    71.82 |
| Client 6 |    74.46 |      25.54 |    71.65 |
| Client 7 |    76.63 |      23.37 |    71.42 |
| Client 8 |    68.95 |      31.05 |    64.41 |
| Client 9 |    67.44 |      32.56 |    61.37 |
| Average  |    76.45 |      23.55 |    72.61 |
+----------+----------+------------+----------+

2025-11-22 10:22:51 | INFO | oxford_pets_sepfpl_hcse_8_0.01_10_[57/60] | 
2025-11-22 10:22:51 | INFO | oxford_pets_sepfpl_hcse_8_0.01_10_[57/60] | ================================================================================
2025-11-22 10:22:51 | INFO | oxford_pets_sepfpl_hcse_8_0.01_10_[57/60] |                     TEST FINISH - Epoch 29/30
2025-11-22 10:22:51 | INFO | oxford_pets_sepfpl_hcse_8_0.01_10_[57/60] |                     测试耗时: 306.64s
2025-11-22 10:22:51 | INFO | oxford_pets_sepfpl_hcse_8_0.01_10_[57/60] | ================================================================================
2025-11-22 10:22:51 | INFO | oxford_pets_sepfpl_hcse_8_0.01_10_[57/60] | 
2025-11-22 10:22:57 | INFO | oxford_pets_sepfpl_hcse_8_0.01_10_[57/60] | [Epoch 30/30] 训练耗时: 5.46s | 平均训练准确率: 71.56
2025-11-22 10:22:57 | INFO | oxford_pets_sepfpl_hcse_8_0.01_10_[57/60] | 
2025-11-22 10:22:57 | INFO | oxford_pets_sepfpl_hcse_8_0.01_10_[57/60] | ================================================================================
2025-11-22 10:22:57 | INFO | oxford_pets_sepfpl_hcse_8_0.01_10_[57/60] |                     TEST START - Epoch 30/30
2025-11-22 10:22:57 | INFO | oxford_pets_sepfpl_hcse_8_0.01_10_[57/60] | ================================================================================
2025-11-22 10:22:57 | INFO | oxford_pets_sepfpl_hcse_8_0.01_10_[57/60] | 
2025-11-22 10:28:09 | INFO | oxford_pets_sepfpl_hcse_8_0.01_10_[57/60] | 
================= Local Test Results ==================
+----------+----------+------------+----------+
| Client   | Accuracy | Error Rate | Macro F1 |
+----------+----------+------------+----------+
| Client 0 |    70.68 |      29.32 |    72.80 |
| Client 1 |    77.69 |      22.31 |    87.05 |
| Client 2 |    89.20 |      10.80 |    93.43 |
| Client 3 |    46.10 |      53.90 |    49.67 |
| Client 4 |    69.69 |      30.31 |    69.91 |
| Client 5 |    61.65 |      38.35 |    68.16 |
| Client 6 |    62.00 |      38.00 |    65.16 |
| Client 7 |    74.25 |      25.75 |    74.62 |
| Client 8 |    95.00 |       5.00 |    97.42 |
| Client 9 |    99.00 |       1.00 |    99.50 |
| Average  |    74.53 |      25.47 |    77.77 |
+----------+----------+------------+----------+

2025-11-22 10:28:09 | INFO | oxford_pets_sepfpl_hcse_8_0.01_10_[57/60] | 
================= Neighbor Test Results ==================
+----------+----------+------------+----------+
| Client   | Accuracy | Error Rate | Macro F1 |
+----------+----------+------------+----------+
| Client 0 |    74.77 |      25.23 |    71.75 |
| Client 1 |    76.24 |      23.76 |    72.60 |
| Client 2 |    68.72 |      31.28 |    63.18 |
| Client 3 |    72.34 |      27.66 |    67.33 |
| Client 4 |    76.48 |      23.52 |    71.84 |
| Client 5 |    75.99 |      24.01 |    70.28 |
| Client 6 |    78.98 |      21.02 |    77.51 |
| Client 7 |    76.81 |      23.19 |    72.44 |
| Client 8 |    76.23 |      23.77 |    72.39 |
| Client 9 |    80.86 |      19.14 |    77.09 |
| Average  |    75.74 |      24.26 |    71.64 |
+----------+----------+------------+----------+

2025-11-22 10:28:09 | INFO | oxford_pets_sepfpl_hcse_8_0.01_10_[57/60] | 
2025-11-22 10:28:09 | INFO | oxford_pets_sepfpl_hcse_8_0.01_10_[57/60] | ================================================================================
2025-11-22 10:28:09 | INFO | oxford_pets_sepfpl_hcse_8_0.01_10_[57/60] |                     TEST FINISH - Epoch 30/30
2025-11-22 10:28:09 | INFO | oxford_pets_sepfpl_hcse_8_0.01_10_[57/60] |                     测试耗时: 312.30s
2025-11-22 10:28:09 | INFO | oxford_pets_sepfpl_hcse_8_0.01_10_[57/60] | ================================================================================
2025-11-22 10:28:09 | INFO | oxford_pets_sepfpl_hcse_8_0.01_10_[57/60] | 
2025-11-22 10:28:09 | INFO | oxford_pets_sepfpl_hcse_8_0.01_10_[57/60] | maximum test local acc: 79.542
2025-11-22 10:28:09 | INFO | oxford_pets_sepfpl_hcse_8_0.01_10_[57/60] | mean of local acc: 76.349
2025-11-22 10:28:09 | INFO | oxford_pets_sepfpl_hcse_8_0.01_10_[57/60] | maximum test neighbor acc: 76.446
2025-11-22 10:28:09 | INFO | oxford_pets_sepfpl_hcse_8_0.01_10_[57/60] | mean of neighbor acc: 75.312
