2025-11-21 02:21:27 | INFO | caltech-101_sepfpl_2_0.1_10_[37/120] | Loading trainer: DP_FPL
2025-11-21 02:21:27 | INFO | caltech-101_sepfpl_2_0.1_10_[37/120] | Loading dataset: Caltech101
2025-11-21 02:21:27 | INFO | caltech-101_sepfpl_2_0.1_10_[37/120] | Reading split from %s
2025-11-21 02:21:27 | INFO | caltech-101_sepfpl_2_0.1_10_[37/120] | Creating a baseline federated dataset
2025-11-21 02:21:27 | INFO | caltech-101_sepfpl_2_0.1_10_[37/120] | class_num %d
2025-11-21 02:21:27 | INFO | caltech-101_sepfpl_2_0.1_10_[37/120] | user class dict total %s
2025-11-21 02:21:27 | INFO | caltech-101_sepfpl_2_0.1_10_[37/120] | idx: %s, output_dict_len: %d
2025-11-21 02:21:27 | INFO | caltech-101_sepfpl_2_0.1_10_[37/120] | user class dict total %s
2025-11-21 02:21:27 | INFO | caltech-101_sepfpl_2_0.1_10_[37/120] | idx: %s, output_dict_len: %d
2025-11-21 02:21:27 | INFO | caltech-101_sepfpl_2_0.1_10_[37/120] | user class dict total %s
2025-11-21 02:21:27 | INFO | caltech-101_sepfpl_2_0.1_10_[37/120] | idx: %s, output_dict_len: %d
2025-11-21 02:21:27 | INFO | caltech-101_sepfpl_2_0.1_10_[37/120] | user class dict total %s
2025-11-21 02:21:27 | INFO | caltech-101_sepfpl_2_0.1_10_[37/120] | idx: %s, output_dict_len: %d
2025-11-21 02:21:27 | INFO | caltech-101_sepfpl_2_0.1_10_[37/120] | user class dict total %s
2025-11-21 02:21:27 | INFO | caltech-101_sepfpl_2_0.1_10_[37/120] | idx: %s, output_dict_len: %d
2025-11-21 02:21:27 | INFO | caltech-101_sepfpl_2_0.1_10_[37/120] | user class dict total %s
2025-11-21 02:21:27 | INFO | caltech-101_sepfpl_2_0.1_10_[37/120] | idx: %s, output_dict_len: %d
2025-11-21 02:21:27 | INFO | caltech-101_sepfpl_2_0.1_10_[37/120] | user class dict total %s
2025-11-21 02:21:27 | INFO | caltech-101_sepfpl_2_0.1_10_[37/120] | idx: %s, output_dict_len: %d
2025-11-21 02:21:27 | INFO | caltech-101_sepfpl_2_0.1_10_[37/120] | user class dict total %s
2025-11-21 02:21:27 | INFO | caltech-101_sepfpl_2_0.1_10_[37/120] | idx: %s, output_dict_len: %d
2025-11-21 02:21:27 | INFO | caltech-101_sepfpl_2_0.1_10_[37/120] | user class dict total %s
2025-11-21 02:21:27 | INFO | caltech-101_sepfpl_2_0.1_10_[37/120] | idx: %s, output_dict_len: %d
2025-11-21 02:21:27 | INFO | caltech-101_sepfpl_2_0.1_10_[37/120] | user class dict total %s
2025-11-21 02:21:27 | INFO | caltech-101_sepfpl_2_0.1_10_[37/120] | idx: %s, output_dict_len: %d
2025-11-21 02:21:27 | INFO | caltech-101_sepfpl_2_0.1_10_[37/120] | Creating a baseline federated dataset
2025-11-21 02:21:27 | INFO | caltech-101_sepfpl_2_0.1_10_[37/120] | class_num %d
2025-11-21 02:21:27 | INFO | caltech-101_sepfpl_2_0.1_10_[37/120] | user class dict total %s
2025-11-21 02:21:27 | INFO | caltech-101_sepfpl_2_0.1_10_[37/120] | idx: %s, output_dict_len: %d
2025-11-21 02:21:27 | INFO | caltech-101_sepfpl_2_0.1_10_[37/120] | user class dict total %s
2025-11-21 02:21:27 | INFO | caltech-101_sepfpl_2_0.1_10_[37/120] | idx: %s, output_dict_len: %d
2025-11-21 02:21:27 | INFO | caltech-101_sepfpl_2_0.1_10_[37/120] | user class dict total %s
2025-11-21 02:21:27 | INFO | caltech-101_sepfpl_2_0.1_10_[37/120] | idx: %s, output_dict_len: %d
2025-11-21 02:21:27 | INFO | caltech-101_sepfpl_2_0.1_10_[37/120] | user class dict total %s
2025-11-21 02:21:27 | INFO | caltech-101_sepfpl_2_0.1_10_[37/120] | idx: %s, output_dict_len: %d
2025-11-21 02:21:27 | INFO | caltech-101_sepfpl_2_0.1_10_[37/120] | user class dict total %s
2025-11-21 02:21:27 | INFO | caltech-101_sepfpl_2_0.1_10_[37/120] | idx: %s, output_dict_len: %d
2025-11-21 02:21:27 | INFO | caltech-101_sepfpl_2_0.1_10_[37/120] | user class dict total %s
2025-11-21 02:21:27 | INFO | caltech-101_sepfpl_2_0.1_10_[37/120] | idx: %s, output_dict_len: %d
2025-11-21 02:21:27 | INFO | caltech-101_sepfpl_2_0.1_10_[37/120] | user class dict total %s
2025-11-21 02:21:27 | INFO | caltech-101_sepfpl_2_0.1_10_[37/120] | idx: %s, output_dict_len: %d
2025-11-21 02:21:27 | INFO | caltech-101_sepfpl_2_0.1_10_[37/120] | user class dict total %s
2025-11-21 02:21:27 | INFO | caltech-101_sepfpl_2_0.1_10_[37/120] | idx: %s, output_dict_len: %d
2025-11-21 02:21:27 | INFO | caltech-101_sepfpl_2_0.1_10_[37/120] | user class dict total %s
2025-11-21 02:21:27 | INFO | caltech-101_sepfpl_2_0.1_10_[37/120] | idx: %s, output_dict_len: %d
2025-11-21 02:21:27 | INFO | caltech-101_sepfpl_2_0.1_10_[37/120] | user class dict total %s
2025-11-21 02:21:27 | INFO | caltech-101_sepfpl_2_0.1_10_[37/120] | idx: %s, output_dict_len: %d
2025-11-21 02:21:27 | INFO | caltech-101_sepfpl_2_0.1_10_[37/120] | Loading CLIP (backbone: ViT-B/16)
2025-11-21 02:21:29 | INFO | caltech-101_sepfpl_2_0.1_10_[37/120] | Building custom CLIP
2025-11-21 02:21:29 | INFO | caltech-101_sepfpl_2_0.1_10_[37/120] | Turning off gradients in both the image and the text encoder
2025-11-21 02:21:29 | INFO | caltech-101_sepfpl_2_0.1_10_[37/120] | [wandb] 正在初始化实验：project=SepFPL, name=caltech-101-sepfpl-rank2-noise0.1-seed1-users10-37/120, mode=online
2025-11-21 02:21:34 | INFO | caltech-101_sepfpl_2_0.1_10_[37/120] | [RDP-sepfpl] 轮次 1: ε=0.000186, std=22.926042
2025-11-21 02:21:54 | INFO | caltech-101_sepfpl_2_0.1_10_[37/120] | [Epoch 1/30] 训练耗时: 19.85s | 平均训练准确率: 66.34
2025-11-21 02:21:54 | INFO | caltech-101_sepfpl_2_0.1_10_[37/120] | [RDP-sepfpl] 轮次 2: ε=0.000385, std=15.932662
2025-11-21 02:22:13 | INFO | caltech-101_sepfpl_2_0.1_10_[37/120] | [Epoch 2/30] 训练耗时: 18.48s | 平均训练准确率: 66.96
2025-11-21 02:22:13 | INFO | caltech-101_sepfpl_2_0.1_10_[37/120] | [RDP-sepfpl] 轮次 3: ε=0.000589, std=12.877763
2025-11-21 02:22:31 | INFO | caltech-101_sepfpl_2_0.1_10_[37/120] | [Epoch 3/30] 训练耗时: 18.36s | 平均训练准确率: 67.05
2025-11-21 02:22:31 | INFO | caltech-101_sepfpl_2_0.1_10_[37/120] | [RDP-sepfpl] 轮次 4: ε=0.000797, std=11.072548
2025-11-21 02:22:49 | INFO | caltech-101_sepfpl_2_0.1_10_[37/120] | [Epoch 4/30] 训练耗时: 17.68s | 平均训练准确率: 67.37
2025-11-21 02:22:49 | INFO | caltech-101_sepfpl_2_0.1_10_[37/120] | [RDP-sepfpl] 轮次 5: ε=0.001007, std=9.848494
2025-11-21 02:23:06 | INFO | caltech-101_sepfpl_2_0.1_10_[37/120] | [Epoch 5/30] 训练耗时: 17.38s | 平均训练准确率: 67.23
2025-11-21 02:23:06 | INFO | caltech-101_sepfpl_2_0.1_10_[37/120] | [RDP-sepfpl] 轮次 6: ε=0.001219, std=8.949519
2025-11-21 02:23:24 | INFO | caltech-101_sepfpl_2_0.1_10_[37/120] | [Epoch 6/30] 训练耗时: 17.48s | 平均训练准确率: 67.19
2025-11-21 02:23:24 | INFO | caltech-101_sepfpl_2_0.1_10_[37/120] | [RDP-sepfpl] 轮次 7: ε=0.001433, std=8.253775
2025-11-21 02:23:42 | INFO | caltech-101_sepfpl_2_0.1_10_[37/120] | [Epoch 7/30] 训练耗时: 18.08s | 平均训练准确率: 65.40
2025-11-21 02:23:42 | INFO | caltech-101_sepfpl_2_0.1_10_[37/120] | [RDP-sepfpl] 轮次 8: ε=0.001649, std=7.694968
2025-11-21 02:24:00 | INFO | caltech-101_sepfpl_2_0.1_10_[37/120] | [Epoch 8/30] 训练耗时: 17.80s | 平均训练准确率: 67.68
2025-11-21 02:24:00 | INFO | caltech-101_sepfpl_2_0.1_10_[37/120] | [RDP-sepfpl] 轮次 9: ε=0.001866, std=7.233555
2025-11-21 02:24:18 | INFO | caltech-101_sepfpl_2_0.1_10_[37/120] | [Epoch 9/30] 训练耗时: 18.39s | 平均训练准确率: 65.27
2025-11-21 02:24:18 | INFO | caltech-101_sepfpl_2_0.1_10_[37/120] | [RDP-sepfpl] 轮次 10: ε=0.002085, std=6.844301
2025-11-21 02:24:36 | INFO | caltech-101_sepfpl_2_0.1_10_[37/120] | [Epoch 10/30] 训练耗时: 18.22s | 平均训练准确率: 65.98
2025-11-21 02:24:36 | INFO | caltech-101_sepfpl_2_0.1_10_[37/120] | [RDP-sepfpl] 轮次 11: ε=0.002304, std=6.510254
2025-11-21 02:24:54 | INFO | caltech-101_sepfpl_2_0.1_10_[37/120] | [Epoch 11/30] 训练耗时: 18.27s | 平均训练准确率: 67.01
2025-11-21 02:24:54 | INFO | caltech-101_sepfpl_2_0.1_10_[37/120] | [RDP-sepfpl] 轮次 12: ε=0.002525, std=6.219550
2025-11-21 02:25:12 | INFO | caltech-101_sepfpl_2_0.1_10_[37/120] | [Epoch 12/30] 训练耗时: 17.83s | 平均训练准确率: 65.94
2025-11-21 02:25:12 | INFO | caltech-101_sepfpl_2_0.1_10_[37/120] | [RDP-sepfpl] 轮次 13: ε=0.002746, std=5.963604
2025-11-21 02:25:31 | INFO | caltech-101_sepfpl_2_0.1_10_[37/120] | [Epoch 13/30] 训练耗时: 18.76s | 平均训练准确率: 66.34
2025-11-21 02:25:31 | INFO | caltech-101_sepfpl_2_0.1_10_[37/120] | [RDP-sepfpl] 轮次 14: ε=0.002968, std=5.736036
2025-11-21 02:25:49 | INFO | caltech-101_sepfpl_2_0.1_10_[37/120] | [Epoch 14/30] 训练耗时: 17.96s | 平均训练准确率: 67.99
2025-11-21 02:25:49 | INFO | caltech-101_sepfpl_2_0.1_10_[37/120] | [RDP-sepfpl] 轮次 15: ε=0.003191, std=5.531987
2025-11-21 02:26:08 | INFO | caltech-101_sepfpl_2_0.1_10_[37/120] | [Epoch 15/30] 训练耗时: 18.64s | 平均训练准确率: 66.43
2025-11-21 02:26:08 | INFO | caltech-101_sepfpl_2_0.1_10_[37/120] | [RDP-sepfpl] 轮次 16: ε=0.003415, std=5.347688
2025-11-21 02:26:25 | INFO | caltech-101_sepfpl_2_0.1_10_[37/120] | [Epoch 16/30] 训练耗时: 17.87s | 平均训练准确率: 66.74
2025-11-21 02:26:25 | INFO | caltech-101_sepfpl_2_0.1_10_[37/120] | [RDP-sepfpl] 轮次 17: ε=0.003639, std=5.180163
2025-11-21 02:26:43 | INFO | caltech-101_sepfpl_2_0.1_10_[37/120] | [Epoch 17/30] 训练耗时: 17.60s | 平均训练准确率: 66.56
2025-11-21 02:26:43 | INFO | caltech-101_sepfpl_2_0.1_10_[37/120] | [RDP-sepfpl] 轮次 18: ε=0.003864, std=5.027025
2025-11-21 02:27:01 | INFO | caltech-101_sepfpl_2_0.1_10_[37/120] | [Epoch 18/30] 训练耗时: 17.77s | 平均训练准确率: 66.21
2025-11-21 02:27:01 | INFO | caltech-101_sepfpl_2_0.1_10_[37/120] | [RDP-sepfpl] 轮次 19: ε=0.004090, std=4.886337
2025-11-21 02:27:19 | INFO | caltech-101_sepfpl_2_0.1_10_[37/120] | [Epoch 19/30] 训练耗时: 18.51s | 平均训练准确率: 66.88
2025-11-21 02:27:19 | INFO | caltech-101_sepfpl_2_0.1_10_[37/120] | [RDP-sepfpl] 轮次 20: ε=0.004316, std=4.756509
2025-11-21 02:27:38 | INFO | caltech-101_sepfpl_2_0.1_10_[37/120] | [Epoch 20/30] 训练耗时: 18.79s | 平均训练准确率: 66.38
2025-11-21 02:27:38 | INFO | caltech-101_sepfpl_2_0.1_10_[37/120] | [RDP-sepfpl] 轮次 21: ε=0.004543, std=4.636219
2025-11-21 02:27:57 | INFO | caltech-101_sepfpl_2_0.1_10_[37/120] | [Epoch 21/30] 训练耗时: 18.59s | 平均训练准确率: 68.44
2025-11-21 02:27:57 | INFO | caltech-101_sepfpl_2_0.1_10_[37/120] | [RDP-sepfpl] 轮次 22: ε=0.004771, std=4.524360
2025-11-21 02:28:15 | INFO | caltech-101_sepfpl_2_0.1_10_[37/120] | [Epoch 22/30] 训练耗时: 18.07s | 平均训练准确率: 67.05
2025-11-21 02:28:15 | INFO | caltech-101_sepfpl_2_0.1_10_[37/120] | [RDP-sepfpl] 轮次 23: ε=0.004999, std=4.419997
2025-11-21 02:28:32 | INFO | caltech-101_sepfpl_2_0.1_10_[37/120] | [Epoch 23/30] 训练耗时: 17.64s | 平均训练准确率: 66.74
2025-11-21 02:28:32 | INFO | caltech-101_sepfpl_2_0.1_10_[37/120] | [RDP-sepfpl] 轮次 24: ε=0.005227, std=4.322333
2025-11-21 02:28:50 | INFO | caltech-101_sepfpl_2_0.1_10_[37/120] | [Epoch 24/30] 训练耗时: 17.88s | 平均训练准确率: 66.52
2025-11-21 02:28:50 | INFO | caltech-101_sepfpl_2_0.1_10_[37/120] | [RDP-sepfpl] 轮次 25: ε=0.005456, std=4.230684
2025-11-21 02:29:08 | INFO | caltech-101_sepfpl_2_0.1_10_[37/120] | [Epoch 25/30] 训练耗时: 18.18s | 平均训练准确率: 66.88
2025-11-21 02:29:08 | INFO | caltech-101_sepfpl_2_0.1_10_[37/120] | [RDP-sepfpl] 轮次 26: ε=0.005685, std=4.144461
2025-11-21 02:29:27 | INFO | caltech-101_sepfpl_2_0.1_10_[37/120] | [Epoch 26/30] 训练耗时: 18.15s | 平均训练准确率: 66.70
2025-11-21 02:29:27 | INFO | caltech-101_sepfpl_2_0.1_10_[37/120] | [RDP-sepfpl] 轮次 27: ε=0.005915, std=4.063152
2025-11-21 02:29:45 | INFO | caltech-101_sepfpl_2_0.1_10_[37/120] | [Epoch 27/30] 训练耗时: 18.11s | 平均训练准确率: 68.21
2025-11-21 02:29:45 | INFO | caltech-101_sepfpl_2_0.1_10_[37/120] | [RDP-sepfpl] 轮次 28: ε=0.006146, std=3.986310
2025-11-21 02:30:03 | INFO | caltech-101_sepfpl_2_0.1_10_[37/120] | [Epoch 28/30] 训练耗时: 17.87s | 平均训练准确率: 66.74
2025-11-21 02:30:03 | INFO | caltech-101_sepfpl_2_0.1_10_[37/120] | 
2025-11-21 02:30:03 | INFO | caltech-101_sepfpl_2_0.1_10_[37/120] | ================================================================================
2025-11-21 02:30:03 | INFO | caltech-101_sepfpl_2_0.1_10_[37/120] |                     TEST START - Epoch 28/30
2025-11-21 02:30:03 | INFO | caltech-101_sepfpl_2_0.1_10_[37/120] | ================================================================================
2025-11-21 02:30:03 | INFO | caltech-101_sepfpl_2_0.1_10_[37/120] | 
2025-11-21 02:32:21 | INFO | caltech-101_sepfpl_2_0.1_10_[37/120] | 
================= Local Test Results ==================
+----------+----------+------------+----------+
| Client   | Accuracy | Error Rate | Macro F1 |
+----------+----------+------------+----------+
| Client 0 |    55.14 |      44.86 |    73.65 |
| Client 1 |    93.75 |       6.25 |    93.48 |
| Client 2 |    63.64 |      36.36 |    63.87 |
| Client 3 |    70.37 |      29.63 |    75.71 |
| Client 4 |    90.05 |       9.95 |    91.41 |
| Client 5 |    85.35 |      14.65 |    86.17 |
| Client 6 |    69.01 |      30.99 |    70.78 |
| Client 7 |    89.36 |      10.64 |    78.85 |
| Client 8 |    86.75 |      13.25 |    75.87 |
| Client 9 |    86.89 |      13.11 |    84.45 |
| Average  |    79.03 |      20.97 |    79.42 |
+----------+----------+------------+----------+

2025-11-21 02:32:21 | INFO | caltech-101_sepfpl_2_0.1_10_[37/120] | 
================= Neighbor Test Results ==================
+----------+----------+------------+----------+
| Client   | Accuracy | Error Rate | Macro F1 |
+----------+----------+------------+----------+
| Client 0 |    85.00 |      15.00 |    75.28 |
| Client 1 |    78.46 |      21.54 |    71.27 |
| Client 2 |    80.14 |      19.86 |    74.32 |
| Client 3 |    79.64 |      20.36 |    73.56 |
| Client 4 |    77.99 |      22.01 |    72.00 |
| Client 5 |    77.77 |      22.23 |    71.72 |
| Client 6 |    78.77 |      21.23 |    73.03 |
| Client 7 |    75.35 |      24.65 |    71.33 |
| Client 8 |    76.44 |      23.56 |    72.04 |
| Client 9 |    77.91 |      22.09 |    71.99 |
| Average  |    78.75 |      21.25 |    72.66 |
+----------+----------+------------+----------+

2025-11-21 02:32:21 | INFO | caltech-101_sepfpl_2_0.1_10_[37/120] | 
2025-11-21 02:32:21 | INFO | caltech-101_sepfpl_2_0.1_10_[37/120] | ================================================================================
2025-11-21 02:32:21 | INFO | caltech-101_sepfpl_2_0.1_10_[37/120] |                     TEST FINISH - Epoch 28/30
2025-11-21 02:32:21 | INFO | caltech-101_sepfpl_2_0.1_10_[37/120] |                     测试耗时: 138.29s
2025-11-21 02:32:21 | INFO | caltech-101_sepfpl_2_0.1_10_[37/120] | ================================================================================
2025-11-21 02:32:21 | INFO | caltech-101_sepfpl_2_0.1_10_[37/120] | 
2025-11-21 02:32:21 | INFO | caltech-101_sepfpl_2_0.1_10_[37/120] | [RDP-sepfpl] 轮次 29: ε=0.006376, std=3.913543
2025-11-21 02:32:39 | INFO | caltech-101_sepfpl_2_0.1_10_[37/120] | [Epoch 29/30] 训练耗时: 18.37s | 平均训练准确率: 68.84
2025-11-21 02:32:39 | INFO | caltech-101_sepfpl_2_0.1_10_[37/120] | 
2025-11-21 02:32:39 | INFO | caltech-101_sepfpl_2_0.1_10_[37/120] | ================================================================================
2025-11-21 02:32:39 | INFO | caltech-101_sepfpl_2_0.1_10_[37/120] |                     TEST START - Epoch 29/30
2025-11-21 02:32:39 | INFO | caltech-101_sepfpl_2_0.1_10_[37/120] | ================================================================================
2025-11-21 02:32:39 | INFO | caltech-101_sepfpl_2_0.1_10_[37/120] | 
2025-11-21 02:35:02 | INFO | caltech-101_sepfpl_2_0.1_10_[37/120] | 
================= Local Test Results ==================
+----------+----------+------------+----------+
| Client   | Accuracy | Error Rate | Macro F1 |
+----------+----------+------------+----------+
| Client 0 |    60.65 |      39.35 |    78.05 |
| Client 1 |    93.75 |       6.25 |    95.32 |
| Client 2 |    64.29 |      35.71 |    67.94 |
| Client 3 |    84.57 |      15.43 |    88.53 |
| Client 4 |    93.67 |       6.33 |    94.60 |
| Client 5 |    93.63 |       6.37 |    95.95 |
| Client 6 |    73.68 |      26.32 |    80.98 |
| Client 7 |    90.59 |       9.41 |    80.75 |
| Client 8 |    89.64 |      10.36 |    82.29 |
| Client 9 |    87.38 |      12.62 |    89.19 |
| Average  |    83.18 |      16.82 |    85.36 |
+----------+----------+------------+----------+

2025-11-21 02:35:02 | INFO | caltech-101_sepfpl_2_0.1_10_[37/120] | 
================= Neighbor Test Results ==================
+----------+----------+------------+----------+
| Client   | Accuracy | Error Rate | Macro F1 |
+----------+----------+------------+----------+
| Client 0 |    88.48 |      11.52 |    82.45 |
| Client 1 |    84.10 |      15.90 |    80.34 |
| Client 2 |    84.86 |      15.14 |    81.66 |
| Client 3 |    81.63 |      18.37 |    77.31 |
| Client 4 |    79.68 |      20.32 |    74.49 |
| Client 5 |    79.46 |      20.54 |    74.93 |
| Client 6 |    82.87 |      17.13 |    77.64 |
| Client 7 |    79.77 |      20.23 |    77.02 |
| Client 8 |    79.22 |      20.78 |    75.20 |
| Client 9 |    80.30 |      19.70 |    74.76 |
| Average  |    82.04 |      17.96 |    77.58 |
+----------+----------+------------+----------+

2025-11-21 02:35:02 | INFO | caltech-101_sepfpl_2_0.1_10_[37/120] | 
2025-11-21 02:35:02 | INFO | caltech-101_sepfpl_2_0.1_10_[37/120] | ================================================================================
2025-11-21 02:35:02 | INFO | caltech-101_sepfpl_2_0.1_10_[37/120] |                     TEST FINISH - Epoch 29/30
2025-11-21 02:35:02 | INFO | caltech-101_sepfpl_2_0.1_10_[37/120] |                     测试耗时: 143.21s
2025-11-21 02:35:02 | INFO | caltech-101_sepfpl_2_0.1_10_[37/120] | ================================================================================
2025-11-21 02:35:02 | INFO | caltech-101_sepfpl_2_0.1_10_[37/120] | 
2025-11-21 02:35:02 | INFO | caltech-101_sepfpl_2_0.1_10_[37/120] | [RDP-sepfpl] 轮次 30: ε=0.006607, std=3.844505
2025-11-21 02:35:21 | INFO | caltech-101_sepfpl_2_0.1_10_[37/120] | [Epoch 30/30] 训练耗时: 18.35s | 平均训练准确率: 72.63
2025-11-21 02:35:21 | INFO | caltech-101_sepfpl_2_0.1_10_[37/120] | 
2025-11-21 02:35:21 | INFO | caltech-101_sepfpl_2_0.1_10_[37/120] | ================================================================================
2025-11-21 02:35:21 | INFO | caltech-101_sepfpl_2_0.1_10_[37/120] |                     TEST START - Epoch 30/30
2025-11-21 02:35:21 | INFO | caltech-101_sepfpl_2_0.1_10_[37/120] | ================================================================================
2025-11-21 02:35:21 | INFO | caltech-101_sepfpl_2_0.1_10_[37/120] | 
2025-11-21 02:37:39 | INFO | caltech-101_sepfpl_2_0.1_10_[37/120] | 
================= Local Test Results ==================
+----------+----------+------------+----------+
| Client   | Accuracy | Error Rate | Macro F1 |
+----------+----------+------------+----------+
| Client 0 |    56.89 |      43.11 |    75.21 |
| Client 1 |    92.05 |       7.95 |    93.48 |
| Client 2 |    63.64 |      36.36 |    66.95 |
| Client 3 |    84.57 |      15.43 |    88.88 |
| Client 4 |    93.21 |       6.79 |    94.25 |
| Client 5 |    95.54 |       4.46 |    97.52 |
| Client 6 |    80.70 |      19.30 |    86.62 |
| Client 7 |    94.55 |       5.45 |    90.34 |
| Client 8 |    87.47 |      12.53 |    76.24 |
| Client 9 |    85.44 |      14.56 |    86.68 |
| Average  |    83.41 |      16.59 |    85.62 |
+----------+----------+------------+----------+

2025-11-21 02:37:39 | INFO | caltech-101_sepfpl_2_0.1_10_[37/120] | 
================= Neighbor Test Results ==================
+----------+----------+------------+----------+
| Client   | Accuracy | Error Rate | Macro F1 |
+----------+----------+------------+----------+
| Client 0 |    87.37 |      12.63 |    79.65 |
| Client 1 |    81.83 |      18.17 |    77.16 |
| Client 2 |    84.29 |      15.71 |    81.56 |
| Client 3 |    83.20 |      16.80 |    78.95 |
| Client 4 |    82.04 |      17.96 |    77.81 |
| Client 5 |    81.85 |      18.15 |    76.76 |
| Client 6 |    82.26 |      17.74 |    76.28 |
| Client 7 |    78.99 |      21.01 |    75.43 |
| Client 8 |    80.15 |      19.85 |    76.36 |
| Client 9 |    80.52 |      19.48 |    75.02 |
| Average  |    82.25 |      17.75 |    77.50 |
+----------+----------+------------+----------+

2025-11-21 02:37:39 | INFO | caltech-101_sepfpl_2_0.1_10_[37/120] | 
2025-11-21 02:37:39 | INFO | caltech-101_sepfpl_2_0.1_10_[37/120] | ================================================================================
2025-11-21 02:37:39 | INFO | caltech-101_sepfpl_2_0.1_10_[37/120] |                     TEST FINISH - Epoch 30/30
2025-11-21 02:37:39 | INFO | caltech-101_sepfpl_2_0.1_10_[37/120] |                     测试耗时: 138.09s
2025-11-21 02:37:39 | INFO | caltech-101_sepfpl_2_0.1_10_[37/120] | ================================================================================
2025-11-21 02:37:39 | INFO | caltech-101_sepfpl_2_0.1_10_[37/120] | 
2025-11-21 02:37:39 | INFO | caltech-101_sepfpl_2_0.1_10_[37/120] | maximum test local acc: 83.406
2025-11-21 02:37:39 | INFO | caltech-101_sepfpl_2_0.1_10_[37/120] | mean of local acc: 81.873
2025-11-21 02:37:39 | INFO | caltech-101_sepfpl_2_0.1_10_[37/120] | maximum test neighbor acc: 82.249
2025-11-21 02:37:39 | INFO | caltech-101_sepfpl_2_0.1_10_[37/120] | mean of neighbor acc: 81.010
