2025-11-21 00:56:33 | INFO | caltech-101_sepfpl_2_0.4_10_[17/120] | Loading trainer: DP_FPL
2025-11-21 00:56:33 | INFO | caltech-101_sepfpl_2_0.4_10_[17/120] | Loading dataset: Caltech101
2025-11-21 00:56:33 | INFO | caltech-101_sepfpl_2_0.4_10_[17/120] | Reading split from %s
2025-11-21 00:56:33 | INFO | caltech-101_sepfpl_2_0.4_10_[17/120] | Creating a baseline federated dataset
2025-11-21 00:56:33 | INFO | caltech-101_sepfpl_2_0.4_10_[17/120] | class_num %d
2025-11-21 00:56:33 | INFO | caltech-101_sepfpl_2_0.4_10_[17/120] | user class dict total %s
2025-11-21 00:56:33 | INFO | caltech-101_sepfpl_2_0.4_10_[17/120] | idx: %s, output_dict_len: %d
2025-11-21 00:56:33 | INFO | caltech-101_sepfpl_2_0.4_10_[17/120] | user class dict total %s
2025-11-21 00:56:33 | INFO | caltech-101_sepfpl_2_0.4_10_[17/120] | idx: %s, output_dict_len: %d
2025-11-21 00:56:33 | INFO | caltech-101_sepfpl_2_0.4_10_[17/120] | user class dict total %s
2025-11-21 00:56:33 | INFO | caltech-101_sepfpl_2_0.4_10_[17/120] | idx: %s, output_dict_len: %d
2025-11-21 00:56:33 | INFO | caltech-101_sepfpl_2_0.4_10_[17/120] | user class dict total %s
2025-11-21 00:56:33 | INFO | caltech-101_sepfpl_2_0.4_10_[17/120] | idx: %s, output_dict_len: %d
2025-11-21 00:56:33 | INFO | caltech-101_sepfpl_2_0.4_10_[17/120] | user class dict total %s
2025-11-21 00:56:33 | INFO | caltech-101_sepfpl_2_0.4_10_[17/120] | idx: %s, output_dict_len: %d
2025-11-21 00:56:33 | INFO | caltech-101_sepfpl_2_0.4_10_[17/120] | user class dict total %s
2025-11-21 00:56:33 | INFO | caltech-101_sepfpl_2_0.4_10_[17/120] | idx: %s, output_dict_len: %d
2025-11-21 00:56:33 | INFO | caltech-101_sepfpl_2_0.4_10_[17/120] | user class dict total %s
2025-11-21 00:56:33 | INFO | caltech-101_sepfpl_2_0.4_10_[17/120] | idx: %s, output_dict_len: %d
2025-11-21 00:56:33 | INFO | caltech-101_sepfpl_2_0.4_10_[17/120] | user class dict total %s
2025-11-21 00:56:33 | INFO | caltech-101_sepfpl_2_0.4_10_[17/120] | idx: %s, output_dict_len: %d
2025-11-21 00:56:33 | INFO | caltech-101_sepfpl_2_0.4_10_[17/120] | user class dict total %s
2025-11-21 00:56:33 | INFO | caltech-101_sepfpl_2_0.4_10_[17/120] | idx: %s, output_dict_len: %d
2025-11-21 00:56:33 | INFO | caltech-101_sepfpl_2_0.4_10_[17/120] | user class dict total %s
2025-11-21 00:56:33 | INFO | caltech-101_sepfpl_2_0.4_10_[17/120] | idx: %s, output_dict_len: %d
2025-11-21 00:56:33 | INFO | caltech-101_sepfpl_2_0.4_10_[17/120] | Creating a baseline federated dataset
2025-11-21 00:56:33 | INFO | caltech-101_sepfpl_2_0.4_10_[17/120] | class_num %d
2025-11-21 00:56:33 | INFO | caltech-101_sepfpl_2_0.4_10_[17/120] | user class dict total %s
2025-11-21 00:56:33 | INFO | caltech-101_sepfpl_2_0.4_10_[17/120] | idx: %s, output_dict_len: %d
2025-11-21 00:56:33 | INFO | caltech-101_sepfpl_2_0.4_10_[17/120] | user class dict total %s
2025-11-21 00:56:33 | INFO | caltech-101_sepfpl_2_0.4_10_[17/120] | idx: %s, output_dict_len: %d
2025-11-21 00:56:33 | INFO | caltech-101_sepfpl_2_0.4_10_[17/120] | user class dict total %s
2025-11-21 00:56:33 | INFO | caltech-101_sepfpl_2_0.4_10_[17/120] | idx: %s, output_dict_len: %d
2025-11-21 00:56:33 | INFO | caltech-101_sepfpl_2_0.4_10_[17/120] | user class dict total %s
2025-11-21 00:56:33 | INFO | caltech-101_sepfpl_2_0.4_10_[17/120] | idx: %s, output_dict_len: %d
2025-11-21 00:56:33 | INFO | caltech-101_sepfpl_2_0.4_10_[17/120] | user class dict total %s
2025-11-21 00:56:33 | INFO | caltech-101_sepfpl_2_0.4_10_[17/120] | idx: %s, output_dict_len: %d
2025-11-21 00:56:33 | INFO | caltech-101_sepfpl_2_0.4_10_[17/120] | user class dict total %s
2025-11-21 00:56:33 | INFO | caltech-101_sepfpl_2_0.4_10_[17/120] | idx: %s, output_dict_len: %d
2025-11-21 00:56:33 | INFO | caltech-101_sepfpl_2_0.4_10_[17/120] | user class dict total %s
2025-11-21 00:56:33 | INFO | caltech-101_sepfpl_2_0.4_10_[17/120] | idx: %s, output_dict_len: %d
2025-11-21 00:56:33 | INFO | caltech-101_sepfpl_2_0.4_10_[17/120] | user class dict total %s
2025-11-21 00:56:33 | INFO | caltech-101_sepfpl_2_0.4_10_[17/120] | idx: %s, output_dict_len: %d
2025-11-21 00:56:33 | INFO | caltech-101_sepfpl_2_0.4_10_[17/120] | user class dict total %s
2025-11-21 00:56:33 | INFO | caltech-101_sepfpl_2_0.4_10_[17/120] | idx: %s, output_dict_len: %d
2025-11-21 00:56:33 | INFO | caltech-101_sepfpl_2_0.4_10_[17/120] | user class dict total %s
2025-11-21 00:56:33 | INFO | caltech-101_sepfpl_2_0.4_10_[17/120] | idx: %s, output_dict_len: %d
2025-11-21 00:56:33 | INFO | caltech-101_sepfpl_2_0.4_10_[17/120] | Loading CLIP (backbone: ViT-B/16)
2025-11-21 00:56:35 | INFO | caltech-101_sepfpl_2_0.4_10_[17/120] | Building custom CLIP
2025-11-21 00:56:35 | INFO | caltech-101_sepfpl_2_0.4_10_[17/120] | Turning off gradients in both the image and the text encoder
2025-11-21 00:56:36 | INFO | caltech-101_sepfpl_2_0.4_10_[17/120] | [wandb] 正在初始化实验：project=SepFPL, name=caltech-101-sepfpl-rank2-noise0.4-seed1-users10-17/120, mode=online
2025-11-21 00:56:48 | INFO | caltech-101_sepfpl_2_0.4_10_[17/120] | [RDP-sepfpl] 轮次 1: ε=0.000743, std=11.463021
2025-11-21 00:57:08 | INFO | caltech-101_sepfpl_2_0.4_10_[17/120] | [Epoch 1/30] 训练耗时: 20.59s | 平均训练准确率: 66.34
2025-11-21 00:57:08 | INFO | caltech-101_sepfpl_2_0.4_10_[17/120] | [RDP-sepfpl] 轮次 2: ε=0.001539, std=7.966331
2025-11-21 00:57:26 | INFO | caltech-101_sepfpl_2_0.4_10_[17/120] | [Epoch 2/30] 训练耗时: 17.70s | 平均训练准确率: 66.96
2025-11-21 00:57:26 | INFO | caltech-101_sepfpl_2_0.4_10_[17/120] | [RDP-sepfpl] 轮次 3: ε=0.002355, std=6.438881
2025-11-21 00:57:44 | INFO | caltech-101_sepfpl_2_0.4_10_[17/120] | [Epoch 3/30] 训练耗时: 17.65s | 平均训练准确率: 67.05
2025-11-21 00:57:44 | INFO | caltech-101_sepfpl_2_0.4_10_[17/120] | [RDP-sepfpl] 轮次 4: ε=0.003186, std=5.536274
2025-11-21 00:58:02 | INFO | caltech-101_sepfpl_2_0.4_10_[17/120] | [Epoch 4/30] 训练耗时: 18.48s | 平均训练准确率: 67.37
2025-11-21 00:58:02 | INFO | caltech-101_sepfpl_2_0.4_10_[17/120] | [RDP-sepfpl] 轮次 5: ε=0.004027, std=4.924247
2025-11-21 00:58:20 | INFO | caltech-101_sepfpl_2_0.4_10_[17/120] | [Epoch 5/30] 训练耗时: 18.13s | 平均训练准确率: 67.23
2025-11-21 00:58:20 | INFO | caltech-101_sepfpl_2_0.4_10_[17/120] | [RDP-sepfpl] 轮次 6: ε=0.004877, std=4.474759
2025-11-21 00:58:39 | INFO | caltech-101_sepfpl_2_0.4_10_[17/120] | [Epoch 6/30] 训练耗时: 18.35s | 平均训练准确率: 67.19
2025-11-21 00:58:39 | INFO | caltech-101_sepfpl_2_0.4_10_[17/120] | [RDP-sepfpl] 轮次 7: ε=0.005734, std=4.126887
2025-11-21 00:58:56 | INFO | caltech-101_sepfpl_2_0.4_10_[17/120] | [Epoch 7/30] 训练耗时: 17.71s | 平均训练准确率: 65.40
2025-11-21 00:58:56 | INFO | caltech-101_sepfpl_2_0.4_10_[17/120] | [RDP-sepfpl] 轮次 8: ε=0.006597, std=3.847484
2025-11-21 00:59:14 | INFO | caltech-101_sepfpl_2_0.4_10_[17/120] | [Epoch 8/30] 训练耗时: 17.53s | 平均训练准确率: 67.68
2025-11-21 00:59:14 | INFO | caltech-101_sepfpl_2_0.4_10_[17/120] | [RDP-sepfpl] 轮次 9: ε=0.007465, std=3.616777
2025-11-21 00:59:32 | INFO | caltech-101_sepfpl_2_0.4_10_[17/120] | [Epoch 9/30] 训练耗时: 18.45s | 平均训练准确率: 65.27
2025-11-21 00:59:32 | INFO | caltech-101_sepfpl_2_0.4_10_[17/120] | [RDP-sepfpl] 轮次 10: ε=0.008339, std=3.422150
2025-11-21 00:59:50 | INFO | caltech-101_sepfpl_2_0.4_10_[17/120] | [Epoch 10/30] 训练耗时: 17.72s | 平均训练准确率: 65.98
2025-11-21 00:59:50 | INFO | caltech-101_sepfpl_2_0.4_10_[17/120] | [RDP-sepfpl] 轮次 11: ε=0.009216, std=3.255127
2025-11-21 01:00:08 | INFO | caltech-101_sepfpl_2_0.4_10_[17/120] | [Epoch 11/30] 训练耗时: 18.29s | 平均训练准确率: 67.01
2025-11-21 01:00:08 | INFO | caltech-101_sepfpl_2_0.4_10_[17/120] | [RDP-sepfpl] 轮次 12: ε=0.010098, std=3.109775
2025-11-21 01:00:26 | INFO | caltech-101_sepfpl_2_0.4_10_[17/120] | [Epoch 12/30] 训练耗时: 17.56s | 平均训练准确率: 65.94
2025-11-21 01:00:26 | INFO | caltech-101_sepfpl_2_0.4_10_[17/120] | [RDP-sepfpl] 轮次 13: ε=0.010984, std=2.981802
2025-11-21 01:00:44 | INFO | caltech-101_sepfpl_2_0.4_10_[17/120] | [Epoch 13/30] 训练耗时: 17.89s | 平均训练准确率: 66.34
2025-11-21 01:00:44 | INFO | caltech-101_sepfpl_2_0.4_10_[17/120] | [RDP-sepfpl] 轮次 14: ε=0.011872, std=2.868018
2025-11-21 01:01:02 | INFO | caltech-101_sepfpl_2_0.4_10_[17/120] | [Epoch 14/30] 训练耗时: 18.41s | 平均训练准确率: 67.99
2025-11-21 01:01:02 | INFO | caltech-101_sepfpl_2_0.4_10_[17/120] | [RDP-sepfpl] 轮次 15: ε=0.012764, std=2.765994
2025-11-21 01:01:20 | INFO | caltech-101_sepfpl_2_0.4_10_[17/120] | [Epoch 15/30] 训练耗时: 17.79s | 平均训练准确率: 66.43
2025-11-21 01:01:20 | INFO | caltech-101_sepfpl_2_0.4_10_[17/120] | [RDP-sepfpl] 轮次 16: ε=0.013659, std=2.673844
2025-11-21 01:01:38 | INFO | caltech-101_sepfpl_2_0.4_10_[17/120] | [Epoch 16/30] 训练耗时: 17.56s | 平均训练准确率: 66.74
2025-11-21 01:01:38 | INFO | caltech-101_sepfpl_2_0.4_10_[17/120] | [RDP-sepfpl] 轮次 17: ε=0.014557, std=2.590081
2025-11-21 01:01:55 | INFO | caltech-101_sepfpl_2_0.4_10_[17/120] | [Epoch 17/30] 训练耗时: 17.39s | 平均训练准确率: 66.56
2025-11-21 01:01:55 | INFO | caltech-101_sepfpl_2_0.4_10_[17/120] | [RDP-sepfpl] 轮次 18: ε=0.015457, std=2.513512
2025-11-21 01:02:13 | INFO | caltech-101_sepfpl_2_0.4_10_[17/120] | [Epoch 18/30] 训练耗时: 18.11s | 平均训练准确率: 66.21
2025-11-21 01:02:13 | INFO | caltech-101_sepfpl_2_0.4_10_[17/120] | [RDP-sepfpl] 轮次 19: ε=0.016360, std=2.443169
2025-11-21 01:02:32 | INFO | caltech-101_sepfpl_2_0.4_10_[17/120] | [Epoch 19/30] 训练耗时: 18.36s | 平均训练准确率: 66.88
2025-11-21 01:02:32 | INFO | caltech-101_sepfpl_2_0.4_10_[17/120] | [RDP-sepfpl] 轮次 20: ε=0.017266, std=2.378255
2025-11-21 01:02:50 | INFO | caltech-101_sepfpl_2_0.4_10_[17/120] | [Epoch 20/30] 训练耗时: 18.08s | 平均训练准确率: 66.38
2025-11-21 01:02:50 | INFO | caltech-101_sepfpl_2_0.4_10_[17/120] | [RDP-sepfpl] 轮次 21: ε=0.018173, std=2.318110
2025-11-21 01:03:09 | INFO | caltech-101_sepfpl_2_0.4_10_[17/120] | [Epoch 21/30] 训练耗时: 18.90s | 平均训练准确率: 68.44
2025-11-21 01:03:09 | INFO | caltech-101_sepfpl_2_0.4_10_[17/120] | [RDP-sepfpl] 轮次 22: ε=0.019083, std=2.262180
2025-11-21 01:03:26 | INFO | caltech-101_sepfpl_2_0.4_10_[17/120] | [Epoch 22/30] 训练耗时: 17.95s | 平均训练准确率: 67.05
2025-11-21 01:03:26 | INFO | caltech-101_sepfpl_2_0.4_10_[17/120] | [RDP-sepfpl] 轮次 23: ε=0.019995, std=2.209998
2025-11-21 01:03:45 | INFO | caltech-101_sepfpl_2_0.4_10_[17/120] | [Epoch 23/30] 训练耗时: 18.43s | 平均训练准确率: 66.74
2025-11-21 01:03:45 | INFO | caltech-101_sepfpl_2_0.4_10_[17/120] | [RDP-sepfpl] 轮次 24: ε=0.020909, std=2.161166
2025-11-21 01:04:03 | INFO | caltech-101_sepfpl_2_0.4_10_[17/120] | [Epoch 24/30] 训练耗时: 18.16s | 平均训练准确率: 66.52
2025-11-21 01:04:03 | INFO | caltech-101_sepfpl_2_0.4_10_[17/120] | [RDP-sepfpl] 轮次 25: ε=0.021824, std=2.115342
2025-11-21 01:04:22 | INFO | caltech-101_sepfpl_2_0.4_10_[17/120] | [Epoch 25/30] 训练耗时: 19.23s | 平均训练准确率: 66.88
2025-11-21 01:04:22 | INFO | caltech-101_sepfpl_2_0.4_10_[17/120] | [RDP-sepfpl] 轮次 26: ε=0.022742, std=2.072231
2025-11-21 01:04:40 | INFO | caltech-101_sepfpl_2_0.4_10_[17/120] | [Epoch 26/30] 训练耗时: 18.04s | 平均训练准确率: 66.70
2025-11-21 01:04:40 | INFO | caltech-101_sepfpl_2_0.4_10_[17/120] | [RDP-sepfpl] 轮次 27: ε=0.023661, std=2.031576
2025-11-21 01:04:58 | INFO | caltech-101_sepfpl_2_0.4_10_[17/120] | [Epoch 27/30] 训练耗时: 17.63s | 平均训练准确率: 68.21
2025-11-21 01:04:58 | INFO | caltech-101_sepfpl_2_0.4_10_[17/120] | [RDP-sepfpl] 轮次 28: ε=0.024582, std=1.993155
2025-11-21 01:05:16 | INFO | caltech-101_sepfpl_2_0.4_10_[17/120] | [Epoch 28/30] 训练耗时: 18.44s | 平均训练准确率: 66.74
2025-11-21 01:05:16 | INFO | caltech-101_sepfpl_2_0.4_10_[17/120] | 
2025-11-21 01:05:16 | INFO | caltech-101_sepfpl_2_0.4_10_[17/120] | ================================================================================
2025-11-21 01:05:16 | INFO | caltech-101_sepfpl_2_0.4_10_[17/120] |                     TEST START - Epoch 28/30
2025-11-21 01:05:16 | INFO | caltech-101_sepfpl_2_0.4_10_[17/120] | ================================================================================
2025-11-21 01:05:16 | INFO | caltech-101_sepfpl_2_0.4_10_[17/120] | 
2025-11-21 01:07:41 | INFO | caltech-101_sepfpl_2_0.4_10_[17/120] | 
================= Local Test Results ==================
+----------+----------+------------+----------+
| Client   | Accuracy | Error Rate | Macro F1 |
+----------+----------+------------+----------+
| Client 0 |    57.64 |      42.36 |    76.32 |
| Client 1 |    92.61 |       7.39 |    92.20 |
| Client 2 |    67.53 |      32.47 |    71.87 |
| Client 3 |    78.40 |      21.60 |    79.98 |
| Client 4 |    93.67 |       6.33 |    94.82 |
| Client 5 |    84.08 |      15.92 |    85.09 |
| Client 6 |    73.10 |      26.90 |    75.48 |
| Client 7 |    88.86 |      11.14 |    79.07 |
| Client 8 |    89.40 |      10.60 |    80.35 |
| Client 9 |    84.95 |      15.05 |    81.48 |
| Average  |    81.02 |      18.98 |    81.67 |
+----------+----------+------------+----------+

2025-11-21 01:07:41 | INFO | caltech-101_sepfpl_2_0.4_10_[17/120] | 
================= Neighbor Test Results ==================
+----------+----------+------------+----------+
| Client   | Accuracy | Error Rate | Macro F1 |
+----------+----------+------------+----------+
| Client 0 |    86.25 |      13.75 |    78.01 |
| Client 1 |    80.30 |      19.70 |    73.85 |
| Client 2 |    82.30 |      17.70 |    76.43 |
| Client 3 |    81.76 |      18.24 |    76.23 |
| Client 4 |    80.44 |      19.56 |    74.39 |
| Client 5 |    80.85 |      19.15 |    74.58 |
| Client 6 |    81.26 |      18.74 |    74.96 |
| Client 7 |    78.60 |      21.40 |    73.77 |
| Client 8 |    78.10 |      21.90 |    73.34 |
| Client 9 |    79.55 |      20.45 |    74.15 |
| Average  |    80.94 |      19.06 |    74.97 |
+----------+----------+------------+----------+

2025-11-21 01:07:41 | INFO | caltech-101_sepfpl_2_0.4_10_[17/120] | 
2025-11-21 01:07:41 | INFO | caltech-101_sepfpl_2_0.4_10_[17/120] | ================================================================================
2025-11-21 01:07:41 | INFO | caltech-101_sepfpl_2_0.4_10_[17/120] |                     TEST FINISH - Epoch 28/30
2025-11-21 01:07:41 | INFO | caltech-101_sepfpl_2_0.4_10_[17/120] |                     测试耗时: 144.51s
2025-11-21 01:07:41 | INFO | caltech-101_sepfpl_2_0.4_10_[17/120] | ================================================================================
2025-11-21 01:07:41 | INFO | caltech-101_sepfpl_2_0.4_10_[17/120] | 
2025-11-21 01:07:41 | INFO | caltech-101_sepfpl_2_0.4_10_[17/120] | [RDP-sepfpl] 轮次 29: ε=0.025505, std=1.956772
2025-11-21 01:07:59 | INFO | caltech-101_sepfpl_2_0.4_10_[17/120] | [Epoch 29/30] 训练耗时: 17.76s | 平均训练准确率: 70.13
2025-11-21 01:07:59 | INFO | caltech-101_sepfpl_2_0.4_10_[17/120] | 
2025-11-21 01:07:59 | INFO | caltech-101_sepfpl_2_0.4_10_[17/120] | ================================================================================
2025-11-21 01:07:59 | INFO | caltech-101_sepfpl_2_0.4_10_[17/120] |                     TEST START - Epoch 29/30
2025-11-21 01:07:59 | INFO | caltech-101_sepfpl_2_0.4_10_[17/120] | ================================================================================
2025-11-21 01:07:59 | INFO | caltech-101_sepfpl_2_0.4_10_[17/120] | 
2025-11-21 01:10:21 | INFO | caltech-101_sepfpl_2_0.4_10_[17/120] | 
================= Local Test Results ==================
+----------+----------+------------+----------+
| Client   | Accuracy | Error Rate | Macro F1 |
+----------+----------+------------+----------+
| Client 0 |    58.90 |      41.10 |    76.11 |
| Client 1 |    93.18 |       6.82 |    93.65 |
| Client 2 |    64.94 |      35.06 |    66.98 |
| Client 3 |    85.19 |      14.81 |    85.25 |
| Client 4 |    91.86 |       8.14 |    91.70 |
| Client 5 |    92.99 |       7.01 |    95.74 |
| Client 6 |    81.29 |      18.71 |    85.83 |
| Client 7 |    92.82 |       7.18 |    85.19 |
| Client 8 |    93.98 |       6.02 |    90.66 |
| Client 9 |    91.75 |       8.25 |    93.63 |
| Average  |    84.69 |      15.31 |    86.47 |
+----------+----------+------------+----------+

2025-11-21 01:10:21 | INFO | caltech-101_sepfpl_2_0.4_10_[17/120] | 
================= Neighbor Test Results ==================
+----------+----------+------------+----------+
| Client   | Accuracy | Error Rate | Macro F1 |
+----------+----------+------------+----------+
| Client 0 |    89.35 |      10.65 |    83.98 |
| Client 1 |    83.49 |      16.51 |    79.31 |
| Client 2 |    85.29 |      14.71 |    81.50 |
| Client 3 |    83.93 |      16.07 |    79.59 |
| Client 4 |    83.33 |      16.67 |    79.49 |
| Client 5 |    83.88 |      16.12 |    80.54 |
| Client 6 |    85.35 |      14.65 |    81.64 |
| Client 7 |    83.26 |      16.74 |    81.53 |
| Client 8 |    82.63 |      17.37 |    79.73 |
| Client 9 |    83.71 |      16.29 |    80.21 |
| Average  |    84.42 |      15.58 |    80.75 |
+----------+----------+------------+----------+

2025-11-21 01:10:21 | INFO | caltech-101_sepfpl_2_0.4_10_[17/120] | 
2025-11-21 01:10:21 | INFO | caltech-101_sepfpl_2_0.4_10_[17/120] | ================================================================================
2025-11-21 01:10:21 | INFO | caltech-101_sepfpl_2_0.4_10_[17/120] |                     TEST FINISH - Epoch 29/30
2025-11-21 01:10:21 | INFO | caltech-101_sepfpl_2_0.4_10_[17/120] |                     测试耗时: 142.49s
2025-11-21 01:10:21 | INFO | caltech-101_sepfpl_2_0.4_10_[17/120] | ================================================================================
2025-11-21 01:10:21 | INFO | caltech-101_sepfpl_2_0.4_10_[17/120] | 
2025-11-21 01:10:21 | INFO | caltech-101_sepfpl_2_0.4_10_[17/120] | [RDP-sepfpl] 轮次 30: ε=0.026429, std=1.922252
2025-11-21 01:10:40 | INFO | caltech-101_sepfpl_2_0.4_10_[17/120] | [Epoch 30/30] 训练耗时: 18.61s | 平均训练准确率: 73.88
2025-11-21 01:10:40 | INFO | caltech-101_sepfpl_2_0.4_10_[17/120] | 
2025-11-21 01:10:40 | INFO | caltech-101_sepfpl_2_0.4_10_[17/120] | ================================================================================
2025-11-21 01:10:40 | INFO | caltech-101_sepfpl_2_0.4_10_[17/120] |                     TEST START - Epoch 30/30
2025-11-21 01:10:40 | INFO | caltech-101_sepfpl_2_0.4_10_[17/120] | ================================================================================
2025-11-21 01:10:40 | INFO | caltech-101_sepfpl_2_0.4_10_[17/120] | 
2025-11-21 01:13:00 | INFO | caltech-101_sepfpl_2_0.4_10_[17/120] | 
================= Local Test Results ==================
+----------+----------+------------+----------+
| Client   | Accuracy | Error Rate | Macro F1 |
+----------+----------+------------+----------+
| Client 0 |    56.89 |      43.11 |    73.06 |
| Client 1 |    93.75 |       6.25 |    93.24 |
| Client 2 |    67.53 |      32.47 |    70.87 |
| Client 3 |    91.36 |       8.64 |    92.93 |
| Client 4 |    90.05 |       9.95 |    87.21 |
| Client 5 |    95.54 |       4.46 |    97.02 |
| Client 6 |    84.80 |      15.20 |    87.91 |
| Client 7 |    95.30 |       4.70 |    92.46 |
| Client 8 |    92.29 |       7.71 |    86.38 |
| Client 9 |    92.23 |       7.77 |    94.07 |
| Average  |    85.97 |      14.03 |    87.51 |
+----------+----------+------------+----------+

2025-11-21 01:13:00 | INFO | caltech-101_sepfpl_2_0.4_10_[17/120] | 
================= Neighbor Test Results ==================
+----------+----------+------------+----------+
| Client   | Accuracy | Error Rate | Macro F1 |
+----------+----------+------------+----------+
| Client 0 |    88.19 |      11.81 |    81.87 |
| Client 1 |    83.40 |      16.60 |    79.04 |
| Client 2 |    86.41 |      13.59 |    83.87 |
| Client 3 |    85.89 |      14.11 |    82.47 |
| Client 4 |    85.83 |      14.17 |    83.20 |
| Client 5 |    85.66 |      14.34 |    82.51 |
| Client 6 |    86.40 |      13.60 |    82.65 |
| Client 7 |    84.38 |      15.62 |    82.19 |
| Client 8 |    84.68 |      15.32 |    82.61 |
| Client 9 |    84.77 |      15.23 |    81.13 |
| Average  |    85.56 |      14.44 |    82.15 |
+----------+----------+------------+----------+

2025-11-21 01:13:00 | INFO | caltech-101_sepfpl_2_0.4_10_[17/120] | 
2025-11-21 01:13:00 | INFO | caltech-101_sepfpl_2_0.4_10_[17/120] | ================================================================================
2025-11-21 01:13:00 | INFO | caltech-101_sepfpl_2_0.4_10_[17/120] |                     TEST FINISH - Epoch 30/30
2025-11-21 01:13:00 | INFO | caltech-101_sepfpl_2_0.4_10_[17/120] |                     测试耗时: 140.71s
2025-11-21 01:13:00 | INFO | caltech-101_sepfpl_2_0.4_10_[17/120] | ================================================================================
2025-11-21 01:13:00 | INFO | caltech-101_sepfpl_2_0.4_10_[17/120] | 
2025-11-21 01:13:01 | INFO | caltech-101_sepfpl_2_0.4_10_[17/120] | maximum test local acc: 85.973
2025-11-21 01:13:01 | INFO | caltech-101_sepfpl_2_0.4_10_[17/120] | mean of local acc: 83.895
2025-11-21 01:13:01 | INFO | caltech-101_sepfpl_2_0.4_10_[17/120] | maximum test neighbor acc: 85.561
2025-11-21 01:13:01 | INFO | caltech-101_sepfpl_2_0.4_10_[17/120] | mean of neighbor acc: 83.642
