2025-11-21 02:37:54 | INFO | caltech-101_sepfpl_8_0.1_10_[39/120] | Loading trainer: DP_FPL
2025-11-21 02:37:54 | INFO | caltech-101_sepfpl_8_0.1_10_[39/120] | Loading dataset: Caltech101
2025-11-21 02:37:54 | INFO | caltech-101_sepfpl_8_0.1_10_[39/120] | Reading split from %s
2025-11-21 02:37:54 | INFO | caltech-101_sepfpl_8_0.1_10_[39/120] | Creating a baseline federated dataset
2025-11-21 02:37:54 | INFO | caltech-101_sepfpl_8_0.1_10_[39/120] | class_num %d
2025-11-21 02:37:54 | INFO | caltech-101_sepfpl_8_0.1_10_[39/120] | user class dict total %s
2025-11-21 02:37:54 | INFO | caltech-101_sepfpl_8_0.1_10_[39/120] | idx: %s, output_dict_len: %d
2025-11-21 02:37:54 | INFO | caltech-101_sepfpl_8_0.1_10_[39/120] | user class dict total %s
2025-11-21 02:37:54 | INFO | caltech-101_sepfpl_8_0.1_10_[39/120] | idx: %s, output_dict_len: %d
2025-11-21 02:37:54 | INFO | caltech-101_sepfpl_8_0.1_10_[39/120] | user class dict total %s
2025-11-21 02:37:54 | INFO | caltech-101_sepfpl_8_0.1_10_[39/120] | idx: %s, output_dict_len: %d
2025-11-21 02:37:54 | INFO | caltech-101_sepfpl_8_0.1_10_[39/120] | user class dict total %s
2025-11-21 02:37:54 | INFO | caltech-101_sepfpl_8_0.1_10_[39/120] | idx: %s, output_dict_len: %d
2025-11-21 02:37:54 | INFO | caltech-101_sepfpl_8_0.1_10_[39/120] | user class dict total %s
2025-11-21 02:37:54 | INFO | caltech-101_sepfpl_8_0.1_10_[39/120] | idx: %s, output_dict_len: %d
2025-11-21 02:37:54 | INFO | caltech-101_sepfpl_8_0.1_10_[39/120] | user class dict total %s
2025-11-21 02:37:54 | INFO | caltech-101_sepfpl_8_0.1_10_[39/120] | idx: %s, output_dict_len: %d
2025-11-21 02:37:54 | INFO | caltech-101_sepfpl_8_0.1_10_[39/120] | user class dict total %s
2025-11-21 02:37:54 | INFO | caltech-101_sepfpl_8_0.1_10_[39/120] | idx: %s, output_dict_len: %d
2025-11-21 02:37:54 | INFO | caltech-101_sepfpl_8_0.1_10_[39/120] | user class dict total %s
2025-11-21 02:37:54 | INFO | caltech-101_sepfpl_8_0.1_10_[39/120] | idx: %s, output_dict_len: %d
2025-11-21 02:37:54 | INFO | caltech-101_sepfpl_8_0.1_10_[39/120] | user class dict total %s
2025-11-21 02:37:54 | INFO | caltech-101_sepfpl_8_0.1_10_[39/120] | idx: %s, output_dict_len: %d
2025-11-21 02:37:54 | INFO | caltech-101_sepfpl_8_0.1_10_[39/120] | user class dict total %s
2025-11-21 02:37:54 | INFO | caltech-101_sepfpl_8_0.1_10_[39/120] | idx: %s, output_dict_len: %d
2025-11-21 02:37:54 | INFO | caltech-101_sepfpl_8_0.1_10_[39/120] | Creating a baseline federated dataset
2025-11-21 02:37:54 | INFO | caltech-101_sepfpl_8_0.1_10_[39/120] | class_num %d
2025-11-21 02:37:54 | INFO | caltech-101_sepfpl_8_0.1_10_[39/120] | user class dict total %s
2025-11-21 02:37:54 | INFO | caltech-101_sepfpl_8_0.1_10_[39/120] | idx: %s, output_dict_len: %d
2025-11-21 02:37:54 | INFO | caltech-101_sepfpl_8_0.1_10_[39/120] | user class dict total %s
2025-11-21 02:37:54 | INFO | caltech-101_sepfpl_8_0.1_10_[39/120] | idx: %s, output_dict_len: %d
2025-11-21 02:37:54 | INFO | caltech-101_sepfpl_8_0.1_10_[39/120] | user class dict total %s
2025-11-21 02:37:54 | INFO | caltech-101_sepfpl_8_0.1_10_[39/120] | idx: %s, output_dict_len: %d
2025-11-21 02:37:54 | INFO | caltech-101_sepfpl_8_0.1_10_[39/120] | user class dict total %s
2025-11-21 02:37:54 | INFO | caltech-101_sepfpl_8_0.1_10_[39/120] | idx: %s, output_dict_len: %d
2025-11-21 02:37:54 | INFO | caltech-101_sepfpl_8_0.1_10_[39/120] | user class dict total %s
2025-11-21 02:37:54 | INFO | caltech-101_sepfpl_8_0.1_10_[39/120] | idx: %s, output_dict_len: %d
2025-11-21 02:37:54 | INFO | caltech-101_sepfpl_8_0.1_10_[39/120] | user class dict total %s
2025-11-21 02:37:54 | INFO | caltech-101_sepfpl_8_0.1_10_[39/120] | idx: %s, output_dict_len: %d
2025-11-21 02:37:54 | INFO | caltech-101_sepfpl_8_0.1_10_[39/120] | user class dict total %s
2025-11-21 02:37:54 | INFO | caltech-101_sepfpl_8_0.1_10_[39/120] | idx: %s, output_dict_len: %d
2025-11-21 02:37:54 | INFO | caltech-101_sepfpl_8_0.1_10_[39/120] | user class dict total %s
2025-11-21 02:37:54 | INFO | caltech-101_sepfpl_8_0.1_10_[39/120] | idx: %s, output_dict_len: %d
2025-11-21 02:37:54 | INFO | caltech-101_sepfpl_8_0.1_10_[39/120] | user class dict total %s
2025-11-21 02:37:54 | INFO | caltech-101_sepfpl_8_0.1_10_[39/120] | idx: %s, output_dict_len: %d
2025-11-21 02:37:54 | INFO | caltech-101_sepfpl_8_0.1_10_[39/120] | user class dict total %s
2025-11-21 02:37:54 | INFO | caltech-101_sepfpl_8_0.1_10_[39/120] | idx: %s, output_dict_len: %d
2025-11-21 02:37:54 | INFO | caltech-101_sepfpl_8_0.1_10_[39/120] | Loading CLIP (backbone: ViT-B/16)
2025-11-21 02:37:56 | INFO | caltech-101_sepfpl_8_0.1_10_[39/120] | Building custom CLIP
2025-11-21 02:37:56 | INFO | caltech-101_sepfpl_8_0.1_10_[39/120] | Turning off gradients in both the image and the text encoder
2025-11-21 02:37:56 | INFO | caltech-101_sepfpl_8_0.1_10_[39/120] | [wandb] 正在初始化实验：project=SepFPL, name=caltech-101-sepfpl-rank8-noise0.1-seed1-users10-39/120, mode=online
2025-11-21 02:38:01 | INFO | caltech-101_sepfpl_8_0.1_10_[39/120] | [RDP-sepfpl] 轮次 1: ε=0.000186, std=22.926042
2025-11-21 02:38:21 | INFO | caltech-101_sepfpl_8_0.1_10_[39/120] | [Epoch 1/30] 训练耗时: 20.67s | 平均训练准确率: 66.61
2025-11-21 02:38:21 | INFO | caltech-101_sepfpl_8_0.1_10_[39/120] | [RDP-sepfpl] 轮次 2: ε=0.000385, std=15.932662
2025-11-21 02:38:40 | INFO | caltech-101_sepfpl_8_0.1_10_[39/120] | [Epoch 2/30] 训练耗时: 18.51s | 平均训练准确率: 67.32
2025-11-21 02:38:40 | INFO | caltech-101_sepfpl_8_0.1_10_[39/120] | [RDP-sepfpl] 轮次 3: ε=0.000589, std=12.877763
2025-11-21 02:38:58 | INFO | caltech-101_sepfpl_8_0.1_10_[39/120] | [Epoch 3/30] 训练耗时: 18.60s | 平均训练准确率: 66.70
2025-11-21 02:38:58 | INFO | caltech-101_sepfpl_8_0.1_10_[39/120] | [RDP-sepfpl] 轮次 4: ε=0.000797, std=11.072548
2025-11-21 02:39:17 | INFO | caltech-101_sepfpl_8_0.1_10_[39/120] | [Epoch 4/30] 训练耗时: 18.68s | 平均训练准确率: 66.12
2025-11-21 02:39:17 | INFO | caltech-101_sepfpl_8_0.1_10_[39/120] | [RDP-sepfpl] 轮次 5: ε=0.001007, std=9.848494
2025-11-21 02:39:35 | INFO | caltech-101_sepfpl_8_0.1_10_[39/120] | [Epoch 5/30] 训练耗时: 17.82s | 平均训练准确率: 66.34
2025-11-21 02:39:35 | INFO | caltech-101_sepfpl_8_0.1_10_[39/120] | [RDP-sepfpl] 轮次 6: ε=0.001219, std=8.949519
2025-11-21 02:39:53 | INFO | caltech-101_sepfpl_8_0.1_10_[39/120] | [Epoch 6/30] 训练耗时: 18.29s | 平均训练准确率: 66.83
2025-11-21 02:39:53 | INFO | caltech-101_sepfpl_8_0.1_10_[39/120] | [RDP-sepfpl] 轮次 7: ε=0.001433, std=8.253775
2025-11-21 02:40:11 | INFO | caltech-101_sepfpl_8_0.1_10_[39/120] | [Epoch 7/30] 训练耗时: 17.93s | 平均训练准确率: 66.65
2025-11-21 02:40:11 | INFO | caltech-101_sepfpl_8_0.1_10_[39/120] | [RDP-sepfpl] 轮次 8: ε=0.001649, std=7.694968
2025-11-21 02:40:29 | INFO | caltech-101_sepfpl_8_0.1_10_[39/120] | [Epoch 8/30] 训练耗时: 18.09s | 平均训练准确率: 67.41
2025-11-21 02:40:29 | INFO | caltech-101_sepfpl_8_0.1_10_[39/120] | [RDP-sepfpl] 轮次 9: ε=0.001866, std=7.233555
2025-11-21 02:40:48 | INFO | caltech-101_sepfpl_8_0.1_10_[39/120] | [Epoch 9/30] 训练耗时: 18.53s | 平均训练准确率: 65.54
2025-11-21 02:40:48 | INFO | caltech-101_sepfpl_8_0.1_10_[39/120] | [RDP-sepfpl] 轮次 10: ε=0.002085, std=6.844301
2025-11-21 02:41:06 | INFO | caltech-101_sepfpl_8_0.1_10_[39/120] | [Epoch 10/30] 训练耗时: 18.38s | 平均训练准确率: 67.50
2025-11-21 02:41:06 | INFO | caltech-101_sepfpl_8_0.1_10_[39/120] | [RDP-sepfpl] 轮次 11: ε=0.002304, std=6.510254
2025-11-21 02:41:24 | INFO | caltech-101_sepfpl_8_0.1_10_[39/120] | [Epoch 11/30] 训练耗时: 18.09s | 平均训练准确率: 66.61
2025-11-21 02:41:24 | INFO | caltech-101_sepfpl_8_0.1_10_[39/120] | [RDP-sepfpl] 轮次 12: ε=0.002525, std=6.219550
2025-11-21 02:41:42 | INFO | caltech-101_sepfpl_8_0.1_10_[39/120] | [Epoch 12/30] 训练耗时: 17.55s | 平均训练准确率: 66.96
2025-11-21 02:41:42 | INFO | caltech-101_sepfpl_8_0.1_10_[39/120] | [RDP-sepfpl] 轮次 13: ε=0.002746, std=5.963604
2025-11-21 02:42:00 | INFO | caltech-101_sepfpl_8_0.1_10_[39/120] | [Epoch 13/30] 训练耗时: 18.21s | 平均训练准确率: 65.76
2025-11-21 02:42:00 | INFO | caltech-101_sepfpl_8_0.1_10_[39/120] | [RDP-sepfpl] 轮次 14: ε=0.002968, std=5.736036
2025-11-21 02:42:18 | INFO | caltech-101_sepfpl_8_0.1_10_[39/120] | [Epoch 14/30] 训练耗时: 17.60s | 平均训练准确率: 66.65
2025-11-21 02:42:18 | INFO | caltech-101_sepfpl_8_0.1_10_[39/120] | [RDP-sepfpl] 轮次 15: ε=0.003191, std=5.531987
2025-11-21 02:42:36 | INFO | caltech-101_sepfpl_8_0.1_10_[39/120] | [Epoch 15/30] 训练耗时: 18.69s | 平均训练准确率: 65.36
2025-11-21 02:42:36 | INFO | caltech-101_sepfpl_8_0.1_10_[39/120] | [RDP-sepfpl] 轮次 16: ε=0.003415, std=5.347688
2025-11-21 02:42:54 | INFO | caltech-101_sepfpl_8_0.1_10_[39/120] | [Epoch 16/30] 训练耗时: 17.94s | 平均训练准确率: 67.01
2025-11-21 02:42:54 | INFO | caltech-101_sepfpl_8_0.1_10_[39/120] | [RDP-sepfpl] 轮次 17: ε=0.003639, std=5.180163
2025-11-21 02:43:12 | INFO | caltech-101_sepfpl_8_0.1_10_[39/120] | [Epoch 17/30] 训练耗时: 17.70s | 平均训练准确率: 66.61
2025-11-21 02:43:12 | INFO | caltech-101_sepfpl_8_0.1_10_[39/120] | [RDP-sepfpl] 轮次 18: ε=0.003864, std=5.027025
2025-11-21 02:43:30 | INFO | caltech-101_sepfpl_8_0.1_10_[39/120] | [Epoch 18/30] 训练耗时: 18.13s | 平均训练准确率: 67.41
2025-11-21 02:43:30 | INFO | caltech-101_sepfpl_8_0.1_10_[39/120] | [RDP-sepfpl] 轮次 19: ε=0.004090, std=4.886337
2025-11-21 02:43:48 | INFO | caltech-101_sepfpl_8_0.1_10_[39/120] | [Epoch 19/30] 训练耗时: 18.41s | 平均训练准确率: 67.81
2025-11-21 02:43:48 | INFO | caltech-101_sepfpl_8_0.1_10_[39/120] | [RDP-sepfpl] 轮次 20: ε=0.004316, std=4.756509
2025-11-21 02:44:07 | INFO | caltech-101_sepfpl_8_0.1_10_[39/120] | [Epoch 20/30] 训练耗时: 18.21s | 平均训练准确率: 67.72
2025-11-21 02:44:07 | INFO | caltech-101_sepfpl_8_0.1_10_[39/120] | [RDP-sepfpl] 轮次 21: ε=0.004543, std=4.636219
2025-11-21 02:44:25 | INFO | caltech-101_sepfpl_8_0.1_10_[39/120] | [Epoch 21/30] 训练耗时: 18.82s | 平均训练准确率: 66.38
2025-11-21 02:44:25 | INFO | caltech-101_sepfpl_8_0.1_10_[39/120] | [RDP-sepfpl] 轮次 22: ε=0.004771, std=4.524360
2025-11-21 02:44:44 | INFO | caltech-101_sepfpl_8_0.1_10_[39/120] | [Epoch 22/30] 训练耗时: 18.17s | 平均训练准确率: 67.54
2025-11-21 02:44:44 | INFO | caltech-101_sepfpl_8_0.1_10_[39/120] | [RDP-sepfpl] 轮次 23: ε=0.004999, std=4.419997
2025-11-21 02:45:02 | INFO | caltech-101_sepfpl_8_0.1_10_[39/120] | [Epoch 23/30] 训练耗时: 18.71s | 平均训练准确率: 66.29
2025-11-21 02:45:02 | INFO | caltech-101_sepfpl_8_0.1_10_[39/120] | [RDP-sepfpl] 轮次 24: ε=0.005227, std=4.322333
2025-11-21 02:45:21 | INFO | caltech-101_sepfpl_8_0.1_10_[39/120] | [Epoch 24/30] 训练耗时: 18.82s | 平均训练准确率: 67.01
2025-11-21 02:45:21 | INFO | caltech-101_sepfpl_8_0.1_10_[39/120] | [RDP-sepfpl] 轮次 25: ε=0.005456, std=4.230684
2025-11-21 02:45:40 | INFO | caltech-101_sepfpl_8_0.1_10_[39/120] | [Epoch 25/30] 训练耗时: 18.45s | 平均训练准确率: 67.77
2025-11-21 02:45:40 | INFO | caltech-101_sepfpl_8_0.1_10_[39/120] | [RDP-sepfpl] 轮次 26: ε=0.005685, std=4.144461
2025-11-21 02:45:58 | INFO | caltech-101_sepfpl_8_0.1_10_[39/120] | [Epoch 26/30] 训练耗时: 18.76s | 平均训练准确率: 66.34
2025-11-21 02:45:58 | INFO | caltech-101_sepfpl_8_0.1_10_[39/120] | [RDP-sepfpl] 轮次 27: ε=0.005915, std=4.063152
2025-11-21 02:46:16 | INFO | caltech-101_sepfpl_8_0.1_10_[39/120] | [Epoch 27/30] 训练耗时: 17.65s | 平均训练准确率: 66.47
2025-11-21 02:46:16 | INFO | caltech-101_sepfpl_8_0.1_10_[39/120] | [RDP-sepfpl] 轮次 28: ε=0.006146, std=3.986310
2025-11-21 02:46:34 | INFO | caltech-101_sepfpl_8_0.1_10_[39/120] | [Epoch 28/30] 训练耗时: 18.38s | 平均训练准确率: 66.16
2025-11-21 02:46:34 | INFO | caltech-101_sepfpl_8_0.1_10_[39/120] | 
2025-11-21 02:46:34 | INFO | caltech-101_sepfpl_8_0.1_10_[39/120] | ================================================================================
2025-11-21 02:46:34 | INFO | caltech-101_sepfpl_8_0.1_10_[39/120] |                     TEST START - Epoch 28/30
2025-11-21 02:46:34 | INFO | caltech-101_sepfpl_8_0.1_10_[39/120] | ================================================================================
2025-11-21 02:46:34 | INFO | caltech-101_sepfpl_8_0.1_10_[39/120] | 
2025-11-21 02:48:57 | INFO | caltech-101_sepfpl_8_0.1_10_[39/120] | 
================= Local Test Results ==================
+----------+----------+------------+----------+
| Client   | Accuracy | Error Rate | Macro F1 |
+----------+----------+------------+----------+
| Client 0 |    50.38 |      49.62 |    70.54 |
| Client 1 |    93.75 |       6.25 |    93.48 |
| Client 2 |    67.53 |      32.47 |    68.83 |
| Client 3 |    69.14 |      30.86 |    73.09 |
| Client 4 |    88.69 |      11.31 |    90.45 |
| Client 5 |    85.35 |      14.65 |    86.43 |
| Client 6 |    69.01 |      30.99 |    72.37 |
| Client 7 |    89.60 |      10.40 |    79.82 |
| Client 8 |    87.71 |      12.29 |    78.35 |
| Client 9 |    92.23 |       7.77 |    91.05 |
| Average  |    79.34 |      20.66 |    80.44 |
+----------+----------+------------+----------+

2025-11-21 02:48:57 | INFO | caltech-101_sepfpl_8_0.1_10_[39/120] | 
================= Neighbor Test Results ==================
+----------+----------+------------+----------+
| Client   | Accuracy | Error Rate | Macro F1 |
+----------+----------+------------+----------+
| Client 0 |    84.61 |      15.39 |    75.52 |
| Client 1 |    76.50 |      23.50 |    70.75 |
| Client 2 |    78.32 |      21.68 |    73.54 |
| Client 3 |    78.55 |      21.45 |    73.31 |
| Client 4 |    77.63 |      22.37 |    71.95 |
| Client 5 |    77.73 |      22.27 |    72.01 |
| Client 6 |    79.34 |      20.66 |    73.92 |
| Client 7 |    76.47 |      23.53 |    73.03 |
| Client 8 |    77.41 |      22.59 |    73.09 |
| Client 9 |    78.62 |      21.38 |    72.67 |
| Average  |    78.52 |      21.48 |    72.98 |
+----------+----------+------------+----------+

2025-11-21 02:48:57 | INFO | caltech-101_sepfpl_8_0.1_10_[39/120] | 
2025-11-21 02:48:57 | INFO | caltech-101_sepfpl_8_0.1_10_[39/120] | ================================================================================
2025-11-21 02:48:57 | INFO | caltech-101_sepfpl_8_0.1_10_[39/120] |                     TEST FINISH - Epoch 28/30
2025-11-21 02:48:57 | INFO | caltech-101_sepfpl_8_0.1_10_[39/120] |                     测试耗时: 142.34s
2025-11-21 02:48:57 | INFO | caltech-101_sepfpl_8_0.1_10_[39/120] | ================================================================================
2025-11-21 02:48:57 | INFO | caltech-101_sepfpl_8_0.1_10_[39/120] | 
2025-11-21 02:48:57 | INFO | caltech-101_sepfpl_8_0.1_10_[39/120] | [RDP-sepfpl] 轮次 29: ε=0.006376, std=3.913543
2025-11-21 02:49:15 | INFO | caltech-101_sepfpl_8_0.1_10_[39/120] | [Epoch 29/30] 训练耗时: 18.72s | 平均训练准确率: 67.32
2025-11-21 02:49:15 | INFO | caltech-101_sepfpl_8_0.1_10_[39/120] | 
2025-11-21 02:49:15 | INFO | caltech-101_sepfpl_8_0.1_10_[39/120] | ================================================================================
2025-11-21 02:49:15 | INFO | caltech-101_sepfpl_8_0.1_10_[39/120] |                     TEST START - Epoch 29/30
2025-11-21 02:49:15 | INFO | caltech-101_sepfpl_8_0.1_10_[39/120] | ================================================================================
2025-11-21 02:49:15 | INFO | caltech-101_sepfpl_8_0.1_10_[39/120] | 
2025-11-21 02:51:37 | INFO | caltech-101_sepfpl_8_0.1_10_[39/120] | 
================= Local Test Results ==================
+----------+----------+------------+----------+
| Client   | Accuracy | Error Rate | Macro F1 |
+----------+----------+------------+----------+
| Client 0 |    61.65 |      38.35 |    78.04 |
| Client 1 |    91.48 |       8.52 |    93.27 |
| Client 2 |    66.88 |      33.12 |    71.20 |
| Client 3 |    82.72 |      17.28 |    87.26 |
| Client 4 |    92.31 |       7.69 |    92.77 |
| Client 5 |    92.99 |       7.01 |    95.96 |
| Client 6 |    73.10 |      26.90 |    80.63 |
| Client 7 |    90.59 |       9.41 |    81.72 |
| Client 8 |    89.64 |      10.36 |    81.83 |
| Client 9 |    86.41 |      13.59 |    87.63 |
| Average  |    82.78 |      17.22 |    85.03 |
+----------+----------+------------+----------+

2025-11-21 02:51:37 | INFO | caltech-101_sepfpl_8_0.1_10_[39/120] | 
================= Neighbor Test Results ==================
+----------+----------+------------+----------+
| Client   | Accuracy | Error Rate | Macro F1 |
+----------+----------+------------+----------+
| Client 0 |    88.24 |      11.76 |    81.87 |
| Client 1 |    82.53 |      17.47 |    77.70 |
| Client 2 |    83.95 |      16.05 |    79.94 |
| Client 3 |    82.02 |      17.98 |    76.79 |
| Client 4 |    79.95 |      20.05 |    73.77 |
| Client 5 |    80.98 |      19.02 |    75.46 |
| Client 6 |    83.04 |      16.96 |    78.16 |
| Client 7 |    79.77 |      20.23 |    77.06 |
| Client 8 |    79.27 |      20.73 |    75.25 |
| Client 9 |    80.17 |      19.83 |    74.22 |
| Average  |    81.99 |      18.01 |    77.02 |
+----------+----------+------------+----------+

2025-11-21 02:51:37 | INFO | caltech-101_sepfpl_8_0.1_10_[39/120] | 
2025-11-21 02:51:37 | INFO | caltech-101_sepfpl_8_0.1_10_[39/120] | ================================================================================
2025-11-21 02:51:37 | INFO | caltech-101_sepfpl_8_0.1_10_[39/120] |                     TEST FINISH - Epoch 29/30
2025-11-21 02:51:37 | INFO | caltech-101_sepfpl_8_0.1_10_[39/120] |                     测试耗时: 141.29s
2025-11-21 02:51:37 | INFO | caltech-101_sepfpl_8_0.1_10_[39/120] | ================================================================================
2025-11-21 02:51:37 | INFO | caltech-101_sepfpl_8_0.1_10_[39/120] | 
2025-11-21 02:51:37 | INFO | caltech-101_sepfpl_8_0.1_10_[39/120] | [RDP-sepfpl] 轮次 30: ε=0.006607, std=3.844505
2025-11-21 02:51:56 | INFO | caltech-101_sepfpl_8_0.1_10_[39/120] | [Epoch 30/30] 训练耗时: 19.03s | 平均训练准确率: 72.77
2025-11-21 02:51:56 | INFO | caltech-101_sepfpl_8_0.1_10_[39/120] | 
2025-11-21 02:51:56 | INFO | caltech-101_sepfpl_8_0.1_10_[39/120] | ================================================================================
2025-11-21 02:51:56 | INFO | caltech-101_sepfpl_8_0.1_10_[39/120] |                     TEST START - Epoch 30/30
2025-11-21 02:51:56 | INFO | caltech-101_sepfpl_8_0.1_10_[39/120] | ================================================================================
2025-11-21 02:51:56 | INFO | caltech-101_sepfpl_8_0.1_10_[39/120] | 
2025-11-21 02:54:19 | INFO | caltech-101_sepfpl_8_0.1_10_[39/120] | 
================= Local Test Results ==================
+----------+----------+------------+----------+
| Client   | Accuracy | Error Rate | Macro F1 |
+----------+----------+------------+----------+
| Client 0 |    58.90 |      41.10 |    76.14 |
| Client 1 |    92.05 |       7.95 |    93.48 |
| Client 2 |    66.88 |      33.12 |    70.03 |
| Client 3 |    82.10 |      17.90 |    88.27 |
| Client 4 |    94.12 |       5.88 |    95.23 |
| Client 5 |    92.99 |       7.01 |    95.70 |
| Client 6 |    82.46 |      17.54 |    87.43 |
| Client 7 |    94.06 |       5.94 |    89.54 |
| Client 8 |    86.27 |      13.73 |    72.69 |
| Client 9 |    85.44 |      14.56 |    86.23 |
| Average  |    83.53 |      16.47 |    85.47 |
+----------+----------+------------+----------+

2025-11-21 02:54:19 | INFO | caltech-101_sepfpl_8_0.1_10_[39/120] | 
================= Neighbor Test Results ==================
+----------+----------+------------+----------+
| Client   | Accuracy | Error Rate | Macro F1 |
+----------+----------+------------+----------+
| Client 0 |    87.08 |      12.92 |    79.23 |
| Client 1 |    81.56 |      18.44 |    76.08 |
| Client 2 |    84.60 |      15.40 |    81.23 |
| Client 3 |    84.28 |      15.72 |    80.12 |
| Client 4 |    83.16 |      16.84 |    79.48 |
| Client 5 |    82.28 |      17.72 |    77.21 |
| Client 6 |    81.47 |      18.53 |    75.21 |
| Client 7 |    78.02 |      21.98 |    74.43 |
| Client 8 |    78.73 |      21.27 |    74.92 |
| Client 9 |    79.06 |      20.94 |    73.16 |
| Average  |    82.02 |      17.98 |    77.11 |
+----------+----------+------------+----------+

2025-11-21 02:54:19 | INFO | caltech-101_sepfpl_8_0.1_10_[39/120] | 
2025-11-21 02:54:19 | INFO | caltech-101_sepfpl_8_0.1_10_[39/120] | ================================================================================
2025-11-21 02:54:19 | INFO | caltech-101_sepfpl_8_0.1_10_[39/120] |                     TEST FINISH - Epoch 30/30
2025-11-21 02:54:19 | INFO | caltech-101_sepfpl_8_0.1_10_[39/120] |                     测试耗时: 143.40s
2025-11-21 02:54:19 | INFO | caltech-101_sepfpl_8_0.1_10_[39/120] | ================================================================================
2025-11-21 02:54:19 | INFO | caltech-101_sepfpl_8_0.1_10_[39/120] | 
2025-11-21 02:54:19 | INFO | caltech-101_sepfpl_8_0.1_10_[39/120] | maximum test local acc: 83.525
2025-11-21 02:54:19 | INFO | caltech-101_sepfpl_8_0.1_10_[39/120] | mean of local acc: 81.880
2025-11-21 02:54:19 | INFO | caltech-101_sepfpl_8_0.1_10_[39/120] | maximum test neighbor acc: 82.024
2025-11-21 02:54:19 | INFO | caltech-101_sepfpl_8_0.1_10_[39/120] | mean of neighbor acc: 80.844
