2025-11-21 04:02:27 | INFO | caltech-101_sepfpl_8_0.01_10_[59/120] | Loading trainer: DP_FPL
2025-11-21 04:02:27 | INFO | caltech-101_sepfpl_8_0.01_10_[59/120] | Loading dataset: Caltech101
2025-11-21 04:02:27 | INFO | caltech-101_sepfpl_8_0.01_10_[59/120] | Reading split from %s
2025-11-21 04:02:27 | INFO | caltech-101_sepfpl_8_0.01_10_[59/120] | Creating a baseline federated dataset
2025-11-21 04:02:27 | INFO | caltech-101_sepfpl_8_0.01_10_[59/120] | class_num %d
2025-11-21 04:02:27 | INFO | caltech-101_sepfpl_8_0.01_10_[59/120] | user class dict total %s
2025-11-21 04:02:27 | INFO | caltech-101_sepfpl_8_0.01_10_[59/120] | idx: %s, output_dict_len: %d
2025-11-21 04:02:27 | INFO | caltech-101_sepfpl_8_0.01_10_[59/120] | user class dict total %s
2025-11-21 04:02:27 | INFO | caltech-101_sepfpl_8_0.01_10_[59/120] | idx: %s, output_dict_len: %d
2025-11-21 04:02:27 | INFO | caltech-101_sepfpl_8_0.01_10_[59/120] | user class dict total %s
2025-11-21 04:02:27 | INFO | caltech-101_sepfpl_8_0.01_10_[59/120] | idx: %s, output_dict_len: %d
2025-11-21 04:02:27 | INFO | caltech-101_sepfpl_8_0.01_10_[59/120] | user class dict total %s
2025-11-21 04:02:27 | INFO | caltech-101_sepfpl_8_0.01_10_[59/120] | idx: %s, output_dict_len: %d
2025-11-21 04:02:27 | INFO | caltech-101_sepfpl_8_0.01_10_[59/120] | user class dict total %s
2025-11-21 04:02:27 | INFO | caltech-101_sepfpl_8_0.01_10_[59/120] | idx: %s, output_dict_len: %d
2025-11-21 04:02:27 | INFO | caltech-101_sepfpl_8_0.01_10_[59/120] | user class dict total %s
2025-11-21 04:02:27 | INFO | caltech-101_sepfpl_8_0.01_10_[59/120] | idx: %s, output_dict_len: %d
2025-11-21 04:02:27 | INFO | caltech-101_sepfpl_8_0.01_10_[59/120] | user class dict total %s
2025-11-21 04:02:27 | INFO | caltech-101_sepfpl_8_0.01_10_[59/120] | idx: %s, output_dict_len: %d
2025-11-21 04:02:27 | INFO | caltech-101_sepfpl_8_0.01_10_[59/120] | user class dict total %s
2025-11-21 04:02:27 | INFO | caltech-101_sepfpl_8_0.01_10_[59/120] | idx: %s, output_dict_len: %d
2025-11-21 04:02:27 | INFO | caltech-101_sepfpl_8_0.01_10_[59/120] | user class dict total %s
2025-11-21 04:02:27 | INFO | caltech-101_sepfpl_8_0.01_10_[59/120] | idx: %s, output_dict_len: %d
2025-11-21 04:02:27 | INFO | caltech-101_sepfpl_8_0.01_10_[59/120] | user class dict total %s
2025-11-21 04:02:27 | INFO | caltech-101_sepfpl_8_0.01_10_[59/120] | idx: %s, output_dict_len: %d
2025-11-21 04:02:27 | INFO | caltech-101_sepfpl_8_0.01_10_[59/120] | Creating a baseline federated dataset
2025-11-21 04:02:27 | INFO | caltech-101_sepfpl_8_0.01_10_[59/120] | class_num %d
2025-11-21 04:02:27 | INFO | caltech-101_sepfpl_8_0.01_10_[59/120] | user class dict total %s
2025-11-21 04:02:27 | INFO | caltech-101_sepfpl_8_0.01_10_[59/120] | idx: %s, output_dict_len: %d
2025-11-21 04:02:27 | INFO | caltech-101_sepfpl_8_0.01_10_[59/120] | user class dict total %s
2025-11-21 04:02:27 | INFO | caltech-101_sepfpl_8_0.01_10_[59/120] | idx: %s, output_dict_len: %d
2025-11-21 04:02:27 | INFO | caltech-101_sepfpl_8_0.01_10_[59/120] | user class dict total %s
2025-11-21 04:02:27 | INFO | caltech-101_sepfpl_8_0.01_10_[59/120] | idx: %s, output_dict_len: %d
2025-11-21 04:02:27 | INFO | caltech-101_sepfpl_8_0.01_10_[59/120] | user class dict total %s
2025-11-21 04:02:27 | INFO | caltech-101_sepfpl_8_0.01_10_[59/120] | idx: %s, output_dict_len: %d
2025-11-21 04:02:27 | INFO | caltech-101_sepfpl_8_0.01_10_[59/120] | user class dict total %s
2025-11-21 04:02:27 | INFO | caltech-101_sepfpl_8_0.01_10_[59/120] | idx: %s, output_dict_len: %d
2025-11-21 04:02:27 | INFO | caltech-101_sepfpl_8_0.01_10_[59/120] | user class dict total %s
2025-11-21 04:02:27 | INFO | caltech-101_sepfpl_8_0.01_10_[59/120] | idx: %s, output_dict_len: %d
2025-11-21 04:02:27 | INFO | caltech-101_sepfpl_8_0.01_10_[59/120] | user class dict total %s
2025-11-21 04:02:27 | INFO | caltech-101_sepfpl_8_0.01_10_[59/120] | idx: %s, output_dict_len: %d
2025-11-21 04:02:27 | INFO | caltech-101_sepfpl_8_0.01_10_[59/120] | user class dict total %s
2025-11-21 04:02:27 | INFO | caltech-101_sepfpl_8_0.01_10_[59/120] | idx: %s, output_dict_len: %d
2025-11-21 04:02:27 | INFO | caltech-101_sepfpl_8_0.01_10_[59/120] | user class dict total %s
2025-11-21 04:02:27 | INFO | caltech-101_sepfpl_8_0.01_10_[59/120] | idx: %s, output_dict_len: %d
2025-11-21 04:02:27 | INFO | caltech-101_sepfpl_8_0.01_10_[59/120] | user class dict total %s
2025-11-21 04:02:27 | INFO | caltech-101_sepfpl_8_0.01_10_[59/120] | idx: %s, output_dict_len: %d
2025-11-21 04:02:27 | INFO | caltech-101_sepfpl_8_0.01_10_[59/120] | Loading CLIP (backbone: ViT-B/16)
2025-11-21 04:02:29 | INFO | caltech-101_sepfpl_8_0.01_10_[59/120] | Building custom CLIP
2025-11-21 04:02:29 | INFO | caltech-101_sepfpl_8_0.01_10_[59/120] | Turning off gradients in both the image and the text encoder
2025-11-21 04:02:29 | INFO | caltech-101_sepfpl_8_0.01_10_[59/120] | [wandb] 正在初始化实验：project=SepFPL, name=caltech-101-sepfpl-rank8-noise0.01-seed1-users10-59/120, mode=online
2025-11-21 04:02:34 | INFO | caltech-101_sepfpl_8_0.01_10_[59/120] | [RDP-sepfpl] 轮次 1: ε=0.000019, std=72.498511
2025-11-21 04:02:54 | INFO | caltech-101_sepfpl_8_0.01_10_[59/120] | [Epoch 1/30] 训练耗时: 19.87s | 平均训练准确率: 66.61
2025-11-21 04:02:54 | INFO | caltech-101_sepfpl_8_0.01_10_[59/120] | [RDP-sepfpl] 轮次 2: ε=0.000038, std=50.383500
2025-11-21 04:03:13 | INFO | caltech-101_sepfpl_8_0.01_10_[59/120] | [Epoch 2/30] 训练耗时: 18.81s | 平均训练准确率: 67.32
2025-11-21 04:03:13 | INFO | caltech-101_sepfpl_8_0.01_10_[59/120] | [RDP-sepfpl] 轮次 3: ε=0.000059, std=40.723062
2025-11-21 04:03:31 | INFO | caltech-101_sepfpl_8_0.01_10_[59/120] | [Epoch 3/30] 训练耗时: 17.97s | 平均训练准确率: 66.70
2025-11-21 04:03:31 | INFO | caltech-101_sepfpl_8_0.01_10_[59/120] | [RDP-sepfpl] 轮次 4: ε=0.000080, std=35.014473
2025-11-21 04:03:49 | INFO | caltech-101_sepfpl_8_0.01_10_[59/120] | [Epoch 4/30] 训练耗时: 18.14s | 平均训练准确率: 66.12
2025-11-21 04:03:49 | INFO | caltech-101_sepfpl_8_0.01_10_[59/120] | [RDP-sepfpl] 轮次 5: ε=0.000101, std=31.143673
2025-11-21 04:04:08 | INFO | caltech-101_sepfpl_8_0.01_10_[59/120] | [Epoch 5/30] 训练耗时: 18.96s | 平均训练准确率: 66.34
2025-11-21 04:04:08 | INFO | caltech-101_sepfpl_8_0.01_10_[59/120] | [RDP-sepfpl] 轮次 6: ε=0.000122, std=28.300863
2025-11-21 04:04:26 | INFO | caltech-101_sepfpl_8_0.01_10_[59/120] | [Epoch 6/30] 训练耗时: 18.01s | 平均训练准确率: 66.83
2025-11-21 04:04:26 | INFO | caltech-101_sepfpl_8_0.01_10_[59/120] | [RDP-sepfpl] 轮次 7: ε=0.000143, std=26.100728
2025-11-21 04:04:44 | INFO | caltech-101_sepfpl_8_0.01_10_[59/120] | [Epoch 7/30] 训练耗时: 18.38s | 平均训练准确率: 66.65
2025-11-21 04:04:44 | INFO | caltech-101_sepfpl_8_0.01_10_[59/120] | [RDP-sepfpl] 轮次 8: ε=0.000165, std=24.333627
2025-11-21 04:05:02 | INFO | caltech-101_sepfpl_8_0.01_10_[59/120] | [Epoch 8/30] 训练耗时: 18.07s | 平均训练准确率: 67.41
2025-11-21 04:05:02 | INFO | caltech-101_sepfpl_8_0.01_10_[59/120] | [RDP-sepfpl] 轮次 9: ε=0.000187, std=22.874508
2025-11-21 04:05:20 | INFO | caltech-101_sepfpl_8_0.01_10_[59/120] | [Epoch 9/30] 训练耗时: 18.01s | 平均训练准确率: 65.54
2025-11-21 04:05:20 | INFO | caltech-101_sepfpl_8_0.01_10_[59/120] | [RDP-sepfpl] 轮次 10: ε=0.000208, std=21.643579
2025-11-21 04:05:38 | INFO | caltech-101_sepfpl_8_0.01_10_[59/120] | [Epoch 10/30] 训练耗时: 18.24s | 平均训练准确率: 67.50
2025-11-21 04:05:38 | INFO | caltech-101_sepfpl_8_0.01_10_[59/120] | [RDP-sepfpl] 轮次 11: ε=0.000230, std=20.587230
2025-11-21 04:05:57 | INFO | caltech-101_sepfpl_8_0.01_10_[59/120] | [Epoch 11/30] 训练耗时: 18.45s | 平均训练准确率: 66.61
2025-11-21 04:05:57 | INFO | caltech-101_sepfpl_8_0.01_10_[59/120] | [RDP-sepfpl] 轮次 12: ε=0.000252, std=19.667943
2025-11-21 04:06:16 | INFO | caltech-101_sepfpl_8_0.01_10_[59/120] | [Epoch 12/30] 训练耗时: 18.70s | 平均训练准确率: 66.96
2025-11-21 04:06:16 | INFO | caltech-101_sepfpl_8_0.01_10_[59/120] | [RDP-sepfpl] 轮次 13: ε=0.000275, std=18.858573
2025-11-21 04:06:33 | INFO | caltech-101_sepfpl_8_0.01_10_[59/120] | [Epoch 13/30] 训练耗时: 17.47s | 平均训练准确率: 65.76
2025-11-21 04:06:33 | INFO | caltech-101_sepfpl_8_0.01_10_[59/120] | [RDP-sepfpl] 轮次 14: ε=0.000297, std=18.138938
2025-11-21 04:06:51 | INFO | caltech-101_sepfpl_8_0.01_10_[59/120] | [Epoch 14/30] 训练耗时: 18.30s | 平均训练准确率: 66.65
2025-11-21 04:06:51 | INFO | caltech-101_sepfpl_8_0.01_10_[59/120] | [RDP-sepfpl] 轮次 15: ε=0.000319, std=17.493680
2025-11-21 04:07:10 | INFO | caltech-101_sepfpl_8_0.01_10_[59/120] | [Epoch 15/30] 训练耗时: 18.48s | 平均训练准确率: 65.36
2025-11-21 04:07:10 | INFO | caltech-101_sepfpl_8_0.01_10_[59/120] | [RDP-sepfpl] 轮次 16: ε=0.000341, std=16.910876
2025-11-21 04:07:28 | INFO | caltech-101_sepfpl_8_0.01_10_[59/120] | [Epoch 16/30] 训练耗时: 18.19s | 平均训练准确率: 67.01
2025-11-21 04:07:28 | INFO | caltech-101_sepfpl_8_0.01_10_[59/120] | [RDP-sepfpl] 轮次 17: ε=0.000364, std=16.381113
2025-11-21 04:07:47 | INFO | caltech-101_sepfpl_8_0.01_10_[59/120] | [Epoch 17/30] 训练耗时: 18.91s | 平均训练准确率: 66.61
2025-11-21 04:07:47 | INFO | caltech-101_sepfpl_8_0.01_10_[59/120] | [RDP-sepfpl] 轮次 18: ε=0.000386, std=15.896848
2025-11-21 04:08:05 | INFO | caltech-101_sepfpl_8_0.01_10_[59/120] | [Epoch 18/30] 训练耗时: 17.76s | 平均训练准确率: 67.41
2025-11-21 04:08:05 | INFO | caltech-101_sepfpl_8_0.01_10_[59/120] | [RDP-sepfpl] 轮次 19: ε=0.000409, std=15.451955
2025-11-21 04:08:23 | INFO | caltech-101_sepfpl_8_0.01_10_[59/120] | [Epoch 19/30] 训练耗时: 17.93s | 平均训练准确率: 67.81
2025-11-21 04:08:23 | INFO | caltech-101_sepfpl_8_0.01_10_[59/120] | [RDP-sepfpl] 轮次 20: ε=0.000432, std=15.041403
2025-11-21 04:08:41 | INFO | caltech-101_sepfpl_8_0.01_10_[59/120] | [Epoch 20/30] 训练耗时: 18.26s | 平均训练准确率: 67.72
2025-11-21 04:08:41 | INFO | caltech-101_sepfpl_8_0.01_10_[59/120] | [RDP-sepfpl] 轮次 21: ε=0.000454, std=14.661012
2025-11-21 04:08:59 | INFO | caltech-101_sepfpl_8_0.01_10_[59/120] | [Epoch 21/30] 训练耗时: 18.14s | 平均训练准确率: 66.38
2025-11-21 04:08:59 | INFO | caltech-101_sepfpl_8_0.01_10_[59/120] | [RDP-sepfpl] 轮次 22: ε=0.000477, std=14.307283
2025-11-21 04:09:17 | INFO | caltech-101_sepfpl_8_0.01_10_[59/120] | [Epoch 22/30] 训练耗时: 17.86s | 平均训练准确率: 67.54
2025-11-21 04:09:17 | INFO | caltech-101_sepfpl_8_0.01_10_[59/120] | [RDP-sepfpl] 轮次 23: ε=0.000500, std=13.977258
2025-11-21 04:09:35 | INFO | caltech-101_sepfpl_8_0.01_10_[59/120] | [Epoch 23/30] 训练耗时: 17.76s | 平均训练准确率: 66.29
2025-11-21 04:09:35 | INFO | caltech-101_sepfpl_8_0.01_10_[59/120] | [RDP-sepfpl] 轮次 24: ε=0.000523, std=13.668416
2025-11-21 04:09:52 | INFO | caltech-101_sepfpl_8_0.01_10_[59/120] | [Epoch 24/30] 训练耗时: 17.88s | 平均训练准确率: 67.01
2025-11-21 04:09:52 | INFO | caltech-101_sepfpl_8_0.01_10_[59/120] | [RDP-sepfpl] 轮次 25: ε=0.000546, std=13.378597
2025-11-21 04:10:10 | INFO | caltech-101_sepfpl_8_0.01_10_[59/120] | [Epoch 25/30] 训练耗时: 17.58s | 平均训练准确率: 67.77
2025-11-21 04:10:10 | INFO | caltech-101_sepfpl_8_0.01_10_[59/120] | [RDP-sepfpl] 轮次 26: ε=0.000569, std=13.105937
2025-11-21 04:10:28 | INFO | caltech-101_sepfpl_8_0.01_10_[59/120] | [Epoch 26/30] 训练耗时: 17.71s | 平均训练准确率: 66.34
2025-11-21 04:10:28 | INFO | caltech-101_sepfpl_8_0.01_10_[59/120] | [RDP-sepfpl] 轮次 27: ε=0.000592, std=12.848816
2025-11-21 04:10:46 | INFO | caltech-101_sepfpl_8_0.01_10_[59/120] | [Epoch 27/30] 训练耗时: 18.53s | 平均训练准确率: 66.47
2025-11-21 04:10:46 | INFO | caltech-101_sepfpl_8_0.01_10_[59/120] | [RDP-sepfpl] 轮次 28: ε=0.000615, std=12.605820
2025-11-21 04:11:06 | INFO | caltech-101_sepfpl_8_0.01_10_[59/120] | [Epoch 28/30] 训练耗时: 19.36s | 平均训练准确率: 66.16
2025-11-21 04:11:06 | INFO | caltech-101_sepfpl_8_0.01_10_[59/120] | 
2025-11-21 04:11:06 | INFO | caltech-101_sepfpl_8_0.01_10_[59/120] | ================================================================================
2025-11-21 04:11:06 | INFO | caltech-101_sepfpl_8_0.01_10_[59/120] |                     TEST START - Epoch 28/30
2025-11-21 04:11:06 | INFO | caltech-101_sepfpl_8_0.01_10_[59/120] | ================================================================================
2025-11-21 04:11:06 | INFO | caltech-101_sepfpl_8_0.01_10_[59/120] | 
2025-11-21 04:13:26 | INFO | caltech-101_sepfpl_8_0.01_10_[59/120] | 
================= Local Test Results ==================
+----------+----------+------------+----------+
| Client   | Accuracy | Error Rate | Macro F1 |
+----------+----------+------------+----------+
| Client 0 |    72.93 |      27.07 |    72.27 |
| Client 1 |    87.50 |      12.50 |    92.57 |
| Client 2 |    65.58 |      34.42 |    70.83 |
| Client 3 |    64.20 |      35.80 |    67.85 |
| Client 4 |    89.14 |      10.86 |    87.41 |
| Client 5 |    88.54 |      11.46 |    88.44 |
| Client 6 |    51.46 |      48.54 |    56.20 |
| Client 7 |    82.67 |      17.33 |    75.77 |
| Client 8 |    92.29 |       7.71 |    87.83 |
| Client 9 |    84.95 |      15.05 |    84.08 |
| Average  |    77.93 |      22.07 |    78.33 |
+----------+----------+------------+----------+

2025-11-21 04:13:26 | INFO | caltech-101_sepfpl_8_0.01_10_[59/120] | 
================= Neighbor Test Results ==================
+----------+----------+------------+----------+
| Client   | Accuracy | Error Rate | Macro F1 |
+----------+----------+------------+----------+
| Client 0 |    74.06 |      25.94 |    66.46 |
| Client 1 |    77.11 |      22.89 |    66.21 |
| Client 2 |    80.74 |      19.26 |    72.53 |
| Client 3 |    81.72 |      18.28 |    72.88 |
| Client 4 |    78.61 |      21.39 |    69.84 |
| Client 5 |    78.21 |      21.79 |    70.17 |
| Client 6 |    78.95 |      21.05 |    70.92 |
| Client 7 |    75.06 |      24.94 |    69.59 |
| Client 8 |    72.98 |      27.02 |    67.19 |
| Client 9 |    74.72 |      25.28 |    68.87 |
| Average  |    77.21 |      22.79 |    69.47 |
+----------+----------+------------+----------+

2025-11-21 04:13:26 | INFO | caltech-101_sepfpl_8_0.01_10_[59/120] | 
2025-11-21 04:13:26 | INFO | caltech-101_sepfpl_8_0.01_10_[59/120] | ================================================================================
2025-11-21 04:13:26 | INFO | caltech-101_sepfpl_8_0.01_10_[59/120] |                     TEST FINISH - Epoch 28/30
2025-11-21 04:13:26 | INFO | caltech-101_sepfpl_8_0.01_10_[59/120] |                     测试耗时: 140.53s
2025-11-21 04:13:26 | INFO | caltech-101_sepfpl_8_0.01_10_[59/120] | ================================================================================
2025-11-21 04:13:26 | INFO | caltech-101_sepfpl_8_0.01_10_[59/120] | 
2025-11-21 04:13:26 | INFO | caltech-101_sepfpl_8_0.01_10_[59/120] | [RDP-sepfpl] 轮次 29: ε=0.000638, std=12.375710
2025-11-21 04:13:45 | INFO | caltech-101_sepfpl_8_0.01_10_[59/120] | [Epoch 29/30] 训练耗时: 18.53s | 平均训练准确率: 70.49
2025-11-21 04:13:45 | INFO | caltech-101_sepfpl_8_0.01_10_[59/120] | 
2025-11-21 04:13:45 | INFO | caltech-101_sepfpl_8_0.01_10_[59/120] | ================================================================================
2025-11-21 04:13:45 | INFO | caltech-101_sepfpl_8_0.01_10_[59/120] |                     TEST START - Epoch 29/30
2025-11-21 04:13:45 | INFO | caltech-101_sepfpl_8_0.01_10_[59/120] | ================================================================================
2025-11-21 04:13:45 | INFO | caltech-101_sepfpl_8_0.01_10_[59/120] | 
2025-11-21 04:16:08 | INFO | caltech-101_sepfpl_8_0.01_10_[59/120] | 
================= Local Test Results ==================
+----------+----------+------------+----------+
| Client   | Accuracy | Error Rate | Macro F1 |
+----------+----------+------------+----------+
| Client 0 |    52.63 |      47.37 |    66.67 |
| Client 1 |    72.73 |      27.27 |    77.16 |
| Client 2 |    56.49 |      43.51 |    61.44 |
| Client 3 |    61.73 |      38.27 |    65.36 |
| Client 4 |    85.97 |      14.03 |    84.60 |
| Client 5 |    90.45 |       9.55 |    89.14 |
| Client 6 |    65.50 |      34.50 |    70.26 |
| Client 7 |    89.85 |      10.15 |    78.95 |
| Client 8 |    91.33 |       8.67 |    83.84 |
| Client 9 |    79.61 |      20.39 |    75.10 |
| Average  |    74.63 |      25.37 |    75.25 |
+----------+----------+------------+----------+

2025-11-21 04:16:08 | INFO | caltech-101_sepfpl_8_0.01_10_[59/120] | 
================= Neighbor Test Results ==================
+----------+----------+------------+----------+
| Client   | Accuracy | Error Rate | Macro F1 |
+----------+----------+------------+----------+
| Client 0 |    78.46 |      21.54 |    66.43 |
| Client 1 |    73.22 |      26.78 |    63.50 |
| Client 2 |    70.27 |      29.73 |    61.23 |
| Client 3 |    73.34 |      26.66 |    63.35 |
| Client 4 |    76.83 |      23.17 |    67.74 |
| Client 5 |    78.55 |      21.45 |    69.95 |
| Client 6 |    80.86 |      19.14 |    72.29 |
| Client 7 |    77.97 |      22.03 |    71.32 |
| Client 8 |    75.61 |      24.39 |    67.77 |
| Client 9 |    74.99 |      25.01 |    66.11 |
| Average  |    76.01 |      23.99 |    66.97 |
+----------+----------+------------+----------+

2025-11-21 04:16:08 | INFO | caltech-101_sepfpl_8_0.01_10_[59/120] | 
2025-11-21 04:16:08 | INFO | caltech-101_sepfpl_8_0.01_10_[59/120] | ================================================================================
2025-11-21 04:16:08 | INFO | caltech-101_sepfpl_8_0.01_10_[59/120] |                     TEST FINISH - Epoch 29/30
2025-11-21 04:16:08 | INFO | caltech-101_sepfpl_8_0.01_10_[59/120] |                     测试耗时: 143.12s
2025-11-21 04:16:08 | INFO | caltech-101_sepfpl_8_0.01_10_[59/120] | ================================================================================
2025-11-21 04:16:08 | INFO | caltech-101_sepfpl_8_0.01_10_[59/120] | 
2025-11-21 04:16:08 | INFO | caltech-101_sepfpl_8_0.01_10_[59/120] | [RDP-sepfpl] 轮次 30: ε=0.000661, std=12.157392
2025-11-21 04:16:27 | INFO | caltech-101_sepfpl_8_0.01_10_[59/120] | [Epoch 30/30] 训练耗时: 19.51s | 平均训练准确率: 65.98
2025-11-21 04:16:27 | INFO | caltech-101_sepfpl_8_0.01_10_[59/120] | 
2025-11-21 04:16:27 | INFO | caltech-101_sepfpl_8_0.01_10_[59/120] | ================================================================================
2025-11-21 04:16:27 | INFO | caltech-101_sepfpl_8_0.01_10_[59/120] |                     TEST START - Epoch 30/30
2025-11-21 04:16:27 | INFO | caltech-101_sepfpl_8_0.01_10_[59/120] | ================================================================================
2025-11-21 04:16:27 | INFO | caltech-101_sepfpl_8_0.01_10_[59/120] | 
2025-11-21 04:18:48 | INFO | caltech-101_sepfpl_8_0.01_10_[59/120] | 
================= Local Test Results ==================
+----------+----------+------------+----------+
| Client   | Accuracy | Error Rate | Macro F1 |
+----------+----------+------------+----------+
| Client 0 |    56.14 |      43.86 |    68.74 |
| Client 1 |    69.32 |      30.68 |    72.21 |
| Client 2 |    72.73 |      27.27 |    71.57 |
| Client 3 |    67.90 |      32.10 |    66.13 |
| Client 4 |    92.76 |       7.24 |    94.22 |
| Client 5 |    83.44 |      16.56 |    86.86 |
| Client 6 |    63.16 |      36.84 |    65.64 |
| Client 7 |    89.60 |      10.40 |    76.81 |
| Client 8 |    90.60 |       9.40 |    82.51 |
| Client 9 |    69.42 |      30.58 |    62.26 |
| Average  |    75.51 |      24.49 |    74.70 |
+----------+----------+------------+----------+

2025-11-21 04:18:48 | INFO | caltech-101_sepfpl_8_0.01_10_[59/120] | 
================= Neighbor Test Results ==================
+----------+----------+------------+----------+
| Client   | Accuracy | Error Rate | Macro F1 |
+----------+----------+------------+----------+
| Client 0 |    76.57 |      23.43 |    62.60 |
| Client 1 |    74.97 |      25.03 |    63.90 |
| Client 2 |    78.06 |      21.94 |    69.78 |
| Client 3 |    78.51 |      21.49 |    70.45 |
| Client 4 |    76.07 |      23.93 |    66.72 |
| Client 5 |    75.04 |      24.96 |    63.81 |
| Client 6 |    74.46 |      25.54 |    62.83 |
| Client 7 |    72.54 |      27.46 |    66.60 |
| Client 8 |    67.02 |      32.98 |    60.02 |
| Client 9 |    63.44 |      36.56 |    51.04 |
| Average  |    73.67 |      26.33 |    63.77 |
+----------+----------+------------+----------+

2025-11-21 04:18:48 | INFO | caltech-101_sepfpl_8_0.01_10_[59/120] | 
2025-11-21 04:18:48 | INFO | caltech-101_sepfpl_8_0.01_10_[59/120] | ================================================================================
2025-11-21 04:18:48 | INFO | caltech-101_sepfpl_8_0.01_10_[59/120] |                     TEST FINISH - Epoch 30/30
2025-11-21 04:18:48 | INFO | caltech-101_sepfpl_8_0.01_10_[59/120] |                     测试耗时: 140.25s
2025-11-21 04:18:48 | INFO | caltech-101_sepfpl_8_0.01_10_[59/120] | ================================================================================
2025-11-21 04:18:48 | INFO | caltech-101_sepfpl_8_0.01_10_[59/120] | 
2025-11-21 04:18:48 | INFO | caltech-101_sepfpl_8_0.01_10_[59/120] | maximum test local acc: 77.927
2025-11-21 04:18:48 | INFO | caltech-101_sepfpl_8_0.01_10_[59/120] | mean of local acc: 76.021
2025-11-21 04:18:48 | INFO | caltech-101_sepfpl_8_0.01_10_[59/120] | maximum test neighbor acc: 77.215
2025-11-21 04:18:48 | INFO | caltech-101_sepfpl_8_0.01_10_[59/120] | mean of neighbor acc: 75.631
