2025-11-21 01:13:19 | INFO | caltech-101_sepfpl_8_0.4_10_[19/120] | Loading trainer: DP_FPL
2025-11-21 01:13:19 | INFO | caltech-101_sepfpl_8_0.4_10_[19/120] | Loading dataset: Caltech101
2025-11-21 01:13:19 | INFO | caltech-101_sepfpl_8_0.4_10_[19/120] | Reading split from %s
2025-11-21 01:13:19 | INFO | caltech-101_sepfpl_8_0.4_10_[19/120] | Creating a baseline federated dataset
2025-11-21 01:13:19 | INFO | caltech-101_sepfpl_8_0.4_10_[19/120] | class_num %d
2025-11-21 01:13:19 | INFO | caltech-101_sepfpl_8_0.4_10_[19/120] | user class dict total %s
2025-11-21 01:13:19 | INFO | caltech-101_sepfpl_8_0.4_10_[19/120] | idx: %s, output_dict_len: %d
2025-11-21 01:13:19 | INFO | caltech-101_sepfpl_8_0.4_10_[19/120] | user class dict total %s
2025-11-21 01:13:19 | INFO | caltech-101_sepfpl_8_0.4_10_[19/120] | idx: %s, output_dict_len: %d
2025-11-21 01:13:19 | INFO | caltech-101_sepfpl_8_0.4_10_[19/120] | user class dict total %s
2025-11-21 01:13:19 | INFO | caltech-101_sepfpl_8_0.4_10_[19/120] | idx: %s, output_dict_len: %d
2025-11-21 01:13:19 | INFO | caltech-101_sepfpl_8_0.4_10_[19/120] | user class dict total %s
2025-11-21 01:13:19 | INFO | caltech-101_sepfpl_8_0.4_10_[19/120] | idx: %s, output_dict_len: %d
2025-11-21 01:13:19 | INFO | caltech-101_sepfpl_8_0.4_10_[19/120] | user class dict total %s
2025-11-21 01:13:19 | INFO | caltech-101_sepfpl_8_0.4_10_[19/120] | idx: %s, output_dict_len: %d
2025-11-21 01:13:19 | INFO | caltech-101_sepfpl_8_0.4_10_[19/120] | user class dict total %s
2025-11-21 01:13:19 | INFO | caltech-101_sepfpl_8_0.4_10_[19/120] | idx: %s, output_dict_len: %d
2025-11-21 01:13:19 | INFO | caltech-101_sepfpl_8_0.4_10_[19/120] | user class dict total %s
2025-11-21 01:13:19 | INFO | caltech-101_sepfpl_8_0.4_10_[19/120] | idx: %s, output_dict_len: %d
2025-11-21 01:13:19 | INFO | caltech-101_sepfpl_8_0.4_10_[19/120] | user class dict total %s
2025-11-21 01:13:19 | INFO | caltech-101_sepfpl_8_0.4_10_[19/120] | idx: %s, output_dict_len: %d
2025-11-21 01:13:19 | INFO | caltech-101_sepfpl_8_0.4_10_[19/120] | user class dict total %s
2025-11-21 01:13:19 | INFO | caltech-101_sepfpl_8_0.4_10_[19/120] | idx: %s, output_dict_len: %d
2025-11-21 01:13:19 | INFO | caltech-101_sepfpl_8_0.4_10_[19/120] | user class dict total %s
2025-11-21 01:13:19 | INFO | caltech-101_sepfpl_8_0.4_10_[19/120] | idx: %s, output_dict_len: %d
2025-11-21 01:13:19 | INFO | caltech-101_sepfpl_8_0.4_10_[19/120] | Creating a baseline federated dataset
2025-11-21 01:13:19 | INFO | caltech-101_sepfpl_8_0.4_10_[19/120] | class_num %d
2025-11-21 01:13:19 | INFO | caltech-101_sepfpl_8_0.4_10_[19/120] | user class dict total %s
2025-11-21 01:13:19 | INFO | caltech-101_sepfpl_8_0.4_10_[19/120] | idx: %s, output_dict_len: %d
2025-11-21 01:13:19 | INFO | caltech-101_sepfpl_8_0.4_10_[19/120] | user class dict total %s
2025-11-21 01:13:19 | INFO | caltech-101_sepfpl_8_0.4_10_[19/120] | idx: %s, output_dict_len: %d
2025-11-21 01:13:19 | INFO | caltech-101_sepfpl_8_0.4_10_[19/120] | user class dict total %s
2025-11-21 01:13:19 | INFO | caltech-101_sepfpl_8_0.4_10_[19/120] | idx: %s, output_dict_len: %d
2025-11-21 01:13:19 | INFO | caltech-101_sepfpl_8_0.4_10_[19/120] | user class dict total %s
2025-11-21 01:13:19 | INFO | caltech-101_sepfpl_8_0.4_10_[19/120] | idx: %s, output_dict_len: %d
2025-11-21 01:13:19 | INFO | caltech-101_sepfpl_8_0.4_10_[19/120] | user class dict total %s
2025-11-21 01:13:19 | INFO | caltech-101_sepfpl_8_0.4_10_[19/120] | idx: %s, output_dict_len: %d
2025-11-21 01:13:19 | INFO | caltech-101_sepfpl_8_0.4_10_[19/120] | user class dict total %s
2025-11-21 01:13:19 | INFO | caltech-101_sepfpl_8_0.4_10_[19/120] | idx: %s, output_dict_len: %d
2025-11-21 01:13:19 | INFO | caltech-101_sepfpl_8_0.4_10_[19/120] | user class dict total %s
2025-11-21 01:13:19 | INFO | caltech-101_sepfpl_8_0.4_10_[19/120] | idx: %s, output_dict_len: %d
2025-11-21 01:13:19 | INFO | caltech-101_sepfpl_8_0.4_10_[19/120] | user class dict total %s
2025-11-21 01:13:19 | INFO | caltech-101_sepfpl_8_0.4_10_[19/120] | idx: %s, output_dict_len: %d
2025-11-21 01:13:19 | INFO | caltech-101_sepfpl_8_0.4_10_[19/120] | user class dict total %s
2025-11-21 01:13:19 | INFO | caltech-101_sepfpl_8_0.4_10_[19/120] | idx: %s, output_dict_len: %d
2025-11-21 01:13:19 | INFO | caltech-101_sepfpl_8_0.4_10_[19/120] | user class dict total %s
2025-11-21 01:13:19 | INFO | caltech-101_sepfpl_8_0.4_10_[19/120] | idx: %s, output_dict_len: %d
2025-11-21 01:13:19 | INFO | caltech-101_sepfpl_8_0.4_10_[19/120] | Loading CLIP (backbone: ViT-B/16)
2025-11-21 01:13:22 | INFO | caltech-101_sepfpl_8_0.4_10_[19/120] | Building custom CLIP
2025-11-21 01:13:22 | INFO | caltech-101_sepfpl_8_0.4_10_[19/120] | Turning off gradients in both the image and the text encoder
2025-11-21 01:13:22 | INFO | caltech-101_sepfpl_8_0.4_10_[19/120] | [wandb] 正在初始化实验：project=SepFPL, name=caltech-101-sepfpl-rank8-noise0.4-seed1-users10-19/120, mode=online
2025-11-21 01:13:28 | INFO | caltech-101_sepfpl_8_0.4_10_[19/120] | [RDP-sepfpl] 轮次 1: ε=0.000743, std=11.463021
2025-11-21 01:13:49 | INFO | caltech-101_sepfpl_8_0.4_10_[19/120] | [Epoch 1/30] 训练耗时: 20.59s | 平均训练准确率: 66.61
2025-11-21 01:13:49 | INFO | caltech-101_sepfpl_8_0.4_10_[19/120] | [RDP-sepfpl] 轮次 2: ε=0.001539, std=7.966331
2025-11-21 01:14:08 | INFO | caltech-101_sepfpl_8_0.4_10_[19/120] | [Epoch 2/30] 训练耗时: 19.07s | 平均训练准确率: 67.32
2025-11-21 01:14:08 | INFO | caltech-101_sepfpl_8_0.4_10_[19/120] | [RDP-sepfpl] 轮次 3: ε=0.002355, std=6.438881
2025-11-21 01:14:26 | INFO | caltech-101_sepfpl_8_0.4_10_[19/120] | [Epoch 3/30] 训练耗时: 17.83s | 平均训练准确率: 66.70
2025-11-21 01:14:26 | INFO | caltech-101_sepfpl_8_0.4_10_[19/120] | [RDP-sepfpl] 轮次 4: ε=0.003186, std=5.536274
2025-11-21 01:14:44 | INFO | caltech-101_sepfpl_8_0.4_10_[19/120] | [Epoch 4/30] 训练耗时: 18.63s | 平均训练准确率: 66.12
2025-11-21 01:14:44 | INFO | caltech-101_sepfpl_8_0.4_10_[19/120] | [RDP-sepfpl] 轮次 5: ε=0.004027, std=4.924247
2025-11-21 01:15:02 | INFO | caltech-101_sepfpl_8_0.4_10_[19/120] | [Epoch 5/30] 训练耗时: 17.90s | 平均训练准确率: 66.34
2025-11-21 01:15:02 | INFO | caltech-101_sepfpl_8_0.4_10_[19/120] | [RDP-sepfpl] 轮次 6: ε=0.004877, std=4.474759
2025-11-21 01:15:20 | INFO | caltech-101_sepfpl_8_0.4_10_[19/120] | [Epoch 6/30] 训练耗时: 17.84s | 平均训练准确率: 66.83
2025-11-21 01:15:20 | INFO | caltech-101_sepfpl_8_0.4_10_[19/120] | [RDP-sepfpl] 轮次 7: ε=0.005734, std=4.126887
2025-11-21 01:15:38 | INFO | caltech-101_sepfpl_8_0.4_10_[19/120] | [Epoch 7/30] 训练耗时: 17.60s | 平均训练准确率: 66.65
2025-11-21 01:15:38 | INFO | caltech-101_sepfpl_8_0.4_10_[19/120] | [RDP-sepfpl] 轮次 8: ε=0.006597, std=3.847484
2025-11-21 01:15:56 | INFO | caltech-101_sepfpl_8_0.4_10_[19/120] | [Epoch 8/30] 训练耗时: 18.53s | 平均训练准确率: 67.41
2025-11-21 01:15:56 | INFO | caltech-101_sepfpl_8_0.4_10_[19/120] | [RDP-sepfpl] 轮次 9: ε=0.007465, std=3.616777
2025-11-21 01:16:14 | INFO | caltech-101_sepfpl_8_0.4_10_[19/120] | [Epoch 9/30] 训练耗时: 18.00s | 平均训练准确率: 65.54
2025-11-21 01:16:14 | INFO | caltech-101_sepfpl_8_0.4_10_[19/120] | [RDP-sepfpl] 轮次 10: ε=0.008339, std=3.422150
2025-11-21 01:16:32 | INFO | caltech-101_sepfpl_8_0.4_10_[19/120] | [Epoch 10/30] 训练耗时: 17.94s | 平均训练准确率: 67.50
2025-11-21 01:16:32 | INFO | caltech-101_sepfpl_8_0.4_10_[19/120] | [RDP-sepfpl] 轮次 11: ε=0.009216, std=3.255127
2025-11-21 01:16:51 | INFO | caltech-101_sepfpl_8_0.4_10_[19/120] | [Epoch 11/30] 训练耗时: 18.43s | 平均训练准确率: 66.61
2025-11-21 01:16:51 | INFO | caltech-101_sepfpl_8_0.4_10_[19/120] | [RDP-sepfpl] 轮次 12: ε=0.010098, std=3.109775
2025-11-21 01:17:08 | INFO | caltech-101_sepfpl_8_0.4_10_[19/120] | [Epoch 12/30] 训练耗时: 17.64s | 平均训练准确率: 66.96
2025-11-21 01:17:08 | INFO | caltech-101_sepfpl_8_0.4_10_[19/120] | [RDP-sepfpl] 轮次 13: ε=0.010984, std=2.981802
2025-11-21 01:17:27 | INFO | caltech-101_sepfpl_8_0.4_10_[19/120] | [Epoch 13/30] 训练耗时: 18.78s | 平均训练准确率: 65.76
2025-11-21 01:17:27 | INFO | caltech-101_sepfpl_8_0.4_10_[19/120] | [RDP-sepfpl] 轮次 14: ε=0.011872, std=2.868018
2025-11-21 01:17:46 | INFO | caltech-101_sepfpl_8_0.4_10_[19/120] | [Epoch 14/30] 训练耗时: 18.55s | 平均训练准确率: 66.65
2025-11-21 01:17:46 | INFO | caltech-101_sepfpl_8_0.4_10_[19/120] | [RDP-sepfpl] 轮次 15: ε=0.012764, std=2.765994
2025-11-21 01:18:04 | INFO | caltech-101_sepfpl_8_0.4_10_[19/120] | [Epoch 15/30] 训练耗时: 18.60s | 平均训练准确率: 65.36
2025-11-21 01:18:04 | INFO | caltech-101_sepfpl_8_0.4_10_[19/120] | [RDP-sepfpl] 轮次 16: ε=0.013659, std=2.673844
2025-11-21 01:18:22 | INFO | caltech-101_sepfpl_8_0.4_10_[19/120] | [Epoch 16/30] 训练耗时: 17.85s | 平均训练准确率: 67.01
2025-11-21 01:18:22 | INFO | caltech-101_sepfpl_8_0.4_10_[19/120] | [RDP-sepfpl] 轮次 17: ε=0.014557, std=2.590081
2025-11-21 01:18:40 | INFO | caltech-101_sepfpl_8_0.4_10_[19/120] | [Epoch 17/30] 训练耗时: 18.18s | 平均训练准确率: 66.61
2025-11-21 01:18:40 | INFO | caltech-101_sepfpl_8_0.4_10_[19/120] | [RDP-sepfpl] 轮次 18: ε=0.015457, std=2.513512
2025-11-21 01:18:58 | INFO | caltech-101_sepfpl_8_0.4_10_[19/120] | [Epoch 18/30] 训练耗时: 17.78s | 平均训练准确率: 67.41
2025-11-21 01:18:58 | INFO | caltech-101_sepfpl_8_0.4_10_[19/120] | [RDP-sepfpl] 轮次 19: ε=0.016360, std=2.443169
2025-11-21 01:19:16 | INFO | caltech-101_sepfpl_8_0.4_10_[19/120] | [Epoch 19/30] 训练耗时: 17.68s | 平均训练准确率: 67.81
2025-11-21 01:19:16 | INFO | caltech-101_sepfpl_8_0.4_10_[19/120] | [RDP-sepfpl] 轮次 20: ε=0.017266, std=2.378255
2025-11-21 01:19:34 | INFO | caltech-101_sepfpl_8_0.4_10_[19/120] | [Epoch 20/30] 训练耗时: 18.08s | 平均训练准确率: 67.72
2025-11-21 01:19:34 | INFO | caltech-101_sepfpl_8_0.4_10_[19/120] | [RDP-sepfpl] 轮次 21: ε=0.018173, std=2.318110
2025-11-21 01:19:52 | INFO | caltech-101_sepfpl_8_0.4_10_[19/120] | [Epoch 21/30] 训练耗时: 18.21s | 平均训练准确率: 66.38
2025-11-21 01:19:52 | INFO | caltech-101_sepfpl_8_0.4_10_[19/120] | [RDP-sepfpl] 轮次 22: ε=0.019083, std=2.262180
2025-11-21 01:20:10 | INFO | caltech-101_sepfpl_8_0.4_10_[19/120] | [Epoch 22/30] 训练耗时: 17.65s | 平均训练准确率: 67.54
2025-11-21 01:20:10 | INFO | caltech-101_sepfpl_8_0.4_10_[19/120] | [RDP-sepfpl] 轮次 23: ε=0.019995, std=2.209998
2025-11-21 01:20:28 | INFO | caltech-101_sepfpl_8_0.4_10_[19/120] | [Epoch 23/30] 训练耗时: 18.34s | 平均训练准确率: 66.29
2025-11-21 01:20:28 | INFO | caltech-101_sepfpl_8_0.4_10_[19/120] | [RDP-sepfpl] 轮次 24: ε=0.020909, std=2.161166
2025-11-21 01:20:46 | INFO | caltech-101_sepfpl_8_0.4_10_[19/120] | [Epoch 24/30] 训练耗时: 18.02s | 平均训练准确率: 67.01
2025-11-21 01:20:46 | INFO | caltech-101_sepfpl_8_0.4_10_[19/120] | [RDP-sepfpl] 轮次 25: ε=0.021824, std=2.115342
2025-11-21 01:21:04 | INFO | caltech-101_sepfpl_8_0.4_10_[19/120] | [Epoch 25/30] 训练耗时: 17.66s | 平均训练准确率: 67.77
2025-11-21 01:21:04 | INFO | caltech-101_sepfpl_8_0.4_10_[19/120] | [RDP-sepfpl] 轮次 26: ε=0.022742, std=2.072231
2025-11-21 01:21:21 | INFO | caltech-101_sepfpl_8_0.4_10_[19/120] | [Epoch 26/30] 训练耗时: 17.74s | 平均训练准确率: 66.34
2025-11-21 01:21:21 | INFO | caltech-101_sepfpl_8_0.4_10_[19/120] | [RDP-sepfpl] 轮次 27: ε=0.023661, std=2.031576
2025-11-21 01:21:39 | INFO | caltech-101_sepfpl_8_0.4_10_[19/120] | [Epoch 27/30] 训练耗时: 17.92s | 平均训练准确率: 66.47
2025-11-21 01:21:39 | INFO | caltech-101_sepfpl_8_0.4_10_[19/120] | [RDP-sepfpl] 轮次 28: ε=0.024582, std=1.993155
2025-11-21 01:21:58 | INFO | caltech-101_sepfpl_8_0.4_10_[19/120] | [Epoch 28/30] 训练耗时: 18.45s | 平均训练准确率: 66.16
2025-11-21 01:21:58 | INFO | caltech-101_sepfpl_8_0.4_10_[19/120] | 
2025-11-21 01:21:58 | INFO | caltech-101_sepfpl_8_0.4_10_[19/120] | ================================================================================
2025-11-21 01:21:58 | INFO | caltech-101_sepfpl_8_0.4_10_[19/120] |                     TEST START - Epoch 28/30
2025-11-21 01:21:58 | INFO | caltech-101_sepfpl_8_0.4_10_[19/120] | ================================================================================
2025-11-21 01:21:58 | INFO | caltech-101_sepfpl_8_0.4_10_[19/120] | 
2025-11-21 01:24:20 | INFO | caltech-101_sepfpl_8_0.4_10_[19/120] | 
================= Local Test Results ==================
+----------+----------+------------+----------+
| Client   | Accuracy | Error Rate | Macro F1 |
+----------+----------+------------+----------+
| Client 0 |    57.64 |      42.36 |    76.55 |
| Client 1 |    93.75 |       6.25 |    94.24 |
| Client 2 |    72.08 |      27.92 |    76.36 |
| Client 3 |    76.54 |      23.46 |    77.94 |
| Client 4 |    92.76 |       7.24 |    93.94 |
| Client 5 |    84.08 |      15.92 |    85.09 |
| Client 6 |    71.93 |      28.07 |    76.49 |
| Client 7 |    86.88 |      13.12 |    77.86 |
| Client 8 |    90.36 |       9.64 |    82.41 |
| Client 9 |    84.95 |      15.05 |    81.48 |
| Average  |    81.10 |      18.90 |    82.24 |
+----------+----------+------------+----------+

2025-11-21 01:24:20 | INFO | caltech-101_sepfpl_8_0.4_10_[19/120] | 
================= Neighbor Test Results ==================
+----------+----------+------------+----------+
| Client   | Accuracy | Error Rate | Macro F1 |
+----------+----------+------------+----------+
| Client 0 |    86.64 |      13.36 |    79.17 |
| Client 1 |    80.73 |      19.27 |    75.03 |
| Client 2 |    82.26 |      17.74 |    76.76 |
| Client 3 |    81.72 |      18.28 |    76.61 |
| Client 4 |    80.12 |      19.88 |    74.53 |
| Client 5 |    80.68 |      19.32 |    74.91 |
| Client 6 |    81.39 |      18.61 |    75.53 |
| Client 7 |    78.70 |      21.30 |    74.28 |
| Client 8 |    77.76 |      22.24 |    73.44 |
| Client 9 |    79.19 |      20.81 |    74.22 |
| Average  |    80.92 |      19.08 |    75.45 |
+----------+----------+------------+----------+

2025-11-21 01:24:20 | INFO | caltech-101_sepfpl_8_0.4_10_[19/120] | 
2025-11-21 01:24:20 | INFO | caltech-101_sepfpl_8_0.4_10_[19/120] | ================================================================================
2025-11-21 01:24:20 | INFO | caltech-101_sepfpl_8_0.4_10_[19/120] |                     TEST FINISH - Epoch 28/30
2025-11-21 01:24:20 | INFO | caltech-101_sepfpl_8_0.4_10_[19/120] |                     测试耗时: 142.25s
2025-11-21 01:24:20 | INFO | caltech-101_sepfpl_8_0.4_10_[19/120] | ================================================================================
2025-11-21 01:24:20 | INFO | caltech-101_sepfpl_8_0.4_10_[19/120] | 
2025-11-21 01:24:20 | INFO | caltech-101_sepfpl_8_0.4_10_[19/120] | [RDP-sepfpl] 轮次 29: ε=0.025505, std=1.956772
2025-11-21 01:24:38 | INFO | caltech-101_sepfpl_8_0.4_10_[19/120] | [Epoch 29/30] 训练耗时: 18.18s | 平均训练准确率: 69.55
2025-11-21 01:24:38 | INFO | caltech-101_sepfpl_8_0.4_10_[19/120] | 
2025-11-21 01:24:38 | INFO | caltech-101_sepfpl_8_0.4_10_[19/120] | ================================================================================
2025-11-21 01:24:38 | INFO | caltech-101_sepfpl_8_0.4_10_[19/120] |                     TEST START - Epoch 29/30
2025-11-21 01:24:38 | INFO | caltech-101_sepfpl_8_0.4_10_[19/120] | ================================================================================
2025-11-21 01:24:38 | INFO | caltech-101_sepfpl_8_0.4_10_[19/120] | 
2025-11-21 01:27:01 | INFO | caltech-101_sepfpl_8_0.4_10_[19/120] | 
================= Local Test Results ==================
+----------+----------+------------+----------+
| Client   | Accuracy | Error Rate | Macro F1 |
+----------+----------+------------+----------+
| Client 0 |    62.16 |      37.84 |    78.87 |
| Client 1 |    93.75 |       6.25 |    93.85 |
| Client 2 |    68.18 |      31.82 |    71.01 |
| Client 3 |    84.57 |      15.43 |    88.02 |
| Client 4 |    93.21 |       6.79 |    92.77 |
| Client 5 |    94.27 |       5.73 |    96.30 |
| Client 6 |    80.12 |      19.88 |    85.23 |
| Client 7 |    92.08 |       7.92 |    83.62 |
| Client 8 |    94.46 |       5.54 |    91.51 |
| Client 9 |    93.20 |       6.80 |    94.16 |
| Average  |    85.60 |      14.40 |    87.53 |
+----------+----------+------------+----------+

2025-11-21 01:27:01 | INFO | caltech-101_sepfpl_8_0.4_10_[19/120] | 
================= Neighbor Test Results ==================
+----------+----------+------------+----------+
| Client   | Accuracy | Error Rate | Macro F1 |
+----------+----------+------------+----------+
| Client 0 |    89.64 |      10.36 |    84.06 |
| Client 1 |    84.23 |      15.77 |    80.16 |
| Client 2 |    86.28 |      13.72 |    82.73 |
| Client 3 |    84.98 |      15.02 |    80.46 |
| Client 4 |    84.05 |      15.95 |    80.58 |
| Client 5 |    84.06 |      15.94 |    80.05 |
| Client 6 |    85.53 |      14.47 |    81.66 |
| Client 7 |    83.21 |      16.79 |    81.16 |
| Client 8 |    82.05 |      17.95 |    78.98 |
| Client 9 |    83.27 |      16.73 |    79.67 |
| Average  |    84.73 |      15.27 |    80.95 |
+----------+----------+------------+----------+

2025-11-21 01:27:01 | INFO | caltech-101_sepfpl_8_0.4_10_[19/120] | 
2025-11-21 01:27:01 | INFO | caltech-101_sepfpl_8_0.4_10_[19/120] | ================================================================================
2025-11-21 01:27:01 | INFO | caltech-101_sepfpl_8_0.4_10_[19/120] |                     TEST FINISH - Epoch 29/30
2025-11-21 01:27:01 | INFO | caltech-101_sepfpl_8_0.4_10_[19/120] |                     测试耗时: 142.27s
2025-11-21 01:27:01 | INFO | caltech-101_sepfpl_8_0.4_10_[19/120] | ================================================================================
2025-11-21 01:27:01 | INFO | caltech-101_sepfpl_8_0.4_10_[19/120] | 
2025-11-21 01:27:01 | INFO | caltech-101_sepfpl_8_0.4_10_[19/120] | [RDP-sepfpl] 轮次 30: ε=0.026429, std=1.922252
2025-11-21 01:27:18 | INFO | caltech-101_sepfpl_8_0.4_10_[19/120] | [Epoch 30/30] 训练耗时: 17.78s | 平均训练准确率: 74.55
2025-11-21 01:27:18 | INFO | caltech-101_sepfpl_8_0.4_10_[19/120] | 
2025-11-21 01:27:18 | INFO | caltech-101_sepfpl_8_0.4_10_[19/120] | ================================================================================
2025-11-21 01:27:18 | INFO | caltech-101_sepfpl_8_0.4_10_[19/120] |                     TEST START - Epoch 30/30
2025-11-21 01:27:18 | INFO | caltech-101_sepfpl_8_0.4_10_[19/120] | ================================================================================
2025-11-21 01:27:18 | INFO | caltech-101_sepfpl_8_0.4_10_[19/120] | 
2025-11-21 01:29:39 | INFO | caltech-101_sepfpl_8_0.4_10_[19/120] | 
================= Local Test Results ==================
+----------+----------+------------+----------+
| Client   | Accuracy | Error Rate | Macro F1 |
+----------+----------+------------+----------+
| Client 0 |    75.94 |      24.06 |    84.24 |
| Client 1 |    94.32 |       5.68 |    94.19 |
| Client 2 |    70.78 |      29.22 |    73.86 |
| Client 3 |    88.89 |      11.11 |    92.16 |
| Client 4 |    94.12 |       5.88 |    93.82 |
| Client 5 |    95.54 |       4.46 |    96.98 |
| Client 6 |    82.46 |      17.54 |    86.31 |
| Client 7 |    96.04 |       3.96 |    93.87 |
| Client 8 |    94.94 |       5.06 |    92.20 |
| Client 9 |    93.20 |       6.80 |    94.47 |
| Average  |    88.62 |      11.38 |    90.21 |
+----------+----------+------------+----------+

2025-11-21 01:29:39 | INFO | caltech-101_sepfpl_8_0.4_10_[19/120] | 
================= Neighbor Test Results ==================
+----------+----------+------------+----------+
| Client   | Accuracy | Error Rate | Macro F1 |
+----------+----------+------------+----------+
| Client 0 |    90.80 |       9.20 |    85.88 |
| Client 1 |    87.24 |      12.76 |    83.31 |
| Client 2 |    89.05 |      10.95 |    86.27 |
| Client 3 |    87.93 |      12.07 |    84.48 |
| Client 4 |    87.08 |      12.92 |    84.50 |
| Client 5 |    86.70 |      13.30 |    83.63 |
| Client 6 |    87.45 |      12.55 |    84.34 |
| Client 7 |    85.30 |      14.70 |    83.40 |
| Client 8 |    85.22 |      14.78 |    83.17 |
| Client 9 |    85.88 |      14.12 |    83.22 |
| Average  |    87.26 |      12.74 |    84.22 |
+----------+----------+------------+----------+

2025-11-21 01:29:39 | INFO | caltech-101_sepfpl_8_0.4_10_[19/120] | 
2025-11-21 01:29:39 | INFO | caltech-101_sepfpl_8_0.4_10_[19/120] | ================================================================================
2025-11-21 01:29:39 | INFO | caltech-101_sepfpl_8_0.4_10_[19/120] |                     TEST FINISH - Epoch 30/30
2025-11-21 01:29:39 | INFO | caltech-101_sepfpl_8_0.4_10_[19/120] |                     测试耗时: 140.97s
2025-11-21 01:29:39 | INFO | caltech-101_sepfpl_8_0.4_10_[19/120] | ================================================================================
2025-11-21 01:29:39 | INFO | caltech-101_sepfpl_8_0.4_10_[19/120] | 
2025-11-21 01:29:39 | INFO | caltech-101_sepfpl_8_0.4_10_[19/120] | maximum test local acc: 88.622
2025-11-21 01:29:39 | INFO | caltech-101_sepfpl_8_0.4_10_[19/120] | mean of local acc: 85.106
2025-11-21 01:29:39 | INFO | caltech-101_sepfpl_8_0.4_10_[19/120] | maximum test neighbor acc: 87.265
2025-11-21 01:29:39 | INFO | caltech-101_sepfpl_8_0.4_10_[19/120] | mean of neighbor acc: 84.304
