2025-11-16 09:42:51 - 8_0.01_1 - INFO - 日志文件已创建: logs/oxford_flowers/dpfpl/8_0.01_1_20251116_094251.log
2025-11-16 09:42:51 - 8_0.01_1 - INFO - Loading trainer: DP_FPL
2025-11-16 09:42:51 - 8_0.01_1 - INFO - Loading dataset: OxfordFlowers
2025-11-16 09:42:51 - 8_0.01_1 - INFO - Reading split from /home/liuxin25/dataset/oxford_flowers/split_zhou_OxfordFlowers.json
2025-11-16 09:42:51 - 8_0.01_1 - INFO - Creating a baseline federated dataset
2025-11-16 09:42:51 - 8_0.01_1 - INFO - class_num 102
2025-11-16 09:42:51 - 8_0.01_1 - INFO - user class dict total [90, 54, 31, 35, 55, 72, 92, 42, 95, 84]
2025-11-16 09:42:51 - 8_0.01_1 - INFO - idx: 0, output_dict_len: 451
2025-11-16 09:42:51 - 8_0.01_1 - INFO - user class dict total [74, 0, 1, 80, 27, 20, 77, 50, 66, 45]
2025-11-16 09:42:51 - 8_0.01_1 - INFO - idx: 1, output_dict_len: 562
2025-11-16 09:42:51 - 8_0.01_1 - INFO - user class dict total [44, 82, 14, 32, 52, 70, 28, 51, 10, 21]
2025-11-16 09:42:51 - 8_0.01_1 - INFO - idx: 2, output_dict_len: 373
2025-11-16 09:42:51 - 8_0.01_1 - INFO - user class dict total [33, 75, 5, 48, 87, 98, 23, 69, 62, 7]
2025-11-16 09:42:51 - 8_0.01_1 - INFO - idx: 3, output_dict_len: 350
2025-11-16 09:42:51 - 8_0.01_1 - INFO - user class dict total [17, 18, 60, 34, 11, 58, 86, 13, 41, 30]
2025-11-16 09:42:51 - 8_0.01_1 - INFO - idx: 4, output_dict_len: 302
2025-11-16 09:42:51 - 8_0.01_1 - INFO - user class dict total [24, 71, 56, 76, 37, 6, 53, 79, 97, 39]
2025-11-16 09:42:51 - 8_0.01_1 - INFO - idx: 5, output_dict_len: 433
2025-11-16 09:42:51 - 8_0.01_1 - INFO - user class dict total [47, 65, 36, 91, 3, 63, 59, 9, 96, 64]
2025-11-16 09:42:51 - 8_0.01_1 - INFO - idx: 6, output_dict_len: 367
2025-11-16 09:42:51 - 8_0.01_1 - INFO - user class dict total [94, 88, 99, 61, 19, 25, 4, 16, 8, 46]
2025-11-16 09:42:51 - 8_0.01_1 - INFO - idx: 7, output_dict_len: 387
2025-11-16 09:42:51 - 8_0.01_1 - INFO - user class dict total [26, 2, 93, 85, 29, 22, 100, 67, 68, 38]
2025-11-16 09:42:51 - 8_0.01_1 - INFO - idx: 8, output_dict_len: 341
2025-11-16 09:42:51 - 8_0.01_1 - INFO - user class dict total [83, 15, 12, 81, 43, 73, 78, 40, 101, 57, 89, 49]
2025-11-16 09:42:51 - 8_0.01_1 - INFO - idx: 9, output_dict_len: 527
2025-11-16 09:42:51 - 8_0.01_1 - INFO - Creating a baseline federated dataset
2025-11-16 09:42:51 - 8_0.01_1 - INFO - class_num 102
2025-11-16 09:42:51 - 8_0.01_1 - INFO - user class dict total [90, 54, 31, 35, 55, 72, 92, 42, 95, 84]
2025-11-16 09:42:51 - 8_0.01_1 - INFO - idx: 0, output_dict_len: 269
2025-11-16 09:42:51 - 8_0.01_1 - INFO - user class dict total [74, 0, 1, 80, 27, 20, 77, 50, 66, 45]
2025-11-16 09:42:51 - 8_0.01_1 - INFO - idx: 1, output_dict_len: 339
2025-11-16 09:42:51 - 8_0.01_1 - INFO - user class dict total [44, 82, 14, 32, 52, 70, 28, 51, 10, 21]
2025-11-16 09:42:51 - 8_0.01_1 - INFO - idx: 2, output_dict_len: 223
2025-11-16 09:42:51 - 8_0.01_1 - INFO - user class dict total [33, 75, 5, 48, 87, 98, 23, 69, 62, 7]
2025-11-16 09:42:51 - 8_0.01_1 - INFO - idx: 3, output_dict_len: 211
2025-11-16 09:42:51 - 8_0.01_1 - INFO - user class dict total [17, 18, 60, 34, 11, 58, 86, 13, 41, 30]
2025-11-16 09:42:51 - 8_0.01_1 - INFO - idx: 4, output_dict_len: 178
2025-11-16 09:42:51 - 8_0.01_1 - INFO - user class dict total [24, 71, 56, 76, 37, 6, 53, 79, 97, 39]
2025-11-16 09:42:51 - 8_0.01_1 - INFO - idx: 5, output_dict_len: 262
2025-11-16 09:42:51 - 8_0.01_1 - INFO - user class dict total [47, 65, 36, 91, 3, 63, 59, 9, 96, 64]
2025-11-16 09:42:51 - 8_0.01_1 - INFO - idx: 6, output_dict_len: 223
2025-11-16 09:42:51 - 8_0.01_1 - INFO - user class dict total [94, 88, 99, 61, 19, 25, 4, 16, 8, 46]
2025-11-16 09:42:51 - 8_0.01_1 - INFO - idx: 7, output_dict_len: 234
2025-11-16 09:42:51 - 8_0.01_1 - INFO - user class dict total [26, 2, 93, 85, 29, 22, 100, 67, 68, 38]
2025-11-16 09:42:51 - 8_0.01_1 - INFO - idx: 8, output_dict_len: 205
2025-11-16 09:42:51 - 8_0.01_1 - INFO - user class dict total [83, 15, 12, 81, 43, 73, 78, 40, 101, 57, 89, 49]
2025-11-16 09:42:51 - 8_0.01_1 - INFO - idx: 9, output_dict_len: 319
2025-11-16 09:42:51 - 8_0.01_1 - INFO - Loading CLIP (backbone: ViT-B/16)
2025-11-16 09:42:53 - 8_0.01_1 - INFO - Building custom CLIP
2025-11-16 09:42:53 - 8_0.01_1 - INFO - Turning off gradients in both the image and the text encoder
2025-11-16 09:43:22 - 8_0.01_1 - INFO - [Epoch 1/30] 训练耗时: 28.70s | 平均训练准确率: 8.12
2025-11-16 09:43:50 - 8_0.01_1 - INFO - [Epoch 2/30] 训练耗时: 28.04s | 平均训练准确率: 35.97
2025-11-16 09:44:18 - 8_0.01_1 - INFO - [Epoch 3/30] 训练耗时: 27.90s | 平均训练准确率: 56.11
2025-11-16 09:44:46 - 8_0.01_1 - INFO - [Epoch 4/30] 训练耗时: 28.00s | 平均训练准确率: 59.86
2025-11-16 09:45:12 - 8_0.01_1 - INFO - [Epoch 5/30] 训练耗时: 26.88s | 平均训练准确率: 61.22
2025-11-16 09:45:40 - 8_0.01_1 - INFO - [Epoch 6/30] 训练耗时: 27.96s | 平均训练准确率: 60.28
2025-11-16 09:46:08 - 8_0.01_1 - INFO - [Epoch 7/30] 训练耗时: 27.99s | 平均训练准确率: 59.93
2025-11-16 09:46:36 - 8_0.01_1 - INFO - [Epoch 8/30] 训练耗时: 27.91s | 平均训练准确率: 57.60
2025-11-16 09:47:04 - 8_0.01_1 - INFO - [Epoch 9/30] 训练耗时: 27.87s | 平均训练准确率: 56.25
2025-11-16 09:47:32 - 8_0.01_1 - INFO - [Epoch 10/30] 训练耗时: 27.95s | 平均训练准确率: 58.30
2025-11-16 09:48:00 - 8_0.01_1 - INFO - [Epoch 11/30] 训练耗时: 27.75s | 平均训练准确率: 55.00
2025-11-16 09:48:27 - 8_0.01_1 - INFO - [Epoch 12/30] 训练耗时: 27.07s | 平均训练准确率: 56.35
2025-11-16 09:48:55 - 8_0.01_1 - INFO - [Epoch 13/30] 训练耗时: 27.98s | 平均训练准确率: 56.74
2025-11-16 09:49:23 - 8_0.01_1 - INFO - [Epoch 14/30] 训练耗时: 27.99s | 平均训练准确率: 57.99
2025-11-16 09:49:51 - 8_0.01_1 - INFO - [Epoch 15/30] 训练耗时: 27.96s | 平均训练准确率: 58.16
2025-11-16 09:50:19 - 8_0.01_1 - INFO - [Epoch 16/30] 训练耗时: 27.90s | 平均训练准确率: 58.61
2025-11-16 09:50:47 - 8_0.01_1 - INFO - [Epoch 17/30] 训练耗时: 27.91s | 平均训练准确率: 58.37
2025-11-16 09:51:15 - 8_0.01_1 - INFO - [Epoch 18/30] 训练耗时: 27.96s | 平均训练准确率: 59.44
2025-11-16 09:51:43 - 8_0.01_1 - INFO - [Epoch 19/30] 训练耗时: 27.97s | 平均训练准确率: 59.13
2025-11-16 09:52:10 - 8_0.01_1 - INFO - [Epoch 20/30] 训练耗时: 27.55s | 平均训练准确率: 59.03
2025-11-16 09:52:36 - 8_0.01_1 - INFO - [Epoch 21/30] 训练耗时: 25.69s | 平均训练准确率: 57.33
2025-11-16 09:53:04 - 8_0.01_1 - INFO - [Epoch 22/30] 训练耗时: 28.04s | 平均训练准确率: 57.29
2025-11-16 09:53:32 - 8_0.01_1 - INFO - [Epoch 23/30] 训练耗时: 28.03s | 平均训练准确率: 55.83
2025-11-16 09:54:00 - 8_0.01_1 - INFO - [Epoch 24/30] 训练耗时: 27.83s | 平均训练准确率: 57.99
2025-11-16 09:54:27 - 8_0.01_1 - INFO - [Epoch 25/30] 训练耗时: 27.27s | 平均训练准确率: 56.18
2025-11-16 09:54:55 - 8_0.01_1 - INFO - [Epoch 26/30] 训练耗时: 28.03s | 平均训练准确率: 58.19
2025-11-16 09:55:23 - 8_0.01_1 - INFO - [Epoch 27/30] 训练耗时: 28.04s | 平均训练准确率: 59.65
2025-11-16 09:55:51 - 8_0.01_1 - INFO - [Epoch 28/30] 训练耗时: 28.04s | 平均训练准确率: 59.31
2025-11-16 09:55:51 - 8_0.01_1 - INFO - ------------local test start-------------
2025-11-16 09:55:51 - 8_0.01_1 - INFO - Evaluate on the client0 local set
2025-11-16 09:55:54 - 8_0.01_1 - INFO - => result | total 269 | correct 120 | acc 44.61% | err 55.39% | macro_f1 39.70%
2025-11-16 09:55:54 - 8_0.01_1 - INFO - Evaluate on the client0 neighbor set
2025-11-16 09:56:12 - 8_0.01_1 - INFO - => result | total 2,194 | correct 1,357 | acc 61.85% | err 38.15% | macro_f1 56.07%
2025-11-16 09:56:12 - 8_0.01_1 - INFO - Evaluate on the client1 local set
2025-11-16 09:56:15 - 8_0.01_1 - INFO - => result | total 339 | correct 129 | acc 38.05% | err 61.95% | macro_f1 54.17%
2025-11-16 09:56:15 - 8_0.01_1 - INFO - Evaluate on the client1 neighbor set
2025-11-16 09:56:32 - 8_0.01_1 - INFO - => result | total 2,124 | correct 1,348 | acc 63.47% | err 36.53% | macro_f1 55.27%
2025-11-16 09:56:32 - 8_0.01_1 - INFO - Evaluate on the client2 local set
2025-11-16 09:56:34 - 8_0.01_1 - INFO - => result | total 223 | correct 151 | acc 67.71% | err 32.29% | macro_f1 61.43%
2025-11-16 09:56:34 - 8_0.01_1 - INFO - Evaluate on the client2 neighbor set
2025-11-16 09:56:52 - 8_0.01_1 - INFO - => result | total 2,240 | correct 1,332 | acc 59.46% | err 40.54% | macro_f1 54.38%
2025-11-16 09:56:52 - 8_0.01_1 - INFO - Evaluate on the client3 local set
2025-11-16 09:56:53 - 8_0.01_1 - INFO - => result | total 211 | correct 147 | acc 69.67% | err 30.33% | macro_f1 62.59%
2025-11-16 09:56:53 - 8_0.01_1 - INFO - Evaluate on the client3 neighbor set
2025-11-16 09:57:12 - 8_0.01_1 - INFO - => result | total 2,252 | correct 1,335 | acc 59.28% | err 40.72% | macro_f1 53.69%
2025-11-16 09:57:12 - 8_0.01_1 - INFO - Evaluate on the client4 local set
2025-11-16 09:57:14 - 8_0.01_1 - INFO - => result | total 178 | correct 125 | acc 70.22% | err 29.78% | macro_f1 80.30%
2025-11-16 09:57:14 - 8_0.01_1 - INFO - Evaluate on the client4 neighbor set
2025-11-16 09:57:33 - 8_0.01_1 - INFO - => result | total 2,285 | correct 1,357 | acc 59.39% | err 40.61% | macro_f1 52.53%
2025-11-16 09:57:33 - 8_0.01_1 - INFO - Evaluate on the client5 local set
2025-11-16 09:57:35 - 8_0.01_1 - INFO - => result | total 262 | correct 202 | acc 77.10% | err 22.90% | macro_f1 75.63%
2025-11-16 09:57:35 - 8_0.01_1 - INFO - Evaluate on the client5 neighbor set
2025-11-16 09:57:55 - 8_0.01_1 - INFO - => result | total 2,201 | correct 1,281 | acc 58.20% | err 41.80% | macro_f1 52.18%
2025-11-16 09:57:55 - 8_0.01_1 - INFO - Evaluate on the client6 local set
2025-11-16 09:57:57 - 8_0.01_1 - INFO - => result | total 223 | correct 129 | acc 57.85% | err 42.15% | macro_f1 62.73%
2025-11-16 09:57:57 - 8_0.01_1 - INFO - Evaluate on the client6 neighbor set
2025-11-16 09:58:15 - 8_0.01_1 - INFO - => result | total 2,240 | correct 1,355 | acc 60.49% | err 39.51% | macro_f1 53.73%
2025-11-16 09:58:15 - 8_0.01_1 - INFO - Evaluate on the client7 local set
2025-11-16 09:58:17 - 8_0.01_1 - INFO - => result | total 234 | correct 121 | acc 51.71% | err 48.29% | macro_f1 62.74%
2025-11-16 09:58:17 - 8_0.01_1 - INFO - Evaluate on the client7 neighbor set
2025-11-16 09:58:35 - 8_0.01_1 - INFO - => result | total 2,229 | correct 1,363 | acc 61.15% | err 38.85% | macro_f1 54.31%
2025-11-16 09:58:35 - 8_0.01_1 - INFO - Evaluate on the client8 local set
2025-11-16 09:58:36 - 8_0.01_1 - INFO - => result | total 205 | correct 123 | acc 60.00% | err 40.00% | macro_f1 52.37%
2025-11-16 09:58:36 - 8_0.01_1 - INFO - Evaluate on the client8 neighbor set
2025-11-16 09:58:55 - 8_0.01_1 - INFO - => result | total 2,258 | correct 1,361 | acc 60.27% | err 39.73% | macro_f1 55.23%
2025-11-16 09:58:55 - 8_0.01_1 - INFO - Evaluate on the client9 local set
2025-11-16 09:58:57 - 8_0.01_1 - INFO - => result | total 319 | correct 232 | acc 72.73% | err 27.27% | macro_f1 74.25%
2025-11-16 09:58:57 - 8_0.01_1 - INFO - Evaluate on the client9 neighbor set
2025-11-16 09:59:15 - 8_0.01_1 - INFO - => result | total 2,144 | correct 1,254 | acc 58.49% | err 41.51% | macro_f1 52.71%
2025-11-16 09:59:15 - 8_0.01_1 - INFO - Global test local acc: 60.97
2025-11-16 09:59:15 - 8_0.01_1 - INFO - Global test neighbor acc: 60.21
2025-11-16 09:59:15 - 8_0.01_1 - INFO - ------------local test finish-------------
2025-11-16 09:59:15 - 8_0.01_1 - INFO - [Epoch 28/30] 测试耗时: 203.72s
2025-11-16 09:59:40 - 8_0.01_1 - INFO - [Epoch 29/30] 训练耗时: 25.12s | 平均训练准确率: 57.78
2025-11-16 09:59:40 - 8_0.01_1 - INFO - ------------local test start-------------
2025-11-16 09:59:40 - 8_0.01_1 - INFO - Evaluate on the client0 local set
2025-11-16 09:59:42 - 8_0.01_1 - INFO - => result | total 269 | correct 124 | acc 46.10% | err 53.90% | macro_f1 41.57%
2025-11-16 09:59:42 - 8_0.01_1 - INFO - Evaluate on the client0 neighbor set
2025-11-16 10:00:00 - 8_0.01_1 - INFO - => result | total 2,194 | correct 1,385 | acc 63.13% | err 36.87% | macro_f1 56.86%
2025-11-16 10:00:00 - 8_0.01_1 - INFO - Evaluate on the client1 local set
2025-11-16 10:00:03 - 8_0.01_1 - INFO - => result | total 339 | correct 141 | acc 41.59% | err 58.41% | macro_f1 56.89%
2025-11-16 10:00:03 - 8_0.01_1 - INFO - Evaluate on the client1 neighbor set
2025-11-16 10:00:20 - 8_0.01_1 - INFO - => result | total 2,124 | correct 1,370 | acc 64.50% | err 35.50% | macro_f1 56.31%
2025-11-16 10:00:20 - 8_0.01_1 - INFO - Evaluate on the client2 local set
2025-11-16 10:00:22 - 8_0.01_1 - INFO - => result | total 223 | correct 150 | acc 67.26% | err 32.74% | macro_f1 62.64%
2025-11-16 10:00:22 - 8_0.01_1 - INFO - Evaluate on the client2 neighbor set
2025-11-16 10:00:39 - 8_0.01_1 - INFO - => result | total 2,240 | correct 1,364 | acc 60.89% | err 39.11% | macro_f1 55.41%
2025-11-16 10:00:39 - 8_0.01_1 - INFO - Evaluate on the client3 local set
2025-11-16 10:00:41 - 8_0.01_1 - INFO - => result | total 211 | correct 156 | acc 73.93% | err 26.07% | macro_f1 68.10%
2025-11-16 10:00:41 - 8_0.01_1 - INFO - Evaluate on the client3 neighbor set
2025-11-16 10:00:59 - 8_0.01_1 - INFO - => result | total 2,252 | correct 1,359 | acc 60.35% | err 39.65% | macro_f1 54.45%
2025-11-16 10:00:59 - 8_0.01_1 - INFO - Evaluate on the client4 local set
2025-11-16 10:01:01 - 8_0.01_1 - INFO - => result | total 178 | correct 122 | acc 68.54% | err 31.46% | macro_f1 79.20%
2025-11-16 10:01:01 - 8_0.01_1 - INFO - Evaluate on the client4 neighbor set
2025-11-16 10:01:19 - 8_0.01_1 - INFO - => result | total 2,285 | correct 1,392 | acc 60.92% | err 39.08% | macro_f1 53.70%
2025-11-16 10:01:19 - 8_0.01_1 - INFO - Evaluate on the client5 local set
2025-11-16 10:01:21 - 8_0.01_1 - INFO - => result | total 262 | correct 202 | acc 77.10% | err 22.90% | macro_f1 75.40%
2025-11-16 10:01:21 - 8_0.01_1 - INFO - Evaluate on the client5 neighbor set
2025-11-16 10:01:39 - 8_0.01_1 - INFO - => result | total 2,201 | correct 1,311 | acc 59.56% | err 40.44% | macro_f1 53.18%
2025-11-16 10:01:39 - 8_0.01_1 - INFO - Evaluate on the client6 local set
2025-11-16 10:01:41 - 8_0.01_1 - INFO - => result | total 223 | correct 134 | acc 60.09% | err 39.91% | macro_f1 64.30%
2025-11-16 10:01:41 - 8_0.01_1 - INFO - Evaluate on the client6 neighbor set
2025-11-16 10:02:01 - 8_0.01_1 - INFO - => result | total 2,240 | correct 1,378 | acc 61.52% | err 38.48% | macro_f1 54.55%
2025-11-16 10:02:01 - 8_0.01_1 - INFO - Evaluate on the client7 local set
2025-11-16 10:02:02 - 8_0.01_1 - INFO - => result | total 234 | correct 121 | acc 51.71% | err 48.29% | macro_f1 62.72%
2025-11-16 10:02:02 - 8_0.01_1 - INFO - Evaluate on the client7 neighbor set
2025-11-16 10:02:21 - 8_0.01_1 - INFO - => result | total 2,229 | correct 1,392 | acc 62.45% | err 37.55% | macro_f1 55.05%
2025-11-16 10:02:21 - 8_0.01_1 - INFO - Evaluate on the client8 local set
2025-11-16 10:02:23 - 8_0.01_1 - INFO - => result | total 205 | correct 120 | acc 58.54% | err 41.46% | macro_f1 48.61%
2025-11-16 10:02:23 - 8_0.01_1 - INFO - Evaluate on the client8 neighbor set
2025-11-16 10:02:41 - 8_0.01_1 - INFO - => result | total 2,258 | correct 1,393 | acc 61.69% | err 38.31% | macro_f1 56.27%
2025-11-16 10:02:41 - 8_0.01_1 - INFO - Evaluate on the client9 local set
2025-11-16 10:02:43 - 8_0.01_1 - INFO - => result | total 319 | correct 242 | acc 75.86% | err 24.14% | macro_f1 75.31%
2025-11-16 10:02:43 - 8_0.01_1 - INFO - Evaluate on the client9 neighbor set
2025-11-16 10:03:01 - 8_0.01_1 - INFO - => result | total 2,144 | correct 1,273 | acc 59.38% | err 40.62% | macro_f1 53.33%
2025-11-16 10:03:01 - 8_0.01_1 - INFO - Global test local acc: 62.07
2025-11-16 10:03:01 - 8_0.01_1 - INFO - Global test neighbor acc: 61.44
2025-11-16 10:03:01 - 8_0.01_1 - INFO - ------------local test finish-------------
2025-11-16 10:03:01 - 8_0.01_1 - INFO - [Epoch 29/30] 测试耗时: 200.82s
2025-11-16 10:03:26 - 8_0.01_1 - INFO - [Epoch 30/30] 训练耗时: 25.22s | 平均训练准确率: 59.38
2025-11-16 10:03:26 - 8_0.01_1 - INFO - ------------local test start-------------
2025-11-16 10:03:26 - 8_0.01_1 - INFO - Evaluate on the client0 local set
2025-11-16 10:03:28 - 8_0.01_1 - INFO - => result | total 269 | correct 127 | acc 47.21% | err 52.79% | macro_f1 43.07%
2025-11-16 10:03:28 - 8_0.01_1 - INFO - Evaluate on the client0 neighbor set
2025-11-16 10:03:46 - 8_0.01_1 - INFO - => result | total 2,194 | correct 1,406 | acc 64.08% | err 35.92% | macro_f1 58.27%
2025-11-16 10:03:46 - 8_0.01_1 - INFO - Evaluate on the client1 local set
2025-11-16 10:03:49 - 8_0.01_1 - INFO - => result | total 339 | correct 150 | acc 44.25% | err 55.75% | macro_f1 59.10%
2025-11-16 10:03:49 - 8_0.01_1 - INFO - Evaluate on the client1 neighbor set
2025-11-16 10:04:07 - 8_0.01_1 - INFO - => result | total 2,124 | correct 1,381 | acc 65.02% | err 34.98% | macro_f1 57.49%
2025-11-16 10:04:07 - 8_0.01_1 - INFO - Evaluate on the client2 local set
2025-11-16 10:04:09 - 8_0.01_1 - INFO - => result | total 223 | correct 156 | acc 69.96% | err 30.04% | macro_f1 66.32%
2025-11-16 10:04:09 - 8_0.01_1 - INFO - Evaluate on the client2 neighbor set
2025-11-16 10:04:27 - 8_0.01_1 - INFO - => result | total 2,240 | correct 1,377 | acc 61.47% | err 38.53% | macro_f1 56.08%
2025-11-16 10:04:27 - 8_0.01_1 - INFO - Evaluate on the client3 local set
2025-11-16 10:04:29 - 8_0.01_1 - INFO - => result | total 211 | correct 156 | acc 73.93% | err 26.07% | macro_f1 67.66%
2025-11-16 10:04:29 - 8_0.01_1 - INFO - Evaluate on the client3 neighbor set
2025-11-16 10:04:47 - 8_0.01_1 - INFO - => result | total 2,252 | correct 1,380 | acc 61.28% | err 38.72% | macro_f1 55.96%
2025-11-16 10:04:47 - 8_0.01_1 - INFO - Evaluate on the client4 local set
2025-11-16 10:04:49 - 8_0.01_1 - INFO - => result | total 178 | correct 121 | acc 67.98% | err 32.02% | macro_f1 79.26%
2025-11-16 10:04:49 - 8_0.01_1 - INFO - Evaluate on the client4 neighbor set
2025-11-16 10:05:08 - 8_0.01_1 - INFO - => result | total 2,285 | correct 1,415 | acc 61.93% | err 38.07% | macro_f1 54.86%
2025-11-16 10:05:08 - 8_0.01_1 - INFO - Evaluate on the client5 local set
2025-11-16 10:05:10 - 8_0.01_1 - INFO - => result | total 262 | correct 202 | acc 77.10% | err 22.90% | macro_f1 75.94%
2025-11-16 10:05:10 - 8_0.01_1 - INFO - Evaluate on the client5 neighbor set
2025-11-16 10:05:28 - 8_0.01_1 - INFO - => result | total 2,201 | correct 1,334 | acc 60.61% | err 39.39% | macro_f1 54.85%
2025-11-16 10:05:28 - 8_0.01_1 - INFO - Evaluate on the client6 local set
2025-11-16 10:05:30 - 8_0.01_1 - INFO - => result | total 223 | correct 131 | acc 58.74% | err 41.26% | macro_f1 63.37%
2025-11-16 10:05:30 - 8_0.01_1 - INFO - Evaluate on the client6 neighbor set
2025-11-16 10:05:48 - 8_0.01_1 - INFO - => result | total 2,240 | correct 1,405 | acc 62.72% | err 37.28% | macro_f1 56.13%
2025-11-16 10:05:48 - 8_0.01_1 - INFO - Evaluate on the client7 local set
2025-11-16 10:05:50 - 8_0.01_1 - INFO - => result | total 234 | correct 128 | acc 54.70% | err 45.30% | macro_f1 68.08%
2025-11-16 10:05:50 - 8_0.01_1 - INFO - Evaluate on the client7 neighbor set
2025-11-16 10:06:08 - 8_0.01_1 - INFO - => result | total 2,229 | correct 1,408 | acc 63.17% | err 36.83% | macro_f1 56.11%
2025-11-16 10:06:08 - 8_0.01_1 - INFO - Evaluate on the client8 local set
2025-11-16 10:06:09 - 8_0.01_1 - INFO - => result | total 205 | correct 121 | acc 59.02% | err 40.98% | macro_f1 52.30%
2025-11-16 10:06:09 - 8_0.01_1 - INFO - Evaluate on the client8 neighbor set
2025-11-16 10:06:28 - 8_0.01_1 - INFO - => result | total 2,258 | correct 1,415 | acc 62.67% | err 37.33% | macro_f1 57.88%
2025-11-16 10:06:28 - 8_0.01_1 - INFO - Evaluate on the client9 local set
2025-11-16 10:06:30 - 8_0.01_1 - INFO - => result | total 319 | correct 245 | acc 76.80% | err 23.20% | macro_f1 75.96%
2025-11-16 10:06:30 - 8_0.01_1 - INFO - Evaluate on the client9 neighbor set
2025-11-16 10:06:47 - 8_0.01_1 - INFO - => result | total 2,144 | correct 1,292 | acc 60.26% | err 39.74% | macro_f1 55.05%
2025-11-16 10:06:47 - 8_0.01_1 - INFO - Global test local acc: 62.97
2025-11-16 10:06:47 - 8_0.01_1 - INFO - Global test neighbor acc: 62.32
2025-11-16 10:06:47 - 8_0.01_1 - INFO - ------------local test finish-------------
2025-11-16 10:06:47 - 8_0.01_1 - INFO - [Epoch 30/30] 测试耗时: 201.35s
2025-11-16 10:06:47 - 8_0.01_1 - INFO - maximum test local acc: 62.970
2025-11-16 10:06:47 - 8_0.01_1 - INFO - mean of local acc: 62.002
2025-11-16 10:06:47 - 8_0.01_1 - INFO - maximum test neighbor acc: 62.321
2025-11-16 10:06:47 - 8_0.01_1 - INFO - mean of neighbor acc: 61.321
