2025-11-16 03:24:02 - 8_0.4_1 - INFO - 日志文件已创建: logs/oxford_flowers/dpfpl/8_0.4_1_20251116_032402.log
2025-11-16 03:24:02 - 8_0.4_1 - INFO - Loading trainer: DP_FPL
2025-11-16 03:24:02 - 8_0.4_1 - INFO - Loading dataset: OxfordFlowers
2025-11-16 03:24:02 - 8_0.4_1 - INFO - Reading split from /home/liuxin25/dataset/oxford_flowers/split_zhou_OxfordFlowers.json
2025-11-16 03:24:02 - 8_0.4_1 - INFO - Creating a baseline federated dataset
2025-11-16 03:24:02 - 8_0.4_1 - INFO - class_num 102
2025-11-16 03:24:02 - 8_0.4_1 - INFO - user class dict total [90, 54, 31, 35, 55, 72, 92, 42, 95, 84]
2025-11-16 03:24:02 - 8_0.4_1 - INFO - idx: 0, output_dict_len: 451
2025-11-16 03:24:02 - 8_0.4_1 - INFO - user class dict total [74, 0, 1, 80, 27, 20, 77, 50, 66, 45]
2025-11-16 03:24:02 - 8_0.4_1 - INFO - idx: 1, output_dict_len: 562
2025-11-16 03:24:02 - 8_0.4_1 - INFO - user class dict total [44, 82, 14, 32, 52, 70, 28, 51, 10, 21]
2025-11-16 03:24:02 - 8_0.4_1 - INFO - idx: 2, output_dict_len: 373
2025-11-16 03:24:02 - 8_0.4_1 - INFO - user class dict total [33, 75, 5, 48, 87, 98, 23, 69, 62, 7]
2025-11-16 03:24:02 - 8_0.4_1 - INFO - idx: 3, output_dict_len: 350
2025-11-16 03:24:02 - 8_0.4_1 - INFO - user class dict total [17, 18, 60, 34, 11, 58, 86, 13, 41, 30]
2025-11-16 03:24:02 - 8_0.4_1 - INFO - idx: 4, output_dict_len: 302
2025-11-16 03:24:02 - 8_0.4_1 - INFO - user class dict total [24, 71, 56, 76, 37, 6, 53, 79, 97, 39]
2025-11-16 03:24:02 - 8_0.4_1 - INFO - idx: 5, output_dict_len: 433
2025-11-16 03:24:02 - 8_0.4_1 - INFO - user class dict total [47, 65, 36, 91, 3, 63, 59, 9, 96, 64]
2025-11-16 03:24:02 - 8_0.4_1 - INFO - idx: 6, output_dict_len: 367
2025-11-16 03:24:02 - 8_0.4_1 - INFO - user class dict total [94, 88, 99, 61, 19, 25, 4, 16, 8, 46]
2025-11-16 03:24:02 - 8_0.4_1 - INFO - idx: 7, output_dict_len: 387
2025-11-16 03:24:02 - 8_0.4_1 - INFO - user class dict total [26, 2, 93, 85, 29, 22, 100, 67, 68, 38]
2025-11-16 03:24:02 - 8_0.4_1 - INFO - idx: 8, output_dict_len: 341
2025-11-16 03:24:02 - 8_0.4_1 - INFO - user class dict total [83, 15, 12, 81, 43, 73, 78, 40, 101, 57, 89, 49]
2025-11-16 03:24:02 - 8_0.4_1 - INFO - idx: 9, output_dict_len: 527
2025-11-16 03:24:02 - 8_0.4_1 - INFO - Creating a baseline federated dataset
2025-11-16 03:24:02 - 8_0.4_1 - INFO - class_num 102
2025-11-16 03:24:02 - 8_0.4_1 - INFO - user class dict total [90, 54, 31, 35, 55, 72, 92, 42, 95, 84]
2025-11-16 03:24:02 - 8_0.4_1 - INFO - idx: 0, output_dict_len: 269
2025-11-16 03:24:02 - 8_0.4_1 - INFO - user class dict total [74, 0, 1, 80, 27, 20, 77, 50, 66, 45]
2025-11-16 03:24:02 - 8_0.4_1 - INFO - idx: 1, output_dict_len: 339
2025-11-16 03:24:02 - 8_0.4_1 - INFO - user class dict total [44, 82, 14, 32, 52, 70, 28, 51, 10, 21]
2025-11-16 03:24:02 - 8_0.4_1 - INFO - idx: 2, output_dict_len: 223
2025-11-16 03:24:02 - 8_0.4_1 - INFO - user class dict total [33, 75, 5, 48, 87, 98, 23, 69, 62, 7]
2025-11-16 03:24:02 - 8_0.4_1 - INFO - idx: 3, output_dict_len: 211
2025-11-16 03:24:02 - 8_0.4_1 - INFO - user class dict total [17, 18, 60, 34, 11, 58, 86, 13, 41, 30]
2025-11-16 03:24:02 - 8_0.4_1 - INFO - idx: 4, output_dict_len: 178
2025-11-16 03:24:02 - 8_0.4_1 - INFO - user class dict total [24, 71, 56, 76, 37, 6, 53, 79, 97, 39]
2025-11-16 03:24:02 - 8_0.4_1 - INFO - idx: 5, output_dict_len: 262
2025-11-16 03:24:02 - 8_0.4_1 - INFO - user class dict total [47, 65, 36, 91, 3, 63, 59, 9, 96, 64]
2025-11-16 03:24:02 - 8_0.4_1 - INFO - idx: 6, output_dict_len: 223
2025-11-16 03:24:02 - 8_0.4_1 - INFO - user class dict total [94, 88, 99, 61, 19, 25, 4, 16, 8, 46]
2025-11-16 03:24:02 - 8_0.4_1 - INFO - idx: 7, output_dict_len: 234
2025-11-16 03:24:02 - 8_0.4_1 - INFO - user class dict total [26, 2, 93, 85, 29, 22, 100, 67, 68, 38]
2025-11-16 03:24:02 - 8_0.4_1 - INFO - idx: 8, output_dict_len: 205
2025-11-16 03:24:02 - 8_0.4_1 - INFO - user class dict total [83, 15, 12, 81, 43, 73, 78, 40, 101, 57, 89, 49]
2025-11-16 03:24:02 - 8_0.4_1 - INFO - idx: 9, output_dict_len: 319
2025-11-16 03:24:02 - 8_0.4_1 - INFO - Loading CLIP (backbone: ViT-B/16)
2025-11-16 03:24:04 - 8_0.4_1 - INFO - Building custom CLIP
2025-11-16 03:24:04 - 8_0.4_1 - INFO - Turning off gradients in both the image and the text encoder
2025-11-16 03:24:33 - 8_0.4_1 - INFO - [Epoch 1/30] 训练耗时: 28.77s | 平均训练准确率: 8.12
2025-11-16 03:25:01 - 8_0.4_1 - INFO - [Epoch 2/30] 训练耗时: 28.03s | 平均训练准确率: 53.26
2025-11-16 03:25:29 - 8_0.4_1 - INFO - [Epoch 3/30] 训练耗时: 27.99s | 平均训练准确率: 66.04
2025-11-16 03:25:57 - 8_0.4_1 - INFO - [Epoch 4/30] 训练耗时: 28.03s | 平均训练准确率: 68.51
2025-11-16 03:26:25 - 8_0.4_1 - INFO - [Epoch 5/30] 训练耗时: 28.02s | 平均训练准确率: 70.76
2025-11-16 03:26:53 - 8_0.4_1 - INFO - [Epoch 6/30] 训练耗时: 28.08s | 平均训练准确率: 70.83
2025-11-16 03:27:21 - 8_0.4_1 - INFO - [Epoch 7/30] 训练耗时: 28.01s | 平均训练准确率: 71.22
2025-11-16 03:27:48 - 8_0.4_1 - INFO - [Epoch 8/30] 训练耗时: 26.91s | 平均训练准确率: 70.83
2025-11-16 03:28:16 - 8_0.4_1 - INFO - [Epoch 9/30] 训练耗时: 28.04s | 平均训练准确率: 70.73
2025-11-16 03:28:44 - 8_0.4_1 - INFO - [Epoch 10/30] 训练耗时: 28.01s | 平均训练准确率: 71.98
2025-11-16 03:29:12 - 8_0.4_1 - INFO - [Epoch 11/30] 训练耗时: 28.03s | 平均训练准确率: 73.26
2025-11-16 03:29:40 - 8_0.4_1 - INFO - [Epoch 12/30] 训练耗时: 27.92s | 平均训练准确率: 73.89
2025-11-16 03:30:05 - 8_0.4_1 - INFO - [Epoch 13/30] 训练耗时: 25.33s | 平均训练准确率: 73.61
2025-11-16 03:30:30 - 8_0.4_1 - INFO - [Epoch 14/30] 训练耗时: 25.21s | 平均训练准确率: 74.58
2025-11-16 03:30:56 - 8_0.4_1 - INFO - [Epoch 15/30] 训练耗时: 25.20s | 平均训练准确率: 73.96
2025-11-16 03:31:21 - 8_0.4_1 - INFO - [Epoch 16/30] 训练耗时: 25.18s | 平均训练准确率: 73.51
2025-11-16 03:31:46 - 8_0.4_1 - INFO - [Epoch 17/30] 训练耗时: 25.20s | 平均训练准确率: 74.03
2025-11-16 03:32:11 - 8_0.4_1 - INFO - [Epoch 18/30] 训练耗时: 25.19s | 平均训练准确率: 74.44
2025-11-16 03:32:36 - 8_0.4_1 - INFO - [Epoch 19/30] 训练耗时: 25.19s | 平均训练准确率: 75.31
2025-11-16 03:33:02 - 8_0.4_1 - INFO - [Epoch 20/30] 训练耗时: 25.21s | 平均训练准确率: 75.49
2025-11-16 03:33:27 - 8_0.4_1 - INFO - [Epoch 21/30] 训练耗时: 25.14s | 平均训练准确率: 75.94
2025-11-16 03:33:51 - 8_0.4_1 - INFO - [Epoch 22/30] 训练耗时: 24.26s | 平均训练准确率: 74.76
2025-11-16 03:34:16 - 8_0.4_1 - INFO - [Epoch 23/30] 训练耗时: 24.98s | 平均训练准确率: 75.14
2025-11-16 03:34:41 - 8_0.4_1 - INFO - [Epoch 24/30] 训练耗时: 25.24s | 平均训练准确率: 77.15
2025-11-16 03:35:09 - 8_0.4_1 - INFO - [Epoch 25/30] 训练耗时: 27.36s | 平均训练准确率: 76.42
2025-11-16 03:35:37 - 8_0.4_1 - INFO - [Epoch 26/30] 训练耗时: 28.19s | 平均训练准确率: 77.88
2025-11-16 03:36:05 - 8_0.4_1 - INFO - [Epoch 27/30] 训练耗时: 28.17s | 平均训练准确率: 77.22
2025-11-16 03:36:33 - 8_0.4_1 - INFO - [Epoch 28/30] 训练耗时: 27.92s | 平均训练准确率: 77.71
2025-11-16 03:36:33 - 8_0.4_1 - INFO - ------------local test start-------------
2025-11-16 03:36:33 - 8_0.4_1 - INFO - Evaluate on the client0 local set
2025-11-16 03:36:35 - 8_0.4_1 - INFO - => result | total 269 | correct 142 | acc 52.79% | err 47.21% | macro_f1 48.87%
2025-11-16 03:36:35 - 8_0.4_1 - INFO - Evaluate on the client0 neighbor set
2025-11-16 03:36:54 - 8_0.4_1 - INFO - => result | total 2,194 | correct 1,700 | acc 77.48% | err 22.52% | macro_f1 70.75%
2025-11-16 03:36:54 - 8_0.4_1 - INFO - Evaluate on the client1 local set
2025-11-16 03:36:56 - 8_0.4_1 - INFO - => result | total 339 | correct 260 | acc 76.70% | err 23.30% | macro_f1 72.46%
2025-11-16 03:36:56 - 8_0.4_1 - INFO - Evaluate on the client1 neighbor set
2025-11-16 03:37:14 - 8_0.4_1 - INFO - => result | total 2,124 | correct 1,589 | acc 74.81% | err 25.19% | macro_f1 69.13%
2025-11-16 03:37:14 - 8_0.4_1 - INFO - Evaluate on the client2 local set
2025-11-16 03:37:16 - 8_0.4_1 - INFO - => result | total 223 | correct 179 | acc 80.27% | err 19.73% | macro_f1 74.38%
2025-11-16 03:37:16 - 8_0.4_1 - INFO - Evaluate on the client2 neighbor set
2025-11-16 03:37:34 - 8_0.4_1 - INFO - => result | total 2,240 | correct 1,680 | acc 75.00% | err 25.00% | macro_f1 68.72%
2025-11-16 03:37:34 - 8_0.4_1 - INFO - Evaluate on the client3 local set
2025-11-16 03:37:36 - 8_0.4_1 - INFO - => result | total 211 | correct 186 | acc 88.15% | err 11.85% | macro_f1 88.38%
2025-11-16 03:37:36 - 8_0.4_1 - INFO - Evaluate on the client3 neighbor set
2025-11-16 03:37:54 - 8_0.4_1 - INFO - => result | total 2,252 | correct 1,684 | acc 74.78% | err 25.22% | macro_f1 68.05%
2025-11-16 03:37:54 - 8_0.4_1 - INFO - Evaluate on the client4 local set
2025-11-16 03:37:56 - 8_0.4_1 - INFO - => result | total 178 | correct 137 | acc 76.97% | err 23.03% | macro_f1 86.79%
2025-11-16 03:37:56 - 8_0.4_1 - INFO - Evaluate on the client4 neighbor set
2025-11-16 03:38:15 - 8_0.4_1 - INFO - => result | total 2,285 | correct 1,735 | acc 75.93% | err 24.07% | macro_f1 68.70%
2025-11-16 03:38:15 - 8_0.4_1 - INFO - Evaluate on the client5 local set
2025-11-16 03:38:17 - 8_0.4_1 - INFO - => result | total 262 | correct 194 | acc 74.05% | err 25.95% | macro_f1 67.63%
2025-11-16 03:38:17 - 8_0.4_1 - INFO - Evaluate on the client5 neighbor set
2025-11-16 03:38:35 - 8_0.4_1 - INFO - => result | total 2,201 | correct 1,678 | acc 76.24% | err 23.76% | macro_f1 70.60%
2025-11-16 03:38:35 - 8_0.4_1 - INFO - Evaluate on the client6 local set
2025-11-16 03:38:37 - 8_0.4_1 - INFO - => result | total 223 | correct 160 | acc 71.75% | err 28.25% | macro_f1 76.10%
2025-11-16 03:38:37 - 8_0.4_1 - INFO - Evaluate on the client6 neighbor set
2025-11-16 03:38:55 - 8_0.4_1 - INFO - => result | total 2,240 | correct 1,718 | acc 76.70% | err 23.30% | macro_f1 70.02%
2025-11-16 03:38:55 - 8_0.4_1 - INFO - Evaluate on the client7 local set
2025-11-16 03:38:57 - 8_0.4_1 - INFO - => result | total 234 | correct 184 | acc 78.63% | err 21.37% | macro_f1 79.70%
2025-11-16 03:38:57 - 8_0.4_1 - INFO - Evaluate on the client7 neighbor set
2025-11-16 03:39:16 - 8_0.4_1 - INFO - => result | total 2,229 | correct 1,694 | acc 76.00% | err 24.00% | macro_f1 69.03%
2025-11-16 03:39:16 - 8_0.4_1 - INFO - Evaluate on the client8 local set
2025-11-16 03:39:18 - 8_0.4_1 - INFO - => result | total 205 | correct 169 | acc 82.44% | err 17.56% | macro_f1 85.40%
2025-11-16 03:39:18 - 8_0.4_1 - INFO - Evaluate on the client8 neighbor set
2025-11-16 03:39:36 - 8_0.4_1 - INFO - => result | total 2,258 | correct 1,709 | acc 75.69% | err 24.31% | macro_f1 68.96%
2025-11-16 03:39:36 - 8_0.4_1 - INFO - Evaluate on the client9 local set
2025-11-16 03:39:39 - 8_0.4_1 - INFO - => result | total 319 | correct 272 | acc 85.27% | err 14.73% | macro_f1 83.70%
2025-11-16 03:39:39 - 8_0.4_1 - INFO - Evaluate on the client9 neighbor set
2025-11-16 03:39:56 - 8_0.4_1 - INFO - => result | total 2,144 | correct 1,608 | acc 75.00% | err 25.00% | macro_f1 69.14%
2025-11-16 03:39:56 - 8_0.4_1 - INFO - Global test local acc: 76.70
2025-11-16 03:39:56 - 8_0.4_1 - INFO - Global test neighbor acc: 75.76
2025-11-16 03:39:56 - 8_0.4_1 - INFO - ------------local test finish-------------
2025-11-16 03:39:56 - 8_0.4_1 - INFO - [Epoch 28/30] 测试耗时: 203.12s
2025-11-16 03:40:23 - 8_0.4_1 - INFO - [Epoch 29/30] 训练耗时: 26.45s | 平均训练准确率: 77.19
2025-11-16 03:40:23 - 8_0.4_1 - INFO - ------------local test start-------------
2025-11-16 03:40:23 - 8_0.4_1 - INFO - Evaluate on the client0 local set
2025-11-16 03:40:25 - 8_0.4_1 - INFO - => result | total 269 | correct 148 | acc 55.02% | err 44.98% | macro_f1 53.46%
2025-11-16 03:40:25 - 8_0.4_1 - INFO - Evaluate on the client0 neighbor set
2025-11-16 03:40:43 - 8_0.4_1 - INFO - => result | total 2,194 | correct 1,736 | acc 79.12% | err 20.88% | macro_f1 72.77%
2025-11-16 03:40:43 - 8_0.4_1 - INFO - Evaluate on the client1 local set
2025-11-16 03:40:46 - 8_0.4_1 - INFO - => result | total 339 | correct 250 | acc 73.75% | err 26.25% | macro_f1 68.38%
2025-11-16 03:40:46 - 8_0.4_1 - INFO - Evaluate on the client1 neighbor set
2025-11-16 03:41:03 - 8_0.4_1 - INFO - => result | total 2,124 | correct 1,630 | acc 76.74% | err 23.26% | macro_f1 71.48%
2025-11-16 03:41:03 - 8_0.4_1 - INFO - Evaluate on the client2 local set
2025-11-16 03:41:05 - 8_0.4_1 - INFO - => result | total 223 | correct 174 | acc 78.03% | err 21.97% | macro_f1 73.22%
2025-11-16 03:41:05 - 8_0.4_1 - INFO - Evaluate on the client2 neighbor set
2025-11-16 03:41:23 - 8_0.4_1 - INFO - => result | total 2,240 | correct 1,710 | acc 76.34% | err 23.66% | macro_f1 70.20%
2025-11-16 03:41:23 - 8_0.4_1 - INFO - Evaluate on the client3 local set
2025-11-16 03:41:25 - 8_0.4_1 - INFO - => result | total 211 | correct 176 | acc 83.41% | err 16.59% | macro_f1 82.93%
2025-11-16 03:41:25 - 8_0.4_1 - INFO - Evaluate on the client3 neighbor set
2025-11-16 03:41:43 - 8_0.4_1 - INFO - => result | total 2,252 | correct 1,705 | acc 75.71% | err 24.29% | macro_f1 69.42%
2025-11-16 03:41:43 - 8_0.4_1 - INFO - Evaluate on the client4 local set
2025-11-16 03:41:45 - 8_0.4_1 - INFO - => result | total 178 | correct 151 | acc 84.83% | err 15.17% | macro_f1 92.76%
2025-11-16 03:41:45 - 8_0.4_1 - INFO - Evaluate on the client4 neighbor set
2025-11-16 03:42:03 - 8_0.4_1 - INFO - => result | total 2,285 | correct 1,731 | acc 75.75% | err 24.25% | macro_f1 68.50%
2025-11-16 03:42:03 - 8_0.4_1 - INFO - Evaluate on the client5 local set
2025-11-16 03:42:05 - 8_0.4_1 - INFO - => result | total 262 | correct 201 | acc 76.72% | err 23.28% | macro_f1 72.38%
2025-11-16 03:42:05 - 8_0.4_1 - INFO - Evaluate on the client5 neighbor set
2025-11-16 03:42:23 - 8_0.4_1 - INFO - => result | total 2,201 | correct 1,678 | acc 76.24% | err 23.76% | macro_f1 70.24%
2025-11-16 03:42:23 - 8_0.4_1 - INFO - Evaluate on the client6 local set
2025-11-16 03:42:25 - 8_0.4_1 - INFO - => result | total 223 | correct 159 | acc 71.30% | err 28.70% | macro_f1 69.99%
2025-11-16 03:42:25 - 8_0.4_1 - INFO - Evaluate on the client6 neighbor set
2025-11-16 03:42:43 - 8_0.4_1 - INFO - => result | total 2,240 | correct 1,715 | acc 76.56% | err 23.44% | macro_f1 69.98%
2025-11-16 03:42:43 - 8_0.4_1 - INFO - Evaluate on the client7 local set
2025-11-16 03:42:45 - 8_0.4_1 - INFO - => result | total 234 | correct 188 | acc 80.34% | err 19.66% | macro_f1 78.71%
2025-11-16 03:42:45 - 8_0.4_1 - INFO - Evaluate on the client7 neighbor set
2025-11-16 03:43:03 - 8_0.4_1 - INFO - => result | total 2,229 | correct 1,686 | acc 75.64% | err 24.36% | macro_f1 68.56%
2025-11-16 03:43:03 - 8_0.4_1 - INFO - Evaluate on the client8 local set
2025-11-16 03:43:05 - 8_0.4_1 - INFO - => result | total 205 | correct 175 | acc 85.37% | err 14.63% | macro_f1 87.96%
2025-11-16 03:43:05 - 8_0.4_1 - INFO - Evaluate on the client8 neighbor set
2025-11-16 03:43:23 - 8_0.4_1 - INFO - => result | total 2,258 | correct 1,695 | acc 75.07% | err 24.93% | macro_f1 67.72%
2025-11-16 03:43:23 - 8_0.4_1 - INFO - Evaluate on the client9 local set
2025-11-16 03:43:26 - 8_0.4_1 - INFO - => result | total 319 | correct 255 | acc 79.94% | err 20.06% | macro_f1 79.33%
2025-11-16 03:43:26 - 8_0.4_1 - INFO - Evaluate on the client9 neighbor set
2025-11-16 03:43:43 - 8_0.4_1 - INFO - => result | total 2,144 | correct 1,614 | acc 75.28% | err 24.72% | macro_f1 68.77%
2025-11-16 03:43:43 - 8_0.4_1 - INFO - Global test local acc: 76.87
2025-11-16 03:43:43 - 8_0.4_1 - INFO - Global test neighbor acc: 76.25
2025-11-16 03:43:43 - 8_0.4_1 - INFO - ------------local test finish-------------
2025-11-16 03:43:43 - 8_0.4_1 - INFO - [Epoch 29/30] 测试耗时: 200.55s
2025-11-16 03:44:08 - 8_0.4_1 - INFO - [Epoch 30/30] 训练耗时: 25.22s | 平均训练准确率: 77.71
2025-11-16 03:44:08 - 8_0.4_1 - INFO - ------------local test start-------------
2025-11-16 03:44:08 - 8_0.4_1 - INFO - Evaluate on the client0 local set
2025-11-16 03:44:10 - 8_0.4_1 - INFO - => result | total 269 | correct 150 | acc 55.76% | err 44.24% | macro_f1 53.90%
2025-11-16 03:44:10 - 8_0.4_1 - INFO - Evaluate on the client0 neighbor set
2025-11-16 03:44:28 - 8_0.4_1 - INFO - => result | total 2,194 | correct 1,733 | acc 78.99% | err 21.01% | macro_f1 72.42%
2025-11-16 03:44:28 - 8_0.4_1 - INFO - Evaluate on the client1 local set
2025-11-16 03:44:31 - 8_0.4_1 - INFO - => result | total 339 | correct 254 | acc 74.93% | err 25.07% | macro_f1 69.85%
2025-11-16 03:44:31 - 8_0.4_1 - INFO - Evaluate on the client1 neighbor set
2025-11-16 03:44:48 - 8_0.4_1 - INFO - => result | total 2,124 | correct 1,627 | acc 76.60% | err 23.40% | macro_f1 71.19%
2025-11-16 03:44:48 - 8_0.4_1 - INFO - Evaluate on the client2 local set
2025-11-16 03:44:50 - 8_0.4_1 - INFO - => result | total 223 | correct 173 | acc 77.58% | err 22.42% | macro_f1 73.39%
2025-11-16 03:44:50 - 8_0.4_1 - INFO - Evaluate on the client2 neighbor set
2025-11-16 03:45:08 - 8_0.4_1 - INFO - => result | total 2,240 | correct 1,713 | acc 76.47% | err 23.53% | macro_f1 69.68%
2025-11-16 03:45:08 - 8_0.4_1 - INFO - Evaluate on the client3 local set
2025-11-16 03:45:09 - 8_0.4_1 - INFO - => result | total 211 | correct 184 | acc 87.20% | err 12.80% | macro_f1 88.20%
2025-11-16 03:45:09 - 8_0.4_1 - INFO - Evaluate on the client3 neighbor set
2025-11-16 03:45:28 - 8_0.4_1 - INFO - => result | total 2,252 | correct 1,705 | acc 75.71% | err 24.29% | macro_f1 68.75%
2025-11-16 03:45:28 - 8_0.4_1 - INFO - Evaluate on the client4 local set
2025-11-16 03:45:29 - 8_0.4_1 - INFO - => result | total 178 | correct 147 | acc 82.58% | err 17.42% | macro_f1 91.37%
2025-11-16 03:45:29 - 8_0.4_1 - INFO - Evaluate on the client4 neighbor set
2025-11-16 03:45:48 - 8_0.4_1 - INFO - => result | total 2,285 | correct 1,740 | acc 76.15% | err 23.85% | macro_f1 68.63%
2025-11-16 03:45:48 - 8_0.4_1 - INFO - Evaluate on the client5 local set
2025-11-16 03:45:50 - 8_0.4_1 - INFO - => result | total 262 | correct 197 | acc 75.19% | err 24.81% | macro_f1 69.29%
2025-11-16 03:45:50 - 8_0.4_1 - INFO - Evaluate on the client5 neighbor set
2025-11-16 03:46:08 - 8_0.4_1 - INFO - => result | total 2,201 | correct 1,689 | acc 76.74% | err 23.26% | macro_f1 70.58%
2025-11-16 03:46:08 - 8_0.4_1 - INFO - Evaluate on the client6 local set
2025-11-16 03:46:10 - 8_0.4_1 - INFO - => result | total 223 | correct 162 | acc 72.65% | err 27.35% | macro_f1 73.13%
2025-11-16 03:46:10 - 8_0.4_1 - INFO - Evaluate on the client6 neighbor set
2025-11-16 03:46:28 - 8_0.4_1 - INFO - => result | total 2,240 | correct 1,728 | acc 77.14% | err 22.86% | macro_f1 70.57%
2025-11-16 03:46:28 - 8_0.4_1 - INFO - Evaluate on the client7 local set
2025-11-16 03:46:30 - 8_0.4_1 - INFO - => result | total 234 | correct 188 | acc 80.34% | err 19.66% | macro_f1 80.98%
2025-11-16 03:46:30 - 8_0.4_1 - INFO - Evaluate on the client7 neighbor set
2025-11-16 03:46:48 - 8_0.4_1 - INFO - => result | total 2,229 | correct 1,701 | acc 76.31% | err 23.69% | macro_f1 68.80%
2025-11-16 03:46:48 - 8_0.4_1 - INFO - Evaluate on the client8 local set
2025-11-16 03:46:49 - 8_0.4_1 - INFO - => result | total 205 | correct 172 | acc 83.90% | err 16.10% | macro_f1 86.45%
2025-11-16 03:46:49 - 8_0.4_1 - INFO - Evaluate on the client8 neighbor set
2025-11-16 03:47:07 - 8_0.4_1 - INFO - => result | total 2,258 | correct 1,717 | acc 76.04% | err 23.96% | macro_f1 68.72%
2025-11-16 03:47:07 - 8_0.4_1 - INFO - Evaluate on the client9 local set
2025-11-16 03:47:10 - 8_0.4_1 - INFO - => result | total 319 | correct 268 | acc 84.01% | err 15.99% | macro_f1 81.13%
2025-11-16 03:47:10 - 8_0.4_1 - INFO - Evaluate on the client9 neighbor set
2025-11-16 03:47:27 - 8_0.4_1 - INFO - => result | total 2,144 | correct 1,621 | acc 75.61% | err 24.39% | macro_f1 69.35%
2025-11-16 03:47:27 - 8_0.4_1 - INFO - Global test local acc: 77.41
2025-11-16 03:47:27 - 8_0.4_1 - INFO - Global test neighbor acc: 76.58
2025-11-16 03:47:27 - 8_0.4_1 - INFO - ------------local test finish-------------
2025-11-16 03:47:27 - 8_0.4_1 - INFO - [Epoch 30/30] 测试耗时: 198.85s
2025-11-16 03:47:27 - 8_0.4_1 - INFO - maximum test local acc: 77.415
2025-11-16 03:47:27 - 8_0.4_1 - INFO - mean of local acc: 76.995
2025-11-16 03:47:27 - 8_0.4_1 - INFO - maximum test neighbor acc: 76.576
2025-11-16 03:47:27 - 8_0.4_1 - INFO - mean of neighbor acc: 76.195
