2025-11-16 06:33:39 - 8_0.1_1 - INFO - 日志文件已创建: logs/oxford_flowers/dpfpl/8_0.1_1_20251116_063339.log
2025-11-16 06:33:39 - 8_0.1_1 - INFO - Loading trainer: DP_FPL
2025-11-16 06:33:39 - 8_0.1_1 - INFO - Loading dataset: OxfordFlowers
2025-11-16 06:33:39 - 8_0.1_1 - INFO - Reading split from /home/liuxin25/dataset/oxford_flowers/split_zhou_OxfordFlowers.json
2025-11-16 06:33:39 - 8_0.1_1 - INFO - Creating a baseline federated dataset
2025-11-16 06:33:39 - 8_0.1_1 - INFO - class_num 102
2025-11-16 06:33:39 - 8_0.1_1 - INFO - user class dict total [90, 54, 31, 35, 55, 72, 92, 42, 95, 84]
2025-11-16 06:33:39 - 8_0.1_1 - INFO - idx: 0, output_dict_len: 451
2025-11-16 06:33:39 - 8_0.1_1 - INFO - user class dict total [74, 0, 1, 80, 27, 20, 77, 50, 66, 45]
2025-11-16 06:33:39 - 8_0.1_1 - INFO - idx: 1, output_dict_len: 562
2025-11-16 06:33:39 - 8_0.1_1 - INFO - user class dict total [44, 82, 14, 32, 52, 70, 28, 51, 10, 21]
2025-11-16 06:33:39 - 8_0.1_1 - INFO - idx: 2, output_dict_len: 373
2025-11-16 06:33:39 - 8_0.1_1 - INFO - user class dict total [33, 75, 5, 48, 87, 98, 23, 69, 62, 7]
2025-11-16 06:33:39 - 8_0.1_1 - INFO - idx: 3, output_dict_len: 350
2025-11-16 06:33:39 - 8_0.1_1 - INFO - user class dict total [17, 18, 60, 34, 11, 58, 86, 13, 41, 30]
2025-11-16 06:33:39 - 8_0.1_1 - INFO - idx: 4, output_dict_len: 302
2025-11-16 06:33:39 - 8_0.1_1 - INFO - user class dict total [24, 71, 56, 76, 37, 6, 53, 79, 97, 39]
2025-11-16 06:33:39 - 8_0.1_1 - INFO - idx: 5, output_dict_len: 433
2025-11-16 06:33:39 - 8_0.1_1 - INFO - user class dict total [47, 65, 36, 91, 3, 63, 59, 9, 96, 64]
2025-11-16 06:33:39 - 8_0.1_1 - INFO - idx: 6, output_dict_len: 367
2025-11-16 06:33:39 - 8_0.1_1 - INFO - user class dict total [94, 88, 99, 61, 19, 25, 4, 16, 8, 46]
2025-11-16 06:33:39 - 8_0.1_1 - INFO - idx: 7, output_dict_len: 387
2025-11-16 06:33:39 - 8_0.1_1 - INFO - user class dict total [26, 2, 93, 85, 29, 22, 100, 67, 68, 38]
2025-11-16 06:33:39 - 8_0.1_1 - INFO - idx: 8, output_dict_len: 341
2025-11-16 06:33:39 - 8_0.1_1 - INFO - user class dict total [83, 15, 12, 81, 43, 73, 78, 40, 101, 57, 89, 49]
2025-11-16 06:33:39 - 8_0.1_1 - INFO - idx: 9, output_dict_len: 527
2025-11-16 06:33:39 - 8_0.1_1 - INFO - Creating a baseline federated dataset
2025-11-16 06:33:39 - 8_0.1_1 - INFO - class_num 102
2025-11-16 06:33:39 - 8_0.1_1 - INFO - user class dict total [90, 54, 31, 35, 55, 72, 92, 42, 95, 84]
2025-11-16 06:33:39 - 8_0.1_1 - INFO - idx: 0, output_dict_len: 269
2025-11-16 06:33:39 - 8_0.1_1 - INFO - user class dict total [74, 0, 1, 80, 27, 20, 77, 50, 66, 45]
2025-11-16 06:33:39 - 8_0.1_1 - INFO - idx: 1, output_dict_len: 339
2025-11-16 06:33:39 - 8_0.1_1 - INFO - user class dict total [44, 82, 14, 32, 52, 70, 28, 51, 10, 21]
2025-11-16 06:33:39 - 8_0.1_1 - INFO - idx: 2, output_dict_len: 223
2025-11-16 06:33:39 - 8_0.1_1 - INFO - user class dict total [33, 75, 5, 48, 87, 98, 23, 69, 62, 7]
2025-11-16 06:33:39 - 8_0.1_1 - INFO - idx: 3, output_dict_len: 211
2025-11-16 06:33:39 - 8_0.1_1 - INFO - user class dict total [17, 18, 60, 34, 11, 58, 86, 13, 41, 30]
2025-11-16 06:33:39 - 8_0.1_1 - INFO - idx: 4, output_dict_len: 178
2025-11-16 06:33:39 - 8_0.1_1 - INFO - user class dict total [24, 71, 56, 76, 37, 6, 53, 79, 97, 39]
2025-11-16 06:33:39 - 8_0.1_1 - INFO - idx: 5, output_dict_len: 262
2025-11-16 06:33:39 - 8_0.1_1 - INFO - user class dict total [47, 65, 36, 91, 3, 63, 59, 9, 96, 64]
2025-11-16 06:33:39 - 8_0.1_1 - INFO - idx: 6, output_dict_len: 223
2025-11-16 06:33:39 - 8_0.1_1 - INFO - user class dict total [94, 88, 99, 61, 19, 25, 4, 16, 8, 46]
2025-11-16 06:33:39 - 8_0.1_1 - INFO - idx: 7, output_dict_len: 234
2025-11-16 06:33:39 - 8_0.1_1 - INFO - user class dict total [26, 2, 93, 85, 29, 22, 100, 67, 68, 38]
2025-11-16 06:33:39 - 8_0.1_1 - INFO - idx: 8, output_dict_len: 205
2025-11-16 06:33:39 - 8_0.1_1 - INFO - user class dict total [83, 15, 12, 81, 43, 73, 78, 40, 101, 57, 89, 49]
2025-11-16 06:33:39 - 8_0.1_1 - INFO - idx: 9, output_dict_len: 319
2025-11-16 06:33:39 - 8_0.1_1 - INFO - Loading CLIP (backbone: ViT-B/16)
2025-11-16 06:33:41 - 8_0.1_1 - INFO - Building custom CLIP
2025-11-16 06:33:41 - 8_0.1_1 - INFO - Turning off gradients in both the image and the text encoder
2025-11-16 06:34:10 - 8_0.1_1 - INFO - [Epoch 1/30] 训练耗时: 29.11s | 平均训练准确率: 8.12
2025-11-16 06:34:38 - 8_0.1_1 - INFO - [Epoch 2/30] 训练耗时: 28.13s | 平均训练准确率: 51.67
2025-11-16 06:35:05 - 8_0.1_1 - INFO - [Epoch 3/30] 训练耗时: 27.35s | 平均训练准确率: 62.01
2025-11-16 06:35:33 - 8_0.1_1 - INFO - [Epoch 4/30] 训练耗时: 27.70s | 平均训练准确率: 65.14
2025-11-16 06:36:01 - 8_0.1_1 - INFO - [Epoch 5/30] 训练耗时: 28.14s | 平均训练准确率: 66.01
2025-11-16 06:36:29 - 8_0.1_1 - INFO - [Epoch 6/30] 训练耗时: 28.09s | 平均训练准确率: 66.84
2025-11-16 06:36:58 - 8_0.1_1 - INFO - [Epoch 7/30] 训练耗时: 28.25s | 平均训练准确率: 67.05
2025-11-16 06:37:24 - 8_0.1_1 - INFO - [Epoch 8/30] 训练耗时: 26.10s | 平均训练准确率: 66.63
2025-11-16 06:37:49 - 8_0.1_1 - INFO - [Epoch 9/30] 训练耗时: 25.19s | 平均训练准确率: 66.25
2025-11-16 06:38:14 - 8_0.1_1 - INFO - [Epoch 10/30] 训练耗时: 25.18s | 平均训练准确率: 68.40
2025-11-16 06:38:39 - 8_0.1_1 - INFO - [Epoch 11/30] 训练耗时: 25.19s | 平均训练准确率: 67.57
2025-11-16 06:39:04 - 8_0.1_1 - INFO - [Epoch 12/30] 训练耗时: 25.20s | 平均训练准确率: 67.50
2025-11-16 06:39:30 - 8_0.1_1 - INFO - [Epoch 13/30] 训练耗时: 25.34s | 平均训练准确率: 67.81
2025-11-16 06:39:55 - 8_0.1_1 - INFO - [Epoch 14/30] 训练耗时: 25.19s | 平均训练准确率: 70.03
2025-11-16 06:40:20 - 8_0.1_1 - INFO - [Epoch 15/30] 训练耗时: 25.24s | 平均训练准确率: 68.40
2025-11-16 06:40:45 - 8_0.1_1 - INFO - [Epoch 16/30] 训练耗时: 25.28s | 平均训练准确率: 65.69
2025-11-16 06:41:10 - 8_0.1_1 - INFO - [Epoch 17/30] 训练耗时: 24.67s | 平均训练准确率: 67.36
2025-11-16 06:41:35 - 8_0.1_1 - INFO - [Epoch 18/30] 训练耗时: 24.58s | 平均训练准确率: 68.26
2025-11-16 06:42:00 - 8_0.1_1 - INFO - [Epoch 19/30] 训练耗时: 25.30s | 平均训练准确率: 67.99
2025-11-16 06:42:25 - 8_0.1_1 - INFO - [Epoch 20/30] 训练耗时: 25.23s | 平均训练准确率: 66.81
2025-11-16 06:42:51 - 8_0.1_1 - INFO - [Epoch 21/30] 训练耗时: 25.31s | 平均训练准确率: 65.62
2025-11-16 06:43:16 - 8_0.1_1 - INFO - [Epoch 22/30] 训练耗时: 25.18s | 平均训练准确率: 67.19
2025-11-16 06:43:41 - 8_0.1_1 - INFO - [Epoch 23/30] 训练耗时: 25.22s | 平均训练准确率: 67.08
2025-11-16 06:44:06 - 8_0.1_1 - INFO - [Epoch 24/30] 训练耗时: 25.21s | 平均训练准确率: 68.12
2025-11-16 06:44:32 - 8_0.1_1 - INFO - [Epoch 25/30] 训练耗时: 25.31s | 平均训练准确率: 67.74
2025-11-16 06:44:57 - 8_0.1_1 - INFO - [Epoch 26/30] 训练耗时: 25.18s | 平均训练准确率: 68.78
2025-11-16 06:45:22 - 8_0.1_1 - INFO - [Epoch 27/30] 训练耗时: 25.19s | 平均训练准确率: 68.51
2025-11-16 06:45:47 - 8_0.1_1 - INFO - [Epoch 28/30] 训练耗时: 25.20s | 平均训练准确率: 69.27
2025-11-16 06:45:47 - 8_0.1_1 - INFO - ------------local test start-------------
2025-11-16 06:45:47 - 8_0.1_1 - INFO - Evaluate on the client0 local set
2025-11-16 06:45:49 - 8_0.1_1 - INFO - => result | total 269 | correct 131 | acc 48.70% | err 51.30% | macro_f1 48.09%
2025-11-16 06:45:49 - 8_0.1_1 - INFO - Evaluate on the client0 neighbor set
2025-11-16 06:46:08 - 8_0.1_1 - INFO - => result | total 2,194 | correct 1,605 | acc 73.15% | err 26.85% | macro_f1 66.29%
2025-11-16 06:46:08 - 8_0.1_1 - INFO - Evaluate on the client1 local set
2025-11-16 06:46:10 - 8_0.1_1 - INFO - => result | total 339 | correct 245 | acc 72.27% | err 27.73% | macro_f1 70.35%
2025-11-16 06:46:10 - 8_0.1_1 - INFO - Evaluate on the client1 neighbor set
2025-11-16 06:46:28 - 8_0.1_1 - INFO - => result | total 2,124 | correct 1,493 | acc 70.29% | err 29.71% | macro_f1 64.47%
2025-11-16 06:46:28 - 8_0.1_1 - INFO - Evaluate on the client2 local set
2025-11-16 06:46:29 - 8_0.1_1 - INFO - => result | total 223 | correct 171 | acc 76.68% | err 23.32% | macro_f1 72.02%
2025-11-16 06:46:29 - 8_0.1_1 - INFO - Evaluate on the client2 neighbor set
2025-11-16 06:46:48 - 8_0.1_1 - INFO - => result | total 2,240 | correct 1,567 | acc 69.96% | err 30.04% | macro_f1 63.38%
2025-11-16 06:46:48 - 8_0.1_1 - INFO - Evaluate on the client3 local set
2025-11-16 06:46:50 - 8_0.1_1 - INFO - => result | total 211 | correct 175 | acc 82.94% | err 17.06% | macro_f1 81.04%
2025-11-16 06:46:50 - 8_0.1_1 - INFO - Evaluate on the client3 neighbor set
2025-11-16 06:47:08 - 8_0.1_1 - INFO - => result | total 2,252 | correct 1,567 | acc 69.58% | err 30.42% | macro_f1 63.23%
2025-11-16 06:47:08 - 8_0.1_1 - INFO - Evaluate on the client4 local set
2025-11-16 06:47:09 - 8_0.1_1 - INFO - => result | total 178 | correct 134 | acc 75.28% | err 24.72% | macro_f1 85.41%
2025-11-16 06:47:09 - 8_0.1_1 - INFO - Evaluate on the client4 neighbor set
2025-11-16 06:47:27 - 8_0.1_1 - INFO - => result | total 2,285 | correct 1,609 | acc 70.42% | err 29.58% | macro_f1 63.13%
2025-11-16 06:47:27 - 8_0.1_1 - INFO - Evaluate on the client5 local set
2025-11-16 06:47:29 - 8_0.1_1 - INFO - => result | total 262 | correct 214 | acc 81.68% | err 18.32% | macro_f1 78.86%
2025-11-16 06:47:29 - 8_0.1_1 - INFO - Evaluate on the client5 neighbor set
2025-11-16 06:47:47 - 8_0.1_1 - INFO - => result | total 2,201 | correct 1,528 | acc 69.42% | err 30.58% | macro_f1 62.98%
2025-11-16 06:47:47 - 8_0.1_1 - INFO - Evaluate on the client6 local set
2025-11-16 06:47:49 - 8_0.1_1 - INFO - => result | total 223 | correct 110 | acc 49.33% | err 50.67% | macro_f1 58.30%
2025-11-16 06:47:49 - 8_0.1_1 - INFO - Evaluate on the client6 neighbor set
2025-11-16 06:48:07 - 8_0.1_1 - INFO - => result | total 2,240 | correct 1,633 | acc 72.90% | err 27.10% | macro_f1 65.67%
2025-11-16 06:48:07 - 8_0.1_1 - INFO - Evaluate on the client7 local set
2025-11-16 06:48:09 - 8_0.1_1 - INFO - => result | total 234 | correct 160 | acc 68.38% | err 31.62% | macro_f1 70.85%
2025-11-16 06:48:09 - 8_0.1_1 - INFO - Evaluate on the client7 neighbor set
2025-11-16 06:48:27 - 8_0.1_1 - INFO - => result | total 2,229 | correct 1,582 | acc 70.97% | err 29.03% | macro_f1 63.95%
2025-11-16 06:48:27 - 8_0.1_1 - INFO - Evaluate on the client8 local set
2025-11-16 06:48:29 - 8_0.1_1 - INFO - => result | total 205 | correct 141 | acc 68.78% | err 31.22% | macro_f1 67.94%
2025-11-16 06:48:29 - 8_0.1_1 - INFO - Evaluate on the client8 neighbor set
2025-11-16 06:48:47 - 8_0.1_1 - INFO - => result | total 2,258 | correct 1,602 | acc 70.95% | err 29.05% | macro_f1 64.70%
2025-11-16 06:48:47 - 8_0.1_1 - INFO - Evaluate on the client9 local set
2025-11-16 06:48:49 - 8_0.1_1 - INFO - => result | total 319 | correct 260 | acc 81.50% | err 18.50% | macro_f1 81.36%
2025-11-16 06:48:49 - 8_0.1_1 - INFO - Evaluate on the client9 neighbor set
2025-11-16 06:49:07 - 8_0.1_1 - INFO - => result | total 2,144 | correct 1,483 | acc 69.17% | err 30.83% | macro_f1 62.48%
2025-11-16 06:49:07 - 8_0.1_1 - INFO - Global test local acc: 70.55
2025-11-16 06:49:07 - 8_0.1_1 - INFO - Global test neighbor acc: 70.68
2025-11-16 06:49:07 - 8_0.1_1 - INFO - ------------local test finish-------------
2025-11-16 06:49:07 - 8_0.1_1 - INFO - [Epoch 28/30] 测试耗时: 199.67s
2025-11-16 06:49:32 - 8_0.1_1 - INFO - [Epoch 29/30] 训练耗时: 25.25s | 平均训练准确率: 68.33
2025-11-16 06:49:32 - 8_0.1_1 - INFO - ------------local test start-------------
2025-11-16 06:49:32 - 8_0.1_1 - INFO - Evaluate on the client0 local set
2025-11-16 06:49:34 - 8_0.1_1 - INFO - => result | total 269 | correct 135 | acc 50.19% | err 49.81% | macro_f1 49.90%
2025-11-16 06:49:34 - 8_0.1_1 - INFO - Evaluate on the client0 neighbor set
2025-11-16 06:49:52 - 8_0.1_1 - INFO - => result | total 2,194 | correct 1,627 | acc 74.16% | err 25.84% | macro_f1 67.81%
2025-11-16 06:49:52 - 8_0.1_1 - INFO - Evaluate on the client1 local set
2025-11-16 06:49:55 - 8_0.1_1 - INFO - => result | total 339 | correct 251 | acc 74.04% | err 25.96% | macro_f1 75.79%
2025-11-16 06:49:55 - 8_0.1_1 - INFO - Evaluate on the client1 neighbor set
2025-11-16 06:50:13 - 8_0.1_1 - INFO - => result | total 2,124 | correct 1,511 | acc 71.14% | err 28.86% | macro_f1 65.70%
2025-11-16 06:50:13 - 8_0.1_1 - INFO - Evaluate on the client2 local set
2025-11-16 06:50:14 - 8_0.1_1 - INFO - => result | total 223 | correct 170 | acc 76.23% | err 23.77% | macro_f1 71.66%
2025-11-16 06:50:14 - 8_0.1_1 - INFO - Evaluate on the client2 neighbor set
2025-11-16 06:50:33 - 8_0.1_1 - INFO - => result | total 2,240 | correct 1,591 | acc 71.03% | err 28.97% | macro_f1 64.89%
2025-11-16 06:50:33 - 8_0.1_1 - INFO - Evaluate on the client3 local set
2025-11-16 06:50:34 - 8_0.1_1 - INFO - => result | total 211 | correct 175 | acc 82.94% | err 17.06% | macro_f1 82.97%
2025-11-16 06:50:34 - 8_0.1_1 - INFO - Evaluate on the client3 neighbor set
2025-11-16 06:50:52 - 8_0.1_1 - INFO - => result | total 2,252 | correct 1,584 | acc 70.34% | err 29.66% | macro_f1 64.26%
2025-11-16 06:50:52 - 8_0.1_1 - INFO - Evaluate on the client4 local set
2025-11-16 06:50:54 - 8_0.1_1 - INFO - => result | total 178 | correct 135 | acc 75.84% | err 24.16% | macro_f1 85.84%
2025-11-16 06:50:54 - 8_0.1_1 - INFO - Evaluate on the client4 neighbor set
2025-11-16 06:51:12 - 8_0.1_1 - INFO - => result | total 2,285 | correct 1,621 | acc 70.94% | err 29.06% | macro_f1 64.44%
2025-11-16 06:51:12 - 8_0.1_1 - INFO - Evaluate on the client5 local set
2025-11-16 06:51:14 - 8_0.1_1 - INFO - => result | total 262 | correct 209 | acc 79.77% | err 20.23% | macro_f1 76.93%
2025-11-16 06:51:14 - 8_0.1_1 - INFO - Evaluate on the client5 neighbor set
2025-11-16 06:51:32 - 8_0.1_1 - INFO - => result | total 2,201 | correct 1,544 | acc 70.15% | err 29.85% | macro_f1 64.39%
2025-11-16 06:51:32 - 8_0.1_1 - INFO - Evaluate on the client6 local set
2025-11-16 06:51:34 - 8_0.1_1 - INFO - => result | total 223 | correct 116 | acc 52.02% | err 47.98% | macro_f1 61.23%
2025-11-16 06:51:34 - 8_0.1_1 - INFO - Evaluate on the client6 neighbor set
2025-11-16 06:51:53 - 8_0.1_1 - INFO - => result | total 2,240 | correct 1,638 | acc 73.12% | err 26.88% | macro_f1 66.43%
2025-11-16 06:51:53 - 8_0.1_1 - INFO - Evaluate on the client7 local set
2025-11-16 06:51:55 - 8_0.1_1 - INFO - => result | total 234 | correct 164 | acc 70.09% | err 29.91% | macro_f1 72.59%
2025-11-16 06:51:55 - 8_0.1_1 - INFO - Evaluate on the client7 neighbor set
2025-11-16 06:52:13 - 8_0.1_1 - INFO - => result | total 2,229 | correct 1,590 | acc 71.33% | err 28.67% | macro_f1 65.17%
2025-11-16 06:52:13 - 8_0.1_1 - INFO - Evaluate on the client8 local set
2025-11-16 06:52:15 - 8_0.1_1 - INFO - => result | total 205 | correct 142 | acc 69.27% | err 30.73% | macro_f1 68.03%
2025-11-16 06:52:15 - 8_0.1_1 - INFO - Evaluate on the client8 neighbor set
2025-11-16 06:52:33 - 8_0.1_1 - INFO - => result | total 2,258 | correct 1,611 | acc 71.35% | err 28.65% | macro_f1 66.08%
2025-11-16 06:52:33 - 8_0.1_1 - INFO - Evaluate on the client9 local set
2025-11-16 06:52:35 - 8_0.1_1 - INFO - => result | total 319 | correct 262 | acc 82.13% | err 17.87% | macro_f1 81.60%
2025-11-16 06:52:35 - 8_0.1_1 - INFO - Evaluate on the client9 neighbor set
2025-11-16 06:52:53 - 8_0.1_1 - INFO - => result | total 2,144 | correct 1,491 | acc 69.54% | err 30.46% | macro_f1 64.04%
2025-11-16 06:52:53 - 8_0.1_1 - INFO - Global test local acc: 71.25
2025-11-16 06:52:53 - 8_0.1_1 - INFO - Global test neighbor acc: 71.31
2025-11-16 06:52:53 - 8_0.1_1 - INFO - ------------local test finish-------------
2025-11-16 06:52:53 - 8_0.1_1 - INFO - [Epoch 29/30] 测试耗时: 200.78s
2025-11-16 06:53:18 - 8_0.1_1 - INFO - [Epoch 30/30] 训练耗时: 25.23s | 平均训练准确率: 68.19
2025-11-16 06:53:18 - 8_0.1_1 - INFO - ------------local test start-------------
2025-11-16 06:53:18 - 8_0.1_1 - INFO - Evaluate on the client0 local set
2025-11-16 06:53:20 - 8_0.1_1 - INFO - => result | total 269 | correct 133 | acc 49.44% | err 50.56% | macro_f1 49.16%
2025-11-16 06:53:20 - 8_0.1_1 - INFO - Evaluate on the client0 neighbor set
2025-11-16 06:53:38 - 8_0.1_1 - INFO - => result | total 2,194 | correct 1,617 | acc 73.70% | err 26.30% | macro_f1 67.48%
2025-11-16 06:53:38 - 8_0.1_1 - INFO - Evaluate on the client1 local set
2025-11-16 06:53:40 - 8_0.1_1 - INFO - => result | total 339 | correct 248 | acc 73.16% | err 26.84% | macro_f1 71.88%
2025-11-16 06:53:40 - 8_0.1_1 - INFO - Evaluate on the client1 neighbor set
2025-11-16 06:53:57 - 8_0.1_1 - INFO - => result | total 2,124 | correct 1,498 | acc 70.53% | err 29.47% | macro_f1 65.47%
2025-11-16 06:53:57 - 8_0.1_1 - INFO - Evaluate on the client2 local set
2025-11-16 06:53:59 - 8_0.1_1 - INFO - => result | total 223 | correct 170 | acc 76.23% | err 23.77% | macro_f1 71.78%
2025-11-16 06:53:59 - 8_0.1_1 - INFO - Evaluate on the client2 neighbor set
2025-11-16 06:54:17 - 8_0.1_1 - INFO - => result | total 2,240 | correct 1,577 | acc 70.40% | err 29.60% | macro_f1 64.39%
2025-11-16 06:54:17 - 8_0.1_1 - INFO - Evaluate on the client3 local set
2025-11-16 06:54:19 - 8_0.1_1 - INFO - => result | total 211 | correct 174 | acc 82.46% | err 17.54% | macro_f1 81.43%
2025-11-16 06:54:19 - 8_0.1_1 - INFO - Evaluate on the client3 neighbor set
2025-11-16 06:54:37 - 8_0.1_1 - INFO - => result | total 2,252 | correct 1,573 | acc 69.85% | err 30.15% | macro_f1 63.84%
2025-11-16 06:54:37 - 8_0.1_1 - INFO - Evaluate on the client4 local set
2025-11-16 06:54:39 - 8_0.1_1 - INFO - => result | total 178 | correct 139 | acc 78.09% | err 21.91% | macro_f1 86.93%
2025-11-16 06:54:39 - 8_0.1_1 - INFO - Evaluate on the client4 neighbor set
2025-11-16 06:54:57 - 8_0.1_1 - INFO - => result | total 2,285 | correct 1,608 | acc 70.37% | err 29.63% | macro_f1 63.84%
2025-11-16 06:54:57 - 8_0.1_1 - INFO - Evaluate on the client5 local set
2025-11-16 06:54:59 - 8_0.1_1 - INFO - => result | total 262 | correct 207 | acc 79.01% | err 20.99% | macro_f1 76.48%
2025-11-16 06:54:59 - 8_0.1_1 - INFO - Evaluate on the client5 neighbor set
2025-11-16 06:55:17 - 8_0.1_1 - INFO - => result | total 2,201 | correct 1,540 | acc 69.97% | err 30.03% | macro_f1 64.36%
2025-11-16 06:55:17 - 8_0.1_1 - INFO - Evaluate on the client6 local set
2025-11-16 06:55:19 - 8_0.1_1 - INFO - => result | total 223 | correct 112 | acc 50.22% | err 49.78% | macro_f1 59.88%
2025-11-16 06:55:19 - 8_0.1_1 - INFO - Evaluate on the client6 neighbor set
2025-11-16 06:55:37 - 8_0.1_1 - INFO - => result | total 2,240 | correct 1,638 | acc 73.12% | err 26.88% | macro_f1 66.26%
2025-11-16 06:55:37 - 8_0.1_1 - INFO - Evaluate on the client7 local set
2025-11-16 06:55:38 - 8_0.1_1 - INFO - => result | total 234 | correct 162 | acc 69.23% | err 30.77% | macro_f1 73.43%
2025-11-16 06:55:38 - 8_0.1_1 - INFO - Evaluate on the client7 neighbor set
2025-11-16 06:55:56 - 8_0.1_1 - INFO - => result | total 2,229 | correct 1,588 | acc 71.24% | err 28.76% | macro_f1 64.92%
2025-11-16 06:55:56 - 8_0.1_1 - INFO - Evaluate on the client8 local set
2025-11-16 06:55:58 - 8_0.1_1 - INFO - => result | total 205 | correct 142 | acc 69.27% | err 30.73% | macro_f1 67.04%
2025-11-16 06:55:58 - 8_0.1_1 - INFO - Evaluate on the client8 neighbor set
2025-11-16 06:56:16 - 8_0.1_1 - INFO - => result | total 2,258 | correct 1,604 | acc 71.04% | err 28.96% | macro_f1 65.76%
2025-11-16 06:56:16 - 8_0.1_1 - INFO - Evaluate on the client9 local set
2025-11-16 06:56:19 - 8_0.1_1 - INFO - => result | total 319 | correct 267 | acc 83.70% | err 16.30% | macro_f1 82.97%
2025-11-16 06:56:19 - 8_0.1_1 - INFO - Evaluate on the client9 neighbor set
2025-11-16 06:56:36 - 8_0.1_1 - INFO - => result | total 2,144 | correct 1,480 | acc 69.03% | err 30.97% | macro_f1 63.51%
2025-11-16 06:56:36 - 8_0.1_1 - INFO - Global test local acc: 71.08
2025-11-16 06:56:36 - 8_0.1_1 - INFO - Global test neighbor acc: 70.93
2025-11-16 06:56:36 - 8_0.1_1 - INFO - ------------local test finish-------------
2025-11-16 06:56:36 - 8_0.1_1 - INFO - [Epoch 30/30] 测试耗时: 197.99s
2025-11-16 06:56:36 - 8_0.1_1 - INFO - maximum test local acc: 71.252
2025-11-16 06:56:36 - 8_0.1_1 - INFO - mean of local acc: 70.962
2025-11-16 06:56:36 - 8_0.1_1 - INFO - maximum test neighbor acc: 71.310
2025-11-16 06:56:36 - 8_0.1_1 - INFO - mean of neighbor acc: 70.972
