2025-11-16 04:59:08 - 8_0.2_1 - INFO - 日志文件已创建: logs/oxford_flowers/dpfpl/8_0.2_1_20251116_045908.log
2025-11-16 04:59:08 - 8_0.2_1 - INFO - Loading trainer: DP_FPL
2025-11-16 04:59:08 - 8_0.2_1 - INFO - Loading dataset: OxfordFlowers
2025-11-16 04:59:08 - 8_0.2_1 - INFO - Reading split from /home/liuxin25/dataset/oxford_flowers/split_zhou_OxfordFlowers.json
2025-11-16 04:59:08 - 8_0.2_1 - INFO - Creating a baseline federated dataset
2025-11-16 04:59:08 - 8_0.2_1 - INFO - class_num 102
2025-11-16 04:59:08 - 8_0.2_1 - INFO - user class dict total [90, 54, 31, 35, 55, 72, 92, 42, 95, 84]
2025-11-16 04:59:08 - 8_0.2_1 - INFO - idx: 0, output_dict_len: 451
2025-11-16 04:59:08 - 8_0.2_1 - INFO - user class dict total [74, 0, 1, 80, 27, 20, 77, 50, 66, 45]
2025-11-16 04:59:08 - 8_0.2_1 - INFO - idx: 1, output_dict_len: 562
2025-11-16 04:59:08 - 8_0.2_1 - INFO - user class dict total [44, 82, 14, 32, 52, 70, 28, 51, 10, 21]
2025-11-16 04:59:08 - 8_0.2_1 - INFO - idx: 2, output_dict_len: 373
2025-11-16 04:59:08 - 8_0.2_1 - INFO - user class dict total [33, 75, 5, 48, 87, 98, 23, 69, 62, 7]
2025-11-16 04:59:08 - 8_0.2_1 - INFO - idx: 3, output_dict_len: 350
2025-11-16 04:59:08 - 8_0.2_1 - INFO - user class dict total [17, 18, 60, 34, 11, 58, 86, 13, 41, 30]
2025-11-16 04:59:08 - 8_0.2_1 - INFO - idx: 4, output_dict_len: 302
2025-11-16 04:59:08 - 8_0.2_1 - INFO - user class dict total [24, 71, 56, 76, 37, 6, 53, 79, 97, 39]
2025-11-16 04:59:08 - 8_0.2_1 - INFO - idx: 5, output_dict_len: 433
2025-11-16 04:59:08 - 8_0.2_1 - INFO - user class dict total [47, 65, 36, 91, 3, 63, 59, 9, 96, 64]
2025-11-16 04:59:08 - 8_0.2_1 - INFO - idx: 6, output_dict_len: 367
2025-11-16 04:59:08 - 8_0.2_1 - INFO - user class dict total [94, 88, 99, 61, 19, 25, 4, 16, 8, 46]
2025-11-16 04:59:08 - 8_0.2_1 - INFO - idx: 7, output_dict_len: 387
2025-11-16 04:59:08 - 8_0.2_1 - INFO - user class dict total [26, 2, 93, 85, 29, 22, 100, 67, 68, 38]
2025-11-16 04:59:08 - 8_0.2_1 - INFO - idx: 8, output_dict_len: 341
2025-11-16 04:59:08 - 8_0.2_1 - INFO - user class dict total [83, 15, 12, 81, 43, 73, 78, 40, 101, 57, 89, 49]
2025-11-16 04:59:08 - 8_0.2_1 - INFO - idx: 9, output_dict_len: 527
2025-11-16 04:59:08 - 8_0.2_1 - INFO - Creating a baseline federated dataset
2025-11-16 04:59:08 - 8_0.2_1 - INFO - class_num 102
2025-11-16 04:59:08 - 8_0.2_1 - INFO - user class dict total [90, 54, 31, 35, 55, 72, 92, 42, 95, 84]
2025-11-16 04:59:08 - 8_0.2_1 - INFO - idx: 0, output_dict_len: 269
2025-11-16 04:59:08 - 8_0.2_1 - INFO - user class dict total [74, 0, 1, 80, 27, 20, 77, 50, 66, 45]
2025-11-16 04:59:08 - 8_0.2_1 - INFO - idx: 1, output_dict_len: 339
2025-11-16 04:59:08 - 8_0.2_1 - INFO - user class dict total [44, 82, 14, 32, 52, 70, 28, 51, 10, 21]
2025-11-16 04:59:08 - 8_0.2_1 - INFO - idx: 2, output_dict_len: 223
2025-11-16 04:59:08 - 8_0.2_1 - INFO - user class dict total [33, 75, 5, 48, 87, 98, 23, 69, 62, 7]
2025-11-16 04:59:08 - 8_0.2_1 - INFO - idx: 3, output_dict_len: 211
2025-11-16 04:59:08 - 8_0.2_1 - INFO - user class dict total [17, 18, 60, 34, 11, 58, 86, 13, 41, 30]
2025-11-16 04:59:08 - 8_0.2_1 - INFO - idx: 4, output_dict_len: 178
2025-11-16 04:59:08 - 8_0.2_1 - INFO - user class dict total [24, 71, 56, 76, 37, 6, 53, 79, 97, 39]
2025-11-16 04:59:08 - 8_0.2_1 - INFO - idx: 5, output_dict_len: 262
2025-11-16 04:59:08 - 8_0.2_1 - INFO - user class dict total [47, 65, 36, 91, 3, 63, 59, 9, 96, 64]
2025-11-16 04:59:08 - 8_0.2_1 - INFO - idx: 6, output_dict_len: 223
2025-11-16 04:59:08 - 8_0.2_1 - INFO - user class dict total [94, 88, 99, 61, 19, 25, 4, 16, 8, 46]
2025-11-16 04:59:08 - 8_0.2_1 - INFO - idx: 7, output_dict_len: 234
2025-11-16 04:59:08 - 8_0.2_1 - INFO - user class dict total [26, 2, 93, 85, 29, 22, 100, 67, 68, 38]
2025-11-16 04:59:08 - 8_0.2_1 - INFO - idx: 8, output_dict_len: 205
2025-11-16 04:59:08 - 8_0.2_1 - INFO - user class dict total [83, 15, 12, 81, 43, 73, 78, 40, 101, 57, 89, 49]
2025-11-16 04:59:08 - 8_0.2_1 - INFO - idx: 9, output_dict_len: 319
2025-11-16 04:59:08 - 8_0.2_1 - INFO - Loading CLIP (backbone: ViT-B/16)
2025-11-16 04:59:10 - 8_0.2_1 - INFO - Building custom CLIP
2025-11-16 04:59:10 - 8_0.2_1 - INFO - Turning off gradients in both the image and the text encoder
2025-11-16 04:59:39 - 8_0.2_1 - INFO - [Epoch 1/30] 训练耗时: 29.12s | 平均训练准确率: 8.12
2025-11-16 05:00:07 - 8_0.2_1 - INFO - [Epoch 2/30] 训练耗时: 28.19s | 平均训练准确率: 52.33
2025-11-16 05:00:35 - 8_0.2_1 - INFO - [Epoch 3/30] 训练耗时: 28.13s | 平均训练准确率: 64.97
2025-11-16 05:01:03 - 8_0.2_1 - INFO - [Epoch 4/30] 训练耗时: 27.92s | 平均训练准确率: 67.60
2025-11-16 05:01:31 - 8_0.2_1 - INFO - [Epoch 5/30] 训练耗时: 27.48s | 平均训练准确率: 68.19
2025-11-16 05:01:59 - 8_0.2_1 - INFO - [Epoch 6/30] 训练耗时: 28.33s | 平均训练准确率: 69.48
2025-11-16 05:02:27 - 8_0.2_1 - INFO - [Epoch 7/30] 训练耗时: 28.26s | 平均训练准确率: 70.42
2025-11-16 05:02:56 - 8_0.2_1 - INFO - [Epoch 8/30] 训练耗时: 28.20s | 平均训练准确率: 70.62
2025-11-16 05:03:24 - 8_0.2_1 - INFO - [Epoch 9/30] 训练耗时: 28.27s | 平均训练准确率: 68.99
2025-11-16 05:03:52 - 8_0.2_1 - INFO - [Epoch 10/30] 训练耗时: 28.24s | 平均训练准确率: 70.62
2025-11-16 05:04:20 - 8_0.2_1 - INFO - [Epoch 11/30] 训练耗时: 28.24s | 平均训练准确率: 69.76
2025-11-16 05:04:49 - 8_0.2_1 - INFO - [Epoch 12/30] 训练耗时: 28.13s | 平均训练准确率: 70.69
2025-11-16 05:05:17 - 8_0.2_1 - INFO - [Epoch 13/30] 训练耗时: 28.24s | 平均训练准确率: 71.11
2025-11-16 05:05:45 - 8_0.2_1 - INFO - [Epoch 14/30] 训练耗时: 28.18s | 平均训练准确率: 71.94
2025-11-16 05:06:13 - 8_0.2_1 - INFO - [Epoch 15/30] 训练耗时: 28.21s | 平均训练准确率: 70.73
2025-11-16 05:06:41 - 8_0.2_1 - INFO - [Epoch 16/30] 训练耗时: 28.19s | 平均训练准确率: 70.66
2025-11-16 05:07:09 - 8_0.2_1 - INFO - [Epoch 17/30] 训练耗时: 27.69s | 平均训练准确率: 71.28
2025-11-16 05:07:37 - 8_0.2_1 - INFO - [Epoch 18/30] 训练耗时: 27.49s | 平均训练准确率: 71.91
2025-11-16 05:08:04 - 8_0.2_1 - INFO - [Epoch 19/30] 训练耗时: 27.40s | 平均训练准确率: 71.49
2025-11-16 05:08:32 - 8_0.2_1 - INFO - [Epoch 20/30] 训练耗时: 28.24s | 平均训练准确率: 72.01
2025-11-16 05:09:00 - 8_0.2_1 - INFO - [Epoch 21/30] 训练耗时: 28.11s | 平均训练准确率: 70.97
2025-11-16 05:09:28 - 8_0.2_1 - INFO - [Epoch 22/30] 训练耗时: 28.04s | 平均训练准确率: 72.36
2025-11-16 05:09:56 - 8_0.2_1 - INFO - [Epoch 23/30] 训练耗时: 28.08s | 平均训练准确率: 72.60
2025-11-16 05:10:25 - 8_0.2_1 - INFO - [Epoch 24/30] 训练耗时: 28.17s | 平均训练准确率: 73.30
2025-11-16 05:10:53 - 8_0.2_1 - INFO - [Epoch 25/30] 训练耗时: 28.11s | 平均训练准确率: 73.61
2025-11-16 05:11:21 - 8_0.2_1 - INFO - [Epoch 26/30] 训练耗时: 28.09s | 平均训练准确率: 74.86
2025-11-16 05:11:49 - 8_0.2_1 - INFO - [Epoch 27/30] 训练耗时: 28.07s | 平均训练准确率: 74.93
2025-11-16 05:12:17 - 8_0.2_1 - INFO - [Epoch 28/30] 训练耗时: 28.18s | 平均训练准确率: 75.24
2025-11-16 05:12:17 - 8_0.2_1 - INFO - ------------local test start-------------
2025-11-16 05:12:17 - 8_0.2_1 - INFO - Evaluate on the client0 local set
2025-11-16 05:12:20 - 8_0.2_1 - INFO - => result | total 269 | correct 136 | acc 50.56% | err 49.44% | macro_f1 51.89%
2025-11-16 05:12:20 - 8_0.2_1 - INFO - Evaluate on the client0 neighbor set
2025-11-16 05:12:37 - 8_0.2_1 - INFO - => result | total 2,194 | correct 1,718 | acc 78.30% | err 21.70% | macro_f1 71.75%
2025-11-16 05:12:37 - 8_0.2_1 - INFO - Evaluate on the client1 local set
2025-11-16 05:12:40 - 8_0.2_1 - INFO - => result | total 339 | correct 264 | acc 77.88% | err 22.12% | macro_f1 76.63%
2025-11-16 05:12:40 - 8_0.2_1 - INFO - Evaluate on the client1 neighbor set
2025-11-16 05:12:58 - 8_0.2_1 - INFO - => result | total 2,124 | correct 1,582 | acc 74.48% | err 25.52% | macro_f1 69.39%
2025-11-16 05:12:58 - 8_0.2_1 - INFO - Evaluate on the client2 local set
2025-11-16 05:13:00 - 8_0.2_1 - INFO - => result | total 223 | correct 179 | acc 80.27% | err 19.73% | macro_f1 73.89%
2025-11-16 05:13:00 - 8_0.2_1 - INFO - Evaluate on the client2 neighbor set
2025-11-16 05:13:18 - 8_0.2_1 - INFO - => result | total 2,240 | correct 1,668 | acc 74.46% | err 25.54% | macro_f1 68.07%
2025-11-16 05:13:18 - 8_0.2_1 - INFO - Evaluate on the client3 local set
2025-11-16 05:13:20 - 8_0.2_1 - INFO - => result | total 211 | correct 177 | acc 83.89% | err 16.11% | macro_f1 81.58%
2025-11-16 05:13:20 - 8_0.2_1 - INFO - Evaluate on the client3 neighbor set
2025-11-16 05:13:39 - 8_0.2_1 - INFO - => result | total 2,252 | correct 1,670 | acc 74.16% | err 25.84% | macro_f1 67.72%
2025-11-16 05:13:39 - 8_0.2_1 - INFO - Evaluate on the client4 local set
2025-11-16 05:13:40 - 8_0.2_1 - INFO - => result | total 178 | correct 126 | acc 70.79% | err 29.21% | macro_f1 82.67%
2025-11-16 05:13:40 - 8_0.2_1 - INFO - Evaluate on the client4 neighbor set
2025-11-16 05:13:59 - 8_0.2_1 - INFO - => result | total 2,285 | correct 1,713 | acc 74.97% | err 25.03% | macro_f1 67.40%
2025-11-16 05:13:59 - 8_0.2_1 - INFO - Evaluate on the client5 local set
2025-11-16 05:14:01 - 8_0.2_1 - INFO - => result | total 262 | correct 209 | acc 79.77% | err 20.23% | macro_f1 77.12%
2025-11-16 05:14:01 - 8_0.2_1 - INFO - Evaluate on the client5 neighbor set
2025-11-16 05:14:19 - 8_0.2_1 - INFO - => result | total 2,201 | correct 1,628 | acc 73.97% | err 26.03% | macro_f1 67.21%
2025-11-16 05:14:19 - 8_0.2_1 - INFO - Evaluate on the client6 local set
2025-11-16 05:14:21 - 8_0.2_1 - INFO - => result | total 223 | correct 139 | acc 62.33% | err 37.67% | macro_f1 64.52%
2025-11-16 05:14:21 - 8_0.2_1 - INFO - Evaluate on the client6 neighbor set
2025-11-16 05:14:39 - 8_0.2_1 - INFO - => result | total 2,240 | correct 1,696 | acc 75.71% | err 24.29% | macro_f1 68.50%
2025-11-16 05:14:39 - 8_0.2_1 - INFO - Evaluate on the client7 local set
2025-11-16 05:14:41 - 8_0.2_1 - INFO - => result | total 234 | correct 173 | acc 73.93% | err 26.07% | macro_f1 71.83%
2025-11-16 05:14:41 - 8_0.2_1 - INFO - Evaluate on the client7 neighbor set
2025-11-16 05:14:59 - 8_0.2_1 - INFO - => result | total 2,229 | correct 1,661 | acc 74.52% | err 25.48% | macro_f1 67.28%
2025-11-16 05:14:59 - 8_0.2_1 - INFO - Evaluate on the client8 local set
2025-11-16 05:15:00 - 8_0.2_1 - INFO - => result | total 205 | correct 165 | acc 80.49% | err 19.51% | macro_f1 83.30%
2025-11-16 05:15:00 - 8_0.2_1 - INFO - Evaluate on the client8 neighbor set
2025-11-16 05:15:19 - 8_0.2_1 - INFO - => result | total 2,258 | correct 1,665 | acc 73.74% | err 26.26% | macro_f1 66.31%
2025-11-16 05:15:19 - 8_0.2_1 - INFO - Evaluate on the client9 local set
2025-11-16 05:15:21 - 8_0.2_1 - INFO - => result | total 319 | correct 281 | acc 88.09% | err 11.91% | macro_f1 85.78%
2025-11-16 05:15:21 - 8_0.2_1 - INFO - Evaluate on the client9 neighbor set
2025-11-16 05:15:39 - 8_0.2_1 - INFO - => result | total 2,144 | correct 1,547 | acc 72.15% | err 27.85% | macro_f1 65.81%
2025-11-16 05:15:39 - 8_0.2_1 - INFO - Global test local acc: 74.80
2025-11-16 05:15:39 - 8_0.2_1 - INFO - Global test neighbor acc: 74.65
2025-11-16 05:15:39 - 8_0.2_1 - INFO - ------------local test finish-------------
2025-11-16 05:15:39 - 8_0.2_1 - INFO - [Epoch 28/30] 测试耗时: 201.68s
2025-11-16 05:16:07 - 8_0.2_1 - INFO - [Epoch 29/30] 训练耗时: 28.05s | 平均训练准确率: 74.41
2025-11-16 05:16:07 - 8_0.2_1 - INFO - ------------local test start-------------
2025-11-16 05:16:07 - 8_0.2_1 - INFO - Evaluate on the client0 local set
2025-11-16 05:16:09 - 8_0.2_1 - INFO - => result | total 269 | correct 149 | acc 55.39% | err 44.61% | macro_f1 53.72%
2025-11-16 05:16:09 - 8_0.2_1 - INFO - Evaluate on the client0 neighbor set
2025-11-16 05:16:27 - 8_0.2_1 - INFO - => result | total 2,194 | correct 1,724 | acc 78.58% | err 21.42% | macro_f1 72.44%
2025-11-16 05:16:27 - 8_0.2_1 - INFO - Evaluate on the client1 local set
2025-11-16 05:16:30 - 8_0.2_1 - INFO - => result | total 339 | correct 265 | acc 78.17% | err 21.83% | macro_f1 77.90%
2025-11-16 05:16:30 - 8_0.2_1 - INFO - Evaluate on the client1 neighbor set
2025-11-16 05:16:47 - 8_0.2_1 - INFO - => result | total 2,124 | correct 1,610 | acc 75.80% | err 24.20% | macro_f1 70.41%
2025-11-16 05:16:47 - 8_0.2_1 - INFO - Evaluate on the client2 local set
2025-11-16 05:16:49 - 8_0.2_1 - INFO - => result | total 223 | correct 176 | acc 78.92% | err 21.08% | macro_f1 74.10%
2025-11-16 05:16:49 - 8_0.2_1 - INFO - Evaluate on the client2 neighbor set
2025-11-16 05:17:07 - 8_0.2_1 - INFO - => result | total 2,240 | correct 1,700 | acc 75.89% | err 24.11% | macro_f1 69.45%
2025-11-16 05:17:07 - 8_0.2_1 - INFO - Evaluate on the client3 local set
2025-11-16 05:17:09 - 8_0.2_1 - INFO - => result | total 211 | correct 178 | acc 84.36% | err 15.64% | macro_f1 82.26%
2025-11-16 05:17:09 - 8_0.2_1 - INFO - Evaluate on the client3 neighbor set
2025-11-16 05:17:27 - 8_0.2_1 - INFO - => result | total 2,252 | correct 1,698 | acc 75.40% | err 24.60% | macro_f1 68.99%
2025-11-16 05:17:27 - 8_0.2_1 - INFO - Evaluate on the client4 local set
2025-11-16 05:17:28 - 8_0.2_1 - INFO - => result | total 178 | correct 130 | acc 73.03% | err 26.97% | macro_f1 84.03%
2025-11-16 05:17:28 - 8_0.2_1 - INFO - Evaluate on the client4 neighbor set
2025-11-16 05:17:47 - 8_0.2_1 - INFO - => result | total 2,285 | correct 1,746 | acc 76.41% | err 23.59% | macro_f1 69.27%
2025-11-16 05:17:47 - 8_0.2_1 - INFO - Evaluate on the client5 local set
2025-11-16 05:17:49 - 8_0.2_1 - INFO - => result | total 262 | correct 214 | acc 81.68% | err 18.32% | macro_f1 78.62%
2025-11-16 05:17:49 - 8_0.2_1 - INFO - Evaluate on the client5 neighbor set
2025-11-16 05:18:07 - 8_0.2_1 - INFO - => result | total 2,201 | correct 1,661 | acc 75.47% | err 24.53% | macro_f1 69.49%
2025-11-16 05:18:07 - 8_0.2_1 - INFO - Evaluate on the client6 local set
2025-11-16 05:18:08 - 8_0.2_1 - INFO - => result | total 223 | correct 145 | acc 65.02% | err 34.98% | macro_f1 69.72%
2025-11-16 05:18:08 - 8_0.2_1 - INFO - Evaluate on the client6 neighbor set
2025-11-16 05:18:27 - 8_0.2_1 - INFO - => result | total 2,240 | correct 1,731 | acc 77.28% | err 22.72% | macro_f1 70.53%
2025-11-16 05:18:27 - 8_0.2_1 - INFO - Evaluate on the client7 local set
2025-11-16 05:18:29 - 8_0.2_1 - INFO - => result | total 234 | correct 186 | acc 79.49% | err 20.51% | macro_f1 77.39%
2025-11-16 05:18:29 - 8_0.2_1 - INFO - Evaluate on the client7 neighbor set
2025-11-16 05:18:47 - 8_0.2_1 - INFO - => result | total 2,229 | correct 1,686 | acc 75.64% | err 24.36% | macro_f1 69.19%
2025-11-16 05:18:47 - 8_0.2_1 - INFO - Evaluate on the client8 local set
2025-11-16 05:18:48 - 8_0.2_1 - INFO - => result | total 205 | correct 157 | acc 76.59% | err 23.41% | macro_f1 79.62%
2025-11-16 05:18:48 - 8_0.2_1 - INFO - Evaluate on the client8 neighbor set
2025-11-16 05:19:07 - 8_0.2_1 - INFO - => result | total 2,258 | correct 1,716 | acc 76.00% | err 24.00% | macro_f1 69.58%
2025-11-16 05:19:07 - 8_0.2_1 - INFO - Evaluate on the client9 local set
2025-11-16 05:19:09 - 8_0.2_1 - INFO - => result | total 319 | correct 272 | acc 85.27% | err 14.73% | macro_f1 83.81%
2025-11-16 05:19:09 - 8_0.2_1 - INFO - Evaluate on the client9 neighbor set
2025-11-16 05:19:27 - 8_0.2_1 - INFO - => result | total 2,144 | correct 1,601 | acc 74.67% | err 25.33% | macro_f1 68.77%
2025-11-16 05:19:27 - 8_0.2_1 - INFO - Global test local acc: 75.79
2025-11-16 05:19:27 - 8_0.2_1 - INFO - Global test neighbor acc: 76.11
2025-11-16 05:19:27 - 8_0.2_1 - INFO - ------------local test finish-------------
2025-11-16 05:19:27 - 8_0.2_1 - INFO - [Epoch 29/30] 测试耗时: 199.81s
2025-11-16 05:19:53 - 8_0.2_1 - INFO - [Epoch 30/30] 训练耗时: 26.18s | 平均训练准确率: 74.90
2025-11-16 05:19:53 - 8_0.2_1 - INFO - ------------local test start-------------
2025-11-16 05:19:53 - 8_0.2_1 - INFO - Evaluate on the client0 local set
2025-11-16 05:19:55 - 8_0.2_1 - INFO - => result | total 269 | correct 135 | acc 50.19% | err 49.81% | macro_f1 50.20%
2025-11-16 05:19:55 - 8_0.2_1 - INFO - Evaluate on the client0 neighbor set
2025-11-16 05:20:13 - 8_0.2_1 - INFO - => result | total 2,194 | correct 1,698 | acc 77.39% | err 22.61% | macro_f1 70.77%
2025-11-16 05:20:13 - 8_0.2_1 - INFO - Evaluate on the client1 local set
2025-11-16 05:20:15 - 8_0.2_1 - INFO - => result | total 339 | correct 265 | acc 78.17% | err 21.83% | macro_f1 74.20%
2025-11-16 05:20:15 - 8_0.2_1 - INFO - Evaluate on the client1 neighbor set
2025-11-16 05:20:33 - 8_0.2_1 - INFO - => result | total 2,124 | correct 1,569 | acc 73.87% | err 26.13% | macro_f1 69.13%
2025-11-16 05:20:33 - 8_0.2_1 - INFO - Evaluate on the client2 local set
2025-11-16 05:20:34 - 8_0.2_1 - INFO - => result | total 223 | correct 173 | acc 77.58% | err 22.42% | macro_f1 72.96%
2025-11-16 05:20:34 - 8_0.2_1 - INFO - Evaluate on the client2 neighbor set
2025-11-16 05:20:53 - 8_0.2_1 - INFO - => result | total 2,240 | correct 1,663 | acc 74.24% | err 25.76% | macro_f1 67.71%
2025-11-16 05:20:53 - 8_0.2_1 - INFO - Evaluate on the client3 local set
2025-11-16 05:20:54 - 8_0.2_1 - INFO - => result | total 211 | correct 175 | acc 82.94% | err 17.06% | macro_f1 83.15%
2025-11-16 05:20:54 - 8_0.2_1 - INFO - Evaluate on the client3 neighbor set
2025-11-16 05:21:13 - 8_0.2_1 - INFO - => result | total 2,252 | correct 1,660 | acc 73.71% | err 26.29% | macro_f1 66.99%
2025-11-16 05:21:13 - 8_0.2_1 - INFO - Evaluate on the client4 local set
2025-11-16 05:21:14 - 8_0.2_1 - INFO - => result | total 178 | correct 128 | acc 71.91% | err 28.09% | macro_f1 83.36%
2025-11-16 05:21:14 - 8_0.2_1 - INFO - Evaluate on the client4 neighbor set
2025-11-16 05:21:33 - 8_0.2_1 - INFO - => result | total 2,285 | correct 1,704 | acc 74.57% | err 25.43% | macro_f1 67.27%
2025-11-16 05:21:33 - 8_0.2_1 - INFO - Evaluate on the client5 local set
2025-11-16 05:21:35 - 8_0.2_1 - INFO - => result | total 262 | correct 206 | acc 78.63% | err 21.37% | macro_f1 75.91%
2025-11-16 05:21:35 - 8_0.2_1 - INFO - Evaluate on the client5 neighbor set
2025-11-16 05:21:53 - 8_0.2_1 - INFO - => result | total 2,201 | correct 1,620 | acc 73.60% | err 26.40% | macro_f1 67.28%
2025-11-16 05:21:53 - 8_0.2_1 - INFO - Evaluate on the client6 local set
2025-11-16 05:21:55 - 8_0.2_1 - INFO - => result | total 223 | correct 153 | acc 68.61% | err 31.39% | macro_f1 71.32%
2025-11-16 05:21:55 - 8_0.2_1 - INFO - Evaluate on the client6 neighbor set
2025-11-16 05:22:13 - 8_0.2_1 - INFO - => result | total 2,240 | correct 1,674 | acc 74.73% | err 25.27% | macro_f1 67.83%
2025-11-16 05:22:13 - 8_0.2_1 - INFO - Evaluate on the client7 local set
2025-11-16 05:22:15 - 8_0.2_1 - INFO - => result | total 234 | correct 172 | acc 73.50% | err 26.50% | macro_f1 76.54%
2025-11-16 05:22:15 - 8_0.2_1 - INFO - Evaluate on the client7 neighbor set
2025-11-16 05:22:33 - 8_0.2_1 - INFO - => result | total 2,229 | correct 1,653 | acc 74.16% | err 25.84% | macro_f1 66.81%
2025-11-16 05:22:33 - 8_0.2_1 - INFO - Evaluate on the client8 local set
2025-11-16 05:22:35 - 8_0.2_1 - INFO - => result | total 205 | correct 155 | acc 75.61% | err 24.39% | macro_f1 78.60%
2025-11-16 05:22:35 - 8_0.2_1 - INFO - Evaluate on the client8 neighbor set
2025-11-16 05:22:55 - 8_0.2_1 - INFO - => result | total 2,258 | correct 1,664 | acc 73.69% | err 26.31% | macro_f1 66.94%
2025-11-16 05:22:55 - 8_0.2_1 - INFO - Evaluate on the client9 local set
2025-11-16 05:22:57 - 8_0.2_1 - INFO - => result | total 319 | correct 270 | acc 84.64% | err 15.36% | macro_f1 82.44%
2025-11-16 05:22:57 - 8_0.2_1 - INFO - Evaluate on the client9 neighbor set
2025-11-16 05:23:15 - 8_0.2_1 - INFO - => result | total 2,144 | correct 1,547 | acc 72.15% | err 27.85% | macro_f1 66.31%
2025-11-16 05:23:15 - 8_0.2_1 - INFO - Global test local acc: 74.18
2025-11-16 05:23:15 - 8_0.2_1 - INFO - Global test neighbor acc: 74.21
2025-11-16 05:23:15 - 8_0.2_1 - INFO - ------------local test finish-------------
2025-11-16 05:23:15 - 8_0.2_1 - INFO - [Epoch 30/30] 测试耗时: 201.80s
2025-11-16 05:23:15 - 8_0.2_1 - INFO - maximum test local acc: 75.792
2025-11-16 05:23:15 - 8_0.2_1 - INFO - mean of local acc: 74.923
2025-11-16 05:23:15 - 8_0.2_1 - INFO - maximum test neighbor acc: 76.113
2025-11-16 05:23:15 - 8_0.2_1 - INFO - mean of neighbor acc: 74.991
