2025-11-14 01:46:50 - 8_0.01_1 - INFO - 日志文件已创建: logs/oxford_flowers/dpfpl/8_0.01_1_20251114_014650.log
2025-11-14 01:46:50 - 8_0.01_1 - INFO - Loading trainer: DP_FPL
2025-11-14 01:46:50 - 8_0.01_1 - INFO - Loading dataset: OxfordFlowers
2025-11-14 01:46:50 - 8_0.01_1 - INFO - Reading split from /home/liuxin25/dataset/oxford_flowers/split_zhou_OxfordFlowers.json
2025-11-14 01:46:50 - 8_0.01_1 - INFO - Creating a baseline federated dataset
2025-11-14 01:46:50 - 8_0.01_1 - INFO - class_num 102
2025-11-14 01:46:50 - 8_0.01_1 - INFO - user class dict total [90, 54, 31, 35, 55, 72, 92, 42, 95, 84]
2025-11-14 01:46:50 - 8_0.01_1 - INFO - idx: 0, output_dict_len: 451
2025-11-14 01:46:50 - 8_0.01_1 - INFO - user class dict total [74, 0, 1, 80, 27, 20, 77, 50, 66, 45]
2025-11-14 01:46:50 - 8_0.01_1 - INFO - idx: 1, output_dict_len: 562
2025-11-14 01:46:50 - 8_0.01_1 - INFO - user class dict total [44, 82, 14, 32, 52, 70, 28, 51, 10, 21]
2025-11-14 01:46:50 - 8_0.01_1 - INFO - idx: 2, output_dict_len: 373
2025-11-14 01:46:50 - 8_0.01_1 - INFO - user class dict total [33, 75, 5, 48, 87, 98, 23, 69, 62, 7]
2025-11-14 01:46:50 - 8_0.01_1 - INFO - idx: 3, output_dict_len: 350
2025-11-14 01:46:50 - 8_0.01_1 - INFO - user class dict total [17, 18, 60, 34, 11, 58, 86, 13, 41, 30]
2025-11-14 01:46:50 - 8_0.01_1 - INFO - idx: 4, output_dict_len: 302
2025-11-14 01:46:50 - 8_0.01_1 - INFO - user class dict total [24, 71, 56, 76, 37, 6, 53, 79, 97, 39]
2025-11-14 01:46:50 - 8_0.01_1 - INFO - idx: 5, output_dict_len: 433
2025-11-14 01:46:50 - 8_0.01_1 - INFO - user class dict total [47, 65, 36, 91, 3, 63, 59, 9, 96, 64]
2025-11-14 01:46:50 - 8_0.01_1 - INFO - idx: 6, output_dict_len: 367
2025-11-14 01:46:50 - 8_0.01_1 - INFO - user class dict total [94, 88, 99, 61, 19, 25, 4, 16, 8, 46]
2025-11-14 01:46:50 - 8_0.01_1 - INFO - idx: 7, output_dict_len: 387
2025-11-14 01:46:50 - 8_0.01_1 - INFO - user class dict total [26, 2, 93, 85, 29, 22, 100, 67, 68, 38]
2025-11-14 01:46:50 - 8_0.01_1 - INFO - idx: 8, output_dict_len: 341
2025-11-14 01:46:50 - 8_0.01_1 - INFO - user class dict total [83, 15, 12, 81, 43, 73, 78, 40, 101, 57, 89, 49]
2025-11-14 01:46:50 - 8_0.01_1 - INFO - idx: 9, output_dict_len: 527
2025-11-14 01:46:50 - 8_0.01_1 - INFO - Creating a baseline federated dataset
2025-11-14 01:46:50 - 8_0.01_1 - INFO - class_num 102
2025-11-14 01:46:50 - 8_0.01_1 - INFO - user class dict total [90, 54, 31, 35, 55, 72, 92, 42, 95, 84]
2025-11-14 01:46:50 - 8_0.01_1 - INFO - idx: 0, output_dict_len: 269
2025-11-14 01:46:50 - 8_0.01_1 - INFO - user class dict total [74, 0, 1, 80, 27, 20, 77, 50, 66, 45]
2025-11-14 01:46:50 - 8_0.01_1 - INFO - idx: 1, output_dict_len: 339
2025-11-14 01:46:50 - 8_0.01_1 - INFO - user class dict total [44, 82, 14, 32, 52, 70, 28, 51, 10, 21]
2025-11-14 01:46:50 - 8_0.01_1 - INFO - idx: 2, output_dict_len: 223
2025-11-14 01:46:50 - 8_0.01_1 - INFO - user class dict total [33, 75, 5, 48, 87, 98, 23, 69, 62, 7]
2025-11-14 01:46:50 - 8_0.01_1 - INFO - idx: 3, output_dict_len: 211
2025-11-14 01:46:50 - 8_0.01_1 - INFO - user class dict total [17, 18, 60, 34, 11, 58, 86, 13, 41, 30]
2025-11-14 01:46:50 - 8_0.01_1 - INFO - idx: 4, output_dict_len: 178
2025-11-14 01:46:50 - 8_0.01_1 - INFO - user class dict total [24, 71, 56, 76, 37, 6, 53, 79, 97, 39]
2025-11-14 01:46:50 - 8_0.01_1 - INFO - idx: 5, output_dict_len: 262
2025-11-14 01:46:50 - 8_0.01_1 - INFO - user class dict total [47, 65, 36, 91, 3, 63, 59, 9, 96, 64]
2025-11-14 01:46:50 - 8_0.01_1 - INFO - idx: 6, output_dict_len: 223
2025-11-14 01:46:50 - 8_0.01_1 - INFO - user class dict total [94, 88, 99, 61, 19, 25, 4, 16, 8, 46]
2025-11-14 01:46:50 - 8_0.01_1 - INFO - idx: 7, output_dict_len: 234
2025-11-14 01:46:50 - 8_0.01_1 - INFO - user class dict total [26, 2, 93, 85, 29, 22, 100, 67, 68, 38]
2025-11-14 01:46:50 - 8_0.01_1 - INFO - idx: 8, output_dict_len: 205
2025-11-14 01:46:50 - 8_0.01_1 - INFO - user class dict total [83, 15, 12, 81, 43, 73, 78, 40, 101, 57, 89, 49]
2025-11-14 01:46:50 - 8_0.01_1 - INFO - idx: 9, output_dict_len: 319
2025-11-14 01:46:50 - 8_0.01_1 - INFO - Loading CLIP (backbone: ViT-B/16)
2025-11-14 01:46:52 - 8_0.01_1 - INFO - Building custom CLIP
2025-11-14 01:46:52 - 8_0.01_1 - INFO - Turning off gradients in both the image and the text encoder
2025-11-14 01:47:21 - 8_0.01_1 - INFO - [Epoch 1/30] 训练耗时: 28.96s | 平均训练准确率: 0.42
2025-11-14 01:47:49 - 8_0.01_1 - INFO - [Epoch 2/30] 训练耗时: 28.11s | 平均训练准确率: 0.28
2025-11-14 01:48:17 - 8_0.01_1 - INFO - [Epoch 3/30] 训练耗时: 28.06s | 平均训练准确率: 0.83
2025-11-14 01:48:46 - 8_0.01_1 - INFO - [Epoch 4/30] 训练耗时: 28.19s | 平均训练准确率: 0.35
2025-11-14 01:49:13 - 8_0.01_1 - INFO - [Epoch 5/30] 训练耗时: 27.47s | 平均训练准确率: 0.45
2025-11-14 01:49:41 - 8_0.01_1 - INFO - [Epoch 6/30] 训练耗时: 27.97s | 平均训练准确率: 0.49
2025-11-14 01:50:09 - 8_0.01_1 - INFO - [Epoch 7/30] 训练耗时: 28.28s | 平均训练准确率: 0.76
2025-11-14 01:50:38 - 8_0.01_1 - INFO - [Epoch 8/30] 训练耗时: 28.35s | 平均训练准确率: 1.81
2025-11-14 01:51:06 - 8_0.01_1 - INFO - [Epoch 9/30] 训练耗时: 28.33s | 平均训练准确率: 1.77
2025-11-14 01:51:34 - 8_0.01_1 - INFO - [Epoch 10/30] 训练耗时: 28.41s | 平均训练准确率: 0.80
2025-11-14 01:52:02 - 8_0.01_1 - INFO - [Epoch 11/30] 训练耗时: 27.46s | 平均训练准确率: 0.38
2025-11-14 01:52:28 - 8_0.01_1 - INFO - [Epoch 12/30] 训练耗时: 26.63s | 平均训练准确率: 0.69
2025-11-14 01:52:57 - 8_0.01_1 - INFO - [Epoch 13/30] 训练耗时: 28.35s | 平均训练准确率: 0.31
2025-11-14 01:53:24 - 8_0.01_1 - INFO - [Epoch 14/30] 训练耗时: 27.10s | 平均训练准确率: 0.10
2025-11-14 01:53:49 - 8_0.01_1 - INFO - [Epoch 15/30] 训练耗时: 25.41s | 平均训练准确率: 0.35
2025-11-14 01:54:15 - 8_0.01_1 - INFO - [Epoch 16/30] 训练耗时: 25.41s | 平均训练准确率: 0.87
2025-11-14 01:54:40 - 8_0.01_1 - INFO - [Epoch 17/30] 训练耗时: 25.28s | 平均训练准确率: 0.62
2025-11-14 01:55:07 - 8_0.01_1 - INFO - [Epoch 18/30] 训练耗时: 26.92s | 平均训练准确率: 0.69
2025-11-14 01:55:34 - 8_0.01_1 - INFO - [Epoch 19/30] 训练耗时: 27.08s | 平均训练准确率: 1.42
2025-11-14 01:55:59 - 8_0.01_1 - INFO - [Epoch 20/30] 训练耗时: 25.28s | 平均训练准确率: 1.32
2025-11-14 01:56:26 - 8_0.01_1 - INFO - [Epoch 21/30] 训练耗时: 26.76s | 平均训练准确率: 1.42
2025-11-14 01:56:54 - 8_0.01_1 - INFO - [Epoch 22/30] 训练耗时: 27.97s | 平均训练准确率: 0.38
2025-11-14 01:57:22 - 8_0.01_1 - INFO - [Epoch 23/30] 训练耗时: 28.04s | 平均训练准确率: 0.03
2025-11-14 01:57:50 - 8_0.01_1 - INFO - [Epoch 24/30] 训练耗时: 27.68s | 平均训练准确率: 0.00
2025-11-14 01:58:15 - 8_0.01_1 - INFO - [Epoch 25/30] 训练耗时: 25.39s | 平均训练准确率: 0.03
2025-11-14 01:58:40 - 8_0.01_1 - INFO - [Epoch 26/30] 训练耗时: 25.22s | 平均训练准确率: 0.17
2025-11-14 01:59:06 - 8_0.01_1 - INFO - [Epoch 27/30] 训练耗时: 25.19s | 平均训练准确率: 0.17
2025-11-14 01:59:31 - 8_0.01_1 - INFO - [Epoch 28/30] 训练耗时: 25.28s | 平均训练准确率: 0.35
2025-11-14 01:59:31 - 8_0.01_1 - INFO - ------------local test start-------------
2025-11-14 01:59:31 - 8_0.01_1 - INFO - Evaluate on the client0 local set
2025-11-14 01:59:33 - 8_0.01_1 - INFO - => result | total 269 | correct 1 | acc 0.37% | err 99.63% | macro_f1 0.32%
2025-11-14 01:59:33 - 8_0.01_1 - INFO - Evaluate on the client0 neighbor set
2025-11-14 01:59:52 - 8_0.01_1 - INFO - => result | total 2,194 | correct 35 | acc 1.60% | err 98.40% | macro_f1 0.07%
2025-11-14 01:59:52 - 8_0.01_1 - INFO - Evaluate on the client1 local set
2025-11-14 01:59:54 - 8_0.01_1 - INFO - => result | total 339 | correct 32 | acc 9.44% | err 90.56% | macro_f1 2.21%
2025-11-14 01:59:54 - 8_0.01_1 - INFO - Evaluate on the client1 neighbor set
2025-11-14 02:00:12 - 8_0.01_1 - INFO - => result | total 2,124 | correct 4 | acc 0.19% | err 99.81% | macro_f1 0.10%
2025-11-14 02:00:12 - 8_0.01_1 - INFO - Evaluate on the client2 local set
2025-11-14 02:00:14 - 8_0.01_1 - INFO - => result | total 223 | correct 3 | acc 1.35% | err 98.65% | macro_f1 1.60%
2025-11-14 02:00:14 - 8_0.01_1 - INFO - Evaluate on the client2 neighbor set
2025-11-14 02:00:33 - 8_0.01_1 - INFO - => result | total 2,240 | correct 34 | acc 1.52% | err 98.48% | macro_f1 0.10%
2025-11-14 02:00:33 - 8_0.01_1 - INFO - Evaluate on the client3 local set
2025-11-14 02:00:34 - 8_0.01_1 - INFO - => result | total 211 | correct 0 | acc 0.00% | err 100.00% | macro_f1 0.00%
2025-11-14 02:00:34 - 8_0.01_1 - INFO - Evaluate on the client3 neighbor set
2025-11-14 02:00:53 - 8_0.01_1 - INFO - => result | total 2,252 | correct 37 | acc 1.64% | err 98.36% | macro_f1 0.17%
2025-11-14 02:00:53 - 8_0.01_1 - INFO - Evaluate on the client4 local set
2025-11-14 02:00:55 - 8_0.01_1 - INFO - => result | total 178 | correct 0 | acc 0.00% | err 100.00% | macro_f1 0.00%
2025-11-14 02:00:55 - 8_0.01_1 - INFO - Evaluate on the client4 neighbor set
2025-11-14 02:01:14 - 8_0.01_1 - INFO - => result | total 2,285 | correct 35 | acc 1.53% | err 98.47% | macro_f1 0.17%
2025-11-14 02:01:14 - 8_0.01_1 - INFO - Evaluate on the client5 local set
2025-11-14 02:01:16 - 8_0.01_1 - INFO - => result | total 262 | correct 0 | acc 0.00% | err 100.00% | macro_f1 0.00%
2025-11-14 02:01:16 - 8_0.01_1 - INFO - Evaluate on the client5 neighbor set
2025-11-14 02:01:34 - 8_0.01_1 - INFO - => result | total 2,201 | correct 35 | acc 1.59% | err 98.41% | macro_f1 0.18%
2025-11-14 02:01:34 - 8_0.01_1 - INFO - Evaluate on the client6 local set
2025-11-14 02:01:36 - 8_0.01_1 - INFO - => result | total 223 | correct 0 | acc 0.00% | err 100.00% | macro_f1 0.00%
2025-11-14 02:01:36 - 8_0.01_1 - INFO - Evaluate on the client6 neighbor set
2025-11-14 02:01:54 - 8_0.01_1 - INFO - => result | total 2,240 | correct 34 | acc 1.52% | err 98.48% | macro_f1 0.17%
2025-11-14 02:01:54 - 8_0.01_1 - INFO - Evaluate on the client7 local set
2025-11-14 02:01:56 - 8_0.01_1 - INFO - => result | total 234 | correct 0 | acc 0.00% | err 100.00% | macro_f1 0.00%
2025-11-14 02:01:56 - 8_0.01_1 - INFO - Evaluate on the client7 neighbor set
2025-11-14 02:02:15 - 8_0.01_1 - INFO - => result | total 2,229 | correct 33 | acc 1.48% | err 98.52% | macro_f1 0.17%
2025-11-14 02:02:15 - 8_0.01_1 - INFO - Evaluate on the client8 local set
2025-11-14 02:02:17 - 8_0.01_1 - INFO - => result | total 205 | correct 0 | acc 0.00% | err 100.00% | macro_f1 0.00%
2025-11-14 02:02:17 - 8_0.01_1 - INFO - Evaluate on the client8 neighbor set
2025-11-14 02:02:36 - 8_0.01_1 - INFO - => result | total 2,258 | correct 33 | acc 1.46% | err 98.54% | macro_f1 0.18%
2025-11-14 02:02:36 - 8_0.01_1 - INFO - Evaluate on the client9 local set
2025-11-14 02:02:38 - 8_0.01_1 - INFO - => result | total 319 | correct 0 | acc 0.00% | err 100.00% | macro_f1 0.00%
2025-11-14 02:02:38 - 8_0.01_1 - INFO - Evaluate on the client9 neighbor set
2025-11-14 02:02:56 - 8_0.01_1 - INFO - => result | total 2,144 | correct 33 | acc 1.54% | err 98.46% | macro_f1 0.22%
2025-11-14 02:02:56 - 8_0.01_1 - INFO - Global test local acc: 1.12
2025-11-14 02:02:56 - 8_0.01_1 - INFO - Global test neighbor acc: 1.41
2025-11-14 02:02:56 - 8_0.01_1 - INFO - ------------local test finish-------------
2025-11-14 02:02:56 - 8_0.01_1 - INFO - [Epoch 28/30] 测试耗时: 204.88s
2025-11-14 02:03:21 - 8_0.01_1 - INFO - [Epoch 29/30] 训练耗时: 25.26s | 平均训练准确率: 0.14
2025-11-14 02:03:21 - 8_0.01_1 - INFO - ------------local test start-------------
2025-11-14 02:03:21 - 8_0.01_1 - INFO - Evaluate on the client0 local set
2025-11-14 02:03:23 - 8_0.01_1 - INFO - => result | total 269 | correct 1 | acc 0.37% | err 99.63% | macro_f1 0.29%
2025-11-14 02:03:23 - 8_0.01_1 - INFO - Evaluate on the client0 neighbor set
2025-11-14 02:03:41 - 8_0.01_1 - INFO - => result | total 2,194 | correct 24 | acc 1.09% | err 98.91% | macro_f1 0.04%
2025-11-14 02:03:41 - 8_0.01_1 - INFO - Evaluate on the client1 local set
2025-11-14 02:03:44 - 8_0.01_1 - INFO - => result | total 339 | correct 23 | acc 6.78% | err 93.22% | macro_f1 1.60%
2025-11-14 02:03:44 - 8_0.01_1 - INFO - Evaluate on the client1 neighbor set
2025-11-14 02:04:01 - 8_0.01_1 - INFO - => result | total 2,124 | correct 1 | acc 0.05% | err 99.95% | macro_f1 0.01%
2025-11-14 02:04:01 - 8_0.01_1 - INFO - Evaluate on the client2 local set
2025-11-14 02:04:03 - 8_0.01_1 - INFO - => result | total 223 | correct 1 | acc 0.45% | err 99.55% | macro_f1 0.34%
2025-11-14 02:04:03 - 8_0.01_1 - INFO - Evaluate on the client2 neighbor set
2025-11-14 02:04:21 - 8_0.01_1 - INFO - => result | total 2,240 | correct 24 | acc 1.07% | err 98.93% | macro_f1 0.03%
2025-11-14 02:04:21 - 8_0.01_1 - INFO - Evaluate on the client3 local set
2025-11-14 02:04:23 - 8_0.01_1 - INFO - => result | total 211 | correct 0 | acc 0.00% | err 100.00% | macro_f1 0.00%
2025-11-14 02:04:23 - 8_0.01_1 - INFO - Evaluate on the client3 neighbor set
2025-11-14 02:04:41 - 8_0.01_1 - INFO - => result | total 2,252 | correct 24 | acc 1.07% | err 98.93% | macro_f1 0.04%
2025-11-14 02:04:41 - 8_0.01_1 - INFO - Evaluate on the client4 local set
2025-11-14 02:04:43 - 8_0.01_1 - INFO - => result | total 178 | correct 0 | acc 0.00% | err 100.00% | macro_f1 0.00%
2025-11-14 02:04:43 - 8_0.01_1 - INFO - Evaluate on the client4 neighbor set
2025-11-14 02:05:01 - 8_0.01_1 - INFO - => result | total 2,285 | correct 24 | acc 1.05% | err 98.95% | macro_f1 0.04%
2025-11-14 02:05:01 - 8_0.01_1 - INFO - Evaluate on the client5 local set
2025-11-14 02:05:03 - 8_0.01_1 - INFO - => result | total 262 | correct 0 | acc 0.00% | err 100.00% | macro_f1 0.00%
2025-11-14 02:05:03 - 8_0.01_1 - INFO - Evaluate on the client5 neighbor set
2025-11-14 02:05:21 - 8_0.01_1 - INFO - => result | total 2,201 | correct 24 | acc 1.09% | err 98.91% | macro_f1 0.04%
2025-11-14 02:05:21 - 8_0.01_1 - INFO - Evaluate on the client6 local set
2025-11-14 02:05:22 - 8_0.01_1 - INFO - => result | total 223 | correct 0 | acc 0.00% | err 100.00% | macro_f1 0.00%
2025-11-14 02:05:22 - 8_0.01_1 - INFO - Evaluate on the client6 neighbor set
2025-11-14 02:05:40 - 8_0.01_1 - INFO - => result | total 2,240 | correct 23 | acc 1.03% | err 98.97% | macro_f1 0.04%
2025-11-14 02:05:40 - 8_0.01_1 - INFO - Evaluate on the client7 local set
2025-11-14 02:05:42 - 8_0.01_1 - INFO - => result | total 234 | correct 0 | acc 0.00% | err 100.00% | macro_f1 0.00%
2025-11-14 02:05:42 - 8_0.01_1 - INFO - Evaluate on the client7 neighbor set
2025-11-14 02:06:00 - 8_0.01_1 - INFO - => result | total 2,229 | correct 23 | acc 1.03% | err 98.97% | macro_f1 0.04%
2025-11-14 02:06:00 - 8_0.01_1 - INFO - Evaluate on the client8 local set
2025-11-14 02:06:02 - 8_0.01_1 - INFO - => result | total 205 | correct 0 | acc 0.00% | err 100.00% | macro_f1 0.00%
2025-11-14 02:06:02 - 8_0.01_1 - INFO - Evaluate on the client8 neighbor set
2025-11-14 02:06:20 - 8_0.01_1 - INFO - => result | total 2,258 | correct 21 | acc 0.93% | err 99.07% | macro_f1 0.03%
2025-11-14 02:06:20 - 8_0.01_1 - INFO - Evaluate on the client9 local set
2025-11-14 02:06:22 - 8_0.01_1 - INFO - => result | total 319 | correct 0 | acc 0.00% | err 100.00% | macro_f1 0.00%
2025-11-14 02:06:22 - 8_0.01_1 - INFO - Evaluate on the client9 neighbor set
2025-11-14 02:06:40 - 8_0.01_1 - INFO - => result | total 2,144 | correct 21 | acc 0.98% | err 99.02% | macro_f1 0.04%
2025-11-14 02:06:40 - 8_0.01_1 - INFO - Global test local acc: 0.76
2025-11-14 02:06:40 - 8_0.01_1 - INFO - Global test neighbor acc: 0.94
2025-11-14 02:06:40 - 8_0.01_1 - INFO - ------------local test finish-------------
2025-11-14 02:06:40 - 8_0.01_1 - INFO - [Epoch 29/30] 测试耗时: 198.91s
2025-11-14 02:07:08 - 8_0.01_1 - INFO - [Epoch 30/30] 训练耗时: 28.14s | 平均训练准确率: 0.03
2025-11-14 02:07:08 - 8_0.01_1 - INFO - ------------local test start-------------
2025-11-14 02:07:08 - 8_0.01_1 - INFO - Evaluate on the client0 local set
2025-11-14 02:07:10 - 8_0.01_1 - INFO - => result | total 269 | correct 1 | acc 0.37% | err 99.63% | macro_f1 0.83%
2025-11-14 02:07:10 - 8_0.01_1 - INFO - Evaluate on the client0 neighbor set
2025-11-14 02:07:28 - 8_0.01_1 - INFO - => result | total 2,194 | correct 23 | acc 1.05% | err 98.95% | macro_f1 0.14%
2025-11-14 02:07:28 - 8_0.01_1 - INFO - Evaluate on the client1 local set
2025-11-14 02:07:31 - 8_0.01_1 - INFO - => result | total 339 | correct 13 | acc 3.83% | err 96.17% | macro_f1 1.40%
2025-11-14 02:07:31 - 8_0.01_1 - INFO - Evaluate on the client1 neighbor set
2025-11-14 02:07:49 - 8_0.01_1 - INFO - => result | total 2,124 | correct 14 | acc 0.66% | err 99.34% | macro_f1 0.13%
2025-11-14 02:07:49 - 8_0.01_1 - INFO - Evaluate on the client2 local set
2025-11-14 02:07:50 - 8_0.01_1 - INFO - => result | total 223 | correct 1 | acc 0.45% | err 99.55% | macro_f1 0.33%
2025-11-14 02:07:50 - 8_0.01_1 - INFO - Evaluate on the client2 neighbor set
2025-11-14 02:08:08 - 8_0.01_1 - INFO - => result | total 2,240 | correct 25 | acc 1.12% | err 98.88% | macro_f1 0.16%
2025-11-14 02:08:08 - 8_0.01_1 - INFO - Evaluate on the client3 local set
2025-11-14 02:08:10 - 8_0.01_1 - INFO - => result | total 211 | correct 0 | acc 0.00% | err 100.00% | macro_f1 0.00%
2025-11-14 02:08:10 - 8_0.01_1 - INFO - Evaluate on the client3 neighbor set
2025-11-14 02:08:28 - 8_0.01_1 - INFO - => result | total 2,252 | correct 28 | acc 1.24% | err 98.76% | macro_f1 0.17%
2025-11-14 02:08:28 - 8_0.01_1 - INFO - Evaluate on the client4 local set
2025-11-14 02:08:30 - 8_0.01_1 - INFO - => result | total 178 | correct 0 | acc 0.00% | err 100.00% | macro_f1 0.00%
2025-11-14 02:08:30 - 8_0.01_1 - INFO - Evaluate on the client4 neighbor set
2025-11-14 02:08:48 - 8_0.01_1 - INFO - => result | total 2,285 | correct 28 | acc 1.23% | err 98.77% | macro_f1 0.18%
2025-11-14 02:08:48 - 8_0.01_1 - INFO - Evaluate on the client5 local set
2025-11-14 02:08:51 - 8_0.01_1 - INFO - => result | total 262 | correct 0 | acc 0.00% | err 100.00% | macro_f1 0.00%
2025-11-14 02:08:51 - 8_0.01_1 - INFO - Evaluate on the client5 neighbor set
2025-11-14 02:09:08 - 8_0.01_1 - INFO - => result | total 2,201 | correct 28 | acc 1.27% | err 98.73% | macro_f1 0.18%
2025-11-14 02:09:08 - 8_0.01_1 - INFO - Evaluate on the client6 local set
2025-11-14 02:09:10 - 8_0.01_1 - INFO - => result | total 223 | correct 0 | acc 0.00% | err 100.00% | macro_f1 0.00%
2025-11-14 02:09:10 - 8_0.01_1 - INFO - Evaluate on the client6 neighbor set
2025-11-14 02:09:29 - 8_0.01_1 - INFO - => result | total 2,240 | correct 28 | acc 1.25% | err 98.75% | macro_f1 0.17%
2025-11-14 02:09:29 - 8_0.01_1 - INFO - Evaluate on the client7 local set
2025-11-14 02:09:31 - 8_0.01_1 - INFO - => result | total 234 | correct 1 | acc 0.43% | err 99.57% | macro_f1 0.87%
2025-11-14 02:09:31 - 8_0.01_1 - INFO - Evaluate on the client7 neighbor set
2025-11-14 02:09:49 - 8_0.01_1 - INFO - => result | total 2,229 | correct 26 | acc 1.17% | err 98.83% | macro_f1 0.14%
2025-11-14 02:09:49 - 8_0.01_1 - INFO - Evaluate on the client8 local set
2025-11-14 02:09:51 - 8_0.01_1 - INFO - => result | total 205 | correct 1 | acc 0.49% | err 99.51% | macro_f1 1.05%
2025-11-14 02:09:51 - 8_0.01_1 - INFO - Evaluate on the client8 neighbor set
2025-11-14 02:10:10 - 8_0.01_1 - INFO - => result | total 2,258 | correct 26 | acc 1.15% | err 98.85% | macro_f1 0.11%
2025-11-14 02:10:10 - 8_0.01_1 - INFO - Evaluate on the client9 local set
2025-11-14 02:10:12 - 8_0.01_1 - INFO - => result | total 319 | correct 7 | acc 2.19% | err 97.81% | macro_f1 0.90%
2025-11-14 02:10:12 - 8_0.01_1 - INFO - Evaluate on the client9 neighbor set
2025-11-14 02:10:30 - 8_0.01_1 - INFO - => result | total 2,144 | correct 20 | acc 0.93% | err 99.07% | macro_f1 0.15%
2025-11-14 02:10:30 - 8_0.01_1 - INFO - Global test local acc: 0.78
2025-11-14 02:10:30 - 8_0.01_1 - INFO - Global test neighbor acc: 1.11
2025-11-14 02:10:30 - 8_0.01_1 - INFO - ------------local test finish-------------
2025-11-14 02:10:30 - 8_0.01_1 - INFO - [Epoch 30/30] 测试耗时: 202.07s
2025-11-14 02:10:30 - 8_0.01_1 - INFO - maximum test local acc: 1.116
2025-11-14 02:10:30 - 8_0.01_1 - INFO - mean of local acc: 0.884
2025-11-14 02:10:30 - 8_0.01_1 - INFO - maximum test neighbor acc: 1.407
2025-11-14 02:10:30 - 8_0.01_1 - INFO - mean of neighbor acc: 1.151
