2025-11-13 21:07:12 - 8_0.2_1 - INFO - 日志文件已创建: logs/oxford_flowers/dpfpl/8_0.2_1_20251113_210712.log
2025-11-13 21:07:12 - 8_0.2_1 - INFO - Loading trainer: DP_FPL
2025-11-13 21:07:12 - 8_0.2_1 - INFO - Loading dataset: OxfordFlowers
2025-11-13 21:07:12 - 8_0.2_1 - INFO - Reading split from /home/liuxin25/dataset/oxford_flowers/split_zhou_OxfordFlowers.json
2025-11-13 21:07:12 - 8_0.2_1 - INFO - Creating a baseline federated dataset
2025-11-13 21:07:12 - 8_0.2_1 - INFO - class_num 102
2025-11-13 21:07:12 - 8_0.2_1 - INFO - user class dict total [90, 54, 31, 35, 55, 72, 92, 42, 95, 84]
2025-11-13 21:07:12 - 8_0.2_1 - INFO - idx: 0, output_dict_len: 451
2025-11-13 21:07:12 - 8_0.2_1 - INFO - user class dict total [74, 0, 1, 80, 27, 20, 77, 50, 66, 45]
2025-11-13 21:07:12 - 8_0.2_1 - INFO - idx: 1, output_dict_len: 562
2025-11-13 21:07:12 - 8_0.2_1 - INFO - user class dict total [44, 82, 14, 32, 52, 70, 28, 51, 10, 21]
2025-11-13 21:07:12 - 8_0.2_1 - INFO - idx: 2, output_dict_len: 373
2025-11-13 21:07:12 - 8_0.2_1 - INFO - user class dict total [33, 75, 5, 48, 87, 98, 23, 69, 62, 7]
2025-11-13 21:07:12 - 8_0.2_1 - INFO - idx: 3, output_dict_len: 350
2025-11-13 21:07:12 - 8_0.2_1 - INFO - user class dict total [17, 18, 60, 34, 11, 58, 86, 13, 41, 30]
2025-11-13 21:07:12 - 8_0.2_1 - INFO - idx: 4, output_dict_len: 302
2025-11-13 21:07:12 - 8_0.2_1 - INFO - user class dict total [24, 71, 56, 76, 37, 6, 53, 79, 97, 39]
2025-11-13 21:07:12 - 8_0.2_1 - INFO - idx: 5, output_dict_len: 433
2025-11-13 21:07:12 - 8_0.2_1 - INFO - user class dict total [47, 65, 36, 91, 3, 63, 59, 9, 96, 64]
2025-11-13 21:07:12 - 8_0.2_1 - INFO - idx: 6, output_dict_len: 367
2025-11-13 21:07:12 - 8_0.2_1 - INFO - user class dict total [94, 88, 99, 61, 19, 25, 4, 16, 8, 46]
2025-11-13 21:07:12 - 8_0.2_1 - INFO - idx: 7, output_dict_len: 387
2025-11-13 21:07:12 - 8_0.2_1 - INFO - user class dict total [26, 2, 93, 85, 29, 22, 100, 67, 68, 38]
2025-11-13 21:07:12 - 8_0.2_1 - INFO - idx: 8, output_dict_len: 341
2025-11-13 21:07:12 - 8_0.2_1 - INFO - user class dict total [83, 15, 12, 81, 43, 73, 78, 40, 101, 57, 89, 49]
2025-11-13 21:07:12 - 8_0.2_1 - INFO - idx: 9, output_dict_len: 527
2025-11-13 21:07:12 - 8_0.2_1 - INFO - Creating a baseline federated dataset
2025-11-13 21:07:12 - 8_0.2_1 - INFO - class_num 102
2025-11-13 21:07:12 - 8_0.2_1 - INFO - user class dict total [90, 54, 31, 35, 55, 72, 92, 42, 95, 84]
2025-11-13 21:07:12 - 8_0.2_1 - INFO - idx: 0, output_dict_len: 269
2025-11-13 21:07:12 - 8_0.2_1 - INFO - user class dict total [74, 0, 1, 80, 27, 20, 77, 50, 66, 45]
2025-11-13 21:07:12 - 8_0.2_1 - INFO - idx: 1, output_dict_len: 339
2025-11-13 21:07:12 - 8_0.2_1 - INFO - user class dict total [44, 82, 14, 32, 52, 70, 28, 51, 10, 21]
2025-11-13 21:07:12 - 8_0.2_1 - INFO - idx: 2, output_dict_len: 223
2025-11-13 21:07:12 - 8_0.2_1 - INFO - user class dict total [33, 75, 5, 48, 87, 98, 23, 69, 62, 7]
2025-11-13 21:07:12 - 8_0.2_1 - INFO - idx: 3, output_dict_len: 211
2025-11-13 21:07:12 - 8_0.2_1 - INFO - user class dict total [17, 18, 60, 34, 11, 58, 86, 13, 41, 30]
2025-11-13 21:07:12 - 8_0.2_1 - INFO - idx: 4, output_dict_len: 178
2025-11-13 21:07:12 - 8_0.2_1 - INFO - user class dict total [24, 71, 56, 76, 37, 6, 53, 79, 97, 39]
2025-11-13 21:07:12 - 8_0.2_1 - INFO - idx: 5, output_dict_len: 262
2025-11-13 21:07:12 - 8_0.2_1 - INFO - user class dict total [47, 65, 36, 91, 3, 63, 59, 9, 96, 64]
2025-11-13 21:07:12 - 8_0.2_1 - INFO - idx: 6, output_dict_len: 223
2025-11-13 21:07:12 - 8_0.2_1 - INFO - user class dict total [94, 88, 99, 61, 19, 25, 4, 16, 8, 46]
2025-11-13 21:07:12 - 8_0.2_1 - INFO - idx: 7, output_dict_len: 234
2025-11-13 21:07:12 - 8_0.2_1 - INFO - user class dict total [26, 2, 93, 85, 29, 22, 100, 67, 68, 38]
2025-11-13 21:07:12 - 8_0.2_1 - INFO - idx: 8, output_dict_len: 205
2025-11-13 21:07:12 - 8_0.2_1 - INFO - user class dict total [83, 15, 12, 81, 43, 73, 78, 40, 101, 57, 89, 49]
2025-11-13 21:07:12 - 8_0.2_1 - INFO - idx: 9, output_dict_len: 319
2025-11-13 21:07:12 - 8_0.2_1 - INFO - Loading CLIP (backbone: ViT-B/16)
2025-11-13 21:07:14 - 8_0.2_1 - INFO - Building custom CLIP
2025-11-13 21:07:14 - 8_0.2_1 - INFO - Turning off gradients in both the image and the text encoder
2025-11-13 21:07:42 - 8_0.2_1 - INFO - [Epoch 1/30] 训练耗时: 27.18s | 平均训练准确率: 0.42
2025-11-13 21:08:07 - 8_0.2_1 - INFO - [Epoch 2/30] 训练耗时: 25.38s | 平均训练准确率: 1.42
2025-11-13 21:08:32 - 8_0.2_1 - INFO - [Epoch 3/30] 训练耗时: 25.16s | 平均训练准确率: 1.67
2025-11-13 21:08:57 - 8_0.2_1 - INFO - [Epoch 4/30] 训练耗时: 24.98s | 平均训练准确率: 2.15
2025-11-13 21:09:22 - 8_0.2_1 - INFO - [Epoch 5/30] 训练耗时: 25.09s | 平均训练准确率: 3.26
2025-11-13 21:09:48 - 8_0.2_1 - INFO - [Epoch 6/30] 训练耗时: 25.33s | 平均训练准确率: 2.99
2025-11-13 21:10:13 - 8_0.2_1 - INFO - [Epoch 7/30] 训练耗时: 25.26s | 平均训练准确率: 2.15
2025-11-13 21:10:38 - 8_0.2_1 - INFO - [Epoch 8/30] 训练耗时: 25.26s | 平均训练准确率: 2.22
2025-11-13 21:11:03 - 8_0.2_1 - INFO - [Epoch 9/30] 训练耗时: 25.12s | 平均训练准确率: 2.40
2025-11-13 21:11:28 - 8_0.2_1 - INFO - [Epoch 10/30] 训练耗时: 25.20s | 平均训练准确率: 2.36
2025-11-13 21:11:54 - 8_0.2_1 - INFO - [Epoch 11/30] 训练耗时: 25.14s | 平均训练准确率: 1.70
2025-11-13 21:12:19 - 8_0.2_1 - INFO - [Epoch 12/30] 训练耗时: 25.22s | 平均训练准确率: 1.88
2025-11-13 21:12:44 - 8_0.2_1 - INFO - [Epoch 13/30] 训练耗时: 25.18s | 平均训练准确率: 1.67
2025-11-13 21:13:09 - 8_0.2_1 - INFO - [Epoch 14/30] 训练耗时: 25.14s | 平均训练准确率: 3.82
2025-11-13 21:13:34 - 8_0.2_1 - INFO - [Epoch 15/30] 训练耗时: 25.21s | 平均训练准确率: 2.53
2025-11-13 21:13:59 - 8_0.2_1 - INFO - [Epoch 16/30] 训练耗时: 24.90s | 平均训练准确率: 2.36
2025-11-13 21:14:23 - 8_0.2_1 - INFO - [Epoch 17/30] 训练耗时: 24.30s | 平均训练准确率: 2.15
2025-11-13 21:14:49 - 8_0.2_1 - INFO - [Epoch 18/30] 训练耗时: 25.24s | 平均训练准确率: 2.12
2025-11-13 21:15:14 - 8_0.2_1 - INFO - [Epoch 19/30] 训练耗时: 25.27s | 平均训练准确率: 1.94
2025-11-13 21:15:39 - 8_0.2_1 - INFO - [Epoch 20/30] 训练耗时: 25.33s | 平均训练准确率: 2.19
2025-11-13 21:16:04 - 8_0.2_1 - INFO - [Epoch 21/30] 训练耗时: 25.17s | 平均训练准确率: 3.33
2025-11-13 21:16:30 - 8_0.2_1 - INFO - [Epoch 22/30] 训练耗时: 25.20s | 平均训练准确率: 3.92
2025-11-13 21:16:55 - 8_0.2_1 - INFO - [Epoch 23/30] 训练耗时: 25.28s | 平均训练准确率: 5.49
2025-11-13 21:17:20 - 8_0.2_1 - INFO - [Epoch 24/30] 训练耗时: 25.39s | 平均训练准确率: 3.85
2025-11-13 21:17:46 - 8_0.2_1 - INFO - [Epoch 25/30] 训练耗时: 25.33s | 平均训练准确率: 2.92
2025-11-13 21:18:11 - 8_0.2_1 - INFO - [Epoch 26/30] 训练耗时: 25.20s | 平均训练准确率: 4.58
2025-11-13 21:18:39 - 8_0.2_1 - INFO - [Epoch 27/30] 训练耗时: 27.73s | 平均训练准确率: 3.85
2025-11-13 21:19:07 - 8_0.2_1 - INFO - [Epoch 28/30] 训练耗时: 28.20s | 平均训练准确率: 3.40
2025-11-13 21:19:07 - 8_0.2_1 - INFO - ------------local test start-------------
2025-11-13 21:19:07 - 8_0.2_1 - INFO - Evaluate on the client0 local set
2025-11-13 21:19:09 - 8_0.2_1 - INFO - => result | total 269 | correct 2 | acc 0.74% | err 99.26% | macro_f1 0.89%
2025-11-13 21:19:09 - 8_0.2_1 - INFO - Evaluate on the client0 neighbor set
2025-11-13 21:19:27 - 8_0.2_1 - INFO - => result | total 2,194 | correct 54 | acc 2.46% | err 97.54% | macro_f1 0.23%
2025-11-13 21:19:27 - 8_0.2_1 - INFO - Evaluate on the client1 local set
2025-11-13 21:19:30 - 8_0.2_1 - INFO - => result | total 339 | correct 1 | acc 0.29% | err 99.71% | macro_f1 0.25%
2025-11-13 21:19:30 - 8_0.2_1 - INFO - Evaluate on the client1 neighbor set
2025-11-13 21:19:48 - 8_0.2_1 - INFO - => result | total 2,124 | correct 57 | acc 2.68% | err 97.32% | macro_f1 0.25%
2025-11-13 21:19:48 - 8_0.2_1 - INFO - Evaluate on the client2 local set
2025-11-13 21:19:49 - 8_0.2_1 - INFO - => result | total 223 | correct 0 | acc 0.00% | err 100.00% | macro_f1 0.00%
2025-11-13 21:19:49 - 8_0.2_1 - INFO - Evaluate on the client2 neighbor set
2025-11-13 21:20:08 - 8_0.2_1 - INFO - => result | total 2,240 | correct 61 | acc 2.72% | err 97.28% | macro_f1 0.29%
2025-11-13 21:20:08 - 8_0.2_1 - INFO - Evaluate on the client3 local set
2025-11-13 21:20:10 - 8_0.2_1 - INFO - => result | total 211 | correct 0 | acc 0.00% | err 100.00% | macro_f1 0.00%
2025-11-13 21:20:10 - 8_0.2_1 - INFO - Evaluate on the client3 neighbor set
2025-11-13 21:20:28 - 8_0.2_1 - INFO - => result | total 2,252 | correct 61 | acc 2.71% | err 97.29% | macro_f1 0.28%
2025-11-13 21:20:28 - 8_0.2_1 - INFO - Evaluate on the client4 local set
2025-11-13 21:20:29 - 8_0.2_1 - INFO - => result | total 178 | correct 0 | acc 0.00% | err 100.00% | macro_f1 0.00%
2025-11-13 21:20:29 - 8_0.2_1 - INFO - Evaluate on the client4 neighbor set
2025-11-13 21:20:48 - 8_0.2_1 - INFO - => result | total 2,285 | correct 65 | acc 2.84% | err 97.16% | macro_f1 0.31%
2025-11-13 21:20:48 - 8_0.2_1 - INFO - Evaluate on the client5 local set
2025-11-13 21:20:50 - 8_0.2_1 - INFO - => result | total 262 | correct 3 | acc 1.15% | err 98.85% | macro_f1 0.69%
2025-11-13 21:20:50 - 8_0.2_1 - INFO - Evaluate on the client5 neighbor set
2025-11-13 21:21:08 - 8_0.2_1 - INFO - => result | total 2,201 | correct 62 | acc 2.82% | err 97.18% | macro_f1 0.38%
2025-11-13 21:21:08 - 8_0.2_1 - INFO - Evaluate on the client6 local set
2025-11-13 21:21:10 - 8_0.2_1 - INFO - => result | total 223 | correct 0 | acc 0.00% | err 100.00% | macro_f1 0.00%
2025-11-13 21:21:10 - 8_0.2_1 - INFO - Evaluate on the client6 neighbor set
2025-11-13 21:21:28 - 8_0.2_1 - INFO - => result | total 2,240 | correct 55 | acc 2.46% | err 97.54% | macro_f1 0.20%
2025-11-13 21:21:28 - 8_0.2_1 - INFO - Evaluate on the client7 local set
2025-11-13 21:21:30 - 8_0.2_1 - INFO - => result | total 234 | correct 0 | acc 0.00% | err 100.00% | macro_f1 0.00%
2025-11-13 21:21:30 - 8_0.2_1 - INFO - Evaluate on the client7 neighbor set
2025-11-13 21:21:48 - 8_0.2_1 - INFO - => result | total 2,229 | correct 48 | acc 2.15% | err 97.85% | macro_f1 0.20%
2025-11-13 21:21:48 - 8_0.2_1 - INFO - Evaluate on the client8 local set
2025-11-13 21:21:50 - 8_0.2_1 - INFO - => result | total 205 | correct 0 | acc 0.00% | err 100.00% | macro_f1 0.00%
2025-11-13 21:21:50 - 8_0.2_1 - INFO - Evaluate on the client8 neighbor set
2025-11-13 21:22:09 - 8_0.2_1 - INFO - => result | total 2,258 | correct 45 | acc 1.99% | err 98.01% | macro_f1 0.18%
2025-11-13 21:22:09 - 8_0.2_1 - INFO - Evaluate on the client9 local set
2025-11-13 21:22:12 - 8_0.2_1 - INFO - => result | total 319 | correct 37 | acc 11.60% | err 88.40% | macro_f1 3.42%
2025-11-13 21:22:12 - 8_0.2_1 - INFO - Evaluate on the client9 neighbor set
2025-11-13 21:22:29 - 8_0.2_1 - INFO - => result | total 2,144 | correct 4 | acc 0.19% | err 99.81% | macro_f1 0.15%
2025-11-13 21:22:29 - 8_0.2_1 - INFO - Global test local acc: 1.38
2025-11-13 21:22:29 - 8_0.2_1 - INFO - Global test neighbor acc: 2.30
2025-11-13 21:22:29 - 8_0.2_1 - INFO - ------------local test finish-------------
2025-11-13 21:22:29 - 8_0.2_1 - INFO - [Epoch 28/30] 测试耗时: 202.51s
2025-11-13 21:22:58 - 8_0.2_1 - INFO - [Epoch 29/30] 训练耗时: 28.17s | 平均训练准确率: 3.30
2025-11-13 21:22:58 - 8_0.2_1 - INFO - ------------local test start-------------
2025-11-13 21:22:58 - 8_0.2_1 - INFO - Evaluate on the client0 local set
2025-11-13 21:23:00 - 8_0.2_1 - INFO - => result | total 269 | correct 4 | acc 1.49% | err 98.51% | macro_f1 1.52%
2025-11-13 21:23:00 - 8_0.2_1 - INFO - Evaluate on the client0 neighbor set
2025-11-13 21:23:18 - 8_0.2_1 - INFO - => result | total 2,194 | correct 83 | acc 3.78% | err 96.22% | macro_f1 0.49%
2025-11-13 21:23:18 - 8_0.2_1 - INFO - Evaluate on the client1 local set
2025-11-13 21:23:21 - 8_0.2_1 - INFO - => result | total 339 | correct 47 | acc 13.86% | err 86.14% | macro_f1 5.52%
2025-11-13 21:23:21 - 8_0.2_1 - INFO - Evaluate on the client1 neighbor set
2025-11-13 21:23:38 - 8_0.2_1 - INFO - => result | total 2,124 | correct 30 | acc 1.41% | err 98.59% | macro_f1 0.58%
2025-11-13 21:23:38 - 8_0.2_1 - INFO - Evaluate on the client2 local set
2025-11-13 21:23:40 - 8_0.2_1 - INFO - => result | total 223 | correct 4 | acc 1.79% | err 98.21% | macro_f1 2.60%
2025-11-13 21:23:40 - 8_0.2_1 - INFO - Evaluate on the client2 neighbor set
2025-11-13 21:23:58 - 8_0.2_1 - INFO - => result | total 2,240 | correct 56 | acc 2.50% | err 97.50% | macro_f1 0.86%
2025-11-13 21:23:58 - 8_0.2_1 - INFO - Evaluate on the client3 local set
2025-11-13 21:24:00 - 8_0.2_1 - INFO - => result | total 211 | correct 0 | acc 0.00% | err 100.00% | macro_f1 0.00%
2025-11-13 21:24:00 - 8_0.2_1 - INFO - Evaluate on the client3 neighbor set
2025-11-13 21:24:19 - 8_0.2_1 - INFO - => result | total 2,252 | correct 48 | acc 2.13% | err 97.87% | macro_f1 0.81%
2025-11-13 21:24:19 - 8_0.2_1 - INFO - Evaluate on the client4 local set
2025-11-13 21:24:20 - 8_0.2_1 - INFO - => result | total 178 | correct 1 | acc 0.56% | err 99.44% | macro_f1 0.59%
2025-11-13 21:24:20 - 8_0.2_1 - INFO - Evaluate on the client4 neighbor set
2025-11-13 21:24:40 - 8_0.2_1 - INFO - => result | total 2,285 | correct 44 | acc 1.93% | err 98.07% | macro_f1 0.91%
2025-11-13 21:24:40 - 8_0.2_1 - INFO - Evaluate on the client5 local set
2025-11-13 21:24:42 - 8_0.2_1 - INFO - => result | total 262 | correct 4 | acc 1.53% | err 98.47% | macro_f1 1.25%
2025-11-13 21:24:42 - 8_0.2_1 - INFO - Evaluate on the client5 neighbor set
2025-11-13 21:25:00 - 8_0.2_1 - INFO - => result | total 2,201 | correct 34 | acc 1.54% | err 98.46% | macro_f1 0.77%
2025-11-13 21:25:00 - 8_0.2_1 - INFO - Evaluate on the client6 local set
2025-11-13 21:25:02 - 8_0.2_1 - INFO - => result | total 223 | correct 4 | acc 1.79% | err 98.21% | macro_f1 2.58%
2025-11-13 21:25:02 - 8_0.2_1 - INFO - Evaluate on the client6 neighbor set
2025-11-13 21:25:20 - 8_0.2_1 - INFO - => result | total 2,240 | correct 31 | acc 1.38% | err 98.62% | macro_f1 0.58%
2025-11-13 21:25:20 - 8_0.2_1 - INFO - Evaluate on the client7 local set
2025-11-13 21:25:22 - 8_0.2_1 - INFO - => result | total 234 | correct 1 | acc 0.43% | err 99.57% | macro_f1 0.95%
2025-11-13 21:25:22 - 8_0.2_1 - INFO - Evaluate on the client7 neighbor set
2025-11-13 21:25:41 - 8_0.2_1 - INFO - => result | total 2,229 | correct 33 | acc 1.48% | err 98.52% | macro_f1 0.61%
2025-11-13 21:25:41 - 8_0.2_1 - INFO - Evaluate on the client8 local set
2025-11-13 21:25:42 - 8_0.2_1 - INFO - => result | total 205 | correct 0 | acc 0.00% | err 100.00% | macro_f1 0.00%
2025-11-13 21:25:42 - 8_0.2_1 - INFO - Evaluate on the client8 neighbor set
2025-11-13 21:26:01 - 8_0.2_1 - INFO - => result | total 2,258 | correct 31 | acc 1.37% | err 98.63% | macro_f1 0.61%
2025-11-13 21:26:01 - 8_0.2_1 - INFO - Evaluate on the client9 local set
2025-11-13 21:26:03 - 8_0.2_1 - INFO - => result | total 319 | correct 18 | acc 5.64% | err 94.36% | macro_f1 3.19%
2025-11-13 21:26:03 - 8_0.2_1 - INFO - Evaluate on the client9 neighbor set
2025-11-13 21:26:21 - 8_0.2_1 - INFO - => result | total 2,144 | correct 10 | acc 0.47% | err 99.53% | macro_f1 0.36%
2025-11-13 21:26:21 - 8_0.2_1 - INFO - Global test local acc: 2.71
2025-11-13 21:26:21 - 8_0.2_1 - INFO - Global test neighbor acc: 1.80
2025-11-13 21:26:21 - 8_0.2_1 - INFO - ------------local test finish-------------
2025-11-13 21:26:21 - 8_0.2_1 - INFO - [Epoch 29/30] 测试耗时: 203.43s
2025-11-13 21:26:47 - 8_0.2_1 - INFO - [Epoch 30/30] 训练耗时: 25.61s | 平均训练准确率: 3.75
2025-11-13 21:26:47 - 8_0.2_1 - INFO - ------------local test start-------------
2025-11-13 21:26:47 - 8_0.2_1 - INFO - Evaluate on the client0 local set
2025-11-13 21:26:49 - 8_0.2_1 - INFO - => result | total 269 | correct 2 | acc 0.74% | err 99.26% | macro_f1 0.67%
2025-11-13 21:26:49 - 8_0.2_1 - INFO - Evaluate on the client0 neighbor set
2025-11-13 21:27:06 - 8_0.2_1 - INFO - => result | total 2,194 | correct 42 | acc 1.91% | err 98.09% | macro_f1 0.54%
2025-11-13 21:27:06 - 8_0.2_1 - INFO - Evaluate on the client1 local set
2025-11-13 21:27:09 - 8_0.2_1 - INFO - => result | total 339 | correct 8 | acc 2.36% | err 97.64% | macro_f1 2.25%
2025-11-13 21:27:09 - 8_0.2_1 - INFO - Evaluate on the client1 neighbor set
2025-11-13 21:27:26 - 8_0.2_1 - INFO - => result | total 2,124 | correct 30 | acc 1.41% | err 98.59% | macro_f1 0.57%
2025-11-13 21:27:26 - 8_0.2_1 - INFO - Evaluate on the client2 local set
2025-11-13 21:27:28 - 8_0.2_1 - INFO - => result | total 223 | correct 8 | acc 3.59% | err 96.41% | macro_f1 4.97%
2025-11-13 21:27:28 - 8_0.2_1 - INFO - Evaluate on the client2 neighbor set
2025-11-13 21:27:46 - 8_0.2_1 - INFO - => result | total 2,240 | correct 32 | acc 1.43% | err 98.57% | macro_f1 0.40%
2025-11-13 21:27:46 - 8_0.2_1 - INFO - Evaluate on the client3 local set
2025-11-13 21:27:48 - 8_0.2_1 - INFO - => result | total 211 | correct 0 | acc 0.00% | err 100.00% | macro_f1 0.00%
2025-11-13 21:27:48 - 8_0.2_1 - INFO - Evaluate on the client3 neighbor set
2025-11-13 21:28:06 - 8_0.2_1 - INFO - => result | total 2,252 | correct 47 | acc 2.09% | err 97.91% | macro_f1 0.99%
2025-11-13 21:28:06 - 8_0.2_1 - INFO - Evaluate on the client4 local set
2025-11-13 21:28:08 - 8_0.2_1 - INFO - => result | total 178 | correct 2 | acc 1.12% | err 98.88% | macro_f1 1.48%
2025-11-13 21:28:08 - 8_0.2_1 - INFO - Evaluate on the client4 neighbor set
2025-11-13 21:28:26 - 8_0.2_1 - INFO - => result | total 2,285 | correct 50 | acc 2.19% | err 97.81% | macro_f1 0.96%
2025-11-13 21:28:26 - 8_0.2_1 - INFO - Evaluate on the client5 local set
2025-11-13 21:28:29 - 8_0.2_1 - INFO - => result | total 262 | correct 4 | acc 1.53% | err 98.47% | macro_f1 0.49%
2025-11-13 21:28:29 - 8_0.2_1 - INFO - Evaluate on the client5 neighbor set
2025-11-13 21:28:46 - 8_0.2_1 - INFO - => result | total 2,201 | correct 49 | acc 2.23% | err 97.77% | macro_f1 0.92%
2025-11-13 21:28:46 - 8_0.2_1 - INFO - Evaluate on the client6 local set
2025-11-13 21:28:48 - 8_0.2_1 - INFO - => result | total 223 | correct 0 | acc 0.00% | err 100.00% | macro_f1 0.00%
2025-11-13 21:28:48 - 8_0.2_1 - INFO - Evaluate on the client6 neighbor set
2025-11-13 21:29:06 - 8_0.2_1 - INFO - => result | total 2,240 | correct 61 | acc 2.72% | err 97.28% | macro_f1 0.92%
2025-11-13 21:29:06 - 8_0.2_1 - INFO - Evaluate on the client7 local set
2025-11-13 21:29:08 - 8_0.2_1 - INFO - => result | total 234 | correct 0 | acc 0.00% | err 100.00% | macro_f1 0.00%
2025-11-13 21:29:08 - 8_0.2_1 - INFO - Evaluate on the client7 neighbor set
2025-11-13 21:29:26 - 8_0.2_1 - INFO - => result | total 2,229 | correct 64 | acc 2.87% | err 97.13% | macro_f1 0.92%
2025-11-13 21:29:26 - 8_0.2_1 - INFO - Evaluate on the client8 local set
2025-11-13 21:29:27 - 8_0.2_1 - INFO - => result | total 205 | correct 0 | acc 0.00% | err 100.00% | macro_f1 0.00%
2025-11-13 21:29:27 - 8_0.2_1 - INFO - Evaluate on the client8 neighbor set
2025-11-13 21:29:46 - 8_0.2_1 - INFO - => result | total 2,258 | correct 62 | acc 2.75% | err 97.25% | macro_f1 0.77%
2025-11-13 21:29:46 - 8_0.2_1 - INFO - Evaluate on the client9 local set
2025-11-13 21:29:49 - 8_0.2_1 - INFO - => result | total 319 | correct 20 | acc 6.27% | err 93.73% | macro_f1 4.22%
2025-11-13 21:29:49 - 8_0.2_1 - INFO - Evaluate on the client9 neighbor set
2025-11-13 21:30:06 - 8_0.2_1 - INFO - => result | total 2,144 | correct 44 | acc 2.05% | err 97.95% | macro_f1 0.63%
2025-11-13 21:30:06 - 8_0.2_1 - INFO - Global test local acc: 1.56
2025-11-13 21:30:06 - 8_0.2_1 - INFO - Global test neighbor acc: 2.16
2025-11-13 21:30:06 - 8_0.2_1 - INFO - ------------local test finish-------------
2025-11-13 21:30:06 - 8_0.2_1 - INFO - [Epoch 30/30] 测试耗时: 199.34s
2025-11-13 21:30:06 - 8_0.2_1 - INFO - maximum test local acc: 2.710
2025-11-13 21:30:06 - 8_0.2_1 - INFO - mean of local acc: 1.883
2025-11-13 21:30:06 - 8_0.2_1 - INFO - maximum test neighbor acc: 2.303
2025-11-13 21:30:06 - 8_0.2_1 - INFO - mean of neighbor acc: 2.089
