2025-11-13 04:36:24 - 8_0.1_1 - INFO - 日志文件已创建: logs/oxford_flowers/dpfpl/8_0.1_1_20251113_043624.log
2025-11-13 04:36:24 - 8_0.1_1 - INFO - Loading trainer: DP_FPL
2025-11-13 04:36:24 - 8_0.1_1 - INFO - Loading dataset: OxfordFlowers
2025-11-13 04:36:24 - 8_0.1_1 - INFO - Reading split from /home/liuxin25/dataset/oxford_flowers/split_zhou_OxfordFlowers.json
2025-11-13 04:36:24 - 8_0.1_1 - INFO - Creating a baseline federated dataset
2025-11-13 04:36:24 - 8_0.1_1 - INFO - class_num 102
2025-11-13 04:36:24 - 8_0.1_1 - INFO - user class dict total [90, 54, 31, 35, 55, 72, 92, 42, 95, 84]
2025-11-13 04:36:24 - 8_0.1_1 - INFO - idx: 0, output_dict_len: 451
2025-11-13 04:36:24 - 8_0.1_1 - INFO - user class dict total [74, 0, 1, 80, 27, 20, 77, 50, 66, 45]
2025-11-13 04:36:24 - 8_0.1_1 - INFO - idx: 1, output_dict_len: 562
2025-11-13 04:36:24 - 8_0.1_1 - INFO - user class dict total [44, 82, 14, 32, 52, 70, 28, 51, 10, 21]
2025-11-13 04:36:24 - 8_0.1_1 - INFO - idx: 2, output_dict_len: 373
2025-11-13 04:36:24 - 8_0.1_1 - INFO - user class dict total [33, 75, 5, 48, 87, 98, 23, 69, 62, 7]
2025-11-13 04:36:24 - 8_0.1_1 - INFO - idx: 3, output_dict_len: 350
2025-11-13 04:36:24 - 8_0.1_1 - INFO - user class dict total [17, 18, 60, 34, 11, 58, 86, 13, 41, 30]
2025-11-13 04:36:24 - 8_0.1_1 - INFO - idx: 4, output_dict_len: 302
2025-11-13 04:36:24 - 8_0.1_1 - INFO - user class dict total [24, 71, 56, 76, 37, 6, 53, 79, 97, 39]
2025-11-13 04:36:24 - 8_0.1_1 - INFO - idx: 5, output_dict_len: 433
2025-11-13 04:36:24 - 8_0.1_1 - INFO - user class dict total [47, 65, 36, 91, 3, 63, 59, 9, 96, 64]
2025-11-13 04:36:24 - 8_0.1_1 - INFO - idx: 6, output_dict_len: 367
2025-11-13 04:36:24 - 8_0.1_1 - INFO - user class dict total [94, 88, 99, 61, 19, 25, 4, 16, 8, 46]
2025-11-13 04:36:24 - 8_0.1_1 - INFO - idx: 7, output_dict_len: 387
2025-11-13 04:36:24 - 8_0.1_1 - INFO - user class dict total [26, 2, 93, 85, 29, 22, 100, 67, 68, 38]
2025-11-13 04:36:24 - 8_0.1_1 - INFO - idx: 8, output_dict_len: 341
2025-11-13 04:36:24 - 8_0.1_1 - INFO - user class dict total [83, 15, 12, 81, 43, 73, 78, 40, 101, 57, 89, 49]
2025-11-13 04:36:24 - 8_0.1_1 - INFO - idx: 9, output_dict_len: 527
2025-11-13 04:36:24 - 8_0.1_1 - INFO - Creating a baseline federated dataset
2025-11-13 04:36:24 - 8_0.1_1 - INFO - class_num 102
2025-11-13 04:36:24 - 8_0.1_1 - INFO - user class dict total [90, 54, 31, 35, 55, 72, 92, 42, 95, 84]
2025-11-13 04:36:24 - 8_0.1_1 - INFO - idx: 0, output_dict_len: 269
2025-11-13 04:36:24 - 8_0.1_1 - INFO - user class dict total [74, 0, 1, 80, 27, 20, 77, 50, 66, 45]
2025-11-13 04:36:24 - 8_0.1_1 - INFO - idx: 1, output_dict_len: 339
2025-11-13 04:36:24 - 8_0.1_1 - INFO - user class dict total [44, 82, 14, 32, 52, 70, 28, 51, 10, 21]
2025-11-13 04:36:24 - 8_0.1_1 - INFO - idx: 2, output_dict_len: 223
2025-11-13 04:36:24 - 8_0.1_1 - INFO - user class dict total [33, 75, 5, 48, 87, 98, 23, 69, 62, 7]
2025-11-13 04:36:24 - 8_0.1_1 - INFO - idx: 3, output_dict_len: 211
2025-11-13 04:36:24 - 8_0.1_1 - INFO - user class dict total [17, 18, 60, 34, 11, 58, 86, 13, 41, 30]
2025-11-13 04:36:24 - 8_0.1_1 - INFO - idx: 4, output_dict_len: 178
2025-11-13 04:36:24 - 8_0.1_1 - INFO - user class dict total [24, 71, 56, 76, 37, 6, 53, 79, 97, 39]
2025-11-13 04:36:24 - 8_0.1_1 - INFO - idx: 5, output_dict_len: 262
2025-11-13 04:36:24 - 8_0.1_1 - INFO - user class dict total [47, 65, 36, 91, 3, 63, 59, 9, 96, 64]
2025-11-13 04:36:24 - 8_0.1_1 - INFO - idx: 6, output_dict_len: 223
2025-11-13 04:36:24 - 8_0.1_1 - INFO - user class dict total [94, 88, 99, 61, 19, 25, 4, 16, 8, 46]
2025-11-13 04:36:24 - 8_0.1_1 - INFO - idx: 7, output_dict_len: 234
2025-11-13 04:36:24 - 8_0.1_1 - INFO - user class dict total [26, 2, 93, 85, 29, 22, 100, 67, 68, 38]
2025-11-13 04:36:24 - 8_0.1_1 - INFO - idx: 8, output_dict_len: 205
2025-11-13 04:36:24 - 8_0.1_1 - INFO - user class dict total [83, 15, 12, 81, 43, 73, 78, 40, 101, 57, 89, 49]
2025-11-13 04:36:24 - 8_0.1_1 - INFO - idx: 9, output_dict_len: 319
2025-11-13 04:36:24 - 8_0.1_1 - INFO - Loading CLIP (backbone: ViT-B/16)
2025-11-13 04:36:28 - 8_0.1_1 - INFO - Building custom CLIP
2025-11-13 04:36:28 - 8_0.1_1 - INFO - Turning off gradients in both the image and the text encoder
2025-11-13 04:37:24 - 8_0.1_1 - INFO - [Epoch 1/30] 训练耗时: 55.32s | 平均训练准确率: 0.42
2025-11-13 04:38:17 - 8_0.1_1 - INFO - [Epoch 2/30] 训练耗时: 53.07s | 平均训练准确率: 0.73
2025-11-13 04:39:19 - 8_0.1_1 - INFO - [Epoch 3/30] 训练耗时: 62.14s | 平均训练准确率: 0.56
2025-11-13 04:40:24 - 8_0.1_1 - INFO - [Epoch 4/30] 训练耗时: 64.47s | 平均训练准确率: 0.38
2025-11-13 04:41:28 - 8_0.1_1 - INFO - [Epoch 5/30] 训练耗时: 64.73s | 平均训练准确率: 1.35
2025-11-13 04:42:34 - 8_0.1_1 - INFO - [Epoch 6/30] 训练耗时: 65.35s | 平均训练准确率: 2.40
2025-11-13 04:43:32 - 8_0.1_1 - INFO - [Epoch 7/30] 训练耗时: 57.85s | 平均训练准确率: 2.57
2025-11-13 04:44:17 - 8_0.1_1 - INFO - [Epoch 8/30] 训练耗时: 45.16s | 平均训练准确率: 2.57
2025-11-13 04:45:22 - 8_0.1_1 - INFO - [Epoch 9/30] 训练耗时: 65.33s | 平均训练准确率: 2.12
2025-11-13 04:46:25 - 8_0.1_1 - INFO - [Epoch 10/30] 训练耗时: 63.31s | 平均训练准确率: 3.26
2025-11-13 04:47:31 - 8_0.1_1 - INFO - [Epoch 11/30] 训练耗时: 65.80s | 平均训练准确率: 3.19
2025-11-13 04:48:34 - 8_0.1_1 - INFO - [Epoch 12/30] 训练耗时: 63.22s | 平均训练准确率: 3.89
2025-11-13 04:49:40 - 8_0.1_1 - INFO - [Epoch 13/30] 训练耗时: 65.92s | 平均训练准确率: 4.55
2025-11-13 04:50:24 - 8_0.1_1 - INFO - [Epoch 14/30] 训练耗时: 43.39s | 平均训练准确率: 5.24
2025-11-13 04:51:06 - 8_0.1_1 - INFO - [Epoch 15/30] 训练耗时: 42.06s | 平均训练准确率: 5.28
2025-11-13 04:51:47 - 8_0.1_1 - INFO - [Epoch 16/30] 训练耗时: 41.51s | 平均训练准确率: 5.66
2025-11-13 04:52:29 - 8_0.1_1 - INFO - [Epoch 17/30] 训练耗时: 41.51s | 平均训练准确率: 5.45
2025-11-13 04:53:10 - 8_0.1_1 - INFO - [Epoch 18/30] 训练耗时: 41.11s | 平均训练准确率: 5.59
2025-11-13 04:53:48 - 8_0.1_1 - INFO - [Epoch 19/30] 训练耗时: 37.61s | 平均训练准确率: 6.08
2025-11-13 04:54:29 - 8_0.1_1 - INFO - [Epoch 20/30] 训练耗时: 40.99s | 平均训练准确率: 5.90
2025-11-13 04:55:10 - 8_0.1_1 - INFO - [Epoch 21/30] 训练耗时: 41.40s | 平均训练准确率: 5.10
2025-11-13 04:55:53 - 8_0.1_1 - INFO - [Epoch 22/30] 训练耗时: 43.11s | 平均训练准确率: 4.38
2025-11-13 04:56:35 - 8_0.1_1 - INFO - [Epoch 23/30] 训练耗时: 41.93s | 平均训练准确率: 4.90
2025-11-13 04:57:18 - 8_0.1_1 - INFO - [Epoch 24/30] 训练耗时: 42.78s | 平均训练准确率: 5.07
2025-11-13 04:58:00 - 8_0.1_1 - INFO - [Epoch 25/30] 训练耗时: 42.22s | 平均训练准确率: 6.08
2025-11-13 04:58:44 - 8_0.1_1 - INFO - [Epoch 26/30] 训练耗时: 43.77s | 平均训练准确率: 5.73
2025-11-13 04:59:25 - 8_0.1_1 - INFO - [Epoch 27/30] 训练耗时: 40.96s | 平均训练准确率: 6.81
2025-11-13 05:00:08 - 8_0.1_1 - INFO - [Epoch 28/30] 训练耗时: 43.27s | 平均训练准确率: 4.51
2025-11-13 05:00:08 - 8_0.1_1 - INFO - ------------local test start-------------
2025-11-13 05:00:08 - 8_0.1_1 - INFO - Evaluate on the client0 local set
2025-11-13 05:00:12 - 8_0.1_1 - INFO - => result | total 269 | correct 0 | acc 0.00% | err 100.00% | macro_f1 0.00%
2025-11-13 05:00:12 - 8_0.1_1 - INFO - Evaluate on the client0 neighbor set
2025-11-13 05:00:43 - 8_0.1_1 - INFO - => result | total 2,194 | correct 93 | acc 4.24% | err 95.76% | macro_f1 0.99%
2025-11-13 05:00:43 - 8_0.1_1 - INFO - Evaluate on the client1 local set
2025-11-13 05:00:48 - 8_0.1_1 - INFO - => result | total 339 | correct 0 | acc 0.00% | err 100.00% | macro_f1 0.00%
2025-11-13 05:00:48 - 8_0.1_1 - INFO - Evaluate on the client1 neighbor set
2025-11-13 05:01:17 - 8_0.1_1 - INFO - => result | total 2,124 | correct 94 | acc 4.43% | err 95.57% | macro_f1 0.80%
2025-11-13 05:01:17 - 8_0.1_1 - INFO - Evaluate on the client2 local set
2025-11-13 05:01:20 - 8_0.1_1 - INFO - => result | total 223 | correct 5 | acc 2.24% | err 97.76% | macro_f1 1.64%
2025-11-13 05:01:20 - 8_0.1_1 - INFO - Evaluate on the client2 neighbor set
2025-11-13 05:01:52 - 8_0.1_1 - INFO - => result | total 2,240 | correct 92 | acc 4.11% | err 95.89% | macro_f1 0.70%
2025-11-13 05:01:52 - 8_0.1_1 - INFO - Evaluate on the client3 local set
2025-11-13 05:01:54 - 8_0.1_1 - INFO - => result | total 211 | correct 0 | acc 0.00% | err 100.00% | macro_f1 0.00%
2025-11-13 05:01:54 - 8_0.1_1 - INFO - Evaluate on the client3 neighbor set
2025-11-13 05:02:26 - 8_0.1_1 - INFO - => result | total 2,252 | correct 90 | acc 4.00% | err 96.00% | macro_f1 0.68%
2025-11-13 05:02:26 - 8_0.1_1 - INFO - Evaluate on the client4 local set
2025-11-13 05:02:28 - 8_0.1_1 - INFO - => result | total 178 | correct 0 | acc 0.00% | err 100.00% | macro_f1 0.00%
2025-11-13 05:02:28 - 8_0.1_1 - INFO - Evaluate on the client4 neighbor set
2025-11-13 05:02:59 - 8_0.1_1 - INFO - => result | total 2,285 | correct 80 | acc 3.50% | err 96.50% | macro_f1 0.55%
2025-11-13 05:02:59 - 8_0.1_1 - INFO - Evaluate on the client5 local set
2025-11-13 05:03:03 - 8_0.1_1 - INFO - => result | total 262 | correct 8 | acc 3.05% | err 96.95% | macro_f1 1.54%
2025-11-13 05:03:03 - 8_0.1_1 - INFO - Evaluate on the client5 neighbor set
2025-11-13 05:03:35 - 8_0.1_1 - INFO - => result | total 2,201 | correct 67 | acc 3.04% | err 96.96% | macro_f1 0.42%
2025-11-13 05:03:35 - 8_0.1_1 - INFO - Evaluate on the client6 local set
2025-11-13 05:03:38 - 8_0.1_1 - INFO - => result | total 223 | correct 3 | acc 1.35% | err 98.65% | macro_f1 2.25%
2025-11-13 05:03:38 - 8_0.1_1 - INFO - Evaluate on the client6 neighbor set
2025-11-13 05:04:10 - 8_0.1_1 - INFO - => result | total 2,240 | correct 68 | acc 3.04% | err 96.96% | macro_f1 0.42%
2025-11-13 05:04:10 - 8_0.1_1 - INFO - Evaluate on the client7 local set
2025-11-13 05:04:13 - 8_0.1_1 - INFO - => result | total 234 | correct 0 | acc 0.00% | err 100.00% | macro_f1 0.00%
2025-11-13 05:04:13 - 8_0.1_1 - INFO - Evaluate on the client7 neighbor set
2025-11-13 05:04:43 - 8_0.1_1 - INFO - => result | total 2,229 | correct 65 | acc 2.92% | err 97.08% | macro_f1 0.54%
2025-11-13 05:04:43 - 8_0.1_1 - INFO - Evaluate on the client8 local set
2025-11-13 05:04:46 - 8_0.1_1 - INFO - => result | total 205 | correct 0 | acc 0.00% | err 100.00% | macro_f1 0.00%
2025-11-13 05:04:46 - 8_0.1_1 - INFO - Evaluate on the client8 neighbor set
2025-11-13 05:05:18 - 8_0.1_1 - INFO - => result | total 2,258 | correct 64 | acc 2.83% | err 97.17% | macro_f1 0.50%
2025-11-13 05:05:18 - 8_0.1_1 - INFO - Evaluate on the client9 local set
2025-11-13 05:05:23 - 8_0.1_1 - INFO - => result | total 319 | correct 57 | acc 17.87% | err 82.13% | macro_f1 6.08%
2025-11-13 05:05:23 - 8_0.1_1 - INFO - Evaluate on the client9 neighbor set
2025-11-13 05:05:52 - 8_0.1_1 - INFO - => result | total 2,144 | correct 6 | acc 0.28% | err 99.72% | macro_f1 0.20%
2025-11-13 05:05:52 - 8_0.1_1 - INFO - Global test local acc: 2.45
2025-11-13 05:05:52 - 8_0.1_1 - INFO - Global test neighbor acc: 3.24
2025-11-13 05:05:52 - 8_0.1_1 - INFO - ------------local test finish-------------
2025-11-13 05:05:52 - 8_0.1_1 - INFO - [Epoch 28/30] 测试耗时: 344.49s
2025-11-13 05:06:36 - 8_0.1_1 - INFO - [Epoch 29/30] 训练耗时: 43.09s | 平均训练准确率: 4.51
2025-11-13 05:06:36 - 8_0.1_1 - INFO - ------------local test start-------------
2025-11-13 05:06:36 - 8_0.1_1 - INFO - Evaluate on the client0 local set
2025-11-13 05:06:39 - 8_0.1_1 - INFO - => result | total 269 | correct 0 | acc 0.00% | err 100.00% | macro_f1 0.00%
2025-11-13 05:06:39 - 8_0.1_1 - INFO - Evaluate on the client0 neighbor set
2025-11-13 05:07:11 - 8_0.1_1 - INFO - => result | total 2,194 | correct 47 | acc 2.14% | err 97.86% | macro_f1 0.71%
2025-11-13 05:07:11 - 8_0.1_1 - INFO - Evaluate on the client1 local set
2025-11-13 05:07:16 - 8_0.1_1 - INFO - => result | total 339 | correct 1 | acc 0.29% | err 99.71% | macro_f1 0.32%
2025-11-13 05:07:16 - 8_0.1_1 - INFO - Evaluate on the client1 neighbor set
2025-11-13 05:07:46 - 8_0.1_1 - INFO - => result | total 2,124 | correct 62 | acc 2.92% | err 97.08% | macro_f1 0.85%
2025-11-13 05:07:46 - 8_0.1_1 - INFO - Evaluate on the client2 local set
2025-11-13 05:07:49 - 8_0.1_1 - INFO - => result | total 223 | correct 1 | acc 0.45% | err 99.55% | macro_f1 0.39%
2025-11-13 05:07:49 - 8_0.1_1 - INFO - Evaluate on the client2 neighbor set
2025-11-13 05:08:20 - 8_0.1_1 - INFO - => result | total 2,240 | correct 76 | acc 3.39% | err 96.61% | macro_f1 0.93%
2025-11-13 05:08:20 - 8_0.1_1 - INFO - Evaluate on the client3 local set
2025-11-13 05:08:23 - 8_0.1_1 - INFO - => result | total 211 | correct 0 | acc 0.00% | err 100.00% | macro_f1 0.00%
2025-11-13 05:08:23 - 8_0.1_1 - INFO - Evaluate on the client3 neighbor set
2025-11-13 05:08:53 - 8_0.1_1 - INFO - => result | total 2,252 | correct 107 | acc 4.75% | err 95.25% | macro_f1 1.28%
2025-11-13 05:08:53 - 8_0.1_1 - INFO - Evaluate on the client4 local set
2025-11-13 05:08:56 - 8_0.1_1 - INFO - => result | total 178 | correct 3 | acc 1.69% | err 98.31% | macro_f1 2.73%
2025-11-13 05:08:56 - 8_0.1_1 - INFO - Evaluate on the client4 neighbor set
2025-11-13 05:09:28 - 8_0.1_1 - INFO - => result | total 2,285 | correct 117 | acc 5.12% | err 94.88% | macro_f1 1.03%
2025-11-13 05:09:28 - 8_0.1_1 - INFO - Evaluate on the client5 local set
2025-11-13 05:09:32 - 8_0.1_1 - INFO - => result | total 262 | correct 36 | acc 13.74% | err 86.26% | macro_f1 5.18%
2025-11-13 05:09:32 - 8_0.1_1 - INFO - Evaluate on the client5 neighbor set
2025-11-13 05:10:03 - 8_0.1_1 - INFO - => result | total 2,201 | correct 86 | acc 3.91% | err 96.09% | macro_f1 0.86%
2025-11-13 05:10:03 - 8_0.1_1 - INFO - Evaluate on the client6 local set
2025-11-13 05:10:06 - 8_0.1_1 - INFO - => result | total 223 | correct 7 | acc 3.14% | err 96.86% | macro_f1 4.74%
2025-11-13 05:10:06 - 8_0.1_1 - INFO - Evaluate on the client6 neighbor set
2025-11-13 05:10:37 - 8_0.1_1 - INFO - => result | total 2,240 | correct 115 | acc 5.13% | err 94.87% | macro_f1 0.61%
2025-11-13 05:10:37 - 8_0.1_1 - INFO - Evaluate on the client7 local set
2025-11-13 05:10:40 - 8_0.1_1 - INFO - => result | total 234 | correct 0 | acc 0.00% | err 100.00% | macro_f1 0.00%
2025-11-13 05:10:40 - 8_0.1_1 - INFO - Evaluate on the client7 neighbor set
2025-11-13 05:11:11 - 8_0.1_1 - INFO - => result | total 2,229 | correct 113 | acc 5.07% | err 94.93% | macro_f1 0.94%
2025-11-13 05:11:11 - 8_0.1_1 - INFO - Evaluate on the client8 local set
2025-11-13 05:11:13 - 8_0.1_1 - INFO - => result | total 205 | correct 1 | acc 0.49% | err 99.51% | macro_f1 0.74%
2025-11-13 05:11:13 - 8_0.1_1 - INFO - Evaluate on the client8 neighbor set
2025-11-13 05:11:45 - 8_0.1_1 - INFO - => result | total 2,258 | correct 106 | acc 4.69% | err 95.31% | macro_f1 0.84%
2025-11-13 05:11:45 - 8_0.1_1 - INFO - Evaluate on the client9 local set
2025-11-13 05:11:49 - 8_0.1_1 - INFO - => result | total 319 | correct 62 | acc 19.44% | err 80.56% | macro_f1 8.31%
2025-11-13 05:11:49 - 8_0.1_1 - INFO - Evaluate on the client9 neighbor set
2025-11-13 05:12:19 - 8_0.1_1 - INFO - => result | total 2,144 | correct 34 | acc 1.59% | err 98.41% | macro_f1 0.37%
2025-11-13 05:12:19 - 8_0.1_1 - INFO - Global test local acc: 3.92
2025-11-13 05:12:19 - 8_0.1_1 - INFO - Global test neighbor acc: 3.87
2025-11-13 05:12:19 - 8_0.1_1 - INFO - ------------local test finish-------------
2025-11-13 05:12:19 - 8_0.1_1 - INFO - [Epoch 29/30] 测试耗时: 343.10s
2025-11-13 05:13:03 - 8_0.1_1 - INFO - [Epoch 30/30] 训练耗时: 44.19s | 平均训练准确率: 6.01
2025-11-13 05:13:03 - 8_0.1_1 - INFO - ------------local test start-------------
2025-11-13 05:13:03 - 8_0.1_1 - INFO - Evaluate on the client0 local set
2025-11-13 05:13:07 - 8_0.1_1 - INFO - => result | total 269 | correct 0 | acc 0.00% | err 100.00% | macro_f1 0.00%
2025-11-13 05:13:07 - 8_0.1_1 - INFO - Evaluate on the client0 neighbor set
2025-11-13 05:13:45 - 8_0.1_1 - INFO - => result | total 2,194 | correct 46 | acc 2.10% | err 97.90% | macro_f1 0.39%
2025-11-13 05:13:45 - 8_0.1_1 - INFO - Evaluate on the client1 local set
2025-11-13 05:13:51 - 8_0.1_1 - INFO - => result | total 339 | correct 1 | acc 0.29% | err 99.71% | macro_f1 0.32%
2025-11-13 05:13:51 - 8_0.1_1 - INFO - Evaluate on the client1 neighbor set
2025-11-13 05:14:25 - 8_0.1_1 - INFO - => result | total 2,124 | correct 61 | acc 2.87% | err 97.13% | macro_f1 0.93%
2025-11-13 05:14:25 - 8_0.1_1 - INFO - Evaluate on the client2 local set
2025-11-13 05:14:29 - 8_0.1_1 - INFO - => result | total 223 | correct 4 | acc 1.79% | err 98.21% | macro_f1 1.45%
2025-11-13 05:14:29 - 8_0.1_1 - INFO - Evaluate on the client2 neighbor set
2025-11-13 05:15:07 - 8_0.1_1 - INFO - => result | total 2,240 | correct 83 | acc 3.71% | err 96.29% | macro_f1 1.14%
2025-11-13 05:15:07 - 8_0.1_1 - INFO - Evaluate on the client3 local set
2025-11-13 05:15:10 - 8_0.1_1 - INFO - => result | total 211 | correct 0 | acc 0.00% | err 100.00% | macro_f1 0.00%
2025-11-13 05:15:10 - 8_0.1_1 - INFO - Evaluate on the client3 neighbor set
2025-11-13 05:15:47 - 8_0.1_1 - INFO - => result | total 2,252 | correct 111 | acc 4.93% | err 95.07% | macro_f1 1.21%
2025-11-13 05:15:47 - 8_0.1_1 - INFO - Evaluate on the client4 local set
2025-11-13 05:15:49 - 8_0.1_1 - INFO - => result | total 178 | correct 0 | acc 0.00% | err 100.00% | macro_f1 0.00%
2025-11-13 05:15:49 - 8_0.1_1 - INFO - Evaluate on the client4 neighbor set
2025-11-13 05:16:24 - 8_0.1_1 - INFO - => result | total 2,285 | correct 128 | acc 5.60% | err 94.40% | macro_f1 1.15%
2025-11-13 05:16:24 - 8_0.1_1 - INFO - Evaluate on the client5 local set
2025-11-13 05:16:29 - 8_0.1_1 - INFO - => result | total 262 | correct 30 | acc 11.45% | err 88.55% | macro_f1 4.05%
2025-11-13 05:16:29 - 8_0.1_1 - INFO - Evaluate on the client5 neighbor set
2025-11-13 05:17:05 - 8_0.1_1 - INFO - => result | total 2,201 | correct 96 | acc 4.36% | err 95.64% | macro_f1 0.83%
2025-11-13 05:17:05 - 8_0.1_1 - INFO - Evaluate on the client6 local set
2025-11-13 05:17:09 - 8_0.1_1 - INFO - => result | total 223 | correct 3 | acc 1.35% | err 98.65% | macro_f1 2.25%
2025-11-13 05:17:09 - 8_0.1_1 - INFO - Evaluate on the client6 neighbor set
2025-11-13 05:17:46 - 8_0.1_1 - INFO - => result | total 2,240 | correct 113 | acc 5.04% | err 94.96% | macro_f1 0.74%
2025-11-13 05:17:46 - 8_0.1_1 - INFO - Evaluate on the client7 local set
2025-11-13 05:17:49 - 8_0.1_1 - INFO - => result | total 234 | correct 1 | acc 0.43% | err 99.57% | macro_f1 0.77%
2025-11-13 05:17:49 - 8_0.1_1 - INFO - Evaluate on the client7 neighbor set
2025-11-13 05:18:23 - 8_0.1_1 - INFO - => result | total 2,229 | correct 103 | acc 4.62% | err 95.38% | macro_f1 0.76%
2025-11-13 05:18:23 - 8_0.1_1 - INFO - Evaluate on the client8 local set
2025-11-13 05:18:26 - 8_0.1_1 - INFO - => result | total 205 | correct 0 | acc 0.00% | err 100.00% | macro_f1 0.00%
2025-11-13 05:18:26 - 8_0.1_1 - INFO - Evaluate on the client8 neighbor set
2025-11-13 05:19:05 - 8_0.1_1 - INFO - => result | total 2,258 | correct 98 | acc 4.34% | err 95.66% | macro_f1 0.81%
2025-11-13 05:19:05 - 8_0.1_1 - INFO - Evaluate on the client9 local set
2025-11-13 05:19:09 - 8_0.1_1 - INFO - => result | total 319 | correct 67 | acc 21.00% | err 79.00% | macro_f1 9.64%
2025-11-13 05:19:09 - 8_0.1_1 - INFO - Evaluate on the client9 neighbor set
2025-11-13 05:19:42 - 8_0.1_1 - INFO - => result | total 2,144 | correct 24 | acc 1.12% | err 98.88% | macro_f1 0.42%
2025-11-13 05:19:42 - 8_0.1_1 - INFO - Global test local acc: 3.63
2025-11-13 05:19:42 - 8_0.1_1 - INFO - Global test neighbor acc: 3.87
2025-11-13 05:19:42 - 8_0.1_1 - INFO - ------------local test finish-------------
2025-11-13 05:19:42 - 8_0.1_1 - INFO - [Epoch 30/30] 测试耗时: 399.27s
2025-11-13 05:19:42 - 8_0.1_1 - INFO - maximum test local acc: 3.923
2025-11-13 05:19:42 - 8_0.1_1 - INFO - mean of local acc: 3.335
2025-11-13 05:19:42 - 8_0.1_1 - INFO - maximum test neighbor acc: 3.872
2025-11-13 05:19:42 - 8_0.1_1 - INFO - mean of neighbor acc: 3.660
