2025-11-13 22:40:51 - 8_0.1_1 - INFO - 日志文件已创建: logs/oxford_flowers/dpfpl/8_0.1_1_20251113_224051.log
2025-11-13 22:40:51 - 8_0.1_1 - INFO - Loading trainer: DP_FPL
2025-11-13 22:40:51 - 8_0.1_1 - INFO - Loading dataset: OxfordFlowers
2025-11-13 22:40:51 - 8_0.1_1 - INFO - Reading split from /home/liuxin25/dataset/oxford_flowers/split_zhou_OxfordFlowers.json
2025-11-13 22:40:51 - 8_0.1_1 - INFO - Creating a baseline federated dataset
2025-11-13 22:40:51 - 8_0.1_1 - INFO - class_num 102
2025-11-13 22:40:51 - 8_0.1_1 - INFO - user class dict total [90, 54, 31, 35, 55, 72, 92, 42, 95, 84]
2025-11-13 22:40:51 - 8_0.1_1 - INFO - idx: 0, output_dict_len: 451
2025-11-13 22:40:51 - 8_0.1_1 - INFO - user class dict total [74, 0, 1, 80, 27, 20, 77, 50, 66, 45]
2025-11-13 22:40:51 - 8_0.1_1 - INFO - idx: 1, output_dict_len: 562
2025-11-13 22:40:51 - 8_0.1_1 - INFO - user class dict total [44, 82, 14, 32, 52, 70, 28, 51, 10, 21]
2025-11-13 22:40:51 - 8_0.1_1 - INFO - idx: 2, output_dict_len: 373
2025-11-13 22:40:51 - 8_0.1_1 - INFO - user class dict total [33, 75, 5, 48, 87, 98, 23, 69, 62, 7]
2025-11-13 22:40:51 - 8_0.1_1 - INFO - idx: 3, output_dict_len: 350
2025-11-13 22:40:51 - 8_0.1_1 - INFO - user class dict total [17, 18, 60, 34, 11, 58, 86, 13, 41, 30]
2025-11-13 22:40:51 - 8_0.1_1 - INFO - idx: 4, output_dict_len: 302
2025-11-13 22:40:51 - 8_0.1_1 - INFO - user class dict total [24, 71, 56, 76, 37, 6, 53, 79, 97, 39]
2025-11-13 22:40:51 - 8_0.1_1 - INFO - idx: 5, output_dict_len: 433
2025-11-13 22:40:51 - 8_0.1_1 - INFO - user class dict total [47, 65, 36, 91, 3, 63, 59, 9, 96, 64]
2025-11-13 22:40:51 - 8_0.1_1 - INFO - idx: 6, output_dict_len: 367
2025-11-13 22:40:51 - 8_0.1_1 - INFO - user class dict total [94, 88, 99, 61, 19, 25, 4, 16, 8, 46]
2025-11-13 22:40:51 - 8_0.1_1 - INFO - idx: 7, output_dict_len: 387
2025-11-13 22:40:51 - 8_0.1_1 - INFO - user class dict total [26, 2, 93, 85, 29, 22, 100, 67, 68, 38]
2025-11-13 22:40:51 - 8_0.1_1 - INFO - idx: 8, output_dict_len: 341
2025-11-13 22:40:51 - 8_0.1_1 - INFO - user class dict total [83, 15, 12, 81, 43, 73, 78, 40, 101, 57, 89, 49]
2025-11-13 22:40:51 - 8_0.1_1 - INFO - idx: 9, output_dict_len: 527
2025-11-13 22:40:51 - 8_0.1_1 - INFO - Creating a baseline federated dataset
2025-11-13 22:40:51 - 8_0.1_1 - INFO - class_num 102
2025-11-13 22:40:51 - 8_0.1_1 - INFO - user class dict total [90, 54, 31, 35, 55, 72, 92, 42, 95, 84]
2025-11-13 22:40:51 - 8_0.1_1 - INFO - idx: 0, output_dict_len: 269
2025-11-13 22:40:51 - 8_0.1_1 - INFO - user class dict total [74, 0, 1, 80, 27, 20, 77, 50, 66, 45]
2025-11-13 22:40:51 - 8_0.1_1 - INFO - idx: 1, output_dict_len: 339
2025-11-13 22:40:51 - 8_0.1_1 - INFO - user class dict total [44, 82, 14, 32, 52, 70, 28, 51, 10, 21]
2025-11-13 22:40:51 - 8_0.1_1 - INFO - idx: 2, output_dict_len: 223
2025-11-13 22:40:51 - 8_0.1_1 - INFO - user class dict total [33, 75, 5, 48, 87, 98, 23, 69, 62, 7]
2025-11-13 22:40:51 - 8_0.1_1 - INFO - idx: 3, output_dict_len: 211
2025-11-13 22:40:51 - 8_0.1_1 - INFO - user class dict total [17, 18, 60, 34, 11, 58, 86, 13, 41, 30]
2025-11-13 22:40:51 - 8_0.1_1 - INFO - idx: 4, output_dict_len: 178
2025-11-13 22:40:51 - 8_0.1_1 - INFO - user class dict total [24, 71, 56, 76, 37, 6, 53, 79, 97, 39]
2025-11-13 22:40:51 - 8_0.1_1 - INFO - idx: 5, output_dict_len: 262
2025-11-13 22:40:51 - 8_0.1_1 - INFO - user class dict total [47, 65, 36, 91, 3, 63, 59, 9, 96, 64]
2025-11-13 22:40:51 - 8_0.1_1 - INFO - idx: 6, output_dict_len: 223
2025-11-13 22:40:51 - 8_0.1_1 - INFO - user class dict total [94, 88, 99, 61, 19, 25, 4, 16, 8, 46]
2025-11-13 22:40:51 - 8_0.1_1 - INFO - idx: 7, output_dict_len: 234
2025-11-13 22:40:51 - 8_0.1_1 - INFO - user class dict total [26, 2, 93, 85, 29, 22, 100, 67, 68, 38]
2025-11-13 22:40:51 - 8_0.1_1 - INFO - idx: 8, output_dict_len: 205
2025-11-13 22:40:51 - 8_0.1_1 - INFO - user class dict total [83, 15, 12, 81, 43, 73, 78, 40, 101, 57, 89, 49]
2025-11-13 22:40:51 - 8_0.1_1 - INFO - idx: 9, output_dict_len: 319
2025-11-13 22:40:51 - 8_0.1_1 - INFO - Loading CLIP (backbone: ViT-B/16)
2025-11-13 22:40:54 - 8_0.1_1 - INFO - Building custom CLIP
2025-11-13 22:40:54 - 8_0.1_1 - INFO - Turning off gradients in both the image and the text encoder
2025-11-13 22:41:23 - 8_0.1_1 - INFO - [Epoch 1/30] 训练耗时: 28.70s | 平均训练准确率: 0.42
2025-11-13 22:41:49 - 8_0.1_1 - INFO - [Epoch 2/30] 训练耗时: 26.80s | 平均训练准确率: 2.05
2025-11-13 22:42:15 - 8_0.1_1 - INFO - [Epoch 3/30] 训练耗时: 25.80s | 平均训练准确率: 1.91
2025-11-13 22:42:42 - 8_0.1_1 - INFO - [Epoch 4/30] 训练耗时: 27.04s | 平均训练准确率: 2.36
2025-11-13 22:43:08 - 8_0.1_1 - INFO - [Epoch 5/30] 训练耗时: 25.90s | 平均训练准确率: 1.28
2025-11-13 22:43:34 - 8_0.1_1 - INFO - [Epoch 6/30] 训练耗时: 26.41s | 平均训练准确率: 2.05
2025-11-13 22:44:00 - 8_0.1_1 - INFO - [Epoch 7/30] 训练耗时: 25.73s | 平均训练准确率: 1.88
2025-11-13 22:44:26 - 8_0.1_1 - INFO - [Epoch 8/30] 训练耗时: 25.79s | 平均训练准确率: 3.19
2025-11-13 22:44:52 - 8_0.1_1 - INFO - [Epoch 9/30] 训练耗时: 26.14s | 平均训练准确率: 1.22
2025-11-13 22:45:18 - 8_0.1_1 - INFO - [Epoch 10/30] 训练耗时: 25.81s | 平均训练准确率: 1.18
2025-11-13 22:45:44 - 8_0.1_1 - INFO - [Epoch 11/30] 训练耗时: 25.95s | 平均训练准确率: 0.97
2025-11-13 22:46:10 - 8_0.1_1 - INFO - [Epoch 12/30] 训练耗时: 25.88s | 平均训练准确率: 1.25
2025-11-13 22:46:36 - 8_0.1_1 - INFO - [Epoch 13/30] 训练耗时: 25.92s | 平均训练准确率: 1.77
2025-11-13 22:47:01 - 8_0.1_1 - INFO - [Epoch 14/30] 训练耗时: 25.68s | 平均训练准确率: 2.92
2025-11-13 22:47:28 - 8_0.1_1 - INFO - [Epoch 15/30] 训练耗时: 27.07s | 平均训练准确率: 1.94
2025-11-13 22:47:54 - 8_0.1_1 - INFO - [Epoch 16/30] 训练耗时: 25.97s | 平均训练准确率: 1.70
2025-11-13 22:48:21 - 8_0.1_1 - INFO - [Epoch 17/30] 训练耗时: 26.49s | 平均训练准确率: 1.63
2025-11-13 22:48:47 - 8_0.1_1 - INFO - [Epoch 18/30] 训练耗时: 25.84s | 平均训练准确率: 2.29
2025-11-13 22:49:13 - 8_0.1_1 - INFO - [Epoch 19/30] 训练耗时: 25.79s | 平均训练准确率: 1.91
2025-11-13 22:49:39 - 8_0.1_1 - INFO - [Epoch 20/30] 训练耗时: 26.82s | 平均训练准确率: 2.43
2025-11-13 22:50:06 - 8_0.1_1 - INFO - [Epoch 21/30] 训练耗时: 26.39s | 平均训练准确率: 2.08
2025-11-13 22:50:31 - 8_0.1_1 - INFO - [Epoch 22/30] 训练耗时: 25.73s | 平均训练准确率: 2.22
2025-11-13 22:50:56 - 8_0.1_1 - INFO - [Epoch 23/30] 训练耗时: 24.88s | 平均训练准确率: 2.12
2025-11-13 22:51:23 - 8_0.1_1 - INFO - [Epoch 24/30] 训练耗时: 26.69s | 平均训练准确率: 2.50
2025-11-13 22:51:49 - 8_0.1_1 - INFO - [Epoch 25/30] 训练耗时: 25.98s | 平均训练准确率: 3.19
2025-11-13 22:52:14 - 8_0.1_1 - INFO - [Epoch 26/30] 训练耗时: 25.28s | 平均训练准确率: 2.05
2025-11-13 22:52:40 - 8_0.1_1 - INFO - [Epoch 27/30] 训练耗时: 25.53s | 平均训练准确率: 1.77
2025-11-13 22:53:06 - 8_0.1_1 - INFO - [Epoch 28/30] 训练耗时: 25.69s | 平均训练准确率: 2.33
2025-11-13 22:53:06 - 8_0.1_1 - INFO - ------------local test start-------------
2025-11-13 22:53:06 - 8_0.1_1 - INFO - Evaluate on the client0 local set
2025-11-13 22:53:08 - 8_0.1_1 - INFO - => result | total 269 | correct 7 | acc 2.60% | err 97.40% | macro_f1 2.50%
2025-11-13 22:53:08 - 8_0.1_1 - INFO - Evaluate on the client0 neighbor set
2025-11-13 22:53:26 - 8_0.1_1 - INFO - => result | total 2,194 | correct 37 | acc 1.69% | err 98.31% | macro_f1 0.41%
2025-11-13 22:53:26 - 8_0.1_1 - INFO - Evaluate on the client1 local set
2025-11-13 22:53:29 - 8_0.1_1 - INFO - => result | total 339 | correct 25 | acc 7.37% | err 92.63% | macro_f1 2.19%
2025-11-13 22:53:29 - 8_0.1_1 - INFO - Evaluate on the client1 neighbor set
2025-11-13 22:53:46 - 8_0.1_1 - INFO - => result | total 2,124 | correct 36 | acc 1.69% | err 98.31% | macro_f1 0.54%
2025-11-13 22:53:46 - 8_0.1_1 - INFO - Evaluate on the client2 local set
2025-11-13 22:53:48 - 8_0.1_1 - INFO - => result | total 223 | correct 0 | acc 0.00% | err 100.00% | macro_f1 0.00%
2025-11-13 22:53:48 - 8_0.1_1 - INFO - Evaluate on the client2 neighbor set
2025-11-13 22:54:07 - 8_0.1_1 - INFO - => result | total 2,240 | correct 68 | acc 3.04% | err 96.96% | macro_f1 0.60%
2025-11-13 22:54:07 - 8_0.1_1 - INFO - Evaluate on the client3 local set
2025-11-13 22:54:09 - 8_0.1_1 - INFO - => result | total 211 | correct 0 | acc 0.00% | err 100.00% | macro_f1 0.00%
2025-11-13 22:54:09 - 8_0.1_1 - INFO - Evaluate on the client3 neighbor set
2025-11-13 22:54:28 - 8_0.1_1 - INFO - => result | total 2,252 | correct 77 | acc 3.42% | err 96.58% | macro_f1 0.76%
2025-11-13 22:54:28 - 8_0.1_1 - INFO - Evaluate on the client4 local set
2025-11-13 22:54:29 - 8_0.1_1 - INFO - => result | total 178 | correct 0 | acc 0.00% | err 100.00% | macro_f1 0.00%
2025-11-13 22:54:29 - 8_0.1_1 - INFO - Evaluate on the client4 neighbor set
2025-11-13 22:54:48 - 8_0.1_1 - INFO - => result | total 2,285 | correct 77 | acc 3.37% | err 96.63% | macro_f1 0.69%
2025-11-13 22:54:48 - 8_0.1_1 - INFO - Evaluate on the client5 local set
2025-11-13 22:54:50 - 8_0.1_1 - INFO - => result | total 262 | correct 2 | acc 0.76% | err 99.24% | macro_f1 0.52%
2025-11-13 22:54:50 - 8_0.1_1 - INFO - Evaluate on the client5 neighbor set
2025-11-13 22:55:08 - 8_0.1_1 - INFO - => result | total 2,201 | correct 71 | acc 3.23% | err 96.77% | macro_f1 0.59%
2025-11-13 22:55:08 - 8_0.1_1 - INFO - Evaluate on the client6 local set
2025-11-13 22:55:10 - 8_0.1_1 - INFO - => result | total 223 | correct 0 | acc 0.00% | err 100.00% | macro_f1 0.00%
2025-11-13 22:55:10 - 8_0.1_1 - INFO - Evaluate on the client6 neighbor set
2025-11-13 22:55:28 - 8_0.1_1 - INFO - => result | total 2,240 | correct 65 | acc 2.90% | err 97.10% | macro_f1 0.53%
2025-11-13 22:55:28 - 8_0.1_1 - INFO - Evaluate on the client7 local set
2025-11-13 22:55:30 - 8_0.1_1 - INFO - => result | total 234 | correct 0 | acc 0.00% | err 100.00% | macro_f1 0.00%
2025-11-13 22:55:30 - 8_0.1_1 - INFO - Evaluate on the client7 neighbor set
2025-11-13 22:55:48 - 8_0.1_1 - INFO - => result | total 2,229 | correct 65 | acc 2.92% | err 97.08% | macro_f1 0.54%
2025-11-13 22:55:48 - 8_0.1_1 - INFO - Evaluate on the client8 local set
2025-11-13 22:55:50 - 8_0.1_1 - INFO - => result | total 205 | correct 0 | acc 0.00% | err 100.00% | macro_f1 0.00%
2025-11-13 22:55:50 - 8_0.1_1 - INFO - Evaluate on the client8 neighbor set
2025-11-13 22:56:09 - 8_0.1_1 - INFO - => result | total 2,258 | correct 59 | acc 2.61% | err 97.39% | macro_f1 0.49%
2025-11-13 22:56:09 - 8_0.1_1 - INFO - Evaluate on the client9 local set
2025-11-13 22:56:11 - 8_0.1_1 - INFO - => result | total 319 | correct 26 | acc 8.15% | err 91.85% | macro_f1 4.43%
2025-11-13 22:56:11 - 8_0.1_1 - INFO - Evaluate on the client9 neighbor set
2025-11-13 22:56:29 - 8_0.1_1 - INFO - => result | total 2,144 | correct 25 | acc 1.17% | err 98.83% | macro_f1 0.32%
2025-11-13 22:56:29 - 8_0.1_1 - INFO - Global test local acc: 1.89
2025-11-13 22:56:29 - 8_0.1_1 - INFO - Global test neighbor acc: 2.60
2025-11-13 22:56:29 - 8_0.1_1 - INFO - ------------local test finish-------------
2025-11-13 22:56:29 - 8_0.1_1 - INFO - [Epoch 28/30] 测试耗时: 203.50s
2025-11-13 22:56:55 - 8_0.1_1 - INFO - [Epoch 29/30] 训练耗时: 25.51s | 平均训练准确率: 2.95
2025-11-13 22:56:55 - 8_0.1_1 - INFO - ------------local test start-------------
2025-11-13 22:56:55 - 8_0.1_1 - INFO - Evaluate on the client0 local set
2025-11-13 22:56:57 - 8_0.1_1 - INFO - => result | total 269 | correct 0 | acc 0.00% | err 100.00% | macro_f1 0.00%
2025-11-13 22:56:57 - 8_0.1_1 - INFO - Evaluate on the client0 neighbor set
2025-11-13 22:57:15 - 8_0.1_1 - INFO - => result | total 2,194 | correct 68 | acc 3.10% | err 96.90% | macro_f1 0.47%
2025-11-13 22:57:15 - 8_0.1_1 - INFO - Evaluate on the client1 local set
2025-11-13 22:57:17 - 8_0.1_1 - INFO - => result | total 339 | correct 45 | acc 13.27% | err 86.73% | macro_f1 2.78%
2025-11-13 22:57:17 - 8_0.1_1 - INFO - Evaluate on the client1 neighbor set
2025-11-13 22:57:34 - 8_0.1_1 - INFO - => result | total 2,124 | correct 22 | acc 1.04% | err 98.96% | macro_f1 0.39%
2025-11-13 22:57:34 - 8_0.1_1 - INFO - Evaluate on the client2 local set
2025-11-13 22:57:36 - 8_0.1_1 - INFO - => result | total 223 | correct 3 | acc 1.35% | err 98.65% | macro_f1 2.31%
2025-11-13 22:57:36 - 8_0.1_1 - INFO - Evaluate on the client2 neighbor set
2025-11-13 22:57:55 - 8_0.1_1 - INFO - => result | total 2,240 | correct 70 | acc 3.12% | err 96.88% | macro_f1 0.59%
2025-11-13 22:57:55 - 8_0.1_1 - INFO - Evaluate on the client3 local set
2025-11-13 22:57:57 - 8_0.1_1 - INFO - => result | total 211 | correct 0 | acc 0.00% | err 100.00% | macro_f1 0.00%
2025-11-13 22:57:57 - 8_0.1_1 - INFO - Evaluate on the client3 neighbor set
2025-11-13 22:58:15 - 8_0.1_1 - INFO - => result | total 2,252 | correct 77 | acc 3.42% | err 96.58% | macro_f1 0.75%
2025-11-13 22:58:15 - 8_0.1_1 - INFO - Evaluate on the client4 local set
2025-11-13 22:58:16 - 8_0.1_1 - INFO - => result | total 178 | correct 1 | acc 0.56% | err 99.44% | macro_f1 0.71%
2025-11-13 22:58:16 - 8_0.1_1 - INFO - Evaluate on the client4 neighbor set
2025-11-13 22:58:35 - 8_0.1_1 - INFO - => result | total 2,285 | correct 77 | acc 3.37% | err 96.63% | macro_f1 0.78%
2025-11-13 22:58:35 - 8_0.1_1 - INFO - Evaluate on the client5 local set
2025-11-13 22:58:37 - 8_0.1_1 - INFO - => result | total 262 | correct 2 | acc 0.76% | err 99.24% | macro_f1 0.51%
2025-11-13 22:58:37 - 8_0.1_1 - INFO - Evaluate on the client5 neighbor set
2025-11-13 22:58:55 - 8_0.1_1 - INFO - => result | total 2,201 | correct 80 | acc 3.63% | err 96.37% | macro_f1 0.88%
2025-11-13 22:58:55 - 8_0.1_1 - INFO - Evaluate on the client6 local set
2025-11-13 22:58:57 - 8_0.1_1 - INFO - => result | total 223 | correct 0 | acc 0.00% | err 100.00% | macro_f1 0.00%
2025-11-13 22:58:57 - 8_0.1_1 - INFO - Evaluate on the client6 neighbor set
2025-11-13 22:59:15 - 8_0.1_1 - INFO - => result | total 2,240 | correct 80 | acc 3.57% | err 96.43% | macro_f1 0.90%
2025-11-13 22:59:15 - 8_0.1_1 - INFO - Evaluate on the client7 local set
2025-11-13 22:59:17 - 8_0.1_1 - INFO - => result | total 234 | correct 0 | acc 0.00% | err 100.00% | macro_f1 0.00%
2025-11-13 22:59:17 - 8_0.1_1 - INFO - Evaluate on the client7 neighbor set
2025-11-13 22:59:35 - 8_0.1_1 - INFO - => result | total 2,229 | correct 83 | acc 3.72% | err 96.28% | macro_f1 0.90%
2025-11-13 22:59:35 - 8_0.1_1 - INFO - Evaluate on the client8 local set
2025-11-13 22:59:37 - 8_0.1_1 - INFO - => result | total 205 | correct 0 | acc 0.00% | err 100.00% | macro_f1 0.00%
2025-11-13 22:59:37 - 8_0.1_1 - INFO - Evaluate on the client8 neighbor set
2025-11-13 22:59:55 - 8_0.1_1 - INFO - => result | total 2,258 | correct 84 | acc 3.72% | err 96.28% | macro_f1 0.89%
2025-11-13 22:59:55 - 8_0.1_1 - INFO - Evaluate on the client9 local set
2025-11-13 22:59:58 - 8_0.1_1 - INFO - => result | total 319 | correct 44 | acc 13.79% | err 86.21% | macro_f1 9.70%
2025-11-13 22:59:58 - 8_0.1_1 - INFO - Evaluate on the client9 neighbor set
2025-11-13 23:00:15 - 8_0.1_1 - INFO - => result | total 2,144 | correct 43 | acc 2.01% | err 97.99% | macro_f1 0.21%
2025-11-13 23:00:15 - 8_0.1_1 - INFO - Global test local acc: 2.97
2025-11-13 23:00:15 - 8_0.1_1 - INFO - Global test neighbor acc: 3.07
2025-11-13 23:00:15 - 8_0.1_1 - INFO - ------------local test finish-------------
2025-11-13 23:00:15 - 8_0.1_1 - INFO - [Epoch 29/30] 测试耗时: 200.50s
2025-11-13 23:00:41 - 8_0.1_1 - INFO - [Epoch 30/30] 训练耗时: 25.74s | 平均训练准确率: 5.28
2025-11-13 23:00:41 - 8_0.1_1 - INFO - ------------local test start-------------
2025-11-13 23:00:41 - 8_0.1_1 - INFO - Evaluate on the client0 local set
2025-11-13 23:00:43 - 8_0.1_1 - INFO - => result | total 269 | correct 1 | acc 0.37% | err 99.63% | macro_f1 0.80%
2025-11-13 23:00:43 - 8_0.1_1 - INFO - Evaluate on the client0 neighbor set
2025-11-13 23:01:01 - 8_0.1_1 - INFO - => result | total 2,194 | correct 78 | acc 3.56% | err 96.44% | macro_f1 0.87%
2025-11-13 23:01:01 - 8_0.1_1 - INFO - Evaluate on the client1 local set
2025-11-13 23:01:04 - 8_0.1_1 - INFO - => result | total 339 | correct 47 | acc 13.86% | err 86.14% | macro_f1 2.97%
2025-11-13 23:01:04 - 8_0.1_1 - INFO - Evaluate on the client1 neighbor set
2025-11-13 23:01:21 - 8_0.1_1 - INFO - => result | total 2,124 | correct 32 | acc 1.51% | err 98.49% | macro_f1 0.77%
2025-11-13 23:01:21 - 8_0.1_1 - INFO - Evaluate on the client2 local set
2025-11-13 23:01:23 - 8_0.1_1 - INFO - => result | total 223 | correct 3 | acc 1.35% | err 98.65% | macro_f1 2.31%
2025-11-13 23:01:23 - 8_0.1_1 - INFO - Evaluate on the client2 neighbor set
2025-11-13 23:01:41 - 8_0.1_1 - INFO - => result | total 2,240 | correct 75 | acc 3.35% | err 96.65% | macro_f1 0.71%
2025-11-13 23:01:41 - 8_0.1_1 - INFO - Evaluate on the client3 local set
2025-11-13 23:01:43 - 8_0.1_1 - INFO - => result | total 211 | correct 0 | acc 0.00% | err 100.00% | macro_f1 0.00%
2025-11-13 23:01:43 - 8_0.1_1 - INFO - Evaluate on the client3 neighbor set
2025-11-13 23:02:01 - 8_0.1_1 - INFO - => result | total 2,252 | correct 76 | acc 3.37% | err 96.63% | macro_f1 0.78%
2025-11-13 23:02:01 - 8_0.1_1 - INFO - Evaluate on the client4 local set
2025-11-13 23:02:03 - 8_0.1_1 - INFO - => result | total 178 | correct 0 | acc 0.00% | err 100.00% | macro_f1 0.00%
2025-11-13 23:02:03 - 8_0.1_1 - INFO - Evaluate on the client4 neighbor set
2025-11-13 23:02:21 - 8_0.1_1 - INFO - => result | total 2,285 | correct 79 | acc 3.46% | err 96.54% | macro_f1 0.79%
2025-11-13 23:02:21 - 8_0.1_1 - INFO - Evaluate on the client5 local set
2025-11-13 23:02:24 - 8_0.1_1 - INFO - => result | total 262 | correct 3 | acc 1.15% | err 98.85% | macro_f1 0.69%
2025-11-13 23:02:24 - 8_0.1_1 - INFO - Evaluate on the client5 neighbor set
2025-11-13 23:02:41 - 8_0.1_1 - INFO - => result | total 2,201 | correct 74 | acc 3.36% | err 96.64% | macro_f1 0.70%
2025-11-13 23:02:41 - 8_0.1_1 - INFO - Evaluate on the client6 local set
2025-11-13 23:02:43 - 8_0.1_1 - INFO - => result | total 223 | correct 0 | acc 0.00% | err 100.00% | macro_f1 0.00%
2025-11-13 23:02:43 - 8_0.1_1 - INFO - Evaluate on the client6 neighbor set
2025-11-13 23:03:01 - 8_0.1_1 - INFO - => result | total 2,240 | correct 77 | acc 3.44% | err 96.56% | macro_f1 0.74%
2025-11-13 23:03:01 - 8_0.1_1 - INFO - Evaluate on the client7 local set
2025-11-13 23:03:03 - 8_0.1_1 - INFO - => result | total 234 | correct 0 | acc 0.00% | err 100.00% | macro_f1 0.00%
2025-11-13 23:03:03 - 8_0.1_1 - INFO - Evaluate on the client7 neighbor set
2025-11-13 23:03:21 - 8_0.1_1 - INFO - => result | total 2,229 | correct 77 | acc 3.45% | err 96.55% | macro_f1 0.74%
2025-11-13 23:03:21 - 8_0.1_1 - INFO - Evaluate on the client8 local set
2025-11-13 23:03:23 - 8_0.1_1 - INFO - => result | total 205 | correct 0 | acc 0.00% | err 100.00% | macro_f1 0.00%
2025-11-13 23:03:23 - 8_0.1_1 - INFO - Evaluate on the client8 neighbor set
2025-11-13 23:03:41 - 8_0.1_1 - INFO - => result | total 2,258 | correct 76 | acc 3.37% | err 96.63% | macro_f1 0.71%
2025-11-13 23:03:41 - 8_0.1_1 - INFO - Evaluate on the client9 local set
2025-11-13 23:03:44 - 8_0.1_1 - INFO - => result | total 319 | correct 29 | acc 9.09% | err 90.91% | macro_f1 8.55%
2025-11-13 23:03:44 - 8_0.1_1 - INFO - Evaluate on the client9 neighbor set
2025-11-13 23:04:01 - 8_0.1_1 - INFO - => result | total 2,144 | correct 50 | acc 2.33% | err 97.67% | macro_f1 0.14%
2025-11-13 23:04:01 - 8_0.1_1 - INFO - Global test local acc: 2.58
2025-11-13 23:04:01 - 8_0.1_1 - INFO - Global test neighbor acc: 3.12
2025-11-13 23:04:01 - 8_0.1_1 - INFO - ------------local test finish-------------
2025-11-13 23:04:01 - 8_0.1_1 - INFO - [Epoch 30/30] 测试耗时: 200.28s
2025-11-13 23:04:01 - 8_0.1_1 - INFO - maximum test local acc: 2.974
2025-11-13 23:04:01 - 8_0.1_1 - INFO - mean of local acc: 2.482
2025-11-13 23:04:01 - 8_0.1_1 - INFO - maximum test neighbor acc: 3.119
2025-11-13 23:04:01 - 8_0.1_1 - INFO - mean of neighbor acc: 2.931
