2025-11-12 23:59:34 - 8_0.0_1 - INFO - 日志文件已创建: logs/oxford_flowers/dpfpl/8_0.0_1_20251112_235934.log
2025-11-12 23:59:34 - 8_0.0_1 - INFO - Loading trainer: DP_FPL
2025-11-12 23:59:34 - 8_0.0_1 - INFO - Loading dataset: OxfordFlowers
2025-11-12 23:59:34 - 8_0.0_1 - INFO - Reading split from /home/liuxin25/dataset/oxford_flowers/split_zhou_OxfordFlowers.json
2025-11-12 23:59:34 - 8_0.0_1 - INFO - Creating a baseline federated dataset
2025-11-12 23:59:34 - 8_0.0_1 - INFO - class_num 102
2025-11-12 23:59:34 - 8_0.0_1 - INFO - user class dict total [90, 54, 31, 35, 55, 72, 92, 42, 95, 84]
2025-11-12 23:59:34 - 8_0.0_1 - INFO - idx: 0, output_dict_len: 451
2025-11-12 23:59:34 - 8_0.0_1 - INFO - user class dict total [74, 0, 1, 80, 27, 20, 77, 50, 66, 45]
2025-11-12 23:59:34 - 8_0.0_1 - INFO - idx: 1, output_dict_len: 562
2025-11-12 23:59:34 - 8_0.0_1 - INFO - user class dict total [44, 82, 14, 32, 52, 70, 28, 51, 10, 21]
2025-11-12 23:59:34 - 8_0.0_1 - INFO - idx: 2, output_dict_len: 373
2025-11-12 23:59:34 - 8_0.0_1 - INFO - user class dict total [33, 75, 5, 48, 87, 98, 23, 69, 62, 7]
2025-11-12 23:59:34 - 8_0.0_1 - INFO - idx: 3, output_dict_len: 350
2025-11-12 23:59:34 - 8_0.0_1 - INFO - user class dict total [17, 18, 60, 34, 11, 58, 86, 13, 41, 30]
2025-11-12 23:59:34 - 8_0.0_1 - INFO - idx: 4, output_dict_len: 302
2025-11-12 23:59:34 - 8_0.0_1 - INFO - user class dict total [24, 71, 56, 76, 37, 6, 53, 79, 97, 39]
2025-11-12 23:59:34 - 8_0.0_1 - INFO - idx: 5, output_dict_len: 433
2025-11-12 23:59:34 - 8_0.0_1 - INFO - user class dict total [47, 65, 36, 91, 3, 63, 59, 9, 96, 64]
2025-11-12 23:59:34 - 8_0.0_1 - INFO - idx: 6, output_dict_len: 367
2025-11-12 23:59:34 - 8_0.0_1 - INFO - user class dict total [94, 88, 99, 61, 19, 25, 4, 16, 8, 46]
2025-11-12 23:59:34 - 8_0.0_1 - INFO - idx: 7, output_dict_len: 387
2025-11-12 23:59:34 - 8_0.0_1 - INFO - user class dict total [26, 2, 93, 85, 29, 22, 100, 67, 68, 38]
2025-11-12 23:59:34 - 8_0.0_1 - INFO - idx: 8, output_dict_len: 341
2025-11-12 23:59:34 - 8_0.0_1 - INFO - user class dict total [83, 15, 12, 81, 43, 73, 78, 40, 101, 57, 89, 49]
2025-11-12 23:59:34 - 8_0.0_1 - INFO - idx: 9, output_dict_len: 527
2025-11-12 23:59:34 - 8_0.0_1 - INFO - Creating a baseline federated dataset
2025-11-12 23:59:34 - 8_0.0_1 - INFO - class_num 102
2025-11-12 23:59:34 - 8_0.0_1 - INFO - user class dict total [90, 54, 31, 35, 55, 72, 92, 42, 95, 84]
2025-11-12 23:59:34 - 8_0.0_1 - INFO - idx: 0, output_dict_len: 269
2025-11-12 23:59:34 - 8_0.0_1 - INFO - user class dict total [74, 0, 1, 80, 27, 20, 77, 50, 66, 45]
2025-11-12 23:59:34 - 8_0.0_1 - INFO - idx: 1, output_dict_len: 339
2025-11-12 23:59:34 - 8_0.0_1 - INFO - user class dict total [44, 82, 14, 32, 52, 70, 28, 51, 10, 21]
2025-11-12 23:59:34 - 8_0.0_1 - INFO - idx: 2, output_dict_len: 223
2025-11-12 23:59:34 - 8_0.0_1 - INFO - user class dict total [33, 75, 5, 48, 87, 98, 23, 69, 62, 7]
2025-11-12 23:59:34 - 8_0.0_1 - INFO - idx: 3, output_dict_len: 211
2025-11-12 23:59:34 - 8_0.0_1 - INFO - user class dict total [17, 18, 60, 34, 11, 58, 86, 13, 41, 30]
2025-11-12 23:59:34 - 8_0.0_1 - INFO - idx: 4, output_dict_len: 178
2025-11-12 23:59:34 - 8_0.0_1 - INFO - user class dict total [24, 71, 56, 76, 37, 6, 53, 79, 97, 39]
2025-11-12 23:59:34 - 8_0.0_1 - INFO - idx: 5, output_dict_len: 262
2025-11-12 23:59:34 - 8_0.0_1 - INFO - user class dict total [47, 65, 36, 91, 3, 63, 59, 9, 96, 64]
2025-11-12 23:59:34 - 8_0.0_1 - INFO - idx: 6, output_dict_len: 223
2025-11-12 23:59:34 - 8_0.0_1 - INFO - user class dict total [94, 88, 99, 61, 19, 25, 4, 16, 8, 46]
2025-11-12 23:59:34 - 8_0.0_1 - INFO - idx: 7, output_dict_len: 234
2025-11-12 23:59:34 - 8_0.0_1 - INFO - user class dict total [26, 2, 93, 85, 29, 22, 100, 67, 68, 38]
2025-11-12 23:59:34 - 8_0.0_1 - INFO - idx: 8, output_dict_len: 205
2025-11-12 23:59:34 - 8_0.0_1 - INFO - user class dict total [83, 15, 12, 81, 43, 73, 78, 40, 101, 57, 89, 49]
2025-11-12 23:59:34 - 8_0.0_1 - INFO - idx: 9, output_dict_len: 319
2025-11-12 23:59:34 - 8_0.0_1 - INFO - Loading CLIP (backbone: ViT-B/16)
2025-11-12 23:59:38 - 8_0.0_1 - INFO - Building custom CLIP
2025-11-12 23:59:38 - 8_0.0_1 - INFO - Turning off gradients in both the image and the text encoder
2025-11-13 00:00:44 - 8_0.0_1 - INFO - [Epoch 1/30] 训练耗时: 65.07s | 平均训练准确率: 0.42
2025-11-13 00:01:49 - 8_0.0_1 - INFO - [Epoch 2/30] 训练耗时: 65.37s | 平均训练准确率: 0.28
2025-11-13 00:02:52 - 8_0.0_1 - INFO - [Epoch 3/30] 训练耗时: 62.46s | 平均训练准确率: 0.52
2025-11-13 00:03:54 - 8_0.0_1 - INFO - [Epoch 4/30] 训练耗时: 62.40s | 平均训练准确率: 1.01
2025-11-13 00:04:58 - 8_0.0_1 - INFO - [Epoch 5/30] 训练耗时: 63.61s | 平均训练准确率: 1.74
2025-11-13 00:06:04 - 8_0.0_1 - INFO - [Epoch 6/30] 训练耗时: 66.96s | 平均训练准确率: 2.74
2025-11-13 00:07:09 - 8_0.0_1 - INFO - [Epoch 7/30] 训练耗时: 64.47s | 平均训练准确率: 5.38
2025-11-13 00:08:12 - 8_0.0_1 - INFO - [Epoch 8/30] 训练耗时: 62.91s | 平均训练准确率: 5.35
2025-11-13 00:08:58 - 8_0.0_1 - INFO - [Epoch 9/30] 训练耗时: 46.00s | 平均训练准确率: 5.94
2025-11-13 00:09:44 - 8_0.0_1 - INFO - [Epoch 10/30] 训练耗时: 46.14s | 平均训练准确率: 8.78
2025-11-13 00:10:30 - 8_0.0_1 - INFO - [Epoch 11/30] 训练耗时: 46.13s | 平均训练准确率: 9.10
2025-11-13 00:11:13 - 8_0.0_1 - INFO - [Epoch 12/30] 训练耗时: 43.12s | 平均训练准确率: 9.69
2025-11-13 00:11:59 - 8_0.0_1 - INFO - [Epoch 13/30] 训练耗时: 45.45s | 平均训练准确率: 9.27
2025-11-13 00:12:57 - 8_0.0_1 - INFO - [Epoch 14/30] 训练耗时: 58.02s | 平均训练准确率: 11.04
2025-11-13 00:13:56 - 8_0.0_1 - INFO - [Epoch 15/30] 训练耗时: 58.96s | 平均训练准确率: 11.15
2025-11-13 00:14:53 - 8_0.0_1 - INFO - [Epoch 16/30] 训练耗时: 57.66s | 平均训练准确率: 11.42
2025-11-13 00:15:55 - 8_0.0_1 - INFO - [Epoch 17/30] 训练耗时: 61.91s | 平均训练准确率: 11.60
2025-11-13 00:16:57 - 8_0.0_1 - INFO - [Epoch 18/30] 训练耗时: 61.34s | 平均训练准确率: 11.88
2025-11-13 00:17:59 - 8_0.0_1 - INFO - [Epoch 19/30] 训练耗时: 62.49s | 平均训练准确率: 13.33
2025-11-13 00:18:59 - 8_0.0_1 - INFO - [Epoch 20/30] 训练耗时: 60.42s | 平均训练准确率: 10.97
2025-11-13 00:20:00 - 8_0.0_1 - INFO - [Epoch 21/30] 训练耗时: 60.59s | 平均训练准确率: 11.94
2025-11-13 00:21:03 - 8_0.0_1 - INFO - [Epoch 22/30] 训练耗时: 62.81s | 平均训练准确率: 12.92
2025-11-13 00:22:02 - 8_0.0_1 - INFO - [Epoch 23/30] 训练耗时: 59.23s | 平均训练准确率: 14.24
2025-11-13 00:23:03 - 8_0.0_1 - INFO - [Epoch 24/30] 训练耗时: 60.66s | 平均训练准确率: 13.51
2025-11-13 00:24:05 - 8_0.0_1 - INFO - [Epoch 25/30] 训练耗时: 62.65s | 平均训练准确率: 14.17
2025-11-13 00:25:07 - 8_0.0_1 - INFO - [Epoch 26/30] 训练耗时: 61.44s | 平均训练准确率: 12.78
2025-11-13 00:26:08 - 8_0.0_1 - INFO - [Epoch 27/30] 训练耗时: 61.23s | 平均训练准确率: 15.14
2025-11-13 00:27:08 - 8_0.0_1 - INFO - [Epoch 28/30] 训练耗时: 59.71s | 平均训练准确率: 13.65
2025-11-13 00:27:08 - 8_0.0_1 - INFO - ------------local test start-------------
2025-11-13 00:27:08 - 8_0.0_1 - INFO - Evaluate on the client0 local set
2025-11-13 00:27:12 - 8_0.0_1 - INFO - => result | total 269 | correct 10 | acc 3.72% | err 96.28% | macro_f1 6.25%
2025-11-13 00:27:12 - 8_0.0_1 - INFO - Evaluate on the client0 neighbor set
2025-11-13 00:27:45 - 8_0.0_1 - INFO - => result | total 2,194 | correct 249 | acc 11.35% | err 88.65% | macro_f1 3.80%
2025-11-13 00:27:45 - 8_0.0_1 - INFO - Evaluate on the client1 local set
2025-11-13 00:27:50 - 8_0.0_1 - INFO - => result | total 339 | correct 22 | acc 6.49% | err 93.51% | macro_f1 5.17%
2025-11-13 00:27:50 - 8_0.0_1 - INFO - Evaluate on the client1 neighbor set
2025-11-13 00:28:20 - 8_0.0_1 - INFO - => result | total 2,124 | correct 240 | acc 11.30% | err 88.70% | macro_f1 3.85%
2025-11-13 00:28:20 - 8_0.0_1 - INFO - Evaluate on the client2 local set
2025-11-13 00:28:24 - 8_0.0_1 - INFO - => result | total 223 | correct 3 | acc 1.35% | err 98.65% | macro_f1 1.72%
2025-11-13 00:28:24 - 8_0.0_1 - INFO - Evaluate on the client2 neighbor set
2025-11-13 00:28:57 - 8_0.0_1 - INFO - => result | total 2,240 | correct 261 | acc 11.65% | err 88.35% | macro_f1 4.10%
2025-11-13 00:28:57 - 8_0.0_1 - INFO - Evaluate on the client3 local set
2025-11-13 00:29:01 - 8_0.0_1 - INFO - => result | total 211 | correct 21 | acc 9.95% | err 90.05% | macro_f1 8.62%
2025-11-13 00:29:01 - 8_0.0_1 - INFO - Evaluate on the client3 neighbor set
2025-11-13 00:29:34 - 8_0.0_1 - INFO - => result | total 2,252 | correct 242 | acc 10.75% | err 89.25% | macro_f1 3.57%
2025-11-13 00:29:34 - 8_0.0_1 - INFO - Evaluate on the client4 local set
2025-11-13 00:29:37 - 8_0.0_1 - INFO - => result | total 178 | correct 2 | acc 1.12% | err 98.88% | macro_f1 0.85%
2025-11-13 00:29:37 - 8_0.0_1 - INFO - Evaluate on the client4 neighbor set
2025-11-13 00:30:14 - 8_0.0_1 - INFO - => result | total 2,285 | correct 265 | acc 11.60% | err 88.40% | macro_f1 4.17%
2025-11-13 00:30:14 - 8_0.0_1 - INFO - Evaluate on the client5 local set
2025-11-13 00:30:18 - 8_0.0_1 - INFO - => result | total 262 | correct 76 | acc 29.01% | err 70.99% | macro_f1 11.07%
2025-11-13 00:30:18 - 8_0.0_1 - INFO - Evaluate on the client5 neighbor set
2025-11-13 00:30:51 - 8_0.0_1 - INFO - => result | total 2,201 | correct 192 | acc 8.72% | err 91.28% | macro_f1 3.66%
2025-11-13 00:30:51 - 8_0.0_1 - INFO - Evaluate on the client6 local set
2025-11-13 00:30:55 - 8_0.0_1 - INFO - => result | total 223 | correct 37 | acc 16.59% | err 83.41% | macro_f1 12.34%
2025-11-13 00:30:55 - 8_0.0_1 - INFO - Evaluate on the client6 neighbor set
2025-11-13 00:31:28 - 8_0.0_1 - INFO - => result | total 2,240 | correct 232 | acc 10.36% | err 89.64% | macro_f1 3.75%
2025-11-13 00:31:28 - 8_0.0_1 - INFO - Evaluate on the client7 local set
2025-11-13 00:31:31 - 8_0.0_1 - INFO - => result | total 234 | correct 0 | acc 0.00% | err 100.00% | macro_f1 0.00%
2025-11-13 00:31:31 - 8_0.0_1 - INFO - Evaluate on the client7 neighbor set
2025-11-13 00:32:09 - 8_0.0_1 - INFO - => result | total 2,229 | correct 267 | acc 11.98% | err 88.02% | macro_f1 4.27%
2025-11-13 00:32:09 - 8_0.0_1 - INFO - Evaluate on the client8 local set
2025-11-13 00:32:13 - 8_0.0_1 - INFO - => result | total 205 | correct 1 | acc 0.49% | err 99.51% | macro_f1 1.05%
2025-11-13 00:32:13 - 8_0.0_1 - INFO - Evaluate on the client8 neighbor set
2025-11-13 00:32:48 - 8_0.0_1 - INFO - => result | total 2,258 | correct 264 | acc 11.69% | err 88.31% | macro_f1 3.99%
2025-11-13 00:32:48 - 8_0.0_1 - INFO - Evaluate on the client9 local set
2025-11-13 00:32:53 - 8_0.0_1 - INFO - => result | total 319 | correct 85 | acc 26.65% | err 73.35% | macro_f1 17.38%
2025-11-13 00:32:53 - 8_0.0_1 - INFO - Evaluate on the client9 neighbor set
2025-11-13 00:33:29 - 8_0.0_1 - INFO - => result | total 2,144 | correct 179 | acc 8.35% | err 91.65% | macro_f1 2.93%
2025-11-13 00:33:29 - 8_0.0_1 - INFO - Global test local acc: 9.54
2025-11-13 00:33:29 - 8_0.0_1 - INFO - Global test neighbor acc: 10.77
2025-11-13 00:33:29 - 8_0.0_1 - INFO - ------------local test finish-------------
2025-11-13 00:33:29 - 8_0.0_1 - INFO - [Epoch 28/30] 测试耗时: 381.39s
2025-11-13 00:34:30 - 8_0.0_1 - INFO - [Epoch 29/30] 训练耗时: 60.41s | 平均训练准确率: 15.45
2025-11-13 00:34:30 - 8_0.0_1 - INFO - ------------local test start-------------
2025-11-13 00:34:30 - 8_0.0_1 - INFO - Evaluate on the client0 local set
2025-11-13 00:34:34 - 8_0.0_1 - INFO - => result | total 269 | correct 3 | acc 1.12% | err 98.88% | macro_f1 2.50%
2025-11-13 00:34:34 - 8_0.0_1 - INFO - Evaluate on the client0 neighbor set
2025-11-13 00:35:06 - 8_0.0_1 - INFO - => result | total 2,194 | correct 309 | acc 14.08% | err 85.92% | macro_f1 4.90%
2025-11-13 00:35:06 - 8_0.0_1 - INFO - Evaluate on the client1 local set
2025-11-13 00:35:11 - 8_0.0_1 - INFO - => result | total 339 | correct 45 | acc 13.27% | err 86.73% | macro_f1 9.43%
2025-11-13 00:35:11 - 8_0.0_1 - INFO - Evaluate on the client1 neighbor set
2025-11-13 00:35:46 - 8_0.0_1 - INFO - => result | total 2,124 | correct 267 | acc 12.57% | err 87.43% | macro_f1 4.34%
2025-11-13 00:35:46 - 8_0.0_1 - INFO - Evaluate on the client2 local set
2025-11-13 00:35:50 - 8_0.0_1 - INFO - => result | total 223 | correct 4 | acc 1.79% | err 98.21% | macro_f1 2.58%
2025-11-13 00:35:50 - 8_0.0_1 - INFO - Evaluate on the client2 neighbor set
2025-11-13 00:36:18 - 8_0.0_1 - INFO - => result | total 2,240 | correct 325 | acc 14.51% | err 85.49% | macro_f1 4.97%
2025-11-13 00:36:18 - 8_0.0_1 - INFO - Evaluate on the client3 local set
2025-11-13 00:36:22 - 8_0.0_1 - INFO - => result | total 211 | correct 7 | acc 3.32% | err 96.68% | macro_f1 6.43%
2025-11-13 00:36:22 - 8_0.0_1 - INFO - Evaluate on the client3 neighbor set
2025-11-13 00:36:54 - 8_0.0_1 - INFO - => result | total 2,252 | correct 335 | acc 14.88% | err 85.12% | macro_f1 4.99%
2025-11-13 00:36:54 - 8_0.0_1 - INFO - Evaluate on the client4 local set
2025-11-13 00:36:56 - 8_0.0_1 - INFO - => result | total 178 | correct 6 | acc 3.37% | err 96.63% | macro_f1 3.33%
2025-11-13 00:36:56 - 8_0.0_1 - INFO - Evaluate on the client4 neighbor set
2025-11-13 00:37:30 - 8_0.0_1 - INFO - => result | total 2,285 | correct 331 | acc 14.49% | err 85.51% | macro_f1 4.99%
2025-11-13 00:37:30 - 8_0.0_1 - INFO - Evaluate on the client5 local set
2025-11-13 00:37:34 - 8_0.0_1 - INFO - => result | total 262 | correct 81 | acc 30.92% | err 69.08% | macro_f1 14.30%
2025-11-13 00:37:34 - 8_0.0_1 - INFO - Evaluate on the client5 neighbor set
2025-11-13 00:38:06 - 8_0.0_1 - INFO - => result | total 2,201 | correct 252 | acc 11.45% | err 88.55% | macro_f1 4.24%
2025-11-13 00:38:06 - 8_0.0_1 - INFO - Evaluate on the client6 local set
2025-11-13 00:38:09 - 8_0.0_1 - INFO - => result | total 223 | correct 45 | acc 20.18% | err 79.82% | macro_f1 14.70%
2025-11-13 00:38:09 - 8_0.0_1 - INFO - Evaluate on the client6 neighbor set
2025-11-13 00:38:42 - 8_0.0_1 - INFO - => result | total 2,240 | correct 277 | acc 12.37% | err 87.63% | macro_f1 4.43%
2025-11-13 00:38:42 - 8_0.0_1 - INFO - Evaluate on the client7 local set
2025-11-13 00:38:45 - 8_0.0_1 - INFO - => result | total 234 | correct 29 | acc 12.39% | err 87.61% | macro_f1 9.93%
2025-11-13 00:38:45 - 8_0.0_1 - INFO - Evaluate on the client7 neighbor set
2025-11-13 00:39:18 - 8_0.0_1 - INFO - => result | total 2,229 | correct 293 | acc 13.14% | err 86.86% | macro_f1 4.81%
2025-11-13 00:39:18 - 8_0.0_1 - INFO - Evaluate on the client8 local set
2025-11-13 00:39:21 - 8_0.0_1 - INFO - => result | total 205 | correct 0 | acc 0.00% | err 100.00% | macro_f1 0.00%
2025-11-13 00:39:21 - 8_0.0_1 - INFO - Evaluate on the client8 neighbor set
2025-11-13 00:39:53 - 8_0.0_1 - INFO - => result | total 2,258 | correct 310 | acc 13.73% | err 86.27% | macro_f1 4.79%
2025-11-13 00:39:53 - 8_0.0_1 - INFO - Evaluate on the client9 local set
2025-11-13 00:39:58 - 8_0.0_1 - INFO - => result | total 319 | correct 76 | acc 23.82% | err 76.18% | macro_f1 16.67%
2025-11-13 00:39:58 - 8_0.0_1 - INFO - Evaluate on the client9 neighbor set
2025-11-13 00:40:28 - 8_0.0_1 - INFO - => result | total 2,144 | correct 223 | acc 10.40% | err 89.60% | macro_f1 3.64%
2025-11-13 00:40:28 - 8_0.0_1 - INFO - Global test local acc: 11.02
2025-11-13 00:40:28 - 8_0.0_1 - INFO - Global test neighbor acc: 13.16
2025-11-13 00:40:28 - 8_0.0_1 - INFO - ------------local test finish-------------
2025-11-13 00:40:28 - 8_0.0_1 - INFO - [Epoch 29/30] 测试耗时: 358.07s
2025-11-13 00:41:22 - 8_0.0_1 - INFO - [Epoch 30/30] 训练耗时: 54.16s | 平均训练准确率: 17.01
2025-11-13 00:41:22 - 8_0.0_1 - INFO - ------------local test start-------------
2025-11-13 00:41:22 - 8_0.0_1 - INFO - Evaluate on the client0 local set
2025-11-13 00:41:27 - 8_0.0_1 - INFO - => result | total 269 | correct 9 | acc 3.35% | err 96.65% | macro_f1 5.86%
2025-11-13 00:41:27 - 8_0.0_1 - INFO - Evaluate on the client0 neighbor set
2025-11-13 00:42:01 - 8_0.0_1 - INFO - => result | total 2,194 | correct 342 | acc 15.59% | err 84.41% | macro_f1 5.71%
2025-11-13 00:42:01 - 8_0.0_1 - INFO - Evaluate on the client1 local set
2025-11-13 00:42:06 - 8_0.0_1 - INFO - => result | total 339 | correct 48 | acc 14.16% | err 85.84% | macro_f1 10.01%
2025-11-13 00:42:06 - 8_0.0_1 - INFO - Evaluate on the client1 neighbor set
2025-11-13 00:42:39 - 8_0.0_1 - INFO - => result | total 2,124 | correct 302 | acc 14.22% | err 85.78% | macro_f1 5.31%
2025-11-13 00:42:39 - 8_0.0_1 - INFO - Evaluate on the client2 local set
2025-11-13 00:42:42 - 8_0.0_1 - INFO - => result | total 223 | correct 17 | acc 7.62% | err 92.38% | macro_f1 6.98%
2025-11-13 00:42:42 - 8_0.0_1 - INFO - Evaluate on the client2 neighbor set
2025-11-13 00:43:16 - 8_0.0_1 - INFO - => result | total 2,240 | correct 325 | acc 14.51% | err 85.49% | macro_f1 5.27%
2025-11-13 00:43:16 - 8_0.0_1 - INFO - Evaluate on the client3 local set
2025-11-13 00:43:20 - 8_0.0_1 - INFO - => result | total 211 | correct 13 | acc 6.16% | err 93.84% | macro_f1 8.68%
2025-11-13 00:43:20 - 8_0.0_1 - INFO - Evaluate on the client3 neighbor set
2025-11-13 00:43:59 - 8_0.0_1 - INFO - => result | total 2,252 | correct 330 | acc 14.65% | err 85.35% | macro_f1 5.25%
2025-11-13 00:43:59 - 8_0.0_1 - INFO - Evaluate on the client4 local set
2025-11-13 00:44:02 - 8_0.0_1 - INFO - => result | total 178 | correct 11 | acc 6.18% | err 93.82% | macro_f1 7.84%
2025-11-13 00:44:02 - 8_0.0_1 - INFO - Evaluate on the client4 neighbor set
2025-11-13 00:44:37 - 8_0.0_1 - INFO - => result | total 2,285 | correct 334 | acc 14.62% | err 85.38% | macro_f1 5.37%
2025-11-13 00:44:37 - 8_0.0_1 - INFO - Evaluate on the client5 local set
2025-11-13 00:44:41 - 8_0.0_1 - INFO - => result | total 262 | correct 80 | acc 30.53% | err 69.47% | macro_f1 12.37%
2025-11-13 00:44:41 - 8_0.0_1 - INFO - Evaluate on the client5 neighbor set
2025-11-13 00:45:13 - 8_0.0_1 - INFO - => result | total 2,201 | correct 254 | acc 11.54% | err 88.46% | macro_f1 4.62%
2025-11-13 00:45:13 - 8_0.0_1 - INFO - Evaluate on the client6 local set
2025-11-13 00:45:17 - 8_0.0_1 - INFO - => result | total 223 | correct 55 | acc 24.66% | err 75.34% | macro_f1 16.05%
2025-11-13 00:45:17 - 8_0.0_1 - INFO - Evaluate on the client6 neighbor set
2025-11-13 00:45:51 - 8_0.0_1 - INFO - => result | total 2,240 | correct 278 | acc 12.41% | err 87.59% | macro_f1 4.67%
2025-11-13 00:45:51 - 8_0.0_1 - INFO - Evaluate on the client7 local set
2025-11-13 00:45:54 - 8_0.0_1 - INFO - => result | total 234 | correct 32 | acc 13.68% | err 86.32% | macro_f1 11.08%
2025-11-13 00:45:54 - 8_0.0_1 - INFO - Evaluate on the client7 neighbor set
2025-11-13 00:46:32 - 8_0.0_1 - INFO - => result | total 2,229 | correct 300 | acc 13.46% | err 86.54% | macro_f1 4.66%
2025-11-13 00:46:32 - 8_0.0_1 - INFO - Evaluate on the client8 local set
2025-11-13 00:46:35 - 8_0.0_1 - INFO - => result | total 205 | correct 0 | acc 0.00% | err 100.00% | macro_f1 0.00%
2025-11-13 00:46:35 - 8_0.0_1 - INFO - Evaluate on the client8 neighbor set
2025-11-13 00:47:12 - 8_0.0_1 - INFO - => result | total 2,258 | correct 325 | acc 14.39% | err 85.61% | macro_f1 5.00%
2025-11-13 00:47:12 - 8_0.0_1 - INFO - Evaluate on the client9 local set
2025-11-13 00:47:17 - 8_0.0_1 - INFO - => result | total 319 | correct 85 | acc 26.65% | err 73.35% | macro_f1 18.48%
2025-11-13 00:47:17 - 8_0.0_1 - INFO - Evaluate on the client9 neighbor set
2025-11-13 00:47:53 - 8_0.0_1 - INFO - => result | total 2,144 | correct 236 | acc 11.01% | err 88.99% | macro_f1 3.64%
2025-11-13 00:47:53 - 8_0.0_1 - INFO - Global test local acc: 13.30
2025-11-13 00:47:53 - 8_0.0_1 - INFO - Global test neighbor acc: 13.64
2025-11-13 00:47:53 - 8_0.0_1 - INFO - ------------local test finish-------------
2025-11-13 00:47:53 - 8_0.0_1 - INFO - [Epoch 30/30] 测试耗时: 390.80s
2025-11-13 00:47:53 - 8_0.0_1 - INFO - maximum test local acc: 13.299
2025-11-13 00:47:53 - 8_0.0_1 - INFO - mean of local acc: 11.284
2025-11-13 00:47:53 - 8_0.0_1 - INFO - maximum test neighbor acc: 13.640
2025-11-13 00:47:53 - 8_0.0_1 - INFO - mean of neighbor acc: 12.525
