2025-11-13 07:28:44 - 8_0.01_1 - INFO - 日志文件已创建: logs/oxford_flowers/dpfpl/8_0.01_1_20251113_072844.log
2025-11-13 07:28:45 - 8_0.01_1 - INFO - Loading trainer: DP_FPL
2025-11-13 07:28:45 - 8_0.01_1 - INFO - Loading dataset: OxfordFlowers
2025-11-13 07:28:45 - 8_0.01_1 - INFO - Reading split from /home/liuxin25/dataset/oxford_flowers/split_zhou_OxfordFlowers.json
2025-11-13 07:28:45 - 8_0.01_1 - INFO - Creating a baseline federated dataset
2025-11-13 07:28:45 - 8_0.01_1 - INFO - class_num 102
2025-11-13 07:28:45 - 8_0.01_1 - INFO - user class dict total [90, 54, 31, 35, 55, 72, 92, 42, 95, 84]
2025-11-13 07:28:45 - 8_0.01_1 - INFO - idx: 0, output_dict_len: 451
2025-11-13 07:28:45 - 8_0.01_1 - INFO - user class dict total [74, 0, 1, 80, 27, 20, 77, 50, 66, 45]
2025-11-13 07:28:45 - 8_0.01_1 - INFO - idx: 1, output_dict_len: 562
2025-11-13 07:28:45 - 8_0.01_1 - INFO - user class dict total [44, 82, 14, 32, 52, 70, 28, 51, 10, 21]
2025-11-13 07:28:45 - 8_0.01_1 - INFO - idx: 2, output_dict_len: 373
2025-11-13 07:28:45 - 8_0.01_1 - INFO - user class dict total [33, 75, 5, 48, 87, 98, 23, 69, 62, 7]
2025-11-13 07:28:45 - 8_0.01_1 - INFO - idx: 3, output_dict_len: 350
2025-11-13 07:28:45 - 8_0.01_1 - INFO - user class dict total [17, 18, 60, 34, 11, 58, 86, 13, 41, 30]
2025-11-13 07:28:45 - 8_0.01_1 - INFO - idx: 4, output_dict_len: 302
2025-11-13 07:28:45 - 8_0.01_1 - INFO - user class dict total [24, 71, 56, 76, 37, 6, 53, 79, 97, 39]
2025-11-13 07:28:45 - 8_0.01_1 - INFO - idx: 5, output_dict_len: 433
2025-11-13 07:28:45 - 8_0.01_1 - INFO - user class dict total [47, 65, 36, 91, 3, 63, 59, 9, 96, 64]
2025-11-13 07:28:45 - 8_0.01_1 - INFO - idx: 6, output_dict_len: 367
2025-11-13 07:28:45 - 8_0.01_1 - INFO - user class dict total [94, 88, 99, 61, 19, 25, 4, 16, 8, 46]
2025-11-13 07:28:45 - 8_0.01_1 - INFO - idx: 7, output_dict_len: 387
2025-11-13 07:28:45 - 8_0.01_1 - INFO - user class dict total [26, 2, 93, 85, 29, 22, 100, 67, 68, 38]
2025-11-13 07:28:45 - 8_0.01_1 - INFO - idx: 8, output_dict_len: 341
2025-11-13 07:28:45 - 8_0.01_1 - INFO - user class dict total [83, 15, 12, 81, 43, 73, 78, 40, 101, 57, 89, 49]
2025-11-13 07:28:45 - 8_0.01_1 - INFO - idx: 9, output_dict_len: 527
2025-11-13 07:28:45 - 8_0.01_1 - INFO - Creating a baseline federated dataset
2025-11-13 07:28:45 - 8_0.01_1 - INFO - class_num 102
2025-11-13 07:28:45 - 8_0.01_1 - INFO - user class dict total [90, 54, 31, 35, 55, 72, 92, 42, 95, 84]
2025-11-13 07:28:45 - 8_0.01_1 - INFO - idx: 0, output_dict_len: 269
2025-11-13 07:28:45 - 8_0.01_1 - INFO - user class dict total [74, 0, 1, 80, 27, 20, 77, 50, 66, 45]
2025-11-13 07:28:45 - 8_0.01_1 - INFO - idx: 1, output_dict_len: 339
2025-11-13 07:28:45 - 8_0.01_1 - INFO - user class dict total [44, 82, 14, 32, 52, 70, 28, 51, 10, 21]
2025-11-13 07:28:45 - 8_0.01_1 - INFO - idx: 2, output_dict_len: 223
2025-11-13 07:28:45 - 8_0.01_1 - INFO - user class dict total [33, 75, 5, 48, 87, 98, 23, 69, 62, 7]
2025-11-13 07:28:45 - 8_0.01_1 - INFO - idx: 3, output_dict_len: 211
2025-11-13 07:28:45 - 8_0.01_1 - INFO - user class dict total [17, 18, 60, 34, 11, 58, 86, 13, 41, 30]
2025-11-13 07:28:45 - 8_0.01_1 - INFO - idx: 4, output_dict_len: 178
2025-11-13 07:28:45 - 8_0.01_1 - INFO - user class dict total [24, 71, 56, 76, 37, 6, 53, 79, 97, 39]
2025-11-13 07:28:45 - 8_0.01_1 - INFO - idx: 5, output_dict_len: 262
2025-11-13 07:28:45 - 8_0.01_1 - INFO - user class dict total [47, 65, 36, 91, 3, 63, 59, 9, 96, 64]
2025-11-13 07:28:45 - 8_0.01_1 - INFO - idx: 6, output_dict_len: 223
2025-11-13 07:28:45 - 8_0.01_1 - INFO - user class dict total [94, 88, 99, 61, 19, 25, 4, 16, 8, 46]
2025-11-13 07:28:45 - 8_0.01_1 - INFO - idx: 7, output_dict_len: 234
2025-11-13 07:28:45 - 8_0.01_1 - INFO - user class dict total [26, 2, 93, 85, 29, 22, 100, 67, 68, 38]
2025-11-13 07:28:45 - 8_0.01_1 - INFO - idx: 8, output_dict_len: 205
2025-11-13 07:28:45 - 8_0.01_1 - INFO - user class dict total [83, 15, 12, 81, 43, 73, 78, 40, 101, 57, 89, 49]
2025-11-13 07:28:45 - 8_0.01_1 - INFO - idx: 9, output_dict_len: 319
2025-11-13 07:28:45 - 8_0.01_1 - INFO - Loading CLIP (backbone: ViT-B/16)
2025-11-13 07:28:48 - 8_0.01_1 - INFO - Building custom CLIP
2025-11-13 07:28:48 - 8_0.01_1 - INFO - Turning off gradients in both the image and the text encoder
2025-11-13 07:29:57 - 8_0.01_1 - INFO - [Epoch 1/30] 训练耗时: 69.19s | 平均训练准确率: 0.42
2025-11-13 07:31:00 - 8_0.01_1 - INFO - [Epoch 2/30] 训练耗时: 62.74s | 平均训练准确率: 1.01
2025-11-13 07:32:04 - 8_0.01_1 - INFO - [Epoch 3/30] 训练耗时: 64.09s | 平均训练准确率: 0.56
2025-11-13 07:33:12 - 8_0.01_1 - INFO - [Epoch 4/30] 训练耗时: 67.40s | 平均训练准确率: 0.45
2025-11-13 07:34:02 - 8_0.01_1 - INFO - [Epoch 5/30] 训练耗时: 49.90s | 平均训练准确率: 3.16
2025-11-13 07:35:00 - 8_0.01_1 - INFO - [Epoch 6/30] 训练耗时: 58.15s | 平均训练准确率: 2.64
2025-11-13 07:36:02 - 8_0.01_1 - INFO - [Epoch 7/30] 训练耗时: 62.82s | 平均训练准确率: 1.67
2025-11-13 07:37:05 - 8_0.01_1 - INFO - [Epoch 8/30] 训练耗时: 62.29s | 平均训练准确率: 2.47
2025-11-13 07:38:06 - 8_0.01_1 - INFO - [Epoch 9/30] 训练耗时: 61.53s | 平均训练准确率: 1.94
2025-11-13 07:39:11 - 8_0.01_1 - INFO - [Epoch 10/30] 训练耗时: 64.73s | 平均训练准确率: 2.78
2025-11-13 07:40:10 - 8_0.01_1 - INFO - [Epoch 11/30] 训练耗时: 59.05s | 平均训练准确率: 2.01
2025-11-13 07:40:53 - 8_0.01_1 - INFO - [Epoch 12/30] 训练耗时: 43.36s | 平均训练准确率: 2.22
2025-11-13 07:41:38 - 8_0.01_1 - INFO - [Epoch 13/30] 训练耗时: 44.90s | 平均训练准确率: 1.25
2025-11-13 07:42:21 - 8_0.01_1 - INFO - [Epoch 14/30] 训练耗时: 42.19s | 平均训练准确率: 0.59
2025-11-13 07:43:03 - 8_0.01_1 - INFO - [Epoch 15/30] 训练耗时: 42.95s | 平均训练准确率: 1.04
2025-11-13 07:43:46 - 8_0.01_1 - INFO - [Epoch 16/30] 训练耗时: 43.00s | 平均训练准确率: 0.97
2025-11-13 07:44:32 - 8_0.01_1 - INFO - [Epoch 17/30] 训练耗时: 45.19s | 平均训练准确率: 1.67
2025-11-13 07:45:15 - 8_0.01_1 - INFO - [Epoch 18/30] 训练耗时: 43.28s | 平均训练准确率: 1.88
2025-11-13 07:45:56 - 8_0.01_1 - INFO - [Epoch 19/30] 训练耗时: 41.25s | 平均训练准确率: 2.40
2025-11-13 07:46:35 - 8_0.01_1 - INFO - [Epoch 20/30] 训练耗时: 39.02s | 平均训练准确率: 2.60
2025-11-13 07:47:19 - 8_0.01_1 - INFO - [Epoch 21/30] 训练耗时: 43.58s | 平均训练准确率: 2.08
2025-11-13 07:48:01 - 8_0.01_1 - INFO - [Epoch 22/30] 训练耗时: 42.61s | 平均训练准确率: 2.22
2025-11-13 07:48:45 - 8_0.01_1 - INFO - [Epoch 23/30] 训练耗时: 43.79s | 平均训练准确率: 1.60
2025-11-13 07:49:30 - 8_0.01_1 - INFO - [Epoch 24/30] 训练耗时: 44.32s | 平均训练准确率: 2.33
2025-11-13 07:50:12 - 8_0.01_1 - INFO - [Epoch 25/30] 训练耗时: 42.42s | 平均训练准确率: 1.60
2025-11-13 07:50:56 - 8_0.01_1 - INFO - [Epoch 26/30] 训练耗时: 44.42s | 平均训练准确率: 1.74
2025-11-13 07:51:40 - 8_0.01_1 - INFO - [Epoch 27/30] 训练耗时: 43.59s | 平均训练准确率: 1.91
2025-11-13 07:52:24 - 8_0.01_1 - INFO - [Epoch 28/30] 训练耗时: 44.48s | 平均训练准确率: 1.49
2025-11-13 07:52:24 - 8_0.01_1 - INFO - ------------local test start-------------
2025-11-13 07:52:24 - 8_0.01_1 - INFO - Evaluate on the client0 local set
2025-11-13 07:52:29 - 8_0.01_1 - INFO - => result | total 269 | correct 0 | acc 0.00% | err 100.00% | macro_f1 0.00%
2025-11-13 07:52:29 - 8_0.01_1 - INFO - Evaluate on the client0 neighbor set
2025-11-13 07:53:00 - 8_0.01_1 - INFO - => result | total 2,194 | correct 22 | acc 1.00% | err 99.00% | macro_f1 0.28%
2025-11-13 07:53:00 - 8_0.01_1 - INFO - Evaluate on the client1 local set
2025-11-13 07:53:05 - 8_0.01_1 - INFO - => result | total 339 | correct 0 | acc 0.00% | err 100.00% | macro_f1 0.00%
2025-11-13 07:53:05 - 8_0.01_1 - INFO - Evaluate on the client1 neighbor set
2025-11-13 07:53:35 - 8_0.01_1 - INFO - => result | total 2,124 | correct 24 | acc 1.13% | err 98.87% | macro_f1 0.35%
2025-11-13 07:53:35 - 8_0.01_1 - INFO - Evaluate on the client2 local set
2025-11-13 07:53:39 - 8_0.01_1 - INFO - => result | total 223 | correct 0 | acc 0.00% | err 100.00% | macro_f1 0.00%
2025-11-13 07:53:39 - 8_0.01_1 - INFO - Evaluate on the client2 neighbor set
2025-11-13 07:54:10 - 8_0.01_1 - INFO - => result | total 2,240 | correct 22 | acc 0.98% | err 99.02% | macro_f1 0.32%
2025-11-13 07:54:10 - 8_0.01_1 - INFO - Evaluate on the client3 local set
2025-11-13 07:54:13 - 8_0.01_1 - INFO - => result | total 211 | correct 6 | acc 2.84% | err 97.16% | macro_f1 2.97%
2025-11-13 07:54:13 - 8_0.01_1 - INFO - Evaluate on the client3 neighbor set
2025-11-13 07:54:45 - 8_0.01_1 - INFO - => result | total 2,252 | correct 16 | acc 0.71% | err 99.29% | macro_f1 0.29%
2025-11-13 07:54:45 - 8_0.01_1 - INFO - Evaluate on the client4 local set
2025-11-13 07:54:48 - 8_0.01_1 - INFO - => result | total 178 | correct 7 | acc 3.93% | err 96.07% | macro_f1 5.16%
2025-11-13 07:54:48 - 8_0.01_1 - INFO - Evaluate on the client4 neighbor set
2025-11-13 07:55:19 - 8_0.01_1 - INFO - => result | total 2,285 | correct 14 | acc 0.61% | err 99.39% | macro_f1 0.17%
2025-11-13 07:55:19 - 8_0.01_1 - INFO - Evaluate on the client5 local set
2025-11-13 07:55:23 - 8_0.01_1 - INFO - => result | total 262 | correct 0 | acc 0.00% | err 100.00% | macro_f1 0.00%
2025-11-13 07:55:23 - 8_0.01_1 - INFO - Evaluate on the client5 neighbor set
2025-11-13 07:55:56 - 8_0.01_1 - INFO - => result | total 2,201 | correct 19 | acc 0.86% | err 99.14% | macro_f1 0.36%
2025-11-13 07:55:56 - 8_0.01_1 - INFO - Evaluate on the client6 local set
2025-11-13 07:55:59 - 8_0.01_1 - INFO - => result | total 223 | correct 1 | acc 0.45% | err 99.55% | macro_f1 0.80%
2025-11-13 07:55:59 - 8_0.01_1 - INFO - Evaluate on the client6 neighbor set
2025-11-13 07:56:31 - 8_0.01_1 - INFO - => result | total 2,240 | correct 18 | acc 0.80% | err 99.20% | macro_f1 0.31%
2025-11-13 07:56:31 - 8_0.01_1 - INFO - Evaluate on the client7 local set
2025-11-13 07:56:34 - 8_0.01_1 - INFO - => result | total 234 | correct 0 | acc 0.00% | err 100.00% | macro_f1 0.00%
2025-11-13 07:56:34 - 8_0.01_1 - INFO - Evaluate on the client7 neighbor set
2025-11-13 07:57:05 - 8_0.01_1 - INFO - => result | total 2,229 | correct 16 | acc 0.72% | err 99.28% | macro_f1 0.26%
2025-11-13 07:57:05 - 8_0.01_1 - INFO - Evaluate on the client8 local set
2025-11-13 07:57:08 - 8_0.01_1 - INFO - => result | total 205 | correct 3 | acc 1.46% | err 98.54% | macro_f1 2.50%
2025-11-13 07:57:08 - 8_0.01_1 - INFO - Evaluate on the client8 neighbor set
2025-11-13 07:57:41 - 8_0.01_1 - INFO - => result | total 2,258 | correct 12 | acc 0.53% | err 99.47% | macro_f1 0.18%
2025-11-13 07:57:41 - 8_0.01_1 - INFO - Evaluate on the client9 local set
2025-11-13 07:57:46 - 8_0.01_1 - INFO - => result | total 319 | correct 2 | acc 0.63% | err 99.37% | macro_f1 0.66%
2025-11-13 07:57:46 - 8_0.01_1 - INFO - Evaluate on the client9 neighbor set
2025-11-13 07:58:16 - 8_0.01_1 - INFO - => result | total 2,144 | correct 15 | acc 0.70% | err 99.30% | macro_f1 0.25%
2025-11-13 07:58:16 - 8_0.01_1 - INFO - Global test local acc: 0.93
2025-11-13 07:58:16 - 8_0.01_1 - INFO - Global test neighbor acc: 0.81
2025-11-13 07:58:16 - 8_0.01_1 - INFO - ------------local test finish-------------
2025-11-13 07:58:16 - 8_0.01_1 - INFO - [Epoch 28/30] 测试耗时: 351.75s
2025-11-13 07:58:57 - 8_0.01_1 - INFO - [Epoch 29/30] 训练耗时: 41.25s | 平均训练准确率: 1.60
2025-11-13 07:58:57 - 8_0.01_1 - INFO - ------------local test start-------------
2025-11-13 07:58:57 - 8_0.01_1 - INFO - Evaluate on the client0 local set
2025-11-13 07:59:01 - 8_0.01_1 - INFO - => result | total 269 | correct 7 | acc 2.60% | err 97.40% | macro_f1 3.51%
2025-11-13 07:59:01 - 8_0.01_1 - INFO - Evaluate on the client0 neighbor set
2025-11-13 07:59:32 - 8_0.01_1 - INFO - => result | total 2,194 | correct 44 | acc 2.01% | err 97.99% | macro_f1 0.47%
2025-11-13 07:59:32 - 8_0.01_1 - INFO - Evaluate on the client1 local set
2025-11-13 07:59:37 - 8_0.01_1 - INFO - => result | total 339 | correct 1 | acc 0.29% | err 99.71% | macro_f1 0.31%
2025-11-13 07:59:37 - 8_0.01_1 - INFO - Evaluate on the client1 neighbor set
2025-11-13 08:00:07 - 8_0.01_1 - INFO - => result | total 2,124 | correct 51 | acc 2.40% | err 97.60% | macro_f1 0.69%
2025-11-13 08:00:07 - 8_0.01_1 - INFO - Evaluate on the client2 local set
2025-11-13 08:00:10 - 8_0.01_1 - INFO - => result | total 223 | correct 20 | acc 8.97% | err 91.03% | macro_f1 4.49%
2025-11-13 08:00:10 - 8_0.01_1 - INFO - Evaluate on the client2 neighbor set
2025-11-13 08:00:42 - 8_0.01_1 - INFO - => result | total 2,240 | correct 30 | acc 1.34% | err 98.66% | macro_f1 0.47%
2025-11-13 08:00:42 - 8_0.01_1 - INFO - Evaluate on the client3 local set
2025-11-13 08:00:45 - 8_0.01_1 - INFO - => result | total 211 | correct 1 | acc 0.47% | err 99.53% | macro_f1 0.74%
2025-11-13 08:00:45 - 8_0.01_1 - INFO - Evaluate on the client3 neighbor set
2025-11-13 08:01:16 - 8_0.01_1 - INFO - => result | total 2,252 | correct 45 | acc 2.00% | err 98.00% | macro_f1 0.36%
2025-11-13 08:01:16 - 8_0.01_1 - INFO - Evaluate on the client4 local set
2025-11-13 08:01:18 - 8_0.01_1 - INFO - => result | total 178 | correct 1 | acc 0.56% | err 99.44% | macro_f1 1.11%
2025-11-13 08:01:18 - 8_0.01_1 - INFO - Evaluate on the client4 neighbor set
2025-11-13 08:01:49 - 8_0.01_1 - INFO - => result | total 2,285 | correct 44 | acc 1.93% | err 98.07% | macro_f1 0.25%
2025-11-13 08:01:49 - 8_0.01_1 - INFO - Evaluate on the client5 local set
2025-11-13 08:01:52 - 8_0.01_1 - INFO - => result | total 262 | correct 0 | acc 0.00% | err 100.00% | macro_f1 0.00%
2025-11-13 08:01:52 - 8_0.01_1 - INFO - Evaluate on the client5 neighbor set
2025-11-13 08:02:23 - 8_0.01_1 - INFO - => result | total 2,201 | correct 42 | acc 1.91% | err 98.09% | macro_f1 0.22%
2025-11-13 08:02:23 - 8_0.01_1 - INFO - Evaluate on the client6 local set
2025-11-13 08:02:26 - 8_0.01_1 - INFO - => result | total 223 | correct 0 | acc 0.00% | err 100.00% | macro_f1 0.00%
2025-11-13 08:02:26 - 8_0.01_1 - INFO - Evaluate on the client6 neighbor set
2025-11-13 08:02:57 - 8_0.01_1 - INFO - => result | total 2,240 | correct 43 | acc 1.92% | err 98.08% | macro_f1 0.13%
2025-11-13 08:02:57 - 8_0.01_1 - INFO - Evaluate on the client7 local set
2025-11-13 08:03:00 - 8_0.01_1 - INFO - => result | total 234 | correct 14 | acc 5.98% | err 94.02% | macro_f1 2.19%
2025-11-13 08:03:00 - 8_0.01_1 - INFO - Evaluate on the client7 neighbor set
2025-11-13 08:03:32 - 8_0.01_1 - INFO - => result | total 2,229 | correct 29 | acc 1.30% | err 98.70% | macro_f1 0.09%
2025-11-13 08:03:32 - 8_0.01_1 - INFO - Evaluate on the client8 local set
2025-11-13 08:03:36 - 8_0.01_1 - INFO - => result | total 205 | correct 0 | acc 0.00% | err 100.00% | macro_f1 0.00%
2025-11-13 08:03:36 - 8_0.01_1 - INFO - Evaluate on the client8 neighbor set
2025-11-13 08:04:13 - 8_0.01_1 - INFO - => result | total 2,258 | correct 41 | acc 1.82% | err 98.18% | macro_f1 0.09%
2025-11-13 08:04:13 - 8_0.01_1 - INFO - Evaluate on the client9 local set
2025-11-13 08:04:18 - 8_0.01_1 - INFO - => result | total 319 | correct 0 | acc 0.00% | err 100.00% | macro_f1 0.00%
2025-11-13 08:04:18 - 8_0.01_1 - INFO - Evaluate on the client9 neighbor set
2025-11-13 08:04:50 - 8_0.01_1 - INFO - => result | total 2,144 | correct 41 | acc 1.91% | err 98.09% | macro_f1 0.10%
2025-11-13 08:04:50 - 8_0.01_1 - INFO - Global test local acc: 1.89
2025-11-13 08:04:50 - 8_0.01_1 - INFO - Global test neighbor acc: 1.85
2025-11-13 08:04:50 - 8_0.01_1 - INFO - ------------local test finish-------------
2025-11-13 08:04:50 - 8_0.01_1 - INFO - [Epoch 29/30] 测试耗时: 352.75s
2025-11-13 08:05:52 - 8_0.01_1 - INFO - [Epoch 30/30] 训练耗时: 61.59s | 平均训练准确率: 2.64
2025-11-13 08:05:52 - 8_0.01_1 - INFO - ------------local test start-------------
2025-11-13 08:05:52 - 8_0.01_1 - INFO - Evaluate on the client0 local set
2025-11-13 08:05:58 - 8_0.01_1 - INFO - => result | total 269 | correct 0 | acc 0.00% | err 100.00% | macro_f1 0.00%
2025-11-13 08:05:58 - 8_0.01_1 - INFO - Evaluate on the client0 neighbor set
2025-11-13 08:06:31 - 8_0.01_1 - INFO - => result | total 2,194 | correct 30 | acc 1.37% | err 98.63% | macro_f1 0.65%
2025-11-13 08:06:31 - 8_0.01_1 - INFO - Evaluate on the client1 local set
2025-11-13 08:06:36 - 8_0.01_1 - INFO - => result | total 339 | correct 0 | acc 0.00% | err 100.00% | macro_f1 0.00%
2025-11-13 08:06:36 - 8_0.01_1 - INFO - Evaluate on the client1 neighbor set
2025-11-13 08:07:09 - 8_0.01_1 - INFO - => result | total 2,124 | correct 29 | acc 1.37% | err 98.63% | macro_f1 0.75%
2025-11-13 08:07:09 - 8_0.01_1 - INFO - Evaluate on the client2 local set
2025-11-13 08:07:13 - 8_0.01_1 - INFO - => result | total 223 | correct 4 | acc 1.79% | err 98.21% | macro_f1 1.86%
2025-11-13 08:07:13 - 8_0.01_1 - INFO - Evaluate on the client2 neighbor set
2025-11-13 08:07:49 - 8_0.01_1 - INFO - => result | total 2,240 | correct 26 | acc 1.16% | err 98.84% | macro_f1 0.65%
2025-11-13 08:07:49 - 8_0.01_1 - INFO - Evaluate on the client3 local set
2025-11-13 08:07:53 - 8_0.01_1 - INFO - => result | total 211 | correct 0 | acc 0.00% | err 100.00% | macro_f1 0.00%
2025-11-13 08:07:53 - 8_0.01_1 - INFO - Evaluate on the client3 neighbor set
2025-11-13 08:08:30 - 8_0.01_1 - INFO - => result | total 2,252 | correct 28 | acc 1.24% | err 98.76% | macro_f1 0.60%
2025-11-13 08:08:30 - 8_0.01_1 - INFO - Evaluate on the client4 local set
2025-11-13 08:08:32 - 8_0.01_1 - INFO - => result | total 178 | correct 5 | acc 2.81% | err 97.19% | macro_f1 4.17%
2025-11-13 08:08:32 - 8_0.01_1 - INFO - Evaluate on the client4 neighbor set
2025-11-13 08:09:08 - 8_0.01_1 - INFO - => result | total 2,285 | correct 22 | acc 0.96% | err 99.04% | macro_f1 0.42%
2025-11-13 08:09:08 - 8_0.01_1 - INFO - Evaluate on the client5 local set
2025-11-13 08:09:13 - 8_0.01_1 - INFO - => result | total 262 | correct 2 | acc 0.76% | err 99.24% | macro_f1 1.03%
2025-11-13 08:09:13 - 8_0.01_1 - INFO - Evaluate on the client5 neighbor set
2025-11-13 08:09:47 - 8_0.01_1 - INFO - => result | total 2,201 | correct 26 | acc 1.18% | err 98.82% | macro_f1 0.56%
2025-11-13 08:09:47 - 8_0.01_1 - INFO - Evaluate on the client6 local set
2025-11-13 08:09:51 - 8_0.01_1 - INFO - => result | total 223 | correct 0 | acc 0.00% | err 100.00% | macro_f1 0.00%
2025-11-13 08:09:51 - 8_0.01_1 - INFO - Evaluate on the client6 neighbor set
2025-11-13 08:10:23 - 8_0.01_1 - INFO - => result | total 2,240 | correct 28 | acc 1.25% | err 98.75% | macro_f1 0.61%
2025-11-13 08:10:23 - 8_0.01_1 - INFO - Evaluate on the client7 local set
2025-11-13 08:10:26 - 8_0.01_1 - INFO - => result | total 234 | correct 6 | acc 2.56% | err 97.44% | macro_f1 3.52%
2025-11-13 08:10:26 - 8_0.01_1 - INFO - Evaluate on the client7 neighbor set
2025-11-13 08:10:56 - 8_0.01_1 - INFO - => result | total 2,229 | correct 24 | acc 1.08% | err 98.92% | macro_f1 0.50%
2025-11-13 08:10:56 - 8_0.01_1 - INFO - Evaluate on the client8 local set
2025-11-13 08:10:59 - 8_0.01_1 - INFO - => result | total 205 | correct 1 | acc 0.49% | err 99.51% | macro_f1 1.00%
2025-11-13 08:10:59 - 8_0.01_1 - INFO - Evaluate on the client8 neighbor set
2025-11-13 08:11:38 - 8_0.01_1 - INFO - => result | total 2,258 | correct 28 | acc 1.24% | err 98.76% | macro_f1 0.54%
2025-11-13 08:11:38 - 8_0.01_1 - INFO - Evaluate on the client9 local set
2025-11-13 08:11:44 - 8_0.01_1 - INFO - => result | total 319 | correct 12 | acc 3.76% | err 96.24% | macro_f1 1.82%
2025-11-13 08:11:44 - 8_0.01_1 - INFO - Evaluate on the client9 neighbor set
2025-11-13 08:12:19 - 8_0.01_1 - INFO - => result | total 2,144 | correct 16 | acc 0.75% | err 99.25% | macro_f1 0.52%
2025-11-13 08:12:19 - 8_0.01_1 - INFO - Global test local acc: 1.22
2025-11-13 08:12:19 - 8_0.01_1 - INFO - Global test neighbor acc: 1.16
2025-11-13 08:12:19 - 8_0.01_1 - INFO - ------------local test finish-------------
2025-11-13 08:12:19 - 8_0.01_1 - INFO - [Epoch 30/30] 测试耗时: 387.51s
2025-11-13 08:12:19 - 8_0.01_1 - INFO - maximum test local acc: 1.888
2025-11-13 08:12:19 - 8_0.01_1 - INFO - mean of local acc: 1.346
2025-11-13 08:12:19 - 8_0.01_1 - INFO - maximum test neighbor acc: 1.853
2025-11-13 08:12:19 - 8_0.01_1 - INFO - mean of neighbor acc: 1.272
