2025-11-21 08:16:40 | INFO | oxford_pets_sepfpl_1_0.01_10_[116/120] | Loading trainer: DP_FPL
2025-11-21 08:16:40 | INFO | oxford_pets_sepfpl_1_0.01_10_[116/120] | Loading dataset: OxfordPets
2025-11-21 08:16:40 | INFO | oxford_pets_sepfpl_1_0.01_10_[116/120] | Reading split from %s
2025-11-21 08:16:40 | INFO | oxford_pets_sepfpl_1_0.01_10_[116/120] | Creating a baseline federated dataset
2025-11-21 08:16:40 | INFO | oxford_pets_sepfpl_1_0.01_10_[116/120] | class_num %d
2025-11-21 08:16:40 | INFO | oxford_pets_sepfpl_1_0.01_10_[116/120] | user class dict total %s
2025-11-21 08:16:40 | INFO | oxford_pets_sepfpl_1_0.01_10_[116/120] | idx: %s, output_dict_len: %d
2025-11-21 08:16:40 | INFO | oxford_pets_sepfpl_1_0.01_10_[116/120] | user class dict total %s
2025-11-21 08:16:40 | INFO | oxford_pets_sepfpl_1_0.01_10_[116/120] | idx: %s, output_dict_len: %d
2025-11-21 08:16:40 | INFO | oxford_pets_sepfpl_1_0.01_10_[116/120] | user class dict total %s
2025-11-21 08:16:40 | INFO | oxford_pets_sepfpl_1_0.01_10_[116/120] | idx: %s, output_dict_len: %d
2025-11-21 08:16:40 | INFO | oxford_pets_sepfpl_1_0.01_10_[116/120] | user class dict total %s
2025-11-21 08:16:40 | INFO | oxford_pets_sepfpl_1_0.01_10_[116/120] | idx: %s, output_dict_len: %d
2025-11-21 08:16:40 | INFO | oxford_pets_sepfpl_1_0.01_10_[116/120] | user class dict total %s
2025-11-21 08:16:40 | INFO | oxford_pets_sepfpl_1_0.01_10_[116/120] | idx: %s, output_dict_len: %d
2025-11-21 08:16:40 | INFO | oxford_pets_sepfpl_1_0.01_10_[116/120] | user class dict total %s
2025-11-21 08:16:40 | INFO | oxford_pets_sepfpl_1_0.01_10_[116/120] | idx: %s, output_dict_len: %d
2025-11-21 08:16:40 | INFO | oxford_pets_sepfpl_1_0.01_10_[116/120] | user class dict total %s
2025-11-21 08:16:40 | INFO | oxford_pets_sepfpl_1_0.01_10_[116/120] | idx: %s, output_dict_len: %d
2025-11-21 08:16:40 | INFO | oxford_pets_sepfpl_1_0.01_10_[116/120] | user class dict total %s
2025-11-21 08:16:40 | INFO | oxford_pets_sepfpl_1_0.01_10_[116/120] | idx: %s, output_dict_len: %d
2025-11-21 08:16:40 | INFO | oxford_pets_sepfpl_1_0.01_10_[116/120] | user class dict total %s
2025-11-21 08:16:40 | INFO | oxford_pets_sepfpl_1_0.01_10_[116/120] | idx: %s, output_dict_len: %d
2025-11-21 08:16:40 | INFO | oxford_pets_sepfpl_1_0.01_10_[116/120] | user class dict total %s
2025-11-21 08:16:40 | INFO | oxford_pets_sepfpl_1_0.01_10_[116/120] | idx: %s, output_dict_len: %d
2025-11-21 08:16:40 | INFO | oxford_pets_sepfpl_1_0.01_10_[116/120] | Creating a baseline federated dataset
2025-11-21 08:16:40 | INFO | oxford_pets_sepfpl_1_0.01_10_[116/120] | class_num %d
2025-11-21 08:16:40 | INFO | oxford_pets_sepfpl_1_0.01_10_[116/120] | user class dict total %s
2025-11-21 08:16:40 | INFO | oxford_pets_sepfpl_1_0.01_10_[116/120] | idx: %s, output_dict_len: %d
2025-11-21 08:16:40 | INFO | oxford_pets_sepfpl_1_0.01_10_[116/120] | user class dict total %s
2025-11-21 08:16:40 | INFO | oxford_pets_sepfpl_1_0.01_10_[116/120] | idx: %s, output_dict_len: %d
2025-11-21 08:16:40 | INFO | oxford_pets_sepfpl_1_0.01_10_[116/120] | user class dict total %s
2025-11-21 08:16:40 | INFO | oxford_pets_sepfpl_1_0.01_10_[116/120] | idx: %s, output_dict_len: %d
2025-11-21 08:16:40 | INFO | oxford_pets_sepfpl_1_0.01_10_[116/120] | user class dict total %s
2025-11-21 08:16:40 | INFO | oxford_pets_sepfpl_1_0.01_10_[116/120] | idx: %s, output_dict_len: %d
2025-11-21 08:16:40 | INFO | oxford_pets_sepfpl_1_0.01_10_[116/120] | user class dict total %s
2025-11-21 08:16:40 | INFO | oxford_pets_sepfpl_1_0.01_10_[116/120] | idx: %s, output_dict_len: %d
2025-11-21 08:16:40 | INFO | oxford_pets_sepfpl_1_0.01_10_[116/120] | user class dict total %s
2025-11-21 08:16:40 | INFO | oxford_pets_sepfpl_1_0.01_10_[116/120] | idx: %s, output_dict_len: %d
2025-11-21 08:16:40 | INFO | oxford_pets_sepfpl_1_0.01_10_[116/120] | user class dict total %s
2025-11-21 08:16:40 | INFO | oxford_pets_sepfpl_1_0.01_10_[116/120] | idx: %s, output_dict_len: %d
2025-11-21 08:16:40 | INFO | oxford_pets_sepfpl_1_0.01_10_[116/120] | user class dict total %s
2025-11-21 08:16:40 | INFO | oxford_pets_sepfpl_1_0.01_10_[116/120] | idx: %s, output_dict_len: %d
2025-11-21 08:16:40 | INFO | oxford_pets_sepfpl_1_0.01_10_[116/120] | user class dict total %s
2025-11-21 08:16:40 | INFO | oxford_pets_sepfpl_1_0.01_10_[116/120] | idx: %s, output_dict_len: %d
2025-11-21 08:16:40 | INFO | oxford_pets_sepfpl_1_0.01_10_[116/120] | user class dict total %s
2025-11-21 08:16:40 | INFO | oxford_pets_sepfpl_1_0.01_10_[116/120] | idx: %s, output_dict_len: %d
2025-11-21 08:16:40 | INFO | oxford_pets_sepfpl_1_0.01_10_[116/120] | Loading CLIP (backbone: ViT-B/16)
2025-11-21 08:16:41 | INFO | oxford_pets_sepfpl_1_0.01_10_[116/120] | Building custom CLIP
2025-11-21 08:16:41 | INFO | oxford_pets_sepfpl_1_0.01_10_[116/120] | Turning off gradients in both the image and the text encoder
2025-11-21 08:16:42 | INFO | oxford_pets_sepfpl_1_0.01_10_[116/120] | [wandb] 正在初始化实验：project=SepFPL, name=oxford_pets-sepfpl-rank1-noise0.01-seed1-users10-116/120, mode=online
2025-11-21 08:16:47 | INFO | oxford_pets_sepfpl_1_0.01_10_[116/120] | [RDP-sepfpl] 轮次 1: ε=0.000019, std=72.498511
2025-11-21 08:16:53 | INFO | oxford_pets_sepfpl_1_0.01_10_[116/120] | [Epoch 1/30] 训练耗时: 6.86s | 平均训练准确率: 53.59
2025-11-21 08:16:53 | INFO | oxford_pets_sepfpl_1_0.01_10_[116/120] | [RDP-sepfpl] 轮次 2: ε=0.000038, std=50.383500
2025-11-21 08:16:59 | INFO | oxford_pets_sepfpl_1_0.01_10_[116/120] | [Epoch 2/30] 训练耗时: 5.45s | 平均训练准确率: 54.84
2025-11-21 08:16:59 | INFO | oxford_pets_sepfpl_1_0.01_10_[116/120] | [RDP-sepfpl] 轮次 3: ε=0.000059, std=40.723062
2025-11-21 08:17:04 | INFO | oxford_pets_sepfpl_1_0.01_10_[116/120] | [Epoch 3/30] 训练耗时: 5.56s | 平均训练准确率: 54.53
2025-11-21 08:17:04 | INFO | oxford_pets_sepfpl_1_0.01_10_[116/120] | [RDP-sepfpl] 轮次 4: ε=0.000080, std=35.014473
2025-11-21 08:17:10 | INFO | oxford_pets_sepfpl_1_0.01_10_[116/120] | [Epoch 4/30] 训练耗时: 5.04s | 平均训练准确率: 54.06
2025-11-21 08:17:10 | INFO | oxford_pets_sepfpl_1_0.01_10_[116/120] | [RDP-sepfpl] 轮次 5: ε=0.000101, std=31.143673
2025-11-21 08:17:15 | INFO | oxford_pets_sepfpl_1_0.01_10_[116/120] | [Epoch 5/30] 训练耗时: 5.14s | 平均训练准确率: 54.69
2025-11-21 08:17:15 | INFO | oxford_pets_sepfpl_1_0.01_10_[116/120] | [RDP-sepfpl] 轮次 6: ε=0.000122, std=28.300863
2025-11-21 08:17:20 | INFO | oxford_pets_sepfpl_1_0.01_10_[116/120] | [Epoch 6/30] 训练耗时: 5.28s | 平均训练准确率: 55.00
2025-11-21 08:17:20 | INFO | oxford_pets_sepfpl_1_0.01_10_[116/120] | [RDP-sepfpl] 轮次 7: ε=0.000143, std=26.100728
2025-11-21 08:17:25 | INFO | oxford_pets_sepfpl_1_0.01_10_[116/120] | [Epoch 7/30] 训练耗时: 5.31s | 平均训练准确率: 57.19
2025-11-21 08:17:25 | INFO | oxford_pets_sepfpl_1_0.01_10_[116/120] | [RDP-sepfpl] 轮次 8: ε=0.000165, std=24.333627
2025-11-21 08:17:30 | INFO | oxford_pets_sepfpl_1_0.01_10_[116/120] | [Epoch 8/30] 训练耗时: 5.12s | 平均训练准确率: 54.69
2025-11-21 08:17:30 | INFO | oxford_pets_sepfpl_1_0.01_10_[116/120] | [RDP-sepfpl] 轮次 9: ε=0.000187, std=22.874508
2025-11-21 08:17:36 | INFO | oxford_pets_sepfpl_1_0.01_10_[116/120] | [Epoch 9/30] 训练耗时: 5.28s | 平均训练准确率: 53.91
2025-11-21 08:17:36 | INFO | oxford_pets_sepfpl_1_0.01_10_[116/120] | [RDP-sepfpl] 轮次 10: ε=0.000208, std=21.643579
2025-11-21 08:17:41 | INFO | oxford_pets_sepfpl_1_0.01_10_[116/120] | [Epoch 10/30] 训练耗时: 5.33s | 平均训练准确率: 52.19
2025-11-21 08:17:41 | INFO | oxford_pets_sepfpl_1_0.01_10_[116/120] | [RDP-sepfpl] 轮次 11: ε=0.000230, std=20.587230
2025-11-21 08:17:46 | INFO | oxford_pets_sepfpl_1_0.01_10_[116/120] | [Epoch 11/30] 训练耗时: 5.21s | 平均训练准确率: 54.84
2025-11-21 08:17:46 | INFO | oxford_pets_sepfpl_1_0.01_10_[116/120] | [RDP-sepfpl] 轮次 12: ε=0.000252, std=19.667943
2025-11-21 08:17:51 | INFO | oxford_pets_sepfpl_1_0.01_10_[116/120] | [Epoch 12/30] 训练耗时: 5.01s | 平均训练准确率: 54.06
2025-11-21 08:17:51 | INFO | oxford_pets_sepfpl_1_0.01_10_[116/120] | [RDP-sepfpl] 轮次 13: ε=0.000275, std=18.858573
2025-11-21 08:17:56 | INFO | oxford_pets_sepfpl_1_0.01_10_[116/120] | [Epoch 13/30] 训练耗时: 5.21s | 平均训练准确率: 55.00
2025-11-21 08:17:56 | INFO | oxford_pets_sepfpl_1_0.01_10_[116/120] | [RDP-sepfpl] 轮次 14: ε=0.000297, std=18.138938
2025-11-21 08:18:02 | INFO | oxford_pets_sepfpl_1_0.01_10_[116/120] | [Epoch 14/30] 训练耗时: 5.31s | 平均训练准确率: 55.62
2025-11-21 08:18:02 | INFO | oxford_pets_sepfpl_1_0.01_10_[116/120] | [RDP-sepfpl] 轮次 15: ε=0.000319, std=17.493680
2025-11-21 08:18:07 | INFO | oxford_pets_sepfpl_1_0.01_10_[116/120] | [Epoch 15/30] 训练耗时: 5.21s | 平均训练准确率: 55.47
2025-11-21 08:18:07 | INFO | oxford_pets_sepfpl_1_0.01_10_[116/120] | [RDP-sepfpl] 轮次 16: ε=0.000341, std=16.910876
2025-11-21 08:18:12 | INFO | oxford_pets_sepfpl_1_0.01_10_[116/120] | [Epoch 16/30] 训练耗时: 5.26s | 平均训练准确率: 55.62
2025-11-21 08:18:12 | INFO | oxford_pets_sepfpl_1_0.01_10_[116/120] | [RDP-sepfpl] 轮次 17: ε=0.000364, std=16.381113
2025-11-21 08:18:17 | INFO | oxford_pets_sepfpl_1_0.01_10_[116/120] | [Epoch 17/30] 训练耗时: 5.22s | 平均训练准确率: 53.44
2025-11-21 08:18:17 | INFO | oxford_pets_sepfpl_1_0.01_10_[116/120] | [RDP-sepfpl] 轮次 18: ε=0.000386, std=15.896848
2025-11-21 08:18:23 | INFO | oxford_pets_sepfpl_1_0.01_10_[116/120] | [Epoch 18/30] 训练耗时: 5.15s | 平均训练准确率: 56.25
2025-11-21 08:18:23 | INFO | oxford_pets_sepfpl_1_0.01_10_[116/120] | [RDP-sepfpl] 轮次 19: ε=0.000409, std=15.451955
2025-11-21 08:18:28 | INFO | oxford_pets_sepfpl_1_0.01_10_[116/120] | [Epoch 19/30] 训练耗时: 5.10s | 平均训练准确率: 58.75
2025-11-21 08:18:28 | INFO | oxford_pets_sepfpl_1_0.01_10_[116/120] | [RDP-sepfpl] 轮次 20: ε=0.000432, std=15.041403
2025-11-21 08:18:33 | INFO | oxford_pets_sepfpl_1_0.01_10_[116/120] | [Epoch 20/30] 训练耗时: 5.24s | 平均训练准确率: 53.75
2025-11-21 08:18:33 | INFO | oxford_pets_sepfpl_1_0.01_10_[116/120] | [RDP-sepfpl] 轮次 21: ε=0.000454, std=14.661012
2025-11-21 08:18:38 | INFO | oxford_pets_sepfpl_1_0.01_10_[116/120] | [Epoch 21/30] 训练耗时: 5.23s | 平均训练准确率: 54.53
2025-11-21 08:18:38 | INFO | oxford_pets_sepfpl_1_0.01_10_[116/120] | [RDP-sepfpl] 轮次 22: ε=0.000477, std=14.307283
2025-11-21 08:18:43 | INFO | oxford_pets_sepfpl_1_0.01_10_[116/120] | [Epoch 22/30] 训练耗时: 5.26s | 平均训练准确率: 52.50
2025-11-21 08:18:43 | INFO | oxford_pets_sepfpl_1_0.01_10_[116/120] | [RDP-sepfpl] 轮次 23: ε=0.000500, std=13.977258
2025-11-21 08:18:49 | INFO | oxford_pets_sepfpl_1_0.01_10_[116/120] | [Epoch 23/30] 训练耗时: 5.23s | 平均训练准确率: 55.16
2025-11-21 08:18:49 | INFO | oxford_pets_sepfpl_1_0.01_10_[116/120] | [RDP-sepfpl] 轮次 24: ε=0.000523, std=13.668416
2025-11-21 08:18:54 | INFO | oxford_pets_sepfpl_1_0.01_10_[116/120] | [Epoch 24/30] 训练耗时: 5.16s | 平均训练准确率: 53.59
2025-11-21 08:18:54 | INFO | oxford_pets_sepfpl_1_0.01_10_[116/120] | [RDP-sepfpl] 轮次 25: ε=0.000546, std=13.378597
2025-11-21 08:18:59 | INFO | oxford_pets_sepfpl_1_0.01_10_[116/120] | [Epoch 25/30] 训练耗时: 5.02s | 平均训练准确率: 55.47
2025-11-21 08:18:59 | INFO | oxford_pets_sepfpl_1_0.01_10_[116/120] | [RDP-sepfpl] 轮次 26: ε=0.000569, std=13.105937
2025-11-21 08:19:04 | INFO | oxford_pets_sepfpl_1_0.01_10_[116/120] | [Epoch 26/30] 训练耗时: 5.35s | 平均训练准确率: 53.28
2025-11-21 08:19:04 | INFO | oxford_pets_sepfpl_1_0.01_10_[116/120] | [RDP-sepfpl] 轮次 27: ε=0.000592, std=12.848816
2025-11-21 08:19:09 | INFO | oxford_pets_sepfpl_1_0.01_10_[116/120] | [Epoch 27/30] 训练耗时: 5.11s | 平均训练准确率: 52.81
2025-11-21 08:19:09 | INFO | oxford_pets_sepfpl_1_0.01_10_[116/120] | [RDP-sepfpl] 轮次 28: ε=0.000615, std=12.605820
2025-11-21 08:19:14 | INFO | oxford_pets_sepfpl_1_0.01_10_[116/120] | [Epoch 28/30] 训练耗时: 5.06s | 平均训练准确率: 55.31
2025-11-21 08:19:14 | INFO | oxford_pets_sepfpl_1_0.01_10_[116/120] | 
2025-11-21 08:19:14 | INFO | oxford_pets_sepfpl_1_0.01_10_[116/120] | ================================================================================
2025-11-21 08:19:14 | INFO | oxford_pets_sepfpl_1_0.01_10_[116/120] |                     TEST START - Epoch 28/30
2025-11-21 08:19:14 | INFO | oxford_pets_sepfpl_1_0.01_10_[116/120] | ================================================================================
2025-11-21 08:19:14 | INFO | oxford_pets_sepfpl_1_0.01_10_[116/120] | 
2025-11-21 08:24:43 | INFO | oxford_pets_sepfpl_1_0.01_10_[116/120] | 
================= Local Test Results ==================
+----------+----------+------------+----------+
| Client   | Accuracy | Error Rate | Macro F1 |
+----------+----------+------------+----------+
| Client 0 |    65.16 |      34.84 |    69.24 |
| Client 1 |    77.69 |      22.31 |    80.82 |
| Client 2 |    82.52 |      17.48 |    88.89 |
| Client 3 |    62.22 |      37.78 |    62.46 |
| Client 4 |    61.92 |      38.08 |    62.58 |
| Client 5 |    45.86 |      54.14 |    48.41 |
| Client 6 |    52.25 |      47.75 |    53.97 |
| Client 7 |    91.50 |       8.50 |    94.99 |
| Client 8 |    97.50 |       2.50 |    98.73 |
| Client 9 |    85.00 |      15.00 |    91.89 |
| Average  |    72.16 |      27.84 |    75.20 |
+----------+----------+------------+----------+

2025-11-21 08:24:43 | INFO | oxford_pets_sepfpl_1_0.01_10_[116/120] | 
================= Neighbor Test Results ==================
+----------+----------+------------+----------+
| Client   | Accuracy | Error Rate | Macro F1 |
+----------+----------+------------+----------+
| Client 0 |    70.67 |      29.33 |    65.76 |
| Client 1 |    71.07 |      28.93 |    68.48 |
| Client 2 |    75.24 |      24.76 |    72.01 |
| Client 3 |    63.81 |      36.19 |    58.51 |
| Client 4 |    70.00 |      30.00 |    65.15 |
| Client 5 |    69.48 |      30.52 |    63.08 |
| Client 6 |    66.26 |      33.74 |    60.27 |
| Client 7 |    61.85 |      38.15 |    55.19 |
| Client 8 |    59.71 |      40.29 |    53.06 |
| Client 9 |    67.67 |      32.33 |    59.94 |
| Average  |    67.58 |      32.42 |    62.14 |
+----------+----------+------------+----------+

2025-11-21 08:24:43 | INFO | oxford_pets_sepfpl_1_0.01_10_[116/120] | 
2025-11-21 08:24:43 | INFO | oxford_pets_sepfpl_1_0.01_10_[116/120] | ================================================================================
2025-11-21 08:24:43 | INFO | oxford_pets_sepfpl_1_0.01_10_[116/120] |                     TEST FINISH - Epoch 28/30
2025-11-21 08:24:43 | INFO | oxford_pets_sepfpl_1_0.01_10_[116/120] |                     测试耗时: 328.35s
2025-11-21 08:24:43 | INFO | oxford_pets_sepfpl_1_0.01_10_[116/120] | ================================================================================
2025-11-21 08:24:43 | INFO | oxford_pets_sepfpl_1_0.01_10_[116/120] | 
2025-11-21 08:24:43 | INFO | oxford_pets_sepfpl_1_0.01_10_[116/120] | [RDP-sepfpl] 轮次 29: ε=0.000638, std=12.375710
2025-11-21 08:24:48 | INFO | oxford_pets_sepfpl_1_0.01_10_[116/120] | [Epoch 29/30] 训练耗时: 5.20s | 平均训练准确率: 62.97
2025-11-21 08:24:48 | INFO | oxford_pets_sepfpl_1_0.01_10_[116/120] | 
2025-11-21 08:24:48 | INFO | oxford_pets_sepfpl_1_0.01_10_[116/120] | ================================================================================
2025-11-21 08:24:48 | INFO | oxford_pets_sepfpl_1_0.01_10_[116/120] |                     TEST START - Epoch 29/30
2025-11-21 08:24:48 | INFO | oxford_pets_sepfpl_1_0.01_10_[116/120] | ================================================================================
2025-11-21 08:24:48 | INFO | oxford_pets_sepfpl_1_0.01_10_[116/120] | 
2025-11-21 08:30:15 | INFO | oxford_pets_sepfpl_1_0.01_10_[116/120] | 
================= Local Test Results ==================
+----------+----------+------------+----------+
| Client   | Accuracy | Error Rate | Macro F1 |
+----------+----------+------------+----------+
| Client 0 |    67.42 |      32.58 |    72.36 |
| Client 1 |    91.48 |       8.52 |    95.44 |
| Client 2 |    84.06 |      15.94 |    90.41 |
| Client 3 |    65.74 |      34.26 |    71.45 |
| Client 4 |    58.29 |      41.71 |    60.43 |
| Client 5 |    67.92 |      32.08 |    70.96 |
| Client 6 |    67.75 |      32.25 |    69.66 |
| Client 7 |    98.50 |       1.50 |    99.24 |
| Client 8 |    96.75 |       3.25 |    98.35 |
| Client 9 |    97.00 |       3.00 |    98.48 |
| Average  |    79.49 |      20.51 |    82.68 |
+----------+----------+------------+----------+

2025-11-21 08:30:15 | INFO | oxford_pets_sepfpl_1_0.01_10_[116/120] | 
================= Neighbor Test Results ==================
+----------+----------+------------+----------+
| Client   | Accuracy | Error Rate | Macro F1 |
+----------+----------+------------+----------+
| Client 0 |    80.49 |      19.51 |    77.29 |
| Client 1 |    80.73 |      19.27 |    78.68 |
| Client 2 |    82.50 |      17.50 |    80.71 |
| Client 3 |    81.72 |      18.28 |    80.20 |
| Client 4 |    78.04 |      21.96 |    74.68 |
| Client 5 |    77.00 |      23.00 |    73.11 |
| Client 6 |    74.33 |      25.67 |    69.85 |
| Client 7 |    71.12 |      28.88 |    66.30 |
| Client 8 |    68.83 |      31.17 |    62.31 |
| Client 9 |    69.71 |      30.29 |    63.39 |
| Average  |    76.45 |      23.55 |    72.65 |
+----------+----------+------------+----------+

2025-11-21 08:30:15 | INFO | oxford_pets_sepfpl_1_0.01_10_[116/120] | 
2025-11-21 08:30:15 | INFO | oxford_pets_sepfpl_1_0.01_10_[116/120] | ================================================================================
2025-11-21 08:30:15 | INFO | oxford_pets_sepfpl_1_0.01_10_[116/120] |                     TEST FINISH - Epoch 29/30
2025-11-21 08:30:15 | INFO | oxford_pets_sepfpl_1_0.01_10_[116/120] |                     测试耗时: 326.92s
2025-11-21 08:30:15 | INFO | oxford_pets_sepfpl_1_0.01_10_[116/120] | ================================================================================
2025-11-21 08:30:15 | INFO | oxford_pets_sepfpl_1_0.01_10_[116/120] | 
2025-11-21 08:30:15 | INFO | oxford_pets_sepfpl_1_0.01_10_[116/120] | [RDP-sepfpl] 轮次 30: ε=0.000661, std=12.157392
2025-11-21 08:30:20 | INFO | oxford_pets_sepfpl_1_0.01_10_[116/120] | [Epoch 30/30] 训练耗时: 5.18s | 平均训练准确率: 59.06
2025-11-21 08:30:20 | INFO | oxford_pets_sepfpl_1_0.01_10_[116/120] | 
2025-11-21 08:30:20 | INFO | oxford_pets_sepfpl_1_0.01_10_[116/120] | ================================================================================
2025-11-21 08:30:20 | INFO | oxford_pets_sepfpl_1_0.01_10_[116/120] |                     TEST START - Epoch 30/30
2025-11-21 08:30:20 | INFO | oxford_pets_sepfpl_1_0.01_10_[116/120] | ================================================================================
2025-11-21 08:30:20 | INFO | oxford_pets_sepfpl_1_0.01_10_[116/120] | 
2025-11-21 08:35:44 | INFO | oxford_pets_sepfpl_1_0.01_10_[116/120] | 
================= Local Test Results ==================
+----------+----------+------------+----------+
| Client   | Accuracy | Error Rate | Macro F1 |
+----------+----------+------------+----------+
| Client 0 |    66.92 |      33.08 |    70.65 |
| Client 1 |    84.21 |      15.79 |    91.30 |
| Client 2 |    91.00 |       9.00 |    94.88 |
| Client 3 |    67.76 |      32.24 |    78.61 |
| Client 4 |    55.44 |      44.56 |    58.52 |
| Client 5 |    41.10 |      58.90 |    48.21 |
| Client 6 |    51.25 |      48.75 |    47.87 |
| Client 7 |    88.25 |      11.75 |    93.33 |
| Client 8 |    95.50 |       4.50 |    97.66 |
| Client 9 |    94.00 |       6.00 |    96.91 |
| Average  |    73.54 |      26.46 |    77.79 |
+----------+----------+------------+----------+

2025-11-21 08:35:44 | INFO | oxford_pets_sepfpl_1_0.01_10_[116/120] | 
================= Neighbor Test Results ==================
+----------+----------+------------+----------+
| Client   | Accuracy | Error Rate | Macro F1 |
+----------+----------+------------+----------+
| Client 0 |    81.53 |      18.47 |    78.60 |
| Client 1 |    79.27 |      20.73 |    75.94 |
| Client 2 |    77.96 |      22.04 |    74.82 |
| Client 3 |    77.72 |      22.28 |    73.83 |
| Client 4 |    72.62 |      27.38 |    67.84 |
| Client 5 |    70.09 |      29.91 |    64.75 |
| Client 6 |    66.35 |      33.65 |    63.14 |
| Client 7 |    66.99 |      33.01 |    60.82 |
| Client 8 |    62.71 |      37.29 |    57.53 |
| Client 9 |    61.89 |      38.11 |    55.57 |
| Average  |    71.71 |      28.29 |    67.28 |
+----------+----------+------------+----------+

2025-11-21 08:35:44 | INFO | oxford_pets_sepfpl_1_0.01_10_[116/120] | 
2025-11-21 08:35:44 | INFO | oxford_pets_sepfpl_1_0.01_10_[116/120] | ================================================================================
2025-11-21 08:35:44 | INFO | oxford_pets_sepfpl_1_0.01_10_[116/120] |                     TEST FINISH - Epoch 30/30
2025-11-21 08:35:44 | INFO | oxford_pets_sepfpl_1_0.01_10_[116/120] |                     测试耗时: 324.46s
2025-11-21 08:35:44 | INFO | oxford_pets_sepfpl_1_0.01_10_[116/120] | ================================================================================
2025-11-21 08:35:44 | INFO | oxford_pets_sepfpl_1_0.01_10_[116/120] | 
2025-11-21 08:35:44 | INFO | oxford_pets_sepfpl_1_0.01_10_[116/120] | maximum test local acc: 79.491
2025-11-21 08:35:44 | INFO | oxford_pets_sepfpl_1_0.01_10_[116/120] | mean of local acc: 75.066
2025-11-21 08:35:44 | INFO | oxford_pets_sepfpl_1_0.01_10_[116/120] | maximum test neighbor acc: 76.449
2025-11-21 08:35:44 | INFO | oxford_pets_sepfpl_1_0.01_10_[116/120] | mean of neighbor acc: 71.913
