2025-11-21 06:59:45 | INFO | oxford_pets_sepfpl_2_0.1_10_[97/120] | Loading trainer: DP_FPL
2025-11-21 06:59:45 | INFO | oxford_pets_sepfpl_2_0.1_10_[97/120] | Loading dataset: OxfordPets
2025-11-21 06:59:45 | INFO | oxford_pets_sepfpl_2_0.1_10_[97/120] | Reading split from %s
2025-11-21 06:59:45 | INFO | oxford_pets_sepfpl_2_0.1_10_[97/120] | Creating a baseline federated dataset
2025-11-21 06:59:45 | INFO | oxford_pets_sepfpl_2_0.1_10_[97/120] | class_num %d
2025-11-21 06:59:45 | INFO | oxford_pets_sepfpl_2_0.1_10_[97/120] | user class dict total %s
2025-11-21 06:59:45 | INFO | oxford_pets_sepfpl_2_0.1_10_[97/120] | idx: %s, output_dict_len: %d
2025-11-21 06:59:45 | INFO | oxford_pets_sepfpl_2_0.1_10_[97/120] | user class dict total %s
2025-11-21 06:59:45 | INFO | oxford_pets_sepfpl_2_0.1_10_[97/120] | idx: %s, output_dict_len: %d
2025-11-21 06:59:45 | INFO | oxford_pets_sepfpl_2_0.1_10_[97/120] | user class dict total %s
2025-11-21 06:59:45 | INFO | oxford_pets_sepfpl_2_0.1_10_[97/120] | idx: %s, output_dict_len: %d
2025-11-21 06:59:45 | INFO | oxford_pets_sepfpl_2_0.1_10_[97/120] | user class dict total %s
2025-11-21 06:59:45 | INFO | oxford_pets_sepfpl_2_0.1_10_[97/120] | idx: %s, output_dict_len: %d
2025-11-21 06:59:45 | INFO | oxford_pets_sepfpl_2_0.1_10_[97/120] | user class dict total %s
2025-11-21 06:59:45 | INFO | oxford_pets_sepfpl_2_0.1_10_[97/120] | idx: %s, output_dict_len: %d
2025-11-21 06:59:45 | INFO | oxford_pets_sepfpl_2_0.1_10_[97/120] | user class dict total %s
2025-11-21 06:59:45 | INFO | oxford_pets_sepfpl_2_0.1_10_[97/120] | idx: %s, output_dict_len: %d
2025-11-21 06:59:45 | INFO | oxford_pets_sepfpl_2_0.1_10_[97/120] | user class dict total %s
2025-11-21 06:59:45 | INFO | oxford_pets_sepfpl_2_0.1_10_[97/120] | idx: %s, output_dict_len: %d
2025-11-21 06:59:45 | INFO | oxford_pets_sepfpl_2_0.1_10_[97/120] | user class dict total %s
2025-11-21 06:59:45 | INFO | oxford_pets_sepfpl_2_0.1_10_[97/120] | idx: %s, output_dict_len: %d
2025-11-21 06:59:45 | INFO | oxford_pets_sepfpl_2_0.1_10_[97/120] | user class dict total %s
2025-11-21 06:59:45 | INFO | oxford_pets_sepfpl_2_0.1_10_[97/120] | idx: %s, output_dict_len: %d
2025-11-21 06:59:45 | INFO | oxford_pets_sepfpl_2_0.1_10_[97/120] | user class dict total %s
2025-11-21 06:59:45 | INFO | oxford_pets_sepfpl_2_0.1_10_[97/120] | idx: %s, output_dict_len: %d
2025-11-21 06:59:45 | INFO | oxford_pets_sepfpl_2_0.1_10_[97/120] | Creating a baseline federated dataset
2025-11-21 06:59:45 | INFO | oxford_pets_sepfpl_2_0.1_10_[97/120] | class_num %d
2025-11-21 06:59:45 | INFO | oxford_pets_sepfpl_2_0.1_10_[97/120] | user class dict total %s
2025-11-21 06:59:45 | INFO | oxford_pets_sepfpl_2_0.1_10_[97/120] | idx: %s, output_dict_len: %d
2025-11-21 06:59:45 | INFO | oxford_pets_sepfpl_2_0.1_10_[97/120] | user class dict total %s
2025-11-21 06:59:45 | INFO | oxford_pets_sepfpl_2_0.1_10_[97/120] | idx: %s, output_dict_len: %d
2025-11-21 06:59:45 | INFO | oxford_pets_sepfpl_2_0.1_10_[97/120] | user class dict total %s
2025-11-21 06:59:45 | INFO | oxford_pets_sepfpl_2_0.1_10_[97/120] | idx: %s, output_dict_len: %d
2025-11-21 06:59:45 | INFO | oxford_pets_sepfpl_2_0.1_10_[97/120] | user class dict total %s
2025-11-21 06:59:45 | INFO | oxford_pets_sepfpl_2_0.1_10_[97/120] | idx: %s, output_dict_len: %d
2025-11-21 06:59:45 | INFO | oxford_pets_sepfpl_2_0.1_10_[97/120] | user class dict total %s
2025-11-21 06:59:45 | INFO | oxford_pets_sepfpl_2_0.1_10_[97/120] | idx: %s, output_dict_len: %d
2025-11-21 06:59:45 | INFO | oxford_pets_sepfpl_2_0.1_10_[97/120] | user class dict total %s
2025-11-21 06:59:45 | INFO | oxford_pets_sepfpl_2_0.1_10_[97/120] | idx: %s, output_dict_len: %d
2025-11-21 06:59:45 | INFO | oxford_pets_sepfpl_2_0.1_10_[97/120] | user class dict total %s
2025-11-21 06:59:45 | INFO | oxford_pets_sepfpl_2_0.1_10_[97/120] | idx: %s, output_dict_len: %d
2025-11-21 06:59:45 | INFO | oxford_pets_sepfpl_2_0.1_10_[97/120] | user class dict total %s
2025-11-21 06:59:45 | INFO | oxford_pets_sepfpl_2_0.1_10_[97/120] | idx: %s, output_dict_len: %d
2025-11-21 06:59:45 | INFO | oxford_pets_sepfpl_2_0.1_10_[97/120] | user class dict total %s
2025-11-21 06:59:45 | INFO | oxford_pets_sepfpl_2_0.1_10_[97/120] | idx: %s, output_dict_len: %d
2025-11-21 06:59:45 | INFO | oxford_pets_sepfpl_2_0.1_10_[97/120] | user class dict total %s
2025-11-21 06:59:45 | INFO | oxford_pets_sepfpl_2_0.1_10_[97/120] | idx: %s, output_dict_len: %d
2025-11-21 06:59:45 | INFO | oxford_pets_sepfpl_2_0.1_10_[97/120] | Loading CLIP (backbone: ViT-B/16)
2025-11-21 06:59:47 | INFO | oxford_pets_sepfpl_2_0.1_10_[97/120] | Building custom CLIP
2025-11-21 06:59:47 | INFO | oxford_pets_sepfpl_2_0.1_10_[97/120] | Turning off gradients in both the image and the text encoder
2025-11-21 06:59:48 | INFO | oxford_pets_sepfpl_2_0.1_10_[97/120] | [wandb] 正在初始化实验：project=SepFPL, name=oxford_pets-sepfpl-rank2-noise0.1-seed1-users10-97/120, mode=online
2025-11-21 06:59:52 | INFO | oxford_pets_sepfpl_2_0.1_10_[97/120] | [RDP-sepfpl] 轮次 1: ε=0.000186, std=22.926042
2025-11-21 06:59:59 | INFO | oxford_pets_sepfpl_2_0.1_10_[97/120] | [Epoch 1/30] 训练耗时: 6.68s | 平均训练准确率: 53.28
2025-11-21 06:59:59 | INFO | oxford_pets_sepfpl_2_0.1_10_[97/120] | [RDP-sepfpl] 轮次 2: ε=0.000385, std=15.932662
2025-11-21 07:00:04 | INFO | oxford_pets_sepfpl_2_0.1_10_[97/120] | [Epoch 2/30] 训练耗时: 5.15s | 平均训练准确率: 55.94
2025-11-21 07:00:04 | INFO | oxford_pets_sepfpl_2_0.1_10_[97/120] | [RDP-sepfpl] 轮次 3: ε=0.000589, std=12.877763
2025-11-21 07:00:10 | INFO | oxford_pets_sepfpl_2_0.1_10_[97/120] | [Epoch 3/30] 训练耗时: 5.76s | 平均训练准确率: 55.16
2025-11-21 07:00:10 | INFO | oxford_pets_sepfpl_2_0.1_10_[97/120] | [RDP-sepfpl] 轮次 4: ε=0.000797, std=11.072548
2025-11-21 07:00:15 | INFO | oxford_pets_sepfpl_2_0.1_10_[97/120] | [Epoch 4/30] 训练耗时: 5.22s | 平均训练准确率: 56.41
2025-11-21 07:00:15 | INFO | oxford_pets_sepfpl_2_0.1_10_[97/120] | [RDP-sepfpl] 轮次 5: ε=0.001007, std=9.848494
2025-11-21 07:00:21 | INFO | oxford_pets_sepfpl_2_0.1_10_[97/120] | [Epoch 5/30] 训练耗时: 5.23s | 平均训练准确率: 54.06
2025-11-21 07:00:21 | INFO | oxford_pets_sepfpl_2_0.1_10_[97/120] | [RDP-sepfpl] 轮次 6: ε=0.001219, std=8.949519
2025-11-21 07:00:26 | INFO | oxford_pets_sepfpl_2_0.1_10_[97/120] | [Epoch 6/30] 训练耗时: 5.23s | 平均训练准确率: 54.38
2025-11-21 07:00:26 | INFO | oxford_pets_sepfpl_2_0.1_10_[97/120] | [RDP-sepfpl] 轮次 7: ε=0.001433, std=8.253775
2025-11-21 07:00:31 | INFO | oxford_pets_sepfpl_2_0.1_10_[97/120] | [Epoch 7/30] 训练耗时: 5.25s | 平均训练准确率: 55.16
2025-11-21 07:00:31 | INFO | oxford_pets_sepfpl_2_0.1_10_[97/120] | [RDP-sepfpl] 轮次 8: ε=0.001649, std=7.694968
2025-11-21 07:00:36 | INFO | oxford_pets_sepfpl_2_0.1_10_[97/120] | [Epoch 8/30] 训练耗时: 5.21s | 平均训练准确率: 54.53
2025-11-21 07:00:36 | INFO | oxford_pets_sepfpl_2_0.1_10_[97/120] | [RDP-sepfpl] 轮次 9: ε=0.001866, std=7.233555
2025-11-21 07:00:41 | INFO | oxford_pets_sepfpl_2_0.1_10_[97/120] | [Epoch 9/30] 训练耗时: 5.26s | 平均训练准确率: 55.47
2025-11-21 07:00:41 | INFO | oxford_pets_sepfpl_2_0.1_10_[97/120] | [RDP-sepfpl] 轮次 10: ε=0.002085, std=6.844301
2025-11-21 07:00:47 | INFO | oxford_pets_sepfpl_2_0.1_10_[97/120] | [Epoch 10/30] 训练耗时: 5.23s | 平均训练准确率: 56.72
2025-11-21 07:00:47 | INFO | oxford_pets_sepfpl_2_0.1_10_[97/120] | [RDP-sepfpl] 轮次 11: ε=0.002304, std=6.510254
2025-11-21 07:00:52 | INFO | oxford_pets_sepfpl_2_0.1_10_[97/120] | [Epoch 11/30] 训练耗时: 5.26s | 平均训练准确率: 54.53
2025-11-21 07:00:52 | INFO | oxford_pets_sepfpl_2_0.1_10_[97/120] | [RDP-sepfpl] 轮次 12: ε=0.002525, std=6.219550
2025-11-21 07:00:57 | INFO | oxford_pets_sepfpl_2_0.1_10_[97/120] | [Epoch 12/30] 训练耗时: 5.19s | 平均训练准确率: 54.38
2025-11-21 07:00:57 | INFO | oxford_pets_sepfpl_2_0.1_10_[97/120] | [RDP-sepfpl] 轮次 13: ε=0.002746, std=5.963604
2025-11-21 07:01:02 | INFO | oxford_pets_sepfpl_2_0.1_10_[97/120] | [Epoch 13/30] 训练耗时: 5.21s | 平均训练准确率: 55.47
2025-11-21 07:01:02 | INFO | oxford_pets_sepfpl_2_0.1_10_[97/120] | [RDP-sepfpl] 轮次 14: ε=0.002968, std=5.736036
2025-11-21 07:01:08 | INFO | oxford_pets_sepfpl_2_0.1_10_[97/120] | [Epoch 14/30] 训练耗时: 5.21s | 平均训练准确率: 53.75
2025-11-21 07:01:08 | INFO | oxford_pets_sepfpl_2_0.1_10_[97/120] | [RDP-sepfpl] 轮次 15: ε=0.003191, std=5.531987
2025-11-21 07:01:13 | INFO | oxford_pets_sepfpl_2_0.1_10_[97/120] | [Epoch 15/30] 训练耗时: 5.24s | 平均训练准确率: 54.53
2025-11-21 07:01:13 | INFO | oxford_pets_sepfpl_2_0.1_10_[97/120] | [RDP-sepfpl] 轮次 16: ε=0.003415, std=5.347688
2025-11-21 07:01:18 | INFO | oxford_pets_sepfpl_2_0.1_10_[97/120] | [Epoch 16/30] 训练耗时: 5.21s | 平均训练准确率: 54.22
2025-11-21 07:01:18 | INFO | oxford_pets_sepfpl_2_0.1_10_[97/120] | [RDP-sepfpl] 轮次 17: ε=0.003639, std=5.180163
2025-11-21 07:01:23 | INFO | oxford_pets_sepfpl_2_0.1_10_[97/120] | [Epoch 17/30] 训练耗时: 5.11s | 平均训练准确率: 55.00
2025-11-21 07:01:23 | INFO | oxford_pets_sepfpl_2_0.1_10_[97/120] | [RDP-sepfpl] 轮次 18: ε=0.003864, std=5.027025
2025-11-21 07:01:28 | INFO | oxford_pets_sepfpl_2_0.1_10_[97/120] | [Epoch 18/30] 训练耗时: 5.28s | 平均训练准确率: 53.75
2025-11-21 07:01:28 | INFO | oxford_pets_sepfpl_2_0.1_10_[97/120] | [RDP-sepfpl] 轮次 19: ε=0.004090, std=4.886337
2025-11-21 07:01:34 | INFO | oxford_pets_sepfpl_2_0.1_10_[97/120] | [Epoch 19/30] 训练耗时: 5.36s | 平均训练准确率: 54.38
2025-11-21 07:01:34 | INFO | oxford_pets_sepfpl_2_0.1_10_[97/120] | [RDP-sepfpl] 轮次 20: ε=0.004316, std=4.756509
2025-11-21 07:01:39 | INFO | oxford_pets_sepfpl_2_0.1_10_[97/120] | [Epoch 20/30] 训练耗时: 5.24s | 平均训练准确率: 52.34
2025-11-21 07:01:39 | INFO | oxford_pets_sepfpl_2_0.1_10_[97/120] | [RDP-sepfpl] 轮次 21: ε=0.004543, std=4.636219
2025-11-21 07:01:44 | INFO | oxford_pets_sepfpl_2_0.1_10_[97/120] | [Epoch 21/30] 训练耗时: 5.17s | 平均训练准确率: 56.72
2025-11-21 07:01:44 | INFO | oxford_pets_sepfpl_2_0.1_10_[97/120] | [RDP-sepfpl] 轮次 22: ε=0.004771, std=4.524360
2025-11-21 07:01:49 | INFO | oxford_pets_sepfpl_2_0.1_10_[97/120] | [Epoch 22/30] 训练耗时: 5.32s | 平均训练准确率: 54.38
2025-11-21 07:01:49 | INFO | oxford_pets_sepfpl_2_0.1_10_[97/120] | [RDP-sepfpl] 轮次 23: ε=0.004999, std=4.419997
2025-11-21 07:01:55 | INFO | oxford_pets_sepfpl_2_0.1_10_[97/120] | [Epoch 23/30] 训练耗时: 5.23s | 平均训练准确率: 55.62
2025-11-21 07:01:55 | INFO | oxford_pets_sepfpl_2_0.1_10_[97/120] | [RDP-sepfpl] 轮次 24: ε=0.005227, std=4.322333
2025-11-21 07:02:00 | INFO | oxford_pets_sepfpl_2_0.1_10_[97/120] | [Epoch 24/30] 训练耗时: 5.31s | 平均训练准确率: 53.75
2025-11-21 07:02:00 | INFO | oxford_pets_sepfpl_2_0.1_10_[97/120] | [RDP-sepfpl] 轮次 25: ε=0.005456, std=4.230684
2025-11-21 07:02:05 | INFO | oxford_pets_sepfpl_2_0.1_10_[97/120] | [Epoch 25/30] 训练耗时: 5.22s | 平均训练准确率: 54.22
2025-11-21 07:02:05 | INFO | oxford_pets_sepfpl_2_0.1_10_[97/120] | [RDP-sepfpl] 轮次 26: ε=0.005685, std=4.144461
2025-11-21 07:02:11 | INFO | oxford_pets_sepfpl_2_0.1_10_[97/120] | [Epoch 26/30] 训练耗时: 5.28s | 平均训练准确率: 55.16
2025-11-21 07:02:11 | INFO | oxford_pets_sepfpl_2_0.1_10_[97/120] | [RDP-sepfpl] 轮次 27: ε=0.005915, std=4.063152
2025-11-21 07:02:16 | INFO | oxford_pets_sepfpl_2_0.1_10_[97/120] | [Epoch 27/30] 训练耗时: 5.24s | 平均训练准确率: 56.09
2025-11-21 07:02:16 | INFO | oxford_pets_sepfpl_2_0.1_10_[97/120] | [RDP-sepfpl] 轮次 28: ε=0.006146, std=3.986310
2025-11-21 07:02:21 | INFO | oxford_pets_sepfpl_2_0.1_10_[97/120] | [Epoch 28/30] 训练耗时: 5.25s | 平均训练准确率: 52.97
2025-11-21 07:02:21 | INFO | oxford_pets_sepfpl_2_0.1_10_[97/120] | 
2025-11-21 07:02:21 | INFO | oxford_pets_sepfpl_2_0.1_10_[97/120] | ================================================================================
2025-11-21 07:02:21 | INFO | oxford_pets_sepfpl_2_0.1_10_[97/120] |                     TEST START - Epoch 28/30
2025-11-21 07:02:21 | INFO | oxford_pets_sepfpl_2_0.1_10_[97/120] | ================================================================================
2025-11-21 07:02:21 | INFO | oxford_pets_sepfpl_2_0.1_10_[97/120] | 
2025-11-21 07:07:48 | INFO | oxford_pets_sepfpl_2_0.1_10_[97/120] | 
================= Local Test Results ==================
+----------+----------+------------+----------+
| Client   | Accuracy | Error Rate | Macro F1 |
+----------+----------+------------+----------+
| Client 0 |    70.18 |      29.82 |    72.23 |
| Client 1 |    89.72 |      10.28 |    94.03 |
| Client 2 |    91.26 |       8.74 |    95.12 |
| Client 3 |    39.80 |      60.20 |    42.87 |
| Client 4 |    72.54 |      27.46 |    68.51 |
| Client 5 |    70.43 |      29.57 |    79.36 |
| Client 6 |    65.00 |      35.00 |    68.45 |
| Client 7 |    73.75 |      26.25 |    74.36 |
| Client 8 |    97.00 |       3.00 |    98.35 |
| Client 9 |    99.00 |       1.00 |    99.50 |
| Average  |    76.87 |      23.13 |    79.28 |
+----------+----------+------------+----------+

2025-11-21 07:07:48 | INFO | oxford_pets_sepfpl_2_0.1_10_[97/120] | 
================= Neighbor Test Results ==================
+----------+----------+------------+----------+
| Client   | Accuracy | Error Rate | Macro F1 |
+----------+----------+------------+----------+
| Client 0 |    74.77 |      25.23 |    68.99 |
| Client 1 |    76.30 |      23.70 |    72.79 |
| Client 2 |    66.86 |      33.14 |    60.07 |
| Client 3 |    71.52 |      28.48 |    66.58 |
| Client 4 |    72.07 |      27.93 |    67.52 |
| Client 5 |    74.50 |      25.50 |    69.27 |
| Client 6 |    77.03 |      22.97 |    75.23 |
| Client 7 |    77.03 |      22.97 |    73.32 |
| Client 8 |    72.04 |      27.96 |    68.37 |
| Client 9 |    73.02 |      26.98 |    67.86 |
| Average  |    73.51 |      26.49 |    69.00 |
+----------+----------+------------+----------+

2025-11-21 07:07:48 | INFO | oxford_pets_sepfpl_2_0.1_10_[97/120] | 
2025-11-21 07:07:48 | INFO | oxford_pets_sepfpl_2_0.1_10_[97/120] | ================================================================================
2025-11-21 07:07:48 | INFO | oxford_pets_sepfpl_2_0.1_10_[97/120] |                     TEST FINISH - Epoch 28/30
2025-11-21 07:07:48 | INFO | oxford_pets_sepfpl_2_0.1_10_[97/120] |                     测试耗时: 327.03s
2025-11-21 07:07:48 | INFO | oxford_pets_sepfpl_2_0.1_10_[97/120] | ================================================================================
2025-11-21 07:07:48 | INFO | oxford_pets_sepfpl_2_0.1_10_[97/120] | 
2025-11-21 07:07:48 | INFO | oxford_pets_sepfpl_2_0.1_10_[97/120] | [RDP-sepfpl] 轮次 29: ε=0.006376, std=3.913543
2025-11-21 07:07:53 | INFO | oxford_pets_sepfpl_2_0.1_10_[97/120] | [Epoch 29/30] 训练耗时: 5.20s | 平均训练准确率: 71.72
2025-11-21 07:07:53 | INFO | oxford_pets_sepfpl_2_0.1_10_[97/120] | 
2025-11-21 07:07:53 | INFO | oxford_pets_sepfpl_2_0.1_10_[97/120] | ================================================================================
2025-11-21 07:07:53 | INFO | oxford_pets_sepfpl_2_0.1_10_[97/120] |                     TEST START - Epoch 29/30
2025-11-21 07:07:53 | INFO | oxford_pets_sepfpl_2_0.1_10_[97/120] | ================================================================================
2025-11-21 07:07:53 | INFO | oxford_pets_sepfpl_2_0.1_10_[97/120] | 
2025-11-21 07:13:20 | INFO | oxford_pets_sepfpl_2_0.1_10_[97/120] | 
================= Local Test Results ==================
+----------+----------+------------+----------+
| Client   | Accuracy | Error Rate | Macro F1 |
+----------+----------+------------+----------+
| Client 0 |    70.93 |      29.07 |    72.78 |
| Client 1 |    95.24 |       4.76 |    97.54 |
| Client 2 |    84.32 |      15.68 |    90.34 |
| Client 3 |    65.99 |      34.01 |    68.01 |
| Client 4 |    72.80 |      27.20 |    70.03 |
| Client 5 |    89.22 |      10.78 |    93.66 |
| Client 6 |    89.50 |      10.50 |    94.29 |
| Client 7 |    74.25 |      25.75 |    74.62 |
| Client 8 |    96.00 |       4.00 |    97.83 |
| Client 9 |    98.00 |       2.00 |    98.99 |
| Average  |    83.63 |      16.37 |    85.81 |
+----------+----------+------------+----------+

2025-11-21 07:13:20 | INFO | oxford_pets_sepfpl_2_0.1_10_[97/120] | 
================= Neighbor Test Results ==================
+----------+----------+------------+----------+
| Client   | Accuracy | Error Rate | Macro F1 |
+----------+----------+------------+----------+
| Client 0 |    83.61 |      16.39 |    82.08 |
| Client 1 |    80.70 |      19.30 |    79.00 |
| Client 2 |    81.68 |      18.32 |    78.88 |
| Client 3 |    80.87 |      19.13 |    79.05 |
| Client 4 |    82.09 |      17.91 |    79.93 |
| Client 5 |    81.80 |      18.20 |    78.53 |
| Client 6 |    82.66 |      17.34 |    80.85 |
| Client 7 |    84.95 |      15.05 |    82.37 |
| Client 8 |    82.20 |      17.80 |    78.89 |
| Client 9 |    83.50 |      16.50 |    80.15 |
| Average  |    82.40 |      17.60 |    79.97 |
+----------+----------+------------+----------+

2025-11-21 07:13:20 | INFO | oxford_pets_sepfpl_2_0.1_10_[97/120] | 
2025-11-21 07:13:20 | INFO | oxford_pets_sepfpl_2_0.1_10_[97/120] | ================================================================================
2025-11-21 07:13:20 | INFO | oxford_pets_sepfpl_2_0.1_10_[97/120] |                     TEST FINISH - Epoch 29/30
2025-11-21 07:13:20 | INFO | oxford_pets_sepfpl_2_0.1_10_[97/120] |                     测试耗时: 326.69s
2025-11-21 07:13:20 | INFO | oxford_pets_sepfpl_2_0.1_10_[97/120] | ================================================================================
2025-11-21 07:13:20 | INFO | oxford_pets_sepfpl_2_0.1_10_[97/120] | 
2025-11-21 07:13:20 | INFO | oxford_pets_sepfpl_2_0.1_10_[97/120] | [RDP-sepfpl] 轮次 30: ε=0.006607, std=3.844505
2025-11-21 07:13:25 | INFO | oxford_pets_sepfpl_2_0.1_10_[97/120] | [Epoch 30/30] 训练耗时: 5.24s | 平均训练准确率: 73.28
2025-11-21 07:13:25 | INFO | oxford_pets_sepfpl_2_0.1_10_[97/120] | 
2025-11-21 07:13:25 | INFO | oxford_pets_sepfpl_2_0.1_10_[97/120] | ================================================================================
2025-11-21 07:13:25 | INFO | oxford_pets_sepfpl_2_0.1_10_[97/120] |                     TEST START - Epoch 30/30
2025-11-21 07:13:25 | INFO | oxford_pets_sepfpl_2_0.1_10_[97/120] | ================================================================================
2025-11-21 07:13:25 | INFO | oxford_pets_sepfpl_2_0.1_10_[97/120] | 
2025-11-21 07:18:44 | INFO | oxford_pets_sepfpl_2_0.1_10_[97/120] | 
================= Local Test Results ==================
+----------+----------+------------+----------+
| Client   | Accuracy | Error Rate | Macro F1 |
+----------+----------+------------+----------+
| Client 0 |    71.68 |      28.32 |    73.33 |
| Client 1 |    93.73 |       6.27 |    96.75 |
| Client 2 |    89.20 |      10.80 |    93.89 |
| Client 3 |    78.84 |      21.16 |    85.47 |
| Client 4 |    74.35 |      25.65 |    69.62 |
| Client 5 |    93.48 |       6.52 |    96.41 |
| Client 6 |    95.00 |       5.00 |    97.31 |
| Client 7 |    74.25 |      25.75 |    74.62 |
| Client 8 |    93.50 |       6.50 |    96.49 |
| Client 9 |    99.00 |       1.00 |    99.50 |
| Average  |    86.30 |      13.70 |    88.34 |
+----------+----------+------------+----------+

2025-11-21 07:18:44 | INFO | oxford_pets_sepfpl_2_0.1_10_[97/120] | 
================= Neighbor Test Results ==================
+----------+----------+------------+----------+
| Client   | Accuracy | Error Rate | Macro F1 |
+----------+----------+------------+----------+
| Client 0 |    86.67 |      13.33 |    85.42 |
| Client 1 |    83.52 |      16.48 |    81.49 |
| Client 2 |    85.12 |      14.88 |    82.55 |
| Client 3 |    85.79 |      14.21 |    83.48 |
| Client 4 |    86.96 |      13.04 |    85.49 |
| Client 5 |    84.83 |      15.17 |    82.52 |
| Client 6 |    84.49 |      15.51 |    83.61 |
| Client 7 |    86.57 |      13.43 |    84.32 |
| Client 8 |    83.08 |      16.92 |    80.44 |
| Client 9 |    82.46 |      17.54 |    79.52 |
| Average  |    84.95 |      15.05 |    82.88 |
+----------+----------+------------+----------+

2025-11-21 07:18:44 | INFO | oxford_pets_sepfpl_2_0.1_10_[97/120] | 
2025-11-21 07:18:44 | INFO | oxford_pets_sepfpl_2_0.1_10_[97/120] | ================================================================================
2025-11-21 07:18:44 | INFO | oxford_pets_sepfpl_2_0.1_10_[97/120] |                     TEST FINISH - Epoch 30/30
2025-11-21 07:18:44 | INFO | oxford_pets_sepfpl_2_0.1_10_[97/120] |                     测试耗时: 319.17s
2025-11-21 07:18:44 | INFO | oxford_pets_sepfpl_2_0.1_10_[97/120] | ================================================================================
2025-11-21 07:18:44 | INFO | oxford_pets_sepfpl_2_0.1_10_[97/120] | 
2025-11-21 07:18:44 | INFO | oxford_pets_sepfpl_2_0.1_10_[97/120] | maximum test local acc: 86.304
2025-11-21 07:18:44 | INFO | oxford_pets_sepfpl_2_0.1_10_[97/120] | mean of local acc: 82.266
2025-11-21 07:18:44 | INFO | oxford_pets_sepfpl_2_0.1_10_[97/120] | maximum test neighbor acc: 84.949
2025-11-21 07:18:44 | INFO | oxford_pets_sepfpl_2_0.1_10_[97/120] | mean of neighbor acc: 80.289
