2025-11-21 05:20:53 | INFO | oxford_pets_sepfpl_2_0.4_10_[77/120] | Loading trainer: DP_FPL
2025-11-21 05:20:53 | INFO | oxford_pets_sepfpl_2_0.4_10_[77/120] | Loading dataset: OxfordPets
2025-11-21 05:20:53 | INFO | oxford_pets_sepfpl_2_0.4_10_[77/120] | Reading split from %s
2025-11-21 05:20:53 | INFO | oxford_pets_sepfpl_2_0.4_10_[77/120] | Creating a baseline federated dataset
2025-11-21 05:20:53 | INFO | oxford_pets_sepfpl_2_0.4_10_[77/120] | class_num %d
2025-11-21 05:20:53 | INFO | oxford_pets_sepfpl_2_0.4_10_[77/120] | user class dict total %s
2025-11-21 05:20:53 | INFO | oxford_pets_sepfpl_2_0.4_10_[77/120] | idx: %s, output_dict_len: %d
2025-11-21 05:20:53 | INFO | oxford_pets_sepfpl_2_0.4_10_[77/120] | user class dict total %s
2025-11-21 05:20:53 | INFO | oxford_pets_sepfpl_2_0.4_10_[77/120] | idx: %s, output_dict_len: %d
2025-11-21 05:20:53 | INFO | oxford_pets_sepfpl_2_0.4_10_[77/120] | user class dict total %s
2025-11-21 05:20:53 | INFO | oxford_pets_sepfpl_2_0.4_10_[77/120] | idx: %s, output_dict_len: %d
2025-11-21 05:20:53 | INFO | oxford_pets_sepfpl_2_0.4_10_[77/120] | user class dict total %s
2025-11-21 05:20:53 | INFO | oxford_pets_sepfpl_2_0.4_10_[77/120] | idx: %s, output_dict_len: %d
2025-11-21 05:20:53 | INFO | oxford_pets_sepfpl_2_0.4_10_[77/120] | user class dict total %s
2025-11-21 05:20:53 | INFO | oxford_pets_sepfpl_2_0.4_10_[77/120] | idx: %s, output_dict_len: %d
2025-11-21 05:20:53 | INFO | oxford_pets_sepfpl_2_0.4_10_[77/120] | user class dict total %s
2025-11-21 05:20:53 | INFO | oxford_pets_sepfpl_2_0.4_10_[77/120] | idx: %s, output_dict_len: %d
2025-11-21 05:20:53 | INFO | oxford_pets_sepfpl_2_0.4_10_[77/120] | user class dict total %s
2025-11-21 05:20:53 | INFO | oxford_pets_sepfpl_2_0.4_10_[77/120] | idx: %s, output_dict_len: %d
2025-11-21 05:20:53 | INFO | oxford_pets_sepfpl_2_0.4_10_[77/120] | user class dict total %s
2025-11-21 05:20:53 | INFO | oxford_pets_sepfpl_2_0.4_10_[77/120] | idx: %s, output_dict_len: %d
2025-11-21 05:20:53 | INFO | oxford_pets_sepfpl_2_0.4_10_[77/120] | user class dict total %s
2025-11-21 05:20:53 | INFO | oxford_pets_sepfpl_2_0.4_10_[77/120] | idx: %s, output_dict_len: %d
2025-11-21 05:20:53 | INFO | oxford_pets_sepfpl_2_0.4_10_[77/120] | user class dict total %s
2025-11-21 05:20:53 | INFO | oxford_pets_sepfpl_2_0.4_10_[77/120] | idx: %s, output_dict_len: %d
2025-11-21 05:20:53 | INFO | oxford_pets_sepfpl_2_0.4_10_[77/120] | Creating a baseline federated dataset
2025-11-21 05:20:53 | INFO | oxford_pets_sepfpl_2_0.4_10_[77/120] | class_num %d
2025-11-21 05:20:53 | INFO | oxford_pets_sepfpl_2_0.4_10_[77/120] | user class dict total %s
2025-11-21 05:20:53 | INFO | oxford_pets_sepfpl_2_0.4_10_[77/120] | idx: %s, output_dict_len: %d
2025-11-21 05:20:53 | INFO | oxford_pets_sepfpl_2_0.4_10_[77/120] | user class dict total %s
2025-11-21 05:20:53 | INFO | oxford_pets_sepfpl_2_0.4_10_[77/120] | idx: %s, output_dict_len: %d
2025-11-21 05:20:53 | INFO | oxford_pets_sepfpl_2_0.4_10_[77/120] | user class dict total %s
2025-11-21 05:20:53 | INFO | oxford_pets_sepfpl_2_0.4_10_[77/120] | idx: %s, output_dict_len: %d
2025-11-21 05:20:53 | INFO | oxford_pets_sepfpl_2_0.4_10_[77/120] | user class dict total %s
2025-11-21 05:20:53 | INFO | oxford_pets_sepfpl_2_0.4_10_[77/120] | idx: %s, output_dict_len: %d
2025-11-21 05:20:53 | INFO | oxford_pets_sepfpl_2_0.4_10_[77/120] | user class dict total %s
2025-11-21 05:20:53 | INFO | oxford_pets_sepfpl_2_0.4_10_[77/120] | idx: %s, output_dict_len: %d
2025-11-21 05:20:53 | INFO | oxford_pets_sepfpl_2_0.4_10_[77/120] | user class dict total %s
2025-11-21 05:20:53 | INFO | oxford_pets_sepfpl_2_0.4_10_[77/120] | idx: %s, output_dict_len: %d
2025-11-21 05:20:53 | INFO | oxford_pets_sepfpl_2_0.4_10_[77/120] | user class dict total %s
2025-11-21 05:20:53 | INFO | oxford_pets_sepfpl_2_0.4_10_[77/120] | idx: %s, output_dict_len: %d
2025-11-21 05:20:53 | INFO | oxford_pets_sepfpl_2_0.4_10_[77/120] | user class dict total %s
2025-11-21 05:20:53 | INFO | oxford_pets_sepfpl_2_0.4_10_[77/120] | idx: %s, output_dict_len: %d
2025-11-21 05:20:53 | INFO | oxford_pets_sepfpl_2_0.4_10_[77/120] | user class dict total %s
2025-11-21 05:20:53 | INFO | oxford_pets_sepfpl_2_0.4_10_[77/120] | idx: %s, output_dict_len: %d
2025-11-21 05:20:53 | INFO | oxford_pets_sepfpl_2_0.4_10_[77/120] | user class dict total %s
2025-11-21 05:20:53 | INFO | oxford_pets_sepfpl_2_0.4_10_[77/120] | idx: %s, output_dict_len: %d
2025-11-21 05:20:53 | INFO | oxford_pets_sepfpl_2_0.4_10_[77/120] | Loading CLIP (backbone: ViT-B/16)
2025-11-21 05:20:56 | INFO | oxford_pets_sepfpl_2_0.4_10_[77/120] | Building custom CLIP
2025-11-21 05:20:56 | INFO | oxford_pets_sepfpl_2_0.4_10_[77/120] | Turning off gradients in both the image and the text encoder
2025-11-21 05:20:56 | INFO | oxford_pets_sepfpl_2_0.4_10_[77/120] | [wandb] 正在初始化实验：project=SepFPL, name=oxford_pets-sepfpl-rank2-noise0.4-seed1-users10-77/120, mode=online
2025-11-21 05:21:02 | INFO | oxford_pets_sepfpl_2_0.4_10_[77/120] | [RDP-sepfpl] 轮次 1: ε=0.000743, std=11.463021
2025-11-21 05:21:08 | INFO | oxford_pets_sepfpl_2_0.4_10_[77/120] | [Epoch 1/30] 训练耗时: 6.67s | 平均训练准确率: 53.28
2025-11-21 05:21:08 | INFO | oxford_pets_sepfpl_2_0.4_10_[77/120] | [RDP-sepfpl] 轮次 2: ε=0.001539, std=7.966331
2025-11-21 05:21:14 | INFO | oxford_pets_sepfpl_2_0.4_10_[77/120] | [Epoch 2/30] 训练耗时: 5.68s | 平均训练准确率: 55.94
2025-11-21 05:21:14 | INFO | oxford_pets_sepfpl_2_0.4_10_[77/120] | [RDP-sepfpl] 轮次 3: ε=0.002355, std=6.438881
2025-11-21 05:21:19 | INFO | oxford_pets_sepfpl_2_0.4_10_[77/120] | [Epoch 3/30] 训练耗时: 5.42s | 平均训练准确率: 55.16
2025-11-21 05:21:19 | INFO | oxford_pets_sepfpl_2_0.4_10_[77/120] | [RDP-sepfpl] 轮次 4: ε=0.003186, std=5.536274
2025-11-21 05:21:24 | INFO | oxford_pets_sepfpl_2_0.4_10_[77/120] | [Epoch 4/30] 训练耗时: 5.00s | 平均训练准确率: 56.41
2025-11-21 05:21:24 | INFO | oxford_pets_sepfpl_2_0.4_10_[77/120] | [RDP-sepfpl] 轮次 5: ε=0.004027, std=4.924247
2025-11-21 05:21:30 | INFO | oxford_pets_sepfpl_2_0.4_10_[77/120] | [Epoch 5/30] 训练耗时: 5.56s | 平均训练准确率: 54.06
2025-11-21 05:21:30 | INFO | oxford_pets_sepfpl_2_0.4_10_[77/120] | [RDP-sepfpl] 轮次 6: ε=0.004877, std=4.474759
2025-11-21 05:21:35 | INFO | oxford_pets_sepfpl_2_0.4_10_[77/120] | [Epoch 6/30] 训练耗时: 5.28s | 平均训练准确率: 54.38
2025-11-21 05:21:35 | INFO | oxford_pets_sepfpl_2_0.4_10_[77/120] | [RDP-sepfpl] 轮次 7: ε=0.005734, std=4.126887
2025-11-21 05:21:41 | INFO | oxford_pets_sepfpl_2_0.4_10_[77/120] | [Epoch 7/30] 训练耗时: 5.31s | 平均训练准确率: 55.16
2025-11-21 05:21:41 | INFO | oxford_pets_sepfpl_2_0.4_10_[77/120] | [RDP-sepfpl] 轮次 8: ε=0.006597, std=3.847484
2025-11-21 05:21:46 | INFO | oxford_pets_sepfpl_2_0.4_10_[77/120] | [Epoch 8/30] 训练耗时: 5.27s | 平均训练准确率: 54.53
2025-11-21 05:21:46 | INFO | oxford_pets_sepfpl_2_0.4_10_[77/120] | [RDP-sepfpl] 轮次 9: ε=0.007465, std=3.616777
2025-11-21 05:21:51 | INFO | oxford_pets_sepfpl_2_0.4_10_[77/120] | [Epoch 9/30] 训练耗时: 5.18s | 平均训练准确率: 55.47
2025-11-21 05:21:51 | INFO | oxford_pets_sepfpl_2_0.4_10_[77/120] | [RDP-sepfpl] 轮次 10: ε=0.008339, std=3.422150
2025-11-21 05:21:56 | INFO | oxford_pets_sepfpl_2_0.4_10_[77/120] | [Epoch 10/30] 训练耗时: 5.15s | 平均训练准确率: 56.72
2025-11-21 05:21:56 | INFO | oxford_pets_sepfpl_2_0.4_10_[77/120] | [RDP-sepfpl] 轮次 11: ε=0.009216, std=3.255127
2025-11-21 05:22:01 | INFO | oxford_pets_sepfpl_2_0.4_10_[77/120] | [Epoch 11/30] 训练耗时: 5.26s | 平均训练准确率: 54.53
2025-11-21 05:22:01 | INFO | oxford_pets_sepfpl_2_0.4_10_[77/120] | [RDP-sepfpl] 轮次 12: ε=0.010098, std=3.109775
2025-11-21 05:22:07 | INFO | oxford_pets_sepfpl_2_0.4_10_[77/120] | [Epoch 12/30] 训练耗时: 5.31s | 平均训练准确率: 54.38
2025-11-21 05:22:07 | INFO | oxford_pets_sepfpl_2_0.4_10_[77/120] | [RDP-sepfpl] 轮次 13: ε=0.010984, std=2.981802
2025-11-21 05:22:12 | INFO | oxford_pets_sepfpl_2_0.4_10_[77/120] | [Epoch 13/30] 训练耗时: 5.25s | 平均训练准确率: 55.47
2025-11-21 05:22:12 | INFO | oxford_pets_sepfpl_2_0.4_10_[77/120] | [RDP-sepfpl] 轮次 14: ε=0.011872, std=2.868018
2025-11-21 05:22:17 | INFO | oxford_pets_sepfpl_2_0.4_10_[77/120] | [Epoch 14/30] 训练耗时: 5.12s | 平均训练准确率: 53.75
2025-11-21 05:22:17 | INFO | oxford_pets_sepfpl_2_0.4_10_[77/120] | [RDP-sepfpl] 轮次 15: ε=0.012764, std=2.765994
2025-11-21 05:22:22 | INFO | oxford_pets_sepfpl_2_0.4_10_[77/120] | [Epoch 15/30] 训练耗时: 5.24s | 平均训练准确率: 54.53
2025-11-21 05:22:22 | INFO | oxford_pets_sepfpl_2_0.4_10_[77/120] | [RDP-sepfpl] 轮次 16: ε=0.013659, std=2.673844
2025-11-21 05:22:28 | INFO | oxford_pets_sepfpl_2_0.4_10_[77/120] | [Epoch 16/30] 训练耗时: 5.22s | 平均训练准确率: 54.22
2025-11-21 05:22:28 | INFO | oxford_pets_sepfpl_2_0.4_10_[77/120] | [RDP-sepfpl] 轮次 17: ε=0.014557, std=2.590081
2025-11-21 05:22:33 | INFO | oxford_pets_sepfpl_2_0.4_10_[77/120] | [Epoch 17/30] 训练耗时: 5.18s | 平均训练准确率: 55.00
2025-11-21 05:22:33 | INFO | oxford_pets_sepfpl_2_0.4_10_[77/120] | [RDP-sepfpl] 轮次 18: ε=0.015457, std=2.513512
2025-11-21 05:22:38 | INFO | oxford_pets_sepfpl_2_0.4_10_[77/120] | [Epoch 18/30] 训练耗时: 5.23s | 平均训练准确率: 53.75
2025-11-21 05:22:38 | INFO | oxford_pets_sepfpl_2_0.4_10_[77/120] | [RDP-sepfpl] 轮次 19: ε=0.016360, std=2.443169
2025-11-21 05:22:43 | INFO | oxford_pets_sepfpl_2_0.4_10_[77/120] | [Epoch 19/30] 训练耗时: 5.29s | 平均训练准确率: 54.38
2025-11-21 05:22:43 | INFO | oxford_pets_sepfpl_2_0.4_10_[77/120] | [RDP-sepfpl] 轮次 20: ε=0.017266, std=2.378255
2025-11-21 05:22:49 | INFO | oxford_pets_sepfpl_2_0.4_10_[77/120] | [Epoch 20/30] 训练耗时: 5.23s | 平均训练准确率: 52.34
2025-11-21 05:22:49 | INFO | oxford_pets_sepfpl_2_0.4_10_[77/120] | [RDP-sepfpl] 轮次 21: ε=0.018173, std=2.318110
2025-11-21 05:22:54 | INFO | oxford_pets_sepfpl_2_0.4_10_[77/120] | [Epoch 21/30] 训练耗时: 5.27s | 平均训练准确率: 56.72
2025-11-21 05:22:54 | INFO | oxford_pets_sepfpl_2_0.4_10_[77/120] | [RDP-sepfpl] 轮次 22: ε=0.019083, std=2.262180
2025-11-21 05:22:59 | INFO | oxford_pets_sepfpl_2_0.4_10_[77/120] | [Epoch 22/30] 训练耗时: 5.26s | 平均训练准确率: 54.38
2025-11-21 05:22:59 | INFO | oxford_pets_sepfpl_2_0.4_10_[77/120] | [RDP-sepfpl] 轮次 23: ε=0.019995, std=2.209998
2025-11-21 05:23:04 | INFO | oxford_pets_sepfpl_2_0.4_10_[77/120] | [Epoch 23/30] 训练耗时: 5.25s | 平均训练准确率: 55.62
2025-11-21 05:23:04 | INFO | oxford_pets_sepfpl_2_0.4_10_[77/120] | [RDP-sepfpl] 轮次 24: ε=0.020909, std=2.161166
2025-11-21 05:23:10 | INFO | oxford_pets_sepfpl_2_0.4_10_[77/120] | [Epoch 24/30] 训练耗时: 5.31s | 平均训练准确率: 53.75
2025-11-21 05:23:10 | INFO | oxford_pets_sepfpl_2_0.4_10_[77/120] | [RDP-sepfpl] 轮次 25: ε=0.021824, std=2.115342
2025-11-21 05:23:15 | INFO | oxford_pets_sepfpl_2_0.4_10_[77/120] | [Epoch 25/30] 训练耗时: 5.28s | 平均训练准确率: 54.22
2025-11-21 05:23:15 | INFO | oxford_pets_sepfpl_2_0.4_10_[77/120] | [RDP-sepfpl] 轮次 26: ε=0.022742, std=2.072231
2025-11-21 05:23:20 | INFO | oxford_pets_sepfpl_2_0.4_10_[77/120] | [Epoch 26/30] 训练耗时: 5.15s | 平均训练准确率: 55.16
2025-11-21 05:23:20 | INFO | oxford_pets_sepfpl_2_0.4_10_[77/120] | [RDP-sepfpl] 轮次 27: ε=0.023661, std=2.031576
2025-11-21 05:23:25 | INFO | oxford_pets_sepfpl_2_0.4_10_[77/120] | [Epoch 27/30] 训练耗时: 5.40s | 平均训练准确率: 56.09
2025-11-21 05:23:25 | INFO | oxford_pets_sepfpl_2_0.4_10_[77/120] | [RDP-sepfpl] 轮次 28: ε=0.024582, std=1.993155
2025-11-21 05:23:31 | INFO | oxford_pets_sepfpl_2_0.4_10_[77/120] | [Epoch 28/30] 训练耗时: 5.22s | 平均训练准确率: 52.97
2025-11-21 05:23:31 | INFO | oxford_pets_sepfpl_2_0.4_10_[77/120] | 
2025-11-21 05:23:31 | INFO | oxford_pets_sepfpl_2_0.4_10_[77/120] | ================================================================================
2025-11-21 05:23:31 | INFO | oxford_pets_sepfpl_2_0.4_10_[77/120] |                     TEST START - Epoch 28/30
2025-11-21 05:23:31 | INFO | oxford_pets_sepfpl_2_0.4_10_[77/120] | ================================================================================
2025-11-21 05:23:31 | INFO | oxford_pets_sepfpl_2_0.4_10_[77/120] | 
2025-11-21 05:28:53 | INFO | oxford_pets_sepfpl_2_0.4_10_[77/120] | 
================= Local Test Results ==================
+----------+----------+------------+----------+
| Client   | Accuracy | Error Rate | Macro F1 |
+----------+----------+------------+----------+
| Client 0 |    57.14 |      42.86 |    64.26 |
| Client 1 |    67.17 |      32.83 |    70.94 |
| Client 2 |    89.46 |      10.54 |    94.07 |
| Client 3 |    45.84 |      54.16 |    51.25 |
| Client 4 |    72.54 |      27.46 |    67.22 |
| Client 5 |    73.18 |      26.82 |    79.84 |
| Client 6 |    72.00 |      28.00 |    74.27 |
| Client 7 |    73.50 |      26.50 |    74.23 |
| Client 8 |    96.75 |       3.25 |    98.35 |
| Client 9 |   100.00 |       0.00 |   100.00 |
| Average  |    74.76 |      25.24 |    77.44 |
+----------+----------+------------+----------+

2025-11-21 05:28:53 | INFO | oxford_pets_sepfpl_2_0.4_10_[77/120] | 
================= Neighbor Test Results ==================
+----------+----------+------------+----------+
| Client   | Accuracy | Error Rate | Macro F1 |
+----------+----------+------------+----------+
| Client 0 |    60.76 |      39.24 |    53.23 |
| Client 1 |    67.68 |      32.32 |    63.34 |
| Client 2 |    71.37 |      28.63 |    65.78 |
| Client 3 |    78.33 |      21.67 |    73.90 |
| Client 4 |    76.48 |      23.52 |    73.11 |
| Client 5 |    78.50 |      21.50 |    74.25 |
| Client 6 |    79.47 |      20.53 |    78.33 |
| Client 7 |    79.57 |      20.43 |    76.12 |
| Client 8 |    76.14 |      23.86 |    72.51 |
| Client 9 |    78.59 |      21.41 |    74.66 |
| Average  |    74.69 |      25.31 |    70.52 |
+----------+----------+------------+----------+

2025-11-21 05:28:53 | INFO | oxford_pets_sepfpl_2_0.4_10_[77/120] | 
2025-11-21 05:28:53 | INFO | oxford_pets_sepfpl_2_0.4_10_[77/120] | ================================================================================
2025-11-21 05:28:53 | INFO | oxford_pets_sepfpl_2_0.4_10_[77/120] |                     TEST FINISH - Epoch 28/30
2025-11-21 05:28:53 | INFO | oxford_pets_sepfpl_2_0.4_10_[77/120] |                     测试耗时: 322.34s
2025-11-21 05:28:53 | INFO | oxford_pets_sepfpl_2_0.4_10_[77/120] | ================================================================================
2025-11-21 05:28:53 | INFO | oxford_pets_sepfpl_2_0.4_10_[77/120] | 
2025-11-21 05:28:53 | INFO | oxford_pets_sepfpl_2_0.4_10_[77/120] | [RDP-sepfpl] 轮次 29: ε=0.025505, std=1.956772
2025-11-21 05:28:58 | INFO | oxford_pets_sepfpl_2_0.4_10_[77/120] | [Epoch 29/30] 训练耗时: 5.27s | 平均训练准确率: 67.03
2025-11-21 05:28:58 | INFO | oxford_pets_sepfpl_2_0.4_10_[77/120] | 
2025-11-21 05:28:58 | INFO | oxford_pets_sepfpl_2_0.4_10_[77/120] | ================================================================================
2025-11-21 05:28:58 | INFO | oxford_pets_sepfpl_2_0.4_10_[77/120] |                     TEST START - Epoch 29/30
2025-11-21 05:28:58 | INFO | oxford_pets_sepfpl_2_0.4_10_[77/120] | ================================================================================
2025-11-21 05:28:58 | INFO | oxford_pets_sepfpl_2_0.4_10_[77/120] | 
2025-11-21 05:34:23 | INFO | oxford_pets_sepfpl_2_0.4_10_[77/120] | 
================= Local Test Results ==================
+----------+----------+------------+----------+
| Client   | Accuracy | Error Rate | Macro F1 |
+----------+----------+------------+----------+
| Client 0 |    73.18 |      26.82 |    74.35 |
| Client 1 |    95.99 |       4.01 |    97.93 |
| Client 2 |    88.43 |      11.57 |    93.12 |
| Client 3 |    69.02 |      30.98 |    72.90 |
| Client 4 |    74.09 |      25.91 |    68.23 |
| Client 5 |    86.72 |      13.28 |    92.19 |
| Client 6 |    90.75 |       9.25 |    94.99 |
| Client 7 |    73.50 |      26.50 |    74.24 |
| Client 8 |    96.00 |       4.00 |    97.95 |
| Client 9 |   100.00 |       0.00 |   100.00 |
| Average  |    84.77 |      15.23 |    86.59 |
+----------+----------+------------+----------+

2025-11-21 05:34:23 | INFO | oxford_pets_sepfpl_2_0.4_10_[77/120] | 
================= Neighbor Test Results ==================
+----------+----------+------------+----------+
| Client   | Accuracy | Error Rate | Macro F1 |
+----------+----------+------------+----------+
| Client 0 |    83.43 |      16.57 |    81.49 |
| Client 1 |    80.76 |      19.24 |    78.39 |
| Client 2 |    81.95 |      18.05 |    78.94 |
| Client 3 |    84.90 |      15.10 |    83.31 |
| Client 4 |    84.59 |      15.41 |    83.15 |
| Client 5 |    83.46 |      16.54 |    80.75 |
| Client 6 |    83.21 |      16.79 |    82.10 |
| Client 7 |    85.53 |      14.47 |    83.47 |
| Client 8 |    81.00 |      19.00 |    78.72 |
| Client 9 |    81.79 |      18.21 |    79.09 |
| Average  |    83.06 |      16.94 |    80.94 |
+----------+----------+------------+----------+

2025-11-21 05:34:23 | INFO | oxford_pets_sepfpl_2_0.4_10_[77/120] | 
2025-11-21 05:34:23 | INFO | oxford_pets_sepfpl_2_0.4_10_[77/120] | ================================================================================
2025-11-21 05:34:23 | INFO | oxford_pets_sepfpl_2_0.4_10_[77/120] |                     TEST FINISH - Epoch 29/30
2025-11-21 05:34:23 | INFO | oxford_pets_sepfpl_2_0.4_10_[77/120] |                     测试耗时: 324.88s
2025-11-21 05:34:23 | INFO | oxford_pets_sepfpl_2_0.4_10_[77/120] | ================================================================================
2025-11-21 05:34:23 | INFO | oxford_pets_sepfpl_2_0.4_10_[77/120] | 
2025-11-21 05:34:23 | INFO | oxford_pets_sepfpl_2_0.4_10_[77/120] | [RDP-sepfpl] 轮次 30: ε=0.026429, std=1.922252
2025-11-21 05:34:28 | INFO | oxford_pets_sepfpl_2_0.4_10_[77/120] | [Epoch 30/30] 训练耗时: 5.22s | 平均训练准确率: 77.19
2025-11-21 05:34:28 | INFO | oxford_pets_sepfpl_2_0.4_10_[77/120] | 
2025-11-21 05:34:28 | INFO | oxford_pets_sepfpl_2_0.4_10_[77/120] | ================================================================================
2025-11-21 05:34:28 | INFO | oxford_pets_sepfpl_2_0.4_10_[77/120] |                     TEST START - Epoch 30/30
2025-11-21 05:34:28 | INFO | oxford_pets_sepfpl_2_0.4_10_[77/120] | ================================================================================
2025-11-21 05:34:28 | INFO | oxford_pets_sepfpl_2_0.4_10_[77/120] | 
2025-11-21 05:39:50 | INFO | oxford_pets_sepfpl_2_0.4_10_[77/120] | 
================= Local Test Results ==================
+----------+----------+------------+----------+
| Client   | Accuracy | Error Rate | Macro F1 |
+----------+----------+------------+----------+
| Client 0 |    72.18 |      27.82 |    73.59 |
| Client 1 |    92.23 |       7.77 |    95.91 |
| Client 2 |    92.03 |       7.97 |    95.32 |
| Client 3 |    44.58 |      55.42 |    48.26 |
| Client 4 |    71.50 |      28.50 |    70.60 |
| Client 5 |    63.41 |      36.59 |    68.09 |
| Client 6 |    57.25 |      42.75 |    57.66 |
| Client 7 |    67.50 |      32.50 |    70.68 |
| Client 8 |    96.75 |       3.25 |    98.33 |
| Client 9 |    96.00 |       4.00 |    97.96 |
| Average  |    75.34 |      24.66 |    77.64 |
+----------+----------+------------+----------+

2025-11-21 05:39:50 | INFO | oxford_pets_sepfpl_2_0.4_10_[77/120] | 
================= Neighbor Test Results ==================
+----------+----------+------------+----------+
| Client   | Accuracy | Error Rate | Macro F1 |
+----------+----------+------------+----------+
| Client 0 |    85.38 |      14.62 |    83.55 |
| Client 1 |    80.31 |      19.69 |    78.09 |
| Client 2 |    75.00 |      25.00 |    70.71 |
| Client 3 |    76.34 |      23.66 |    72.32 |
| Client 4 |    71.58 |      28.42 |    67.19 |
| Client 5 |    71.80 |      28.20 |    66.41 |
| Client 6 |    70.48 |      29.52 |    68.81 |
| Client 7 |    68.06 |      31.94 |    63.36 |
| Client 8 |    63.14 |      36.86 |    59.39 |
| Client 9 |    65.28 |      34.72 |    60.40 |
| Average  |    72.74 |      27.26 |    69.02 |
+----------+----------+------------+----------+

2025-11-21 05:39:50 | INFO | oxford_pets_sepfpl_2_0.4_10_[77/120] | 
2025-11-21 05:39:50 | INFO | oxford_pets_sepfpl_2_0.4_10_[77/120] | ================================================================================
2025-11-21 05:39:50 | INFO | oxford_pets_sepfpl_2_0.4_10_[77/120] |                     TEST FINISH - Epoch 30/30
2025-11-21 05:39:50 | INFO | oxford_pets_sepfpl_2_0.4_10_[77/120] |                     测试耗时: 321.11s
2025-11-21 05:39:50 | INFO | oxford_pets_sepfpl_2_0.4_10_[77/120] | ================================================================================
2025-11-21 05:39:50 | INFO | oxford_pets_sepfpl_2_0.4_10_[77/120] | 
2025-11-21 05:39:50 | INFO | oxford_pets_sepfpl_2_0.4_10_[77/120] | maximum test local acc: 84.768
2025-11-21 05:39:50 | INFO | oxford_pets_sepfpl_2_0.4_10_[77/120] | mean of local acc: 78.290
2025-11-21 05:39:50 | INFO | oxford_pets_sepfpl_2_0.4_10_[77/120] | maximum test neighbor acc: 83.061
2025-11-21 05:39:50 | INFO | oxford_pets_sepfpl_2_0.4_10_[77/120] | mean of neighbor acc: 76.830
