2025-11-21 08:38:09 | INFO | oxford_pets_sepfpl_2_0.01_10_[117/120] | Loading trainer: DP_FPL
2025-11-21 08:38:09 | INFO | oxford_pets_sepfpl_2_0.01_10_[117/120] | Loading dataset: OxfordPets
2025-11-21 08:38:09 | INFO | oxford_pets_sepfpl_2_0.01_10_[117/120] | Reading split from %s
2025-11-21 08:38:09 | INFO | oxford_pets_sepfpl_2_0.01_10_[117/120] | Creating a baseline federated dataset
2025-11-21 08:38:09 | INFO | oxford_pets_sepfpl_2_0.01_10_[117/120] | class_num %d
2025-11-21 08:38:09 | INFO | oxford_pets_sepfpl_2_0.01_10_[117/120] | user class dict total %s
2025-11-21 08:38:09 | INFO | oxford_pets_sepfpl_2_0.01_10_[117/120] | idx: %s, output_dict_len: %d
2025-11-21 08:38:09 | INFO | oxford_pets_sepfpl_2_0.01_10_[117/120] | user class dict total %s
2025-11-21 08:38:09 | INFO | oxford_pets_sepfpl_2_0.01_10_[117/120] | idx: %s, output_dict_len: %d
2025-11-21 08:38:09 | INFO | oxford_pets_sepfpl_2_0.01_10_[117/120] | user class dict total %s
2025-11-21 08:38:09 | INFO | oxford_pets_sepfpl_2_0.01_10_[117/120] | idx: %s, output_dict_len: %d
2025-11-21 08:38:09 | INFO | oxford_pets_sepfpl_2_0.01_10_[117/120] | user class dict total %s
2025-11-21 08:38:09 | INFO | oxford_pets_sepfpl_2_0.01_10_[117/120] | idx: %s, output_dict_len: %d
2025-11-21 08:38:09 | INFO | oxford_pets_sepfpl_2_0.01_10_[117/120] | user class dict total %s
2025-11-21 08:38:09 | INFO | oxford_pets_sepfpl_2_0.01_10_[117/120] | idx: %s, output_dict_len: %d
2025-11-21 08:38:09 | INFO | oxford_pets_sepfpl_2_0.01_10_[117/120] | user class dict total %s
2025-11-21 08:38:09 | INFO | oxford_pets_sepfpl_2_0.01_10_[117/120] | idx: %s, output_dict_len: %d
2025-11-21 08:38:09 | INFO | oxford_pets_sepfpl_2_0.01_10_[117/120] | user class dict total %s
2025-11-21 08:38:09 | INFO | oxford_pets_sepfpl_2_0.01_10_[117/120] | idx: %s, output_dict_len: %d
2025-11-21 08:38:09 | INFO | oxford_pets_sepfpl_2_0.01_10_[117/120] | user class dict total %s
2025-11-21 08:38:09 | INFO | oxford_pets_sepfpl_2_0.01_10_[117/120] | idx: %s, output_dict_len: %d
2025-11-21 08:38:09 | INFO | oxford_pets_sepfpl_2_0.01_10_[117/120] | user class dict total %s
2025-11-21 08:38:09 | INFO | oxford_pets_sepfpl_2_0.01_10_[117/120] | idx: %s, output_dict_len: %d
2025-11-21 08:38:09 | INFO | oxford_pets_sepfpl_2_0.01_10_[117/120] | user class dict total %s
2025-11-21 08:38:09 | INFO | oxford_pets_sepfpl_2_0.01_10_[117/120] | idx: %s, output_dict_len: %d
2025-11-21 08:38:09 | INFO | oxford_pets_sepfpl_2_0.01_10_[117/120] | Creating a baseline federated dataset
2025-11-21 08:38:09 | INFO | oxford_pets_sepfpl_2_0.01_10_[117/120] | class_num %d
2025-11-21 08:38:09 | INFO | oxford_pets_sepfpl_2_0.01_10_[117/120] | user class dict total %s
2025-11-21 08:38:09 | INFO | oxford_pets_sepfpl_2_0.01_10_[117/120] | idx: %s, output_dict_len: %d
2025-11-21 08:38:09 | INFO | oxford_pets_sepfpl_2_0.01_10_[117/120] | user class dict total %s
2025-11-21 08:38:09 | INFO | oxford_pets_sepfpl_2_0.01_10_[117/120] | idx: %s, output_dict_len: %d
2025-11-21 08:38:09 | INFO | oxford_pets_sepfpl_2_0.01_10_[117/120] | user class dict total %s
2025-11-21 08:38:09 | INFO | oxford_pets_sepfpl_2_0.01_10_[117/120] | idx: %s, output_dict_len: %d
2025-11-21 08:38:09 | INFO | oxford_pets_sepfpl_2_0.01_10_[117/120] | user class dict total %s
2025-11-21 08:38:09 | INFO | oxford_pets_sepfpl_2_0.01_10_[117/120] | idx: %s, output_dict_len: %d
2025-11-21 08:38:09 | INFO | oxford_pets_sepfpl_2_0.01_10_[117/120] | user class dict total %s
2025-11-21 08:38:09 | INFO | oxford_pets_sepfpl_2_0.01_10_[117/120] | idx: %s, output_dict_len: %d
2025-11-21 08:38:09 | INFO | oxford_pets_sepfpl_2_0.01_10_[117/120] | user class dict total %s
2025-11-21 08:38:09 | INFO | oxford_pets_sepfpl_2_0.01_10_[117/120] | idx: %s, output_dict_len: %d
2025-11-21 08:38:09 | INFO | oxford_pets_sepfpl_2_0.01_10_[117/120] | user class dict total %s
2025-11-21 08:38:09 | INFO | oxford_pets_sepfpl_2_0.01_10_[117/120] | idx: %s, output_dict_len: %d
2025-11-21 08:38:09 | INFO | oxford_pets_sepfpl_2_0.01_10_[117/120] | user class dict total %s
2025-11-21 08:38:09 | INFO | oxford_pets_sepfpl_2_0.01_10_[117/120] | idx: %s, output_dict_len: %d
2025-11-21 08:38:09 | INFO | oxford_pets_sepfpl_2_0.01_10_[117/120] | user class dict total %s
2025-11-21 08:38:09 | INFO | oxford_pets_sepfpl_2_0.01_10_[117/120] | idx: %s, output_dict_len: %d
2025-11-21 08:38:09 | INFO | oxford_pets_sepfpl_2_0.01_10_[117/120] | user class dict total %s
2025-11-21 08:38:09 | INFO | oxford_pets_sepfpl_2_0.01_10_[117/120] | idx: %s, output_dict_len: %d
2025-11-21 08:38:09 | INFO | oxford_pets_sepfpl_2_0.01_10_[117/120] | Loading CLIP (backbone: ViT-B/16)
2025-11-21 08:38:11 | INFO | oxford_pets_sepfpl_2_0.01_10_[117/120] | Building custom CLIP
2025-11-21 08:38:11 | INFO | oxford_pets_sepfpl_2_0.01_10_[117/120] | Turning off gradients in both the image and the text encoder
2025-11-21 08:38:11 | INFO | oxford_pets_sepfpl_2_0.01_10_[117/120] | [wandb] 正在初始化实验：project=SepFPL, name=oxford_pets-sepfpl-rank2-noise0.01-seed1-users10-117/120, mode=online
2025-11-21 08:38:17 | INFO | oxford_pets_sepfpl_2_0.01_10_[117/120] | [RDP-sepfpl] 轮次 1: ε=0.000019, std=72.498511
2025-11-21 08:38:23 | INFO | oxford_pets_sepfpl_2_0.01_10_[117/120] | [Epoch 1/30] 训练耗时: 6.37s | 平均训练准确率: 53.28
2025-11-21 08:38:23 | INFO | oxford_pets_sepfpl_2_0.01_10_[117/120] | [RDP-sepfpl] 轮次 2: ε=0.000038, std=50.383500
2025-11-21 08:38:29 | INFO | oxford_pets_sepfpl_2_0.01_10_[117/120] | [Epoch 2/30] 训练耗时: 5.64s | 平均训练准确率: 55.94
2025-11-21 08:38:29 | INFO | oxford_pets_sepfpl_2_0.01_10_[117/120] | [RDP-sepfpl] 轮次 3: ε=0.000059, std=40.723062
2025-11-21 08:38:34 | INFO | oxford_pets_sepfpl_2_0.01_10_[117/120] | [Epoch 3/30] 训练耗时: 5.37s | 平均训练准确率: 55.16
2025-11-21 08:38:34 | INFO | oxford_pets_sepfpl_2_0.01_10_[117/120] | [RDP-sepfpl] 轮次 4: ε=0.000080, std=35.014473
2025-11-21 08:38:39 | INFO | oxford_pets_sepfpl_2_0.01_10_[117/120] | [Epoch 4/30] 训练耗时: 5.19s | 平均训练准确率: 56.41
2025-11-21 08:38:39 | INFO | oxford_pets_sepfpl_2_0.01_10_[117/120] | [RDP-sepfpl] 轮次 5: ε=0.000101, std=31.143673
2025-11-21 08:38:44 | INFO | oxford_pets_sepfpl_2_0.01_10_[117/120] | [Epoch 5/30] 训练耗时: 5.19s | 平均训练准确率: 54.06
2025-11-21 08:38:44 | INFO | oxford_pets_sepfpl_2_0.01_10_[117/120] | [RDP-sepfpl] 轮次 6: ε=0.000122, std=28.300863
2025-11-21 08:38:50 | INFO | oxford_pets_sepfpl_2_0.01_10_[117/120] | [Epoch 6/30] 训练耗时: 5.30s | 平均训练准确率: 54.38
2025-11-21 08:38:50 | INFO | oxford_pets_sepfpl_2_0.01_10_[117/120] | [RDP-sepfpl] 轮次 7: ε=0.000143, std=26.100728
2025-11-21 08:38:55 | INFO | oxford_pets_sepfpl_2_0.01_10_[117/120] | [Epoch 7/30] 训练耗时: 5.33s | 平均训练准确率: 55.16
2025-11-21 08:38:55 | INFO | oxford_pets_sepfpl_2_0.01_10_[117/120] | [RDP-sepfpl] 轮次 8: ε=0.000165, std=24.333627
2025-11-21 08:39:00 | INFO | oxford_pets_sepfpl_2_0.01_10_[117/120] | [Epoch 8/30] 训练耗时: 5.29s | 平均训练准确率: 54.53
2025-11-21 08:39:00 | INFO | oxford_pets_sepfpl_2_0.01_10_[117/120] | [RDP-sepfpl] 轮次 9: ε=0.000187, std=22.874508
2025-11-21 08:39:06 | INFO | oxford_pets_sepfpl_2_0.01_10_[117/120] | [Epoch 9/30] 训练耗时: 5.20s | 平均训练准确率: 55.47
2025-11-21 08:39:06 | INFO | oxford_pets_sepfpl_2_0.01_10_[117/120] | [RDP-sepfpl] 轮次 10: ε=0.000208, std=21.643579
2025-11-21 08:39:11 | INFO | oxford_pets_sepfpl_2_0.01_10_[117/120] | [Epoch 10/30] 训练耗时: 5.26s | 平均训练准确率: 56.72
2025-11-21 08:39:11 | INFO | oxford_pets_sepfpl_2_0.01_10_[117/120] | [RDP-sepfpl] 轮次 11: ε=0.000230, std=20.587230
2025-11-21 08:39:16 | INFO | oxford_pets_sepfpl_2_0.01_10_[117/120] | [Epoch 11/30] 训练耗时: 5.38s | 平均训练准确率: 54.53
2025-11-21 08:39:16 | INFO | oxford_pets_sepfpl_2_0.01_10_[117/120] | [RDP-sepfpl] 轮次 12: ε=0.000252, std=19.667943
2025-11-21 08:39:22 | INFO | oxford_pets_sepfpl_2_0.01_10_[117/120] | [Epoch 12/30] 训练耗时: 5.43s | 平均训练准确率: 54.38
2025-11-21 08:39:22 | INFO | oxford_pets_sepfpl_2_0.01_10_[117/120] | [RDP-sepfpl] 轮次 13: ε=0.000275, std=18.858573
2025-11-21 08:39:27 | INFO | oxford_pets_sepfpl_2_0.01_10_[117/120] | [Epoch 13/30] 训练耗时: 5.38s | 平均训练准确率: 55.47
2025-11-21 08:39:27 | INFO | oxford_pets_sepfpl_2_0.01_10_[117/120] | [RDP-sepfpl] 轮次 14: ε=0.000297, std=18.138938
2025-11-21 08:39:32 | INFO | oxford_pets_sepfpl_2_0.01_10_[117/120] | [Epoch 14/30] 训练耗时: 5.19s | 平均训练准确率: 53.75
2025-11-21 08:39:32 | INFO | oxford_pets_sepfpl_2_0.01_10_[117/120] | [RDP-sepfpl] 轮次 15: ε=0.000319, std=17.493680
2025-11-21 08:39:38 | INFO | oxford_pets_sepfpl_2_0.01_10_[117/120] | [Epoch 15/30] 训练耗时: 5.33s | 平均训练准确率: 54.53
2025-11-21 08:39:38 | INFO | oxford_pets_sepfpl_2_0.01_10_[117/120] | [RDP-sepfpl] 轮次 16: ε=0.000341, std=16.910876
2025-11-21 08:39:43 | INFO | oxford_pets_sepfpl_2_0.01_10_[117/120] | [Epoch 16/30] 训练耗时: 5.20s | 平均训练准确率: 54.22
2025-11-21 08:39:43 | INFO | oxford_pets_sepfpl_2_0.01_10_[117/120] | [RDP-sepfpl] 轮次 17: ε=0.000364, std=16.381113
2025-11-21 08:39:48 | INFO | oxford_pets_sepfpl_2_0.01_10_[117/120] | [Epoch 17/30] 训练耗时: 5.30s | 平均训练准确率: 55.00
2025-11-21 08:39:48 | INFO | oxford_pets_sepfpl_2_0.01_10_[117/120] | [RDP-sepfpl] 轮次 18: ε=0.000386, std=15.896848
2025-11-21 08:39:53 | INFO | oxford_pets_sepfpl_2_0.01_10_[117/120] | [Epoch 18/30] 训练耗时: 5.43s | 平均训练准确率: 53.75
2025-11-21 08:39:53 | INFO | oxford_pets_sepfpl_2_0.01_10_[117/120] | [RDP-sepfpl] 轮次 19: ε=0.000409, std=15.451955
2025-11-21 08:39:59 | INFO | oxford_pets_sepfpl_2_0.01_10_[117/120] | [Epoch 19/30] 训练耗时: 5.23s | 平均训练准确率: 54.38
2025-11-21 08:39:59 | INFO | oxford_pets_sepfpl_2_0.01_10_[117/120] | [RDP-sepfpl] 轮次 20: ε=0.000432, std=15.041403
2025-11-21 08:40:04 | INFO | oxford_pets_sepfpl_2_0.01_10_[117/120] | [Epoch 20/30] 训练耗时: 5.36s | 平均训练准确率: 52.34
2025-11-21 08:40:04 | INFO | oxford_pets_sepfpl_2_0.01_10_[117/120] | [RDP-sepfpl] 轮次 21: ε=0.000454, std=14.661012
2025-11-21 08:40:09 | INFO | oxford_pets_sepfpl_2_0.01_10_[117/120] | [Epoch 21/30] 训练耗时: 5.35s | 平均训练准确率: 56.72
2025-11-21 08:40:09 | INFO | oxford_pets_sepfpl_2_0.01_10_[117/120] | [RDP-sepfpl] 轮次 22: ε=0.000477, std=14.307283
2025-11-21 08:40:15 | INFO | oxford_pets_sepfpl_2_0.01_10_[117/120] | [Epoch 22/30] 训练耗时: 5.24s | 平均训练准确率: 54.38
2025-11-21 08:40:15 | INFO | oxford_pets_sepfpl_2_0.01_10_[117/120] | [RDP-sepfpl] 轮次 23: ε=0.000500, std=13.977258
2025-11-21 08:40:20 | INFO | oxford_pets_sepfpl_2_0.01_10_[117/120] | [Epoch 23/30] 训练耗时: 5.31s | 平均训练准确率: 55.62
2025-11-21 08:40:20 | INFO | oxford_pets_sepfpl_2_0.01_10_[117/120] | [RDP-sepfpl] 轮次 24: ε=0.000523, std=13.668416
2025-11-21 08:40:25 | INFO | oxford_pets_sepfpl_2_0.01_10_[117/120] | [Epoch 24/30] 训练耗时: 5.26s | 平均训练准确率: 53.75
2025-11-21 08:40:25 | INFO | oxford_pets_sepfpl_2_0.01_10_[117/120] | [RDP-sepfpl] 轮次 25: ε=0.000546, std=13.378597
2025-11-21 08:40:30 | INFO | oxford_pets_sepfpl_2_0.01_10_[117/120] | [Epoch 25/30] 训练耗时: 5.18s | 平均训练准确率: 54.22
2025-11-21 08:40:30 | INFO | oxford_pets_sepfpl_2_0.01_10_[117/120] | [RDP-sepfpl] 轮次 26: ε=0.000569, std=13.105937
2025-11-21 08:40:36 | INFO | oxford_pets_sepfpl_2_0.01_10_[117/120] | [Epoch 26/30] 训练耗时: 5.22s | 平均训练准确率: 55.16
2025-11-21 08:40:36 | INFO | oxford_pets_sepfpl_2_0.01_10_[117/120] | [RDP-sepfpl] 轮次 27: ε=0.000592, std=12.848816
2025-11-21 08:40:41 | INFO | oxford_pets_sepfpl_2_0.01_10_[117/120] | [Epoch 27/30] 训练耗时: 5.29s | 平均训练准确率: 56.09
2025-11-21 08:40:41 | INFO | oxford_pets_sepfpl_2_0.01_10_[117/120] | [RDP-sepfpl] 轮次 28: ε=0.000615, std=12.605820
2025-11-21 08:40:46 | INFO | oxford_pets_sepfpl_2_0.01_10_[117/120] | [Epoch 28/30] 训练耗时: 5.32s | 平均训练准确率: 52.97
2025-11-21 08:40:46 | INFO | oxford_pets_sepfpl_2_0.01_10_[117/120] | 
2025-11-21 08:40:46 | INFO | oxford_pets_sepfpl_2_0.01_10_[117/120] | ================================================================================
2025-11-21 08:40:46 | INFO | oxford_pets_sepfpl_2_0.01_10_[117/120] |                     TEST START - Epoch 28/30
2025-11-21 08:40:46 | INFO | oxford_pets_sepfpl_2_0.01_10_[117/120] | ================================================================================
2025-11-21 08:40:46 | INFO | oxford_pets_sepfpl_2_0.01_10_[117/120] | 
2025-11-21 08:46:16 | INFO | oxford_pets_sepfpl_2_0.01_10_[117/120] | 
================= Local Test Results ==================
+----------+----------+------------+----------+
| Client   | Accuracy | Error Rate | Macro F1 |
+----------+----------+------------+----------+
| Client 0 |    66.17 |      33.83 |    70.07 |
| Client 1 |    88.97 |      11.03 |    93.23 |
| Client 2 |    86.12 |      13.88 |    91.49 |
| Client 3 |    52.14 |      47.86 |    54.67 |
| Client 4 |    54.66 |      45.34 |    56.73 |
| Client 5 |    44.61 |      55.39 |    47.64 |
| Client 6 |    51.25 |      48.75 |    52.29 |
| Client 7 |    89.25 |      10.75 |    93.30 |
| Client 8 |    97.00 |       3.00 |    98.47 |
| Client 9 |    85.00 |      15.00 |    91.89 |
| Average  |    71.52 |      28.48 |    74.98 |
+----------+----------+------------+----------+

2025-11-21 08:46:16 | INFO | oxford_pets_sepfpl_2_0.01_10_[117/120] | 
================= Neighbor Test Results ==================
+----------+----------+------------+----------+
| Client   | Accuracy | Error Rate | Macro F1 |
+----------+----------+------------+----------+
| Client 0 |    72.57 |      27.43 |    67.40 |
| Client 1 |    73.55 |      26.45 |    71.43 |
| Client 2 |    79.60 |      20.40 |    76.52 |
| Client 3 |    63.57 |      36.43 |    57.88 |
| Client 4 |    70.61 |      29.39 |    65.54 |
| Client 5 |    68.20 |      31.80 |    60.98 |
| Client 6 |    65.19 |      34.81 |    59.01 |
| Client 7 |    60.17 |      39.83 |    53.19 |
| Client 8 |    59.56 |      40.44 |    53.31 |
| Client 9 |    66.83 |      33.17 |    58.94 |
| Average  |    67.98 |      32.02 |    62.42 |
+----------+----------+------------+----------+

2025-11-21 08:46:16 | INFO | oxford_pets_sepfpl_2_0.01_10_[117/120] | 
2025-11-21 08:46:16 | INFO | oxford_pets_sepfpl_2_0.01_10_[117/120] | ================================================================================
2025-11-21 08:46:16 | INFO | oxford_pets_sepfpl_2_0.01_10_[117/120] |                     TEST FINISH - Epoch 28/30
2025-11-21 08:46:16 | INFO | oxford_pets_sepfpl_2_0.01_10_[117/120] |                     测试耗时: 329.50s
2025-11-21 08:46:16 | INFO | oxford_pets_sepfpl_2_0.01_10_[117/120] | ================================================================================
2025-11-21 08:46:16 | INFO | oxford_pets_sepfpl_2_0.01_10_[117/120] | 
2025-11-21 08:46:16 | INFO | oxford_pets_sepfpl_2_0.01_10_[117/120] | [RDP-sepfpl] 轮次 29: ε=0.000638, std=12.375710
2025-11-21 08:46:21 | INFO | oxford_pets_sepfpl_2_0.01_10_[117/120] | [Epoch 29/30] 训练耗时: 5.23s | 平均训练准确率: 64.84
2025-11-21 08:46:21 | INFO | oxford_pets_sepfpl_2_0.01_10_[117/120] | 
2025-11-21 08:46:21 | INFO | oxford_pets_sepfpl_2_0.01_10_[117/120] | ================================================================================
2025-11-21 08:46:21 | INFO | oxford_pets_sepfpl_2_0.01_10_[117/120] |                     TEST START - Epoch 29/30
2025-11-21 08:46:21 | INFO | oxford_pets_sepfpl_2_0.01_10_[117/120] | ================================================================================
2025-11-21 08:46:21 | INFO | oxford_pets_sepfpl_2_0.01_10_[117/120] | 
2025-11-21 08:51:47 | INFO | oxford_pets_sepfpl_2_0.01_10_[117/120] | 
================= Local Test Results ==================
+----------+----------+------------+----------+
| Client   | Accuracy | Error Rate | Macro F1 |
+----------+----------+------------+----------+
| Client 0 |    68.92 |      31.08 |    75.55 |
| Client 1 |    93.23 |       6.77 |    96.43 |
| Client 2 |    81.23 |      18.77 |    88.32 |
| Client 3 |    65.74 |      34.26 |    67.01 |
| Client 4 |    52.33 |      47.67 |    53.73 |
| Client 5 |    62.41 |      37.59 |    68.28 |
| Client 6 |    61.00 |      39.00 |    64.43 |
| Client 7 |    98.75 |       1.25 |    99.37 |
| Client 8 |    96.50 |       3.50 |    98.09 |
| Client 9 |    60.00 |      40.00 |    75.00 |
| Average  |    74.01 |      25.99 |    78.62 |
+----------+----------+------------+----------+

2025-11-21 08:51:47 | INFO | oxford_pets_sepfpl_2_0.01_10_[117/120] | 
================= Neighbor Test Results ==================
+----------+----------+------------+----------+
| Client   | Accuracy | Error Rate | Macro F1 |
+----------+----------+------------+----------+
| Client 0 |    79.39 |      20.61 |    76.31 |
| Client 1 |    80.92 |      19.08 |    79.19 |
| Client 2 |    79.02 |      20.98 |    76.81 |
| Client 3 |    74.14 |      25.86 |    71.77 |
| Client 4 |    77.09 |      22.91 |    72.98 |
| Client 5 |    75.17 |      24.83 |    69.84 |
| Client 6 |    71.00 |      29.00 |    66.38 |
| Client 7 |    63.02 |      36.98 |    56.39 |
| Client 8 |    58.34 |      41.66 |    50.68 |
| Client 9 |    59.74 |      40.26 |    50.91 |
| Average  |    71.78 |      28.22 |    67.13 |
+----------+----------+------------+----------+

2025-11-21 08:51:47 | INFO | oxford_pets_sepfpl_2_0.01_10_[117/120] | 
2025-11-21 08:51:47 | INFO | oxford_pets_sepfpl_2_0.01_10_[117/120] | ================================================================================
2025-11-21 08:51:47 | INFO | oxford_pets_sepfpl_2_0.01_10_[117/120] |                     TEST FINISH - Epoch 29/30
2025-11-21 08:51:47 | INFO | oxford_pets_sepfpl_2_0.01_10_[117/120] |                     测试耗时: 325.63s
2025-11-21 08:51:47 | INFO | oxford_pets_sepfpl_2_0.01_10_[117/120] | ================================================================================
2025-11-21 08:51:47 | INFO | oxford_pets_sepfpl_2_0.01_10_[117/120] | 
2025-11-21 08:51:47 | INFO | oxford_pets_sepfpl_2_0.01_10_[117/120] | [RDP-sepfpl] 轮次 30: ε=0.000661, std=12.157392
2025-11-21 08:51:52 | INFO | oxford_pets_sepfpl_2_0.01_10_[117/120] | [Epoch 30/30] 训练耗时: 5.27s | 平均训练准确率: 57.03
2025-11-21 08:51:52 | INFO | oxford_pets_sepfpl_2_0.01_10_[117/120] | 
2025-11-21 08:51:52 | INFO | oxford_pets_sepfpl_2_0.01_10_[117/120] | ================================================================================
2025-11-21 08:51:52 | INFO | oxford_pets_sepfpl_2_0.01_10_[117/120] |                     TEST START - Epoch 30/30
2025-11-21 08:51:52 | INFO | oxford_pets_sepfpl_2_0.01_10_[117/120] | ================================================================================
2025-11-21 08:51:52 | INFO | oxford_pets_sepfpl_2_0.01_10_[117/120] | 
2025-11-21 08:57:13 | INFO | oxford_pets_sepfpl_2_0.01_10_[117/120] | 
================= Local Test Results ==================
+----------+----------+------------+----------+
| Client   | Accuracy | Error Rate | Macro F1 |
+----------+----------+------------+----------+
| Client 0 |    67.17 |      32.83 |    72.48 |
| Client 1 |    87.97 |      12.03 |    93.55 |
| Client 2 |    82.01 |      17.99 |    88.82 |
| Client 3 |    67.51 |      32.49 |    72.77 |
| Client 4 |    48.70 |      51.30 |    49.79 |
| Client 5 |    68.17 |      31.83 |    71.12 |
| Client 6 |    67.75 |      32.25 |    71.91 |
| Client 7 |    73.75 |      26.25 |    75.09 |
| Client 8 |    92.75 |       7.25 |    96.14 |
| Client 9 |    98.00 |       2.00 |    98.99 |
| Average  |    75.38 |      24.62 |    79.07 |
+----------+----------+------------+----------+

2025-11-21 08:57:13 | INFO | oxford_pets_sepfpl_2_0.01_10_[117/120] | 
================= Neighbor Test Results ==================
+----------+----------+------------+----------+
| Client   | Accuracy | Error Rate | Macro F1 |
+----------+----------+------------+----------+
| Client 0 |    80.46 |      19.54 |    77.49 |
| Client 1 |    78.47 |      21.53 |    75.17 |
| Client 2 |    78.57 |      21.43 |    74.88 |
| Client 3 |    74.48 |      25.52 |    71.43 |
| Client 4 |    73.13 |      26.87 |    67.57 |
| Client 5 |    74.31 |      25.69 |    69.89 |
| Client 6 |    80.02 |      19.98 |    78.38 |
| Client 7 |    76.63 |      23.37 |    73.48 |
| Client 8 |    70.17 |      29.83 |    65.79 |
| Client 9 |    68.20 |      31.80 |    63.31 |
| Average  |    75.44 |      24.56 |    71.74 |
+----------+----------+------------+----------+

2025-11-21 08:57:13 | INFO | oxford_pets_sepfpl_2_0.01_10_[117/120] | 
2025-11-21 08:57:13 | INFO | oxford_pets_sepfpl_2_0.01_10_[117/120] | ================================================================================
2025-11-21 08:57:13 | INFO | oxford_pets_sepfpl_2_0.01_10_[117/120] |                     TEST FINISH - Epoch 30/30
2025-11-21 08:57:13 | INFO | oxford_pets_sepfpl_2_0.01_10_[117/120] |                     测试耗时: 321.21s
2025-11-21 08:57:13 | INFO | oxford_pets_sepfpl_2_0.01_10_[117/120] | ================================================================================
2025-11-21 08:57:13 | INFO | oxford_pets_sepfpl_2_0.01_10_[117/120] | 
2025-11-21 08:57:13 | INFO | oxford_pets_sepfpl_2_0.01_10_[117/120] | maximum test local acc: 75.377
2025-11-21 08:57:13 | INFO | oxford_pets_sepfpl_2_0.01_10_[117/120] | mean of local acc: 73.636
2025-11-21 08:57:13 | INFO | oxford_pets_sepfpl_2_0.01_10_[117/120] | maximum test neighbor acc: 75.445
2025-11-21 08:57:13 | INFO | oxford_pets_sepfpl_2_0.01_10_[117/120] | mean of neighbor acc: 71.737
