2025-11-21 05:19:26 | INFO | oxford_pets_sepfpl_4_0.4_10_[78/120] | Loading trainer: DP_FPL
2025-11-21 05:19:26 | INFO | oxford_pets_sepfpl_4_0.4_10_[78/120] | Loading dataset: OxfordPets
2025-11-21 05:19:26 | INFO | oxford_pets_sepfpl_4_0.4_10_[78/120] | Reading split from %s
2025-11-21 05:19:26 | INFO | oxford_pets_sepfpl_4_0.4_10_[78/120] | Creating a baseline federated dataset
2025-11-21 05:19:26 | INFO | oxford_pets_sepfpl_4_0.4_10_[78/120] | class_num %d
2025-11-21 05:19:26 | INFO | oxford_pets_sepfpl_4_0.4_10_[78/120] | user class dict total %s
2025-11-21 05:19:26 | INFO | oxford_pets_sepfpl_4_0.4_10_[78/120] | idx: %s, output_dict_len: %d
2025-11-21 05:19:26 | INFO | oxford_pets_sepfpl_4_0.4_10_[78/120] | user class dict total %s
2025-11-21 05:19:26 | INFO | oxford_pets_sepfpl_4_0.4_10_[78/120] | idx: %s, output_dict_len: %d
2025-11-21 05:19:26 | INFO | oxford_pets_sepfpl_4_0.4_10_[78/120] | user class dict total %s
2025-11-21 05:19:26 | INFO | oxford_pets_sepfpl_4_0.4_10_[78/120] | idx: %s, output_dict_len: %d
2025-11-21 05:19:26 | INFO | oxford_pets_sepfpl_4_0.4_10_[78/120] | user class dict total %s
2025-11-21 05:19:26 | INFO | oxford_pets_sepfpl_4_0.4_10_[78/120] | idx: %s, output_dict_len: %d
2025-11-21 05:19:26 | INFO | oxford_pets_sepfpl_4_0.4_10_[78/120] | user class dict total %s
2025-11-21 05:19:26 | INFO | oxford_pets_sepfpl_4_0.4_10_[78/120] | idx: %s, output_dict_len: %d
2025-11-21 05:19:26 | INFO | oxford_pets_sepfpl_4_0.4_10_[78/120] | user class dict total %s
2025-11-21 05:19:26 | INFO | oxford_pets_sepfpl_4_0.4_10_[78/120] | idx: %s, output_dict_len: %d
2025-11-21 05:19:26 | INFO | oxford_pets_sepfpl_4_0.4_10_[78/120] | user class dict total %s
2025-11-21 05:19:26 | INFO | oxford_pets_sepfpl_4_0.4_10_[78/120] | idx: %s, output_dict_len: %d
2025-11-21 05:19:26 | INFO | oxford_pets_sepfpl_4_0.4_10_[78/120] | user class dict total %s
2025-11-21 05:19:26 | INFO | oxford_pets_sepfpl_4_0.4_10_[78/120] | idx: %s, output_dict_len: %d
2025-11-21 05:19:26 | INFO | oxford_pets_sepfpl_4_0.4_10_[78/120] | user class dict total %s
2025-11-21 05:19:26 | INFO | oxford_pets_sepfpl_4_0.4_10_[78/120] | idx: %s, output_dict_len: %d
2025-11-21 05:19:26 | INFO | oxford_pets_sepfpl_4_0.4_10_[78/120] | user class dict total %s
2025-11-21 05:19:26 | INFO | oxford_pets_sepfpl_4_0.4_10_[78/120] | idx: %s, output_dict_len: %d
2025-11-21 05:19:26 | INFO | oxford_pets_sepfpl_4_0.4_10_[78/120] | Creating a baseline federated dataset
2025-11-21 05:19:26 | INFO | oxford_pets_sepfpl_4_0.4_10_[78/120] | class_num %d
2025-11-21 05:19:26 | INFO | oxford_pets_sepfpl_4_0.4_10_[78/120] | user class dict total %s
2025-11-21 05:19:26 | INFO | oxford_pets_sepfpl_4_0.4_10_[78/120] | idx: %s, output_dict_len: %d
2025-11-21 05:19:26 | INFO | oxford_pets_sepfpl_4_0.4_10_[78/120] | user class dict total %s
2025-11-21 05:19:26 | INFO | oxford_pets_sepfpl_4_0.4_10_[78/120] | idx: %s, output_dict_len: %d
2025-11-21 05:19:26 | INFO | oxford_pets_sepfpl_4_0.4_10_[78/120] | user class dict total %s
2025-11-21 05:19:26 | INFO | oxford_pets_sepfpl_4_0.4_10_[78/120] | idx: %s, output_dict_len: %d
2025-11-21 05:19:26 | INFO | oxford_pets_sepfpl_4_0.4_10_[78/120] | user class dict total %s
2025-11-21 05:19:26 | INFO | oxford_pets_sepfpl_4_0.4_10_[78/120] | idx: %s, output_dict_len: %d
2025-11-21 05:19:26 | INFO | oxford_pets_sepfpl_4_0.4_10_[78/120] | user class dict total %s
2025-11-21 05:19:26 | INFO | oxford_pets_sepfpl_4_0.4_10_[78/120] | idx: %s, output_dict_len: %d
2025-11-21 05:19:26 | INFO | oxford_pets_sepfpl_4_0.4_10_[78/120] | user class dict total %s
2025-11-21 05:19:26 | INFO | oxford_pets_sepfpl_4_0.4_10_[78/120] | idx: %s, output_dict_len: %d
2025-11-21 05:19:26 | INFO | oxford_pets_sepfpl_4_0.4_10_[78/120] | user class dict total %s
2025-11-21 05:19:26 | INFO | oxford_pets_sepfpl_4_0.4_10_[78/120] | idx: %s, output_dict_len: %d
2025-11-21 05:19:26 | INFO | oxford_pets_sepfpl_4_0.4_10_[78/120] | user class dict total %s
2025-11-21 05:19:26 | INFO | oxford_pets_sepfpl_4_0.4_10_[78/120] | idx: %s, output_dict_len: %d
2025-11-21 05:19:26 | INFO | oxford_pets_sepfpl_4_0.4_10_[78/120] | user class dict total %s
2025-11-21 05:19:26 | INFO | oxford_pets_sepfpl_4_0.4_10_[78/120] | idx: %s, output_dict_len: %d
2025-11-21 05:19:26 | INFO | oxford_pets_sepfpl_4_0.4_10_[78/120] | user class dict total %s
2025-11-21 05:19:26 | INFO | oxford_pets_sepfpl_4_0.4_10_[78/120] | idx: %s, output_dict_len: %d
2025-11-21 05:19:26 | INFO | oxford_pets_sepfpl_4_0.4_10_[78/120] | Loading CLIP (backbone: ViT-B/16)
2025-11-21 05:19:28 | INFO | oxford_pets_sepfpl_4_0.4_10_[78/120] | Building custom CLIP
2025-11-21 05:19:28 | INFO | oxford_pets_sepfpl_4_0.4_10_[78/120] | Turning off gradients in both the image and the text encoder
2025-11-21 05:19:29 | INFO | oxford_pets_sepfpl_4_0.4_10_[78/120] | [wandb] 正在初始化实验：project=SepFPL, name=oxford_pets-sepfpl-rank4-noise0.4-seed1-users10-78/120, mode=online
2025-11-21 05:19:33 | INFO | oxford_pets_sepfpl_4_0.4_10_[78/120] | [RDP-sepfpl] 轮次 1: ε=0.000743, std=11.463021
2025-11-21 05:19:39 | INFO | oxford_pets_sepfpl_4_0.4_10_[78/120] | [Epoch 1/30] 训练耗时: 5.85s | 平均训练准确率: 52.50
2025-11-21 05:19:39 | INFO | oxford_pets_sepfpl_4_0.4_10_[78/120] | [RDP-sepfpl] 轮次 2: ε=0.001539, std=7.966331
2025-11-21 05:19:45 | INFO | oxford_pets_sepfpl_4_0.4_10_[78/120] | [Epoch 2/30] 训练耗时: 5.65s | 平均训练准确率: 54.06
2025-11-21 05:19:45 | INFO | oxford_pets_sepfpl_4_0.4_10_[78/120] | [RDP-sepfpl] 轮次 3: ε=0.002355, std=6.438881
2025-11-21 05:19:50 | INFO | oxford_pets_sepfpl_4_0.4_10_[78/120] | [Epoch 3/30] 训练耗时: 5.32s | 平均训练准确率: 56.56
2025-11-21 05:19:50 | INFO | oxford_pets_sepfpl_4_0.4_10_[78/120] | [RDP-sepfpl] 轮次 4: ε=0.003186, std=5.536274
2025-11-21 05:19:55 | INFO | oxford_pets_sepfpl_4_0.4_10_[78/120] | [Epoch 4/30] 训练耗时: 5.26s | 平均训练准确率: 54.53
2025-11-21 05:19:55 | INFO | oxford_pets_sepfpl_4_0.4_10_[78/120] | [RDP-sepfpl] 轮次 5: ε=0.004027, std=4.924247
2025-11-21 05:20:01 | INFO | oxford_pets_sepfpl_4_0.4_10_[78/120] | [Epoch 5/30] 训练耗时: 5.40s | 平均训练准确率: 54.06
2025-11-21 05:20:01 | INFO | oxford_pets_sepfpl_4_0.4_10_[78/120] | [RDP-sepfpl] 轮次 6: ε=0.004877, std=4.474759
2025-11-21 05:20:06 | INFO | oxford_pets_sepfpl_4_0.4_10_[78/120] | [Epoch 6/30] 训练耗时: 5.49s | 平均训练准确率: 55.16
2025-11-21 05:20:06 | INFO | oxford_pets_sepfpl_4_0.4_10_[78/120] | [RDP-sepfpl] 轮次 7: ε=0.005734, std=4.126887
2025-11-21 05:20:11 | INFO | oxford_pets_sepfpl_4_0.4_10_[78/120] | [Epoch 7/30] 训练耗时: 4.84s | 平均训练准确率: 55.94
2025-11-21 05:20:11 | INFO | oxford_pets_sepfpl_4_0.4_10_[78/120] | [RDP-sepfpl] 轮次 8: ε=0.006597, std=3.847484
2025-11-21 05:20:16 | INFO | oxford_pets_sepfpl_4_0.4_10_[78/120] | [Epoch 8/30] 训练耗时: 4.82s | 平均训练准确率: 53.44
2025-11-21 05:20:16 | INFO | oxford_pets_sepfpl_4_0.4_10_[78/120] | [RDP-sepfpl] 轮次 9: ε=0.007465, std=3.616777
2025-11-21 05:20:21 | INFO | oxford_pets_sepfpl_4_0.4_10_[78/120] | [Epoch 9/30] 训练耗时: 4.80s | 平均训练准确率: 56.25
2025-11-21 05:20:21 | INFO | oxford_pets_sepfpl_4_0.4_10_[78/120] | [RDP-sepfpl] 轮次 10: ε=0.008339, std=3.422150
2025-11-21 05:20:26 | INFO | oxford_pets_sepfpl_4_0.4_10_[78/120] | [Epoch 10/30] 训练耗时: 4.86s | 平均训练准确率: 53.59
2025-11-21 05:20:26 | INFO | oxford_pets_sepfpl_4_0.4_10_[78/120] | [RDP-sepfpl] 轮次 11: ε=0.009216, std=3.255127
2025-11-21 05:20:31 | INFO | oxford_pets_sepfpl_4_0.4_10_[78/120] | [Epoch 11/30] 训练耗时: 5.04s | 平均训练准确率: 54.69
2025-11-21 05:20:31 | INFO | oxford_pets_sepfpl_4_0.4_10_[78/120] | [RDP-sepfpl] 轮次 12: ε=0.010098, std=3.109775
2025-11-21 05:20:36 | INFO | oxford_pets_sepfpl_4_0.4_10_[78/120] | [Epoch 12/30] 训练耗时: 4.84s | 平均训练准确率: 53.28
2025-11-21 05:20:36 | INFO | oxford_pets_sepfpl_4_0.4_10_[78/120] | [RDP-sepfpl] 轮次 13: ε=0.010984, std=2.981802
2025-11-21 05:20:40 | INFO | oxford_pets_sepfpl_4_0.4_10_[78/120] | [Epoch 13/30] 训练耗时: 4.70s | 平均训练准确率: 53.59
2025-11-21 05:20:40 | INFO | oxford_pets_sepfpl_4_0.4_10_[78/120] | [RDP-sepfpl] 轮次 14: ε=0.011872, std=2.868018
2025-11-21 05:20:45 | INFO | oxford_pets_sepfpl_4_0.4_10_[78/120] | [Epoch 14/30] 训练耗时: 4.97s | 平均训练准确率: 56.56
2025-11-21 05:20:45 | INFO | oxford_pets_sepfpl_4_0.4_10_[78/120] | [RDP-sepfpl] 轮次 15: ε=0.012764, std=2.765994
2025-11-21 05:20:51 | INFO | oxford_pets_sepfpl_4_0.4_10_[78/120] | [Epoch 15/30] 训练耗时: 5.39s | 平均训练准确率: 54.69
2025-11-21 05:20:51 | INFO | oxford_pets_sepfpl_4_0.4_10_[78/120] | [RDP-sepfpl] 轮次 16: ε=0.013659, std=2.673844
2025-11-21 05:20:55 | INFO | oxford_pets_sepfpl_4_0.4_10_[78/120] | [Epoch 16/30] 训练耗时: 4.79s | 平均训练准确率: 53.91
2025-11-21 05:20:55 | INFO | oxford_pets_sepfpl_4_0.4_10_[78/120] | [RDP-sepfpl] 轮次 17: ε=0.014557, std=2.590081
2025-11-21 05:21:01 | INFO | oxford_pets_sepfpl_4_0.4_10_[78/120] | [Epoch 17/30] 训练耗时: 5.26s | 平均训练准确率: 54.53
2025-11-21 05:21:01 | INFO | oxford_pets_sepfpl_4_0.4_10_[78/120] | [RDP-sepfpl] 轮次 18: ε=0.015457, std=2.513512
2025-11-21 05:21:06 | INFO | oxford_pets_sepfpl_4_0.4_10_[78/120] | [Epoch 18/30] 训练耗时: 5.40s | 平均训练准确率: 53.75
2025-11-21 05:21:06 | INFO | oxford_pets_sepfpl_4_0.4_10_[78/120] | [RDP-sepfpl] 轮次 19: ε=0.016360, std=2.443169
2025-11-21 05:21:11 | INFO | oxford_pets_sepfpl_4_0.4_10_[78/120] | [Epoch 19/30] 训练耗时: 5.29s | 平均训练准确率: 55.94
2025-11-21 05:21:11 | INFO | oxford_pets_sepfpl_4_0.4_10_[78/120] | [RDP-sepfpl] 轮次 20: ε=0.017266, std=2.378255
2025-11-21 05:21:16 | INFO | oxford_pets_sepfpl_4_0.4_10_[78/120] | [Epoch 20/30] 训练耗时: 5.11s | 平均训练准确率: 55.78
2025-11-21 05:21:16 | INFO | oxford_pets_sepfpl_4_0.4_10_[78/120] | [RDP-sepfpl] 轮次 21: ε=0.018173, std=2.318110
2025-11-21 05:21:22 | INFO | oxford_pets_sepfpl_4_0.4_10_[78/120] | [Epoch 21/30] 训练耗时: 5.64s | 平均训练准确率: 53.75
2025-11-21 05:21:22 | INFO | oxford_pets_sepfpl_4_0.4_10_[78/120] | [RDP-sepfpl] 轮次 22: ε=0.019083, std=2.262180
2025-11-21 05:21:27 | INFO | oxford_pets_sepfpl_4_0.4_10_[78/120] | [Epoch 22/30] 训练耗时: 5.26s | 平均训练准确率: 53.59
2025-11-21 05:21:27 | INFO | oxford_pets_sepfpl_4_0.4_10_[78/120] | [RDP-sepfpl] 轮次 23: ε=0.019995, std=2.209998
2025-11-21 05:21:32 | INFO | oxford_pets_sepfpl_4_0.4_10_[78/120] | [Epoch 23/30] 训练耗时: 4.98s | 平均训练准确率: 53.28
2025-11-21 05:21:32 | INFO | oxford_pets_sepfpl_4_0.4_10_[78/120] | [RDP-sepfpl] 轮次 24: ε=0.020909, std=2.161166
2025-11-21 05:21:37 | INFO | oxford_pets_sepfpl_4_0.4_10_[78/120] | [Epoch 24/30] 训练耗时: 5.14s | 平均训练准确率: 55.16
2025-11-21 05:21:37 | INFO | oxford_pets_sepfpl_4_0.4_10_[78/120] | [RDP-sepfpl] 轮次 25: ε=0.021824, std=2.115342
2025-11-21 05:21:42 | INFO | oxford_pets_sepfpl_4_0.4_10_[78/120] | [Epoch 25/30] 训练耗时: 4.99s | 平均训练准确率: 53.91
2025-11-21 05:21:42 | INFO | oxford_pets_sepfpl_4_0.4_10_[78/120] | [RDP-sepfpl] 轮次 26: ε=0.022742, std=2.072231
2025-11-21 05:21:48 | INFO | oxford_pets_sepfpl_4_0.4_10_[78/120] | [Epoch 26/30] 训练耗时: 5.29s | 平均训练准确率: 55.47
2025-11-21 05:21:48 | INFO | oxford_pets_sepfpl_4_0.4_10_[78/120] | [RDP-sepfpl] 轮次 27: ε=0.023661, std=2.031576
2025-11-21 05:21:53 | INFO | oxford_pets_sepfpl_4_0.4_10_[78/120] | [Epoch 27/30] 训练耗时: 5.47s | 平均训练准确率: 54.84
2025-11-21 05:21:53 | INFO | oxford_pets_sepfpl_4_0.4_10_[78/120] | [RDP-sepfpl] 轮次 28: ε=0.024582, std=1.993155
2025-11-21 05:21:59 | INFO | oxford_pets_sepfpl_4_0.4_10_[78/120] | [Epoch 28/30] 训练耗时: 5.41s | 平均训练准确率: 55.16
2025-11-21 05:21:59 | INFO | oxford_pets_sepfpl_4_0.4_10_[78/120] | 
2025-11-21 05:21:59 | INFO | oxford_pets_sepfpl_4_0.4_10_[78/120] | ================================================================================
2025-11-21 05:21:59 | INFO | oxford_pets_sepfpl_4_0.4_10_[78/120] |                     TEST START - Epoch 28/30
2025-11-21 05:21:59 | INFO | oxford_pets_sepfpl_4_0.4_10_[78/120] | ================================================================================
2025-11-21 05:21:59 | INFO | oxford_pets_sepfpl_4_0.4_10_[78/120] | 
2025-11-21 05:27:20 | INFO | oxford_pets_sepfpl_4_0.4_10_[78/120] | 
================= Local Test Results ==================
+----------+----------+------------+----------+
| Client   | Accuracy | Error Rate | Macro F1 |
+----------+----------+------------+----------+
| Client 0 |    37.34 |      62.66 |    44.63 |
| Client 1 |    51.63 |      48.37 |    54.48 |
| Client 2 |    89.72 |      10.28 |    94.23 |
| Client 3 |    44.08 |      55.92 |    48.62 |
| Client 4 |    72.54 |      27.46 |    67.14 |
| Client 5 |    72.93 |      27.07 |    79.68 |
| Client 6 |    72.75 |      27.25 |    75.33 |
| Client 7 |    73.50 |      26.50 |    74.23 |
| Client 8 |    96.75 |       3.25 |    98.35 |
| Client 9 |   100.00 |       0.00 |   100.00 |
| Average  |    71.12 |      28.88 |    73.67 |
+----------+----------+------------+----------+

2025-11-21 05:27:20 | INFO | oxford_pets_sepfpl_4_0.4_10_[78/120] | 
================= Neighbor Test Results ==================
+----------+----------+------------+----------+
| Client   | Accuracy | Error Rate | Macro F1 |
+----------+----------+------------+----------+
| Client 0 |    56.57 |      43.43 |    47.99 |
| Client 1 |    61.10 |      38.90 |    56.87 |
| Client 2 |    68.57 |      31.43 |    62.75 |
| Client 3 |    77.96 |      22.04 |    73.53 |
| Client 4 |    76.55 |      23.45 |    73.18 |
| Client 5 |    78.81 |      21.19 |    74.69 |
| Client 6 |    79.96 |      20.04 |    78.91 |
| Client 7 |    80.33 |      19.67 |    77.17 |
| Client 8 |    77.52 |      22.48 |    74.20 |
| Client 9 |    79.99 |      20.01 |    76.52 |
| Average  |    73.74 |      26.26 |    69.58 |
+----------+----------+------------+----------+

2025-11-21 05:27:20 | INFO | oxford_pets_sepfpl_4_0.4_10_[78/120] | 
2025-11-21 05:27:20 | INFO | oxford_pets_sepfpl_4_0.4_10_[78/120] | ================================================================================
2025-11-21 05:27:20 | INFO | oxford_pets_sepfpl_4_0.4_10_[78/120] |                     TEST FINISH - Epoch 28/30
2025-11-21 05:27:20 | INFO | oxford_pets_sepfpl_4_0.4_10_[78/120] |                     测试耗时: 321.02s
2025-11-21 05:27:20 | INFO | oxford_pets_sepfpl_4_0.4_10_[78/120] | ================================================================================
2025-11-21 05:27:20 | INFO | oxford_pets_sepfpl_4_0.4_10_[78/120] | 
2025-11-21 05:27:20 | INFO | oxford_pets_sepfpl_4_0.4_10_[78/120] | [RDP-sepfpl] 轮次 29: ε=0.025505, std=1.956772
2025-11-21 05:27:25 | INFO | oxford_pets_sepfpl_4_0.4_10_[78/120] | [Epoch 29/30] 训练耗时: 5.12s | 平均训练准确率: 60.78
2025-11-21 05:27:25 | INFO | oxford_pets_sepfpl_4_0.4_10_[78/120] | 
2025-11-21 05:27:25 | INFO | oxford_pets_sepfpl_4_0.4_10_[78/120] | ================================================================================
2025-11-21 05:27:25 | INFO | oxford_pets_sepfpl_4_0.4_10_[78/120] |                     TEST START - Epoch 29/30
2025-11-21 05:27:25 | INFO | oxford_pets_sepfpl_4_0.4_10_[78/120] | ================================================================================
2025-11-21 05:27:25 | INFO | oxford_pets_sepfpl_4_0.4_10_[78/120] | 
2025-11-21 05:32:50 | INFO | oxford_pets_sepfpl_4_0.4_10_[78/120] | 
================= Local Test Results ==================
+----------+----------+------------+----------+
| Client   | Accuracy | Error Rate | Macro F1 |
+----------+----------+------------+----------+
| Client 0 |    72.18 |      27.82 |    73.47 |
| Client 1 |    95.24 |       4.76 |    97.55 |
| Client 2 |    89.20 |      10.80 |    93.58 |
| Client 3 |    62.97 |      37.03 |    68.32 |
| Client 4 |    74.35 |      25.65 |    67.67 |
| Client 5 |    82.21 |      17.79 |    88.38 |
| Client 6 |    90.50 |       9.50 |    94.70 |
| Client 7 |    73.50 |      26.50 |    74.24 |
| Client 8 |    96.00 |       4.00 |    97.95 |
| Client 9 |    99.00 |       1.00 |    99.50 |
| Average  |    83.52 |      16.48 |    85.54 |
+----------+----------+------------+----------+

2025-11-21 05:32:50 | INFO | oxford_pets_sepfpl_4_0.4_10_[78/120] | 
================= Neighbor Test Results ==================
+----------+----------+------------+----------+
| Client   | Accuracy | Error Rate | Macro F1 |
+----------+----------+------------+----------+
| Client 0 |    82.54 |      17.46 |    80.44 |
| Client 1 |    80.12 |      19.88 |    77.57 |
| Client 2 |    80.52 |      19.48 |    77.44 |
| Client 3 |    84.08 |      15.92 |    81.77 |
| Client 4 |    82.97 |      17.03 |    81.56 |
| Client 5 |    82.69 |      17.31 |    80.07 |
| Client 6 |    82.01 |      17.99 |    81.09 |
| Client 7 |    84.52 |      15.48 |    82.52 |
| Client 8 |    80.24 |      19.76 |    77.98 |
| Client 9 |    81.65 |      18.35 |    78.97 |
| Average  |    82.13 |      17.87 |    79.94 |
+----------+----------+------------+----------+

2025-11-21 05:32:50 | INFO | oxford_pets_sepfpl_4_0.4_10_[78/120] | 
2025-11-21 05:32:50 | INFO | oxford_pets_sepfpl_4_0.4_10_[78/120] | ================================================================================
2025-11-21 05:32:50 | INFO | oxford_pets_sepfpl_4_0.4_10_[78/120] |                     TEST FINISH - Epoch 29/30
2025-11-21 05:32:50 | INFO | oxford_pets_sepfpl_4_0.4_10_[78/120] |                     测试耗时: 325.02s
2025-11-21 05:32:50 | INFO | oxford_pets_sepfpl_4_0.4_10_[78/120] | ================================================================================
2025-11-21 05:32:50 | INFO | oxford_pets_sepfpl_4_0.4_10_[78/120] | 
2025-11-21 05:32:50 | INFO | oxford_pets_sepfpl_4_0.4_10_[78/120] | [RDP-sepfpl] 轮次 30: ε=0.026429, std=1.922252
2025-11-21 05:32:55 | INFO | oxford_pets_sepfpl_4_0.4_10_[78/120] | [Epoch 30/30] 训练耗时: 5.23s | 平均训练准确率: 79.22
2025-11-21 05:32:55 | INFO | oxford_pets_sepfpl_4_0.4_10_[78/120] | 
2025-11-21 05:32:55 | INFO | oxford_pets_sepfpl_4_0.4_10_[78/120] | ================================================================================
2025-11-21 05:32:55 | INFO | oxford_pets_sepfpl_4_0.4_10_[78/120] |                     TEST START - Epoch 30/30
2025-11-21 05:32:55 | INFO | oxford_pets_sepfpl_4_0.4_10_[78/120] | ================================================================================
2025-11-21 05:32:55 | INFO | oxford_pets_sepfpl_4_0.4_10_[78/120] | 
2025-11-21 05:38:21 | INFO | oxford_pets_sepfpl_4_0.4_10_[78/120] | 
================= Local Test Results ==================
+----------+----------+------------+----------+
| Client   | Accuracy | Error Rate | Macro F1 |
+----------+----------+------------+----------+
| Client 0 |    72.18 |      27.82 |    73.59 |
| Client 1 |    92.98 |       7.02 |    96.31 |
| Client 2 |    90.23 |       9.77 |    94.10 |
| Client 3 |    44.08 |      55.92 |    47.50 |
| Client 4 |    71.24 |      28.76 |    71.13 |
| Client 5 |    66.17 |      33.83 |    70.06 |
| Client 6 |    58.75 |      41.25 |    59.58 |
| Client 7 |    64.75 |      35.25 |    68.88 |
| Client 8 |    95.75 |       4.25 |    97.77 |
| Client 9 |    84.00 |      16.00 |    91.30 |
| Average  |    74.01 |      25.99 |    77.02 |
+----------+----------+------------+----------+

2025-11-21 05:38:21 | INFO | oxford_pets_sepfpl_4_0.4_10_[78/120] | 
================= Neighbor Test Results ==================
+----------+----------+------------+----------+
| Client   | Accuracy | Error Rate | Macro F1 |
+----------+----------+------------+----------+
| Client 0 |    84.04 |      15.96 |    82.08 |
| Client 1 |    78.99 |      21.01 |    76.27 |
| Client 2 |    74.97 |      25.03 |    70.23 |
| Client 3 |    75.83 |      24.17 |    71.94 |
| Client 4 |    71.79 |      28.21 |    67.31 |
| Client 5 |    71.13 |      28.87 |    65.78 |
| Client 6 |    70.76 |      29.24 |    69.17 |
| Client 7 |    68.80 |      31.20 |    64.26 |
| Client 8 |    63.20 |      36.80 |    59.68 |
| Client 9 |    65.93 |      34.07 |    61.51 |
| Average  |    72.54 |      27.46 |    68.82 |
+----------+----------+------------+----------+

2025-11-21 05:38:21 | INFO | oxford_pets_sepfpl_4_0.4_10_[78/120] | 
2025-11-21 05:38:21 | INFO | oxford_pets_sepfpl_4_0.4_10_[78/120] | ================================================================================
2025-11-21 05:38:21 | INFO | oxford_pets_sepfpl_4_0.4_10_[78/120] |                     TEST FINISH - Epoch 30/30
2025-11-21 05:38:21 | INFO | oxford_pets_sepfpl_4_0.4_10_[78/120] |                     测试耗时: 326.10s
2025-11-21 05:38:21 | INFO | oxford_pets_sepfpl_4_0.4_10_[78/120] | ================================================================================
2025-11-21 05:38:21 | INFO | oxford_pets_sepfpl_4_0.4_10_[78/120] | 
2025-11-21 05:38:21 | INFO | oxford_pets_sepfpl_4_0.4_10_[78/120] | maximum test local acc: 83.515
2025-11-21 05:38:21 | INFO | oxford_pets_sepfpl_4_0.4_10_[78/120] | mean of local acc: 76.218
2025-11-21 05:38:21 | INFO | oxford_pets_sepfpl_4_0.4_10_[78/120] | maximum test neighbor acc: 82.134
2025-11-21 05:38:21 | INFO | oxford_pets_sepfpl_4_0.4_10_[78/120] | mean of neighbor acc: 76.138
