2025-11-21 06:57:39 | INFO | oxford_pets_sepfpl_4_0.1_10_[98/120] | Loading trainer: DP_FPL
2025-11-21 06:57:39 | INFO | oxford_pets_sepfpl_4_0.1_10_[98/120] | Loading dataset: OxfordPets
2025-11-21 06:57:39 | INFO | oxford_pets_sepfpl_4_0.1_10_[98/120] | Reading split from %s
2025-11-21 06:57:39 | INFO | oxford_pets_sepfpl_4_0.1_10_[98/120] | Creating a baseline federated dataset
2025-11-21 06:57:39 | INFO | oxford_pets_sepfpl_4_0.1_10_[98/120] | class_num %d
2025-11-21 06:57:39 | INFO | oxford_pets_sepfpl_4_0.1_10_[98/120] | user class dict total %s
2025-11-21 06:57:39 | INFO | oxford_pets_sepfpl_4_0.1_10_[98/120] | idx: %s, output_dict_len: %d
2025-11-21 06:57:39 | INFO | oxford_pets_sepfpl_4_0.1_10_[98/120] | user class dict total %s
2025-11-21 06:57:39 | INFO | oxford_pets_sepfpl_4_0.1_10_[98/120] | idx: %s, output_dict_len: %d
2025-11-21 06:57:39 | INFO | oxford_pets_sepfpl_4_0.1_10_[98/120] | user class dict total %s
2025-11-21 06:57:39 | INFO | oxford_pets_sepfpl_4_0.1_10_[98/120] | idx: %s, output_dict_len: %d
2025-11-21 06:57:39 | INFO | oxford_pets_sepfpl_4_0.1_10_[98/120] | user class dict total %s
2025-11-21 06:57:39 | INFO | oxford_pets_sepfpl_4_0.1_10_[98/120] | idx: %s, output_dict_len: %d
2025-11-21 06:57:39 | INFO | oxford_pets_sepfpl_4_0.1_10_[98/120] | user class dict total %s
2025-11-21 06:57:39 | INFO | oxford_pets_sepfpl_4_0.1_10_[98/120] | idx: %s, output_dict_len: %d
2025-11-21 06:57:39 | INFO | oxford_pets_sepfpl_4_0.1_10_[98/120] | user class dict total %s
2025-11-21 06:57:39 | INFO | oxford_pets_sepfpl_4_0.1_10_[98/120] | idx: %s, output_dict_len: %d
2025-11-21 06:57:39 | INFO | oxford_pets_sepfpl_4_0.1_10_[98/120] | user class dict total %s
2025-11-21 06:57:39 | INFO | oxford_pets_sepfpl_4_0.1_10_[98/120] | idx: %s, output_dict_len: %d
2025-11-21 06:57:39 | INFO | oxford_pets_sepfpl_4_0.1_10_[98/120] | user class dict total %s
2025-11-21 06:57:39 | INFO | oxford_pets_sepfpl_4_0.1_10_[98/120] | idx: %s, output_dict_len: %d
2025-11-21 06:57:39 | INFO | oxford_pets_sepfpl_4_0.1_10_[98/120] | user class dict total %s
2025-11-21 06:57:39 | INFO | oxford_pets_sepfpl_4_0.1_10_[98/120] | idx: %s, output_dict_len: %d
2025-11-21 06:57:39 | INFO | oxford_pets_sepfpl_4_0.1_10_[98/120] | user class dict total %s
2025-11-21 06:57:39 | INFO | oxford_pets_sepfpl_4_0.1_10_[98/120] | idx: %s, output_dict_len: %d
2025-11-21 06:57:39 | INFO | oxford_pets_sepfpl_4_0.1_10_[98/120] | Creating a baseline federated dataset
2025-11-21 06:57:39 | INFO | oxford_pets_sepfpl_4_0.1_10_[98/120] | class_num %d
2025-11-21 06:57:39 | INFO | oxford_pets_sepfpl_4_0.1_10_[98/120] | user class dict total %s
2025-11-21 06:57:39 | INFO | oxford_pets_sepfpl_4_0.1_10_[98/120] | idx: %s, output_dict_len: %d
2025-11-21 06:57:39 | INFO | oxford_pets_sepfpl_4_0.1_10_[98/120] | user class dict total %s
2025-11-21 06:57:39 | INFO | oxford_pets_sepfpl_4_0.1_10_[98/120] | idx: %s, output_dict_len: %d
2025-11-21 06:57:39 | INFO | oxford_pets_sepfpl_4_0.1_10_[98/120] | user class dict total %s
2025-11-21 06:57:39 | INFO | oxford_pets_sepfpl_4_0.1_10_[98/120] | idx: %s, output_dict_len: %d
2025-11-21 06:57:39 | INFO | oxford_pets_sepfpl_4_0.1_10_[98/120] | user class dict total %s
2025-11-21 06:57:39 | INFO | oxford_pets_sepfpl_4_0.1_10_[98/120] | idx: %s, output_dict_len: %d
2025-11-21 06:57:39 | INFO | oxford_pets_sepfpl_4_0.1_10_[98/120] | user class dict total %s
2025-11-21 06:57:39 | INFO | oxford_pets_sepfpl_4_0.1_10_[98/120] | idx: %s, output_dict_len: %d
2025-11-21 06:57:39 | INFO | oxford_pets_sepfpl_4_0.1_10_[98/120] | user class dict total %s
2025-11-21 06:57:39 | INFO | oxford_pets_sepfpl_4_0.1_10_[98/120] | idx: %s, output_dict_len: %d
2025-11-21 06:57:39 | INFO | oxford_pets_sepfpl_4_0.1_10_[98/120] | user class dict total %s
2025-11-21 06:57:39 | INFO | oxford_pets_sepfpl_4_0.1_10_[98/120] | idx: %s, output_dict_len: %d
2025-11-21 06:57:39 | INFO | oxford_pets_sepfpl_4_0.1_10_[98/120] | user class dict total %s
2025-11-21 06:57:39 | INFO | oxford_pets_sepfpl_4_0.1_10_[98/120] | idx: %s, output_dict_len: %d
2025-11-21 06:57:39 | INFO | oxford_pets_sepfpl_4_0.1_10_[98/120] | user class dict total %s
2025-11-21 06:57:39 | INFO | oxford_pets_sepfpl_4_0.1_10_[98/120] | idx: %s, output_dict_len: %d
2025-11-21 06:57:39 | INFO | oxford_pets_sepfpl_4_0.1_10_[98/120] | user class dict total %s
2025-11-21 06:57:39 | INFO | oxford_pets_sepfpl_4_0.1_10_[98/120] | idx: %s, output_dict_len: %d
2025-11-21 06:57:39 | INFO | oxford_pets_sepfpl_4_0.1_10_[98/120] | Loading CLIP (backbone: ViT-B/16)
2025-11-21 06:57:40 | INFO | oxford_pets_sepfpl_4_0.1_10_[98/120] | Building custom CLIP
2025-11-21 06:57:40 | INFO | oxford_pets_sepfpl_4_0.1_10_[98/120] | Turning off gradients in both the image and the text encoder
2025-11-21 06:57:41 | INFO | oxford_pets_sepfpl_4_0.1_10_[98/120] | [wandb] 正在初始化实验：project=SepFPL, name=oxford_pets-sepfpl-rank4-noise0.1-seed1-users10-98/120, mode=online
2025-11-21 06:57:45 | INFO | oxford_pets_sepfpl_4_0.1_10_[98/120] | [RDP-sepfpl] 轮次 1: ε=0.000186, std=22.926042
2025-11-21 06:57:52 | INFO | oxford_pets_sepfpl_4_0.1_10_[98/120] | [Epoch 1/30] 训练耗时: 6.95s | 平均训练准确率: 52.50
2025-11-21 06:57:52 | INFO | oxford_pets_sepfpl_4_0.1_10_[98/120] | [RDP-sepfpl] 轮次 2: ε=0.000385, std=15.932662
2025-11-21 06:57:58 | INFO | oxford_pets_sepfpl_4_0.1_10_[98/120] | [Epoch 2/30] 训练耗时: 5.50s | 平均训练准确率: 54.06
2025-11-21 06:57:58 | INFO | oxford_pets_sepfpl_4_0.1_10_[98/120] | [RDP-sepfpl] 轮次 3: ε=0.000589, std=12.877763
2025-11-21 06:58:03 | INFO | oxford_pets_sepfpl_4_0.1_10_[98/120] | [Epoch 3/30] 训练耗时: 5.36s | 平均训练准确率: 56.56
2025-11-21 06:58:03 | INFO | oxford_pets_sepfpl_4_0.1_10_[98/120] | [RDP-sepfpl] 轮次 4: ε=0.000797, std=11.072548
2025-11-21 06:58:08 | INFO | oxford_pets_sepfpl_4_0.1_10_[98/120] | [Epoch 4/30] 训练耗时: 5.08s | 平均训练准确率: 54.53
2025-11-21 06:58:08 | INFO | oxford_pets_sepfpl_4_0.1_10_[98/120] | [RDP-sepfpl] 轮次 5: ε=0.001007, std=9.848494
2025-11-21 06:58:14 | INFO | oxford_pets_sepfpl_4_0.1_10_[98/120] | [Epoch 5/30] 训练耗时: 5.57s | 平均训练准确率: 54.06
2025-11-21 06:58:14 | INFO | oxford_pets_sepfpl_4_0.1_10_[98/120] | [RDP-sepfpl] 轮次 6: ε=0.001219, std=8.949519
2025-11-21 06:58:19 | INFO | oxford_pets_sepfpl_4_0.1_10_[98/120] | [Epoch 6/30] 训练耗时: 5.02s | 平均训练准确率: 55.16
2025-11-21 06:58:19 | INFO | oxford_pets_sepfpl_4_0.1_10_[98/120] | [RDP-sepfpl] 轮次 7: ε=0.001433, std=8.253775
2025-11-21 06:58:24 | INFO | oxford_pets_sepfpl_4_0.1_10_[98/120] | [Epoch 7/30] 训练耗时: 4.82s | 平均训练准确率: 55.94
2025-11-21 06:58:24 | INFO | oxford_pets_sepfpl_4_0.1_10_[98/120] | [RDP-sepfpl] 轮次 8: ε=0.001649, std=7.694968
2025-11-21 06:58:28 | INFO | oxford_pets_sepfpl_4_0.1_10_[98/120] | [Epoch 8/30] 训练耗时: 4.66s | 平均训练准确率: 53.44
2025-11-21 06:58:28 | INFO | oxford_pets_sepfpl_4_0.1_10_[98/120] | [RDP-sepfpl] 轮次 9: ε=0.001866, std=7.233555
2025-11-21 06:58:34 | INFO | oxford_pets_sepfpl_4_0.1_10_[98/120] | [Epoch 9/30] 训练耗时: 5.65s | 平均训练准确率: 56.25
2025-11-21 06:58:34 | INFO | oxford_pets_sepfpl_4_0.1_10_[98/120] | [RDP-sepfpl] 轮次 10: ε=0.002085, std=6.844301
2025-11-21 06:58:40 | INFO | oxford_pets_sepfpl_4_0.1_10_[98/120] | [Epoch 10/30] 训练耗时: 5.57s | 平均训练准确率: 53.59
2025-11-21 06:58:40 | INFO | oxford_pets_sepfpl_4_0.1_10_[98/120] | [RDP-sepfpl] 轮次 11: ε=0.002304, std=6.510254
2025-11-21 06:58:44 | INFO | oxford_pets_sepfpl_4_0.1_10_[98/120] | [Epoch 11/30] 训练耗时: 4.89s | 平均训练准确率: 54.69
2025-11-21 06:58:44 | INFO | oxford_pets_sepfpl_4_0.1_10_[98/120] | [RDP-sepfpl] 轮次 12: ε=0.002525, std=6.219550
2025-11-21 06:58:49 | INFO | oxford_pets_sepfpl_4_0.1_10_[98/120] | [Epoch 12/30] 训练耗时: 4.70s | 平均训练准确率: 53.28
2025-11-21 06:58:49 | INFO | oxford_pets_sepfpl_4_0.1_10_[98/120] | [RDP-sepfpl] 轮次 13: ε=0.002746, std=5.963604
2025-11-21 06:58:54 | INFO | oxford_pets_sepfpl_4_0.1_10_[98/120] | [Epoch 13/30] 训练耗时: 4.94s | 平均训练准确率: 53.59
2025-11-21 06:58:54 | INFO | oxford_pets_sepfpl_4_0.1_10_[98/120] | [RDP-sepfpl] 轮次 14: ε=0.002968, std=5.736036
2025-11-21 06:58:59 | INFO | oxford_pets_sepfpl_4_0.1_10_[98/120] | [Epoch 14/30] 训练耗时: 5.30s | 平均训练准确率: 56.56
2025-11-21 06:58:59 | INFO | oxford_pets_sepfpl_4_0.1_10_[98/120] | [RDP-sepfpl] 轮次 15: ε=0.003191, std=5.531987
2025-11-21 06:59:05 | INFO | oxford_pets_sepfpl_4_0.1_10_[98/120] | [Epoch 15/30] 训练耗时: 5.45s | 平均训练准确率: 54.69
2025-11-21 06:59:05 | INFO | oxford_pets_sepfpl_4_0.1_10_[98/120] | [RDP-sepfpl] 轮次 16: ε=0.003415, std=5.347688
2025-11-21 06:59:10 | INFO | oxford_pets_sepfpl_4_0.1_10_[98/120] | [Epoch 16/30] 训练耗时: 5.53s | 平均训练准确率: 53.91
2025-11-21 06:59:10 | INFO | oxford_pets_sepfpl_4_0.1_10_[98/120] | [RDP-sepfpl] 轮次 17: ε=0.003639, std=5.180163
2025-11-21 06:59:16 | INFO | oxford_pets_sepfpl_4_0.1_10_[98/120] | [Epoch 17/30] 训练耗时: 5.54s | 平均训练准确率: 54.53
2025-11-21 06:59:16 | INFO | oxford_pets_sepfpl_4_0.1_10_[98/120] | [RDP-sepfpl] 轮次 18: ε=0.003864, std=5.027025
2025-11-21 06:59:21 | INFO | oxford_pets_sepfpl_4_0.1_10_[98/120] | [Epoch 18/30] 训练耗时: 5.22s | 平均训练准确率: 53.75
2025-11-21 06:59:21 | INFO | oxford_pets_sepfpl_4_0.1_10_[98/120] | [RDP-sepfpl] 轮次 19: ε=0.004090, std=4.886337
2025-11-21 06:59:26 | INFO | oxford_pets_sepfpl_4_0.1_10_[98/120] | [Epoch 19/30] 训练耗时: 4.97s | 平均训练准确率: 55.94
2025-11-21 06:59:26 | INFO | oxford_pets_sepfpl_4_0.1_10_[98/120] | [RDP-sepfpl] 轮次 20: ε=0.004316, std=4.756509
2025-11-21 06:59:31 | INFO | oxford_pets_sepfpl_4_0.1_10_[98/120] | [Epoch 20/30] 训练耗时: 4.75s | 平均训练准确率: 55.78
2025-11-21 06:59:31 | INFO | oxford_pets_sepfpl_4_0.1_10_[98/120] | [RDP-sepfpl] 轮次 21: ε=0.004543, std=4.636219
2025-11-21 06:59:36 | INFO | oxford_pets_sepfpl_4_0.1_10_[98/120] | [Epoch 21/30] 训练耗时: 4.70s | 平均训练准确率: 53.75
2025-11-21 06:59:36 | INFO | oxford_pets_sepfpl_4_0.1_10_[98/120] | [RDP-sepfpl] 轮次 22: ε=0.004771, std=4.524360
2025-11-21 06:59:40 | INFO | oxford_pets_sepfpl_4_0.1_10_[98/120] | [Epoch 22/30] 训练耗时: 4.78s | 平均训练准确率: 53.59
2025-11-21 06:59:40 | INFO | oxford_pets_sepfpl_4_0.1_10_[98/120] | [RDP-sepfpl] 轮次 23: ε=0.004999, std=4.419997
2025-11-21 06:59:45 | INFO | oxford_pets_sepfpl_4_0.1_10_[98/120] | [Epoch 23/30] 训练耗时: 4.81s | 平均训练准确率: 53.28
2025-11-21 06:59:45 | INFO | oxford_pets_sepfpl_4_0.1_10_[98/120] | [RDP-sepfpl] 轮次 24: ε=0.005227, std=4.322333
2025-11-21 06:59:50 | INFO | oxford_pets_sepfpl_4_0.1_10_[98/120] | [Epoch 24/30] 训练耗时: 4.82s | 平均训练准确率: 55.16
2025-11-21 06:59:50 | INFO | oxford_pets_sepfpl_4_0.1_10_[98/120] | [RDP-sepfpl] 轮次 25: ε=0.005456, std=4.230684
2025-11-21 06:59:55 | INFO | oxford_pets_sepfpl_4_0.1_10_[98/120] | [Epoch 25/30] 训练耗时: 4.84s | 平均训练准确率: 53.91
2025-11-21 06:59:55 | INFO | oxford_pets_sepfpl_4_0.1_10_[98/120] | [RDP-sepfpl] 轮次 26: ε=0.005685, std=4.144461
2025-11-21 07:00:00 | INFO | oxford_pets_sepfpl_4_0.1_10_[98/120] | [Epoch 26/30] 训练耗时: 5.32s | 平均训练准确率: 55.47
2025-11-21 07:00:00 | INFO | oxford_pets_sepfpl_4_0.1_10_[98/120] | [RDP-sepfpl] 轮次 27: ε=0.005915, std=4.063152
2025-11-21 07:00:05 | INFO | oxford_pets_sepfpl_4_0.1_10_[98/120] | [Epoch 27/30] 训练耗时: 5.12s | 平均训练准确率: 54.84
2025-11-21 07:00:05 | INFO | oxford_pets_sepfpl_4_0.1_10_[98/120] | [RDP-sepfpl] 轮次 28: ε=0.006146, std=3.986310
2025-11-21 07:00:10 | INFO | oxford_pets_sepfpl_4_0.1_10_[98/120] | [Epoch 28/30] 训练耗时: 5.21s | 平均训练准确率: 55.16
2025-11-21 07:00:10 | INFO | oxford_pets_sepfpl_4_0.1_10_[98/120] | 
2025-11-21 07:00:10 | INFO | oxford_pets_sepfpl_4_0.1_10_[98/120] | ================================================================================
2025-11-21 07:00:10 | INFO | oxford_pets_sepfpl_4_0.1_10_[98/120] |                     TEST START - Epoch 28/30
2025-11-21 07:00:10 | INFO | oxford_pets_sepfpl_4_0.1_10_[98/120] | ================================================================================
2025-11-21 07:00:10 | INFO | oxford_pets_sepfpl_4_0.1_10_[98/120] | 
2025-11-21 07:05:31 | INFO | oxford_pets_sepfpl_4_0.1_10_[98/120] | 
================= Local Test Results ==================
+----------+----------+------------+----------+
| Client   | Accuracy | Error Rate | Macro F1 |
+----------+----------+------------+----------+
| Client 0 |    69.17 |      30.83 |    71.78 |
| Client 1 |    91.48 |       8.52 |    95.23 |
| Client 2 |    91.52 |       8.48 |    95.29 |
| Client 3 |    40.05 |      59.95 |    43.06 |
| Client 4 |    72.54 |      27.46 |    67.61 |
| Client 5 |    78.95 |      21.05 |    86.93 |
| Client 6 |    70.00 |      30.00 |    74.15 |
| Client 7 |    73.50 |      26.50 |    74.23 |
| Client 8 |    96.50 |       3.50 |    98.09 |
| Client 9 |    99.00 |       1.00 |    99.50 |
| Average  |    78.27 |      21.73 |    80.59 |
+----------+----------+------------+----------+

2025-11-21 07:05:31 | INFO | oxford_pets_sepfpl_4_0.1_10_[98/120] | 
================= Neighbor Test Results ==================
+----------+----------+------------+----------+
| Client   | Accuracy | Error Rate | Macro F1 |
+----------+----------+------------+----------+
| Client 0 |    72.87 |      27.13 |    66.76 |
| Client 1 |    76.70 |      23.30 |    73.22 |
| Client 2 |    68.87 |      31.13 |    63.11 |
| Client 3 |    70.54 |      29.46 |    65.60 |
| Client 4 |    74.11 |      25.89 |    70.36 |
| Client 5 |    76.94 |      23.06 |    72.54 |
| Client 6 |    81.19 |      18.81 |    79.97 |
| Client 7 |    81.71 |      18.29 |    78.64 |
| Client 8 |    77.09 |      22.91 |    73.92 |
| Client 9 |    77.98 |      22.02 |    73.97 |
| Average  |    75.80 |      24.20 |    71.81 |
+----------+----------+------------+----------+

2025-11-21 07:05:31 | INFO | oxford_pets_sepfpl_4_0.1_10_[98/120] | 
2025-11-21 07:05:31 | INFO | oxford_pets_sepfpl_4_0.1_10_[98/120] | ================================================================================
2025-11-21 07:05:31 | INFO | oxford_pets_sepfpl_4_0.1_10_[98/120] |                     TEST FINISH - Epoch 28/30
2025-11-21 07:05:31 | INFO | oxford_pets_sepfpl_4_0.1_10_[98/120] |                     测试耗时: 320.38s
2025-11-21 07:05:31 | INFO | oxford_pets_sepfpl_4_0.1_10_[98/120] | ================================================================================
2025-11-21 07:05:31 | INFO | oxford_pets_sepfpl_4_0.1_10_[98/120] | 
2025-11-21 07:05:31 | INFO | oxford_pets_sepfpl_4_0.1_10_[98/120] | [RDP-sepfpl] 轮次 29: ε=0.006376, std=3.913543
2025-11-21 07:05:36 | INFO | oxford_pets_sepfpl_4_0.1_10_[98/120] | [Epoch 29/30] 训练耗时: 5.15s | 平均训练准确率: 70.00
2025-11-21 07:05:36 | INFO | oxford_pets_sepfpl_4_0.1_10_[98/120] | 
2025-11-21 07:05:36 | INFO | oxford_pets_sepfpl_4_0.1_10_[98/120] | ================================================================================
2025-11-21 07:05:36 | INFO | oxford_pets_sepfpl_4_0.1_10_[98/120] |                     TEST START - Epoch 29/30
2025-11-21 07:05:36 | INFO | oxford_pets_sepfpl_4_0.1_10_[98/120] | ================================================================================
2025-11-21 07:05:36 | INFO | oxford_pets_sepfpl_4_0.1_10_[98/120] | 
2025-11-21 07:11:00 | INFO | oxford_pets_sepfpl_4_0.1_10_[98/120] | 
================= Local Test Results ==================
+----------+----------+------------+----------+
| Client   | Accuracy | Error Rate | Macro F1 |
+----------+----------+------------+----------+
| Client 0 |    79.20 |      20.80 |    85.34 |
| Client 1 |    94.74 |       5.26 |    97.28 |
| Client 2 |    87.66 |      12.34 |    92.61 |
| Client 3 |    77.08 |      22.92 |    84.41 |
| Client 4 |    72.54 |      27.46 |    69.23 |
| Client 5 |    97.24 |       2.76 |    98.59 |
| Client 6 |    87.25 |      12.75 |    92.90 |
| Client 7 |    74.25 |      25.75 |    74.62 |
| Client 8 |    96.00 |       4.00 |    97.96 |
| Client 9 |   100.00 |       0.00 |   100.00 |
| Average  |    86.60 |      13.40 |    89.29 |
+----------+----------+------------+----------+

2025-11-21 07:11:00 | INFO | oxford_pets_sepfpl_4_0.1_10_[98/120] | 
================= Neighbor Test Results ==================
+----------+----------+------------+----------+
| Client   | Accuracy | Error Rate | Macro F1 |
+----------+----------+------------+----------+
| Client 0 |    84.16 |      15.84 |    82.43 |
| Client 1 |    84.71 |      15.29 |    83.44 |
| Client 2 |    86.01 |      13.99 |    84.45 |
| Client 3 |    86.77 |      13.23 |    85.82 |
| Client 4 |    87.05 |      12.95 |    86.39 |
| Client 5 |    83.12 |      16.88 |    81.06 |
| Client 6 |    82.93 |      17.07 |    81.35 |
| Client 7 |    82.72 |      17.28 |    80.46 |
| Client 8 |    78.65 |      21.35 |    76.25 |
| Client 9 |    79.07 |      20.93 |    76.06 |
| Average  |    83.52 |      16.48 |    81.77 |
+----------+----------+------------+----------+

2025-11-21 07:11:00 | INFO | oxford_pets_sepfpl_4_0.1_10_[98/120] | 
2025-11-21 07:11:00 | INFO | oxford_pets_sepfpl_4_0.1_10_[98/120] | ================================================================================
2025-11-21 07:11:00 | INFO | oxford_pets_sepfpl_4_0.1_10_[98/120] |                     TEST FINISH - Epoch 29/30
2025-11-21 07:11:00 | INFO | oxford_pets_sepfpl_4_0.1_10_[98/120] |                     测试耗时: 324.09s
2025-11-21 07:11:00 | INFO | oxford_pets_sepfpl_4_0.1_10_[98/120] | ================================================================================
2025-11-21 07:11:00 | INFO | oxford_pets_sepfpl_4_0.1_10_[98/120] | 
2025-11-21 07:11:00 | INFO | oxford_pets_sepfpl_4_0.1_10_[98/120] | [RDP-sepfpl] 轮次 30: ε=0.006607, std=3.844505
2025-11-21 07:11:05 | INFO | oxford_pets_sepfpl_4_0.1_10_[98/120] | [Epoch 30/30] 训练耗时: 5.16s | 平均训练准确率: 74.53
2025-11-21 07:11:05 | INFO | oxford_pets_sepfpl_4_0.1_10_[98/120] | 
2025-11-21 07:11:05 | INFO | oxford_pets_sepfpl_4_0.1_10_[98/120] | ================================================================================
2025-11-21 07:11:05 | INFO | oxford_pets_sepfpl_4_0.1_10_[98/120] |                     TEST START - Epoch 30/30
2025-11-21 07:11:05 | INFO | oxford_pets_sepfpl_4_0.1_10_[98/120] | ================================================================================
2025-11-21 07:11:05 | INFO | oxford_pets_sepfpl_4_0.1_10_[98/120] | 
2025-11-21 07:16:32 | INFO | oxford_pets_sepfpl_4_0.1_10_[98/120] | 
================= Local Test Results ==================
+----------+----------+------------+----------+
| Client   | Accuracy | Error Rate | Macro F1 |
+----------+----------+------------+----------+
| Client 0 |    76.69 |      23.31 |    82.08 |
| Client 1 |    91.98 |       8.02 |    95.81 |
| Client 2 |    90.49 |       9.51 |    94.31 |
| Client 3 |    74.81 |      25.19 |    81.47 |
| Client 4 |    73.83 |      26.17 |    68.58 |
| Client 5 |    85.71 |      14.29 |    91.66 |
| Client 6 |    85.00 |      15.00 |    90.54 |
| Client 7 |    73.00 |      27.00 |    73.98 |
| Client 8 |    95.00 |       5.00 |    97.41 |
| Client 9 |    99.00 |       1.00 |    99.50 |
| Average  |    84.55 |      15.45 |    87.53 |
+----------+----------+------------+----------+

2025-11-21 07:16:32 | INFO | oxford_pets_sepfpl_4_0.1_10_[98/120] | 
================= Neighbor Test Results ==================
+----------+----------+------------+----------+
| Client   | Accuracy | Error Rate | Macro F1 |
+----------+----------+------------+----------+
| Client 0 |    85.87 |      14.13 |    84.56 |
| Client 1 |    84.13 |      15.87 |    81.81 |
| Client 2 |    83.99 |      16.01 |    81.13 |
| Client 3 |    85.18 |      14.82 |    82.82 |
| Client 4 |    84.25 |      15.75 |    82.96 |
| Client 5 |    81.80 |      18.20 |    79.27 |
| Client 6 |    81.43 |      18.57 |    80.78 |
| Client 7 |    82.81 |      17.19 |    80.93 |
| Client 8 |    79.78 |      20.22 |    77.95 |
| Client 9 |    80.55 |      19.45 |    77.97 |
| Average  |    82.98 |      17.02 |    81.02 |
+----------+----------+------------+----------+

2025-11-21 07:16:32 | INFO | oxford_pets_sepfpl_4_0.1_10_[98/120] | 
2025-11-21 07:16:32 | INFO | oxford_pets_sepfpl_4_0.1_10_[98/120] | ================================================================================
2025-11-21 07:16:32 | INFO | oxford_pets_sepfpl_4_0.1_10_[98/120] |                     TEST FINISH - Epoch 30/30
2025-11-21 07:16:32 | INFO | oxford_pets_sepfpl_4_0.1_10_[98/120] |                     测试耗时: 326.62s
2025-11-21 07:16:32 | INFO | oxford_pets_sepfpl_4_0.1_10_[98/120] | ================================================================================
2025-11-21 07:16:32 | INFO | oxford_pets_sepfpl_4_0.1_10_[98/120] | 
2025-11-21 07:16:32 | INFO | oxford_pets_sepfpl_4_0.1_10_[98/120] | maximum test local acc: 86.596
2025-11-21 07:16:32 | INFO | oxford_pets_sepfpl_4_0.1_10_[98/120] | mean of local acc: 83.139
2025-11-21 07:16:32 | INFO | oxford_pets_sepfpl_4_0.1_10_[98/120] | maximum test neighbor acc: 83.518
2025-11-21 07:16:32 | INFO | oxford_pets_sepfpl_4_0.1_10_[98/120] | mean of neighbor acc: 80.766
