2025-11-21 07:19:00 | INFO | oxford_pets_sepfpl_8_0.1_10_[99/120] | Loading trainer: DP_FPL
2025-11-21 07:19:00 | INFO | oxford_pets_sepfpl_8_0.1_10_[99/120] | Loading dataset: OxfordPets
2025-11-21 07:19:00 | INFO | oxford_pets_sepfpl_8_0.1_10_[99/120] | Reading split from %s
2025-11-21 07:19:00 | INFO | oxford_pets_sepfpl_8_0.1_10_[99/120] | Creating a baseline federated dataset
2025-11-21 07:19:00 | INFO | oxford_pets_sepfpl_8_0.1_10_[99/120] | class_num %d
2025-11-21 07:19:00 | INFO | oxford_pets_sepfpl_8_0.1_10_[99/120] | user class dict total %s
2025-11-21 07:19:00 | INFO | oxford_pets_sepfpl_8_0.1_10_[99/120] | idx: %s, output_dict_len: %d
2025-11-21 07:19:00 | INFO | oxford_pets_sepfpl_8_0.1_10_[99/120] | user class dict total %s
2025-11-21 07:19:00 | INFO | oxford_pets_sepfpl_8_0.1_10_[99/120] | idx: %s, output_dict_len: %d
2025-11-21 07:19:00 | INFO | oxford_pets_sepfpl_8_0.1_10_[99/120] | user class dict total %s
2025-11-21 07:19:00 | INFO | oxford_pets_sepfpl_8_0.1_10_[99/120] | idx: %s, output_dict_len: %d
2025-11-21 07:19:00 | INFO | oxford_pets_sepfpl_8_0.1_10_[99/120] | user class dict total %s
2025-11-21 07:19:00 | INFO | oxford_pets_sepfpl_8_0.1_10_[99/120] | idx: %s, output_dict_len: %d
2025-11-21 07:19:00 | INFO | oxford_pets_sepfpl_8_0.1_10_[99/120] | user class dict total %s
2025-11-21 07:19:00 | INFO | oxford_pets_sepfpl_8_0.1_10_[99/120] | idx: %s, output_dict_len: %d
2025-11-21 07:19:00 | INFO | oxford_pets_sepfpl_8_0.1_10_[99/120] | user class dict total %s
2025-11-21 07:19:00 | INFO | oxford_pets_sepfpl_8_0.1_10_[99/120] | idx: %s, output_dict_len: %d
2025-11-21 07:19:00 | INFO | oxford_pets_sepfpl_8_0.1_10_[99/120] | user class dict total %s
2025-11-21 07:19:00 | INFO | oxford_pets_sepfpl_8_0.1_10_[99/120] | idx: %s, output_dict_len: %d
2025-11-21 07:19:00 | INFO | oxford_pets_sepfpl_8_0.1_10_[99/120] | user class dict total %s
2025-11-21 07:19:00 | INFO | oxford_pets_sepfpl_8_0.1_10_[99/120] | idx: %s, output_dict_len: %d
2025-11-21 07:19:00 | INFO | oxford_pets_sepfpl_8_0.1_10_[99/120] | user class dict total %s
2025-11-21 07:19:00 | INFO | oxford_pets_sepfpl_8_0.1_10_[99/120] | idx: %s, output_dict_len: %d
2025-11-21 07:19:00 | INFO | oxford_pets_sepfpl_8_0.1_10_[99/120] | user class dict total %s
2025-11-21 07:19:00 | INFO | oxford_pets_sepfpl_8_0.1_10_[99/120] | idx: %s, output_dict_len: %d
2025-11-21 07:19:00 | INFO | oxford_pets_sepfpl_8_0.1_10_[99/120] | Creating a baseline federated dataset
2025-11-21 07:19:00 | INFO | oxford_pets_sepfpl_8_0.1_10_[99/120] | class_num %d
2025-11-21 07:19:00 | INFO | oxford_pets_sepfpl_8_0.1_10_[99/120] | user class dict total %s
2025-11-21 07:19:00 | INFO | oxford_pets_sepfpl_8_0.1_10_[99/120] | idx: %s, output_dict_len: %d
2025-11-21 07:19:00 | INFO | oxford_pets_sepfpl_8_0.1_10_[99/120] | user class dict total %s
2025-11-21 07:19:00 | INFO | oxford_pets_sepfpl_8_0.1_10_[99/120] | idx: %s, output_dict_len: %d
2025-11-21 07:19:00 | INFO | oxford_pets_sepfpl_8_0.1_10_[99/120] | user class dict total %s
2025-11-21 07:19:00 | INFO | oxford_pets_sepfpl_8_0.1_10_[99/120] | idx: %s, output_dict_len: %d
2025-11-21 07:19:00 | INFO | oxford_pets_sepfpl_8_0.1_10_[99/120] | user class dict total %s
2025-11-21 07:19:00 | INFO | oxford_pets_sepfpl_8_0.1_10_[99/120] | idx: %s, output_dict_len: %d
2025-11-21 07:19:00 | INFO | oxford_pets_sepfpl_8_0.1_10_[99/120] | user class dict total %s
2025-11-21 07:19:00 | INFO | oxford_pets_sepfpl_8_0.1_10_[99/120] | idx: %s, output_dict_len: %d
2025-11-21 07:19:00 | INFO | oxford_pets_sepfpl_8_0.1_10_[99/120] | user class dict total %s
2025-11-21 07:19:00 | INFO | oxford_pets_sepfpl_8_0.1_10_[99/120] | idx: %s, output_dict_len: %d
2025-11-21 07:19:00 | INFO | oxford_pets_sepfpl_8_0.1_10_[99/120] | user class dict total %s
2025-11-21 07:19:00 | INFO | oxford_pets_sepfpl_8_0.1_10_[99/120] | idx: %s, output_dict_len: %d
2025-11-21 07:19:00 | INFO | oxford_pets_sepfpl_8_0.1_10_[99/120] | user class dict total %s
2025-11-21 07:19:00 | INFO | oxford_pets_sepfpl_8_0.1_10_[99/120] | idx: %s, output_dict_len: %d
2025-11-21 07:19:00 | INFO | oxford_pets_sepfpl_8_0.1_10_[99/120] | user class dict total %s
2025-11-21 07:19:00 | INFO | oxford_pets_sepfpl_8_0.1_10_[99/120] | idx: %s, output_dict_len: %d
2025-11-21 07:19:00 | INFO | oxford_pets_sepfpl_8_0.1_10_[99/120] | user class dict total %s
2025-11-21 07:19:00 | INFO | oxford_pets_sepfpl_8_0.1_10_[99/120] | idx: %s, output_dict_len: %d
2025-11-21 07:19:00 | INFO | oxford_pets_sepfpl_8_0.1_10_[99/120] | Loading CLIP (backbone: ViT-B/16)
2025-11-21 07:19:02 | INFO | oxford_pets_sepfpl_8_0.1_10_[99/120] | Building custom CLIP
2025-11-21 07:19:02 | INFO | oxford_pets_sepfpl_8_0.1_10_[99/120] | Turning off gradients in both the image and the text encoder
2025-11-21 07:19:02 | INFO | oxford_pets_sepfpl_8_0.1_10_[99/120] | [wandb] 正在初始化实验：project=SepFPL, name=oxford_pets-sepfpl-rank8-noise0.1-seed1-users10-99/120, mode=online
2025-11-21 07:19:07 | INFO | oxford_pets_sepfpl_8_0.1_10_[99/120] | [RDP-sepfpl] 轮次 1: ε=0.000186, std=22.926042
2025-11-21 07:19:13 | INFO | oxford_pets_sepfpl_8_0.1_10_[99/120] | [Epoch 1/30] 训练耗时: 6.25s | 平均训练准确率: 55.16
2025-11-21 07:19:13 | INFO | oxford_pets_sepfpl_8_0.1_10_[99/120] | [RDP-sepfpl] 轮次 2: ε=0.000385, std=15.932662
2025-11-21 07:19:19 | INFO | oxford_pets_sepfpl_8_0.1_10_[99/120] | [Epoch 2/30] 训练耗时: 5.42s | 平均训练准确率: 54.69
2025-11-21 07:19:19 | INFO | oxford_pets_sepfpl_8_0.1_10_[99/120] | [RDP-sepfpl] 轮次 3: ε=0.000589, std=12.877763
2025-11-21 07:19:24 | INFO | oxford_pets_sepfpl_8_0.1_10_[99/120] | [Epoch 3/30] 训练耗时: 5.23s | 平均训练准确率: 55.16
2025-11-21 07:19:24 | INFO | oxford_pets_sepfpl_8_0.1_10_[99/120] | [RDP-sepfpl] 轮次 4: ε=0.000797, std=11.072548
2025-11-21 07:19:29 | INFO | oxford_pets_sepfpl_8_0.1_10_[99/120] | [Epoch 4/30] 训练耗时: 5.30s | 平均训练准确率: 53.91
2025-11-21 07:19:29 | INFO | oxford_pets_sepfpl_8_0.1_10_[99/120] | [RDP-sepfpl] 轮次 5: ε=0.001007, std=9.848494
2025-11-21 07:19:35 | INFO | oxford_pets_sepfpl_8_0.1_10_[99/120] | [Epoch 5/30] 训练耗时: 5.35s | 平均训练准确率: 56.56
2025-11-21 07:19:35 | INFO | oxford_pets_sepfpl_8_0.1_10_[99/120] | [RDP-sepfpl] 轮次 6: ε=0.001219, std=8.949519
2025-11-21 07:19:40 | INFO | oxford_pets_sepfpl_8_0.1_10_[99/120] | [Epoch 6/30] 训练耗时: 5.45s | 平均训练准确率: 54.53
2025-11-21 07:19:40 | INFO | oxford_pets_sepfpl_8_0.1_10_[99/120] | [RDP-sepfpl] 轮次 7: ε=0.001433, std=8.253775
2025-11-21 07:19:45 | INFO | oxford_pets_sepfpl_8_0.1_10_[99/120] | [Epoch 7/30] 训练耗时: 5.27s | 平均训练准确率: 53.75
2025-11-21 07:19:45 | INFO | oxford_pets_sepfpl_8_0.1_10_[99/120] | [RDP-sepfpl] 轮次 8: ε=0.001649, std=7.694968
2025-11-21 07:19:51 | INFO | oxford_pets_sepfpl_8_0.1_10_[99/120] | [Epoch 8/30] 训练耗时: 5.24s | 平均训练准确率: 55.16
2025-11-21 07:19:51 | INFO | oxford_pets_sepfpl_8_0.1_10_[99/120] | [RDP-sepfpl] 轮次 9: ε=0.001866, std=7.233555
2025-11-21 07:19:56 | INFO | oxford_pets_sepfpl_8_0.1_10_[99/120] | [Epoch 9/30] 训练耗时: 5.31s | 平均训练准确率: 54.84
2025-11-21 07:19:56 | INFO | oxford_pets_sepfpl_8_0.1_10_[99/120] | [RDP-sepfpl] 轮次 10: ε=0.002085, std=6.844301
2025-11-21 07:20:01 | INFO | oxford_pets_sepfpl_8_0.1_10_[99/120] | [Epoch 10/30] 训练耗时: 5.19s | 平均训练准确率: 55.00
2025-11-21 07:20:01 | INFO | oxford_pets_sepfpl_8_0.1_10_[99/120] | [RDP-sepfpl] 轮次 11: ε=0.002304, std=6.510254
2025-11-21 07:20:06 | INFO | oxford_pets_sepfpl_8_0.1_10_[99/120] | [Epoch 11/30] 训练耗时: 5.22s | 平均训练准确率: 54.69
2025-11-21 07:20:06 | INFO | oxford_pets_sepfpl_8_0.1_10_[99/120] | [RDP-sepfpl] 轮次 12: ε=0.002525, std=6.219550
2025-11-21 07:20:12 | INFO | oxford_pets_sepfpl_8_0.1_10_[99/120] | [Epoch 12/30] 训练耗时: 5.27s | 平均训练准确率: 56.09
2025-11-21 07:20:12 | INFO | oxford_pets_sepfpl_8_0.1_10_[99/120] | [RDP-sepfpl] 轮次 13: ε=0.002746, std=5.963604
2025-11-21 07:20:17 | INFO | oxford_pets_sepfpl_8_0.1_10_[99/120] | [Epoch 13/30] 训练耗时: 5.27s | 平均训练准确率: 55.00
2025-11-21 07:20:17 | INFO | oxford_pets_sepfpl_8_0.1_10_[99/120] | [RDP-sepfpl] 轮次 14: ε=0.002968, std=5.736036
2025-11-21 07:20:22 | INFO | oxford_pets_sepfpl_8_0.1_10_[99/120] | [Epoch 14/30] 训练耗时: 5.21s | 平均训练准确率: 52.97
2025-11-21 07:20:22 | INFO | oxford_pets_sepfpl_8_0.1_10_[99/120] | [RDP-sepfpl] 轮次 15: ε=0.003191, std=5.531987
2025-11-21 07:20:27 | INFO | oxford_pets_sepfpl_8_0.1_10_[99/120] | [Epoch 15/30] 训练耗时: 5.28s | 平均训练准确率: 55.47
2025-11-21 07:20:27 | INFO | oxford_pets_sepfpl_8_0.1_10_[99/120] | [RDP-sepfpl] 轮次 16: ε=0.003415, std=5.347688
2025-11-21 07:20:33 | INFO | oxford_pets_sepfpl_8_0.1_10_[99/120] | [Epoch 16/30] 训练耗时: 5.25s | 平均训练准确率: 54.69
2025-11-21 07:20:33 | INFO | oxford_pets_sepfpl_8_0.1_10_[99/120] | [RDP-sepfpl] 轮次 17: ε=0.003639, std=5.180163
2025-11-21 07:20:38 | INFO | oxford_pets_sepfpl_8_0.1_10_[99/120] | [Epoch 17/30] 训练耗时: 5.29s | 平均训练准确率: 55.47
2025-11-21 07:20:38 | INFO | oxford_pets_sepfpl_8_0.1_10_[99/120] | [RDP-sepfpl] 轮次 18: ε=0.003864, std=5.027025
2025-11-21 07:20:43 | INFO | oxford_pets_sepfpl_8_0.1_10_[99/120] | [Epoch 18/30] 训练耗时: 5.41s | 平均训练准确率: 55.47
2025-11-21 07:20:43 | INFO | oxford_pets_sepfpl_8_0.1_10_[99/120] | [RDP-sepfpl] 轮次 19: ε=0.004090, std=4.886337
2025-11-21 07:20:49 | INFO | oxford_pets_sepfpl_8_0.1_10_[99/120] | [Epoch 19/30] 训练耗时: 5.23s | 平均训练准确率: 52.97
2025-11-21 07:20:49 | INFO | oxford_pets_sepfpl_8_0.1_10_[99/120] | [RDP-sepfpl] 轮次 20: ε=0.004316, std=4.756509
2025-11-21 07:20:54 | INFO | oxford_pets_sepfpl_8_0.1_10_[99/120] | [Epoch 20/30] 训练耗时: 5.21s | 平均训练准确率: 54.22
2025-11-21 07:20:54 | INFO | oxford_pets_sepfpl_8_0.1_10_[99/120] | [RDP-sepfpl] 轮次 21: ε=0.004543, std=4.636219
2025-11-21 07:20:59 | INFO | oxford_pets_sepfpl_8_0.1_10_[99/120] | [Epoch 21/30] 训练耗时: 5.32s | 平均训练准确率: 56.41
2025-11-21 07:20:59 | INFO | oxford_pets_sepfpl_8_0.1_10_[99/120] | [RDP-sepfpl] 轮次 22: ε=0.004771, std=4.524360
2025-11-21 07:21:04 | INFO | oxford_pets_sepfpl_8_0.1_10_[99/120] | [Epoch 22/30] 训练耗时: 5.23s | 平均训练准确率: 54.06
2025-11-21 07:21:04 | INFO | oxford_pets_sepfpl_8_0.1_10_[99/120] | [RDP-sepfpl] 轮次 23: ε=0.004999, std=4.419997
2025-11-21 07:21:10 | INFO | oxford_pets_sepfpl_8_0.1_10_[99/120] | [Epoch 23/30] 训练耗时: 5.25s | 平均训练准确率: 55.78
2025-11-21 07:21:10 | INFO | oxford_pets_sepfpl_8_0.1_10_[99/120] | [RDP-sepfpl] 轮次 24: ε=0.005227, std=4.322333
2025-11-21 07:21:15 | INFO | oxford_pets_sepfpl_8_0.1_10_[99/120] | [Epoch 24/30] 训练耗时: 5.41s | 平均训练准确率: 52.97
2025-11-21 07:21:15 | INFO | oxford_pets_sepfpl_8_0.1_10_[99/120] | [RDP-sepfpl] 轮次 25: ε=0.005456, std=4.230684
2025-11-21 07:21:20 | INFO | oxford_pets_sepfpl_8_0.1_10_[99/120] | [Epoch 25/30] 训练耗时: 5.35s | 平均训练准确率: 57.19
2025-11-21 07:21:20 | INFO | oxford_pets_sepfpl_8_0.1_10_[99/120] | [RDP-sepfpl] 轮次 26: ε=0.005685, std=4.144461
2025-11-21 07:21:26 | INFO | oxford_pets_sepfpl_8_0.1_10_[99/120] | [Epoch 26/30] 训练耗时: 5.17s | 平均训练准确率: 52.81
2025-11-21 07:21:26 | INFO | oxford_pets_sepfpl_8_0.1_10_[99/120] | [RDP-sepfpl] 轮次 27: ε=0.005915, std=4.063152
2025-11-21 07:21:31 | INFO | oxford_pets_sepfpl_8_0.1_10_[99/120] | [Epoch 27/30] 训练耗时: 5.25s | 平均训练准确率: 53.91
2025-11-21 07:21:31 | INFO | oxford_pets_sepfpl_8_0.1_10_[99/120] | [RDP-sepfpl] 轮次 28: ε=0.006146, std=3.986310
2025-11-21 07:21:36 | INFO | oxford_pets_sepfpl_8_0.1_10_[99/120] | [Epoch 28/30] 训练耗时: 5.30s | 平均训练准确率: 55.78
2025-11-21 07:21:36 | INFO | oxford_pets_sepfpl_8_0.1_10_[99/120] | 
2025-11-21 07:21:36 | INFO | oxford_pets_sepfpl_8_0.1_10_[99/120] | ================================================================================
2025-11-21 07:21:36 | INFO | oxford_pets_sepfpl_8_0.1_10_[99/120] |                     TEST START - Epoch 28/30
2025-11-21 07:21:36 | INFO | oxford_pets_sepfpl_8_0.1_10_[99/120] | ================================================================================
2025-11-21 07:21:36 | INFO | oxford_pets_sepfpl_8_0.1_10_[99/120] | 
2025-11-21 07:27:07 | INFO | oxford_pets_sepfpl_8_0.1_10_[99/120] | 
================= Local Test Results ==================
+----------+----------+------------+----------+
| Client   | Accuracy | Error Rate | Macro F1 |
+----------+----------+------------+----------+
| Client 0 |    67.92 |      32.08 |    70.98 |
| Client 1 |    67.92 |      32.08 |    70.89 |
| Client 2 |    86.38 |      13.62 |    91.98 |
| Client 3 |    40.30 |      59.70 |    43.10 |
| Client 4 |    71.76 |      28.24 |    67.51 |
| Client 5 |    88.22 |      11.78 |    93.39 |
| Client 6 |    67.00 |      33.00 |    70.76 |
| Client 7 |    73.50 |      26.50 |    74.23 |
| Client 8 |    97.00 |       3.00 |    98.35 |
| Client 9 |    98.00 |       2.00 |    98.99 |
| Average  |    75.80 |      24.20 |    78.02 |
+----------+----------+------------+----------+

2025-11-21 07:27:07 | INFO | oxford_pets_sepfpl_8_0.1_10_[99/120] | 
================= Neighbor Test Results ==================
+----------+----------+------------+----------+
| Client   | Accuracy | Error Rate | Macro F1 |
+----------+----------+------------+----------+
| Client 0 |    72.78 |      27.22 |    66.94 |
| Client 1 |    66.48 |      33.52 |    61.13 |
| Client 2 |    61.80 |      38.20 |    55.61 |
| Client 3 |    75.76 |      24.24 |    71.49 |
| Client 4 |    76.00 |      24.00 |    71.94 |
| Client 5 |    77.46 |      22.54 |    73.32 |
| Client 6 |    80.64 |      19.36 |    78.62 |
| Client 7 |    79.44 |      20.56 |    75.77 |
| Client 8 |    75.89 |      24.11 |    72.40 |
| Client 9 |    77.05 |      22.95 |    72.89 |
| Average  |    74.33 |      25.67 |    70.01 |
+----------+----------+------------+----------+

2025-11-21 07:27:07 | INFO | oxford_pets_sepfpl_8_0.1_10_[99/120] | 
2025-11-21 07:27:07 | INFO | oxford_pets_sepfpl_8_0.1_10_[99/120] | ================================================================================
2025-11-21 07:27:07 | INFO | oxford_pets_sepfpl_8_0.1_10_[99/120] |                     TEST FINISH - Epoch 28/30
2025-11-21 07:27:07 | INFO | oxford_pets_sepfpl_8_0.1_10_[99/120] |                     测试耗时: 330.56s
2025-11-21 07:27:07 | INFO | oxford_pets_sepfpl_8_0.1_10_[99/120] | ================================================================================
2025-11-21 07:27:07 | INFO | oxford_pets_sepfpl_8_0.1_10_[99/120] | 
2025-11-21 07:27:07 | INFO | oxford_pets_sepfpl_8_0.1_10_[99/120] | [RDP-sepfpl] 轮次 29: ε=0.006376, std=3.913543
2025-11-21 07:27:12 | INFO | oxford_pets_sepfpl_8_0.1_10_[99/120] | [Epoch 29/30] 训练耗时: 5.22s | 平均训练准确率: 67.97
2025-11-21 07:27:12 | INFO | oxford_pets_sepfpl_8_0.1_10_[99/120] | 
2025-11-21 07:27:12 | INFO | oxford_pets_sepfpl_8_0.1_10_[99/120] | ================================================================================
2025-11-21 07:27:12 | INFO | oxford_pets_sepfpl_8_0.1_10_[99/120] |                     TEST START - Epoch 29/30
2025-11-21 07:27:12 | INFO | oxford_pets_sepfpl_8_0.1_10_[99/120] | ================================================================================
2025-11-21 07:27:12 | INFO | oxford_pets_sepfpl_8_0.1_10_[99/120] | 
2025-11-21 07:32:38 | INFO | oxford_pets_sepfpl_8_0.1_10_[99/120] | 
================= Local Test Results ==================
+----------+----------+------------+----------+
| Client   | Accuracy | Error Rate | Macro F1 |
+----------+----------+------------+----------+
| Client 0 |    69.17 |      30.83 |    71.91 |
| Client 1 |    95.49 |       4.51 |    97.67 |
| Client 2 |    81.75 |      18.25 |    88.28 |
| Client 3 |    67.25 |      32.75 |    69.32 |
| Client 4 |    73.06 |      26.94 |    70.89 |
| Client 5 |    91.48 |       8.52 |    95.08 |
| Client 6 |    89.50 |      10.50 |    94.19 |
| Client 7 |    74.50 |      25.50 |    75.12 |
| Client 8 |    95.50 |       4.50 |    97.57 |
| Client 9 |    99.00 |       1.00 |    99.50 |
| Average  |    83.67 |      16.33 |    85.95 |
+----------+----------+------------+----------+

2025-11-21 07:32:38 | INFO | oxford_pets_sepfpl_8_0.1_10_[99/120] | 
================= Neighbor Test Results ==================
+----------+----------+------------+----------+
| Client   | Accuracy | Error Rate | Macro F1 |
+----------+----------+------------+----------+
| Client 0 |    84.34 |      15.66 |    82.54 |
| Client 1 |    81.83 |      18.17 |    80.36 |
| Client 2 |    82.87 |      17.13 |    80.16 |
| Client 3 |    82.33 |      17.67 |    80.89 |
| Client 4 |    82.97 |      17.03 |    81.05 |
| Client 5 |    82.63 |      17.37 |    79.85 |
| Client 6 |    83.39 |      16.61 |    81.96 |
| Client 7 |    85.81 |      14.19 |    83.43 |
| Client 8 |    82.50 |      17.50 |    79.69 |
| Client 9 |    81.20 |      18.80 |    78.14 |
| Average  |    82.99 |      17.01 |    80.81 |
+----------+----------+------------+----------+

2025-11-21 07:32:38 | INFO | oxford_pets_sepfpl_8_0.1_10_[99/120] | 
2025-11-21 07:32:38 | INFO | oxford_pets_sepfpl_8_0.1_10_[99/120] | ================================================================================
2025-11-21 07:32:38 | INFO | oxford_pets_sepfpl_8_0.1_10_[99/120] |                     TEST FINISH - Epoch 29/30
2025-11-21 07:32:38 | INFO | oxford_pets_sepfpl_8_0.1_10_[99/120] |                     测试耗时: 325.86s
2025-11-21 07:32:38 | INFO | oxford_pets_sepfpl_8_0.1_10_[99/120] | ================================================================================
2025-11-21 07:32:38 | INFO | oxford_pets_sepfpl_8_0.1_10_[99/120] | 
2025-11-21 07:32:38 | INFO | oxford_pets_sepfpl_8_0.1_10_[99/120] | [RDP-sepfpl] 轮次 30: ε=0.006607, std=3.844505
2025-11-21 07:32:43 | INFO | oxford_pets_sepfpl_8_0.1_10_[99/120] | [Epoch 30/30] 训练耗时: 5.32s | 平均训练准确率: 72.19
2025-11-21 07:32:43 | INFO | oxford_pets_sepfpl_8_0.1_10_[99/120] | 
2025-11-21 07:32:43 | INFO | oxford_pets_sepfpl_8_0.1_10_[99/120] | ================================================================================
2025-11-21 07:32:43 | INFO | oxford_pets_sepfpl_8_0.1_10_[99/120] |                     TEST START - Epoch 30/30
2025-11-21 07:32:43 | INFO | oxford_pets_sepfpl_8_0.1_10_[99/120] | ================================================================================
2025-11-21 07:32:43 | INFO | oxford_pets_sepfpl_8_0.1_10_[99/120] | 
2025-11-21 07:38:07 | INFO | oxford_pets_sepfpl_8_0.1_10_[99/120] | 
================= Local Test Results ==================
+----------+----------+------------+----------+
| Client   | Accuracy | Error Rate | Macro F1 |
+----------+----------+------------+----------+
| Client 0 |    70.68 |      29.32 |    73.49 |
| Client 1 |    92.73 |       7.27 |    96.19 |
| Client 2 |    87.92 |      12.08 |    93.00 |
| Client 3 |    74.56 |      25.44 |    81.63 |
| Client 4 |    74.35 |      25.65 |    71.26 |
| Client 5 |    93.48 |       6.52 |    96.43 |
| Client 6 |    95.75 |       4.25 |    97.69 |
| Client 7 |    74.25 |      25.75 |    74.62 |
| Client 8 |    93.25 |       6.75 |    96.48 |
| Client 9 |    98.00 |       2.00 |    98.99 |
| Average  |    85.50 |      14.50 |    87.98 |
+----------+----------+------------+----------+

2025-11-21 07:38:07 | INFO | oxford_pets_sepfpl_8_0.1_10_[99/120] | 
================= Neighbor Test Results ==================
+----------+----------+------------+----------+
| Client   | Accuracy | Error Rate | Macro F1 |
+----------+----------+------------+----------+
| Client 0 |    86.88 |      13.12 |    85.53 |
| Client 1 |    83.67 |      16.33 |    81.03 |
| Client 2 |    84.91 |      15.09 |    82.03 |
| Client 3 |    86.12 |      13.88 |    83.70 |
| Client 4 |    86.87 |      13.13 |    85.24 |
| Client 5 |    84.59 |      15.41 |    82.37 |
| Client 6 |    84.67 |      15.33 |    83.92 |
| Client 7 |    87.21 |      12.79 |    84.96 |
| Client 8 |    84.55 |      15.45 |    81.93 |
| Client 9 |    84.09 |      15.91 |    81.29 |
| Average  |    85.36 |      14.64 |    83.20 |
+----------+----------+------------+----------+

2025-11-21 07:38:07 | INFO | oxford_pets_sepfpl_8_0.1_10_[99/120] | 
2025-11-21 07:38:07 | INFO | oxford_pets_sepfpl_8_0.1_10_[99/120] | ================================================================================
2025-11-21 07:38:07 | INFO | oxford_pets_sepfpl_8_0.1_10_[99/120] |                     TEST FINISH - Epoch 30/30
2025-11-21 07:38:07 | INFO | oxford_pets_sepfpl_8_0.1_10_[99/120] |                     测试耗时: 324.04s
2025-11-21 07:38:07 | INFO | oxford_pets_sepfpl_8_0.1_10_[99/120] | ================================================================================
2025-11-21 07:38:07 | INFO | oxford_pets_sepfpl_8_0.1_10_[99/120] | 
2025-11-21 07:38:07 | INFO | oxford_pets_sepfpl_8_0.1_10_[99/120] | maximum test local acc: 85.497
2025-11-21 07:38:07 | INFO | oxford_pets_sepfpl_8_0.1_10_[99/120] | mean of local acc: 81.656
2025-11-21 07:38:07 | INFO | oxford_pets_sepfpl_8_0.1_10_[99/120] | maximum test neighbor acc: 85.357
2025-11-21 07:38:07 | INFO | oxford_pets_sepfpl_8_0.1_10_[99/120] | mean of neighbor acc: 80.892
