2025-11-17 01:28:53 - 8_0.1_1 - INFO - 日志文件已创建: logs/food-101/fedotp/8_0.1_1_20251117_012853.log
2025-11-17 01:28:53 - 8_0.1_1 - INFO - Loading trainer: DP_FPL
2025-11-17 01:28:53 - 8_0.1_1 - INFO - Loading dataset: Food101
2025-11-17 01:28:53 - 8_0.1_1 - INFO - Reading split from /home/liuxin25/dataset/food-101/split_zhou_Food101.json
2025-11-17 01:28:53 - 8_0.1_1 - INFO - Creating a baseline federated dataset
2025-11-17 01:28:53 - 8_0.1_1 - INFO - class_num 101
2025-11-17 01:28:53 - 8_0.1_1 - INFO - user class dict total [20, 79, 94, 54, 52, 65, 0, 1, 48, 74]
2025-11-17 01:28:53 - 8_0.1_1 - INFO - idx: 0, output_dict_len: 500
2025-11-17 01:28:53 - 8_0.1_1 - INFO - user class dict total [44, 99, 35, 69, 82, 42, 33, 14, 5, 62]
2025-11-17 01:28:53 - 8_0.1_1 - INFO - idx: 1, output_dict_len: 500
2025-11-17 01:28:53 - 8_0.1_1 - INFO - user class dict total [32, 55, 97, 10, 21, 31, 91, 27, 28, 76]
2025-11-17 01:28:53 - 8_0.1_1 - INFO - idx: 2, output_dict_len: 500
2025-11-17 01:28:53 - 8_0.1_1 - INFO - user class dict total [80, 71, 66, 58, 23, 70, 60, 72, 17, 18]
2025-11-17 01:28:53 - 8_0.1_1 - INFO - idx: 3, output_dict_len: 500
2025-11-17 01:28:53 - 8_0.1_1 - INFO - user class dict total [45, 34, 11, 56, 85, 13, 41, 30, 24, 86]
2025-11-17 01:28:53 - 8_0.1_1 - INFO - idx: 4, output_dict_len: 500
2025-11-17 01:28:53 - 8_0.1_1 - INFO - user class dict total [51, 75, 37, 6, 53, 95, 96, 39, 47, 90]
2025-11-17 01:28:53 - 8_0.1_1 - INFO - idx: 5, output_dict_len: 500
2025-11-17 01:28:53 - 8_0.1_1 - INFO - user class dict total [36, 7, 50, 3, 63, 59, 9, 77, 64, 93]
2025-11-17 01:28:53 - 8_0.1_1 - INFO - idx: 6, output_dict_len: 500
2025-11-17 01:28:53 - 8_0.1_1 - INFO - user class dict total [87, 98, 61, 19, 25, 4, 16, 8, 46, 26]
2025-11-17 01:28:53 - 8_0.1_1 - INFO - idx: 7, output_dict_len: 500
2025-11-17 01:28:53 - 8_0.1_1 - INFO - user class dict total [2, 92, 84, 29, 22, 88, 67, 68, 38, 83]
2025-11-17 01:28:53 - 8_0.1_1 - INFO - idx: 8, output_dict_len: 500
2025-11-17 01:28:53 - 8_0.1_1 - INFO - user class dict total [15, 12, 81, 43, 73, 78, 40, 100, 57, 89, 49]
2025-11-17 01:28:53 - 8_0.1_1 - INFO - idx: 9, output_dict_len: 550
2025-11-17 01:28:53 - 8_0.1_1 - INFO - Creating a baseline federated dataset
2025-11-17 01:28:53 - 8_0.1_1 - INFO - class_num 101
2025-11-17 01:28:53 - 8_0.1_1 - INFO - user class dict total [20, 79, 94, 54, 52, 65, 0, 1, 48, 74]
2025-11-17 01:28:53 - 8_0.1_1 - INFO - idx: 0, output_dict_len: 300
2025-11-17 01:28:53 - 8_0.1_1 - INFO - user class dict total [44, 99, 35, 69, 82, 42, 33, 14, 5, 62]
2025-11-17 01:28:53 - 8_0.1_1 - INFO - idx: 1, output_dict_len: 300
2025-11-17 01:28:53 - 8_0.1_1 - INFO - user class dict total [32, 55, 97, 10, 21, 31, 91, 27, 28, 76]
2025-11-17 01:28:53 - 8_0.1_1 - INFO - idx: 2, output_dict_len: 300
2025-11-17 01:28:53 - 8_0.1_1 - INFO - user class dict total [80, 71, 66, 58, 23, 70, 60, 72, 17, 18]
2025-11-17 01:28:53 - 8_0.1_1 - INFO - idx: 3, output_dict_len: 300
2025-11-17 01:28:53 - 8_0.1_1 - INFO - user class dict total [45, 34, 11, 56, 85, 13, 41, 30, 24, 86]
2025-11-17 01:28:53 - 8_0.1_1 - INFO - idx: 4, output_dict_len: 300
2025-11-17 01:28:53 - 8_0.1_1 - INFO - user class dict total [51, 75, 37, 6, 53, 95, 96, 39, 47, 90]
2025-11-17 01:28:53 - 8_0.1_1 - INFO - idx: 5, output_dict_len: 300
2025-11-17 01:28:53 - 8_0.1_1 - INFO - user class dict total [36, 7, 50, 3, 63, 59, 9, 77, 64, 93]
2025-11-17 01:28:53 - 8_0.1_1 - INFO - idx: 6, output_dict_len: 300
2025-11-17 01:28:53 - 8_0.1_1 - INFO - user class dict total [87, 98, 61, 19, 25, 4, 16, 8, 46, 26]
2025-11-17 01:28:53 - 8_0.1_1 - INFO - idx: 7, output_dict_len: 300
2025-11-17 01:28:53 - 8_0.1_1 - INFO - user class dict total [2, 92, 84, 29, 22, 88, 67, 68, 38, 83]
2025-11-17 01:28:53 - 8_0.1_1 - INFO - idx: 8, output_dict_len: 300
2025-11-17 01:28:53 - 8_0.1_1 - INFO - user class dict total [15, 12, 81, 43, 73, 78, 40, 100, 57, 89, 49]
2025-11-17 01:28:53 - 8_0.1_1 - INFO - idx: 9, output_dict_len: 330
2025-11-17 01:28:53 - 8_0.1_1 - INFO - Loading CLIP (backbone: ViT-B/16)
2025-11-17 01:28:55 - 8_0.1_1 - INFO - Building custom CLIP
2025-11-17 01:28:55 - 8_0.1_1 - INFO - Turning off gradients in both the image and the text encoder
2025-11-17 01:29:40 - 8_0.1_1 - INFO - [Epoch 1/30] 训练耗时: 44.64s | 平均训练准确率: 28.27
2025-11-17 01:30:24 - 8_0.1_1 - INFO - [Epoch 2/30] 训练耗时: 43.69s | 平均训练准确率: 60.15
2025-11-17 01:31:06 - 8_0.1_1 - INFO - [Epoch 3/30] 训练耗时: 42.51s | 平均训练准确率: 63.60
2025-11-17 01:31:50 - 8_0.1_1 - INFO - [Epoch 4/30] 训练耗时: 43.44s | 平均训练准确率: 67.69
2025-11-17 01:32:33 - 8_0.1_1 - INFO - [Epoch 5/30] 训练耗时: 43.21s | 平均训练准确率: 64.71
2025-11-17 01:33:16 - 8_0.1_1 - INFO - [Epoch 6/30] 训练耗时: 43.20s | 平均训练准确率: 70.02
2025-11-17 01:33:59 - 8_0.1_1 - INFO - [Epoch 7/30] 训练耗时: 43.11s | 平均训练准确率: 69.81
2025-11-17 01:34:42 - 8_0.1_1 - INFO - [Epoch 8/30] 训练耗时: 43.39s | 平均训练准确率: 71.71
2025-11-17 01:35:26 - 8_0.1_1 - INFO - [Epoch 9/30] 训练耗时: 43.30s | 平均训练准确率: 71.35
2025-11-17 01:36:09 - 8_0.1_1 - INFO - [Epoch 10/30] 训练耗时: 43.19s | 平均训练准确率: 69.58
2025-11-17 01:36:52 - 8_0.1_1 - INFO - [Epoch 11/30] 训练耗时: 42.86s | 平均训练准确率: 71.83
2025-11-17 01:37:35 - 8_0.1_1 - INFO - [Epoch 12/30] 训练耗时: 42.93s | 平均训练准确率: 72.00
2025-11-17 01:38:18 - 8_0.1_1 - INFO - [Epoch 13/30] 训练耗时: 43.23s | 平均训练准确率: 70.27
2025-11-17 01:39:01 - 8_0.1_1 - INFO - [Epoch 14/30] 训练耗时: 43.34s | 平均训练准确率: 72.38
2025-11-17 01:39:45 - 8_0.1_1 - INFO - [Epoch 15/30] 训练耗时: 43.38s | 平均训练准确率: 72.02
2025-11-17 01:40:28 - 8_0.1_1 - INFO - [Epoch 16/30] 训练耗时: 43.18s | 平均训练准确率: 71.23
2025-11-17 01:41:09 - 8_0.1_1 - INFO - [Epoch 17/30] 训练耗时: 40.76s | 平均训练准确率: 70.65
2025-11-17 01:41:48 - 8_0.1_1 - INFO - [Epoch 18/30] 训练耗时: 39.62s | 平均训练准确率: 72.60
2025-11-17 01:42:28 - 8_0.1_1 - INFO - [Epoch 19/30] 训练耗时: 39.51s | 平均训练准确率: 72.27
2025-11-17 01:43:06 - 8_0.1_1 - INFO - [Epoch 20/30] 训练耗时: 38.25s | 平均训练准确率: 72.50
2025-11-17 01:43:45 - 8_0.1_1 - INFO - [Epoch 21/30] 训练耗时: 39.37s | 平均训练准确率: 72.79
2025-11-17 01:44:25 - 8_0.1_1 - INFO - [Epoch 22/30] 训练耗时: 39.60s | 平均训练准确率: 73.19
2025-11-17 01:45:09 - 8_0.1_1 - INFO - [Epoch 23/30] 训练耗时: 43.60s | 平均训练准确率: 70.25
2025-11-17 01:45:50 - 8_0.1_1 - INFO - [Epoch 24/30] 训练耗时: 41.16s | 平均训练准确率: 70.42
2025-11-17 01:46:29 - 8_0.1_1 - INFO - [Epoch 25/30] 训练耗时: 39.21s | 平均训练准确率: 70.90
2025-11-17 01:47:11 - 8_0.1_1 - INFO - [Epoch 26/30] 训练耗时: 41.81s | 平均训练准确率: 72.88
2025-11-17 01:47:54 - 8_0.1_1 - INFO - [Epoch 27/30] 训练耗时: 43.64s | 平均训练准确率: 72.48
2025-11-17 01:48:38 - 8_0.1_1 - INFO - [Epoch 28/30] 训练耗时: 43.36s | 平均训练准确率: 71.98
2025-11-17 01:48:38 - 8_0.1_1 - INFO - ------------local test start-------------
2025-11-17 01:48:38 - 8_0.1_1 - INFO - Evaluate on the client0 local set
2025-11-17 01:48:40 - 8_0.1_1 - INFO - => result | total 300 | correct 241 | acc 80.33% | err 19.67% | macro_f1 88.64%
2025-11-17 01:48:40 - 8_0.1_1 - INFO - Evaluate on the client0 neighbor set
2025-11-17 01:49:00 - 8_0.1_1 - INFO - => result | total 2,730 | correct 2,221 | acc 81.36% | err 18.64% | macro_f1 81.28%
2025-11-17 01:49:00 - 8_0.1_1 - INFO - Evaluate on the client1 local set
2025-11-17 01:49:02 - 8_0.1_1 - INFO - => result | total 300 | correct 222 | acc 74.00% | err 26.00% | macro_f1 82.83%
2025-11-17 01:49:02 - 8_0.1_1 - INFO - Evaluate on the client1 neighbor set
2025-11-17 01:49:21 - 8_0.1_1 - INFO - => result | total 2,730 | correct 2,241 | acc 82.09% | err 17.91% | macro_f1 82.24%
2025-11-17 01:49:21 - 8_0.1_1 - INFO - Evaluate on the client2 local set
2025-11-17 01:49:23 - 8_0.1_1 - INFO - => result | total 300 | correct 242 | acc 80.67% | err 19.33% | macro_f1 88.14%
2025-11-17 01:49:23 - 8_0.1_1 - INFO - Evaluate on the client2 neighbor set
2025-11-17 01:49:42 - 8_0.1_1 - INFO - => result | total 2,730 | correct 2,218 | acc 81.25% | err 18.75% | macro_f1 81.17%
2025-11-17 01:49:42 - 8_0.1_1 - INFO - Evaluate on the client3 local set
2025-11-17 01:49:44 - 8_0.1_1 - INFO - => result | total 300 | correct 244 | acc 81.33% | err 18.67% | macro_f1 88.66%
2025-11-17 01:49:44 - 8_0.1_1 - INFO - Evaluate on the client3 neighbor set
2025-11-17 01:50:03 - 8_0.1_1 - INFO - => result | total 2,730 | correct 2,216 | acc 81.17% | err 18.83% | macro_f1 81.20%
2025-11-17 01:50:03 - 8_0.1_1 - INFO - Evaluate on the client4 local set
2025-11-17 01:50:05 - 8_0.1_1 - INFO - => result | total 300 | correct 267 | acc 89.00% | err 11.00% | macro_f1 93.21%
2025-11-17 01:50:05 - 8_0.1_1 - INFO - Evaluate on the client4 neighbor set
2025-11-17 01:50:24 - 8_0.1_1 - INFO - => result | total 2,730 | correct 2,194 | acc 80.37% | err 19.63% | macro_f1 80.81%
2025-11-17 01:50:24 - 8_0.1_1 - INFO - Evaluate on the client5 local set
2025-11-17 01:50:26 - 8_0.1_1 - INFO - => result | total 300 | correct 209 | acc 69.67% | err 30.33% | macro_f1 76.36%
2025-11-17 01:50:26 - 8_0.1_1 - INFO - Evaluate on the client5 neighbor set
2025-11-17 01:50:44 - 8_0.1_1 - INFO - => result | total 2,730 | correct 2,251 | acc 82.45% | err 17.55% | macro_f1 82.83%
2025-11-17 01:50:44 - 8_0.1_1 - INFO - Evaluate on the client6 local set
2025-11-17 01:50:46 - 8_0.1_1 - INFO - => result | total 300 | correct 251 | acc 83.67% | err 16.33% | macro_f1 88.96%
2025-11-17 01:50:46 - 8_0.1_1 - INFO - Evaluate on the client6 neighbor set
2025-11-17 01:51:05 - 8_0.1_1 - INFO - => result | total 2,730 | correct 2,209 | acc 80.92% | err 19.08% | macro_f1 81.33%
2025-11-17 01:51:05 - 8_0.1_1 - INFO - Evaluate on the client7 local set
2025-11-17 01:51:07 - 8_0.1_1 - INFO - => result | total 300 | correct 246 | acc 82.00% | err 18.00% | macro_f1 87.92%
2025-11-17 01:51:07 - 8_0.1_1 - INFO - Evaluate on the client7 neighbor set
2025-11-17 01:51:26 - 8_0.1_1 - INFO - => result | total 2,730 | correct 2,212 | acc 81.03% | err 18.97% | macro_f1 81.54%
2025-11-17 01:51:26 - 8_0.1_1 - INFO - Evaluate on the client8 local set
2025-11-17 01:51:28 - 8_0.1_1 - INFO - => result | total 300 | correct 261 | acc 87.00% | err 13.00% | macro_f1 91.57%
2025-11-17 01:51:28 - 8_0.1_1 - INFO - Evaluate on the client8 neighbor set
2025-11-17 01:51:46 - 8_0.1_1 - INFO - => result | total 2,730 | correct 2,197 | acc 80.48% | err 19.52% | macro_f1 80.80%
2025-11-17 01:51:46 - 8_0.1_1 - INFO - Evaluate on the client9 local set
2025-11-17 01:51:49 - 8_0.1_1 - INFO - => result | total 330 | correct 277 | acc 83.94% | err 16.06% | macro_f1 89.73%
2025-11-17 01:51:49 - 8_0.1_1 - INFO - Evaluate on the client9 neighbor set
2025-11-17 01:52:07 - 8_0.1_1 - INFO - => result | total 2,700 | correct 2,180 | acc 80.74% | err 19.26% | macro_f1 80.94%
2025-11-17 01:52:07 - 8_0.1_1 - INFO - Global test local acc: 81.16
2025-11-17 01:52:07 - 8_0.1_1 - INFO - Global test neighbor acc: 81.18
2025-11-17 01:52:07 - 8_0.1_1 - INFO - ------------local test finish-------------
2025-11-17 01:52:07 - 8_0.1_1 - INFO - [Epoch 28/30] 测试耗时: 209.34s
2025-11-17 01:52:46 - 8_0.1_1 - INFO - [Epoch 29/30] 训练耗时: 39.27s | 平均训练准确率: 70.60
2025-11-17 01:52:46 - 8_0.1_1 - INFO - ------------local test start-------------
2025-11-17 01:52:46 - 8_0.1_1 - INFO - Evaluate on the client0 local set
2025-11-17 01:52:48 - 8_0.1_1 - INFO - => result | total 300 | correct 221 | acc 73.67% | err 26.33% | macro_f1 82.89%
2025-11-17 01:52:48 - 8_0.1_1 - INFO - Evaluate on the client0 neighbor set
2025-11-17 01:53:07 - 8_0.1_1 - INFO - => result | total 2,730 | correct 2,192 | acc 80.29% | err 19.71% | macro_f1 80.20%
2025-11-17 01:53:07 - 8_0.1_1 - INFO - Evaluate on the client1 local set
2025-11-17 01:53:09 - 8_0.1_1 - INFO - => result | total 300 | correct 218 | acc 72.67% | err 27.33% | macro_f1 81.37%
2025-11-17 01:53:09 - 8_0.1_1 - INFO - Evaluate on the client1 neighbor set
2025-11-17 01:53:28 - 8_0.1_1 - INFO - => result | total 2,730 | correct 2,194 | acc 80.37% | err 19.63% | macro_f1 80.57%
2025-11-17 01:53:28 - 8_0.1_1 - INFO - Evaluate on the client2 local set
2025-11-17 01:53:30 - 8_0.1_1 - INFO - => result | total 300 | correct 244 | acc 81.33% | err 18.67% | macro_f1 88.68%
2025-11-17 01:53:30 - 8_0.1_1 - INFO - Evaluate on the client2 neighbor set
2025-11-17 01:53:48 - 8_0.1_1 - INFO - => result | total 2,730 | correct 2,168 | acc 79.41% | err 20.59% | macro_f1 79.27%
2025-11-17 01:53:48 - 8_0.1_1 - INFO - Evaluate on the client3 local set
2025-11-17 01:53:50 - 8_0.1_1 - INFO - => result | total 300 | correct 242 | acc 80.67% | err 19.33% | macro_f1 88.10%
2025-11-17 01:53:50 - 8_0.1_1 - INFO - Evaluate on the client3 neighbor set
2025-11-17 01:54:09 - 8_0.1_1 - INFO - => result | total 2,730 | correct 2,169 | acc 79.45% | err 20.55% | macro_f1 79.52%
2025-11-17 01:54:09 - 8_0.1_1 - INFO - Evaluate on the client4 local set
2025-11-17 01:54:11 - 8_0.1_1 - INFO - => result | total 300 | correct 263 | acc 87.67% | err 12.33% | macro_f1 92.46%
2025-11-17 01:54:11 - 8_0.1_1 - INFO - Evaluate on the client4 neighbor set
2025-11-17 01:54:30 - 8_0.1_1 - INFO - => result | total 2,730 | correct 2,147 | acc 78.64% | err 21.36% | macro_f1 79.01%
2025-11-17 01:54:30 - 8_0.1_1 - INFO - Evaluate on the client5 local set
2025-11-17 01:54:32 - 8_0.1_1 - INFO - => result | total 300 | correct 215 | acc 71.67% | err 28.33% | macro_f1 78.37%
2025-11-17 01:54:32 - 8_0.1_1 - INFO - Evaluate on the client5 neighbor set
2025-11-17 01:54:50 - 8_0.1_1 - INFO - => result | total 2,730 | correct 2,194 | acc 80.37% | err 19.63% | macro_f1 80.57%
2025-11-17 01:54:50 - 8_0.1_1 - INFO - Evaluate on the client6 local set
2025-11-17 01:54:52 - 8_0.1_1 - INFO - => result | total 300 | correct 246 | acc 82.00% | err 18.00% | macro_f1 88.28%
2025-11-17 01:54:52 - 8_0.1_1 - INFO - Evaluate on the client6 neighbor set
2025-11-17 01:55:11 - 8_0.1_1 - INFO - => result | total 2,730 | correct 2,163 | acc 79.23% | err 20.77% | macro_f1 79.60%
2025-11-17 01:55:11 - 8_0.1_1 - INFO - Evaluate on the client7 local set
2025-11-17 01:55:13 - 8_0.1_1 - INFO - => result | total 300 | correct 233 | acc 77.67% | err 22.33% | macro_f1 84.21%
2025-11-17 01:55:13 - 8_0.1_1 - INFO - Evaluate on the client7 neighbor set
2025-11-17 01:55:32 - 8_0.1_1 - INFO - => result | total 2,730 | correct 2,176 | acc 79.71% | err 20.29% | macro_f1 80.38%
2025-11-17 01:55:32 - 8_0.1_1 - INFO - Evaluate on the client8 local set
2025-11-17 01:55:34 - 8_0.1_1 - INFO - => result | total 300 | correct 256 | acc 85.33% | err 14.67% | macro_f1 90.27%
2025-11-17 01:55:34 - 8_0.1_1 - INFO - Evaluate on the client8 neighbor set
2025-11-17 01:55:53 - 8_0.1_1 - INFO - => result | total 2,730 | correct 2,156 | acc 78.97% | err 21.03% | macro_f1 79.36%
2025-11-17 01:55:53 - 8_0.1_1 - INFO - Evaluate on the client9 local set
2025-11-17 01:55:55 - 8_0.1_1 - INFO - => result | total 330 | correct 274 | acc 83.03% | err 16.97% | macro_f1 89.00%
2025-11-17 01:55:55 - 8_0.1_1 - INFO - Evaluate on the client9 neighbor set
2025-11-17 01:56:14 - 8_0.1_1 - INFO - => result | total 2,700 | correct 2,138 | acc 79.19% | err 20.81% | macro_f1 79.53%
2025-11-17 01:56:14 - 8_0.1_1 - INFO - Global test local acc: 79.57
2025-11-17 01:56:14 - 8_0.1_1 - INFO - Global test neighbor acc: 79.56
2025-11-17 01:56:14 - 8_0.1_1 - INFO - ------------local test finish-------------
2025-11-17 01:56:14 - 8_0.1_1 - INFO - [Epoch 29/30] 测试耗时: 207.35s
2025-11-17 01:56:53 - 8_0.1_1 - INFO - [Epoch 30/30] 训练耗时: 39.68s | 平均训练准确率: 69.19
2025-11-17 01:56:53 - 8_0.1_1 - INFO - ------------local test start-------------
2025-11-17 01:56:53 - 8_0.1_1 - INFO - Evaluate on the client0 local set
2025-11-17 01:56:55 - 8_0.1_1 - INFO - => result | total 300 | correct 221 | acc 73.67% | err 26.33% | macro_f1 82.23%
2025-11-17 01:56:55 - 8_0.1_1 - INFO - Evaluate on the client0 neighbor set
2025-11-17 01:57:14 - 8_0.1_1 - INFO - => result | total 2,730 | correct 2,160 | acc 79.12% | err 20.88% | macro_f1 78.94%
2025-11-17 01:57:14 - 8_0.1_1 - INFO - Evaluate on the client1 local set
2025-11-17 01:57:16 - 8_0.1_1 - INFO - => result | total 300 | correct 216 | acc 72.00% | err 28.00% | macro_f1 80.87%
2025-11-17 01:57:16 - 8_0.1_1 - INFO - Evaluate on the client1 neighbor set
2025-11-17 01:57:35 - 8_0.1_1 - INFO - => result | total 2,730 | correct 2,167 | acc 79.38% | err 20.62% | macro_f1 79.44%
2025-11-17 01:57:35 - 8_0.1_1 - INFO - Evaluate on the client2 local set
2025-11-17 01:57:37 - 8_0.1_1 - INFO - => result | total 300 | correct 239 | acc 79.67% | err 20.33% | macro_f1 87.42%
2025-11-17 01:57:37 - 8_0.1_1 - INFO - Evaluate on the client2 neighbor set
2025-11-17 01:57:56 - 8_0.1_1 - INFO - => result | total 2,730 | correct 2,146 | acc 78.61% | err 21.39% | macro_f1 78.30%
2025-11-17 01:57:56 - 8_0.1_1 - INFO - Evaluate on the client3 local set
2025-11-17 01:57:58 - 8_0.1_1 - INFO - => result | total 300 | correct 246 | acc 82.00% | err 18.00% | macro_f1 88.62%
2025-11-17 01:57:58 - 8_0.1_1 - INFO - Evaluate on the client3 neighbor set
2025-11-17 01:58:17 - 8_0.1_1 - INFO - => result | total 2,730 | correct 2,141 | acc 78.42% | err 21.58% | macro_f1 78.39%
2025-11-17 01:58:17 - 8_0.1_1 - INFO - Evaluate on the client4 local set
2025-11-17 01:58:19 - 8_0.1_1 - INFO - => result | total 300 | correct 255 | acc 85.00% | err 15.00% | macro_f1 90.67%
2025-11-17 01:58:19 - 8_0.1_1 - INFO - Evaluate on the client4 neighbor set
2025-11-17 01:58:38 - 8_0.1_1 - INFO - => result | total 2,730 | correct 2,133 | acc 78.13% | err 21.87% | macro_f1 78.35%
2025-11-17 01:58:38 - 8_0.1_1 - INFO - Evaluate on the client5 local set
2025-11-17 01:58:40 - 8_0.1_1 - INFO - => result | total 300 | correct 207 | acc 69.00% | err 31.00% | macro_f1 76.10%
2025-11-17 01:58:40 - 8_0.1_1 - INFO - Evaluate on the client5 neighbor set
2025-11-17 01:58:59 - 8_0.1_1 - INFO - => result | total 2,730 | correct 2,183 | acc 79.96% | err 20.04% | macro_f1 80.07%
2025-11-17 01:58:59 - 8_0.1_1 - INFO - Evaluate on the client6 local set
2025-11-17 01:59:01 - 8_0.1_1 - INFO - => result | total 300 | correct 253 | acc 84.33% | err 15.67% | macro_f1 89.60%
2025-11-17 01:59:01 - 8_0.1_1 - INFO - Evaluate on the client6 neighbor set
2025-11-17 01:59:19 - 8_0.1_1 - INFO - => result | total 2,730 | correct 2,139 | acc 78.35% | err 21.65% | macro_f1 78.87%
2025-11-17 01:59:19 - 8_0.1_1 - INFO - Evaluate on the client7 local set
2025-11-17 01:59:21 - 8_0.1_1 - INFO - => result | total 300 | correct 224 | acc 74.67% | err 25.33% | macro_f1 81.59%
2025-11-17 01:59:21 - 8_0.1_1 - INFO - Evaluate on the client7 neighbor set
2025-11-17 01:59:40 - 8_0.1_1 - INFO - => result | total 2,730 | correct 2,169 | acc 79.45% | err 20.55% | macro_f1 79.89%
2025-11-17 01:59:40 - 8_0.1_1 - INFO - Evaluate on the client8 local set
2025-11-17 01:59:42 - 8_0.1_1 - INFO - => result | total 300 | correct 252 | acc 84.00% | err 16.00% | macro_f1 89.24%
2025-11-17 01:59:42 - 8_0.1_1 - INFO - Evaluate on the client8 neighbor set
2025-11-17 02:00:01 - 8_0.1_1 - INFO - => result | total 2,730 | correct 2,143 | acc 78.50% | err 21.50% | macro_f1 78.69%
2025-11-17 02:00:01 - 8_0.1_1 - INFO - Evaluate on the client9 local set
2025-11-17 02:00:03 - 8_0.1_1 - INFO - => result | total 330 | correct 272 | acc 82.42% | err 17.58% | macro_f1 88.91%
2025-11-17 02:00:03 - 8_0.1_1 - INFO - Evaluate on the client9 neighbor set
2025-11-17 02:00:21 - 8_0.1_1 - INFO - => result | total 2,700 | correct 2,125 | acc 78.70% | err 21.30% | macro_f1 78.89%
2025-11-17 02:00:21 - 8_0.1_1 - INFO - Global test local acc: 78.68
2025-11-17 02:00:21 - 8_0.1_1 - INFO - Global test neighbor acc: 78.86
2025-11-17 02:00:21 - 8_0.1_1 - INFO - ------------local test finish-------------
2025-11-17 02:00:21 - 8_0.1_1 - INFO - [Epoch 30/30] 测试耗时: 208.12s
2025-11-17 02:00:21 - 8_0.1_1 - INFO - maximum test local acc: 81.161
2025-11-17 02:00:21 - 8_0.1_1 - INFO - mean of local acc: 79.802
2025-11-17 02:00:21 - 8_0.1_1 - INFO - maximum test neighbor acc: 81.184
2025-11-17 02:00:21 - 8_0.1_1 - INFO - mean of neighbor acc: 79.870
