2025-11-16 15:29:35 - 8_0.0_1 - INFO - 日志文件已创建: logs/food-101/fedotp/8_0.0_1_20251116_152935.log
2025-11-16 15:29:35 - 8_0.0_1 - INFO - Loading trainer: DP_FPL
2025-11-16 15:29:35 - 8_0.0_1 - INFO - Loading dataset: Food101
2025-11-16 15:29:35 - 8_0.0_1 - INFO - Reading split from /home/liuxin25/dataset/food-101/split_zhou_Food101.json
2025-11-16 15:29:36 - 8_0.0_1 - INFO - Creating a baseline federated dataset
2025-11-16 15:29:36 - 8_0.0_1 - INFO - class_num 101
2025-11-16 15:29:36 - 8_0.0_1 - INFO - user class dict total [20, 79, 94, 54, 52, 65, 0, 1, 48, 74]
2025-11-16 15:29:36 - 8_0.0_1 - INFO - idx: 0, output_dict_len: 5000
2025-11-16 15:29:36 - 8_0.0_1 - INFO - user class dict total [44, 99, 35, 69, 82, 42, 33, 14, 5, 62]
2025-11-16 15:29:36 - 8_0.0_1 - INFO - idx: 1, output_dict_len: 5000
2025-11-16 15:29:36 - 8_0.0_1 - INFO - user class dict total [32, 55, 97, 10, 21, 31, 91, 27, 28, 76]
2025-11-16 15:29:36 - 8_0.0_1 - INFO - idx: 2, output_dict_len: 5000
2025-11-16 15:29:36 - 8_0.0_1 - INFO - user class dict total [80, 71, 66, 58, 23, 70, 60, 72, 17, 18]
2025-11-16 15:29:36 - 8_0.0_1 - INFO - idx: 3, output_dict_len: 5000
2025-11-16 15:29:36 - 8_0.0_1 - INFO - user class dict total [45, 34, 11, 56, 85, 13, 41, 30, 24, 86]
2025-11-16 15:29:36 - 8_0.0_1 - INFO - idx: 4, output_dict_len: 5000
2025-11-16 15:29:36 - 8_0.0_1 - INFO - user class dict total [51, 75, 37, 6, 53, 95, 96, 39, 47, 90]
2025-11-16 15:29:36 - 8_0.0_1 - INFO - idx: 5, output_dict_len: 5000
2025-11-16 15:29:36 - 8_0.0_1 - INFO - user class dict total [36, 7, 50, 3, 63, 59, 9, 77, 64, 93]
2025-11-16 15:29:36 - 8_0.0_1 - INFO - idx: 6, output_dict_len: 5000
2025-11-16 15:29:36 - 8_0.0_1 - INFO - user class dict total [87, 98, 61, 19, 25, 4, 16, 8, 46, 26]
2025-11-16 15:29:36 - 8_0.0_1 - INFO - idx: 7, output_dict_len: 5000
2025-11-16 15:29:36 - 8_0.0_1 - INFO - user class dict total [2, 92, 84, 29, 22, 88, 67, 68, 38, 83]
2025-11-16 15:29:36 - 8_0.0_1 - INFO - idx: 8, output_dict_len: 5000
2025-11-16 15:29:36 - 8_0.0_1 - INFO - user class dict total [15, 12, 81, 43, 73, 78, 40, 100, 57, 89, 49]
2025-11-16 15:29:36 - 8_0.0_1 - INFO - idx: 9, output_dict_len: 5500
2025-11-16 15:29:36 - 8_0.0_1 - INFO - Creating a baseline federated dataset
2025-11-16 15:29:36 - 8_0.0_1 - INFO - class_num 101
2025-11-16 15:29:36 - 8_0.0_1 - INFO - user class dict total [20, 79, 94, 54, 52, 65, 0, 1, 48, 74]
2025-11-16 15:29:36 - 8_0.0_1 - INFO - idx: 0, output_dict_len: 3000
2025-11-16 15:29:36 - 8_0.0_1 - INFO - user class dict total [44, 99, 35, 69, 82, 42, 33, 14, 5, 62]
2025-11-16 15:29:36 - 8_0.0_1 - INFO - idx: 1, output_dict_len: 3000
2025-11-16 15:29:36 - 8_0.0_1 - INFO - user class dict total [32, 55, 97, 10, 21, 31, 91, 27, 28, 76]
2025-11-16 15:29:36 - 8_0.0_1 - INFO - idx: 2, output_dict_len: 3000
2025-11-16 15:29:36 - 8_0.0_1 - INFO - user class dict total [80, 71, 66, 58, 23, 70, 60, 72, 17, 18]
2025-11-16 15:29:36 - 8_0.0_1 - INFO - idx: 3, output_dict_len: 3000
2025-11-16 15:29:36 - 8_0.0_1 - INFO - user class dict total [45, 34, 11, 56, 85, 13, 41, 30, 24, 86]
2025-11-16 15:29:36 - 8_0.0_1 - INFO - idx: 4, output_dict_len: 3000
2025-11-16 15:29:36 - 8_0.0_1 - INFO - user class dict total [51, 75, 37, 6, 53, 95, 96, 39, 47, 90]
2025-11-16 15:29:36 - 8_0.0_1 - INFO - idx: 5, output_dict_len: 3000
2025-11-16 15:29:36 - 8_0.0_1 - INFO - user class dict total [36, 7, 50, 3, 63, 59, 9, 77, 64, 93]
2025-11-16 15:29:36 - 8_0.0_1 - INFO - idx: 6, output_dict_len: 3000
2025-11-16 15:29:36 - 8_0.0_1 - INFO - user class dict total [87, 98, 61, 19, 25, 4, 16, 8, 46, 26]
2025-11-16 15:29:36 - 8_0.0_1 - INFO - idx: 7, output_dict_len: 3000
2025-11-16 15:29:36 - 8_0.0_1 - INFO - user class dict total [2, 92, 84, 29, 22, 88, 67, 68, 38, 83]
2025-11-16 15:29:36 - 8_0.0_1 - INFO - idx: 8, output_dict_len: 3000
2025-11-16 15:29:36 - 8_0.0_1 - INFO - user class dict total [15, 12, 81, 43, 73, 78, 40, 100, 57, 89, 49]
2025-11-16 15:29:36 - 8_0.0_1 - INFO - idx: 9, output_dict_len: 3300
2025-11-16 15:29:36 - 8_0.0_1 - INFO - Loading CLIP (backbone: ViT-B/16)
2025-11-16 15:29:38 - 8_0.0_1 - INFO - Building custom CLIP
2025-11-16 15:29:38 - 8_0.0_1 - INFO - Turning off gradients in both the image and the text encoder
2025-11-16 15:37:11 - 8_0.0_1 - INFO - [Epoch 1/30] 训练耗时: 453.57s | 平均训练准确率: 28.67
2025-11-16 15:44:18 - 8_0.0_1 - INFO - [Epoch 2/30] 训练耗时: 426.36s | 平均训练准确率: 75.40
2025-11-16 15:51:03 - 8_0.0_1 - INFO - [Epoch 3/30] 训练耗时: 405.35s | 平均训练准确率: 78.23
2025-11-16 15:58:02 - 8_0.0_1 - INFO - [Epoch 4/30] 训练耗时: 419.13s | 平均训练准确率: 79.96
2025-11-16 16:04:45 - 8_0.0_1 - INFO - [Epoch 5/30] 训练耗时: 402.68s | 平均训练准确率: 81.59
2025-11-16 16:11:48 - 8_0.0_1 - INFO - [Epoch 6/30] 训练耗时: 422.66s | 平均训练准确率: 82.20
2025-11-16 16:19:13 - 8_0.0_1 - INFO - [Epoch 7/30] 训练耗时: 445.52s | 平均训练准确率: 82.41
2025-11-16 16:26:39 - 8_0.0_1 - INFO - [Epoch 8/30] 训练耗时: 445.66s | 平均训练准确率: 83.16
2025-11-16 16:34:03 - 8_0.0_1 - INFO - [Epoch 9/30] 训练耗时: 444.70s | 平均训练准确率: 83.73
2025-11-16 16:41:20 - 8_0.0_1 - INFO - [Epoch 10/30] 训练耗时: 436.98s | 平均训练准确率: 84.14
2025-11-16 16:48:46 - 8_0.0_1 - INFO - [Epoch 11/30] 训练耗时: 445.86s | 平均训练准确率: 83.74
2025-11-16 16:55:52 - 8_0.0_1 - INFO - [Epoch 12/30] 训练耗时: 425.91s | 平均训练准确率: 83.95
2025-11-16 17:03:19 - 8_0.0_1 - INFO - [Epoch 13/30] 训练耗时: 447.07s | 平均训练准确率: 85.45
2025-11-16 17:10:46 - 8_0.0_1 - INFO - [Epoch 14/30] 训练耗时: 446.42s | 平均训练准确率: 85.25
2025-11-16 17:18:12 - 8_0.0_1 - INFO - [Epoch 15/30] 训练耗时: 446.40s | 平均训练准确率: 86.95
2025-11-16 17:25:40 - 8_0.0_1 - INFO - [Epoch 16/30] 训练耗时: 448.06s | 平均训练准确率: 86.50
2025-11-16 17:32:57 - 8_0.0_1 - INFO - [Epoch 17/30] 训练耗时: 437.27s | 平均训练准确率: 86.94
2025-11-16 17:40:25 - 8_0.0_1 - INFO - [Epoch 18/30] 训练耗时: 447.16s | 平均训练准确率: 85.92
2025-11-16 17:47:51 - 8_0.0_1 - INFO - [Epoch 19/30] 训练耗时: 446.58s | 平均训练准确率: 85.80
2025-11-16 17:54:57 - 8_0.0_1 - INFO - [Epoch 20/30] 训练耗时: 426.05s | 平均训练准确率: 87.51
2025-11-16 18:02:19 - 8_0.0_1 - INFO - [Epoch 21/30] 训练耗时: 441.50s | 平均训练准确率: 88.24
2025-11-16 18:09:39 - 8_0.0_1 - INFO - [Epoch 22/30] 训练耗时: 439.98s | 平均训练准确率: 88.37
2025-11-16 18:16:30 - 8_0.0_1 - INFO - [Epoch 23/30] 训练耗时: 411.30s | 平均训练准确率: 88.44
