2025-11-15 13:25:36 - 8_0.2_1 - INFO - 日志文件已创建: logs/oxford_pets/sepfpl/8_0.2_1_20251115_132536.log
2025-11-15 13:25:36 - 8_0.2_1 - INFO - Loading trainer: DP_FPL
2025-11-15 13:25:36 - 8_0.2_1 - INFO - Loading dataset: OxfordPets
2025-11-15 13:25:36 - 8_0.2_1 - INFO - Reading split from /home/liuxin25/dataset/oxford_pets/split_zhou_OxfordPets.json
2025-11-15 13:25:36 - 8_0.2_1 - INFO - Creating a baseline federated dataset
2025-11-15 13:25:36 - 8_0.2_1 - INFO - class_num 37
2025-11-15 13:25:36 - 8_0.2_1 - INFO - user class dict total [18, 14, 23, 10]
2025-11-15 13:25:36 - 8_0.2_1 - INFO - idx: 0, output_dict_len: 320
2025-11-15 13:25:36 - 8_0.2_1 - INFO - user class dict total [8, 4, 13, 19]
2025-11-15 13:25:36 - 8_0.2_1 - INFO - idx: 1, output_dict_len: 320
2025-11-15 13:25:36 - 8_0.2_1 - INFO - user class dict total [12, 29, 34, 15]
2025-11-15 13:25:36 - 8_0.2_1 - INFO - idx: 2, output_dict_len: 317
2025-11-15 13:25:36 - 8_0.2_1 - INFO - user class dict total [2, 32, 1, 11]
2025-11-15 13:25:36 - 8_0.2_1 - INFO - idx: 3, output_dict_len: 313
2025-11-15 13:25:36 - 8_0.2_1 - INFO - user class dict total [31, 0, 35, 7]
2025-11-15 13:25:36 - 8_0.2_1 - INFO - idx: 4, output_dict_len: 317
2025-11-15 13:25:36 - 8_0.2_1 - INFO - user class dict total [5, 27, 16, 30]
2025-11-15 13:25:36 - 8_0.2_1 - INFO - idx: 5, output_dict_len: 320
2025-11-15 13:25:36 - 8_0.2_1 - INFO - user class dict total [17, 22, 26, 9]
2025-11-15 13:25:36 - 8_0.2_1 - INFO - idx: 6, output_dict_len: 317
2025-11-15 13:25:36 - 8_0.2_1 - INFO - user class dict total [33, 3, 25, 6]
2025-11-15 13:25:36 - 8_0.2_1 - INFO - idx: 7, output_dict_len: 320
2025-11-15 13:25:36 - 8_0.2_1 - INFO - user class dict total [21, 20, 36, 28]
2025-11-15 13:25:36 - 8_0.2_1 - INFO - idx: 8, output_dict_len: 320
2025-11-15 13:25:36 - 8_0.2_1 - INFO - user class dict total [24]
2025-11-15 13:25:36 - 8_0.2_1 - INFO - idx: 9, output_dict_len: 80
2025-11-15 13:25:36 - 8_0.2_1 - INFO - Creating a baseline federated dataset
2025-11-15 13:25:36 - 8_0.2_1 - INFO - class_num 37
2025-11-15 13:25:36 - 8_0.2_1 - INFO - user class dict total [18, 14, 23, 10]
2025-11-15 13:25:36 - 8_0.2_1 - INFO - idx: 0, output_dict_len: 399
2025-11-15 13:25:36 - 8_0.2_1 - INFO - user class dict total [8, 4, 13, 19]
2025-11-15 13:25:36 - 8_0.2_1 - INFO - idx: 1, output_dict_len: 399
2025-11-15 13:25:36 - 8_0.2_1 - INFO - user class dict total [12, 29, 34, 15]
2025-11-15 13:25:36 - 8_0.2_1 - INFO - idx: 2, output_dict_len: 389
2025-11-15 13:25:36 - 8_0.2_1 - INFO - user class dict total [2, 32, 1, 11]
2025-11-15 13:25:36 - 8_0.2_1 - INFO - idx: 3, output_dict_len: 397
2025-11-15 13:25:36 - 8_0.2_1 - INFO - user class dict total [31, 0, 35, 7]
2025-11-15 13:25:36 - 8_0.2_1 - INFO - idx: 4, output_dict_len: 386
2025-11-15 13:25:36 - 8_0.2_1 - INFO - user class dict total [5, 27, 16, 30]
2025-11-15 13:25:36 - 8_0.2_1 - INFO - idx: 5, output_dict_len: 399
2025-11-15 13:25:36 - 8_0.2_1 - INFO - user class dict total [17, 22, 26, 9]
2025-11-15 13:25:36 - 8_0.2_1 - INFO - idx: 6, output_dict_len: 400
2025-11-15 13:25:36 - 8_0.2_1 - INFO - user class dict total [33, 3, 25, 6]
2025-11-15 13:25:36 - 8_0.2_1 - INFO - idx: 7, output_dict_len: 400
2025-11-15 13:25:36 - 8_0.2_1 - INFO - user class dict total [21, 20, 36, 28]
2025-11-15 13:25:36 - 8_0.2_1 - INFO - idx: 8, output_dict_len: 400
2025-11-15 13:25:36 - 8_0.2_1 - INFO - user class dict total [24]
2025-11-15 13:25:36 - 8_0.2_1 - INFO - idx: 9, output_dict_len: 100
2025-11-15 13:25:36 - 8_0.2_1 - INFO - Loading CLIP (backbone: ViT-B/16)
2025-11-15 13:25:38 - 8_0.2_1 - INFO - Building custom CLIP
2025-11-15 13:25:38 - 8_0.2_1 - INFO - Turning off gradients in both the image and the text encoder
2025-11-15 13:25:38 - 8_0.2_1 - INFO - [RDP-sepfpl] 轮次 1: ε=0.000321, std=17.445927
2025-11-15 13:25:44 - 8_0.2_1 - INFO - [Epoch 1/30] 训练耗时: 6.10s | 平均训练准确率: 52.34
2025-11-15 13:25:49 - 8_0.2_1 - INFO - [Epoch 2/30] 训练耗时: 4.98s | 平均训练准确率: 25.62
2025-11-15 13:25:54 - 8_0.2_1 - INFO - [Epoch 3/30] 训练耗时: 4.90s | 平均训练准确率: 46.09
2025-11-15 13:25:59 - 8_0.2_1 - INFO - [Epoch 4/30] 训练耗时: 4.93s | 平均训练准确率: 50.00
2025-11-15 13:26:04 - 8_0.2_1 - INFO - [Epoch 5/30] 训练耗时: 4.96s | 平均训练准确率: 50.31
2025-11-15 13:26:09 - 8_0.2_1 - INFO - [Epoch 6/30] 训练耗时: 4.98s | 平均训练准确率: 53.28
2025-11-15 13:26:14 - 8_0.2_1 - INFO - [Epoch 7/30] 训练耗时: 4.97s | 平均训练准确率: 62.97
2025-11-15 13:26:19 - 8_0.2_1 - INFO - [Epoch 8/30] 训练耗时: 4.95s | 平均训练准确率: 58.28
2025-11-15 13:26:24 - 8_0.2_1 - INFO - [Epoch 9/30] 训练耗时: 4.97s | 平均训练准确率: 45.31
2025-11-15 13:26:24 - 8_0.2_1 - INFO - [RDP-sepfpl] 轮次 10: ε=0.004039, std=4.916930
2025-11-15 13:26:29 - 8_0.2_1 - INFO - [Epoch 10/30] 训练耗时: 4.98s | 平均训练准确率: 53.75
2025-11-15 13:26:34 - 8_0.2_1 - INFO - [Epoch 11/30] 训练耗时: 4.96s | 平均训练准确率: 56.09
2025-11-15 13:26:39 - 8_0.2_1 - INFO - [Epoch 12/30] 训练耗时: 4.96s | 平均训练准确率: 51.56
2025-11-15 13:26:44 - 8_0.2_1 - INFO - [Epoch 13/30] 训练耗时: 4.98s | 平均训练准确率: 54.06
2025-11-15 13:26:49 - 8_0.2_1 - INFO - [Epoch 14/30] 训练耗时: 4.99s | 平均训练准确率: 60.47
2025-11-15 13:26:54 - 8_0.2_1 - INFO - [Epoch 15/30] 训练耗时: 4.98s | 平均训练准确率: 70.16
2025-11-15 13:26:59 - 8_0.2_1 - INFO - [Epoch 16/30] 训练耗时: 4.93s | 平均训练准确率: 68.75
2025-11-15 13:27:04 - 8_0.2_1 - INFO - [Epoch 17/30] 训练耗时: 4.98s | 平均训练准确率: 72.03
2025-11-15 13:27:09 - 8_0.2_1 - INFO - [Epoch 18/30] 训练耗时: 4.98s | 平均训练准确率: 73.44
2025-11-15 13:27:14 - 8_0.2_1 - INFO - [Epoch 19/30] 训练耗时: 4.97s | 平均训练准确率: 73.75
2025-11-15 13:27:14 - 8_0.2_1 - INFO - [RDP-sepfpl] 轮次 20: ε=0.008659, std=3.358362
2025-11-15 13:27:19 - 8_0.2_1 - INFO - [Epoch 20/30] 训练耗时: 5.01s | 平均训练准确率: 74.69
2025-11-15 13:27:24 - 8_0.2_1 - INFO - [Epoch 21/30] 训练耗时: 4.98s | 平均训练准确率: 74.38
2025-11-15 13:27:29 - 8_0.2_1 - INFO - [Epoch 22/30] 训练耗时: 5.02s | 平均训练准确率: 73.28
2025-11-15 13:27:34 - 8_0.2_1 - INFO - [Epoch 23/30] 训练耗时: 5.00s | 平均训练准确率: 72.34
2025-11-15 13:27:39 - 8_0.2_1 - INFO - [Epoch 24/30] 训练耗时: 4.85s | 平均训练准确率: 71.72
2025-11-15 13:27:43 - 8_0.2_1 - INFO - [Epoch 25/30] 训练耗时: 4.80s | 平均训练准确率: 73.59
2025-11-15 13:27:48 - 8_0.2_1 - INFO - [Epoch 26/30] 训练耗时: 4.70s | 平均训练准确率: 72.50
2025-11-15 13:27:53 - 8_0.2_1 - INFO - [Epoch 27/30] 训练耗时: 4.75s | 平均训练准确率: 73.44
2025-11-15 13:27:58 - 8_0.2_1 - INFO - [Epoch 28/30] 训练耗时: 4.74s | 平均训练准确率: 75.62
2025-11-15 13:27:58 - 8_0.2_1 - INFO - ------------local test start-------------
2025-11-15 13:27:58 - 8_0.2_1 - INFO - Evaluate on the client0 local set
2025-11-15 13:28:01 - 8_0.2_1 - INFO - => result | total 399 | correct 215 | acc 53.88% | err 46.12% | macro_f1 61.08%
2025-11-15 13:28:01 - 8_0.2_1 - INFO - Evaluate on the client0 neighbor set
2025-11-15 13:28:24 - 8_0.2_1 - INFO - => result | total 3,270 | correct 2,612 | acc 79.88% | err 20.12% | macro_f1 76.59%
2025-11-15 13:28:24 - 8_0.2_1 - INFO - Evaluate on the client1 local set
2025-11-15 13:28:27 - 8_0.2_1 - INFO - => result | total 399 | correct 378 | acc 94.74% | err 5.26% | macro_f1 97.14%
2025-11-15 13:28:27 - 8_0.2_1 - INFO - Evaluate on the client1 neighbor set
2025-11-15 13:28:50 - 8_0.2_1 - INFO - => result | total 3,270 | correct 2,472 | acc 75.60% | err 24.40% | macro_f1 73.26%
2025-11-15 13:28:50 - 8_0.2_1 - INFO - Evaluate on the client2 local set
2025-11-15 13:28:53 - 8_0.2_1 - INFO - => result | total 389 | correct 321 | acc 82.52% | err 17.48% | macro_f1 89.28%
2025-11-15 13:28:53 - 8_0.2_1 - INFO - Evaluate on the client2 neighbor set
2025-11-15 13:29:16 - 8_0.2_1 - INFO - => result | total 3,280 | correct 2,542 | acc 77.50% | err 22.50% | macro_f1 73.98%
2025-11-15 13:29:16 - 8_0.2_1 - INFO - Evaluate on the client3 local set
2025-11-15 13:29:19 - 8_0.2_1 - INFO - => result | total 397 | correct 320 | acc 80.60% | err 19.40% | macro_f1 87.92%
2025-11-15 13:29:19 - 8_0.2_1 - INFO - Evaluate on the client3 neighbor set
2025-11-15 13:29:41 - 8_0.2_1 - INFO - => result | total 3,272 | correct 2,527 | acc 77.23% | err 22.77% | macro_f1 74.28%
2025-11-15 13:29:41 - 8_0.2_1 - INFO - Evaluate on the client4 local set
2025-11-15 13:29:44 - 8_0.2_1 - INFO - => result | total 386 | correct 274 | acc 70.98% | err 29.02% | macro_f1 69.11%
2025-11-15 13:29:44 - 8_0.2_1 - INFO - Evaluate on the client4 neighbor set
2025-11-15 13:30:07 - 8_0.2_1 - INFO - => result | total 3,283 | correct 2,565 | acc 78.13% | err 21.87% | macro_f1 74.96%
2025-11-15 13:30:07 - 8_0.2_1 - INFO - Evaluate on the client5 local set
2025-11-15 13:30:10 - 8_0.2_1 - INFO - => result | total 399 | correct 284 | acc 71.18% | err 28.82% | macro_f1 73.16%
2025-11-15 13:30:10 - 8_0.2_1 - INFO - Evaluate on the client5 neighbor set
2025-11-15 13:30:33 - 8_0.2_1 - INFO - => result | total 3,270 | correct 2,580 | acc 78.90% | err 21.10% | macro_f1 76.21%
2025-11-15 13:30:33 - 8_0.2_1 - INFO - Evaluate on the client6 local set
2025-11-15 13:30:36 - 8_0.2_1 - INFO - => result | total 400 | correct 295 | acc 73.75% | err 26.25% | macro_f1 77.69%
2025-11-15 13:30:36 - 8_0.2_1 - INFO - Evaluate on the client6 neighbor set
2025-11-15 13:30:59 - 8_0.2_1 - INFO - => result | total 3,269 | correct 2,554 | acc 78.13% | err 21.87% | macro_f1 76.63%
2025-11-15 13:30:59 - 8_0.2_1 - INFO - Evaluate on the client7 local set
2025-11-15 13:31:02 - 8_0.2_1 - INFO - => result | total 400 | correct 296 | acc 74.00% | err 26.00% | macro_f1 74.86%
2025-11-15 13:31:02 - 8_0.2_1 - INFO - Evaluate on the client7 neighbor set
2025-11-15 13:31:25 - 8_0.2_1 - INFO - => result | total 3,269 | correct 2,545 | acc 77.85% | err 22.15% | macro_f1 74.31%
2025-11-15 13:31:25 - 8_0.2_1 - INFO - Evaluate on the client8 local set
2025-11-15 13:31:28 - 8_0.2_1 - INFO - => result | total 400 | correct 370 | acc 92.50% | err 7.50% | macro_f1 95.96%
2025-11-15 13:31:28 - 8_0.2_1 - INFO - Evaluate on the client8 neighbor set
2025-11-15 13:31:50 - 8_0.2_1 - INFO - => result | total 3,269 | correct 2,484 | acc 75.99% | err 24.01% | macro_f1 72.12%
2025-11-15 13:31:50 - 8_0.2_1 - INFO - Evaluate on the client9 local set
2025-11-15 13:31:51 - 8_0.2_1 - INFO - => result | total 100 | correct 99 | acc 99.00% | err 1.00% | macro_f1 99.50%
2025-11-15 13:31:51 - 8_0.2_1 - INFO - Evaluate on the client9 neighbor set
2025-11-15 13:32:17 - 8_0.2_1 - INFO - => result | total 3,569 | correct 2,747 | acc 76.97% | err 23.03% | macro_f1 73.17%
2025-11-15 13:32:17 - 8_0.2_1 - INFO - Global test local acc: 79.32
2025-11-15 13:32:17 - 8_0.2_1 - INFO - Global test neighbor acc: 77.62
2025-11-15 13:32:17 - 8_0.2_1 - INFO - ------------local test finish-------------
2025-11-15 13:32:17 - 8_0.2_1 - INFO - [Epoch 28/30] 测试耗时: 259.10s
2025-11-15 13:32:21 - 8_0.2_1 - INFO - [Epoch 29/30] 训练耗时: 4.32s | 平均训练准确率: 74.06
2025-11-15 13:32:21 - 8_0.2_1 - INFO - ------------local test start-------------
2025-11-15 13:32:21 - 8_0.2_1 - INFO - Evaluate on the client0 local set
2025-11-15 13:32:24 - 8_0.2_1 - INFO - => result | total 399 | correct 220 | acc 55.14% | err 44.86% | macro_f1 62.97%
2025-11-15 13:32:24 - 8_0.2_1 - INFO - Evaluate on the client0 neighbor set
2025-11-15 13:32:47 - 8_0.2_1 - INFO - => result | total 3,270 | correct 2,716 | acc 83.06% | err 16.94% | macro_f1 80.73%
2025-11-15 13:32:47 - 8_0.2_1 - INFO - Evaluate on the client1 local set
2025-11-15 13:32:50 - 8_0.2_1 - INFO - => result | total 399 | correct 382 | acc 95.74% | err 4.26% | macro_f1 97.68%
2025-11-15 13:32:50 - 8_0.2_1 - INFO - Evaluate on the client1 neighbor set
2025-11-15 13:33:13 - 8_0.2_1 - INFO - => result | total 3,270 | correct 2,556 | acc 78.17% | err 21.83% | macro_f1 76.32%
2025-11-15 13:33:13 - 8_0.2_1 - INFO - Evaluate on the client2 local set
2025-11-15 13:33:16 - 8_0.2_1 - INFO - => result | total 389 | correct 327 | acc 84.06% | err 15.94% | macro_f1 89.93%
2025-11-15 13:33:16 - 8_0.2_1 - INFO - Evaluate on the client2 neighbor set
2025-11-15 13:33:39 - 8_0.2_1 - INFO - => result | total 3,280 | correct 2,621 | acc 79.91% | err 20.09% | macro_f1 77.15%
2025-11-15 13:33:39 - 8_0.2_1 - INFO - Evaluate on the client3 local set
2025-11-15 13:33:42 - 8_0.2_1 - INFO - => result | total 397 | correct 306 | acc 77.08% | err 22.92% | macro_f1 85.88%
2025-11-15 13:33:42 - 8_0.2_1 - INFO - Evaluate on the client3 neighbor set
2025-11-15 13:34:05 - 8_0.2_1 - INFO - => result | total 3,272 | correct 2,615 | acc 79.92% | err 20.08% | macro_f1 77.37%
2025-11-15 13:34:05 - 8_0.2_1 - INFO - Evaluate on the client4 local set
2025-11-15 13:34:07 - 8_0.2_1 - INFO - => result | total 386 | correct 274 | acc 70.98% | err 29.02% | macro_f1 70.85%
2025-11-15 13:34:07 - 8_0.2_1 - INFO - Evaluate on the client4 neighbor set
2025-11-15 13:34:30 - 8_0.2_1 - INFO - => result | total 3,283 | correct 2,648 | acc 80.66% | err 19.34% | macro_f1 77.92%
2025-11-15 13:34:30 - 8_0.2_1 - INFO - Evaluate on the client5 local set
2025-11-15 13:34:33 - 8_0.2_1 - INFO - => result | total 399 | correct 297 | acc 74.44% | err 25.56% | macro_f1 77.75%
2025-11-15 13:34:33 - 8_0.2_1 - INFO - Evaluate on the client5 neighbor set
2025-11-15 13:34:56 - 8_0.2_1 - INFO - => result | total 3,270 | correct 2,653 | acc 81.13% | err 18.87% | macro_f1 78.83%
2025-11-15 13:34:56 - 8_0.2_1 - INFO - Evaluate on the client6 local set
2025-11-15 13:34:59 - 8_0.2_1 - INFO - => result | total 400 | correct 322 | acc 80.50% | err 19.50% | macro_f1 86.04%
2025-11-15 13:34:59 - 8_0.2_1 - INFO - Evaluate on the client6 neighbor set
2025-11-15 13:35:22 - 8_0.2_1 - INFO - => result | total 3,269 | correct 2,583 | acc 79.01% | err 20.99% | macro_f1 77.51%
2025-11-15 13:35:22 - 8_0.2_1 - INFO - Evaluate on the client7 local set
2025-11-15 13:35:25 - 8_0.2_1 - INFO - => result | total 400 | correct 296 | acc 74.00% | err 26.00% | macro_f1 74.49%
2025-11-15 13:35:25 - 8_0.2_1 - INFO - Evaluate on the client7 neighbor set
2025-11-15 13:35:48 - 8_0.2_1 - INFO - => result | total 3,269 | correct 2,630 | acc 80.45% | err 19.55% | macro_f1 77.17%
2025-11-15 13:35:48 - 8_0.2_1 - INFO - Evaluate on the client8 local set
2025-11-15 13:35:50 - 8_0.2_1 - INFO - => result | total 400 | correct 376 | acc 94.00% | err 6.00% | macro_f1 96.79%
2025-11-15 13:35:50 - 8_0.2_1 - INFO - Evaluate on the client8 neighbor set
2025-11-15 13:36:13 - 8_0.2_1 - INFO - => result | total 3,269 | correct 2,554 | acc 78.13% | err 21.87% | macro_f1 74.85%
2025-11-15 13:36:13 - 8_0.2_1 - INFO - Evaluate on the client9 local set
2025-11-15 13:36:14 - 8_0.2_1 - INFO - => result | total 100 | correct 99 | acc 99.00% | err 1.00% | macro_f1 99.50%
2025-11-15 13:36:14 - 8_0.2_1 - INFO - Evaluate on the client9 neighbor set
2025-11-15 13:36:39 - 8_0.2_1 - INFO - => result | total 3,569 | correct 2,833 | acc 79.38% | err 20.62% | macro_f1 76.18%
2025-11-15 13:36:39 - 8_0.2_1 - INFO - Global test local acc: 80.49
2025-11-15 13:36:39 - 8_0.2_1 - INFO - Global test neighbor acc: 79.98
2025-11-15 13:36:39 - 8_0.2_1 - INFO - ------------local test finish-------------
2025-11-15 13:36:39 - 8_0.2_1 - INFO - [Epoch 29/30] 测试耗时: 258.29s
2025-11-15 13:36:39 - 8_0.2_1 - INFO - [RDP-sepfpl] 轮次 30: ε=0.013525, std=2.687060
2025-11-15 13:36:44 - 8_0.2_1 - INFO - [Epoch 30/30] 训练耗时: 4.33s | 平均训练准确率: 76.56
2025-11-15 13:36:44 - 8_0.2_1 - INFO - ------------local test start-------------
2025-11-15 13:36:44 - 8_0.2_1 - INFO - Evaluate on the client0 local set
2025-11-15 13:36:47 - 8_0.2_1 - INFO - => result | total 399 | correct 224 | acc 56.14% | err 43.86% | macro_f1 64.10%
2025-11-15 13:36:47 - 8_0.2_1 - INFO - Evaluate on the client0 neighbor set
2025-11-15 13:37:09 - 8_0.2_1 - INFO - => result | total 3,270 | correct 2,696 | acc 82.45% | err 17.55% | macro_f1 80.26%
2025-11-15 13:37:09 - 8_0.2_1 - INFO - Evaluate on the client1 local set
2025-11-15 13:37:12 - 8_0.2_1 - INFO - => result | total 399 | correct 383 | acc 95.99% | err 4.01% | macro_f1 97.82%
2025-11-15 13:37:12 - 8_0.2_1 - INFO - Evaluate on the client1 neighbor set
2025-11-15 13:37:35 - 8_0.2_1 - INFO - => result | total 3,270 | correct 2,549 | acc 77.95% | err 22.05% | macro_f1 75.91%
2025-11-15 13:37:35 - 8_0.2_1 - INFO - Evaluate on the client2 local set
2025-11-15 13:37:38 - 8_0.2_1 - INFO - => result | total 389 | correct 330 | acc 84.83% | err 15.17% | macro_f1 89.77%
2025-11-15 13:37:38 - 8_0.2_1 - INFO - Evaluate on the client2 neighbor set
2025-11-15 13:38:01 - 8_0.2_1 - INFO - => result | total 3,280 | correct 2,606 | acc 79.45% | err 20.55% | macro_f1 76.77%
2025-11-15 13:38:01 - 8_0.2_1 - INFO - Evaluate on the client3 local set
2025-11-15 13:38:04 - 8_0.2_1 - INFO - => result | total 397 | correct 298 | acc 75.06% | err 24.94% | macro_f1 83.91%
2025-11-15 13:38:04 - 8_0.2_1 - INFO - Evaluate on the client3 neighbor set
2025-11-15 13:38:26 - 8_0.2_1 - INFO - => result | total 3,272 | correct 2,644 | acc 80.81% | err 19.19% | macro_f1 78.84%
2025-11-15 13:38:26 - 8_0.2_1 - INFO - Evaluate on the client4 local set
2025-11-15 13:38:29 - 8_0.2_1 - INFO - => result | total 386 | correct 271 | acc 70.21% | err 29.79% | macro_f1 71.31%
2025-11-15 13:38:29 - 8_0.2_1 - INFO - Evaluate on the client4 neighbor set
2025-11-15 13:38:52 - 8_0.2_1 - INFO - => result | total 3,283 | correct 2,671 | acc 81.36% | err 18.64% | macro_f1 78.67%
2025-11-15 13:38:52 - 8_0.2_1 - INFO - Evaluate on the client5 local set
2025-11-15 13:38:55 - 8_0.2_1 - INFO - => result | total 399 | correct 291 | acc 72.93% | err 27.07% | macro_f1 73.84%
2025-11-15 13:38:55 - 8_0.2_1 - INFO - Evaluate on the client5 neighbor set
2025-11-15 13:39:17 - 8_0.2_1 - INFO - => result | total 3,270 | correct 2,648 | acc 80.98% | err 19.02% | macro_f1 79.25%
2025-11-15 13:39:17 - 8_0.2_1 - INFO - Evaluate on the client6 local set
2025-11-15 13:39:20 - 8_0.2_1 - INFO - => result | total 400 | correct 313 | acc 78.25% | err 21.75% | macro_f1 85.97%
2025-11-15 13:39:20 - 8_0.2_1 - INFO - Evaluate on the client6 neighbor set
2025-11-15 13:39:43 - 8_0.2_1 - INFO - => result | total 3,269 | correct 2,572 | acc 78.68% | err 21.32% | macro_f1 76.99%
2025-11-15 13:39:43 - 8_0.2_1 - INFO - Evaluate on the client7 local set
2025-11-15 13:39:46 - 8_0.2_1 - INFO - => result | total 400 | correct 295 | acc 73.75% | err 26.25% | macro_f1 74.37%
2025-11-15 13:39:46 - 8_0.2_1 - INFO - Evaluate on the client7 neighbor set
2025-11-15 13:40:09 - 8_0.2_1 - INFO - => result | total 3,269 | correct 2,640 | acc 80.76% | err 19.24% | macro_f1 78.06%
2025-11-15 13:40:09 - 8_0.2_1 - INFO - Evaluate on the client8 local set
2025-11-15 13:40:12 - 8_0.2_1 - INFO - => result | total 400 | correct 381 | acc 95.25% | err 4.75% | macro_f1 97.54%
2025-11-15 13:40:12 - 8_0.2_1 - INFO - Evaluate on the client8 neighbor set
2025-11-15 13:40:35 - 8_0.2_1 - INFO - => result | total 3,269 | correct 2,551 | acc 78.04% | err 21.96% | macro_f1 75.37%
2025-11-15 13:40:35 - 8_0.2_1 - INFO - Evaluate on the client9 local set
2025-11-15 13:40:35 - 8_0.2_1 - INFO - => result | total 100 | correct 99 | acc 99.00% | err 1.00% | macro_f1 99.50%
2025-11-15 13:40:35 - 8_0.2_1 - INFO - Evaluate on the client9 neighbor set
2025-11-15 13:41:00 - 8_0.2_1 - INFO - => result | total 3,569 | correct 2,836 | acc 79.46% | err 20.54% | macro_f1 76.68%
2025-11-15 13:41:00 - 8_0.2_1 - INFO - Global test local acc: 80.14
2025-11-15 13:41:00 - 8_0.2_1 - INFO - Global test neighbor acc: 79.99
2025-11-15 13:41:00 - 8_0.2_1 - INFO - ------------local test finish-------------
2025-11-15 13:41:00 - 8_0.2_1 - INFO - [Epoch 30/30] 测试耗时: 256.64s
2025-11-15 13:41:00 - 8_0.2_1 - INFO - maximum test local acc: 80.494
2025-11-15 13:41:00 - 8_0.2_1 - INFO - mean of local acc: 79.984
2025-11-15 13:41:00 - 8_0.2_1 - INFO - maximum test neighbor acc: 79.993
2025-11-15 13:41:00 - 8_0.2_1 - INFO - mean of neighbor acc: 79.197
