2025-11-17 22:00:02 - 8_0.01_1 - INFO - 日志文件已创建: logs/oxford_pets/sepfpl/8_0.01_1_20251117_220002.log
2025-11-17 22:00:02 - 8_0.01_1 - INFO - Loading trainer: DP_FPL
2025-11-17 22:00:02 - 8_0.01_1 - INFO - Loading dataset: OxfordPets
2025-11-17 22:00:02 - 8_0.01_1 - INFO - Reading split from /home/liuxin25/dataset/oxford_pets/split_zhou_OxfordPets.json
2025-11-17 22:00:02 - 8_0.01_1 - INFO - Creating a baseline federated dataset
2025-11-17 22:00:02 - 8_0.01_1 - INFO - class_num 37
2025-11-17 22:00:02 - 8_0.01_1 - INFO - user class dict total [18, 14, 23, 10]
2025-11-17 22:00:02 - 8_0.01_1 - INFO - idx: 0, output_dict_len: 320
2025-11-17 22:00:02 - 8_0.01_1 - INFO - user class dict total [8, 4, 13, 19]
2025-11-17 22:00:02 - 8_0.01_1 - INFO - idx: 1, output_dict_len: 320
2025-11-17 22:00:02 - 8_0.01_1 - INFO - user class dict total [12, 29, 34, 15]
2025-11-17 22:00:02 - 8_0.01_1 - INFO - idx: 2, output_dict_len: 317
2025-11-17 22:00:02 - 8_0.01_1 - INFO - user class dict total [2, 32, 1, 11]
2025-11-17 22:00:02 - 8_0.01_1 - INFO - idx: 3, output_dict_len: 313
2025-11-17 22:00:02 - 8_0.01_1 - INFO - user class dict total [31, 0, 35, 7]
2025-11-17 22:00:02 - 8_0.01_1 - INFO - idx: 4, output_dict_len: 317
2025-11-17 22:00:02 - 8_0.01_1 - INFO - user class dict total [5, 27, 16, 30]
2025-11-17 22:00:02 - 8_0.01_1 - INFO - idx: 5, output_dict_len: 320
2025-11-17 22:00:02 - 8_0.01_1 - INFO - user class dict total [17, 22, 26, 9]
2025-11-17 22:00:02 - 8_0.01_1 - INFO - idx: 6, output_dict_len: 317
2025-11-17 22:00:02 - 8_0.01_1 - INFO - user class dict total [33, 3, 25, 6]
2025-11-17 22:00:02 - 8_0.01_1 - INFO - idx: 7, output_dict_len: 320
2025-11-17 22:00:02 - 8_0.01_1 - INFO - user class dict total [21, 20, 36, 28]
2025-11-17 22:00:02 - 8_0.01_1 - INFO - idx: 8, output_dict_len: 320
2025-11-17 22:00:02 - 8_0.01_1 - INFO - user class dict total [24]
2025-11-17 22:00:02 - 8_0.01_1 - INFO - idx: 9, output_dict_len: 80
2025-11-17 22:00:02 - 8_0.01_1 - INFO - Creating a baseline federated dataset
2025-11-17 22:00:02 - 8_0.01_1 - INFO - class_num 37
2025-11-17 22:00:02 - 8_0.01_1 - INFO - user class dict total [18, 14, 23, 10]
2025-11-17 22:00:02 - 8_0.01_1 - INFO - idx: 0, output_dict_len: 399
2025-11-17 22:00:02 - 8_0.01_1 - INFO - user class dict total [8, 4, 13, 19]
2025-11-17 22:00:02 - 8_0.01_1 - INFO - idx: 1, output_dict_len: 399
2025-11-17 22:00:02 - 8_0.01_1 - INFO - user class dict total [12, 29, 34, 15]
2025-11-17 22:00:02 - 8_0.01_1 - INFO - idx: 2, output_dict_len: 389
2025-11-17 22:00:02 - 8_0.01_1 - INFO - user class dict total [2, 32, 1, 11]
2025-11-17 22:00:02 - 8_0.01_1 - INFO - idx: 3, output_dict_len: 397
2025-11-17 22:00:02 - 8_0.01_1 - INFO - user class dict total [31, 0, 35, 7]
2025-11-17 22:00:02 - 8_0.01_1 - INFO - idx: 4, output_dict_len: 386
2025-11-17 22:00:02 - 8_0.01_1 - INFO - user class dict total [5, 27, 16, 30]
2025-11-17 22:00:02 - 8_0.01_1 - INFO - idx: 5, output_dict_len: 399
2025-11-17 22:00:02 - 8_0.01_1 - INFO - user class dict total [17, 22, 26, 9]
2025-11-17 22:00:02 - 8_0.01_1 - INFO - idx: 6, output_dict_len: 400
2025-11-17 22:00:02 - 8_0.01_1 - INFO - user class dict total [33, 3, 25, 6]
2025-11-17 22:00:02 - 8_0.01_1 - INFO - idx: 7, output_dict_len: 400
2025-11-17 22:00:02 - 8_0.01_1 - INFO - user class dict total [21, 20, 36, 28]
2025-11-17 22:00:02 - 8_0.01_1 - INFO - idx: 8, output_dict_len: 400
2025-11-17 22:00:02 - 8_0.01_1 - INFO - user class dict total [24]
2025-11-17 22:00:02 - 8_0.01_1 - INFO - idx: 9, output_dict_len: 100
2025-11-17 22:00:02 - 8_0.01_1 - INFO - Loading CLIP (backbone: ViT-B/16)
2025-11-17 22:00:05 - 8_0.01_1 - INFO - Building custom CLIP
2025-11-17 22:00:05 - 8_0.01_1 - INFO - Turning off gradients in both the image and the text encoder
2025-11-17 22:00:05 - 8_0.01_1 - INFO - [RDP-sepfpl] 轮次 1: ε=0.000019, std=72.498511
2025-11-17 22:00:13 - 8_0.01_1 - INFO - [Epoch 1/30] 训练耗时: 8.76s | 平均训练准确率: 55.16
2025-11-17 22:00:21 - 8_0.01_1 - INFO - [Epoch 2/30] 训练耗时: 7.74s | 平均训练准确率: 38.75
2025-11-17 22:00:29 - 8_0.01_1 - INFO - [Epoch 3/30] 训练耗时: 7.48s | 平均训练准确率: 45.16
2025-11-17 22:00:36 - 8_0.01_1 - INFO - [Epoch 4/30] 训练耗时: 7.50s | 平均训练准确率: 45.62
2025-11-17 22:00:44 - 8_0.01_1 - INFO - [Epoch 5/30] 训练耗时: 7.59s | 平均训练准确率: 43.91
2025-11-17 22:00:52 - 8_0.01_1 - INFO - [Epoch 6/30] 训练耗时: 8.08s | 平均训练准确率: 43.75
2025-11-17 22:01:00 - 8_0.01_1 - INFO - [Epoch 7/30] 训练耗时: 7.74s | 平均训练准确率: 42.34
2025-11-17 22:01:07 - 8_0.01_1 - INFO - [Epoch 8/30] 训练耗时: 7.63s | 平均训练准确率: 48.28
2025-11-17 22:01:15 - 8_0.01_1 - INFO - [Epoch 9/30] 训练耗时: 8.05s | 平均训练准确率: 51.25
2025-11-17 22:01:15 - 8_0.01_1 - INFO - [RDP-sepfpl] 轮次 10: ε=0.000208, std=21.643579
2025-11-17 22:01:23 - 8_0.01_1 - INFO - [Epoch 10/30] 训练耗时: 7.68s | 平均训练准确率: 48.91
2025-11-17 22:01:31 - 8_0.01_1 - INFO - [Epoch 11/30] 训练耗时: 7.62s | 平均训练准确率: 48.91
2025-11-17 22:01:38 - 8_0.01_1 - INFO - [Epoch 12/30] 训练耗时: 7.11s | 平均训练准确率: 54.53
2025-11-17 22:01:46 - 8_0.01_1 - INFO - [Epoch 13/30] 训练耗时: 7.99s | 平均训练准确率: 60.78
2025-11-17 22:01:54 - 8_0.01_1 - INFO - [Epoch 14/30] 训练耗时: 8.00s | 平均训练准确率: 57.81
2025-11-17 22:02:02 - 8_0.01_1 - INFO - [Epoch 15/30] 训练耗时: 8.35s | 平均训练准确率: 53.44
2025-11-17 22:02:10 - 8_0.01_1 - INFO - [Epoch 16/30] 训练耗时: 8.39s | 平均训练准确率: 58.59
2025-11-17 22:02:18 - 8_0.01_1 - INFO - [Epoch 17/30] 训练耗时: 7.53s | 平均训练准确率: 56.88
2025-11-17 22:02:26 - 8_0.01_1 - INFO - [Epoch 18/30] 训练耗时: 7.76s | 平均训练准确率: 54.06
2025-11-17 22:02:34 - 8_0.01_1 - INFO - [Epoch 19/30] 训练耗时: 8.00s | 平均训练准确率: 53.12
2025-11-17 22:02:34 - 8_0.01_1 - INFO - [RDP-sepfpl] 轮次 20: ε=0.000432, std=15.041403
2025-11-17 22:02:41 - 8_0.01_1 - INFO - [Epoch 20/30] 训练耗时: 7.16s | 平均训练准确率: 47.50
2025-11-17 22:02:49 - 8_0.01_1 - INFO - [Epoch 21/30] 训练耗时: 7.87s | 平均训练准确率: 49.69
2025-11-17 22:02:57 - 8_0.01_1 - INFO - [Epoch 22/30] 训练耗时: 8.10s | 平均训练准确率: 49.53
2025-11-17 22:03:05 - 8_0.01_1 - INFO - [Epoch 23/30] 训练耗时: 7.92s | 平均训练准确率: 44.22
2025-11-17 22:03:13 - 8_0.01_1 - INFO - [Epoch 24/30] 训练耗时: 8.19s | 平均训练准确率: 46.09
2025-11-17 22:03:21 - 8_0.01_1 - INFO - [Epoch 25/30] 训练耗时: 7.69s | 平均训练准确率: 51.88
2025-11-17 22:03:28 - 8_0.01_1 - INFO - [Epoch 26/30] 训练耗时: 7.81s | 平均训练准确率: 52.81
2025-11-17 22:03:37 - 8_0.01_1 - INFO - [Epoch 27/30] 训练耗时: 8.53s | 平均训练准确率: 53.28
2025-11-17 22:03:45 - 8_0.01_1 - INFO - [Epoch 28/30] 训练耗时: 7.89s | 平均训练准确率: 58.12
2025-11-17 22:03:45 - 8_0.01_1 - INFO - ------------local test start-------------
2025-11-17 22:03:45 - 8_0.01_1 - INFO - Evaluate on the client0 local set
2025-11-17 22:03:51 - 8_0.01_1 - INFO - => result | total 399 | correct 269 | acc 67.42% | err 32.58% | macro_f1 70.82%
2025-11-17 22:03:51 - 8_0.01_1 - INFO - Evaluate on the client0 neighbor set
2025-11-17 22:04:44 - 8_0.01_1 - INFO - => result | total 3,270 | correct 2,441 | acc 74.65% | err 25.35% | macro_f1 70.30%
2025-11-17 22:04:44 - 8_0.01_1 - INFO - Evaluate on the client1 local set
2025-11-17 22:04:51 - 8_0.01_1 - INFO - => result | total 399 | correct 263 | acc 65.91% | err 34.09% | macro_f1 73.90%
2025-11-17 22:04:51 - 8_0.01_1 - INFO - Evaluate on the client1 neighbor set
2025-11-17 22:05:45 - 8_0.01_1 - INFO - => result | total 3,270 | correct 2,460 | acc 75.23% | err 24.77% | macro_f1 71.72%
2025-11-17 22:05:45 - 8_0.01_1 - INFO - Evaluate on the client2 local set
2025-11-17 22:05:51 - 8_0.01_1 - INFO - => result | total 389 | correct 274 | acc 70.44% | err 29.56% | macro_f1 76.23%
2025-11-17 22:05:51 - 8_0.01_1 - INFO - Evaluate on the client2 neighbor set
2025-11-17 22:06:42 - 8_0.01_1 - INFO - => result | total 3,280 | correct 2,463 | acc 75.09% | err 24.91% | macro_f1 70.83%
2025-11-17 22:06:42 - 8_0.01_1 - INFO - Evaluate on the client3 local set
2025-11-17 22:06:50 - 8_0.01_1 - INFO - => result | total 397 | correct 331 | acc 83.38% | err 16.62% | macro_f1 88.75%
2025-11-17 22:06:50 - 8_0.01_1 - INFO - Evaluate on the client3 neighbor set
2025-11-17 22:07:42 - 8_0.01_1 - INFO - => result | total 3,272 | correct 2,341 | acc 71.55% | err 28.45% | macro_f1 67.97%
2025-11-17 22:07:42 - 8_0.01_1 - INFO - Evaluate on the client4 local set
2025-11-17 22:07:47 - 8_0.01_1 - INFO - => result | total 386 | correct 269 | acc 69.69% | err 30.31% | macro_f1 70.06%
2025-11-17 22:07:47 - 8_0.01_1 - INFO - Evaluate on the client4 neighbor set
2025-11-17 22:08:41 - 8_0.01_1 - INFO - => result | total 3,283 | correct 2,434 | acc 74.14% | err 25.86% | macro_f1 70.86%
2025-11-17 22:08:41 - 8_0.01_1 - INFO - Evaluate on the client5 local set
2025-11-17 22:08:46 - 8_0.01_1 - INFO - => result | total 399 | correct 269 | acc 67.42% | err 32.58% | macro_f1 78.01%
2025-11-17 22:08:46 - 8_0.01_1 - INFO - Evaluate on the client5 neighbor set
2025-11-17 22:09:40 - 8_0.01_1 - INFO - => result | total 3,270 | correct 2,485 | acc 75.99% | err 24.01% | macro_f1 72.88%
2025-11-17 22:09:40 - 8_0.01_1 - INFO - Evaluate on the client6 local set
2025-11-17 22:09:47 - 8_0.01_1 - INFO - => result | total 400 | correct 208 | acc 52.00% | err 48.00% | macro_f1 54.89%
2025-11-17 22:09:47 - 8_0.01_1 - INFO - Evaluate on the client6 neighbor set
2025-11-17 22:10:40 - 8_0.01_1 - INFO - => result | total 3,269 | correct 2,521 | acc 77.12% | err 22.88% | macro_f1 75.71%
2025-11-17 22:10:40 - 8_0.01_1 - INFO - Evaluate on the client7 local set
2025-11-17 22:10:47 - 8_0.01_1 - INFO - => result | total 400 | correct 370 | acc 92.50% | err 7.50% | macro_f1 95.95%
2025-11-17 22:10:47 - 8_0.01_1 - INFO - Evaluate on the client7 neighbor set
2025-11-17 22:11:40 - 8_0.01_1 - INFO - => result | total 3,269 | correct 2,277 | acc 69.65% | err 30.35% | macro_f1 66.02%
2025-11-17 22:11:40 - 8_0.01_1 - INFO - Evaluate on the client8 local set
2025-11-17 22:11:48 - 8_0.01_1 - INFO - => result | total 400 | correct 341 | acc 85.25% | err 14.75% | macro_f1 90.49%
2025-11-17 22:11:48 - 8_0.01_1 - INFO - Evaluate on the client8 neighbor set
2025-11-17 22:12:42 - 8_0.01_1 - INFO - => result | total 3,269 | correct 2,179 | acc 66.66% | err 33.34% | macro_f1 61.59%
2025-11-17 22:12:42 - 8_0.01_1 - INFO - Evaluate on the client9 local set
2025-11-17 22:12:43 - 8_0.01_1 - INFO - => result | total 100 | correct 91 | acc 91.00% | err 9.00% | macro_f1 95.29%
2025-11-17 22:12:43 - 8_0.01_1 - INFO - Evaluate on the client9 neighbor set
2025-11-17 22:13:41 - 8_0.01_1 - INFO - => result | total 3,569 | correct 2,278 | acc 63.83% | err 36.17% | macro_f1 56.45%
2025-11-17 22:13:41 - 8_0.01_1 - INFO - Global test local acc: 74.50
2025-11-17 22:13:41 - 8_0.01_1 - INFO - Global test neighbor acc: 72.39
2025-11-17 22:13:41 - 8_0.01_1 - INFO - ------------local test finish-------------
2025-11-17 22:13:41 - 8_0.01_1 - INFO - [Epoch 28/30] 测试耗时: 595.79s
2025-11-17 22:13:49 - 8_0.01_1 - INFO - [Epoch 29/30] 训练耗时: 8.42s | 平均训练准确率: 59.69
2025-11-17 22:13:49 - 8_0.01_1 - INFO - ------------local test start-------------
2025-11-17 22:13:49 - 8_0.01_1 - INFO - Evaluate on the client0 local set
2025-11-17 22:13:56 - 8_0.01_1 - INFO - => result | total 399 | correct 269 | acc 67.42% | err 32.58% | macro_f1 70.98%
2025-11-17 22:13:56 - 8_0.01_1 - INFO - Evaluate on the client0 neighbor set
2025-11-17 22:14:50 - 8_0.01_1 - INFO - => result | total 3,270 | correct 2,602 | acc 79.57% | err 20.43% | macro_f1 76.40%
2025-11-17 22:14:50 - 8_0.01_1 - INFO - Evaluate on the client1 local set
2025-11-17 22:14:55 - 8_0.01_1 - INFO - => result | total 399 | correct 335 | acc 83.96% | err 16.04% | macro_f1 90.71%
2025-11-17 22:14:55 - 8_0.01_1 - INFO - Evaluate on the client1 neighbor set
2025-11-17 22:15:50 - 8_0.01_1 - INFO - => result | total 3,270 | correct 2,550 | acc 77.98% | err 22.02% | macro_f1 74.96%
2025-11-17 22:15:50 - 8_0.01_1 - INFO - Evaluate on the client2 local set
2025-11-17 22:15:57 - 8_0.01_1 - INFO - => result | total 389 | correct 334 | acc 85.86% | err 14.14% | macro_f1 91.25%
2025-11-17 22:15:57 - 8_0.01_1 - INFO - Evaluate on the client2 neighbor set
2025-11-17 22:16:48 - 8_0.01_1 - INFO - => result | total 3,280 | correct 2,562 | acc 78.11% | err 21.89% | macro_f1 75.03%
2025-11-17 22:16:48 - 8_0.01_1 - INFO - Evaluate on the client3 local set
2025-11-17 22:16:55 - 8_0.01_1 - INFO - => result | total 397 | correct 339 | acc 85.39% | err 14.61% | macro_f1 90.39%
2025-11-17 22:16:55 - 8_0.01_1 - INFO - Evaluate on the client3 neighbor set
2025-11-17 22:17:53 - 8_0.01_1 - INFO - => result | total 3,272 | correct 2,520 | acc 77.02% | err 22.98% | macro_f1 74.51%
2025-11-17 22:17:53 - 8_0.01_1 - INFO - Evaluate on the client4 local set
2025-11-17 22:17:59 - 8_0.01_1 - INFO - => result | total 386 | correct 263 | acc 68.13% | err 31.87% | macro_f1 68.99%
2025-11-17 22:17:59 - 8_0.01_1 - INFO - Evaluate on the client4 neighbor set
2025-11-17 22:18:55 - 8_0.01_1 - INFO - => result | total 3,283 | correct 2,621 | acc 79.84% | err 20.16% | macro_f1 77.58%
2025-11-17 22:18:55 - 8_0.01_1 - INFO - Evaluate on the client5 local set
2025-11-17 22:19:01 - 8_0.01_1 - INFO - => result | total 399 | correct 305 | acc 76.44% | err 23.56% | macro_f1 85.59%
2025-11-17 22:19:01 - 8_0.01_1 - INFO - Evaluate on the client5 neighbor set
2025-11-17 22:22:24 - 8_0.01_1 - INFO - => result | total 3,270 | correct 2,562 | acc 78.35% | err 21.65% | macro_f1 75.62%
2025-11-17 22:22:24 - 8_0.01_1 - INFO - Evaluate on the client6 local set
2025-11-17 22:23:04 - 8_0.01_1 - INFO - => result | total 400 | correct 238 | acc 59.50% | err 40.50% | macro_f1 63.67%
2025-11-17 22:23:04 - 8_0.01_1 - INFO - Evaluate on the client6 neighbor set
2025-11-17 22:28:59 - 8_0.01_1 - INFO - => result | total 3,269 | correct 2,640 | acc 80.76% | err 19.24% | macro_f1 79.91%
2025-11-17 22:28:59 - 8_0.01_1 - INFO - Evaluate on the client7 local set
2025-11-17 22:30:02 - 8_0.01_1 - INFO - => result | total 400 | correct 347 | acc 86.75% | err 13.25% | macro_f1 92.28%
2025-11-17 22:30:02 - 8_0.01_1 - INFO - Evaluate on the client7 neighbor set
2025-11-17 22:36:58 - 8_0.01_1 - INFO - => result | total 3,269 | correct 2,495 | acc 76.32% | err 23.68% | macro_f1 73.49%
2025-11-17 22:36:58 - 8_0.01_1 - INFO - Evaluate on the client8 local set
2025-11-17 22:37:36 - 8_0.01_1 - INFO - => result | total 400 | correct 377 | acc 94.25% | err 5.75% | macro_f1 96.75%
2025-11-17 22:37:36 - 8_0.01_1 - INFO - Evaluate on the client8 neighbor set
2025-11-17 22:44:26 - 8_0.01_1 - INFO - => result | total 3,269 | correct 2,410 | acc 73.72% | err 26.28% | macro_f1 70.30%
2025-11-17 22:44:26 - 8_0.01_1 - INFO - Evaluate on the client9 local set
2025-11-17 22:44:38 - 8_0.01_1 - INFO - => result | total 100 | correct 94 | acc 94.00% | err 6.00% | macro_f1 96.91%
2025-11-17 22:44:38 - 8_0.01_1 - INFO - Evaluate on the client9 neighbor set
2025-11-17 22:48:26 - 8_0.01_1 - INFO - => result | total 3,569 | correct 2,551 | acc 71.48% | err 28.52% | macro_f1 67.05%
2025-11-17 22:48:26 - 8_0.01_1 - INFO - Global test local acc: 80.17
2025-11-17 22:48:26 - 8_0.01_1 - INFO - Global test neighbor acc: 77.31
2025-11-17 22:48:26 - 8_0.01_1 - INFO - ------------local test finish-------------
2025-11-17 22:48:26 - 8_0.01_1 - INFO - [Epoch 29/30] 测试耗时: 2076.59s
2025-11-17 22:48:26 - 8_0.01_1 - INFO - [RDP-sepfpl] 轮次 30: ε=0.000661, std=12.157392
2025-11-17 22:48:32 - 8_0.01_1 - INFO - [Epoch 30/30] 训练耗时: 6.68s | 平均训练准确率: 67.19
2025-11-17 22:48:32 - 8_0.01_1 - INFO - ------------local test start-------------
2025-11-17 22:48:32 - 8_0.01_1 - INFO - Evaluate on the client0 local set
2025-11-17 22:48:38 - 8_0.01_1 - INFO - => result | total 399 | correct 265 | acc 66.42% | err 33.58% | macro_f1 70.38%
2025-11-17 22:48:38 - 8_0.01_1 - INFO - Evaluate on the client0 neighbor set
2025-11-17 22:49:27 - 8_0.01_1 - INFO - => result | total 3,270 | correct 2,613 | acc 79.91% | err 20.09% | macro_f1 76.87%
2025-11-17 22:49:27 - 8_0.01_1 - INFO - Evaluate on the client1 local set
2025-11-17 22:49:34 - 8_0.01_1 - INFO - => result | total 399 | correct 335 | acc 83.96% | err 16.04% | macro_f1 90.41%
2025-11-17 22:49:34 - 8_0.01_1 - INFO - Evaluate on the client1 neighbor set
2025-11-17 22:50:29 - 8_0.01_1 - INFO - => result | total 3,270 | correct 2,552 | acc 78.04% | err 21.96% | macro_f1 75.18%
2025-11-17 22:50:29 - 8_0.01_1 - INFO - Evaluate on the client2 local set
2025-11-17 22:50:37 - 8_0.01_1 - INFO - => result | total 389 | correct 339 | acc 87.15% | err 12.85% | macro_f1 92.01%
2025-11-17 22:50:37 - 8_0.01_1 - INFO - Evaluate on the client2 neighbor set
2025-11-17 22:51:30 - 8_0.01_1 - INFO - => result | total 3,280 | correct 2,561 | acc 78.08% | err 21.92% | macro_f1 75.11%
2025-11-17 22:51:30 - 8_0.01_1 - INFO - Evaluate on the client3 local set
2025-11-17 22:51:37 - 8_0.01_1 - INFO - => result | total 397 | correct 340 | acc 85.64% | err 14.36% | macro_f1 90.57%
2025-11-17 22:51:37 - 8_0.01_1 - INFO - Evaluate on the client3 neighbor set
2025-11-17 22:52:32 - 8_0.01_1 - INFO - => result | total 3,272 | correct 2,514 | acc 76.83% | err 23.17% | macro_f1 74.39%
2025-11-17 22:52:32 - 8_0.01_1 - INFO - Evaluate on the client4 local set
2025-11-17 22:52:39 - 8_0.01_1 - INFO - => result | total 386 | correct 263 | acc 68.13% | err 31.87% | macro_f1 68.67%
2025-11-17 22:52:39 - 8_0.01_1 - INFO - Evaluate on the client4 neighbor set
2025-11-17 22:53:37 - 8_0.01_1 - INFO - => result | total 3,283 | correct 2,615 | acc 79.65% | err 20.35% | macro_f1 77.44%
2025-11-17 22:53:37 - 8_0.01_1 - INFO - Evaluate on the client5 local set
2025-11-17 22:53:45 - 8_0.01_1 - INFO - => result | total 399 | correct 326 | acc 81.70% | err 18.30% | macro_f1 89.32%
2025-11-17 22:53:45 - 8_0.01_1 - INFO - Evaluate on the client5 neighbor set
2025-11-17 22:54:42 - 8_0.01_1 - INFO - => result | total 3,270 | correct 2,575 | acc 78.75% | err 21.25% | macro_f1 76.18%
2025-11-17 22:54:42 - 8_0.01_1 - INFO - Evaluate on the client6 local set
2025-11-17 22:54:49 - 8_0.01_1 - INFO - => result | total 400 | correct 232 | acc 58.00% | err 42.00% | macro_f1 62.89%
2025-11-17 22:54:49 - 8_0.01_1 - INFO - Evaluate on the client6 neighbor set
2025-11-17 22:55:45 - 8_0.01_1 - INFO - => result | total 3,269 | correct 2,666 | acc 81.55% | err 18.45% | macro_f1 80.52%
2025-11-17 22:55:45 - 8_0.01_1 - INFO - Evaluate on the client7 local set
2025-11-17 22:55:51 - 8_0.01_1 - INFO - => result | total 400 | correct 352 | acc 88.00% | err 12.00% | macro_f1 93.02%
2025-11-17 22:55:51 - 8_0.01_1 - INFO - Evaluate on the client7 neighbor set
2025-11-17 22:56:49 - 8_0.01_1 - INFO - => result | total 3,269 | correct 2,522 | acc 77.15% | err 22.85% | macro_f1 74.28%
2025-11-17 22:56:49 - 8_0.01_1 - INFO - Evaluate on the client8 local set
2025-11-17 22:56:55 - 8_0.01_1 - INFO - => result | total 400 | correct 381 | acc 95.25% | err 4.75% | macro_f1 97.42%
2025-11-17 22:56:55 - 8_0.01_1 - INFO - Evaluate on the client8 neighbor set
2025-11-17 22:57:46 - 8_0.01_1 - INFO - => result | total 3,269 | correct 2,445 | acc 74.79% | err 25.21% | macro_f1 71.36%
2025-11-17 22:57:46 - 8_0.01_1 - INFO - Evaluate on the client9 local set
2025-11-17 22:57:48 - 8_0.01_1 - INFO - => result | total 100 | correct 96 | acc 96.00% | err 4.00% | macro_f1 97.96%
2025-11-17 22:57:48 - 8_0.01_1 - INFO - Evaluate on the client9 neighbor set
2025-11-17 22:58:45 - 8_0.01_1 - INFO - => result | total 3,569 | correct 2,621 | acc 73.44% | err 26.56% | macro_f1 68.97%
2025-11-17 22:58:45 - 8_0.01_1 - INFO - Global test local acc: 81.03
2025-11-17 22:58:45 - 8_0.01_1 - INFO - Global test neighbor acc: 77.82
2025-11-17 22:58:45 - 8_0.01_1 - INFO - ------------local test finish-------------
2025-11-17 22:58:45 - 8_0.01_1 - INFO - [Epoch 30/30] 测试耗时: 612.99s
2025-11-17 22:58:45 - 8_0.01_1 - INFO - maximum test local acc: 81.025
2025-11-17 22:58:45 - 8_0.01_1 - INFO - mean of local acc: 78.565
2025-11-17 22:58:45 - 8_0.01_1 - INFO - maximum test neighbor acc: 77.820
2025-11-17 22:58:45 - 8_0.01_1 - INFO - mean of neighbor acc: 75.842
