2025-11-15 05:39:42 - 8_0.01_1 - INFO - 日志文件已创建: logs/oxford_pets/sepfpl/8_0.01_1_20251115_053942.log
2025-11-15 05:39:42 - 8_0.01_1 - INFO - Loading trainer: DP_FPL
2025-11-15 05:39:42 - 8_0.01_1 - INFO - Loading dataset: OxfordPets
2025-11-15 05:39:42 - 8_0.01_1 - INFO - Reading split from /home/liuxin25/dataset/oxford_pets/split_zhou_OxfordPets.json
2025-11-15 05:39:42 - 8_0.01_1 - INFO - Creating a baseline federated dataset
2025-11-15 05:39:42 - 8_0.01_1 - INFO - class_num 37
2025-11-15 05:39:42 - 8_0.01_1 - INFO - user class dict total [18, 14, 23, 10]
2025-11-15 05:39:42 - 8_0.01_1 - INFO - idx: 0, output_dict_len: 320
2025-11-15 05:39:42 - 8_0.01_1 - INFO - user class dict total [8, 4, 13, 19]
2025-11-15 05:39:42 - 8_0.01_1 - INFO - idx: 1, output_dict_len: 320
2025-11-15 05:39:42 - 8_0.01_1 - INFO - user class dict total [12, 29, 34, 15]
2025-11-15 05:39:42 - 8_0.01_1 - INFO - idx: 2, output_dict_len: 317
2025-11-15 05:39:42 - 8_0.01_1 - INFO - user class dict total [2, 32, 1, 11]
2025-11-15 05:39:42 - 8_0.01_1 - INFO - idx: 3, output_dict_len: 313
2025-11-15 05:39:42 - 8_0.01_1 - INFO - user class dict total [31, 0, 35, 7]
2025-11-15 05:39:42 - 8_0.01_1 - INFO - idx: 4, output_dict_len: 317
2025-11-15 05:39:42 - 8_0.01_1 - INFO - user class dict total [5, 27, 16, 30]
2025-11-15 05:39:42 - 8_0.01_1 - INFO - idx: 5, output_dict_len: 320
2025-11-15 05:39:42 - 8_0.01_1 - INFO - user class dict total [17, 22, 26, 9]
2025-11-15 05:39:42 - 8_0.01_1 - INFO - idx: 6, output_dict_len: 317
2025-11-15 05:39:42 - 8_0.01_1 - INFO - user class dict total [33, 3, 25, 6]
2025-11-15 05:39:42 - 8_0.01_1 - INFO - idx: 7, output_dict_len: 320
2025-11-15 05:39:42 - 8_0.01_1 - INFO - user class dict total [21, 20, 36, 28]
2025-11-15 05:39:42 - 8_0.01_1 - INFO - idx: 8, output_dict_len: 320
2025-11-15 05:39:42 - 8_0.01_1 - INFO - user class dict total [24]
2025-11-15 05:39:42 - 8_0.01_1 - INFO - idx: 9, output_dict_len: 80
2025-11-15 05:39:42 - 8_0.01_1 - INFO - Creating a baseline federated dataset
2025-11-15 05:39:42 - 8_0.01_1 - INFO - class_num 37
2025-11-15 05:39:42 - 8_0.01_1 - INFO - user class dict total [18, 14, 23, 10]
2025-11-15 05:39:42 - 8_0.01_1 - INFO - idx: 0, output_dict_len: 399
2025-11-15 05:39:42 - 8_0.01_1 - INFO - user class dict total [8, 4, 13, 19]
2025-11-15 05:39:42 - 8_0.01_1 - INFO - idx: 1, output_dict_len: 399
2025-11-15 05:39:42 - 8_0.01_1 - INFO - user class dict total [12, 29, 34, 15]
2025-11-15 05:39:42 - 8_0.01_1 - INFO - idx: 2, output_dict_len: 389
2025-11-15 05:39:42 - 8_0.01_1 - INFO - user class dict total [2, 32, 1, 11]
2025-11-15 05:39:42 - 8_0.01_1 - INFO - idx: 3, output_dict_len: 397
2025-11-15 05:39:42 - 8_0.01_1 - INFO - user class dict total [31, 0, 35, 7]
2025-11-15 05:39:42 - 8_0.01_1 - INFO - idx: 4, output_dict_len: 386
2025-11-15 05:39:42 - 8_0.01_1 - INFO - user class dict total [5, 27, 16, 30]
2025-11-15 05:39:42 - 8_0.01_1 - INFO - idx: 5, output_dict_len: 399
2025-11-15 05:39:42 - 8_0.01_1 - INFO - user class dict total [17, 22, 26, 9]
2025-11-15 05:39:42 - 8_0.01_1 - INFO - idx: 6, output_dict_len: 400
2025-11-15 05:39:42 - 8_0.01_1 - INFO - user class dict total [33, 3, 25, 6]
2025-11-15 05:39:42 - 8_0.01_1 - INFO - idx: 7, output_dict_len: 400
2025-11-15 05:39:42 - 8_0.01_1 - INFO - user class dict total [21, 20, 36, 28]
2025-11-15 05:39:42 - 8_0.01_1 - INFO - idx: 8, output_dict_len: 400
2025-11-15 05:39:42 - 8_0.01_1 - INFO - user class dict total [24]
2025-11-15 05:39:42 - 8_0.01_1 - INFO - idx: 9, output_dict_len: 100
2025-11-15 05:39:42 - 8_0.01_1 - INFO - Loading CLIP (backbone: ViT-B/16)
2025-11-15 05:39:44 - 8_0.01_1 - INFO - Building custom CLIP
2025-11-15 05:39:44 - 8_0.01_1 - INFO - Turning off gradients in both the image and the text encoder
2025-11-15 05:39:44 - 8_0.01_1 - INFO - [RDP-sepfpl] 轮次 1: ε=0.000006, std=132.489028
2025-11-15 05:39:50 - 8_0.01_1 - INFO - [Epoch 1/50] 训练耗时: 5.76s | 平均训练准确率: 52.34
2025-11-15 05:39:55 - 8_0.01_1 - INFO - [Epoch 2/50] 训练耗时: 4.67s | 平均训练准确率: 37.19
2025-11-15 05:40:00 - 8_0.01_1 - INFO - [Epoch 3/50] 训练耗时: 4.67s | 平均训练准确率: 38.28
2025-11-15 05:40:04 - 8_0.01_1 - INFO - [Epoch 4/50] 训练耗时: 4.69s | 平均训练准确率: 40.31
2025-11-15 05:40:09 - 8_0.01_1 - INFO - [Epoch 5/50] 训练耗时: 4.67s | 平均训练准确率: 32.66
2025-11-15 05:40:14 - 8_0.01_1 - INFO - [Epoch 6/50] 训练耗时: 4.68s | 平均训练准确率: 36.09
2025-11-15 05:40:18 - 8_0.01_1 - INFO - [Epoch 7/50] 训练耗时: 4.70s | 平均训练准确率: 28.59
2025-11-15 05:40:23 - 8_0.01_1 - INFO - [Epoch 8/50] 训练耗时: 4.70s | 平均训练准确率: 31.25
2025-11-15 05:40:28 - 8_0.01_1 - INFO - [Epoch 9/50] 训练耗时: 4.68s | 平均训练准确率: 35.00
2025-11-15 05:40:28 - 8_0.01_1 - INFO - [RDP-sepfpl] 轮次 10: ε=0.000070, std=37.340481
2025-11-15 05:40:32 - 8_0.01_1 - INFO - [Epoch 10/50] 训练耗时: 4.71s | 平均训练准确率: 35.78
2025-11-15 05:40:37 - 8_0.01_1 - INFO - [Epoch 11/50] 训练耗时: 4.70s | 平均训练准确率: 44.22
2025-11-15 05:40:42 - 8_0.01_1 - INFO - [Epoch 12/50] 训练耗时: 4.69s | 平均训练准确率: 46.72
2025-11-15 05:40:46 - 8_0.01_1 - INFO - [Epoch 13/50] 训练耗时: 4.69s | 平均训练准确率: 47.19
2025-11-15 05:40:51 - 8_0.01_1 - INFO - [Epoch 14/50] 训练耗时: 4.70s | 平均训练准确率: 49.06
2025-11-15 05:40:56 - 8_0.01_1 - INFO - [Epoch 15/50] 训练耗时: 4.67s | 平均训练准确率: 50.00
2025-11-15 05:41:01 - 8_0.01_1 - INFO - [Epoch 16/50] 训练耗时: 4.67s | 平均训练准确率: 50.31
2025-11-15 05:41:05 - 8_0.01_1 - INFO - [Epoch 17/50] 训练耗时: 4.66s | 平均训练准确率: 52.81
2025-11-15 05:41:10 - 8_0.01_1 - INFO - [Epoch 18/50] 训练耗时: 4.65s | 平均训练准确率: 48.28
2025-11-15 05:41:14 - 8_0.01_1 - INFO - [Epoch 19/50] 训练耗时: 4.56s | 平均训练准确率: 50.00
2025-11-15 05:41:14 - 8_0.01_1 - INFO - [RDP-sepfpl] 轮次 20: ε=0.000150, std=25.504300
2025-11-15 05:41:19 - 8_0.01_1 - INFO - [Epoch 20/50] 训练耗时: 4.53s | 平均训练准确率: 52.66
2025-11-15 05:41:23 - 8_0.01_1 - INFO - [Epoch 21/50] 训练耗时: 4.55s | 平均训练准确率: 55.94
2025-11-15 05:41:28 - 8_0.01_1 - INFO - [Epoch 22/50] 训练耗时: 4.55s | 平均训练准确率: 53.28
2025-11-15 05:41:33 - 8_0.01_1 - INFO - [Epoch 23/50] 训练耗时: 4.52s | 平均训练准确率: 55.62
2025-11-15 05:41:37 - 8_0.01_1 - INFO - [Epoch 24/50] 训练耗时: 4.58s | 平均训练准确率: 52.81
2025-11-15 05:41:42 - 8_0.01_1 - INFO - [Epoch 25/50] 训练耗时: 4.65s | 平均训练准确率: 54.69
2025-11-15 05:41:46 - 8_0.01_1 - INFO - [Epoch 26/50] 训练耗时: 4.64s | 平均训练准确率: 52.66
2025-11-15 05:41:51 - 8_0.01_1 - INFO - [Epoch 27/50] 训练耗时: 4.69s | 平均训练准确率: 54.38
2025-11-15 05:41:56 - 8_0.01_1 - INFO - [Epoch 28/50] 训练耗时: 4.67s | 平均训练准确率: 60.62
2025-11-15 05:42:00 - 8_0.01_1 - INFO - [Epoch 29/50] 训练耗时: 4.68s | 平均训练准确率: 59.53
2025-11-15 05:42:00 - 8_0.01_1 - INFO - [RDP-sepfpl] 轮次 30: ε=0.000235, std=20.406251
2025-11-15 05:42:05 - 8_0.01_1 - INFO - [Epoch 30/50] 训练耗时: 4.69s | 平均训练准确率: 64.38
2025-11-15 05:42:10 - 8_0.01_1 - INFO - [Epoch 31/50] 训练耗时: 4.93s | 平均训练准确率: 63.91
2025-11-15 05:42:15 - 8_0.01_1 - INFO - [Epoch 32/50] 训练耗时: 4.92s | 平均训练准确率: 62.66
2025-11-15 05:42:20 - 8_0.01_1 - INFO - [Epoch 33/50] 训练耗时: 4.93s | 平均训练准确率: 59.84
2025-11-15 05:42:25 - 8_0.01_1 - INFO - [Epoch 34/50] 训练耗时: 4.91s | 平均训练准确率: 59.38
2025-11-15 05:42:30 - 8_0.01_1 - INFO - [Epoch 35/50] 训练耗时: 4.94s | 平均训练准确率: 54.06
2025-11-15 05:42:35 - 8_0.01_1 - INFO - [Epoch 36/50] 训练耗时: 4.93s | 平均训练准确率: 52.66
2025-11-15 05:42:40 - 8_0.01_1 - INFO - [Epoch 37/50] 训练耗时: 4.87s | 平均训练准确率: 56.72
2025-11-15 05:42:45 - 8_0.01_1 - INFO - [Epoch 38/50] 训练耗时: 4.95s | 平均训练准确率: 58.91
2025-11-15 05:42:49 - 8_0.01_1 - INFO - [Epoch 39/50] 训练耗时: 4.96s | 平均训练准确率: 57.19
2025-11-15 05:42:49 - 8_0.01_1 - INFO - [RDP-sepfpl] 轮次 40: ε=0.000322, std=17.419951
2025-11-15 05:42:54 - 8_0.01_1 - INFO - [Epoch 40/50] 训练耗时: 4.90s | 平均训练准确率: 56.25
2025-11-15 05:42:59 - 8_0.01_1 - INFO - [Epoch 41/50] 训练耗时: 4.89s | 平均训练准确率: 55.16
2025-11-15 05:43:04 - 8_0.01_1 - INFO - [Epoch 42/50] 训练耗时: 4.91s | 平均训练准确率: 56.88
2025-11-15 05:43:09 - 8_0.01_1 - INFO - [Epoch 43/50] 训练耗时: 4.89s | 平均训练准确率: 55.31
2025-11-15 05:43:14 - 8_0.01_1 - INFO - [Epoch 44/50] 训练耗时: 4.93s | 平均训练准确率: 56.41
2025-11-15 05:43:19 - 8_0.01_1 - INFO - [Epoch 45/50] 训练耗时: 4.93s | 平均训练准确率: 51.88
2025-11-15 05:43:24 - 8_0.01_1 - INFO - [Epoch 46/50] 训练耗时: 4.87s | 平均训练准确率: 50.31
2025-11-15 05:43:24 - 8_0.01_1 - INFO - ------------local test start-------------
2025-11-15 05:43:24 - 8_0.01_1 - INFO - Evaluate on the client0 local set
2025-11-15 05:43:27 - 8_0.01_1 - INFO - => result | total 399 | correct 66 | acc 16.54% | err 83.46% | macro_f1 21.82%
2025-11-15 05:43:27 - 8_0.01_1 - INFO - Evaluate on the client0 neighbor set
2025-11-15 05:43:50 - 8_0.01_1 - INFO - => result | total 3,270 | correct 2,109 | acc 64.50% | err 35.50% | macro_f1 58.12%
2025-11-15 05:43:50 - 8_0.01_1 - INFO - Evaluate on the client1 local set
2025-11-15 05:43:53 - 8_0.01_1 - INFO - => result | total 399 | correct 221 | acc 55.39% | err 44.61% | macro_f1 60.43%
2025-11-15 05:43:53 - 8_0.01_1 - INFO - Evaluate on the client1 neighbor set
2025-11-15 05:44:15 - 8_0.01_1 - INFO - => result | total 3,270 | correct 1,966 | acc 60.12% | err 39.88% | macro_f1 54.58%
2025-11-15 05:44:15 - 8_0.01_1 - INFO - Evaluate on the client2 local set
2025-11-15 05:44:18 - 8_0.01_1 - INFO - => result | total 389 | correct 330 | acc 84.83% | err 15.17% | macro_f1 90.55%
2025-11-15 05:44:18 - 8_0.01_1 - INFO - Evaluate on the client2 neighbor set
2025-11-15 05:44:41 - 8_0.01_1 - INFO - => result | total 3,280 | correct 1,880 | acc 57.32% | err 42.68% | macro_f1 50.18%
2025-11-15 05:44:41 - 8_0.01_1 - INFO - Evaluate on the client3 local set
2025-11-15 05:44:43 - 8_0.01_1 - INFO - => result | total 397 | correct 268 | acc 67.51% | err 32.49% | macro_f1 76.32%
2025-11-15 05:44:43 - 8_0.01_1 - INFO - Evaluate on the client3 neighbor set
2025-11-15 05:45:06 - 8_0.01_1 - INFO - => result | total 3,272 | correct 1,961 | acc 59.93% | err 40.07% | macro_f1 52.75%
2025-11-15 05:45:06 - 8_0.01_1 - INFO - Evaluate on the client4 local set
2025-11-15 05:45:09 - 8_0.01_1 - INFO - => result | total 386 | correct 194 | acc 50.26% | err 49.74% | macro_f1 49.61%
2025-11-15 05:45:09 - 8_0.01_1 - INFO - Evaluate on the client4 neighbor set
2025-11-15 05:45:32 - 8_0.01_1 - INFO - => result | total 3,283 | correct 2,047 | acc 62.35% | err 37.65% | macro_f1 55.08%
2025-11-15 05:45:32 - 8_0.01_1 - INFO - Evaluate on the client5 local set
2025-11-15 05:45:35 - 8_0.01_1 - INFO - => result | total 399 | correct 172 | acc 43.11% | err 56.89% | macro_f1 46.16%
2025-11-15 05:45:35 - 8_0.01_1 - INFO - Evaluate on the client5 neighbor set
2025-11-15 05:45:58 - 8_0.01_1 - INFO - => result | total 3,270 | correct 2,084 | acc 63.73% | err 36.27% | macro_f1 56.19%
2025-11-15 05:45:58 - 8_0.01_1 - INFO - Evaluate on the client6 local set
2025-11-15 05:46:00 - 8_0.01_1 - INFO - => result | total 400 | correct 197 | acc 49.25% | err 50.75% | macro_f1 45.33%
2025-11-15 05:46:00 - 8_0.01_1 - INFO - Evaluate on the client6 neighbor set
2025-11-15 05:46:23 - 8_0.01_1 - INFO - => result | total 3,269 | correct 2,077 | acc 63.54% | err 36.46% | macro_f1 58.16%
2025-11-15 05:46:23 - 8_0.01_1 - INFO - Evaluate on the client7 local set
2025-11-15 05:46:26 - 8_0.01_1 - INFO - => result | total 400 | correct 295 | acc 73.75% | err 26.25% | macro_f1 74.36%
2025-11-15 05:46:26 - 8_0.01_1 - INFO - Evaluate on the client7 neighbor set
2025-11-15 05:46:49 - 8_0.01_1 - INFO - => result | total 3,269 | correct 1,985 | acc 60.72% | err 39.28% | macro_f1 53.51%
2025-11-15 05:46:49 - 8_0.01_1 - INFO - Evaluate on the client8 local set
2025-11-15 05:46:51 - 8_0.01_1 - INFO - => result | total 400 | correct 379 | acc 94.75% | err 5.25% | macro_f1 97.14%
2025-11-15 05:46:51 - 8_0.01_1 - INFO - Evaluate on the client8 neighbor set
2025-11-15 05:47:14 - 8_0.01_1 - INFO - => result | total 3,269 | correct 1,903 | acc 58.21% | err 41.79% | macro_f1 51.70%
2025-11-15 05:47:14 - 8_0.01_1 - INFO - Evaluate on the client9 local set
2025-11-15 05:47:15 - 8_0.01_1 - INFO - => result | total 100 | correct 98 | acc 98.00% | err 2.00% | macro_f1 98.99%
2025-11-15 05:47:15 - 8_0.01_1 - INFO - Evaluate on the client9 neighbor set
2025-11-15 05:47:40 - 8_0.01_1 - INFO - => result | total 3,569 | correct 2,197 | acc 61.56% | err 38.44% | macro_f1 54.65%
2025-11-15 05:47:40 - 8_0.01_1 - INFO - Global test local acc: 63.34
2025-11-15 05:47:40 - 8_0.01_1 - INFO - Global test neighbor acc: 61.20
2025-11-15 05:47:40 - 8_0.01_1 - INFO - ------------local test finish-------------
2025-11-15 05:47:40 - 8_0.01_1 - INFO - [Epoch 46/50] 测试耗时: 255.87s
2025-11-15 05:47:44 - 8_0.01_1 - INFO - [Epoch 47/50] 训练耗时: 4.10s | 平均训练准确率: 52.66
2025-11-15 05:47:44 - 8_0.01_1 - INFO - ------------local test start-------------
2025-11-15 05:47:44 - 8_0.01_1 - INFO - Evaluate on the client0 local set
2025-11-15 05:47:47 - 8_0.01_1 - INFO - => result | total 399 | correct 72 | acc 18.05% | err 81.95% | macro_f1 22.97%
2025-11-15 05:47:47 - 8_0.01_1 - INFO - Evaluate on the client0 neighbor set
2025-11-15 05:48:09 - 8_0.01_1 - INFO - => result | total 3,270 | correct 2,121 | acc 64.86% | err 35.14% | macro_f1 58.30%
2025-11-15 05:48:09 - 8_0.01_1 - INFO - Evaluate on the client1 local set
2025-11-15 05:48:12 - 8_0.01_1 - INFO - => result | total 399 | correct 227 | acc 56.89% | err 43.11% | macro_f1 62.28%
2025-11-15 05:48:12 - 8_0.01_1 - INFO - Evaluate on the client1 neighbor set
2025-11-15 05:48:35 - 8_0.01_1 - INFO - => result | total 3,270 | correct 1,980 | acc 60.55% | err 39.45% | macro_f1 54.87%
2025-11-15 05:48:35 - 8_0.01_1 - INFO - Evaluate on the client2 local set
2025-11-15 05:48:38 - 8_0.01_1 - INFO - => result | total 389 | correct 324 | acc 83.29% | err 16.71% | macro_f1 89.68%
2025-11-15 05:48:38 - 8_0.01_1 - INFO - Evaluate on the client2 neighbor set
2025-11-15 05:49:01 - 8_0.01_1 - INFO - => result | total 3,280 | correct 1,913 | acc 58.32% | err 41.68% | macro_f1 50.91%
2025-11-15 05:49:01 - 8_0.01_1 - INFO - Evaluate on the client3 local set
2025-11-15 05:49:03 - 8_0.01_1 - INFO - => result | total 397 | correct 285 | acc 71.79% | err 28.21% | macro_f1 80.31%
2025-11-15 05:49:03 - 8_0.01_1 - INFO - Evaluate on the client3 neighbor set
2025-11-15 05:49:26 - 8_0.01_1 - INFO - => result | total 3,272 | correct 1,962 | acc 59.96% | err 40.04% | macro_f1 52.75%
2025-11-15 05:49:26 - 8_0.01_1 - INFO - Evaluate on the client4 local set
2025-11-15 05:49:29 - 8_0.01_1 - INFO - => result | total 386 | correct 194 | acc 50.26% | err 49.74% | macro_f1 49.61%
2025-11-15 05:49:29 - 8_0.01_1 - INFO - Evaluate on the client4 neighbor set
2025-11-15 05:49:52 - 8_0.01_1 - INFO - => result | total 3,283 | correct 2,074 | acc 63.17% | err 36.83% | macro_f1 55.76%
2025-11-15 05:49:52 - 8_0.01_1 - INFO - Evaluate on the client5 local set
2025-11-15 05:49:55 - 8_0.01_1 - INFO - => result | total 399 | correct 172 | acc 43.11% | err 56.89% | macro_f1 46.16%
2025-11-15 05:49:55 - 8_0.01_1 - INFO - Evaluate on the client5 neighbor set
2025-11-15 05:50:19 - 8_0.01_1 - INFO - => result | total 3,270 | correct 2,102 | acc 64.28% | err 35.72% | macro_f1 56.66%
2025-11-15 05:50:19 - 8_0.01_1 - INFO - Evaluate on the client6 local set
2025-11-15 05:50:22 - 8_0.01_1 - INFO - => result | total 400 | correct 197 | acc 49.25% | err 50.75% | macro_f1 45.96%
2025-11-15 05:50:22 - 8_0.01_1 - INFO - Evaluate on the client6 neighbor set
2025-11-15 05:50:45 - 8_0.01_1 - INFO - => result | total 3,269 | correct 2,095 | acc 64.09% | err 35.91% | macro_f1 58.66%
2025-11-15 05:50:45 - 8_0.01_1 - INFO - Evaluate on the client7 local set
2025-11-15 05:50:47 - 8_0.01_1 - INFO - => result | total 400 | correct 298 | acc 74.50% | err 25.50% | macro_f1 74.75%
2025-11-15 05:50:47 - 8_0.01_1 - INFO - Evaluate on the client7 neighbor set
2025-11-15 05:51:10 - 8_0.01_1 - INFO - => result | total 3,269 | correct 1,992 | acc 60.94% | err 39.06% | macro_f1 53.65%
2025-11-15 05:51:10 - 8_0.01_1 - INFO - Evaluate on the client8 local set
2025-11-15 05:51:13 - 8_0.01_1 - INFO - => result | total 400 | correct 376 | acc 94.00% | err 6.00% | macro_f1 96.73%
2025-11-15 05:51:13 - 8_0.01_1 - INFO - Evaluate on the client8 neighbor set
2025-11-15 05:51:36 - 8_0.01_1 - INFO - => result | total 3,269 | correct 1,920 | acc 58.73% | err 41.27% | macro_f1 51.97%
2025-11-15 05:51:36 - 8_0.01_1 - INFO - Evaluate on the client9 local set
2025-11-15 05:51:37 - 8_0.01_1 - INFO - => result | total 100 | correct 98 | acc 98.00% | err 2.00% | macro_f1 98.99%
2025-11-15 05:51:37 - 8_0.01_1 - INFO - Evaluate on the client9 neighbor set
2025-11-15 05:52:02 - 8_0.01_1 - INFO - => result | total 3,569 | correct 2,205 | acc 61.78% | err 38.22% | macro_f1 54.58%
2025-11-15 05:52:02 - 8_0.01_1 - INFO - Global test local acc: 63.91
2025-11-15 05:52:02 - 8_0.01_1 - INFO - Global test neighbor acc: 61.67
2025-11-15 05:52:02 - 8_0.01_1 - INFO - ------------local test finish-------------
2025-11-15 05:52:02 - 8_0.01_1 - INFO - [Epoch 47/50] 测试耗时: 258.31s
2025-11-15 05:52:07 - 8_0.01_1 - INFO - [Epoch 48/50] 训练耗时: 4.56s | 平均训练准确率: 50.00
2025-11-15 05:52:07 - 8_0.01_1 - INFO - ------------local test start-------------
2025-11-15 05:52:07 - 8_0.01_1 - INFO - Evaluate on the client0 local set
2025-11-15 05:52:10 - 8_0.01_1 - INFO - => result | total 399 | correct 77 | acc 19.30% | err 80.70% | macro_f1 24.12%
2025-11-15 05:52:10 - 8_0.01_1 - INFO - Evaluate on the client0 neighbor set
2025-11-15 05:52:33 - 8_0.01_1 - INFO - => result | total 3,270 | correct 2,188 | acc 66.91% | err 33.09% | macro_f1 60.84%
2025-11-15 05:52:33 - 8_0.01_1 - INFO - Evaluate on the client1 local set
2025-11-15 05:52:36 - 8_0.01_1 - INFO - => result | total 399 | correct 253 | acc 63.41% | err 36.59% | macro_f1 71.35%
2025-11-15 05:52:36 - 8_0.01_1 - INFO - Evaluate on the client1 neighbor set
2025-11-15 05:52:59 - 8_0.01_1 - INFO - => result | total 3,270 | correct 2,021 | acc 61.80% | err 38.20% | macro_f1 55.98%
2025-11-15 05:52:59 - 8_0.01_1 - INFO - Evaluate on the client2 local set
2025-11-15 05:53:01 - 8_0.01_1 - INFO - => result | total 389 | correct 331 | acc 85.09% | err 14.91% | macro_f1 90.83%
2025-11-15 05:53:01 - 8_0.01_1 - INFO - Evaluate on the client2 neighbor set
2025-11-15 05:53:24 - 8_0.01_1 - INFO - => result | total 3,280 | correct 1,966 | acc 59.94% | err 40.06% | macro_f1 53.13%
2025-11-15 05:53:24 - 8_0.01_1 - INFO - Evaluate on the client3 local set
2025-11-15 05:53:27 - 8_0.01_1 - INFO - => result | total 397 | correct 291 | acc 73.30% | err 26.70% | macro_f1 81.84%
2025-11-15 05:53:27 - 8_0.01_1 - INFO - Evaluate on the client3 neighbor set
2025-11-15 05:53:50 - 8_0.01_1 - INFO - => result | total 3,272 | correct 2,012 | acc 61.49% | err 38.51% | macro_f1 54.89%
2025-11-15 05:53:50 - 8_0.01_1 - INFO - Evaluate on the client4 local set
2025-11-15 05:53:53 - 8_0.01_1 - INFO - => result | total 386 | correct 194 | acc 50.26% | err 49.74% | macro_f1 49.61%
2025-11-15 05:53:53 - 8_0.01_1 - INFO - Evaluate on the client4 neighbor set
2025-11-15 05:54:16 - 8_0.01_1 - INFO - => result | total 3,283 | correct 2,121 | acc 64.61% | err 35.39% | macro_f1 57.65%
2025-11-15 05:54:16 - 8_0.01_1 - INFO - Evaluate on the client5 local set
2025-11-15 05:54:19 - 8_0.01_1 - INFO - => result | total 399 | correct 178 | acc 44.61% | err 55.39% | macro_f1 47.38%
2025-11-15 05:54:19 - 8_0.01_1 - INFO - Evaluate on the client5 neighbor set
2025-11-15 05:54:42 - 8_0.01_1 - INFO - => result | total 3,270 | correct 2,151 | acc 65.78% | err 34.22% | macro_f1 58.68%
2025-11-15 05:54:42 - 8_0.01_1 - INFO - Evaluate on the client6 local set
2025-11-15 05:54:45 - 8_0.01_1 - INFO - => result | total 400 | correct 195 | acc 48.75% | err 51.25% | macro_f1 45.88%
2025-11-15 05:54:45 - 8_0.01_1 - INFO - Evaluate on the client6 neighbor set
2025-11-15 05:55:08 - 8_0.01_1 - INFO - => result | total 3,269 | correct 2,156 | acc 65.95% | err 34.05% | macro_f1 61.25%
2025-11-15 05:55:08 - 8_0.01_1 - INFO - Evaluate on the client7 local set
2025-11-15 05:55:11 - 8_0.01_1 - INFO - => result | total 400 | correct 299 | acc 74.75% | err 25.25% | macro_f1 74.87%
2025-11-15 05:55:11 - 8_0.01_1 - INFO - Evaluate on the client7 neighbor set
2025-11-15 05:55:34 - 8_0.01_1 - INFO - => result | total 3,269 | correct 2,059 | acc 62.99% | err 37.01% | macro_f1 56.43%
2025-11-15 05:55:34 - 8_0.01_1 - INFO - Evaluate on the client8 local set
2025-11-15 05:55:36 - 8_0.01_1 - INFO - => result | total 400 | correct 380 | acc 95.00% | err 5.00% | macro_f1 97.41%
2025-11-15 05:55:36 - 8_0.01_1 - INFO - Evaluate on the client8 neighbor set
2025-11-15 05:56:00 - 8_0.01_1 - INFO - => result | total 3,269 | correct 2,001 | acc 61.21% | err 38.79% | macro_f1 55.34%
2025-11-15 05:56:00 - 8_0.01_1 - INFO - Evaluate on the client9 local set
2025-11-15 05:56:01 - 8_0.01_1 - INFO - => result | total 100 | correct 98 | acc 98.00% | err 2.00% | macro_f1 98.99%
2025-11-15 05:56:01 - 8_0.01_1 - INFO - Evaluate on the client9 neighbor set
2025-11-15 05:56:26 - 8_0.01_1 - INFO - => result | total 3,569 | correct 2,298 | acc 64.39% | err 35.61% | macro_f1 58.30%
2025-11-15 05:56:26 - 8_0.01_1 - INFO - Global test local acc: 65.25
2025-11-15 05:56:26 - 8_0.01_1 - INFO - Global test neighbor acc: 63.51
2025-11-15 05:56:26 - 8_0.01_1 - INFO - ------------local test finish-------------
2025-11-15 05:56:26 - 8_0.01_1 - INFO - [Epoch 48/50] 测试耗时: 259.38s
2025-11-15 05:56:30 - 8_0.01_1 - INFO - [Epoch 49/50] 训练耗时: 4.25s | 平均训练准确率: 52.81
2025-11-15 05:56:30 - 8_0.01_1 - INFO - ------------local test start-------------
2025-11-15 05:56:30 - 8_0.01_1 - INFO - Evaluate on the client0 local set
2025-11-15 05:56:33 - 8_0.01_1 - INFO - => result | total 399 | correct 81 | acc 20.30% | err 79.70% | macro_f1 26.59%
2025-11-15 05:56:33 - 8_0.01_1 - INFO - Evaluate on the client0 neighbor set
2025-11-15 05:56:56 - 8_0.01_1 - INFO - => result | total 3,270 | correct 2,223 | acc 67.98% | err 32.02% | macro_f1 62.37%
2025-11-15 05:56:56 - 8_0.01_1 - INFO - Evaluate on the client1 local set
2025-11-15 05:56:59 - 8_0.01_1 - INFO - => result | total 399 | correct 272 | acc 68.17% | err 31.83% | macro_f1 76.78%
2025-11-15 05:56:59 - 8_0.01_1 - INFO - Evaluate on the client1 neighbor set
2025-11-15 05:57:21 - 8_0.01_1 - INFO - => result | total 3,270 | correct 2,029 | acc 62.05% | err 37.95% | macro_f1 56.57%
2025-11-15 05:57:21 - 8_0.01_1 - INFO - Evaluate on the client2 local set
2025-11-15 05:57:24 - 8_0.01_1 - INFO - => result | total 389 | correct 335 | acc 86.12% | err 13.88% | macro_f1 91.47%
2025-11-15 05:57:24 - 8_0.01_1 - INFO - Evaluate on the client2 neighbor set
2025-11-15 05:57:47 - 8_0.01_1 - INFO - => result | total 3,280 | correct 1,991 | acc 60.70% | err 39.30% | macro_f1 54.47%
2025-11-15 05:57:47 - 8_0.01_1 - INFO - Evaluate on the client3 local set
2025-11-15 05:57:49 - 8_0.01_1 - INFO - => result | total 397 | correct 288 | acc 72.54% | err 27.46% | macro_f1 81.52%
2025-11-15 05:57:49 - 8_0.01_1 - INFO - Evaluate on the client3 neighbor set
2025-11-15 05:58:12 - 8_0.01_1 - INFO - => result | total 3,272 | correct 2,049 | acc 62.62% | err 37.38% | macro_f1 56.71%
2025-11-15 05:58:12 - 8_0.01_1 - INFO - Evaluate on the client4 local set
2025-11-15 05:58:15 - 8_0.01_1 - INFO - => result | total 386 | correct 194 | acc 50.26% | err 49.74% | macro_f1 49.61%
2025-11-15 05:58:15 - 8_0.01_1 - INFO - Evaluate on the client4 neighbor set
2025-11-15 05:58:38 - 8_0.01_1 - INFO - => result | total 3,283 | correct 2,157 | acc 65.70% | err 34.30% | macro_f1 59.52%
2025-11-15 05:58:38 - 8_0.01_1 - INFO - Evaluate on the client5 local set
2025-11-15 05:58:41 - 8_0.01_1 - INFO - => result | total 399 | correct 184 | acc 46.12% | err 53.88% | macro_f1 48.93%
2025-11-15 05:58:41 - 8_0.01_1 - INFO - Evaluate on the client5 neighbor set
2025-11-15 05:59:04 - 8_0.01_1 - INFO - => result | total 3,270 | correct 2,173 | acc 66.45% | err 33.55% | macro_f1 60.13%
2025-11-15 05:59:04 - 8_0.01_1 - INFO - Evaluate on the client6 local set
2025-11-15 05:59:07 - 8_0.01_1 - INFO - => result | total 400 | correct 202 | acc 50.50% | err 49.50% | macro_f1 48.95%
2025-11-15 05:59:07 - 8_0.01_1 - INFO - Evaluate on the client6 neighbor set
2025-11-15 05:59:29 - 8_0.01_1 - INFO - => result | total 3,269 | correct 2,174 | acc 66.50% | err 33.50% | macro_f1 62.34%
2025-11-15 05:59:29 - 8_0.01_1 - INFO - Evaluate on the client7 local set
2025-11-15 05:59:32 - 8_0.01_1 - INFO - => result | total 400 | correct 299 | acc 74.75% | err 25.25% | macro_f1 74.87%
2025-11-15 05:59:32 - 8_0.01_1 - INFO - Evaluate on the client7 neighbor set
2025-11-15 05:59:55 - 8_0.01_1 - INFO - => result | total 3,269 | correct 2,082 | acc 63.69% | err 36.31% | macro_f1 57.64%
2025-11-15 05:59:55 - 8_0.01_1 - INFO - Evaluate on the client8 local set
2025-11-15 05:59:58 - 8_0.01_1 - INFO - => result | total 400 | correct 379 | acc 94.75% | err 5.25% | macro_f1 97.15%
2025-11-15 05:59:58 - 8_0.01_1 - INFO - Evaluate on the client8 neighbor set
2025-11-15 06:00:21 - 8_0.01_1 - INFO - => result | total 3,269 | correct 2,011 | acc 61.52% | err 38.48% | macro_f1 56.01%
2025-11-15 06:00:21 - 8_0.01_1 - INFO - Evaluate on the client9 local set
2025-11-15 06:00:21 - 8_0.01_1 - INFO - => result | total 100 | correct 97 | acc 97.00% | err 3.00% | macro_f1 98.48%
2025-11-15 06:00:21 - 8_0.01_1 - INFO - Evaluate on the client9 neighbor set
2025-11-15 06:00:46 - 8_0.01_1 - INFO - => result | total 3,569 | correct 2,297 | acc 64.36% | err 35.64% | macro_f1 58.48%
2025-11-15 06:00:46 - 8_0.01_1 - INFO - Global test local acc: 66.05
2025-11-15 06:00:46 - 8_0.01_1 - INFO - Global test neighbor acc: 64.16
2025-11-15 06:00:46 - 8_0.01_1 - INFO - ------------local test finish-------------
2025-11-15 06:00:46 - 8_0.01_1 - INFO - [Epoch 49/50] 测试耗时: 255.77s
2025-11-15 06:00:46 - 8_0.01_1 - INFO - [RDP-sepfpl] 轮次 50: ε=0.000411, std=15.408005
2025-11-15 06:00:50 - 8_0.01_1 - INFO - [Epoch 50/50] 训练耗时: 4.10s | 平均训练准确率: 53.91
2025-11-15 06:00:50 - 8_0.01_1 - INFO - ------------local test start-------------
2025-11-15 06:00:50 - 8_0.01_1 - INFO - Evaluate on the client0 local set
2025-11-15 06:00:53 - 8_0.01_1 - INFO - => result | total 399 | correct 85 | acc 21.30% | err 78.70% | macro_f1 28.93%
2025-11-15 06:00:53 - 8_0.01_1 - INFO - Evaluate on the client0 neighbor set
2025-11-15 06:01:15 - 8_0.01_1 - INFO - => result | total 3,270 | correct 2,245 | acc 68.65% | err 31.35% | macro_f1 63.21%
2025-11-15 06:01:15 - 8_0.01_1 - INFO - Evaluate on the client1 local set
2025-11-15 06:01:18 - 8_0.01_1 - INFO - => result | total 399 | correct 275 | acc 68.92% | err 31.08% | macro_f1 77.66%
2025-11-15 06:01:18 - 8_0.01_1 - INFO - Evaluate on the client1 neighbor set
2025-11-15 06:01:41 - 8_0.01_1 - INFO - => result | total 3,270 | correct 2,055 | acc 62.84% | err 37.16% | macro_f1 57.61%
2025-11-15 06:01:41 - 8_0.01_1 - INFO - Evaluate on the client2 local set
2025-11-15 06:01:44 - 8_0.01_1 - INFO - => result | total 389 | correct 333 | acc 85.60% | err 14.40% | macro_f1 91.17%
2025-11-15 06:01:44 - 8_0.01_1 - INFO - Evaluate on the client2 neighbor set
2025-11-15 06:02:07 - 8_0.01_1 - INFO - => result | total 3,280 | correct 2,013 | acc 61.37% | err 38.63% | macro_f1 55.29%
2025-11-15 06:02:07 - 8_0.01_1 - INFO - Evaluate on the client3 local set
2025-11-15 06:02:09 - 8_0.01_1 - INFO - => result | total 397 | correct 293 | acc 73.80% | err 26.20% | macro_f1 82.44%
2025-11-15 06:02:09 - 8_0.01_1 - INFO - Evaluate on the client3 neighbor set
2025-11-15 06:02:32 - 8_0.01_1 - INFO - => result | total 3,272 | correct 2,065 | acc 63.11% | err 36.89% | macro_f1 57.50%
2025-11-15 06:02:32 - 8_0.01_1 - INFO - Evaluate on the client4 local set
2025-11-15 06:02:35 - 8_0.01_1 - INFO - => result | total 386 | correct 193 | acc 50.00% | err 50.00% | macro_f1 49.47%
2025-11-15 06:02:35 - 8_0.01_1 - INFO - Evaluate on the client4 neighbor set
2025-11-15 06:02:58 - 8_0.01_1 - INFO - => result | total 3,283 | correct 2,170 | acc 66.10% | err 33.90% | macro_f1 59.98%
2025-11-15 06:02:58 - 8_0.01_1 - INFO - Evaluate on the client5 local set
2025-11-15 06:03:00 - 8_0.01_1 - INFO - => result | total 399 | correct 186 | acc 46.62% | err 53.38% | macro_f1 49.53%
2025-11-15 06:03:00 - 8_0.01_1 - INFO - Evaluate on the client5 neighbor set
2025-11-15 06:03:23 - 8_0.01_1 - INFO - => result | total 3,270 | correct 2,187 | acc 66.88% | err 33.12% | macro_f1 60.58%
2025-11-15 06:03:23 - 8_0.01_1 - INFO - Evaluate on the client6 local set
2025-11-15 06:03:26 - 8_0.01_1 - INFO - => result | total 400 | correct 204 | acc 51.00% | err 49.00% | macro_f1 48.87%
2025-11-15 06:03:26 - 8_0.01_1 - INFO - Evaluate on the client6 neighbor set
2025-11-15 06:03:49 - 8_0.01_1 - INFO - => result | total 3,269 | correct 2,182 | acc 66.75% | err 33.25% | macro_f1 62.50%
2025-11-15 06:03:49 - 8_0.01_1 - INFO - Evaluate on the client7 local set
2025-11-15 06:03:52 - 8_0.01_1 - INFO - => result | total 400 | correct 299 | acc 74.75% | err 25.25% | macro_f1 74.87%
2025-11-15 06:03:52 - 8_0.01_1 - INFO - Evaluate on the client7 neighbor set
2025-11-15 06:04:14 - 8_0.01_1 - INFO - => result | total 3,269 | correct 2,093 | acc 64.03% | err 35.97% | macro_f1 57.98%
2025-11-15 06:04:14 - 8_0.01_1 - INFO - Evaluate on the client8 local set
2025-11-15 06:04:17 - 8_0.01_1 - INFO - => result | total 400 | correct 380 | acc 95.00% | err 5.00% | macro_f1 97.41%
2025-11-15 06:04:17 - 8_0.01_1 - INFO - Evaluate on the client8 neighbor set
2025-11-15 06:04:40 - 8_0.01_1 - INFO - => result | total 3,269 | correct 2,020 | acc 61.79% | err 38.21% | macro_f1 56.26%
2025-11-15 06:04:40 - 8_0.01_1 - INFO - Evaluate on the client9 local set
2025-11-15 06:04:41 - 8_0.01_1 - INFO - => result | total 100 | correct 97 | acc 97.00% | err 3.00% | macro_f1 98.48%
2025-11-15 06:04:41 - 8_0.01_1 - INFO - Evaluate on the client9 neighbor set
2025-11-15 06:05:05 - 8_0.01_1 - INFO - => result | total 3,569 | correct 2,304 | acc 64.56% | err 35.44% | macro_f1 58.59%
2025-11-15 06:05:05 - 8_0.01_1 - INFO - Global test local acc: 66.40
2025-11-15 06:05:05 - 8_0.01_1 - INFO - Global test neighbor acc: 64.61
2025-11-15 06:05:05 - 8_0.01_1 - INFO - ------------local test finish-------------
2025-11-15 06:05:05 - 8_0.01_1 - INFO - [Epoch 50/50] 测试耗时: 255.21s
2025-11-15 06:05:05 - 8_0.01_1 - INFO - maximum test local acc: 66.400
2025-11-15 06:05:05 - 8_0.01_1 - INFO - mean of local acc: 64.990
2025-11-15 06:05:05 - 8_0.01_1 - INFO - maximum test neighbor acc: 64.608
2025-11-15 06:05:05 - 8_0.01_1 - INFO - mean of neighbor acc: 63.028
