2025-11-17 20:08:16 - 8_0.4_1 - INFO - 日志文件已创建: logs/oxford_pets/sepfpl/8_0.4_1_20251117_200816.log
2025-11-17 20:08:16 - 8_0.4_1 - INFO - Loading trainer: DP_FPL
2025-11-17 20:08:16 - 8_0.4_1 - INFO - Loading dataset: OxfordPets
2025-11-17 20:08:16 - 8_0.4_1 - INFO - Reading split from /home/liuxin25/dataset/oxford_pets/split_zhou_OxfordPets.json
2025-11-17 20:08:16 - 8_0.4_1 - INFO - Creating a baseline federated dataset
2025-11-17 20:08:16 - 8_0.4_1 - INFO - class_num 37
2025-11-17 20:08:16 - 8_0.4_1 - INFO - user class dict total [18, 14, 23, 10]
2025-11-17 20:08:16 - 8_0.4_1 - INFO - idx: 0, output_dict_len: 320
2025-11-17 20:08:16 - 8_0.4_1 - INFO - user class dict total [8, 4, 13, 19]
2025-11-17 20:08:16 - 8_0.4_1 - INFO - idx: 1, output_dict_len: 320
2025-11-17 20:08:16 - 8_0.4_1 - INFO - user class dict total [12, 29, 34, 15]
2025-11-17 20:08:16 - 8_0.4_1 - INFO - idx: 2, output_dict_len: 317
2025-11-17 20:08:16 - 8_0.4_1 - INFO - user class dict total [2, 32, 1, 11]
2025-11-17 20:08:16 - 8_0.4_1 - INFO - idx: 3, output_dict_len: 313
2025-11-17 20:08:16 - 8_0.4_1 - INFO - user class dict total [31, 0, 35, 7]
2025-11-17 20:08:16 - 8_0.4_1 - INFO - idx: 4, output_dict_len: 317
2025-11-17 20:08:16 - 8_0.4_1 - INFO - user class dict total [5, 27, 16, 30]
2025-11-17 20:08:16 - 8_0.4_1 - INFO - idx: 5, output_dict_len: 320
2025-11-17 20:08:16 - 8_0.4_1 - INFO - user class dict total [17, 22, 26, 9]
2025-11-17 20:08:16 - 8_0.4_1 - INFO - idx: 6, output_dict_len: 317
2025-11-17 20:08:16 - 8_0.4_1 - INFO - user class dict total [33, 3, 25, 6]
2025-11-17 20:08:16 - 8_0.4_1 - INFO - idx: 7, output_dict_len: 320
2025-11-17 20:08:16 - 8_0.4_1 - INFO - user class dict total [21, 20, 36, 28]
2025-11-17 20:08:16 - 8_0.4_1 - INFO - idx: 8, output_dict_len: 320
2025-11-17 20:08:16 - 8_0.4_1 - INFO - user class dict total [24]
2025-11-17 20:08:16 - 8_0.4_1 - INFO - idx: 9, output_dict_len: 80
2025-11-17 20:08:16 - 8_0.4_1 - INFO - Creating a baseline federated dataset
2025-11-17 20:08:16 - 8_0.4_1 - INFO - class_num 37
2025-11-17 20:08:16 - 8_0.4_1 - INFO - user class dict total [18, 14, 23, 10]
2025-11-17 20:08:16 - 8_0.4_1 - INFO - idx: 0, output_dict_len: 399
2025-11-17 20:08:16 - 8_0.4_1 - INFO - user class dict total [8, 4, 13, 19]
2025-11-17 20:08:16 - 8_0.4_1 - INFO - idx: 1, output_dict_len: 399
2025-11-17 20:08:16 - 8_0.4_1 - INFO - user class dict total [12, 29, 34, 15]
2025-11-17 20:08:16 - 8_0.4_1 - INFO - idx: 2, output_dict_len: 389
2025-11-17 20:08:16 - 8_0.4_1 - INFO - user class dict total [2, 32, 1, 11]
2025-11-17 20:08:16 - 8_0.4_1 - INFO - idx: 3, output_dict_len: 397
2025-11-17 20:08:16 - 8_0.4_1 - INFO - user class dict total [31, 0, 35, 7]
2025-11-17 20:08:16 - 8_0.4_1 - INFO - idx: 4, output_dict_len: 386
2025-11-17 20:08:16 - 8_0.4_1 - INFO - user class dict total [5, 27, 16, 30]
2025-11-17 20:08:16 - 8_0.4_1 - INFO - idx: 5, output_dict_len: 399
2025-11-17 20:08:16 - 8_0.4_1 - INFO - user class dict total [17, 22, 26, 9]
2025-11-17 20:08:16 - 8_0.4_1 - INFO - idx: 6, output_dict_len: 400
2025-11-17 20:08:16 - 8_0.4_1 - INFO - user class dict total [33, 3, 25, 6]
2025-11-17 20:08:16 - 8_0.4_1 - INFO - idx: 7, output_dict_len: 400
2025-11-17 20:08:16 - 8_0.4_1 - INFO - user class dict total [21, 20, 36, 28]
2025-11-17 20:08:16 - 8_0.4_1 - INFO - idx: 8, output_dict_len: 400
2025-11-17 20:08:16 - 8_0.4_1 - INFO - user class dict total [24]
2025-11-17 20:08:16 - 8_0.4_1 - INFO - idx: 9, output_dict_len: 100
2025-11-17 20:08:16 - 8_0.4_1 - INFO - Loading CLIP (backbone: ViT-B/16)
2025-11-17 20:08:18 - 8_0.4_1 - INFO - Building custom CLIP
2025-11-17 20:08:18 - 8_0.4_1 - INFO - Turning off gradients in both the image and the text encoder
2025-11-17 20:08:19 - 8_0.4_1 - INFO - [RDP-sepfpl] 轮次 1: ε=0.000743, std=11.463021
2025-11-17 20:08:31 - 8_0.4_1 - INFO - [Epoch 1/30] 训练耗时: 12.76s | 平均训练准确率: 55.16
2025-11-17 20:08:40 - 8_0.4_1 - INFO - [Epoch 2/30] 训练耗时: 8.74s | 平均训练准确率: 53.59
2025-11-17 20:08:50 - 8_0.4_1 - INFO - [Epoch 3/30] 训练耗时: 9.72s | 平均训练准确率: 64.69
2025-11-17 20:08:59 - 8_0.4_1 - INFO - [Epoch 4/30] 训练耗时: 9.30s | 平均训练准确率: 70.78
2025-11-17 20:09:08 - 8_0.4_1 - INFO - [Epoch 5/30] 训练耗时: 8.78s | 平均训练准确率: 75.31
2025-11-17 20:09:18 - 8_0.4_1 - INFO - [Epoch 6/30] 训练耗时: 10.28s | 平均训练准确率: 77.03
2025-11-17 20:09:27 - 8_0.4_1 - INFO - [Epoch 7/30] 训练耗时: 8.54s | 平均训练准确率: 76.09
2025-11-17 20:09:36 - 8_0.4_1 - INFO - [Epoch 8/30] 训练耗时: 9.47s | 平均训练准确率: 75.16
2025-11-17 20:09:46 - 8_0.4_1 - INFO - [Epoch 9/30] 训练耗时: 10.05s | 平均训练准确率: 80.62
2025-11-17 20:09:46 - 8_0.4_1 - INFO - [RDP-sepfpl] 轮次 10: ε=0.008339, std=3.422150
2025-11-17 20:09:56 - 8_0.4_1 - INFO - [Epoch 10/30] 训练耗时: 9.42s | 平均训练准确率: 84.06
2025-11-17 20:10:05 - 8_0.4_1 - INFO - [Epoch 11/30] 训练耗时: 9.41s | 平均训练准确率: 81.72
2025-11-17 20:10:15 - 8_0.4_1 - INFO - [Epoch 12/30] 训练耗时: 10.37s | 平均训练准确率: 81.25
2025-11-17 20:10:24 - 8_0.4_1 - INFO - [Epoch 13/30] 训练耗时: 8.94s | 平均训练准确率: 80.62
2025-11-17 20:10:33 - 8_0.4_1 - INFO - [Epoch 14/30] 训练耗时: 8.97s | 平均训练准确率: 82.03
2025-11-17 20:10:42 - 8_0.4_1 - INFO - [Epoch 15/30] 训练耗时: 8.75s | 平均训练准确率: 84.84
2025-11-17 20:10:51 - 8_0.4_1 - INFO - [Epoch 16/30] 训练耗时: 9.17s | 平均训练准确率: 84.22
2025-11-17 20:11:01 - 8_0.4_1 - INFO - [Epoch 17/30] 训练耗时: 10.02s | 平均训练准确率: 81.88
2025-11-17 20:11:11 - 8_0.4_1 - INFO - [Epoch 18/30] 训练耗时: 9.62s | 平均训练准确率: 84.22
2025-11-17 20:11:20 - 8_0.4_1 - INFO - [Epoch 19/30] 训练耗时: 9.19s | 平均训练准确率: 83.75
2025-11-17 20:11:20 - 8_0.4_1 - INFO - [RDP-sepfpl] 轮次 20: ε=0.017266, std=2.378255
2025-11-17 20:11:29 - 8_0.4_1 - INFO - [Epoch 20/30] 训练耗时: 9.11s | 平均训练准确率: 82.66
2025-11-17 20:11:39 - 8_0.4_1 - INFO - [Epoch 21/30] 训练耗时: 9.90s | 平均训练准确率: 84.84
2025-11-17 20:11:46 - 8_0.4_1 - INFO - [Epoch 22/30] 训练耗时: 6.94s | 平均训练准确率: 81.72
2025-11-17 20:11:53 - 8_0.4_1 - INFO - [Epoch 23/30] 训练耗时: 7.20s | 平均训练准确率: 82.03
2025-11-17 20:12:00 - 8_0.4_1 - INFO - [Epoch 24/30] 训练耗时: 6.48s | 平均训练准确率: 84.53
2025-11-17 20:12:07 - 8_0.4_1 - INFO - [Epoch 25/30] 训练耗时: 7.29s | 平均训练准确率: 86.88
2025-11-17 20:12:15 - 8_0.4_1 - INFO - [Epoch 26/30] 训练耗时: 7.85s | 平均训练准确率: 84.53
2025-11-17 20:12:24 - 8_0.4_1 - INFO - [Epoch 27/30] 训练耗时: 9.46s | 平均训练准确率: 82.50
2025-11-17 20:12:35 - 8_0.4_1 - INFO - [Epoch 28/30] 训练耗时: 11.17s | 平均训练准确率: 83.75
2025-11-17 20:12:35 - 8_0.4_1 - INFO - ------------local test start-------------
2025-11-17 20:12:35 - 8_0.4_1 - INFO - Evaluate on the client0 local set
2025-11-17 20:12:45 - 8_0.4_1 - INFO - => result | total 399 | correct 286 | acc 71.68% | err 28.32% | macro_f1 77.39%
2025-11-17 20:12:45 - 8_0.4_1 - INFO - Evaluate on the client0 neighbor set
2025-11-17 20:13:45 - 8_0.4_1 - INFO - => result | total 3,270 | correct 2,769 | acc 84.68% | err 15.32% | macro_f1 82.77%
2025-11-17 20:13:45 - 8_0.4_1 - INFO - Evaluate on the client1 local set
2025-11-17 20:13:53 - 8_0.4_1 - INFO - => result | total 399 | correct 372 | acc 93.23% | err 6.77% | macro_f1 96.45%
2025-11-17 20:13:53 - 8_0.4_1 - INFO - Evaluate on the client1 neighbor set
2025-11-17 20:14:56 - 8_0.4_1 - INFO - => result | total 3,270 | correct 2,703 | acc 82.66% | err 17.34% | macro_f1 81.03%
2025-11-17 20:14:56 - 8_0.4_1 - INFO - Evaluate on the client2 local set
2025-11-17 20:15:03 - 8_0.4_1 - INFO - => result | total 389 | correct 354 | acc 91.00% | err 9.00% | macro_f1 94.40%
2025-11-17 20:15:03 - 8_0.4_1 - INFO - Evaluate on the client2 neighbor set
2025-11-17 20:15:55 - 8_0.4_1 - INFO - => result | total 3,280 | correct 2,714 | acc 82.74% | err 17.26% | macro_f1 80.87%
2025-11-17 20:15:55 - 8_0.4_1 - INFO - Evaluate on the client3 local set
2025-11-17 20:16:01 - 8_0.4_1 - INFO - => result | total 397 | correct 322 | acc 81.11% | err 18.89% | macro_f1 87.07%
2025-11-17 20:16:01 - 8_0.4_1 - INFO - Evaluate on the client3 neighbor set
2025-11-17 20:16:51 - 8_0.4_1 - INFO - => result | total 3,272 | correct 2,691 | acc 82.24% | err 17.76% | macro_f1 80.58%
2025-11-17 20:16:51 - 8_0.4_1 - INFO - Evaluate on the client4 local set
2025-11-17 20:16:57 - 8_0.4_1 - INFO - => result | total 386 | correct 274 | acc 70.98% | err 29.02% | macro_f1 71.03%
2025-11-17 20:16:57 - 8_0.4_1 - INFO - Evaluate on the client4 neighbor set
2025-11-17 20:17:43 - 8_0.4_1 - INFO - => result | total 3,283 | correct 2,699 | acc 82.21% | err 17.79% | macro_f1 80.18%
2025-11-17 20:17:43 - 8_0.4_1 - INFO - Evaluate on the client5 local set
2025-11-17 20:17:50 - 8_0.4_1 - INFO - => result | total 399 | correct 334 | acc 83.71% | err 16.29% | macro_f1 89.31%
2025-11-17 20:17:50 - 8_0.4_1 - INFO - Evaluate on the client5 neighbor set
2025-11-17 20:18:40 - 8_0.4_1 - INFO - => result | total 3,270 | correct 2,692 | acc 82.32% | err 17.68% | macro_f1 80.38%
2025-11-17 20:18:40 - 8_0.4_1 - INFO - Evaluate on the client6 local set
2025-11-17 20:18:46 - 8_0.4_1 - INFO - => result | total 400 | correct 206 | acc 51.50% | err 48.50% | macro_f1 52.90%
2025-11-17 20:18:46 - 8_0.4_1 - INFO - Evaluate on the client6 neighbor set
2025-11-17 20:19:35 - 8_0.4_1 - INFO - => result | total 3,269 | correct 2,747 | acc 84.03% | err 15.97% | macro_f1 82.92%
2025-11-17 20:19:35 - 8_0.4_1 - INFO - Evaluate on the client7 local set
2025-11-17 20:19:42 - 8_0.4_1 - INFO - => result | total 400 | correct 392 | acc 98.00% | err 2.00% | macro_f1 98.99%
2025-11-17 20:19:42 - 8_0.4_1 - INFO - Evaluate on the client7 neighbor set
2025-11-17 20:20:31 - 8_0.4_1 - INFO - => result | total 3,269 | correct 2,538 | acc 77.64% | err 22.36% | macro_f1 74.30%
2025-11-17 20:20:31 - 8_0.4_1 - INFO - Evaluate on the client8 local set
2025-11-17 20:20:38 - 8_0.4_1 - INFO - => result | total 400 | correct 378 | acc 94.50% | err 5.50% | macro_f1 97.16%
2025-11-17 20:20:38 - 8_0.4_1 - INFO - Evaluate on the client8 neighbor set
2025-11-17 20:21:24 - 8_0.4_1 - INFO - => result | total 3,269 | correct 2,386 | acc 72.99% | err 27.01% | macro_f1 67.84%
2025-11-17 20:21:24 - 8_0.4_1 - INFO - Evaluate on the client9 local set
2025-11-17 20:21:25 - 8_0.4_1 - INFO - => result | total 100 | correct 100 | acc 100.00% | err 0.00% | macro_f1 100.00%
2025-11-17 20:21:25 - 8_0.4_1 - INFO - Evaluate on the client9 neighbor set
2025-11-17 20:22:16 - 8_0.4_1 - INFO - => result | total 3,569 | correct 2,805 | acc 78.59% | err 21.41% | macro_f1 75.25%
2025-11-17 20:22:16 - 8_0.4_1 - INFO - Global test local acc: 83.57
2025-11-17 20:22:16 - 8_0.4_1 - INFO - Global test neighbor acc: 81.01
2025-11-17 20:22:16 - 8_0.4_1 - INFO - ------------local test finish-------------
2025-11-17 20:22:16 - 8_0.4_1 - INFO - [Epoch 28/30] 测试耗时: 580.41s
2025-11-17 20:22:27 - 8_0.4_1 - INFO - [Epoch 29/30] 训练耗时: 11.00s | 平均训练准确率: 84.69
2025-11-17 20:22:27 - 8_0.4_1 - INFO - ------------local test start-------------
2025-11-17 20:22:27 - 8_0.4_1 - INFO - Evaluate on the client0 local set
2025-11-17 20:22:32 - 8_0.4_1 - INFO - => result | total 399 | correct 354 | acc 88.72% | err 11.28% | macro_f1 93.68%
2025-11-17 20:22:32 - 8_0.4_1 - INFO - Evaluate on the client0 neighbor set
2025-11-17 20:23:23 - 8_0.4_1 - INFO - => result | total 3,270 | correct 2,779 | acc 84.98% | err 15.02% | macro_f1 83.34%
2025-11-17 20:23:23 - 8_0.4_1 - INFO - Evaluate on the client1 local set
2025-11-17 20:23:30 - 8_0.4_1 - INFO - => result | total 399 | correct 344 | acc 86.22% | err 13.78% | macro_f1 91.79%
2025-11-17 20:23:30 - 8_0.4_1 - INFO - Evaluate on the client1 neighbor set
2025-11-17 20:24:23 - 8_0.4_1 - INFO - => result | total 3,270 | correct 2,763 | acc 84.50% | err 15.50% | macro_f1 83.00%
2025-11-17 20:24:23 - 8_0.4_1 - INFO - Evaluate on the client2 local set
2025-11-17 20:24:30 - 8_0.4_1 - INFO - => result | total 389 | correct 347 | acc 89.20% | err 10.80% | macro_f1 93.20%
2025-11-17 20:24:30 - 8_0.4_1 - INFO - Evaluate on the client2 neighbor set
2025-11-17 20:25:22 - 8_0.4_1 - INFO - => result | total 3,280 | correct 2,736 | acc 83.41% | err 16.59% | macro_f1 82.41%
2025-11-17 20:25:22 - 8_0.4_1 - INFO - Evaluate on the client3 local set
2025-11-17 20:25:28 - 8_0.4_1 - INFO - => result | total 397 | correct 313 | acc 78.84% | err 21.16% | macro_f1 85.51%
2025-11-17 20:25:28 - 8_0.4_1 - INFO - Evaluate on the client3 neighbor set
2025-11-17 20:26:24 - 8_0.4_1 - INFO - => result | total 3,272 | correct 2,717 | acc 83.04% | err 16.96% | macro_f1 81.59%
2025-11-17 20:26:24 - 8_0.4_1 - INFO - Evaluate on the client4 local set
2025-11-17 20:26:31 - 8_0.4_1 - INFO - => result | total 386 | correct 273 | acc 70.73% | err 29.27% | macro_f1 69.98%
2025-11-17 20:26:31 - 8_0.4_1 - INFO - Evaluate on the client4 neighbor set
2025-11-17 20:27:28 - 8_0.4_1 - INFO - => result | total 3,283 | correct 2,654 | acc 80.84% | err 19.16% | macro_f1 78.42%
2025-11-17 20:27:28 - 8_0.4_1 - INFO - Evaluate on the client5 local set
2025-11-17 20:27:34 - 8_0.4_1 - INFO - => result | total 399 | correct 324 | acc 81.20% | err 18.80% | macro_f1 86.69%
2025-11-17 20:27:34 - 8_0.4_1 - INFO - Evaluate on the client5 neighbor set
2025-11-17 20:28:27 - 8_0.4_1 - INFO - => result | total 3,270 | correct 2,620 | acc 80.12% | err 19.88% | macro_f1 77.34%
2025-11-17 20:28:27 - 8_0.4_1 - INFO - Evaluate on the client6 local set
2025-11-17 20:28:34 - 8_0.4_1 - INFO - => result | total 400 | correct 202 | acc 50.50% | err 49.50% | macro_f1 51.21%
2025-11-17 20:28:34 - 8_0.4_1 - INFO - Evaluate on the client6 neighbor set
2025-11-17 20:29:31 - 8_0.4_1 - INFO - => result | total 3,269 | correct 2,605 | acc 79.69% | err 20.31% | macro_f1 76.89%
2025-11-17 20:29:31 - 8_0.4_1 - INFO - Evaluate on the client7 local set
2025-11-17 20:29:40 - 8_0.4_1 - INFO - => result | total 400 | correct 394 | acc 98.50% | err 1.50% | macro_f1 99.24%
2025-11-17 20:29:40 - 8_0.4_1 - INFO - Evaluate on the client7 neighbor set
2025-11-17 20:30:33 - 8_0.4_1 - INFO - => result | total 3,269 | correct 2,370 | acc 72.50% | err 27.50% | macro_f1 68.27%
2025-11-17 20:30:33 - 8_0.4_1 - INFO - Evaluate on the client8 local set
2025-11-17 20:30:47 - 8_0.4_1 - INFO - => result | total 400 | correct 379 | acc 94.75% | err 5.25% | macro_f1 97.30%
2025-11-17 20:30:47 - 8_0.4_1 - INFO - Evaluate on the client8 neighbor set
2025-11-17 20:31:47 - 8_0.4_1 - INFO - => result | total 3,269 | correct 2,266 | acc 69.32% | err 30.68% | macro_f1 62.27%
2025-11-17 20:31:47 - 8_0.4_1 - INFO - Evaluate on the client9 local set
2025-11-17 20:31:51 - 8_0.4_1 - INFO - => result | total 100 | correct 99 | acc 99.00% | err 1.00% | macro_f1 99.50%
2025-11-17 20:31:51 - 8_0.4_1 - INFO - Evaluate on the client9 neighbor set
2025-11-17 20:33:00 - 8_0.4_1 - INFO - => result | total 3,569 | correct 2,775 | acc 77.75% | err 22.25% | macro_f1 74.21%
2025-11-17 20:33:00 - 8_0.4_1 - INFO - Global test local acc: 83.77
2025-11-17 20:33:00 - 8_0.4_1 - INFO - Global test neighbor acc: 79.62
2025-11-17 20:33:00 - 8_0.4_1 - INFO - ------------local test finish-------------
2025-11-17 20:33:00 - 8_0.4_1 - INFO - [Epoch 29/30] 测试耗时: 633.14s
2025-11-17 20:33:00 - 8_0.4_1 - INFO - [RDP-sepfpl] 轮次 30: ε=0.026429, std=1.922252
2025-11-17 20:33:12 - 8_0.4_1 - INFO - [Epoch 30/30] 训练耗时: 11.93s | 平均训练准确率: 85.94
2025-11-17 20:33:12 - 8_0.4_1 - INFO - ------------local test start-------------
2025-11-17 20:33:12 - 8_0.4_1 - INFO - Evaluate on the client0 local set
2025-11-17 20:33:25 - 8_0.4_1 - INFO - => result | total 399 | correct 287 | acc 71.93% | err 28.07% | macro_f1 78.52%
2025-11-17 20:33:25 - 8_0.4_1 - INFO - Evaluate on the client0 neighbor set
2025-11-17 20:34:32 - 8_0.4_1 - INFO - => result | total 3,270 | correct 2,751 | acc 84.13% | err 15.87% | macro_f1 82.11%
2025-11-17 20:34:32 - 8_0.4_1 - INFO - Evaluate on the client1 local set
2025-11-17 20:34:45 - 8_0.4_1 - INFO - => result | total 399 | correct 343 | acc 85.96% | err 14.04% | macro_f1 91.94%
2025-11-17 20:34:45 - 8_0.4_1 - INFO - Evaluate on the client1 neighbor set
2025-11-17 20:36:00 - 8_0.4_1 - INFO - => result | total 3,270 | correct 2,698 | acc 82.51% | err 17.49% | macro_f1 80.40%
2025-11-17 20:36:00 - 8_0.4_1 - INFO - Evaluate on the client2 local set
2025-11-17 20:36:04 - 8_0.4_1 - INFO - => result | total 389 | correct 356 | acc 91.52% | err 8.48% | macro_f1 94.59%
2025-11-17 20:36:04 - 8_0.4_1 - INFO - Evaluate on the client2 neighbor set
2025-11-17 20:37:06 - 8_0.4_1 - INFO - => result | total 3,280 | correct 2,578 | acc 78.60% | err 21.40% | macro_f1 76.82%
2025-11-17 20:37:06 - 8_0.4_1 - INFO - Evaluate on the client3 local set
2025-11-17 20:37:12 - 8_0.4_1 - INFO - => result | total 397 | correct 330 | acc 83.12% | err 16.88% | macro_f1 88.63%
2025-11-17 20:37:12 - 8_0.4_1 - INFO - Evaluate on the client3 neighbor set
2025-11-17 20:38:15 - 8_0.4_1 - INFO - => result | total 3,272 | correct 2,548 | acc 77.87% | err 22.13% | macro_f1 76.29%
2025-11-17 20:38:15 - 8_0.4_1 - INFO - Evaluate on the client4 local set
2025-11-17 20:38:26 - 8_0.4_1 - INFO - => result | total 386 | correct 274 | acc 70.98% | err 29.02% | macro_f1 69.48%
2025-11-17 20:38:26 - 8_0.4_1 - INFO - Evaluate on the client4 neighbor set
2025-11-17 20:39:23 - 8_0.4_1 - INFO - => result | total 3,283 | correct 2,570 | acc 78.28% | err 21.72% | macro_f1 74.35%
2025-11-17 20:39:23 - 8_0.4_1 - INFO - Evaluate on the client5 local set
2025-11-17 20:39:29 - 8_0.4_1 - INFO - => result | total 399 | correct 315 | acc 78.95% | err 21.05% | macro_f1 83.96%
2025-11-17 20:39:29 - 8_0.4_1 - INFO - Evaluate on the client5 neighbor set
2025-11-17 20:40:37 - 8_0.4_1 - INFO - => result | total 3,270 | correct 2,572 | acc 78.65% | err 21.35% | macro_f1 75.41%
2025-11-17 20:40:37 - 8_0.4_1 - INFO - Evaluate on the client6 local set
2025-11-17 20:40:47 - 8_0.4_1 - INFO - => result | total 400 | correct 208 | acc 52.00% | err 48.00% | macro_f1 53.88%
2025-11-17 20:40:47 - 8_0.4_1 - INFO - Evaluate on the client6 neighbor set
2025-11-17 20:41:39 - 8_0.4_1 - INFO - => result | total 3,269 | correct 2,613 | acc 79.93% | err 20.07% | macro_f1 76.95%
2025-11-17 20:41:39 - 8_0.4_1 - INFO - Evaluate on the client7 local set
2025-11-17 20:41:46 - 8_0.4_1 - INFO - => result | total 400 | correct 391 | acc 97.75% | err 2.25% | macro_f1 98.86%
2025-11-17 20:41:46 - 8_0.4_1 - INFO - Evaluate on the client7 neighbor set
2025-11-17 20:43:04 - 8_0.4_1 - INFO - => result | total 3,269 | correct 2,466 | acc 75.44% | err 24.56% | macro_f1 72.19%
2025-11-17 20:43:04 - 8_0.4_1 - INFO - Evaluate on the client8 local set
2025-11-17 20:43:10 - 8_0.4_1 - INFO - => result | total 400 | correct 377 | acc 94.25% | err 5.75% | macro_f1 97.04%
2025-11-17 20:43:10 - 8_0.4_1 - INFO - Evaluate on the client8 neighbor set
2025-11-17 20:44:18 - 8_0.4_1 - INFO - => result | total 3,269 | correct 2,414 | acc 73.85% | err 26.15% | macro_f1 68.03%
2025-11-17 20:44:18 - 8_0.4_1 - INFO - Evaluate on the client9 local set
2025-11-17 20:44:20 - 8_0.4_1 - INFO - => result | total 100 | correct 99 | acc 99.00% | err 1.00% | macro_f1 99.50%
2025-11-17 20:44:20 - 8_0.4_1 - INFO - Evaluate on the client9 neighbor set
2025-11-17 20:45:54 - 8_0.4_1 - INFO - => result | total 3,569 | correct 2,912 | acc 81.59% | err 18.41% | macro_f1 79.33%
2025-11-17 20:45:54 - 8_0.4_1 - INFO - Global test local acc: 82.55
2025-11-17 20:45:54 - 8_0.4_1 - INFO - Global test neighbor acc: 79.08
2025-11-17 20:45:54 - 8_0.4_1 - INFO - ------------local test finish-------------
2025-11-17 20:45:54 - 8_0.4_1 - INFO - [Epoch 30/30] 测试耗时: 762.13s
2025-11-17 20:45:54 - 8_0.4_1 - INFO - maximum test local acc: 83.766
2025-11-17 20:45:54 - 8_0.4_1 - INFO - mean of local acc: 83.295
2025-11-17 20:45:54 - 8_0.4_1 - INFO - maximum test neighbor acc: 81.011
2025-11-17 20:45:54 - 8_0.4_1 - INFO - mean of neighbor acc: 79.904
