2025-11-15 16:18:08 - 8_0.0_1 - INFO - 日志文件已创建: logs/oxford_pets/sepfpl/8_0.0_1_20251115_161808.log
2025-11-15 16:18:08 - 8_0.0_1 - INFO - Loading trainer: DP_FPL
2025-11-15 16:18:08 - 8_0.0_1 - INFO - Loading dataset: OxfordPets
2025-11-15 16:18:08 - 8_0.0_1 - INFO - Reading split from /home/liuxin25/dataset/oxford_pets/split_zhou_OxfordPets.json
2025-11-15 16:18:08 - 8_0.0_1 - INFO - Creating a baseline federated dataset
2025-11-15 16:18:08 - 8_0.0_1 - INFO - class_num 37
2025-11-15 16:18:08 - 8_0.0_1 - INFO - user class dict total [18, 14, 23, 10]
2025-11-15 16:18:08 - 8_0.0_1 - INFO - idx: 0, output_dict_len: 320
2025-11-15 16:18:08 - 8_0.0_1 - INFO - user class dict total [8, 4, 13, 19]
2025-11-15 16:18:08 - 8_0.0_1 - INFO - idx: 1, output_dict_len: 320
2025-11-15 16:18:08 - 8_0.0_1 - INFO - user class dict total [12, 29, 34, 15]
2025-11-15 16:18:08 - 8_0.0_1 - INFO - idx: 2, output_dict_len: 317
2025-11-15 16:18:08 - 8_0.0_1 - INFO - user class dict total [2, 32, 1, 11]
2025-11-15 16:18:08 - 8_0.0_1 - INFO - idx: 3, output_dict_len: 313
2025-11-15 16:18:08 - 8_0.0_1 - INFO - user class dict total [31, 0, 35, 7]
2025-11-15 16:18:08 - 8_0.0_1 - INFO - idx: 4, output_dict_len: 317
2025-11-15 16:18:08 - 8_0.0_1 - INFO - user class dict total [5, 27, 16, 30]
2025-11-15 16:18:08 - 8_0.0_1 - INFO - idx: 5, output_dict_len: 320
2025-11-15 16:18:08 - 8_0.0_1 - INFO - user class dict total [17, 22, 26, 9]
2025-11-15 16:18:08 - 8_0.0_1 - INFO - idx: 6, output_dict_len: 317
2025-11-15 16:18:08 - 8_0.0_1 - INFO - user class dict total [33, 3, 25, 6]
2025-11-15 16:18:08 - 8_0.0_1 - INFO - idx: 7, output_dict_len: 320
2025-11-15 16:18:08 - 8_0.0_1 - INFO - user class dict total [21, 20, 36, 28]
2025-11-15 16:18:08 - 8_0.0_1 - INFO - idx: 8, output_dict_len: 320
2025-11-15 16:18:08 - 8_0.0_1 - INFO - user class dict total [24]
2025-11-15 16:18:08 - 8_0.0_1 - INFO - idx: 9, output_dict_len: 80
2025-11-15 16:18:08 - 8_0.0_1 - INFO - Creating a baseline federated dataset
2025-11-15 16:18:08 - 8_0.0_1 - INFO - class_num 37
2025-11-15 16:18:08 - 8_0.0_1 - INFO - user class dict total [18, 14, 23, 10]
2025-11-15 16:18:08 - 8_0.0_1 - INFO - idx: 0, output_dict_len: 399
2025-11-15 16:18:08 - 8_0.0_1 - INFO - user class dict total [8, 4, 13, 19]
2025-11-15 16:18:08 - 8_0.0_1 - INFO - idx: 1, output_dict_len: 399
2025-11-15 16:18:08 - 8_0.0_1 - INFO - user class dict total [12, 29, 34, 15]
2025-11-15 16:18:08 - 8_0.0_1 - INFO - idx: 2, output_dict_len: 389
2025-11-15 16:18:08 - 8_0.0_1 - INFO - user class dict total [2, 32, 1, 11]
2025-11-15 16:18:08 - 8_0.0_1 - INFO - idx: 3, output_dict_len: 397
2025-11-15 16:18:08 - 8_0.0_1 - INFO - user class dict total [31, 0, 35, 7]
2025-11-15 16:18:08 - 8_0.0_1 - INFO - idx: 4, output_dict_len: 386
2025-11-15 16:18:08 - 8_0.0_1 - INFO - user class dict total [5, 27, 16, 30]
2025-11-15 16:18:08 - 8_0.0_1 - INFO - idx: 5, output_dict_len: 399
2025-11-15 16:18:08 - 8_0.0_1 - INFO - user class dict total [17, 22, 26, 9]
2025-11-15 16:18:08 - 8_0.0_1 - INFO - idx: 6, output_dict_len: 400
2025-11-15 16:18:08 - 8_0.0_1 - INFO - user class dict total [33, 3, 25, 6]
2025-11-15 16:18:08 - 8_0.0_1 - INFO - idx: 7, output_dict_len: 400
2025-11-15 16:18:08 - 8_0.0_1 - INFO - user class dict total [21, 20, 36, 28]
2025-11-15 16:18:08 - 8_0.0_1 - INFO - idx: 8, output_dict_len: 400
2025-11-15 16:18:08 - 8_0.0_1 - INFO - user class dict total [24]
2025-11-15 16:18:08 - 8_0.0_1 - INFO - idx: 9, output_dict_len: 100
2025-11-15 16:18:08 - 8_0.0_1 - INFO - Loading CLIP (backbone: ViT-B/16)
2025-11-15 16:18:10 - 8_0.0_1 - INFO - Building custom CLIP
2025-11-15 16:18:10 - 8_0.0_1 - INFO - Turning off gradients in both the image and the text encoder
2025-11-15 16:18:16 - 8_0.0_1 - INFO - [Epoch 1/30] 训练耗时: 5.70s | 平均训练准确率: 55.16
2025-11-15 16:18:21 - 8_0.0_1 - INFO - [Epoch 2/30] 训练耗时: 4.96s | 平均训练准确率: 65.47
2025-11-15 16:18:26 - 8_0.0_1 - INFO - [Epoch 3/30] 训练耗时: 4.99s | 平均训练准确率: 78.75
2025-11-15 16:18:31 - 8_0.0_1 - INFO - [Epoch 4/30] 训练耗时: 4.93s | 平均训练准确率: 79.69
2025-11-15 16:18:36 - 8_0.0_1 - INFO - [Epoch 5/30] 训练耗时: 4.97s | 平均训练准确率: 86.09
2025-11-15 16:18:41 - 8_0.0_1 - INFO - [Epoch 6/30] 训练耗时: 4.84s | 平均训练准确率: 85.47
2025-11-15 16:18:46 - 8_0.0_1 - INFO - [Epoch 7/30] 训练耗时: 4.85s | 平均训练准确率: 87.66
2025-11-15 16:18:50 - 8_0.0_1 - INFO - [Epoch 8/30] 训练耗时: 4.83s | 平均训练准确率: 87.97
2025-11-15 16:18:55 - 8_0.0_1 - INFO - [Epoch 9/30] 训练耗时: 4.95s | 平均训练准确率: 90.31
2025-11-15 16:19:00 - 8_0.0_1 - INFO - [Epoch 10/30] 训练耗时: 5.03s | 平均训练准确率: 89.22
2025-11-15 16:19:05 - 8_0.0_1 - INFO - [Epoch 11/30] 训练耗时: 4.81s | 平均训练准确率: 90.62
2025-11-15 16:19:10 - 8_0.0_1 - INFO - [Epoch 12/30] 训练耗时: 4.55s | 平均训练准确率: 89.53
2025-11-15 16:19:14 - 8_0.0_1 - INFO - [Epoch 13/30] 训练耗时: 4.52s | 平均训练准确率: 90.78
2025-11-15 16:19:19 - 8_0.0_1 - INFO - [Epoch 14/30] 训练耗时: 4.37s | 平均训练准确率: 90.94
2025-11-15 16:19:23 - 8_0.0_1 - INFO - [Epoch 15/30] 训练耗时: 4.34s | 平均训练准确率: 92.19
2025-11-15 16:19:27 - 8_0.0_1 - INFO - [Epoch 16/30] 训练耗时: 4.32s | 平均训练准确率: 93.28
2025-11-15 16:19:32 - 8_0.0_1 - INFO - [Epoch 17/30] 训练耗时: 4.38s | 平均训练准确率: 92.19
2025-11-15 16:19:36 - 8_0.0_1 - INFO - [Epoch 18/30] 训练耗时: 4.39s | 平均训练准确率: 94.69
2025-11-15 16:19:40 - 8_0.0_1 - INFO - [Epoch 19/30] 训练耗时: 4.36s | 平均训练准确率: 95.00
2025-11-15 16:19:45 - 8_0.0_1 - INFO - [Epoch 20/30] 训练耗时: 4.39s | 平均训练准确率: 95.00
2025-11-15 16:19:50 - 8_0.0_1 - INFO - [Epoch 21/30] 训练耗时: 4.71s | 平均训练准确率: 95.16
2025-11-15 16:19:54 - 8_0.0_1 - INFO - [Epoch 22/30] 训练耗时: 4.77s | 平均训练准确率: 96.41
2025-11-15 16:19:59 - 8_0.0_1 - INFO - [Epoch 23/30] 训练耗时: 4.70s | 平均训练准确率: 96.88
2025-11-15 16:20:03 - 8_0.0_1 - INFO - [Epoch 24/30] 训练耗时: 4.35s | 平均训练准确率: 94.06
2025-11-15 16:20:08 - 8_0.0_1 - INFO - [Epoch 25/30] 训练耗时: 4.34s | 平均训练准确率: 95.31
2025-11-15 16:20:12 - 8_0.0_1 - INFO - [Epoch 26/30] 训练耗时: 4.28s | 平均训练准确率: 90.00
2025-11-15 16:20:16 - 8_0.0_1 - INFO - [Epoch 27/30] 训练耗时: 4.33s | 平均训练准确率: 89.53
2025-11-15 16:20:21 - 8_0.0_1 - INFO - [Epoch 28/30] 训练耗时: 4.33s | 平均训练准确率: 94.84
2025-11-15 16:20:21 - 8_0.0_1 - INFO - ------------local test start-------------
2025-11-15 16:20:21 - 8_0.0_1 - INFO - Evaluate on the client0 local set
2025-11-15 16:20:24 - 8_0.0_1 - INFO - => result | total 399 | correct 263 | acc 65.91% | err 34.09% | macro_f1 69.59%
2025-11-15 16:20:24 - 8_0.0_1 - INFO - Evaluate on the client0 neighbor set
2025-11-15 16:20:47 - 8_0.0_1 - INFO - => result | total 3,270 | correct 1,824 | acc 55.78% | err 44.22% | macro_f1 49.51%
2025-11-15 16:20:47 - 8_0.0_1 - INFO - Evaluate on the client1 local set
2025-11-15 16:20:50 - 8_0.0_1 - INFO - => result | total 399 | correct 114 | acc 28.57% | err 71.43% | macro_f1 31.07%
2025-11-15 16:20:50 - 8_0.0_1 - INFO - Evaluate on the client1 neighbor set
2025-11-15 16:21:12 - 8_0.0_1 - INFO - => result | total 3,270 | correct 1,377 | acc 42.11% | err 57.89% | macro_f1 34.64%
2025-11-15 16:21:12 - 8_0.0_1 - INFO - Evaluate on the client2 local set
2025-11-15 16:21:15 - 8_0.0_1 - INFO - => result | total 389 | correct 237 | acc 60.93% | err 39.07% | macro_f1 64.17%
2025-11-15 16:21:15 - 8_0.0_1 - INFO - Evaluate on the client2 neighbor set
2025-11-15 16:21:38 - 8_0.0_1 - INFO - => result | total 3,280 | correct 1,708 | acc 52.07% | err 47.93% | macro_f1 47.14%
2025-11-15 16:21:38 - 8_0.0_1 - INFO - Evaluate on the client3 local set
2025-11-15 16:21:41 - 8_0.0_1 - INFO - => result | total 397 | correct 154 | acc 38.79% | err 61.21% | macro_f1 40.01%
2025-11-15 16:21:41 - 8_0.0_1 - INFO - Evaluate on the client3 neighbor set
2025-11-15 16:22:04 - 8_0.0_1 - INFO - => result | total 3,272 | correct 1,561 | acc 47.71% | err 52.29% | macro_f1 42.29%
2025-11-15 16:22:04 - 8_0.0_1 - INFO - Evaluate on the client4 local set
2025-11-15 16:22:07 - 8_0.0_1 - INFO - => result | total 386 | correct 171 | acc 44.30% | err 55.70% | macro_f1 42.98%
2025-11-15 16:22:07 - 8_0.0_1 - INFO - Evaluate on the client4 neighbor set
2025-11-15 16:22:30 - 8_0.0_1 - INFO - => result | total 3,283 | correct 1,611 | acc 49.07% | err 50.93% | macro_f1 43.55%
2025-11-15 16:22:30 - 8_0.0_1 - INFO - Evaluate on the client5 local set
2025-11-15 16:22:33 - 8_0.0_1 - INFO - => result | total 399 | correct 191 | acc 47.87% | err 52.13% | macro_f1 47.98%
2025-11-15 16:22:33 - 8_0.0_1 - INFO - Evaluate on the client5 neighbor set
2025-11-15 16:22:56 - 8_0.0_1 - INFO - => result | total 3,270 | correct 1,648 | acc 50.40% | err 49.60% | macro_f1 46.53%
2025-11-15 16:22:56 - 8_0.0_1 - INFO - Evaluate on the client6 local set
2025-11-15 16:22:59 - 8_0.0_1 - INFO - => result | total 400 | correct 146 | acc 36.50% | err 63.50% | macro_f1 37.03%
2025-11-15 16:22:59 - 8_0.0_1 - INFO - Evaluate on the client6 neighbor set
2025-11-15 16:23:22 - 8_0.0_1 - INFO - => result | total 3,269 | correct 1,659 | acc 50.75% | err 49.25% | macro_f1 45.39%
2025-11-15 16:23:22 - 8_0.0_1 - INFO - Evaluate on the client7 local set
2025-11-15 16:23:25 - 8_0.0_1 - INFO - => result | total 400 | correct 274 | acc 68.50% | err 31.50% | macro_f1 71.43%
2025-11-15 16:23:25 - 8_0.0_1 - INFO - Evaluate on the client7 neighbor set
2025-11-15 16:23:48 - 8_0.0_1 - INFO - => result | total 3,269 | correct 1,648 | acc 50.41% | err 49.59% | macro_f1 43.56%
2025-11-15 16:23:48 - 8_0.0_1 - INFO - Evaluate on the client8 local set
2025-11-15 16:23:51 - 8_0.0_1 - INFO - => result | total 400 | correct 264 | acc 66.00% | err 34.00% | macro_f1 73.90%
2025-11-15 16:23:51 - 8_0.0_1 - INFO - Evaluate on the client8 neighbor set
2025-11-15 16:24:14 - 8_0.0_1 - INFO - => result | total 3,269 | correct 1,467 | acc 44.88% | err 55.12% | macro_f1 39.23%
2025-11-15 16:24:14 - 8_0.0_1 - INFO - Evaluate on the client9 local set
2025-11-15 16:24:14 - 8_0.0_1 - INFO - => result | total 100 | correct 100 | acc 100.00% | err 0.00% | macro_f1 100.00%
2025-11-15 16:24:14 - 8_0.0_1 - INFO - Evaluate on the client9 neighbor set
2025-11-15 16:24:39 - 8_0.0_1 - INFO - => result | total 3,569 | correct 1,602 | acc 44.89% | err 55.11% | macro_f1 40.72%
2025-11-15 16:24:39 - 8_0.0_1 - INFO - Global test local acc: 55.74
2025-11-15 16:24:39 - 8_0.0_1 - INFO - Global test neighbor acc: 48.81
2025-11-15 16:24:39 - 8_0.0_1 - INFO - ------------local test finish-------------
2025-11-15 16:24:39 - 8_0.0_1 - INFO - [Epoch 28/30] 测试耗时: 258.74s
2025-11-15 16:24:44 - 8_0.0_1 - INFO - [Epoch 29/30] 训练耗时: 4.29s | 平均训练准确率: 95.94
2025-11-15 16:24:44 - 8_0.0_1 - INFO - ------------local test start-------------
2025-11-15 16:24:44 - 8_0.0_1 - INFO - Evaluate on the client0 local set
2025-11-15 16:24:46 - 8_0.0_1 - INFO - => result | total 399 | correct 259 | acc 64.91% | err 35.09% | macro_f1 68.90%
2025-11-15 16:24:46 - 8_0.0_1 - INFO - Evaluate on the client0 neighbor set
2025-11-15 16:25:09 - 8_0.0_1 - INFO - => result | total 3,270 | correct 1,823 | acc 55.75% | err 44.25% | macro_f1 48.90%
2025-11-15 16:25:09 - 8_0.0_1 - INFO - Evaluate on the client1 local set
2025-11-15 16:25:12 - 8_0.0_1 - INFO - => result | total 399 | correct 107 | acc 26.82% | err 73.18% | macro_f1 28.05%
2025-11-15 16:25:12 - 8_0.0_1 - INFO - Evaluate on the client1 neighbor set
2025-11-15 16:25:35 - 8_0.0_1 - INFO - => result | total 3,270 | correct 1,316 | acc 40.24% | err 59.76% | macro_f1 31.33%
2025-11-15 16:25:35 - 8_0.0_1 - INFO - Evaluate on the client2 local set
2025-11-15 16:25:38 - 8_0.0_1 - INFO - => result | total 389 | correct 233 | acc 59.90% | err 40.10% | macro_f1 59.48%
2025-11-15 16:25:38 - 8_0.0_1 - INFO - Evaluate on the client2 neighbor set
2025-11-15 16:26:01 - 8_0.0_1 - INFO - => result | total 3,280 | correct 1,723 | acc 52.53% | err 47.47% | macro_f1 47.10%
2025-11-15 16:26:01 - 8_0.0_1 - INFO - Evaluate on the client3 local set
2025-11-15 16:26:04 - 8_0.0_1 - INFO - => result | total 397 | correct 118 | acc 29.72% | err 70.28% | macro_f1 25.31%
2025-11-15 16:26:04 - 8_0.0_1 - INFO - Evaluate on the client3 neighbor set
2025-11-15 16:26:27 - 8_0.0_1 - INFO - => result | total 3,272 | correct 1,471 | acc 44.96% | err 55.04% | macro_f1 37.81%
2025-11-15 16:26:27 - 8_0.0_1 - INFO - Evaluate on the client4 local set
2025-11-15 16:26:29 - 8_0.0_1 - INFO - => result | total 386 | correct 135 | acc 34.97% | err 65.03% | macro_f1 35.71%
2025-11-15 16:26:29 - 8_0.0_1 - INFO - Evaluate on the client4 neighbor set
2025-11-15 16:26:52 - 8_0.0_1 - INFO - => result | total 3,283 | correct 1,608 | acc 48.98% | err 51.02% | macro_f1 42.52%
2025-11-15 16:26:52 - 8_0.0_1 - INFO - Evaluate on the client5 local set
2025-11-15 16:26:55 - 8_0.0_1 - INFO - => result | total 399 | correct 176 | acc 44.11% | err 55.89% | macro_f1 46.34%
2025-11-15 16:26:55 - 8_0.0_1 - INFO - Evaluate on the client5 neighbor set
2025-11-15 16:27:18 - 8_0.0_1 - INFO - => result | total 3,270 | correct 1,616 | acc 49.42% | err 50.58% | macro_f1 44.19%
2025-11-15 16:27:18 - 8_0.0_1 - INFO - Evaluate on the client6 local set
2025-11-15 16:27:21 - 8_0.0_1 - INFO - => result | total 400 | correct 157 | acc 39.25% | err 60.75% | macro_f1 40.18%
2025-11-15 16:27:21 - 8_0.0_1 - INFO - Evaluate on the client6 neighbor set
2025-11-15 16:27:45 - 8_0.0_1 - INFO - => result | total 3,269 | correct 1,642 | acc 50.23% | err 49.77% | macro_f1 43.42%
2025-11-15 16:27:45 - 8_0.0_1 - INFO - Evaluate on the client7 local set
2025-11-15 16:27:48 - 8_0.0_1 - INFO - => result | total 400 | correct 280 | acc 70.00% | err 30.00% | macro_f1 72.27%
2025-11-15 16:27:48 - 8_0.0_1 - INFO - Evaluate on the client7 neighbor set
2025-11-15 16:28:11 - 8_0.0_1 - INFO - => result | total 3,269 | correct 1,628 | acc 49.80% | err 50.20% | macro_f1 42.12%
2025-11-15 16:28:11 - 8_0.0_1 - INFO - Evaluate on the client8 local set
2025-11-15 16:28:14 - 8_0.0_1 - INFO - => result | total 400 | correct 258 | acc 64.50% | err 35.50% | macro_f1 70.53%
2025-11-15 16:28:14 - 8_0.0_1 - INFO - Evaluate on the client8 neighbor set
2025-11-15 16:28:37 - 8_0.0_1 - INFO - => result | total 3,269 | correct 1,447 | acc 44.26% | err 55.74% | macro_f1 37.96%
2025-11-15 16:28:37 - 8_0.0_1 - INFO - Evaluate on the client9 local set
2025-11-15 16:28:37 - 8_0.0_1 - INFO - => result | total 100 | correct 100 | acc 100.00% | err 0.00% | macro_f1 100.00%
2025-11-15 16:28:37 - 8_0.0_1 - INFO - Evaluate on the client9 neighbor set
2025-11-15 16:29:02 - 8_0.0_1 - INFO - => result | total 3,569 | correct 1,560 | acc 43.71% | err 56.29% | macro_f1 39.15%
2025-11-15 16:29:02 - 8_0.0_1 - INFO - Global test local acc: 53.42
2025-11-15 16:29:02 - 8_0.0_1 - INFO - Global test neighbor acc: 47.99
2025-11-15 16:29:02 - 8_0.0_1 - INFO - ------------local test finish-------------
2025-11-15 16:29:02 - 8_0.0_1 - INFO - [Epoch 29/30] 测试耗时: 258.76s
2025-11-15 16:29:07 - 8_0.0_1 - INFO - [Epoch 30/30] 训练耗时: 4.33s | 平均训练准确率: 96.56
2025-11-15 16:29:07 - 8_0.0_1 - INFO - ------------local test start-------------
2025-11-15 16:29:07 - 8_0.0_1 - INFO - Evaluate on the client0 local set
2025-11-15 16:29:10 - 8_0.0_1 - INFO - => result | total 399 | correct 220 | acc 55.14% | err 44.86% | macro_f1 62.21%
2025-11-15 16:29:10 - 8_0.0_1 - INFO - Evaluate on the client0 neighbor set
2025-11-15 16:29:33 - 8_0.0_1 - INFO - => result | total 3,270 | correct 1,454 | acc 44.46% | err 55.54% | macro_f1 36.56%
2025-11-15 16:29:33 - 8_0.0_1 - INFO - Evaluate on the client1 local set
2025-11-15 16:29:36 - 8_0.0_1 - INFO - => result | total 399 | correct 100 | acc 25.06% | err 74.94% | macro_f1 24.27%
2025-11-15 16:29:36 - 8_0.0_1 - INFO - Evaluate on the client1 neighbor set
2025-11-15 16:29:59 - 8_0.0_1 - INFO - => result | total 3,270 | correct 1,238 | acc 37.86% | err 62.14% | macro_f1 29.12%
2025-11-15 16:29:59 - 8_0.0_1 - INFO - Evaluate on the client2 local set
2025-11-15 16:30:02 - 8_0.0_1 - INFO - => result | total 389 | correct 215 | acc 55.27% | err 44.73% | macro_f1 55.46%
2025-11-15 16:30:02 - 8_0.0_1 - INFO - Evaluate on the client2 neighbor set
2025-11-15 16:30:25 - 8_0.0_1 - INFO - => result | total 3,280 | correct 1,554 | acc 47.38% | err 52.62% | macro_f1 41.64%
2025-11-15 16:30:25 - 8_0.0_1 - INFO - Evaluate on the client3 local set
2025-11-15 16:30:28 - 8_0.0_1 - INFO - => result | total 397 | correct 118 | acc 29.72% | err 70.28% | macro_f1 25.43%
2025-11-15 16:30:28 - 8_0.0_1 - INFO - Evaluate on the client3 neighbor set
2025-11-15 16:30:51 - 8_0.0_1 - INFO - => result | total 3,272 | correct 1,400 | acc 42.79% | err 57.21% | macro_f1 35.39%
2025-11-15 16:30:51 - 8_0.0_1 - INFO - Evaluate on the client4 local set
2025-11-15 16:30:54 - 8_0.0_1 - INFO - => result | total 386 | correct 109 | acc 28.24% | err 71.76% | macro_f1 27.40%
2025-11-15 16:30:54 - 8_0.0_1 - INFO - Evaluate on the client4 neighbor set
2025-11-15 16:31:17 - 8_0.0_1 - INFO - => result | total 3,283 | correct 1,557 | acc 47.43% | err 52.57% | macro_f1 40.41%
2025-11-15 16:31:17 - 8_0.0_1 - INFO - Evaluate on the client5 local set
2025-11-15 16:31:20 - 8_0.0_1 - INFO - => result | total 399 | correct 175 | acc 43.86% | err 56.14% | macro_f1 46.43%
2025-11-15 16:31:20 - 8_0.0_1 - INFO - Evaluate on the client5 neighbor set
2025-11-15 16:31:43 - 8_0.0_1 - INFO - => result | total 3,270 | correct 1,545 | acc 47.25% | err 52.75% | macro_f1 41.62%
2025-11-15 16:31:43 - 8_0.0_1 - INFO - Evaluate on the client6 local set
2025-11-15 16:31:46 - 8_0.0_1 - INFO - => result | total 400 | correct 163 | acc 40.75% | err 59.25% | macro_f1 41.56%
2025-11-15 16:31:46 - 8_0.0_1 - INFO - Evaluate on the client6 neighbor set
2025-11-15 16:32:09 - 8_0.0_1 - INFO - => result | total 3,269 | correct 1,673 | acc 51.18% | err 48.82% | macro_f1 44.50%
2025-11-15 16:32:09 - 8_0.0_1 - INFO - Evaluate on the client7 local set
2025-11-15 16:32:12 - 8_0.0_1 - INFO - => result | total 400 | correct 286 | acc 71.50% | err 28.50% | macro_f1 73.18%
2025-11-15 16:32:12 - 8_0.0_1 - INFO - Evaluate on the client7 neighbor set
2025-11-15 16:32:35 - 8_0.0_1 - INFO - => result | total 3,269 | correct 1,720 | acc 52.62% | err 47.38% | macro_f1 45.54%
2025-11-15 16:32:35 - 8_0.0_1 - INFO - Evaluate on the client8 local set
2025-11-15 16:32:38 - 8_0.0_1 - INFO - => result | total 400 | correct 255 | acc 63.75% | err 36.25% | macro_f1 67.82%
2025-11-15 16:32:38 - 8_0.0_1 - INFO - Evaluate on the client8 neighbor set
2025-11-15 16:33:01 - 8_0.0_1 - INFO - => result | total 3,269 | correct 1,547 | acc 47.32% | err 52.68% | macro_f1 40.29%
2025-11-15 16:33:01 - 8_0.0_1 - INFO - Evaluate on the client9 local set
2025-11-15 16:33:02 - 8_0.0_1 - INFO - => result | total 100 | correct 100 | acc 100.00% | err 0.00% | macro_f1 100.00%
2025-11-15 16:33:02 - 8_0.0_1 - INFO - Evaluate on the client9 neighbor set
2025-11-15 16:33:27 - 8_0.0_1 - INFO - => result | total 3,569 | correct 1,438 | acc 40.29% | err 59.71% | macro_f1 34.90%
2025-11-15 16:33:27 - 8_0.0_1 - INFO - Global test local acc: 51.33
2025-11-15 16:33:27 - 8_0.0_1 - INFO - Global test neighbor acc: 45.86
2025-11-15 16:33:27 - 8_0.0_1 - INFO - ------------local test finish-------------
2025-11-15 16:33:27 - 8_0.0_1 - INFO - [Epoch 30/30] 测试耗时: 259.93s
2025-11-15 16:33:27 - 8_0.0_1 - INFO - maximum test local acc: 55.737
2025-11-15 16:33:27 - 8_0.0_1 - INFO - mean of local acc: 53.495
2025-11-15 16:33:27 - 8_0.0_1 - INFO - maximum test neighbor acc: 48.806
2025-11-15 16:33:27 - 8_0.0_1 - INFO - mean of neighbor acc: 47.551
