2025-11-15 05:14:12 - 8_0.05_1 - INFO - 日志文件已创建: logs/oxford_pets/sepfpl/8_0.05_1_20251115_051412.log
2025-11-15 05:14:12 - 8_0.05_1 - INFO - Loading trainer: DP_FPL
2025-11-15 05:14:12 - 8_0.05_1 - INFO - Loading dataset: OxfordPets
2025-11-15 05:14:12 - 8_0.05_1 - INFO - Reading split from /home/liuxin25/dataset/oxford_pets/split_zhou_OxfordPets.json
2025-11-15 05:14:12 - 8_0.05_1 - INFO - Creating a baseline federated dataset
2025-11-15 05:14:12 - 8_0.05_1 - INFO - class_num 37
2025-11-15 05:14:12 - 8_0.05_1 - INFO - user class dict total [18, 14, 23, 10]
2025-11-15 05:14:12 - 8_0.05_1 - INFO - idx: 0, output_dict_len: 320
2025-11-15 05:14:12 - 8_0.05_1 - INFO - user class dict total [8, 4, 13, 19]
2025-11-15 05:14:12 - 8_0.05_1 - INFO - idx: 1, output_dict_len: 320
2025-11-15 05:14:12 - 8_0.05_1 - INFO - user class dict total [12, 29, 34, 15]
2025-11-15 05:14:12 - 8_0.05_1 - INFO - idx: 2, output_dict_len: 317
2025-11-15 05:14:12 - 8_0.05_1 - INFO - user class dict total [2, 32, 1, 11]
2025-11-15 05:14:12 - 8_0.05_1 - INFO - idx: 3, output_dict_len: 313
2025-11-15 05:14:12 - 8_0.05_1 - INFO - user class dict total [31, 0, 35, 7]
2025-11-15 05:14:12 - 8_0.05_1 - INFO - idx: 4, output_dict_len: 317
2025-11-15 05:14:12 - 8_0.05_1 - INFO - user class dict total [5, 27, 16, 30]
2025-11-15 05:14:12 - 8_0.05_1 - INFO - idx: 5, output_dict_len: 320
2025-11-15 05:14:12 - 8_0.05_1 - INFO - user class dict total [17, 22, 26, 9]
2025-11-15 05:14:12 - 8_0.05_1 - INFO - idx: 6, output_dict_len: 317
2025-11-15 05:14:12 - 8_0.05_1 - INFO - user class dict total [33, 3, 25, 6]
2025-11-15 05:14:12 - 8_0.05_1 - INFO - idx: 7, output_dict_len: 320
2025-11-15 05:14:12 - 8_0.05_1 - INFO - user class dict total [21, 20, 36, 28]
2025-11-15 05:14:12 - 8_0.05_1 - INFO - idx: 8, output_dict_len: 320
2025-11-15 05:14:12 - 8_0.05_1 - INFO - user class dict total [24]
2025-11-15 05:14:12 - 8_0.05_1 - INFO - idx: 9, output_dict_len: 80
2025-11-15 05:14:12 - 8_0.05_1 - INFO - Creating a baseline federated dataset
2025-11-15 05:14:12 - 8_0.05_1 - INFO - class_num 37
2025-11-15 05:14:12 - 8_0.05_1 - INFO - user class dict total [18, 14, 23, 10]
2025-11-15 05:14:12 - 8_0.05_1 - INFO - idx: 0, output_dict_len: 399
2025-11-15 05:14:12 - 8_0.05_1 - INFO - user class dict total [8, 4, 13, 19]
2025-11-15 05:14:12 - 8_0.05_1 - INFO - idx: 1, output_dict_len: 399
2025-11-15 05:14:12 - 8_0.05_1 - INFO - user class dict total [12, 29, 34, 15]
2025-11-15 05:14:12 - 8_0.05_1 - INFO - idx: 2, output_dict_len: 389
2025-11-15 05:14:12 - 8_0.05_1 - INFO - user class dict total [2, 32, 1, 11]
2025-11-15 05:14:12 - 8_0.05_1 - INFO - idx: 3, output_dict_len: 397
2025-11-15 05:14:12 - 8_0.05_1 - INFO - user class dict total [31, 0, 35, 7]
2025-11-15 05:14:12 - 8_0.05_1 - INFO - idx: 4, output_dict_len: 386
2025-11-15 05:14:12 - 8_0.05_1 - INFO - user class dict total [5, 27, 16, 30]
2025-11-15 05:14:12 - 8_0.05_1 - INFO - idx: 5, output_dict_len: 399
2025-11-15 05:14:12 - 8_0.05_1 - INFO - user class dict total [17, 22, 26, 9]
2025-11-15 05:14:12 - 8_0.05_1 - INFO - idx: 6, output_dict_len: 400
2025-11-15 05:14:12 - 8_0.05_1 - INFO - user class dict total [33, 3, 25, 6]
2025-11-15 05:14:12 - 8_0.05_1 - INFO - idx: 7, output_dict_len: 400
2025-11-15 05:14:12 - 8_0.05_1 - INFO - user class dict total [21, 20, 36, 28]
2025-11-15 05:14:12 - 8_0.05_1 - INFO - idx: 8, output_dict_len: 400
2025-11-15 05:14:12 - 8_0.05_1 - INFO - user class dict total [24]
2025-11-15 05:14:12 - 8_0.05_1 - INFO - idx: 9, output_dict_len: 100
2025-11-15 05:14:12 - 8_0.05_1 - INFO - Loading CLIP (backbone: ViT-B/16)
2025-11-15 05:14:14 - 8_0.05_1 - INFO - Building custom CLIP
2025-11-15 05:14:14 - 8_0.05_1 - INFO - Turning off gradients in both the image and the text encoder
2025-11-15 05:14:14 - 8_0.05_1 - INFO - [RDP-sepfpl] 轮次 1: ε=0.000028, std=59.250894
2025-11-15 05:14:20 - 8_0.05_1 - INFO - [Epoch 1/50] 训练耗时: 5.71s | 平均训练准确率: 52.34
2025-11-15 05:14:25 - 8_0.05_1 - INFO - [Epoch 2/50] 训练耗时: 4.71s | 平均训练准确率: 23.44
2025-11-15 05:14:29 - 8_0.05_1 - INFO - [Epoch 3/50] 训练耗时: 4.67s | 平均训练准确率: 22.50
2025-11-15 05:14:34 - 8_0.05_1 - INFO - [Epoch 4/50] 训练耗时: 4.67s | 平均训练准确率: 24.69
2025-11-15 05:14:39 - 8_0.05_1 - INFO - [Epoch 5/50] 训练耗时: 4.69s | 平均训练准确率: 20.16
2025-11-15 05:14:43 - 8_0.05_1 - INFO - [Epoch 6/50] 训练耗时: 4.69s | 平均训练准确率: 23.28
2025-11-15 05:14:48 - 8_0.05_1 - INFO - [Epoch 7/50] 训练耗时: 4.75s | 平均训练准确率: 14.53
2025-11-15 05:14:53 - 8_0.05_1 - INFO - [Epoch 8/50] 训练耗时: 4.64s | 平均训练准确率: 14.69
2025-11-15 05:14:58 - 8_0.05_1 - INFO - [Epoch 9/50] 训练耗时: 4.69s | 平均训练准确率: 22.66
2025-11-15 05:14:58 - 8_0.05_1 - INFO - [RDP-sepfpl] 轮次 10: ε=0.000350, std=16.699171
2025-11-15 05:15:02 - 8_0.05_1 - INFO - [Epoch 10/50] 训练耗时: 4.72s | 平均训练准确率: 24.38
2025-11-15 05:15:07 - 8_0.05_1 - INFO - [Epoch 11/50] 训练耗时: 4.69s | 平均训练准确率: 40.00
2025-11-15 05:15:12 - 8_0.05_1 - INFO - [Epoch 12/50] 训练耗时: 4.70s | 平均训练准确率: 41.56
2025-11-15 05:15:16 - 8_0.05_1 - INFO - [Epoch 13/50] 训练耗时: 4.71s | 平均训练准确率: 41.56
2025-11-15 05:15:21 - 8_0.05_1 - INFO - [Epoch 14/50] 训练耗时: 4.72s | 平均训练准确率: 45.94
2025-11-15 05:15:26 - 8_0.05_1 - INFO - [Epoch 15/50] 训练耗时: 4.70s | 平均训练准确率: 44.22
2025-11-15 05:15:30 - 8_0.05_1 - INFO - [Epoch 16/50] 训练耗时: 4.68s | 平均训练准确率: 45.31
2025-11-15 05:15:35 - 8_0.05_1 - INFO - [Epoch 17/50] 训练耗时: 4.73s | 平均训练准确率: 47.34
2025-11-15 05:15:40 - 8_0.05_1 - INFO - [Epoch 18/50] 训练耗时: 4.68s | 平均训练准确率: 48.59
2025-11-15 05:15:45 - 8_0.05_1 - INFO - [Epoch 19/50] 训练耗时: 4.65s | 平均训练准确率: 50.78
2025-11-15 05:15:45 - 8_0.05_1 - INFO - [RDP-sepfpl] 轮次 20: ε=0.000751, std=11.405870
2025-11-15 05:15:49 - 8_0.05_1 - INFO - [Epoch 20/50] 训练耗时: 4.28s | 平均训练准确率: 52.19
2025-11-15 05:15:53 - 8_0.05_1 - INFO - [Epoch 21/50] 训练耗时: 4.13s | 平均训练准确率: 52.50
2025-11-15 05:15:57 - 8_0.05_1 - INFO - [Epoch 22/50] 训练耗时: 4.17s | 平均训练准确率: 50.16
2025-11-15 05:16:01 - 8_0.05_1 - INFO - [Epoch 23/50] 训练耗时: 4.15s | 平均训练准确率: 52.50
2025-11-15 05:16:05 - 8_0.05_1 - INFO - [Epoch 24/50] 训练耗时: 4.12s | 平均训练准确率: 50.78
2025-11-15 05:16:10 - 8_0.05_1 - INFO - [Epoch 25/50] 训练耗时: 4.32s | 平均训练准确率: 51.41
2025-11-15 05:16:14 - 8_0.05_1 - INFO - [Epoch 26/50] 训练耗时: 4.40s | 平均训练准确率: 50.00
2025-11-15 05:16:18 - 8_0.05_1 - INFO - [Epoch 27/50] 训练耗时: 4.35s | 平均训练准确率: 51.41
2025-11-15 05:16:23 - 8_0.05_1 - INFO - [Epoch 28/50] 训练耗时: 4.33s | 平均训练准确率: 58.44
2025-11-15 05:16:27 - 8_0.05_1 - INFO - [Epoch 29/50] 训练耗时: 4.33s | 平均训练准确率: 58.59
2025-11-15 05:16:27 - 8_0.05_1 - INFO - [RDP-sepfpl] 轮次 30: ε=0.001173, std=9.125953
2025-11-15 05:16:32 - 8_0.05_1 - INFO - [Epoch 30/50] 训练耗时: 4.50s | 平均训练准确率: 62.81
2025-11-15 05:16:37 - 8_0.05_1 - INFO - [Epoch 31/50] 训练耗时: 4.94s | 平均训练准确率: 61.88
2025-11-15 05:16:41 - 8_0.05_1 - INFO - [Epoch 32/50] 训练耗时: 4.74s | 平均训练准确率: 63.12
2025-11-15 05:16:46 - 8_0.05_1 - INFO - [Epoch 33/50] 训练耗时: 4.73s | 平均训练准确率: 62.34
2025-11-15 05:16:51 - 8_0.05_1 - INFO - [Epoch 34/50] 训练耗时: 4.68s | 平均训练准确率: 61.56
2025-11-15 05:16:55 - 8_0.05_1 - INFO - [Epoch 35/50] 训练耗时: 4.73s | 平均训练准确率: 57.19
2025-11-15 05:17:00 - 8_0.05_1 - INFO - [Epoch 36/50] 训练耗时: 4.73s | 平均训练准确率: 57.03
2025-11-15 05:17:05 - 8_0.05_1 - INFO - [Epoch 37/50] 训练耗时: 4.66s | 平均训练准确率: 61.09
2025-11-15 05:17:10 - 8_0.05_1 - INFO - [Epoch 38/50] 训练耗时: 4.72s | 平均训练准确率: 64.53
2025-11-15 05:17:14 - 8_0.05_1 - INFO - [Epoch 39/50] 训练耗时: 4.34s | 平均训练准确率: 61.88
2025-11-15 05:17:14 - 8_0.05_1 - INFO - [RDP-sepfpl] 轮次 40: ε=0.001609, std=7.790439
2025-11-15 05:17:18 - 8_0.05_1 - INFO - [Epoch 40/50] 训练耗时: 4.28s | 平均训练准确率: 58.75
2025-11-15 05:17:22 - 8_0.05_1 - INFO - [Epoch 41/50] 训练耗时: 4.27s | 平均训练准确率: 58.91
2025-11-15 05:17:27 - 8_0.05_1 - INFO - [Epoch 42/50] 训练耗时: 4.45s | 平均训练准确率: 62.34
2025-11-15 05:17:31 - 8_0.05_1 - INFO - [Epoch 43/50] 训练耗时: 4.26s | 平均训练准确率: 63.12
2025-11-15 05:17:36 - 8_0.05_1 - INFO - [Epoch 44/50] 训练耗时: 4.86s | 平均训练准确率: 61.41
2025-11-15 05:17:41 - 8_0.05_1 - INFO - [Epoch 45/50] 训练耗时: 4.92s | 平均训练准确率: 55.31
2025-11-15 05:17:46 - 8_0.05_1 - INFO - [Epoch 46/50] 训练耗时: 4.88s | 平均训练准确率: 53.59
2025-11-15 05:17:46 - 8_0.05_1 - INFO - ------------local test start-------------
2025-11-15 05:17:46 - 8_0.05_1 - INFO - Evaluate on the client0 local set
2025-11-15 05:17:49 - 8_0.05_1 - INFO - => result | total 399 | correct 96 | acc 24.06% | err 75.94% | macro_f1 31.50%
2025-11-15 05:17:49 - 8_0.05_1 - INFO - Evaluate on the client0 neighbor set
2025-11-15 05:18:13 - 8_0.05_1 - INFO - => result | total 3,270 | correct 2,252 | acc 68.87% | err 31.13% | macro_f1 63.23%
2025-11-15 05:18:13 - 8_0.05_1 - INFO - Evaluate on the client1 local set
2025-11-15 05:18:16 - 8_0.05_1 - INFO - => result | total 399 | correct 252 | acc 63.16% | err 36.84% | macro_f1 69.54%
2025-11-15 05:18:16 - 8_0.05_1 - INFO - Evaluate on the client1 neighbor set
2025-11-15 05:18:39 - 8_0.05_1 - INFO - => result | total 3,270 | correct 2,095 | acc 64.07% | err 35.93% | macro_f1 59.39%
2025-11-15 05:18:39 - 8_0.05_1 - INFO - Evaluate on the client2 local set
2025-11-15 05:18:42 - 8_0.05_1 - INFO - => result | total 389 | correct 325 | acc 83.55% | err 16.45% | macro_f1 90.15%
2025-11-15 05:18:42 - 8_0.05_1 - INFO - Evaluate on the client2 neighbor set
2025-11-15 05:19:05 - 8_0.05_1 - INFO - => result | total 3,280 | correct 2,030 | acc 61.89% | err 38.11% | macro_f1 55.82%
2025-11-15 05:19:05 - 8_0.05_1 - INFO - Evaluate on the client3 local set
2025-11-15 05:19:08 - 8_0.05_1 - INFO - => result | total 397 | correct 275 | acc 69.27% | err 30.73% | macro_f1 78.88%
2025-11-15 05:19:08 - 8_0.05_1 - INFO - Evaluate on the client3 neighbor set
2025-11-15 05:19:31 - 8_0.05_1 - INFO - => result | total 3,272 | correct 2,080 | acc 63.57% | err 36.43% | macro_f1 57.61%
2025-11-15 05:19:31 - 8_0.05_1 - INFO - Evaluate on the client4 local set
2025-11-15 05:19:34 - 8_0.05_1 - INFO - => result | total 386 | correct 243 | acc 62.95% | err 37.05% | macro_f1 65.89%
2025-11-15 05:19:34 - 8_0.05_1 - INFO - Evaluate on the client4 neighbor set
2025-11-15 05:19:58 - 8_0.05_1 - INFO - => result | total 3,283 | correct 2,120 | acc 64.58% | err 35.42% | macro_f1 58.09%
2025-11-15 05:19:58 - 8_0.05_1 - INFO - Evaluate on the client5 local set
2025-11-15 05:20:00 - 8_0.05_1 - INFO - => result | total 399 | correct 183 | acc 45.86% | err 54.14% | macro_f1 47.76%
2025-11-15 05:20:00 - 8_0.05_1 - INFO - Evaluate on the client5 neighbor set
2025-11-15 05:20:23 - 8_0.05_1 - INFO - => result | total 3,270 | correct 2,171 | acc 66.39% | err 33.61% | macro_f1 60.52%
2025-11-15 05:20:23 - 8_0.05_1 - INFO - Evaluate on the client6 local set
2025-11-15 05:20:26 - 8_0.05_1 - INFO - => result | total 400 | correct 208 | acc 52.00% | err 48.00% | macro_f1 51.39%
2025-11-15 05:20:26 - 8_0.05_1 - INFO - Evaluate on the client6 neighbor set
2025-11-15 05:20:49 - 8_0.05_1 - INFO - => result | total 3,269 | correct 2,148 | acc 65.71% | err 34.29% | macro_f1 61.75%
2025-11-15 05:20:49 - 8_0.05_1 - INFO - Evaluate on the client7 local set
2025-11-15 05:20:52 - 8_0.05_1 - INFO - => result | total 400 | correct 298 | acc 74.50% | err 25.50% | macro_f1 74.75%
2025-11-15 05:20:52 - 8_0.05_1 - INFO - Evaluate on the client7 neighbor set
2025-11-15 05:21:15 - 8_0.05_1 - INFO - => result | total 3,269 | correct 2,058 | acc 62.96% | err 37.04% | macro_f1 57.18%
2025-11-15 05:21:15 - 8_0.05_1 - INFO - Evaluate on the client8 local set
2025-11-15 05:21:18 - 8_0.05_1 - INFO - => result | total 400 | correct 381 | acc 95.25% | err 4.75% | macro_f1 97.42%
2025-11-15 05:21:18 - 8_0.05_1 - INFO - Evaluate on the client8 neighbor set
2025-11-15 05:21:40 - 8_0.05_1 - INFO - => result | total 3,269 | correct 1,970 | acc 60.26% | err 39.74% | macro_f1 55.45%
2025-11-15 05:21:40 - 8_0.05_1 - INFO - Evaluate on the client9 local set
2025-11-15 05:21:41 - 8_0.05_1 - INFO - => result | total 100 | correct 98 | acc 98.00% | err 2.00% | macro_f1 98.99%
2025-11-15 05:21:41 - 8_0.05_1 - INFO - Evaluate on the client9 neighbor set
2025-11-15 05:22:06 - 8_0.05_1 - INFO - => result | total 3,569 | correct 2,251 | acc 63.07% | err 36.93% | macro_f1 57.47%
2025-11-15 05:22:06 - 8_0.05_1 - INFO - Global test local acc: 66.86
2025-11-15 05:22:06 - 8_0.05_1 - INFO - Global test neighbor acc: 64.14
2025-11-15 05:22:06 - 8_0.05_1 - INFO - ------------local test finish-------------
2025-11-15 05:22:06 - 8_0.05_1 - INFO - [Epoch 46/50] 测试耗时: 260.51s
2025-11-15 05:22:11 - 8_0.05_1 - INFO - [Epoch 47/50] 训练耗时: 4.53s | 平均训练准确率: 55.78
2025-11-15 05:22:11 - 8_0.05_1 - INFO - ------------local test start-------------
2025-11-15 05:22:11 - 8_0.05_1 - INFO - Evaluate on the client0 local set
2025-11-15 05:22:14 - 8_0.05_1 - INFO - => result | total 399 | correct 99 | acc 24.81% | err 75.19% | macro_f1 32.51%
2025-11-15 05:22:14 - 8_0.05_1 - INFO - Evaluate on the client0 neighbor set
2025-11-15 05:22:37 - 8_0.05_1 - INFO - => result | total 3,270 | correct 2,258 | acc 69.05% | err 30.95% | macro_f1 63.74%
2025-11-15 05:22:37 - 8_0.05_1 - INFO - Evaluate on the client1 local set
2025-11-15 05:22:40 - 8_0.05_1 - INFO - => result | total 399 | correct 251 | acc 62.91% | err 37.09% | macro_f1 68.34%
2025-11-15 05:22:40 - 8_0.05_1 - INFO - Evaluate on the client1 neighbor set
2025-11-15 05:23:03 - 8_0.05_1 - INFO - => result | total 3,270 | correct 2,093 | acc 64.01% | err 35.99% | macro_f1 59.94%
2025-11-15 05:23:03 - 8_0.05_1 - INFO - Evaluate on the client2 local set
2025-11-15 05:23:06 - 8_0.05_1 - INFO - => result | total 389 | correct 319 | acc 82.01% | err 17.99% | macro_f1 89.00%
2025-11-15 05:23:06 - 8_0.05_1 - INFO - Evaluate on the client2 neighbor set
2025-11-15 05:23:29 - 8_0.05_1 - INFO - => result | total 3,280 | correct 2,030 | acc 61.89% | err 38.11% | macro_f1 56.23%
2025-11-15 05:23:29 - 8_0.05_1 - INFO - Evaluate on the client3 local set
2025-11-15 05:23:32 - 8_0.05_1 - INFO - => result | total 397 | correct 255 | acc 64.23% | err 35.77% | macro_f1 74.93%
2025-11-15 05:23:32 - 8_0.05_1 - INFO - Evaluate on the client3 neighbor set
2025-11-15 05:23:55 - 8_0.05_1 - INFO - => result | total 3,272 | correct 2,084 | acc 63.69% | err 36.31% | macro_f1 57.70%
2025-11-15 05:23:55 - 8_0.05_1 - INFO - Evaluate on the client4 local set
2025-11-15 05:23:58 - 8_0.05_1 - INFO - => result | total 386 | correct 251 | acc 65.03% | err 34.97% | macro_f1 67.61%
2025-11-15 05:23:58 - 8_0.05_1 - INFO - Evaluate on the client4 neighbor set
2025-11-15 05:24:21 - 8_0.05_1 - INFO - => result | total 3,283 | correct 2,078 | acc 63.30% | err 36.70% | macro_f1 57.31%
2025-11-15 05:24:21 - 8_0.05_1 - INFO - Evaluate on the client5 local set
2025-11-15 05:24:24 - 8_0.05_1 - INFO - => result | total 399 | correct 180 | acc 45.11% | err 54.89% | macro_f1 48.03%
2025-11-15 05:24:24 - 8_0.05_1 - INFO - Evaluate on the client5 neighbor set
2025-11-15 05:24:47 - 8_0.05_1 - INFO - => result | total 3,270 | correct 2,134 | acc 65.26% | err 34.74% | macro_f1 59.46%
2025-11-15 05:24:47 - 8_0.05_1 - INFO - Evaluate on the client6 local set
2025-11-15 05:24:50 - 8_0.05_1 - INFO - => result | total 400 | correct 213 | acc 53.25% | err 46.75% | macro_f1 53.47%
2025-11-15 05:24:50 - 8_0.05_1 - INFO - Evaluate on the client6 neighbor set
2025-11-15 05:25:13 - 8_0.05_1 - INFO - => result | total 3,269 | correct 2,095 | acc 64.09% | err 35.91% | macro_f1 60.30%
2025-11-15 05:25:13 - 8_0.05_1 - INFO - Evaluate on the client7 local set
2025-11-15 05:25:16 - 8_0.05_1 - INFO - => result | total 400 | correct 299 | acc 74.75% | err 25.25% | macro_f1 74.87%
2025-11-15 05:25:16 - 8_0.05_1 - INFO - Evaluate on the client7 neighbor set
2025-11-15 05:25:39 - 8_0.05_1 - INFO - => result | total 3,269 | correct 2,001 | acc 61.21% | err 38.79% | macro_f1 55.49%
2025-11-15 05:25:39 - 8_0.05_1 - INFO - Evaluate on the client8 local set
2025-11-15 05:25:42 - 8_0.05_1 - INFO - => result | total 400 | correct 379 | acc 94.75% | err 5.25% | macro_f1 97.02%
2025-11-15 05:25:42 - 8_0.05_1 - INFO - Evaluate on the client8 neighbor set
2025-11-15 05:26:05 - 8_0.05_1 - INFO - => result | total 3,269 | correct 1,910 | acc 58.43% | err 41.57% | macro_f1 53.57%
2025-11-15 05:26:05 - 8_0.05_1 - INFO - Evaluate on the client9 local set
2025-11-15 05:26:06 - 8_0.05_1 - INFO - => result | total 100 | correct 98 | acc 98.00% | err 2.00% | macro_f1 98.99%
2025-11-15 05:26:06 - 8_0.05_1 - INFO - Evaluate on the client9 neighbor set
2025-11-15 05:26:31 - 8_0.05_1 - INFO - => result | total 3,569 | correct 2,181 | acc 61.11% | err 38.89% | macro_f1 55.32%
2025-11-15 05:26:31 - 8_0.05_1 - INFO - Global test local acc: 66.48
2025-11-15 05:26:31 - 8_0.05_1 - INFO - Global test neighbor acc: 63.20
2025-11-15 05:26:31 - 8_0.05_1 - INFO - ------------local test finish-------------
2025-11-15 05:26:31 - 8_0.05_1 - INFO - [Epoch 47/50] 测试耗时: 260.12s
2025-11-15 05:26:35 - 8_0.05_1 - INFO - [Epoch 48/50] 训练耗时: 4.24s | 平均训练准确率: 55.62
2025-11-15 05:26:35 - 8_0.05_1 - INFO - ------------local test start-------------
2025-11-15 05:26:35 - 8_0.05_1 - INFO - Evaluate on the client0 local set
2025-11-15 05:26:38 - 8_0.05_1 - INFO - => result | total 399 | correct 100 | acc 25.06% | err 74.94% | macro_f1 33.27%
2025-11-15 05:26:38 - 8_0.05_1 - INFO - Evaluate on the client0 neighbor set
2025-11-15 05:27:01 - 8_0.05_1 - INFO - => result | total 3,270 | correct 2,288 | acc 69.97% | err 30.03% | macro_f1 65.31%
2025-11-15 05:27:01 - 8_0.05_1 - INFO - Evaluate on the client1 local set
2025-11-15 05:27:04 - 8_0.05_1 - INFO - => result | total 399 | correct 268 | acc 67.17% | err 32.83% | macro_f1 73.45%
2025-11-15 05:27:04 - 8_0.05_1 - INFO - Evaluate on the client1 neighbor set
2025-11-15 05:27:26 - 8_0.05_1 - INFO - => result | total 3,270 | correct 2,114 | acc 64.65% | err 35.35% | macro_f1 60.61%
2025-11-15 05:27:26 - 8_0.05_1 - INFO - Evaluate on the client2 local set
2025-11-15 05:27:30 - 8_0.05_1 - INFO - => result | total 389 | correct 323 | acc 83.03% | err 16.97% | macro_f1 89.75%
2025-11-15 05:27:30 - 8_0.05_1 - INFO - Evaluate on the client2 neighbor set
2025-11-15 05:27:54 - 8_0.05_1 - INFO - => result | total 3,280 | correct 2,058 | acc 62.74% | err 37.26% | macro_f1 57.42%
2025-11-15 05:27:54 - 8_0.05_1 - INFO - Evaluate on the client3 local set
2025-11-15 05:27:57 - 8_0.05_1 - INFO - => result | total 397 | correct 247 | acc 62.22% | err 37.78% | macro_f1 73.63%
2025-11-15 05:27:57 - 8_0.05_1 - INFO - Evaluate on the client3 neighbor set
2025-11-15 05:28:20 - 8_0.05_1 - INFO - => result | total 3,272 | correct 2,131 | acc 65.13% | err 34.87% | macro_f1 59.45%
2025-11-15 05:28:20 - 8_0.05_1 - INFO - Evaluate on the client4 local set
2025-11-15 05:28:22 - 8_0.05_1 - INFO - => result | total 386 | correct 265 | acc 68.65% | err 31.35% | macro_f1 70.23%
2025-11-15 05:28:22 - 8_0.05_1 - INFO - Evaluate on the client4 neighbor set
2025-11-15 05:28:45 - 8_0.05_1 - INFO - => result | total 3,283 | correct 2,105 | acc 64.12% | err 35.88% | macro_f1 58.61%
2025-11-15 05:28:45 - 8_0.05_1 - INFO - Evaluate on the client5 local set
2025-11-15 05:28:48 - 8_0.05_1 - INFO - => result | total 399 | correct 189 | acc 47.37% | err 52.63% | macro_f1 50.28%
2025-11-15 05:28:48 - 8_0.05_1 - INFO - Evaluate on the client5 neighbor set
2025-11-15 05:29:11 - 8_0.05_1 - INFO - => result | total 3,270 | correct 2,180 | acc 66.67% | err 33.33% | macro_f1 61.29%
2025-11-15 05:29:11 - 8_0.05_1 - INFO - Evaluate on the client6 local set
2025-11-15 05:29:13 - 8_0.05_1 - INFO - => result | total 400 | correct 216 | acc 54.00% | err 46.00% | macro_f1 55.65%
2025-11-15 05:29:13 - 8_0.05_1 - INFO - Evaluate on the client6 neighbor set
2025-11-15 05:29:36 - 8_0.05_1 - INFO - => result | total 3,269 | correct 2,155 | acc 65.92% | err 34.08% | macro_f1 62.37%
2025-11-15 05:29:36 - 8_0.05_1 - INFO - Evaluate on the client7 local set
2025-11-15 05:29:39 - 8_0.05_1 - INFO - => result | total 400 | correct 299 | acc 74.75% | err 25.25% | macro_f1 74.87%
2025-11-15 05:29:39 - 8_0.05_1 - INFO - Evaluate on the client7 neighbor set
2025-11-15 05:30:02 - 8_0.05_1 - INFO - => result | total 3,269 | correct 2,074 | acc 63.44% | err 36.56% | macro_f1 58.04%
2025-11-15 05:30:02 - 8_0.05_1 - INFO - Evaluate on the client8 local set
2025-11-15 05:30:05 - 8_0.05_1 - INFO - => result | total 400 | correct 383 | acc 95.75% | err 4.25% | macro_f1 97.69%
2025-11-15 05:30:05 - 8_0.05_1 - INFO - Evaluate on the client8 neighbor set
2025-11-15 05:30:28 - 8_0.05_1 - INFO - => result | total 3,269 | correct 1,990 | acc 60.87% | err 39.13% | macro_f1 56.33%
2025-11-15 05:30:28 - 8_0.05_1 - INFO - Evaluate on the client9 local set
2025-11-15 05:30:28 - 8_0.05_1 - INFO - => result | total 100 | correct 98 | acc 98.00% | err 2.00% | macro_f1 98.99%
2025-11-15 05:30:28 - 8_0.05_1 - INFO - Evaluate on the client9 neighbor set
2025-11-15 05:30:53 - 8_0.05_1 - INFO - => result | total 3,569 | correct 2,271 | acc 63.63% | err 36.37% | macro_f1 58.28%
2025-11-15 05:30:53 - 8_0.05_1 - INFO - Global test local acc: 67.60
2025-11-15 05:30:53 - 8_0.05_1 - INFO - Global test neighbor acc: 64.71
2025-11-15 05:30:53 - 8_0.05_1 - INFO - ------------local test finish-------------
2025-11-15 05:30:53 - 8_0.05_1 - INFO - [Epoch 48/50] 测试耗时: 258.22s
2025-11-15 05:30:58 - 8_0.05_1 - INFO - [Epoch 49/50] 训练耗时: 4.94s | 平均训练准确率: 59.38
2025-11-15 05:30:58 - 8_0.05_1 - INFO - ------------local test start-------------
2025-11-15 05:30:58 - 8_0.05_1 - INFO - Evaluate on the client0 local set
2025-11-15 05:31:01 - 8_0.05_1 - INFO - => result | total 399 | correct 112 | acc 28.07% | err 71.93% | macro_f1 37.93%
2025-11-15 05:31:01 - 8_0.05_1 - INFO - Evaluate on the client0 neighbor set
2025-11-15 05:31:24 - 8_0.05_1 - INFO - => result | total 3,270 | correct 2,357 | acc 72.08% | err 27.92% | macro_f1 68.13%
2025-11-15 05:31:24 - 8_0.05_1 - INFO - Evaluate on the client1 local set
2025-11-15 05:31:27 - 8_0.05_1 - INFO - => result | total 399 | correct 300 | acc 75.19% | err 24.81% | macro_f1 82.89%
2025-11-15 05:31:27 - 8_0.05_1 - INFO - Evaluate on the client1 neighbor set
2025-11-15 05:31:50 - 8_0.05_1 - INFO - => result | total 3,270 | correct 2,151 | acc 65.78% | err 34.22% | macro_f1 62.28%
2025-11-15 05:31:50 - 8_0.05_1 - INFO - Evaluate on the client2 local set
2025-11-15 05:31:53 - 8_0.05_1 - INFO - => result | total 389 | correct 330 | acc 84.83% | err 15.17% | macro_f1 91.00%
2025-11-15 05:31:53 - 8_0.05_1 - INFO - Evaluate on the client2 neighbor set
2025-11-15 05:32:16 - 8_0.05_1 - INFO - => result | total 3,280 | correct 2,100 | acc 64.02% | err 35.98% | macro_f1 59.60%
2025-11-15 05:32:16 - 8_0.05_1 - INFO - Evaluate on the client3 local set
2025-11-15 05:32:18 - 8_0.05_1 - INFO - => result | total 397 | correct 240 | acc 60.45% | err 39.55% | macro_f1 72.20%
2025-11-15 05:32:18 - 8_0.05_1 - INFO - Evaluate on the client3 neighbor set
2025-11-15 05:32:41 - 8_0.05_1 - INFO - => result | total 3,272 | correct 2,168 | acc 66.26% | err 33.74% | macro_f1 61.11%
2025-11-15 05:32:41 - 8_0.05_1 - INFO - Evaluate on the client4 local set
2025-11-15 05:32:44 - 8_0.05_1 - INFO - => result | total 386 | correct 254 | acc 65.80% | err 34.20% | macro_f1 68.33%
2025-11-15 05:32:44 - 8_0.05_1 - INFO - Evaluate on the client4 neighbor set
2025-11-15 05:33:07 - 8_0.05_1 - INFO - => result | total 3,283 | correct 2,142 | acc 65.25% | err 34.75% | macro_f1 60.25%
2025-11-15 05:33:07 - 8_0.05_1 - INFO - Evaluate on the client5 local set
2025-11-15 05:33:10 - 8_0.05_1 - INFO - => result | total 399 | correct 196 | acc 49.12% | err 50.88% | macro_f1 52.71%
2025-11-15 05:33:10 - 8_0.05_1 - INFO - Evaluate on the client5 neighbor set
2025-11-15 05:33:32 - 8_0.05_1 - INFO - => result | total 3,270 | correct 2,188 | acc 66.91% | err 33.09% | macro_f1 61.98%
2025-11-15 05:33:32 - 8_0.05_1 - INFO - Evaluate on the client6 local set
2025-11-15 05:33:35 - 8_0.05_1 - INFO - => result | total 400 | correct 222 | acc 55.50% | err 44.50% | macro_f1 57.23%
2025-11-15 05:33:35 - 8_0.05_1 - INFO - Evaluate on the client6 neighbor set
2025-11-15 05:33:58 - 8_0.05_1 - INFO - => result | total 3,269 | correct 2,150 | acc 65.77% | err 34.23% | macro_f1 62.96%
2025-11-15 05:33:58 - 8_0.05_1 - INFO - Evaluate on the client7 local set
2025-11-15 05:34:01 - 8_0.05_1 - INFO - => result | total 400 | correct 299 | acc 74.75% | err 25.25% | macro_f1 74.87%
2025-11-15 05:34:01 - 8_0.05_1 - INFO - Evaluate on the client7 neighbor set
2025-11-15 05:34:24 - 8_0.05_1 - INFO - => result | total 3,269 | correct 2,069 | acc 63.29% | err 36.71% | macro_f1 58.38%
2025-11-15 05:34:24 - 8_0.05_1 - INFO - Evaluate on the client8 local set
2025-11-15 05:34:27 - 8_0.05_1 - INFO - => result | total 400 | correct 379 | acc 94.75% | err 5.25% | macro_f1 97.03%
2025-11-15 05:34:27 - 8_0.05_1 - INFO - Evaluate on the client8 neighbor set
2025-11-15 05:34:50 - 8_0.05_1 - INFO - => result | total 3,269 | correct 1,978 | acc 60.51% | err 39.49% | macro_f1 56.35%
2025-11-15 05:34:50 - 8_0.05_1 - INFO - Evaluate on the client9 local set
2025-11-15 05:34:50 - 8_0.05_1 - INFO - => result | total 100 | correct 98 | acc 98.00% | err 2.00% | macro_f1 98.99%
2025-11-15 05:34:50 - 8_0.05_1 - INFO - Evaluate on the client9 neighbor set
2025-11-15 05:35:15 - 8_0.05_1 - INFO - => result | total 3,569 | correct 2,256 | acc 63.21% | err 36.79% | macro_f1 58.16%
2025-11-15 05:35:15 - 8_0.05_1 - INFO - Global test local acc: 68.65
2025-11-15 05:35:15 - 8_0.05_1 - INFO - Global test neighbor acc: 65.31
2025-11-15 05:35:15 - 8_0.05_1 - INFO - ------------local test finish-------------
2025-11-15 05:35:15 - 8_0.05_1 - INFO - [Epoch 49/50] 测试耗时: 257.08s
2025-11-15 05:35:15 - 8_0.05_1 - INFO - [RDP-sepfpl] 轮次 50: ε=0.002057, std=6.890669
2025-11-15 05:35:20 - 8_0.05_1 - INFO - [Epoch 50/50] 训练耗时: 4.27s | 平均训练准确率: 59.06
2025-11-15 05:35:20 - 8_0.05_1 - INFO - ------------local test start-------------
2025-11-15 05:35:20 - 8_0.05_1 - INFO - Evaluate on the client0 local set
2025-11-15 05:35:23 - 8_0.05_1 - INFO - => result | total 399 | correct 116 | acc 29.07% | err 70.93% | macro_f1 39.65%
2025-11-15 05:35:23 - 8_0.05_1 - INFO - Evaluate on the client0 neighbor set
2025-11-15 05:35:45 - 8_0.05_1 - INFO - => result | total 3,270 | correct 2,373 | acc 72.57% | err 27.43% | macro_f1 68.79%
2025-11-15 05:35:45 - 8_0.05_1 - INFO - Evaluate on the client1 local set
2025-11-15 05:35:48 - 8_0.05_1 - INFO - => result | total 399 | correct 306 | acc 76.69% | err 23.31% | macro_f1 84.45%
2025-11-15 05:35:48 - 8_0.05_1 - INFO - Evaluate on the client1 neighbor set
2025-11-15 05:36:11 - 8_0.05_1 - INFO - => result | total 3,270 | correct 2,156 | acc 65.93% | err 34.07% | macro_f1 62.61%
2025-11-15 05:36:11 - 8_0.05_1 - INFO - Evaluate on the client2 local set
2025-11-15 05:36:14 - 8_0.05_1 - INFO - => result | total 389 | correct 330 | acc 84.83% | err 15.17% | macro_f1 91.09%
2025-11-15 05:36:14 - 8_0.05_1 - INFO - Evaluate on the client2 neighbor set
2025-11-15 05:36:37 - 8_0.05_1 - INFO - => result | total 3,280 | correct 2,125 | acc 64.79% | err 35.21% | macro_f1 60.57%
2025-11-15 05:36:37 - 8_0.05_1 - INFO - Evaluate on the client3 local set
2025-11-15 05:36:40 - 8_0.05_1 - INFO - => result | total 397 | correct 244 | acc 61.46% | err 38.54% | macro_f1 73.35%
2025-11-15 05:36:40 - 8_0.05_1 - INFO - Evaluate on the client3 neighbor set
2025-11-15 05:37:03 - 8_0.05_1 - INFO - => result | total 3,272 | correct 2,200 | acc 67.24% | err 32.76% | macro_f1 62.51%
2025-11-15 05:37:03 - 8_0.05_1 - INFO - Evaluate on the client4 local set
2025-11-15 05:37:05 - 8_0.05_1 - INFO - => result | total 386 | correct 258 | acc 66.84% | err 33.16% | macro_f1 69.08%
2025-11-15 05:37:05 - 8_0.05_1 - INFO - Evaluate on the client4 neighbor set
2025-11-15 05:37:29 - 8_0.05_1 - INFO - => result | total 3,283 | correct 2,168 | acc 66.04% | err 33.96% | macro_f1 61.51%
2025-11-15 05:37:29 - 8_0.05_1 - INFO - Evaluate on the client5 local set
2025-11-15 05:37:31 - 8_0.05_1 - INFO - => result | total 399 | correct 202 | acc 50.63% | err 49.37% | macro_f1 55.04%
2025-11-15 05:37:31 - 8_0.05_1 - INFO - Evaluate on the client5 neighbor set
2025-11-15 05:37:54 - 8_0.05_1 - INFO - => result | total 3,270 | correct 2,206 | acc 67.46% | err 32.54% | macro_f1 62.73%
2025-11-15 05:37:54 - 8_0.05_1 - INFO - Evaluate on the client6 local set
2025-11-15 05:37:57 - 8_0.05_1 - INFO - => result | total 400 | correct 225 | acc 56.25% | err 43.75% | macro_f1 58.30%
2025-11-15 05:37:57 - 8_0.05_1 - INFO - Evaluate on the client6 neighbor set
2025-11-15 05:38:20 - 8_0.05_1 - INFO - => result | total 3,269 | correct 2,177 | acc 66.60% | err 33.40% | macro_f1 63.79%
2025-11-15 05:38:20 - 8_0.05_1 - INFO - Evaluate on the client7 local set
2025-11-15 05:38:23 - 8_0.05_1 - INFO - => result | total 400 | correct 299 | acc 74.75% | err 25.25% | macro_f1 74.87%
2025-11-15 05:38:23 - 8_0.05_1 - INFO - Evaluate on the client7 neighbor set
2025-11-15 05:38:46 - 8_0.05_1 - INFO - => result | total 3,269 | correct 2,103 | acc 64.33% | err 35.67% | macro_f1 59.56%
2025-11-15 05:38:46 - 8_0.05_1 - INFO - Evaluate on the client8 local set
2025-11-15 05:38:48 - 8_0.05_1 - INFO - => result | total 400 | correct 382 | acc 95.50% | err 4.50% | macro_f1 97.43%
2025-11-15 05:38:48 - 8_0.05_1 - INFO - Evaluate on the client8 neighbor set
2025-11-15 05:39:11 - 8_0.05_1 - INFO - => result | total 3,269 | correct 2,015 | acc 61.64% | err 38.36% | macro_f1 57.70%
2025-11-15 05:39:11 - 8_0.05_1 - INFO - Evaluate on the client9 local set
2025-11-15 05:39:12 - 8_0.05_1 - INFO - => result | total 100 | correct 98 | acc 98.00% | err 2.00% | macro_f1 98.99%
2025-11-15 05:39:12 - 8_0.05_1 - INFO - Evaluate on the client9 neighbor set
2025-11-15 05:39:37 - 8_0.05_1 - INFO - => result | total 3,569 | correct 2,284 | acc 64.00% | err 36.00% | macro_f1 59.10%
2025-11-15 05:39:37 - 8_0.05_1 - INFO - Global test local acc: 69.40
2025-11-15 05:39:37 - 8_0.05_1 - INFO - Global test neighbor acc: 66.06
2025-11-15 05:39:37 - 8_0.05_1 - INFO - ------------local test finish-------------
2025-11-15 05:39:37 - 8_0.05_1 - INFO - [Epoch 50/50] 测试耗时: 257.46s
2025-11-15 05:39:37 - 8_0.05_1 - INFO - maximum test local acc: 69.402
2025-11-15 05:39:37 - 8_0.05_1 - INFO - mean of local acc: 67.799
2025-11-15 05:39:37 - 8_0.05_1 - INFO - maximum test neighbor acc: 66.059
2025-11-15 05:39:37 - 8_0.05_1 - INFO - mean of neighbor acc: 64.684
