2025-11-15 13:41:05 - 8_0.1_1 - INFO - 日志文件已创建: logs/oxford_pets/sepfpl/8_0.1_1_20251115_134105.log
2025-11-15 13:41:05 - 8_0.1_1 - INFO - Loading trainer: DP_FPL
2025-11-15 13:41:05 - 8_0.1_1 - INFO - Loading dataset: OxfordPets
2025-11-15 13:41:05 - 8_0.1_1 - INFO - Reading split from /home/liuxin25/dataset/oxford_pets/split_zhou_OxfordPets.json
2025-11-15 13:41:05 - 8_0.1_1 - INFO - Creating a baseline federated dataset
2025-11-15 13:41:05 - 8_0.1_1 - INFO - class_num 37
2025-11-15 13:41:05 - 8_0.1_1 - INFO - user class dict total [18, 14, 23, 10]
2025-11-15 13:41:05 - 8_0.1_1 - INFO - idx: 0, output_dict_len: 320
2025-11-15 13:41:05 - 8_0.1_1 - INFO - user class dict total [8, 4, 13, 19]
2025-11-15 13:41:05 - 8_0.1_1 - INFO - idx: 1, output_dict_len: 320
2025-11-15 13:41:05 - 8_0.1_1 - INFO - user class dict total [12, 29, 34, 15]
2025-11-15 13:41:05 - 8_0.1_1 - INFO - idx: 2, output_dict_len: 317
2025-11-15 13:41:05 - 8_0.1_1 - INFO - user class dict total [2, 32, 1, 11]
2025-11-15 13:41:05 - 8_0.1_1 - INFO - idx: 3, output_dict_len: 313
2025-11-15 13:41:05 - 8_0.1_1 - INFO - user class dict total [31, 0, 35, 7]
2025-11-15 13:41:05 - 8_0.1_1 - INFO - idx: 4, output_dict_len: 317
2025-11-15 13:41:05 - 8_0.1_1 - INFO - user class dict total [5, 27, 16, 30]
2025-11-15 13:41:05 - 8_0.1_1 - INFO - idx: 5, output_dict_len: 320
2025-11-15 13:41:05 - 8_0.1_1 - INFO - user class dict total [17, 22, 26, 9]
2025-11-15 13:41:05 - 8_0.1_1 - INFO - idx: 6, output_dict_len: 317
2025-11-15 13:41:05 - 8_0.1_1 - INFO - user class dict total [33, 3, 25, 6]
2025-11-15 13:41:05 - 8_0.1_1 - INFO - idx: 7, output_dict_len: 320
2025-11-15 13:41:05 - 8_0.1_1 - INFO - user class dict total [21, 20, 36, 28]
2025-11-15 13:41:05 - 8_0.1_1 - INFO - idx: 8, output_dict_len: 320
2025-11-15 13:41:05 - 8_0.1_1 - INFO - user class dict total [24]
2025-11-15 13:41:05 - 8_0.1_1 - INFO - idx: 9, output_dict_len: 80
2025-11-15 13:41:05 - 8_0.1_1 - INFO - Creating a baseline federated dataset
2025-11-15 13:41:05 - 8_0.1_1 - INFO - class_num 37
2025-11-15 13:41:05 - 8_0.1_1 - INFO - user class dict total [18, 14, 23, 10]
2025-11-15 13:41:05 - 8_0.1_1 - INFO - idx: 0, output_dict_len: 399
2025-11-15 13:41:05 - 8_0.1_1 - INFO - user class dict total [8, 4, 13, 19]
2025-11-15 13:41:05 - 8_0.1_1 - INFO - idx: 1, output_dict_len: 399
2025-11-15 13:41:05 - 8_0.1_1 - INFO - user class dict total [12, 29, 34, 15]
2025-11-15 13:41:05 - 8_0.1_1 - INFO - idx: 2, output_dict_len: 389
2025-11-15 13:41:05 - 8_0.1_1 - INFO - user class dict total [2, 32, 1, 11]
2025-11-15 13:41:05 - 8_0.1_1 - INFO - idx: 3, output_dict_len: 397
2025-11-15 13:41:05 - 8_0.1_1 - INFO - user class dict total [31, 0, 35, 7]
2025-11-15 13:41:05 - 8_0.1_1 - INFO - idx: 4, output_dict_len: 386
2025-11-15 13:41:05 - 8_0.1_1 - INFO - user class dict total [5, 27, 16, 30]
2025-11-15 13:41:05 - 8_0.1_1 - INFO - idx: 5, output_dict_len: 399
2025-11-15 13:41:05 - 8_0.1_1 - INFO - user class dict total [17, 22, 26, 9]
2025-11-15 13:41:05 - 8_0.1_1 - INFO - idx: 6, output_dict_len: 400
2025-11-15 13:41:05 - 8_0.1_1 - INFO - user class dict total [33, 3, 25, 6]
2025-11-15 13:41:05 - 8_0.1_1 - INFO - idx: 7, output_dict_len: 400
2025-11-15 13:41:05 - 8_0.1_1 - INFO - user class dict total [21, 20, 36, 28]
2025-11-15 13:41:05 - 8_0.1_1 - INFO - idx: 8, output_dict_len: 400
2025-11-15 13:41:05 - 8_0.1_1 - INFO - user class dict total [24]
2025-11-15 13:41:05 - 8_0.1_1 - INFO - idx: 9, output_dict_len: 100
2025-11-15 13:41:05 - 8_0.1_1 - INFO - Loading CLIP (backbone: ViT-B/16)
2025-11-15 13:41:07 - 8_0.1_1 - INFO - Building custom CLIP
2025-11-15 13:41:07 - 8_0.1_1 - INFO - Turning off gradients in both the image and the text encoder
2025-11-15 13:41:07 - 8_0.1_1 - INFO - [RDP-sepfpl] 轮次 1: ε=0.000160, std=24.672267
2025-11-15 13:41:13 - 8_0.1_1 - INFO - [Epoch 1/30] 训练耗时: 5.97s | 平均训练准确率: 52.34
2025-11-15 13:41:18 - 8_0.1_1 - INFO - [Epoch 2/30] 训练耗时: 4.67s | 平均训练准确率: 24.53
2025-11-15 13:41:22 - 8_0.1_1 - INFO - [Epoch 3/30] 训练耗时: 4.64s | 平均训练准确率: 40.31
2025-11-15 13:41:27 - 8_0.1_1 - INFO - [Epoch 4/30] 训练耗时: 4.89s | 平均训练准确率: 39.06
2025-11-15 13:41:32 - 8_0.1_1 - INFO - [Epoch 5/30] 训练耗时: 4.75s | 平均训练准确率: 41.88
2025-11-15 13:41:37 - 8_0.1_1 - INFO - [Epoch 6/30] 训练耗时: 4.71s | 平均训练准确率: 43.59
2025-11-15 13:41:41 - 8_0.1_1 - INFO - [Epoch 7/30] 训练耗时: 4.71s | 平均训练准确率: 46.56
2025-11-15 13:41:46 - 8_0.1_1 - INFO - [Epoch 8/30] 训练耗时: 4.67s | 平均训练准确率: 44.69
2025-11-15 13:41:51 - 8_0.1_1 - INFO - [Epoch 9/30] 训练耗时: 4.65s | 平均训练准确率: 54.22
2025-11-15 13:41:51 - 8_0.1_1 - INFO - [RDP-sepfpl] 轮次 10: ε=0.002020, std=6.953590
2025-11-15 13:41:55 - 8_0.1_1 - INFO - [Epoch 10/30] 训练耗时: 4.67s | 平均训练准确率: 52.34
2025-11-15 13:42:00 - 8_0.1_1 - INFO - [Epoch 11/30] 训练耗时: 4.69s | 平均训练准确率: 41.72
2025-11-15 13:42:05 - 8_0.1_1 - INFO - [Epoch 12/30] 训练耗时: 4.65s | 平均训练准确率: 41.72
2025-11-15 13:42:09 - 8_0.1_1 - INFO - [Epoch 13/30] 训练耗时: 4.67s | 平均训练准确率: 43.91
2025-11-15 13:42:14 - 8_0.1_1 - INFO - [Epoch 14/30] 训练耗时: 4.70s | 平均训练准确率: 47.66
2025-11-15 13:42:19 - 8_0.1_1 - INFO - [Epoch 15/30] 训练耗时: 4.66s | 平均训练准确率: 47.03
2025-11-15 13:42:23 - 8_0.1_1 - INFO - [Epoch 16/30] 训练耗时: 4.68s | 平均训练准确率: 46.41
2025-11-15 13:42:28 - 8_0.1_1 - INFO - [Epoch 17/30] 训练耗时: 4.68s | 平均训练准确率: 52.81
2025-11-15 13:42:33 - 8_0.1_1 - INFO - [Epoch 18/30] 训练耗时: 4.75s | 平均训练准确率: 50.94
2025-11-15 13:42:38 - 8_0.1_1 - INFO - [Epoch 19/30] 训练耗时: 4.72s | 平均训练准确率: 55.31
2025-11-15 13:42:38 - 8_0.1_1 - INFO - [RDP-sepfpl] 轮次 20: ε=0.004329, std=4.749442
2025-11-15 13:42:42 - 8_0.1_1 - INFO - [Epoch 20/30] 训练耗时: 4.44s | 平均训练准确率: 58.44
2025-11-15 13:42:46 - 8_0.1_1 - INFO - [Epoch 21/30] 训练耗时: 4.28s | 平均训练准确率: 63.44
2025-11-15 13:42:51 - 8_0.1_1 - INFO - [Epoch 22/30] 训练耗时: 4.37s | 平均训练准确率: 61.25
2025-11-15 13:42:55 - 8_0.1_1 - INFO - [Epoch 23/30] 训练耗时: 4.64s | 平均训练准确率: 61.72
2025-11-15 13:43:00 - 8_0.1_1 - INFO - [Epoch 24/30] 训练耗时: 4.77s | 平均训练准确率: 57.97
2025-11-15 13:43:05 - 8_0.1_1 - INFO - [Epoch 25/30] 训练耗时: 4.80s | 平均训练准确率: 55.16
2025-11-15 13:43:10 - 8_0.1_1 - INFO - [Epoch 26/30] 训练耗时: 4.73s | 平均训练准确率: 53.75
2025-11-15 13:43:14 - 8_0.1_1 - INFO - [Epoch 27/30] 训练耗时: 4.82s | 平均训练准确率: 55.78
2025-11-15 13:43:19 - 8_0.1_1 - INFO - [Epoch 28/30] 训练耗时: 4.34s | 平均训练准确率: 59.53
2025-11-15 13:43:19 - 8_0.1_1 - INFO - ------------local test start-------------
2025-11-15 13:43:19 - 8_0.1_1 - INFO - Evaluate on the client0 local set
2025-11-15 13:43:22 - 8_0.1_1 - INFO - => result | total 399 | correct 83 | acc 20.80% | err 79.20% | macro_f1 27.87%
2025-11-15 13:43:22 - 8_0.1_1 - INFO - Evaluate on the client0 neighbor set
2025-11-15 13:43:45 - 8_0.1_1 - INFO - => result | total 3,270 | correct 2,133 | acc 65.23% | err 34.77% | macro_f1 59.03%
2025-11-15 13:43:45 - 8_0.1_1 - INFO - Evaluate on the client1 local set
2025-11-15 13:43:48 - 8_0.1_1 - INFO - => result | total 399 | correct 274 | acc 68.67% | err 31.33% | macro_f1 71.32%
2025-11-15 13:43:48 - 8_0.1_1 - INFO - Evaluate on the client1 neighbor set
2025-11-15 13:44:11 - 8_0.1_1 - INFO - => result | total 3,270 | correct 1,982 | acc 60.61% | err 39.39% | macro_f1 56.38%
2025-11-15 13:44:11 - 8_0.1_1 - INFO - Evaluate on the client2 local set
2025-11-15 13:44:14 - 8_0.1_1 - INFO - => result | total 389 | correct 282 | acc 72.49% | err 27.51% | macro_f1 80.44%
2025-11-15 13:44:14 - 8_0.1_1 - INFO - Evaluate on the client2 neighbor set
2025-11-15 13:44:37 - 8_0.1_1 - INFO - => result | total 3,280 | correct 1,955 | acc 59.60% | err 40.40% | macro_f1 53.46%
2025-11-15 13:44:37 - 8_0.1_1 - INFO - Evaluate on the client3 local set
2025-11-15 13:44:39 - 8_0.1_1 - INFO - => result | total 397 | correct 227 | acc 57.18% | err 42.82% | macro_f1 59.02%
2025-11-15 13:44:39 - 8_0.1_1 - INFO - Evaluate on the client3 neighbor set
2025-11-15 13:45:03 - 8_0.1_1 - INFO - => result | total 3,272 | correct 1,977 | acc 60.42% | err 39.58% | macro_f1 55.08%
2025-11-15 13:45:03 - 8_0.1_1 - INFO - Evaluate on the client4 local set
2025-11-15 13:45:05 - 8_0.1_1 - INFO - => result | total 386 | correct 231 | acc 59.84% | err 40.16% | macro_f1 63.75%
2025-11-15 13:45:05 - 8_0.1_1 - INFO - Evaluate on the client4 neighbor set
2025-11-15 13:45:29 - 8_0.1_1 - INFO - => result | total 3,283 | correct 1,987 | acc 60.52% | err 39.48% | macro_f1 53.98%
2025-11-15 13:45:29 - 8_0.1_1 - INFO - Evaluate on the client5 local set
2025-11-15 13:45:31 - 8_0.1_1 - INFO - => result | total 399 | correct 199 | acc 49.87% | err 50.13% | macro_f1 59.21%
2025-11-15 13:45:31 - 8_0.1_1 - INFO - Evaluate on the client5 neighbor set
2025-11-15 13:45:54 - 8_0.1_1 - INFO - => result | total 3,270 | correct 2,012 | acc 61.53% | err 38.47% | macro_f1 54.89%
2025-11-15 13:45:54 - 8_0.1_1 - INFO - Evaluate on the client6 local set
2025-11-15 13:45:57 - 8_0.1_1 - INFO - => result | total 400 | correct 193 | acc 48.25% | err 51.75% | macro_f1 44.85%
2025-11-15 13:45:57 - 8_0.1_1 - INFO - Evaluate on the client6 neighbor set
2025-11-15 13:46:20 - 8_0.1_1 - INFO - => result | total 3,269 | correct 2,024 | acc 61.91% | err 38.09% | macro_f1 57.58%
2025-11-15 13:46:20 - 8_0.1_1 - INFO - Evaluate on the client7 local set
2025-11-15 13:46:23 - 8_0.1_1 - INFO - => result | total 400 | correct 296 | acc 74.00% | err 26.00% | macro_f1 74.50%
2025-11-15 13:46:23 - 8_0.1_1 - INFO - Evaluate on the client7 neighbor set
2025-11-15 13:46:45 - 8_0.1_1 - INFO - => result | total 3,269 | correct 1,898 | acc 58.06% | err 41.94% | macro_f1 51.74%
2025-11-15 13:46:45 - 8_0.1_1 - INFO - Evaluate on the client8 local set
2025-11-15 13:46:48 - 8_0.1_1 - INFO - => result | total 400 | correct 351 | acc 87.75% | err 12.25% | macro_f1 90.97%
2025-11-15 13:46:48 - 8_0.1_1 - INFO - Evaluate on the client8 neighbor set
2025-11-15 13:47:11 - 8_0.1_1 - INFO - => result | total 3,269 | correct 1,831 | acc 56.01% | err 43.99% | macro_f1 50.51%
2025-11-15 13:47:11 - 8_0.1_1 - INFO - Evaluate on the client9 local set
2025-11-15 13:47:12 - 8_0.1_1 - INFO - => result | total 100 | correct 99 | acc 99.00% | err 1.00% | macro_f1 99.50%
2025-11-15 13:47:12 - 8_0.1_1 - INFO - Evaluate on the client9 neighbor set
2025-11-15 13:47:37 - 8_0.1_1 - INFO - => result | total 3,569 | correct 2,075 | acc 58.14% | err 41.86% | macro_f1 52.01%
2025-11-15 13:47:37 - 8_0.1_1 - INFO - Global test local acc: 63.79
2025-11-15 13:47:37 - 8_0.1_1 - INFO - Global test neighbor acc: 60.20
2025-11-15 13:47:37 - 8_0.1_1 - INFO - ------------local test finish-------------
2025-11-15 13:47:37 - 8_0.1_1 - INFO - [Epoch 28/30] 测试耗时: 258.15s
2025-11-15 13:47:41 - 8_0.1_1 - INFO - [Epoch 29/30] 训练耗时: 4.30s | 平均训练准确率: 57.03
2025-11-15 13:47:41 - 8_0.1_1 - INFO - ------------local test start-------------
2025-11-15 13:47:41 - 8_0.1_1 - INFO - Evaluate on the client0 local set
2025-11-15 13:47:44 - 8_0.1_1 - INFO - => result | total 399 | correct 92 | acc 23.06% | err 76.94% | macro_f1 30.76%
2025-11-15 13:47:44 - 8_0.1_1 - INFO - Evaluate on the client0 neighbor set
2025-11-15 13:48:07 - 8_0.1_1 - INFO - => result | total 3,270 | correct 2,138 | acc 65.38% | err 34.62% | macro_f1 59.48%
2025-11-15 13:48:07 - 8_0.1_1 - INFO - Evaluate on the client1 local set
2025-11-15 13:48:10 - 8_0.1_1 - INFO - => result | total 399 | correct 274 | acc 68.67% | err 31.33% | macro_f1 71.32%
2025-11-15 13:48:10 - 8_0.1_1 - INFO - Evaluate on the client1 neighbor set
2025-11-15 13:48:33 - 8_0.1_1 - INFO - => result | total 3,270 | correct 1,970 | acc 60.24% | err 39.76% | macro_f1 56.41%
2025-11-15 13:48:33 - 8_0.1_1 - INFO - Evaluate on the client2 local set
2025-11-15 13:48:36 - 8_0.1_1 - INFO - => result | total 389 | correct 277 | acc 71.21% | err 28.79% | macro_f1 79.27%
2025-11-15 13:48:36 - 8_0.1_1 - INFO - Evaluate on the client2 neighbor set
2025-11-15 13:49:00 - 8_0.1_1 - INFO - => result | total 3,280 | correct 1,935 | acc 58.99% | err 41.01% | macro_f1 52.80%
2025-11-15 13:49:00 - 8_0.1_1 - INFO - Evaluate on the client3 local set
2025-11-15 13:49:03 - 8_0.1_1 - INFO - => result | total 397 | correct 232 | acc 58.44% | err 41.56% | macro_f1 58.46%
2025-11-15 13:49:03 - 8_0.1_1 - INFO - Evaluate on the client3 neighbor set
2025-11-15 13:49:26 - 8_0.1_1 - INFO - => result | total 3,272 | correct 1,964 | acc 60.02% | err 39.98% | macro_f1 54.75%
2025-11-15 13:49:26 - 8_0.1_1 - INFO - Evaluate on the client4 local set
2025-11-15 13:49:29 - 8_0.1_1 - INFO - => result | total 386 | correct 226 | acc 58.55% | err 41.45% | macro_f1 62.50%
2025-11-15 13:49:29 - 8_0.1_1 - INFO - Evaluate on the client4 neighbor set
2025-11-15 13:49:53 - 8_0.1_1 - INFO - => result | total 3,283 | correct 1,950 | acc 59.40% | err 40.60% | macro_f1 52.72%
2025-11-15 13:49:53 - 8_0.1_1 - INFO - Evaluate on the client5 local set
2025-11-15 13:49:55 - 8_0.1_1 - INFO - => result | total 399 | correct 199 | acc 49.87% | err 50.13% | macro_f1 58.89%
2025-11-15 13:49:55 - 8_0.1_1 - INFO - Evaluate on the client5 neighbor set
2025-11-15 13:50:19 - 8_0.1_1 - INFO - => result | total 3,270 | correct 1,992 | acc 60.92% | err 39.08% | macro_f1 54.07%
2025-11-15 13:50:19 - 8_0.1_1 - INFO - Evaluate on the client6 local set
2025-11-15 13:50:21 - 8_0.1_1 - INFO - => result | total 400 | correct 191 | acc 47.75% | err 52.25% | macro_f1 44.16%
2025-11-15 13:50:21 - 8_0.1_1 - INFO - Evaluate on the client6 neighbor set
2025-11-15 13:50:45 - 8_0.1_1 - INFO - => result | total 3,269 | correct 1,991 | acc 60.91% | err 39.09% | macro_f1 56.17%
2025-11-15 13:50:45 - 8_0.1_1 - INFO - Evaluate on the client7 local set
2025-11-15 13:50:48 - 8_0.1_1 - INFO - => result | total 400 | correct 296 | acc 74.00% | err 26.00% | macro_f1 74.50%
2025-11-15 13:50:48 - 8_0.1_1 - INFO - Evaluate on the client7 neighbor set
2025-11-15 13:51:10 - 8_0.1_1 - INFO - => result | total 3,269 | correct 1,884 | acc 57.63% | err 42.37% | macro_f1 50.99%
2025-11-15 13:51:10 - 8_0.1_1 - INFO - Evaluate on the client8 local set
2025-11-15 13:51:13 - 8_0.1_1 - INFO - => result | total 400 | correct 342 | acc 85.50% | err 14.50% | macro_f1 89.01%
2025-11-15 13:51:13 - 8_0.1_1 - INFO - Evaluate on the client8 neighbor set
2025-11-15 13:51:36 - 8_0.1_1 - INFO - => result | total 3,269 | correct 1,789 | acc 54.73% | err 45.27% | macro_f1 48.69%
2025-11-15 13:51:36 - 8_0.1_1 - INFO - Evaluate on the client9 local set
2025-11-15 13:51:37 - 8_0.1_1 - INFO - => result | total 100 | correct 99 | acc 99.00% | err 1.00% | macro_f1 99.50%
2025-11-15 13:51:37 - 8_0.1_1 - INFO - Evaluate on the client9 neighbor set
2025-11-15 13:52:02 - 8_0.1_1 - INFO - => result | total 3,569 | correct 2,037 | acc 57.07% | err 42.93% | macro_f1 50.38%
2025-11-15 13:52:02 - 8_0.1_1 - INFO - Global test local acc: 63.60
2025-11-15 13:52:02 - 8_0.1_1 - INFO - Global test neighbor acc: 59.53
2025-11-15 13:52:02 - 8_0.1_1 - INFO - ------------local test finish-------------
2025-11-15 13:52:02 - 8_0.1_1 - INFO - [Epoch 29/30] 测试耗时: 260.98s
2025-11-15 13:52:02 - 8_0.1_1 - INFO - [RDP-sepfpl] 轮次 30: ε=0.006763, std=3.800077
2025-11-15 13:52:07 - 8_0.1_1 - INFO - [Epoch 30/30] 训练耗时: 4.52s | 平均训练准确率: 59.38
2025-11-15 13:52:07 - 8_0.1_1 - INFO - ------------local test start-------------
2025-11-15 13:52:07 - 8_0.1_1 - INFO - Evaluate on the client0 local set
2025-11-15 13:52:10 - 8_0.1_1 - INFO - => result | total 399 | correct 80 | acc 20.05% | err 79.95% | macro_f1 26.48%
2025-11-15 13:52:10 - 8_0.1_1 - INFO - Evaluate on the client0 neighbor set
2025-11-15 13:52:32 - 8_0.1_1 - INFO - => result | total 3,270 | correct 2,096 | acc 64.10% | err 35.90% | macro_f1 57.92%
2025-11-15 13:52:32 - 8_0.1_1 - INFO - Evaluate on the client1 local set
2025-11-15 13:52:35 - 8_0.1_1 - INFO - => result | total 399 | correct 271 | acc 67.92% | err 32.08% | macro_f1 70.93%
2025-11-15 13:52:35 - 8_0.1_1 - INFO - Evaluate on the client1 neighbor set
2025-11-15 13:52:58 - 8_0.1_1 - INFO - => result | total 3,270 | correct 1,939 | acc 59.30% | err 40.70% | macro_f1 55.15%
2025-11-15 13:52:58 - 8_0.1_1 - INFO - Evaluate on the client2 local set
2025-11-15 13:53:01 - 8_0.1_1 - INFO - => result | total 389 | correct 262 | acc 67.35% | err 32.65% | macro_f1 74.94%
2025-11-15 13:53:01 - 8_0.1_1 - INFO - Evaluate on the client2 neighbor set
2025-11-15 13:53:24 - 8_0.1_1 - INFO - => result | total 3,280 | correct 1,916 | acc 58.41% | err 41.59% | macro_f1 51.84%
2025-11-15 13:53:24 - 8_0.1_1 - INFO - Evaluate on the client3 local set
2025-11-15 13:53:27 - 8_0.1_1 - INFO - => result | total 397 | correct 231 | acc 58.19% | err 41.81% | macro_f1 58.61%
2025-11-15 13:53:27 - 8_0.1_1 - INFO - Evaluate on the client3 neighbor set
2025-11-15 13:53:50 - 8_0.1_1 - INFO - => result | total 3,272 | correct 1,937 | acc 59.20% | err 40.80% | macro_f1 53.69%
2025-11-15 13:53:50 - 8_0.1_1 - INFO - Evaluate on the client4 local set
2025-11-15 13:53:52 - 8_0.1_1 - INFO - => result | total 386 | correct 234 | acc 60.62% | err 39.38% | macro_f1 64.64%
2025-11-15 13:53:52 - 8_0.1_1 - INFO - Evaluate on the client4 neighbor set
2025-11-15 13:54:15 - 8_0.1_1 - INFO - => result | total 3,283 | correct 1,936 | acc 58.97% | err 41.03% | macro_f1 52.01%
2025-11-15 13:54:15 - 8_0.1_1 - INFO - Evaluate on the client5 local set
2025-11-15 13:54:18 - 8_0.1_1 - INFO - => result | total 399 | correct 205 | acc 51.38% | err 48.62% | macro_f1 59.45%
2025-11-15 13:54:18 - 8_0.1_1 - INFO - Evaluate on the client5 neighbor set
2025-11-15 13:54:41 - 8_0.1_1 - INFO - => result | total 3,270 | correct 1,967 | acc 60.15% | err 39.85% | macro_f1 53.37%
2025-11-15 13:54:41 - 8_0.1_1 - INFO - Evaluate on the client6 local set
2025-11-15 13:54:44 - 8_0.1_1 - INFO - => result | total 400 | correct 185 | acc 46.25% | err 53.75% | macro_f1 44.35%
2025-11-15 13:54:44 - 8_0.1_1 - INFO - Evaluate on the client6 neighbor set
2025-11-15 13:55:07 - 8_0.1_1 - INFO - => result | total 3,269 | correct 2,016 | acc 61.67% | err 38.33% | macro_f1 56.83%
2025-11-15 13:55:07 - 8_0.1_1 - INFO - Evaluate on the client7 local set
2025-11-15 13:55:09 - 8_0.1_1 - INFO - => result | total 400 | correct 297 | acc 74.25% | err 25.75% | macro_f1 74.62%
2025-11-15 13:55:09 - 8_0.1_1 - INFO - Evaluate on the client7 neighbor set
2025-11-15 13:55:32 - 8_0.1_1 - INFO - => result | total 3,269 | correct 1,901 | acc 58.15% | err 41.85% | macro_f1 51.60%
2025-11-15 13:55:32 - 8_0.1_1 - INFO - Evaluate on the client8 local set
2025-11-15 13:55:35 - 8_0.1_1 - INFO - => result | total 400 | correct 330 | acc 82.50% | err 17.50% | macro_f1 86.30%
2025-11-15 13:55:35 - 8_0.1_1 - INFO - Evaluate on the client8 neighbor set
2025-11-15 13:55:58 - 8_0.1_1 - INFO - => result | total 3,269 | correct 1,806 | acc 55.25% | err 44.75% | macro_f1 49.46%
2025-11-15 13:55:58 - 8_0.1_1 - INFO - Evaluate on the client9 local set
2025-11-15 13:55:59 - 8_0.1_1 - INFO - => result | total 100 | correct 99 | acc 99.00% | err 1.00% | macro_f1 99.50%
2025-11-15 13:55:59 - 8_0.1_1 - INFO - Evaluate on the client9 neighbor set
2025-11-15 13:56:24 - 8_0.1_1 - INFO - => result | total 3,569 | correct 2,047 | acc 57.36% | err 42.64% | macro_f1 50.84%
2025-11-15 13:56:24 - 8_0.1_1 - INFO - Global test local acc: 62.75
2025-11-15 13:56:24 - 8_0.1_1 - INFO - Global test neighbor acc: 59.26
2025-11-15 13:56:24 - 8_0.1_1 - INFO - ------------local test finish-------------
2025-11-15 13:56:24 - 8_0.1_1 - INFO - [Epoch 30/30] 测试耗时: 256.98s
2025-11-15 13:56:24 - 8_0.1_1 - INFO - maximum test local acc: 63.787
2025-11-15 13:56:24 - 8_0.1_1 - INFO - mean of local acc: 63.381
2025-11-15 13:56:24 - 8_0.1_1 - INFO - maximum test neighbor acc: 60.205
2025-11-15 13:56:24 - 8_0.1_1 - INFO - mean of neighbor acc: 59.663
