2025-11-15 04:23:03 - 8_0.2_1 - INFO - 日志文件已创建: logs/oxford_pets/sepfpl/8_0.2_1_20251115_042303.log
2025-11-15 04:23:03 - 8_0.2_1 - INFO - Loading trainer: DP_FPL
2025-11-15 04:23:03 - 8_0.2_1 - INFO - Loading dataset: OxfordPets
2025-11-15 04:23:03 - 8_0.2_1 - INFO - Reading split from /home/liuxin25/dataset/oxford_pets/split_zhou_OxfordPets.json
2025-11-15 04:23:03 - 8_0.2_1 - INFO - Creating a baseline federated dataset
2025-11-15 04:23:03 - 8_0.2_1 - INFO - class_num 37
2025-11-15 04:23:03 - 8_0.2_1 - INFO - user class dict total [18, 14, 23, 10]
2025-11-15 04:23:03 - 8_0.2_1 - INFO - idx: 0, output_dict_len: 320
2025-11-15 04:23:03 - 8_0.2_1 - INFO - user class dict total [8, 4, 13, 19]
2025-11-15 04:23:03 - 8_0.2_1 - INFO - idx: 1, output_dict_len: 320
2025-11-15 04:23:03 - 8_0.2_1 - INFO - user class dict total [12, 29, 34, 15]
2025-11-15 04:23:03 - 8_0.2_1 - INFO - idx: 2, output_dict_len: 317
2025-11-15 04:23:03 - 8_0.2_1 - INFO - user class dict total [2, 32, 1, 11]
2025-11-15 04:23:03 - 8_0.2_1 - INFO - idx: 3, output_dict_len: 313
2025-11-15 04:23:03 - 8_0.2_1 - INFO - user class dict total [31, 0, 35, 7]
2025-11-15 04:23:03 - 8_0.2_1 - INFO - idx: 4, output_dict_len: 317
2025-11-15 04:23:03 - 8_0.2_1 - INFO - user class dict total [5, 27, 16, 30]
2025-11-15 04:23:03 - 8_0.2_1 - INFO - idx: 5, output_dict_len: 320
2025-11-15 04:23:03 - 8_0.2_1 - INFO - user class dict total [17, 22, 26, 9]
2025-11-15 04:23:03 - 8_0.2_1 - INFO - idx: 6, output_dict_len: 317
2025-11-15 04:23:03 - 8_0.2_1 - INFO - user class dict total [33, 3, 25, 6]
2025-11-15 04:23:03 - 8_0.2_1 - INFO - idx: 7, output_dict_len: 320
2025-11-15 04:23:03 - 8_0.2_1 - INFO - user class dict total [21, 20, 36, 28]
2025-11-15 04:23:03 - 8_0.2_1 - INFO - idx: 8, output_dict_len: 320
2025-11-15 04:23:03 - 8_0.2_1 - INFO - user class dict total [24]
2025-11-15 04:23:03 - 8_0.2_1 - INFO - idx: 9, output_dict_len: 80
2025-11-15 04:23:03 - 8_0.2_1 - INFO - Creating a baseline federated dataset
2025-11-15 04:23:03 - 8_0.2_1 - INFO - class_num 37
2025-11-15 04:23:03 - 8_0.2_1 - INFO - user class dict total [18, 14, 23, 10]
2025-11-15 04:23:03 - 8_0.2_1 - INFO - idx: 0, output_dict_len: 399
2025-11-15 04:23:03 - 8_0.2_1 - INFO - user class dict total [8, 4, 13, 19]
2025-11-15 04:23:03 - 8_0.2_1 - INFO - idx: 1, output_dict_len: 399
2025-11-15 04:23:03 - 8_0.2_1 - INFO - user class dict total [12, 29, 34, 15]
2025-11-15 04:23:03 - 8_0.2_1 - INFO - idx: 2, output_dict_len: 389
2025-11-15 04:23:03 - 8_0.2_1 - INFO - user class dict total [2, 32, 1, 11]
2025-11-15 04:23:03 - 8_0.2_1 - INFO - idx: 3, output_dict_len: 397
2025-11-15 04:23:03 - 8_0.2_1 - INFO - user class dict total [31, 0, 35, 7]
2025-11-15 04:23:03 - 8_0.2_1 - INFO - idx: 4, output_dict_len: 386
2025-11-15 04:23:03 - 8_0.2_1 - INFO - user class dict total [5, 27, 16, 30]
2025-11-15 04:23:03 - 8_0.2_1 - INFO - idx: 5, output_dict_len: 399
2025-11-15 04:23:03 - 8_0.2_1 - INFO - user class dict total [17, 22, 26, 9]
2025-11-15 04:23:03 - 8_0.2_1 - INFO - idx: 6, output_dict_len: 400
2025-11-15 04:23:03 - 8_0.2_1 - INFO - user class dict total [33, 3, 25, 6]
2025-11-15 04:23:03 - 8_0.2_1 - INFO - idx: 7, output_dict_len: 400
2025-11-15 04:23:03 - 8_0.2_1 - INFO - user class dict total [21, 20, 36, 28]
2025-11-15 04:23:03 - 8_0.2_1 - INFO - idx: 8, output_dict_len: 400
2025-11-15 04:23:03 - 8_0.2_1 - INFO - user class dict total [24]
2025-11-15 04:23:03 - 8_0.2_1 - INFO - idx: 9, output_dict_len: 100
2025-11-15 04:23:03 - 8_0.2_1 - INFO - Loading CLIP (backbone: ViT-B/16)
2025-11-15 04:23:05 - 8_0.2_1 - INFO - Building custom CLIP
2025-11-15 04:23:05 - 8_0.2_1 - INFO - Turning off gradients in both the image and the text encoder
2025-11-15 04:23:05 - 8_0.2_1 - INFO - [RDP-sepfpl] 轮次 1: ε=0.000111, std=29.625447
2025-11-15 04:23:11 - 8_0.2_1 - INFO - [Epoch 1/50] 训练耗时: 6.15s | 平均训练准确率: 52.34
2025-11-15 04:23:16 - 8_0.2_1 - INFO - [Epoch 2/50] 训练耗时: 4.69s | 平均训练准确率: 20.00
2025-11-15 04:23:20 - 8_0.2_1 - INFO - [Epoch 3/50] 训练耗时: 4.63s | 平均训练准确率: 30.16
2025-11-15 04:23:25 - 8_0.2_1 - INFO - [Epoch 4/50] 训练耗时: 4.70s | 平均训练准确率: 30.78
2025-11-15 04:23:30 - 8_0.2_1 - INFO - [Epoch 5/50] 训练耗时: 4.73s | 平均训练准确率: 29.69
2025-11-15 04:23:34 - 8_0.2_1 - INFO - [Epoch 6/50] 训练耗时: 4.64s | 平均训练准确率: 34.06
2025-11-15 04:23:39 - 8_0.2_1 - INFO - [Epoch 7/50] 训练耗时: 4.67s | 平均训练准确率: 39.53
2025-11-15 04:23:44 - 8_0.2_1 - INFO - [Epoch 8/50] 训练耗时: 4.66s | 平均训练准确率: 41.56
2025-11-15 04:23:48 - 8_0.2_1 - INFO - [Epoch 9/50] 训练耗时: 4.65s | 平均训练准确率: 42.50
2025-11-15 04:23:48 - 8_0.2_1 - INFO - [RDP-sepfpl] 轮次 10: ε=0.001401, std=8.349585
2025-11-15 04:23:53 - 8_0.2_1 - INFO - [Epoch 10/50] 训练耗时: 4.72s | 平均训练准确率: 41.72
2025-11-15 04:23:58 - 8_0.2_1 - INFO - [Epoch 11/50] 训练耗时: 4.70s | 平均训练准确率: 43.12
2025-11-15 04:24:02 - 8_0.2_1 - INFO - [Epoch 12/50] 训练耗时: 4.66s | 平均训练准确率: 41.25
2025-11-15 04:24:07 - 8_0.2_1 - INFO - [Epoch 13/50] 训练耗时: 4.68s | 平均训练准确率: 40.47
2025-11-15 04:24:12 - 8_0.2_1 - INFO - [Epoch 14/50] 训练耗时: 4.69s | 平均训练准确率: 41.72
2025-11-15 04:24:16 - 8_0.2_1 - INFO - [Epoch 15/50] 训练耗时: 4.68s | 平均训练准确率: 42.81
2025-11-15 04:24:21 - 8_0.2_1 - INFO - [Epoch 16/50] 训练耗时: 4.66s | 平均训练准确率: 44.38
2025-11-15 04:24:26 - 8_0.2_1 - INFO - [Epoch 17/50] 训练耗时: 4.69s | 平均训练准确率: 45.62
2025-11-15 04:24:31 - 8_0.2_1 - INFO - [Epoch 18/50] 训练耗时: 4.67s | 平均训练准确率: 42.81
2025-11-15 04:24:35 - 8_0.2_1 - INFO - [Epoch 19/50] 训练耗时: 4.60s | 平均训练准确率: 44.69
2025-11-15 04:24:35 - 8_0.2_1 - INFO - [RDP-sepfpl] 轮次 20: ε=0.003003, std=5.702935
2025-11-15 04:24:40 - 8_0.2_1 - INFO - [Epoch 20/50] 训练耗时: 4.53s | 平均训练准确率: 45.94
2025-11-15 04:24:44 - 8_0.2_1 - INFO - [Epoch 21/50] 训练耗时: 4.54s | 平均训练准确率: 48.91
2025-11-15 04:24:49 - 8_0.2_1 - INFO - [Epoch 22/50] 训练耗时: 4.54s | 平均训练准确率: 46.72
2025-11-15 04:24:54 - 8_0.2_1 - INFO - [Epoch 23/50] 训练耗时: 4.77s | 平均训练准确率: 47.19
2025-11-15 04:24:58 - 8_0.2_1 - INFO - [Epoch 24/50] 训练耗时: 4.87s | 平均训练准确率: 47.66
2025-11-15 04:25:03 - 8_0.2_1 - INFO - [Epoch 25/50] 训练耗时: 4.93s | 平均训练准确率: 50.00
2025-11-15 04:25:08 - 8_0.2_1 - INFO - [Epoch 26/50] 训练耗时: 4.88s | 平均训练准确率: 48.91
2025-11-15 04:25:13 - 8_0.2_1 - INFO - [Epoch 27/50] 训练耗时: 4.93s | 平均训练准确率: 50.31
2025-11-15 04:25:18 - 8_0.2_1 - INFO - [Epoch 28/50] 训练耗时: 4.90s | 平均训练准确率: 54.22
2025-11-15 04:25:23 - 8_0.2_1 - INFO - [Epoch 29/50] 训练耗时: 4.92s | 平均训练准确率: 48.75
2025-11-15 04:25:23 - 8_0.2_1 - INFO - [RDP-sepfpl] 轮次 30: ε=0.004690, std=4.562976
2025-11-15 04:25:28 - 8_0.2_1 - INFO - [Epoch 30/50] 训练耗时: 4.86s | 平均训练准确率: 48.91
2025-11-15 04:25:33 - 8_0.2_1 - INFO - [Epoch 31/50] 训练耗时: 4.91s | 平均训练准确率: 50.31
2025-11-15 04:25:38 - 8_0.2_1 - INFO - [Epoch 32/50] 训练耗时: 4.89s | 平均训练准确率: 52.03
2025-11-15 04:25:43 - 8_0.2_1 - INFO - [Epoch 33/50] 训练耗时: 4.93s | 平均训练准确率: 52.19
2025-11-15 04:25:47 - 8_0.2_1 - INFO - [Epoch 34/50] 训练耗时: 4.88s | 平均训练准确率: 53.44
2025-11-15 04:25:52 - 8_0.2_1 - INFO - [Epoch 35/50] 训练耗时: 4.91s | 平均训练准确率: 48.28
2025-11-15 04:25:57 - 8_0.2_1 - INFO - [Epoch 36/50] 训练耗时: 4.86s | 平均训练准确率: 51.88
2025-11-15 04:26:02 - 8_0.2_1 - INFO - [Epoch 37/50] 训练耗时: 4.86s | 平均训练准确率: 58.75
2025-11-15 04:26:07 - 8_0.2_1 - INFO - [Epoch 38/50] 训练耗时: 4.91s | 平均训练准确率: 62.81
2025-11-15 04:26:12 - 8_0.2_1 - INFO - [Epoch 39/50] 训练耗时: 4.74s | 平均训练准确率: 63.59
2025-11-15 04:26:12 - 8_0.2_1 - INFO - [RDP-sepfpl] 轮次 40: ε=0.006436, std=3.895219
2025-11-15 04:26:16 - 8_0.2_1 - INFO - [Epoch 40/50] 训练耗时: 4.64s | 平均训练准确率: 62.81
2025-11-15 04:26:21 - 8_0.2_1 - INFO - [Epoch 41/50] 训练耗时: 4.65s | 平均训练准确率: 65.47
2025-11-15 04:26:26 - 8_0.2_1 - INFO - [Epoch 42/50] 训练耗时: 4.64s | 平均训练准确率: 67.66
2025-11-15 04:26:30 - 8_0.2_1 - INFO - [Epoch 43/50] 训练耗时: 4.68s | 平均训练准确率: 66.41
2025-11-15 04:26:35 - 8_0.2_1 - INFO - [Epoch 44/50] 训练耗时: 4.66s | 平均训练准确率: 65.16
2025-11-15 04:26:40 - 8_0.2_1 - INFO - [Epoch 45/50] 训练耗时: 4.66s | 平均训练准确率: 61.41
2025-11-15 04:26:44 - 8_0.2_1 - INFO - [Epoch 46/50] 训练耗时: 4.78s | 平均训练准确率: 61.41
2025-11-15 04:26:44 - 8_0.2_1 - INFO - ------------local test start-------------
2025-11-15 04:26:44 - 8_0.2_1 - INFO - Evaluate on the client0 local set
2025-11-15 04:26:48 - 8_0.2_1 - INFO - => result | total 399 | correct 122 | acc 30.58% | err 69.42% | macro_f1 40.17%
2025-11-15 04:26:48 - 8_0.2_1 - INFO - Evaluate on the client0 neighbor set
2025-11-15 04:27:11 - 8_0.2_1 - INFO - => result | total 3,270 | correct 2,363 | acc 72.26% | err 27.74% | macro_f1 68.16%
2025-11-15 04:27:11 - 8_0.2_1 - INFO - Evaluate on the client1 local set
2025-11-15 04:27:14 - 8_0.2_1 - INFO - => result | total 399 | correct 341 | acc 85.46% | err 14.54% | macro_f1 91.01%
2025-11-15 04:27:14 - 8_0.2_1 - INFO - Evaluate on the client1 neighbor set
2025-11-15 04:27:37 - 8_0.2_1 - INFO - => result | total 3,270 | correct 2,124 | acc 64.95% | err 35.05% | macro_f1 61.75%
2025-11-15 04:27:37 - 8_0.2_1 - INFO - Evaluate on the client2 local set
2025-11-15 04:27:40 - 8_0.2_1 - INFO - => result | total 389 | correct 315 | acc 80.98% | err 19.02% | macro_f1 88.18%
2025-11-15 04:27:40 - 8_0.2_1 - INFO - Evaluate on the client2 neighbor set
2025-11-15 04:28:03 - 8_0.2_1 - INFO - => result | total 3,280 | correct 2,120 | acc 64.63% | err 35.37% | macro_f1 59.77%
2025-11-15 04:28:03 - 8_0.2_1 - INFO - Evaluate on the client3 local set
2025-11-15 04:28:06 - 8_0.2_1 - INFO - => result | total 397 | correct 164 | acc 41.31% | err 58.69% | macro_f1 51.78%
2025-11-15 04:28:06 - 8_0.2_1 - INFO - Evaluate on the client3 neighbor set
2025-11-15 04:28:29 - 8_0.2_1 - INFO - => result | total 3,272 | correct 2,252 | acc 68.83% | err 31.17% | macro_f1 63.70%
2025-11-15 04:28:29 - 8_0.2_1 - INFO - Evaluate on the client4 local set
2025-11-15 04:28:32 - 8_0.2_1 - INFO - => result | total 386 | correct 269 | acc 69.69% | err 30.31% | macro_f1 70.18%
2025-11-15 04:28:32 - 8_0.2_1 - INFO - Evaluate on the client4 neighbor set
2025-11-15 04:28:55 - 8_0.2_1 - INFO - => result | total 3,283 | correct 2,141 | acc 65.21% | err 34.79% | macro_f1 60.91%
2025-11-15 04:28:55 - 8_0.2_1 - INFO - Evaluate on the client5 local set
2025-11-15 04:28:58 - 8_0.2_1 - INFO - => result | total 399 | correct 193 | acc 48.37% | err 51.63% | macro_f1 50.81%
2025-11-15 04:28:58 - 8_0.2_1 - INFO - Evaluate on the client5 neighbor set
2025-11-15 04:29:21 - 8_0.2_1 - INFO - => result | total 3,270 | correct 2,198 | acc 67.22% | err 32.78% | macro_f1 62.31%
2025-11-15 04:29:21 - 8_0.2_1 - INFO - Evaluate on the client6 local set
2025-11-15 04:29:24 - 8_0.2_1 - INFO - => result | total 400 | correct 229 | acc 57.25% | err 42.75% | macro_f1 59.84%
2025-11-15 04:29:24 - 8_0.2_1 - INFO - Evaluate on the client6 neighbor set
2025-11-15 04:29:47 - 8_0.2_1 - INFO - => result | total 3,269 | correct 2,152 | acc 65.83% | err 34.17% | macro_f1 62.99%
2025-11-15 04:29:47 - 8_0.2_1 - INFO - Evaluate on the client7 local set
2025-11-15 04:29:50 - 8_0.2_1 - INFO - => result | total 400 | correct 298 | acc 74.50% | err 25.50% | macro_f1 74.75%
2025-11-15 04:29:50 - 8_0.2_1 - INFO - Evaluate on the client7 neighbor set
2025-11-15 04:30:12 - 8_0.2_1 - INFO - => result | total 3,269 | correct 2,073 | acc 63.41% | err 36.59% | macro_f1 58.51%
2025-11-15 04:30:12 - 8_0.2_1 - INFO - Evaluate on the client8 local set
2025-11-15 04:30:15 - 8_0.2_1 - INFO - => result | total 400 | correct 384 | acc 96.00% | err 4.00% | macro_f1 97.93%
2025-11-15 04:30:15 - 8_0.2_1 - INFO - Evaluate on the client8 neighbor set
2025-11-15 04:30:38 - 8_0.2_1 - INFO - => result | total 3,269 | correct 1,982 | acc 60.63% | err 39.37% | macro_f1 57.08%
2025-11-15 04:30:38 - 8_0.2_1 - INFO - Evaluate on the client9 local set
2025-11-15 04:30:39 - 8_0.2_1 - INFO - => result | total 100 | correct 98 | acc 98.00% | err 2.00% | macro_f1 98.99%
2025-11-15 04:30:39 - 8_0.2_1 - INFO - Evaluate on the client9 neighbor set
2025-11-15 04:31:04 - 8_0.2_1 - INFO - => result | total 3,569 | correct 2,252 | acc 63.10% | err 36.90% | macro_f1 58.16%
2025-11-15 04:31:04 - 8_0.2_1 - INFO - Global test local acc: 68.21
2025-11-15 04:31:04 - 8_0.2_1 - INFO - Global test neighbor acc: 65.61
2025-11-15 04:31:04 - 8_0.2_1 - INFO - ------------local test finish-------------
2025-11-15 04:31:04 - 8_0.2_1 - INFO - [Epoch 46/50] 测试耗时: 259.43s
2025-11-15 04:31:08 - 8_0.2_1 - INFO - [Epoch 47/50] 训练耗时: 4.36s | 平均训练准确率: 62.34
2025-11-15 04:31:08 - 8_0.2_1 - INFO - ------------local test start-------------
2025-11-15 04:31:08 - 8_0.2_1 - INFO - Evaluate on the client0 local set
2025-11-15 04:31:11 - 8_0.2_1 - INFO - => result | total 399 | correct 126 | acc 31.58% | err 68.42% | macro_f1 41.19%
2025-11-15 04:31:11 - 8_0.2_1 - INFO - Evaluate on the client0 neighbor set
2025-11-15 04:31:34 - 8_0.2_1 - INFO - => result | total 3,270 | correct 2,333 | acc 71.35% | err 28.65% | macro_f1 67.18%
2025-11-15 04:31:34 - 8_0.2_1 - INFO - Evaluate on the client1 local set
2025-11-15 04:31:37 - 8_0.2_1 - INFO - => result | total 399 | correct 338 | acc 84.71% | err 15.29% | macro_f1 90.30%
2025-11-15 04:31:37 - 8_0.2_1 - INFO - Evaluate on the client1 neighbor set
2025-11-15 04:32:00 - 8_0.2_1 - INFO - => result | total 3,270 | correct 2,099 | acc 64.19% | err 35.81% | macro_f1 61.01%
2025-11-15 04:32:00 - 8_0.2_1 - INFO - Evaluate on the client2 local set
2025-11-15 04:32:03 - 8_0.2_1 - INFO - => result | total 389 | correct 309 | acc 79.43% | err 20.57% | macro_f1 87.06%
2025-11-15 04:32:03 - 8_0.2_1 - INFO - Evaluate on the client2 neighbor set
2025-11-15 04:32:26 - 8_0.2_1 - INFO - => result | total 3,280 | correct 2,106 | acc 64.21% | err 35.79% | macro_f1 59.33%
2025-11-15 04:32:26 - 8_0.2_1 - INFO - Evaluate on the client3 local set
2025-11-15 04:32:28 - 8_0.2_1 - INFO - => result | total 397 | correct 158 | acc 39.80% | err 60.20% | macro_f1 49.32%
2025-11-15 04:32:28 - 8_0.2_1 - INFO - Evaluate on the client3 neighbor set
2025-11-15 04:32:52 - 8_0.2_1 - INFO - => result | total 3,272 | correct 2,233 | acc 68.25% | err 31.75% | macro_f1 63.15%
2025-11-15 04:32:52 - 8_0.2_1 - INFO - Evaluate on the client4 local set
2025-11-15 04:32:55 - 8_0.2_1 - INFO - => result | total 386 | correct 269 | acc 69.69% | err 30.31% | macro_f1 69.38%
2025-11-15 04:32:55 - 8_0.2_1 - INFO - Evaluate on the client4 neighbor set
2025-11-15 04:33:18 - 8_0.2_1 - INFO - => result | total 3,283 | correct 2,114 | acc 64.39% | err 35.61% | macro_f1 60.07%
2025-11-15 04:33:18 - 8_0.2_1 - INFO - Evaluate on the client5 local set
2025-11-15 04:33:21 - 8_0.2_1 - INFO - => result | total 399 | correct 190 | acc 47.62% | err 52.38% | macro_f1 51.28%
2025-11-15 04:33:21 - 8_0.2_1 - INFO - Evaluate on the client5 neighbor set
2025-11-15 04:33:44 - 8_0.2_1 - INFO - => result | total 3,270 | correct 2,180 | acc 66.67% | err 33.33% | macro_f1 61.63%
2025-11-15 04:33:44 - 8_0.2_1 - INFO - Evaluate on the client6 local set
2025-11-15 04:33:47 - 8_0.2_1 - INFO - => result | total 400 | correct 229 | acc 57.25% | err 42.75% | macro_f1 59.62%
2025-11-15 04:33:47 - 8_0.2_1 - INFO - Evaluate on the client6 neighbor set
2025-11-15 04:34:10 - 8_0.2_1 - INFO - => result | total 3,269 | correct 2,136 | acc 65.34% | err 34.66% | macro_f1 62.38%
2025-11-15 04:34:10 - 8_0.2_1 - INFO - Evaluate on the client7 local set
2025-11-15 04:34:12 - 8_0.2_1 - INFO - => result | total 400 | correct 298 | acc 74.50% | err 25.50% | macro_f1 74.75%
2025-11-15 04:34:12 - 8_0.2_1 - INFO - Evaluate on the client7 neighbor set
2025-11-15 04:34:36 - 8_0.2_1 - INFO - => result | total 3,269 | correct 2,047 | acc 62.62% | err 37.38% | macro_f1 57.50%
2025-11-15 04:34:36 - 8_0.2_1 - INFO - Evaluate on the client8 local set
2025-11-15 04:34:39 - 8_0.2_1 - INFO - => result | total 400 | correct 382 | acc 95.50% | err 4.50% | macro_f1 97.65%
2025-11-15 04:34:39 - 8_0.2_1 - INFO - Evaluate on the client8 neighbor set
2025-11-15 04:35:02 - 8_0.2_1 - INFO - => result | total 3,269 | correct 1,962 | acc 60.02% | err 39.98% | macro_f1 56.15%
2025-11-15 04:35:02 - 8_0.2_1 - INFO - Evaluate on the client9 local set
2025-11-15 04:35:03 - 8_0.2_1 - INFO - => result | total 100 | correct 99 | acc 99.00% | err 1.00% | macro_f1 99.50%
2025-11-15 04:35:03 - 8_0.2_1 - INFO - Evaluate on the client9 neighbor set
2025-11-15 04:35:28 - 8_0.2_1 - INFO - => result | total 3,569 | correct 2,235 | acc 62.62% | err 37.38% | macro_f1 57.54%
2025-11-15 04:35:28 - 8_0.2_1 - INFO - Global test local acc: 67.91
2025-11-15 04:35:28 - 8_0.2_1 - INFO - Global test neighbor acc: 64.96
2025-11-15 04:35:28 - 8_0.2_1 - INFO - ------------local test finish-------------
2025-11-15 04:35:28 - 8_0.2_1 - INFO - [Epoch 47/50] 测试耗时: 260.13s
2025-11-15 04:35:33 - 8_0.2_1 - INFO - [Epoch 48/50] 训练耗时: 4.30s | 平均训练准确率: 60.00
2025-11-15 04:35:33 - 8_0.2_1 - INFO - ------------local test start-------------
2025-11-15 04:35:33 - 8_0.2_1 - INFO - Evaluate on the client0 local set
2025-11-15 04:35:35 - 8_0.2_1 - INFO - => result | total 399 | correct 121 | acc 30.33% | err 69.67% | macro_f1 39.86%
2025-11-15 04:35:35 - 8_0.2_1 - INFO - Evaluate on the client0 neighbor set
2025-11-15 04:35:58 - 8_0.2_1 - INFO - => result | total 3,270 | correct 2,345 | acc 71.71% | err 28.29% | macro_f1 67.35%
2025-11-15 04:35:58 - 8_0.2_1 - INFO - Evaluate on the client1 local set
2025-11-15 04:36:01 - 8_0.2_1 - INFO - => result | total 399 | correct 347 | acc 86.97% | err 13.03% | macro_f1 92.19%
2025-11-15 04:36:01 - 8_0.2_1 - INFO - Evaluate on the client1 neighbor set
2025-11-15 04:36:24 - 8_0.2_1 - INFO - => result | total 3,270 | correct 2,107 | acc 64.43% | err 35.57% | macro_f1 60.93%
2025-11-15 04:36:24 - 8_0.2_1 - INFO - Evaluate on the client2 local set
2025-11-15 04:36:27 - 8_0.2_1 - INFO - => result | total 389 | correct 311 | acc 79.95% | err 20.05% | macro_f1 87.60%
2025-11-15 04:36:27 - 8_0.2_1 - INFO - Evaluate on the client2 neighbor set
2025-11-15 04:36:50 - 8_0.2_1 - INFO - => result | total 3,280 | correct 2,131 | acc 64.97% | err 35.03% | macro_f1 59.85%
2025-11-15 04:36:50 - 8_0.2_1 - INFO - Evaluate on the client3 local set
2025-11-15 04:36:52 - 8_0.2_1 - INFO - => result | total 397 | correct 158 | acc 39.80% | err 60.20% | macro_f1 48.41%
2025-11-15 04:36:52 - 8_0.2_1 - INFO - Evaluate on the client3 neighbor set
2025-11-15 04:37:15 - 8_0.2_1 - INFO - => result | total 3,272 | correct 2,269 | acc 69.35% | err 30.65% | macro_f1 64.22%
2025-11-15 04:37:15 - 8_0.2_1 - INFO - Evaluate on the client4 local set
2025-11-15 04:37:18 - 8_0.2_1 - INFO - => result | total 386 | correct 271 | acc 70.21% | err 29.79% | macro_f1 69.26%
2025-11-15 04:37:18 - 8_0.2_1 - INFO - Evaluate on the client4 neighbor set
2025-11-15 04:37:40 - 8_0.2_1 - INFO - => result | total 3,283 | correct 2,147 | acc 65.40% | err 34.60% | macro_f1 61.14%
2025-11-15 04:37:40 - 8_0.2_1 - INFO - Evaluate on the client5 local set
2025-11-15 04:37:43 - 8_0.2_1 - INFO - => result | total 399 | correct 194 | acc 48.62% | err 51.38% | macro_f1 51.15%
2025-11-15 04:37:43 - 8_0.2_1 - INFO - Evaluate on the client5 neighbor set
2025-11-15 04:38:06 - 8_0.2_1 - INFO - => result | total 3,270 | correct 2,210 | acc 67.58% | err 32.42% | macro_f1 62.54%
2025-11-15 04:38:06 - 8_0.2_1 - INFO - Evaluate on the client6 local set
2025-11-15 04:38:09 - 8_0.2_1 - INFO - => result | total 400 | correct 232 | acc 58.00% | err 42.00% | macro_f1 60.37%
2025-11-15 04:38:09 - 8_0.2_1 - INFO - Evaluate on the client6 neighbor set
2025-11-15 04:38:32 - 8_0.2_1 - INFO - => result | total 3,269 | correct 2,171 | acc 66.41% | err 33.59% | macro_f1 63.45%
2025-11-15 04:38:32 - 8_0.2_1 - INFO - Evaluate on the client7 local set
2025-11-15 04:38:35 - 8_0.2_1 - INFO - => result | total 400 | correct 298 | acc 74.50% | err 25.50% | macro_f1 74.75%
2025-11-15 04:38:35 - 8_0.2_1 - INFO - Evaluate on the client7 neighbor set
2025-11-15 04:38:57 - 8_0.2_1 - INFO - => result | total 3,269 | correct 2,102 | acc 64.30% | err 35.70% | macro_f1 59.14%
2025-11-15 04:38:57 - 8_0.2_1 - INFO - Evaluate on the client8 local set
2025-11-15 04:39:00 - 8_0.2_1 - INFO - => result | total 400 | correct 383 | acc 95.75% | err 4.25% | macro_f1 97.79%
2025-11-15 04:39:00 - 8_0.2_1 - INFO - Evaluate on the client8 neighbor set
2025-11-15 04:39:23 - 8_0.2_1 - INFO - => result | total 3,269 | correct 2,013 | acc 61.58% | err 38.42% | macro_f1 57.45%
2025-11-15 04:39:23 - 8_0.2_1 - INFO - Evaluate on the client9 local set
2025-11-15 04:39:24 - 8_0.2_1 - INFO - => result | total 100 | correct 99 | acc 99.00% | err 1.00% | macro_f1 99.50%
2025-11-15 04:39:24 - 8_0.2_1 - INFO - Evaluate on the client9 neighbor set
2025-11-15 04:39:49 - 8_0.2_1 - INFO - => result | total 3,569 | correct 2,285 | acc 64.02% | err 35.98% | macro_f1 58.94%
2025-11-15 04:39:49 - 8_0.2_1 - INFO - Global test local acc: 68.31
2025-11-15 04:39:49 - 8_0.2_1 - INFO - Global test neighbor acc: 65.98
2025-11-15 04:39:49 - 8_0.2_1 - INFO - ------------local test finish-------------
2025-11-15 04:39:49 - 8_0.2_1 - INFO - [Epoch 48/50] 测试耗时: 256.03s
2025-11-15 04:39:53 - 8_0.2_1 - INFO - [Epoch 49/50] 训练耗时: 4.24s | 平均训练准确率: 62.97
2025-11-15 04:39:53 - 8_0.2_1 - INFO - ------------local test start-------------
2025-11-15 04:39:53 - 8_0.2_1 - INFO - Evaluate on the client0 local set
2025-11-15 04:39:56 - 8_0.2_1 - INFO - => result | total 399 | correct 142 | acc 35.59% | err 64.41% | macro_f1 46.08%
2025-11-15 04:39:56 - 8_0.2_1 - INFO - Evaluate on the client0 neighbor set
2025-11-15 04:40:19 - 8_0.2_1 - INFO - => result | total 3,270 | correct 2,394 | acc 73.21% | err 26.79% | macro_f1 69.20%
2025-11-15 04:40:19 - 8_0.2_1 - INFO - Evaluate on the client1 local set
2025-11-15 04:40:22 - 8_0.2_1 - INFO - => result | total 399 | correct 368 | acc 92.23% | err 7.77% | macro_f1 95.69%
2025-11-15 04:40:22 - 8_0.2_1 - INFO - Evaluate on the client1 neighbor set
2025-11-15 04:40:44 - 8_0.2_1 - INFO - => result | total 3,270 | correct 2,153 | acc 65.84% | err 34.16% | macro_f1 62.71%
2025-11-15 04:40:44 - 8_0.2_1 - INFO - Evaluate on the client2 local set
2025-11-15 04:40:47 - 8_0.2_1 - INFO - => result | total 389 | correct 319 | acc 82.01% | err 17.99% | macro_f1 89.06%
2025-11-15 04:40:47 - 8_0.2_1 - INFO - Evaluate on the client2 neighbor set
2025-11-15 04:41:10 - 8_0.2_1 - INFO - => result | total 3,280 | correct 2,186 | acc 66.65% | err 33.35% | macro_f1 61.81%
2025-11-15 04:41:10 - 8_0.2_1 - INFO - Evaluate on the client3 local set
2025-11-15 04:41:13 - 8_0.2_1 - INFO - => result | total 397 | correct 154 | acc 38.79% | err 61.21% | macro_f1 48.02%
2025-11-15 04:41:13 - 8_0.2_1 - INFO - Evaluate on the client3 neighbor set
2025-11-15 04:41:36 - 8_0.2_1 - INFO - => result | total 3,272 | correct 2,324 | acc 71.03% | err 28.97% | macro_f1 66.15%
2025-11-15 04:41:36 - 8_0.2_1 - INFO - Evaluate on the client4 local set
2025-11-15 04:41:39 - 8_0.2_1 - INFO - => result | total 386 | correct 272 | acc 70.47% | err 29.53% | macro_f1 68.79%
2025-11-15 04:41:39 - 8_0.2_1 - INFO - Evaluate on the client4 neighbor set
2025-11-15 04:42:02 - 8_0.2_1 - INFO - => result | total 3,283 | correct 2,200 | acc 67.01% | err 32.99% | macro_f1 63.04%
2025-11-15 04:42:02 - 8_0.2_1 - INFO - Evaluate on the client5 local set
2025-11-15 04:42:05 - 8_0.2_1 - INFO - => result | total 399 | correct 206 | acc 51.63% | err 48.37% | macro_f1 55.80%
2025-11-15 04:42:05 - 8_0.2_1 - INFO - Evaluate on the client5 neighbor set
2025-11-15 04:42:27 - 8_0.2_1 - INFO - => result | total 3,270 | correct 2,251 | acc 68.84% | err 31.16% | macro_f1 63.95%
2025-11-15 04:42:27 - 8_0.2_1 - INFO - Evaluate on the client6 local set
2025-11-15 04:42:30 - 8_0.2_1 - INFO - => result | total 400 | correct 246 | acc 61.50% | err 38.50% | macro_f1 64.33%
2025-11-15 04:42:30 - 8_0.2_1 - INFO - Evaluate on the client6 neighbor set
2025-11-15 04:42:53 - 8_0.2_1 - INFO - => result | total 3,269 | correct 2,211 | acc 67.64% | err 32.36% | macro_f1 65.12%
2025-11-15 04:42:53 - 8_0.2_1 - INFO - Evaluate on the client7 local set
2025-11-15 04:42:56 - 8_0.2_1 - INFO - => result | total 400 | correct 298 | acc 74.50% | err 25.50% | macro_f1 74.75%
2025-11-15 04:42:56 - 8_0.2_1 - INFO - Evaluate on the client7 neighbor set
2025-11-15 04:43:19 - 8_0.2_1 - INFO - => result | total 3,269 | correct 2,146 | acc 65.65% | err 34.35% | macro_f1 60.61%
2025-11-15 04:43:19 - 8_0.2_1 - INFO - Evaluate on the client8 local set
2025-11-15 04:43:22 - 8_0.2_1 - INFO - => result | total 400 | correct 384 | acc 96.00% | err 4.00% | macro_f1 97.93%
2025-11-15 04:43:22 - 8_0.2_1 - INFO - Evaluate on the client8 neighbor set
2025-11-15 04:43:45 - 8_0.2_1 - INFO - => result | total 3,269 | correct 2,046 | acc 62.59% | err 37.41% | macro_f1 58.44%
2025-11-15 04:43:45 - 8_0.2_1 - INFO - Evaluate on the client9 local set
2025-11-15 04:43:45 - 8_0.2_1 - INFO - => result | total 100 | correct 99 | acc 99.00% | err 1.00% | macro_f1 99.50%
2025-11-15 04:43:45 - 8_0.2_1 - INFO - Evaluate on the client9 neighbor set
2025-11-15 04:44:10 - 8_0.2_1 - INFO - => result | total 3,569 | correct 2,323 | acc 65.09% | err 34.91% | macro_f1 60.21%
2025-11-15 04:44:10 - 8_0.2_1 - INFO - Global test local acc: 70.17
2025-11-15 04:44:10 - 8_0.2_1 - INFO - Global test neighbor acc: 67.35
2025-11-15 04:44:10 - 8_0.2_1 - INFO - ------------local test finish-------------
2025-11-15 04:44:10 - 8_0.2_1 - INFO - [Epoch 49/50] 测试耗时: 257.35s
2025-11-15 04:44:10 - 8_0.2_1 - INFO - [RDP-sepfpl] 轮次 50: ε=0.008227, std=3.445335
2025-11-15 04:44:14 - 8_0.2_1 - INFO - [Epoch 50/50] 训练耗时: 4.16s | 平均训练准确率: 63.75
2025-11-15 04:44:14 - 8_0.2_1 - INFO - ------------local test start-------------
2025-11-15 04:44:14 - 8_0.2_1 - INFO - Evaluate on the client0 local set
2025-11-15 04:44:17 - 8_0.2_1 - INFO - => result | total 399 | correct 142 | acc 35.59% | err 64.41% | macro_f1 45.88%
2025-11-15 04:44:17 - 8_0.2_1 - INFO - Evaluate on the client0 neighbor set
2025-11-15 04:44:40 - 8_0.2_1 - INFO - => result | total 3,270 | correct 2,433 | acc 74.40% | err 25.60% | macro_f1 70.72%
2025-11-15 04:44:40 - 8_0.2_1 - INFO - Evaluate on the client1 local set
2025-11-15 04:44:43 - 8_0.2_1 - INFO - => result | total 399 | correct 372 | acc 93.23% | err 6.77% | macro_f1 96.27%
2025-11-15 04:44:43 - 8_0.2_1 - INFO - Evaluate on the client1 neighbor set
2025-11-15 04:45:06 - 8_0.2_1 - INFO - => result | total 3,270 | correct 2,175 | acc 66.51% | err 33.49% | macro_f1 63.67%
2025-11-15 04:45:06 - 8_0.2_1 - INFO - Evaluate on the client2 local set
2025-11-15 04:45:09 - 8_0.2_1 - INFO - => result | total 389 | correct 320 | acc 82.26% | err 17.74% | macro_f1 89.25%
2025-11-15 04:45:09 - 8_0.2_1 - INFO - Evaluate on the client2 neighbor set
2025-11-15 04:45:32 - 8_0.2_1 - INFO - => result | total 3,280 | correct 2,200 | acc 67.07% | err 32.93% | macro_f1 62.48%
2025-11-15 04:45:32 - 8_0.2_1 - INFO - Evaluate on the client3 local set
2025-11-15 04:45:34 - 8_0.2_1 - INFO - => result | total 397 | correct 158 | acc 39.80% | err 60.20% | macro_f1 50.22%
2025-11-15 04:45:34 - 8_0.2_1 - INFO - Evaluate on the client3 neighbor set
2025-11-15 04:45:57 - 8_0.2_1 - INFO - => result | total 3,272 | correct 2,352 | acc 71.88% | err 28.12% | macro_f1 67.31%
2025-11-15 04:45:57 - 8_0.2_1 - INFO - Evaluate on the client4 local set
2025-11-15 04:46:00 - 8_0.2_1 - INFO - => result | total 386 | correct 271 | acc 70.21% | err 29.79% | macro_f1 68.65%
2025-11-15 04:46:00 - 8_0.2_1 - INFO - Evaluate on the client4 neighbor set
2025-11-15 04:46:23 - 8_0.2_1 - INFO - => result | total 3,283 | correct 2,228 | acc 67.86% | err 32.14% | macro_f1 64.23%
2025-11-15 04:46:23 - 8_0.2_1 - INFO - Evaluate on the client5 local set
2025-11-15 04:46:26 - 8_0.2_1 - INFO - => result | total 399 | correct 208 | acc 52.13% | err 47.87% | macro_f1 57.39%
2025-11-15 04:46:26 - 8_0.2_1 - INFO - Evaluate on the client5 neighbor set
2025-11-15 04:46:48 - 8_0.2_1 - INFO - => result | total 3,270 | correct 2,274 | acc 69.54% | err 30.46% | macro_f1 64.65%
2025-11-15 04:46:48 - 8_0.2_1 - INFO - Evaluate on the client6 local set
2025-11-15 04:46:51 - 8_0.2_1 - INFO - => result | total 400 | correct 250 | acc 62.50% | err 37.50% | macro_f1 65.42%
2025-11-15 04:46:51 - 8_0.2_1 - INFO - Evaluate on the client6 neighbor set
2025-11-15 04:47:14 - 8_0.2_1 - INFO - => result | total 3,269 | correct 2,226 | acc 68.09% | err 31.91% | macro_f1 65.63%
2025-11-15 04:47:14 - 8_0.2_1 - INFO - Evaluate on the client7 local set
2025-11-15 04:47:17 - 8_0.2_1 - INFO - => result | total 400 | correct 298 | acc 74.50% | err 25.50% | macro_f1 74.75%
2025-11-15 04:47:17 - 8_0.2_1 - INFO - Evaluate on the client7 neighbor set
2025-11-15 04:47:40 - 8_0.2_1 - INFO - => result | total 3,269 | correct 2,159 | acc 66.04% | err 33.96% | macro_f1 61.22%
2025-11-15 04:47:40 - 8_0.2_1 - INFO - Evaluate on the client8 local set
2025-11-15 04:47:43 - 8_0.2_1 - INFO - => result | total 400 | correct 384 | acc 96.00% | err 4.00% | macro_f1 97.93%
2025-11-15 04:47:43 - 8_0.2_1 - INFO - Evaluate on the client8 neighbor set
2025-11-15 04:48:06 - 8_0.2_1 - INFO - => result | total 3,269 | correct 2,058 | acc 62.96% | err 37.04% | macro_f1 58.81%
2025-11-15 04:48:06 - 8_0.2_1 - INFO - Evaluate on the client9 local set
2025-11-15 04:48:07 - 8_0.2_1 - INFO - => result | total 100 | correct 99 | acc 99.00% | err 1.00% | macro_f1 99.50%
2025-11-15 04:48:07 - 8_0.2_1 - INFO - Evaluate on the client9 neighbor set
2025-11-15 04:48:32 - 8_0.2_1 - INFO - => result | total 3,569 | correct 2,329 | acc 65.26% | err 34.74% | macro_f1 60.41%
2025-11-15 04:48:32 - 8_0.2_1 - INFO - Global test local acc: 70.52
2025-11-15 04:48:32 - 8_0.2_1 - INFO - Global test neighbor acc: 67.96
2025-11-15 04:48:32 - 8_0.2_1 - INFO - ------------local test finish-------------
2025-11-15 04:48:32 - 8_0.2_1 - INFO - [Epoch 50/50] 测试耗时: 257.16s
2025-11-15 04:48:32 - 8_0.2_1 - INFO - maximum test local acc: 70.522
2025-11-15 04:48:32 - 8_0.2_1 - INFO - mean of local acc: 69.025
2025-11-15 04:48:32 - 8_0.2_1 - INFO - maximum test neighbor acc: 67.963
2025-11-15 04:48:32 - 8_0.2_1 - INFO - mean of neighbor acc: 66.373
