2025-11-15 16:49:07 - 8_0.2_1 - INFO - 日志文件已创建: logs/oxford_pets/sepfpl/8_0.2_1_20251115_164907.log
2025-11-15 16:49:07 - 8_0.2_1 - INFO - Loading trainer: DP_FPL
2025-11-15 16:49:07 - 8_0.2_1 - INFO - Loading dataset: OxfordPets
2025-11-15 16:49:07 - 8_0.2_1 - INFO - Reading split from /home/liuxin25/dataset/oxford_pets/split_zhou_OxfordPets.json
2025-11-15 16:49:07 - 8_0.2_1 - INFO - Creating a baseline federated dataset
2025-11-15 16:49:07 - 8_0.2_1 - INFO - class_num 37
2025-11-15 16:49:07 - 8_0.2_1 - INFO - user class dict total [18, 14, 23, 10]
2025-11-15 16:49:07 - 8_0.2_1 - INFO - idx: 0, output_dict_len: 320
2025-11-15 16:49:07 - 8_0.2_1 - INFO - user class dict total [8, 4, 13, 19]
2025-11-15 16:49:07 - 8_0.2_1 - INFO - idx: 1, output_dict_len: 320
2025-11-15 16:49:07 - 8_0.2_1 - INFO - user class dict total [12, 29, 34, 15]
2025-11-15 16:49:07 - 8_0.2_1 - INFO - idx: 2, output_dict_len: 317
2025-11-15 16:49:07 - 8_0.2_1 - INFO - user class dict total [2, 32, 1, 11]
2025-11-15 16:49:07 - 8_0.2_1 - INFO - idx: 3, output_dict_len: 313
2025-11-15 16:49:07 - 8_0.2_1 - INFO - user class dict total [31, 0, 35, 7]
2025-11-15 16:49:07 - 8_0.2_1 - INFO - idx: 4, output_dict_len: 317
2025-11-15 16:49:07 - 8_0.2_1 - INFO - user class dict total [5, 27, 16, 30]
2025-11-15 16:49:07 - 8_0.2_1 - INFO - idx: 5, output_dict_len: 320
2025-11-15 16:49:07 - 8_0.2_1 - INFO - user class dict total [17, 22, 26, 9]
2025-11-15 16:49:07 - 8_0.2_1 - INFO - idx: 6, output_dict_len: 317
2025-11-15 16:49:07 - 8_0.2_1 - INFO - user class dict total [33, 3, 25, 6]
2025-11-15 16:49:07 - 8_0.2_1 - INFO - idx: 7, output_dict_len: 320
2025-11-15 16:49:07 - 8_0.2_1 - INFO - user class dict total [21, 20, 36, 28]
2025-11-15 16:49:07 - 8_0.2_1 - INFO - idx: 8, output_dict_len: 320
2025-11-15 16:49:07 - 8_0.2_1 - INFO - user class dict total [24]
2025-11-15 16:49:07 - 8_0.2_1 - INFO - idx: 9, output_dict_len: 80
2025-11-15 16:49:07 - 8_0.2_1 - INFO - Creating a baseline federated dataset
2025-11-15 16:49:07 - 8_0.2_1 - INFO - class_num 37
2025-11-15 16:49:07 - 8_0.2_1 - INFO - user class dict total [18, 14, 23, 10]
2025-11-15 16:49:07 - 8_0.2_1 - INFO - idx: 0, output_dict_len: 399
2025-11-15 16:49:07 - 8_0.2_1 - INFO - user class dict total [8, 4, 13, 19]
2025-11-15 16:49:07 - 8_0.2_1 - INFO - idx: 1, output_dict_len: 399
2025-11-15 16:49:07 - 8_0.2_1 - INFO - user class dict total [12, 29, 34, 15]
2025-11-15 16:49:07 - 8_0.2_1 - INFO - idx: 2, output_dict_len: 389
2025-11-15 16:49:07 - 8_0.2_1 - INFO - user class dict total [2, 32, 1, 11]
2025-11-15 16:49:07 - 8_0.2_1 - INFO - idx: 3, output_dict_len: 397
2025-11-15 16:49:07 - 8_0.2_1 - INFO - user class dict total [31, 0, 35, 7]
2025-11-15 16:49:07 - 8_0.2_1 - INFO - idx: 4, output_dict_len: 386
2025-11-15 16:49:07 - 8_0.2_1 - INFO - user class dict total [5, 27, 16, 30]
2025-11-15 16:49:07 - 8_0.2_1 - INFO - idx: 5, output_dict_len: 399
2025-11-15 16:49:07 - 8_0.2_1 - INFO - user class dict total [17, 22, 26, 9]
2025-11-15 16:49:07 - 8_0.2_1 - INFO - idx: 6, output_dict_len: 400
2025-11-15 16:49:07 - 8_0.2_1 - INFO - user class dict total [33, 3, 25, 6]
2025-11-15 16:49:07 - 8_0.2_1 - INFO - idx: 7, output_dict_len: 400
2025-11-15 16:49:07 - 8_0.2_1 - INFO - user class dict total [21, 20, 36, 28]
2025-11-15 16:49:07 - 8_0.2_1 - INFO - idx: 8, output_dict_len: 400
2025-11-15 16:49:07 - 8_0.2_1 - INFO - user class dict total [24]
2025-11-15 16:49:07 - 8_0.2_1 - INFO - idx: 9, output_dict_len: 100
2025-11-15 16:49:07 - 8_0.2_1 - INFO - Loading CLIP (backbone: ViT-B/16)
2025-11-15 16:49:09 - 8_0.2_1 - INFO - Building custom CLIP
2025-11-15 16:49:09 - 8_0.2_1 - INFO - Turning off gradients in both the image and the text encoder
2025-11-15 16:49:09 - 8_0.2_1 - INFO - [RDP-sepfpl] 轮次 1: ε=0.000321, std=17.445927
2025-11-15 16:49:15 - 8_0.2_1 - INFO - [Epoch 1/30] 训练耗时: 6.11s | 平均训练准确率: 55.16
2025-11-15 16:49:20 - 8_0.2_1 - INFO - [Epoch 2/30] 训练耗时: 4.76s | 平均训练准确率: 37.66
2025-11-15 16:49:25 - 8_0.2_1 - INFO - [Epoch 3/30] 训练耗时: 4.80s | 平均训练准确率: 40.31
2025-11-15 16:49:30 - 8_0.2_1 - INFO - [Epoch 4/30] 训练耗时: 4.82s | 平均训练准确率: 49.38
2025-11-15 16:49:35 - 8_0.2_1 - INFO - [Epoch 5/30] 训练耗时: 4.78s | 平均训练准确率: 50.62
2025-11-15 16:49:39 - 8_0.2_1 - INFO - [Epoch 6/30] 训练耗时: 4.77s | 平均训练准确率: 50.62
2025-11-15 16:49:44 - 8_0.2_1 - INFO - [Epoch 7/30] 训练耗时: 4.82s | 平均训练准确率: 56.25
2025-11-15 16:49:49 - 8_0.2_1 - INFO - [Epoch 8/30] 训练耗时: 4.74s | 平均训练准确率: 57.50
2025-11-15 16:49:54 - 8_0.2_1 - INFO - [Epoch 9/30] 训练耗时: 4.73s | 平均训练准确率: 58.75
2025-11-15 16:49:54 - 8_0.2_1 - INFO - [RDP-sepfpl] 轮次 10: ε=0.004039, std=4.916930
2025-11-15 16:49:58 - 8_0.2_1 - INFO - [Epoch 10/30] 训练耗时: 4.79s | 平均训练准确率: 63.91
2025-11-15 16:50:03 - 8_0.2_1 - INFO - [Epoch 11/30] 训练耗时: 4.82s | 平均训练准确率: 62.66
2025-11-15 16:50:08 - 8_0.2_1 - INFO - [Epoch 12/30] 训练耗时: 4.77s | 平均训练准确率: 57.03
2025-11-15 16:50:13 - 8_0.2_1 - INFO - [Epoch 13/30] 训练耗时: 4.76s | 平均训练准确率: 56.56
2025-11-15 16:50:18 - 8_0.2_1 - INFO - [Epoch 14/30] 训练耗时: 4.76s | 平均训练准确率: 60.47
2025-11-15 16:50:22 - 8_0.2_1 - INFO - [Epoch 15/30] 训练耗时: 4.74s | 平均训练准确率: 67.19
2025-11-15 16:50:27 - 8_0.2_1 - INFO - [Epoch 16/30] 训练耗时: 4.79s | 平均训练准确率: 67.66
2025-11-15 16:50:32 - 8_0.2_1 - INFO - [Epoch 17/30] 训练耗时: 4.75s | 平均训练准确率: 70.47
2025-11-15 16:50:37 - 8_0.2_1 - INFO - [Epoch 18/30] 训练耗时: 4.81s | 平均训练准确率: 72.34
2025-11-15 16:50:41 - 8_0.2_1 - INFO - [Epoch 19/30] 训练耗时: 4.75s | 平均训练准确率: 67.81
2025-11-15 16:50:41 - 8_0.2_1 - INFO - [RDP-sepfpl] 轮次 20: ε=0.008659, std=3.358362
2025-11-15 16:50:46 - 8_0.2_1 - INFO - [Epoch 20/30] 训练耗时: 4.78s | 平均训练准确率: 68.12
2025-11-15 16:50:51 - 8_0.2_1 - INFO - [Epoch 21/30] 训练耗时: 4.80s | 平均训练准确率: 72.97
2025-11-15 16:50:56 - 8_0.2_1 - INFO - [Epoch 22/30] 训练耗时: 4.80s | 平均训练准确率: 70.47
2025-11-15 16:51:01 - 8_0.2_1 - INFO - [Epoch 23/30] 训练耗时: 4.80s | 平均训练准确率: 72.81
2025-11-15 16:51:05 - 8_0.2_1 - INFO - [Epoch 24/30] 训练耗时: 4.79s | 平均训练准确率: 71.56
2025-11-15 16:51:10 - 8_0.2_1 - INFO - [Epoch 25/30] 训练耗时: 4.80s | 平均训练准确率: 74.69
2025-11-15 16:51:15 - 8_0.2_1 - INFO - [Epoch 26/30] 训练耗时: 4.74s | 平均训练准确率: 74.06
2025-11-15 16:51:20 - 8_0.2_1 - INFO - [Epoch 27/30] 训练耗时: 4.82s | 平均训练准确率: 73.59
2025-11-15 16:51:25 - 8_0.2_1 - INFO - [Epoch 28/30] 训练耗时: 4.77s | 平均训练准确率: 76.09
2025-11-15 16:51:25 - 8_0.2_1 - INFO - ------------local test start-------------
2025-11-15 16:51:25 - 8_0.2_1 - INFO - Evaluate on the client0 local set
2025-11-15 16:51:28 - 8_0.2_1 - INFO - => result | total 399 | correct 179 | acc 44.86% | err 55.14% | macro_f1 49.76%
2025-11-15 16:51:28 - 8_0.2_1 - INFO - Evaluate on the client0 neighbor set
2025-11-15 16:51:51 - 8_0.2_1 - INFO - => result | total 3,270 | correct 2,625 | acc 80.28% | err 19.72% | macro_f1 76.54%
2025-11-15 16:51:51 - 8_0.2_1 - INFO - Evaluate on the client1 local set
2025-11-15 16:51:54 - 8_0.2_1 - INFO - => result | total 399 | correct 384 | acc 96.24% | err 3.76% | macro_f1 97.93%
2025-11-15 16:51:54 - 8_0.2_1 - INFO - Evaluate on the client1 neighbor set
2025-11-15 16:52:17 - 8_0.2_1 - INFO - => result | total 3,270 | correct 2,431 | acc 74.34% | err 25.66% | macro_f1 71.02%
2025-11-15 16:52:17 - 8_0.2_1 - INFO - Evaluate on the client2 local set
2025-11-15 16:52:20 - 8_0.2_1 - INFO - => result | total 389 | correct 321 | acc 82.52% | err 17.48% | macro_f1 88.59%
2025-11-15 16:52:20 - 8_0.2_1 - INFO - Evaluate on the client2 neighbor set
2025-11-15 16:52:43 - 8_0.2_1 - INFO - => result | total 3,280 | correct 2,529 | acc 77.10% | err 22.90% | macro_f1 72.85%
2025-11-15 16:52:43 - 8_0.2_1 - INFO - Evaluate on the client3 local set
2025-11-15 16:52:46 - 8_0.2_1 - INFO - => result | total 397 | correct 341 | acc 85.89% | err 14.11% | macro_f1 91.06%
2025-11-15 16:52:46 - 8_0.2_1 - INFO - Evaluate on the client3 neighbor set
2025-11-15 16:53:09 - 8_0.2_1 - INFO - => result | total 3,272 | correct 2,480 | acc 75.79% | err 24.21% | macro_f1 73.03%
2025-11-15 16:53:09 - 8_0.2_1 - INFO - Evaluate on the client4 local set
2025-11-15 16:53:12 - 8_0.2_1 - INFO - => result | total 386 | correct 270 | acc 69.95% | err 30.05% | macro_f1 68.81%
2025-11-15 16:53:12 - 8_0.2_1 - INFO - Evaluate on the client4 neighbor set
2025-11-15 16:53:35 - 8_0.2_1 - INFO - => result | total 3,283 | correct 2,551 | acc 77.70% | err 22.30% | macro_f1 74.15%
2025-11-15 16:53:35 - 8_0.2_1 - INFO - Evaluate on the client5 local set
2025-11-15 16:53:38 - 8_0.2_1 - INFO - => result | total 399 | correct 280 | acc 70.18% | err 29.82% | macro_f1 72.38%
2025-11-15 16:53:38 - 8_0.2_1 - INFO - Evaluate on the client5 neighbor set
2025-11-15 16:54:01 - 8_0.2_1 - INFO - => result | total 3,270 | correct 2,564 | acc 78.41% | err 21.59% | macro_f1 75.06%
2025-11-15 16:54:01 - 8_0.2_1 - INFO - Evaluate on the client6 local set
2025-11-15 16:54:04 - 8_0.2_1 - INFO - => result | total 400 | correct 254 | acc 63.50% | err 36.50% | macro_f1 68.28%
2025-11-15 16:54:04 - 8_0.2_1 - INFO - Evaluate on the client6 neighbor set
2025-11-15 16:54:28 - 8_0.2_1 - INFO - => result | total 3,269 | correct 2,537 | acc 77.61% | err 22.39% | macro_f1 75.03%
2025-11-15 16:54:28 - 8_0.2_1 - INFO - Evaluate on the client7 local set
2025-11-15 16:54:30 - 8_0.2_1 - INFO - => result | total 400 | correct 296 | acc 74.00% | err 26.00% | macro_f1 74.49%
2025-11-15 16:54:30 - 8_0.2_1 - INFO - Evaluate on the client7 neighbor set
2025-11-15 16:54:54 - 8_0.2_1 - INFO - => result | total 3,269 | correct 2,539 | acc 77.67% | err 22.33% | macro_f1 74.58%
2025-11-15 16:54:54 - 8_0.2_1 - INFO - Evaluate on the client8 local set
2025-11-15 16:54:56 - 8_0.2_1 - INFO - => result | total 400 | correct 380 | acc 95.00% | err 5.00% | macro_f1 97.42%
2025-11-15 16:54:56 - 8_0.2_1 - INFO - Evaluate on the client8 neighbor set
2025-11-15 16:55:20 - 8_0.2_1 - INFO - => result | total 3,269 | correct 2,448 | acc 74.89% | err 25.11% | macro_f1 71.70%
2025-11-15 16:55:20 - 8_0.2_1 - INFO - Evaluate on the client9 local set
2025-11-15 16:55:20 - 8_0.2_1 - INFO - => result | total 100 | correct 99 | acc 99.00% | err 1.00% | macro_f1 99.50%
2025-11-15 16:55:20 - 8_0.2_1 - INFO - Evaluate on the client9 neighbor set
2025-11-15 16:55:46 - 8_0.2_1 - INFO - => result | total 3,569 | correct 2,712 | acc 75.99% | err 24.01% | macro_f1 72.74%
2025-11-15 16:55:46 - 8_0.2_1 - INFO - Global test local acc: 78.11
2025-11-15 16:55:46 - 8_0.2_1 - INFO - Global test neighbor acc: 76.98
2025-11-15 16:55:46 - 8_0.2_1 - INFO - ------------local test finish-------------
2025-11-15 16:55:46 - 8_0.2_1 - INFO - [Epoch 28/30] 测试耗时: 261.30s
2025-11-15 16:55:51 - 8_0.2_1 - INFO - [Epoch 29/30] 训练耗时: 4.79s | 平均训练准确率: 75.94
2025-11-15 16:55:51 - 8_0.2_1 - INFO - ------------local test start-------------
2025-11-15 16:55:51 - 8_0.2_1 - INFO - Evaluate on the client0 local set
2025-11-15 16:55:54 - 8_0.2_1 - INFO - => result | total 399 | correct 201 | acc 50.38% | err 49.62% | macro_f1 57.32%
2025-11-15 16:55:54 - 8_0.2_1 - INFO - Evaluate on the client0 neighbor set
2025-11-15 16:56:17 - 8_0.2_1 - INFO - => result | total 3,270 | correct 2,598 | acc 79.45% | err 20.55% | macro_f1 75.79%
2025-11-15 16:56:17 - 8_0.2_1 - INFO - Evaluate on the client1 local set
2025-11-15 16:56:20 - 8_0.2_1 - INFO - => result | total 399 | correct 378 | acc 94.74% | err 5.26% | macro_f1 97.13%
2025-11-15 16:56:20 - 8_0.2_1 - INFO - Evaluate on the client1 neighbor set
2025-11-15 16:56:43 - 8_0.2_1 - INFO - => result | total 3,270 | correct 2,432 | acc 74.37% | err 25.63% | macro_f1 71.35%
2025-11-15 16:56:43 - 8_0.2_1 - INFO - Evaluate on the client2 local set
2025-11-15 16:56:46 - 8_0.2_1 - INFO - => result | total 389 | correct 316 | acc 81.23% | err 18.77% | macro_f1 87.70%
2025-11-15 16:56:46 - 8_0.2_1 - INFO - Evaluate on the client2 neighbor set
2025-11-15 16:57:09 - 8_0.2_1 - INFO - => result | total 3,280 | correct 2,529 | acc 77.10% | err 22.90% | macro_f1 73.21%
2025-11-15 16:57:09 - 8_0.2_1 - INFO - Evaluate on the client3 local set
2025-11-15 16:57:12 - 8_0.2_1 - INFO - => result | total 397 | correct 345 | acc 86.90% | err 13.10% | macro_f1 91.64%
2025-11-15 16:57:12 - 8_0.2_1 - INFO - Evaluate on the client3 neighbor set
2025-11-15 16:57:36 - 8_0.2_1 - INFO - => result | total 3,272 | correct 2,464 | acc 75.31% | err 24.69% | macro_f1 72.95%
2025-11-15 16:57:36 - 8_0.2_1 - INFO - Evaluate on the client4 local set
2025-11-15 16:57:38 - 8_0.2_1 - INFO - => result | total 386 | correct 265 | acc 68.65% | err 31.35% | macro_f1 69.70%
2025-11-15 16:57:38 - 8_0.2_1 - INFO - Evaluate on the client4 neighbor set
2025-11-15 16:58:02 - 8_0.2_1 - INFO - => result | total 3,283 | correct 2,540 | acc 77.37% | err 22.63% | macro_f1 74.01%
2025-11-15 16:58:02 - 8_0.2_1 - INFO - Evaluate on the client5 local set
2025-11-15 16:58:05 - 8_0.2_1 - INFO - => result | total 399 | correct 277 | acc 69.42% | err 30.58% | macro_f1 71.94%
2025-11-15 16:58:05 - 8_0.2_1 - INFO - Evaluate on the client5 neighbor set
2025-11-15 16:58:28 - 8_0.2_1 - INFO - => result | total 3,270 | correct 2,561 | acc 78.32% | err 21.68% | macro_f1 75.11%
2025-11-15 16:58:28 - 8_0.2_1 - INFO - Evaluate on the client6 local set
2025-11-15 16:58:31 - 8_0.2_1 - INFO - => result | total 400 | correct 250 | acc 62.50% | err 37.50% | macro_f1 66.66%
2025-11-15 16:58:31 - 8_0.2_1 - INFO - Evaluate on the client6 neighbor set
2025-11-15 16:58:55 - 8_0.2_1 - INFO - => result | total 3,269 | correct 2,525 | acc 77.24% | err 22.76% | macro_f1 75.31%
2025-11-15 16:58:55 - 8_0.2_1 - INFO - Evaluate on the client7 local set
2025-11-15 16:58:57 - 8_0.2_1 - INFO - => result | total 400 | correct 297 | acc 74.25% | err 25.75% | macro_f1 74.62%
2025-11-15 16:58:57 - 8_0.2_1 - INFO - Evaluate on the client7 neighbor set
2025-11-15 16:59:21 - 8_0.2_1 - INFO - => result | total 3,269 | correct 2,537 | acc 77.61% | err 22.39% | macro_f1 74.92%
2025-11-15 16:59:21 - 8_0.2_1 - INFO - Evaluate on the client8 local set
2025-11-15 16:59:24 - 8_0.2_1 - INFO - => result | total 400 | correct 382 | acc 95.50% | err 4.50% | macro_f1 97.69%
2025-11-15 16:59:24 - 8_0.2_1 - INFO - Evaluate on the client8 neighbor set
2025-11-15 16:59:47 - 8_0.2_1 - INFO - => result | total 3,269 | correct 2,429 | acc 74.30% | err 25.70% | macro_f1 71.50%
2025-11-15 16:59:47 - 8_0.2_1 - INFO - Evaluate on the client9 local set
2025-11-15 16:59:48 - 8_0.2_1 - INFO - => result | total 100 | correct 99 | acc 99.00% | err 1.00% | macro_f1 99.50%
2025-11-15 16:59:48 - 8_0.2_1 - INFO - Evaluate on the client9 neighbor set
2025-11-15 17:00:13 - 8_0.2_1 - INFO - => result | total 3,569 | correct 2,721 | acc 76.24% | err 23.76% | macro_f1 73.25%
2025-11-15 17:00:13 - 8_0.2_1 - INFO - Global test local acc: 78.26
2025-11-15 17:00:13 - 8_0.2_1 - INFO - Global test neighbor acc: 76.73
2025-11-15 17:00:13 - 8_0.2_1 - INFO - ------------local test finish-------------
2025-11-15 17:00:13 - 8_0.2_1 - INFO - [Epoch 29/30] 测试耗时: 262.63s
2025-11-15 17:00:13 - 8_0.2_1 - INFO - [RDP-sepfpl] 轮次 30: ε=0.013525, std=2.687060
2025-11-15 17:00:18 - 8_0.2_1 - INFO - [Epoch 30/30] 训练耗时: 4.41s | 平均训练准确率: 75.16
2025-11-15 17:00:18 - 8_0.2_1 - INFO - ------------local test start-------------
2025-11-15 17:00:18 - 8_0.2_1 - INFO - Evaluate on the client0 local set
2025-11-15 17:00:21 - 8_0.2_1 - INFO - => result | total 399 | correct 199 | acc 49.87% | err 50.13% | macro_f1 57.05%
2025-11-15 17:00:21 - 8_0.2_1 - INFO - Evaluate on the client0 neighbor set
2025-11-15 17:00:44 - 8_0.2_1 - INFO - => result | total 3,270 | correct 2,631 | acc 80.46% | err 19.54% | macro_f1 77.00%
2025-11-15 17:00:44 - 8_0.2_1 - INFO - Evaluate on the client1 local set
2025-11-15 17:00:47 - 8_0.2_1 - INFO - => result | total 399 | correct 375 | acc 93.98% | err 6.02% | macro_f1 96.71%
2025-11-15 17:00:47 - 8_0.2_1 - INFO - Evaluate on the client1 neighbor set
2025-11-15 17:01:11 - 8_0.2_1 - INFO - => result | total 3,270 | correct 2,478 | acc 75.78% | err 24.22% | macro_f1 73.05%
2025-11-15 17:01:11 - 8_0.2_1 - INFO - Evaluate on the client2 local set
2025-11-15 17:01:14 - 8_0.2_1 - INFO - => result | total 389 | correct 316 | acc 81.23% | err 18.77% | macro_f1 87.92%
2025-11-15 17:01:14 - 8_0.2_1 - INFO - Evaluate on the client2 neighbor set
2025-11-15 17:01:39 - 8_0.2_1 - INFO - => result | total 3,280 | correct 2,563 | acc 78.14% | err 21.86% | macro_f1 74.60%
2025-11-15 17:01:39 - 8_0.2_1 - INFO - Evaluate on the client3 local set
2025-11-15 17:01:41 - 8_0.2_1 - INFO - => result | total 397 | correct 339 | acc 85.39% | err 14.61% | macro_f1 90.84%
2025-11-15 17:01:41 - 8_0.2_1 - INFO - Evaluate on the client3 neighbor set
2025-11-15 17:02:06 - 8_0.2_1 - INFO - => result | total 3,272 | correct 2,514 | acc 76.83% | err 23.17% | macro_f1 74.69%
2025-11-15 17:02:06 - 8_0.2_1 - INFO - Evaluate on the client4 local set
2025-11-15 17:02:08 - 8_0.2_1 - INFO - => result | total 386 | correct 270 | acc 69.95% | err 30.05% | macro_f1 70.46%
2025-11-15 17:02:08 - 8_0.2_1 - INFO - Evaluate on the client4 neighbor set
2025-11-15 17:02:32 - 8_0.2_1 - INFO - => result | total 3,283 | correct 2,599 | acc 79.17% | err 20.83% | macro_f1 76.40%
2025-11-15 17:02:33 - 8_0.2_1 - INFO - Evaluate on the client5 local set
2025-11-15 17:02:35 - 8_0.2_1 - INFO - => result | total 399 | correct 270 | acc 67.67% | err 32.33% | macro_f1 70.92%
2025-11-15 17:02:35 - 8_0.2_1 - INFO - Evaluate on the client5 neighbor set
2025-11-15 17:02:59 - 8_0.2_1 - INFO - => result | total 3,270 | correct 2,621 | acc 80.15% | err 19.85% | macro_f1 77.24%
2025-11-15 17:02:59 - 8_0.2_1 - INFO - Evaluate on the client6 local set
2025-11-15 17:03:02 - 8_0.2_1 - INFO - => result | total 400 | correct 272 | acc 68.00% | err 32.00% | macro_f1 73.74%
2025-11-15 17:03:02 - 8_0.2_1 - INFO - Evaluate on the client6 neighbor set
2025-11-15 17:03:26 - 8_0.2_1 - INFO - => result | total 3,269 | correct 2,561 | acc 78.34% | err 21.66% | macro_f1 76.74%
2025-11-15 17:03:26 - 8_0.2_1 - INFO - Evaluate on the client7 local set
2025-11-15 17:03:29 - 8_0.2_1 - INFO - => result | total 400 | correct 296 | acc 74.00% | err 26.00% | macro_f1 74.50%
2025-11-15 17:03:29 - 8_0.2_1 - INFO - Evaluate on the client7 neighbor set
2025-11-15 17:03:53 - 8_0.2_1 - INFO - => result | total 3,269 | correct 2,583 | acc 79.01% | err 20.99% | macro_f1 76.44%
2025-11-15 17:03:53 - 8_0.2_1 - INFO - Evaluate on the client8 local set
2025-11-15 17:03:56 - 8_0.2_1 - INFO - => result | total 400 | correct 384 | acc 96.00% | err 4.00% | macro_f1 97.96%
2025-11-15 17:03:56 - 8_0.2_1 - INFO - Evaluate on the client8 neighbor set
2025-11-15 17:04:20 - 8_0.2_1 - INFO - => result | total 3,269 | correct 2,486 | acc 76.05% | err 23.95% | macro_f1 73.33%
2025-11-15 17:04:20 - 8_0.2_1 - INFO - Evaluate on the client9 local set
2025-11-15 17:04:20 - 8_0.2_1 - INFO - => result | total 100 | correct 99 | acc 99.00% | err 1.00% | macro_f1 99.50%
2025-11-15 17:04:20 - 8_0.2_1 - INFO - Evaluate on the client9 neighbor set
2025-11-15 17:04:46 - 8_0.2_1 - INFO - => result | total 3,569 | correct 2,762 | acc 77.39% | err 22.61% | macro_f1 74.26%
2025-11-15 17:04:46 - 8_0.2_1 - INFO - Global test local acc: 78.51
2025-11-15 17:04:46 - 8_0.2_1 - INFO - Global test neighbor acc: 78.13
2025-11-15 17:04:46 - 8_0.2_1 - INFO - ------------local test finish-------------
2025-11-15 17:04:46 - 8_0.2_1 - INFO - [Epoch 30/30] 测试耗时: 268.60s
2025-11-15 17:04:46 - 8_0.2_1 - INFO - maximum test local acc: 78.510
2025-11-15 17:04:46 - 8_0.2_1 - INFO - mean of local acc: 78.294
2025-11-15 17:04:46 - 8_0.2_1 - INFO - maximum test neighbor acc: 78.132
2025-11-15 17:04:46 - 8_0.2_1 - INFO - mean of neighbor acc: 77.280
