2025-11-13 15:22:54 - 8_0.4_1 - INFO - 日志文件已创建: logs/oxford_pets/dpfpl/8_0.4_1_20251113_152254.log
2025-11-13 15:22:54 - 8_0.4_1 - INFO - Loading trainer: DP_FPL
2025-11-13 15:22:54 - 8_0.4_1 - INFO - Loading dataset: OxfordPets
2025-11-13 15:22:54 - 8_0.4_1 - INFO - Reading split from /home/liuxin25/dataset/oxford_pets/split_zhou_OxfordPets.json
2025-11-13 15:22:54 - 8_0.4_1 - INFO - Creating a baseline federated dataset
2025-11-13 15:22:54 - 8_0.4_1 - INFO - class_num 37
2025-11-13 15:22:54 - 8_0.4_1 - INFO - user class dict total [18, 14, 23, 10]
2025-11-13 15:22:54 - 8_0.4_1 - INFO - idx: 0, output_dict_len: 320
2025-11-13 15:22:54 - 8_0.4_1 - INFO - user class dict total [8, 4, 13, 19]
2025-11-13 15:22:54 - 8_0.4_1 - INFO - idx: 1, output_dict_len: 320
2025-11-13 15:22:54 - 8_0.4_1 - INFO - user class dict total [12, 29, 34, 15]
2025-11-13 15:22:54 - 8_0.4_1 - INFO - idx: 2, output_dict_len: 317
2025-11-13 15:22:54 - 8_0.4_1 - INFO - user class dict total [2, 32, 1, 11]
2025-11-13 15:22:54 - 8_0.4_1 - INFO - idx: 3, output_dict_len: 313
2025-11-13 15:22:54 - 8_0.4_1 - INFO - user class dict total [31, 0, 35, 7]
2025-11-13 15:22:54 - 8_0.4_1 - INFO - idx: 4, output_dict_len: 317
2025-11-13 15:22:54 - 8_0.4_1 - INFO - user class dict total [5, 27, 16, 30]
2025-11-13 15:22:54 - 8_0.4_1 - INFO - idx: 5, output_dict_len: 320
2025-11-13 15:22:54 - 8_0.4_1 - INFO - user class dict total [17, 22, 26, 9]
2025-11-13 15:22:54 - 8_0.4_1 - INFO - idx: 6, output_dict_len: 317
2025-11-13 15:22:54 - 8_0.4_1 - INFO - user class dict total [33, 3, 25, 6]
2025-11-13 15:22:54 - 8_0.4_1 - INFO - idx: 7, output_dict_len: 320
2025-11-13 15:22:54 - 8_0.4_1 - INFO - user class dict total [21, 20, 36, 28]
2025-11-13 15:22:54 - 8_0.4_1 - INFO - idx: 8, output_dict_len: 320
2025-11-13 15:22:54 - 8_0.4_1 - INFO - user class dict total [24]
2025-11-13 15:22:54 - 8_0.4_1 - INFO - idx: 9, output_dict_len: 80
2025-11-13 15:22:54 - 8_0.4_1 - INFO - Creating a baseline federated dataset
2025-11-13 15:22:54 - 8_0.4_1 - INFO - class_num 37
2025-11-13 15:22:54 - 8_0.4_1 - INFO - user class dict total [18, 14, 23, 10]
2025-11-13 15:22:54 - 8_0.4_1 - INFO - idx: 0, output_dict_len: 399
2025-11-13 15:22:54 - 8_0.4_1 - INFO - user class dict total [8, 4, 13, 19]
2025-11-13 15:22:54 - 8_0.4_1 - INFO - idx: 1, output_dict_len: 399
2025-11-13 15:22:54 - 8_0.4_1 - INFO - user class dict total [12, 29, 34, 15]
2025-11-13 15:22:54 - 8_0.4_1 - INFO - idx: 2, output_dict_len: 389
2025-11-13 15:22:54 - 8_0.4_1 - INFO - user class dict total [2, 32, 1, 11]
2025-11-13 15:22:54 - 8_0.4_1 - INFO - idx: 3, output_dict_len: 397
2025-11-13 15:22:54 - 8_0.4_1 - INFO - user class dict total [31, 0, 35, 7]
2025-11-13 15:22:54 - 8_0.4_1 - INFO - idx: 4, output_dict_len: 386
2025-11-13 15:22:54 - 8_0.4_1 - INFO - user class dict total [5, 27, 16, 30]
2025-11-13 15:22:54 - 8_0.4_1 - INFO - idx: 5, output_dict_len: 399
2025-11-13 15:22:54 - 8_0.4_1 - INFO - user class dict total [17, 22, 26, 9]
2025-11-13 15:22:54 - 8_0.4_1 - INFO - idx: 6, output_dict_len: 400
2025-11-13 15:22:54 - 8_0.4_1 - INFO - user class dict total [33, 3, 25, 6]
2025-11-13 15:22:54 - 8_0.4_1 - INFO - idx: 7, output_dict_len: 400
2025-11-13 15:22:54 - 8_0.4_1 - INFO - user class dict total [21, 20, 36, 28]
2025-11-13 15:22:54 - 8_0.4_1 - INFO - idx: 8, output_dict_len: 400
2025-11-13 15:22:54 - 8_0.4_1 - INFO - user class dict total [24]
2025-11-13 15:22:54 - 8_0.4_1 - INFO - idx: 9, output_dict_len: 100
2025-11-13 15:22:54 - 8_0.4_1 - INFO - Loading CLIP (backbone: ViT-B/16)
2025-11-13 15:22:56 - 8_0.4_1 - INFO - Building custom CLIP
2025-11-13 15:22:56 - 8_0.4_1 - INFO - Turning off gradients in both the image and the text encoder
2025-11-13 15:23:01 - 8_0.4_1 - INFO - [Epoch 1/30] 训练耗时: 5.54s | 平均训练准确率: 51.41
2025-11-13 15:23:06 - 8_0.4_1 - INFO - [Epoch 2/30] 训练耗时: 4.69s | 平均训练准确率: 62.03
2025-11-13 15:23:11 - 8_0.4_1 - INFO - [Epoch 3/30] 训练耗时: 4.70s | 平均训练准确率: 71.56
2025-11-13 15:23:16 - 8_0.4_1 - INFO - [Epoch 4/30] 训练耗时: 4.64s | 平均训练准确率: 71.25
2025-11-13 15:23:20 - 8_0.4_1 - INFO - [Epoch 5/30] 训练耗时: 4.68s | 平均训练准确率: 76.25
2025-11-13 15:23:25 - 8_0.4_1 - INFO - [Epoch 6/30] 训练耗时: 4.69s | 平均训练准确率: 73.75
2025-11-13 15:23:30 - 8_0.4_1 - INFO - [Epoch 7/30] 训练耗时: 4.66s | 平均训练准确率: 71.09
2025-11-13 15:23:34 - 8_0.4_1 - INFO - [Epoch 8/30] 训练耗时: 4.64s | 平均训练准确率: 72.50
2025-11-13 15:23:39 - 8_0.4_1 - INFO - [Epoch 9/30] 训练耗时: 4.44s | 平均训练准确率: 71.41
2025-11-13 15:23:43 - 8_0.4_1 - INFO - [Epoch 10/30] 训练耗时: 4.23s | 平均训练准确率: 70.62
2025-11-13 15:23:47 - 8_0.4_1 - INFO - [Epoch 11/30] 训练耗时: 4.18s | 平均训练准确率: 73.91
2025-11-13 15:23:51 - 8_0.4_1 - INFO - [Epoch 12/30] 训练耗时: 4.20s | 平均训练准确率: 71.25
2025-11-13 15:23:55 - 8_0.4_1 - INFO - [Epoch 13/30] 训练耗时: 4.19s | 平均训练准确率: 73.28
2025-11-13 15:24:00 - 8_0.4_1 - INFO - [Epoch 14/30] 训练耗时: 4.33s | 平均训练准确率: 73.44
2025-11-13 15:24:04 - 8_0.4_1 - INFO - [Epoch 15/30] 训练耗时: 4.19s | 平均训练准确率: 71.56
2025-11-13 15:24:08 - 8_0.4_1 - INFO - [Epoch 16/30] 训练耗时: 4.22s | 平均训练准确率: 71.56
2025-11-13 15:24:12 - 8_0.4_1 - INFO - [Epoch 17/30] 训练耗时: 4.21s | 平均训练准确率: 72.34
2025-11-13 15:24:17 - 8_0.4_1 - INFO - [Epoch 18/30] 训练耗时: 4.25s | 平均训练准确率: 72.03
2025-11-13 15:24:21 - 8_0.4_1 - INFO - [Epoch 19/30] 训练耗时: 4.21s | 平均训练准确率: 72.50
2025-11-13 15:24:25 - 8_0.4_1 - INFO - [Epoch 20/30] 训练耗时: 4.18s | 平均训练准确率: 72.81
2025-11-13 15:24:29 - 8_0.4_1 - INFO - [Epoch 21/30] 训练耗时: 4.24s | 平均训练准确率: 73.12
2025-11-13 15:24:33 - 8_0.4_1 - INFO - [Epoch 22/30] 训练耗时: 4.20s | 平均训练准确率: 71.09
2025-11-13 15:24:38 - 8_0.4_1 - INFO - [Epoch 23/30] 训练耗时: 4.23s | 平均训练准确率: 74.06
2025-11-13 15:24:42 - 8_0.4_1 - INFO - [Epoch 24/30] 训练耗时: 4.21s | 平均训练准确率: 73.59
2025-11-13 15:24:46 - 8_0.4_1 - INFO - [Epoch 25/30] 训练耗时: 4.24s | 平均训练准确率: 72.81
2025-11-13 15:24:50 - 8_0.4_1 - INFO - [Epoch 26/30] 训练耗时: 4.34s | 平均训练准确率: 76.41
2025-11-13 15:24:55 - 8_0.4_1 - INFO - [Epoch 27/30] 训练耗时: 4.65s | 平均训练准确率: 75.16
2025-11-13 15:25:00 - 8_0.4_1 - INFO - [Epoch 28/30] 训练耗时: 4.61s | 平均训练准确率: 74.38
2025-11-13 15:25:00 - 8_0.4_1 - INFO - ------------local test start-------------
2025-11-13 15:25:00 - 8_0.4_1 - INFO - Evaluate on the client0 local set
2025-11-13 15:25:03 - 8_0.4_1 - INFO - => result | total 399 | correct 275 | acc 68.92% | err 31.08% | macro_f1 71.83%
2025-11-13 15:25:03 - 8_0.4_1 - INFO - Evaluate on the client0 neighbor set
2025-11-13 15:25:26 - 8_0.4_1 - INFO - => result | total 3,270 | correct 2,473 | acc 75.63% | err 24.37% | macro_f1 71.06%
2025-11-13 15:25:26 - 8_0.4_1 - INFO - Evaluate on the client1 local set
2025-11-13 15:25:29 - 8_0.4_1 - INFO - => result | total 399 | correct 259 | acc 64.91% | err 35.09% | macro_f1 69.09%
2025-11-13 15:25:29 - 8_0.4_1 - INFO - Evaluate on the client1 neighbor set
2025-11-13 15:25:52 - 8_0.4_1 - INFO - => result | total 3,270 | correct 2,473 | acc 75.63% | err 24.37% | macro_f1 71.75%
2025-11-13 15:25:52 - 8_0.4_1 - INFO - Evaluate on the client2 local set
2025-11-13 15:25:55 - 8_0.4_1 - INFO - => result | total 389 | correct 354 | acc 91.00% | err 9.00% | macro_f1 94.74%
2025-11-13 15:25:55 - 8_0.4_1 - INFO - Evaluate on the client2 neighbor set
2025-11-13 15:26:18 - 8_0.4_1 - INFO - => result | total 3,280 | correct 2,371 | acc 72.29% | err 27.71% | macro_f1 67.32%
2025-11-13 15:26:18 - 8_0.4_1 - INFO - Evaluate on the client3 local set
2025-11-13 15:26:21 - 8_0.4_1 - INFO - => result | total 397 | correct 333 | acc 83.88% | err 16.12% | macro_f1 89.28%
2025-11-13 15:26:21 - 8_0.4_1 - INFO - Evaluate on the client3 neighbor set
2025-11-13 15:26:44 - 8_0.4_1 - INFO - => result | total 3,272 | correct 2,375 | acc 72.59% | err 27.41% | macro_f1 68.51%
2025-11-13 15:26:44 - 8_0.4_1 - INFO - Evaluate on the client4 local set
2025-11-13 15:26:47 - 8_0.4_1 - INFO - => result | total 386 | correct 287 | acc 74.35% | err 25.65% | macro_f1 71.58%
2025-11-13 15:26:47 - 8_0.4_1 - INFO - Evaluate on the client4 neighbor set
2025-11-13 15:27:10 - 8_0.4_1 - INFO - => result | total 3,283 | correct 2,404 | acc 73.23% | err 26.77% | macro_f1 69.12%
2025-11-13 15:27:10 - 8_0.4_1 - INFO - Evaluate on the client5 local set
2025-11-13 15:27:13 - 8_0.4_1 - INFO - => result | total 399 | correct 214 | acc 53.63% | err 46.37% | macro_f1 57.48%
2025-11-13 15:27:13 - 8_0.4_1 - INFO - Evaluate on the client5 neighbor set
2025-11-13 15:27:36 - 8_0.4_1 - INFO - => result | total 3,270 | correct 2,463 | acc 75.32% | err 24.68% | macro_f1 70.48%
2025-11-13 15:27:36 - 8_0.4_1 - INFO - Evaluate on the client6 local set
2025-11-13 15:27:38 - 8_0.4_1 - INFO - => result | total 400 | correct 213 | acc 53.25% | err 46.75% | macro_f1 52.15%
2025-11-13 15:27:38 - 8_0.4_1 - INFO - Evaluate on the client6 neighbor set
2025-11-13 15:28:01 - 8_0.4_1 - INFO - => result | total 3,269 | correct 2,454 | acc 75.07% | err 24.93% | macro_f1 72.63%
2025-11-13 15:28:01 - 8_0.4_1 - INFO - Evaluate on the client7 local set
2025-11-13 15:28:04 - 8_0.4_1 - INFO - => result | total 400 | correct 281 | acc 70.25% | err 29.75% | macro_f1 72.46%
2025-11-13 15:28:04 - 8_0.4_1 - INFO - Evaluate on the client7 neighbor set
2025-11-13 15:28:27 - 8_0.4_1 - INFO - => result | total 3,269 | correct 2,373 | acc 72.59% | err 27.41% | macro_f1 67.86%
2025-11-13 15:28:27 - 8_0.4_1 - INFO - Evaluate on the client8 local set
2025-11-13 15:28:30 - 8_0.4_1 - INFO - => result | total 400 | correct 378 | acc 94.50% | err 5.50% | macro_f1 97.11%
2025-11-13 15:28:30 - 8_0.4_1 - INFO - Evaluate on the client8 neighbor set
2025-11-13 15:28:53 - 8_0.4_1 - INFO - => result | total 3,269 | correct 2,267 | acc 69.35% | err 30.65% | macro_f1 64.68%
2025-11-13 15:28:53 - 8_0.4_1 - INFO - Evaluate on the client9 local set
2025-11-13 15:28:54 - 8_0.4_1 - INFO - => result | total 100 | correct 100 | acc 100.00% | err 0.00% | macro_f1 100.00%
2025-11-13 15:28:54 - 8_0.4_1 - INFO - Evaluate on the client9 neighbor set
2025-11-13 15:29:19 - 8_0.4_1 - INFO - => result | total 3,569 | correct 2,535 | acc 71.03% | err 28.97% | macro_f1 65.93%
2025-11-13 15:29:19 - 8_0.4_1 - INFO - Global test local acc: 75.47
2025-11-13 15:29:19 - 8_0.4_1 - INFO - Global test neighbor acc: 73.27
2025-11-13 15:29:19 - 8_0.4_1 - INFO - ------------local test finish-------------
2025-11-13 15:29:19 - 8_0.4_1 - INFO - [Epoch 28/30] 测试耗时: 259.50s
2025-11-13 15:29:24 - 8_0.4_1 - INFO - [Epoch 29/30] 训练耗时: 4.27s | 平均训练准确率: 79.22
2025-11-13 15:29:24 - 8_0.4_1 - INFO - ------------local test start-------------
2025-11-13 15:29:24 - 8_0.4_1 - INFO - Evaluate on the client0 local set
2025-11-13 15:29:26 - 8_0.4_1 - INFO - => result | total 399 | correct 275 | acc 68.92% | err 31.08% | macro_f1 71.83%
2025-11-13 15:29:26 - 8_0.4_1 - INFO - Evaluate on the client0 neighbor set
2025-11-13 15:29:49 - 8_0.4_1 - INFO - => result | total 3,270 | correct 2,493 | acc 76.24% | err 23.76% | macro_f1 71.71%
2025-11-13 15:29:49 - 8_0.4_1 - INFO - Evaluate on the client1 local set
2025-11-13 15:29:52 - 8_0.4_1 - INFO - => result | total 399 | correct 262 | acc 65.66% | err 34.34% | macro_f1 69.62%
2025-11-13 15:29:52 - 8_0.4_1 - INFO - Evaluate on the client1 neighbor set
2025-11-13 15:30:15 - 8_0.4_1 - INFO - => result | total 3,270 | correct 2,493 | acc 76.24% | err 23.76% | macro_f1 72.41%
2025-11-13 15:30:15 - 8_0.4_1 - INFO - Evaluate on the client2 local set
2025-11-13 15:30:18 - 8_0.4_1 - INFO - => result | total 389 | correct 353 | acc 90.75% | err 9.25% | macro_f1 94.60%
2025-11-13 15:30:18 - 8_0.4_1 - INFO - Evaluate on the client2 neighbor set
2025-11-13 15:30:41 - 8_0.4_1 - INFO - => result | total 3,280 | correct 2,388 | acc 72.80% | err 27.20% | macro_f1 67.90%
2025-11-13 15:30:41 - 8_0.4_1 - INFO - Evaluate on the client3 local set
2025-11-13 15:30:44 - 8_0.4_1 - INFO - => result | total 397 | correct 333 | acc 83.88% | err 16.12% | macro_f1 89.28%
2025-11-13 15:30:44 - 8_0.4_1 - INFO - Evaluate on the client3 neighbor set
2025-11-13 15:31:07 - 8_0.4_1 - INFO - => result | total 3,272 | correct 2,394 | acc 73.17% | err 26.83% | macro_f1 69.16%
2025-11-13 15:31:07 - 8_0.4_1 - INFO - Evaluate on the client4 local set
2025-11-13 15:31:09 - 8_0.4_1 - INFO - => result | total 386 | correct 289 | acc 74.87% | err 25.13% | macro_f1 71.74%
2025-11-13 15:31:09 - 8_0.4_1 - INFO - Evaluate on the client4 neighbor set
2025-11-13 15:31:33 - 8_0.4_1 - INFO - => result | total 3,283 | correct 2,418 | acc 73.65% | err 26.35% | macro_f1 69.57%
2025-11-13 15:31:33 - 8_0.4_1 - INFO - Evaluate on the client5 local set
2025-11-13 15:31:35 - 8_0.4_1 - INFO - => result | total 399 | correct 217 | acc 54.39% | err 45.61% | macro_f1 58.51%
2025-11-13 15:31:35 - 8_0.4_1 - INFO - Evaluate on the client5 neighbor set
2025-11-13 15:31:59 - 8_0.4_1 - INFO - => result | total 3,270 | correct 2,472 | acc 75.60% | err 24.40% | macro_f1 70.79%
2025-11-13 15:31:59 - 8_0.4_1 - INFO - Evaluate on the client6 local set
2025-11-13 15:32:02 - 8_0.4_1 - INFO - => result | total 400 | correct 214 | acc 53.50% | err 46.50% | macro_f1 52.53%
2025-11-13 15:32:02 - 8_0.4_1 - INFO - Evaluate on the client6 neighbor set
2025-11-13 15:32:25 - 8_0.4_1 - INFO - => result | total 3,269 | correct 2,455 | acc 75.10% | err 24.90% | macro_f1 72.64%
2025-11-13 15:32:25 - 8_0.4_1 - INFO - Evaluate on the client7 local set
2025-11-13 15:32:28 - 8_0.4_1 - INFO - => result | total 400 | correct 280 | acc 70.00% | err 30.00% | macro_f1 72.32%
2025-11-13 15:32:28 - 8_0.4_1 - INFO - Evaluate on the client7 neighbor set
2025-11-13 15:32:51 - 8_0.4_1 - INFO - => result | total 3,269 | correct 2,376 | acc 72.68% | err 27.32% | macro_f1 67.99%
2025-11-13 15:32:51 - 8_0.4_1 - INFO - Evaluate on the client8 local set
2025-11-13 15:32:54 - 8_0.4_1 - INFO - => result | total 400 | correct 378 | acc 94.50% | err 5.50% | macro_f1 97.11%
2025-11-13 15:32:54 - 8_0.4_1 - INFO - Evaluate on the client8 neighbor set
2025-11-13 15:33:16 - 8_0.4_1 - INFO - => result | total 3,269 | correct 2,259 | acc 69.10% | err 30.90% | macro_f1 64.41%
2025-11-13 15:33:16 - 8_0.4_1 - INFO - Evaluate on the client9 local set
2025-11-13 15:33:17 - 8_0.4_1 - INFO - => result | total 100 | correct 100 | acc 100.00% | err 0.00% | macro_f1 100.00%
2025-11-13 15:33:17 - 8_0.4_1 - INFO - Evaluate on the client9 neighbor set
2025-11-13 15:33:42 - 8_0.4_1 - INFO - => result | total 3,569 | correct 2,527 | acc 70.80% | err 29.20% | macro_f1 65.65%
2025-11-13 15:33:42 - 8_0.4_1 - INFO - Global test local acc: 75.65
2025-11-13 15:33:42 - 8_0.4_1 - INFO - Global test neighbor acc: 73.54
2025-11-13 15:33:42 - 8_0.4_1 - INFO - ------------local test finish-------------
2025-11-13 15:33:42 - 8_0.4_1 - INFO - [Epoch 29/30] 测试耗时: 258.47s
2025-11-13 15:33:46 - 8_0.4_1 - INFO - [Epoch 30/30] 训练耗时: 4.23s | 平均训练准确率: 75.78
2025-11-13 15:33:46 - 8_0.4_1 - INFO - ------------local test start-------------
2025-11-13 15:33:46 - 8_0.4_1 - INFO - Evaluate on the client0 local set
2025-11-13 15:33:49 - 8_0.4_1 - INFO - => result | total 399 | correct 275 | acc 68.92% | err 31.08% | macro_f1 71.83%
2025-11-13 15:33:49 - 8_0.4_1 - INFO - Evaluate on the client0 neighbor set
2025-11-13 15:34:12 - 8_0.4_1 - INFO - => result | total 3,270 | correct 2,475 | acc 75.69% | err 24.31% | macro_f1 71.15%
2025-11-13 15:34:12 - 8_0.4_1 - INFO - Evaluate on the client1 local set
2025-11-13 15:34:15 - 8_0.4_1 - INFO - => result | total 399 | correct 256 | acc 64.16% | err 35.84% | macro_f1 68.64%
2025-11-13 15:34:15 - 8_0.4_1 - INFO - Evaluate on the client1 neighbor set
2025-11-13 15:34:38 - 8_0.4_1 - INFO - => result | total 3,270 | correct 2,475 | acc 75.69% | err 24.31% | macro_f1 71.84%
2025-11-13 15:34:38 - 8_0.4_1 - INFO - Evaluate on the client2 local set
2025-11-13 15:34:41 - 8_0.4_1 - INFO - => result | total 389 | correct 352 | acc 90.49% | err 9.51% | macro_f1 94.43%
2025-11-13 15:34:41 - 8_0.4_1 - INFO - Evaluate on the client2 neighbor set
2025-11-13 15:35:04 - 8_0.4_1 - INFO - => result | total 3,280 | correct 2,361 | acc 71.98% | err 28.02% | macro_f1 66.98%
2025-11-13 15:35:04 - 8_0.4_1 - INFO - Evaluate on the client3 local set
2025-11-13 15:35:07 - 8_0.4_1 - INFO - => result | total 397 | correct 330 | acc 83.12% | err 16.88% | macro_f1 88.74%
2025-11-13 15:35:07 - 8_0.4_1 - INFO - Evaluate on the client3 neighbor set
2025-11-13 15:35:30 - 8_0.4_1 - INFO - => result | total 3,272 | correct 2,354 | acc 71.94% | err 28.06% | macro_f1 67.73%
2025-11-13 15:35:30 - 8_0.4_1 - INFO - Evaluate on the client4 local set
2025-11-13 15:35:33 - 8_0.4_1 - INFO - => result | total 386 | correct 289 | acc 74.87% | err 25.13% | macro_f1 71.53%
2025-11-13 15:35:33 - 8_0.4_1 - INFO - Evaluate on the client4 neighbor set
2025-11-13 15:35:57 - 8_0.4_1 - INFO - => result | total 3,283 | correct 2,374 | acc 72.31% | err 27.69% | macro_f1 68.17%
2025-11-13 15:35:57 - 8_0.4_1 - INFO - Evaluate on the client5 local set
2025-11-13 15:35:59 - 8_0.4_1 - INFO - => result | total 399 | correct 211 | acc 52.88% | err 47.12% | macro_f1 56.39%
2025-11-13 15:35:59 - 8_0.4_1 - INFO - Evaluate on the client5 neighbor set
2025-11-13 15:36:23 - 8_0.4_1 - INFO - => result | total 3,270 | correct 2,427 | acc 74.22% | err 25.78% | macro_f1 69.27%
2025-11-13 15:36:23 - 8_0.4_1 - INFO - Evaluate on the client6 local set
2025-11-13 15:36:26 - 8_0.4_1 - INFO - => result | total 400 | correct 203 | acc 50.75% | err 49.25% | macro_f1 47.37%
2025-11-13 15:36:26 - 8_0.4_1 - INFO - Evaluate on the client6 neighbor set
2025-11-13 15:36:49 - 8_0.4_1 - INFO - => result | total 3,269 | correct 2,418 | acc 73.97% | err 26.03% | macro_f1 71.52%
2025-11-13 15:36:49 - 8_0.4_1 - INFO - Evaluate on the client7 local set
2025-11-13 15:36:52 - 8_0.4_1 - INFO - => result | total 400 | correct 276 | acc 69.00% | err 31.00% | macro_f1 71.71%
2025-11-13 15:36:52 - 8_0.4_1 - INFO - Evaluate on the client7 neighbor set
2025-11-13 15:37:15 - 8_0.4_1 - INFO - => result | total 3,269 | correct 2,334 | acc 71.40% | err 28.60% | macro_f1 66.48%
2025-11-13 15:37:15 - 8_0.4_1 - INFO - Evaluate on the client8 local set
2025-11-13 15:37:18 - 8_0.4_1 - INFO - => result | total 400 | correct 378 | acc 94.50% | err 5.50% | macro_f1 97.11%
2025-11-13 15:37:18 - 8_0.4_1 - INFO - Evaluate on the client8 neighbor set
2025-11-13 15:37:41 - 8_0.4_1 - INFO - => result | total 3,269 | correct 2,218 | acc 67.85% | err 32.15% | macro_f1 62.96%
2025-11-13 15:37:41 - 8_0.4_1 - INFO - Evaluate on the client9 local set
2025-11-13 15:37:41 - 8_0.4_1 - INFO - => result | total 100 | correct 100 | acc 100.00% | err 0.00% | macro_f1 100.00%
2025-11-13 15:37:41 - 8_0.4_1 - INFO - Evaluate on the client9 neighbor set
2025-11-13 15:38:06 - 8_0.4_1 - INFO - => result | total 3,569 | correct 2,480 | acc 69.49% | err 30.51% | macro_f1 64.13%
2025-11-13 15:38:06 - 8_0.4_1 - INFO - Global test local acc: 74.87
2025-11-13 15:38:06 - 8_0.4_1 - INFO - Global test neighbor acc: 72.45
2025-11-13 15:38:06 - 8_0.4_1 - INFO - ------------local test finish-------------
2025-11-13 15:38:06 - 8_0.4_1 - INFO - [Epoch 30/30] 测试耗时: 260.11s
2025-11-13 15:38:06 - 8_0.4_1 - INFO - maximum test local acc: 75.647
2025-11-13 15:38:06 - 8_0.4_1 - INFO - mean of local acc: 75.329
2025-11-13 15:38:06 - 8_0.4_1 - INFO - maximum test neighbor acc: 73.539
2025-11-13 15:38:06 - 8_0.4_1 - INFO - mean of neighbor acc: 73.088
