2025-11-12 17:50:05 - 8_0.05_1 - INFO - 日志文件已创建: logs/oxford_pets/dpfpl/8_0.05_1_20251112_175005.log
2025-11-12 17:50:05 - 8_0.05_1 - INFO - Loading trainer: DP_FPL
2025-11-12 17:50:05 - 8_0.05_1 - INFO - Loading dataset: OxfordPets
2025-11-12 17:50:05 - 8_0.05_1 - INFO - Reading split from /home/liuxin25/dataset/oxford_pets/split_zhou_OxfordPets.json
2025-11-12 17:50:05 - 8_0.05_1 - INFO - Creating a baseline federated dataset
2025-11-12 17:50:05 - 8_0.05_1 - INFO - class_num 37
2025-11-12 17:50:05 - 8_0.05_1 - INFO - user class dict total [18, 14, 23, 10]
2025-11-12 17:50:05 - 8_0.05_1 - INFO - idx: 0, output_dict_len: 320
2025-11-12 17:50:05 - 8_0.05_1 - INFO - user class dict total [8, 4, 13, 19]
2025-11-12 17:50:05 - 8_0.05_1 - INFO - idx: 1, output_dict_len: 320
2025-11-12 17:50:05 - 8_0.05_1 - INFO - user class dict total [12, 29, 34, 15]
2025-11-12 17:50:05 - 8_0.05_1 - INFO - idx: 2, output_dict_len: 317
2025-11-12 17:50:05 - 8_0.05_1 - INFO - user class dict total [2, 32, 1, 11]
2025-11-12 17:50:05 - 8_0.05_1 - INFO - idx: 3, output_dict_len: 313
2025-11-12 17:50:05 - 8_0.05_1 - INFO - user class dict total [31, 0, 35, 7]
2025-11-12 17:50:05 - 8_0.05_1 - INFO - idx: 4, output_dict_len: 317
2025-11-12 17:50:05 - 8_0.05_1 - INFO - user class dict total [5, 27, 16, 30]
2025-11-12 17:50:05 - 8_0.05_1 - INFO - idx: 5, output_dict_len: 320
2025-11-12 17:50:05 - 8_0.05_1 - INFO - user class dict total [17, 22, 26, 9]
2025-11-12 17:50:05 - 8_0.05_1 - INFO - idx: 6, output_dict_len: 317
2025-11-12 17:50:05 - 8_0.05_1 - INFO - user class dict total [33, 3, 25, 6]
2025-11-12 17:50:05 - 8_0.05_1 - INFO - idx: 7, output_dict_len: 320
2025-11-12 17:50:05 - 8_0.05_1 - INFO - user class dict total [21, 20, 36, 28]
2025-11-12 17:50:05 - 8_0.05_1 - INFO - idx: 8, output_dict_len: 320
2025-11-12 17:50:05 - 8_0.05_1 - INFO - user class dict total [24]
2025-11-12 17:50:05 - 8_0.05_1 - INFO - idx: 9, output_dict_len: 80
2025-11-12 17:50:05 - 8_0.05_1 - INFO - Creating a baseline federated dataset
2025-11-12 17:50:05 - 8_0.05_1 - INFO - class_num 37
2025-11-12 17:50:05 - 8_0.05_1 - INFO - user class dict total [18, 14, 23, 10]
2025-11-12 17:50:05 - 8_0.05_1 - INFO - idx: 0, output_dict_len: 399
2025-11-12 17:50:05 - 8_0.05_1 - INFO - user class dict total [8, 4, 13, 19]
2025-11-12 17:50:05 - 8_0.05_1 - INFO - idx: 1, output_dict_len: 399
2025-11-12 17:50:05 - 8_0.05_1 - INFO - user class dict total [12, 29, 34, 15]
2025-11-12 17:50:05 - 8_0.05_1 - INFO - idx: 2, output_dict_len: 389
2025-11-12 17:50:05 - 8_0.05_1 - INFO - user class dict total [2, 32, 1, 11]
2025-11-12 17:50:05 - 8_0.05_1 - INFO - idx: 3, output_dict_len: 397
2025-11-12 17:50:05 - 8_0.05_1 - INFO - user class dict total [31, 0, 35, 7]
2025-11-12 17:50:05 - 8_0.05_1 - INFO - idx: 4, output_dict_len: 386
2025-11-12 17:50:05 - 8_0.05_1 - INFO - user class dict total [5, 27, 16, 30]
2025-11-12 17:50:05 - 8_0.05_1 - INFO - idx: 5, output_dict_len: 399
2025-11-12 17:50:05 - 8_0.05_1 - INFO - user class dict total [17, 22, 26, 9]
2025-11-12 17:50:05 - 8_0.05_1 - INFO - idx: 6, output_dict_len: 400
2025-11-12 17:50:05 - 8_0.05_1 - INFO - user class dict total [33, 3, 25, 6]
2025-11-12 17:50:05 - 8_0.05_1 - INFO - idx: 7, output_dict_len: 400
2025-11-12 17:50:05 - 8_0.05_1 - INFO - user class dict total [21, 20, 36, 28]
2025-11-12 17:50:05 - 8_0.05_1 - INFO - idx: 8, output_dict_len: 400
2025-11-12 17:50:05 - 8_0.05_1 - INFO - user class dict total [24]
2025-11-12 17:50:05 - 8_0.05_1 - INFO - idx: 9, output_dict_len: 100
2025-11-12 17:50:05 - 8_0.05_1 - INFO - Loading CLIP (backbone: ViT-B/16)
2025-11-12 17:50:08 - 8_0.05_1 - INFO - Building custom CLIP
2025-11-12 17:50:08 - 8_0.05_1 - INFO - Turning off gradients in both the image and the text encoder
