2025-11-12 16:44:44 - 8_0.0_1 - INFO - 日志文件已创建: logs/caltech-101/fedotp/8_0.0_1_20251112_164444.log
2025-11-12 16:44:44 - 8_0.0_1 - INFO - Loading trainer: DP_FPL
2025-11-12 16:44:44 - 8_0.0_1 - INFO - Loading dataset: Caltech101
2025-11-12 16:44:44 - 8_0.0_1 - INFO - Reading split from /home/liuxin25/dataset/caltech-101/split_zhou_Caltech101.json
2025-11-12 16:44:44 - 8_0.0_1 - INFO - Creating a baseline federated dataset
2025-11-12 16:44:44 - 8_0.0_1 - INFO - class_num 100
2025-11-12 16:44:44 - 8_0.0_1 - INFO - user class dict total [20, 79, 93, 54, 52, 65, 0, 1, 48, 74]
2025-11-12 16:44:44 - 8_0.0_1 - INFO - idx: 0, output_dict_len: 673
2025-11-12 16:44:44 - 8_0.0_1 - INFO - user class dict total [44, 82, 35, 69, 91, 42, 33, 14, 5, 62]
2025-11-12 16:44:44 - 8_0.0_1 - INFO - idx: 1, output_dict_len: 296
2025-11-12 16:44:44 - 8_0.0_1 - INFO - user class dict total [32, 55, 96, 10, 21, 31, 90, 27, 28, 76]
2025-11-12 16:44:44 - 8_0.0_1 - INFO - idx: 2, output_dict_len: 251
2025-11-12 16:44:44 - 8_0.0_1 - INFO - user class dict total [80, 71, 66, 58, 23, 70, 60, 72, 17, 18]
2025-11-12 16:44:44 - 8_0.0_1 - INFO - idx: 3, output_dict_len: 275
2025-11-12 16:44:44 - 8_0.0_1 - INFO - user class dict total [45, 34, 11, 56, 84, 13, 41, 30, 24, 85]
2025-11-12 16:44:44 - 8_0.0_1 - INFO - idx: 4, output_dict_len: 369
2025-11-12 16:44:44 - 8_0.0_1 - INFO - user class dict total [51, 75, 37, 6, 53, 94, 95, 39, 47, 98]
2025-11-12 16:44:44 - 8_0.0_1 - INFO - idx: 5, output_dict_len: 265
2025-11-12 16:44:44 - 8_0.0_1 - INFO - user class dict total [36, 7, 50, 3, 63, 59, 9, 77, 64, 92]
2025-11-12 16:44:44 - 8_0.0_1 - INFO - idx: 6, output_dict_len: 286
2025-11-12 16:44:44 - 8_0.0_1 - INFO - user class dict total [86, 97, 61, 19, 25, 4, 16, 8, 46, 26]
2025-11-12 16:44:44 - 8_0.0_1 - INFO - idx: 7, output_dict_len: 675
2025-11-12 16:44:44 - 8_0.0_1 - INFO - user class dict total [2, 88, 29, 22, 87, 67, 68, 38, 83, 15]
2025-11-12 16:44:44 - 8_0.0_1 - INFO - idx: 8, output_dict_len: 695
2025-11-12 16:44:44 - 8_0.0_1 - INFO - user class dict total [12, 81, 43, 73, 78, 40, 99, 57, 89, 49]
2025-11-12 16:44:44 - 8_0.0_1 - INFO - idx: 9, output_dict_len: 343
2025-11-12 16:44:44 - 8_0.0_1 - INFO - Creating a baseline federated dataset
2025-11-12 16:44:44 - 8_0.0_1 - INFO - class_num 100
2025-11-12 16:44:44 - 8_0.0_1 - INFO - user class dict total [20, 79, 93, 54, 52, 65, 0, 1, 48, 74]
2025-11-12 16:44:44 - 8_0.0_1 - INFO - idx: 0, output_dict_len: 399
2025-11-12 16:44:44 - 8_0.0_1 - INFO - user class dict total [44, 82, 35, 69, 91, 42, 33, 14, 5, 62]
2025-11-12 16:44:44 - 8_0.0_1 - INFO - idx: 1, output_dict_len: 176
2025-11-12 16:44:44 - 8_0.0_1 - INFO - user class dict total [32, 55, 96, 10, 21, 31, 90, 27, 28, 76]
2025-11-12 16:44:44 - 8_0.0_1 - INFO - idx: 2, output_dict_len: 154
2025-11-12 16:44:44 - 8_0.0_1 - INFO - user class dict total [80, 71, 66, 58, 23, 70, 60, 72, 17, 18]
2025-11-12 16:44:44 - 8_0.0_1 - INFO - idx: 3, output_dict_len: 162
2025-11-12 16:44:44 - 8_0.0_1 - INFO - user class dict total [45, 34, 11, 56, 84, 13, 41, 30, 24, 85]
2025-11-12 16:44:44 - 8_0.0_1 - INFO - idx: 4, output_dict_len: 221
2025-11-12 16:44:44 - 8_0.0_1 - INFO - user class dict total [51, 75, 37, 6, 53, 94, 95, 39, 47, 98]
2025-11-12 16:44:44 - 8_0.0_1 - INFO - idx: 5, output_dict_len: 157
2025-11-12 16:44:44 - 8_0.0_1 - INFO - user class dict total [36, 7, 50, 3, 63, 59, 9, 77, 64, 92]
2025-11-12 16:44:44 - 8_0.0_1 - INFO - idx: 6, output_dict_len: 171
2025-11-12 16:44:44 - 8_0.0_1 - INFO - user class dict total [86, 97, 61, 19, 25, 4, 16, 8, 46, 26]
2025-11-12 16:44:44 - 8_0.0_1 - INFO - idx: 7, output_dict_len: 404
2025-11-12 16:44:44 - 8_0.0_1 - INFO - user class dict total [2, 88, 29, 22, 87, 67, 68, 38, 83, 15]
2025-11-12 16:44:44 - 8_0.0_1 - INFO - idx: 8, output_dict_len: 415
2025-11-12 16:44:44 - 8_0.0_1 - INFO - user class dict total [12, 81, 43, 73, 78, 40, 99, 57, 89, 49]
2025-11-12 16:44:44 - 8_0.0_1 - INFO - idx: 9, output_dict_len: 206
2025-11-12 16:44:44 - 8_0.0_1 - INFO - Loading CLIP (backbone: ViT-B/16)
2025-11-12 16:44:47 - 8_0.0_1 - INFO - Building custom CLIP
2025-11-12 16:44:47 - 8_0.0_1 - INFO - Turning off gradients in both the image and the text encoder
2025-11-12 16:45:07 - 8_0.0_1 - INFO - [Epoch 1/30] 训练耗时: 20.31s | 平均训练准确率: 52.86
2025-11-12 16:45:27 - 8_0.0_1 - INFO - [Epoch 2/30] 训练耗时: 19.57s | 平均训练准确率: 71.38
2025-11-12 16:45:46 - 8_0.0_1 - INFO - [Epoch 3/30] 训练耗时: 19.19s | 平均训练准确率: 81.79
2025-11-12 16:46:06 - 8_0.0_1 - INFO - [Epoch 4/30] 训练耗时: 19.38s | 平均训练准确率: 82.32
2025-11-12 16:46:25 - 8_0.0_1 - INFO - [Epoch 5/30] 训练耗时: 19.45s | 平均训练准确率: 82.77
2025-11-12 16:46:45 - 8_0.0_1 - INFO - [Epoch 6/30] 训练耗时: 20.00s | 平均训练准确率: 82.28
2025-11-12 16:47:06 - 8_0.0_1 - INFO - [Epoch 7/30] 训练耗时: 20.42s | 平均训练准确率: 83.44
2025-11-12 16:47:25 - 8_0.0_1 - INFO - [Epoch 8/30] 训练耗时: 19.42s | 平均训练准确率: 83.21
2025-11-12 16:47:45 - 8_0.0_1 - INFO - [Epoch 9/30] 训练耗时: 20.35s | 平均训练准确率: 83.35
2025-11-12 16:48:05 - 8_0.0_1 - INFO - [Epoch 10/30] 训练耗时: 19.82s | 平均训练准确率: 84.06
2025-11-12 16:48:24 - 8_0.0_1 - INFO - [Epoch 11/30] 训练耗时: 19.27s | 平均训练准确率: 84.29
2025-11-12 16:48:44 - 8_0.0_1 - INFO - [Epoch 12/30] 训练耗时: 19.64s | 平均训练准确率: 83.44
2025-11-12 16:49:03 - 8_0.0_1 - INFO - [Epoch 13/30] 训练耗时: 19.46s | 平均训练准确率: 85.18
2025-11-12 16:49:23 - 8_0.0_1 - INFO - [Epoch 14/30] 训练耗时: 19.98s | 平均训练准确率: 84.51
2025-11-12 16:49:43 - 8_0.0_1 - INFO - [Epoch 15/30] 训练耗时: 19.53s | 平均训练准确率: 83.71
2025-11-12 16:50:03 - 8_0.0_1 - INFO - [Epoch 16/30] 训练耗时: 20.49s | 平均训练准确率: 85.71
2025-11-12 16:50:23 - 8_0.0_1 - INFO - [Epoch 17/30] 训练耗时: 19.49s | 平均训练准确率: 84.69
2025-11-12 16:50:43 - 8_0.0_1 - INFO - [Epoch 18/30] 训练耗时: 19.54s | 平均训练准确率: 83.79
2025-11-12 16:51:02 - 8_0.0_1 - INFO - [Epoch 19/30] 训练耗时: 19.63s | 平均训练准确率: 83.44
2025-11-12 16:51:22 - 8_0.0_1 - INFO - [Epoch 20/30] 训练耗时: 19.46s | 平均训练准确率: 84.42
2025-11-12 16:51:41 - 8_0.0_1 - INFO - [Epoch 21/30] 训练耗时: 19.57s | 平均训练准确率: 84.38
2025-11-12 16:52:01 - 8_0.0_1 - INFO - [Epoch 22/30] 训练耗时: 19.85s | 平均训练准确率: 84.15
2025-11-12 16:52:21 - 8_0.0_1 - INFO - [Epoch 23/30] 训练耗时: 19.64s | 平均训练准确率: 84.60
2025-11-12 16:52:40 - 8_0.0_1 - INFO - [Epoch 24/30] 训练耗时: 19.54s | 平均训练准确率: 84.29
2025-11-12 16:53:00 - 8_0.0_1 - INFO - [Epoch 25/30] 训练耗时: 19.63s | 平均训练准确率: 83.66
2025-11-12 16:53:20 - 8_0.0_1 - INFO - [Epoch 26/30] 训练耗时: 19.94s | 平均训练准确率: 85.09
2025-11-12 16:53:40 - 8_0.0_1 - INFO - [Epoch 27/30] 训练耗时: 20.28s | 平均训练准确率: 84.60
2025-11-12 16:54:09 - 8_0.0_1 - INFO - [Epoch 28/30] 训练耗时: 28.68s | 平均训练准确率: 85.40
2025-11-12 16:54:09 - 8_0.0_1 - INFO - ------------local test start-------------
2025-11-12 16:54:09 - 8_0.0_1 - INFO - Evaluate on the client0 local set
2025-11-12 16:54:12 - 8_0.0_1 - INFO - => result | total 399 | correct 340 | acc 85.21% | err 14.79% | macro_f1 85.41%
2025-11-12 16:54:12 - 8_0.0_1 - INFO - Evaluate on the client0 neighbor set
2025-11-12 16:54:27 - 8_0.0_1 - INFO - => result | total 2,066 | correct 1,936 | acc 93.71% | err 6.29% | macro_f1 90.79%
2025-11-12 16:54:27 - 8_0.0_1 - INFO - Evaluate on the client1 local set
2025-11-12 16:54:28 - 8_0.0_1 - INFO - => result | total 176 | correct 169 | acc 96.02% | err 3.98% | macro_f1 96.92%
2025-11-12 16:54:28 - 8_0.0_1 - INFO - Evaluate on the client1 neighbor set
2025-11-12 16:54:47 - 8_0.0_1 - INFO - => result | total 2,289 | correct 2,102 | acc 91.83% | err 8.17% | macro_f1 88.58%
2025-11-12 16:54:47 - 8_0.0_1 - INFO - Evaluate on the client2 local set
2025-11-12 16:54:48 - 8_0.0_1 - INFO - => result | total 154 | correct 138 | acc 89.61% | err 10.39% | macro_f1 90.50%
2025-11-12 16:54:48 - 8_0.0_1 - INFO - Evaluate on the client2 neighbor set
2025-11-12 16:55:08 - 8_0.0_1 - INFO - => result | total 2,311 | correct 2,134 | acc 92.34% | err 7.66% | macro_f1 89.36%
2025-11-12 16:55:08 - 8_0.0_1 - INFO - Evaluate on the client3 local set
2025-11-12 16:55:09 - 8_0.0_1 - INFO - => result | total 162 | correct 153 | acc 94.44% | err 5.56% | macro_f1 95.78%
2025-11-12 16:55:09 - 8_0.0_1 - INFO - Evaluate on the client3 neighbor set
2025-11-12 16:55:26 - 8_0.0_1 - INFO - => result | total 2,303 | correct 2,116 | acc 91.88% | err 8.12% | macro_f1 89.15%
2025-11-12 16:55:26 - 8_0.0_1 - INFO - Evaluate on the client4 local set
2025-11-12 16:55:28 - 8_0.0_1 - INFO - => result | total 221 | correct 199 | acc 90.05% | err 9.95% | macro_f1 87.36%
2025-11-12 16:55:28 - 8_0.0_1 - INFO - Evaluate on the client4 neighbor set
2025-11-12 16:55:44 - 8_0.0_1 - INFO - => result | total 2,244 | correct 2,072 | acc 92.34% | err 7.66% | macro_f1 89.60%
2025-11-12 16:55:44 - 8_0.0_1 - INFO - Evaluate on the client5 local set
2025-11-12 16:55:45 - 8_0.0_1 - INFO - => result | total 157 | correct 143 | acc 91.08% | err 8.92% | macro_f1 94.25%
2025-11-12 16:55:45 - 8_0.0_1 - INFO - Evaluate on the client5 neighbor set
2025-11-12 16:56:02 - 8_0.0_1 - INFO - => result | total 2,308 | correct 2,121 | acc 91.90% | err 8.10% | macro_f1 88.66%
2025-11-12 16:56:02 - 8_0.0_1 - INFO - Evaluate on the client6 local set
2025-11-12 16:56:03 - 8_0.0_1 - INFO - => result | total 171 | correct 157 | acc 91.81% | err 8.19% | macro_f1 95.46%
2025-11-12 16:56:03 - 8_0.0_1 - INFO - Evaluate on the client6 neighbor set
2025-11-12 16:56:21 - 8_0.0_1 - INFO - => result | total 2,294 | correct 2,104 | acc 91.72% | err 8.28% | macro_f1 88.30%
2025-11-12 16:56:21 - 8_0.0_1 - INFO - Evaluate on the client7 local set
2025-11-12 16:56:24 - 8_0.0_1 - INFO - => result | total 404 | correct 372 | acc 92.08% | err 7.92% | macro_f1 87.31%
2025-11-12 16:56:24 - 8_0.0_1 - INFO - Evaluate on the client7 neighbor set
2025-11-12 16:56:40 - 8_0.0_1 - INFO - => result | total 2,061 | correct 1,886 | acc 91.51% | err 8.49% | macro_f1 89.15%
2025-11-12 16:56:40 - 8_0.0_1 - INFO - Evaluate on the client8 local set
2025-11-12 16:56:43 - 8_0.0_1 - INFO - => result | total 415 | correct 399 | acc 96.14% | err 3.86% | macro_f1 94.11%
2025-11-12 16:56:43 - 8_0.0_1 - INFO - Evaluate on the client8 neighbor set
2025-11-12 16:56:58 - 8_0.0_1 - INFO - => result | total 2,050 | correct 1,860 | acc 90.73% | err 9.27% | macro_f1 88.04%
2025-11-12 16:56:58 - 8_0.0_1 - INFO - Evaluate on the client9 local set
2025-11-12 16:56:59 - 8_0.0_1 - INFO - => result | total 206 | correct 205 | acc 99.51% | err 0.49% | macro_f1 99.47%
2025-11-12 16:56:59 - 8_0.0_1 - INFO - Evaluate on the client9 neighbor set
2025-11-12 16:57:16 - 8_0.0_1 - INFO - => result | total 2,259 | correct 2,055 | acc 90.97% | err 9.03% | macro_f1 88.49%
2025-11-12 16:57:16 - 8_0.0_1 - INFO - Global test local acc: 92.60
2025-11-12 16:57:16 - 8_0.0_1 - INFO - Global test neighbor acc: 91.89
2025-11-12 16:57:16 - 8_0.0_1 - INFO - ------------local test finish-------------
2025-11-12 16:57:16 - 8_0.0_1 - INFO - [Epoch 28/30] 测试耗时: 186.91s
2025-11-12 16:57:42 - 8_0.0_1 - INFO - [Epoch 29/30] 训练耗时: 26.61s | 平均训练准确率: 86.56
2025-11-12 16:57:42 - 8_0.0_1 - INFO - ------------local test start-------------
2025-11-12 16:57:42 - 8_0.0_1 - INFO - Evaluate on the client0 local set
2025-11-12 16:57:46 - 8_0.0_1 - INFO - => result | total 399 | correct 337 | acc 84.46% | err 15.54% | macro_f1 84.47%
2025-11-12 16:57:46 - 8_0.0_1 - INFO - Evaluate on the client0 neighbor set
2025-11-12 16:58:01 - 8_0.0_1 - INFO - => result | total 2,066 | correct 1,940 | acc 93.90% | err 6.10% | macro_f1 91.05%
2025-11-12 16:58:01 - 8_0.0_1 - INFO - Evaluate on the client1 local set
2025-11-12 16:58:03 - 8_0.0_1 - INFO - => result | total 176 | correct 171 | acc 97.16% | err 2.84% | macro_f1 97.38%
2025-11-12 16:58:03 - 8_0.0_1 - INFO - Evaluate on the client1 neighbor set
2025-11-12 16:58:20 - 8_0.0_1 - INFO - => result | total 2,289 | correct 2,109 | acc 92.14% | err 7.86% | macro_f1 89.29%
2025-11-12 16:58:20 - 8_0.0_1 - INFO - Evaluate on the client2 local set
2025-11-12 16:58:21 - 8_0.0_1 - INFO - => result | total 154 | correct 141 | acc 91.56% | err 8.44% | macro_f1 92.86%
2025-11-12 16:58:21 - 8_0.0_1 - INFO - Evaluate on the client2 neighbor set
2025-11-12 16:58:38 - 8_0.0_1 - INFO - => result | total 2,311 | correct 2,135 | acc 92.38% | err 7.62% | macro_f1 89.62%
2025-11-12 16:58:38 - 8_0.0_1 - INFO - Evaluate on the client3 local set
2025-11-12 16:58:39 - 8_0.0_1 - INFO - => result | total 162 | correct 152 | acc 93.83% | err 6.17% | macro_f1 95.13%
2025-11-12 16:58:39 - 8_0.0_1 - INFO - Evaluate on the client3 neighbor set
2025-11-12 16:58:56 - 8_0.0_1 - INFO - => result | total 2,303 | correct 2,118 | acc 91.97% | err 8.03% | macro_f1 89.41%
2025-11-12 16:58:56 - 8_0.0_1 - INFO - Evaluate on the client4 local set
2025-11-12 16:58:57 - 8_0.0_1 - INFO - => result | total 221 | correct 199 | acc 90.05% | err 9.95% | macro_f1 87.36%
2025-11-12 16:58:57 - 8_0.0_1 - INFO - Evaluate on the client4 neighbor set
2025-11-12 16:59:14 - 8_0.0_1 - INFO - => result | total 2,244 | correct 2,066 | acc 92.07% | err 7.93% | macro_f1 89.48%
2025-11-12 16:59:14 - 8_0.0_1 - INFO - Evaluate on the client5 local set
2025-11-12 16:59:16 - 8_0.0_1 - INFO - => result | total 157 | correct 143 | acc 91.08% | err 8.92% | macro_f1 94.25%
2025-11-12 16:59:16 - 8_0.0_1 - INFO - Evaluate on the client5 neighbor set
2025-11-12 16:59:33 - 8_0.0_1 - INFO - => result | total 2,308 | correct 2,122 | acc 91.94% | err 8.06% | macro_f1 88.86%
2025-11-12 16:59:33 - 8_0.0_1 - INFO - Evaluate on the client6 local set
2025-11-12 16:59:35 - 8_0.0_1 - INFO - => result | total 171 | correct 156 | acc 91.23% | err 8.77% | macro_f1 95.14%
2025-11-12 16:59:35 - 8_0.0_1 - INFO - Evaluate on the client6 neighbor set
2025-11-12 16:59:51 - 8_0.0_1 - INFO - => result | total 2,294 | correct 2,105 | acc 91.76% | err 8.24% | macro_f1 88.49%
2025-11-12 16:59:51 - 8_0.0_1 - INFO - Evaluate on the client7 local set
2025-11-12 16:59:54 - 8_0.0_1 - INFO - => result | total 404 | correct 373 | acc 92.33% | err 7.67% | macro_f1 87.91%
2025-11-12 16:59:54 - 8_0.0_1 - INFO - Evaluate on the client7 neighbor set
2025-11-12 17:00:08 - 8_0.0_1 - INFO - => result | total 2,061 | correct 1,887 | acc 91.56% | err 8.44% | macro_f1 89.29%
2025-11-12 17:00:08 - 8_0.0_1 - INFO - Evaluate on the client8 local set
2025-11-12 17:00:11 - 8_0.0_1 - INFO - => result | total 415 | correct 400 | acc 96.39% | err 3.61% | macro_f1 94.36%
2025-11-12 17:00:11 - 8_0.0_1 - INFO - Evaluate on the client8 neighbor set
2025-11-12 17:00:26 - 8_0.0_1 - INFO - => result | total 2,050 | correct 1,855 | acc 90.49% | err 9.51% | macro_f1 87.81%
2025-11-12 17:00:26 - 8_0.0_1 - INFO - Evaluate on the client9 local set
2025-11-12 17:00:28 - 8_0.0_1 - INFO - => result | total 206 | correct 205 | acc 99.51% | err 0.49% | macro_f1 99.47%
2025-11-12 17:00:28 - 8_0.0_1 - INFO - Evaluate on the client9 neighbor set
2025-11-12 17:00:43 - 8_0.0_1 - INFO - => result | total 2,259 | correct 2,043 | acc 90.44% | err 9.56% | macro_f1 88.04%
2025-11-12 17:00:43 - 8_0.0_1 - INFO - Global test local acc: 92.76
2025-11-12 17:00:43 - 8_0.0_1 - INFO - Global test neighbor acc: 91.86
2025-11-12 17:00:43 - 8_0.0_1 - INFO - ------------local test finish-------------
2025-11-12 17:00:43 - 8_0.0_1 - INFO - [Epoch 29/30] 测试耗时: 180.90s
2025-11-12 17:01:08 - 8_0.0_1 - INFO - [Epoch 30/30] 训练耗时: 24.57s | 平均训练准确率: 85.27
2025-11-12 17:01:08 - 8_0.0_1 - INFO - ------------local test start-------------
2025-11-12 17:01:08 - 8_0.0_1 - INFO - Evaluate on the client0 local set
2025-11-12 17:01:11 - 8_0.0_1 - INFO - => result | total 399 | correct 340 | acc 85.21% | err 14.79% | macro_f1 85.87%
2025-11-12 17:01:11 - 8_0.0_1 - INFO - Evaluate on the client0 neighbor set
2025-11-12 17:01:25 - 8_0.0_1 - INFO - => result | total 2,066 | correct 1,932 | acc 93.51% | err 6.49% | macro_f1 90.62%
2025-11-12 17:01:25 - 8_0.0_1 - INFO - Evaluate on the client1 local set
2025-11-12 17:01:27 - 8_0.0_1 - INFO - => result | total 176 | correct 170 | acc 96.59% | err 3.41% | macro_f1 97.12%
2025-11-12 17:01:27 - 8_0.0_1 - INFO - Evaluate on the client1 neighbor set
2025-11-12 17:01:44 - 8_0.0_1 - INFO - => result | total 2,289 | correct 2,097 | acc 91.61% | err 8.39% | macro_f1 88.42%
2025-11-12 17:01:44 - 8_0.0_1 - INFO - Evaluate on the client2 local set
2025-11-12 17:01:45 - 8_0.0_1 - INFO - => result | total 154 | correct 137 | acc 88.96% | err 11.04% | macro_f1 89.65%
2025-11-12 17:01:45 - 8_0.0_1 - INFO - Evaluate on the client2 neighbor set
2025-11-12 17:02:01 - 8_0.0_1 - INFO - => result | total 2,311 | correct 2,130 | acc 92.17% | err 7.83% | macro_f1 89.36%
2025-11-12 17:02:01 - 8_0.0_1 - INFO - Evaluate on the client3 local set
2025-11-12 17:02:02 - 8_0.0_1 - INFO - => result | total 162 | correct 153 | acc 94.44% | err 5.56% | macro_f1 95.78%
2025-11-12 17:02:02 - 8_0.0_1 - INFO - Evaluate on the client3 neighbor set
2025-11-12 17:02:19 - 8_0.0_1 - INFO - => result | total 2,303 | correct 2,112 | acc 91.71% | err 8.29% | macro_f1 88.93%
2025-11-12 17:02:19 - 8_0.0_1 - INFO - Evaluate on the client4 local set
2025-11-12 17:02:21 - 8_0.0_1 - INFO - => result | total 221 | correct 199 | acc 90.05% | err 9.95% | macro_f1 87.36%
2025-11-12 17:02:21 - 8_0.0_1 - INFO - Evaluate on the client4 neighbor set
2025-11-12 17:02:41 - 8_0.0_1 - INFO - => result | total 2,244 | correct 2,060 | acc 91.80% | err 8.20% | macro_f1 88.95%
2025-11-12 17:02:41 - 8_0.0_1 - INFO - Evaluate on the client5 local set
2025-11-12 17:02:43 - 8_0.0_1 - INFO - => result | total 157 | correct 142 | acc 90.45% | err 9.55% | macro_f1 93.68%
2025-11-12 17:02:43 - 8_0.0_1 - INFO - Evaluate on the client5 neighbor set
2025-11-12 17:02:59 - 8_0.0_1 - INFO - => result | total 2,308 | correct 2,113 | acc 91.55% | err 8.45% | macro_f1 88.22%
2025-11-12 17:02:59 - 8_0.0_1 - INFO - Evaluate on the client6 local set
2025-11-12 17:03:00 - 8_0.0_1 - INFO - => result | total 171 | correct 157 | acc 91.81% | err 8.19% | macro_f1 95.50%
2025-11-12 17:03:00 - 8_0.0_1 - INFO - Evaluate on the client6 neighbor set
2025-11-12 17:03:17 - 8_0.0_1 - INFO - => result | total 2,294 | correct 2,097 | acc 91.41% | err 8.59% | macro_f1 87.94%
2025-11-12 17:03:17 - 8_0.0_1 - INFO - Evaluate on the client7 local set
2025-11-12 17:03:19 - 8_0.0_1 - INFO - => result | total 404 | correct 374 | acc 92.57% | err 7.43% | macro_f1 88.17%
2025-11-12 17:03:19 - 8_0.0_1 - INFO - Evaluate on the client7 neighbor set
2025-11-12 17:03:34 - 8_0.0_1 - INFO - => result | total 2,061 | correct 1,876 | acc 91.02% | err 8.98% | macro_f1 88.77%
2025-11-12 17:03:34 - 8_0.0_1 - INFO - Evaluate on the client8 local set
2025-11-12 17:03:39 - 8_0.0_1 - INFO - => result | total 415 | correct 399 | acc 96.14% | err 3.86% | macro_f1 94.30%
2025-11-12 17:03:39 - 8_0.0_1 - INFO - Evaluate on the client8 neighbor set
2025-11-12 17:03:53 - 8_0.0_1 - INFO - => result | total 2,050 | correct 1,847 | acc 90.10% | err 9.90% | macro_f1 87.47%
2025-11-12 17:03:53 - 8_0.0_1 - INFO - Evaluate on the client9 local set
2025-11-12 17:03:54 - 8_0.0_1 - INFO - => result | total 206 | correct 204 | acc 99.03% | err 0.97% | macro_f1 99.02%
2025-11-12 17:03:54 - 8_0.0_1 - INFO - Evaluate on the client9 neighbor set
2025-11-12 17:04:08 - 8_0.0_1 - INFO - => result | total 2,259 | correct 2,039 | acc 90.26% | err 9.74% | macro_f1 88.07%
2025-11-12 17:04:08 - 8_0.0_1 - INFO - Global test local acc: 92.53
2025-11-12 17:04:08 - 8_0.0_1 - INFO - Global test neighbor acc: 91.51
2025-11-12 17:04:08 - 8_0.0_1 - INFO - ------------local test finish-------------
2025-11-12 17:04:08 - 8_0.0_1 - INFO - [Epoch 30/30] 测试耗时: 180.41s
2025-11-12 17:04:08 - 8_0.0_1 - INFO - maximum test local acc: 92.759
2025-11-12 17:04:08 - 8_0.0_1 - INFO - mean of local acc: 92.627
2025-11-12 17:04:08 - 8_0.0_1 - INFO - maximum test neighbor acc: 91.892
2025-11-12 17:04:08 - 8_0.0_1 - INFO - mean of neighbor acc: 91.757
