2025-11-13 14:07:35 - 8_0.01_1 - INFO - 日志文件已创建: logs/caltech-101/fedotp/8_0.01_1_20251113_140735.log
2025-11-13 14:07:35 - 8_0.01_1 - INFO - Loading trainer: DP_FPL
2025-11-13 14:07:35 - 8_0.01_1 - INFO - Loading dataset: Caltech101
2025-11-13 14:07:35 - 8_0.01_1 - INFO - Reading split from /home/liuxin25/dataset/caltech-101/split_zhou_Caltech101.json
2025-11-13 14:07:35 - 8_0.01_1 - INFO - Creating a baseline federated dataset
2025-11-13 14:07:35 - 8_0.01_1 - INFO - class_num 100
2025-11-13 14:07:35 - 8_0.01_1 - INFO - user class dict total [20, 79, 93, 54, 52, 65, 0, 1, 48, 74]
2025-11-13 14:07:35 - 8_0.01_1 - INFO - idx: 0, output_dict_len: 673
2025-11-13 14:07:35 - 8_0.01_1 - INFO - user class dict total [44, 82, 35, 69, 91, 42, 33, 14, 5, 62]
2025-11-13 14:07:35 - 8_0.01_1 - INFO - idx: 1, output_dict_len: 296
2025-11-13 14:07:35 - 8_0.01_1 - INFO - user class dict total [32, 55, 96, 10, 21, 31, 90, 27, 28, 76]
2025-11-13 14:07:35 - 8_0.01_1 - INFO - idx: 2, output_dict_len: 251
2025-11-13 14:07:35 - 8_0.01_1 - INFO - user class dict total [80, 71, 66, 58, 23, 70, 60, 72, 17, 18]
2025-11-13 14:07:35 - 8_0.01_1 - INFO - idx: 3, output_dict_len: 275
2025-11-13 14:07:35 - 8_0.01_1 - INFO - user class dict total [45, 34, 11, 56, 84, 13, 41, 30, 24, 85]
2025-11-13 14:07:35 - 8_0.01_1 - INFO - idx: 4, output_dict_len: 369
2025-11-13 14:07:35 - 8_0.01_1 - INFO - user class dict total [51, 75, 37, 6, 53, 94, 95, 39, 47, 98]
2025-11-13 14:07:35 - 8_0.01_1 - INFO - idx: 5, output_dict_len: 265
2025-11-13 14:07:35 - 8_0.01_1 - INFO - user class dict total [36, 7, 50, 3, 63, 59, 9, 77, 64, 92]
2025-11-13 14:07:35 - 8_0.01_1 - INFO - idx: 6, output_dict_len: 286
2025-11-13 14:07:35 - 8_0.01_1 - INFO - user class dict total [86, 97, 61, 19, 25, 4, 16, 8, 46, 26]
2025-11-13 14:07:35 - 8_0.01_1 - INFO - idx: 7, output_dict_len: 675
2025-11-13 14:07:35 - 8_0.01_1 - INFO - user class dict total [2, 88, 29, 22, 87, 67, 68, 38, 83, 15]
2025-11-13 14:07:35 - 8_0.01_1 - INFO - idx: 8, output_dict_len: 695
2025-11-13 14:07:35 - 8_0.01_1 - INFO - user class dict total [12, 81, 43, 73, 78, 40, 99, 57, 89, 49]
2025-11-13 14:07:35 - 8_0.01_1 - INFO - idx: 9, output_dict_len: 343
2025-11-13 14:07:35 - 8_0.01_1 - INFO - Creating a baseline federated dataset
2025-11-13 14:07:35 - 8_0.01_1 - INFO - class_num 100
2025-11-13 14:07:35 - 8_0.01_1 - INFO - user class dict total [20, 79, 93, 54, 52, 65, 0, 1, 48, 74]
2025-11-13 14:07:35 - 8_0.01_1 - INFO - idx: 0, output_dict_len: 399
2025-11-13 14:07:35 - 8_0.01_1 - INFO - user class dict total [44, 82, 35, 69, 91, 42, 33, 14, 5, 62]
2025-11-13 14:07:35 - 8_0.01_1 - INFO - idx: 1, output_dict_len: 176
2025-11-13 14:07:35 - 8_0.01_1 - INFO - user class dict total [32, 55, 96, 10, 21, 31, 90, 27, 28, 76]
2025-11-13 14:07:35 - 8_0.01_1 - INFO - idx: 2, output_dict_len: 154
2025-11-13 14:07:35 - 8_0.01_1 - INFO - user class dict total [80, 71, 66, 58, 23, 70, 60, 72, 17, 18]
2025-11-13 14:07:35 - 8_0.01_1 - INFO - idx: 3, output_dict_len: 162
2025-11-13 14:07:35 - 8_0.01_1 - INFO - user class dict total [45, 34, 11, 56, 84, 13, 41, 30, 24, 85]
2025-11-13 14:07:35 - 8_0.01_1 - INFO - idx: 4, output_dict_len: 221
2025-11-13 14:07:35 - 8_0.01_1 - INFO - user class dict total [51, 75, 37, 6, 53, 94, 95, 39, 47, 98]
2025-11-13 14:07:35 - 8_0.01_1 - INFO - idx: 5, output_dict_len: 157
2025-11-13 14:07:35 - 8_0.01_1 - INFO - user class dict total [36, 7, 50, 3, 63, 59, 9, 77, 64, 92]
2025-11-13 14:07:35 - 8_0.01_1 - INFO - idx: 6, output_dict_len: 171
2025-11-13 14:07:35 - 8_0.01_1 - INFO - user class dict total [86, 97, 61, 19, 25, 4, 16, 8, 46, 26]
2025-11-13 14:07:35 - 8_0.01_1 - INFO - idx: 7, output_dict_len: 404
2025-11-13 14:07:35 - 8_0.01_1 - INFO - user class dict total [2, 88, 29, 22, 87, 67, 68, 38, 83, 15]
2025-11-13 14:07:35 - 8_0.01_1 - INFO - idx: 8, output_dict_len: 415
2025-11-13 14:07:35 - 8_0.01_1 - INFO - user class dict total [12, 81, 43, 73, 78, 40, 99, 57, 89, 49]
2025-11-13 14:07:35 - 8_0.01_1 - INFO - idx: 9, output_dict_len: 206
2025-11-13 14:07:35 - 8_0.01_1 - INFO - Loading CLIP (backbone: ViT-B/16)
2025-11-13 14:07:37 - 8_0.01_1 - INFO - Building custom CLIP
2025-11-13 14:07:37 - 8_0.01_1 - INFO - Turning off gradients in both the image and the text encoder
2025-11-13 14:07:54 - 8_0.01_1 - INFO - [Epoch 1/30] 训练耗时: 16.98s | 平均训练准确率: 52.86
2025-11-13 14:08:10 - 8_0.01_1 - INFO - [Epoch 2/30] 训练耗时: 15.84s | 平均训练准确率: 60.54
2025-11-13 14:08:26 - 8_0.01_1 - INFO - [Epoch 3/30] 训练耗时: 15.94s | 平均训练准确率: 67.37
2025-11-13 14:08:42 - 8_0.01_1 - INFO - [Epoch 4/30] 训练耗时: 15.90s | 平均训练准确率: 62.05
2025-11-13 14:08:58 - 8_0.01_1 - INFO - [Epoch 5/30] 训练耗时: 15.89s | 平均训练准确率: 66.29
2025-11-13 14:09:13 - 8_0.01_1 - INFO - [Epoch 6/30] 训练耗时: 15.89s | 平均训练准确率: 69.91
2025-11-13 14:09:29 - 8_0.01_1 - INFO - [Epoch 7/30] 训练耗时: 15.88s | 平均训练准确率: 71.03
2025-11-13 14:09:45 - 8_0.01_1 - INFO - [Epoch 8/30] 训练耗时: 15.83s | 平均训练准确率: 70.49
2025-11-13 14:10:01 - 8_0.01_1 - INFO - [Epoch 9/30] 训练耗时: 15.78s | 平均训练准确率: 71.43
2025-11-13 14:10:16 - 8_0.01_1 - INFO - [Epoch 10/30] 训练耗时: 15.12s | 平均训练准确率: 70.31
2025-11-13 14:10:31 - 8_0.01_1 - INFO - [Epoch 11/30] 训练耗时: 15.17s | 平均训练准确率: 72.14
2025-11-13 14:10:47 - 8_0.01_1 - INFO - [Epoch 12/30] 训练耗时: 15.58s | 平均训练准确率: 73.57
2025-11-13 14:11:03 - 8_0.01_1 - INFO - [Epoch 13/30] 训练耗时: 15.91s | 平均训练准确率: 74.24
2025-11-13 14:11:19 - 8_0.01_1 - INFO - [Epoch 14/30] 训练耗时: 15.90s | 平均训练准确率: 72.28
2025-11-13 14:11:34 - 8_0.01_1 - INFO - [Epoch 15/30] 训练耗时: 15.92s | 平均训练准确率: 74.64
2025-11-13 14:11:50 - 8_0.01_1 - INFO - [Epoch 16/30] 训练耗时: 15.85s | 平均训练准确率: 72.95
2025-11-13 14:12:06 - 8_0.01_1 - INFO - [Epoch 17/30] 训练耗时: 15.88s | 平均训练准确率: 76.88
2025-11-13 14:12:22 - 8_0.01_1 - INFO - [Epoch 18/30] 训练耗时: 15.87s | 平均训练准确率: 77.59
2025-11-13 14:12:38 - 8_0.01_1 - INFO - [Epoch 19/30] 训练耗时: 15.85s | 平均训练准确率: 76.61
2025-11-13 14:12:54 - 8_0.01_1 - INFO - [Epoch 20/30] 训练耗时: 15.88s | 平均训练准确率: 74.46
2025-11-13 14:13:10 - 8_0.01_1 - INFO - [Epoch 21/30] 训练耗时: 15.90s | 平均训练准确率: 74.29
2025-11-13 14:13:26 - 8_0.01_1 - INFO - [Epoch 22/30] 训练耗时: 15.84s | 平均训练准确率: 72.54
2025-11-13 14:13:41 - 8_0.01_1 - INFO - [Epoch 23/30] 训练耗时: 15.90s | 平均训练准确率: 74.29
2025-11-13 14:13:57 - 8_0.01_1 - INFO - [Epoch 24/30] 训练耗时: 15.89s | 平均训练准确率: 72.72
2025-11-13 14:14:13 - 8_0.01_1 - INFO - [Epoch 25/30] 训练耗时: 15.85s | 平均训练准确率: 74.15
2025-11-13 14:14:29 - 8_0.01_1 - INFO - [Epoch 26/30] 训练耗时: 15.88s | 平均训练准确率: 73.53
2025-11-13 14:14:45 - 8_0.01_1 - INFO - [Epoch 27/30] 训练耗时: 15.88s | 平均训练准确率: 74.02
2025-11-13 14:15:01 - 8_0.01_1 - INFO - [Epoch 28/30] 训练耗时: 15.84s | 平均训练准确率: 72.19
2025-11-13 14:15:01 - 8_0.01_1 - INFO - ------------local test start-------------
2025-11-13 14:15:01 - 8_0.01_1 - INFO - Evaluate on the client0 local set
2025-11-13 14:15:04 - 8_0.01_1 - INFO - => result | total 399 | correct 253 | acc 63.41% | err 36.59% | macro_f1 77.06%
2025-11-13 14:15:04 - 8_0.01_1 - INFO - Evaluate on the client0 neighbor set
2025-11-13 14:15:15 - 8_0.01_1 - INFO - => result | total 2,066 | correct 1,759 | acc 85.14% | err 14.86% | macro_f1 79.07%
2025-11-13 14:15:15 - 8_0.01_1 - INFO - Evaluate on the client1 local set
2025-11-13 14:15:16 - 8_0.01_1 - INFO - => result | total 176 | correct 148 | acc 84.09% | err 15.91% | macro_f1 88.99%
2025-11-13 14:15:16 - 8_0.01_1 - INFO - Evaluate on the client1 neighbor set
2025-11-13 14:15:29 - 8_0.01_1 - INFO - => result | total 2,289 | correct 1,869 | acc 81.65% | err 18.35% | macro_f1 76.79%
2025-11-13 14:15:29 - 8_0.01_1 - INFO - Evaluate on the client2 local set
2025-11-13 14:15:30 - 8_0.01_1 - INFO - => result | total 154 | correct 99 | acc 64.29% | err 35.71% | macro_f1 68.06%
2025-11-13 14:15:30 - 8_0.01_1 - INFO - Evaluate on the client2 neighbor set
2025-11-13 14:15:42 - 8_0.01_1 - INFO - => result | total 2,311 | correct 1,920 | acc 83.08% | err 16.92% | macro_f1 78.83%
2025-11-13 14:15:42 - 8_0.01_1 - INFO - Evaluate on the client3 local set
2025-11-13 14:15:44 - 8_0.01_1 - INFO - => result | total 162 | correct 135 | acc 83.33% | err 16.67% | macro_f1 79.95%
2025-11-13 14:15:44 - 8_0.01_1 - INFO - Evaluate on the client3 neighbor set
2025-11-13 14:15:57 - 8_0.01_1 - INFO - => result | total 2,303 | correct 1,884 | acc 81.81% | err 18.19% | macro_f1 77.07%
2025-11-13 14:15:57 - 8_0.01_1 - INFO - Evaluate on the client4 local set
2025-11-13 14:15:58 - 8_0.01_1 - INFO - => result | total 221 | correct 200 | acc 90.50% | err 9.50% | macro_f1 90.73%
2025-11-13 14:15:58 - 8_0.01_1 - INFO - Evaluate on the client4 neighbor set
2025-11-13 14:16:10 - 8_0.01_1 - INFO - => result | total 2,244 | correct 1,819 | acc 81.06% | err 18.94% | macro_f1 76.62%
2025-11-13 14:16:10 - 8_0.01_1 - INFO - Evaluate on the client5 local set
2025-11-13 14:16:11 - 8_0.01_1 - INFO - => result | total 157 | correct 143 | acc 91.08% | err 8.92% | macro_f1 95.00%
2025-11-13 14:16:11 - 8_0.01_1 - INFO - Evaluate on the client5 neighbor set
2025-11-13 14:16:24 - 8_0.01_1 - INFO - => result | total 2,308 | correct 1,876 | acc 81.28% | err 18.72% | macro_f1 75.66%
2025-11-13 14:16:24 - 8_0.01_1 - INFO - Evaluate on the client6 local set
2025-11-13 14:16:25 - 8_0.01_1 - INFO - => result | total 171 | correct 115 | acc 67.25% | err 32.75% | macro_f1 76.35%
2025-11-13 14:16:25 - 8_0.01_1 - INFO - Evaluate on the client6 neighbor set
2025-11-13 14:16:38 - 8_0.01_1 - INFO - => result | total 2,294 | correct 1,907 | acc 83.13% | err 16.87% | macro_f1 78.35%
2025-11-13 14:16:38 - 8_0.01_1 - INFO - Evaluate on the client7 local set
2025-11-13 14:16:40 - 8_0.01_1 - INFO - => result | total 404 | correct 361 | acc 89.36% | err 10.64% | macro_f1 86.60%
2025-11-13 14:16:40 - 8_0.01_1 - INFO - Evaluate on the client7 neighbor set
2025-11-13 14:16:51 - 8_0.01_1 - INFO - => result | total 2,061 | correct 1,663 | acc 80.69% | err 19.31% | macro_f1 77.05%
2025-11-13 14:16:51 - 8_0.01_1 - INFO - Evaluate on the client8 local set
2025-11-13 14:16:53 - 8_0.01_1 - INFO - => result | total 415 | correct 372 | acc 89.64% | err 10.36% | macro_f1 83.00%
2025-11-13 14:16:53 - 8_0.01_1 - INFO - Evaluate on the client8 neighbor set
2025-11-13 14:17:05 - 8_0.01_1 - INFO - => result | total 2,050 | correct 1,653 | acc 80.63% | err 19.37% | macro_f1 76.61%
2025-11-13 14:17:05 - 8_0.01_1 - INFO - Evaluate on the client9 local set
2025-11-13 14:17:06 - 8_0.01_1 - INFO - => result | total 206 | correct 189 | acc 91.75% | err 8.25% | macro_f1 93.58%
2025-11-13 14:17:06 - 8_0.01_1 - INFO - Evaluate on the client9 neighbor set
2025-11-13 14:17:19 - 8_0.01_1 - INFO - => result | total 2,259 | correct 1,835 | acc 81.23% | err 18.77% | macro_f1 76.90%
2025-11-13 14:17:19 - 8_0.01_1 - INFO - Global test local acc: 81.47
2025-11-13 14:17:19 - 8_0.01_1 - INFO - Global test neighbor acc: 81.97
2025-11-13 14:17:19 - 8_0.01_1 - INFO - ------------local test finish-------------
2025-11-13 14:17:19 - 8_0.01_1 - INFO - [Epoch 28/30] 测试耗时: 137.96s
2025-11-13 14:17:35 - 8_0.01_1 - INFO - [Epoch 29/30] 训练耗时: 15.83s | 平均训练准确率: 71.83
2025-11-13 14:17:35 - 8_0.01_1 - INFO - ------------local test start-------------
2025-11-13 14:17:35 - 8_0.01_1 - INFO - Evaluate on the client0 local set
2025-11-13 14:17:37 - 8_0.01_1 - INFO - => result | total 399 | correct 267 | acc 66.92% | err 33.08% | macro_f1 80.22%
2025-11-13 14:17:37 - 8_0.01_1 - INFO - Evaluate on the client0 neighbor set
2025-11-13 14:17:48 - 8_0.01_1 - INFO - => result | total 2,066 | correct 1,726 | acc 83.54% | err 16.46% | macro_f1 76.57%
2025-11-13 14:17:48 - 8_0.01_1 - INFO - Evaluate on the client1 local set
2025-11-13 14:17:49 - 8_0.01_1 - INFO - => result | total 176 | correct 142 | acc 80.68% | err 19.32% | macro_f1 85.68%
2025-11-13 14:17:49 - 8_0.01_1 - INFO - Evaluate on the client1 neighbor set
2025-11-13 14:18:02 - 8_0.01_1 - INFO - => result | total 2,289 | correct 1,851 | acc 80.87% | err 19.13% | macro_f1 74.96%
2025-11-13 14:18:02 - 8_0.01_1 - INFO - Evaluate on the client2 local set
2025-11-13 14:18:03 - 8_0.01_1 - INFO - => result | total 154 | correct 100 | acc 64.94% | err 35.06% | macro_f1 68.50%
2025-11-13 14:18:03 - 8_0.01_1 - INFO - Evaluate on the client2 neighbor set
2025-11-13 14:18:15 - 8_0.01_1 - INFO - => result | total 2,311 | correct 1,895 | acc 82.00% | err 18.00% | macro_f1 77.54%
2025-11-13 14:18:15 - 8_0.01_1 - INFO - Evaluate on the client3 local set
2025-11-13 14:18:16 - 8_0.01_1 - INFO - => result | total 162 | correct 116 | acc 71.60% | err 28.40% | macro_f1 71.58%
2025-11-13 14:18:16 - 8_0.01_1 - INFO - Evaluate on the client3 neighbor set
2025-11-13 14:18:29 - 8_0.01_1 - INFO - => result | total 2,303 | correct 1,880 | acc 81.63% | err 18.37% | macro_f1 76.26%
2025-11-13 14:18:29 - 8_0.01_1 - INFO - Evaluate on the client4 local set
2025-11-13 14:18:30 - 8_0.01_1 - INFO - => result | total 221 | correct 193 | acc 87.33% | err 12.67% | macro_f1 88.77%
2025-11-13 14:18:30 - 8_0.01_1 - INFO - Evaluate on the client4 neighbor set
2025-11-13 14:18:42 - 8_0.01_1 - INFO - => result | total 2,244 | correct 1,807 | acc 80.53% | err 19.47% | macro_f1 74.81%
2025-11-13 14:18:42 - 8_0.01_1 - INFO - Evaluate on the client5 local set
2025-11-13 14:18:43 - 8_0.01_1 - INFO - => result | total 157 | correct 136 | acc 86.62% | err 13.38% | macro_f1 92.72%
2025-11-13 14:18:43 - 8_0.01_1 - INFO - Evaluate on the client5 neighbor set
2025-11-13 14:18:56 - 8_0.01_1 - INFO - => result | total 2,308 | correct 1,863 | acc 80.72% | err 19.28% | macro_f1 74.45%
2025-11-13 14:18:56 - 8_0.01_1 - INFO - Evaluate on the client6 local set
2025-11-13 14:18:57 - 8_0.01_1 - INFO - => result | total 171 | correct 117 | acc 68.42% | err 31.58% | macro_f1 77.47%
2025-11-13 14:18:57 - 8_0.01_1 - INFO - Evaluate on the client6 neighbor set
2025-11-13 14:19:09 - 8_0.01_1 - INFO - => result | total 2,294 | correct 1,884 | acc 82.13% | err 17.87% | macro_f1 76.60%
2025-11-13 14:19:09 - 8_0.01_1 - INFO - Evaluate on the client7 local set
2025-11-13 14:19:12 - 8_0.01_1 - INFO - => result | total 404 | correct 366 | acc 90.59% | err 9.41% | macro_f1 87.54%
2025-11-13 14:19:12 - 8_0.01_1 - INFO - Evaluate on the client7 neighbor set
2025-11-13 14:19:23 - 8_0.01_1 - INFO - => result | total 2,061 | correct 1,635 | acc 79.33% | err 20.67% | macro_f1 75.52%
2025-11-13 14:19:23 - 8_0.01_1 - INFO - Evaluate on the client8 local set
2025-11-13 14:19:25 - 8_0.01_1 - INFO - => result | total 415 | correct 372 | acc 89.64% | err 10.36% | macro_f1 82.50%
2025-11-13 14:19:25 - 8_0.01_1 - INFO - Evaluate on the client8 neighbor set
2025-11-13 14:19:37 - 8_0.01_1 - INFO - => result | total 2,050 | correct 1,631 | acc 79.56% | err 20.44% | macro_f1 75.36%
2025-11-13 14:19:37 - 8_0.01_1 - INFO - Evaluate on the client9 local set
2025-11-13 14:19:38 - 8_0.01_1 - INFO - => result | total 206 | correct 191 | acc 92.72% | err 7.28% | macro_f1 94.16%
2025-11-13 14:19:38 - 8_0.01_1 - INFO - Evaluate on the client9 neighbor set
2025-11-13 14:19:50 - 8_0.01_1 - INFO - => result | total 2,259 | correct 1,812 | acc 80.21% | err 19.79% | macro_f1 75.62%
2025-11-13 14:19:50 - 8_0.01_1 - INFO - Global test local acc: 79.95
2025-11-13 14:19:50 - 8_0.01_1 - INFO - Global test neighbor acc: 81.05
2025-11-13 14:19:50 - 8_0.01_1 - INFO - ------------local test finish-------------
2025-11-13 14:19:50 - 8_0.01_1 - INFO - [Epoch 29/30] 测试耗时: 135.59s
2025-11-13 14:20:06 - 8_0.01_1 - INFO - [Epoch 30/30] 训练耗时: 15.87s | 平均训练准确率: 74.69
2025-11-13 14:20:06 - 8_0.01_1 - INFO - ------------local test start-------------
2025-11-13 14:20:06 - 8_0.01_1 - INFO - Evaluate on the client0 local set
2025-11-13 14:20:08 - 8_0.01_1 - INFO - => result | total 399 | correct 262 | acc 65.66% | err 34.34% | macro_f1 78.13%
2025-11-13 14:20:08 - 8_0.01_1 - INFO - Evaluate on the client0 neighbor set
2025-11-13 14:20:20 - 8_0.01_1 - INFO - => result | total 2,066 | correct 1,784 | acc 86.35% | err 13.65% | macro_f1 80.79%
2025-11-13 14:20:20 - 8_0.01_1 - INFO - Evaluate on the client1 local set
2025-11-13 14:20:21 - 8_0.01_1 - INFO - => result | total 176 | correct 155 | acc 88.07% | err 11.93% | macro_f1 92.39%
2025-11-13 14:20:21 - 8_0.01_1 - INFO - Evaluate on the client1 neighbor set
2025-11-13 14:20:33 - 8_0.01_1 - INFO - => result | total 2,289 | correct 1,888 | acc 82.48% | err 17.52% | macro_f1 78.19%
2025-11-13 14:20:33 - 8_0.01_1 - INFO - Evaluate on the client2 local set
2025-11-13 14:20:34 - 8_0.01_1 - INFO - => result | total 154 | correct 100 | acc 64.94% | err 35.06% | macro_f1 67.35%
2025-11-13 14:20:34 - 8_0.01_1 - INFO - Evaluate on the client2 neighbor set
2025-11-13 14:20:47 - 8_0.01_1 - INFO - => result | total 2,311 | correct 1,939 | acc 83.90% | err 16.10% | macro_f1 81.30%
2025-11-13 14:20:47 - 8_0.01_1 - INFO - Evaluate on the client3 local set
2025-11-13 14:20:48 - 8_0.01_1 - INFO - => result | total 162 | correct 133 | acc 82.10% | err 17.90% | macro_f1 84.65%
2025-11-13 14:20:48 - 8_0.01_1 - INFO - Evaluate on the client3 neighbor set
2025-11-13 14:21:00 - 8_0.01_1 - INFO - => result | total 2,303 | correct 1,900 | acc 82.50% | err 17.50% | macro_f1 77.80%
2025-11-13 14:21:00 - 8_0.01_1 - INFO - Evaluate on the client4 local set
2025-11-13 14:21:02 - 8_0.01_1 - INFO - => result | total 221 | correct 192 | acc 86.88% | err 13.12% | macro_f1 85.91%
2025-11-13 14:21:02 - 8_0.01_1 - INFO - Evaluate on the client4 neighbor set
2025-11-13 14:21:14 - 8_0.01_1 - INFO - => result | total 2,244 | correct 1,839 | acc 81.95% | err 18.05% | macro_f1 77.86%
2025-11-13 14:21:14 - 8_0.01_1 - INFO - Evaluate on the client5 local set
2025-11-13 14:21:15 - 8_0.01_1 - INFO - => result | total 157 | correct 143 | acc 91.08% | err 8.92% | macro_f1 94.68%
2025-11-13 14:21:15 - 8_0.01_1 - INFO - Evaluate on the client5 neighbor set
2025-11-13 14:21:28 - 8_0.01_1 - INFO - => result | total 2,308 | correct 1,890 | acc 81.89% | err 18.11% | macro_f1 77.27%
2025-11-13 14:21:28 - 8_0.01_1 - INFO - Evaluate on the client6 local set
2025-11-13 14:21:29 - 8_0.01_1 - INFO - => result | total 171 | correct 122 | acc 71.35% | err 28.65% | macro_f1 79.14%
2025-11-13 14:21:29 - 8_0.01_1 - INFO - Evaluate on the client6 neighbor set
2025-11-13 14:21:41 - 8_0.01_1 - INFO - => result | total 2,294 | correct 1,911 | acc 83.30% | err 16.70% | macro_f1 78.90%
2025-11-13 14:21:41 - 8_0.01_1 - INFO - Evaluate on the client7 local set
2025-11-13 14:21:44 - 8_0.01_1 - INFO - => result | total 404 | correct 357 | acc 88.37% | err 11.63% | macro_f1 89.26%
2025-11-13 14:21:44 - 8_0.01_1 - INFO - Evaluate on the client7 neighbor set
2025-11-13 14:21:55 - 8_0.01_1 - INFO - => result | total 2,061 | correct 1,674 | acc 81.22% | err 18.78% | macro_f1 78.01%
2025-11-13 14:21:55 - 8_0.01_1 - INFO - Evaluate on the client8 local set
2025-11-13 14:21:57 - 8_0.01_1 - INFO - => result | total 415 | correct 382 | acc 92.05% | err 7.95% | macro_f1 86.68%
2025-11-13 14:21:57 - 8_0.01_1 - INFO - Evaluate on the client8 neighbor set
2025-11-13 14:22:08 - 8_0.01_1 - INFO - => result | total 2,050 | correct 1,653 | acc 80.63% | err 19.37% | macro_f1 77.42%
2025-11-13 14:22:08 - 8_0.01_1 - INFO - Evaluate on the client9 local set
2025-11-13 14:22:09 - 8_0.01_1 - INFO - => result | total 206 | correct 190 | acc 92.23% | err 7.77% | macro_f1 93.51%
2025-11-13 14:22:09 - 8_0.01_1 - INFO - Evaluate on the client9 neighbor set
2025-11-13 14:22:22 - 8_0.01_1 - INFO - => result | total 2,259 | correct 1,840 | acc 81.45% | err 18.55% | macro_f1 78.14%
2025-11-13 14:22:22 - 8_0.01_1 - INFO - Global test local acc: 82.27
2025-11-13 14:22:22 - 8_0.01_1 - INFO - Global test neighbor acc: 82.57
2025-11-13 14:22:22 - 8_0.01_1 - INFO - ------------local test finish-------------
2025-11-13 14:22:22 - 8_0.01_1 - INFO - [Epoch 30/30] 测试耗时: 135.89s
2025-11-13 14:22:22 - 8_0.01_1 - INFO - maximum test local acc: 82.272
2025-11-13 14:22:22 - 8_0.01_1 - INFO - mean of local acc: 81.229
2025-11-13 14:22:22 - 8_0.01_1 - INFO - maximum test neighbor acc: 82.569
2025-11-13 14:22:22 - 8_0.01_1 - INFO - mean of neighbor acc: 81.864
