2025-11-12 17:56:57 - 8_0.4_1 - INFO - 日志文件已创建: logs/caltech-101/fedotp/8_0.4_1_20251112_175657.log
2025-11-12 17:56:57 - 8_0.4_1 - INFO - Loading trainer: DP_FPL
2025-11-12 17:56:57 - 8_0.4_1 - INFO - Loading dataset: Caltech101
2025-11-12 17:56:57 - 8_0.4_1 - INFO - Reading split from /home/liuxin25/dataset/caltech-101/split_zhou_Caltech101.json
2025-11-12 17:56:58 - 8_0.4_1 - INFO - Creating a baseline federated dataset
2025-11-12 17:56:58 - 8_0.4_1 - INFO - class_num 100
2025-11-12 17:56:58 - 8_0.4_1 - INFO - user class dict total [20, 79, 93, 54, 52, 65, 0, 1, 48, 74]
2025-11-12 17:56:58 - 8_0.4_1 - INFO - idx: 0, output_dict_len: 673
2025-11-12 17:56:58 - 8_0.4_1 - INFO - user class dict total [44, 82, 35, 69, 91, 42, 33, 14, 5, 62]
2025-11-12 17:56:58 - 8_0.4_1 - INFO - idx: 1, output_dict_len: 296
2025-11-12 17:56:58 - 8_0.4_1 - INFO - user class dict total [32, 55, 96, 10, 21, 31, 90, 27, 28, 76]
2025-11-12 17:56:58 - 8_0.4_1 - INFO - idx: 2, output_dict_len: 251
2025-11-12 17:56:58 - 8_0.4_1 - INFO - user class dict total [80, 71, 66, 58, 23, 70, 60, 72, 17, 18]
2025-11-12 17:56:58 - 8_0.4_1 - INFO - idx: 3, output_dict_len: 275
2025-11-12 17:56:58 - 8_0.4_1 - INFO - user class dict total [45, 34, 11, 56, 84, 13, 41, 30, 24, 85]
2025-11-12 17:56:58 - 8_0.4_1 - INFO - idx: 4, output_dict_len: 369
2025-11-12 17:56:58 - 8_0.4_1 - INFO - user class dict total [51, 75, 37, 6, 53, 94, 95, 39, 47, 98]
2025-11-12 17:56:58 - 8_0.4_1 - INFO - idx: 5, output_dict_len: 265
2025-11-12 17:56:58 - 8_0.4_1 - INFO - user class dict total [36, 7, 50, 3, 63, 59, 9, 77, 64, 92]
2025-11-12 17:56:58 - 8_0.4_1 - INFO - idx: 6, output_dict_len: 286
2025-11-12 17:56:58 - 8_0.4_1 - INFO - user class dict total [86, 97, 61, 19, 25, 4, 16, 8, 46, 26]
2025-11-12 17:56:58 - 8_0.4_1 - INFO - idx: 7, output_dict_len: 675
2025-11-12 17:56:58 - 8_0.4_1 - INFO - user class dict total [2, 88, 29, 22, 87, 67, 68, 38, 83, 15]
2025-11-12 17:56:58 - 8_0.4_1 - INFO - idx: 8, output_dict_len: 695
2025-11-12 17:56:58 - 8_0.4_1 - INFO - user class dict total [12, 81, 43, 73, 78, 40, 99, 57, 89, 49]
2025-11-12 17:56:58 - 8_0.4_1 - INFO - idx: 9, output_dict_len: 343
2025-11-12 17:56:58 - 8_0.4_1 - INFO - Creating a baseline federated dataset
2025-11-12 17:56:58 - 8_0.4_1 - INFO - class_num 100
2025-11-12 17:56:58 - 8_0.4_1 - INFO - user class dict total [20, 79, 93, 54, 52, 65, 0, 1, 48, 74]
2025-11-12 17:56:58 - 8_0.4_1 - INFO - idx: 0, output_dict_len: 399
2025-11-12 17:56:58 - 8_0.4_1 - INFO - user class dict total [44, 82, 35, 69, 91, 42, 33, 14, 5, 62]
2025-11-12 17:56:58 - 8_0.4_1 - INFO - idx: 1, output_dict_len: 176
2025-11-12 17:56:58 - 8_0.4_1 - INFO - user class dict total [32, 55, 96, 10, 21, 31, 90, 27, 28, 76]
2025-11-12 17:56:58 - 8_0.4_1 - INFO - idx: 2, output_dict_len: 154
2025-11-12 17:56:58 - 8_0.4_1 - INFO - user class dict total [80, 71, 66, 58, 23, 70, 60, 72, 17, 18]
2025-11-12 17:56:58 - 8_0.4_1 - INFO - idx: 3, output_dict_len: 162
2025-11-12 17:56:58 - 8_0.4_1 - INFO - user class dict total [45, 34, 11, 56, 84, 13, 41, 30, 24, 85]
2025-11-12 17:56:58 - 8_0.4_1 - INFO - idx: 4, output_dict_len: 221
2025-11-12 17:56:58 - 8_0.4_1 - INFO - user class dict total [51, 75, 37, 6, 53, 94, 95, 39, 47, 98]
2025-11-12 17:56:58 - 8_0.4_1 - INFO - idx: 5, output_dict_len: 157
2025-11-12 17:56:58 - 8_0.4_1 - INFO - user class dict total [36, 7, 50, 3, 63, 59, 9, 77, 64, 92]
2025-11-12 17:56:58 - 8_0.4_1 - INFO - idx: 6, output_dict_len: 171
2025-11-12 17:56:58 - 8_0.4_1 - INFO - user class dict total [86, 97, 61, 19, 25, 4, 16, 8, 46, 26]
2025-11-12 17:56:58 - 8_0.4_1 - INFO - idx: 7, output_dict_len: 404
2025-11-12 17:56:58 - 8_0.4_1 - INFO - user class dict total [2, 88, 29, 22, 87, 67, 68, 38, 83, 15]
2025-11-12 17:56:58 - 8_0.4_1 - INFO - idx: 8, output_dict_len: 415
2025-11-12 17:56:58 - 8_0.4_1 - INFO - user class dict total [12, 81, 43, 73, 78, 40, 99, 57, 89, 49]
2025-11-12 17:56:58 - 8_0.4_1 - INFO - idx: 9, output_dict_len: 206
2025-11-12 17:56:58 - 8_0.4_1 - INFO - Loading CLIP (backbone: ViT-B/16)
2025-11-12 17:57:01 - 8_0.4_1 - INFO - Building custom CLIP
2025-11-12 17:57:01 - 8_0.4_1 - INFO - Turning off gradients in both the image and the text encoder
2025-11-12 17:57:17 - 8_0.4_1 - INFO - [Epoch 1/30] 训练耗时: 15.38s | 平均训练准确率: 52.86
2025-11-12 17:57:30 - 8_0.4_1 - INFO - [Epoch 2/30] 训练耗时: 13.35s | 平均训练准确率: 64.69
2025-11-12 17:57:43 - 8_0.4_1 - INFO - [Epoch 3/30] 训练耗时: 13.23s | 平均训练准确率: 70.98
2025-11-12 17:57:56 - 8_0.4_1 - INFO - [Epoch 4/30] 训练耗时: 12.89s | 平均训练准确率: 73.48
2025-11-12 17:58:09 - 8_0.4_1 - INFO - [Epoch 5/30] 训练耗时: 12.51s | 平均训练准确率: 75.85
2025-11-12 17:58:21 - 8_0.4_1 - INFO - [Epoch 6/30] 训练耗时: 12.82s | 平均训练准确率: 73.39
2025-11-12 17:58:34 - 8_0.4_1 - INFO - [Epoch 7/30] 训练耗时: 13.06s | 平均训练准确率: 72.77
2025-11-12 17:58:47 - 8_0.4_1 - INFO - [Epoch 8/30] 训练耗时: 13.01s | 平均训练准确率: 73.48
2025-11-12 17:59:00 - 8_0.4_1 - INFO - [Epoch 9/30] 训练耗时: 12.97s | 平均训练准确率: 73.88
2025-11-12 17:59:13 - 8_0.4_1 - INFO - [Epoch 10/30] 训练耗时: 12.46s | 平均训练准确率: 74.11
2025-11-12 17:59:26 - 8_0.4_1 - INFO - [Epoch 11/30] 训练耗时: 12.72s | 平均训练准确率: 74.55
2025-11-12 17:59:38 - 8_0.4_1 - INFO - [Epoch 12/30] 训练耗时: 12.34s | 平均训练准确率: 75.58
2025-11-12 17:59:50 - 8_0.4_1 - INFO - [Epoch 13/30] 训练耗时: 12.38s | 平均训练准确率: 75.58
2025-11-12 18:00:03 - 8_0.4_1 - INFO - [Epoch 14/30] 训练耗时: 12.68s | 平均训练准确率: 74.38
2025-11-12 18:00:16 - 8_0.4_1 - INFO - [Epoch 15/30] 训练耗时: 12.90s | 平均训练准确率: 77.28
2025-11-12 18:00:29 - 8_0.4_1 - INFO - [Epoch 16/30] 训练耗时: 13.05s | 平均训练准确率: 76.12
2025-11-12 18:00:42 - 8_0.4_1 - INFO - [Epoch 17/30] 训练耗时: 13.07s | 平均训练准确率: 74.91
2025-11-12 18:00:55 - 8_0.4_1 - INFO - [Epoch 18/30] 训练耗时: 12.50s | 平均训练准确率: 76.96
2025-11-12 18:01:07 - 8_0.4_1 - INFO - [Epoch 19/30] 训练耗时: 12.81s | 平均训练准确率: 75.94
2025-11-12 18:01:20 - 8_0.4_1 - INFO - [Epoch 20/30] 训练耗时: 12.94s | 平均训练准确率: 74.96
2025-11-12 18:01:33 - 8_0.4_1 - INFO - [Epoch 21/30] 训练耗时: 12.76s | 平均训练准确率: 75.09
2025-11-12 18:01:46 - 8_0.4_1 - INFO - [Epoch 22/30] 训练耗时: 12.64s | 平均训练准确率: 73.35
2025-11-12 18:01:58 - 8_0.4_1 - INFO - [Epoch 23/30] 训练耗时: 12.74s | 平均训练准确率: 74.73
2025-11-12 18:02:11 - 8_0.4_1 - INFO - [Epoch 24/30] 训练耗时: 12.84s | 平均训练准确率: 74.51
2025-11-12 18:02:24 - 8_0.4_1 - INFO - [Epoch 25/30] 训练耗时: 12.88s | 平均训练准确率: 75.54
2025-11-12 18:02:37 - 8_0.4_1 - INFO - [Epoch 26/30] 训练耗时: 12.80s | 平均训练准确率: 75.13
2025-11-12 18:02:50 - 8_0.4_1 - INFO - [Epoch 27/30] 训练耗时: 12.89s | 平均训练准确率: 77.32
2025-11-12 18:03:03 - 8_0.4_1 - INFO - [Epoch 28/30] 训练耗时: 13.29s | 平均训练准确率: 78.30
2025-11-12 18:03:03 - 8_0.4_1 - INFO - ------------local test start-------------
2025-11-12 18:03:03 - 8_0.4_1 - INFO - Evaluate on the client0 local set
2025-11-12 18:03:06 - 8_0.4_1 - INFO - => result | total 399 | correct 303 | acc 75.94% | err 24.06% | macro_f1 85.13%
2025-11-12 18:03:06 - 8_0.4_1 - INFO - Evaluate on the client0 neighbor set
2025-11-12 18:03:16 - 8_0.4_1 - INFO - => result | total 2,066 | correct 1,906 | acc 92.26% | err 7.74% | macro_f1 87.50%
2025-11-12 18:03:16 - 8_0.4_1 - INFO - Evaluate on the client1 local set
2025-11-12 18:03:17 - 8_0.4_1 - INFO - => result | total 176 | correct 166 | acc 94.32% | err 5.68% | macro_f1 95.35%
2025-11-12 18:03:17 - 8_0.4_1 - INFO - Evaluate on the client1 neighbor set
2025-11-12 18:03:29 - 8_0.4_1 - INFO - => result | total 2,289 | correct 2,038 | acc 89.03% | err 10.97% | macro_f1 84.82%
2025-11-12 18:03:29 - 8_0.4_1 - INFO - Evaluate on the client2 local set
2025-11-12 18:03:29 - 8_0.4_1 - INFO - => result | total 154 | correct 110 | acc 71.43% | err 28.57% | macro_f1 72.69%
2025-11-12 18:03:29 - 8_0.4_1 - INFO - Evaluate on the client2 neighbor set
2025-11-12 18:03:41 - 8_0.4_1 - INFO - => result | total 2,311 | correct 2,089 | acc 90.39% | err 9.61% | macro_f1 87.92%
2025-11-12 18:03:41 - 8_0.4_1 - INFO - Evaluate on the client3 local set
2025-11-12 18:03:41 - 8_0.4_1 - INFO - => result | total 162 | correct 139 | acc 85.80% | err 14.20% | macro_f1 85.57%
2025-11-12 18:03:41 - 8_0.4_1 - INFO - Evaluate on the client3 neighbor set
2025-11-12 18:03:53 - 8_0.4_1 - INFO - => result | total 2,303 | correct 2,059 | acc 89.41% | err 10.59% | macro_f1 86.04%
2025-11-12 18:03:53 - 8_0.4_1 - INFO - Evaluate on the client4 local set
2025-11-12 18:03:54 - 8_0.4_1 - INFO - => result | total 221 | correct 199 | acc 90.05% | err 9.95% | macro_f1 87.19%
2025-11-12 18:03:54 - 8_0.4_1 - INFO - Evaluate on the client4 neighbor set
2025-11-12 18:04:05 - 8_0.4_1 - INFO - => result | total 2,244 | correct 1,992 | acc 88.77% | err 11.23% | macro_f1 85.22%
2025-11-12 18:04:05 - 8_0.4_1 - INFO - Evaluate on the client5 local set
2025-11-12 18:04:06 - 8_0.4_1 - INFO - => result | total 157 | correct 147 | acc 93.63% | err 6.37% | macro_f1 96.23%
2025-11-12 18:04:06 - 8_0.4_1 - INFO - Evaluate on the client5 neighbor set
2025-11-12 18:04:17 - 8_0.4_1 - INFO - => result | total 2,308 | correct 2,042 | acc 88.47% | err 11.53% | macro_f1 84.69%
2025-11-12 18:04:17 - 8_0.4_1 - INFO - Evaluate on the client6 local set
2025-11-12 18:04:18 - 8_0.4_1 - INFO - => result | total 171 | correct 153 | acc 89.47% | err 10.53% | macro_f1 93.43%
2025-11-12 18:04:18 - 8_0.4_1 - INFO - Evaluate on the client6 neighbor set
2025-11-12 18:04:30 - 8_0.4_1 - INFO - => result | total 2,294 | correct 2,031 | acc 88.54% | err 11.46% | macro_f1 84.32%
2025-11-12 18:04:30 - 8_0.4_1 - INFO - Evaluate on the client7 local set
2025-11-12 18:04:32 - 8_0.4_1 - INFO - => result | total 404 | correct 378 | acc 93.56% | err 6.44% | macro_f1 90.84%
2025-11-12 18:04:32 - 8_0.4_1 - INFO - Evaluate on the client7 neighbor set
2025-11-12 18:04:42 - 8_0.4_1 - INFO - => result | total 2,061 | correct 1,804 | acc 87.53% | err 12.47% | macro_f1 84.59%
2025-11-12 18:04:42 - 8_0.4_1 - INFO - Evaluate on the client8 local set
2025-11-12 18:04:44 - 8_0.4_1 - INFO - => result | total 415 | correct 405 | acc 97.59% | err 2.41% | macro_f1 96.03%
2025-11-12 18:04:44 - 8_0.4_1 - INFO - Evaluate on the client8 neighbor set
2025-11-12 18:04:54 - 8_0.4_1 - INFO - => result | total 2,050 | correct 1,773 | acc 86.49% | err 13.51% | macro_f1 83.39%
2025-11-12 18:04:54 - 8_0.4_1 - INFO - Evaluate on the client9 local set
2025-11-12 18:04:55 - 8_0.4_1 - INFO - => result | total 206 | correct 201 | acc 97.57% | err 2.43% | macro_f1 98.05%
2025-11-12 18:04:55 - 8_0.4_1 - INFO - Evaluate on the client9 neighbor set
2025-11-12 18:05:06 - 8_0.4_1 - INFO - => result | total 2,259 | correct 1,975 | acc 87.43% | err 12.57% | macro_f1 84.71%
2025-11-12 18:05:06 - 8_0.4_1 - INFO - Global test local acc: 88.94
2025-11-12 18:05:06 - 8_0.4_1 - INFO - Global test neighbor acc: 88.83
2025-11-12 18:05:06 - 8_0.4_1 - INFO - ------------local test finish-------------
2025-11-12 18:05:06 - 8_0.4_1 - INFO - [Epoch 28/30] 测试耗时: 123.30s
2025-11-12 18:05:20 - 8_0.4_1 - INFO - [Epoch 29/30] 训练耗时: 13.18s | 平均训练准确率: 79.60
2025-11-12 18:05:20 - 8_0.4_1 - INFO - ------------local test start-------------
2025-11-12 18:05:20 - 8_0.4_1 - INFO - Evaluate on the client0 local set
2025-11-12 18:05:22 - 8_0.4_1 - INFO - => result | total 399 | correct 316 | acc 79.20% | err 20.80% | macro_f1 84.66%
2025-11-12 18:05:22 - 8_0.4_1 - INFO - Evaluate on the client0 neighbor set
2025-11-12 18:05:32 - 8_0.4_1 - INFO - => result | total 2,066 | correct 1,923 | acc 93.08% | err 6.92% | macro_f1 89.09%
2025-11-12 18:05:32 - 8_0.4_1 - INFO - Evaluate on the client1 local set
2025-11-12 18:05:33 - 8_0.4_1 - INFO - => result | total 176 | correct 166 | acc 94.32% | err 5.68% | macro_f1 95.35%
2025-11-12 18:05:33 - 8_0.4_1 - INFO - Evaluate on the client1 neighbor set
2025-11-12 18:05:45 - 8_0.4_1 - INFO - => result | total 2,289 | correct 2,072 | acc 90.52% | err 9.48% | macro_f1 86.78%
2025-11-12 18:05:45 - 8_0.4_1 - INFO - Evaluate on the client2 local set
2025-11-12 18:05:45 - 8_0.4_1 - INFO - => result | total 154 | correct 121 | acc 78.57% | err 21.43% | macro_f1 82.20%
2025-11-12 18:05:45 - 8_0.4_1 - INFO - Evaluate on the client2 neighbor set
2025-11-12 18:05:58 - 8_0.4_1 - INFO - => result | total 2,311 | correct 2,114 | acc 91.48% | err 8.52% | macro_f1 88.60%
2025-11-12 18:05:58 - 8_0.4_1 - INFO - Evaluate on the client3 local set
2025-11-12 18:06:00 - 8_0.4_1 - INFO - => result | total 162 | correct 142 | acc 87.65% | err 12.35% | macro_f1 87.14%
2025-11-12 18:06:00 - 8_0.4_1 - INFO - Evaluate on the client3 neighbor set
2025-11-12 18:06:17 - 8_0.4_1 - INFO - => result | total 2,303 | correct 2,091 | acc 90.79% | err 9.21% | macro_f1 87.89%
2025-11-12 18:06:17 - 8_0.4_1 - INFO - Evaluate on the client4 local set
2025-11-12 18:06:18 - 8_0.4_1 - INFO - => result | total 221 | correct 199 | acc 90.05% | err 9.95% | macro_f1 87.19%
2025-11-12 18:06:18 - 8_0.4_1 - INFO - Evaluate on the client4 neighbor set
2025-11-12 18:06:35 - 8_0.4_1 - INFO - => result | total 2,244 | correct 2,029 | acc 90.42% | err 9.58% | macro_f1 87.04%
2025-11-12 18:06:35 - 8_0.4_1 - INFO - Evaluate on the client5 local set
2025-11-12 18:06:36 - 8_0.4_1 - INFO - => result | total 157 | correct 147 | acc 93.63% | err 6.37% | macro_f1 96.07%
2025-11-12 18:06:36 - 8_0.4_1 - INFO - Evaluate on the client5 neighbor set
2025-11-12 18:06:55 - 8_0.4_1 - INFO - => result | total 2,308 | correct 2,080 | acc 90.12% | err 9.88% | macro_f1 86.51%
2025-11-12 18:06:55 - 8_0.4_1 - INFO - Evaluate on the client6 local set
2025-11-12 18:06:56 - 8_0.4_1 - INFO - => result | total 171 | correct 154 | acc 90.06% | err 9.94% | macro_f1 93.96%
2025-11-12 18:06:56 - 8_0.4_1 - INFO - Evaluate on the client6 neighbor set
2025-11-12 18:07:12 - 8_0.4_1 - INFO - => result | total 2,294 | correct 2,073 | acc 90.37% | err 9.63% | macro_f1 86.32%
2025-11-12 18:07:12 - 8_0.4_1 - INFO - Evaluate on the client7 local set
2025-11-12 18:07:15 - 8_0.4_1 - INFO - => result | total 404 | correct 379 | acc 93.81% | err 6.19% | macro_f1 90.54%
2025-11-12 18:07:15 - 8_0.4_1 - INFO - Evaluate on the client7 neighbor set
2025-11-12 18:07:27 - 8_0.4_1 - INFO - => result | total 2,061 | correct 1,850 | acc 89.76% | err 10.24% | macro_f1 86.93%
2025-11-12 18:07:27 - 8_0.4_1 - INFO - Evaluate on the client8 local set
2025-11-12 18:07:30 - 8_0.4_1 - INFO - => result | total 415 | correct 407 | acc 98.07% | err 1.93% | macro_f1 96.76%
2025-11-12 18:07:30 - 8_0.4_1 - INFO - Evaluate on the client8 neighbor set
2025-11-12 18:07:44 - 8_0.4_1 - INFO - => result | total 2,050 | correct 1,819 | acc 88.73% | err 11.27% | macro_f1 85.48%
2025-11-12 18:07:44 - 8_0.4_1 - INFO - Evaluate on the client9 local set
2025-11-12 18:07:45 - 8_0.4_1 - INFO - => result | total 206 | correct 201 | acc 97.57% | err 2.43% | macro_f1 98.39%
2025-11-12 18:07:45 - 8_0.4_1 - INFO - Evaluate on the client9 neighbor set
2025-11-12 18:07:59 - 8_0.4_1 - INFO - => result | total 2,259 | correct 2,025 | acc 89.64% | err 10.36% | macro_f1 86.67%
2025-11-12 18:07:59 - 8_0.4_1 - INFO - Global test local acc: 90.29
2025-11-12 18:07:59 - 8_0.4_1 - INFO - Global test neighbor acc: 90.49
2025-11-12 18:07:59 - 8_0.4_1 - INFO - ------------local test finish-------------
2025-11-12 18:07:59 - 8_0.4_1 - INFO - [Epoch 29/30] 测试耗时: 159.79s
2025-11-12 18:08:14 - 8_0.4_1 - INFO - [Epoch 30/30] 训练耗时: 14.98s | 平均训练准确率: 80.27
2025-11-12 18:08:14 - 8_0.4_1 - INFO - ------------local test start-------------
2025-11-12 18:08:14 - 8_0.4_1 - INFO - Evaluate on the client0 local set
2025-11-12 18:08:17 - 8_0.4_1 - INFO - => result | total 399 | correct 335 | acc 83.96% | err 16.04% | macro_f1 86.92%
2025-11-12 18:08:17 - 8_0.4_1 - INFO - Evaluate on the client0 neighbor set
2025-11-12 18:08:29 - 8_0.4_1 - INFO - => result | total 2,066 | correct 1,923 | acc 93.08% | err 6.92% | macro_f1 89.49%
2025-11-12 18:08:29 - 8_0.4_1 - INFO - Evaluate on the client1 local set
2025-11-12 18:08:30 - 8_0.4_1 - INFO - => result | total 176 | correct 166 | acc 94.32% | err 5.68% | macro_f1 94.79%
2025-11-12 18:08:30 - 8_0.4_1 - INFO - Evaluate on the client1 neighbor set
2025-11-12 18:08:45 - 8_0.4_1 - INFO - => result | total 2,289 | correct 2,093 | acc 91.44% | err 8.56% | macro_f1 87.54%
2025-11-12 18:08:45 - 8_0.4_1 - INFO - Evaluate on the client2 local set
2025-11-12 18:08:46 - 8_0.4_1 - INFO - => result | total 154 | correct 119 | acc 77.27% | err 22.73% | macro_f1 81.33%
2025-11-12 18:08:46 - 8_0.4_1 - INFO - Evaluate on the client2 neighbor set
2025-11-12 18:09:02 - 8_0.4_1 - INFO - => result | total 2,311 | correct 2,143 | acc 92.73% | err 7.27% | macro_f1 89.79%
2025-11-12 18:09:02 - 8_0.4_1 - INFO - Evaluate on the client3 local set
2025-11-12 18:09:03 - 8_0.4_1 - INFO - => result | total 162 | correct 140 | acc 86.42% | err 13.58% | macro_f1 87.78%
2025-11-12 18:09:03 - 8_0.4_1 - INFO - Evaluate on the client3 neighbor set
2025-11-12 18:09:19 - 8_0.4_1 - INFO - => result | total 2,303 | correct 2,124 | acc 92.23% | err 7.77% | macro_f1 89.43%
2025-11-12 18:09:19 - 8_0.4_1 - INFO - Evaluate on the client4 local set
2025-11-12 18:09:20 - 8_0.4_1 - INFO - => result | total 221 | correct 201 | acc 90.95% | err 9.05% | macro_f1 87.69%
2025-11-12 18:09:20 - 8_0.4_1 - INFO - Evaluate on the client4 neighbor set
2025-11-12 18:09:36 - 8_0.4_1 - INFO - => result | total 2,244 | correct 2,063 | acc 91.93% | err 8.07% | macro_f1 88.82%
2025-11-12 18:09:36 - 8_0.4_1 - INFO - Evaluate on the client5 local set
2025-11-12 18:09:37 - 8_0.4_1 - INFO - => result | total 157 | correct 144 | acc 91.72% | err 8.28% | macro_f1 94.55%
2025-11-12 18:09:37 - 8_0.4_1 - INFO - Evaluate on the client5 neighbor set
2025-11-12 18:09:54 - 8_0.4_1 - INFO - => result | total 2,308 | correct 2,121 | acc 91.90% | err 8.10% | macro_f1 88.29%
2025-11-12 18:09:54 - 8_0.4_1 - INFO - Evaluate on the client6 local set
2025-11-12 18:09:56 - 8_0.4_1 - INFO - => result | total 171 | correct 163 | acc 95.32% | err 4.68% | macro_f1 97.23%
2025-11-12 18:09:56 - 8_0.4_1 - INFO - Evaluate on the client6 neighbor set
2025-11-12 18:10:13 - 8_0.4_1 - INFO - => result | total 2,294 | correct 2,100 | acc 91.54% | err 8.46% | macro_f1 87.32%
2025-11-12 18:10:13 - 8_0.4_1 - INFO - Evaluate on the client7 local set
2025-11-12 18:10:15 - 8_0.4_1 - INFO - => result | total 404 | correct 380 | acc 94.06% | err 5.94% | macro_f1 91.55%
2025-11-12 18:10:15 - 8_0.4_1 - INFO - Evaluate on the client7 neighbor set
2025-11-12 18:10:30 - 8_0.4_1 - INFO - => result | total 2,061 | correct 1,881 | acc 91.27% | err 8.73% | macro_f1 88.04%
2025-11-12 18:10:30 - 8_0.4_1 - INFO - Evaluate on the client8 local set
2025-11-12 18:10:33 - 8_0.4_1 - INFO - => result | total 415 | correct 408 | acc 98.31% | err 1.69% | macro_f1 96.99%
2025-11-12 18:10:33 - 8_0.4_1 - INFO - Evaluate on the client8 neighbor set
2025-11-12 18:10:48 - 8_0.4_1 - INFO - => result | total 2,050 | correct 1,854 | acc 90.44% | err 9.56% | macro_f1 86.96%
2025-11-12 18:10:48 - 8_0.4_1 - INFO - Evaluate on the client9 local set
2025-11-12 18:10:50 - 8_0.4_1 - INFO - => result | total 206 | correct 201 | acc 97.57% | err 2.43% | macro_f1 98.22%
2025-11-12 18:10:50 - 8_0.4_1 - INFO - Evaluate on the client9 neighbor set
2025-11-12 18:11:07 - 8_0.4_1 - INFO - => result | total 2,259 | correct 2,061 | acc 91.24% | err 8.76% | macro_f1 88.05%
2025-11-12 18:11:07 - 8_0.4_1 - INFO - Global test local acc: 90.99
2025-11-12 18:11:07 - 8_0.4_1 - INFO - Global test neighbor acc: 91.78
2025-11-12 18:11:07 - 8_0.4_1 - INFO - ------------local test finish-------------
2025-11-12 18:11:07 - 8_0.4_1 - INFO - [Epoch 30/30] 测试耗时: 172.92s
2025-11-12 18:11:07 - 8_0.4_1 - INFO - maximum test local acc: 90.991
2025-11-12 18:11:07 - 8_0.4_1 - INFO - mean of local acc: 90.074
2025-11-12 18:11:07 - 8_0.4_1 - INFO - maximum test neighbor acc: 91.779
2025-11-12 18:11:07 - 8_0.4_1 - INFO - mean of neighbor acc: 90.367
