2025-11-12 19:36:51 - 8_0.2_1 - INFO - 日志文件已创建: logs/caltech-101/fedotp/8_0.2_1_20251112_193651.log
2025-11-12 19:36:51 - 8_0.2_1 - INFO - Loading trainer: DP_FPL
2025-11-12 19:36:51 - 8_0.2_1 - INFO - Loading dataset: Caltech101
2025-11-12 19:36:51 - 8_0.2_1 - INFO - Reading split from /home/liuxin25/dataset/caltech-101/split_zhou_Caltech101.json
2025-11-12 19:36:51 - 8_0.2_1 - INFO - Creating a baseline federated dataset
2025-11-12 19:36:51 - 8_0.2_1 - INFO - class_num 100
2025-11-12 19:36:51 - 8_0.2_1 - INFO - user class dict total [20, 79, 93, 54, 52, 65, 0, 1, 48, 74]
2025-11-12 19:36:51 - 8_0.2_1 - INFO - idx: 0, output_dict_len: 673
2025-11-12 19:36:51 - 8_0.2_1 - INFO - user class dict total [44, 82, 35, 69, 91, 42, 33, 14, 5, 62]
2025-11-12 19:36:51 - 8_0.2_1 - INFO - idx: 1, output_dict_len: 296
2025-11-12 19:36:51 - 8_0.2_1 - INFO - user class dict total [32, 55, 96, 10, 21, 31, 90, 27, 28, 76]
2025-11-12 19:36:51 - 8_0.2_1 - INFO - idx: 2, output_dict_len: 251
2025-11-12 19:36:51 - 8_0.2_1 - INFO - user class dict total [80, 71, 66, 58, 23, 70, 60, 72, 17, 18]
2025-11-12 19:36:51 - 8_0.2_1 - INFO - idx: 3, output_dict_len: 275
2025-11-12 19:36:51 - 8_0.2_1 - INFO - user class dict total [45, 34, 11, 56, 84, 13, 41, 30, 24, 85]
2025-11-12 19:36:51 - 8_0.2_1 - INFO - idx: 4, output_dict_len: 369
2025-11-12 19:36:51 - 8_0.2_1 - INFO - user class dict total [51, 75, 37, 6, 53, 94, 95, 39, 47, 98]
2025-11-12 19:36:51 - 8_0.2_1 - INFO - idx: 5, output_dict_len: 265
2025-11-12 19:36:51 - 8_0.2_1 - INFO - user class dict total [36, 7, 50, 3, 63, 59, 9, 77, 64, 92]
2025-11-12 19:36:51 - 8_0.2_1 - INFO - idx: 6, output_dict_len: 286
2025-11-12 19:36:51 - 8_0.2_1 - INFO - user class dict total [86, 97, 61, 19, 25, 4, 16, 8, 46, 26]
2025-11-12 19:36:51 - 8_0.2_1 - INFO - idx: 7, output_dict_len: 675
2025-11-12 19:36:51 - 8_0.2_1 - INFO - user class dict total [2, 88, 29, 22, 87, 67, 68, 38, 83, 15]
2025-11-12 19:36:51 - 8_0.2_1 - INFO - idx: 8, output_dict_len: 695
2025-11-12 19:36:51 - 8_0.2_1 - INFO - user class dict total [12, 81, 43, 73, 78, 40, 99, 57, 89, 49]
2025-11-12 19:36:51 - 8_0.2_1 - INFO - idx: 9, output_dict_len: 343
2025-11-12 19:36:51 - 8_0.2_1 - INFO - Creating a baseline federated dataset
2025-11-12 19:36:51 - 8_0.2_1 - INFO - class_num 100
2025-11-12 19:36:51 - 8_0.2_1 - INFO - user class dict total [20, 79, 93, 54, 52, 65, 0, 1, 48, 74]
2025-11-12 19:36:51 - 8_0.2_1 - INFO - idx: 0, output_dict_len: 399
2025-11-12 19:36:51 - 8_0.2_1 - INFO - user class dict total [44, 82, 35, 69, 91, 42, 33, 14, 5, 62]
2025-11-12 19:36:51 - 8_0.2_1 - INFO - idx: 1, output_dict_len: 176
2025-11-12 19:36:51 - 8_0.2_1 - INFO - user class dict total [32, 55, 96, 10, 21, 31, 90, 27, 28, 76]
2025-11-12 19:36:51 - 8_0.2_1 - INFO - idx: 2, output_dict_len: 154
2025-11-12 19:36:51 - 8_0.2_1 - INFO - user class dict total [80, 71, 66, 58, 23, 70, 60, 72, 17, 18]
2025-11-12 19:36:51 - 8_0.2_1 - INFO - idx: 3, output_dict_len: 162
2025-11-12 19:36:51 - 8_0.2_1 - INFO - user class dict total [45, 34, 11, 56, 84, 13, 41, 30, 24, 85]
2025-11-12 19:36:51 - 8_0.2_1 - INFO - idx: 4, output_dict_len: 221
2025-11-12 19:36:51 - 8_0.2_1 - INFO - user class dict total [51, 75, 37, 6, 53, 94, 95, 39, 47, 98]
2025-11-12 19:36:51 - 8_0.2_1 - INFO - idx: 5, output_dict_len: 157
2025-11-12 19:36:51 - 8_0.2_1 - INFO - user class dict total [36, 7, 50, 3, 63, 59, 9, 77, 64, 92]
2025-11-12 19:36:51 - 8_0.2_1 - INFO - idx: 6, output_dict_len: 171
2025-11-12 19:36:51 - 8_0.2_1 - INFO - user class dict total [86, 97, 61, 19, 25, 4, 16, 8, 46, 26]
2025-11-12 19:36:51 - 8_0.2_1 - INFO - idx: 7, output_dict_len: 404
2025-11-12 19:36:51 - 8_0.2_1 - INFO - user class dict total [2, 88, 29, 22, 87, 67, 68, 38, 83, 15]
2025-11-12 19:36:51 - 8_0.2_1 - INFO - idx: 8, output_dict_len: 415
2025-11-12 19:36:51 - 8_0.2_1 - INFO - user class dict total [12, 81, 43, 73, 78, 40, 99, 57, 89, 49]
2025-11-12 19:36:51 - 8_0.2_1 - INFO - idx: 9, output_dict_len: 206
2025-11-12 19:36:51 - 8_0.2_1 - INFO - Loading CLIP (backbone: ViT-B/16)
2025-11-12 19:36:54 - 8_0.2_1 - INFO - Building custom CLIP
2025-11-12 19:36:54 - 8_0.2_1 - INFO - Turning off gradients in both the image and the text encoder
2025-11-12 19:37:15 - 8_0.2_1 - INFO - [Epoch 1/30] 训练耗时: 21.09s | 平均训练准确率: 52.99
2025-11-12 19:37:35 - 8_0.2_1 - INFO - [Epoch 2/30] 训练耗时: 19.51s | 平均训练准确率: 64.64
2025-11-12 19:37:55 - 8_0.2_1 - INFO - [Epoch 3/30] 训练耗时: 20.61s | 平均训练准确率: 69.82
2025-11-12 19:38:15 - 8_0.2_1 - INFO - [Epoch 4/30] 训练耗时: 19.73s | 平均训练准确率: 73.12
2025-11-12 19:38:35 - 8_0.2_1 - INFO - [Epoch 5/30] 训练耗时: 20.07s | 平均训练准确率: 73.71
2025-11-12 19:38:55 - 8_0.2_1 - INFO - [Epoch 6/30] 训练耗时: 19.92s | 平均训练准确率: 74.15
2025-11-12 19:39:14 - 8_0.2_1 - INFO - [Epoch 7/30] 训练耗时: 19.58s | 平均训练准确率: 74.33
2025-11-12 19:39:34 - 8_0.2_1 - INFO - [Epoch 8/30] 训练耗时: 19.64s | 平均训练准确率: 72.59
2025-11-12 19:39:56 - 8_0.2_1 - INFO - [Epoch 9/30] 训练耗时: 21.59s | 平均训练准确率: 73.71
2025-11-12 19:40:15 - 8_0.2_1 - INFO - [Epoch 10/30] 训练耗时: 19.72s | 平均训练准确率: 74.06
2025-11-12 19:40:35 - 8_0.2_1 - INFO - [Epoch 11/30] 训练耗时: 19.44s | 平均训练准确率: 76.34
2025-11-12 19:40:55 - 8_0.2_1 - INFO - [Epoch 12/30] 训练耗时: 20.21s | 平均训练准确率: 78.97
2025-11-12 19:41:15 - 8_0.2_1 - INFO - [Epoch 13/30] 训练耗时: 19.96s | 平均训练准确率: 79.55
2025-11-12 19:41:35 - 8_0.2_1 - INFO - [Epoch 14/30] 训练耗时: 19.80s | 平均训练准确率: 79.46
2025-11-12 19:41:55 - 8_0.2_1 - INFO - [Epoch 15/30] 训练耗时: 19.70s | 平均训练准确率: 79.38
2025-11-12 19:42:14 - 8_0.2_1 - INFO - [Epoch 16/30] 训练耗时: 19.54s | 平均训练准确率: 80.89
2025-11-12 19:42:34 - 8_0.2_1 - INFO - [Epoch 17/30] 训练耗时: 19.55s | 平均训练准确率: 77.99
2025-11-12 19:42:54 - 8_0.2_1 - INFO - [Epoch 18/30] 训练耗时: 20.21s | 平均训练准确率: 79.51
2025-11-12 19:43:14 - 8_0.2_1 - INFO - [Epoch 19/30] 训练耗时: 20.61s | 平均训练准确率: 78.57
2025-11-12 19:43:34 - 8_0.2_1 - INFO - [Epoch 20/30] 训练耗时: 19.99s | 平均训练准确率: 78.53
2025-11-12 19:43:54 - 8_0.2_1 - INFO - [Epoch 21/30] 训练耗时: 19.43s | 平均训练准确率: 78.44
2025-11-12 19:44:13 - 8_0.2_1 - INFO - [Epoch 22/30] 训练耗时: 19.57s | 平均训练准确率: 77.10
2025-11-12 19:44:33 - 8_0.2_1 - INFO - [Epoch 23/30] 训练耗时: 19.93s | 平均训练准确率: 77.68
2025-11-12 19:44:53 - 8_0.2_1 - INFO - [Epoch 24/30] 训练耗时: 19.88s | 平均训练准确率: 78.53
2025-11-12 19:45:13 - 8_0.2_1 - INFO - [Epoch 25/30] 训练耗时: 20.02s | 平均训练准确率: 79.29
2025-11-12 19:45:33 - 8_0.2_1 - INFO - [Epoch 26/30] 训练耗时: 19.92s | 平均训练准确率: 79.11
2025-11-12 19:45:53 - 8_0.2_1 - INFO - [Epoch 27/30] 训练耗时: 19.82s | 平均训练准确率: 78.04
2025-11-12 19:46:14 - 8_0.2_1 - INFO - [Epoch 28/30] 训练耗时: 21.30s | 平均训练准确率: 77.81
2025-11-12 19:46:14 - 8_0.2_1 - INFO - ------------local test start-------------
2025-11-12 19:46:14 - 8_0.2_1 - INFO - Evaluate on the client0 local set
2025-11-12 19:46:18 - 8_0.2_1 - INFO - => result | total 399 | correct 299 | acc 74.94% | err 25.06% | macro_f1 85.59%
2025-11-12 19:46:18 - 8_0.2_1 - INFO - Evaluate on the client0 neighbor set
2025-11-12 19:46:34 - 8_0.2_1 - INFO - => result | total 2,066 | correct 1,905 | acc 92.21% | err 7.79% | macro_f1 88.20%
2025-11-12 19:46:34 - 8_0.2_1 - INFO - Evaluate on the client1 local set
2025-11-12 19:46:35 - 8_0.2_1 - INFO - => result | total 176 | correct 168 | acc 95.45% | err 4.55% | macro_f1 95.82%
2025-11-12 19:46:35 - 8_0.2_1 - INFO - Evaluate on the client1 neighbor set
2025-11-12 19:46:53 - 8_0.2_1 - INFO - => result | total 2,289 | correct 2,035 | acc 88.90% | err 11.10% | macro_f1 85.64%
2025-11-12 19:46:53 - 8_0.2_1 - INFO - Evaluate on the client2 local set
2025-11-12 19:46:54 - 8_0.2_1 - INFO - => result | total 154 | correct 104 | acc 67.53% | err 32.47% | macro_f1 69.53%
2025-11-12 19:46:54 - 8_0.2_1 - INFO - Evaluate on the client2 neighbor set
2025-11-12 19:47:12 - 8_0.2_1 - INFO - => result | total 2,311 | correct 2,102 | acc 90.96% | err 9.04% | macro_f1 88.90%
2025-11-12 19:47:12 - 8_0.2_1 - INFO - Evaluate on the client3 local set
2025-11-12 19:47:13 - 8_0.2_1 - INFO - => result | total 162 | correct 141 | acc 87.04% | err 12.96% | macro_f1 88.17%
2025-11-12 19:47:13 - 8_0.2_1 - INFO - Evaluate on the client3 neighbor set
2025-11-12 19:47:33 - 8_0.2_1 - INFO - => result | total 2,303 | correct 2,065 | acc 89.67% | err 10.33% | macro_f1 86.92%
2025-11-12 19:47:33 - 8_0.2_1 - INFO - Evaluate on the client4 local set
2025-11-12 19:47:35 - 8_0.2_1 - INFO - => result | total 221 | correct 203 | acc 91.86% | err 8.14% | macro_f1 89.60%
2025-11-12 19:47:35 - 8_0.2_1 - INFO - Evaluate on the client4 neighbor set
2025-11-12 19:47:52 - 8_0.2_1 - INFO - => result | total 2,244 | correct 2,005 | acc 89.35% | err 10.65% | macro_f1 86.45%
2025-11-12 19:47:52 - 8_0.2_1 - INFO - Evaluate on the client5 local set
2025-11-12 19:47:53 - 8_0.2_1 - INFO - => result | total 157 | correct 149 | acc 94.90% | err 5.10% | macro_f1 97.01%
2025-11-12 19:47:53 - 8_0.2_1 - INFO - Evaluate on the client5 neighbor set
2025-11-12 19:48:11 - 8_0.2_1 - INFO - => result | total 2,308 | correct 2,059 | acc 89.21% | err 10.79% | macro_f1 86.29%
2025-11-12 19:48:11 - 8_0.2_1 - INFO - Evaluate on the client6 local set
2025-11-12 19:48:13 - 8_0.2_1 - INFO - => result | total 171 | correct 156 | acc 91.23% | err 8.77% | macro_f1 94.41%
2025-11-12 19:48:13 - 8_0.2_1 - INFO - Evaluate on the client6 neighbor set
2025-11-12 19:48:31 - 8_0.2_1 - INFO - => result | total 2,294 | correct 2,052 | acc 89.45% | err 10.55% | macro_f1 85.81%
2025-11-12 19:48:31 - 8_0.2_1 - INFO - Evaluate on the client7 local set
2025-11-12 19:48:34 - 8_0.2_1 - INFO - => result | total 404 | correct 376 | acc 93.07% | err 6.93% | macro_f1 93.10%
2025-11-12 19:48:34 - 8_0.2_1 - INFO - Evaluate on the client7 neighbor set
2025-11-12 19:48:50 - 8_0.2_1 - INFO - => result | total 2,061 | correct 1,833 | acc 88.94% | err 11.06% | macro_f1 86.17%
2025-11-12 19:48:50 - 8_0.2_1 - INFO - Evaluate on the client8 local set
2025-11-12 19:48:53 - 8_0.2_1 - INFO - => result | total 415 | correct 412 | acc 99.28% | err 0.72% | macro_f1 98.91%
2025-11-12 19:48:53 - 8_0.2_1 - INFO - Evaluate on the client8 neighbor set
2025-11-12 19:49:09 - 8_0.2_1 - INFO - => result | total 2,050 | correct 1,795 | acc 87.56% | err 12.44% | macro_f1 84.75%
2025-11-12 19:49:09 - 8_0.2_1 - INFO - Evaluate on the client9 local set
2025-11-12 19:49:11 - 8_0.2_1 - INFO - => result | total 206 | correct 199 | acc 96.60% | err 3.40% | macro_f1 97.16%
2025-11-12 19:49:11 - 8_0.2_1 - INFO - Evaluate on the client9 neighbor set
2025-11-12 19:49:28 - 8_0.2_1 - INFO - => result | total 2,259 | correct 2,006 | acc 88.80% | err 11.20% | macro_f1 86.23%
2025-11-12 19:49:28 - 8_0.2_1 - INFO - Global test local acc: 89.19
2025-11-12 19:49:28 - 8_0.2_1 - INFO - Global test neighbor acc: 89.50
2025-11-12 19:49:28 - 8_0.2_1 - INFO - ------------local test finish-------------
2025-11-12 19:49:28 - 8_0.2_1 - INFO - [Epoch 28/30] 测试耗时: 193.70s
2025-11-12 19:49:47 - 8_0.2_1 - INFO - [Epoch 29/30] 训练耗时: 19.00s | 平均训练准确率: 80.31
2025-11-12 19:49:47 - 8_0.2_1 - INFO - ------------local test start-------------
2025-11-12 19:49:47 - 8_0.2_1 - INFO - Evaluate on the client0 local set
2025-11-12 19:49:50 - 8_0.2_1 - INFO - => result | total 399 | correct 290 | acc 72.68% | err 27.32% | macro_f1 84.72%
2025-11-12 19:49:50 - 8_0.2_1 - INFO - Evaluate on the client0 neighbor set
2025-11-12 19:50:06 - 8_0.2_1 - INFO - => result | total 2,066 | correct 1,907 | acc 92.30% | err 7.70% | macro_f1 87.99%
2025-11-12 19:50:06 - 8_0.2_1 - INFO - Evaluate on the client1 local set
2025-11-12 19:50:07 - 8_0.2_1 - INFO - => result | total 176 | correct 167 | acc 94.89% | err 5.11% | macro_f1 95.79%
2025-11-12 19:50:07 - 8_0.2_1 - INFO - Evaluate on the client1 neighbor set
2025-11-12 19:50:31 - 8_0.2_1 - INFO - => result | total 2,289 | correct 2,029 | acc 88.64% | err 11.36% | macro_f1 85.42%
2025-11-12 19:50:31 - 8_0.2_1 - INFO - Evaluate on the client2 local set
2025-11-12 19:50:32 - 8_0.2_1 - INFO - => result | total 154 | correct 106 | acc 68.83% | err 31.17% | macro_f1 70.30%
2025-11-12 19:50:32 - 8_0.2_1 - INFO - Evaluate on the client2 neighbor set
2025-11-12 19:50:53 - 8_0.2_1 - INFO - => result | total 2,311 | correct 2,084 | acc 90.18% | err 9.82% | macro_f1 87.76%
2025-11-12 19:50:53 - 8_0.2_1 - INFO - Evaluate on the client3 local set
2025-11-12 19:50:55 - 8_0.2_1 - INFO - => result | total 162 | correct 142 | acc 87.65% | err 12.35% | macro_f1 88.46%
2025-11-12 19:50:55 - 8_0.2_1 - INFO - Evaluate on the client3 neighbor set
2025-11-12 19:51:12 - 8_0.2_1 - INFO - => result | total 2,303 | correct 2,046 | acc 88.84% | err 11.16% | macro_f1 85.90%
2025-11-12 19:51:12 - 8_0.2_1 - INFO - Evaluate on the client4 local set
2025-11-12 19:51:14 - 8_0.2_1 - INFO - => result | total 221 | correct 201 | acc 90.95% | err 9.05% | macro_f1 87.88%
2025-11-12 19:51:14 - 8_0.2_1 - INFO - Evaluate on the client4 neighbor set
2025-11-12 19:51:30 - 8_0.2_1 - INFO - => result | total 2,244 | correct 1,983 | acc 88.37% | err 11.63% | macro_f1 85.18%
2025-11-12 19:51:30 - 8_0.2_1 - INFO - Evaluate on the client5 local set
2025-11-12 19:51:31 - 8_0.2_1 - INFO - => result | total 157 | correct 139 | acc 88.54% | err 11.46% | macro_f1 90.39%
2025-11-12 19:51:31 - 8_0.2_1 - INFO - Evaluate on the client5 neighbor set
2025-11-12 19:51:51 - 8_0.2_1 - INFO - => result | total 2,308 | correct 2,040 | acc 88.39% | err 11.61% | macro_f1 85.42%
2025-11-12 19:51:51 - 8_0.2_1 - INFO - Evaluate on the client6 local set
2025-11-12 19:51:53 - 8_0.2_1 - INFO - => result | total 171 | correct 161 | acc 94.15% | err 5.85% | macro_f1 95.95%
2025-11-12 19:51:53 - 8_0.2_1 - INFO - Evaluate on the client6 neighbor set
2025-11-12 19:52:10 - 8_0.2_1 - INFO - => result | total 2,294 | correct 2,019 | acc 88.01% | err 11.99% | macro_f1 84.04%
2025-11-12 19:52:10 - 8_0.2_1 - INFO - Evaluate on the client7 local set
2025-11-12 19:52:13 - 8_0.2_1 - INFO - => result | total 404 | correct 381 | acc 94.31% | err 5.69% | macro_f1 92.94%
2025-11-12 19:52:13 - 8_0.2_1 - INFO - Evaluate on the client7 neighbor set
2025-11-12 19:52:28 - 8_0.2_1 - INFO - => result | total 2,061 | correct 1,796 | acc 87.14% | err 12.86% | macro_f1 84.33%
2025-11-12 19:52:28 - 8_0.2_1 - INFO - Evaluate on the client8 local set
2025-11-12 19:52:31 - 8_0.2_1 - INFO - => result | total 415 | correct 410 | acc 98.80% | err 1.20% | macro_f1 98.01%
2025-11-12 19:52:31 - 8_0.2_1 - INFO - Evaluate on the client8 neighbor set
2025-11-12 19:52:46 - 8_0.2_1 - INFO - => result | total 2,050 | correct 1,765 | acc 86.10% | err 13.90% | macro_f1 82.88%
2025-11-12 19:52:46 - 8_0.2_1 - INFO - Evaluate on the client9 local set
2025-11-12 19:52:47 - 8_0.2_1 - INFO - => result | total 206 | correct 201 | acc 97.57% | err 2.43% | macro_f1 98.05%
2025-11-12 19:52:47 - 8_0.2_1 - INFO - Evaluate on the client9 neighbor set
2025-11-12 19:53:05 - 8_0.2_1 - INFO - => result | total 2,259 | correct 1,971 | acc 87.25% | err 12.75% | macro_f1 84.14%
2025-11-12 19:53:05 - 8_0.2_1 - INFO - Global test local acc: 88.84
2025-11-12 19:53:05 - 8_0.2_1 - INFO - Global test neighbor acc: 88.52
2025-11-12 19:53:05 - 8_0.2_1 - INFO - ------------local test finish-------------
2025-11-12 19:53:05 - 8_0.2_1 - INFO - [Epoch 29/30] 测试耗时: 197.65s
2025-11-12 19:53:24 - 8_0.2_1 - INFO - [Epoch 30/30] 训练耗时: 19.44s | 平均训练准确率: 77.77
2025-11-12 19:53:24 - 8_0.2_1 - INFO - ------------local test start-------------
2025-11-12 19:53:24 - 8_0.2_1 - INFO - Evaluate on the client0 local set
2025-11-12 19:53:27 - 8_0.2_1 - INFO - => result | total 399 | correct 288 | acc 72.18% | err 27.82% | macro_f1 84.57%
2025-11-12 19:53:27 - 8_0.2_1 - INFO - Evaluate on the client0 neighbor set
2025-11-12 19:53:43 - 8_0.2_1 - INFO - => result | total 2,066 | correct 1,915 | acc 92.69% | err 7.31% | macro_f1 89.27%
2025-11-12 19:53:43 - 8_0.2_1 - INFO - Evaluate on the client1 local set
2025-11-12 19:53:44 - 8_0.2_1 - INFO - => result | total 176 | correct 170 | acc 96.59% | err 3.41% | macro_f1 97.36%
2025-11-12 19:53:44 - 8_0.2_1 - INFO - Evaluate on the client1 neighbor set
2025-11-12 19:54:01 - 8_0.2_1 - INFO - => result | total 2,289 | correct 2,034 | acc 88.86% | err 11.14% | macro_f1 86.19%
2025-11-12 19:54:01 - 8_0.2_1 - INFO - Evaluate on the client2 local set
2025-11-12 19:54:02 - 8_0.2_1 - INFO - => result | total 154 | correct 109 | acc 70.78% | err 29.22% | macro_f1 73.41%
2025-11-12 19:54:02 - 8_0.2_1 - INFO - Evaluate on the client2 neighbor set
2025-11-12 19:54:19 - 8_0.2_1 - INFO - => result | total 2,311 | correct 2,097 | acc 90.74% | err 9.26% | macro_f1 88.63%
2025-11-12 19:54:19 - 8_0.2_1 - INFO - Evaluate on the client3 local set
2025-11-12 19:54:20 - 8_0.2_1 - INFO - => result | total 162 | correct 146 | acc 90.12% | err 9.88% | macro_f1 91.15%
2025-11-12 19:54:20 - 8_0.2_1 - INFO - Evaluate on the client3 neighbor set
2025-11-12 19:54:38 - 8_0.2_1 - INFO - => result | total 2,303 | correct 2,060 | acc 89.45% | err 10.55% | macro_f1 87.03%
2025-11-12 19:54:38 - 8_0.2_1 - INFO - Evaluate on the client4 local set
2025-11-12 19:54:40 - 8_0.2_1 - INFO - => result | total 221 | correct 204 | acc 92.31% | err 7.69% | macro_f1 89.63%
2025-11-12 19:54:40 - 8_0.2_1 - INFO - Evaluate on the client4 neighbor set
2025-11-12 19:54:57 - 8_0.2_1 - INFO - => result | total 2,244 | correct 2,001 | acc 89.17% | err 10.83% | macro_f1 86.78%
2025-11-12 19:54:57 - 8_0.2_1 - INFO - Evaluate on the client5 local set
2025-11-12 19:54:58 - 8_0.2_1 - INFO - => result | total 157 | correct 144 | acc 91.72% | err 8.28% | macro_f1 94.19%
2025-11-12 19:54:58 - 8_0.2_1 - INFO - Evaluate on the client5 neighbor set
2025-11-12 19:55:16 - 8_0.2_1 - INFO - => result | total 2,308 | correct 2,061 | acc 89.30% | err 10.70% | macro_f1 86.50%
2025-11-12 19:55:16 - 8_0.2_1 - INFO - Evaluate on the client6 local set
2025-11-12 19:55:17 - 8_0.2_1 - INFO - => result | total 171 | correct 160 | acc 93.57% | err 6.43% | macro_f1 95.95%
2025-11-12 19:55:17 - 8_0.2_1 - INFO - Evaluate on the client6 neighbor set
2025-11-12 19:55:34 - 8_0.2_1 - INFO - => result | total 2,294 | correct 2,046 | acc 89.19% | err 10.81% | macro_f1 85.85%
2025-11-12 19:55:34 - 8_0.2_1 - INFO - Evaluate on the client7 local set
2025-11-12 19:55:37 - 8_0.2_1 - INFO - => result | total 404 | correct 372 | acc 92.08% | err 7.92% | macro_f1 90.99%
2025-11-12 19:55:37 - 8_0.2_1 - INFO - Evaluate on the client7 neighbor set
2025-11-12 19:55:52 - 8_0.2_1 - INFO - => result | total 2,061 | correct 1,833 | acc 88.94% | err 11.06% | macro_f1 86.81%
2025-11-12 19:55:52 - 8_0.2_1 - INFO - Evaluate on the client8 local set
2025-11-12 19:55:55 - 8_0.2_1 - INFO - => result | total 415 | correct 406 | acc 97.83% | err 2.17% | macro_f1 96.69%
2025-11-12 19:55:55 - 8_0.2_1 - INFO - Evaluate on the client8 neighbor set
2025-11-12 19:56:10 - 8_0.2_1 - INFO - => result | total 2,050 | correct 1,799 | acc 87.76% | err 12.24% | macro_f1 85.25%
2025-11-12 19:56:10 - 8_0.2_1 - INFO - Evaluate on the client9 local set
2025-11-12 19:56:12 - 8_0.2_1 - INFO - => result | total 206 | correct 200 | acc 97.09% | err 2.91% | macro_f1 98.16%
2025-11-12 19:56:12 - 8_0.2_1 - INFO - Evaluate on the client9 neighbor set
2025-11-12 19:56:28 - 8_0.2_1 - INFO - => result | total 2,259 | correct 2,005 | acc 88.76% | err 11.24% | macro_f1 86.32%
2025-11-12 19:56:28 - 8_0.2_1 - INFO - Global test local acc: 89.43
2025-11-12 19:56:28 - 8_0.2_1 - INFO - Global test neighbor acc: 89.48
2025-11-12 19:56:28 - 8_0.2_1 - INFO - ------------local test finish-------------
2025-11-12 19:56:28 - 8_0.2_1 - INFO - [Epoch 30/30] 测试耗时: 184.14s
2025-11-12 19:56:28 - 8_0.2_1 - INFO - maximum test local acc: 89.427
2025-11-12 19:56:28 - 8_0.2_1 - INFO - mean of local acc: 89.151
2025-11-12 19:56:28 - 8_0.2_1 - INFO - maximum test neighbor acc: 89.504
2025-11-12 19:56:28 - 8_0.2_1 - INFO - mean of neighbor acc: 89.170
